START
config	700	180	700	960
batch	0	valid_loss	6309741.1875
batch	30	valid_loss	153942.974609
batch	60	valid_loss	102391.918945
batch	90	valid_loss	99706.4853516
batch	120	valid_loss	99561.46875
batch	150	valid_loss	99509.7910156
batch	180	valid_loss	99426.5
batch	210	valid_loss	99368.0029297
batch	240	valid_loss	99289.7890625
batch	270	valid_loss	99096.1455078
batch	300	valid_loss	98760.5048828
batch	330	valid_loss	98262.1904297
batch	360	valid_loss	97307.9941406
batch	390	valid_loss	95858.5810547
batch	420	valid_loss	93846.1381836
batch	450	valid_loss	92285.6904297
batch	480	valid_loss	91070.8251953
batch	510	valid_loss	90344.2861328
batch	540	valid_loss	89736.0493164
batch	570	valid_loss	89332.5522461
batch	600	valid_loss	88755.175293
batch	630	valid_loss	88168.7583008
batch	660	valid_loss	87545.1235352
batch	690	valid_loss	86817.2832031
batch	720	valid_loss	85979.5893555
batch	750	valid_loss	85077.0371094
batch	780	valid_loss	84090.2612305
batch	810	valid_loss	83027.8666992
batch	840	valid_loss	81940.621582
batch	870	valid_loss	80909.7407227
batch	900	valid_loss	79763.1049805
batch	930	valid_loss	78711.0239258
batch	960	valid_loss	77431.6474609
batch	990	valid_loss	76377.7290039
batch	1020	valid_loss	75192.453125
batch	1050	valid_loss	74060.5429688
batch	1080	valid_loss	72799.5693359
batch	1110	valid_loss	71676.9018555
batch	1140	valid_loss	70499.0063477
batch	1170	valid_loss	69367.2148438
batch	1200	valid_loss	68170.1582031
batch	1230	valid_loss	67069.5219727
batch	1260	valid_loss	65915.5830078
batch	1290	valid_loss	64923.7880859
batch	1320	valid_loss	63818.5493164
batch	1350	valid_loss	62742.6079102
batch	1380	valid_loss	61591.3618164
batch	1410	valid_loss	60563.9765625
batch	1440	valid_loss	59524.8637695
batch	1470	valid_loss	58339.5063477
batch	1500	valid_loss	57329.8876953
batch	1530	valid_loss	56352.9760742
batch	1560	valid_loss	55346.2524414
batch	1590	valid_loss	54465.3964844
batch	1620	valid_loss	53531.9658203
batch	1650	valid_loss	52646.5424805
batch	1680	valid_loss	51612.5634766
batch	1710	valid_loss	50816.1728516
batch	1740	valid_loss	49909.5478516
batch	1770	valid_loss	49109.6855469
batch	1800	valid_loss	48171.2099609
batch	1830	valid_loss	47486.8764648
batch	1860	valid_loss	46687.5498047
batch	1890	valid_loss	46034.3728027
batch	1920	valid_loss	45331.0109863
batch	1950	valid_loss	44631.9423828
batch	1980	valid_loss	44076.7817383
batch	2010	valid_loss	43327.8432617
batch	2040	valid_loss	42696.7919922
batch	2070	valid_loss	42084.2302246
batch	2100	valid_loss	41434.4492188
batch	2130	valid_loss	40835.5788574
batch	2160	valid_loss	40385.8679199
batch	2190	valid_loss	39874.0119629
batch	2220	valid_loss	39218.8916016
batch	2250	valid_loss	38682.2143555
batch	2280	valid_loss	38414.642334
batch	2310	valid_loss	37926.1970215
batch	2340	valid_loss	37285.5866699
batch	2370	valid_loss	36981.0041504
batch	2400	valid_loss	36462.0270996
batch	2430	valid_loss	36137.753418
batch	2460	valid_loss	35725.9243164
batch	2490	valid_loss	35338.1936035
batch	2520	valid_loss	34963.2851562
batch	2550	valid_loss	34679.1755371
batch	2580	valid_loss	34269.4887695
batch	2610	valid_loss	33881.1101074
batch	2640	valid_loss	33499.4829102
batch	2670	valid_loss	33151.8859863
batch	2700	valid_loss	32810.1726074
batch	2730	valid_loss	32452.4379883
batch	2760	valid_loss	32124.7495117
batch	2790	valid_loss	31996.0717773
batch	2820	valid_loss	31609.8227539
batch	2850	valid_loss	31252.6469727
batch	2880	valid_loss	31024.3215332
batch	2910	valid_loss	30681.6582031
batch	2940	valid_loss	30538.6459961
batch	2970	valid_loss	30177.9741211
batch	3000	valid_loss	29982.0900879
batch	3030	valid_loss	29743.0014648
batch	3060	valid_loss	29438.6618652
batch	3090	valid_loss	29223.9255371
batch	3120	valid_loss	29086.3869629
batch	3150	valid_loss	28881.4086914
batch	3180	valid_loss	28632.5822754
batch	3210	valid_loss	28407.1999512
batch	3240	valid_loss	28137.7319336
batch	3270	valid_loss	28325.6228027
batch	3300	valid_loss	27738.515625
batch	3330	valid_loss	27481.1940918
batch	3360	valid_loss	27413.2675781
batch	3390	valid_loss	27054.8937988
batch	3420	valid_loss	27041.3552246
batch	3450	valid_loss	26730.645752
batch	3480	valid_loss	26754.701416
batch	3510	valid_loss	26491.204834
batch	3540	valid_loss	26261.7160645
batch	3570	valid_loss	26155.9072266
batch	3600	valid_loss	26004.9135742
batch	3630	valid_loss	25743.7250977
batch	3660	valid_loss	25686.1357422
batch	3690	valid_loss	25554.6665039
batch	3720	valid_loss	25443.9985352
batch	3750	valid_loss	25281.5925293
batch	3780	valid_loss	25264.1525879
batch	3810	valid_loss	24986.2441406
batch	3840	valid_loss	24862.2016602
batch	3870	valid_loss	24954.1330566
batch	3900	valid_loss	24550.3808594
batch	3930	valid_loss	24399.6459961
batch	3960	valid_loss	24427.3615723
batch	3990	valid_loss	24242.328125
batch	4020	valid_loss	24244.7976074
batch	4050	valid_loss	24104.6889648
batch	4080	valid_loss	23845.3748779
batch	4110	valid_loss	23784.6373291
batch	4140	valid_loss	24231.8876953
batch	4170	valid_loss	23618.4458008
batch	4200	valid_loss	23550.142334
batch	4230	valid_loss	23474.9697266
batch	4260	valid_loss	23261.9169922
batch	4290	valid_loss	23093.1582031
batch	4320	valid_loss	23056.4904785
batch	4350	valid_loss	23031.0831299
batch	4380	valid_loss	23117.8118896
batch	4410	valid_loss	22877.7907715
batch	4440	valid_loss	22822.1817627
batch	4470	valid_loss	22646.666626
batch	4500	valid_loss	22752.5177002
batch	4530	valid_loss	22633.7423096
batch	4560	valid_loss	22423.3045654
batch	4590	valid_loss	22410.2327881
batch	4620	valid_loss	22387.9970703
batch	4650	valid_loss	22449.3188477
batch	4680	valid_loss	22197.7716064
batch	4710	valid_loss	22063.7484131
batch	4740	valid_loss	22215.9342041
batch	4770	valid_loss	22158.7677002
batch	4800	valid_loss	22132.2541504
batch	4830	valid_loss	21786.4910889
batch	4860	valid_loss	22172.635498
batch	4890	valid_loss	21669.3695068
batch	4920	valid_loss	21686.8349609
batch	4950	valid_loss	21592.3857422
batch	4980	valid_loss	21537.2171631
batch	5010	valid_loss	21403.8763428
batch	5040	valid_loss	21465.9337158
batch	5070	valid_loss	21394.2543945
batch	5100	valid_loss	21695.651001
batch	5130	valid_loss	21442.0793457
batch	5160	valid_loss	21292.7371826
batch	5190	valid_loss	22596.0668945
batch	5220	valid_loss	21059.1430664
batch	5250	valid_loss	21006.5877686
batch	5280	valid_loss	21223.2200928
batch	5310	valid_loss	21335.9370117
batch	5340	valid_loss	20874.03125
batch	5370	valid_loss	21005.3756104
batch	5400	valid_loss	20800.69104
batch	5430	valid_loss	20963.609375
batch	5460	valid_loss	20934.21521
batch	5490	valid_loss	20800.1462402
batch	5520	valid_loss	20582.5701904
batch	5550	valid_loss	21036.8537598
batch	5580	valid_loss	20569.1835938
batch	5610	valid_loss	20530.6240234
batch	5640	valid_loss	20619.8620605
batch	5670	valid_loss	21114.0550537
batch	5700	valid_loss	20567.2489014
batch	5730	valid_loss	20618.5285645
batch	5760	valid_loss	20718.3409424
batch	5790	valid_loss	20488.640625
batch	5820	valid_loss	20291.1622314
batch	5850	valid_loss	21654.4558105
batch	5880	valid_loss	20325.1152344
batch	5910	valid_loss	20100.3858643
batch	5940	valid_loss	20201.0251465
batch	5970	valid_loss	20136.1497803
batch	6000	valid_loss	20557.6113281
batch	6030	valid_loss	20179.8945312
batch	6060	valid_loss	20442.7703857
batch	6090	valid_loss	20180.1746826
batch	6120	valid_loss	20027.8825684
batch	6150	valid_loss	19992.5299072
batch	6180	valid_loss	20035.9755859
batch	6210	valid_loss	20143.1903076
batch	6240	valid_loss	19955.0935059
batch	6270	valid_loss	19826.041748
batch	6300	valid_loss	19894.2218018
batch	6330	valid_loss	19804.9644775
batch	6360	valid_loss	20058.3123779
batch	6390	valid_loss	19755.7109375
batch	6420	valid_loss	19793.4538574
batch	6450	valid_loss	19641.543457
batch	6480	valid_loss	20003.1572266
batch	6510	valid_loss	19641.0882568
batch	6540	valid_loss	19989.4526367
batch	6570	valid_loss	19821.7072754
batch	6600	valid_loss	19685.4246826
batch	6630	valid_loss	20253.3753662
batch	6660	valid_loss	19634.9818115
batch	6690	valid_loss	19638.3295898
batch	6720	valid_loss	19692.6308594
batch	6750	valid_loss	19547.4195557
batch	6780	valid_loss	19525.0090332
batch	6810	valid_loss	19520.4725342
batch	6840	valid_loss	19557.9837646
batch	6870	valid_loss	19581.4656982
batch	6900	valid_loss	19641.7976074
batch	6930	valid_loss	19485.0419922
batch	6960	valid_loss	19810.6972656
batch	6990	valid_loss	19667.8710938
batch	7020	valid_loss	19461.8012695
batch	7050	valid_loss	19791.6544189
batch	7080	valid_loss	19401.6953125
batch	7110	valid_loss	19378.4729004
batch	7140	valid_loss	19476.0432129
batch	7170	valid_loss	19413.0817871
batch	7200	valid_loss	19595.7897949
batch	7230	valid_loss	19284.9628906
batch	7260	valid_loss	19380.0321045
batch	7290	valid_loss	19332.3717041
batch	7320	valid_loss	21008.3685303
batch	7350	valid_loss	19365.0131836
batch	7380	valid_loss	19230.1218262
batch	7410	valid_loss	19239.970459
batch	7440	valid_loss	19167.6882324
batch	7470	valid_loss	19640.8759766
batch	7500	valid_loss	19247.3562012
batch	7530	valid_loss	19183.0922852
batch	7560	valid_loss	19228.6911621
batch	7590	valid_loss	19550.9797363
batch	7620	valid_loss	19266.7983398
batch	7650	valid_loss	19216.0718994
batch	7680	valid_loss	20698.776123
batch	7710	valid_loss	19166.7922363
batch	7740	valid_loss	19093.223877
batch	7770	valid_loss	19060.8192139
batch	7800	valid_loss	19224.2969971
batch	7830	valid_loss	19332.6950684
batch	7860	valid_loss	19188.0330811
batch	7890	valid_loss	19054.472168
batch	7920	valid_loss	19079.1416016
batch	7950	valid_loss	20835.9632568
batch	7980	valid_loss	19153.4509277
batch	8010	valid_loss	19047.104248
batch	8040	valid_loss	19045.8048096
batch	8070	valid_loss	19232.9433594
batch	8100	valid_loss	19176.414917
batch	8130	valid_loss	19001.5892334
batch	8160	valid_loss	19020.072876
batch	8190	valid_loss	19115.0751953
batch	8220	valid_loss	19612.3725586
batch	8250	valid_loss	19095.871582
batch	8280	valid_loss	19064.7001953
batch	8310	valid_loss	18918.3424072
batch	8340	valid_loss	19037.5543213
batch	8370	valid_loss	19079.5556641
batch	8400	valid_loss	18953.1719971
batch	8430	valid_loss	18987.5203857
batch	8460	valid_loss	19208.3266602
batch	8490	valid_loss	18950.8735352
batch	8520	valid_loss	18910.078125
batch	8550	valid_loss	20133.7827148
batch	8580	valid_loss	18996.1246338
batch	8610	valid_loss	18910.6358643
batch	8640	valid_loss	18899.5036621
batch	8670	valid_loss	19056.7944336
batch	8700	valid_loss	18852.1981201
batch	8730	valid_loss	18922.2935791
batch	8760	valid_loss	18802.9626465
batch	8790	valid_loss	18776.6601562
batch	8820	valid_loss	18973.293457
batch	8850	valid_loss	19257.8105469
batch	8880	valid_loss	18902.2819824
batch	8910	valid_loss	18895.0998535
batch	8940	valid_loss	20032.7180176
batch	8970	valid_loss	18888.6655273
batch	9000	valid_loss	18743.5222168
batch	9030	valid_loss	18847.4372559
batch	9060	valid_loss	18870.9971924
batch	9090	valid_loss	18834.0800781
batch	9120	valid_loss	18762.4678955
batch	9150	valid_loss	18784.4401855
batch	9180	valid_loss	20927.2357178
batch	9210	valid_loss	18831.9851074
batch	9240	valid_loss	18650.552002
batch	9270	valid_loss	18751.5952148
batch	9300	valid_loss	18689.4016113
batch	9330	valid_loss	21317.1486816
batch	9360	valid_loss	18732.4221191
batch	9390	valid_loss	18712.4365234
batch	9420	valid_loss	18739.0871582
batch	9450	valid_loss	18685.1136475
batch	9480	valid_loss	19786.4643555
batch	9510	valid_loss	18799.1691895
batch	9540	valid_loss	18736.3837891
batch	9570	valid_loss	19327.2056885
batch	9600	valid_loss	18677.7971191
batch	9630	valid_loss	18627.9221191
batch	9660	valid_loss	19344.467041
batch	9690	valid_loss	18784.5957031
batch	9720	valid_loss	18701.1766357
batch	9750	valid_loss	19730.0853271
batch	9780	valid_loss	18704.5115967
batch	9810	valid_loss	18780.9572754
batch	9840	valid_loss	18653.5551758
batch	9870	valid_loss	18860.2805176
batch	9900	valid_loss	18662.4368896
batch	9930	valid_loss	18664.0146484
batch	9960	valid_loss	18624.3405762
batch	9990	valid_loss	18824.8276367
batch	10020	valid_loss	18601.1949463
batch	10050	valid_loss	19390.3265381
batch	10080	valid_loss	18619.9281006
batch	10110	valid_loss	18684.2349854
batch	10140	valid_loss	18600.163208
batch	10170	valid_loss	18723.3706055
batch	10200	valid_loss	18745.489624
batch	10230	valid_loss	18531.7813721
batch	10260	valid_loss	18593.0224609
batch	10290	valid_loss	18922.9289551
batch	10320	valid_loss	18471.9923096
batch	10350	valid_loss	18536.4317627
batch	10380	valid_loss	18554.9545898
batch	10410	valid_loss	19318.8457031
batch	10440	valid_loss	18745.803833
batch	10470	valid_loss	18559.321167
batch	10500	valid_loss	18560.928833
batch	10530	valid_loss	18617.5804443
batch	10560	valid_loss	18507.8804932
batch	10590	valid_loss	18550.2047119
batch	10620	valid_loss	18511.5491943
batch	10650	valid_loss	18532.2559814
batch	10680	valid_loss	19538.7237549
batch	10710	valid_loss	18600.1379395
batch	10740	valid_loss	18544.9516602
batch	10770	valid_loss	18524.1140137
batch	10800	valid_loss	18419.7868652
batch	10830	valid_loss	18637.9008789
batch	10860	valid_loss	18455.9368896
batch	10890	valid_loss	18713.1639404
batch	10920	valid_loss	18443.9765625
batch	10950	valid_loss	19410.9396973
batch	10980	valid_loss	18539.420166
batch	11010	valid_loss	18501.4602051
batch	11040	valid_loss	18723.9488525
batch	11070	valid_loss	18540.3841553
batch	11100	valid_loss	18698.5405273
batch	11130	valid_loss	18636.9073486
batch	11160	valid_loss	18488.8323975
batch	11190	valid_loss	19034.7935791
batch	11220	valid_loss	18414.4368896
batch	11250	valid_loss	18405.0655518
batch	11280	valid_loss	18523.8577881
batch	11310	valid_loss	18469.8670654
batch	11340	valid_loss	18500.791748
batch	11370	valid_loss	18698.6387939
batch	11400	valid_loss	18404.0714111
batch	11430	valid_loss	18368.8103027
batch	11460	valid_loss	18334.5710449
batch	11490	valid_loss	18505.2895508
batch	11520	valid_loss	18753.9082031
batch	11550	valid_loss	18390.578125
batch	11580	valid_loss	18382.4327393
batch	11610	valid_loss	18400.3873291
batch	11640	valid_loss	18392.9528809
batch	11670	valid_loss	18467.852417
batch	11700	valid_loss	18518.3795166
batch	11730	valid_loss	18653.519165
batch	11760	valid_loss	18352.4428711
batch	11790	valid_loss	19534.0087891
batch	11820	valid_loss	18387.2282715
batch	11850	valid_loss	18350.5748291
batch	11880	valid_loss	18292.1968994
batch	11910	valid_loss	19006.699585
batch	11940	valid_loss	18383.6943359
batch	11970	valid_loss	18602.072998
batch	12000	valid_loss	18426.0600586
batch	12030	valid_loss	18735.4595947
batch	12060	valid_loss	18332.8884277
batch	12090	valid_loss	18336.6872559
batch	12120	valid_loss	18289.8728027
batch	12150	valid_loss	18386.3201904
batch	12180	valid_loss	18677.0598145
batch	12210	valid_loss	18368.1369629
batch	12240	valid_loss	18449.942749
batch	12270	valid_loss	18346.9414062
batch	12300	valid_loss	19038.130127
batch	12330	valid_loss	18334.0755615
batch	12360	valid_loss	18295.2674561
batch	12390	valid_loss	18424.4006348
batch	12420	valid_loss	18371.1000977
batch	12450	valid_loss	18302.7458496
batch	12480	valid_loss	18262.2282715
batch	12510	valid_loss	18465.6970215
batch	12540	valid_loss	18374.4569092
batch	12570	valid_loss	18583.8861084
batch	12600	valid_loss	18365.3227539
batch	12630	valid_loss	18317.7161865
batch	12660	valid_loss	18634.2194824
batch	12690	valid_loss	18366.052124
batch	12720	valid_loss	18322.8572998
batch	12750	valid_loss	20766.2335205
batch	12780	valid_loss	18304.4553223
batch	12810	valid_loss	18189.2825928
batch	12840	valid_loss	18207.2711182
batch	12870	valid_loss	18284.7963867
batch	12900	valid_loss	18278.7364502
batch	12930	valid_loss	18391.4362793
batch	12960	valid_loss	18247.0523682
batch	12990	valid_loss	18178.1588135
batch	13020	valid_loss	19208.798584
batch	13050	valid_loss	18351.0979004
batch	13080	valid_loss	18259.9367676
batch	13110	valid_loss	18237.2272949
batch	13140	valid_loss	18473.1949463
batch	13170	valid_loss	18309.0335693
batch	13200	valid_loss	18223.1530762
batch	13230	valid_loss	18285.3297119
batch	13260	valid_loss	18443.9853516
batch	13290	valid_loss	18249.8013916
batch	13320	valid_loss	18186.8569336
batch	13350	valid_loss	18171.3286133
batch	13380	valid_loss	18677.8999023
batch	13410	valid_loss	18189.5460205
batch	13440	valid_loss	18858.4412842
batch	13470	valid_loss	18208.1322021
batch	13500	valid_loss	18254.4377441
batch	13530	valid_loss	18482.3339844
batch	13560	valid_loss	18193.1107178
batch	13590	valid_loss	19966.1685791
batch	13620	valid_loss	18144.2332764
batch	13650	valid_loss	18194.819458
batch	13680	valid_loss	18123.1904297
batch	13710	valid_loss	18244.0009766
batch	13740	valid_loss	18158.0513916
batch	13770	valid_loss	18160.2491455
batch	13800	valid_loss	18127.1143799
batch	13830	valid_loss	18330.0726318
batch	13860	valid_loss	18307.4975586
batch	13890	valid_loss	18140.9144287
batch	13920	valid_loss	18094.6661377
batch	13950	valid_loss	18102.5377197
batch	13980	valid_loss	18367.7720947
batch	14010	valid_loss	18250.0976562
batch	14040	valid_loss	18079.8912354
batch	14070	valid_loss	18189.7675781
batch	14100	valid_loss	18069.8728027
batch	14130	valid_loss	18131.9899902
batch	14160	valid_loss	18821.9742432
batch	14190	valid_loss	18147.5698242
batch	14220	valid_loss	18404.4631348
batch	14250	valid_loss	18124.2871094
batch	14280	valid_loss	18259.6757812
batch	14310	valid_loss	18132.0135498
batch	14340	valid_loss	18626.2249756
batch	14370	valid_loss	18112.2861328
batch	14400	valid_loss	18014.293335
batch	14430	valid_loss	18376.2272949
batch	14460	valid_loss	18156.9122314
batch	14490	valid_loss	18598.8364258
batch	14520	valid_loss	18074.6977539
batch	14550	valid_loss	18092.7835693
batch	14580	valid_loss	18162.3074951
batch	14610	valid_loss	18172.1583252
batch	14640	valid_loss	18008.1375732
batch	14670	valid_loss	18019.7581787
batch	14700	valid_loss	18573.2280273
batch	14730	valid_loss	18106.9940186
batch	14760	valid_loss	18227.9912109
batch	14790	valid_loss	18107.47229
batch	14820	valid_loss	18690.3444824
batch	14850	valid_loss	18087.9042969
batch	14880	valid_loss	18048.5274658
batch	14910	valid_loss	18036.3731689
batch	14940	valid_loss	18644.003418
batch	14970	valid_loss	18028.8284912
batch	15000	valid_loss	18089.0528564
batch	15030	valid_loss	18140.1412354
batch	15060	valid_loss	18091.0541992
batch	15090	valid_loss	18189.3861084
batch	15120	valid_loss	18079.4620361
batch	15150	valid_loss	18203.5089111
batch	15180	valid_loss	17994.5343018
batch	15210	valid_loss	18025.2539062
batch	15240	valid_loss	18113.8652344
batch	15270	valid_loss	18049.7088623
batch	15300	valid_loss	17980.9248047
batch	15330	valid_loss	18043.9719238
batch	15360	valid_loss	17906.0800781
batch	15390	valid_loss	18301.3370361
batch	15420	valid_loss	18006.7114258
batch	15450	valid_loss	17911.6159668
batch	15480	valid_loss	17889.6499023
batch	15510	valid_loss	17918.4064941
batch	15540	valid_loss	18235.9179688
batch	15570	valid_loss	18162.6173096
batch	15600	valid_loss	17869.5982666
batch	15630	valid_loss	18183.7819824
batch	15660	valid_loss	18022.6405029
batch	15690	valid_loss	17941.1881104
batch	15720	valid_loss	17992.8662109
batch	15750	valid_loss	18133.9957275
batch	15780	valid_loss	17915.3602295
batch	15810	valid_loss	17962.5970459
batch	15840	valid_loss	17918.1179199
batch	15870	valid_loss	19019.897583
batch	15900	valid_loss	18031.4049072
batch	15930	valid_loss	17872.6091309
batch	15960	valid_loss	17899.3952637
batch	15990	valid_loss	18061.7258301
batch	16020	valid_loss	17903.4902344
batch	16050	valid_loss	18000.2026367
batch	16080	valid_loss	18025.3098145
batch	16110	valid_loss	17834.8272705
batch	16140	valid_loss	17891.4981689
batch	16170	valid_loss	18222.1268311
batch	16200	valid_loss	17885.0386963
batch	16230	valid_loss	18049.0705566
batch	16260	valid_loss	17926.3214111
batch	16290	valid_loss	17897.4230957
batch	16320	valid_loss	18051.7495117
batch	16350	valid_loss	17933.703125
batch	16380	valid_loss	18308.5726318
batch	16410	valid_loss	17934.1014404
batch	16440	valid_loss	17916.3330078
batch	16470	valid_loss	17862.8768311
batch	16500	valid_loss	17891.9959717
batch	16530	valid_loss	18017.5131836
batch	16560	valid_loss	17855.1799316
batch	16590	valid_loss	17888.2324219
batch	16620	valid_loss	18023.206665
batch	16650	valid_loss	18933.5112305
batch	16680	valid_loss	17908.2498779
batch	16710	valid_loss	17934.7161865
batch	16740	valid_loss	17856.5302734
batch	16770	valid_loss	18168.465332
batch	16800	valid_loss	17880.0554199
batch	16830	valid_loss	17858.4147949
batch	16860	valid_loss	18023.8105469
batch	16890	valid_loss	17913.4664307
batch	16920	valid_loss	17871.6503906
batch	16950	valid_loss	18089.5163574
batch	16980	valid_loss	17920.9356689
batch	17010	valid_loss	17858.7685547
batch	17040	valid_loss	17836.4438477
batch	17070	valid_loss	17839.8457031
batch	17100	valid_loss	19054.4080811
batch	17130	valid_loss	17910.548584
batch	17160	valid_loss	17739.6864014
batch	17190	valid_loss	18017.0134277
batch	17220	valid_loss	17881.7996826
batch	17250	valid_loss	18236.8909912
batch	17280	valid_loss	17854.0794678
batch	17310	valid_loss	17889.5653076
batch	17340	valid_loss	17888.9089355
batch	17370	valid_loss	17859.9665527
batch	17400	valid_loss	17946.4459229
batch	17430	valid_loss	17852.4816895
batch	17460	valid_loss	17829.3323975
batch	17490	valid_loss	17775.2751465
batch	17520	valid_loss	17820.2336426
batch	17550	valid_loss	17880.6887207
batch	17580	valid_loss	17847.326416
batch	17610	valid_loss	17885.171875
batch	17640	valid_loss	17898.7370605
batch	17670	valid_loss	17843.8061523
batch	17700	valid_loss	17778.3236084
batch	17730	valid_loss	17837.3139648
batch	17760	valid_loss	17940.6433105
batch	17790	valid_loss	17746.4732666
batch	17820	valid_loss	17942.0574951
batch	17850	valid_loss	17804.380127
batch	17880	valid_loss	18176.4854736
batch	17910	valid_loss	17961.1330566
batch	17940	valid_loss	17803.1696777
batch	17970	valid_loss	17902.4040527
batch	18000	valid_loss	17807.3304443
batch	18030	valid_loss	17758.2879639
batch	18060	valid_loss	17806.2711182
batch	18090	valid_loss	17836.7927246
batch	18120	valid_loss	17734.5135498
batch	18150	valid_loss	17730.5290527
batch	18180	valid_loss	18336.5773926
batch	18210	valid_loss	17865.7297363
batch	18240	valid_loss	17817.9459229
batch	18270	valid_loss	17722.5279541
batch	18300	valid_loss	17772.3615723
batch	18330	valid_loss	17814.800293
batch	18360	valid_loss	17747.3339844
batch	18390	valid_loss	18195.5921631
batch	18420	valid_loss	17727.1550293
batch	18450	valid_loss	17732.6700439
batch	18480	valid_loss	17695.817749
batch	18510	valid_loss	17780.8260498
batch	18540	valid_loss	18223.5513916
batch	18570	valid_loss	17756.4039307
batch	18600	valid_loss	17624.692627
batch	18630	valid_loss	17780.2440186
batch	18660	valid_loss	17727.3474121
batch	18690	valid_loss	18521.2623291
batch	18720	valid_loss	17680.6616211
batch	18750	valid_loss	17735.4711914
batch	18780	valid_loss	17722.998291
batch	18810	valid_loss	17729.713623
batch	18840	valid_loss	18370.454834
batch	18870	valid_loss	17779.0003662
batch	18900	valid_loss	17684.914917
batch	18930	valid_loss	17747.3326416
batch	18960	valid_loss	17718.168335
batch	18990	valid_loss	17759.2329102
batch	19020	valid_loss	17793.739502
batch	19050	valid_loss	17682.4718018
batch	19080	valid_loss	17674.6591797
batch	19110	valid_loss	17647.1131592
batch	19140	valid_loss	17750.5933838
batch	19170	valid_loss	18258.4310303
batch	19200	valid_loss	17681.1730957
batch	19230	valid_loss	17638.5925293
batch	19260	valid_loss	18868.9785156
batch	19290	valid_loss	17740.8165283
batch	19320	valid_loss	17677.2790527
batch	19350	valid_loss	17701.494873
batch	19380	valid_loss	17660.5334473
batch	19410	valid_loss	18306.0134277
batch	19440	valid_loss	17696.534668
batch	19470	valid_loss	17694.5611572
batch	19500	valid_loss	17942.8410645
batch	19530	valid_loss	17688.1669922
batch	19560	valid_loss	17752.8214111
batch	19590	valid_loss	17726.9437256
batch	19620	valid_loss	17692.7932129
batch	19650	valid_loss	17650.7521973
batch	19680	valid_loss	17582.6390381
batch	19710	valid_loss	17892.4658203
batch	19740	valid_loss	17702.0882568
batch	19770	valid_loss	17664.0383301
batch	19800	valid_loss	17701.2816162
batch	19830	valid_loss	17710.5054932
batch	19860	valid_loss	17610.8256836
batch	19890	valid_loss	17738.675415
batch	19920	valid_loss	17618.6052246
batch	19950	valid_loss	17649.0030518
batch	19980	valid_loss	17596.1831055
batch	20010	valid_loss	17629.0041504
batch	20040	valid_loss	17552.9251709
batch	20070	valid_loss	17594.0756836
batch	20100	valid_loss	18166.4299316
batch	20130	valid_loss	17519.6134033
batch	20160	valid_loss	17474.2371826
batch	20190	valid_loss	17566.5595703
batch	20220	valid_loss	18336.7602539
batch	20250	valid_loss	17598.2956543
batch	20280	valid_loss	17474.6622314
batch	20310	valid_loss	17630.7084961
batch	20340	valid_loss	17586.3735352
batch	20370	valid_loss	17696.3996582
batch	20400	valid_loss	17533.8088379
batch	20430	valid_loss	19702.9455566
batch	20460	valid_loss	17600.4589844
batch	20490	valid_loss	17563.4661865
batch	20520	valid_loss	17528.5134277
batch	20550	valid_loss	17585.7346191
batch	20580	valid_loss	17529.6640625
batch	20610	valid_loss	17602.9910889
batch	20640	valid_loss	17709.0787354
batch	20670	valid_loss	17459.9855957
batch	20700	valid_loss	17562.2459717
batch	20730	valid_loss	17629.394165
batch	20760	valid_loss	17522.2097168
batch	20790	valid_loss	17398.8182373
batch	20820	valid_loss	17461.8765869
batch	20850	valid_loss	17622.4068604
batch	20880	valid_loss	17439.8898926
batch	20910	valid_loss	17423.5216064
batch	20940	valid_loss	17463.6489258
batch	20970	valid_loss	17498.3001709
batch	21000	valid_loss	17482.2858887
batch	21030	valid_loss	17490.6379395
batch	21060	valid_loss	17432.3309326
batch	21090	valid_loss	17458.4371338
batch	21120	valid_loss	17433.1920166
batch	21150	valid_loss	17769.0738525
batch	21180	valid_loss	17415.8723145
batch	21210	valid_loss	17441.8652344
batch	21240	valid_loss	17362.9291992
batch	21270	valid_loss	18068.1569824
batch	21300	valid_loss	17443.9865723
batch	21330	valid_loss	17424.1905518
batch	21360	valid_loss	17735.8198242
batch	21390	valid_loss	17418.4354248
batch	21420	valid_loss	17395.8408203
batch	21450	valid_loss	17775.9338379
batch	21480	valid_loss	17380.7015381
batch	21510	valid_loss	17334.7971191
batch	21540	valid_loss	17442.1422119
batch	21570	valid_loss	17342.1657715
batch	21600	valid_loss	17310.4707031
batch	21630	valid_loss	17572.848877
batch	21660	valid_loss	17394.8895264
batch	21690	valid_loss	17287.9995117
batch	21720	valid_loss	17211.3813477
batch	21750	valid_loss	17774.2060547
batch	21780	valid_loss	17319.6761475
batch	21810	valid_loss	17378.0010986
batch	21840	valid_loss	17258.1347656
batch	21870	valid_loss	17327.8352051
batch	21900	valid_loss	17243.0145264
batch	21930	valid_loss	17237.118042
batch	21960	valid_loss	17291.8349609
batch	21990	valid_loss	17550.3233643
batch	22020	valid_loss	17455.060791
batch	22050	valid_loss	17315.0947266
batch	22080	valid_loss	17504.3195801
batch	22110	valid_loss	17310.1265869
batch	22140	valid_loss	17302.4005127
batch	22170	valid_loss	17277.0866699
batch	22200	valid_loss	17231.5148926
batch	22230	valid_loss	17163.9023438
batch	22260	valid_loss	17270.329834
batch	22290	valid_loss	17299.4501953
batch	22320	valid_loss	17159.8065186
batch	22350	valid_loss	17102.743042
batch	22380	valid_loss	17141.8410645
batch	22410	valid_loss	17372.4155273
batch	22440	valid_loss	17096.5197754
batch	22470	valid_loss	17108.90979
batch	22500	valid_loss	17098.3704834
batch	22530	valid_loss	17164.3850098
batch	22560	valid_loss	17088.1787109
batch	22590	valid_loss	17218.638916
batch	22620	valid_loss	17084.274292
batch	22650	valid_loss	17104.2121582
batch	22680	valid_loss	17400.7745361
batch	22710	valid_loss	16986.1176758
batch	22740	valid_loss	17012.7366943
batch	22770	valid_loss	17046.0211182
batch	22800	valid_loss	16981.423584
batch	22830	valid_loss	16939.4213867
batch	22860	valid_loss	17111.4130859
batch	22890	valid_loss	17005.9279785
batch	22920	valid_loss	17022.6829834
batch	22950	valid_loss	16929.880127
batch	22980	valid_loss	17073.2902832
batch	23010	valid_loss	16911.8873291
batch	23040	valid_loss	16927.3225098
batch	23070	valid_loss	16872.506958
batch	23100	valid_loss	16890.9587402
batch	23130	valid_loss	16847.6184082
batch	23160	valid_loss	16933.2963867
batch	23190	valid_loss	16825.454834
batch	23220	valid_loss	16924.517334
batch	23250	valid_loss	16822.6767578
batch	23280	valid_loss	16828.9118652
batch	23310	valid_loss	16810.9188232
batch	23340	valid_loss	17986.4423828
batch	23370	valid_loss	16781.2437744
batch	23400	valid_loss	16730.0584717
batch	23430	valid_loss	16825.7666016
batch	23460	valid_loss	16714.5354004
batch	23490	valid_loss	16957.0671387
batch	23520	valid_loss	16760.4794922
batch	23550	valid_loss	17080.8024902
batch	23580	valid_loss	16776.7915039
batch	23610	valid_loss	16733.1813965
batch	23640	valid_loss	17168.4008789
batch	23670	valid_loss	16661.2790527
batch	23700	valid_loss	16632.6520996
batch	23730	valid_loss	16615.7528076
batch	23760	valid_loss	16785.7185059
batch	23790	valid_loss	16578.7703857
batch	23820	valid_loss	16655.090332
batch	23850	valid_loss	16691.472168
batch	23880	valid_loss	16566.8189697
batch	23910	valid_loss	16526.0721436
batch	23940	valid_loss	16556.822876
batch	23970	valid_loss	16675.3288574
batch	24000	valid_loss	16504.7807617
batch	24030	valid_loss	16492.9764404
batch	24060	valid_loss	16526.213623
batch	24090	valid_loss	16739.2731934
batch	24120	valid_loss	16464.9144287
batch	24150	valid_loss	16497.2282715
batch	24180	valid_loss	16468.315918
batch	24210	valid_loss	16530.6121826
batch	24240	valid_loss	16464.4775391
batch	24270	valid_loss	16417.2503662
batch	24300	valid_loss	16403.0054932
batch	24330	valid_loss	16613.6325684
batch	24360	valid_loss	16391.5780029
batch	24390	valid_loss	16352.0653076
batch	24420	valid_loss	16424.1390381
batch	24450	valid_loss	16391.9500732
batch	24480	valid_loss	16385.7513428
batch	24510	valid_loss	16968.0793457
batch	24540	valid_loss	16445.7182617
batch	24570	valid_loss	16372.734375
batch	24600	valid_loss	16300.3143311
batch	24630	valid_loss	16303.6656494
batch	24660	valid_loss	16321.4681396
batch	24690	valid_loss	16255.4490967
batch	24720	valid_loss	16280.0039062
batch	24750	valid_loss	16344.6688232
batch	24780	valid_loss	16249.9128418
batch	24810	valid_loss	16189.3636475
batch	24840	valid_loss	16405.5975342
batch	24870	valid_loss	16274.0646973
batch	24900	valid_loss	16197.4641113
batch	24930	valid_loss	16281.3609619
batch	24960	valid_loss	16147.3497314
batch	24990	valid_loss	16374.8442383
STOP
START
config	700	180	700	960
batch	0	valid_loss	6875755.625
batch	30	valid_loss	156730.873047
batch	60	valid_loss	102462.432617
batch	90	valid_loss	99774.6962891
batch	120	valid_loss	99585.1689453
batch	150	valid_loss	99559.6035156
batch	180	valid_loss	99505.2636719
batch	210	valid_loss	99449.1738281
batch	240	valid_loss	99360.5146484
batch	270	valid_loss	99261.0205078
batch	300	valid_loss	99060.9345703
batch	330	valid_loss	98712.4824219
batch	360	valid_loss	98096.4990234
batch	390	valid_loss	96906.3212891
batch	420	valid_loss	94941.3710938
batch	450	valid_loss	92688.8422852
batch	480	valid_loss	91107.871582
batch	510	valid_loss	90131.6630859
batch	540	valid_loss	89547.7983398
batch	570	valid_loss	89037.5712891
batch	600	valid_loss	88630.8989258
batch	630	valid_loss	88046.0195312
batch	660	valid_loss	87490.5878906
batch	690	valid_loss	86810.8466797
batch	720	valid_loss	86097.1679688
batch	750	valid_loss	85294.8183594
batch	780	valid_loss	84433.0908203
batch	810	valid_loss	83472.4526367
batch	840	valid_loss	82538.5058594
batch	870	valid_loss	81532.8027344
batch	900	valid_loss	80394.5976562
batch	930	valid_loss	79284.2109375
batch	960	valid_loss	78179.8051758
batch	990	valid_loss	76954.2036133
batch	1020	valid_loss	75761.9609375
batch	1050	valid_loss	74619.1181641
batch	1080	valid_loss	73375.7446289
batch	1110	valid_loss	72210.4882812
batch	1140	valid_loss	71003.3476562
batch	1170	valid_loss	69869.9208984
batch	1200	valid_loss	68706.2495117
batch	1230	valid_loss	67593.5966797
batch	1260	valid_loss	66532.0078125
batch	1290	valid_loss	65415.5405273
batch	1320	valid_loss	64283.015625
batch	1350	valid_loss	63241.1777344
batch	1380	valid_loss	62258.8837891
batch	1410	valid_loss	61151.9526367
batch	1440	valid_loss	60157.8789062
batch	1470	valid_loss	59171.1762695
batch	1500	valid_loss	58204.640625
batch	1530	valid_loss	57103.3803711
batch	1560	valid_loss	56101.0532227
batch	1590	valid_loss	55282.1674805
batch	1620	valid_loss	54285.8046875
batch	1650	valid_loss	53485.1699219
batch	1680	valid_loss	52766.4047852
batch	1710	valid_loss	51833.9375
batch	1740	valid_loss	50898.730957
batch	1770	valid_loss	50202.7207031
batch	1800	valid_loss	49393.4628906
batch	1830	valid_loss	48524.6518555
batch	1860	valid_loss	47845.5908203
batch	1890	valid_loss	47154.871582
batch	1920	valid_loss	46406.1950684
batch	1950	valid_loss	45609.8156738
batch	1980	valid_loss	44908.8898926
batch	2010	valid_loss	44408.9985352
batch	2040	valid_loss	43602.3032227
batch	2070	valid_loss	43051.8898926
batch	2100	valid_loss	42357.916748
batch	2130	valid_loss	41805.5231934
batch	2160	valid_loss	41149.2331543
batch	2190	valid_loss	40541.0725098
batch	2220	valid_loss	40246.114502
batch	2250	valid_loss	39529.1479492
batch	2280	valid_loss	39168.4118652
batch	2310	valid_loss	38699.4348145
batch	2340	valid_loss	38131.4516602
batch	2370	valid_loss	37730.3352051
batch	2400	valid_loss	37158.3395996
batch	2430	valid_loss	36815.4003906
batch	2460	valid_loss	36349.814209
batch	2490	valid_loss	35994.9919434
batch	2520	valid_loss	35668.2021484
batch	2550	valid_loss	35180.333252
batch	2580	valid_loss	34772.3359375
batch	2610	valid_loss	34257.5969238
batch	2640	valid_loss	34041.8867188
batch	2670	valid_loss	33617.4318848
batch	2700	valid_loss	33347.1899414
batch	2730	valid_loss	33024.5932617
batch	2760	valid_loss	32707.5349121
batch	2790	valid_loss	32237.7475586
batch	2820	valid_loss	32154.4736328
batch	2850	valid_loss	31799.4750977
batch	2880	valid_loss	31487.8330078
batch	2910	valid_loss	31258.7539062
batch	2940	valid_loss	30968.5288086
batch	2970	valid_loss	31105.3532715
batch	3000	valid_loss	30415.0927734
batch	3030	valid_loss	30237.0654297
batch	3060	valid_loss	29893.4316406
batch	3090	valid_loss	29606.0664062
batch	3120	valid_loss	29543.4262695
batch	3150	valid_loss	29351.0959473
batch	3180	valid_loss	29073.0180664
batch	3210	valid_loss	28729.7126465
batch	3240	valid_loss	28523.2050781
batch	3270	valid_loss	28309.3569336
batch	3300	valid_loss	28172.5947266
batch	3330	valid_loss	28059.5056152
batch	3360	valid_loss	27932.9885254
batch	3390	valid_loss	27521.8066406
batch	3420	valid_loss	27510.2695312
batch	3450	valid_loss	27434.6628418
batch	3480	valid_loss	27233.8630371
batch	3510	valid_loss	26940.1008301
batch	3540	valid_loss	26727.5913086
batch	3570	valid_loss	26765.831543
batch	3600	valid_loss	26467.434082
batch	3630	valid_loss	27417.4311523
batch	3660	valid_loss	26211.0273438
batch	3690	valid_loss	25913.9770508
batch	3720	valid_loss	25809.902832
batch	3750	valid_loss	25756.6040039
batch	3780	valid_loss	25499.458252
batch	3810	valid_loss	25400.5688477
batch	3840	valid_loss	25322.2380371
batch	3870	valid_loss	25593.6513672
batch	3900	valid_loss	25020.1254883
batch	3930	valid_loss	24903.9916992
batch	3960	valid_loss	24856.4870605
batch	3990	valid_loss	24878.6794434
batch	4020	valid_loss	24726.4875488
batch	4050	valid_loss	24617.244873
batch	4080	valid_loss	24502.8168945
batch	4110	valid_loss	24275.4365234
batch	4140	valid_loss	24255.4169922
batch	4170	valid_loss	24086.78125
batch	4200	valid_loss	24182.7397461
batch	4230	valid_loss	23865.6282959
batch	4260	valid_loss	24037.809082
batch	4290	valid_loss	23677.692627
batch	4320	valid_loss	23548.7845459
batch	4350	valid_loss	23555.0949707
batch	4380	valid_loss	23539.6022949
batch	4410	valid_loss	23341.6468506
batch	4440	valid_loss	23334.2076416
batch	4470	valid_loss	23130.5335693
batch	4500	valid_loss	23112.0541992
batch	4530	valid_loss	23188.2677002
batch	4560	valid_loss	23396.4561768
batch	4590	valid_loss	22989.2542725
batch	4620	valid_loss	22965.3327637
batch	4650	valid_loss	22682.7501221
batch	4680	valid_loss	23919.1848145
batch	4710	valid_loss	22783.819458
batch	4740	valid_loss	22581.2330322
batch	4770	valid_loss	22489.5362549
batch	4800	valid_loss	22422.1324463
batch	4830	valid_loss	22345.4619141
batch	4860	valid_loss	22374.6724854
batch	4890	valid_loss	22268.2553711
batch	4920	valid_loss	22371.1826172
batch	4950	valid_loss	22023.5427246
batch	4980	valid_loss	22706.7053223
batch	5010	valid_loss	22006.7010498
batch	5040	valid_loss	22014.2474365
batch	5070	valid_loss	22015.6622314
batch	5100	valid_loss	21776.930542
batch	5130	valid_loss	21956.7336426
batch	5160	valid_loss	21821.7645264
batch	5190	valid_loss	21649.855957
batch	5220	valid_loss	22211.440918
batch	5250	valid_loss	21633.5217285
batch	5280	valid_loss	21542.0227051
batch	5310	valid_loss	21506.1835938
batch	5340	valid_loss	21610.0134277
batch	5370	valid_loss	21593.2973633
batch	5400	valid_loss	21366.0454102
batch	5430	valid_loss	21966.3885498
batch	5460	valid_loss	21336.2718506
batch	5490	valid_loss	21396.1226807
batch	5520	valid_loss	21243.4984131
batch	5550	valid_loss	21160.4145508
batch	5580	valid_loss	21171.7233887
batch	5610	valid_loss	22467.3299561
batch	5640	valid_loss	21084.798584
batch	5670	valid_loss	20880.6168213
batch	5700	valid_loss	21107.9412842
batch	5730	valid_loss	21696.864624
batch	5760	valid_loss	21088.7010498
batch	5790	valid_loss	20896.0998535
batch	5820	valid_loss	20926.3730469
batch	5850	valid_loss	21697.3885498
batch	5880	valid_loss	20744.6043701
batch	5910	valid_loss	21413.1123047
batch	5940	valid_loss	20756.5845947
batch	5970	valid_loss	20729.6148682
batch	6000	valid_loss	20814.6290283
batch	6030	valid_loss	20673.1619873
batch	6060	valid_loss	20720.8898926
batch	6090	valid_loss	22067.7159424
batch	6120	valid_loss	20562.8918457
batch	6150	valid_loss	20518.8988037
batch	6180	valid_loss	20438.8127441
batch	6210	valid_loss	20660.8046875
batch	6240	valid_loss	20532.6623535
batch	6270	valid_loss	20553.2276611
batch	6300	valid_loss	20361.8498535
batch	6330	valid_loss	20666.3248291
batch	6360	valid_loss	20398.0388184
batch	6390	valid_loss	20343.7701416
batch	6420	valid_loss	20291.3173828
batch	6450	valid_loss	20286.5389404
batch	6480	valid_loss	21712.7757568
batch	6510	valid_loss	20117.6748047
batch	6540	valid_loss	20152.3580322
batch	6570	valid_loss	20108.9366455
batch	6600	valid_loss	20324.444458
batch	6630	valid_loss	20485.4614258
batch	6660	valid_loss	20096.5704346
batch	6690	valid_loss	22015.8499756
batch	6720	valid_loss	20101.8077393
batch	6750	valid_loss	19997.8115234
batch	6780	valid_loss	20030.97229
batch	6810	valid_loss	20051.4241943
batch	6840	valid_loss	19951.8203125
batch	6870	valid_loss	20225.8652344
batch	6900	valid_loss	19835.9533691
batch	6930	valid_loss	19828.1625977
batch	6960	valid_loss	19911.6604004
batch	6990	valid_loss	20086.317627
batch	7020	valid_loss	20097.3681641
batch	7050	valid_loss	19872.1730957
batch	7080	valid_loss	20261.052124
batch	7110	valid_loss	19845.9641113
batch	7140	valid_loss	19836.9389648
batch	7170	valid_loss	19869.3897705
batch	7200	valid_loss	19786.0540771
batch	7230	valid_loss	21429.40625
batch	7260	valid_loss	19854.1547852
batch	7290	valid_loss	19716.0285645
batch	7320	valid_loss	19718.451416
batch	7350	valid_loss	19721.3707275
batch	7380	valid_loss	19682.5083008
batch	7410	valid_loss	19707.7868652
batch	7440	valid_loss	19548.5228271
batch	7470	valid_loss	20323.0075684
batch	7500	valid_loss	19596.0401611
batch	7530	valid_loss	19685.6324463
batch	7560	valid_loss	19756.1385498
batch	7590	valid_loss	19810.5257568
batch	7620	valid_loss	19594.2808838
batch	7650	valid_loss	19549.9400635
batch	7680	valid_loss	19848.288208
batch	7710	valid_loss	19597.3768311
batch	7740	valid_loss	19451.201416
batch	7770	valid_loss	19616.4418945
batch	7800	valid_loss	19635.244751
batch	7830	valid_loss	19449.9770508
batch	7860	valid_loss	19446.7415771
batch	7890	valid_loss	19473.3101807
batch	7920	valid_loss	19424.854126
batch	7950	valid_loss	19480.7640381
batch	7980	valid_loss	19427.8774414
batch	8010	valid_loss	20153.2315674
batch	8040	valid_loss	19595.7781982
batch	8070	valid_loss	19309.0072021
batch	8100	valid_loss	19599.604248
batch	8130	valid_loss	19266.498291
batch	8160	valid_loss	19759.2803955
batch	8190	valid_loss	19318.2974854
batch	8220	valid_loss	19413.5751953
batch	8250	valid_loss	19707.5421143
batch	8280	valid_loss	19287.2927246
batch	8310	valid_loss	19474.2889404
batch	8340	valid_loss	19347.8718262
batch	8370	valid_loss	21514.6424561
batch	8400	valid_loss	19263.0333252
batch	8430	valid_loss	19265.4483643
batch	8460	valid_loss	19252.7668457
batch	8490	valid_loss	19263.6270752
batch	8520	valid_loss	19382.2617188
batch	8550	valid_loss	19486.5545654
batch	8580	valid_loss	19264.6790771
batch	8610	valid_loss	20173.618042
batch	8640	valid_loss	19243.6505127
batch	8670	valid_loss	19388.2915039
batch	8700	valid_loss	19444.9631348
batch	8730	valid_loss	19272.5473633
batch	8760	valid_loss	20147.3565674
batch	8790	valid_loss	19105.7386475
batch	8820	valid_loss	19255.6035156
batch	8850	valid_loss	19444.892334
batch	8880	valid_loss	19181.4520264
batch	8910	valid_loss	19368.5522461
batch	8940	valid_loss	19210.6726074
batch	8970	valid_loss	19177.2565918
batch	9000	valid_loss	19128.9819336
batch	9030	valid_loss	19191.4858398
batch	9060	valid_loss	19157.1948242
batch	9090	valid_loss	19120.7078857
batch	9120	valid_loss	19304.3288574
batch	9150	valid_loss	19157.1068115
batch	9180	valid_loss	19098.9919434
batch	9210	valid_loss	19109.8616943
batch	9240	valid_loss	19050.8679199
batch	9270	valid_loss	19309.1984863
batch	9300	valid_loss	19041.2281494
batch	9330	valid_loss	19064.7304688
batch	9360	valid_loss	19698.8170166
batch	9390	valid_loss	19119.2836914
batch	9420	valid_loss	19272.4951172
batch	9450	valid_loss	18994.2728271
batch	9480	valid_loss	19054.2496338
batch	9510	valid_loss	19302.3217773
batch	9540	valid_loss	19149.6727295
batch	9570	valid_loss	19084.796875
batch	9600	valid_loss	19119.4277344
batch	9630	valid_loss	18997.0463867
batch	9660	valid_loss	18972.911377
batch	9690	valid_loss	19025.9251709
batch	9720	valid_loss	18980.2414551
batch	9750	valid_loss	18996.8553467
batch	9780	valid_loss	19008.0141602
batch	9810	valid_loss	19465.6378174
batch	9840	valid_loss	19105.0192871
batch	9870	valid_loss	18918.8118896
batch	9900	valid_loss	18994.0477295
batch	9930	valid_loss	18959.5895996
batch	9960	valid_loss	19217.2602539
batch	9990	valid_loss	19009.9932861
batch	10020	valid_loss	18925.713623
batch	10050	valid_loss	19232.725708
batch	10080	valid_loss	18966.8105469
batch	10110	valid_loss	18961.2393799
batch	10140	valid_loss	18910.3543701
batch	10170	valid_loss	20125.8831787
batch	10200	valid_loss	18916.536377
batch	10230	valid_loss	18846.3555908
batch	10260	valid_loss	18898.9979248
batch	10290	valid_loss	20836.4909668
batch	10320	valid_loss	18860.9219971
batch	10350	valid_loss	18820.7504883
batch	10380	valid_loss	19110.2808838
batch	10410	valid_loss	18980.3903809
batch	10440	valid_loss	19506.9647217
batch	10470	valid_loss	18942.9356689
batch	10500	valid_loss	18901.9525146
batch	10530	valid_loss	18912.6621094
batch	10560	valid_loss	19307.0963135
batch	10590	valid_loss	18999.0977783
batch	10620	valid_loss	18854.0003662
batch	10650	valid_loss	18857.2531738
batch	10680	valid_loss	18843.9963379
batch	10710	valid_loss	18918.0264893
batch	10740	valid_loss	18835.9044189
batch	10770	valid_loss	19054.6243896
batch	10800	valid_loss	18743.2762451
batch	10830	valid_loss	18827.9958496
batch	10860	valid_loss	19097.9711914
batch	10890	valid_loss	18870.3435059
batch	10920	valid_loss	18798.192749
batch	10950	valid_loss	18940.484375
batch	10980	valid_loss	18764.5168457
batch	11010	valid_loss	18774.9107666
batch	11040	valid_loss	18852.708374
batch	11070	valid_loss	18783.1462402
batch	11100	valid_loss	18788.4979248
batch	11130	valid_loss	18755.4205322
batch	11160	valid_loss	18991.1828613
batch	11190	valid_loss	18683.7772217
batch	11220	valid_loss	18743.3947754
batch	11250	valid_loss	18703.2504883
batch	11280	valid_loss	18701.0870361
batch	11310	valid_loss	18783.7928467
batch	11340	valid_loss	19101.0306396
batch	11370	valid_loss	18918.3078613
batch	11400	valid_loss	18694.262085
batch	11430	valid_loss	18625.7388916
batch	11460	valid_loss	18727.9814453
batch	11490	valid_loss	18677.583252
batch	11520	valid_loss	19569.2740479
batch	11550	valid_loss	18748.7376709
batch	11580	valid_loss	18682.638916
batch	11610	valid_loss	18834.9729004
batch	11640	valid_loss	18759.3458252
batch	11670	valid_loss	18710.2225342
batch	11700	valid_loss	18688.3337402
batch	11730	valid_loss	18935.7427979
batch	11760	valid_loss	18718.2255859
batch	11790	valid_loss	19109.762085
batch	11820	valid_loss	18683.369751
batch	11850	valid_loss	19977.5343018
batch	11880	valid_loss	18705.4530029
batch	11910	valid_loss	18646.2421875
batch	11940	valid_loss	18727.4591064
batch	11970	valid_loss	19145.9104004
batch	12000	valid_loss	18974.5932617
batch	12030	valid_loss	18701.0424805
batch	12060	valid_loss	18796.9552002
batch	12090	valid_loss	18734.4411621
batch	12120	valid_loss	18621.567749
batch	12150	valid_loss	18823.2897949
batch	12180	valid_loss	18709.2841797
batch	12210	valid_loss	19276.4614258
batch	12240	valid_loss	18697.2062988
batch	12270	valid_loss	19015.2601318
batch	12300	valid_loss	18585.9089355
batch	12330	valid_loss	18645.793335
batch	12360	valid_loss	18911.2520752
batch	12390	valid_loss	18630.7425537
batch	12420	valid_loss	18552.2530518
batch	12450	valid_loss	18603.2058105
batch	12480	valid_loss	19142.8935547
batch	12510	valid_loss	18693.0855713
batch	12540	valid_loss	18692.7025146
batch	12570	valid_loss	18818.012085
batch	12600	valid_loss	18591.3521729
batch	12630	valid_loss	18980.6170654
batch	12660	valid_loss	18564.9212646
batch	12690	valid_loss	19808.1204834
batch	12720	valid_loss	18590.2789307
batch	12750	valid_loss	18514.7890625
batch	12780	valid_loss	18736.1079102
batch	12810	valid_loss	18695.0205078
batch	12840	valid_loss	18531.8363037
batch	12870	valid_loss	18570.0844727
batch	12900	valid_loss	19176.5473633
batch	12930	valid_loss	18669.5872803
batch	12960	valid_loss	18654.8352051
batch	12990	valid_loss	18899.5996094
batch	13020	valid_loss	18545.9060059
batch	13050	valid_loss	18546.4415283
batch	13080	valid_loss	18643.4208984
batch	13110	valid_loss	18665.324707
batch	13140	valid_loss	18540.7965088
batch	13170	valid_loss	18531.7459717
batch	13200	valid_loss	18582.8640137
batch	13230	valid_loss	18729.5019531
batch	13260	valid_loss	18693.7341309
batch	13290	valid_loss	18540.630249
batch	13320	valid_loss	18549.3170166
batch	13350	valid_loss	18587.5014648
batch	13380	valid_loss	18543.4348145
batch	13410	valid_loss	20115.0976562
batch	13440	valid_loss	18598.7390137
batch	13470	valid_loss	18518.7044678
batch	13500	valid_loss	18649.7199707
batch	13530	valid_loss	18662.1462402
batch	13560	valid_loss	18671.0128174
batch	13590	valid_loss	18523.8250732
batch	13620	valid_loss	19066.1021729
batch	13650	valid_loss	18586.9963379
batch	13680	valid_loss	18456.8109131
batch	13710	valid_loss	18619.1209717
batch	13740	valid_loss	18481.4866943
batch	13770	valid_loss	18499.3635254
batch	13800	valid_loss	18495.9997559
batch	13830	valid_loss	18576.668457
batch	13860	valid_loss	18817.5936279
batch	13890	valid_loss	18443.7913818
batch	13920	valid_loss	18665.6118164
batch	13950	valid_loss	18496.7181396
batch	13980	valid_loss	18396.7735596
batch	14010	valid_loss	18461.9731445
batch	14040	valid_loss	18712.7094727
batch	14070	valid_loss	18493.3935547
batch	14100	valid_loss	18424.8706055
batch	14130	valid_loss	18427.434082
batch	14160	valid_loss	18459.9383545
batch	14190	valid_loss	18512.0203857
batch	14220	valid_loss	18426.0426025
batch	14250	valid_loss	18631.1005859
batch	14280	valid_loss	18753.7723389
batch	14310	valid_loss	18389.3823242
batch	14340	valid_loss	18563.5375977
batch	14370	valid_loss	18405.0571289
batch	14400	valid_loss	18395.3121338
batch	14430	valid_loss	19069.3651123
batch	14460	valid_loss	18453.1832275
batch	14490	valid_loss	18474.4580078
batch	14520	valid_loss	18464.7508545
batch	14550	valid_loss	18498.6713867
batch	14580	valid_loss	18431.6563721
batch	14610	valid_loss	18493.4326172
batch	14640	valid_loss	18466.331543
batch	14670	valid_loss	18423.8677979
batch	14700	valid_loss	18382.751709
batch	14730	valid_loss	18367.7033691
batch	14760	valid_loss	18455.2492676
batch	14790	valid_loss	18624.8265381
batch	14820	valid_loss	18393.4302979
batch	14850	valid_loss	18781.9985352
batch	14880	valid_loss	18491.4912109
batch	14910	valid_loss	18554.9846191
batch	14940	valid_loss	18431.3234863
batch	14970	valid_loss	18378.0737305
batch	15000	valid_loss	18449.2253418
batch	15030	valid_loss	18349.4949951
batch	15060	valid_loss	18421.6502686
batch	15090	valid_loss	18490.7581787
batch	15120	valid_loss	18371.4481201
batch	15150	valid_loss	18757.9516602
batch	15180	valid_loss	18367.9283447
batch	15210	valid_loss	18529.5068359
batch	15240	valid_loss	18435.0688477
batch	15270	valid_loss	18394.4134521
batch	15300	valid_loss	18517.9093018
batch	15330	valid_loss	18337.0462646
batch	15360	valid_loss	18285.0786133
batch	15390	valid_loss	19427.8297119
batch	15420	valid_loss	18349.8078613
batch	15450	valid_loss	18306.260376
batch	15480	valid_loss	18554.6601562
batch	15510	valid_loss	18342.9622803
batch	15540	valid_loss	18674.1188965
batch	15570	valid_loss	18338.548584
batch	15600	valid_loss	18444.2144775
batch	15630	valid_loss	18561.2786865
batch	15660	valid_loss	18293.9786377
batch	15690	valid_loss	18402.1451416
batch	15720	valid_loss	18825.6538086
batch	15750	valid_loss	18401.612793
batch	15780	valid_loss	18289.567749
batch	15810	valid_loss	18458.0408936
batch	15840	valid_loss	18314.4945068
batch	15870	valid_loss	18276.4918213
batch	15900	valid_loss	18391.7559814
batch	15930	valid_loss	18492.62146
batch	15960	valid_loss	18333.0168457
batch	15990	valid_loss	18285.0766602
batch	16020	valid_loss	18332.0338135
batch	16050	valid_loss	18353.3370361
batch	16080	valid_loss	18307.4447021
batch	16110	valid_loss	18501.0938721
batch	16140	valid_loss	18326.4151611
batch	16170	valid_loss	18310.0031738
batch	16200	valid_loss	18244.6937256
batch	16230	valid_loss	18264.8851318
batch	16260	valid_loss	18296.5675049
batch	16290	valid_loss	18285.6933594
batch	16320	valid_loss	18548.3125
batch	16350	valid_loss	18376.9821777
batch	16380	valid_loss	18258.5301514
batch	16410	valid_loss	18328.4663086
batch	16440	valid_loss	18347.9501953
batch	16470	valid_loss	18249.1191406
batch	16500	valid_loss	18359.9779053
batch	16530	valid_loss	18283.3326416
batch	16560	valid_loss	18528.2675781
batch	16590	valid_loss	18229.0708008
batch	16620	valid_loss	18337.0875244
batch	16650	valid_loss	18626.9401855
batch	16680	valid_loss	18294.8192139
batch	16710	valid_loss	18216.3734131
batch	16740	valid_loss	18316.6403809
batch	16770	valid_loss	18348.4949951
batch	16800	valid_loss	18273.3022461
batch	16830	valid_loss	18490.524292
batch	16860	valid_loss	18509.5251465
batch	16890	valid_loss	18284.3111572
batch	16920	valid_loss	18204.8156738
batch	16950	valid_loss	18522.9196777
batch	16980	valid_loss	18286.6627197
batch	17010	valid_loss	18205.9761963
batch	17040	valid_loss	18422.1848145
batch	17070	valid_loss	18240.0245361
batch	17100	valid_loss	18253.5881348
batch	17130	valid_loss	18259.4012451
batch	17160	valid_loss	18190.5742188
batch	17190	valid_loss	19586.2883301
batch	17220	valid_loss	18213.7332764
batch	17250	valid_loss	18210.604248
batch	17280	valid_loss	18300.0493164
batch	17310	valid_loss	18234.7299805
batch	17340	valid_loss	18156.7843018
batch	17370	valid_loss	18294.1433105
batch	17400	valid_loss	18290.4536133
batch	17430	valid_loss	18262.9311523
batch	17460	valid_loss	18256.7340088
batch	17490	valid_loss	18254.7584229
batch	17520	valid_loss	18247.3286133
batch	17550	valid_loss	18175.9857178
batch	17580	valid_loss	18243.3214111
batch	17610	valid_loss	18283.3903809
batch	17640	valid_loss	18252.649292
batch	17670	valid_loss	18142.6691895
batch	17700	valid_loss	18189.755127
batch	17730	valid_loss	18322.6677246
batch	17760	valid_loss	18137.8879395
batch	17790	valid_loss	18187.2663574
batch	17820	valid_loss	18197.9395752
batch	17850	valid_loss	18491.4042969
batch	17880	valid_loss	18232.0463867
batch	17910	valid_loss	18607.3320312
batch	17940	valid_loss	18169.3037109
batch	17970	valid_loss	18345.3220215
batch	18000	valid_loss	18171.2099609
batch	18030	valid_loss	18174.6661377
batch	18060	valid_loss	18163.8139648
batch	18090	valid_loss	18618.1433105
batch	18120	valid_loss	18227.2651367
batch	18150	valid_loss	18121.484375
batch	18180	valid_loss	18187.0655518
batch	18210	valid_loss	18283.5192871
batch	18240	valid_loss	18141.6717529
batch	18270	valid_loss	18581.8880615
batch	18300	valid_loss	18209.3061523
batch	18330	valid_loss	18150.2315674
batch	18360	valid_loss	18116.2027588
batch	18390	valid_loss	18106.0187988
batch	18420	valid_loss	18205.1116943
batch	18450	valid_loss	18107.4587402
batch	18480	valid_loss	18045.0827637
batch	18510	valid_loss	18180.9162598
batch	18540	valid_loss	18146.5407715
batch	18570	valid_loss	18021.7559814
batch	18600	valid_loss	21504.8681641
batch	18630	valid_loss	18113.7019043
batch	18660	valid_loss	18083.1895752
batch	18690	valid_loss	18097.1341553
batch	18720	valid_loss	17995.4437256
batch	18750	valid_loss	18175.6689453
batch	18780	valid_loss	18058.3703613
batch	18810	valid_loss	18184.9973145
batch	18840	valid_loss	18112.7961426
batch	18870	valid_loss	18065.3887939
batch	18900	valid_loss	17971.0531006
batch	18930	valid_loss	18954.3243408
batch	18960	valid_loss	18040.7318115
batch	18990	valid_loss	18041.5380859
batch	19020	valid_loss	18052.4995117
batch	19050	valid_loss	18065.854248
batch	19080	valid_loss	18503.0373535
batch	19110	valid_loss	18001.0699463
batch	19140	valid_loss	18220.8448486
batch	19170	valid_loss	18128.8154297
batch	19200	valid_loss	18025.6369629
batch	19230	valid_loss	18252.6862793
batch	19260	valid_loss	18021.8516846
batch	19290	valid_loss	18658.3988037
batch	19320	valid_loss	17974.0982666
batch	19350	valid_loss	17954.5916748
batch	19380	valid_loss	18970.4859619
batch	19410	valid_loss	18011.5194092
batch	19440	valid_loss	18029.8918457
batch	19470	valid_loss	18223.5948486
batch	19500	valid_loss	18004.4732666
batch	19530	valid_loss	18228.3950195
batch	19560	valid_loss	17985.4517822
batch	19590	valid_loss	17962.99646
batch	19620	valid_loss	18149.8934326
batch	19650	valid_loss	18023.467041
batch	19680	valid_loss	17991.4157715
batch	19710	valid_loss	17927.618042
batch	19740	valid_loss	18097.5439453
batch	19770	valid_loss	18165.2608643
batch	19800	valid_loss	17964.4191895
batch	19830	valid_loss	17920.0158691
batch	19860	valid_loss	18269.8461914
batch	19890	valid_loss	17972.7805176
batch	19920	valid_loss	18001.5270996
batch	19950	valid_loss	17955.7495117
batch	19980	valid_loss	17889.1434326
batch	20010	valid_loss	18008.2889404
batch	20040	valid_loss	17845.9658203
batch	20070	valid_loss	17925.3043213
batch	20100	valid_loss	17993.9924316
batch	20130	valid_loss	18039.8619385
batch	20160	valid_loss	17905.2009277
batch	20190	valid_loss	17936.4351807
batch	20220	valid_loss	18217.9189453
batch	20250	valid_loss	17954.0740967
batch	20280	valid_loss	17882.1876221
batch	20310	valid_loss	18318.7497559
batch	20340	valid_loss	17865.8059082
batch	20370	valid_loss	17888.2321777
batch	20400	valid_loss	18262.7409668
batch	20430	valid_loss	17958.0144043
batch	20460	valid_loss	17909.8452148
batch	20490	valid_loss	17930.9934082
batch	20520	valid_loss	18633.3580322
batch	20550	valid_loss	17871.5581055
batch	20580	valid_loss	17881.0045166
batch	20610	valid_loss	18581.8201904
batch	20640	valid_loss	17893.4759521
batch	20670	valid_loss	17798.4595947
batch	20700	valid_loss	17899.0352783
batch	20730	valid_loss	17871.4046631
batch	20760	valid_loss	17841.2976074
batch	20790	valid_loss	18132.4523926
batch	20820	valid_loss	17825.9047852
batch	20850	valid_loss	17840.0891113
batch	20880	valid_loss	17786.5426025
batch	20910	valid_loss	17956.5101318
batch	20940	valid_loss	17875.4508057
batch	20970	valid_loss	17860.0321045
batch	21000	valid_loss	17828.0201416
batch	21030	valid_loss	18193.3389893
batch	21060	valid_loss	17836.3719482
batch	21090	valid_loss	17827.6424561
batch	21120	valid_loss	17932.8087158
batch	21150	valid_loss	17773.3536377
batch	21180	valid_loss	17762.0253906
batch	21210	valid_loss	17755.5982666
batch	21240	valid_loss	17868.8564453
batch	21270	valid_loss	17727.8685303
batch	21300	valid_loss	17808.1584473
batch	21330	valid_loss	17910.199585
batch	21360	valid_loss	17724.6223145
batch	21390	valid_loss	17658.6661377
batch	21420	valid_loss	17768.4466553
batch	21450	valid_loss	17662.2670898
batch	21480	valid_loss	18679.0037842
batch	21510	valid_loss	17694.2545166
batch	21540	valid_loss	17621.6544189
batch	21570	valid_loss	17695.7261963
batch	21600	valid_loss	17580.388916
batch	21630	valid_loss	17953.3665771
batch	21660	valid_loss	17719.725708
batch	21690	valid_loss	17688.8518066
batch	21720	valid_loss	17601.6132812
batch	21750	valid_loss	17679.4219971
batch	21780	valid_loss	17675.536377
batch	21810	valid_loss	17687.8779297
batch	21840	valid_loss	17591.6605225
batch	21870	valid_loss	17628.9118652
batch	21900	valid_loss	17640.7209473
batch	21930	valid_loss	17609.9603271
batch	21960	valid_loss	17708.2092285
batch	21990	valid_loss	17691.6812744
batch	22020	valid_loss	17556.7596436
batch	22050	valid_loss	17764.6540527
batch	22080	valid_loss	17540.048584
batch	22110	valid_loss	17718.8483887
batch	22140	valid_loss	17676.9064941
batch	22170	valid_loss	17595.9527588
batch	22200	valid_loss	17538.3979492
batch	22230	valid_loss	17504.7598877
batch	22260	valid_loss	17551.3139648
batch	22290	valid_loss	17739.6447754
batch	22320	valid_loss	17532.1292725
batch	22350	valid_loss	17490.154541
batch	22380	valid_loss	17493.8079834
batch	22410	valid_loss	17568.1394043
batch	22440	valid_loss	17464.1993408
batch	22470	valid_loss	17465.5231934
batch	22500	valid_loss	17480.7578125
batch	22530	valid_loss	18154.1931152
batch	22560	valid_loss	17561.3287354
batch	22590	valid_loss	17572.5593262
batch	22620	valid_loss	17625.2843018
batch	22650	valid_loss	17523.7426758
batch	22680	valid_loss	17448.7475586
batch	22710	valid_loss	17704.8811035
batch	22740	valid_loss	17417.6640625
batch	22770	valid_loss	17473.4710693
batch	22800	valid_loss	17461.0789795
batch	22830	valid_loss	17515.7182617
batch	22860	valid_loss	17401.6555176
batch	22890	valid_loss	17464.5866699
batch	22920	valid_loss	17686.5028076
batch	22950	valid_loss	17369.5219727
batch	22980	valid_loss	17453.949707
batch	23010	valid_loss	17519.1507568
batch	23040	valid_loss	17346.8151855
batch	23070	valid_loss	17995.4763184
batch	23100	valid_loss	17269.1616211
batch	23130	valid_loss	17334.1060791
batch	23160	valid_loss	17255.6793213
batch	23190	valid_loss	17437.7075195
batch	23220	valid_loss	17484.6439209
batch	23250	valid_loss	17367.6951904
batch	23280	valid_loss	17524.6911621
batch	23310	valid_loss	17346.7244873
batch	23340	valid_loss	17299.5820312
batch	23370	valid_loss	17314.7071533
batch	23400	valid_loss	17325.9931641
batch	23430	valid_loss	17301.6080322
batch	23460	valid_loss	17189.4129639
batch	23490	valid_loss	17231.1949463
batch	23520	valid_loss	17248.0450439
batch	23550	valid_loss	17290.3377686
batch	23580	valid_loss	17253.4777832
batch	23610	valid_loss	17396.1499023
batch	23640	valid_loss	17415.3162842
batch	23670	valid_loss	17221.0449219
batch	23700	valid_loss	17391.2093506
batch	23730	valid_loss	17214.5992432
batch	23760	valid_loss	17159.9796143
batch	23790	valid_loss	17127.3138428
batch	23820	valid_loss	17220.7519531
batch	23850	valid_loss	17232.3033447
batch	23880	valid_loss	17100.9179688
batch	23910	valid_loss	17086.2692871
batch	23940	valid_loss	17238.2758789
batch	23970	valid_loss	17170.1505127
batch	24000	valid_loss	17066.2265625
batch	24030	valid_loss	17159.5036621
batch	24060	valid_loss	17087.6848145
batch	24090	valid_loss	17053.2705078
batch	24120	valid_loss	17160.2738037
batch	24150	valid_loss	17315.2165527
batch	24180	valid_loss	17047.7811279
batch	24210	valid_loss	17146.9637451
batch	24240	valid_loss	17049.8527832
batch	24270	valid_loss	16965.9467773
batch	24300	valid_loss	16989.0076904
batch	24330	valid_loss	17007.4595947
batch	24360	valid_loss	17743.7896729
batch	24390	valid_loss	16927.7491455
batch	24420	valid_loss	16956.3476562
batch	24450	valid_loss	17023.3022461
batch	24480	valid_loss	16958.4233398
batch	24510	valid_loss	16877.7935791
batch	24540	valid_loss	17386.2429199
batch	24570	valid_loss	16939.8759766
batch	24600	valid_loss	16889.3095703
batch	24630	valid_loss	16821.77771
batch	24660	valid_loss	17198.6268311
batch	24690	valid_loss	16988.1590576
batch	24720	valid_loss	16808.7119141
batch	24750	valid_loss	16796.9422607
batch	24780	valid_loss	17068.402832
batch	24810	valid_loss	16808.2672119
batch	24840	valid_loss	17600.6884766
batch	24870	valid_loss	16838.2386475
batch	24900	valid_loss	16794.8563232
batch	24930	valid_loss	16848.9296875
batch	24960	valid_loss	16755.157959
batch	24990	valid_loss	16982.3820801
STOP
