STOPPED
survived	5660
config	20	360
train_cost	91573.4
test_last_results	23187.4	23183.8	23182.6	23184.9	23183.2	23192.4	23188.3	23184.2	23199.2	23192.6	23186.6	23199.9	23198.5	23189.9	23195.8	23191.1	23195.6	23174.4	23186.4	23177.7	23175.7	23204.2	23208.0	23203.2	23202.6	23196.1	23212.2	23195.8	23190.2	23191.4
STOPPED
survived	7080
config	294	178	315	20	315	178	294	360
train_cost	114195.0
test_last_results	28769.8	28770.3	28812.0	28767.9	28777.7	28788.6	28738.6	28755.4	28723.6	28756.1	28755.3	28760.2	28743.9	28753.4	28725.4	28773.4	28730.5	28743.7	28734.6	28750.0	28740.3	28894.8	28805.1	29147.2	28912.7	28986.9	28925.4	28923.6	28877.5	28883.8
STOPPED
survived	1580
config	20	360
train_cost	91804.3
test_last_results	23240.4	23261.4	23257.4	23250.9	23245.8	23229.1	23236.7	23232.2	23247.2	23231.0	23237.0	23229.5	23241.8	23233.6	23235.7	23234.3	23249.6	23235.3	23236.7	23238.6	23230.3	23231.9	23255.0	23247.3	23237.0	23247.8	23257.9	23257.6	23247.6	23249.0
STOPPED
survived	1860
config	119	209	233	116	20	116	233	209	119	360
train_cost	182514.0
test_last_results	45754.4	45759.8	45715.2	45809.1	45729.9	45777.5	45804.8	45896.8	45782.4	45844.5	45721.7	45727.3	45745.5	45753.0	45753.6	45794.9	45706.5	45747.7	45712.4	45748.8	45739.2	45854.3	45766.9	45759.9	45873.3	45865.7	45776.8	45759.2	45729.8	45756.1
STOPPED
survived	4420
config	275	137	263	103	20	103	263	137	275	360
train_cost	117569.0
test_last_results	29095.2	29111.6	29066.2	29060.9	29155.2	29071.3	29044.4	29030.2	29024.6	29031.4	29066.2	29018.6	28998.5	29020.1	29008.9	29161.1	29004.7	29006.6	29064.7	29060.4	29040.4	29060.0	30116.4	29750.1	29773.9	29669.1	29661.9	29643.9	29677.8	29724.4
STOPPED
survived	3300
config	347	174	200	236	20	236	200	174	347	360
train_cost	182635.0
test_last_results	45789.8	45878.3	45832.4	45976.8	45854.9	45736.6	45838.3	45855.4	45930.9	46056.3	45784.3	45795.3	45761.4	45756.2	45775.6	45774.5	45753.2	45761.7	45746.3	45762.1	45751.0	45856.0	45826.7	45890.6	45802.4	45963.3	45771.6	45852.9	45831.2	45796.0
STOPPED
survived	6420
config	96	343	100	333	20	333	100	343	96	360
train_cost	182705.0
test_last_results	45871.5	46196.6	45795.8	45778.9	45798.0	45842.2	45856.8	45887.0	45828.9	45859.5	45812.4	45803.5	45801.2	45869.7	45788.7	45798.2	45838.3	45803.4	45824.8	45815.5	45787.5	45854.8	45851.8	45878.3	45805.8	45829.7	46028.5	45841.6	45828.3	45816.7
STOPPED
survived	2500
config	96	343	100	333	20	333	100	343	96	360
train_cost	182872.0
test_last_results	45773.9	45857.5	45813.9	45839.7	45920.3	46150.5	45786.7	45771.9	45862.0	45772.2	45804.1	45787.0	45758.7	45813.8	45778.0	45896.5	45805.7	45787.6	45807.6	45796.9	45763.7	45822.3	45803.0	45814.0	45822.4	45902.2	45835.5	45921.9	45860.7	45810.8
STOPPED
survived	4220
config	299	292	211	268	20	268	211	292	299	360
train_cost	183006.0
test_last_results	45770.9	45750.6	45810.9	45981.2	45791.9	45920.1	45856.4	45795.4	45774.5	45731.9	45926.0	45752.0	45739.9	45763.2	45747.4	45767.7	45742.7	45763.1	45834.2	45742.3	45757.0	45793.6	45803.1	45769.1	45788.4	45810.6	45763.1	45855.5	45862.3	45914.8
STOPPED
survived	4580
config	88	232	268	163	20	163	268	232	88	360
train_cost	183028.0
test_last_results	45773.3	45783.8	45764.3	45786.4	45742.6	45715.0	45781.8	45797.7	45765.8	45830.0	45790.5	45795.6	45784.6	45745.7	45772.0	45750.1	45749.6	45768.0	45738.7	45727.5	45757.6	45863.6	45797.5	45782.3	45828.9	45809.1	46029.8	45836.1	45758.8	45927.1
STOPPED
survived	7580
config	20	360
train_cost	91542.0
test_last_results	23199.1	23202.3	23184.4	23183.9	23186.1	23189.9	23180.8	23171.9	23175.4	23202.2	23190.5	23192.0	23188.5	23176.8	23176.9	23187.3	23180.5	23187.5	23182.1	23188.6	23185.7	23197.6	23191.1	23184.4	23190.7	23191.1	23207.3	23192.0	23207.2	23191.4
