START
config	900	700	100	700	900	960
batch	0	valid_loss	5308867.65625
batch	30	valid_loss	143910.680664
batch	60	valid_loss	101741.480469
batch	90	valid_loss	99843.8154297
batch	120	valid_loss	99741.3691406
batch	150	valid_loss	99838.5126953
batch	180	valid_loss	99787.2080078
batch	210	valid_loss	99798.6064453
batch	240	valid_loss	99836.3544922
batch	270	valid_loss	99857.0898438
batch	300	valid_loss	99854.1865234
batch	330	valid_loss	99906.7753906
batch	360	valid_loss	99874.46875
batch	390	valid_loss	99887.5966797
batch	420	valid_loss	99724.7871094
batch	450	valid_loss	99587.4550781
batch	480	valid_loss	99072.9638672
batch	510	valid_loss	97795.8603516
batch	540	valid_loss	95886.0478516
batch	570	valid_loss	93578.4799805
batch	600	valid_loss	92120.2441406
batch	630	valid_loss	91414.5185547
batch	660	valid_loss	91068.6362305
batch	690	valid_loss	90771.0239258
batch	720	valid_loss	90491.5893555
batch	750	valid_loss	90285.5332031
batch	780	valid_loss	89961.4155273
batch	810	valid_loss	89586.9125977
batch	840	valid_loss	89260.6674805
batch	870	valid_loss	88932.3842773
batch	900	valid_loss	88603.0727539
batch	930	valid_loss	88417.7597656
batch	960	valid_loss	88217.5244141
batch	990	valid_loss	88034.3349609
batch	1020	valid_loss	87829.7724609
batch	1050	valid_loss	87534.5234375
batch	1080	valid_loss	87450.4750977
batch	1110	valid_loss	87343.2763672
batch	1140	valid_loss	87160.3125
batch	1170	valid_loss	87036.8623047
batch	1200	valid_loss	86911.2841797
batch	1230	valid_loss	86832.5722656
batch	1260	valid_loss	86723.8769531
batch	1290	valid_loss	86539.5688477
batch	1320	valid_loss	86376.027832
batch	1350	valid_loss	86263.5307617
batch	1380	valid_loss	86139.0483398
batch	1410	valid_loss	86054.4931641
batch	1440	valid_loss	85820.7006836
batch	1470	valid_loss	85528.9433594
batch	1500	valid_loss	85238.703125
batch	1530	valid_loss	84880.0566406
batch	1560	valid_loss	84584.9462891
batch	1590	valid_loss	84151.1328125
batch	1620	valid_loss	83767.8500977
batch	1650	valid_loss	83641.9599609
batch	1680	valid_loss	83417.9248047
batch	1710	valid_loss	83227.6308594
batch	1740	valid_loss	82991.2539062
batch	1770	valid_loss	82944.7358398
batch	1800	valid_loss	82701.1811523
batch	1830	valid_loss	82211.6176758
batch	1860	valid_loss	81898.7070312
batch	1890	valid_loss	81741.8725586
batch	1920	valid_loss	81540.628418
batch	1950	valid_loss	81224.1542969
batch	1980	valid_loss	81006.894043
batch	2010	valid_loss	80650.7749023
batch	2040	valid_loss	80707.5141602
batch	2070	valid_loss	79969.5922852
batch	2100	valid_loss	79624.2207031
batch	2130	valid_loss	79367.222168
batch	2160	valid_loss	78999.5874023
batch	2190	valid_loss	78510.3491211
batch	2220	valid_loss	79015.1401367
batch	2250	valid_loss	77564.1088867
batch	2280	valid_loss	77079.4873047
batch	2310	valid_loss	76778.7207031
batch	2340	valid_loss	77192.3481445
batch	2370	valid_loss	75857.7783203
batch	2400	valid_loss	75579.3154297
batch	2430	valid_loss	75404.1938477
batch	2460	valid_loss	74829.0361328
batch	2490	valid_loss	77922.4545898
batch	2520	valid_loss	74298.4716797
batch	2550	valid_loss	74019.6367188
batch	2580	valid_loss	75013.3881836
batch	2610	valid_loss	73826.3666992
batch	2640	valid_loss	73448.6201172
batch	2670	valid_loss	72980.078125
batch	2700	valid_loss	73083.4633789
batch	2730	valid_loss	72543.8754883
batch	2760	valid_loss	72321.262207
batch	2790	valid_loss	71975.6889648
batch	2820	valid_loss	72558.71875
batch	2850	valid_loss	71467.7226562
batch	2880	valid_loss	71151.5786133
batch	2910	valid_loss	71232.9345703
batch	2940	valid_loss	70764.003418
batch	2970	valid_loss	70555.590332
batch	3000	valid_loss	70600.7719727
batch	3030	valid_loss	70578.6518555
batch	3060	valid_loss	69865.1157227
batch	3090	valid_loss	69584.2670898
batch	3120	valid_loss	69431.7329102
batch	3150	valid_loss	69244.6352539
batch	3180	valid_loss	70560.1474609
batch	3210	valid_loss	68995.2348633
batch	3240	valid_loss	69114.8769531
batch	3270	valid_loss	68610.1601562
batch	3300	valid_loss	72863.0732422
batch	3330	valid_loss	68097.1870117
batch	3360	valid_loss	67796.612793
batch	3390	valid_loss	67521.4794922
batch	3420	valid_loss	67889.7382812
batch	3450	valid_loss	67324.4379883
batch	3480	valid_loss	66871.8974609
batch	3510	valid_loss	66804.0703125
batch	3540	valid_loss	66571.1835938
batch	3570	valid_loss	66881.6879883
batch	3600	valid_loss	66347.1894531
batch	3630	valid_loss	65975.144043
batch	3660	valid_loss	65875.3647461
batch	3690	valid_loss	66133.644043
batch	3720	valid_loss	65385.3579102
batch	3750	valid_loss	65641.3823242
batch	3780	valid_loss	64973.1357422
batch	3810	valid_loss	65235.2768555
batch	3840	valid_loss	65902.8217773
batch	3870	valid_loss	65108.4902344
batch	3900	valid_loss	64671.8388672
batch	3930	valid_loss	64377.5400391
batch	3960	valid_loss	64077.5366211
batch	3990	valid_loss	63909.0859375
batch	4020	valid_loss	63632.2631836
batch	4050	valid_loss	66403.2163086
batch	4080	valid_loss	63397.3051758
batch	4110	valid_loss	63453.9936523
batch	4140	valid_loss	63396.6674805
batch	4170	valid_loss	62749.7299805
batch	4200	valid_loss	62746.9702148
batch	4230	valid_loss	62422.4130859
batch	4260	valid_loss	62715.1977539
batch	4290	valid_loss	62106.3193359
batch	4320	valid_loss	62083.4389648
batch	4350	valid_loss	62124.9936523
batch	4380	valid_loss	61976.5483398
batch	4410	valid_loss	61763.1162109
batch	4440	valid_loss	61509.2963867
batch	4470	valid_loss	62131.5922852
batch	4500	valid_loss	61361.9907227
batch	4530	valid_loss	61019.9023438
batch	4560	valid_loss	61091.8852539
batch	4590	valid_loss	60728.4672852
batch	4620	valid_loss	60614.5683594
batch	4650	valid_loss	62677.6630859
batch	4680	valid_loss	60420.1762695
batch	4710	valid_loss	60135.2553711
batch	4740	valid_loss	59986.2246094
batch	4770	valid_loss	59892.2270508
batch	4800	valid_loss	59751.4873047
batch	4830	valid_loss	59740.652832
batch	4860	valid_loss	59536.9414062
batch	4890	valid_loss	60932.1845703
batch	4920	valid_loss	59165.8740234
batch	4950	valid_loss	58943.6518555
batch	4980	valid_loss	59459.1884766
batch	5010	valid_loss	58601.6503906
batch	5040	valid_loss	58394.3417969
batch	5070	valid_loss	59931.2490234
batch	5100	valid_loss	58044.7275391
batch	5130	valid_loss	58056.2041016
batch	5160	valid_loss	59084.4946289
batch	5190	valid_loss	57720.03125
batch	5220	valid_loss	57402.4794922
batch	5250	valid_loss	57445.6982422
batch	5280	valid_loss	58488.0224609
batch	5310	valid_loss	57021.8647461
batch	5340	valid_loss	56702.4345703
batch	5370	valid_loss	56660.3256836
batch	5400	valid_loss	56693.3085938
batch	5430	valid_loss	56530.7670898
batch	5460	valid_loss	56332.3637695
batch	5490	valid_loss	56856.4291992
batch	5520	valid_loss	56207.8466797
batch	5550	valid_loss	55921.3842773
batch	5580	valid_loss	55791.1137695
batch	5610	valid_loss	55900.309082
batch	5640	valid_loss	55777.4418945
batch	5670	valid_loss	55893.5678711
batch	5700	valid_loss	55488.1142578
batch	5730	valid_loss	55333.5302734
batch	5760	valid_loss	56267.1577148
batch	5790	valid_loss	55587.3193359
batch	5820	valid_loss	54994.9970703
batch	5850	valid_loss	54899.8222656
batch	5880	valid_loss	54887.3061523
batch	5910	valid_loss	54959.675293
batch	5940	valid_loss	54669.3842773
batch	5970	valid_loss	54572.6845703
batch	6000	valid_loss	55174.6630859
batch	6030	valid_loss	54481.0668945
batch	6060	valid_loss	54243.3320312
batch	6090	valid_loss	54094.3623047
batch	6120	valid_loss	54266.3945312
batch	6150	valid_loss	54160.2817383
batch	6180	valid_loss	53759.3432617
batch	6210	valid_loss	54127.965332
batch	6240	valid_loss	53508.284668
batch	6270	valid_loss	54369.8178711
batch	6300	valid_loss	53314.5844727
batch	6330	valid_loss	54205.2207031
batch	6360	valid_loss	52888.15625
batch	6390	valid_loss	52835.5976562
batch	6420	valid_loss	52698.3466797
batch	6450	valid_loss	52472.3012695
batch	6480	valid_loss	52318.2958984
batch	6510	valid_loss	52556.34375
batch	6540	valid_loss	52024.7231445
batch	6570	valid_loss	53476.3818359
batch	6600	valid_loss	51730.1040039
batch	6630	valid_loss	54310.7758789
batch	6660	valid_loss	51553.4248047
batch	6690	valid_loss	51545.5634766
batch	6720	valid_loss	51279.4121094
batch	6750	valid_loss	51698.9643555
batch	6780	valid_loss	51158.9267578
batch	6810	valid_loss	51217.6538086
batch	6840	valid_loss	50845.9296875
batch	6870	valid_loss	50739.9790039
batch	6900	valid_loss	50484.5668945
batch	6930	valid_loss	50699.3432617
batch	6960	valid_loss	50474.6811523
batch	6990	valid_loss	50351.9936523
batch	7020	valid_loss	50242.4946289
batch	7050	valid_loss	49953.6572266
batch	7080	valid_loss	50025.8007812
batch	7110	valid_loss	49900.5302734
batch	7140	valid_loss	49951.6933594
batch	7170	valid_loss	49608.4057617
batch	7200	valid_loss	49616.7583008
batch	7230	valid_loss	49362.2109375
batch	7260	valid_loss	49229.8369141
batch	7290	valid_loss	49916.859375
batch	7320	valid_loss	49030.0078125
batch	7350	valid_loss	48954.7827148
batch	7380	valid_loss	48770.7075195
batch	7410	valid_loss	49218.1938477
batch	7440	valid_loss	48811.0219727
batch	7470	valid_loss	48410.8007812
batch	7500	valid_loss	48842.2099609
batch	7530	valid_loss	48398.8808594
batch	7560	valid_loss	48244.4780273
batch	7590	valid_loss	48246.1171875
batch	7620	valid_loss	48201.5234375
batch	7650	valid_loss	47953.5
batch	7680	valid_loss	47736.7126465
batch	7710	valid_loss	50745.1181641
batch	7740	valid_loss	47502.3244629
batch	7770	valid_loss	47659.5244141
batch	7800	valid_loss	47465.6318359
batch	7830	valid_loss	47198.5620117
batch	7860	valid_loss	48679.4101562
batch	7890	valid_loss	47056.3825684
batch	7920	valid_loss	46979.9169922
batch	7950	valid_loss	47017.2563477
batch	7980	valid_loss	46706.4711914
batch	8010	valid_loss	46805.0585938
batch	8040	valid_loss	46811.1601562
batch	8070	valid_loss	46486.2346191
batch	8100	valid_loss	46483.7714844
batch	8130	valid_loss	46288.2956543
batch	8160	valid_loss	46279.409668
batch	8190	valid_loss	46075.5512695
batch	8220	valid_loss	45849.8745117
batch	8250	valid_loss	45825.8205566
batch	8280	valid_loss	45714.1638184
batch	8310	valid_loss	45433.4450684
batch	8340	valid_loss	45482.1252441
batch	8370	valid_loss	45250.984375
batch	8400	valid_loss	45221.6384277
batch	8430	valid_loss	45188.9794922
batch	8460	valid_loss	44860.5996094
batch	8490	valid_loss	44744.2780762
batch	8520	valid_loss	44877.956543
batch	8550	valid_loss	44894.0476074
batch	8580	valid_loss	44671.6828613
batch	8610	valid_loss	44164.9370117
batch	8640	valid_loss	44367.4577637
batch	8670	valid_loss	44007.0458984
batch	8700	valid_loss	43867.5117188
batch	8730	valid_loss	43888.3967285
batch	8760	valid_loss	43655.763916
batch	8790	valid_loss	43480.8793945
batch	8820	valid_loss	43403.3981934
batch	8850	valid_loss	43249.4890137
batch	8880	valid_loss	43260.3127441
batch	8910	valid_loss	43037.5083008
batch	8940	valid_loss	44037.2487793
batch	8970	valid_loss	42889.380127
batch	9000	valid_loss	42644.6174316
batch	9030	valid_loss	42612.0666504
batch	9060	valid_loss	44401.1862793
batch	9090	valid_loss	42326.4211426
batch	9120	valid_loss	42281.8244629
batch	9150	valid_loss	42225.3115234
batch	9180	valid_loss	42076.3066406
batch	9210	valid_loss	41994.6428223
batch	9240	valid_loss	41774.550293
batch	9270	valid_loss	41590.157959
batch	9300	valid_loss	41839.3151855
batch	9330	valid_loss	41755.7807617
batch	9360	valid_loss	41442.3935547
batch	9390	valid_loss	41072.0407715
batch	9420	valid_loss	41012.5981445
batch	9450	valid_loss	41330.9848633
batch	9480	valid_loss	40843.4941406
batch	9510	valid_loss	40759.8696289
batch	9540	valid_loss	40493.142334
batch	9570	valid_loss	40433.0773926
batch	9600	valid_loss	40332.6176758
batch	9630	valid_loss	40318.1318359
batch	9660	valid_loss	40167.5063477
batch	9690	valid_loss	39991.0144043
batch	9720	valid_loss	39824.2426758
batch	9750	valid_loss	39774.65625
batch	9780	valid_loss	39697.4606934
batch	9810	valid_loss	39637.7543945
batch	9840	valid_loss	39501.3759766
batch	9870	valid_loss	39314.1074219
batch	9900	valid_loss	39310.8977051
batch	9930	valid_loss	39105.2250977
batch	9960	valid_loss	39097.416748
batch	9990	valid_loss	38836.5002441
batch	10020	valid_loss	38729.5422363
batch	10050	valid_loss	38800.6555176
batch	10080	valid_loss	38466.5915527
batch	10110	valid_loss	38716.157959
batch	10140	valid_loss	38883.6010742
batch	10170	valid_loss	38279.7102051
batch	10200	valid_loss	38407.5454102
batch	10230	valid_loss	37869.5837402
batch	10260	valid_loss	39176.9855957
batch	10290	valid_loss	37692.9265137
batch	10320	valid_loss	37479.8071289
batch	10350	valid_loss	37430.111084
batch	10380	valid_loss	37324.4223633
batch	10410	valid_loss	37173.7263184
batch	10440	valid_loss	37178.5808105
batch	10470	valid_loss	36955.2568359
batch	10500	valid_loss	37091.720459
batch	10530	valid_loss	36807.7272949
batch	10560	valid_loss	36744.6730957
batch	10590	valid_loss	36752.4272461
batch	10620	valid_loss	36890.3005371
batch	10650	valid_loss	36473.1813965
batch	10680	valid_loss	36868.657959
batch	10710	valid_loss	36141.3642578
batch	10740	valid_loss	36164.2426758
batch	10770	valid_loss	36279.9089355
batch	10800	valid_loss	35920.9450684
batch	10830	valid_loss	35896.0554199
batch	10860	valid_loss	35604.9394531
batch	10890	valid_loss	35818.4604492
batch	10920	valid_loss	35461.9091797
batch	10950	valid_loss	35474.592041
batch	10980	valid_loss	35277.7243652
batch	11010	valid_loss	35202.5742188
batch	11040	valid_loss	35033.4455566
batch	11070	valid_loss	35325.4655762
batch	11100	valid_loss	34940.3115234
batch	11130	valid_loss	34906.9572754
batch	11160	valid_loss	34767.0456543
batch	11190	valid_loss	34884.0576172
batch	11220	valid_loss	34489.5437012
batch	11250	valid_loss	34464.7375488
batch	11280	valid_loss	34622.0776367
batch	11310	valid_loss	34246.7185059
batch	11340	valid_loss	34320.5847168
batch	11370	valid_loss	34143.1035156
batch	11400	valid_loss	34469.3417969
batch	11430	valid_loss	33879.9619141
batch	11460	valid_loss	33708.3598633
batch	11490	valid_loss	33612.9870605
batch	11520	valid_loss	33492.6855469
batch	11550	valid_loss	33489.4204102
batch	11580	valid_loss	33465.5749512
batch	11610	valid_loss	33190.5021973
batch	11640	valid_loss	33181.5285645
batch	11670	valid_loss	33240.9516602
batch	11700	valid_loss	32954.3391113
batch	11730	valid_loss	33049.7973633
batch	11760	valid_loss	32906.8044434
batch	11790	valid_loss	32600.5251465
batch	11820	valid_loss	32690.1496582
batch	11850	valid_loss	32537.359375
batch	11880	valid_loss	32409.269043
batch	11910	valid_loss	32358.1186523
batch	11940	valid_loss	32320.6501465
batch	11970	valid_loss	32295.9379883
batch	12000	valid_loss	32149.1186523
batch	12030	valid_loss	31997.2773438
batch	12060	valid_loss	31759.7980957
batch	12090	valid_loss	31755.5585938
batch	12120	valid_loss	31639.9526367
batch	12150	valid_loss	32193.9333496
batch	12180	valid_loss	31622.4938965
batch	12210	valid_loss	31857.3601074
batch	12240	valid_loss	31398.6721191
batch	12270	valid_loss	31519.232666
batch	12300	valid_loss	31154.7844238
batch	12330	valid_loss	31082.8344727
batch	12360	valid_loss	30985.9433594
batch	12390	valid_loss	30861.7868652
batch	12420	valid_loss	30830.5632324
batch	12450	valid_loss	30705.152832
batch	12480	valid_loss	30807.6640625
batch	12510	valid_loss	30502.2597656
batch	12540	valid_loss	30723.3476562
batch	12570	valid_loss	30361.2658691
batch	12600	valid_loss	30235.4052734
batch	12630	valid_loss	30150.2749023
batch	12660	valid_loss	30082.1582031
batch	12690	valid_loss	30111.9077148
batch	12720	valid_loss	29891.9724121
batch	12750	valid_loss	29761.5615234
batch	12780	valid_loss	29640.2216797
batch	12810	valid_loss	29679.9250488
batch	12840	valid_loss	29717.3964844
batch	12870	valid_loss	29431.8359375
batch	12900	valid_loss	29409.1079102
batch	12930	valid_loss	29296.9243164
batch	12960	valid_loss	29298.8986816
batch	12990	valid_loss	29046.9206543
batch	13020	valid_loss	28907.546875
batch	13050	valid_loss	28892.5244141
batch	13080	valid_loss	28682.9709473
batch	13110	valid_loss	28770.3068848
batch	13140	valid_loss	28801.1594238
batch	13170	valid_loss	28433.0952148
batch	13200	valid_loss	28389.2321777
batch	13230	valid_loss	28339.9345703
batch	13260	valid_loss	28187.7670898
batch	13290	valid_loss	28134.9897461
batch	13320	valid_loss	27941.3537598
batch	13350	valid_loss	27872.6154785
batch	13380	valid_loss	27814.2785645
batch	13410	valid_loss	27946.0234375
batch	13440	valid_loss	27690.4533691
batch	13470	valid_loss	27595.3835449
batch	13500	valid_loss	27511.4702148
batch	13530	valid_loss	27287.6437988
batch	13560	valid_loss	27259.0603027
batch	13590	valid_loss	27200.876709
batch	13620	valid_loss	27127.536377
batch	13650	valid_loss	26980.059082
batch	13680	valid_loss	26948.8708496
batch	13710	valid_loss	26842.810791
batch	13740	valid_loss	26926.7993164
batch	13770	valid_loss	26924.9060059
batch	13800	valid_loss	26684.9572754
batch	13830	valid_loss	26397.498291
batch	13860	valid_loss	26355.9182129
batch	13890	valid_loss	26307.6906738
batch	13920	valid_loss	26209.6477051
batch	13950	valid_loss	26126.8544922
batch	13980	valid_loss	26043.0021973
batch	14010	valid_loss	26021.1906738
batch	14040	valid_loss	25867.855957
batch	14070	valid_loss	25820.9348145
batch	14100	valid_loss	25702.9052734
batch	14130	valid_loss	25743.763916
batch	14160	valid_loss	25531.0339355
batch	14190	valid_loss	25451.3496094
batch	14220	valid_loss	25362.0021973
batch	14250	valid_loss	25279.0859375
batch	14280	valid_loss	25188.0332031
batch	14310	valid_loss	25152.1489258
batch	14340	valid_loss	24966.9719238
batch	14370	valid_loss	24888.1298828
batch	14400	valid_loss	25016.4855957
batch	14430	valid_loss	24812.2229004
batch	14460	valid_loss	24614.4997559
batch	14490	valid_loss	24531.7375488
batch	14520	valid_loss	24667.9108887
batch	14550	valid_loss	24446.8481445
batch	14580	valid_loss	24335.597168
batch	14610	valid_loss	24234.1115723
batch	14640	valid_loss	24218.9616699
batch	14670	valid_loss	24077.0402832
batch	14700	valid_loss	24059.0252686
batch	14730	valid_loss	23915.2585449
batch	14760	valid_loss	23858.5644531
batch	14790	valid_loss	23754.1468506
batch	14820	valid_loss	23593.583252
batch	14850	valid_loss	23624.447876
batch	14880	valid_loss	23450.5742188
batch	14910	valid_loss	23384.8222656
batch	14940	valid_loss	23369.3286133
batch	14970	valid_loss	23220.6558838
batch	15000	valid_loss	23191.7407227
batch	15030	valid_loss	23042.899292
batch	15060	valid_loss	22883.4661865
batch	15090	valid_loss	22822.1320801
batch	15120	valid_loss	22759.1195068
batch	15150	valid_loss	22648.3710938
batch	15180	valid_loss	22628.0581055
batch	15210	valid_loss	22512.6519775
batch	15240	valid_loss	22396.0073242
batch	15270	valid_loss	22300.0837402
batch	15300	valid_loss	22475.4573975
batch	15330	valid_loss	22161.1068115
batch	15360	valid_loss	22023.1600342
batch	15390	valid_loss	21958.1473389
batch	15420	valid_loss	21867.9748535
batch	15450	valid_loss	21794.3808594
batch	15480	valid_loss	21713.9123535
batch	15510	valid_loss	21643.7158203
batch	15540	valid_loss	21615.4940186
batch	15570	valid_loss	21470.6799316
batch	15600	valid_loss	21342.3216553
batch	15630	valid_loss	21284.9473877
batch	15660	valid_loss	21208.2963867
batch	15690	valid_loss	21393.3137207
batch	15720	valid_loss	21020.7268066
batch	15750	valid_loss	20853.34375
batch	15780	valid_loss	20785.6085205
batch	15810	valid_loss	20839.7235107
batch	15840	valid_loss	20673.9403076
batch	15870	valid_loss	20618.9667969
batch	15900	valid_loss	20540.1105957
batch	15930	valid_loss	20574.019165
batch	15960	valid_loss	20384.9759521
batch	15990	valid_loss	20370.4122314
batch	16020	valid_loss	20155.9128418
batch	16050	valid_loss	20064.9116211
batch	16080	valid_loss	19964.3574219
batch	16110	valid_loss	19911.3568115
batch	16140	valid_loss	19891.7341309
batch	16170	valid_loss	19821.4797363
batch	16200	valid_loss	19668.9077148
batch	16230	valid_loss	19584.1730957
batch	16260	valid_loss	19520.668457
batch	16290	valid_loss	19497.2468262
batch	16320	valid_loss	19508.0241699
batch	16350	valid_loss	19260.7773438
batch	16380	valid_loss	19208.0828857
batch	16410	valid_loss	19094.4610596
batch	16440	valid_loss	18998.8588867
batch	16470	valid_loss	18993.739502
batch	16500	valid_loss	18870.7275391
batch	16530	valid_loss	18856.715332
batch	16560	valid_loss	18715.7995605
batch	16590	valid_loss	18657.7578125
batch	16620	valid_loss	18595.0245361
batch	16650	valid_loss	18520.0373535
batch	16680	valid_loss	18442.605835
batch	16710	valid_loss	18295.8668213
batch	16740	valid_loss	18267.5155029
batch	16770	valid_loss	18139.2894287
batch	16800	valid_loss	18088.0065918
batch	16830	valid_loss	18009.7542725
batch	16860	valid_loss	18091.2578125
batch	16890	valid_loss	17867.5205078
batch	16920	valid_loss	17844.2618408
batch	16950	valid_loss	17732.4039307
batch	16980	valid_loss	17674.166626
batch	17010	valid_loss	17568.8797607
batch	17040	valid_loss	17531.9179688
batch	17070	valid_loss	17457.0107422
batch	17100	valid_loss	17588.7148438
batch	17130	valid_loss	17289.3104248
batch	17160	valid_loss	17192.3034668
batch	17190	valid_loss	17151.222168
batch	17220	valid_loss	17017.8464355
batch	17250	valid_loss	16962.3448486
batch	17280	valid_loss	16916.2235107
batch	17310	valid_loss	16807.3000488
batch	17340	valid_loss	16724.7841797
batch	17370	valid_loss	16654.9001465
batch	17400	valid_loss	16603.0981445
batch	17430	valid_loss	16505.2668457
batch	17460	valid_loss	16424.1578369
batch	17490	valid_loss	16418.7628174
batch	17520	valid_loss	16316.1142578
batch	17550	valid_loss	16301.7680664
batch	17580	valid_loss	16142.0305176
batch	17610	valid_loss	16104.71875
batch	17640	valid_loss	16044.8963623
batch	17670	valid_loss	15987.8503418
batch	17700	valid_loss	15853.1495361
batch	17730	valid_loss	15883.3724365
batch	17760	valid_loss	15696.2012939
batch	17790	valid_loss	15694.4969482
batch	17820	valid_loss	15625.7427979
batch	17850	valid_loss	15518.3466797
batch	17880	valid_loss	15487.8100586
batch	17910	valid_loss	15475.1490479
batch	17940	valid_loss	15367.538208
batch	17970	valid_loss	15256.9676514
batch	18000	valid_loss	15201.3190918
batch	18030	valid_loss	15147.4298096
batch	18060	valid_loss	15068.8464355
batch	18090	valid_loss	14997.2952881
batch	18120	valid_loss	14837.4123535
batch	18150	valid_loss	14867.2005615
batch	18180	valid_loss	14766.6159668
batch	18210	valid_loss	14728.6514893
batch	18240	valid_loss	14644.6208496
batch	18270	valid_loss	14513.2197266
batch	18300	valid_loss	14513.6049805
batch	18330	valid_loss	14369.0518799
batch	18360	valid_loss	14334.4832764
batch	18390	valid_loss	14273.9451904
batch	18420	valid_loss	14174.9445801
batch	18450	valid_loss	14157.0948486
batch	18480	valid_loss	14000.3885498
batch	18510	valid_loss	13983.7419434
batch	18540	valid_loss	13964.2567139
batch	18570	valid_loss	13839.3413086
batch	18600	valid_loss	13818.520874
batch	18630	valid_loss	13788.3818359
batch	18660	valid_loss	13685.425293
batch	18690	valid_loss	13624.4320068
batch	18720	valid_loss	13559.6114502
batch	18750	valid_loss	13499.2416992
batch	18780	valid_loss	13377.1617432
batch	18810	valid_loss	13320.7512207
batch	18840	valid_loss	13233.019043
batch	18870	valid_loss	13218.2327881
batch	18900	valid_loss	13160.8527832
batch	18930	valid_loss	13142.8907471
batch	18960	valid_loss	13011.5291748
batch	18990	valid_loss	12936.2243652
batch	19020	valid_loss	12885.6147461
batch	19050	valid_loss	12816.2526855
batch	19080	valid_loss	12793.3804932
batch	19110	valid_loss	12686.5717773
batch	19140	valid_loss	12661.5667725
batch	19170	valid_loss	12559.5157471
batch	19200	valid_loss	12492.1256104
batch	19230	valid_loss	12481.1483154
batch	19260	valid_loss	12400.3582764
batch	19290	valid_loss	12368.6156006
batch	19320	valid_loss	12285.475708
batch	19350	valid_loss	12219.8206177
batch	19380	valid_loss	12234.9572754
batch	19410	valid_loss	12116.2469482
batch	19440	valid_loss	12093.9213257
batch	19470	valid_loss	12005.9174805
batch	19500	valid_loss	11966.6470947
batch	19530	valid_loss	11895.8720703
batch	19560	valid_loss	11835.8961182
batch	19590	valid_loss	11792.1151733
batch	19620	valid_loss	11743.9800415
batch	19650	valid_loss	11651.3469238
batch	19680	valid_loss	11610.6887207
batch	19710	valid_loss	11645.4094238
batch	19740	valid_loss	11510.8617554
batch	19770	valid_loss	11449.008728
batch	19800	valid_loss	11429.5314941
batch	19830	valid_loss	11354.4944458
batch	19860	valid_loss	11307.3739014
batch	19890	valid_loss	11245.6473999
batch	19920	valid_loss	11258.3255615
batch	19950	valid_loss	11124.8425903
batch	19980	valid_loss	11098.4241943
batch	20010	valid_loss	11083.2434082
batch	20040	valid_loss	10967.1877441
batch	20070	valid_loss	10977.0365601
batch	20100	valid_loss	10895.9338379
batch	20130	valid_loss	10804.8106689
batch	20160	valid_loss	10786.9555054
batch	20190	valid_loss	10738.9813232
batch	20220	valid_loss	10676.4126587
batch	20250	valid_loss	10622.6202393
batch	20280	valid_loss	10588.3602295
batch	20310	valid_loss	10594.4398193
batch	20340	valid_loss	10524.1669922
batch	20370	valid_loss	10455.6157227
batch	20400	valid_loss	10373.6795044
batch	20430	valid_loss	10382.4782715
batch	20460	valid_loss	10316.1359863
batch	20490	valid_loss	10266.5587769
batch	20520	valid_loss	10194.4454346
batch	20550	valid_loss	10153.0362549
batch	20580	valid_loss	10132.4331665
batch	20610	valid_loss	10016.9069824
batch	20640	valid_loss	10002.9761963
batch	20670	valid_loss	9982.79095459
batch	20700	valid_loss	9957.22851562
batch	20730	valid_loss	9900.94763184
batch	20760	valid_loss	9834.30828857
batch	20790	valid_loss	9780.63580322
batch	20820	valid_loss	9736.8001709
batch	20850	valid_loss	9683.90167236
batch	20880	valid_loss	9649.29620361
batch	20910	valid_loss	9570.51940918
batch	20940	valid_loss	9549.54608154
batch	20970	valid_loss	9553.54693604
batch	21000	valid_loss	9462.40789795
batch	21030	valid_loss	9405.2142334
batch	21060	valid_loss	9420.70849609
batch	21090	valid_loss	9324.04541016
batch	21120	valid_loss	9250.20574951
batch	21150	valid_loss	9251.05291748
batch	21180	valid_loss	9189.95245361
batch	21210	valid_loss	9105.56622314
batch	21240	valid_loss	9093.12536621
batch	21270	valid_loss	9034.49389648
batch	21300	valid_loss	8932.85980225
batch	21330	valid_loss	8943.29620361
batch	21360	valid_loss	8897.56268311
batch	21390	valid_loss	8831.52893066
batch	21420	valid_loss	8781.89550781
batch	21450	valid_loss	8749.79278564
batch	21480	valid_loss	8783.43505859
batch	21510	valid_loss	8686.77130127
batch	21540	valid_loss	8647.35235596
batch	21570	valid_loss	8600.33691406
batch	21600	valid_loss	8573.26464844
batch	21630	valid_loss	8507.53771973
batch	21660	valid_loss	8448.87695312
batch	21690	valid_loss	8429.36700439
batch	21720	valid_loss	8367.38909912
batch	21750	valid_loss	8335.71081543
batch	21780	valid_loss	8303.52410889
batch	21810	valid_loss	8261.88189697
batch	21840	valid_loss	8282.94317627
batch	21870	valid_loss	8192.67553711
batch	21900	valid_loss	8189.67810059
batch	21930	valid_loss	8088.08563232
batch	21960	valid_loss	8111.91687012
batch	21990	valid_loss	8047.06860352
batch	22020	valid_loss	7992.18200684
batch	22050	valid_loss	7937.46472168
batch	22080	valid_loss	7928.6428833
batch	22110	valid_loss	7889.37969971
batch	22140	valid_loss	7843.49041748
batch	22170	valid_loss	7811.27423096
batch	22200	valid_loss	7755.95892334
batch	22230	valid_loss	7782.24523926
batch	22260	valid_loss	7757.24743652
batch	22290	valid_loss	7684.80371094
batch	22320	valid_loss	7676.05371094
batch	22350	valid_loss	7613.48925781
batch	22380	valid_loss	7563.98052979
batch	22410	valid_loss	7534.59729004
batch	22440	valid_loss	7478.73303223
batch	22470	valid_loss	7491.26660156
batch	22500	valid_loss	7409.10827637
batch	22530	valid_loss	7410.89324951
batch	22560	valid_loss	7351.80792236
batch	22590	valid_loss	7332.38739014
batch	22620	valid_loss	7342.43621826
batch	22650	valid_loss	7283.21612549
batch	22680	valid_loss	7258.39886475
batch	22710	valid_loss	7232.52532959
batch	22740	valid_loss	7199.60205078
batch	22770	valid_loss	7133.17218018
batch	22800	valid_loss	7099.44384766
batch	22830	valid_loss	7095.9397583
batch	22860	valid_loss	7083.75616455
batch	22890	valid_loss	7070.92346191
batch	22920	valid_loss	7005.41540527
batch	22950	valid_loss	6975.93133545
batch	22980	valid_loss	6946.65252686
batch	23010	valid_loss	6903.24127197
batch	23040	valid_loss	6871.71887207
batch	23070	valid_loss	6901.65570068
batch	23100	valid_loss	6827.34277344
batch	23130	valid_loss	6773.77996826
batch	23160	valid_loss	6775.65264893
batch	23190	valid_loss	6744.77453613
batch	23220	valid_loss	6715.13659668
batch	23250	valid_loss	6693.10955811
batch	23280	valid_loss	6610.30236816
batch	23310	valid_loss	6642.17938232
batch	23340	valid_loss	6598.953125
batch	23370	valid_loss	6600.1385498
batch	23400	valid_loss	6621.04125977
batch	23430	valid_loss	6529.33007812
batch	23460	valid_loss	6519.12561035
batch	23490	valid_loss	6443.55883789
batch	23520	valid_loss	6459.175354
batch	23550	valid_loss	6456.88433838
batch	23580	valid_loss	6383.00500488
batch	23610	valid_loss	6328.18847656
batch	23640	valid_loss	6345.46343994
batch	23670	valid_loss	6322.97033691
batch	23700	valid_loss	6276.66635132
batch	23730	valid_loss	6250.64932251
batch	23760	valid_loss	6242.00643921
batch	23790	valid_loss	6185.81799316
batch	23820	valid_loss	6205.57781982
batch	23850	valid_loss	6163.91766357
batch	23880	valid_loss	6151.64941406
batch	23910	valid_loss	6145.918396
batch	23940	valid_loss	6095.5451355
batch	23970	valid_loss	6077.38232422
batch	24000	valid_loss	6037.86569214
batch	24030	valid_loss	6086.25952148
batch	24060	valid_loss	6023.01364136
batch	24090	valid_loss	6000.32702637
batch	24120	valid_loss	5978.45117188
batch	24150	valid_loss	5982.78631592
batch	24180	valid_loss	5908.25909424
batch	24210	valid_loss	5909.63302612
batch	24240	valid_loss	5865.08856201
batch	24270	valid_loss	5894.57110596
batch	24300	valid_loss	5860.25271606
batch	24330	valid_loss	5829.04098511
batch	24360	valid_loss	5821.07904053
batch	24390	valid_loss	5858.87957764
batch	24420	valid_loss	5820.76852417
batch	24450	valid_loss	5820.90106201
batch	24480	valid_loss	5702.58337402
batch	24510	valid_loss	5686.1769104
batch	24540	valid_loss	5712.98571777
batch	24570	valid_loss	5709.62362671
batch	24600	valid_loss	5704.39086914
batch	24630	valid_loss	5626.43243408
batch	24660	valid_loss	5653.15887451
batch	24690	valid_loss	5647.6204834
batch	24720	valid_loss	5644.93075562
batch	24750	valid_loss	5601.16342163
batch	24780	valid_loss	5577.4967041
batch	24810	valid_loss	5502.94848633
batch	24840	valid_loss	5470.98660278
batch	24870	valid_loss	5452.55349731
batch	24900	valid_loss	5488.29031372
batch	24930	valid_loss	5424.92730713
batch	24960	valid_loss	5405.12069702
batch	24990	valid_loss	5421.92132568
STOP
START
config	900	700	100	700	900	960
batch	0	valid_loss	5396583.25
batch	30	valid_loss	144128.513672
batch	60	valid_loss	101670.006836
batch	90	valid_loss	99861.6298828
batch	120	valid_loss	99751.7636719
batch	150	valid_loss	99815.1240234
batch	180	valid_loss	99824.1191406
batch	210	valid_loss	99811.8066406
batch	240	valid_loss	99842.1630859
batch	270	valid_loss	99875.8447266
batch	300	valid_loss	99837.3183594
batch	330	valid_loss	99887.78125
batch	360	valid_loss	99895.2792969
batch	390	valid_loss	99927.7041016
batch	420	valid_loss	99909.4980469
batch	450	valid_loss	99986.0371094
batch	480	valid_loss	99965.0859375
batch	510	valid_loss	99956.515625
batch	540	valid_loss	99985.8613281
batch	570	valid_loss	99840.6416016
batch	600	valid_loss	99453.3818359
batch	630	valid_loss	98559.8330078
batch	660	valid_loss	96725.9609375
batch	690	valid_loss	94187.1083984
batch	720	valid_loss	92195.5898438
batch	750	valid_loss	91276.7900391
batch	780	valid_loss	90905.0571289
batch	810	valid_loss	90759.9262695
batch	840	valid_loss	90453.453125
batch	870	valid_loss	90218.6782227
batch	900	valid_loss	89886.3320312
batch	930	valid_loss	89457.1630859
batch	960	valid_loss	89032.2333984
batch	990	valid_loss	88607.7905273
batch	1020	valid_loss	88336.2573242
batch	1050	valid_loss	88029.3681641
batch	1080	valid_loss	87884.1796875
batch	1110	valid_loss	87613.8632812
batch	1140	valid_loss	87447.9130859
batch	1170	valid_loss	87201.5766602
batch	1200	valid_loss	86888.6616211
batch	1230	valid_loss	86685.9594727
batch	1260	valid_loss	86391.0146484
batch	1290	valid_loss	86029.8535156
batch	1320	valid_loss	85702.4165039
batch	1350	valid_loss	85433.9438477
batch	1380	valid_loss	85124.6206055
batch	1410	valid_loss	84994.1557617
batch	1440	valid_loss	84737.8588867
batch	1470	valid_loss	84431.425293
batch	1500	valid_loss	84310.0629883
batch	1530	valid_loss	84165.237793
batch	1560	valid_loss	83970.9291992
batch	1590	valid_loss	83735.9628906
batch	1620	valid_loss	83530.7304688
batch	1650	valid_loss	83369.3427734
batch	1680	valid_loss	83091.6103516
batch	1710	valid_loss	82813.9477539
batch	1740	valid_loss	82335.6865234
batch	1770	valid_loss	82044.5498047
batch	1800	valid_loss	81741.8969727
batch	1830	valid_loss	81063.2958984
batch	1860	valid_loss	80822.8959961
batch	1890	valid_loss	80132.2475586
batch	1920	valid_loss	79506.9614258
batch	1950	valid_loss	78985.4526367
batch	1980	valid_loss	79244.2646484
batch	2010	valid_loss	78085.6982422
batch	2040	valid_loss	78710.1337891
batch	2070	valid_loss	77143.0488281
batch	2100	valid_loss	76697.4365234
batch	2130	valid_loss	76463.2133789
batch	2160	valid_loss	76406.1103516
batch	2190	valid_loss	75832.9414062
batch	2220	valid_loss	75791.7197266
batch	2250	valid_loss	75607.8916016
batch	2280	valid_loss	74981.8251953
batch	2310	valid_loss	74780.9350586
batch	2340	valid_loss	74476.0883789
batch	2370	valid_loss	74442.2275391
batch	2400	valid_loss	74005.0927734
batch	2430	valid_loss	74082.1425781
batch	2460	valid_loss	74596.8227539
batch	2490	valid_loss	73303.8432617
batch	2520	valid_loss	73139.9677734
batch	2550	valid_loss	72555.9780273
batch	2580	valid_loss	72237.9736328
batch	2610	valid_loss	72114.2978516
batch	2640	valid_loss	72158.0283203
batch	2670	valid_loss	71395.9067383
batch	2700	valid_loss	71056.5395508
batch	2730	valid_loss	72056.9453125
batch	2760	valid_loss	70627.5532227
batch	2790	valid_loss	69998.3139648
batch	2820	valid_loss	71950.1181641
batch	2850	valid_loss	69410.5810547
batch	2880	valid_loss	69130.9819336
batch	2910	valid_loss	68869.0073242
batch	2940	valid_loss	68889.5507812
batch	2970	valid_loss	68536.5107422
batch	3000	valid_loss	68635.1977539
batch	3030	valid_loss	68527.6894531
batch	3060	valid_loss	67596.2573242
batch	3090	valid_loss	67164.5766602
batch	3120	valid_loss	66797.3652344
batch	3150	valid_loss	66466.7495117
batch	3180	valid_loss	66618.3574219
batch	3210	valid_loss	66092.9189453
batch	3240	valid_loss	66452.2583008
batch	3270	valid_loss	65556.762207
batch	3300	valid_loss	65658.7475586
batch	3330	valid_loss	65302.9975586
batch	3360	valid_loss	66035.6855469
batch	3390	valid_loss	65137.4545898
batch	3420	valid_loss	64575.8618164
batch	3450	valid_loss	64396.1274414
batch	3480	valid_loss	64688.5029297
batch	3510	valid_loss	63941.0927734
batch	3540	valid_loss	64843.1108398
batch	3570	valid_loss	63694.9277344
batch	3600	valid_loss	63381.0932617
batch	3630	valid_loss	63243.2006836
batch	3660	valid_loss	63047.9946289
batch	3690	valid_loss	65282.9731445
batch	3720	valid_loss	62740.3525391
batch	3750	valid_loss	62603.7583008
batch	3780	valid_loss	62390.984375
batch	3810	valid_loss	62166.4960938
batch	3840	valid_loss	62150.3251953
batch	3870	valid_loss	61784.5224609
batch	3900	valid_loss	61698.4833984
batch	3930	valid_loss	63366.1347656
batch	3960	valid_loss	61334.1279297
batch	3990	valid_loss	61137.8168945
batch	4020	valid_loss	60924.0224609
batch	4050	valid_loss	61727.4287109
batch	4080	valid_loss	60555.9643555
batch	4110	valid_loss	60577.3398438
batch	4140	valid_loss	60851.8911133
batch	4170	valid_loss	60182.8461914
batch	4200	valid_loss	63219.8920898
batch	4230	valid_loss	59823.9907227
batch	4260	valid_loss	59761.3681641
batch	4290	valid_loss	60044.7392578
batch	4320	valid_loss	59518.2021484
batch	4350	valid_loss	59256.1318359
batch	4380	valid_loss	59914.6166992
batch	4410	valid_loss	59030.2089844
batch	4440	valid_loss	58935.9492188
batch	4470	valid_loss	58635.6850586
batch	4500	valid_loss	61766.3349609
batch	4530	valid_loss	58648.9233398
batch	4560	valid_loss	58380.7050781
batch	4590	valid_loss	58742.2084961
batch	4620	valid_loss	58018.4179688
batch	4650	valid_loss	57913.2124023
batch	4680	valid_loss	59255.890625
batch	4710	valid_loss	57843.8510742
batch	4740	valid_loss	57567.4892578
batch	4770	valid_loss	57392.5522461
batch	4800	valid_loss	57232.3198242
batch	4830	valid_loss	57255.6469727
batch	4860	valid_loss	57074.2895508
batch	4890	valid_loss	56899.4667969
batch	4920	valid_loss	56829.8251953
batch	4950	valid_loss	56584.390625
batch	4980	valid_loss	56615.2226562
batch	5010	valid_loss	58226.3222656
batch	5040	valid_loss	56367.7177734
batch	5070	valid_loss	58184.4501953
batch	5100	valid_loss	56211.8833008
batch	5130	valid_loss	56139.6162109
batch	5160	valid_loss	58222.5654297
batch	5190	valid_loss	55734.269043
batch	5220	valid_loss	56011.2280273
batch	5250	valid_loss	55765.1015625
batch	5280	valid_loss	55354.9799805
batch	5310	valid_loss	55635.1352539
batch	5340	valid_loss	55050.4677734
batch	5370	valid_loss	54885.9462891
batch	5400	valid_loss	56735.6816406
batch	5430	valid_loss	54751.6513672
batch	5460	valid_loss	54510.0629883
batch	5490	valid_loss	54431.1166992
batch	5520	valid_loss	54685.1049805
batch	5550	valid_loss	54324.9262695
batch	5580	valid_loss	54230.5629883
batch	5610	valid_loss	55488.0014648
batch	5640	valid_loss	53860.5166016
batch	5670	valid_loss	53858.2666016
batch	5700	valid_loss	54918.9682617
batch	5730	valid_loss	53776.8803711
batch	5760	valid_loss	53547.425293
batch	5790	valid_loss	57895.6513672
batch	5820	valid_loss	53482.2670898
batch	5850	valid_loss	53410.2124023
batch	5880	valid_loss	53184.918457
batch	5910	valid_loss	53165.1088867
batch	5940	valid_loss	53103.5595703
batch	5970	valid_loss	55571.3198242
batch	6000	valid_loss	53042.3662109
batch	6030	valid_loss	52665.9301758
batch	6060	valid_loss	52648.9042969
batch	6090	valid_loss	52634.9492188
batch	6120	valid_loss	52840.7167969
batch	6150	valid_loss	52511.7202148
batch	6180	valid_loss	55307.8920898
batch	6210	valid_loss	52176.2055664
batch	6240	valid_loss	52133.9736328
batch	6270	valid_loss	52673.1245117
batch	6300	valid_loss	52657.5981445
batch	6330	valid_loss	52134.6894531
batch	6360	valid_loss	51979.8720703
batch	6390	valid_loss	51606.6425781
batch	6420	valid_loss	52536.8500977
batch	6450	valid_loss	51414.4960938
batch	6480	valid_loss	51236.1044922
batch	6510	valid_loss	51394.1977539
batch	6540	valid_loss	51052.9609375
batch	6570	valid_loss	51761.2749023
batch	6600	valid_loss	51034.8549805
batch	6630	valid_loss	50775.9086914
batch	6660	valid_loss	52668.828125
batch	6690	valid_loss	50731.8891602
batch	6720	valid_loss	50497.0478516
batch	6750	valid_loss	50364.190918
batch	6780	valid_loss	50371.3095703
batch	6810	valid_loss	50169.5913086
batch	6840	valid_loss	50108.0942383
batch	6870	valid_loss	54136.8295898
batch	6900	valid_loss	49914.6743164
batch	6930	valid_loss	49772.5541992
batch	6960	valid_loss	49684.7783203
batch	6990	valid_loss	49557.909668
batch	7020	valid_loss	49651.515625
batch	7050	valid_loss	49859.4194336
batch	7080	valid_loss	49578.277832
batch	7110	valid_loss	49534.5283203
batch	7140	valid_loss	48912.9350586
batch	7170	valid_loss	50482.1870117
batch	7200	valid_loss	48833.7119141
batch	7230	valid_loss	48715.4584961
batch	7260	valid_loss	53372.8378906
batch	7290	valid_loss	48625.7822266
batch	7320	valid_loss	48388.543457
batch	7350	valid_loss	48233.7172852
batch	7380	valid_loss	48107.3105469
batch	7410	valid_loss	48176.7021484
batch	7440	valid_loss	48445.3051758
batch	7470	valid_loss	47751.3330078
batch	7500	valid_loss	47817.7783203
batch	7530	valid_loss	47515.1386719
batch	7560	valid_loss	47806.9611816
batch	7590	valid_loss	47874.4848633
batch	7620	valid_loss	47509.9782715
batch	7650	valid_loss	47239.4985352
batch	7680	valid_loss	47400.8120117
batch	7710	valid_loss	47349.5290527
batch	7740	valid_loss	46875.9262695
batch	7770	valid_loss	47065.1806641
batch	7800	valid_loss	47441.2958984
batch	7830	valid_loss	47346.6464844
batch	7860	valid_loss	46645.1586914
batch	7890	valid_loss	46374.951416
batch	7920	valid_loss	46367.213623
batch	7950	valid_loss	46202.342041
batch	7980	valid_loss	46021.734375
batch	8010	valid_loss	46066.0151367
batch	8040	valid_loss	45733.7595215
batch	8070	valid_loss	46136.1025391
batch	8100	valid_loss	45912.1166992
batch	8130	valid_loss	45499.4396973
batch	8160	valid_loss	45391.2648926
batch	8190	valid_loss	45280.8256836
batch	8220	valid_loss	45165.0791016
batch	8250	valid_loss	45113.621582
batch	8280	valid_loss	44924.8337402
batch	8310	valid_loss	44856.3979492
batch	8340	valid_loss	45353.3347168
batch	8370	valid_loss	44695.1103516
batch	8400	valid_loss	44487.4428711
batch	8430	valid_loss	44333.329834
batch	8460	valid_loss	44187.840332
batch	8490	valid_loss	44136.1113281
batch	8520	valid_loss	44206.3920898
batch	8550	valid_loss	43988.1633301
batch	8580	valid_loss	44596.5749512
batch	8610	valid_loss	43638.9206543
batch	8640	valid_loss	43938.8959961
batch	8670	valid_loss	43396.8225098
batch	8700	valid_loss	43301.1516113
batch	8730	valid_loss	44434.8078613
batch	8760	valid_loss	43044.5671387
batch	8790	valid_loss	43135.6506348
batch	8820	valid_loss	43088.0202637
batch	8850	valid_loss	42721.4785156
batch	8880	valid_loss	50119.3676758
batch	8910	valid_loss	42742.8632812
batch	8940	valid_loss	42343.4892578
batch	8970	valid_loss	42359.5759277
batch	9000	valid_loss	42197.2922363
batch	9030	valid_loss	42241.8959961
batch	9060	valid_loss	42035.1218262
batch	9090	valid_loss	42021.2402344
batch	9120	valid_loss	41809.9953613
batch	9150	valid_loss	41657.8303223
batch	9180	valid_loss	41555.1464844
batch	9210	valid_loss	41656.7255859
batch	9240	valid_loss	41534.9416504
batch	9270	valid_loss	41287.0646973
batch	9300	valid_loss	41283.5695801
batch	9330	valid_loss	41022.8974609
batch	9360	valid_loss	41573.8041992
batch	9390	valid_loss	41460.6201172
batch	9420	valid_loss	40676.2028809
batch	9450	valid_loss	40658.1103516
batch	9480	valid_loss	40766.2451172
batch	9510	valid_loss	40405.0551758
batch	9540	valid_loss	40234.9528809
batch	9570	valid_loss	40672.607666
batch	9600	valid_loss	40170.1672363
batch	9630	valid_loss	39981.7426758
batch	9660	valid_loss	39889.5461426
batch	9690	valid_loss	39992.9973145
batch	9720	valid_loss	41157.8679199
batch	9750	valid_loss	39937.8937988
batch	9780	valid_loss	39537.338623
batch	9810	valid_loss	39456.3442383
batch	9840	valid_loss	39347.494873
batch	9870	valid_loss	40380.6242676
batch	9900	valid_loss	39169.4545898
batch	9930	valid_loss	39108.8596191
batch	9960	valid_loss	38918.1813965
batch	9990	valid_loss	38814.4631348
batch	10020	valid_loss	38846.2880859
batch	10050	valid_loss	38719.0576172
batch	10080	valid_loss	38805.5109863
batch	10110	valid_loss	38567.6345215
batch	10140	valid_loss	38400.760498
batch	10170	valid_loss	38214.7192383
batch	10200	valid_loss	39760.380127
batch	10230	valid_loss	38296.9243164
batch	10260	valid_loss	38040.9799805
batch	10290	valid_loss	37888.2558594
batch	10320	valid_loss	37963.7412109
batch	10350	valid_loss	37763.262207
batch	10380	valid_loss	37683.0185547
batch	10410	valid_loss	37581.732666
batch	10440	valid_loss	37442.378418
batch	10470	valid_loss	37326.4133301
batch	10500	valid_loss	39781.5004883
batch	10530	valid_loss	37200.560791
batch	10560	valid_loss	37016.1040039
batch	10590	valid_loss	36948.362793
batch	10620	valid_loss	36917.0749512
batch	10650	valid_loss	36815.1994629
batch	10680	valid_loss	36763.3151855
batch	10710	valid_loss	36555.4401855
batch	10740	valid_loss	36637.7229004
batch	10770	valid_loss	36481.3920898
batch	10800	valid_loss	36208.0415039
batch	10830	valid_loss	36397.8295898
batch	10860	valid_loss	36069.402832
batch	10890	valid_loss	35957.8679199
batch	10920	valid_loss	35899.6589355
batch	10950	valid_loss	35795.8076172
batch	10980	valid_loss	35699.9262695
batch	11010	valid_loss	35585.3078613
batch	11040	valid_loss	35493.6025391
batch	11070	valid_loss	35655.6137695
batch	11100	valid_loss	35242.8681641
batch	11130	valid_loss	35562.2121582
batch	11160	valid_loss	35039.901123
batch	11190	valid_loss	34994.7736816
batch	11220	valid_loss	34954.3708496
batch	11250	valid_loss	36089.387207
batch	11280	valid_loss	34785.1867676
batch	11310	valid_loss	34569.0092773
batch	11340	valid_loss	34594.2089844
batch	11370	valid_loss	34820.6782227
batch	11400	valid_loss	34330.7299805
batch	11430	valid_loss	34550.7763672
batch	11460	valid_loss	34051.2460938
batch	11490	valid_loss	34038.6879883
batch	11520	valid_loss	33876.7353516
batch	11550	valid_loss	34537.9448242
batch	11580	valid_loss	33851.4221191
batch	11610	valid_loss	33688.1623535
batch	11640	valid_loss	33526.5344238
batch	11670	valid_loss	33904.4521484
batch	11700	valid_loss	33563.8742676
batch	11730	valid_loss	33089.3144531
batch	11760	valid_loss	33103.1013184
batch	11790	valid_loss	33017.0839844
batch	11820	valid_loss	32872.692627
batch	11850	valid_loss	32778.2387695
batch	11880	valid_loss	33354.1606445
batch	11910	valid_loss	32649.7541504
batch	11940	valid_loss	32555.2121582
batch	11970	valid_loss	32421.1904297
batch	12000	valid_loss	32273.0537109
batch	12030	valid_loss	32157.1103516
batch	12060	valid_loss	33023.2387695
batch	12090	valid_loss	31965.8901367
batch	12120	valid_loss	31963.4433594
batch	12150	valid_loss	31855.8347168
batch	12180	valid_loss	31977.9797363
batch	12210	valid_loss	31737.6345215
batch	12240	valid_loss	31575.861084
batch	12270	valid_loss	31420.6098633
batch	12300	valid_loss	31179.1027832
batch	12330	valid_loss	31195.0942383
batch	12360	valid_loss	31071.5522461
batch	12390	valid_loss	31457.5300293
batch	12420	valid_loss	30822.5073242
batch	12450	valid_loss	30860.1083984
batch	12480	valid_loss	30729.8730469
batch	12510	valid_loss	30524.4389648
batch	12540	valid_loss	30481.4279785
batch	12570	valid_loss	30363.8041992
batch	12600	valid_loss	30823.2148438
batch	12630	valid_loss	30251.3139648
batch	12660	valid_loss	30065.314209
batch	12690	valid_loss	30828.7495117
batch	12720	valid_loss	29903.5195312
batch	12750	valid_loss	29711.6818848
batch	12780	valid_loss	29636.2253418
batch	12810	valid_loss	29613.7160645
batch	12840	valid_loss	29616.1843262
batch	12870	valid_loss	30139.9848633
batch	12900	valid_loss	29354.3928223
batch	12930	valid_loss	29123.1855469
batch	12960	valid_loss	29051.4980469
batch	12990	valid_loss	29576.9343262
batch	13020	valid_loss	29143.8532715
batch	13050	valid_loss	28826.8078613
batch	13080	valid_loss	28645.6149902
batch	13110	valid_loss	28643.6738281
batch	13140	valid_loss	28540.3154297
batch	13170	valid_loss	28892.1350098
batch	13200	valid_loss	28245.1940918
batch	13230	valid_loss	28248.5979004
batch	13260	valid_loss	28135.4121094
batch	13290	valid_loss	27972.8066406
batch	13320	valid_loss	27990.402832
batch	13350	valid_loss	27793.0161133
batch	13380	valid_loss	27772.8483887
batch	13410	valid_loss	27673.2646484
batch	13440	valid_loss	27571.6191406
batch	13470	valid_loss	27514.8251953
batch	13500	valid_loss	27467.8977051
batch	13530	valid_loss	27385.4135742
batch	13560	valid_loss	27178.6577148
batch	13590	valid_loss	27313.8383789
batch	13620	valid_loss	26955.2001953
batch	13650	valid_loss	27059.2651367
batch	13680	valid_loss	26837.2458496
batch	13710	valid_loss	26700.4211426
batch	13740	valid_loss	26736.9956055
batch	13770	valid_loss	26665.7790527
batch	13800	valid_loss	26809.9650879
batch	13830	valid_loss	26411.4575195
batch	13860	valid_loss	26290.4521484
batch	13890	valid_loss	26233.967041
batch	13920	valid_loss	26183.6779785
batch	13950	valid_loss	26036.4724121
batch	13980	valid_loss	25943.7578125
batch	14010	valid_loss	25893.0979004
batch	14040	valid_loss	25914.1567383
batch	14070	valid_loss	25839.8305664
batch	14100	valid_loss	25638.918457
batch	14130	valid_loss	25546.5002441
batch	14160	valid_loss	25543.9645996
batch	14190	valid_loss	25410.6787109
batch	14220	valid_loss	25287.8000488
batch	14250	valid_loss	25383.1572266
batch	14280	valid_loss	25178.5180664
batch	14310	valid_loss	25098.7475586
batch	14340	valid_loss	24988.7802734
batch	14370	valid_loss	24928.4758301
batch	14400	valid_loss	24889.3564453
batch	14430	valid_loss	24846.1721191
batch	14460	valid_loss	24703.348877
batch	14490	valid_loss	24595.6582031
batch	14520	valid_loss	24694.7338867
batch	14550	valid_loss	24466.7163086
batch	14580	valid_loss	24568.9523926
batch	14610	valid_loss	24308.5163574
batch	14640	valid_loss	24180.8515625
batch	14670	valid_loss	24468.7426758
batch	14700	valid_loss	24137.4593506
batch	14730	valid_loss	23959.555542
batch	14760	valid_loss	23837.8349609
batch	14790	valid_loss	24350.3249512
batch	14820	valid_loss	23782.5239258
batch	14850	valid_loss	23848.3631592
batch	14880	valid_loss	23735.2807617
batch	14910	valid_loss	23477.2988281
batch	14940	valid_loss	23484.7945557
batch	14970	valid_loss	23423.5288086
batch	15000	valid_loss	23314.1984863
batch	15030	valid_loss	23252.7937012
batch	15060	valid_loss	23211.0006104
batch	15090	valid_loss	23088.4787598
batch	15120	valid_loss	23161.2541504
batch	15150	valid_loss	22894.0546875
batch	15180	valid_loss	22809.0887451
batch	15210	valid_loss	22750.012207
batch	15240	valid_loss	22692.5480957
batch	15270	valid_loss	22572.9710693
batch	15300	valid_loss	22579.6763916
batch	15330	valid_loss	22485.3739014
batch	15360	valid_loss	22373.6320801
batch	15390	valid_loss	22236.4984131
batch	15420	valid_loss	22212.5268555
batch	15450	valid_loss	22200.564209
batch	15480	valid_loss	22828.246582
batch	15510	valid_loss	21943.3455811
batch	15540	valid_loss	22088.9332275
batch	15570	valid_loss	21921.0461426
batch	15600	valid_loss	21809.8879395
batch	15630	valid_loss	21716.803833
batch	15660	valid_loss	21647.8023682
batch	15690	valid_loss	21497.8962402
batch	15720	valid_loss	21712.7116699
batch	15750	valid_loss	21513.4127197
batch	15780	valid_loss	21308.1334229
batch	15810	valid_loss	21263.1115723
batch	15840	valid_loss	21228.2089844
batch	15870	valid_loss	21158.1138916
batch	15900	valid_loss	21042.555542
batch	15930	valid_loss	20938.4608154
batch	15960	valid_loss	20899.0247803
batch	15990	valid_loss	20957.8226318
batch	16020	valid_loss	20678.5687256
batch	16050	valid_loss	20772.1604004
batch	16080	valid_loss	20580.0576172
batch	16110	valid_loss	20548.5117188
batch	16140	valid_loss	20479.3468018
batch	16170	valid_loss	20479.6484375
batch	16200	valid_loss	20368.7789307
batch	16230	valid_loss	20271.5445557
batch	16260	valid_loss	20250.8017578
batch	16290	valid_loss	20178.6343994
batch	16320	valid_loss	20074.4941406
batch	16350	valid_loss	20017.5795898
batch	16380	valid_loss	19979.050415
batch	16410	valid_loss	20002.5849609
batch	16440	valid_loss	19933.736084
batch	16470	valid_loss	19743.394165
batch	16500	valid_loss	19656.6456299
batch	16530	valid_loss	19571.1567383
batch	16560	valid_loss	19568.4058838
batch	16590	valid_loss	19433.2220459
batch	16620	valid_loss	19400.9875488
batch	16650	valid_loss	19330.6749268
batch	16680	valid_loss	19452.9575195
batch	16710	valid_loss	19267.0908203
batch	16740	valid_loss	19348.6641846
batch	16770	valid_loss	19033.2492676
batch	16800	valid_loss	18948.661499
batch	16830	valid_loss	18917.3747559
batch	16860	valid_loss	18876.4925537
batch	16890	valid_loss	18853.840332
batch	16920	valid_loss	18693.2502441
batch	16950	valid_loss	18691.7728271
batch	16980	valid_loss	18513.6633301
batch	17010	valid_loss	18573.9831543
batch	17040	valid_loss	18498.4854736
batch	17070	valid_loss	18384.7548828
batch	17100	valid_loss	18400.9537354
batch	17130	valid_loss	18194.154541
batch	17160	valid_loss	18307.0330811
batch	17190	valid_loss	18163.260498
batch	17220	valid_loss	18101.5375977
batch	17250	valid_loss	17967.8310547
batch	17280	valid_loss	17889.2113037
batch	17310	valid_loss	18055.3275146
batch	17340	valid_loss	17844.928833
batch	17370	valid_loss	17866.5220947
batch	17400	valid_loss	17672.4898682
batch	17430	valid_loss	17553.4643555
batch	17460	valid_loss	17513.4973145
batch	17490	valid_loss	17482.0668945
batch	17520	valid_loss	17398.0722656
batch	17550	valid_loss	17349.3078613
batch	17580	valid_loss	17298.6871338
batch	17610	valid_loss	17258.9282227
batch	17640	valid_loss	17076.6781006
batch	17670	valid_loss	17048.5714111
batch	17700	valid_loss	17018.3538818
batch	17730	valid_loss	16993.5330811
batch	17760	valid_loss	16945.1071777
batch	17790	valid_loss	16894.8991699
batch	17820	valid_loss	16827.2216797
batch	17850	valid_loss	16725.8662109
batch	17880	valid_loss	16707.8035889
batch	17910	valid_loss	16571.7888184
batch	17940	valid_loss	16497.6208496
batch	17970	valid_loss	16481.6951904
batch	18000	valid_loss	16445.970459
batch	18030	valid_loss	16338.9564209
batch	18060	valid_loss	16274.5777588
batch	18090	valid_loss	16282.2719727
batch	18120	valid_loss	16181.6723633
batch	18150	valid_loss	16128.7161865
batch	18180	valid_loss	16107.6314697
batch	18210	valid_loss	15982.6605225
batch	18240	valid_loss	15849.0802002
batch	18270	valid_loss	15824.9935303
batch	18300	valid_loss	15857.1755371
batch	18330	valid_loss	15832.6351318
batch	18360	valid_loss	15679.7857666
batch	18390	valid_loss	15721.6279297
batch	18420	valid_loss	15589.0166016
batch	18450	valid_loss	15496.848999
batch	18480	valid_loss	15421.4984131
batch	18510	valid_loss	15355.7366943
batch	18540	valid_loss	15275.5534668
batch	18570	valid_loss	15319.0749512
batch	18600	valid_loss	15248.5760498
batch	18630	valid_loss	15143.7127686
batch	18660	valid_loss	15098.7202148
batch	18690	valid_loss	14996.5875244
batch	18720	valid_loss	15104.3879395
batch	18750	valid_loss	14931.7220459
batch	18780	valid_loss	14860.9697266
batch	18810	valid_loss	14738.7593994
batch	18840	valid_loss	14717.1453857
batch	18870	valid_loss	14658.2618408
batch	18900	valid_loss	14591.8762207
batch	18930	valid_loss	14660.3200684
batch	18960	valid_loss	14437.4525146
batch	18990	valid_loss	14433.243042
batch	19020	valid_loss	14369.8391113
batch	19050	valid_loss	14257.7827148
batch	19080	valid_loss	14211.5866699
batch	19110	valid_loss	14134.5863037
batch	19140	valid_loss	14063.6052246
batch	19170	valid_loss	14091.9302979
batch	19200	valid_loss	14000.7050781
batch	19230	valid_loss	13900.3590088
batch	19260	valid_loss	13858.9331055
batch	19290	valid_loss	13809.9725342
batch	19320	valid_loss	13868.5543213
batch	19350	valid_loss	13700.012207
batch	19380	valid_loss	13713.2469482
batch	19410	valid_loss	13607.2491455
batch	19440	valid_loss	13526.5908203
batch	19470	valid_loss	13501.498291
batch	19500	valid_loss	13464.9981689
batch	19530	valid_loss	13425.9873047
batch	19560	valid_loss	13402.7469482
batch	19590	valid_loss	13187.4299316
batch	19620	valid_loss	13255.6650391
batch	19650	valid_loss	13204.8841553
batch	19680	valid_loss	13084.0869141
batch	19710	valid_loss	12968.4693604
batch	19740	valid_loss	13091.4907227
batch	19770	valid_loss	12927.2911377
batch	19800	valid_loss	12817.7423096
batch	19830	valid_loss	12712.1774902
batch	19860	valid_loss	12707.8721924
batch	19890	valid_loss	12628.6422119
batch	19920	valid_loss	12562.5668945
batch	19950	valid_loss	12551.3536377
batch	19980	valid_loss	12487.2984619
batch	20010	valid_loss	12402.1171875
batch	20040	valid_loss	12335.8525391
batch	20070	valid_loss	12480.144165
batch	20100	valid_loss	12217.0632324
batch	20130	valid_loss	12281.230957
batch	20160	valid_loss	12186.1279297
batch	20190	valid_loss	12063.645752
batch	20220	valid_loss	12023.6008911
batch	20250	valid_loss	11980.5199585
batch	20280	valid_loss	11932.0338135
batch	20310	valid_loss	11854.0641479
batch	20340	valid_loss	11865.6340942
batch	20370	valid_loss	11773.2454224
batch	20400	valid_loss	11733.1409912
batch	20430	valid_loss	11637.0402222
batch	20460	valid_loss	11639.8389893
batch	20490	valid_loss	11571.9832153
batch	20520	valid_loss	11573.4667358
batch	20550	valid_loss	11427.6474609
batch	20580	valid_loss	11350.5630493
batch	20610	valid_loss	11352.21698
batch	20640	valid_loss	11300.2757568
batch	20670	valid_loss	11306.1651001
batch	20700	valid_loss	11314.0263672
batch	20730	valid_loss	11172.7103882
batch	20760	valid_loss	11093.5402832
batch	20790	valid_loss	11082.0151367
batch	20820	valid_loss	11028.7498779
batch	20850	valid_loss	11007.2160645
batch	20880	valid_loss	10931.727478
batch	20910	valid_loss	10843.428894
batch	20940	valid_loss	10803.1453247
batch	20970	valid_loss	10806.6107788
batch	21000	valid_loss	10817.6015625
batch	21030	valid_loss	10649.038269
batch	21060	valid_loss	10703.8534546
batch	21090	valid_loss	10592.6957397
batch	21120	valid_loss	10560.2484131
batch	21150	valid_loss	10491.6904907
batch	21180	valid_loss	10458.2478638
batch	21210	valid_loss	10399.9789429
batch	21240	valid_loss	10397.6228638
batch	21270	valid_loss	10335.5039673
batch	21300	valid_loss	10306.9158936
batch	21330	valid_loss	10236.6655273
batch	21360	valid_loss	10192.0645142
batch	21390	valid_loss	10135.5892334
batch	21420	valid_loss	10184.3999634
batch	21450	valid_loss	10060.4962158
batch	21480	valid_loss	10063.7630005
batch	21510	valid_loss	9953.69207764
batch	21540	valid_loss	9923.41278076
batch	21570	valid_loss	9914.70849609
batch	21600	valid_loss	9856.605896
batch	21630	valid_loss	9794.21777344
batch	21660	valid_loss	9769.08135986
batch	21690	valid_loss	9685.1171875
batch	21720	valid_loss	9676.60766602
batch	21750	valid_loss	9670.24975586
batch	21780	valid_loss	9636.88189697
batch	21810	valid_loss	9539.05895996
batch	21840	valid_loss	9554.96051025
batch	21870	valid_loss	9451.79351807
batch	21900	valid_loss	9441.14569092
batch	21930	valid_loss	9423.49310303
batch	21960	valid_loss	9336.70544434
batch	21990	valid_loss	9334.72595215
batch	22020	valid_loss	9269.17132568
batch	22050	valid_loss	9305.62554932
batch	22080	valid_loss	9164.64849854
batch	22110	valid_loss	9166.29156494
batch	22140	valid_loss	9047.98492432
batch	22170	valid_loss	9047.01190186
batch	22200	valid_loss	9088.6517334
batch	22230	valid_loss	8988.22589111
batch	22260	valid_loss	8925.5635376
batch	22290	valid_loss	8886.63934326
batch	22320	valid_loss	8880.54504395
batch	22350	valid_loss	8847.49084473
batch	22380	valid_loss	8763.65045166
batch	22410	valid_loss	8745.02679443
batch	22440	valid_loss	8684.08807373
batch	22470	valid_loss	8620.77258301
batch	22500	valid_loss	8603.3034668
batch	22530	valid_loss	8595.55822754
batch	22560	valid_loss	8554.63824463
batch	22590	valid_loss	8479.48754883
batch	22620	valid_loss	8441.78485107
batch	22650	valid_loss	8426.24255371
batch	22680	valid_loss	8456.46221924
batch	22710	valid_loss	8325.05841064
batch	22740	valid_loss	8310.13452148
batch	22770	valid_loss	8257.12298584
batch	22800	valid_loss	8221.71679688
batch	22830	valid_loss	8180.45483398
batch	22860	valid_loss	8209.73040771
batch	22890	valid_loss	8114.12017822
batch	22920	valid_loss	8086.55834961
batch	22950	valid_loss	8081.434021
batch	22980	valid_loss	8075.63604736
batch	23010	valid_loss	7962.07818604
batch	23040	valid_loss	7945.22363281
batch	23070	valid_loss	7931.06390381
batch	23100	valid_loss	7876.88964844
batch	23130	valid_loss	7869.83892822
batch	23160	valid_loss	7874.559021
batch	23190	valid_loss	7769.31506348
batch	23220	valid_loss	7732.45623779
batch	23250	valid_loss	7727.5881958
batch	23280	valid_loss	7660.92907715
batch	23310	valid_loss	7629.12780762
batch	23340	valid_loss	7625.69073486
batch	23370	valid_loss	7567.19165039
batch	23400	valid_loss	7574.7520752
batch	23430	valid_loss	7475.00518799
batch	23460	valid_loss	7481.76025391
batch	23490	valid_loss	7516.97296143
batch	23520	valid_loss	7405.18481445
batch	23550	valid_loss	7430.56396484
batch	23580	valid_loss	7367.02227783
batch	23610	valid_loss	7285.40539551
batch	23640	valid_loss	7264.31762695
batch	23670	valid_loss	7205.98400879
batch	23700	valid_loss	7177.52319336
batch	23730	valid_loss	7193.92596436
batch	23760	valid_loss	7177.12005615
batch	23790	valid_loss	7122.59588623
batch	23820	valid_loss	7136.54272461
batch	23850	valid_loss	7095.49786377
batch	23880	valid_loss	7069.13372803
batch	23910	valid_loss	7014.72192383
batch	23940	valid_loss	6965.68389893
batch	23970	valid_loss	6958.48382568
batch	24000	valid_loss	6913.91094971
batch	24030	valid_loss	6938.00500488
batch	24060	valid_loss	6877.81890869
batch	24090	valid_loss	6858.25646973
batch	24120	valid_loss	6831.60687256
batch	24150	valid_loss	6764.79699707
batch	24180	valid_loss	6827.91223145
batch	24210	valid_loss	6740.90368652
batch	24240	valid_loss	6727.14611816
batch	24270	valid_loss	6666.4487915
batch	24300	valid_loss	6630.90509033
batch	24330	valid_loss	6675.22924805
batch	24360	valid_loss	6650.75
batch	24390	valid_loss	6565.63500977
batch	24420	valid_loss	6567.29241943
batch	24450	valid_loss	6512.01391602
batch	24480	valid_loss	6518.99920654
batch	24510	valid_loss	6507.91223145
batch	24540	valid_loss	6517.36102295
batch	24570	valid_loss	6443.0793457
batch	24600	valid_loss	6403.74389648
batch	24630	valid_loss	6356.3314209
batch	24660	valid_loss	6425.70727539
batch	24690	valid_loss	6389.4541626
batch	24720	valid_loss	6266.06628418
batch	24750	valid_loss	6242.7791748
batch	24780	valid_loss	6220.0723877
batch	24810	valid_loss	6286.85266113
batch	24840	valid_loss	6237.16989136
batch	24870	valid_loss	6210.27874756
batch	24900	valid_loss	6199.77655029
batch	24930	valid_loss	6100.50595093
batch	24960	valid_loss	6171.48110962
batch	24990	valid_loss	6120.03509521
STOP
