len	weigths...->
4	216	120	315	360
2	120	360
10	205	158	201	138	120	134	196	275	229	360
10	349	301	160	193	120	335	328	254	304	360
10	329	207	137	203	120	234	203	274	283	360
10	157	340	305	154	120	147	289	146	244	360
2	120	360
4	239	120	174	360
8	188	340	156	120	315	228	158	360
4	342	120	321	360
4	262	120	144	360
10	320	172	318	221	120	304	196	198	216	360
8	172	263	274	120	128	347	237	360
4	182	120	232	360
8	147	224	345	120	212	270	259	360
10	236	205	153	308	120	334	141	163	241	360
6	275	216	120	135	347	360
2	120	360
8	224	128	215	120	235	268	244	360
4	282	120	353	360
4	189	120	325	360
10	283	342	312	248	120	337	196	212	276	360
10	277	274	228	223	120	184	207	290	151	360
6	270	200	120	236	358	360
10	246	161	299	167	120	157	176	287	261	360
8	175	297	221	120	353	278	274	360
2	120	360
6	166	265	120	205	263	360
10	235	225	356	165	120	157	128	238	248	360
2	120	360
6	247	168	120	311	258	360
6	159	340	120	215	253	360
6	232	305	120	215	175	360
6	332	237	120	180	179	360
6	250	223	120	238	283	360
2	120	360
6	202	179	120	275	354	360
10	170	149	216	340	120	244	159	130	341	360
10	173	357	290	246	120	223	272	302	337	360
10	225	353	299	154	120	343	221	179	352	360
