START
config	900	700	180	700	900	960
batch	0	valid_loss	5065461.65625
batch	30	valid_loss	163771.486328
batch	60	valid_loss	122009.944336
batch	90	valid_loss	120176.943359
batch	120	valid_loss	120165.333984
batch	150	valid_loss	120116.944336
batch	180	valid_loss	120168.669922
batch	210	valid_loss	120193.644531
batch	240	valid_loss	120261.005859
batch	270	valid_loss	120214.999023
batch	300	valid_loss	120214.214844
batch	330	valid_loss	120247.029297
batch	360	valid_loss	120270.663086
batch	390	valid_loss	120259.672852
batch	420	valid_loss	120331.625
batch	450	valid_loss	120314.904297
batch	480	valid_loss	120357.819336
batch	510	valid_loss	120374.713867
batch	540	valid_loss	120270.509766
batch	570	valid_loss	120252.579102
batch	600	valid_loss	120176.473633
batch	630	valid_loss	119953.570312
batch	660	valid_loss	119254.75293
batch	690	valid_loss	117588.719727
batch	720	valid_loss	114222.636719
batch	750	valid_loss	110927.787109
batch	780	valid_loss	109698.27832
batch	810	valid_loss	109205.511719
batch	840	valid_loss	108813.329102
batch	870	valid_loss	108379.166016
batch	900	valid_loss	107743.463867
batch	930	valid_loss	107221.96875
batch	960	valid_loss	106795.113281
batch	990	valid_loss	106460.177734
batch	1020	valid_loss	106294.508789
batch	1050	valid_loss	106002.756836
batch	1080	valid_loss	105886.774414
batch	1110	valid_loss	105680.69043
batch	1140	valid_loss	105538.114258
batch	1170	valid_loss	105356.540039
batch	1200	valid_loss	105007.381836
batch	1230	valid_loss	104866.949219
batch	1260	valid_loss	104561.749023
batch	1290	valid_loss	104263.582031
batch	1320	valid_loss	103931.212891
batch	1350	valid_loss	103644.150391
batch	1380	valid_loss	103367.844727
batch	1410	valid_loss	102971.358398
batch	1440	valid_loss	102749.295898
batch	1470	valid_loss	102578.918945
batch	1500	valid_loss	102384.296875
batch	1530	valid_loss	102207.981445
batch	1560	valid_loss	102133.03418
batch	1590	valid_loss	101511.780273
batch	1620	valid_loss	101430.088867
batch	1650	valid_loss	100825.379883
batch	1680	valid_loss	100610.275391
batch	1710	valid_loss	100301.647461
batch	1740	valid_loss	100293.178711
batch	1770	valid_loss	99954.4257812
batch	1800	valid_loss	99611.5273438
batch	1830	valid_loss	99575.3271484
batch	1860	valid_loss	98989.8125
batch	1890	valid_loss	98567.8652344
batch	1920	valid_loss	98400.0830078
batch	1950	valid_loss	98109.7958984
batch	1980	valid_loss	97724.9794922
batch	2010	valid_loss	97403.6494141
batch	2040	valid_loss	97386.0126953
batch	2070	valid_loss	97025.2861328
batch	2100	valid_loss	97790.8212891
batch	2130	valid_loss	95998.1796875
batch	2160	valid_loss	95452.2587891
batch	2190	valid_loss	95262.5908203
batch	2220	valid_loss	95817.8144531
batch	2250	valid_loss	94126.2470703
batch	2280	valid_loss	93661.331543
batch	2310	valid_loss	93036.7060547
batch	2340	valid_loss	93455.612793
batch	2370	valid_loss	92105.6665039
batch	2400	valid_loss	92680.2211914
batch	2430	valid_loss	91356.109375
batch	2460	valid_loss	91069.6806641
batch	2490	valid_loss	91291.1166992
batch	2520	valid_loss	90373.5024414
batch	2550	valid_loss	90238.1005859
batch	2580	valid_loss	89856.6015625
batch	2610	valid_loss	97034.4970703
batch	2640	valid_loss	89506.1069336
batch	2670	valid_loss	88837.046875
batch	2700	valid_loss	88356.5507812
batch	2730	valid_loss	91189.3364258
batch	2760	valid_loss	87724.3852539
batch	2790	valid_loss	88042.5639648
batch	2820	valid_loss	88762.6801758
batch	2850	valid_loss	87010.5102539
batch	2880	valid_loss	88105.6508789
batch	2910	valid_loss	86171.3759766
batch	2940	valid_loss	88724.7250977
batch	2970	valid_loss	85360.7080078
batch	3000	valid_loss	84978.5419922
batch	3030	valid_loss	85070.0
batch	3060	valid_loss	84291.4521484
batch	3090	valid_loss	83958.0439453
batch	3120	valid_loss	83934.0200195
batch	3150	valid_loss	83193.3134766
batch	3180	valid_loss	83163.3774414
batch	3210	valid_loss	82790.9912109
batch	3240	valid_loss	82872.2998047
batch	3270	valid_loss	81822.8349609
batch	3300	valid_loss	83470.1914062
batch	3330	valid_loss	81291.2016602
batch	3360	valid_loss	85759.6860352
batch	3390	valid_loss	80742.0322266
batch	3420	valid_loss	80391.2089844
batch	3450	valid_loss	80179.7055664
batch	3480	valid_loss	80453.4926758
batch	3510	valid_loss	79520.1606445
batch	3540	valid_loss	79290.1303711
batch	3570	valid_loss	79038.9580078
batch	3600	valid_loss	79154.152832
batch	3630	valid_loss	78322.7597656
batch	3660	valid_loss	80212.1445312
batch	3690	valid_loss	78001.5268555
batch	3720	valid_loss	77806.4750977
batch	3750	valid_loss	77469.8920898
batch	3780	valid_loss	77562.3037109
batch	3810	valid_loss	77460.9589844
batch	3840	valid_loss	77275.5893555
batch	3870	valid_loss	76504.2124023
batch	3900	valid_loss	76431.5742188
batch	3930	valid_loss	76072.6542969
batch	3960	valid_loss	76039.5019531
batch	3990	valid_loss	76124.5615234
batch	4020	valid_loss	75404.1186523
batch	4050	valid_loss	75155.8227539
batch	4080	valid_loss	74895.5825195
batch	4110	valid_loss	78327.6279297
batch	4140	valid_loss	74857.9580078
batch	4170	valid_loss	74686.5297852
batch	4200	valid_loss	74172.9150391
batch	4230	valid_loss	74243.8647461
batch	4260	valid_loss	73614.2011719
batch	4290	valid_loss	73933.0141602
batch	4320	valid_loss	73190.7456055
batch	4350	valid_loss	73039.4794922
batch	4380	valid_loss	72795.2314453
batch	4410	valid_loss	72392.8686523
batch	4440	valid_loss	72182.1206055
batch	4470	valid_loss	72937.9902344
batch	4500	valid_loss	71898.1386719
batch	4530	valid_loss	71485.1196289
batch	4560	valid_loss	71298.0849609
batch	4590	valid_loss	71628.8779297
batch	4620	valid_loss	73355.878418
batch	4650	valid_loss	70640.3823242
batch	4680	valid_loss	70399.4697266
batch	4710	valid_loss	70823.0766602
batch	4740	valid_loss	70156.1435547
batch	4770	valid_loss	69860.4765625
batch	4800	valid_loss	70197.355957
batch	4830	valid_loss	69504.4077148
batch	4860	valid_loss	69411.0830078
batch	4890	valid_loss	69251.8706055
batch	4920	valid_loss	70211.1791992
batch	4950	valid_loss	68886.5478516
batch	4980	valid_loss	69018.3999023
batch	5010	valid_loss	74999.9003906
batch	5040	valid_loss	68545.8901367
batch	5070	valid_loss	68200.1958008
batch	5100	valid_loss	68435.4375
batch	5130	valid_loss	68705.8916016
batch	5160	valid_loss	68093.5463867
batch	5190	valid_loss	67423.3271484
batch	5220	valid_loss	70011.4550781
batch	5250	valid_loss	67214.7915039
batch	5280	valid_loss	67086.1904297
batch	5310	valid_loss	66880.3251953
batch	5340	valid_loss	66631.0048828
batch	5370	valid_loss	66570.9223633
batch	5400	valid_loss	66667.7524414
batch	5430	valid_loss	66220.5776367
batch	5460	valid_loss	66118.6342773
batch	5490	valid_loss	65996.5991211
batch	5520	valid_loss	65901.9453125
batch	5550	valid_loss	65626.7539062
batch	5580	valid_loss	65727.3330078
batch	5610	valid_loss	65371.2929688
batch	5640	valid_loss	65221.0961914
batch	5670	valid_loss	65257.2592773
batch	5700	valid_loss	65358.019043
batch	5730	valid_loss	65140.1733398
batch	5760	valid_loss	65011.0258789
batch	5790	valid_loss	64631.9208984
batch	5820	valid_loss	67974.0693359
batch	5850	valid_loss	64457.6376953
batch	5880	valid_loss	64339.8637695
batch	5910	valid_loss	64262.965332
batch	5940	valid_loss	64455.1411133
batch	5970	valid_loss	63926.5600586
batch	6000	valid_loss	64668.6831055
batch	6030	valid_loss	63659.262207
batch	6060	valid_loss	63879.7329102
batch	6090	valid_loss	65966.2802734
batch	6120	valid_loss	63312.6826172
batch	6150	valid_loss	63172.7070312
batch	6180	valid_loss	63106.7094727
batch	6210	valid_loss	63109.0678711
batch	6240	valid_loss	62781.972168
batch	6270	valid_loss	62996.1186523
batch	6300	valid_loss	62662.1264648
batch	6330	valid_loss	62789.4355469
batch	6360	valid_loss	62347.9208984
batch	6390	valid_loss	62540.5849609
batch	6420	valid_loss	62500.7695312
batch	6450	valid_loss	61944.3012695
batch	6480	valid_loss	61869.140625
batch	6510	valid_loss	62347.7158203
batch	6540	valid_loss	61903.3652344
batch	6570	valid_loss	61441.7119141
batch	6600	valid_loss	61457.6953125
batch	6630	valid_loss	61379.6499023
batch	6660	valid_loss	61848.5332031
batch	6690	valid_loss	61389.9296875
batch	6720	valid_loss	60866.3408203
batch	6750	valid_loss	60692.9467773
batch	6780	valid_loss	61573.0581055
batch	6810	valid_loss	60431.862793
batch	6840	valid_loss	60586.2041016
batch	6870	valid_loss	60528.2290039
batch	6900	valid_loss	60017.168457
batch	6930	valid_loss	60528.3671875
batch	6960	valid_loss	60032.8579102
batch	6990	valid_loss	59731.9204102
batch	7020	valid_loss	60661.2543945
batch	7050	valid_loss	59819.3276367
batch	7080	valid_loss	59563.3554688
batch	7110	valid_loss	59432.9570312
batch	7140	valid_loss	59347.0849609
batch	7170	valid_loss	59345.0107422
batch	7200	valid_loss	59011.8139648
batch	7230	valid_loss	59121.9921875
batch	7260	valid_loss	59267.7753906
batch	7290	valid_loss	58694.6938477
batch	7320	valid_loss	61372.5541992
batch	7350	valid_loss	58601.6879883
batch	7380	valid_loss	58415.3867188
batch	7410	valid_loss	58695.315918
batch	7440	valid_loss	58328.0488281
batch	7470	valid_loss	58403.9321289
batch	7500	valid_loss	57964.8173828
batch	7530	valid_loss	57979.8491211
batch	7560	valid_loss	67833.5830078
batch	7590	valid_loss	57851.1347656
batch	7620	valid_loss	57699.8613281
batch	7650	valid_loss	57502.8608398
batch	7680	valid_loss	57471.4736328
batch	7710	valid_loss	57424.597168
batch	7740	valid_loss	57259.8378906
batch	7770	valid_loss	57433.9291992
batch	7800	valid_loss	57294.1650391
batch	7830	valid_loss	57084.8325195
batch	7860	valid_loss	56967.5205078
batch	7890	valid_loss	56813.1669922
batch	7920	valid_loss	56926.59375
batch	7950	valid_loss	56607.0175781
batch	7980	valid_loss	56714.3271484
batch	8010	valid_loss	56512.0537109
batch	8040	valid_loss	56369.9882812
batch	8070	valid_loss	56289.3974609
batch	8100	valid_loss	57887.3701172
batch	8130	valid_loss	56028.7084961
batch	8160	valid_loss	55999.5981445
batch	8190	valid_loss	57242.2978516
batch	8220	valid_loss	55723.9833984
batch	8250	valid_loss	55781.2436523
batch	8280	valid_loss	56009.9140625
batch	8310	valid_loss	56014.4018555
batch	8340	valid_loss	55428.3969727
batch	8370	valid_loss	63646.5488281
batch	8400	valid_loss	55412.1943359
batch	8430	valid_loss	55091.7304688
batch	8460	valid_loss	54857.2407227
batch	8490	valid_loss	54850.4814453
batch	8520	valid_loss	54789.0043945
batch	8550	valid_loss	54978.7871094
batch	8580	valid_loss	54913.5209961
batch	8610	valid_loss	54544.5
batch	8640	valid_loss	54564.0756836
batch	8670	valid_loss	54398.0444336
batch	8700	valid_loss	54063.7382812
batch	8730	valid_loss	56107.7138672
batch	8760	valid_loss	53890.2597656
batch	8790	valid_loss	53653.0605469
batch	8820	valid_loss	53578.0014648
batch	8850	valid_loss	53415.9785156
batch	8880	valid_loss	53451.512207
batch	8910	valid_loss	53459.0195312
batch	8940	valid_loss	53142.2387695
batch	8970	valid_loss	53425.512207
batch	9000	valid_loss	52850.0522461
batch	9030	valid_loss	53401.8828125
batch	9060	valid_loss	52695.3364258
batch	9090	valid_loss	53135.5224609
batch	9120	valid_loss	52507.3037109
batch	9150	valid_loss	52242.6713867
batch	9180	valid_loss	52133.855957
batch	9210	valid_loss	58033.0786133
batch	9240	valid_loss	52076.8496094
batch	9270	valid_loss	51732.8066406
batch	9300	valid_loss	51660.1835938
batch	9330	valid_loss	51514.9833984
batch	9360	valid_loss	51675.7397461
batch	9390	valid_loss	51342.4458008
batch	9420	valid_loss	51784.953125
batch	9450	valid_loss	51168.1166992
batch	9480	valid_loss	51056.4433594
batch	9510	valid_loss	50958.1538086
batch	9540	valid_loss	51082.3740234
batch	9570	valid_loss	50677.4604492
batch	9600	valid_loss	50396.3959961
batch	9630	valid_loss	51361.4194336
batch	9660	valid_loss	50222.4472656
batch	9690	valid_loss	50086.5698242
batch	9720	valid_loss	50006.722168
batch	9750	valid_loss	50020.8364258
batch	9780	valid_loss	49896.8613281
batch	9810	valid_loss	49779.9702148
batch	9840	valid_loss	49782.2089844
batch	9870	valid_loss	49542.4868164
batch	9900	valid_loss	49783.5541992
batch	9930	valid_loss	49259.5424805
batch	9960	valid_loss	49324.6630859
batch	9990	valid_loss	49210.9443359
batch	10020	valid_loss	48991.8125
batch	10050	valid_loss	48882.5009766
batch	10080	valid_loss	48777.8540039
batch	10110	valid_loss	49060.4428711
batch	10140	valid_loss	48698.0786133
batch	10170	valid_loss	48691.2368164
batch	10200	valid_loss	48516.1132812
batch	10230	valid_loss	48422.5756836
batch	10260	valid_loss	48275.7319336
batch	10290	valid_loss	48304.6503906
batch	10320	valid_loss	48059.8188477
batch	10350	valid_loss	48273.9575195
batch	10380	valid_loss	47884.1083984
batch	10410	valid_loss	47871.4023438
batch	10440	valid_loss	47739.4199219
batch	10470	valid_loss	47631.2348633
batch	10500	valid_loss	47491.6850586
batch	10530	valid_loss	47703.1767578
batch	10560	valid_loss	47265.4848633
batch	10590	valid_loss	47891.0795898
batch	10620	valid_loss	47045.0703125
batch	10650	valid_loss	46983.9536133
batch	10680	valid_loss	47774.7397461
batch	10710	valid_loss	46852.4758301
batch	10740	valid_loss	46762.3615723
batch	10770	valid_loss	46620.4326172
batch	10800	valid_loss	46665.7575684
batch	10830	valid_loss	46498.5490723
batch	10860	valid_loss	46429.5827637
batch	10890	valid_loss	46335.9099121
batch	10920	valid_loss	46495.5412598
batch	10950	valid_loss	46092.967041
batch	10980	valid_loss	46211.5026855
batch	11010	valid_loss	45984.5925293
batch	11040	valid_loss	45863.1789551
batch	11070	valid_loss	45896.0351562
batch	11100	valid_loss	45680.1904297
batch	11130	valid_loss	45935.4538574
batch	11160	valid_loss	45725.3413086
batch	11190	valid_loss	45331.5258789
batch	11220	valid_loss	45289.8232422
batch	11250	valid_loss	45150.333252
batch	11280	valid_loss	45255.809082
batch	11310	valid_loss	45022.4025879
batch	11340	valid_loss	45052.817627
batch	11370	valid_loss	45007.4084473
batch	11400	valid_loss	44830.1386719
batch	11430	valid_loss	44616.253418
batch	11460	valid_loss	45842.3896484
batch	11490	valid_loss	44431.1625977
batch	11520	valid_loss	45037.1936035
batch	11550	valid_loss	44473.3457031
batch	11580	valid_loss	44046.7177734
batch	11610	valid_loss	44088.5917969
batch	11640	valid_loss	46201.1477051
batch	11670	valid_loss	43893.5229492
batch	11700	valid_loss	43762.2297363
batch	11730	valid_loss	43792.0783691
batch	11760	valid_loss	43587.3498535
batch	11790	valid_loss	43551.3720703
batch	11820	valid_loss	43583.5737305
batch	11850	valid_loss	43504.809082
batch	11880	valid_loss	43219.0471191
batch	11910	valid_loss	45726.3122559
batch	11940	valid_loss	43131.7050781
batch	11970	valid_loss	42857.4846191
batch	12000	valid_loss	43014.682373
batch	12030	valid_loss	42714.1386719
batch	12060	valid_loss	42623.439209
batch	12090	valid_loss	42859.251709
batch	12120	valid_loss	42444.7219238
batch	12150	valid_loss	42476.1833496
batch	12180	valid_loss	42261.0866699
batch	12210	valid_loss	42233.65625
batch	12240	valid_loss	42532.2177734
batch	12270	valid_loss	42127.7331543
batch	12300	valid_loss	41921.0566406
batch	12330	valid_loss	42142.1293945
batch	12360	valid_loss	41741.0895996
batch	12390	valid_loss	41700.8959961
batch	12420	valid_loss	41554.3498535
batch	12450	valid_loss	41491.3232422
batch	12480	valid_loss	41315.578125
batch	12510	valid_loss	41259.2507324
batch	12540	valid_loss	41795.4768066
batch	12570	valid_loss	41169.338623
batch	12600	valid_loss	41138.2316895
batch	12630	valid_loss	40887.2163086
batch	12660	valid_loss	40877.5048828
batch	12690	valid_loss	40702.4887695
batch	12720	valid_loss	40755.3037109
batch	12750	valid_loss	40758.1074219
batch	12780	valid_loss	40479.3737793
batch	12810	valid_loss	40564.0441895
batch	12840	valid_loss	40424.9328613
batch	12870	valid_loss	40472.0341797
batch	12900	valid_loss	40477.8012695
batch	12930	valid_loss	40077.1135254
batch	12960	valid_loss	40123.5910645
batch	12990	valid_loss	39906.9492188
batch	13020	valid_loss	39957.0332031
batch	13050	valid_loss	39710.2160645
batch	13080	valid_loss	39669.909668
batch	13110	valid_loss	39629.2897949
batch	13140	valid_loss	39494.8591309
batch	13170	valid_loss	39679.1484375
batch	13200	valid_loss	39381.8356934
batch	13230	valid_loss	39387.4814453
batch	13260	valid_loss	39202.1691895
batch	13290	valid_loss	39163.3249512
batch	13320	valid_loss	38940.9772949
batch	13350	valid_loss	38929.2426758
batch	13380	valid_loss	39087.3984375
batch	13410	valid_loss	38832.3178711
batch	13440	valid_loss	39278.6069336
batch	13470	valid_loss	38616.7214355
batch	13500	valid_loss	38640.4780273
batch	13530	valid_loss	38486.0354004
batch	13560	valid_loss	38599.4187012
batch	13590	valid_loss	38294.6230469
batch	13620	valid_loss	38530.3603516
batch	13650	valid_loss	38305.8972168
batch	13680	valid_loss	38871.4155273
batch	13710	valid_loss	38115.7355957
batch	13740	valid_loss	37963.0673828
batch	13770	valid_loss	38005.9648438
batch	13800	valid_loss	37883.9255371
batch	13830	valid_loss	38168.5979004
batch	13860	valid_loss	37797.3137207
batch	13890	valid_loss	37697.5092773
batch	13920	valid_loss	37596.3952637
batch	13950	valid_loss	37514.9431152
batch	13980	valid_loss	37519.7351074
batch	14010	valid_loss	37440.2197266
batch	14040	valid_loss	37289.9743652
batch	14070	valid_loss	37581.6984863
batch	14100	valid_loss	37140.6501465
batch	14130	valid_loss	37066.9362793
batch	14160	valid_loss	37095.9926758
batch	14190	valid_loss	37033.9438477
batch	14220	valid_loss	36947.6782227
batch	14250	valid_loss	36785.3513184
batch	14280	valid_loss	36872.1218262
batch	14310	valid_loss	36753.1853027
batch	14340	valid_loss	36634.8847656
batch	14370	valid_loss	36817.7043457
batch	14400	valid_loss	36426.7504883
batch	14430	valid_loss	36412.253418
batch	14460	valid_loss	36290.9755859
batch	14490	valid_loss	36192.8125
batch	14520	valid_loss	37735.25
batch	14550	valid_loss	36168.8200684
batch	14580	valid_loss	36133.1489258
batch	14610	valid_loss	35950.1035156
batch	14640	valid_loss	35941.8791504
batch	14670	valid_loss	35957.0463867
batch	14700	valid_loss	35760.864502
batch	14730	valid_loss	35643.9575195
batch	14760	valid_loss	35642.855957
batch	14790	valid_loss	35567.5939941
batch	14820	valid_loss	35541.4057617
batch	14850	valid_loss	35481.7712402
batch	14880	valid_loss	35566.6027832
batch	14910	valid_loss	35295.376709
batch	14940	valid_loss	35325.2473145
batch	14970	valid_loss	35080.4333496
batch	15000	valid_loss	34960.8391113
batch	15030	valid_loss	34903.8024902
batch	15060	valid_loss	34964.1228027
batch	15090	valid_loss	34812.5861816
batch	15120	valid_loss	34734.8574219
batch	15150	valid_loss	34694.8154297
batch	15180	valid_loss	34599.2307129
batch	15210	valid_loss	34582.2077637
batch	15240	valid_loss	34369.748291
batch	15270	valid_loss	34435.0600586
batch	15300	valid_loss	34421.2814941
batch	15330	valid_loss	34259.6047363
batch	15360	valid_loss	34241.5949707
batch	15390	valid_loss	34220.7436523
batch	15420	valid_loss	34074.8896484
batch	15450	valid_loss	33940.4907227
batch	15480	valid_loss	33946.2507324
batch	15510	valid_loss	33804.3764648
batch	15540	valid_loss	33751.5603027
batch	15570	valid_loss	33868.0441895
batch	15600	valid_loss	33590.5427246
batch	15630	valid_loss	33556.7138672
batch	15660	valid_loss	33310.4035645
batch	15690	valid_loss	34671.3349609
batch	15720	valid_loss	33368.5493164
batch	15750	valid_loss	33226.3139648
batch	15780	valid_loss	33269.1591797
batch	15810	valid_loss	33051.4296875
batch	15840	valid_loss	32932.7106934
batch	15870	valid_loss	33003.5805664
batch	15900	valid_loss	32980.3286133
batch	15930	valid_loss	32904.7607422
batch	15960	valid_loss	32767.9606934
batch	15990	valid_loss	32593.2768555
batch	16020	valid_loss	32490.4367676
batch	16050	valid_loss	32592.2336426
batch	16080	valid_loss	32669.3400879
batch	16110	valid_loss	32321.3068848
batch	16140	valid_loss	32346.6623535
batch	16170	valid_loss	32157.8022461
batch	16200	valid_loss	32719.8249512
batch	16230	valid_loss	32147.9326172
batch	16260	valid_loss	31989.8405762
batch	16290	valid_loss	31870.2243652
batch	16320	valid_loss	31925.8249512
batch	16350	valid_loss	31794.0612793
batch	16380	valid_loss	31740.4450684
batch	16410	valid_loss	31668.5852051
batch	16440	valid_loss	31612.5795898
batch	16470	valid_loss	31453.0195312
batch	16500	valid_loss	31380.9257812
batch	16530	valid_loss	31332.3977051
batch	16560	valid_loss	32682.5583496
batch	16590	valid_loss	31352.838623
batch	16620	valid_loss	31210.9108887
batch	16650	valid_loss	31081.9697266
batch	16680	valid_loss	30995.0708008
batch	16710	valid_loss	30900.2336426
batch	16740	valid_loss	30970.0246582
batch	16770	valid_loss	30928.9475098
batch	16800	valid_loss	30734.2861328
batch	16830	valid_loss	30694.1311035
batch	16860	valid_loss	30675.7709961
batch	16890	valid_loss	30726.3308105
batch	16920	valid_loss	30461.7480469
batch	16950	valid_loss	30373.2475586
batch	16980	valid_loss	30450.8383789
batch	17010	valid_loss	30268.6269531
batch	17040	valid_loss	30279.765625
batch	17070	valid_loss	30123.2026367
batch	17100	valid_loss	30198.2954102
batch	17130	valid_loss	29942.1201172
batch	17160	valid_loss	30040.4545898
batch	17190	valid_loss	29897.4790039
batch	17220	valid_loss	29816.8166504
batch	17250	valid_loss	29680.9472656
batch	17280	valid_loss	29915.5134277
batch	17310	valid_loss	29647.9743652
batch	17340	valid_loss	29582.7404785
batch	17370	valid_loss	29506.9040527
batch	17400	valid_loss	29397.4770508
batch	17430	valid_loss	29250.2211914
batch	17460	valid_loss	29290.8684082
batch	17490	valid_loss	29180.3859863
batch	17520	valid_loss	29131.6818848
batch	17550	valid_loss	28997.6518555
batch	17580	valid_loss	28928.0263672
batch	17610	valid_loss	28922.4072266
batch	17640	valid_loss	28841.1225586
batch	17670	valid_loss	29001.8181152
batch	17700	valid_loss	28794.4260254
batch	17730	valid_loss	28682.791748
batch	17760	valid_loss	28607.8972168
batch	17790	valid_loss	28605.9177246
batch	17820	valid_loss	28491.3378906
batch	17850	valid_loss	28339.2519531
batch	17880	valid_loss	28393.7810059
batch	17910	valid_loss	28319.390625
batch	17940	valid_loss	28143.3806152
batch	17970	valid_loss	28153.6379395
batch	18000	valid_loss	28028.9296875
batch	18030	valid_loss	28058.7055664
batch	18060	valid_loss	27921.0505371
batch	18090	valid_loss	27824.9196777
batch	18120	valid_loss	27788.1083984
batch	18150	valid_loss	27725.3103027
batch	18180	valid_loss	27653.0983887
batch	18210	valid_loss	27600.748291
batch	18240	valid_loss	27583.3720703
batch	18270	valid_loss	27532.4001465
batch	18300	valid_loss	27421.4907227
batch	18330	valid_loss	27570.8864746
batch	18360	valid_loss	27343.3710938
batch	18390	valid_loss	27237.3703613
batch	18420	valid_loss	27064.5930176
batch	18450	valid_loss	27094.8530273
batch	18480	valid_loss	27011.7851562
batch	18510	valid_loss	26838.4277344
batch	18540	valid_loss	26926.1887207
batch	18570	valid_loss	26844.1359863
batch	18600	valid_loss	26965.6149902
batch	18630	valid_loss	26808.3222656
batch	18660	valid_loss	26801.8032227
batch	18690	valid_loss	26600.9760742
batch	18720	valid_loss	26596.9345703
batch	18750	valid_loss	26541.0444336
batch	18780	valid_loss	26305.1049805
batch	18810	valid_loss	26224.1352539
batch	18840	valid_loss	26494.7092285
batch	18870	valid_loss	26203.9716797
batch	18900	valid_loss	26060.1755371
batch	18930	valid_loss	26197.2336426
batch	18960	valid_loss	26038.157959
batch	18990	valid_loss	25966.5229492
batch	19020	valid_loss	25920.7668457
batch	19050	valid_loss	25841.309082
batch	19080	valid_loss	25726.4233398
batch	19110	valid_loss	25576.2160645
batch	19140	valid_loss	25555.6928711
batch	19170	valid_loss	25520.8608398
batch	19200	valid_loss	25681.244873
batch	19230	valid_loss	25346.7167969
batch	19260	valid_loss	25345.7077637
batch	19290	valid_loss	25335.4516602
batch	19320	valid_loss	25354.3737793
batch	19350	valid_loss	25299.7770996
batch	19380	valid_loss	25135.4892578
batch	19410	valid_loss	25087.0664062
batch	19440	valid_loss	24993.8981934
batch	19470	valid_loss	25053.8979492
batch	19500	valid_loss	24910.2092285
batch	19530	valid_loss	25083.9492188
batch	19560	valid_loss	24736.963623
batch	19590	valid_loss	24881.2824707
batch	19620	valid_loss	24663.2219238
batch	19650	valid_loss	24575.4057617
batch	19680	valid_loss	24646.5583496
batch	19710	valid_loss	24472.814209
batch	19740	valid_loss	24455.7094727
batch	19770	valid_loss	24334.8723145
batch	19800	valid_loss	24395.0024414
batch	19830	valid_loss	24206.7270508
batch	19860	valid_loss	24127.6809082
batch	19890	valid_loss	24269.9084473
batch	19920	valid_loss	24066.7131348
batch	19950	valid_loss	24032.59375
batch	19980	valid_loss	24020.9208984
batch	20010	valid_loss	23945.1630859
batch	20040	valid_loss	23802.0827637
batch	20070	valid_loss	23829.0812988
batch	20100	valid_loss	23728.6601562
batch	20130	valid_loss	23730.6311035
batch	20160	valid_loss	23633.9453125
batch	20190	valid_loss	23664.3400879
batch	20220	valid_loss	23576.2141113
batch	20250	valid_loss	23498.6901855
batch	20280	valid_loss	23532.583252
batch	20310	valid_loss	23525.9204102
batch	20340	valid_loss	23363.991333
batch	20370	valid_loss	23181.4091797
batch	20400	valid_loss	23291.5723877
batch	20430	valid_loss	23172.2666016
batch	20460	valid_loss	23123.7873535
batch	20490	valid_loss	23042.1682129
batch	20520	valid_loss	23034.2471924
batch	20550	valid_loss	23052.6729736
batch	20580	valid_loss	22865.7675781
batch	20610	valid_loss	22855.4517822
batch	20640	valid_loss	22735.4383545
batch	20670	valid_loss	22619.5019531
batch	20700	valid_loss	22684.6245117
batch	20730	valid_loss	22599.0373535
batch	20760	valid_loss	22911.9030762
batch	20790	valid_loss	22417.0697021
batch	20820	valid_loss	22464.4443359
batch	20850	valid_loss	22404.0794678
batch	20880	valid_loss	22278.1884766
batch	20910	valid_loss	22313.1837158
batch	20940	valid_loss	22200.8339844
batch	20970	valid_loss	22099.0842285
batch	21000	valid_loss	22040.2764893
batch	21030	valid_loss	22095.3251953
batch	21060	valid_loss	22070.7663574
batch	21090	valid_loss	21939.9193115
batch	21120	valid_loss	21898.5080566
batch	21150	valid_loss	21872.1166992
batch	21180	valid_loss	21983.6989746
batch	21210	valid_loss	21659.8560791
batch	21240	valid_loss	21741.0333252
batch	21270	valid_loss	21585.9090576
batch	21300	valid_loss	21457.114502
batch	21330	valid_loss	21728.1571045
batch	21360	valid_loss	21461.0333252
batch	21390	valid_loss	21338.3399658
batch	21420	valid_loss	21237.1583252
batch	21450	valid_loss	21289.4069824
batch	21480	valid_loss	21155.8869629
batch	21510	valid_loss	21441.4830322
batch	21540	valid_loss	21212.6544189
batch	21570	valid_loss	21018.3165283
batch	21600	valid_loss	20922.4143066
batch	21630	valid_loss	20943.0061035
batch	21660	valid_loss	20882.5784912
batch	21690	valid_loss	20862.7158203
batch	21720	valid_loss	20668.3530273
batch	21750	valid_loss	20759.1743164
batch	21780	valid_loss	20668.4637451
batch	21810	valid_loss	20636.4564209
batch	21840	valid_loss	20559.9423828
batch	21870	valid_loss	20486.493042
batch	21900	valid_loss	20381.0319824
batch	21930	valid_loss	20325.4978027
batch	21960	valid_loss	20436.7200928
batch	21990	valid_loss	20175.2128906
batch	22020	valid_loss	20319.6270752
batch	22050	valid_loss	20066.9924316
batch	22080	valid_loss	20198.9672852
batch	22110	valid_loss	20016.5926514
batch	22140	valid_loss	20094.7762451
batch	22170	valid_loss	19919.3153076
batch	22200	valid_loss	20038.3186035
batch	22230	valid_loss	19744.6141357
batch	22260	valid_loss	19733.4169922
batch	22290	valid_loss	19801.6108398
batch	22320	valid_loss	19638.6568604
batch	22350	valid_loss	19677.9536133
batch	22380	valid_loss	19644.5627441
batch	22410	valid_loss	19506.9204102
batch	22440	valid_loss	19555.4908447
batch	22470	valid_loss	19312.6300049
batch	22500	valid_loss	19279.4451904
batch	22530	valid_loss	19366.7984619
batch	22560	valid_loss	19300.8980713
batch	22590	valid_loss	19239.5212402
batch	22620	valid_loss	19128.7937012
batch	22650	valid_loss	19099.3411865
batch	22680	valid_loss	18924.8249512
batch	22710	valid_loss	19154.3901367
batch	22740	valid_loss	18902.7854004
batch	22770	valid_loss	18927.0958252
batch	22800	valid_loss	18857.9703369
batch	22830	valid_loss	18766.2113037
batch	22860	valid_loss	18722.4035645
batch	22890	valid_loss	18646.8225098
batch	22920	valid_loss	18615.0966797
batch	22950	valid_loss	18497.385498
batch	22980	valid_loss	18450.2192383
batch	23010	valid_loss	18560.3050537
batch	23040	valid_loss	18464.3406982
batch	23070	valid_loss	18368.9143066
batch	23100	valid_loss	18327.6871338
batch	23130	valid_loss	18165.2303467
batch	23160	valid_loss	18155.9661865
batch	23190	valid_loss	18207.112915
batch	23220	valid_loss	17995.5179443
batch	23250	valid_loss	18108.8989258
batch	23280	valid_loss	17921.1523438
batch	23310	valid_loss	17938.7200928
batch	23340	valid_loss	17993.6938477
batch	23370	valid_loss	17856.8348389
batch	23400	valid_loss	17884.6151123
batch	23430	valid_loss	17750.3585205
batch	23460	valid_loss	17655.0883789
batch	23490	valid_loss	17565.5692139
batch	23520	valid_loss	17575.2667236
batch	23550	valid_loss	17449.0345459
batch	23580	valid_loss	17509.4702148
batch	23610	valid_loss	17393.2592773
batch	23640	valid_loss	17406.4815674
batch	23670	valid_loss	17360.4564209
batch	23700	valid_loss	17328.4012451
batch	23730	valid_loss	17263.7185059
batch	23760	valid_loss	17171.2056885
batch	23790	valid_loss	17035.7424316
batch	23820	valid_loss	17026.4091797
batch	23850	valid_loss	17037.1000977
batch	23880	valid_loss	16945.7937012
batch	23910	valid_loss	16892.0622559
batch	23940	valid_loss	17042.314209
batch	23970	valid_loss	16802.6534424
batch	24000	valid_loss	16761.9006348
batch	24030	valid_loss	16918.3520508
batch	24060	valid_loss	16661.786499
batch	24090	valid_loss	16582.8554688
batch	24120	valid_loss	16555.8377686
batch	24150	valid_loss	16575.0672607
batch	24180	valid_loss	16472.9595947
batch	24210	valid_loss	16474.9499512
batch	24240	valid_loss	16375.4753418
batch	24270	valid_loss	16412.6086426
batch	24300	valid_loss	16344.5098877
batch	24330	valid_loss	16247.4448242
batch	24360	valid_loss	16245.6640625
batch	24390	valid_loss	16164.734375
batch	24420	valid_loss	16055.9659424
batch	24450	valid_loss	16083.1722412
batch	24480	valid_loss	16014.4069824
batch	24510	valid_loss	15927.0393066
batch	24540	valid_loss	15870.4150391
batch	24570	valid_loss	15926.8388672
batch	24600	valid_loss	15857.2337646
batch	24630	valid_loss	15803.5849609
batch	24660	valid_loss	15811.9847412
batch	24690	valid_loss	15648.8807373
batch	24720	valid_loss	15495.776123
batch	24750	valid_loss	15484.9006348
batch	24780	valid_loss	15444.9702148
batch	24810	valid_loss	15488.239502
batch	24840	valid_loss	15460.6026611
batch	24870	valid_loss	15329.9195557
batch	24900	valid_loss	15402.8355713
batch	24930	valid_loss	15269.340332
batch	24960	valid_loss	15313.4946289
batch	24990	valid_loss	15140.0228271
STOP
START
config	900	700	180	700	900	960
batch	0	valid_loss	4951762.6875
batch	30	valid_loss	161056.055664
batch	60	valid_loss	121959.427734
batch	90	valid_loss	120175.773438
batch	120	valid_loss	120156.222656
batch	150	valid_loss	120173.426758
batch	180	valid_loss	120178.570312
batch	210	valid_loss	120196.626953
batch	240	valid_loss	120246.878906
batch	270	valid_loss	120232.5625
batch	300	valid_loss	120237.711914
batch	330	valid_loss	120232.946289
batch	360	valid_loss	120295.605469
batch	390	valid_loss	120272.855469
batch	420	valid_loss	120300.515625
batch	450	valid_loss	120245.076172
batch	480	valid_loss	119993.359375
batch	510	valid_loss	119193.125
batch	540	valid_loss	117289.785156
batch	570	valid_loss	113815.472656
batch	600	valid_loss	111087.12207
batch	630	valid_loss	110105.351562
batch	660	valid_loss	109583.745117
batch	690	valid_loss	109312.352539
batch	720	valid_loss	109011.0
batch	750	valid_loss	108660.834961
batch	780	valid_loss	108068.957031
batch	810	valid_loss	107589.091797
batch	840	valid_loss	107122.929688
batch	870	valid_loss	106857.681641
batch	900	valid_loss	106558.148438
batch	930	valid_loss	106339.166016
batch	960	valid_loss	106240.067383
batch	990	valid_loss	105991.375
batch	1020	valid_loss	105895.538086
batch	1050	valid_loss	105696.027344
batch	1080	valid_loss	105418.392578
batch	1110	valid_loss	105289.152344
batch	1140	valid_loss	105103.854492
batch	1170	valid_loss	104935.008789
batch	1200	valid_loss	104739.59375
batch	1230	valid_loss	104645.700195
batch	1260	valid_loss	104447.298828
batch	1290	valid_loss	104166.598633
batch	1320	valid_loss	103841.779297
batch	1350	valid_loss	103703.130859
batch	1380	valid_loss	103408.070312
batch	1410	valid_loss	103049.695312
batch	1440	valid_loss	102996.678711
batch	1470	valid_loss	102605.928711
batch	1500	valid_loss	102387.905273
batch	1530	valid_loss	102143.754883
batch	1560	valid_loss	101897.958008
batch	1590	valid_loss	101577.981445
batch	1620	valid_loss	101240.59668
batch	1650	valid_loss	100891.368164
batch	1680	valid_loss	100660.541992
batch	1710	valid_loss	100233.039062
batch	1740	valid_loss	99904.1787109
batch	1770	valid_loss	99501.6054688
batch	1800	valid_loss	99460.6679688
batch	1830	valid_loss	99270.5673828
batch	1860	valid_loss	98865.2734375
batch	1890	valid_loss	98614.7646484
batch	1920	valid_loss	98132.9208984
batch	1950	valid_loss	99784.2109375
batch	1980	valid_loss	97396.8164062
batch	2010	valid_loss	96966.0332031
batch	2040	valid_loss	100435.897461
batch	2070	valid_loss	96227.8730469
batch	2100	valid_loss	95818.1464844
batch	2130	valid_loss	95682.4853516
batch	2160	valid_loss	95273.3544922
batch	2190	valid_loss	94683.4716797
batch	2220	valid_loss	96939.4560547
batch	2250	valid_loss	93975.4755859
batch	2280	valid_loss	93605.0375977
batch	2310	valid_loss	93281.2124023
batch	2340	valid_loss	93117.9536133
batch	2370	valid_loss	92778.8847656
batch	2400	valid_loss	92288.1054688
batch	2430	valid_loss	92293.0205078
batch	2460	valid_loss	91769.2167969
batch	2490	valid_loss	91406.5488281
batch	2520	valid_loss	91152.6079102
batch	2550	valid_loss	90973.996582
batch	2580	valid_loss	90536.0395508
batch	2610	valid_loss	90604.7392578
batch	2640	valid_loss	89822.2998047
batch	2670	valid_loss	91588.4282227
batch	2700	valid_loss	89118.9794922
batch	2730	valid_loss	88711.0341797
batch	2760	valid_loss	88819.0810547
batch	2790	valid_loss	88152.5415039
batch	2820	valid_loss	91578.4042969
batch	2850	valid_loss	87269.3364258
batch	2880	valid_loss	87049.9052734
batch	2910	valid_loss	87050.5307617
batch	2940	valid_loss	86679.1083984
batch	2970	valid_loss	86114.9741211
batch	3000	valid_loss	86329.6416016
batch	3030	valid_loss	86237.4511719
batch	3060	valid_loss	86016.8105469
batch	3090	valid_loss	84969.8769531
batch	3120	valid_loss	88297.5317383
batch	3150	valid_loss	84400.4985352
batch	3180	valid_loss	83904.5473633
batch	3210	valid_loss	85642.8232422
batch	3240	valid_loss	83629.2045898
batch	3270	valid_loss	83491.8286133
batch	3300	valid_loss	82844.1499023
batch	3330	valid_loss	82571.6948242
batch	3360	valid_loss	82600.5712891
batch	3390	valid_loss	82045.2646484
batch	3420	valid_loss	81839.1733398
batch	3450	valid_loss	81279.8535156
batch	3480	valid_loss	81117.5092773
batch	3510	valid_loss	80791.2260742
batch	3540	valid_loss	81698.8466797
batch	3570	valid_loss	80416.9291992
batch	3600	valid_loss	80044.3881836
batch	3630	valid_loss	80154.2143555
batch	3660	valid_loss	81908.859375
batch	3690	valid_loss	79357.4370117
batch	3720	valid_loss	79158.387207
batch	3750	valid_loss	78999.1723633
batch	3780	valid_loss	80798.8730469
batch	3810	valid_loss	78648.1152344
batch	3840	valid_loss	78270.659668
batch	3870	valid_loss	78378.9238281
batch	3900	valid_loss	77654.4189453
batch	3930	valid_loss	77364.6625977
batch	3960	valid_loss	78166.1245117
batch	3990	valid_loss	77078.3681641
batch	4020	valid_loss	76671.6669922
batch	4050	valid_loss	76288.199707
batch	4080	valid_loss	76584.3574219
batch	4110	valid_loss	76102.6689453
batch	4140	valid_loss	75794.3261719
batch	4170	valid_loss	82002.3452148
batch	4200	valid_loss	75447.7651367
batch	4230	valid_loss	75120.9501953
batch	4260	valid_loss	74912.034668
batch	4290	valid_loss	75547.815918
batch	4320	valid_loss	74499.6914062
batch	4350	valid_loss	75096.2138672
batch	4380	valid_loss	74535.3730469
batch	4410	valid_loss	73899.3339844
batch	4440	valid_loss	73705.0600586
batch	4470	valid_loss	73307.9550781
batch	4500	valid_loss	79349.7324219
batch	4530	valid_loss	73036.765625
batch	4560	valid_loss	72729.5375977
batch	4590	valid_loss	72612.6074219
batch	4620	valid_loss	72204.8515625
batch	4650	valid_loss	72243.090332
batch	4680	valid_loss	72980.2128906
batch	4710	valid_loss	71879.7724609
batch	4740	valid_loss	71404.0380859
batch	4770	valid_loss	72389.7944336
batch	4800	valid_loss	71015.815918
batch	4830	valid_loss	70926.2158203
batch	4860	valid_loss	71878.5087891
batch	4890	valid_loss	70725.0327148
batch	4920	valid_loss	70306.8120117
batch	4950	valid_loss	70245.6459961
batch	4980	valid_loss	70044.7695312
batch	5010	valid_loss	69771.4956055
batch	5040	valid_loss	69621.140625
batch	5070	valid_loss	69417.5786133
batch	5100	valid_loss	70088.2441406
batch	5130	valid_loss	69095.7768555
batch	5160	valid_loss	68860.3095703
batch	5190	valid_loss	69044.7451172
batch	5220	valid_loss	70057.5786133
batch	5250	valid_loss	68497.5117188
batch	5280	valid_loss	68056.1796875
batch	5310	valid_loss	67976.1206055
batch	5340	valid_loss	67670.4868164
batch	5370	valid_loss	68028.2226562
batch	5400	valid_loss	67327.7475586
batch	5430	valid_loss	67134.0737305
batch	5460	valid_loss	67003.3432617
batch	5490	valid_loss	68981.5463867
batch	5520	valid_loss	66702.3818359
batch	5550	valid_loss	66286.3764648
batch	5580	valid_loss	66192.8999023
batch	5610	valid_loss	65973.809082
batch	5640	valid_loss	65928.4614258
batch	5670	valid_loss	69546.0024414
batch	5700	valid_loss	65847.2539062
batch	5730	valid_loss	65326.2885742
batch	5760	valid_loss	65225.7114258
batch	5790	valid_loss	65451.4433594
batch	5820	valid_loss	64769.4584961
batch	5850	valid_loss	64557.3276367
batch	5880	valid_loss	64540.3481445
batch	5910	valid_loss	64744.7768555
batch	5940	valid_loss	64067.0263672
batch	5970	valid_loss	63919.3598633
batch	6000	valid_loss	65955.746582
batch	6030	valid_loss	63501.5058594
batch	6060	valid_loss	63945.890625
batch	6090	valid_loss	63295.7700195
batch	6120	valid_loss	63844.4086914
batch	6150	valid_loss	62977.4926758
batch	6180	valid_loss	62691.3369141
batch	6210	valid_loss	62683.8164062
batch	6240	valid_loss	62736.9951172
batch	6270	valid_loss	62739.3925781
batch	6300	valid_loss	62071.4907227
batch	6330	valid_loss	61946.6962891
batch	6360	valid_loss	63612.6918945
batch	6390	valid_loss	61763.347168
batch	6420	valid_loss	61750.78125
batch	6450	valid_loss	61509.9326172
batch	6480	valid_loss	61302.4677734
batch	6510	valid_loss	61406.9086914
batch	6540	valid_loss	61056.3896484
batch	6570	valid_loss	61144.8496094
batch	6600	valid_loss	60588.6318359
batch	6630	valid_loss	60467.5170898
batch	6660	valid_loss	60193.6088867
batch	6690	valid_loss	60760.3139648
batch	6720	valid_loss	59898.9057617
batch	6750	valid_loss	59812.3286133
batch	6780	valid_loss	60483.1958008
batch	6810	valid_loss	59481.2490234
batch	6840	valid_loss	59368.4399414
batch	6870	valid_loss	59318.324707
batch	6900	valid_loss	59040.6679688
batch	6930	valid_loss	58975.8100586
batch	6960	valid_loss	61968.6220703
batch	6990	valid_loss	58754.4960938
batch	7020	valid_loss	58609.5874023
batch	7050	valid_loss	58539.949707
batch	7080	valid_loss	58448.2006836
batch	7110	valid_loss	58158.9985352
batch	7140	valid_loss	58091.3720703
batch	7170	valid_loss	57814.5463867
batch	7200	valid_loss	57848.5258789
batch	7230	valid_loss	58000.800293
batch	7260	valid_loss	57592.0957031
batch	7290	valid_loss	60335.125
batch	7320	valid_loss	57476.0087891
batch	7350	valid_loss	57248.7475586
batch	7380	valid_loss	57053.3344727
batch	7410	valid_loss	57189.2304688
batch	7440	valid_loss	57100.7504883
batch	7470	valid_loss	56813.7543945
batch	7500	valid_loss	57100.6469727
batch	7530	valid_loss	56358.9946289
batch	7560	valid_loss	56415.8725586
batch	7590	valid_loss	57047.0253906
batch	7620	valid_loss	56054.3574219
batch	7650	valid_loss	56543.453125
batch	7680	valid_loss	56387.5351562
batch	7710	valid_loss	55810.6582031
batch	7740	valid_loss	55858.534668
batch	7770	valid_loss	55576.9711914
batch	7800	valid_loss	55293.4174805
batch	7830	valid_loss	55287.8115234
batch	7860	valid_loss	56493.7597656
batch	7890	valid_loss	55026.5239258
batch	7920	valid_loss	54841.7446289
batch	7950	valid_loss	54771.8432617
batch	7980	valid_loss	54646.4345703
batch	8010	valid_loss	56212.4677734
batch	8040	valid_loss	54416.3798828
batch	8070	valid_loss	54220.4047852
batch	8100	valid_loss	54449.5620117
batch	8130	valid_loss	54028.262207
batch	8160	valid_loss	54762.4677734
batch	8190	valid_loss	53829.8637695
batch	8220	valid_loss	53571.5732422
batch	8250	valid_loss	53523.3730469
batch	8280	valid_loss	53365.8476562
batch	8310	valid_loss	53344.9042969
batch	8340	valid_loss	55829.3051758
batch	8370	valid_loss	52970.3505859
batch	8400	valid_loss	53038.3979492
batch	8430	valid_loss	52761.5498047
batch	8460	valid_loss	52597.0185547
batch	8490	valid_loss	53202.65625
batch	8520	valid_loss	52417.6625977
batch	8550	valid_loss	52544.7646484
batch	8580	valid_loss	52194.5512695
batch	8610	valid_loss	52119.8261719
batch	8640	valid_loss	51786.2617188
batch	8670	valid_loss	53202.1137695
batch	8700	valid_loss	51625.3046875
batch	8730	valid_loss	51654.4033203
batch	8760	valid_loss	52120.2885742
batch	8790	valid_loss	51212.6625977
batch	8820	valid_loss	51376.0996094
batch	8850	valid_loss	50829.0483398
batch	8880	valid_loss	51606.0532227
batch	8910	valid_loss	50770.7553711
batch	8940	valid_loss	51396.6518555
batch	8970	valid_loss	50533.0043945
batch	9000	valid_loss	50358.515625
batch	9030	valid_loss	50322.7460938
batch	9060	valid_loss	50168.6513672
batch	9090	valid_loss	50163.8793945
batch	9120	valid_loss	49866.1118164
batch	9150	valid_loss	49832.1220703
batch	9180	valid_loss	49855.4008789
batch	9210	valid_loss	49799.90625
batch	9240	valid_loss	49434.5273438
batch	9270	valid_loss	49967.0375977
batch	9300	valid_loss	49292.1323242
batch	9330	valid_loss	49118.5917969
batch	9360	valid_loss	48894.1357422
batch	9390	valid_loss	49013.362793
batch	9420	valid_loss	48876.8588867
batch	9450	valid_loss	48720.5151367
batch	9480	valid_loss	48696.0097656
batch	9510	valid_loss	48707.6293945
batch	9540	valid_loss	48321.6577148
batch	9570	valid_loss	48245.3901367
batch	9600	valid_loss	49151.3251953
batch	9630	valid_loss	48007.3564453
batch	9660	valid_loss	48113.1020508
batch	9690	valid_loss	47748.7148438
batch	9720	valid_loss	48876.8212891
batch	9750	valid_loss	47567.6782227
batch	9780	valid_loss	47479.6479492
batch	9810	valid_loss	47304.0102539
batch	9840	valid_loss	47365.0952148
batch	9870	valid_loss	47179.1367188
batch	9900	valid_loss	47071.5224609
batch	9930	valid_loss	47682.065918
batch	9960	valid_loss	46811.7539062
batch	9990	valid_loss	46868.9204102
batch	10020	valid_loss	46600.3640137
batch	10050	valid_loss	46630.6645508
batch	10080	valid_loss	46383.7119141
batch	10110	valid_loss	46488.7866211
batch	10140	valid_loss	46567.8295898
batch	10170	valid_loss	46234.3828125
batch	10200	valid_loss	45917.234375
batch	10230	valid_loss	46018.0029297
batch	10260	valid_loss	45740.9526367
batch	10290	valid_loss	45612.6235352
batch	10320	valid_loss	45564.0041504
batch	10350	valid_loss	45485.6103516
batch	10380	valid_loss	45272.9072266
batch	10410	valid_loss	45147.6208496
batch	10440	valid_loss	48573.8496094
batch	10470	valid_loss	44968.3688965
batch	10500	valid_loss	44900.1376953
batch	10530	valid_loss	44843.0046387
batch	10560	valid_loss	44575.6506348
batch	10590	valid_loss	44528.1865234
batch	10620	valid_loss	44422.7165527
batch	10650	valid_loss	44519.5710449
batch	10680	valid_loss	44224.9406738
batch	10710	valid_loss	44071.873291
batch	10740	valid_loss	44348.0817871
batch	10770	valid_loss	43946.6491699
batch	10800	valid_loss	43833.6411133
batch	10830	valid_loss	43781.7246094
batch	10860	valid_loss	44360.7546387
batch	10890	valid_loss	43527.2270508
batch	10920	valid_loss	43342.6669922
batch	10950	valid_loss	43539.338623
batch	10980	valid_loss	43052.9023438
batch	11010	valid_loss	42984.4777832
batch	11040	valid_loss	43115.4350586
batch	11070	valid_loss	42888.1774902
batch	11100	valid_loss	42696.4221191
batch	11130	valid_loss	42592.5183105
batch	11160	valid_loss	42590.4597168
batch	11190	valid_loss	42405.348877
batch	11220	valid_loss	42250.0163574
batch	11250	valid_loss	42597.6694336
batch	11280	valid_loss	42387.4543457
batch	11310	valid_loss	42042.7304688
batch	11340	valid_loss	41849.0900879
batch	11370	valid_loss	41754.8771973
batch	11400	valid_loss	41640.472168
batch	11430	valid_loss	41581.1665039
batch	11460	valid_loss	41645.8447266
batch	11490	valid_loss	41447.0107422
batch	11520	valid_loss	41216.4345703
batch	11550	valid_loss	41241.4304199
batch	11580	valid_loss	41105.1347656
batch	11610	valid_loss	41073.6555176
batch	11640	valid_loss	40870.0019531
batch	11670	valid_loss	40708.1967773
batch	11700	valid_loss	41483.2021484
batch	11730	valid_loss	40619.6298828
batch	11760	valid_loss	40391.3891602
batch	11790	valid_loss	40413.0834961
batch	11820	valid_loss	40252.8771973
batch	11850	valid_loss	39974.4196777
batch	11880	valid_loss	40071.1757812
batch	11910	valid_loss	39938.0031738
batch	11940	valid_loss	39824.088623
batch	11970	valid_loss	39850.9946289
batch	12000	valid_loss	39896.2231445
batch	12030	valid_loss	39351.1635742
batch	12060	valid_loss	39444.5668945
batch	12090	valid_loss	39408.8481445
batch	12120	valid_loss	39150.6896973
batch	12150	valid_loss	38978.8366699
batch	12180	valid_loss	38976.4621582
batch	12210	valid_loss	40321.8056641
batch	12240	valid_loss	38632.0219727
batch	12270	valid_loss	38584.7109375
batch	12300	valid_loss	38522.0668945
batch	12330	valid_loss	38370.4667969
batch	12360	valid_loss	38428.0922852
batch	12390	valid_loss	38180.1555176
batch	12420	valid_loss	38205.9682617
batch	12450	valid_loss	38096.0822754
batch	12480	valid_loss	37956.1169434
batch	12510	valid_loss	37835.7539062
batch	12540	valid_loss	37698.3549805
batch	12570	valid_loss	37588.7988281
batch	12600	valid_loss	37695.9191895
batch	12630	valid_loss	37343.1894531
batch	12660	valid_loss	37401.0871582
batch	12690	valid_loss	37154.0
batch	12720	valid_loss	37169.3913574
batch	12750	valid_loss	37174.8137207
batch	12780	valid_loss	36961.1450195
batch	12810	valid_loss	37036.1955566
batch	12840	valid_loss	36693.4101562
batch	12870	valid_loss	36815.3774414
batch	12900	valid_loss	37074.0151367
batch	12930	valid_loss	36407.0717773
batch	12960	valid_loss	36411.1777344
batch	12990	valid_loss	36380.1027832
batch	13020	valid_loss	36297.5036621
batch	13050	valid_loss	36114.1235352
batch	13080	valid_loss	36089.828125
batch	13110	valid_loss	36000.9775391
batch	13140	valid_loss	35909.4667969
batch	13170	valid_loss	35668.3183594
batch	13200	valid_loss	35693.1303711
batch	13230	valid_loss	35641.0073242
batch	13260	valid_loss	35438.4353027
batch	13290	valid_loss	35308.3681641
batch	13320	valid_loss	35207.0231934
batch	13350	valid_loss	35214.9689941
batch	13380	valid_loss	35083.4018555
batch	13410	valid_loss	34868.2634277
batch	13440	valid_loss	34834.4621582
batch	13470	valid_loss	34873.0112305
batch	13500	valid_loss	34728.9692383
batch	13530	valid_loss	34756.923584
batch	13560	valid_loss	34531.3310547
batch	13590	valid_loss	34393.3110352
batch	13620	valid_loss	34475.6801758
batch	13650	valid_loss	34448.4047852
batch	13680	valid_loss	34269.083252
batch	13710	valid_loss	34039.013916
batch	13740	valid_loss	34059.9035645
batch	13770	valid_loss	33907.0915527
batch	13800	valid_loss	34018.5285645
batch	13830	valid_loss	33763.4157715
batch	13860	valid_loss	33594.5478516
batch	13890	valid_loss	33538.598877
batch	13920	valid_loss	33588.2521973
batch	13950	valid_loss	33434.954834
batch	13980	valid_loss	33767.0864258
batch	14010	valid_loss	33280.5534668
batch	14040	valid_loss	33104.1362305
batch	14070	valid_loss	32988.0322266
batch	14100	valid_loss	33194.3603516
batch	14130	valid_loss	32959.418457
batch	14160	valid_loss	32842.3737793
batch	14190	valid_loss	32714.2241211
batch	14220	valid_loss	32700.1166992
batch	14250	valid_loss	32668.4970703
batch	14280	valid_loss	32460.0300293
batch	14310	valid_loss	32495.2258301
batch	14340	valid_loss	32431.3725586
batch	14370	valid_loss	32280.2575684
batch	14400	valid_loss	32188.6252441
batch	14430	valid_loss	32151.2443848
batch	14460	valid_loss	32065.0969238
batch	14490	valid_loss	31937.4885254
batch	14520	valid_loss	31932.9020996
batch	14550	valid_loss	31802.6757812
batch	14580	valid_loss	31709.253418
batch	14610	valid_loss	31526.9638672
batch	14640	valid_loss	31811.1499023
batch	14670	valid_loss	31517.2905273
batch	14700	valid_loss	31326.5673828
batch	14730	valid_loss	31276.2578125
batch	14760	valid_loss	31237.5871582
batch	14790	valid_loss	31183.0227051
batch	14820	valid_loss	31143.9260254
batch	14850	valid_loss	31006.8596191
batch	14880	valid_loss	30873.2409668
batch	14910	valid_loss	30912.0466309
batch	14940	valid_loss	31119.6530762
batch	14970	valid_loss	30720.8105469
batch	15000	valid_loss	30545.8391113
batch	15030	valid_loss	30507.1987305
batch	15060	valid_loss	30446.1643066
batch	15090	valid_loss	30357.6696777
batch	15120	valid_loss	30301.1464844
batch	15150	valid_loss	30271.7587891
batch	15180	valid_loss	30232.8837891
batch	15210	valid_loss	31285.2888184
batch	15240	valid_loss	29987.9799805
batch	15270	valid_loss	29885.708252
batch	15300	valid_loss	29920.1074219
batch	15330	valid_loss	29899.2353516
batch	15360	valid_loss	29705.7797852
batch	15390	valid_loss	29578.5983887
batch	15420	valid_loss	29574.9648438
batch	15450	valid_loss	29517.427002
batch	15480	valid_loss	29476.7434082
batch	15510	valid_loss	29275.8896484
batch	15540	valid_loss	29363.5859375
batch	15570	valid_loss	29218.1235352
batch	15600	valid_loss	29061.7446289
batch	15630	valid_loss	29028.1486816
batch	15660	valid_loss	28850.8793945
batch	15690	valid_loss	28779.2541504
batch	15720	valid_loss	28839.0222168
batch	15750	valid_loss	28664.1386719
batch	15780	valid_loss	28562.8918457
batch	15810	valid_loss	28493.9919434
batch	15840	valid_loss	28372.418457
batch	15870	valid_loss	28364.0754395
batch	15900	valid_loss	28481.1623535
batch	15930	valid_loss	28250.3027344
batch	15960	valid_loss	28111.3112793
batch	15990	valid_loss	28033.5317383
batch	16020	valid_loss	27904.2592773
batch	16050	valid_loss	27821.9880371
batch	16080	valid_loss	27831.8459473
batch	16110	valid_loss	27709.2468262
batch	16140	valid_loss	27590.2497559
batch	16170	valid_loss	27492.5192871
batch	16200	valid_loss	27536.815918
batch	16230	valid_loss	27383.4746094
batch	16260	valid_loss	27366.6516113
batch	16290	valid_loss	27219.4741211
batch	16320	valid_loss	27204.6520996
batch	16350	valid_loss	27058.3024902
batch	16380	valid_loss	26967.4833984
batch	16410	valid_loss	26903.2397461
batch	16440	valid_loss	26787.2119141
batch	16470	valid_loss	26842.8850098
batch	16500	valid_loss	26717.4748535
batch	16530	valid_loss	26494.9294434
batch	16560	valid_loss	26617.4931641
batch	16590	valid_loss	26382.0297852
batch	16620	valid_loss	26345.1748047
batch	16650	valid_loss	26365.9692383
batch	16680	valid_loss	26209.1408691
batch	16710	valid_loss	26070.7102051
batch	16740	valid_loss	26145.5895996
batch	16770	valid_loss	26045.145752
batch	16800	valid_loss	25925.0715332
batch	16830	valid_loss	25885.4970703
batch	16860	valid_loss	25754.9304199
batch	16890	valid_loss	25776.3076172
batch	16920	valid_loss	25635.5092773
batch	16950	valid_loss	25545.1096191
batch	16980	valid_loss	25507.7302246
batch	17010	valid_loss	25423.4528809
batch	17040	valid_loss	25359.5593262
batch	17070	valid_loss	25293.0612793
batch	17100	valid_loss	25214.4997559
batch	17130	valid_loss	25172.486084
batch	17160	valid_loss	25104.776123
batch	17190	valid_loss	24990.6008301
batch	17220	valid_loss	24842.3762207
batch	17250	valid_loss	24861.6943359
batch	17280	valid_loss	24803.4338379
batch	17310	valid_loss	24675.2084961
batch	17340	valid_loss	24837.338623
batch	17370	valid_loss	24661.3044434
batch	17400	valid_loss	24632.5598145
batch	17430	valid_loss	24461.777832
batch	17460	valid_loss	24378.6279297
batch	17490	valid_loss	24369.1765137
batch	17520	valid_loss	24323.7861328
batch	17550	valid_loss	24072.9855957
batch	17580	valid_loss	24020.3574219
batch	17610	valid_loss	23967.4165039
batch	17640	valid_loss	23975.4313965
batch	17670	valid_loss	23857.7075195
batch	17700	valid_loss	23888.8378906
batch	17730	valid_loss	23761.6906738
batch	17760	valid_loss	23630.2463379
batch	17790	valid_loss	23595.9443359
batch	17820	valid_loss	23564.5178223
batch	17850	valid_loss	23483.7849121
batch	17880	valid_loss	23364.5474854
batch	17910	valid_loss	23331.1416016
batch	17940	valid_loss	23250.2304688
batch	17970	valid_loss	23338.2819824
batch	18000	valid_loss	23026.1013184
batch	18030	valid_loss	23124.9521484
batch	18060	valid_loss	22897.7883301
batch	18090	valid_loss	22887.5880127
batch	18120	valid_loss	22731.9377441
batch	18150	valid_loss	22732.7901611
batch	18180	valid_loss	22590.0368652
batch	18210	valid_loss	22540.0240479
batch	18240	valid_loss	22429.3952637
batch	18270	valid_loss	22338.1142578
batch	18300	valid_loss	22260.9003906
batch	18330	valid_loss	22339.4558105
batch	18360	valid_loss	22114.5095215
batch	18390	valid_loss	22130.8704834
batch	18420	valid_loss	21988.1464844
batch	18450	valid_loss	21972.8044434
batch	18480	valid_loss	21893.4619141
batch	18510	valid_loss	21822.0612793
batch	18540	valid_loss	21790.8955078
batch	18570	valid_loss	21663.340332
batch	18600	valid_loss	21684.2098389
batch	18630	valid_loss	21544.0147705
batch	18660	valid_loss	21525.4311523
batch	18690	valid_loss	21388.9168701
batch	18720	valid_loss	21302.8394775
batch	18750	valid_loss	21430.3842773
batch	18780	valid_loss	21243.4268799
batch	18810	valid_loss	21172.6346436
batch	18840	valid_loss	21143.8864746
batch	18870	valid_loss	20993.1514893
batch	18900	valid_loss	21031.5213623
batch	18930	valid_loss	20962.5628662
batch	18960	valid_loss	20866.1932373
batch	18990	valid_loss	20740.6331787
batch	19020	valid_loss	20719.925293
batch	19050	valid_loss	20619.2585449
batch	19080	valid_loss	20525.0092773
batch	19110	valid_loss	20443.2171631
batch	19140	valid_loss	20392.1795654
batch	19170	valid_loss	20369.7132568
batch	19200	valid_loss	20339.0054932
batch	19230	valid_loss	20217.8774414
batch	19260	valid_loss	20262.996582
batch	19290	valid_loss	20173.2390137
batch	19320	valid_loss	20073.8709717
batch	19350	valid_loss	19969.1064453
batch	19380	valid_loss	19859.520874
batch	19410	valid_loss	19904.3044434
batch	19440	valid_loss	19778.8291016
batch	19470	valid_loss	19714.9794922
batch	19500	valid_loss	19631.5321045
batch	19530	valid_loss	19689.5531006
batch	19560	valid_loss	19554.2957764
batch	19590	valid_loss	19523.9674072
batch	19620	valid_loss	19415.2186279
batch	19650	valid_loss	19414.0687256
batch	19680	valid_loss	19273.4741211
batch	19710	valid_loss	19245.7861328
batch	19740	valid_loss	19160.1291504
batch	19770	valid_loss	19015.5447998
batch	19800	valid_loss	19024.253418
batch	19830	valid_loss	18945.1700439
batch	19860	valid_loss	18904.2755127
batch	19890	valid_loss	18856.1420898
batch	19920	valid_loss	18816.8858643
batch	19950	valid_loss	18714.9680176
batch	19980	valid_loss	18615.6018066
batch	20010	valid_loss	18501.9672852
batch	20040	valid_loss	18511.4382324
batch	20070	valid_loss	18371.5802002
batch	20100	valid_loss	18387.0693359
batch	20130	valid_loss	18301.5806885
batch	20160	valid_loss	18276.463501
batch	20190	valid_loss	18158.1383057
batch	20220	valid_loss	18170.2861328
batch	20250	valid_loss	18049.2835693
batch	20280	valid_loss	18070.2236328
batch	20310	valid_loss	17914.7319336
batch	20340	valid_loss	17823.6977539
batch	20370	valid_loss	17733.3060303
batch	20400	valid_loss	17716.7469482
batch	20430	valid_loss	17673.1257324
batch	20460	valid_loss	17555.2041016
batch	20490	valid_loss	17526.1790771
batch	20520	valid_loss	17499.9731445
batch	20550	valid_loss	17424.1478271
batch	20580	valid_loss	17406.7028809
batch	20610	valid_loss	17323.0477295
batch	20640	valid_loss	17205.133667
batch	20670	valid_loss	17143.2419434
batch	20700	valid_loss	17123.0754395
batch	20730	valid_loss	17025.9207764
batch	20760	valid_loss	17054.9302979
batch	20790	valid_loss	16944.3291016
batch	20820	valid_loss	16935.6669922
batch	20850	valid_loss	16829.2346191
batch	20880	valid_loss	16799.1359863
batch	20910	valid_loss	16693.2390137
batch	20940	valid_loss	16598.1871338
batch	20970	valid_loss	16587.4277344
batch	21000	valid_loss	16485.5511475
batch	21030	valid_loss	16466.3638916
batch	21060	valid_loss	16420.1254883
batch	21090	valid_loss	16361.6102295
batch	21120	valid_loss	16269.4870605
batch	21150	valid_loss	16247.5964355
batch	21180	valid_loss	16171.2442627
batch	21210	valid_loss	16140.4042969
batch	21240	valid_loss	16159.6530762
batch	21270	valid_loss	16011.1102295
batch	21300	valid_loss	15882.1119385
batch	21330	valid_loss	15928.0064697
batch	21360	valid_loss	15874.4121094
batch	21390	valid_loss	15774.6630859
batch	21420	valid_loss	15753.4866943
batch	21450	valid_loss	15740.015625
batch	21480	valid_loss	15608.6108398
batch	21510	valid_loss	15530.696167
batch	21540	valid_loss	15519.3557129
batch	21570	valid_loss	15405.3173828
batch	21600	valid_loss	15374.5249023
batch	21630	valid_loss	15366.6358643
batch	21660	valid_loss	15302.0319824
batch	21690	valid_loss	15261.9891357
batch	21720	valid_loss	15244.4720459
batch	21750	valid_loss	15081.3078613
batch	21780	valid_loss	15016.3886719
batch	21810	valid_loss	14989.5180664
batch	21840	valid_loss	15005.2304688
batch	21870	valid_loss	14934.1898193
batch	21900	valid_loss	14865.3305664
batch	21930	valid_loss	14793.4208984
batch	21960	valid_loss	14784.2852783
batch	21990	valid_loss	14674.7418213
batch	22020	valid_loss	14687.1435547
batch	22050	valid_loss	14716.8892822
batch	22080	valid_loss	14638.78479
batch	22110	valid_loss	14493.7647705
batch	22140	valid_loss	14439.8024902
batch	22170	valid_loss	14391.4393311
batch	22200	valid_loss	14413.5498047
batch	22230	valid_loss	14354.1801758
batch	22260	valid_loss	14222.1356201
batch	22290	valid_loss	14200.6082764
batch	22320	valid_loss	14203.8317871
batch	22350	valid_loss	14121.8220215
batch	22380	valid_loss	14135.5501709
batch	22410	valid_loss	13975.1790771
batch	22440	valid_loss	13961.0784912
batch	22470	valid_loss	13837.5281982
batch	22500	valid_loss	13845.7713623
batch	22530	valid_loss	13836.2921143
batch	22560	valid_loss	13751.3253174
batch	22590	valid_loss	13668.6647949
batch	22620	valid_loss	13689.4537354
batch	22650	valid_loss	13656.579834
batch	22680	valid_loss	13598.9644775
batch	22710	valid_loss	13549.8491211
batch	22740	valid_loss	13514.4022217
batch	22770	valid_loss	13391.5495605
batch	22800	valid_loss	13426.1274414
batch	22830	valid_loss	13384.4383545
batch	22860	valid_loss	13274.7668457
batch	22890	valid_loss	13283.7519531
batch	22920	valid_loss	13199.0825195
batch	22950	valid_loss	13159.8858643
batch	22980	valid_loss	13119.0219727
batch	23010	valid_loss	13074.3040771
batch	23040	valid_loss	13003.0499268
batch	23070	valid_loss	12933.3852539
batch	23100	valid_loss	12899.6885986
batch	23130	valid_loss	12875.4995117
batch	23160	valid_loss	12806.9954834
batch	23190	valid_loss	12786.3342285
batch	23220	valid_loss	12724.6486816
batch	23250	valid_loss	12635.9107666
batch	23280	valid_loss	12621.6060791
batch	23310	valid_loss	12605.0643311
batch	23340	valid_loss	12470.0500488
batch	23370	valid_loss	12467.5825195
batch	23400	valid_loss	12435.5170898
batch	23430	valid_loss	12402.1033936
batch	23460	valid_loss	12402.2590332
batch	23490	valid_loss	12333.5366211
batch	23520	valid_loss	12280.6795654
batch	23550	valid_loss	12219.2164307
batch	23580	valid_loss	12149.0379639
batch	23610	valid_loss	12207.7822266
batch	23640	valid_loss	12075.9554443
batch	23670	valid_loss	12033.9559326
batch	23700	valid_loss	12030.2747803
batch	23730	valid_loss	11940.7250977
batch	23760	valid_loss	11958.8305664
batch	23790	valid_loss	11866.0141602
batch	23820	valid_loss	11884.2021484
batch	23850	valid_loss	11749.9019775
batch	23880	valid_loss	11757.9067383
batch	23910	valid_loss	11733.9822998
batch	23940	valid_loss	11687.8134766
batch	23970	valid_loss	11617.7600098
batch	24000	valid_loss	11612.7369385
batch	24030	valid_loss	11527.1330566
batch	24060	valid_loss	11536.9492188
batch	24090	valid_loss	11493.2181396
batch	24120	valid_loss	11416.3075562
batch	24150	valid_loss	11350.9984741
batch	24180	valid_loss	11328.072998
batch	24210	valid_loss	11326.8649902
batch	24240	valid_loss	11317.5942383
batch	24270	valid_loss	11200.4095459
batch	24300	valid_loss	11211.5667114
batch	24330	valid_loss	11153.4335327
batch	24360	valid_loss	11102.5037842
batch	24390	valid_loss	11103.4259033
batch	24420	valid_loss	11075.1775513
batch	24450	valid_loss	11023.8151855
batch	24480	valid_loss	10926.9032593
batch	24510	valid_loss	10928.9967041
batch	24540	valid_loss	10856.3222046
batch	24570	valid_loss	10829.2862549
batch	24600	valid_loss	10810.1479492
batch	24630	valid_loss	10757.3102417
batch	24660	valid_loss	10701.7922363
batch	24690	valid_loss	10742.8568115
batch	24720	valid_loss	10682.3674927
batch	24750	valid_loss	10612.1734619
batch	24780	valid_loss	10583.1760864
batch	24810	valid_loss	10506.0965576
batch	24840	valid_loss	10434.3917236
batch	24870	valid_loss	10494.4950562
batch	24900	valid_loss	10374.5367432
batch	24930	valid_loss	10373.6036987
batch	24960	valid_loss	10366.3589478
batch	24990	valid_loss	10355.977356
STOP
