START
config	300	100	300	960
batch	0	valid_loss	8479248.875
batch	30	valid_loss	196242.146484
batch	60	valid_loss	103651.336914
batch	90	valid_loss	99374.4628906
batch	120	valid_loss	99129.8486328
batch	150	valid_loss	99059.0869141
batch	180	valid_loss	99003.7382812
batch	210	valid_loss	98893.7919922
batch	240	valid_loss	98766.1601562
batch	270	valid_loss	98639.6542969
batch	300	valid_loss	98378.109375
batch	330	valid_loss	98009.4238281
batch	360	valid_loss	97497.8632812
batch	390	valid_loss	96589.6601562
batch	420	valid_loss	95289.6757812
batch	450	valid_loss	93747.855957
batch	480	valid_loss	92037.0483398
batch	510	valid_loss	90777.8237305
batch	540	valid_loss	90015.6000977
batch	570	valid_loss	89453.6235352
batch	600	valid_loss	88960.2099609
batch	630	valid_loss	88549.4160156
batch	660	valid_loss	88175.0820312
batch	690	valid_loss	87720.6499023
batch	720	valid_loss	87285.9228516
batch	750	valid_loss	86809.9467773
batch	780	valid_loss	86280.0800781
batch	810	valid_loss	85681.2128906
batch	840	valid_loss	84959.4697266
batch	870	valid_loss	84333.9428711
batch	900	valid_loss	83561.0708008
batch	930	valid_loss	82740.5620117
batch	960	valid_loss	81979.5517578
batch	990	valid_loss	81166.8867188
batch	1020	valid_loss	80280.378418
batch	1050	valid_loss	79405.8139648
batch	1080	valid_loss	78493.3920898
batch	1110	valid_loss	77633.7714844
batch	1140	valid_loss	76680.9824219
batch	1170	valid_loss	75742.2666016
batch	1200	valid_loss	74859.0927734
batch	1230	valid_loss	73893.7260742
batch	1260	valid_loss	72919.6967773
batch	1290	valid_loss	72008.4213867
batch	1320	valid_loss	71122.6113281
batch	1350	valid_loss	70212.3032227
batch	1380	valid_loss	69400.8261719
batch	1410	valid_loss	68509.8232422
batch	1440	valid_loss	67656.019043
batch	1470	valid_loss	66922.9472656
batch	1500	valid_loss	66080.6962891
batch	1530	valid_loss	65476.7373047
batch	1560	valid_loss	64554.1787109
batch	1590	valid_loss	63844.796875
batch	1620	valid_loss	63205.9189453
batch	1650	valid_loss	62417.8774414
batch	1680	valid_loss	61730.8666992
batch	1710	valid_loss	61054.640625
batch	1740	valid_loss	60388.796875
batch	1770	valid_loss	59812.453125
batch	1800	valid_loss	59144.9389648
batch	1830	valid_loss	58592.1821289
batch	1860	valid_loss	57983.2827148
batch	1890	valid_loss	57417.0195312
batch	1920	valid_loss	56831.4750977
batch	1950	valid_loss	56280.3935547
batch	1980	valid_loss	55808.390625
batch	2010	valid_loss	55334.6201172
batch	2040	valid_loss	54806.449707
batch	2070	valid_loss	54197.1625977
batch	2100	valid_loss	53748.9169922
batch	2130	valid_loss	53284.1464844
batch	2160	valid_loss	52858.5898438
batch	2190	valid_loss	52359.3540039
batch	2220	valid_loss	51902.628418
batch	2250	valid_loss	51535.6074219
batch	2280	valid_loss	51086.7290039
batch	2310	valid_loss	50697.4692383
batch	2340	valid_loss	50305.2875977
batch	2370	valid_loss	49842.8276367
batch	2400	valid_loss	49503.9169922
batch	2430	valid_loss	49135.9326172
batch	2460	valid_loss	48796.2182617
batch	2490	valid_loss	48446.9467773
batch	2520	valid_loss	48081.0996094
batch	2550	valid_loss	47708.6420898
batch	2580	valid_loss	47377.0527344
batch	2610	valid_loss	47053.0727539
batch	2640	valid_loss	46738.4206543
batch	2670	valid_loss	46387.7802734
batch	2700	valid_loss	46079.1806641
batch	2730	valid_loss	45825.6569824
batch	2760	valid_loss	45456.1308594
batch	2790	valid_loss	45167.4677734
batch	2820	valid_loss	44881.1889648
batch	2850	valid_loss	44606.9001465
batch	2880	valid_loss	44352.7316895
batch	2910	valid_loss	44129.583252
batch	2940	valid_loss	43791.3513184
batch	2970	valid_loss	43563.371582
batch	3000	valid_loss	43243.2243652
batch	3030	valid_loss	43055.7805176
batch	3060	valid_loss	42789.184082
batch	3090	valid_loss	42656.798584
batch	3120	valid_loss	42344.9003906
batch	3150	valid_loss	42130.2780762
batch	3180	valid_loss	41903.2314453
batch	3210	valid_loss	41705.1186523
batch	3240	valid_loss	41470.6750488
batch	3270	valid_loss	41273.9829102
batch	3300	valid_loss	41064.9936523
batch	3330	valid_loss	40809.0029297
batch	3360	valid_loss	40660.9562988
batch	3390	valid_loss	40472.4013672
batch	3420	valid_loss	40283.4902344
batch	3450	valid_loss	40056.4655762
batch	3480	valid_loss	39896.3205566
batch	3510	valid_loss	39806.8173828
batch	3540	valid_loss	39588.9907227
batch	3570	valid_loss	39448.7980957
batch	3600	valid_loss	39276.4401855
batch	3630	valid_loss	39021.1645508
batch	3660	valid_loss	38886.7338867
batch	3690	valid_loss	38836.0371094
batch	3720	valid_loss	38662.717041
batch	3750	valid_loss	38560.512207
batch	3780	valid_loss	38320.0874023
batch	3810	valid_loss	38243.3435059
batch	3840	valid_loss	38083.831543
batch	3870	valid_loss	37920.28125
batch	3900	valid_loss	37788.5522461
batch	3930	valid_loss	37743.7282715
batch	3960	valid_loss	37523.5534668
batch	3990	valid_loss	37442.1865234
batch	4020	valid_loss	37393.925293
batch	4050	valid_loss	37267.3903809
batch	4080	valid_loss	37121.4804688
batch	4110	valid_loss	37068.3547363
batch	4140	valid_loss	36918.034668
batch	4170	valid_loss	36798.0600586
batch	4200	valid_loss	36726.088623
batch	4230	valid_loss	36685.4599609
batch	4260	valid_loss	36467.0141602
batch	4290	valid_loss	36503.2519531
batch	4320	valid_loss	36376.814209
batch	4350	valid_loss	36226.0100098
batch	4380	valid_loss	36199.4934082
batch	4410	valid_loss	36132.4338379
batch	4440	valid_loss	36041.6384277
batch	4470	valid_loss	35980.2614746
batch	4500	valid_loss	35874.7058105
batch	4530	valid_loss	35810.3649902
batch	4560	valid_loss	35676.5227051
batch	4590	valid_loss	35661.8022461
batch	4620	valid_loss	35561.7636719
batch	4650	valid_loss	35584.5632324
batch	4680	valid_loss	35526.9213867
batch	4710	valid_loss	35458.7866211
batch	4740	valid_loss	35406.6584473
batch	4770	valid_loss	35332.904541
batch	4800	valid_loss	35277.598877
batch	4830	valid_loss	35221.6889648
batch	4860	valid_loss	35156.3518066
batch	4890	valid_loss	35120.5742188
batch	4920	valid_loss	35130.9318848
batch	4950	valid_loss	35053.1333008
batch	4980	valid_loss	34996.0061035
batch	5010	valid_loss	34929.1396484
batch	5040	valid_loss	34899.5229492
batch	5070	valid_loss	34833.2895508
batch	5100	valid_loss	34899.6315918
batch	5130	valid_loss	34845.7746582
batch	5160	valid_loss	34700.9316406
batch	5190	valid_loss	34670.7849121
batch	5220	valid_loss	34695.8098145
batch	5250	valid_loss	34674.8005371
batch	5280	valid_loss	34608.692627
batch	5310	valid_loss	34622.6948242
batch	5340	valid_loss	34557.3813477
batch	5370	valid_loss	34537.9335938
batch	5400	valid_loss	34521.4387207
batch	5430	valid_loss	34445.5187988
batch	5460	valid_loss	34397.6379395
batch	5490	valid_loss	34380.8930664
batch	5520	valid_loss	34353.5349121
batch	5550	valid_loss	34370.7507324
batch	5580	valid_loss	34392.4406738
batch	5610	valid_loss	34402.2893066
batch	5640	valid_loss	34280.6123047
batch	5670	valid_loss	34299.7612305
batch	5700	valid_loss	34218.7053223
batch	5730	valid_loss	34248.6254883
batch	5760	valid_loss	34231.0124512
batch	5790	valid_loss	34135.5771484
batch	5820	valid_loss	34074.6513672
batch	5850	valid_loss	34123.9335938
batch	5880	valid_loss	34167.0349121
batch	5910	valid_loss	34092.1142578
batch	5940	valid_loss	34070.8903809
batch	5970	valid_loss	34065.6577148
batch	6000	valid_loss	34060.7702637
batch	6030	valid_loss	34078.3005371
batch	6060	valid_loss	33979.8728027
batch	6090	valid_loss	34023.8374023
batch	6120	valid_loss	33889.2602539
batch	6150	valid_loss	33940.5097656
batch	6180	valid_loss	33902.9719238
batch	6210	valid_loss	33970.5532227
batch	6240	valid_loss	33948.8061523
batch	6270	valid_loss	33980.8239746
batch	6300	valid_loss	33923.7346191
batch	6330	valid_loss	33899.230957
batch	6360	valid_loss	33976.6567383
batch	6390	valid_loss	33857.8508301
batch	6420	valid_loss	33826.8364258
batch	6450	valid_loss	33838.65625
batch	6480	valid_loss	33855.6835938
batch	6510	valid_loss	33847.2741699
batch	6540	valid_loss	33805.6716309
batch	6570	valid_loss	33741.9465332
batch	6600	valid_loss	33761.0913086
batch	6630	valid_loss	33746.7399902
batch	6660	valid_loss	33805.699707
batch	6690	valid_loss	33819.9436035
batch	6720	valid_loss	33707.3312988
batch	6750	valid_loss	33668.6047363
batch	6780	valid_loss	33693.40625
batch	6810	valid_loss	33717.486084
batch	6840	valid_loss	33721.2868652
batch	6870	valid_loss	33711.6928711
batch	6900	valid_loss	33648.7399902
batch	6930	valid_loss	33683.0480957
batch	6960	valid_loss	33721.8955078
batch	6990	valid_loss	33724.559082
batch	7020	valid_loss	33609.4577637
batch	7050	valid_loss	33601.9963379
batch	7080	valid_loss	33571.0197754
batch	7110	valid_loss	33608.748291
batch	7140	valid_loss	33627.248291
batch	7170	valid_loss	33714.1674805
batch	7200	valid_loss	33561.4204102
batch	7230	valid_loss	33589.357666
batch	7260	valid_loss	33591.6315918
batch	7290	valid_loss	33578.4975586
batch	7320	valid_loss	33654.5375977
batch	7350	valid_loss	33519.4599609
batch	7380	valid_loss	33456.583252
batch	7410	valid_loss	33518.0012207
batch	7440	valid_loss	33584.2961426
batch	7470	valid_loss	33583.1948242
batch	7500	valid_loss	33477.045166
batch	7530	valid_loss	33520.5793457
batch	7560	valid_loss	33493.4362793
batch	7590	valid_loss	33537.5322266
batch	7620	valid_loss	33498.6247559
batch	7650	valid_loss	33536.8850098
batch	7680	valid_loss	33383.192627
batch	7710	valid_loss	33438.0036621
batch	7740	valid_loss	33414.8190918
batch	7770	valid_loss	33477.3344727
batch	7800	valid_loss	33473.208252
batch	7830	valid_loss	33487.265625
batch	7860	valid_loss	33474.6640625
batch	7890	valid_loss	33477.6538086
batch	7920	valid_loss	33577.0043945
batch	7950	valid_loss	33440.0881348
batch	7980	valid_loss	33388.8430176
batch	8010	valid_loss	33418.1315918
batch	8040	valid_loss	33456.2145996
batch	8070	valid_loss	33426.0800781
batch	8100	valid_loss	33421.5588379
batch	8130	valid_loss	33337.4086914
batch	8160	valid_loss	33361.7121582
batch	8190	valid_loss	33364.6503906
batch	8220	valid_loss	33421.0883789
batch	8250	valid_loss	33401.0393066
batch	8280	valid_loss	33414.1538086
batch	8310	valid_loss	33373.0063477
batch	8340	valid_loss	33361.6945801
batch	8370	valid_loss	33377.7600098
batch	8400	valid_loss	33423.2780762
batch	8430	valid_loss	33382.583252
batch	8460	valid_loss	33330.2705078
batch	8490	valid_loss	33353.9963379
batch	8520	valid_loss	33394.482666
batch	8550	valid_loss	33743.5537109
batch	8580	valid_loss	33285.8369141
batch	8610	valid_loss	33295.244873
batch	8640	valid_loss	33298.3735352
batch	8670	valid_loss	33310.2680664
batch	8700	valid_loss	33331.0144043
batch	8730	valid_loss	33378.4794922
batch	8760	valid_loss	33291.6760254
batch	8790	valid_loss	33343.2751465
batch	8820	valid_loss	33347.3657227
batch	8850	valid_loss	33319.0512695
batch	8880	valid_loss	33315.3398438
batch	8910	valid_loss	33318.2373047
batch	8940	valid_loss	33217.942627
batch	8970	valid_loss	33278.0935059
batch	9000	valid_loss	33314.3144531
batch	9030	valid_loss	33403.6665039
batch	9060	valid_loss	33232.6459961
batch	9090	valid_loss	33259.0292969
batch	9120	valid_loss	33224.043457
batch	9150	valid_loss	33280.154541
batch	9180	valid_loss	33277.454834
batch	9210	valid_loss	33289.0168457
batch	9240	valid_loss	33184.6572266
batch	9270	valid_loss	33225.4919434
batch	9300	valid_loss	33220.1782227
batch	9330	valid_loss	33267.0026855
batch	9360	valid_loss	33270.2937012
batch	9390	valid_loss	33269.9038086
batch	9420	valid_loss	33283.8569336
batch	9450	valid_loss	33262.9138184
batch	9480	valid_loss	33234.6428223
batch	9510	valid_loss	33287.8049316
batch	9540	valid_loss	33196.4821777
batch	9570	valid_loss	33260.1210938
batch	9600	valid_loss	33258.0490723
batch	9630	valid_loss	33221.3842773
batch	9660	valid_loss	33252.3041992
batch	9690	valid_loss	33166.1625977
batch	9720	valid_loss	33166.9667969
batch	9750	valid_loss	33190.3063965
batch	9780	valid_loss	33701.541748
batch	9810	valid_loss	33197.8796387
batch	9840	valid_loss	33215.432373
batch	9870	valid_loss	33142.1660156
batch	9900	valid_loss	33213.3215332
batch	9930	valid_loss	33219.9643555
batch	9960	valid_loss	33208.2160645
batch	9990	valid_loss	33188.6691895
batch	10020	valid_loss	33154.9196777
batch	10050	valid_loss	33167.0656738
batch	10080	valid_loss	33420.4328613
batch	10110	valid_loss	33166.8959961
batch	10140	valid_loss	33125.4643555
batch	10170	valid_loss	33145.8085938
batch	10200	valid_loss	33127.3691406
batch	10230	valid_loss	33138.1018066
batch	10260	valid_loss	33172.2746582
batch	10290	valid_loss	33189.6936035
batch	10320	valid_loss	33140.3696289
batch	10350	valid_loss	33181.2858887
batch	10380	valid_loss	33179.3796387
batch	10410	valid_loss	33383.6630859
batch	10440	valid_loss	33201.3681641
batch	10470	valid_loss	33159.1867676
batch	10500	valid_loss	33072.6281738
batch	10530	valid_loss	33142.3515625
batch	10560	valid_loss	33159.5019531
batch	10590	valid_loss	33283.5734863
batch	10620	valid_loss	33121.7587891
batch	10650	valid_loss	33102.0405273
batch	10680	valid_loss	33089.5883789
batch	10710	valid_loss	33126.5102539
batch	10740	valid_loss	33134.9946289
batch	10770	valid_loss	33143.1520996
batch	10800	valid_loss	33052.057373
batch	10830	valid_loss	33096.5637207
batch	10860	valid_loss	33101.248291
batch	10890	valid_loss	33115.0964355
batch	10920	valid_loss	33129.5251465
batch	10950	valid_loss	33134.4562988
batch	10980	valid_loss	33130.9404297
batch	11010	valid_loss	33287.4348145
batch	11040	valid_loss	33127.0
batch	11070	valid_loss	33124.8781738
batch	11100	valid_loss	33085.7277832
batch	11130	valid_loss	33083.9436035
batch	11160	valid_loss	33102.6381836
batch	11190	valid_loss	33067.8891602
batch	11220	valid_loss	33112.3068848
batch	11250	valid_loss	33036.4208984
batch	11280	valid_loss	33026.4064941
batch	11310	valid_loss	33062.9086914
batch	11340	valid_loss	33094.9768066
batch	11370	valid_loss	33037.9279785
batch	11400	valid_loss	33063.6721191
batch	11430	valid_loss	32969.9448242
batch	11460	valid_loss	33070.9533691
batch	11490	valid_loss	33083.1872559
batch	11520	valid_loss	33016.5673828
batch	11550	valid_loss	33040.7431641
batch	11580	valid_loss	32995.395752
batch	11610	valid_loss	33005.7307129
batch	11640	valid_loss	33350.9401855
batch	11670	valid_loss	33002.8039551
batch	11700	valid_loss	32958.4785156
batch	11730	valid_loss	32966.6835938
batch	11760	valid_loss	32956.8369141
batch	11790	valid_loss	32962.0839844
batch	11820	valid_loss	32979.4372559
batch	11850	valid_loss	32981.3540039
batch	11880	valid_loss	32963.7033691
batch	11910	valid_loss	32995.2524414
batch	11940	valid_loss	32978.298584
batch	11970	valid_loss	33244.625
batch	12000	valid_loss	33007.4729004
batch	12030	valid_loss	32948.3342285
batch	12060	valid_loss	32910.3063965
batch	12090	valid_loss	32945.8164062
batch	12120	valid_loss	32975.7995605
batch	12150	valid_loss	33039.4272461
batch	12180	valid_loss	32931.5827637
batch	12210	valid_loss	32891.0876465
batch	12240	valid_loss	32989.9929199
batch	12270	valid_loss	32923.6835938
batch	12300	valid_loss	32928.7229004
batch	12330	valid_loss	32902.4418945
batch	12360	valid_loss	32827.2902832
batch	12390	valid_loss	32882.1655273
batch	12420	valid_loss	32882.020752
batch	12450	valid_loss	32885.4406738
batch	12480	valid_loss	32869.9702148
batch	12510	valid_loss	32898.4152832
batch	12540	valid_loss	32889.8198242
batch	12570	valid_loss	33092.1533203
batch	12600	valid_loss	32897.3991699
batch	12630	valid_loss	32863.2512207
batch	12660	valid_loss	32835.2133789
batch	12690	valid_loss	32837.3532715
batch	12720	valid_loss	32846.862793
batch	12750	valid_loss	32838.7209473
batch	12780	valid_loss	32830.1132812
batch	12810	valid_loss	32838.6179199
batch	12840	valid_loss	32794.541748
batch	12870	valid_loss	32859.4179688
batch	12900	valid_loss	32866.4282227
batch	12930	valid_loss	32864.541748
batch	12960	valid_loss	32825.5275879
batch	12990	valid_loss	32773.4326172
batch	13020	valid_loss	32858.576416
batch	13050	valid_loss	32863.6279297
batch	13080	valid_loss	32845.6801758
batch	13110	valid_loss	32819.892334
batch	13140	valid_loss	32790.2375488
batch	13170	valid_loss	32804.0554199
batch	13200	valid_loss	32775.2756348
batch	13230	valid_loss	32816.1030273
batch	13260	valid_loss	32779.2678223
batch	13290	valid_loss	32767.940918
batch	13320	valid_loss	32760.1875
batch	13350	valid_loss	32790.2324219
batch	13380	valid_loss	32791.8630371
batch	13410	valid_loss	32816.6630859
batch	13440	valid_loss	32800.3300781
batch	13470	valid_loss	32797.6469727
batch	13500	valid_loss	32973.2268066
batch	13530	valid_loss	32988.1586914
batch	13560	valid_loss	32858.046875
batch	13590	valid_loss	32787.8242188
batch	13620	valid_loss	32749.3674316
batch	13650	valid_loss	32768.9550781
batch	13680	valid_loss	32844.9936523
batch	13710	valid_loss	32885.7729492
batch	13740	valid_loss	32814.7841797
batch	13770	valid_loss	32745.1071777
batch	13800	valid_loss	32795.6030273
batch	13830	valid_loss	32875.8862305
batch	13860	valid_loss	32809.3886719
batch	13890	valid_loss	32724.3713379
batch	13920	valid_loss	32730.5993652
batch	13950	valid_loss	32765.5419922
batch	13980	valid_loss	32774.9177246
batch	14010	valid_loss	32776.8322754
batch	14040	valid_loss	32733.482666
batch	14070	valid_loss	32768.6203613
batch	14100	valid_loss	32776.2050781
batch	14130	valid_loss	32929.5124512
batch	14160	valid_loss	32747.1965332
batch	14190	valid_loss	32744.6430664
batch	14220	valid_loss	32723.6274414
batch	14250	valid_loss	32723.5810547
batch	14280	valid_loss	32722.7214355
batch	14310	valid_loss	32725.092041
batch	14340	valid_loss	32731.3979492
batch	14370	valid_loss	32762.0456543
batch	14400	valid_loss	32692.2006836
batch	14430	valid_loss	32785.8007812
batch	14460	valid_loss	32791.4016113
batch	14490	valid_loss	32780.1696777
batch	14520	valid_loss	32750.4594727
batch	14550	valid_loss	32730.2834473
batch	14580	valid_loss	32762.1296387
batch	14610	valid_loss	32763.2202148
batch	14640	valid_loss	32756.8078613
batch	14670	valid_loss	32731.6252441
batch	14700	valid_loss	32709.5527344
batch	14730	valid_loss	32703.9301758
batch	14760	valid_loss	32702.7839355
batch	14790	valid_loss	32762.0012207
batch	14820	valid_loss	32691.1564941
batch	14850	valid_loss	32677.4428711
batch	14880	valid_loss	32677.5986328
batch	14910	valid_loss	32714.6967773
batch	14940	valid_loss	32704.751709
batch	14970	valid_loss	32667.5300293
batch	15000	valid_loss	32735.0593262
batch	15030	valid_loss	32702.5510254
batch	15060	valid_loss	32722.5812988
batch	15090	valid_loss	32979.7900391
batch	15120	valid_loss	32763.6413574
batch	15150	valid_loss	32717.6308594
batch	15180	valid_loss	32689.9057617
batch	15210	valid_loss	32691.8100586
batch	15240	valid_loss	32770.6240234
batch	15270	valid_loss	32804.0471191
batch	15300	valid_loss	32744.1086426
batch	15330	valid_loss	32663.2714844
batch	15360	valid_loss	32704.597168
batch	15390	valid_loss	32694.0576172
batch	15420	valid_loss	32698.6271973
batch	15450	valid_loss	32644.2612305
batch	15480	valid_loss	32651.1730957
batch	15510	valid_loss	32701.9213867
batch	15540	valid_loss	32704.4797363
batch	15570	valid_loss	32709.6611328
batch	15600	valid_loss	32649.6137695
batch	15630	valid_loss	32682.8005371
batch	15660	valid_loss	32696.3764648
batch	15690	valid_loss	32777.0317383
batch	15720	valid_loss	32691.3591309
batch	15750	valid_loss	32667.8583984
batch	15780	valid_loss	32637.1635742
batch	15810	valid_loss	32636.5593262
batch	15840	valid_loss	32626.5253906
batch	15870	valid_loss	32651.588623
batch	15900	valid_loss	32668.0964355
batch	15930	valid_loss	32715.1972656
batch	15960	valid_loss	32621.5192871
batch	15990	valid_loss	32675.3144531
batch	16020	valid_loss	32764.2788086
batch	16050	valid_loss	32700.0598145
batch	16080	valid_loss	32676.2209473
batch	16110	valid_loss	32636.3413086
batch	16140	valid_loss	32675.7307129
batch	16170	valid_loss	32663.0751953
batch	16200	valid_loss	32703.1479492
batch	16230	valid_loss	32659.2321777
batch	16260	valid_loss	32646.1884766
batch	16290	valid_loss	32625.4875488
batch	16320	valid_loss	32801.4116211
batch	16350	valid_loss	32652.09375
batch	16380	valid_loss	32604.1271973
batch	16410	valid_loss	32613.3662109
batch	16440	valid_loss	32600.6833496
batch	16470	valid_loss	32646.9338379
batch	16500	valid_loss	32626.9780273
batch	16530	valid_loss	32633.4765625
batch	16560	valid_loss	32661.5664062
batch	16590	valid_loss	32639.267334
batch	16620	valid_loss	32711.7087402
batch	16650	valid_loss	32815.0715332
batch	16680	valid_loss	32682.0351562
batch	16710	valid_loss	32614.107666
batch	16740	valid_loss	32616.4462891
batch	16770	valid_loss	32611.1975098
batch	16800	valid_loss	32713.0268555
batch	16830	valid_loss	32704.5715332
batch	16860	valid_loss	32667.6376953
batch	16890	valid_loss	32580.5654297
batch	16920	valid_loss	32617.9331055
batch	16950	valid_loss	32632.3793945
batch	16980	valid_loss	32683.5275879
batch	17010	valid_loss	32580.5473633
batch	17040	valid_loss	32567.463623
batch	17070	valid_loss	32617.729248
batch	17100	valid_loss	32619.7414551
batch	17130	valid_loss	32672.0222168
batch	17160	valid_loss	32623.1137695
batch	17190	valid_loss	32675.010498
batch	17220	valid_loss	32608.8125
batch	17250	valid_loss	32632.5402832
batch	17280	valid_loss	32572.0307617
batch	17310	valid_loss	32593.59375
batch	17340	valid_loss	32553.2568359
batch	17370	valid_loss	32566.1984863
batch	17400	valid_loss	32543.0341797
batch	17430	valid_loss	32577.4250488
batch	17460	valid_loss	32586.7346191
batch	17490	valid_loss	32634.9858398
batch	17520	valid_loss	32551.2561035
batch	17550	valid_loss	32630.4243164
batch	17580	valid_loss	32655.6230469
batch	17610	valid_loss	32611.5805664
batch	17640	valid_loss	32571.4047852
batch	17670	valid_loss	32559.6738281
batch	17700	valid_loss	32589.8500977
batch	17730	valid_loss	32550.7526855
batch	17760	valid_loss	32550.5541992
batch	17790	valid_loss	32559.3896484
batch	17820	valid_loss	32576.7900391
batch	17850	valid_loss	32529.041748
batch	17880	valid_loss	32521.4287109
batch	17910	valid_loss	32522.5095215
batch	17940	valid_loss	32525.6218262
batch	17970	valid_loss	32490.9482422
batch	18000	valid_loss	32512.5495605
batch	18030	valid_loss	32573.5749512
batch	18060	valid_loss	32549.0732422
batch	18090	valid_loss	32542.2680664
batch	18120	valid_loss	32574.5275879
batch	18150	valid_loss	32547.1970215
batch	18180	valid_loss	32589.5915527
batch	18210	valid_loss	32660.2260742
batch	18240	valid_loss	32609.423584
batch	18270	valid_loss	32498.0341797
batch	18300	valid_loss	32505.2895508
batch	18330	valid_loss	32491.5029297
batch	18360	valid_loss	32588.1757812
batch	18390	valid_loss	32668.4785156
batch	18420	valid_loss	32579.0866699
batch	18450	valid_loss	32468.3312988
batch	18480	valid_loss	32502.0214844
batch	18510	valid_loss	32498.4975586
batch	18540	valid_loss	32480.9440918
batch	18570	valid_loss	32459.0505371
batch	18600	valid_loss	32435.2641602
batch	18630	valid_loss	32477.7888184
batch	18660	valid_loss	32477.9580078
batch	18690	valid_loss	32516.4299316
batch	18720	valid_loss	32447.4804688
batch	18750	valid_loss	32451.3757324
batch	18780	valid_loss	32449.7111816
batch	18810	valid_loss	32459.6867676
batch	18840	valid_loss	32628.817627
batch	18870	valid_loss	32427.027832
batch	18900	valid_loss	32396.5349121
batch	18930	valid_loss	32391.1313477
batch	18960	valid_loss	32369.5053711
batch	18990	valid_loss	32506.2282715
batch	19020	valid_loss	32470.9431152
batch	19050	valid_loss	32450.3583984
batch	19080	valid_loss	32370.2094727
batch	19110	valid_loss	32407.9094238
batch	19140	valid_loss	32512.708252
batch	19170	valid_loss	32332.135498
batch	19200	valid_loss	32390.935791
batch	19230	valid_loss	32298.1745605
batch	19260	valid_loss	32334.6491699
batch	19290	valid_loss	32328.7851562
batch	19320	valid_loss	32366.8061523
batch	19350	valid_loss	32280.6804199
batch	19380	valid_loss	32276.645752
batch	19410	valid_loss	32243.7885742
batch	19440	valid_loss	32230.3762207
batch	19470	valid_loss	32272.0258789
batch	19500	valid_loss	32197.361084
batch	19530	valid_loss	32155.4406738
batch	19560	valid_loss	32167.5209961
batch	19590	valid_loss	32227.6367188
batch	19620	valid_loss	32183.2595215
batch	19650	valid_loss	32136.623291
batch	19680	valid_loss	32176.5029297
batch	19710	valid_loss	32157.6367188
batch	19740	valid_loss	32112.2243652
batch	19770	valid_loss	32161.4819336
batch	19800	valid_loss	32223.6779785
batch	19830	valid_loss	32087.6428223
batch	19860	valid_loss	32060.4116211
batch	19890	valid_loss	32037.2192383
batch	19920	valid_loss	32087.1220703
batch	19950	valid_loss	31996.7834473
batch	19980	valid_loss	32029.9135742
batch	20010	valid_loss	31987.1020508
batch	20040	valid_loss	31978.3613281
batch	20070	valid_loss	32009.7868652
batch	20100	valid_loss	31959.5412598
batch	20130	valid_loss	31901.8474121
batch	20160	valid_loss	31893.0578613
batch	20190	valid_loss	31919.3413086
batch	20220	valid_loss	31917.1540527
batch	20250	valid_loss	31900.1350098
batch	20280	valid_loss	31889.1994629
batch	20310	valid_loss	31878.9338379
batch	20340	valid_loss	31837.5598145
batch	20370	valid_loss	31853.3132324
batch	20400	valid_loss	31809.623291
batch	20430	valid_loss	31825.2121582
batch	20460	valid_loss	31747.3208008
batch	20490	valid_loss	31782.5905762
batch	20520	valid_loss	31764.6972656
batch	20550	valid_loss	31718.28125
batch	20580	valid_loss	31774.7839355
batch	20610	valid_loss	31774.3630371
batch	20640	valid_loss	31729.901123
batch	20670	valid_loss	31699.2114258
batch	20700	valid_loss	31814.4724121
batch	20730	valid_loss	31783.0107422
batch	20760	valid_loss	31675.9978027
batch	20790	valid_loss	31651.7119141
batch	20820	valid_loss	31665.8735352
batch	20850	valid_loss	31635.168457
batch	20880	valid_loss	31675.6721191
batch	20910	valid_loss	31601.2800293
batch	20940	valid_loss	31587.3164062
batch	20970	valid_loss	31573.0380859
batch	21000	valid_loss	31560.2175293
batch	21030	valid_loss	31558.8388672
batch	21060	valid_loss	31565.1640625
batch	21090	valid_loss	31491.3012695
batch	21120	valid_loss	31507.776123
batch	21150	valid_loss	31533.3063965
batch	21180	valid_loss	31482.6027832
batch	21210	valid_loss	31495.6384277
batch	21240	valid_loss	31504.8845215
batch	21270	valid_loss	31515.7243652
batch	21300	valid_loss	31568.2648926
batch	21330	valid_loss	31520.2885742
batch	21360	valid_loss	31517.0273438
batch	21390	valid_loss	31413.951416
batch	21420	valid_loss	31397.3098145
batch	21450	valid_loss	31375.8996582
batch	21480	valid_loss	31448.5048828
batch	21510	valid_loss	31346.3813477
batch	21540	valid_loss	31330.472168
batch	21570	valid_loss	31328.496582
batch	21600	valid_loss	31386.9299316
batch	21630	valid_loss	31298.1499023
batch	21660	valid_loss	31276.612793
batch	21690	valid_loss	31237.5480957
batch	21720	valid_loss	31230.7409668
batch	21750	valid_loss	31247.9511719
batch	21780	valid_loss	31232.3522949
batch	21810	valid_loss	31209.965332
batch	21840	valid_loss	31199.0969238
batch	21870	valid_loss	31269.8193359
batch	21900	valid_loss	31164.6721191
batch	21930	valid_loss	31233.2419434
batch	21960	valid_loss	31119.5334473
batch	21990	valid_loss	31082.9331055
batch	22020	valid_loss	31054.012207
batch	22050	valid_loss	31067.078125
batch	22080	valid_loss	31055.1762695
batch	22110	valid_loss	31027.8771973
batch	22140	valid_loss	31038.1826172
batch	22170	valid_loss	31044.8452148
batch	22200	valid_loss	30975.2009277
batch	22230	valid_loss	31016.7946777
batch	22260	valid_loss	31028.6547852
batch	22290	valid_loss	30941.7731934
batch	22320	valid_loss	30957.4951172
batch	22350	valid_loss	30861.8139648
batch	22380	valid_loss	30880.2028809
batch	22410	valid_loss	30880.0334473
batch	22440	valid_loss	30850.7124023
batch	22470	valid_loss	30781.7893066
batch	22500	valid_loss	30786.2746582
batch	22530	valid_loss	30713.0461426
batch	22560	valid_loss	30723.8479004
batch	22590	valid_loss	30752.9863281
batch	22620	valid_loss	30671.597168
batch	22650	valid_loss	30624.8415527
batch	22680	valid_loss	30607.8283691
batch	22710	valid_loss	30640.4663086
batch	22740	valid_loss	30577.9082031
batch	22770	valid_loss	30535.270752
batch	22800	valid_loss	30561.5493164
batch	22830	valid_loss	30567.0087891
batch	22860	valid_loss	30589.496582
batch	22890	valid_loss	30529.4702148
batch	22920	valid_loss	30599.4743652
batch	22950	valid_loss	30469.3461914
batch	22980	valid_loss	30404.1977539
batch	23010	valid_loss	30350.953125
batch	23040	valid_loss	30365.7766113
batch	23070	valid_loss	30311.4526367
batch	23100	valid_loss	30287.5378418
batch	23130	valid_loss	30251.0083008
batch	23160	valid_loss	30241.3330078
batch	23190	valid_loss	30281.9506836
batch	23220	valid_loss	30221.7744141
batch	23250	valid_loss	30155.4829102
batch	23280	valid_loss	30135.8745117
batch	23310	valid_loss	30100.8959961
batch	23340	valid_loss	30075.6264648
batch	23370	valid_loss	30078.0095215
batch	23400	valid_loss	30038.814209
batch	23430	valid_loss	30042.2141113
batch	23460	valid_loss	29983.520752
batch	23490	valid_loss	30016.2600098
batch	23520	valid_loss	29917.8168945
batch	23550	valid_loss	29886.3549805
batch	23580	valid_loss	29881.4450684
batch	23610	valid_loss	29817.9108887
batch	23640	valid_loss	29789.4423828
batch	23670	valid_loss	29954.9072266
batch	23700	valid_loss	29762.7294922
batch	23730	valid_loss	29754.9130859
batch	23760	valid_loss	29735.192627
batch	23790	valid_loss	29765.5480957
batch	23820	valid_loss	29782.5039062
batch	23850	valid_loss	29591.8317871
batch	23880	valid_loss	29615.4626465
batch	23910	valid_loss	29560.2841797
batch	23940	valid_loss	29553.3151855
batch	23970	valid_loss	29551.4853516
batch	24000	valid_loss	29509.0170898
batch	24030	valid_loss	29463.8483887
batch	24060	valid_loss	29426.095459
batch	24090	valid_loss	29382.0134277
batch	24120	valid_loss	29373.6140137
batch	24150	valid_loss	29410.6386719
batch	24180	valid_loss	29327.6655273
batch	24210	valid_loss	29282.0961914
batch	24240	valid_loss	29289.2543945
batch	24270	valid_loss	29299.989502
batch	24300	valid_loss	29297.2104492
batch	24330	valid_loss	29193.2512207
batch	24360	valid_loss	29281.1569824
batch	24390	valid_loss	29229.0974121
batch	24420	valid_loss	29204.8818359
batch	24450	valid_loss	29227.9177246
batch	24480	valid_loss	29233.779541
batch	24510	valid_loss	29077.2729492
batch	24540	valid_loss	29065.3330078
batch	24570	valid_loss	29057.0627441
batch	24600	valid_loss	29109.4680176
batch	24630	valid_loss	28977.9663086
batch	24660	valid_loss	28990.6635742
batch	24690	valid_loss	28971.7075195
batch	24720	valid_loss	28945.3337402
batch	24750	valid_loss	28985.7680664
batch	24780	valid_loss	28998.9377441
batch	24810	valid_loss	28872.5935059
batch	24840	valid_loss	28857.6123047
batch	24870	valid_loss	28855.21875
batch	24900	valid_loss	28820.8513184
batch	24930	valid_loss	28899.2734375
batch	24960	valid_loss	28778.4277344
batch	24990	valid_loss	28761.7365723
STOP
START
config	300	100	300	960
batch	0	valid_loss	7889086.25
batch	30	valid_loss	190695.007812
batch	60	valid_loss	103221.269531
batch	90	valid_loss	99406.7705078
batch	120	valid_loss	99140.765625
batch	150	valid_loss	99097.6904297
batch	180	valid_loss	99053.96875
batch	210	valid_loss	98979.0595703
batch	240	valid_loss	98867.328125
batch	270	valid_loss	98781.7207031
batch	300	valid_loss	98539.8525391
batch	330	valid_loss	98233.4238281
batch	360	valid_loss	97627.5439453
batch	390	valid_loss	96630.4951172
batch	420	valid_loss	95124.5654297
batch	450	valid_loss	93336.0654297
batch	480	valid_loss	91812.7490234
batch	510	valid_loss	90655.9223633
batch	540	valid_loss	89924.809082
batch	570	valid_loss	89380.7060547
batch	600	valid_loss	88878.2729492
batch	630	valid_loss	88375.8486328
batch	660	valid_loss	87978.277832
batch	690	valid_loss	87493.7348633
batch	720	valid_loss	86864.5415039
batch	750	valid_loss	86241.3422852
batch	780	valid_loss	85540.1977539
batch	810	valid_loss	84821.4599609
batch	840	valid_loss	84000.0097656
batch	870	valid_loss	83241.8134766
batch	900	valid_loss	82414.5678711
batch	930	valid_loss	81429.40625
batch	960	valid_loss	80552.8012695
batch	990	valid_loss	79587.8994141
batch	1020	valid_loss	78629.7543945
batch	1050	valid_loss	77769.2143555
batch	1080	valid_loss	76829.2705078
batch	1110	valid_loss	75903.2646484
batch	1140	valid_loss	74951.4140625
batch	1170	valid_loss	74069.0644531
batch	1200	valid_loss	73153.6357422
batch	1230	valid_loss	72218.5532227
batch	1260	valid_loss	71342.8583984
batch	1290	valid_loss	70502.2685547
batch	1320	valid_loss	69646.4638672
batch	1350	valid_loss	68815.3188477
batch	1380	valid_loss	67958.1245117
batch	1410	valid_loss	67130.2177734
batch	1440	valid_loss	66310.1586914
batch	1470	valid_loss	65645.7270508
batch	1500	valid_loss	64824.2749023
batch	1530	valid_loss	64188.734375
batch	1560	valid_loss	63403.0019531
batch	1590	valid_loss	62719.8554688
batch	1620	valid_loss	62074.9604492
batch	1650	valid_loss	61442.7963867
batch	1680	valid_loss	60788.3398438
batch	1710	valid_loss	60159.0087891
batch	1740	valid_loss	59458.1240234
batch	1770	valid_loss	58903.1240234
batch	1800	valid_loss	58347.2543945
batch	1830	valid_loss	57715.78125
batch	1860	valid_loss	57157.2045898
batch	1890	valid_loss	56641.2387695
batch	1920	valid_loss	56118.940918
batch	1950	valid_loss	55542.0058594
batch	1980	valid_loss	55074.0375977
batch	2010	valid_loss	54604.65625
batch	2040	valid_loss	54102.3974609
batch	2070	valid_loss	53567.5688477
batch	2100	valid_loss	53131.105957
batch	2130	valid_loss	52672.7773438
batch	2160	valid_loss	52235.0146484
batch	2190	valid_loss	51772.5517578
batch	2220	valid_loss	51260.6323242
batch	2250	valid_loss	50938.0834961
batch	2280	valid_loss	50488.1108398
batch	2310	valid_loss	50062.5615234
batch	2340	valid_loss	49640.4311523
batch	2370	valid_loss	49270.3300781
batch	2400	valid_loss	48869.1831055
batch	2430	valid_loss	48456.6733398
batch	2460	valid_loss	48150.7563477
batch	2490	valid_loss	47839.0102539
batch	2520	valid_loss	47450.6386719
batch	2550	valid_loss	47089.0734863
batch	2580	valid_loss	46750.3886719
batch	2610	valid_loss	46445.5305176
batch	2640	valid_loss	46159.2080078
batch	2670	valid_loss	45814.9511719
batch	2700	valid_loss	45461.4245605
batch	2730	valid_loss	45197.4599609
batch	2760	valid_loss	44902.8408203
batch	2790	valid_loss	44638.0427246
batch	2820	valid_loss	44347.1223145
batch	2850	valid_loss	44052.7895508
batch	2880	valid_loss	43844.4379883
batch	2910	valid_loss	43566.3835449
batch	2940	valid_loss	43291.8737793
batch	2970	valid_loss	43055.7770996
batch	3000	valid_loss	42842.6984863
batch	3030	valid_loss	42577.4909668
batch	3060	valid_loss	42282.2946777
batch	3090	valid_loss	42134.1843262
batch	3120	valid_loss	41889.7451172
batch	3150	valid_loss	41680.0202637
batch	3180	valid_loss	41519.8435059
batch	3210	valid_loss	41317.9946289
batch	3240	valid_loss	41068.244873
batch	3270	valid_loss	40855.9445801
batch	3300	valid_loss	40705.2443848
batch	3330	valid_loss	40458.3479004
batch	3360	valid_loss	40344.036377
batch	3390	valid_loss	40198.0717773
batch	3420	valid_loss	39979.9775391
batch	3450	valid_loss	39796.5593262
batch	3480	valid_loss	39626.5593262
batch	3510	valid_loss	39466.8356934
batch	3540	valid_loss	39334.5759277
batch	3570	valid_loss	39186.3620605
batch	3600	valid_loss	39092.7351074
batch	3630	valid_loss	38876.2194824
batch	3660	valid_loss	38694.9680176
batch	3690	valid_loss	38541.8286133
batch	3720	valid_loss	38503.6000977
batch	3750	valid_loss	38302.1303711
batch	3780	valid_loss	38168.5576172
batch	3810	valid_loss	38119.5068359
batch	3840	valid_loss	37918.6916504
batch	3870	valid_loss	37738.7485352
batch	3900	valid_loss	37640.1843262
batch	3930	valid_loss	37543.2026367
batch	3960	valid_loss	37391.7685547
batch	3990	valid_loss	37318.2963867
batch	4020	valid_loss	37294.1723633
batch	4050	valid_loss	37165.0041504
batch	4080	valid_loss	37005.7368164
batch	4110	valid_loss	36968.3381348
batch	4140	valid_loss	36909.5983887
batch	4170	valid_loss	36726.7346191
batch	4200	valid_loss	36682.21875
batch	4230	valid_loss	36524.8071289
batch	4260	valid_loss	36413.1374512
batch	4290	valid_loss	36342.1318359
batch	4320	valid_loss	36284.8254395
batch	4350	valid_loss	36139.3076172
batch	4380	valid_loss	36140.9650879
batch	4410	valid_loss	36021.1501465
batch	4440	valid_loss	35929.2475586
batch	4470	valid_loss	35890.7570801
batch	4500	valid_loss	35845.0844727
batch	4530	valid_loss	35731.128418
batch	4560	valid_loss	35645.0588379
batch	4590	valid_loss	35631.5246582
batch	4620	valid_loss	35536.9436035
batch	4650	valid_loss	35531.796875
batch	4680	valid_loss	35383.0490723
batch	4710	valid_loss	35380.4658203
batch	4740	valid_loss	35345.7246094
batch	4770	valid_loss	35325.661377
batch	4800	valid_loss	35195.7351074
batch	4830	valid_loss	35168.0964355
batch	4860	valid_loss	35073.5180664
batch	4890	valid_loss	34982.3867188
batch	4920	valid_loss	35046.0541992
batch	4950	valid_loss	35010.8347168
batch	4980	valid_loss	34924.7133789
batch	5010	valid_loss	34889.0754395
batch	5040	valid_loss	34851.1374512
batch	5070	valid_loss	34811.581543
batch	5100	valid_loss	34803.7382812
batch	5130	valid_loss	34753.3017578
batch	5160	valid_loss	34762.1716309
batch	5190	valid_loss	34593.6689453
batch	5220	valid_loss	34592.0102539
batch	5250	valid_loss	34575.2265625
batch	5280	valid_loss	34520.5646973
batch	5310	valid_loss	34539.6484375
batch	5340	valid_loss	34527.7612305
batch	5370	valid_loss	34541.3654785
batch	5400	valid_loss	34506.4455566
batch	5430	valid_loss	34369.7602539
batch	5460	valid_loss	34351.6630859
batch	5490	valid_loss	34332.9545898
batch	5520	valid_loss	34276.1835938
batch	5550	valid_loss	34311.348877
batch	5580	valid_loss	34337.2971191
batch	5610	valid_loss	34299.0141602
batch	5640	valid_loss	34210.4321289
batch	5670	valid_loss	34278.6115723
batch	5700	valid_loss	34210.2580566
batch	5730	valid_loss	34219.4848633
batch	5760	valid_loss	34144.0480957
batch	5790	valid_loss	34130.3479004
batch	5820	valid_loss	34015.0471191
batch	5850	valid_loss	34070.4250488
batch	5880	valid_loss	34058.9025879
batch	5910	valid_loss	33966.715332
batch	5940	valid_loss	34063.2651367
batch	5970	valid_loss	33991.0593262
batch	6000	valid_loss	33990.8515625
batch	6030	valid_loss	33988.5158691
batch	6060	valid_loss	33970.0029297
batch	6090	valid_loss	33931.3803711
batch	6120	valid_loss	33907.7553711
batch	6150	valid_loss	33890.2497559
batch	6180	valid_loss	33893.8737793
batch	6210	valid_loss	33915.9370117
batch	6240	valid_loss	33869.3508301
batch	6270	valid_loss	33868.7597656
batch	6300	valid_loss	33872.6940918
batch	6330	valid_loss	33857.7851562
batch	6360	valid_loss	33793.8908691
batch	6390	valid_loss	33772.3676758
batch	6420	valid_loss	33721.4851074
batch	6450	valid_loss	33705.2995605
batch	6480	valid_loss	33817.7666016
batch	6510	valid_loss	33795.3842773
batch	6540	valid_loss	33732.1750488
batch	6570	valid_loss	33723.9414062
batch	6600	valid_loss	33728.2329102
batch	6630	valid_loss	33705.6013184
batch	6660	valid_loss	33764.7333984
batch	6690	valid_loss	33701.1162109
batch	6720	valid_loss	33677.8684082
batch	6750	valid_loss	33606.611084
batch	6780	valid_loss	33619.0722656
batch	6810	valid_loss	33671.9650879
batch	6840	valid_loss	33599.685791
batch	6870	valid_loss	33652.7744141
batch	6900	valid_loss	33785.494873
batch	6930	valid_loss	33665.7280273
batch	6960	valid_loss	33642.9484863
batch	6990	valid_loss	33608.791748
batch	7020	valid_loss	33637.2634277
batch	7050	valid_loss	33615.9741211
batch	7080	valid_loss	33525.6564941
batch	7110	valid_loss	33559.3759766
batch	7140	valid_loss	33567.0974121
batch	7170	valid_loss	33607.1813965
batch	7200	valid_loss	33625.3723145
batch	7230	valid_loss	33580.8562012
batch	7260	valid_loss	33568.0043945
batch	7290	valid_loss	33537.5986328
batch	7320	valid_loss	33532.5388184
batch	7350	valid_loss	33519.3225098
batch	7380	valid_loss	33403.1838379
batch	7410	valid_loss	33490.3815918
batch	7440	valid_loss	33484.5495605
batch	7470	valid_loss	33428.5754395
batch	7500	valid_loss	33475.5866699
batch	7530	valid_loss	33514.5070801
batch	7560	valid_loss	33438.3444824
batch	7590	valid_loss	33472.3920898
batch	7620	valid_loss	33447.4833984
batch	7650	valid_loss	33416.9587402
batch	7680	valid_loss	33358.5930176
batch	7710	valid_loss	33418.4145508
batch	7740	valid_loss	33426.3725586
batch	7770	valid_loss	33440.7807617
batch	7800	valid_loss	33392.9594727
batch	7830	valid_loss	33417.0905762
batch	7860	valid_loss	33398.59375
batch	7890	valid_loss	33412.9177246
batch	7920	valid_loss	33367.5812988
batch	7950	valid_loss	33378.5795898
batch	7980	valid_loss	33327.309082
batch	8010	valid_loss	33419.916748
batch	8040	valid_loss	33397.0063477
batch	8070	valid_loss	33407.576416
batch	8100	valid_loss	33368.9699707
batch	8130	valid_loss	33306.3706055
batch	8160	valid_loss	33373.378418
batch	8190	valid_loss	33377.8569336
batch	8220	valid_loss	33390.3029785
batch	8250	valid_loss	33329.1931152
batch	8280	valid_loss	33360.2790527
batch	8310	valid_loss	33297.2246094
batch	8340	valid_loss	33323.1584473
batch	8370	valid_loss	33351.3583984
batch	8400	valid_loss	33291.4755859
batch	8430	valid_loss	33307.8547363
batch	8460	valid_loss	33307.2102051
batch	8490	valid_loss	33394.8894043
batch	8520	valid_loss	33331.9511719
batch	8550	valid_loss	33333.9934082
batch	8580	valid_loss	33387.6931152
batch	8610	valid_loss	33313.5168457
batch	8640	valid_loss	33243.1237793
batch	8670	valid_loss	33278.802002
batch	8700	valid_loss	33300.5014648
batch	8730	valid_loss	33329.4885254
batch	8760	valid_loss	33283.2770996
batch	8790	valid_loss	33336.4335938
batch	8820	valid_loss	33316.7570801
batch	8850	valid_loss	33272.4338379
batch	8880	valid_loss	33304.0412598
batch	8910	valid_loss	33270.4765625
batch	8940	valid_loss	33161.3154297
batch	8970	valid_loss	33236.7145996
batch	9000	valid_loss	33262.638916
batch	9030	valid_loss	33197.189209
batch	9060	valid_loss	33228.7512207
batch	9090	valid_loss	33490.2768555
batch	9120	valid_loss	33234.7719727
batch	9150	valid_loss	33226.949707
batch	9180	valid_loss	33227.9318848
batch	9210	valid_loss	33215.4650879
batch	9240	valid_loss	33151.3605957
batch	9270	valid_loss	33214.9545898
batch	9300	valid_loss	33245.5307617
batch	9330	valid_loss	33238.3818359
batch	9360	valid_loss	33177.578125
batch	9390	valid_loss	33187.1437988
batch	9420	valid_loss	33186.2773438
batch	9450	valid_loss	33212.7770996
batch	9480	valid_loss	33193.904541
batch	9510	valid_loss	33196.3869629
batch	9540	valid_loss	33145.0629883
batch	9570	valid_loss	33247.1166992
batch	9600	valid_loss	33218.1784668
batch	9630	valid_loss	33220.1567383
batch	9660	valid_loss	33183.1437988
batch	9690	valid_loss	33126.6223145
batch	9720	valid_loss	33146.8505859
batch	9750	valid_loss	33158.7385254
batch	9780	valid_loss	33207.5749512
batch	9810	valid_loss	33134.1311035
batch	9840	valid_loss	33177.1784668
batch	9870	valid_loss	33117.1408691
batch	9900	valid_loss	33165.3308105
batch	9930	valid_loss	33196.0625
batch	9960	valid_loss	33126.3881836
batch	9990	valid_loss	33140.7556152
batch	10020	valid_loss	33179.1931152
batch	10050	valid_loss	33265.8146973
batch	10080	valid_loss	33163.7587891
batch	10110	valid_loss	33187.2436523
batch	10140	valid_loss	33233.111084
batch	10170	valid_loss	33151.5231934
batch	10200	valid_loss	33114.7705078
batch	10230	valid_loss	33132.9326172
batch	10260	valid_loss	33151.0871582
batch	10290	valid_loss	33166.9963379
batch	10320	valid_loss	33107.8261719
batch	10350	valid_loss	33176.3837891
batch	10380	valid_loss	33190.9958496
batch	10410	valid_loss	33142.8647461
batch	10440	valid_loss	33150.067627
batch	10470	valid_loss	33201.1437988
batch	10500	valid_loss	33066.1894531
batch	10530	valid_loss	33114.9682617
batch	10560	valid_loss	33110.6748047
batch	10590	valid_loss	33053.4077148
batch	10620	valid_loss	33101.829834
batch	10650	valid_loss	33233.6757812
batch	10680	valid_loss	33060.340332
batch	10710	valid_loss	33096.1096191
batch	10740	valid_loss	33088.8200684
batch	10770	valid_loss	33070.0354004
batch	10800	valid_loss	33024.4106445
batch	10830	valid_loss	33091.2683105
batch	10860	valid_loss	33123.5251465
batch	10890	valid_loss	33102.0068359
batch	10920	valid_loss	33054.8061523
batch	10950	valid_loss	33073.1276855
batch	10980	valid_loss	33137.3955078
batch	11010	valid_loss	33111.8217773
batch	11040	valid_loss	33092.9851074
batch	11070	valid_loss	33083.4013672
batch	11100	valid_loss	33027.0078125
batch	11130	valid_loss	33070.842041
batch	11160	valid_loss	33078.3474121
batch	11190	valid_loss	33112.2412109
batch	11220	valid_loss	33062.8701172
batch	11250	valid_loss	33026.776123
batch	11280	valid_loss	33044.9077148
batch	11310	valid_loss	33099.8508301
batch	11340	valid_loss	33135.9921875
batch	11370	valid_loss	33033.4172363
batch	11400	valid_loss	33073.4257812
batch	11430	valid_loss	33012.421875
batch	11460	valid_loss	33074.7387695
batch	11490	valid_loss	33070.4294434
batch	11520	valid_loss	33012.7485352
batch	11550	valid_loss	33045.1408691
batch	11580	valid_loss	33140.3496094
batch	11610	valid_loss	33170.3747559
batch	11640	valid_loss	33039.3898926
batch	11670	valid_loss	33088.376709
batch	11700	valid_loss	33115.6174316
batch	11730	valid_loss	33072.6704102
batch	11760	valid_loss	33000.0942383
batch	11790	valid_loss	33043.7539062
batch	11820	valid_loss	33042.4360352
batch	11850	valid_loss	33040.3996582
batch	11880	valid_loss	33023.583252
batch	11910	valid_loss	33057.9445801
batch	11940	valid_loss	33067.9892578
batch	11970	valid_loss	33075.411377
batch	12000	valid_loss	33135.5046387
batch	12030	valid_loss	33091.9858398
batch	12060	valid_loss	32986.1584473
batch	12090	valid_loss	33033.088623
batch	12120	valid_loss	33005.5717773
batch	12150	valid_loss	32957.9697266
batch	12180	valid_loss	33022.8051758
batch	12210	valid_loss	33152.3469238
batch	12240	valid_loss	33046.7185059
batch	12270	valid_loss	33008.404541
batch	12300	valid_loss	33001.7976074
batch	12330	valid_loss	33013.8779297
batch	12360	valid_loss	32951.4377441
batch	12390	valid_loss	32987.331543
batch	12420	valid_loss	33030.307373
batch	12450	valid_loss	33020.0817871
batch	12480	valid_loss	32975.1887207
batch	12510	valid_loss	32978.2883301
batch	12540	valid_loss	32994.7963867
batch	12570	valid_loss	33025.1889648
batch	12600	valid_loss	33005.4519043
batch	12630	valid_loss	32995.5844727
batch	12660	valid_loss	32945.3352051
batch	12690	valid_loss	32987.6386719
batch	12720	valid_loss	32996.9150391
batch	12750	valid_loss	33037.1833496
batch	12780	valid_loss	32970.8500977
batch	12810	valid_loss	32960.6374512
batch	12840	valid_loss	32945.7670898
batch	12870	valid_loss	32982.2224121
batch	12900	valid_loss	33030.6711426
batch	12930	valid_loss	32969.8789062
batch	12960	valid_loss	32980.9873047
batch	12990	valid_loss	32926.9414062
batch	13020	valid_loss	33004.9008789
batch	13050	valid_loss	32978.7636719
batch	13080	valid_loss	32933.0996094
batch	13110	valid_loss	32953.1306152
batch	13140	valid_loss	33001.762207
batch	13170	valid_loss	33112.6757812
batch	13200	valid_loss	32954.1428223
batch	13230	valid_loss	33019.9580078
batch	13260	valid_loss	33059.6665039
batch	13290	valid_loss	32973.0236816
batch	13320	valid_loss	32906.0283203
batch	13350	valid_loss	32965.3601074
batch	13380	valid_loss	32958.385498
batch	13410	valid_loss	32936.6376953
batch	13440	valid_loss	32935.3964844
batch	13470	valid_loss	32993.0170898
batch	13500	valid_loss	33064.3562012
batch	13530	valid_loss	32977.7854004
batch	13560	valid_loss	32981.9204102
batch	13590	valid_loss	33045.9282227
batch	13620	valid_loss	32932.2119141
batch	13650	valid_loss	32960.6691895
batch	13680	valid_loss	32915.4155273
batch	13710	valid_loss	32881.0458984
batch	13740	valid_loss	32943.9367676
batch	13770	valid_loss	33029.3613281
batch	13800	valid_loss	32902.6008301
batch	13830	valid_loss	32930.1787109
batch	13860	valid_loss	32901.6689453
batch	13890	valid_loss	32922.2702637
batch	13920	valid_loss	32862.8496094
batch	13950	valid_loss	32905.7089844
batch	13980	valid_loss	32927.5900879
batch	14010	valid_loss	32932.1071777
batch	14040	valid_loss	32881.3308105
batch	14070	valid_loss	32879.9541016
batch	14100	valid_loss	32927.4482422
batch	14130	valid_loss	32938.6540527
batch	14160	valid_loss	32904.5456543
batch	14190	valid_loss	32901.0244141
batch	14220	valid_loss	32881.8178711
batch	14250	valid_loss	32844.5373535
batch	14280	valid_loss	32902.4599609
batch	14310	valid_loss	32926.6765137
batch	14340	valid_loss	32855.5834961
batch	14370	valid_loss	32854.6352539
batch	14400	valid_loss	32900.2019043
batch	14430	valid_loss	32837.1203613
batch	14460	valid_loss	32904.3947754
batch	14490	valid_loss	32821.7539062
batch	14520	valid_loss	32854.3276367
batch	14550	valid_loss	32795.4880371
batch	14580	valid_loss	32868.6347656
batch	14610	valid_loss	32823.3378906
batch	14640	valid_loss	32770.588623
batch	14670	valid_loss	32779.7980957
batch	14700	valid_loss	32954.6369629
batch	14730	valid_loss	32793.4904785
batch	14760	valid_loss	32764.3815918
batch	14790	valid_loss	32805.2385254
batch	14820	valid_loss	32807.5151367
batch	14850	valid_loss	32712.7697754
batch	14880	valid_loss	32715.890625
batch	14910	valid_loss	32763.6062012
batch	14940	valid_loss	32754.8261719
batch	14970	valid_loss	32717.4606934
batch	15000	valid_loss	32738.5014648
batch	15030	valid_loss	32775.2583008
batch	15060	valid_loss	32799.779541
batch	15090	valid_loss	32746.4094238
batch	15120	valid_loss	32771.2536621
batch	15150	valid_loss	32802.135498
batch	15180	valid_loss	32712.7912598
batch	15210	valid_loss	32738.4304199
batch	15240	valid_loss	32709.1604004
batch	15270	valid_loss	32661.1464844
batch	15300	valid_loss	32739.1328125
batch	15330	valid_loss	32721.763916
batch	15360	valid_loss	32774.5993652
batch	15390	valid_loss	32710.1054688
batch	15420	valid_loss	32692.2141113
batch	15450	valid_loss	32728.1931152
batch	15480	valid_loss	32633.1208496
batch	15510	valid_loss	32690.276123
batch	15540	valid_loss	32705.1518555
batch	15570	valid_loss	32707.6213379
batch	15600	valid_loss	32655.1337891
batch	15630	valid_loss	32673.2507324
batch	15660	valid_loss	32730.0349121
batch	15690	valid_loss	32713.9667969
batch	15720	valid_loss	32672.2963867
batch	15750	valid_loss	32673.6003418
batch	15780	valid_loss	32647.7087402
batch	15810	valid_loss	32639.9294434
batch	15840	valid_loss	32681.7871094
batch	15870	valid_loss	32715.1730957
batch	15900	valid_loss	32655.2177734
batch	15930	valid_loss	32665.6418457
batch	15960	valid_loss	32687.4074707
batch	15990	valid_loss	32640.7399902
batch	16020	valid_loss	32707.6552734
batch	16050	valid_loss	32623.1428223
batch	16080	valid_loss	32658.9729004
batch	16110	valid_loss	32611.5827637
batch	16140	valid_loss	32676.451416
batch	16170	valid_loss	32635.5644531
batch	16200	valid_loss	32601.0898438
batch	16230	valid_loss	32609.5031738
batch	16260	valid_loss	32730.1584473
batch	16290	valid_loss	32687.2697754
batch	16320	valid_loss	32594.8034668
batch	16350	valid_loss	32661.2316895
batch	16380	valid_loss	32634.8886719
batch	16410	valid_loss	32571.6313477
batch	16440	valid_loss	32560.3291016
batch	16470	valid_loss	32636.3864746
batch	16500	valid_loss	32598.4162598
batch	16530	valid_loss	32576.2001953
batch	16560	valid_loss	32613.0603027
batch	16590	valid_loss	32639.9990234
batch	16620	valid_loss	32677.1989746
batch	16650	valid_loss	32597.8183594
batch	16680	valid_loss	32618.6750488
batch	16710	valid_loss	32649.267334
batch	16740	valid_loss	32569.6149902
batch	16770	valid_loss	32621.2075195
batch	16800	valid_loss	32591.0983887
batch	16830	valid_loss	32525.5541992
batch	16860	valid_loss	32590.9050293
batch	16890	valid_loss	32610.4919434
batch	16920	valid_loss	32596.8842773
batch	16950	valid_loss	32581.8269043
batch	16980	valid_loss	32539.2336426
batch	17010	valid_loss	32571.7155762
batch	17040	valid_loss	32490.4226074
batch	17070	valid_loss	32552.6015625
batch	17100	valid_loss	32558.1660156
batch	17130	valid_loss	32571.8261719
batch	17160	valid_loss	32501.9208984
batch	17190	valid_loss	32505.5827637
batch	17220	valid_loss	32539.6867676
batch	17250	valid_loss	32533.4731445
batch	17280	valid_loss	32511.0012207
batch	17310	valid_loss	32508.1149902
batch	17340	valid_loss	32472.8085938
batch	17370	valid_loss	32471.1477051
batch	17400	valid_loss	32509.1374512
batch	17430	valid_loss	32563.9257812
batch	17460	valid_loss	32495.7705078
batch	17490	valid_loss	32509.2731934
batch	17520	valid_loss	32532.0808105
batch	17550	valid_loss	32508.8156738
batch	17580	valid_loss	32523.1152344
batch	17610	valid_loss	32442.0129395
batch	17640	valid_loss	32467.2385254
batch	17670	valid_loss	32426.8015137
batch	17700	valid_loss	32494.9599609
batch	17730	valid_loss	32464.6459961
batch	17760	valid_loss	32406.5649414
batch	17790	valid_loss	32423.4829102
batch	17820	valid_loss	32505.2197266
batch	17850	valid_loss	32495.4838867
batch	17880	valid_loss	32394.3984375
batch	17910	valid_loss	32469.4448242
batch	17940	valid_loss	32417.0437012
batch	17970	valid_loss	32367.8085938
batch	18000	valid_loss	32352.5617676
batch	18030	valid_loss	32428.1767578
batch	18060	valid_loss	32379.260498
batch	18090	valid_loss	32345.0983887
batch	18120	valid_loss	32402.1547852
batch	18150	valid_loss	32380.6933594
batch	18180	valid_loss	32429.8208008
batch	18210	valid_loss	32355.4338379
batch	18240	valid_loss	32365.3813477
batch	18270	valid_loss	32377.9328613
batch	18300	valid_loss	32309.0947266
batch	18330	valid_loss	32366.3178711
batch	18360	valid_loss	32322.4763184
batch	18390	valid_loss	32263.1394043
batch	18420	valid_loss	32302.784668
batch	18450	valid_loss	32289.5393066
batch	18480	valid_loss	32328.6762695
batch	18510	valid_loss	32291.8422852
batch	18540	valid_loss	32249.8886719
batch	18570	valid_loss	32259.7199707
batch	18600	valid_loss	32171.0187988
batch	18630	valid_loss	32230.5405273
batch	18660	valid_loss	32222.9621582
batch	18690	valid_loss	32239.4211426
batch	18720	valid_loss	32161.5014648
batch	18750	valid_loss	32155.020752
batch	18780	valid_loss	32174.7680664
batch	18810	valid_loss	32159.1870117
batch	18840	valid_loss	32130.6850586
batch	18870	valid_loss	32104.5161133
batch	18900	valid_loss	32071.619873
batch	18930	valid_loss	32078.079834
batch	18960	valid_loss	32121.0744629
batch	18990	valid_loss	32134.4104004
batch	19020	valid_loss	32056.4130859
batch	19050	valid_loss	32074.1853027
batch	19080	valid_loss	32067.5131836
batch	19110	valid_loss	32024.489502
batch	19140	valid_loss	32061.262207
batch	19170	valid_loss	31965.8513184
batch	19200	valid_loss	31981.6191406
batch	19230	valid_loss	31940.9211426
batch	19260	valid_loss	32027.6633301
batch	19290	valid_loss	31943.2685547
batch	19320	valid_loss	31887.2893066
batch	19350	valid_loss	31893.2641602
batch	19380	valid_loss	32002.4277344
batch	19410	valid_loss	31877.7800293
batch	19440	valid_loss	31837.6564941
batch	19470	valid_loss	31931.3347168
batch	19500	valid_loss	31832.3251953
batch	19530	valid_loss	31815.2558594
batch	19560	valid_loss	31787.9848633
batch	19590	valid_loss	31818.6035156
batch	19620	valid_loss	31772.3613281
batch	19650	valid_loss	31737.2314453
batch	19680	valid_loss	31772.4616699
batch	19710	valid_loss	31717.3356934
batch	19740	valid_loss	31759.9602051
batch	19770	valid_loss	31702.4101562
batch	19800	valid_loss	31698.2192383
batch	19830	valid_loss	31695.925293
batch	19860	valid_loss	31630.729248
batch	19890	valid_loss	31692.5244141
batch	19920	valid_loss	31615.267334
batch	19950	valid_loss	31575.9641113
batch	19980	valid_loss	31583.7746582
batch	20010	valid_loss	31539.3771973
batch	20040	valid_loss	31619.708252
batch	20070	valid_loss	31543.3549805
batch	20100	valid_loss	31500.5397949
batch	20130	valid_loss	31496.6540527
batch	20160	valid_loss	31425.1655273
batch	20190	valid_loss	31470.0673828
batch	20220	valid_loss	31490.1320801
batch	20250	valid_loss	31459.619873
batch	20280	valid_loss	31393.2355957
batch	20310	valid_loss	31398.1591797
batch	20340	valid_loss	31414.6645508
batch	20370	valid_loss	31406.6870117
batch	20400	valid_loss	31340.2653809
batch	20430	valid_loss	31304.6352539
batch	20460	valid_loss	31273.6928711
batch	20490	valid_loss	31279.5432129
batch	20520	valid_loss	31314.2871094
batch	20550	valid_loss	31291.4431152
batch	20580	valid_loss	31244.2141113
batch	20610	valid_loss	31262.3276367
batch	20640	valid_loss	31308.5952148
batch	20670	valid_loss	31195.2250977
batch	20700	valid_loss	31253.3212891
batch	20730	valid_loss	31162.4831543
batch	20760	valid_loss	31199.9785156
batch	20790	valid_loss	31146.2009277
batch	20820	valid_loss	31239.6867676
batch	20850	valid_loss	31154.6911621
batch	20880	valid_loss	31096.0996094
batch	20910	valid_loss	31103.8461914
batch	20940	valid_loss	31244.5375977
batch	20970	valid_loss	31087.9418945
batch	21000	valid_loss	31077.1665039
batch	21030	valid_loss	31122.7341309
batch	21060	valid_loss	31061.8986816
batch	21090	valid_loss	31030.4147949
batch	21120	valid_loss	31031.010498
batch	21150	valid_loss	31059.3044434
batch	21180	valid_loss	31006.0751953
batch	21210	valid_loss	30977.4753418
batch	21240	valid_loss	30995.0593262
batch	21270	valid_loss	31001.2998047
batch	21300	valid_loss	30973.9567871
batch	21330	valid_loss	30946.4365234
batch	21360	valid_loss	30962.6035156
batch	21390	valid_loss	30941.5395508
batch	21420	valid_loss	30901.3530273
batch	21450	valid_loss	30988.520752
batch	21480	valid_loss	30887.5917969
batch	21510	valid_loss	30868.0437012
batch	21540	valid_loss	30837.8527832
batch	21570	valid_loss	30812.989502
batch	21600	valid_loss	30880.2514648
batch	21630	valid_loss	30856.3161621
batch	21660	valid_loss	30814.3491211
batch	21690	valid_loss	30782.9411621
batch	21720	valid_loss	30735.9975586
batch	21750	valid_loss	30777.5505371
batch	21780	valid_loss	30791.5400391
batch	21810	valid_loss	30774.5788574
batch	21840	valid_loss	30719.6293945
batch	21870	valid_loss	30730.6848145
batch	21900	valid_loss	30672.5666504
batch	21930	valid_loss	30734.059082
batch	21960	valid_loss	30674.9106445
batch	21990	valid_loss	30618.8344727
batch	22020	valid_loss	30587.7683105
batch	22050	valid_loss	30586.6105957
batch	22080	valid_loss	30656.260498
batch	22110	valid_loss	30569.6347656
batch	22140	valid_loss	30545.3312988
batch	22170	valid_loss	30541.4169922
batch	22200	valid_loss	30535.4055176
batch	22230	valid_loss	30474.1677246
batch	22260	valid_loss	30532.326416
batch	22290	valid_loss	30434.8422852
batch	22320	valid_loss	30468.6364746
batch	22350	valid_loss	30391.0681152
batch	22380	valid_loss	30501.3691406
batch	22410	valid_loss	30387.9750977
batch	22440	valid_loss	30326.1899414
batch	22470	valid_loss	30332.6437988
batch	22500	valid_loss	30441.9929199
batch	22530	valid_loss	30271.4816895
batch	22560	valid_loss	30315.4714355
batch	22590	valid_loss	30311.1882324
batch	22620	valid_loss	30239.4489746
batch	22650	valid_loss	30210.6323242
batch	22680	valid_loss	30203.0297852
batch	22710	valid_loss	30223.1940918
batch	22740	valid_loss	30159.4863281
batch	22770	valid_loss	30135.9360352
batch	22800	valid_loss	30132.9160156
batch	22830	valid_loss	30152.4853516
batch	22860	valid_loss	30119.0268555
batch	22890	valid_loss	30092.7341309
batch	22920	valid_loss	30077.3828125
batch	22950	valid_loss	30044.4216309
batch	22980	valid_loss	30024.6586914
batch	23010	valid_loss	30062.782959
batch	23040	valid_loss	30007.6860352
batch	23070	valid_loss	29944.4311523
batch	23100	valid_loss	29954.4719238
batch	23130	valid_loss	29913.3054199
batch	23160	valid_loss	30037.2526855
batch	23190	valid_loss	29947.0715332
batch	23220	valid_loss	29927.0107422
batch	23250	valid_loss	29873.3601074
batch	23280	valid_loss	29810.8720703
batch	23310	valid_loss	29855.9899902
batch	23340	valid_loss	29890.4487305
batch	23370	valid_loss	29827.0705566
batch	23400	valid_loss	29787.598877
batch	23430	valid_loss	29769.296875
batch	23460	valid_loss	29776.135498
batch	23490	valid_loss	29843.5817871
batch	23520	valid_loss	29758.857666
batch	23550	valid_loss	29699.1604004
batch	23580	valid_loss	29657.6364746
batch	23610	valid_loss	29679.5817871
batch	23640	valid_loss	29685.0131836
batch	23670	valid_loss	29684.6757812
batch	23700	valid_loss	29636.0910645
batch	23730	valid_loss	29624.6828613
batch	23760	valid_loss	29625.7785645
batch	23790	valid_loss	29587.409668
batch	23820	valid_loss	29625.8503418
batch	23850	valid_loss	29514.6025391
batch	23880	valid_loss	29564.6135254
batch	23910	valid_loss	29492.6279297
batch	23940	valid_loss	29597.170166
batch	23970	valid_loss	29501.2587891
batch	24000	valid_loss	29444.6276855
batch	24030	valid_loss	29454.8366699
batch	24060	valid_loss	29586.0280762
batch	24090	valid_loss	29392.0700684
batch	24120	valid_loss	29463.5429688
batch	24150	valid_loss	29411.5539551
batch	24180	valid_loss	29422.6835938
batch	24210	valid_loss	29346.1508789
batch	24240	valid_loss	29370.0366211
batch	24270	valid_loss	29391.2668457
batch	24300	valid_loss	29316.3356934
batch	24330	valid_loss	29302.2502441
batch	24360	valid_loss	29289.8337402
batch	24390	valid_loss	29350.8464355
batch	24420	valid_loss	29288.842041
batch	24450	valid_loss	29289.7763672
batch	24480	valid_loss	29250.2629395
batch	24510	valid_loss	29225.4335938
batch	24540	valid_loss	29233.7443848
batch	24570	valid_loss	29250.9880371
batch	24600	valid_loss	29227.595459
batch	24630	valid_loss	29120.2419434
batch	24660	valid_loss	29149.9777832
batch	24690	valid_loss	29138.5280762
batch	24720	valid_loss	29196.7270508
batch	24750	valid_loss	29139.364502
batch	24780	valid_loss	29081.8662109
batch	24810	valid_loss	29081.0615234
batch	24840	valid_loss	29031.2111816
batch	24870	valid_loss	29080.5964355
batch	24900	valid_loss	29091.2453613
batch	24930	valid_loss	29043.9287109
batch	24960	valid_loss	29002.8283691
batch	24990	valid_loss	29005.1582031
STOP
