START
config	300	20	300	960
batch	0	valid_loss	7817959.3125
batch	30	valid_loss	203669.449219
batch	60	valid_loss	104997.728516
batch	90	valid_loss	100067.556641
batch	120	valid_loss	99767.3603516
batch	150	valid_loss	99768.8789062
batch	180	valid_loss	99671.2998047
batch	210	valid_loss	99648.2617188
batch	240	valid_loss	99581.1376953
batch	270	valid_loss	99514.0234375
batch	300	valid_loss	99317.2119141
batch	330	valid_loss	99116.1386719
batch	360	valid_loss	98781.4248047
batch	390	valid_loss	98382.8818359
batch	420	valid_loss	97728.4794922
batch	450	valid_loss	96754.3144531
batch	480	valid_loss	95659.4794922
batch	510	valid_loss	94526.5712891
batch	540	valid_loss	93375.8378906
batch	570	valid_loss	92403.2104492
batch	600	valid_loss	91563.1982422
batch	630	valid_loss	91011.2529297
batch	660	valid_loss	90516.3618164
batch	690	valid_loss	90239.6342773
batch	720	valid_loss	89909.5195312
batch	750	valid_loss	89483.7319336
batch	780	valid_loss	89257.5751953
batch	810	valid_loss	88923.9448242
batch	840	valid_loss	88542.3183594
batch	870	valid_loss	88234.3886719
batch	900	valid_loss	87751.2324219
batch	930	valid_loss	87353.2036133
batch	960	valid_loss	86889.0463867
batch	990	valid_loss	86447.777832
batch	1020	valid_loss	85936.5400391
batch	1050	valid_loss	85464.0288086
batch	1080	valid_loss	85033.987793
batch	1110	valid_loss	84539.6982422
batch	1140	valid_loss	84056.9897461
batch	1170	valid_loss	83671.4926758
batch	1200	valid_loss	83217.3969727
batch	1230	valid_loss	82780.3701172
batch	1260	valid_loss	82308.8803711
batch	1290	valid_loss	81931.9799805
batch	1320	valid_loss	81553.0732422
batch	1350	valid_loss	81179.3818359
batch	1380	valid_loss	80723.3789062
batch	1410	valid_loss	80290.8603516
batch	1440	valid_loss	79897.8291016
batch	1470	valid_loss	79551.1186523
batch	1500	valid_loss	79205.4443359
batch	1530	valid_loss	78856.3144531
batch	1560	valid_loss	78487.0146484
batch	1590	valid_loss	78138.7744141
batch	1620	valid_loss	77875.1157227
batch	1650	valid_loss	77450.1879883
batch	1680	valid_loss	77184.4541016
batch	1710	valid_loss	76843.8842773
batch	1740	valid_loss	76516.1049805
batch	1770	valid_loss	76277.6728516
batch	1800	valid_loss	75912.8720703
batch	1830	valid_loss	75599.7177734
batch	1860	valid_loss	75384.9985352
batch	1890	valid_loss	75123.4438477
batch	1920	valid_loss	74758.2026367
batch	1950	valid_loss	74625.7011719
batch	1980	valid_loss	74316.0087891
batch	2010	valid_loss	74090.375
batch	2040	valid_loss	73856.7148438
batch	2070	valid_loss	73646.7314453
batch	2100	valid_loss	73378.9121094
batch	2130	valid_loss	73268.980957
batch	2160	valid_loss	73110.4555664
batch	2190	valid_loss	72847.9746094
batch	2220	valid_loss	72648.6767578
batch	2250	valid_loss	72459.0458984
batch	2280	valid_loss	72287.2124023
batch	2310	valid_loss	72144.3891602
batch	2340	valid_loss	71907.6669922
batch	2370	valid_loss	71781.4101562
batch	2400	valid_loss	71686.8964844
batch	2430	valid_loss	71458.8588867
batch	2460	valid_loss	71366.0151367
batch	2490	valid_loss	71257.1943359
batch	2520	valid_loss	71120.3833008
batch	2550	valid_loss	70942.2875977
batch	2580	valid_loss	70829.3491211
batch	2610	valid_loss	70825.15625
batch	2640	valid_loss	70612.1103516
batch	2670	valid_loss	70485.9814453
batch	2700	valid_loss	70382.3916016
batch	2730	valid_loss	70332.9238281
batch	2760	valid_loss	70237.7495117
batch	2790	valid_loss	70240.2260742
batch	2820	valid_loss	69997.1157227
batch	2850	valid_loss	70022.2177734
batch	2880	valid_loss	69922.1748047
batch	2910	valid_loss	69884.7822266
batch	2940	valid_loss	69703.6635742
batch	2970	valid_loss	69661.4467773
batch	3000	valid_loss	69604.1118164
batch	3030	valid_loss	69601.9355469
batch	3060	valid_loss	69580.7192383
batch	3090	valid_loss	69571.0532227
batch	3120	valid_loss	69443.1396484
batch	3150	valid_loss	69375.3945312
batch	3180	valid_loss	69363.4643555
batch	3210	valid_loss	69219.5722656
batch	3240	valid_loss	69253.5620117
batch	3270	valid_loss	69095.9355469
batch	3300	valid_loss	69176.0600586
batch	3330	valid_loss	69020.1103516
batch	3360	valid_loss	69059.6323242
batch	3390	valid_loss	69014.5317383
batch	3420	valid_loss	69082.0058594
batch	3450	valid_loss	69060.8276367
batch	3480	valid_loss	68915.6518555
batch	3510	valid_loss	68911.3056641
batch	3540	valid_loss	68900.7910156
batch	3570	valid_loss	68925.9204102
batch	3600	valid_loss	68830.2827148
batch	3630	valid_loss	68811.2338867
batch	3660	valid_loss	68841.4121094
batch	3690	valid_loss	68823.7202148
batch	3720	valid_loss	68830.5849609
batch	3750	valid_loss	68776.2104492
batch	3780	valid_loss	68784.0424805
batch	3810	valid_loss	68743.9682617
batch	3840	valid_loss	68608.3505859
batch	3870	valid_loss	68707.265625
batch	3900	valid_loss	68570.4526367
batch	3930	valid_loss	68652.5390625
batch	3960	valid_loss	68579.7768555
batch	3990	valid_loss	68628.140625
batch	4020	valid_loss	68632.8452148
batch	4050	valid_loss	68599.5200195
batch	4080	valid_loss	68543.3505859
batch	4110	valid_loss	68612.7709961
batch	4140	valid_loss	68497.7407227
batch	4170	valid_loss	68614.8671875
batch	4200	valid_loss	68478.159668
batch	4230	valid_loss	68470.1235352
batch	4260	valid_loss	68493.9750977
batch	4290	valid_loss	68519.5288086
batch	4320	valid_loss	68482.3505859
batch	4350	valid_loss	68579.2431641
batch	4380	valid_loss	68443.3271484
batch	4410	valid_loss	68490.5205078
batch	4440	valid_loss	68510.6708984
batch	4470	valid_loss	68504.6655273
batch	4500	valid_loss	68336.8349609
batch	4530	valid_loss	68414.9545898
batch	4560	valid_loss	68392.1152344
batch	4590	valid_loss	68406.472168
batch	4620	valid_loss	68496.527832
batch	4650	valid_loss	68559.1342773
batch	4680	valid_loss	68345.9946289
batch	4710	valid_loss	68414.6005859
batch	4740	valid_loss	68366.1782227
batch	4770	valid_loss	68346.0112305
batch	4800	valid_loss	68363.9042969
batch	4830	valid_loss	68277.5170898
batch	4860	valid_loss	68442.9702148
batch	4890	valid_loss	68269.2827148
batch	4920	valid_loss	68371.875
batch	4950	valid_loss	68316.5883789
batch	4980	valid_loss	68359.1591797
batch	5010	valid_loss	68409.2783203
batch	5040	valid_loss	68301.2895508
batch	5070	valid_loss	68269.9165039
batch	5100	valid_loss	68290.230957
batch	5130	valid_loss	68337.5698242
batch	5160	valid_loss	68279.4116211
batch	5190	valid_loss	68280.2333984
batch	5220	valid_loss	68328.7895508
batch	5250	valid_loss	68305.0668945
batch	5280	valid_loss	68353.5874023
batch	5310	valid_loss	68230.4287109
batch	5340	valid_loss	68319.9208984
batch	5370	valid_loss	68289.8271484
batch	5400	valid_loss	68215.7260742
batch	5430	valid_loss	68172.222168
batch	5460	valid_loss	68171.9091797
batch	5490	valid_loss	68256.9487305
batch	5520	valid_loss	68191.934082
batch	5550	valid_loss	68322.3374023
batch	5580	valid_loss	68270.9248047
batch	5610	valid_loss	68201.8959961
batch	5640	valid_loss	68171.8374023
batch	5670	valid_loss	68307.5180664
batch	5700	valid_loss	68127.1474609
batch	5730	valid_loss	68265.5830078
batch	5760	valid_loss	68080.3232422
batch	5790	valid_loss	68188.2275391
batch	5820	valid_loss	68156.5131836
batch	5850	valid_loss	68164.824707
batch	5880	valid_loss	68181.6689453
batch	5910	valid_loss	68212.8491211
batch	5940	valid_loss	68171.4995117
batch	5970	valid_loss	68152.5078125
batch	6000	valid_loss	68193.46875
batch	6030	valid_loss	68156.0541992
batch	6060	valid_loss	68097.1860352
batch	6090	valid_loss	68178.2714844
batch	6120	valid_loss	68097.6494141
batch	6150	valid_loss	68182.519043
batch	6180	valid_loss	68237.2802734
batch	6210	valid_loss	68199.1586914
batch	6240	valid_loss	68062.2705078
batch	6270	valid_loss	68135.7504883
batch	6300	valid_loss	68141.7929688
batch	6330	valid_loss	68047.5375977
batch	6360	valid_loss	68079.3144531
batch	6390	valid_loss	68079.9960938
batch	6420	valid_loss	68223.9980469
batch	6450	valid_loss	68061.0629883
batch	6480	valid_loss	68082.6352539
batch	6510	valid_loss	68052.1757812
batch	6540	valid_loss	68023.8256836
batch	6570	valid_loss	68077.0546875
batch	6600	valid_loss	68043.8286133
batch	6630	valid_loss	68060.1259766
batch	6660	valid_loss	68038.3774414
batch	6690	valid_loss	68059.3007812
batch	6720	valid_loss	68000.0288086
batch	6750	valid_loss	68007.9013672
batch	6780	valid_loss	68017.027832
batch	6810	valid_loss	68038.5283203
batch	6840	valid_loss	68070.175293
batch	6870	valid_loss	68004.8037109
batch	6900	valid_loss	68048.2827148
batch	6930	valid_loss	68052.0043945
batch	6960	valid_loss	67998.043457
batch	6990	valid_loss	67981.5537109
batch	7020	valid_loss	67962.2006836
batch	7050	valid_loss	67925.8457031
batch	7080	valid_loss	68045.4736328
batch	7110	valid_loss	67988.9726562
batch	7140	valid_loss	67950.4643555
batch	7170	valid_loss	67963.2885742
batch	7200	valid_loss	67945.7578125
batch	7230	valid_loss	68015.190918
batch	7260	valid_loss	67882.8173828
batch	7290	valid_loss	67973.9619141
batch	7320	valid_loss	67890.2680664
batch	7350	valid_loss	67948.0952148
batch	7380	valid_loss	67938.4375
batch	7410	valid_loss	67919.0756836
batch	7440	valid_loss	67930.2436523
batch	7470	valid_loss	67937.9638672
batch	7500	valid_loss	67933.25
batch	7530	valid_loss	67858.6728516
batch	7560	valid_loss	67864.0561523
batch	7590	valid_loss	67806.6645508
batch	7620	valid_loss	67843.6806641
batch	7650	valid_loss	67890.2016602
batch	7680	valid_loss	67823.1723633
batch	7710	valid_loss	67863.0717773
batch	7740	valid_loss	67851.3964844
batch	7770	valid_loss	67856.8637695
batch	7800	valid_loss	67754.3974609
batch	7830	valid_loss	67784.4902344
batch	7860	valid_loss	67843.8061523
batch	7890	valid_loss	67716.1879883
batch	7920	valid_loss	67769.7548828
batch	7950	valid_loss	67729.1713867
batch	7980	valid_loss	67772.1655273
batch	8010	valid_loss	67758.0078125
batch	8040	valid_loss	67657.3984375
batch	8070	valid_loss	67675.2167969
batch	8100	valid_loss	67627.152832
batch	8130	valid_loss	67693.9638672
batch	8160	valid_loss	67609.5625
batch	8190	valid_loss	67635.2607422
batch	8220	valid_loss	67586.3149414
batch	8250	valid_loss	67566.5556641
batch	8280	valid_loss	67543.2016602
batch	8310	valid_loss	67493.0297852
batch	8340	valid_loss	67571.4628906
batch	8370	valid_loss	67559.0473633
batch	8400	valid_loss	67486.3637695
batch	8430	valid_loss	67452.4838867
batch	8460	valid_loss	67441.8706055
batch	8490	valid_loss	67404.5830078
batch	8520	valid_loss	67342.8862305
batch	8550	valid_loss	67313.5673828
batch	8580	valid_loss	67236.2319336
batch	8610	valid_loss	67284.8945312
batch	8640	valid_loss	67201.8300781
batch	8670	valid_loss	67203.1987305
batch	8700	valid_loss	67132.8955078
batch	8730	valid_loss	67166.5668945
batch	8760	valid_loss	67124.7275391
batch	8790	valid_loss	67090.5776367
batch	8820	valid_loss	67057.3227539
batch	8850	valid_loss	67059.9106445
batch	8880	valid_loss	66963.7958984
batch	8910	valid_loss	67005.0214844
batch	8940	valid_loss	66977.0039062
batch	8970	valid_loss	66878.6767578
batch	9000	valid_loss	66890.9594727
batch	9030	valid_loss	66894.543457
batch	9060	valid_loss	66938.2646484
batch	9090	valid_loss	66816.105957
batch	9120	valid_loss	66831.3837891
batch	9150	valid_loss	66789.2294922
batch	9180	valid_loss	66802.7080078
batch	9210	valid_loss	66788.9492188
batch	9240	valid_loss	66712.1733398
batch	9270	valid_loss	66694.0097656
batch	9300	valid_loss	66709.1088867
batch	9330	valid_loss	66662.9399414
batch	9360	valid_loss	66661.9365234
batch	9390	valid_loss	66643.3999023
batch	9420	valid_loss	66648.8759766
batch	9450	valid_loss	66623.5498047
batch	9480	valid_loss	66644.4975586
batch	9510	valid_loss	66553.6601562
batch	9540	valid_loss	66547.75
batch	9570	valid_loss	66536.1401367
batch	9600	valid_loss	66529.730957
batch	9630	valid_loss	66447.3876953
batch	9660	valid_loss	66444.359375
batch	9690	valid_loss	66487.715332
batch	9720	valid_loss	66385.7504883
batch	9750	valid_loss	66448.1333008
batch	9780	valid_loss	66403.0507812
batch	9810	valid_loss	66319.0634766
batch	9840	valid_loss	66316.3056641
batch	9870	valid_loss	66259.8168945
batch	9900	valid_loss	66352.7407227
batch	9930	valid_loss	66375.8237305
batch	9960	valid_loss	66259.2148438
batch	9990	valid_loss	66216.6176758
batch	10020	valid_loss	66196.2241211
batch	10050	valid_loss	66178.4331055
batch	10080	valid_loss	66105.8276367
batch	10110	valid_loss	66159.2661133
batch	10140	valid_loss	66092.2788086
batch	10170	valid_loss	66108.7592773
batch	10200	valid_loss	66023.7426758
batch	10230	valid_loss	66010.0761719
batch	10260	valid_loss	65953.0942383
batch	10290	valid_loss	65941.2602539
batch	10320	valid_loss	65960.2871094
batch	10350	valid_loss	65868.8222656
batch	10380	valid_loss	65844.5991211
batch	10410	valid_loss	65819.5566406
batch	10440	valid_loss	65749.0581055
batch	10470	valid_loss	65709.2250977
batch	10500	valid_loss	65690.515625
batch	10530	valid_loss	65631.6162109
batch	10560	valid_loss	65647.7963867
batch	10590	valid_loss	65557.8969727
batch	10620	valid_loss	65606.0795898
batch	10650	valid_loss	65480.4643555
batch	10680	valid_loss	65452.3530273
batch	10710	valid_loss	65388.4428711
batch	10740	valid_loss	65389.1591797
batch	10770	valid_loss	65297.7431641
batch	10800	valid_loss	65268.6630859
batch	10830	valid_loss	65186.859375
batch	10860	valid_loss	65167.0654297
batch	10890	valid_loss	65081.0908203
batch	10920	valid_loss	65044.09375
batch	10950	valid_loss	64989.800293
batch	10980	valid_loss	64973.8583984
batch	11010	valid_loss	64914.1655273
batch	11040	valid_loss	64867.3461914
batch	11070	valid_loss	64773.8129883
batch	11100	valid_loss	64737.6679688
batch	11130	valid_loss	64648.0952148
batch	11160	valid_loss	64601.6108398
batch	11190	valid_loss	64533.296875
batch	11220	valid_loss	64472.3125
batch	11250	valid_loss	64423.675293
batch	11280	valid_loss	64329.5024414
batch	11310	valid_loss	64331.6523438
batch	11340	valid_loss	64250.6201172
batch	11370	valid_loss	64155.7890625
batch	11400	valid_loss	64106.7226562
batch	11430	valid_loss	64024.0141602
batch	11460	valid_loss	64041.1064453
batch	11490	valid_loss	64002.2597656
batch	11520	valid_loss	63843.7802734
batch	11550	valid_loss	63789.987793
batch	11580	valid_loss	63737.5678711
batch	11610	valid_loss	63659.9697266
batch	11640	valid_loss	63565.3261719
batch	11670	valid_loss	63562.0795898
batch	11700	valid_loss	63458.3916016
batch	11730	valid_loss	63459.8798828
batch	11760	valid_loss	63317.765625
batch	11790	valid_loss	63224.0458984
batch	11820	valid_loss	63164.1796875
batch	11850	valid_loss	63109.3579102
batch	11880	valid_loss	63048.9414062
batch	11910	valid_loss	62956.4511719
batch	11940	valid_loss	62907.0488281
batch	11970	valid_loss	62827.0839844
batch	12000	valid_loss	62746.7675781
batch	12030	valid_loss	62660.2763672
batch	12060	valid_loss	62607.8193359
batch	12090	valid_loss	62559.0463867
batch	12120	valid_loss	62476.4897461
batch	12150	valid_loss	62389.6767578
batch	12180	valid_loss	62395.71875
batch	12210	valid_loss	62253.8862305
batch	12240	valid_loss	62200.8974609
batch	12270	valid_loss	62145.1054688
batch	12300	valid_loss	62093.5249023
batch	12330	valid_loss	61984.6625977
batch	12360	valid_loss	61945.6669922
batch	12390	valid_loss	61844.7216797
batch	12420	valid_loss	61808.0883789
batch	12450	valid_loss	61694.3574219
batch	12480	valid_loss	61649.1992188
batch	12510	valid_loss	61581.2285156
batch	12540	valid_loss	61544.3325195
batch	12570	valid_loss	61478.5185547
batch	12600	valid_loss	61413.9628906
batch	12630	valid_loss	61326.0664062
batch	12660	valid_loss	61250.6391602
batch	12690	valid_loss	61178.0249023
batch	12720	valid_loss	61136.5166016
batch	12750	valid_loss	61058.0517578
batch	12780	valid_loss	61004.0117188
batch	12810	valid_loss	60914.5083008
batch	12840	valid_loss	60825.7050781
batch	12870	valid_loss	60826.8491211
batch	12900	valid_loss	60749.6875
batch	12930	valid_loss	60627.3979492
batch	12960	valid_loss	60576.5537109
batch	12990	valid_loss	60514.6679688
batch	13020	valid_loss	60524.5693359
batch	13050	valid_loss	60469.9550781
batch	13080	valid_loss	60336.4423828
batch	13110	valid_loss	60273.3291016
batch	13140	valid_loss	60231.8251953
batch	13170	valid_loss	60161.2216797
batch	13200	valid_loss	60055.355957
batch	13230	valid_loss	60047.7993164
batch	13260	valid_loss	59951.4746094
batch	13290	valid_loss	59942.7275391
batch	13320	valid_loss	59831.0854492
batch	13350	valid_loss	59759.2285156
batch	13380	valid_loss	59707.7148438
batch	13410	valid_loss	59656.9619141
batch	13440	valid_loss	59583.3583984
batch	13470	valid_loss	59514.6875
batch	13500	valid_loss	59497.0185547
batch	13530	valid_loss	59402.6762695
batch	13560	valid_loss	59336.6015625
batch	13590	valid_loss	59276.2177734
batch	13620	valid_loss	59225.0791016
batch	13650	valid_loss	59189.8686523
batch	13680	valid_loss	59105.1308594
batch	13710	valid_loss	59040.7573242
batch	13740	valid_loss	59040.8017578
batch	13770	valid_loss	58944.8457031
batch	13800	valid_loss	58890.152832
batch	13830	valid_loss	58862.4257812
batch	13860	valid_loss	58795.2333984
batch	13890	valid_loss	58734.4667969
batch	13920	valid_loss	58686.9755859
batch	13950	valid_loss	58622.3466797
batch	13980	valid_loss	58571.3027344
batch	14010	valid_loss	58483.4331055
batch	14040	valid_loss	58445.2368164
batch	14070	valid_loss	58393.9067383
batch	14100	valid_loss	58371.2485352
batch	14130	valid_loss	58323.8569336
batch	14160	valid_loss	58241.6743164
batch	14190	valid_loss	58208.4575195
batch	14220	valid_loss	58135.8037109
batch	14250	valid_loss	58063.5859375
batch	14280	valid_loss	58030.3427734
batch	14310	valid_loss	57978.5473633
batch	14340	valid_loss	57935.3842773
batch	14370	valid_loss	57865.3823242
batch	14400	valid_loss	57777.2128906
batch	14430	valid_loss	57820.9814453
batch	14460	valid_loss	57745.8374023
batch	14490	valid_loss	57644.4931641
batch	14520	valid_loss	57613.234375
batch	14550	valid_loss	57553.4013672
batch	14580	valid_loss	57550.6713867
batch	14610	valid_loss	57487.4794922
batch	14640	valid_loss	57392.3964844
batch	14670	valid_loss	57328.6621094
batch	14700	valid_loss	57335.8364258
batch	14730	valid_loss	57268.8120117
batch	14760	valid_loss	57161.7714844
batch	14790	valid_loss	57168.4399414
batch	14820	valid_loss	57092.6010742
batch	14850	valid_loss	57074.2314453
batch	14880	valid_loss	56998.6884766
batch	14910	valid_loss	56922.1352539
batch	14940	valid_loss	56888.6479492
batch	14970	valid_loss	56854.3676758
batch	15000	valid_loss	56779.4570312
batch	15030	valid_loss	56723.5019531
batch	15060	valid_loss	56700.2949219
batch	15090	valid_loss	56629.5068359
batch	15120	valid_loss	56564.2470703
batch	15150	valid_loss	56514.027832
batch	15180	valid_loss	56464.5629883
batch	15210	valid_loss	56433.0571289
batch	15240	valid_loss	56352.5996094
batch	15270	valid_loss	56316.6635742
batch	15300	valid_loss	56299.9648438
batch	15330	valid_loss	56198.0844727
batch	15360	valid_loss	56170.6538086
batch	15390	valid_loss	56148.5932617
batch	15420	valid_loss	56083.9453125
batch	15450	valid_loss	56045.6679688
batch	15480	valid_loss	55995.0014648
batch	15510	valid_loss	55919.5366211
batch	15540	valid_loss	55864.5942383
batch	15570	valid_loss	55793.3696289
batch	15600	valid_loss	55748.875
batch	15630	valid_loss	55722.0996094
batch	15660	valid_loss	55673.0043945
batch	15690	valid_loss	55631.3212891
batch	15720	valid_loss	55546.6728516
batch	15750	valid_loss	55548.6162109
batch	15780	valid_loss	55476.3139648
batch	15810	valid_loss	55410.9267578
batch	15840	valid_loss	55362.2705078
batch	15870	valid_loss	55329.6630859
batch	15900	valid_loss	55275.597168
batch	15930	valid_loss	55213.6508789
batch	15960	valid_loss	55134.4956055
batch	15990	valid_loss	55176.4731445
batch	16020	valid_loss	55123.8642578
batch	16050	valid_loss	55023.1894531
batch	16080	valid_loss	54990.2299805
batch	16110	valid_loss	54932.637207
batch	16140	valid_loss	54930.5283203
batch	16170	valid_loss	54872.7919922
batch	16200	valid_loss	54801.9643555
batch	16230	valid_loss	54738.1533203
batch	16260	valid_loss	54726.590332
batch	16290	valid_loss	54684.3066406
batch	16320	valid_loss	54589.125
batch	16350	valid_loss	54616.8549805
batch	16380	valid_loss	54533.8266602
batch	16410	valid_loss	54521.0756836
batch	16440	valid_loss	54451.6201172
batch	16470	valid_loss	54385.7788086
batch	16500	valid_loss	54358.6362305
batch	16530	valid_loss	54337.6323242
batch	16560	valid_loss	54275.9291992
batch	16590	valid_loss	54204.5546875
batch	16620	valid_loss	54178.0571289
batch	16650	valid_loss	54144.2392578
batch	16680	valid_loss	54094.5175781
batch	16710	valid_loss	54044.8735352
batch	16740	valid_loss	54013.2021484
batch	16770	valid_loss	53975.90625
batch	16800	valid_loss	53930.894043
batch	16830	valid_loss	53889.7329102
batch	16860	valid_loss	53890.019043
batch	16890	valid_loss	53800.9975586
batch	16920	valid_loss	53805.8867188
batch	16950	valid_loss	53772.0014648
batch	16980	valid_loss	53728.9287109
batch	17010	valid_loss	53704.0356445
batch	17040	valid_loss	53661.3964844
batch	17070	valid_loss	53596.6254883
batch	17100	valid_loss	53553.6503906
batch	17130	valid_loss	53491.7250977
batch	17160	valid_loss	53467.0898438
batch	17190	valid_loss	53452.0727539
batch	17220	valid_loss	53400.1870117
batch	17250	valid_loss	53375.0185547
batch	17280	valid_loss	53310.168457
batch	17310	valid_loss	53299.2094727
batch	17340	valid_loss	53259.03125
batch	17370	valid_loss	53206.5400391
batch	17400	valid_loss	53167.8725586
batch	17430	valid_loss	53148.3911133
batch	17460	valid_loss	53125.3144531
batch	17490	valid_loss	53067.6694336
batch	17520	valid_loss	52994.5751953
batch	17550	valid_loss	53049.3076172
batch	17580	valid_loss	53002.1674805
batch	17610	valid_loss	52913.78125
batch	17640	valid_loss	52894.4946289
batch	17670	valid_loss	52835.6074219
batch	17700	valid_loss	52854.90625
batch	17730	valid_loss	52803.793457
batch	17760	valid_loss	52773.4038086
batch	17790	valid_loss	52719.5141602
batch	17820	valid_loss	52698.7192383
batch	17850	valid_loss	52680.4223633
batch	17880	valid_loss	52586.1806641
batch	17910	valid_loss	52631.5507812
batch	17940	valid_loss	52549.875
batch	17970	valid_loss	52544.6645508
batch	18000	valid_loss	52486.215332
batch	18030	valid_loss	52464.3393555
batch	18060	valid_loss	52430.2919922
batch	18090	valid_loss	52419.0131836
batch	18120	valid_loss	52359.5273438
batch	18150	valid_loss	52299.3378906
batch	18180	valid_loss	52292.769043
batch	18210	valid_loss	52271.0078125
batch	18240	valid_loss	52222.4560547
batch	18270	valid_loss	52165.0200195
batch	18300	valid_loss	52157.0976562
batch	18330	valid_loss	52124.2373047
batch	18360	valid_loss	52103.8632812
batch	18390	valid_loss	52066.1826172
batch	18420	valid_loss	52078.3291016
batch	18450	valid_loss	52000.2158203
batch	18480	valid_loss	52012.8520508
batch	18510	valid_loss	51977.4560547
batch	18540	valid_loss	51947.6279297
batch	18570	valid_loss	51927.2827148
batch	18600	valid_loss	51884.8198242
batch	18630	valid_loss	51829.5488281
batch	18660	valid_loss	51806.7822266
batch	18690	valid_loss	51754.6118164
batch	18720	valid_loss	51737.2143555
batch	18750	valid_loss	51740.5087891
batch	18780	valid_loss	51679.8491211
batch	18810	valid_loss	51674.6357422
batch	18840	valid_loss	51619.9960938
batch	18870	valid_loss	51600.6591797
batch	18900	valid_loss	51571.730957
batch	18930	valid_loss	51523.8916016
batch	18960	valid_loss	51495.1723633
batch	18990	valid_loss	51484.2724609
batch	19020	valid_loss	51475.1000977
batch	19050	valid_loss	51412.7290039
batch	19080	valid_loss	51365.4458008
batch	19110	valid_loss	51423.3095703
batch	19140	valid_loss	51370.5922852
batch	19170	valid_loss	51283.9755859
batch	19200	valid_loss	51274.6787109
batch	19230	valid_loss	51221.8828125
batch	19260	valid_loss	51245.2280273
batch	19290	valid_loss	51214.3115234
batch	19320	valid_loss	51195.8803711
batch	19350	valid_loss	51137.7685547
batch	19380	valid_loss	51129.0810547
batch	19410	valid_loss	51122.7685547
batch	19440	valid_loss	51029.7949219
batch	19470	valid_loss	51079.6943359
batch	19500	valid_loss	50994.9643555
batch	19530	valid_loss	51011.7480469
batch	19560	valid_loss	50940.0117188
batch	19590	valid_loss	50934.1635742
batch	19620	valid_loss	50910.2382812
batch	19650	valid_loss	50909.3623047
batch	19680	valid_loss	50846.9091797
batch	19710	valid_loss	50809.9003906
batch	19740	valid_loss	50803.0029297
batch	19770	valid_loss	50803.3168945
batch	19800	valid_loss	50754.8637695
batch	19830	valid_loss	50681.4306641
batch	19860	valid_loss	50684.5424805
batch	19890	valid_loss	50666.3862305
batch	19920	valid_loss	50656.6987305
batch	19950	valid_loss	50614.8505859
batch	19980	valid_loss	50631.6518555
batch	20010	valid_loss	50558.3344727
batch	20040	valid_loss	50590.953125
batch	20070	valid_loss	50553.0249023
batch	20100	valid_loss	50515.5175781
batch	20130	valid_loss	50495.8452148
batch	20160	valid_loss	50463.7158203
batch	20190	valid_loss	50414.4160156
batch	20220	valid_loss	50411.0292969
batch	20250	valid_loss	50367.6357422
batch	20280	valid_loss	50348.184082
batch	20310	valid_loss	50364.3413086
batch	20340	valid_loss	50310.5234375
batch	20370	valid_loss	50303.5043945
batch	20400	valid_loss	50252.1479492
batch	20430	valid_loss	50228.9433594
batch	20460	valid_loss	50210.8974609
batch	20490	valid_loss	50168.1376953
batch	20520	valid_loss	50149.8491211
batch	20550	valid_loss	50143.7070312
batch	20580	valid_loss	50140.9863281
batch	20610	valid_loss	50078.4423828
batch	20640	valid_loss	50054.4243164
batch	20670	valid_loss	50100.5810547
batch	20700	valid_loss	50051.3984375
batch	20730	valid_loss	49967.7299805
batch	20760	valid_loss	49973.4902344
batch	20790	valid_loss	49921.652832
batch	20820	valid_loss	49945.3105469
batch	20850	valid_loss	49929.0625
batch	20880	valid_loss	49915.6069336
batch	20910	valid_loss	49845.3432617
batch	20940	valid_loss	49855.4824219
batch	20970	valid_loss	49857.0117188
batch	21000	valid_loss	49769.53125
batch	21030	valid_loss	49809.1269531
batch	21060	valid_loss	49727.5527344
batch	21090	valid_loss	49753.9897461
batch	21120	valid_loss	49675.8427734
batch	21150	valid_loss	49677.4775391
batch	21180	valid_loss	49668.7119141
batch	21210	valid_loss	49661.109375
batch	21240	valid_loss	49612.828125
batch	21270	valid_loss	49588.1552734
batch	21300	valid_loss	49574.1850586
batch	21330	valid_loss	49584.3637695
batch	21360	valid_loss	49542.4106445
batch	21390	valid_loss	49468.6201172
batch	21420	valid_loss	49474.0742188
batch	21450	valid_loss	49462.671875
batch	21480	valid_loss	49457.3759766
batch	21510	valid_loss	49414.4121094
batch	21540	valid_loss	49427.3154297
batch	21570	valid_loss	49361.9960938
batch	21600	valid_loss	49407.9125977
batch	21630	valid_loss	49371.3803711
batch	21660	valid_loss	49329.793457
batch	21690	valid_loss	49317.2802734
batch	21720	valid_loss	49286.6230469
batch	21750	valid_loss	49241.3867188
batch	21780	valid_loss	49255.6704102
batch	21810	valid_loss	49210.7416992
batch	21840	valid_loss	49182.5258789
batch	21870	valid_loss	49209.4155273
batch	21900	valid_loss	49160.8691406
batch	21930	valid_loss	49153.6625977
batch	21960	valid_loss	49103.7783203
batch	21990	valid_loss	49090.3676758
batch	22020	valid_loss	49068.9677734
batch	22050	valid_loss	49035.0351562
batch	22080	valid_loss	49020.3359375
batch	22110	valid_loss	49018.2753906
batch	22140	valid_loss	49016.1269531
batch	22170	valid_loss	48956.1962891
batch	22200	valid_loss	48940.4145508
batch	22230	valid_loss	48965.5927734
batch	22260	valid_loss	48938.5805664
batch	22290	valid_loss	48859.9726562
batch	22320	valid_loss	48870.1918945
batch	22350	valid_loss	48826.4213867
batch	22380	valid_loss	48846.6660156
batch	22410	valid_loss	48843.0717773
batch	22440	valid_loss	48822.5400391
batch	22470	valid_loss	48753.8085938
batch	22500	valid_loss	48769.9077148
batch	22530	valid_loss	48783.6079102
batch	22560	valid_loss	48695.6787109
batch	22590	valid_loss	48723.7045898
batch	22620	valid_loss	48658.1450195
batch	22650	valid_loss	48683.1831055
batch	22680	valid_loss	48603.2412109
batch	22710	valid_loss	48601.1381836
batch	22740	valid_loss	48610.4462891
batch	22770	valid_loss	48594.5375977
batch	22800	valid_loss	48556.8461914
batch	22830	valid_loss	48536.628418
batch	22860	valid_loss	48519.6010742
batch	22890	valid_loss	48541.4399414
batch	22920	valid_loss	48496.652832
batch	22950	valid_loss	48427.6020508
batch	22980	valid_loss	48438.0751953
batch	23010	valid_loss	48429.8706055
batch	23040	valid_loss	48424.8139648
batch	23070	valid_loss	48379.715332
batch	23100	valid_loss	48396.465332
batch	23130	valid_loss	48334.1503906
batch	23160	valid_loss	48381.3447266
batch	23190	valid_loss	48352.434082
batch	23220	valid_loss	48312.4116211
batch	23250	valid_loss	48298.1904297
batch	23280	valid_loss	48277.0219727
batch	23310	valid_loss	48230.4433594
batch	23340	valid_loss	48253.8427734
batch	23370	valid_loss	48202.6791992
batch	23400	valid_loss	48175.2382812
batch	23430	valid_loss	48205.965332
batch	23460	valid_loss	48161.4599609
batch	23490	valid_loss	48159.7905273
batch	23520	valid_loss	48116.8911133
batch	23550	valid_loss	48106.9692383
batch	23580	valid_loss	48077.0488281
batch	23610	valid_loss	48052.0136719
batch	23640	valid_loss	48042.4755859
batch	23670	valid_loss	48041.5961914
batch	23700	valid_loss	48034.394043
batch	23730	valid_loss	47979.5722656
batch	23760	valid_loss	47965.5864258
batch	23790	valid_loss	47975.887207
batch	23820	valid_loss	47970.1791992
batch	23850	valid_loss	47894.1196289
batch	23880	valid_loss	47902.7832031
batch	23910	valid_loss	47869.0493164
batch	23940	valid_loss	47889.4179688
batch	23970	valid_loss	47886.2163086
batch	24000	valid_loss	47858.359375
batch	24030	valid_loss	47802.8442383
batch	24060	valid_loss	47811.2519531
batch	24090	valid_loss	47841.3364258
batch	24120	valid_loss	47755.4213867
batch	24150	valid_loss	47772.300293
batch	24180	valid_loss	47726.5507812
batch	24210	valid_loss	47743.8696289
batch	24240	valid_loss	47665.7749023
batch	24270	valid_loss	47656.8579102
batch	24300	valid_loss	47673.4272461
batch	24330	valid_loss	47663.8183594
batch	24360	valid_loss	47626.9296875
batch	24390	valid_loss	47608.171875
batch	24420	valid_loss	47593.2680664
batch	24450	valid_loss	47625.5302734
batch	24480	valid_loss	47574.0429688
batch	24510	valid_loss	47509.5102539
batch	24540	valid_loss	47524.09375
batch	24570	valid_loss	47520.2050781
batch	24600	valid_loss	47511.4667969
batch	24630	valid_loss	47467.7299805
batch	24660	valid_loss	47491.9863281
batch	24690	valid_loss	47424.3334961
batch	24720	valid_loss	47469.6323242
batch	24750	valid_loss	47449.5649414
batch	24780	valid_loss	47415.8701172
batch	24810	valid_loss	47401.6254883
batch	24840	valid_loss	47392.1376953
batch	24870	valid_loss	47340.2304688
batch	24900	valid_loss	47366.1513672
batch	24930	valid_loss	47311.1459961
batch	24960	valid_loss	47288.5170898
batch	24990	valid_loss	47320.359375
STOP
START
config	300	20	300	960
batch	0	valid_loss	8454941.3125
batch	30	valid_loss	217090.353516
batch	60	valid_loss	105263.969727
batch	90	valid_loss	100080.992188
batch	120	valid_loss	99785.8056641
batch	150	valid_loss	99752.0039062
batch	180	valid_loss	99717.6152344
batch	210	valid_loss	99627.6435547
batch	240	valid_loss	99544.3974609
batch	270	valid_loss	99400.3867188
batch	300	valid_loss	99115.0488281
batch	330	valid_loss	98798.4765625
batch	360	valid_loss	98219.0117188
batch	390	valid_loss	97432.0263672
batch	420	valid_loss	96494.2548828
batch	450	valid_loss	95323.2451172
batch	480	valid_loss	94120.7646484
batch	510	valid_loss	93009.6826172
batch	540	valid_loss	92017.7529297
batch	570	valid_loss	91248.3857422
batch	600	valid_loss	90531.3085938
batch	630	valid_loss	90000.8652344
batch	660	valid_loss	89466.5947266
batch	690	valid_loss	88982.8779297
batch	720	valid_loss	88628.1542969
batch	750	valid_loss	88214.9824219
batch	780	valid_loss	87850.4858398
batch	810	valid_loss	87450.3222656
batch	840	valid_loss	87057.550293
batch	870	valid_loss	86629.0893555
batch	900	valid_loss	86257.9204102
batch	930	valid_loss	85778.9902344
batch	960	valid_loss	85450.7207031
batch	990	valid_loss	85005.628418
batch	1020	valid_loss	84548.3261719
batch	1050	valid_loss	84153.4375
batch	1080	valid_loss	83662.2456055
batch	1110	valid_loss	83133.2661133
batch	1140	valid_loss	82709.4643555
batch	1170	valid_loss	82245.1801758
batch	1200	valid_loss	81826.7514648
batch	1230	valid_loss	81285.0385742
batch	1260	valid_loss	80849.6948242
batch	1290	valid_loss	80403.878418
batch	1320	valid_loss	79932.159668
batch	1350	valid_loss	79495.753418
batch	1380	valid_loss	79098.809082
batch	1410	valid_loss	78654.628418
batch	1440	valid_loss	78340.184082
batch	1470	valid_loss	77948.8686523
batch	1500	valid_loss	77661.1679688
batch	1530	valid_loss	77314.7866211
batch	1560	valid_loss	76906.6635742
batch	1590	valid_loss	76612.8496094
batch	1620	valid_loss	76256.0688477
batch	1650	valid_loss	76020.7211914
batch	1680	valid_loss	75716.3930664
batch	1710	valid_loss	75438.8349609
batch	1740	valid_loss	75119.762207
batch	1770	valid_loss	74941.4609375
batch	1800	valid_loss	74621.0239258
batch	1830	valid_loss	74421.2250977
batch	1860	valid_loss	74201.6899414
batch	1890	valid_loss	74047.15625
batch	1920	valid_loss	73725.4682617
batch	1950	valid_loss	73577.4897461
batch	1980	valid_loss	73412.215332
batch	2010	valid_loss	73256.4995117
batch	2040	valid_loss	72948.9760742
batch	2070	valid_loss	72874.4697266
batch	2100	valid_loss	72719.0888672
batch	2130	valid_loss	72569.9677734
batch	2160	valid_loss	72366.7446289
batch	2190	valid_loss	72153.3354492
batch	2220	valid_loss	72108.9272461
batch	2250	valid_loss	71932.9980469
batch	2280	valid_loss	71730.2216797
batch	2310	valid_loss	71659.9438477
batch	2340	valid_loss	71448.4462891
batch	2370	valid_loss	71450.9584961
batch	2400	valid_loss	71310.956543
batch	2430	valid_loss	71217.2841797
batch	2460	valid_loss	71113.0229492
batch	2490	valid_loss	70936.1708984
batch	2520	valid_loss	70857.9833984
batch	2550	valid_loss	70810.3808594
batch	2580	valid_loss	70671.203125
batch	2610	valid_loss	70661.0527344
batch	2640	valid_loss	70528.371582
batch	2670	valid_loss	70445.71875
batch	2700	valid_loss	70387.7636719
batch	2730	valid_loss	70312.0249023
batch	2760	valid_loss	70262.3525391
batch	2790	valid_loss	70342.8408203
batch	2820	valid_loss	70109.3227539
batch	2850	valid_loss	70032.1567383
batch	2880	valid_loss	70029.6987305
batch	2910	valid_loss	69948.3994141
batch	2940	valid_loss	69876.605957
batch	2970	valid_loss	69881.6591797
batch	3000	valid_loss	69854.5952148
batch	3030	valid_loss	69755.1411133
batch	3060	valid_loss	69829.8647461
batch	3090	valid_loss	69810.9716797
batch	3120	valid_loss	69600.2280273
batch	3150	valid_loss	69621.5615234
batch	3180	valid_loss	69648.1547852
batch	3210	valid_loss	69533.1269531
batch	3240	valid_loss	69521.3486328
batch	3270	valid_loss	69432.4853516
batch	3300	valid_loss	69442.6064453
batch	3330	valid_loss	69427.6489258
batch	3360	valid_loss	69386.6879883
batch	3390	valid_loss	69353.59375
batch	3420	valid_loss	69307.2163086
batch	3450	valid_loss	69304.734375
batch	3480	valid_loss	69302.2109375
batch	3510	valid_loss	69250.4750977
batch	3540	valid_loss	69269.3540039
batch	3570	valid_loss	69268.9057617
batch	3600	valid_loss	69146.4213867
batch	3630	valid_loss	69161.1713867
batch	3660	valid_loss	69188.3515625
batch	3690	valid_loss	69175.4321289
batch	3720	valid_loss	69133.8862305
batch	3750	valid_loss	69071.109375
batch	3780	valid_loss	69124.1904297
batch	3810	valid_loss	69066.5820312
batch	3840	valid_loss	68972.8989258
batch	3870	valid_loss	69011.9658203
batch	3900	valid_loss	68921.4125977
batch	3930	valid_loss	69006.7495117
batch	3960	valid_loss	68915.4116211
batch	3990	valid_loss	69019.5424805
batch	4020	valid_loss	68945.8666992
batch	4050	valid_loss	68866.0629883
batch	4080	valid_loss	68927.894043
batch	4110	valid_loss	68938.3164062
batch	4140	valid_loss	68811.4194336
batch	4170	valid_loss	68924.3999023
batch	4200	valid_loss	68846.8852539
batch	4230	valid_loss	68787.1328125
batch	4260	valid_loss	68844.7529297
batch	4290	valid_loss	68746.465332
batch	4320	valid_loss	68815.6240234
batch	4350	valid_loss	68901.0087891
batch	4380	valid_loss	68745.2504883
batch	4410	valid_loss	68754.8549805
batch	4440	valid_loss	68789.4458008
batch	4470	valid_loss	68737.7529297
batch	4500	valid_loss	68613.3837891
batch	4530	valid_loss	68713.0102539
batch	4560	valid_loss	68723.2280273
batch	4590	valid_loss	68707.4912109
batch	4620	valid_loss	68778.0048828
batch	4650	valid_loss	68820.8959961
batch	4680	valid_loss	68585.753418
batch	4710	valid_loss	68674.3920898
batch	4740	valid_loss	68703.3305664
batch	4770	valid_loss	68593.7841797
batch	4800	valid_loss	68596.4882812
batch	4830	valid_loss	68529.2143555
batch	4860	valid_loss	68629.3618164
batch	4890	valid_loss	68589.3359375
batch	4920	valid_loss	68573.0522461
batch	4950	valid_loss	68539.5766602
batch	4980	valid_loss	68537.7563477
batch	5010	valid_loss	68625.4189453
batch	5040	valid_loss	68546.6342773
batch	5070	valid_loss	68499.7758789
batch	5100	valid_loss	68496.5209961
batch	5130	valid_loss	68550.6889648
batch	5160	valid_loss	68502.4331055
batch	5190	valid_loss	68494.9091797
batch	5220	valid_loss	68523.5478516
batch	5250	valid_loss	68511.5673828
batch	5280	valid_loss	68554.5532227
batch	5310	valid_loss	68449.1899414
batch	5340	valid_loss	68451.7304688
batch	5370	valid_loss	68484.8359375
batch	5400	valid_loss	68409.5185547
batch	5430	valid_loss	68374.793457
batch	5460	valid_loss	68378.5644531
batch	5490	valid_loss	68451.2397461
batch	5520	valid_loss	68374.1352539
batch	5550	valid_loss	68470.5214844
batch	5580	valid_loss	68387.0136719
batch	5610	valid_loss	68337.3662109
batch	5640	valid_loss	68350.8647461
batch	5670	valid_loss	68441.8974609
batch	5700	valid_loss	68240.6586914
batch	5730	valid_loss	68367.0483398
batch	5760	valid_loss	68221.6835938
batch	5790	valid_loss	68310.6455078
batch	5820	valid_loss	68298.0634766
batch	5850	valid_loss	68235.6396484
batch	5880	valid_loss	68290.1733398
batch	5910	valid_loss	68316.190918
batch	5940	valid_loss	68233.0498047
batch	5970	valid_loss	68243.2763672
batch	6000	valid_loss	68301.809082
batch	6030	valid_loss	68206.7197266
batch	6060	valid_loss	68136.2446289
batch	6090	valid_loss	68223.8598633
batch	6120	valid_loss	68168.4912109
batch	6150	valid_loss	68206.9228516
batch	6180	valid_loss	68287.0722656
batch	6210	valid_loss	68261.2460938
batch	6240	valid_loss	68044.9208984
batch	6270	valid_loss	68143.659668
batch	6300	valid_loss	68147.284668
batch	6330	valid_loss	68022.3325195
batch	6360	valid_loss	68030.0229492
batch	6390	valid_loss	68031.0947266
batch	6420	valid_loss	68101.6005859
batch	6450	valid_loss	68002.7250977
batch	6480	valid_loss	67925.2573242
batch	6510	valid_loss	67926.480957
batch	6540	valid_loss	67856.5917969
batch	6570	valid_loss	67920.2651367
batch	6600	valid_loss	67860.6489258
batch	6630	valid_loss	67806.5566406
batch	6660	valid_loss	67798.2246094
batch	6690	valid_loss	67805.2387695
batch	6720	valid_loss	67719.9956055
batch	6750	valid_loss	67743.0058594
batch	6780	valid_loss	67702.8037109
batch	6810	valid_loss	67715.5463867
batch	6840	valid_loss	67701.2714844
batch	6870	valid_loss	67620.8022461
batch	6900	valid_loss	67650.9609375
batch	6930	valid_loss	67652.6518555
batch	6960	valid_loss	67578.6010742
batch	6990	valid_loss	67575.6118164
batch	7020	valid_loss	67524.5512695
batch	7050	valid_loss	67495.206543
batch	7080	valid_loss	67577.2446289
batch	7110	valid_loss	67510.7685547
batch	7140	valid_loss	67472.065918
batch	7170	valid_loss	67440.6040039
batch	7200	valid_loss	67469.7431641
batch	7230	valid_loss	67489.4160156
batch	7260	valid_loss	67335.6953125
batch	7290	valid_loss	67416.3510742
batch	7320	valid_loss	67345.2919922
batch	7350	valid_loss	67372.418457
batch	7380	valid_loss	67360.6254883
batch	7410	valid_loss	67307.3217773
batch	7440	valid_loss	67325.4257812
batch	7470	valid_loss	67320.4814453
batch	7500	valid_loss	67312.1147461
batch	7530	valid_loss	67194.815918
batch	7560	valid_loss	67232.7236328
batch	7590	valid_loss	67143.7368164
batch	7620	valid_loss	67157.5249023
batch	7650	valid_loss	67201.8291016
batch	7680	valid_loss	67107.9438477
batch	7710	valid_loss	67154.1445312
batch	7740	valid_loss	67148.8564453
batch	7770	valid_loss	67118.9506836
batch	7800	valid_loss	66979.9013672
batch	7830	valid_loss	67000.1796875
batch	7860	valid_loss	67045.6850586
batch	7890	valid_loss	66918.2099609
batch	7920	valid_loss	66944.3828125
batch	7950	valid_loss	66904.7114258
batch	7980	valid_loss	66942.2387695
batch	8010	valid_loss	66905.5947266
batch	8040	valid_loss	66769.4619141
batch	8070	valid_loss	66779.659668
batch	8100	valid_loss	66734.6030273
batch	8130	valid_loss	66780.8608398
batch	8160	valid_loss	66722.8662109
batch	8190	valid_loss	66729.0981445
batch	8220	valid_loss	66677.4765625
batch	8250	valid_loss	66670.0605469
batch	8280	valid_loss	66626.9882812
batch	8310	valid_loss	66585.703125
batch	8340	valid_loss	66637.7270508
batch	8370	valid_loss	66628.8359375
batch	8400	valid_loss	66568.5634766
batch	8430	valid_loss	66526.2285156
batch	8460	valid_loss	66545.0825195
batch	8490	valid_loss	66508.7734375
batch	8520	valid_loss	66435.2490234
batch	8550	valid_loss	66422.3999023
batch	8580	valid_loss	66363.7788086
batch	8610	valid_loss	66423.0810547
batch	8640	valid_loss	66369.8696289
batch	8670	valid_loss	66365.6586914
batch	8700	valid_loss	66321.3583984
batch	8730	valid_loss	66345.4921875
batch	8760	valid_loss	66340.3666992
batch	8790	valid_loss	66297.3588867
batch	8820	valid_loss	66257.0322266
batch	8850	valid_loss	66294.7641602
batch	8880	valid_loss	66196.206543
batch	8910	valid_loss	66244.753418
batch	8940	valid_loss	66251.3369141
batch	8970	valid_loss	66140.5732422
batch	9000	valid_loss	66178.1469727
batch	9030	valid_loss	66200.7973633
batch	9060	valid_loss	66227.8413086
batch	9090	valid_loss	66113.7080078
batch	9120	valid_loss	66139.9946289
batch	9150	valid_loss	66099.4077148
batch	9180	valid_loss	66112.0605469
batch	9210	valid_loss	66131.0375977
batch	9240	valid_loss	66062.4858398
batch	9270	valid_loss	66041.2368164
batch	9300	valid_loss	66083.8168945
batch	9330	valid_loss	65999.8339844
batch	9360	valid_loss	66010.9658203
batch	9390	valid_loss	66014.1035156
batch	9420	valid_loss	66000.0668945
batch	9450	valid_loss	65972.0351562
batch	9480	valid_loss	66036.7246094
batch	9510	valid_loss	65944.0292969
batch	9540	valid_loss	65940.8598633
batch	9570	valid_loss	65918.784668
batch	9600	valid_loss	65912.2407227
batch	9630	valid_loss	65858.1533203
batch	9660	valid_loss	65872.3452148
batch	9690	valid_loss	65908.796875
batch	9720	valid_loss	65814.5117188
batch	9750	valid_loss	65900.8916016
batch	9780	valid_loss	65824.4985352
batch	9810	valid_loss	65776.9072266
batch	9840	valid_loss	65779.0039062
batch	9870	valid_loss	65715.0151367
batch	9900	valid_loss	65828.1621094
batch	9930	valid_loss	65861.2470703
batch	9960	valid_loss	65749.769043
batch	9990	valid_loss	65698.7587891
batch	10020	valid_loss	65694.4697266
batch	10050	valid_loss	65711.9379883
batch	10080	valid_loss	65607.3862305
batch	10110	valid_loss	65690.6625977
batch	10140	valid_loss	65614.9750977
batch	10170	valid_loss	65665.2788086
batch	10200	valid_loss	65568.5009766
batch	10230	valid_loss	65601.699707
batch	10260	valid_loss	65554.0810547
batch	10290	valid_loss	65528.0263672
batch	10320	valid_loss	65555.2568359
batch	10350	valid_loss	65471.7368164
batch	10380	valid_loss	65475.980957
batch	10410	valid_loss	65455.2441406
batch	10440	valid_loss	65391.9697266
batch	10470	valid_loss	65372.2207031
batch	10500	valid_loss	65373.2333984
batch	10530	valid_loss	65299.1879883
batch	10560	valid_loss	65342.4282227
batch	10590	valid_loss	65259.0952148
batch	10620	valid_loss	65345.9926758
batch	10650	valid_loss	65222.140625
batch	10680	valid_loss	65232.1318359
batch	10710	valid_loss	65181.0917969
batch	10740	valid_loss	65196.6518555
batch	10770	valid_loss	65132.8837891
batch	10800	valid_loss	65118.4038086
batch	10830	valid_loss	65081.1796875
batch	10860	valid_loss	65077.7397461
batch	10890	valid_loss	65015.1621094
batch	10920	valid_loss	65003.8774414
batch	10950	valid_loss	64986.9936523
batch	10980	valid_loss	64991.0610352
batch	11010	valid_loss	64960.6674805
batch	11040	valid_loss	64971.3300781
batch	11070	valid_loss	64879.0454102
batch	11100	valid_loss	64865.5698242
batch	11130	valid_loss	64831.4765625
batch	11160	valid_loss	64811.7675781
batch	11190	valid_loss	64772.3300781
batch	11220	valid_loss	64756.121582
batch	11250	valid_loss	64722.3144531
batch	11280	valid_loss	64657.8969727
batch	11310	valid_loss	64723.1171875
batch	11340	valid_loss	64634.5151367
batch	11370	valid_loss	64575.2099609
batch	11400	valid_loss	64563.4165039
batch	11430	valid_loss	64510.6787109
batch	11460	valid_loss	64569.0463867
batch	11490	valid_loss	64533.6499023
batch	11520	valid_loss	64433.065918
batch	11550	valid_loss	64392.9775391
batch	11580	valid_loss	64349.1757812
batch	11610	valid_loss	64343.9306641
batch	11640	valid_loss	64244.9306641
batch	11670	valid_loss	64305.637207
batch	11700	valid_loss	64183.1713867
batch	11730	valid_loss	64226.2900391
batch	11760	valid_loss	64079.5488281
batch	11790	valid_loss	64041.4287109
batch	11820	valid_loss	64008.4316406
batch	11850	valid_loss	63972.8823242
batch	11880	valid_loss	63931.215332
batch	11910	valid_loss	63823.5527344
batch	11940	valid_loss	63823.6875
batch	11970	valid_loss	63737.1704102
batch	12000	valid_loss	63677.6499023
batch	12030	valid_loss	63588.7016602
batch	12060	valid_loss	63566.715332
batch	12090	valid_loss	63502.1333008
batch	12120	valid_loss	63448.8300781
batch	12150	valid_loss	63340.6767578
batch	12180	valid_loss	63350.9858398
batch	12210	valid_loss	63204.8686523
batch	12240	valid_loss	63169.6948242
batch	12270	valid_loss	63109.4731445
batch	12300	valid_loss	63059.7719727
batch	12330	valid_loss	62949.9160156
batch	12360	valid_loss	62908.5820312
batch	12390	valid_loss	62800.9135742
batch	12420	valid_loss	62727.3203125
batch	12450	valid_loss	62674.3583984
batch	12480	valid_loss	62587.7392578
batch	12510	valid_loss	62516.8320312
batch	12540	valid_loss	62483.5712891
batch	12570	valid_loss	62432.203125
batch	12600	valid_loss	62358.8076172
batch	12630	valid_loss	62247.0151367
batch	12660	valid_loss	62173.3027344
batch	12690	valid_loss	62089.9013672
batch	12720	valid_loss	62020.4199219
batch	12750	valid_loss	61969.1230469
batch	12780	valid_loss	61907.7138672
batch	12810	valid_loss	61818.293457
batch	12840	valid_loss	61711.0375977
batch	12870	valid_loss	61733.2939453
batch	12900	valid_loss	61605.628418
batch	12930	valid_loss	61520.3349609
batch	12960	valid_loss	61458.1772461
batch	12990	valid_loss	61380.565918
batch	13020	valid_loss	61394.2041016
batch	13050	valid_loss	61308.7875977
batch	13080	valid_loss	61200.2573242
batch	13110	valid_loss	61112.5810547
batch	13140	valid_loss	61050.8735352
batch	13170	valid_loss	61004.9052734
batch	13200	valid_loss	60898.7045898
batch	13230	valid_loss	60904.0019531
batch	13260	valid_loss	60775.9345703
batch	13290	valid_loss	60755.2480469
batch	13320	valid_loss	60606.7016602
batch	13350	valid_loss	60558.4321289
batch	13380	valid_loss	60507.1225586
batch	13410	valid_loss	60459.4516602
batch	13440	valid_loss	60399.574707
batch	13470	valid_loss	60277.8969727
batch	13500	valid_loss	60273.5356445
batch	13530	valid_loss	60177.4599609
batch	13560	valid_loss	60101.8383789
batch	13590	valid_loss	60023.7631836
batch	13620	valid_loss	59989.2304688
batch	13650	valid_loss	59928.5629883
batch	13680	valid_loss	59842.7841797
batch	13710	valid_loss	59765.1308594
batch	13740	valid_loss	59772.4194336
batch	13770	valid_loss	59634.9179688
batch	13800	valid_loss	59592.0151367
batch	13830	valid_loss	59556.5019531
batch	13860	valid_loss	59495.7133789
batch	13890	valid_loss	59409.3051758
batch	13920	valid_loss	59365.7451172
batch	13950	valid_loss	59275.2324219
batch	13980	valid_loss	59215.859375
batch	14010	valid_loss	59178.1210938
batch	14040	valid_loss	59086.2260742
batch	14070	valid_loss	59032.3354492
batch	14100	valid_loss	59009.9868164
batch	14130	valid_loss	58934.4135742
batch	14160	valid_loss	58865.8637695
batch	14190	valid_loss	58803.0375977
batch	14220	valid_loss	58720.3706055
batch	14250	valid_loss	58639.2192383
batch	14280	valid_loss	58604.9711914
batch	14310	valid_loss	58557.5234375
batch	14340	valid_loss	58513.6074219
batch	14370	valid_loss	58425.5400391
batch	14400	valid_loss	58323.6674805
batch	14430	valid_loss	58364.7578125
batch	14460	valid_loss	58245.4057617
batch	14490	valid_loss	58168.0834961
batch	14520	valid_loss	58097.9985352
batch	14550	valid_loss	58054.262207
batch	14580	valid_loss	58058.7382812
batch	14610	valid_loss	57992.5634766
batch	14640	valid_loss	57886.8393555
batch	14670	valid_loss	57825.4892578
batch	14700	valid_loss	57789.050293
batch	14730	valid_loss	57724.980957
batch	14760	valid_loss	57630.5
batch	14790	valid_loss	57657.6850586
batch	14820	valid_loss	57528.6547852
batch	14850	valid_loss	57503.1474609
batch	14880	valid_loss	57399.0083008
batch	14910	valid_loss	57350.3178711
batch	14940	valid_loss	57317.7495117
batch	14970	valid_loss	57274.1176758
batch	15000	valid_loss	57226.3803711
batch	15030	valid_loss	57106.6533203
batch	15060	valid_loss	57094.269043
batch	15090	valid_loss	57045.7084961
batch	15120	valid_loss	56955.503418
batch	15150	valid_loss	56879.6572266
batch	15180	valid_loss	56865.5126953
batch	15210	valid_loss	56793.6220703
batch	15240	valid_loss	56746.7988281
batch	15270	valid_loss	56678.1918945
batch	15300	valid_loss	56672.6694336
batch	15330	valid_loss	56570.0449219
batch	15360	valid_loss	56523.0693359
batch	15390	valid_loss	56505.6708984
batch	15420	valid_loss	56425.887207
batch	15450	valid_loss	56364.2011719
batch	15480	valid_loss	56341.2827148
batch	15510	valid_loss	56262.2011719
batch	15540	valid_loss	56200.394043
batch	15570	valid_loss	56174.3613281
batch	15600	valid_loss	56098.3369141
batch	15630	valid_loss	56073.065918
batch	15660	valid_loss	56037.8886719
batch	15690	valid_loss	55957.4472656
batch	15720	valid_loss	55911.4189453
batch	15750	valid_loss	55856.7666016
batch	15780	valid_loss	55786.2583008
batch	15810	valid_loss	55730.6982422
batch	15840	valid_loss	55685.4980469
batch	15870	valid_loss	55650.0268555
batch	15900	valid_loss	55631.9140625
batch	15930	valid_loss	55539.4931641
batch	15960	valid_loss	55459.4692383
batch	15990	valid_loss	55497.328125
batch	16020	valid_loss	55416.8886719
batch	16050	valid_loss	55331.8554688
batch	16080	valid_loss	55283.265625
batch	16110	valid_loss	55245.9179688
batch	16140	valid_loss	55246.3447266
batch	16170	valid_loss	55190.1176758
batch	16200	valid_loss	55102.4624023
batch	16230	valid_loss	55068.1782227
batch	16260	valid_loss	55039.2558594
batch	16290	valid_loss	54981.4902344
batch	16320	valid_loss	54908.8579102
batch	16350	valid_loss	54934.0405273
batch	16380	valid_loss	54810.8930664
batch	16410	valid_loss	54824.8007812
batch	16440	valid_loss	54718.3496094
batch	16470	valid_loss	54688.1933594
batch	16500	valid_loss	54646.9833984
batch	16530	valid_loss	54619.5996094
batch	16560	valid_loss	54583.8383789
batch	16590	valid_loss	54486.4975586
batch	16620	valid_loss	54472.3930664
batch	16650	valid_loss	54454.7177734
batch	16680	valid_loss	54361.1865234
batch	16710	valid_loss	54295.6948242
batch	16740	valid_loss	54294.3032227
batch	16770	valid_loss	54240.7758789
batch	16800	valid_loss	54203.7128906
batch	16830	valid_loss	54147.4360352
batch	16860	valid_loss	54140.7290039
batch	16890	valid_loss	54061.144043
batch	16920	valid_loss	54034.2382812
batch	16950	valid_loss	54015.0356445
batch	16980	valid_loss	53963.8237305
batch	17010	valid_loss	53905.4414062
batch	17040	valid_loss	53877.0839844
batch	17070	valid_loss	53825.722168
batch	17100	valid_loss	53785.9941406
batch	17130	valid_loss	53747.1806641
batch	17160	valid_loss	53685.2646484
batch	17190	valid_loss	53689.0307617
batch	17220	valid_loss	53642.3530273
batch	17250	valid_loss	53582.6704102
batch	17280	valid_loss	53529.7578125
batch	17310	valid_loss	53486.440918
batch	17340	valid_loss	53437.246582
batch	17370	valid_loss	53388.5751953
batch	17400	valid_loss	53355.3837891
batch	17430	valid_loss	53328.2783203
batch	17460	valid_loss	53313.8745117
batch	17490	valid_loss	53232.0541992
batch	17520	valid_loss	53160.5766602
batch	17550	valid_loss	53184.9545898
batch	17580	valid_loss	53135.7397461
batch	17610	valid_loss	53060.8120117
batch	17640	valid_loss	53036.8198242
batch	17670	valid_loss	52995.8510742
batch	17700	valid_loss	52988.112793
batch	17730	valid_loss	52953.0102539
batch	17760	valid_loss	52865.7895508
batch	17790	valid_loss	52846.6748047
batch	17820	valid_loss	52828.2661133
batch	17850	valid_loss	52768.4682617
batch	17880	valid_loss	52724.7089844
batch	17910	valid_loss	52761.9194336
batch	17940	valid_loss	52637.7905273
batch	17970	valid_loss	52661.7304688
batch	18000	valid_loss	52562.3984375
batch	18030	valid_loss	52537.9750977
batch	18060	valid_loss	52491.496582
batch	18090	valid_loss	52487.9262695
batch	18120	valid_loss	52447.2353516
batch	18150	valid_loss	52374.5737305
batch	18180	valid_loss	52352.5913086
batch	18210	valid_loss	52354.9077148
batch	18240	valid_loss	52277.737793
batch	18270	valid_loss	52213.0483398
batch	18300	valid_loss	52201.1811523
batch	18330	valid_loss	52181.1708984
batch	18360	valid_loss	52126.0849609
batch	18390	valid_loss	52106.6704102
batch	18420	valid_loss	52096.4423828
batch	18450	valid_loss	52026.578125
batch	18480	valid_loss	52013.418457
batch	18510	valid_loss	51981.4804688
batch	18540	valid_loss	51930.8837891
batch	18570	valid_loss	51907.3139648
batch	18600	valid_loss	51878.378418
batch	18630	valid_loss	51833.8842773
batch	18660	valid_loss	51808.7094727
batch	18690	valid_loss	51778.7397461
batch	18720	valid_loss	51738.1958008
batch	18750	valid_loss	51755.6098633
batch	18780	valid_loss	51686.6464844
batch	18810	valid_loss	51641.9077148
batch	18840	valid_loss	51598.8398438
batch	18870	valid_loss	51566.7919922
batch	18900	valid_loss	51530.2490234
batch	18930	valid_loss	51495.8647461
batch	18960	valid_loss	51471.7734375
batch	18990	valid_loss	51449.8764648
batch	19020	valid_loss	51430.8842773
batch	19050	valid_loss	51378.1245117
batch	19080	valid_loss	51316.371582
batch	19110	valid_loss	51334.0981445
batch	19140	valid_loss	51316.5620117
batch	19170	valid_loss	51235.1577148
batch	19200	valid_loss	51215.7963867
batch	19230	valid_loss	51180.9467773
batch	19260	valid_loss	51175.8579102
batch	19290	valid_loss	51159.7592773
batch	19320	valid_loss	51087.2631836
batch	19350	valid_loss	51068.7519531
batch	19380	valid_loss	51073.5913086
batch	19410	valid_loss	51015.6381836
batch	19440	valid_loss	50979.0102539
batch	19470	valid_loss	51014.284668
batch	19500	valid_loss	50905.7792969
batch	19530	valid_loss	50942.3007812
batch	19560	valid_loss	50850.2832031
batch	19590	valid_loss	50825.3916016
batch	19620	valid_loss	50800.0751953
batch	19650	valid_loss	50801.4521484
batch	19680	valid_loss	50774.3823242
batch	19710	valid_loss	50712.6850586
batch	19740	valid_loss	50693.472168
batch	19770	valid_loss	50704.1279297
batch	19800	valid_loss	50643.1938477
batch	19830	valid_loss	50588.9755859
batch	19860	valid_loss	50574.3144531
batch	19890	valid_loss	50575.3129883
batch	19920	valid_loss	50528.5327148
batch	19950	valid_loss	50513.9155273
batch	19980	valid_loss	50494.5507812
batch	20010	valid_loss	50456.9501953
batch	20040	valid_loss	50445.7724609
batch	20070	valid_loss	50424.4199219
batch	20100	valid_loss	50367.9448242
batch	20130	valid_loss	50356.7055664
batch	20160	valid_loss	50348.8779297
batch	20190	valid_loss	50303.2993164
batch	20220	valid_loss	50290.4462891
batch	20250	valid_loss	50258.2602539
batch	20280	valid_loss	50231.5024414
batch	20310	valid_loss	50255.9140625
batch	20340	valid_loss	50179.7783203
batch	20370	valid_loss	50160.6240234
batch	20400	valid_loss	50121.9272461
batch	20430	valid_loss	50101.5610352
batch	20460	valid_loss	50064.8466797
batch	20490	valid_loss	50050.9057617
batch	20520	valid_loss	50028.2646484
batch	20550	valid_loss	50007.4711914
batch	20580	valid_loss	49996.3071289
batch	20610	valid_loss	49957.6767578
batch	20640	valid_loss	49911.5766602
batch	20670	valid_loss	49928.9287109
batch	20700	valid_loss	49923.7338867
batch	20730	valid_loss	49852.8574219
batch	20760	valid_loss	49830.4682617
batch	20790	valid_loss	49807.0185547
batch	20820	valid_loss	49806.4780273
batch	20850	valid_loss	49790.081543
batch	20880	valid_loss	49732.4667969
batch	20910	valid_loss	49714.3754883
batch	20940	valid_loss	49719.5351562
batch	20970	valid_loss	49686.2885742
batch	21000	valid_loss	49643.2822266
batch	21030	valid_loss	49678.1728516
batch	21060	valid_loss	49580.0751953
batch	21090	valid_loss	49629.4345703
batch	21120	valid_loss	49545.546875
batch	21150	valid_loss	49511.1787109
batch	21180	valid_loss	49503.3129883
batch	21210	valid_loss	49507.8867188
batch	21240	valid_loss	49474.2382812
batch	21270	valid_loss	49424.8574219
batch	21300	valid_loss	49419.8862305
batch	21330	valid_loss	49425.4423828
batch	21360	valid_loss	49379.1713867
batch	21390	valid_loss	49324.9907227
batch	21420	valid_loss	49320.6928711
batch	21450	valid_loss	49330.3964844
batch	21480	valid_loss	49290.8017578
batch	21510	valid_loss	49270.8540039
batch	21540	valid_loss	49254.3017578
batch	21570	valid_loss	49227.7519531
batch	21600	valid_loss	49210.3798828
batch	21630	valid_loss	49198.6533203
batch	21660	valid_loss	49146.2441406
batch	21690	valid_loss	49140.5424805
batch	21720	valid_loss	49139.7290039
batch	21750	valid_loss	49091.4208984
batch	21780	valid_loss	49086.2402344
batch	21810	valid_loss	49053.1533203
batch	21840	valid_loss	49038.0742188
batch	21870	valid_loss	49065.4990234
batch	21900	valid_loss	48993.5322266
batch	21930	valid_loss	48971.6176758
batch	21960	valid_loss	48939.6196289
batch	21990	valid_loss	48927.871582
batch	22020	valid_loss	48894.6083984
batch	22050	valid_loss	48891.8842773
batch	22080	valid_loss	48860.8383789
batch	22110	valid_loss	48853.1850586
batch	22140	valid_loss	48844.8720703
batch	22170	valid_loss	48800.3525391
batch	22200	valid_loss	48764.8276367
batch	22230	valid_loss	48790.1791992
batch	22260	valid_loss	48782.7646484
batch	22290	valid_loss	48720.2963867
batch	22320	valid_loss	48695.4892578
batch	22350	valid_loss	48679.296875
batch	22380	valid_loss	48688.2075195
batch	22410	valid_loss	48666.1733398
batch	22440	valid_loss	48619.3330078
batch	22470	valid_loss	48604.6040039
batch	22500	valid_loss	48599.5048828
batch	22530	valid_loss	48581.7954102
batch	22560	valid_loss	48543.9428711
batch	22590	valid_loss	48574.8681641
batch	22620	valid_loss	48486.9301758
batch	22650	valid_loss	48535.7900391
batch	22680	valid_loss	48458.6005859
batch	22710	valid_loss	48417.9047852
batch	22740	valid_loss	48426.5405273
batch	22770	valid_loss	48428.4335938
batch	22800	valid_loss	48396.0908203
batch	22830	valid_loss	48352.512207
batch	22860	valid_loss	48348.2548828
batch	22890	valid_loss	48349.2792969
batch	22920	valid_loss	48314.1518555
batch	22950	valid_loss	48264.7246094
batch	22980	valid_loss	48271.8344727
batch	23010	valid_loss	48277.8725586
batch	23040	valid_loss	48242.7807617
batch	23070	valid_loss	48225.8242188
batch	23100	valid_loss	48208.0102539
batch	23130	valid_loss	48175.1875
batch	23160	valid_loss	48174.3383789
batch	23190	valid_loss	48156.0966797
batch	23220	valid_loss	48115.7397461
batch	23250	valid_loss	48115.8881836
batch	23280	valid_loss	48115.3930664
batch	23310	valid_loss	48068.3461914
batch	23340	valid_loss	48064.9941406
batch	23370	valid_loss	48036.3681641
batch	23400	valid_loss	48022.3149414
batch	23430	valid_loss	48050.5834961
batch	23460	valid_loss	47983.7490234
batch	23490	valid_loss	47963.4472656
batch	23520	valid_loss	47944.2641602
batch	23550	valid_loss	47927.2973633
batch	23580	valid_loss	47898.8432617
batch	23610	valid_loss	47899.09375
batch	23640	valid_loss	47864.2368164
batch	23670	valid_loss	47870.5996094
batch	23700	valid_loss	47865.0361328
batch	23730	valid_loss	47811.6577148
batch	23760	valid_loss	47790.2514648
batch	23790	valid_loss	47808.0253906
batch	23820	valid_loss	47804.6337891
batch	23850	valid_loss	47742.0126953
batch	23880	valid_loss	47722.1538086
batch	23910	valid_loss	47706.5566406
batch	23940	valid_loss	47724.4360352
batch	23970	valid_loss	47698.4477539
batch	24000	valid_loss	47662.1801758
batch	24030	valid_loss	47655.109375
batch	24060	valid_loss	47640.5297852
batch	24090	valid_loss	47629.1347656
batch	24120	valid_loss	47594.5478516
batch	24150	valid_loss	47626.0600586
batch	24180	valid_loss	47548.1357422
batch	24210	valid_loss	47590.6035156
batch	24240	valid_loss	47521.2177734
batch	24270	valid_loss	47476.0527344
batch	24300	valid_loss	47498.2392578
batch	24330	valid_loss	47498.4550781
batch	24360	valid_loss	47471.6904297
batch	24390	valid_loss	47424.8422852
batch	24420	valid_loss	47426.9257812
batch	24450	valid_loss	47419.9897461
batch	24480	valid_loss	47394.3608398
batch	24510	valid_loss	47342.2402344
batch	24540	valid_loss	47363.0478516
batch	24570	valid_loss	47362.6630859
batch	24600	valid_loss	47330.4628906
batch	24630	valid_loss	47322.3173828
batch	24660	valid_loss	47298.8266602
batch	24690	valid_loss	47262.2919922
batch	24720	valid_loss	47272.4370117
batch	24750	valid_loss	47255.1811523
batch	24780	valid_loss	47225.4575195
batch	24810	valid_loss	47225.6142578
batch	24840	valid_loss	47228.25
batch	24870	valid_loss	47181.3261719
batch	24900	valid_loss	47168.7895508
batch	24930	valid_loss	47153.9619141
batch	24960	valid_loss	47135.5605469
batch	24990	valid_loss	47158.1381836
STOP
