len	weigths...->
6	190	300	160	300	190	380
6	190	250	160	250	190	380
4	180	160	180	380
2	160	380
6	230	220	160	220	230	380
4	230	160	230	380
6	240	290	160	290	240	380
2	160	380
4	360	160	360	380
4	180	160	180	380
6	300	240	160	240	300	380
6	300	190	160	190	300	380
6	200	380	160	380	200	380
4	320	160	320	380
6	280	220	160	220	280	380
6	320	350	160	350	320	380
4	260	160	260	380
6	310	280	160	280	310	380
2	160	380
2	160	380
4	200	160	200	380
2	160	380
2	160	380
4	320	160	320	380
2	160	380
6	370	300	160	300	370	380
2	160	380
6	220	270	160	270	220	380
2	160	380
2	160	380
4	370	160	370	380
2	160	380
4	330	160	330	380
6	310	220	160	220	310	380
2	160	380
6	200	290	160	290	200	380
2	160	380
4	260	160	260	380
2	160	380
4	370	160	370	380
