START
config	460	20	460	960
batch	0	valid_loss	7053250.8125
batch	30	valid_loss	208069.017578
batch	60	valid_loss	104672.454102
batch	90	valid_loss	100125.212891
batch	120	valid_loss	99885.6972656
batch	150	valid_loss	99881.1845703
batch	180	valid_loss	99793.1298828
batch	210	valid_loss	99810.8681641
batch	240	valid_loss	99683.4541016
batch	270	valid_loss	99535.8056641
batch	300	valid_loss	99273.1123047
batch	330	valid_loss	98770.5673828
batch	360	valid_loss	98012.8769531
batch	390	valid_loss	96820.9238281
batch	420	valid_loss	95418.6816406
batch	450	valid_loss	93946.9599609
batch	480	valid_loss	92785.793457
batch	510	valid_loss	92038.7695312
batch	540	valid_loss	91590.8833008
batch	570	valid_loss	91174.3701172
batch	600	valid_loss	90811.9433594
batch	630	valid_loss	90503.5078125
batch	660	valid_loss	90264.2329102
batch	690	valid_loss	89934.4775391
batch	720	valid_loss	89605.1777344
batch	750	valid_loss	89250.2358398
batch	780	valid_loss	88965.359375
batch	810	valid_loss	88491.4169922
batch	840	valid_loss	88051.956543
batch	870	valid_loss	87568.8178711
batch	900	valid_loss	87026.9736328
batch	930	valid_loss	86470.3276367
batch	960	valid_loss	85916.9194336
batch	990	valid_loss	85543.1103516
batch	1020	valid_loss	84932.8032227
batch	1050	valid_loss	84478.8554688
batch	1080	valid_loss	83943.0742188
batch	1110	valid_loss	83494.3925781
batch	1140	valid_loss	83074.7626953
batch	1170	valid_loss	82573.2114258
batch	1200	valid_loss	82172.4301758
batch	1230	valid_loss	81815.8510742
batch	1260	valid_loss	81305.4707031
batch	1290	valid_loss	80990.2436523
batch	1320	valid_loss	80505.4121094
batch	1350	valid_loss	80039.0327148
batch	1380	valid_loss	79660.7441406
batch	1410	valid_loss	79523.7197266
batch	1440	valid_loss	79008.6323242
batch	1470	valid_loss	78731.1391602
batch	1500	valid_loss	78351.9941406
batch	1530	valid_loss	78034.6958008
batch	1560	valid_loss	77694.8398438
batch	1590	valid_loss	77476.4072266
batch	1620	valid_loss	77230.1083984
batch	1650	valid_loss	76816.8520508
batch	1680	valid_loss	76452.2753906
batch	1710	valid_loss	76283.2636719
batch	1740	valid_loss	75980.1728516
batch	1770	valid_loss	75732.4487305
batch	1800	valid_loss	75528.8867188
batch	1830	valid_loss	75263.8017578
batch	1860	valid_loss	75008.2753906
batch	1890	valid_loss	74791.4912109
batch	1920	valid_loss	74452.875
batch	1950	valid_loss	74296.7768555
batch	1980	valid_loss	74009.5483398
batch	2010	valid_loss	73663.4277344
batch	2040	valid_loss	73399.3945312
batch	2070	valid_loss	73372.0136719
batch	2100	valid_loss	73133.2250977
batch	2130	valid_loss	73018.8955078
batch	2160	valid_loss	72795.0043945
batch	2190	valid_loss	72531.3349609
batch	2220	valid_loss	72431.1328125
batch	2250	valid_loss	72413.9555664
batch	2280	valid_loss	71992.3505859
batch	2310	valid_loss	71910.0258789
batch	2340	valid_loss	71785.9262695
batch	2370	valid_loss	71610.6074219
batch	2400	valid_loss	71452.1455078
batch	2430	valid_loss	71450.0947266
batch	2460	valid_loss	71201.6650391
batch	2490	valid_loss	71154.8999023
batch	2520	valid_loss	70956.9775391
batch	2550	valid_loss	70901.0615234
batch	2580	valid_loss	70766.2490234
batch	2610	valid_loss	70554.4941406
batch	2640	valid_loss	70479.3334961
batch	2670	valid_loss	70337.0625
batch	2700	valid_loss	70272.4741211
batch	2730	valid_loss	70125.1069336
batch	2760	valid_loss	70209.3945312
batch	2790	valid_loss	70183.425293
batch	2820	valid_loss	70092.5722656
batch	2850	valid_loss	70001.8115234
batch	2880	valid_loss	69858.9013672
batch	2910	valid_loss	69690.9199219
batch	2940	valid_loss	69595.8374023
batch	2970	valid_loss	69696.6015625
batch	3000	valid_loss	69654.1879883
batch	3030	valid_loss	69593.590332
batch	3060	valid_loss	69675.121582
batch	3090	valid_loss	69367.9594727
batch	3120	valid_loss	69520.8393555
batch	3150	valid_loss	69391.6245117
batch	3180	valid_loss	69483.0317383
batch	3210	valid_loss	69277.2128906
batch	3240	valid_loss	69221.8413086
batch	3270	valid_loss	69350.7841797
batch	3300	valid_loss	69301.6245117
batch	3330	valid_loss	69229.3071289
batch	3360	valid_loss	69253.4360352
batch	3390	valid_loss	69280.7397461
batch	3420	valid_loss	69255.8950195
batch	3450	valid_loss	69279.8818359
batch	3480	valid_loss	69236.6240234
batch	3510	valid_loss	69228.2719727
batch	3540	valid_loss	69085.1699219
batch	3570	valid_loss	69066.1430664
batch	3600	valid_loss	69033.0546875
batch	3630	valid_loss	68998.1992188
batch	3660	valid_loss	69121.1523438
batch	3690	valid_loss	69154.6137695
batch	3720	valid_loss	69026.1357422
batch	3750	valid_loss	68950.5644531
batch	3780	valid_loss	68996.1547852
batch	3810	valid_loss	69001.6567383
batch	3840	valid_loss	68866.9707031
batch	3870	valid_loss	68952.6860352
batch	3900	valid_loss	68958.175293
batch	3930	valid_loss	68852.1513672
batch	3960	valid_loss	68838.7988281
batch	3990	valid_loss	68974.0761719
batch	4020	valid_loss	68842.487793
batch	4050	valid_loss	68918.6113281
batch	4080	valid_loss	68825.6870117
batch	4110	valid_loss	68946.9091797
batch	4140	valid_loss	68837.1152344
batch	4170	valid_loss	68756.1396484
batch	4200	valid_loss	68816.3251953
batch	4230	valid_loss	68738.5512695
batch	4260	valid_loss	68730.3735352
batch	4290	valid_loss	68674.4038086
batch	4320	valid_loss	68802.5102539
batch	4350	valid_loss	68965.4521484
batch	4380	valid_loss	68858.4428711
batch	4410	valid_loss	68843.0952148
batch	4440	valid_loss	68739.5507812
batch	4470	valid_loss	68660.1337891
batch	4500	valid_loss	68581.7861328
batch	4530	valid_loss	68735.4941406
batch	4560	valid_loss	68770.6030273
batch	4590	valid_loss	68659.5703125
batch	4620	valid_loss	68719.8134766
batch	4650	valid_loss	68626.2436523
batch	4680	valid_loss	68693.9282227
batch	4710	valid_loss	68617.0498047
batch	4740	valid_loss	68671.5097656
batch	4770	valid_loss	68528.0722656
batch	4800	valid_loss	68518.8154297
batch	4830	valid_loss	68667.4394531
batch	4860	valid_loss	68584.3076172
batch	4890	valid_loss	68584.8911133
batch	4920	valid_loss	68576.2490234
batch	4950	valid_loss	68700.6962891
batch	4980	valid_loss	68676.6000977
batch	5010	valid_loss	68616.6689453
batch	5040	valid_loss	68589.9926758
batch	5070	valid_loss	68620.9609375
batch	5100	valid_loss	68457.3349609
batch	5130	valid_loss	68581.9482422
batch	5160	valid_loss	68457.7871094
batch	5190	valid_loss	68599.2001953
batch	5220	valid_loss	68605.8549805
batch	5250	valid_loss	68543.2661133
batch	5280	valid_loss	68592.6494141
batch	5310	valid_loss	68495.0712891
batch	5340	valid_loss	68563.4580078
batch	5370	valid_loss	68520.7338867
batch	5400	valid_loss	68345.5571289
batch	5430	valid_loss	68518.503418
batch	5460	valid_loss	68487.4311523
batch	5490	valid_loss	68509.2763672
batch	5520	valid_loss	68444.9985352
batch	5550	valid_loss	68502.25
batch	5580	valid_loss	68489.3139648
batch	5610	valid_loss	68464.0214844
batch	5640	valid_loss	68375.7895508
batch	5670	valid_loss	68457.5942383
batch	5700	valid_loss	68369.8374023
batch	5730	valid_loss	68502.0195312
batch	5760	valid_loss	68469.3969727
batch	5790	valid_loss	68332.8891602
batch	5820	valid_loss	68397.2280273
batch	5850	valid_loss	68321.3359375
batch	5880	valid_loss	68471.3691406
batch	5910	valid_loss	68496.9697266
batch	5940	valid_loss	68395.6152344
batch	5970	valid_loss	68372.3032227
batch	6000	valid_loss	68329.6689453
batch	6030	valid_loss	68368.262207
batch	6060	valid_loss	68230.3349609
batch	6090	valid_loss	68280.1669922
batch	6120	valid_loss	68381.112793
batch	6150	valid_loss	68275.5058594
batch	6180	valid_loss	68374.0219727
batch	6210	valid_loss	68482.6069336
batch	6240	valid_loss	68319.7788086
batch	6270	valid_loss	68312.8081055
batch	6300	valid_loss	68292.1259766
batch	6330	valid_loss	68206.1328125
batch	6360	valid_loss	68208.5776367
batch	6390	valid_loss	68201.3076172
batch	6420	valid_loss	68302.3481445
batch	6450	valid_loss	68208.2612305
batch	6480	valid_loss	68251.1044922
batch	6510	valid_loss	68241.2192383
batch	6540	valid_loss	68308.2895508
batch	6570	valid_loss	68287.2133789
batch	6600	valid_loss	68179.8994141
batch	6630	valid_loss	68228.7832031
batch	6660	valid_loss	68252.4702148
batch	6690	valid_loss	68245.652832
batch	6720	valid_loss	68179.1523438
batch	6750	valid_loss	68182.4633789
batch	6780	valid_loss	68188.050293
batch	6810	valid_loss	68196.8706055
batch	6840	valid_loss	68253.3334961
batch	6870	valid_loss	68115.9150391
batch	6900	valid_loss	68173.5688477
batch	6930	valid_loss	68190.6542969
batch	6960	valid_loss	68121.2197266
batch	6990	valid_loss	68090.0761719
batch	7020	valid_loss	68049.0820312
batch	7050	valid_loss	68129.824707
batch	7080	valid_loss	68087.7919922
batch	7110	valid_loss	68180.2919922
batch	7140	valid_loss	68147.6533203
batch	7170	valid_loss	68108.2275391
batch	7200	valid_loss	68069.4521484
batch	7230	valid_loss	68138.3964844
batch	7260	valid_loss	67987.4960938
batch	7290	valid_loss	68089.8833008
batch	7320	valid_loss	67946.0507812
batch	7350	valid_loss	68046.4980469
batch	7380	valid_loss	68035.3837891
batch	7410	valid_loss	67994.2939453
batch	7440	valid_loss	68068.1064453
batch	7470	valid_loss	68033.7294922
batch	7500	valid_loss	67992.5820312
batch	7530	valid_loss	67964.1694336
batch	7560	valid_loss	68033.5112305
batch	7590	valid_loss	67933.6464844
batch	7620	valid_loss	67903.4487305
batch	7650	valid_loss	67983.2607422
batch	7680	valid_loss	67909.7177734
batch	7710	valid_loss	68011.9013672
batch	7740	valid_loss	68008.1254883
batch	7770	valid_loss	67977.703125
batch	7800	valid_loss	67835.2739258
batch	7830	valid_loss	67861.0136719
batch	7860	valid_loss	67926.0058594
batch	7890	valid_loss	67825.5449219
batch	7920	valid_loss	67830.3261719
batch	7950	valid_loss	67806.5766602
batch	7980	valid_loss	67897.0439453
batch	8010	valid_loss	67830.0849609
batch	8040	valid_loss	67756.3637695
batch	8070	valid_loss	67769.1821289
batch	8100	valid_loss	67729.3364258
batch	8130	valid_loss	67761.152832
batch	8160	valid_loss	67702.2802734
batch	8190	valid_loss	67716.0327148
batch	8220	valid_loss	67638.6074219
batch	8250	valid_loss	67688.8632812
batch	8280	valid_loss	67609.5761719
batch	8310	valid_loss	67606.2680664
batch	8340	valid_loss	67622.3017578
batch	8370	valid_loss	67647.0800781
batch	8400	valid_loss	67608.1137695
batch	8430	valid_loss	67528.3950195
batch	8460	valid_loss	67503.6152344
batch	8490	valid_loss	67467.2783203
batch	8520	valid_loss	67413.1049805
batch	8550	valid_loss	67411.6220703
batch	8580	valid_loss	67315.3398438
batch	8610	valid_loss	67319.9272461
batch	8640	valid_loss	67348.7299805
batch	8670	valid_loss	67288.7822266
batch	8700	valid_loss	67249.6147461
batch	8730	valid_loss	67241.7045898
batch	8760	valid_loss	67204.4545898
batch	8790	valid_loss	67160.9379883
batch	8820	valid_loss	67110.9262695
batch	8850	valid_loss	67166.1796875
batch	8880	valid_loss	67055.387207
batch	8910	valid_loss	67129.4506836
batch	8940	valid_loss	67051.5273438
batch	8970	valid_loss	66974.4614258
batch	9000	valid_loss	66971.425293
batch	9030	valid_loss	66997.456543
batch	9060	valid_loss	66947.4067383
batch	9090	valid_loss	66855.0297852
batch	9120	valid_loss	66861.3989258
batch	9150	valid_loss	66804.3583984
batch	9180	valid_loss	66809.2324219
batch	9210	valid_loss	66820.4086914
batch	9240	valid_loss	66706.7285156
batch	9270	valid_loss	66709.5625
batch	9300	valid_loss	66722.4526367
batch	9330	valid_loss	66642.6025391
batch	9360	valid_loss	66591.5727539
batch	9390	valid_loss	66598.6582031
batch	9420	valid_loss	66593.4746094
batch	9450	valid_loss	66494.4682617
batch	9480	valid_loss	66554.4023438
batch	9510	valid_loss	66463.8232422
batch	9540	valid_loss	66450.4482422
batch	9570	valid_loss	66404.190918
batch	9600	valid_loss	66347.7158203
batch	9630	valid_loss	66325.2807617
batch	9660	valid_loss	66273.5551758
batch	9690	valid_loss	66341.2392578
batch	9720	valid_loss	66205.6616211
batch	9750	valid_loss	66251.7495117
batch	9780	valid_loss	66175.3007812
batch	9810	valid_loss	66118.2216797
batch	9840	valid_loss	66102.371582
batch	9870	valid_loss	66021.4370117
batch	9900	valid_loss	66139.9584961
batch	9930	valid_loss	66070.9672852
batch	9960	valid_loss	65990.7324219
batch	9990	valid_loss	65919.9555664
batch	10020	valid_loss	65887.9912109
batch	10050	valid_loss	65868.3676758
batch	10080	valid_loss	65778.0776367
batch	10110	valid_loss	65770.2265625
batch	10140	valid_loss	65669.6787109
batch	10170	valid_loss	65714.3510742
batch	10200	valid_loss	65596.9765625
batch	10230	valid_loss	65619.2236328
batch	10260	valid_loss	65508.3891602
batch	10290	valid_loss	65477.4667969
batch	10320	valid_loss	65448.4912109
batch	10350	valid_loss	65353.5883789
batch	10380	valid_loss	65297.1416016
batch	10410	valid_loss	65262.9580078
batch	10440	valid_loss	65145.9936523
batch	10470	valid_loss	65133.5717773
batch	10500	valid_loss	65059.5932617
batch	10530	valid_loss	64943.0488281
batch	10560	valid_loss	64908.4550781
batch	10590	valid_loss	64845.5717773
batch	10620	valid_loss	64858.2602539
batch	10650	valid_loss	64692.8979492
batch	10680	valid_loss	64665.0273438
batch	10710	valid_loss	64587.8193359
batch	10740	valid_loss	64524.4458008
batch	10770	valid_loss	64457.918457
batch	10800	valid_loss	64343.8168945
batch	10830	valid_loss	64262.4575195
batch	10860	valid_loss	64235.4799805
batch	10890	valid_loss	64091.3344727
batch	10920	valid_loss	64053.609375
batch	10950	valid_loss	63962.059082
batch	10980	valid_loss	63920.9692383
batch	11010	valid_loss	63859.4125977
batch	11040	valid_loss	63804.5786133
batch	11070	valid_loss	63621.3320312
batch	11100	valid_loss	63581.5170898
batch	11130	valid_loss	63488.199707
batch	11160	valid_loss	63417.1567383
batch	11190	valid_loss	63281.4785156
batch	11220	valid_loss	63218.5058594
batch	11250	valid_loss	63167.8496094
batch	11280	valid_loss	63033.7919922
batch	11310	valid_loss	63064.0195312
batch	11340	valid_loss	62973.3691406
batch	11370	valid_loss	62778.7548828
batch	11400	valid_loss	62744.1269531
batch	11430	valid_loss	62649.9389648
batch	11460	valid_loss	62671.6640625
batch	11490	valid_loss	62608.1040039
batch	11520	valid_loss	62476.2329102
batch	11550	valid_loss	62363.4584961
batch	11580	valid_loss	62318.0410156
batch	11610	valid_loss	62270.2553711
batch	11640	valid_loss	62133.9946289
batch	11670	valid_loss	62151.5268555
batch	11700	valid_loss	62009.375
batch	11730	valid_loss	61991.4921875
batch	11760	valid_loss	61862.9882812
batch	11790	valid_loss	61828.5239258
batch	11820	valid_loss	61732.1650391
batch	11850	valid_loss	61660.1884766
batch	11880	valid_loss	61621.3808594
batch	11910	valid_loss	61519.9487305
batch	11940	valid_loss	61441.7792969
batch	11970	valid_loss	61381.3891602
batch	12000	valid_loss	61271.3544922
batch	12030	valid_loss	61211.2275391
batch	12060	valid_loss	61173.6396484
batch	12090	valid_loss	61057.6137695
batch	12120	valid_loss	60994.1645508
batch	12150	valid_loss	60921.4423828
batch	12180	valid_loss	60928.0634766
batch	12210	valid_loss	60757.1186523
batch	12240	valid_loss	60728.7880859
batch	12270	valid_loss	60644.6445312
batch	12300	valid_loss	60598.3100586
batch	12330	valid_loss	60514.5771484
batch	12360	valid_loss	60425.3696289
batch	12390	valid_loss	60353.4223633
batch	12420	valid_loss	60292.300293
batch	12450	valid_loss	60170.6445312
batch	12480	valid_loss	60120.5400391
batch	12510	valid_loss	60056.5449219
batch	12540	valid_loss	60025.7832031
batch	12570	valid_loss	59931.3774414
batch	12600	valid_loss	59909.3393555
batch	12630	valid_loss	59750.4711914
batch	12660	valid_loss	59692.2592773
batch	12690	valid_loss	59604.8828125
batch	12720	valid_loss	59545.5751953
batch	12750	valid_loss	59441.1728516
batch	12780	valid_loss	59374.1430664
batch	12810	valid_loss	59304.8930664
batch	12840	valid_loss	59194.8676758
batch	12870	valid_loss	59229.8286133
batch	12900	valid_loss	59103.6616211
batch	12930	valid_loss	58963.1567383
batch	12960	valid_loss	58927.5341797
batch	12990	valid_loss	58833.6162109
batch	13020	valid_loss	58840.5600586
batch	13050	valid_loss	58727.7104492
batch	13080	valid_loss	58626.9208984
batch	13110	valid_loss	58557.9555664
batch	13140	valid_loss	58522.4355469
batch	13170	valid_loss	58449.7416992
batch	13200	valid_loss	58303.706543
batch	13230	valid_loss	58328.3041992
batch	13260	valid_loss	58200.2114258
batch	13290	valid_loss	58195.0947266
batch	13320	valid_loss	58079.8417969
batch	13350	valid_loss	57999.7832031
batch	13380	valid_loss	57932.331543
batch	13410	valid_loss	57885.5717773
batch	13440	valid_loss	57826.0078125
batch	13470	valid_loss	57730.3686523
batch	13500	valid_loss	57665.3862305
batch	13530	valid_loss	57607.2211914
batch	13560	valid_loss	57511.0014648
batch	13590	valid_loss	57445.8334961
batch	13620	valid_loss	57410.4550781
batch	13650	valid_loss	57315.3520508
batch	13680	valid_loss	57246.5410156
batch	13710	valid_loss	57181.4174805
batch	13740	valid_loss	57175.4667969
batch	13770	valid_loss	57036.0844727
batch	13800	valid_loss	57008.9272461
batch	13830	valid_loss	56940.8706055
batch	13860	valid_loss	56909.152832
batch	13890	valid_loss	56843.9414062
batch	13920	valid_loss	56752.8330078
batch	13950	valid_loss	56695.1650391
batch	13980	valid_loss	56620.230957
batch	14010	valid_loss	56538.3945312
batch	14040	valid_loss	56492.0195312
batch	14070	valid_loss	56447.0561523
batch	14100	valid_loss	56409.0737305
batch	14130	valid_loss	56326.3188477
batch	14160	valid_loss	56275.121582
batch	14190	valid_loss	56171.375
batch	14220	valid_loss	56128.1904297
batch	14250	valid_loss	56074.1743164
batch	14280	valid_loss	56028.0341797
batch	14310	valid_loss	55940.5727539
batch	14340	valid_loss	55900.8769531
batch	14370	valid_loss	55814.5170898
batch	14400	valid_loss	55709.1108398
batch	14430	valid_loss	55762.9902344
batch	14460	valid_loss	55668.7470703
batch	14490	valid_loss	55566.5117188
batch	14520	valid_loss	55517.6499023
batch	14550	valid_loss	55437.8837891
batch	14580	valid_loss	55462.9716797
batch	14610	valid_loss	55352.3374023
batch	14640	valid_loss	55297.6035156
batch	14670	valid_loss	55210.1391602
batch	14700	valid_loss	55194.3051758
batch	14730	valid_loss	55131.3642578
batch	14760	valid_loss	55027.7451172
batch	14790	valid_loss	55035.3808594
batch	14820	valid_loss	54932.1137695
batch	14850	valid_loss	54929.7753906
batch	14880	valid_loss	54836.2910156
batch	14910	valid_loss	54753.2832031
batch	14940	valid_loss	54741.8945312
batch	14970	valid_loss	54682.9047852
batch	15000	valid_loss	54630.1767578
batch	15030	valid_loss	54535.4350586
batch	15060	valid_loss	54515.3549805
batch	15090	valid_loss	54477.0654297
batch	15120	valid_loss	54403.7524414
batch	15150	valid_loss	54304.6625977
batch	15180	valid_loss	54311.1601562
batch	15210	valid_loss	54221.8256836
batch	15240	valid_loss	54167.6416016
batch	15270	valid_loss	54118.253418
batch	15300	valid_loss	54107.078125
batch	15330	valid_loss	53993.1162109
batch	15360	valid_loss	53989.7753906
batch	15390	valid_loss	53932.9501953
batch	15420	valid_loss	53914.3730469
batch	15450	valid_loss	53852.1572266
batch	15480	valid_loss	53757.3383789
batch	15510	valid_loss	53743.1113281
batch	15540	valid_loss	53681.9511719
batch	15570	valid_loss	53596.6113281
batch	15600	valid_loss	53571.7485352
batch	15630	valid_loss	53528.3950195
batch	15660	valid_loss	53490.8193359
batch	15690	valid_loss	53449.1816406
batch	15720	valid_loss	53413.0004883
batch	15750	valid_loss	53366.3198242
batch	15780	valid_loss	53291.0795898
batch	15810	valid_loss	53240.2407227
batch	15840	valid_loss	53197.5302734
batch	15870	valid_loss	53156.296875
batch	15900	valid_loss	53122.3901367
batch	15930	valid_loss	53046.0844727
batch	15960	valid_loss	52979.090332
batch	15990	valid_loss	53026.2099609
batch	16020	valid_loss	52969.2578125
batch	16050	valid_loss	52884.7392578
batch	16080	valid_loss	52832.5107422
batch	16110	valid_loss	52779.565918
batch	16140	valid_loss	52802.5200195
batch	16170	valid_loss	52715.4814453
batch	16200	valid_loss	52688.1767578
batch	16230	valid_loss	52622.8828125
batch	16260	valid_loss	52614.1020508
batch	16290	valid_loss	52587.4057617
batch	16320	valid_loss	52482.3442383
batch	16350	valid_loss	52539.8056641
batch	16380	valid_loss	52432.4775391
batch	16410	valid_loss	52451.0517578
batch	16440	valid_loss	52362.6635742
batch	16470	valid_loss	52288.7167969
batch	16500	valid_loss	52302.8720703
batch	16530	valid_loss	52276.6474609
batch	16560	valid_loss	52219.0283203
batch	16590	valid_loss	52134.5566406
batch	16620	valid_loss	52158.8574219
batch	16650	valid_loss	52100.5947266
batch	16680	valid_loss	52049.6904297
batch	16710	valid_loss	51996.0664062
batch	16740	valid_loss	51971.84375
batch	16770	valid_loss	51939.3623047
batch	16800	valid_loss	51894.9975586
batch	16830	valid_loss	51875.5327148
batch	16860	valid_loss	51872.140625
batch	16890	valid_loss	51771.4165039
batch	16920	valid_loss	51778.7895508
batch	16950	valid_loss	51733.0473633
batch	16980	valid_loss	51720.1025391
batch	17010	valid_loss	51672.7641602
batch	17040	valid_loss	51608.9350586
batch	17070	valid_loss	51583.8291016
batch	17100	valid_loss	51561.4057617
batch	17130	valid_loss	51501.9980469
batch	17160	valid_loss	51485.7397461
batch	17190	valid_loss	51446.972168
batch	17220	valid_loss	51415.5102539
batch	17250	valid_loss	51379.2314453
batch	17280	valid_loss	51338.0825195
batch	17310	valid_loss	51297.0732422
batch	17340	valid_loss	51253.9873047
batch	17370	valid_loss	51217.7099609
batch	17400	valid_loss	51196.2089844
batch	17430	valid_loss	51182.9116211
batch	17460	valid_loss	51137.6147461
batch	17490	valid_loss	51064.4267578
batch	17520	valid_loss	51011.1791992
batch	17550	valid_loss	51075.2612305
batch	17580	valid_loss	51036.2719727
batch	17610	valid_loss	50957.7924805
batch	17640	valid_loss	50910.5991211
batch	17670	valid_loss	50856.2060547
batch	17700	valid_loss	50889.5395508
batch	17730	valid_loss	50826.6157227
batch	17760	valid_loss	50798.1923828
batch	17790	valid_loss	50737.0620117
batch	17820	valid_loss	50746.8276367
batch	17850	valid_loss	50720.0581055
batch	17880	valid_loss	50630.6835938
batch	17910	valid_loss	50691.8022461
batch	17940	valid_loss	50591.1293945
batch	17970	valid_loss	50591.5332031
batch	18000	valid_loss	50529.6098633
batch	18030	valid_loss	50469.1147461
batch	18060	valid_loss	50475.1733398
batch	18090	valid_loss	50442.8706055
batch	18120	valid_loss	50411.7661133
batch	18150	valid_loss	50348.3945312
batch	18180	valid_loss	50356.628418
batch	18210	valid_loss	50305.2368164
batch	18240	valid_loss	50268.0742188
batch	18270	valid_loss	50216.921875
batch	18300	valid_loss	50206.0698242
batch	18330	valid_loss	50175.0419922
batch	18360	valid_loss	50131.4829102
batch	18390	valid_loss	50110.3398438
batch	18420	valid_loss	50110.2294922
batch	18450	valid_loss	50022.4560547
batch	18480	valid_loss	50031.4438477
batch	18510	valid_loss	49989.7670898
batch	18540	valid_loss	49976.9550781
batch	18570	valid_loss	49931.4746094
batch	18600	valid_loss	49888.6689453
batch	18630	valid_loss	49870.4257812
batch	18660	valid_loss	49836.4838867
batch	18690	valid_loss	49802.9677734
batch	18720	valid_loss	49775.4165039
batch	18750	valid_loss	49741.1455078
batch	18780	valid_loss	49710.8720703
batch	18810	valid_loss	49676.3022461
batch	18840	valid_loss	49651.5463867
batch	18870	valid_loss	49606.2768555
batch	18900	valid_loss	49571.262207
batch	18930	valid_loss	49547.9199219
batch	18960	valid_loss	49523.2001953
batch	18990	valid_loss	49516.1943359
batch	19020	valid_loss	49471.1538086
batch	19050	valid_loss	49398.9125977
batch	19080	valid_loss	49345.6445312
batch	19110	valid_loss	49409.1557617
batch	19140	valid_loss	49381.5551758
batch	19170	valid_loss	49308.2675781
batch	19200	valid_loss	49284.2373047
batch	19230	valid_loss	49218.6538086
batch	19260	valid_loss	49256.2358398
batch	19290	valid_loss	49192.2958984
batch	19320	valid_loss	49179.3325195
batch	19350	valid_loss	49107.090332
batch	19380	valid_loss	49119.7802734
batch	19410	valid_loss	49105.8300781
batch	19440	valid_loss	49013.5356445
batch	19470	valid_loss	49072.3427734
batch	19500	valid_loss	48982.3144531
batch	19530	valid_loss	48988.6484375
batch	19560	valid_loss	48922.0263672
batch	19590	valid_loss	48884.059082
batch	19620	valid_loss	48886.0234375
batch	19650	valid_loss	48849.8041992
batch	19680	valid_loss	48831.9472656
batch	19710	valid_loss	48781.4033203
batch	19740	valid_loss	48756.847168
batch	19770	valid_loss	48721.4897461
batch	19800	valid_loss	48710.7724609
batch	19830	valid_loss	48638.6459961
batch	19860	valid_loss	48650.3818359
batch	19890	valid_loss	48623.6933594
batch	19920	valid_loss	48584.6630859
batch	19950	valid_loss	48550.4560547
batch	19980	valid_loss	48566.0839844
batch	20010	valid_loss	48475.3911133
batch	20040	valid_loss	48496.7539062
batch	20070	valid_loss	48458.2714844
batch	20100	valid_loss	48431.5083008
batch	20130	valid_loss	48398.253418
batch	20160	valid_loss	48381.046875
batch	20190	valid_loss	48355.765625
batch	20220	valid_loss	48325.9702148
batch	20250	valid_loss	48299.7250977
batch	20280	valid_loss	48260.8945312
batch	20310	valid_loss	48242.4956055
batch	20340	valid_loss	48209.6538086
batch	20370	valid_loss	48182.9536133
batch	20400	valid_loss	48172.3710938
batch	20430	valid_loss	48125.3520508
batch	20460	valid_loss	48109.8916016
batch	20490	valid_loss	48079.2714844
batch	20520	valid_loss	48045.3740234
batch	20550	valid_loss	48038.8198242
batch	20580	valid_loss	48016.8022461
batch	20610	valid_loss	47946.3818359
batch	20640	valid_loss	47901.3857422
batch	20670	valid_loss	47940.5825195
batch	20700	valid_loss	47929.5957031
batch	20730	valid_loss	47865.0532227
batch	20760	valid_loss	47839.9951172
batch	20790	valid_loss	47807.9956055
batch	20820	valid_loss	47816.8994141
batch	20850	valid_loss	47763.371582
batch	20880	valid_loss	47761.4399414
batch	20910	valid_loss	47687.2822266
batch	20940	valid_loss	47687.7260742
batch	20970	valid_loss	47689.4125977
batch	21000	valid_loss	47593.7236328
batch	21030	valid_loss	47669.3374023
batch	21060	valid_loss	47566.2861328
batch	21090	valid_loss	47609.8476562
batch	21120	valid_loss	47530.2114258
batch	21150	valid_loss	47486.5356445
batch	21180	valid_loss	47502.6816406
batch	21210	valid_loss	47466.105957
batch	21240	valid_loss	47442.4116211
batch	21270	valid_loss	47399.050293
batch	21300	valid_loss	47373.4824219
batch	21330	valid_loss	47346.4125977
batch	21360	valid_loss	47335.8232422
batch	21390	valid_loss	47267.3896484
batch	21420	valid_loss	47290.4379883
batch	21450	valid_loss	47272.3056641
batch	21480	valid_loss	47225.9926758
batch	21510	valid_loss	47188.515625
batch	21540	valid_loss	47206.6992188
batch	21570	valid_loss	47131.8491211
batch	21600	valid_loss	47147.3618164
batch	21630	valid_loss	47114.0932617
batch	21660	valid_loss	47087.8588867
batch	21690	valid_loss	47062.4970703
batch	21720	valid_loss	47049.453125
batch	21750	valid_loss	47021.0615234
batch	21780	valid_loss	46988.0727539
batch	21810	valid_loss	46957.3735352
batch	21840	valid_loss	46927.0957031
batch	21870	valid_loss	46938.7250977
batch	21900	valid_loss	46881.1074219
batch	21930	valid_loss	46858.8007812
batch	21960	valid_loss	46861.1972656
batch	21990	valid_loss	46810.1396484
batch	22020	valid_loss	46792.0546875
batch	22050	valid_loss	46764.1147461
batch	22080	valid_loss	46728.2607422
batch	22110	valid_loss	46733.2226562
batch	22140	valid_loss	46713.2851562
batch	22170	valid_loss	46650.8937988
batch	22200	valid_loss	46613.6049805
batch	22230	valid_loss	46636.5319824
batch	22260	valid_loss	46632.3972168
batch	22290	valid_loss	46570.7097168
batch	22320	valid_loss	46553.0617676
batch	22350	valid_loss	46518.1535645
batch	22380	valid_loss	46523.887207
batch	22410	valid_loss	46487.4143066
batch	22440	valid_loss	46480.190918
batch	22470	valid_loss	46411.1435547
batch	22500	valid_loss	46408.3530273
batch	22530	valid_loss	46427.1079102
batch	22560	valid_loss	46327.1506348
batch	22590	valid_loss	46399.7814941
batch	22620	valid_loss	46306.2731934
batch	22650	valid_loss	46338.144043
batch	22680	valid_loss	46268.0661621
batch	22710	valid_loss	46235.8676758
batch	22740	valid_loss	46248.0356445
batch	22770	valid_loss	46224.7680664
batch	22800	valid_loss	46194.6953125
batch	22830	valid_loss	46157.1259766
batch	22860	valid_loss	46146.0944824
batch	22890	valid_loss	46111.0532227
batch	22920	valid_loss	46108.1635742
batch	22950	valid_loss	46040.3806152
batch	22980	valid_loss	46062.8435059
batch	23010	valid_loss	46046.6000977
batch	23040	valid_loss	45995.5622559
batch	23070	valid_loss	45963.3288574
batch	23100	valid_loss	45992.3444824
batch	23130	valid_loss	45920.8918457
batch	23160	valid_loss	45922.401123
batch	23190	valid_loss	45904.135498
batch	23220	valid_loss	45875.3657227
batch	23250	valid_loss	45867.5368652
batch	23280	valid_loss	45849.1760254
batch	23310	valid_loss	45806.4604492
batch	23340	valid_loss	45783.2075195
batch	23370	valid_loss	45766.6245117
batch	23400	valid_loss	45738.8986816
batch	23430	valid_loss	45749.8212891
batch	23460	valid_loss	45683.7094727
batch	23490	valid_loss	45678.3969727
batch	23520	valid_loss	45681.9580078
batch	23550	valid_loss	45635.7712402
batch	23580	valid_loss	45624.2956543
batch	23610	valid_loss	45593.9799805
batch	23640	valid_loss	45557.791748
batch	23670	valid_loss	45562.1884766
batch	23700	valid_loss	45541.9370117
batch	23730	valid_loss	45499.3435059
batch	23760	valid_loss	45463.0981445
batch	23790	valid_loss	45474.8095703
batch	23820	valid_loss	45479.4741211
batch	23850	valid_loss	45417.4111328
batch	23880	valid_loss	45409.0979004
batch	23910	valid_loss	45376.3232422
batch	23940	valid_loss	45384.0769043
batch	23970	valid_loss	45348.1394043
batch	24000	valid_loss	45338.7229004
batch	24030	valid_loss	45279.6796875
batch	24060	valid_loss	45279.4040527
batch	24090	valid_loss	45296.0693359
batch	24120	valid_loss	45209.6845703
batch	24150	valid_loss	45259.6044922
batch	24180	valid_loss	45196.7607422
batch	24210	valid_loss	45220.5222168
batch	24240	valid_loss	45157.8259277
batch	24270	valid_loss	45144.1691895
batch	24300	valid_loss	45141.9116211
batch	24330	valid_loss	45116.7497559
batch	24360	valid_loss	45098.3530273
batch	24390	valid_loss	45054.6650391
batch	24420	valid_loss	45056.2148438
batch	24450	valid_loss	45016.8193359
batch	24480	valid_loss	45032.8081055
batch	24510	valid_loss	44964.7897949
batch	24540	valid_loss	44983.0725098
batch	24570	valid_loss	44969.09375
batch	24600	valid_loss	44910.2536621
batch	24630	valid_loss	44885.2241211
batch	24660	valid_loss	44920.4650879
batch	24690	valid_loss	44854.5864258
batch	24720	valid_loss	44856.3876953
batch	24750	valid_loss	44840.369873
batch	24780	valid_loss	44810.8615723
batch	24810	valid_loss	44811.300293
batch	24840	valid_loss	44788.7009277
batch	24870	valid_loss	44758.269043
batch	24900	valid_loss	44738.4802246
batch	24930	valid_loss	44720.6806641
batch	24960	valid_loss	44692.7246094
batch	24990	valid_loss	44720.3144531
STOP
START
config	460	20	460	960
batch	0	valid_loss	7401740.5625
batch	30	valid_loss	210853.498047
batch	60	valid_loss	104793.854492
batch	90	valid_loss	100141.149414
batch	120	valid_loss	99933.2050781
batch	150	valid_loss	99964.0615234
batch	180	valid_loss	99901.8242188
batch	210	valid_loss	99882.8173828
batch	240	valid_loss	99913.5527344
batch	270	valid_loss	99860.46875
batch	300	valid_loss	99744.1835938
batch	330	valid_loss	99526.9257812
batch	360	valid_loss	99202.9345703
batch	390	valid_loss	98700.0351562
batch	420	valid_loss	97821.34375
batch	450	valid_loss	96508.9619141
batch	480	valid_loss	94951.7910156
batch	510	valid_loss	93405.8681641
batch	540	valid_loss	92265.1186523
batch	570	valid_loss	91338.7543945
batch	600	valid_loss	90776.5527344
batch	630	valid_loss	90172.1518555
batch	660	valid_loss	89758.862793
batch	690	valid_loss	89392.4985352
batch	720	valid_loss	89022.1538086
batch	750	valid_loss	88582.9091797
batch	780	valid_loss	88192.2363281
batch	810	valid_loss	87785.1889648
batch	840	valid_loss	87340.9248047
batch	870	valid_loss	86955.6845703
batch	900	valid_loss	86593.5473633
batch	930	valid_loss	86072.7148438
batch	960	valid_loss	85663.578125
batch	990	valid_loss	85247.8632812
batch	1020	valid_loss	84698.940918
batch	1050	valid_loss	84276.9624023
batch	1080	valid_loss	83907.4941406
batch	1110	valid_loss	83259.1484375
batch	1140	valid_loss	82923.5722656
batch	1170	valid_loss	82456.3012695
batch	1200	valid_loss	81953.0454102
batch	1230	valid_loss	81734.6621094
batch	1260	valid_loss	81239.5234375
batch	1290	valid_loss	80703.75
batch	1320	valid_loss	80234.5605469
batch	1350	valid_loss	79850.5625
batch	1380	valid_loss	79406.4072266
batch	1410	valid_loss	79137.9467773
batch	1440	valid_loss	78753.3798828
batch	1470	valid_loss	78384.3208008
batch	1500	valid_loss	78068.7333984
batch	1530	valid_loss	77683.1318359
batch	1560	valid_loss	77436.8256836
batch	1590	valid_loss	76959.5566406
batch	1620	valid_loss	76739.3598633
batch	1650	valid_loss	76436.0078125
batch	1680	valid_loss	76207.8891602
batch	1710	valid_loss	76035.3442383
batch	1740	valid_loss	75635.2026367
batch	1770	valid_loss	75402.2973633
batch	1800	valid_loss	75214.5874023
batch	1830	valid_loss	74918.1899414
batch	1860	valid_loss	74711.5146484
batch	1890	valid_loss	74562.7060547
batch	1920	valid_loss	74202.8491211
batch	1950	valid_loss	73945.7832031
batch	1980	valid_loss	73727.7548828
batch	2010	valid_loss	73431.5732422
batch	2040	valid_loss	73203.1586914
batch	2070	valid_loss	73104.3891602
batch	2100	valid_loss	72898.4956055
batch	2130	valid_loss	72731.737793
batch	2160	valid_loss	72534.7719727
batch	2190	valid_loss	72329.2407227
batch	2220	valid_loss	71987.3139648
batch	2250	valid_loss	71942.7587891
batch	2280	valid_loss	71774.6616211
batch	2310	valid_loss	71560.1660156
batch	2340	valid_loss	71547.0166016
batch	2370	valid_loss	71239.4501953
batch	2400	valid_loss	71197.7719727
batch	2430	valid_loss	71006.2792969
batch	2460	valid_loss	70904.2207031
batch	2490	valid_loss	70795.4399414
batch	2520	valid_loss	70605.3095703
batch	2550	valid_loss	70622.753418
batch	2580	valid_loss	70545.8974609
batch	2610	valid_loss	70375.6347656
batch	2640	valid_loss	70230.7319336
batch	2670	valid_loss	70170.378418
batch	2700	valid_loss	70037.9233398
batch	2730	valid_loss	70005.7910156
batch	2760	valid_loss	69997.3549805
batch	2790	valid_loss	70087.3569336
batch	2820	valid_loss	69912.987793
batch	2850	valid_loss	69832.6635742
batch	2880	valid_loss	69690.8251953
batch	2910	valid_loss	69621.5942383
batch	2940	valid_loss	69534.730957
batch	2970	valid_loss	69606.3198242
batch	3000	valid_loss	69572.0766602
batch	3030	valid_loss	69472.9199219
batch	3060	valid_loss	69445.6992188
batch	3090	valid_loss	69425.4897461
batch	3120	valid_loss	69472.1567383
batch	3150	valid_loss	69275.9941406
batch	3180	valid_loss	69403.6123047
batch	3210	valid_loss	69306.8046875
batch	3240	valid_loss	69192.7446289
batch	3270	valid_loss	69233.6450195
batch	3300	valid_loss	69255.9389648
batch	3330	valid_loss	69195.1503906
batch	3360	valid_loss	69145.340332
batch	3390	valid_loss	69145.0449219
batch	3420	valid_loss	69277.9521484
batch	3450	valid_loss	69209.1816406
batch	3480	valid_loss	69204.3041992
batch	3510	valid_loss	69036.5449219
batch	3540	valid_loss	69038.2329102
batch	3570	valid_loss	69033.847168
batch	3600	valid_loss	69041.3681641
batch	3630	valid_loss	69033.0561523
batch	3660	valid_loss	69034.9501953
batch	3690	valid_loss	69011.6035156
batch	3720	valid_loss	69027.3652344
batch	3750	valid_loss	68968.0727539
batch	3780	valid_loss	68893.3242188
batch	3810	valid_loss	69002.3974609
batch	3840	valid_loss	68818.3393555
batch	3870	valid_loss	68843.7944336
batch	3900	valid_loss	68897.128418
batch	3930	valid_loss	68813.4189453
batch	3960	valid_loss	68838.6704102
batch	3990	valid_loss	68903.7197266
batch	4020	valid_loss	68744.1113281
batch	4050	valid_loss	68826.2944336
batch	4080	valid_loss	68756.340332
batch	4110	valid_loss	68871.152832
batch	4140	valid_loss	68777.8618164
batch	4170	valid_loss	68789.1621094
batch	4200	valid_loss	68722.4106445
batch	4230	valid_loss	68677.3129883
batch	4260	valid_loss	68672.434082
batch	4290	valid_loss	68705.3173828
batch	4320	valid_loss	68746.0024414
batch	4350	valid_loss	68816.8789062
batch	4380	valid_loss	68662.7124023
batch	4410	valid_loss	68796.0693359
batch	4440	valid_loss	68590.4433594
batch	4470	valid_loss	68613.3305664
batch	4500	valid_loss	68549.3481445
batch	4530	valid_loss	68609.9399414
batch	4560	valid_loss	68648.1054688
batch	4590	valid_loss	68536.3061523
batch	4620	valid_loss	68585.8964844
batch	4650	valid_loss	68595.5551758
batch	4680	valid_loss	68596.5166016
batch	4710	valid_loss	68621.8168945
batch	4740	valid_loss	68555.0625
batch	4770	valid_loss	68469.5795898
batch	4800	valid_loss	68497.1464844
batch	4830	valid_loss	68547.4956055
batch	4860	valid_loss	68531.6821289
batch	4890	valid_loss	68492.9125977
batch	4920	valid_loss	68480.1669922
batch	4950	valid_loss	68553.7529297
batch	4980	valid_loss	68563.1547852
batch	5010	valid_loss	68541.7998047
batch	5040	valid_loss	68479.9458008
batch	5070	valid_loss	68452.2138672
batch	5100	valid_loss	68371.5737305
batch	5130	valid_loss	68443.8847656
batch	5160	valid_loss	68339.6191406
batch	5190	valid_loss	68408.5957031
batch	5220	valid_loss	68389.3413086
batch	5250	valid_loss	68421.2670898
batch	5280	valid_loss	68372.050293
batch	5310	valid_loss	68306.3803711
batch	5340	valid_loss	68356.2436523
batch	5370	valid_loss	68261.355957
batch	5400	valid_loss	68152.3046875
batch	5430	valid_loss	68271.7260742
batch	5460	valid_loss	68240.3510742
batch	5490	valid_loss	68206.7807617
batch	5520	valid_loss	68177.953125
batch	5550	valid_loss	68266.2055664
batch	5580	valid_loss	68137.7060547
batch	5610	valid_loss	68117.8510742
batch	5640	valid_loss	68040.3740234
batch	5670	valid_loss	68122.3344727
batch	5700	valid_loss	67972.6816406
batch	5730	valid_loss	68114.8642578
batch	5760	valid_loss	68058.8984375
batch	5790	valid_loss	67936.7983398
batch	5820	valid_loss	67950.4379883
batch	5850	valid_loss	67937.3813477
batch	5880	valid_loss	68042.7558594
batch	5910	valid_loss	68008.015625
batch	5940	valid_loss	67952.9125977
batch	5970	valid_loss	67906.7685547
batch	6000	valid_loss	67852.9355469
batch	6030	valid_loss	67888.3168945
batch	6060	valid_loss	67726.8510742
batch	6090	valid_loss	67808.4101562
batch	6120	valid_loss	67831.1416016
batch	6150	valid_loss	67789.2416992
batch	6180	valid_loss	67817.2324219
batch	6210	valid_loss	67938.1103516
batch	6240	valid_loss	67727.3569336
batch	6270	valid_loss	67820.2124023
batch	6300	valid_loss	67726.1933594
batch	6330	valid_loss	67694.2827148
batch	6360	valid_loss	67665.2231445
batch	6390	valid_loss	67618.5756836
batch	6420	valid_loss	67738.0952148
batch	6450	valid_loss	67652.3642578
batch	6480	valid_loss	67712.3388672
batch	6510	valid_loss	67691.6049805
batch	6540	valid_loss	67683.3994141
batch	6570	valid_loss	67732.2773438
batch	6600	valid_loss	67601.0576172
batch	6630	valid_loss	67640.6948242
batch	6660	valid_loss	67604.0229492
batch	6690	valid_loss	67664.2509766
batch	6720	valid_loss	67558.203125
batch	6750	valid_loss	67550.6040039
batch	6780	valid_loss	67618.3432617
batch	6810	valid_loss	67611.7475586
batch	6840	valid_loss	67626.0161133
batch	6870	valid_loss	67518.1767578
batch	6900	valid_loss	67575.4555664
batch	6930	valid_loss	67562.8081055
batch	6960	valid_loss	67539.9570312
batch	6990	valid_loss	67474.8598633
batch	7020	valid_loss	67454.2880859
batch	7050	valid_loss	67532.0537109
batch	7080	valid_loss	67441.9438477
batch	7110	valid_loss	67573.8618164
batch	7140	valid_loss	67482.5756836
batch	7170	valid_loss	67454.9375
batch	7200	valid_loss	67486.5009766
batch	7230	valid_loss	67502.1801758
batch	7260	valid_loss	67357.3637695
batch	7290	valid_loss	67438.628418
batch	7320	valid_loss	67325.2788086
batch	7350	valid_loss	67415.6274414
batch	7380	valid_loss	67371.0073242
batch	7410	valid_loss	67370.0693359
batch	7440	valid_loss	67402.1166992
batch	7470	valid_loss	67355.3881836
batch	7500	valid_loss	67349.8227539
batch	7530	valid_loss	67315.4731445
batch	7560	valid_loss	67346.5498047
batch	7590	valid_loss	67264.2768555
batch	7620	valid_loss	67205.3505859
batch	7650	valid_loss	67280.6166992
batch	7680	valid_loss	67188.0795898
batch	7710	valid_loss	67293.2597656
batch	7740	valid_loss	67262.237793
batch	7770	valid_loss	67267.5883789
batch	7800	valid_loss	67099.2036133
batch	7830	valid_loss	67115.1225586
batch	7860	valid_loss	67165.5678711
batch	7890	valid_loss	67060.1113281
batch	7920	valid_loss	67074.081543
batch	7950	valid_loss	67012.2695312
batch	7980	valid_loss	67096.0073242
batch	8010	valid_loss	67001.8266602
batch	8040	valid_loss	66940.9970703
batch	8070	valid_loss	66927.9287109
batch	8100	valid_loss	66851.9194336
batch	8130	valid_loss	66894.4628906
batch	8160	valid_loss	66833.2055664
batch	8190	valid_loss	66828.8427734
batch	8220	valid_loss	66778.6025391
batch	8250	valid_loss	66837.0517578
batch	8280	valid_loss	66722.3374023
batch	8310	valid_loss	66714.5673828
batch	8340	valid_loss	66735.7612305
batch	8370	valid_loss	66701.0493164
batch	8400	valid_loss	66709.9863281
batch	8430	valid_loss	66630.7138672
batch	8460	valid_loss	66659.1201172
batch	8490	valid_loss	66609.1557617
batch	8520	valid_loss	66565.0073242
batch	8550	valid_loss	66559.3740234
batch	8580	valid_loss	66481.6870117
batch	8610	valid_loss	66502.4423828
batch	8640	valid_loss	66531.5576172
batch	8670	valid_loss	66481.7666016
batch	8700	valid_loss	66441.4311523
batch	8730	valid_loss	66425.6376953
batch	8760	valid_loss	66403.5458984
batch	8790	valid_loss	66400.0888672
batch	8820	valid_loss	66339.8203125
batch	8850	valid_loss	66389.8671875
batch	8880	valid_loss	66281.7275391
batch	8910	valid_loss	66350.7075195
batch	8940	valid_loss	66320.5297852
batch	8970	valid_loss	66280.3393555
batch	9000	valid_loss	66227.2250977
batch	9030	valid_loss	66277.4335938
batch	9060	valid_loss	66245.9780273
batch	9090	valid_loss	66169.5058594
batch	9120	valid_loss	66182.28125
batch	9150	valid_loss	66139.9267578
batch	9180	valid_loss	66166.6821289
batch	9210	valid_loss	66182.2109375
batch	9240	valid_loss	66071.7167969
batch	9270	valid_loss	66070.8032227
batch	9300	valid_loss	66115.3681641
batch	9330	valid_loss	66037.1640625
batch	9360	valid_loss	66012.5039062
batch	9390	valid_loss	66018.0600586
batch	9420	valid_loss	66007.4550781
batch	9450	valid_loss	65949.5336914
batch	9480	valid_loss	65994.5351562
batch	9510	valid_loss	65925.3022461
batch	9540	valid_loss	65922.2963867
batch	9570	valid_loss	65860.8823242
batch	9600	valid_loss	65855.309082
batch	9630	valid_loss	65805.1674805
batch	9660	valid_loss	65779.5429688
batch	9690	valid_loss	65827.362793
batch	9720	valid_loss	65698.1772461
batch	9750	valid_loss	65756.5473633
batch	9780	valid_loss	65705.5927734
batch	9810	valid_loss	65639.1245117
batch	9840	valid_loss	65636.3720703
batch	9870	valid_loss	65554.3696289
batch	9900	valid_loss	65652.7202148
batch	9930	valid_loss	65613.1630859
batch	9960	valid_loss	65544.2197266
batch	9990	valid_loss	65474.2607422
batch	10020	valid_loss	65462.5063477
batch	10050	valid_loss	65446.8666992
batch	10080	valid_loss	65345.7436523
batch	10110	valid_loss	65404.4814453
batch	10140	valid_loss	65311.0859375
batch	10170	valid_loss	65366.7661133
batch	10200	valid_loss	65239.1567383
batch	10230	valid_loss	65267.4477539
batch	10260	valid_loss	65202.2158203
batch	10290	valid_loss	65200.2519531
batch	10320	valid_loss	65172.7407227
batch	10350	valid_loss	65103.9057617
batch	10380	valid_loss	65074.2387695
batch	10410	valid_loss	65057.0795898
batch	10440	valid_loss	64976.0561523
batch	10470	valid_loss	64979.2504883
batch	10500	valid_loss	64942.4833984
batch	10530	valid_loss	64863.0771484
batch	10560	valid_loss	64858.0405273
batch	10590	valid_loss	64807.9472656
batch	10620	valid_loss	64851.8178711
batch	10650	valid_loss	64755.7089844
batch	10680	valid_loss	64733.9619141
batch	10710	valid_loss	64642.1464844
batch	10740	valid_loss	64655.5004883
batch	10770	valid_loss	64593.902832
batch	10800	valid_loss	64542.8706055
batch	10830	valid_loss	64469.2626953
batch	10860	valid_loss	64478.4316406
batch	10890	valid_loss	64387.4599609
batch	10920	valid_loss	64361.4892578
batch	10950	valid_loss	64343.1914062
batch	10980	valid_loss	64328.7412109
batch	11010	valid_loss	64287.6948242
batch	11040	valid_loss	64228.4785156
batch	11070	valid_loss	64147.6674805
batch	11100	valid_loss	64104.6479492
batch	11130	valid_loss	64040.1655273
batch	11160	valid_loss	64005.2304688
batch	11190	valid_loss	63948.5561523
batch	11220	valid_loss	63878.9526367
batch	11250	valid_loss	63849.4663086
batch	11280	valid_loss	63768.4174805
batch	11310	valid_loss	63777.2744141
batch	11340	valid_loss	63682.4609375
batch	11370	valid_loss	63596.5273438
batch	11400	valid_loss	63578.387207
batch	11430	valid_loss	63465.3491211
batch	11460	valid_loss	63534.9033203
batch	11490	valid_loss	63462.3886719
batch	11520	valid_loss	63335.0419922
batch	11550	valid_loss	63262.3046875
batch	11580	valid_loss	63227.328125
batch	11610	valid_loss	63164.3701172
batch	11640	valid_loss	63038.4711914
batch	11670	valid_loss	63073.8164062
batch	11700	valid_loss	62957.0727539
batch	11730	valid_loss	62952.918457
batch	11760	valid_loss	62787.6669922
batch	11790	valid_loss	62740.8994141
batch	11820	valid_loss	62661.0263672
batch	11850	valid_loss	62609.1079102
batch	11880	valid_loss	62556.4765625
batch	11910	valid_loss	62416.0097656
batch	11940	valid_loss	62366.5175781
batch	11970	valid_loss	62283.0307617
batch	12000	valid_loss	62193.8686523
batch	12030	valid_loss	62107.3413086
batch	12060	valid_loss	62037.2084961
batch	12090	valid_loss	61959.5771484
batch	12120	valid_loss	61884.090332
batch	12150	valid_loss	61767.9936523
batch	12180	valid_loss	61765.6889648
batch	12210	valid_loss	61622.6289062
batch	12240	valid_loss	61566.0776367
batch	12270	valid_loss	61442.7412109
batch	12300	valid_loss	61405.7207031
batch	12330	valid_loss	61308.4951172
batch	12360	valid_loss	61212.3334961
batch	12390	valid_loss	61105.4624023
batch	12420	valid_loss	61048.7138672
batch	12450	valid_loss	60937.5195312
batch	12480	valid_loss	60855.4736328
batch	12510	valid_loss	60795.1713867
batch	12540	valid_loss	60758.7177734
batch	12570	valid_loss	60644.7163086
batch	12600	valid_loss	60563.1542969
batch	12630	valid_loss	60474.96875
batch	12660	valid_loss	60353.3725586
batch	12690	valid_loss	60277.7988281
batch	12720	valid_loss	60201.0629883
batch	12750	valid_loss	60106.2929688
batch	12780	valid_loss	60018.1772461
batch	12810	valid_loss	59960.6567383
batch	12840	valid_loss	59848.4692383
batch	12870	valid_loss	59834.6206055
batch	12900	valid_loss	59713.0043945
batch	12930	valid_loss	59594.965332
batch	12960	valid_loss	59567.6699219
batch	12990	valid_loss	59441.2880859
batch	13020	valid_loss	59462.4921875
batch	13050	valid_loss	59358.0742188
batch	13080	valid_loss	59244.0673828
batch	13110	valid_loss	59156.1005859
batch	13140	valid_loss	59135.6328125
batch	13170	valid_loss	59026.9091797
batch	13200	valid_loss	58892.1665039
batch	13230	valid_loss	58917.4599609
batch	13260	valid_loss	58807.1611328
batch	13290	valid_loss	58806.0625
batch	13320	valid_loss	58651.5957031
batch	13350	valid_loss	58608.46875
batch	13380	valid_loss	58531.2553711
batch	13410	valid_loss	58484.7421875
batch	13440	valid_loss	58416.140625
batch	13470	valid_loss	58314.019043
batch	13500	valid_loss	58246.2124023
batch	13530	valid_loss	58185.2729492
batch	13560	valid_loss	58103.6875
batch	13590	valid_loss	58031.2944336
batch	13620	valid_loss	57981.0395508
batch	13650	valid_loss	57910.1982422
batch	13680	valid_loss	57860.3027344
batch	13710	valid_loss	57773.9916992
batch	13740	valid_loss	57770.859375
batch	13770	valid_loss	57647.4658203
batch	13800	valid_loss	57623.9516602
batch	13830	valid_loss	57516.046875
batch	13860	valid_loss	57501.4594727
batch	13890	valid_loss	57436.0205078
batch	13920	valid_loss	57332.0092773
batch	13950	valid_loss	57254.0712891
batch	13980	valid_loss	57210.9682617
batch	14010	valid_loss	57124.2739258
batch	14040	valid_loss	57081.0488281
batch	14070	valid_loss	57030.1977539
batch	14100	valid_loss	57001.3881836
batch	14130	valid_loss	56887.0327148
batch	14160	valid_loss	56844.7255859
batch	14190	valid_loss	56795.2670898
batch	14220	valid_loss	56725.5664062
batch	14250	valid_loss	56648.1494141
batch	14280	valid_loss	56598.3017578
batch	14310	valid_loss	56523.6142578
batch	14340	valid_loss	56483.5253906
batch	14370	valid_loss	56413.4306641
batch	14400	valid_loss	56352.3374023
batch	14430	valid_loss	56345.7436523
batch	14460	valid_loss	56262.0795898
batch	14490	valid_loss	56156.815918
batch	14520	valid_loss	56131.2314453
batch	14550	valid_loss	56044.3852539
batch	14580	valid_loss	56089.7011719
batch	14610	valid_loss	55998.0654297
batch	14640	valid_loss	55928.6074219
batch	14670	valid_loss	55837.1235352
batch	14700	valid_loss	55848.8476562
batch	14730	valid_loss	55769.0224609
batch	14760	valid_loss	55638.6103516
batch	14790	valid_loss	55679.7802734
batch	14820	valid_loss	55584.4521484
batch	14850	valid_loss	55599.159668
batch	14880	valid_loss	55477.1088867
batch	14910	valid_loss	55438.4321289
batch	14940	valid_loss	55408.6342773
batch	14970	valid_loss	55363.3789062
batch	15000	valid_loss	55300.1064453
batch	15030	valid_loss	55214.3598633
batch	15060	valid_loss	55165.637207
batch	15090	valid_loss	55128.2602539
batch	15120	valid_loss	55044.3647461
batch	15150	valid_loss	54990.2836914
batch	15180	valid_loss	54947.1137695
batch	15210	valid_loss	54904.9829102
batch	15240	valid_loss	54868.3359375
batch	15270	valid_loss	54811.1293945
batch	15300	valid_loss	54816.9995117
batch	15330	valid_loss	54703.1777344
batch	15360	valid_loss	54667.6630859
batch	15390	valid_loss	54600.1640625
batch	15420	valid_loss	54611.7041016
batch	15450	valid_loss	54545.0595703
batch	15480	valid_loss	54441.7519531
batch	15510	valid_loss	54399.0688477
batch	15540	valid_loss	54359.1494141
batch	15570	valid_loss	54279.3413086
batch	15600	valid_loss	54249.8681641
batch	15630	valid_loss	54216.2138672
batch	15660	valid_loss	54189.3579102
batch	15690	valid_loss	54093.5644531
batch	15720	valid_loss	54057.8837891
batch	15750	valid_loss	54035.4067383
batch	15780	valid_loss	53961.9121094
batch	15810	valid_loss	53923.4873047
batch	15840	valid_loss	53877.7426758
batch	15870	valid_loss	53808.0141602
batch	15900	valid_loss	53787.9921875
batch	15930	valid_loss	53708.0014648
batch	15960	valid_loss	53656.862793
batch	15990	valid_loss	53675.6264648
batch	16020	valid_loss	53613.1616211
batch	16050	valid_loss	53520.3227539
batch	16080	valid_loss	53487.9829102
batch	16110	valid_loss	53431.7236328
batch	16140	valid_loss	53467.2172852
batch	16170	valid_loss	53376.3071289
batch	16200	valid_loss	53355.1513672
batch	16230	valid_loss	53259.8930664
batch	16260	valid_loss	53267.5717773
batch	16290	valid_loss	53201.8393555
batch	16320	valid_loss	53098.4189453
batch	16350	valid_loss	53159.7011719
batch	16380	valid_loss	53049.7929688
batch	16410	valid_loss	53080.9379883
batch	16440	valid_loss	52977.0917969
batch	16470	valid_loss	52942.6533203
batch	16500	valid_loss	52943.6083984
batch	16530	valid_loss	52896.0053711
batch	16560	valid_loss	52864.8115234
batch	16590	valid_loss	52795.902832
batch	16620	valid_loss	52750.4887695
batch	16650	valid_loss	52731.597168
batch	16680	valid_loss	52642.6035156
batch	16710	valid_loss	52625.3793945
batch	16740	valid_loss	52583.2807617
batch	16770	valid_loss	52572.0810547
batch	16800	valid_loss	52521.581543
batch	16830	valid_loss	52466.5473633
batch	16860	valid_loss	52500.5517578
batch	16890	valid_loss	52399.3393555
batch	16920	valid_loss	52391.3510742
batch	16950	valid_loss	52334.0078125
batch	16980	valid_loss	52353.7163086
batch	17010	valid_loss	52297.8930664
batch	17040	valid_loss	52210.6186523
batch	17070	valid_loss	52205.4916992
batch	17100	valid_loss	52184.8979492
batch	17130	valid_loss	52119.0
batch	17160	valid_loss	52086.2275391
batch	17190	valid_loss	52083.9755859
batch	17220	valid_loss	52050.3554688
batch	17250	valid_loss	51984.1225586
batch	17280	valid_loss	51959.3720703
batch	17310	valid_loss	51939.3833008
batch	17340	valid_loss	51885.0722656
batch	17370	valid_loss	51889.8144531
batch	17400	valid_loss	51848.2207031
batch	17430	valid_loss	51803.0834961
batch	17460	valid_loss	51781.7890625
batch	17490	valid_loss	51718.2353516
batch	17520	valid_loss	51673.378418
batch	17550	valid_loss	51721.1040039
batch	17580	valid_loss	51682.3793945
batch	17610	valid_loss	51606.418457
batch	17640	valid_loss	51578.3378906
batch	17670	valid_loss	51528.9282227
batch	17700	valid_loss	51577.890625
batch	17730	valid_loss	51501.6079102
batch	17760	valid_loss	51483.1088867
batch	17790	valid_loss	51409.1767578
batch	17820	valid_loss	51416.5327148
batch	17850	valid_loss	51388.559082
batch	17880	valid_loss	51295.0795898
batch	17910	valid_loss	51369.3198242
batch	17940	valid_loss	51265.5068359
batch	17970	valid_loss	51311.8642578
batch	18000	valid_loss	51228.3037109
batch	18030	valid_loss	51189.1904297
batch	18060	valid_loss	51214.5717773
batch	18090	valid_loss	51158.1494141
batch	18120	valid_loss	51158.5869141
batch	18150	valid_loss	51106.0366211
batch	18180	valid_loss	51058.3920898
batch	18210	valid_loss	51048.6938477
batch	18240	valid_loss	50974.5454102
batch	18270	valid_loss	50959.9169922
batch	18300	valid_loss	50953.4936523
batch	18330	valid_loss	50936.8549805
batch	18360	valid_loss	50884.2739258
batch	18390	valid_loss	50848.0810547
batch	18420	valid_loss	50892.6396484
batch	18450	valid_loss	50789.9023438
batch	18480	valid_loss	50802.0419922
batch	18510	valid_loss	50766.2783203
batch	18540	valid_loss	50769.0249023
batch	18570	valid_loss	50721.2060547
batch	18600	valid_loss	50658.9223633
batch	18630	valid_loss	50657.3378906
batch	18660	valid_loss	50625.9462891
batch	18690	valid_loss	50592.2954102
batch	18720	valid_loss	50555.4506836
batch	18750	valid_loss	50563.2539062
batch	18780	valid_loss	50530.7348633
batch	18810	valid_loss	50486.7431641
batch	18840	valid_loss	50470.8969727
batch	18870	valid_loss	50445.2963867
batch	18900	valid_loss	50416.793457
batch	18930	valid_loss	50393.9165039
batch	18960	valid_loss	50375.1464844
batch	18990	valid_loss	50348.6699219
batch	19020	valid_loss	50315.2006836
batch	19050	valid_loss	50264.0610352
batch	19080	valid_loss	50223.234375
batch	19110	valid_loss	50262.8056641
batch	19140	valid_loss	50230.7485352
batch	19170	valid_loss	50173.4443359
batch	19200	valid_loss	50157.5551758
batch	19230	valid_loss	50107.7636719
batch	19260	valid_loss	50150.8369141
batch	19290	valid_loss	50111.1464844
batch	19320	valid_loss	50069.605957
batch	19350	valid_loss	50016.5522461
batch	19380	valid_loss	50007.9213867
batch	19410	valid_loss	49994.0292969
batch	19440	valid_loss	49903.453125
batch	19470	valid_loss	49978.0
batch	19500	valid_loss	49889.5307617
batch	19530	valid_loss	49921.159668
batch	19560	valid_loss	49854.9233398
batch	19590	valid_loss	49820.3500977
batch	19620	valid_loss	49840.5424805
batch	19650	valid_loss	49798.0639648
batch	19680	valid_loss	49773.8208008
batch	19710	valid_loss	49756.0883789
batch	19740	valid_loss	49699.8588867
batch	19770	valid_loss	49693.3139648
batch	19800	valid_loss	49636.4506836
batch	19830	valid_loss	49611.7475586
batch	19860	valid_loss	49623.9458008
batch	19890	valid_loss	49597.5776367
batch	19920	valid_loss	49554.4814453
batch	19950	valid_loss	49533.8608398
batch	19980	valid_loss	49562.5566406
batch	20010	valid_loss	49473.6914062
batch	20040	valid_loss	49481.9145508
batch	20070	valid_loss	49451.4956055
batch	20100	valid_loss	49448.3408203
batch	20130	valid_loss	49404.3066406
batch	20160	valid_loss	49362.0117188
batch	20190	valid_loss	49356.7348633
batch	20220	valid_loss	49324.043457
batch	20250	valid_loss	49294.3730469
batch	20280	valid_loss	49279.2133789
batch	20310	valid_loss	49272.484375
batch	20340	valid_loss	49254.3393555
batch	20370	valid_loss	49203.6376953
batch	20400	valid_loss	49175.621582
batch	20430	valid_loss	49160.8203125
batch	20460	valid_loss	49135.8720703
batch	20490	valid_loss	49110.8579102
batch	20520	valid_loss	49110.4208984
batch	20550	valid_loss	49081.7333984
batch	20580	valid_loss	49052.3310547
batch	20610	valid_loss	49010.4189453
batch	20640	valid_loss	48963.2314453
batch	20670	valid_loss	49000.722168
batch	20700	valid_loss	48975.0898438
batch	20730	valid_loss	48925.0922852
batch	20760	valid_loss	48895.0693359
batch	20790	valid_loss	48861.8203125
batch	20820	valid_loss	48901.0776367
batch	20850	valid_loss	48860.0693359
batch	20880	valid_loss	48826.0556641
batch	20910	valid_loss	48794.7675781
batch	20940	valid_loss	48776.4189453
batch	20970	valid_loss	48763.6948242
batch	21000	valid_loss	48685.4702148
batch	21030	valid_loss	48756.4775391
batch	21060	valid_loss	48670.8417969
batch	21090	valid_loss	48695.9672852
batch	21120	valid_loss	48636.2368164
batch	21150	valid_loss	48597.9863281
batch	21180	valid_loss	48625.0200195
batch	21210	valid_loss	48593.1088867
batch	21240	valid_loss	48558.4169922
batch	21270	valid_loss	48546.7963867
batch	21300	valid_loss	48501.0810547
batch	21330	valid_loss	48480.6313477
batch	21360	valid_loss	48447.2338867
batch	21390	valid_loss	48419.2202148
batch	21420	valid_loss	48426.8530273
batch	21450	valid_loss	48403.8305664
batch	21480	valid_loss	48369.203125
batch	21510	valid_loss	48350.8208008
batch	21540	valid_loss	48378.4023438
batch	21570	valid_loss	48291.8876953
batch	21600	valid_loss	48303.4267578
batch	21630	valid_loss	48272.6147461
batch	21660	valid_loss	48261.7041016
batch	21690	valid_loss	48231.2231445
batch	21720	valid_loss	48194.2675781
batch	21750	valid_loss	48182.484375
batch	21780	valid_loss	48156.5756836
batch	21810	valid_loss	48132.7539062
batch	21840	valid_loss	48126.1274414
batch	21870	valid_loss	48126.0200195
batch	21900	valid_loss	48108.5957031
batch	21930	valid_loss	48057.8032227
batch	21960	valid_loss	48030.7241211
batch	21990	valid_loss	48013.1469727
batch	22020	valid_loss	47993.5664062
batch	22050	valid_loss	47964.2670898
batch	22080	valid_loss	47972.2143555
batch	22110	valid_loss	47936.9091797
batch	22140	valid_loss	47918.7866211
batch	22170	valid_loss	47884.6401367
batch	22200	valid_loss	47833.7958984
batch	22230	valid_loss	47874.3496094
batch	22260	valid_loss	47845.4584961
batch	22290	valid_loss	47795.9599609
batch	22320	valid_loss	47769.7314453
batch	22350	valid_loss	47743.3115234
batch	22380	valid_loss	47781.0976562
batch	22410	valid_loss	47744.7578125
batch	22440	valid_loss	47708.2514648
batch	22470	valid_loss	47683.0532227
batch	22500	valid_loss	47675.5068359
batch	22530	valid_loss	47657.5449219
batch	22560	valid_loss	47601.3198242
batch	22590	valid_loss	47653.3452148
batch	22620	valid_loss	47573.1464844
batch	22650	valid_loss	47601.043457
batch	22680	valid_loss	47542.6376953
batch	22710	valid_loss	47498.6298828
batch	22740	valid_loss	47527.2885742
batch	22770	valid_loss	47510.3193359
batch	22800	valid_loss	47467.7875977
batch	22830	valid_loss	47466.3222656
batch	22860	valid_loss	47430.3232422
batch	22890	valid_loss	47413.4111328
batch	22920	valid_loss	47373.3217773
batch	22950	valid_loss	47346.8398438
batch	22980	valid_loss	47356.3789062
batch	23010	valid_loss	47333.8955078
batch	23040	valid_loss	47304.9042969
batch	23070	valid_loss	47282.3115234
batch	23100	valid_loss	47304.4907227
batch	23130	valid_loss	47224.2241211
batch	23160	valid_loss	47240.7866211
batch	23190	valid_loss	47216.9301758
batch	23220	valid_loss	47196.5644531
batch	23250	valid_loss	47163.9892578
batch	23280	valid_loss	47144.2919922
batch	23310	valid_loss	47130.6616211
batch	23340	valid_loss	47127.3427734
batch	23370	valid_loss	47078.2597656
batch	23400	valid_loss	47069.9018555
batch	23430	valid_loss	47084.6835938
batch	23460	valid_loss	47060.2211914
batch	23490	valid_loss	47027.3666992
batch	23520	valid_loss	46994.9731445
batch	23550	valid_loss	46970.1977539
batch	23580	valid_loss	46959.0288086
batch	23610	valid_loss	46927.5913086
batch	23640	valid_loss	46938.3798828
batch	23670	valid_loss	46929.6923828
batch	23700	valid_loss	46897.1391602
batch	23730	valid_loss	46859.2314453
batch	23760	valid_loss	46826.5859375
batch	23790	valid_loss	46849.5888672
batch	23820	valid_loss	46815.4780273
batch	23850	valid_loss	46775.9448242
batch	23880	valid_loss	46754.3398438
batch	23910	valid_loss	46727.7998047
batch	23940	valid_loss	46780.7285156
batch	23970	valid_loss	46720.8452148
batch	24000	valid_loss	46702.9101562
batch	24030	valid_loss	46653.0576172
batch	24060	valid_loss	46664.8862305
batch	24090	valid_loss	46660.9438477
batch	24120	valid_loss	46605.9750977
batch	24150	valid_loss	46649.4018555
batch	24180	valid_loss	46591.0537109
batch	24210	valid_loss	46614.1723633
batch	24240	valid_loss	46541.3525391
batch	24270	valid_loss	46490.4448242
batch	24300	valid_loss	46536.2822266
batch	24330	valid_loss	46506.7792969
batch	24360	valid_loss	46488.6816406
batch	24390	valid_loss	46474.6821289
batch	24420	valid_loss	46446.3261719
batch	24450	valid_loss	46425.8791504
batch	24480	valid_loss	46385.640625
batch	24510	valid_loss	46355.6313477
batch	24540	valid_loss	46381.7163086
batch	24570	valid_loss	46348.2524414
batch	24600	valid_loss	46334.6818848
batch	24630	valid_loss	46307.0869141
batch	24660	valid_loss	46304.6044922
batch	24690	valid_loss	46245.7329102
batch	24720	valid_loss	46275.0705566
batch	24750	valid_loss	46236.6430664
batch	24780	valid_loss	46221.1040039
batch	24810	valid_loss	46190.4492188
batch	24840	valid_loss	46182.369873
batch	24870	valid_loss	46167.5881348
batch	24900	valid_loss	46157.4299316
batch	24930	valid_loss	46128.2072754
batch	24960	valid_loss	46099.572998
batch	24990	valid_loss	46118.9384766
STOP
