START
config	20	960
batch	0	valid_loss	178832.709961
batch	20	valid_loss	143212.557617
batch	40	valid_loss	101694.663086
batch	60	valid_loss	98218.3896484
batch	80	valid_loss	96332.5039062
batch	100	valid_loss	94621.6679688
batch	120	valid_loss	92692.3989258
batch	140	valid_loss	90631.9526367
batch	160	valid_loss	88763.6396484
batch	180	valid_loss	86985.3105469
batch	200	valid_loss	85263.4423828
batch	220	valid_loss	83535.7495117
batch	240	valid_loss	81822.1289062
batch	260	valid_loss	80195.1230469
batch	280	valid_loss	78590.0380859
batch	300	valid_loss	77146.6762695
batch	320	valid_loss	75822.9960938
batch	340	valid_loss	74707.4111328
batch	360	valid_loss	73803.7407227
batch	380	valid_loss	73017.7773438
batch	400	valid_loss	72392.1884766
batch	420	valid_loss	71898.6967773
batch	440	valid_loss	71486.0292969
batch	460	valid_loss	71133.3662109
batch	480	valid_loss	70844.4931641
batch	500	valid_loss	70591.4819336
batch	520	valid_loss	70371.4907227
batch	540	valid_loss	70181.1152344
batch	560	valid_loss	70021.5610352
batch	580	valid_loss	69871.3666992
batch	600	valid_loss	69726.2504883
batch	620	valid_loss	69619.472168
batch	640	valid_loss	69497.0126953
batch	660	valid_loss	69397.1542969
batch	680	valid_loss	69319.7719727
batch	700	valid_loss	69235.2265625
batch	720	valid_loss	69169.6157227
batch	740	valid_loss	69107.7783203
batch	760	valid_loss	69037.3066406
batch	780	valid_loss	68982.050293
batch	800	valid_loss	68923.8017578
batch	820	valid_loss	68870.2456055
batch	840	valid_loss	68838.9238281
batch	860	valid_loss	68802.0693359
batch	880	valid_loss	68762.4267578
batch	900	valid_loss	68734.3779297
batch	920	valid_loss	68716.2387695
batch	940	valid_loss	68681.0913086
batch	960	valid_loss	68650.8989258
batch	980	valid_loss	68620.3105469
batch	1000	valid_loss	68601.5151367
batch	1020	valid_loss	68600.0581055
batch	1040	valid_loss	68587.0566406
batch	1060	valid_loss	68555.7768555
batch	1080	valid_loss	68540.7509766
batch	1100	valid_loss	68533.4262695
batch	1120	valid_loss	68499.3666992
batch	1140	valid_loss	68492.1708984
batch	1160	valid_loss	68483.2836914
batch	1180	valid_loss	68467.2626953
batch	1200	valid_loss	68449.8984375
batch	1220	valid_loss	68463.3178711
batch	1240	valid_loss	68448.8789062
batch	1260	valid_loss	68422.9414062
batch	1280	valid_loss	68414.0083008
batch	1300	valid_loss	68412.0092773
batch	1320	valid_loss	68397.581543
batch	1340	valid_loss	68391.0664062
batch	1360	valid_loss	68389.2387695
batch	1380	valid_loss	68380.0722656
batch	1400	valid_loss	68370.1645508
batch	1420	valid_loss	68362.6987305
batch	1440	valid_loss	68357.262207
batch	1460	valid_loss	68351.5957031
batch	1480	valid_loss	68343.5688477
batch	1500	valid_loss	68335.9697266
batch	1520	valid_loss	68333.5131836
batch	1540	valid_loss	68326.84375
batch	1560	valid_loss	68318.2236328
batch	1580	valid_loss	68312.6264648
batch	1600	valid_loss	68302.2109375
batch	1620	valid_loss	68298.5703125
batch	1640	valid_loss	68304.2773438
batch	1660	valid_loss	68297.5244141
batch	1680	valid_loss	68292.0107422
batch	1700	valid_loss	68278.3354492
batch	1720	valid_loss	68273.6791992
batch	1740	valid_loss	68261.277832
batch	1760	valid_loss	68258.2783203
batch	1780	valid_loss	68269.0351562
batch	1800	valid_loss	68253.6464844
batch	1820	valid_loss	68241.9770508
batch	1840	valid_loss	68256.6015625
batch	1860	valid_loss	68250.2949219
batch	1880	valid_loss	68241.8588867
batch	1900	valid_loss	68232.4604492
batch	1920	valid_loss	68224.3330078
batch	1940	valid_loss	68222.6870117
batch	1960	valid_loss	68226.6435547
batch	1980	valid_loss	68223.8803711
batch	2000	valid_loss	68216.203125
batch	2020	valid_loss	68207.8349609
batch	2040	valid_loss	68217.3046875
batch	2060	valid_loss	68206.3007812
batch	2080	valid_loss	68197.8354492
batch	2100	valid_loss	68197.7202148
batch	2120	valid_loss	68187.4423828
batch	2140	valid_loss	68190.0214844
batch	2160	valid_loss	68195.2788086
batch	2180	valid_loss	68186.3354492
batch	2200	valid_loss	68166.4667969
batch	2220	valid_loss	68164.3852539
batch	2240	valid_loss	68160.6855469
batch	2260	valid_loss	68168.4726562
batch	2280	valid_loss	68162.449707
batch	2300	valid_loss	68159.0092773
batch	2320	valid_loss	68154.2709961
batch	2340	valid_loss	68148.6733398
batch	2360	valid_loss	68143.4125977
batch	2380	valid_loss	68137.331543
batch	2400	valid_loss	68135.2714844
batch	2420	valid_loss	68136.4472656
batch	2440	valid_loss	68127.7050781
batch	2460	valid_loss	68130.6181641
batch	2480	valid_loss	68135.5253906
batch	2500	valid_loss	68120.5039062
batch	2520	valid_loss	68114.9545898
batch	2540	valid_loss	68107.5092773
batch	2560	valid_loss	68110.4658203
batch	2580	valid_loss	68117.1733398
batch	2600	valid_loss	68118.0947266
batch	2620	valid_loss	68097.8164062
batch	2640	valid_loss	68097.8188477
batch	2660	valid_loss	68099.5791016
batch	2680	valid_loss	68083.6201172
batch	2700	valid_loss	68082.1044922
batch	2720	valid_loss	68089.590332
batch	2740	valid_loss	68083.7080078
batch	2760	valid_loss	68074.0913086
batch	2780	valid_loss	68090.6635742
batch	2800	valid_loss	68072.1015625
batch	2820	valid_loss	68065.2734375
batch	2840	valid_loss	68062.3383789
batch	2860	valid_loss	68065.0424805
batch	2880	valid_loss	68061.3862305
batch	2900	valid_loss	68056.1420898
batch	2920	valid_loss	68060.0620117
batch	2940	valid_loss	68056.3823242
batch	2960	valid_loss	68047.4726562
batch	2980	valid_loss	68053.7060547
batch	3000	valid_loss	68048.9829102
batch	3020	valid_loss	68041.4775391
batch	3040	valid_loss	68050.7421875
batch	3060	valid_loss	68035.9311523
batch	3080	valid_loss	68046.5014648
batch	3100	valid_loss	68037.7324219
batch	3120	valid_loss	68034.3603516
batch	3140	valid_loss	68027.7211914
batch	3160	valid_loss	68017.8974609
batch	3180	valid_loss	68023.456543
batch	3200	valid_loss	68030.6152344
batch	3220	valid_loss	68025.8618164
batch	3240	valid_loss	68021.6904297
batch	3260	valid_loss	68011.8125
batch	3280	valid_loss	68016.3842773
batch	3300	valid_loss	68003.4389648
batch	3320	valid_loss	68004.2910156
batch	3340	valid_loss	68017.8955078
batch	3360	valid_loss	68004.1523438
batch	3380	valid_loss	67998.71875
batch	3400	valid_loss	68012.9716797
batch	3420	valid_loss	68012.8071289
batch	3440	valid_loss	68000.7412109
batch	3460	valid_loss	67999.440918
batch	3480	valid_loss	67989.3100586
batch	3500	valid_loss	67990.8295898
batch	3520	valid_loss	68000.480957
batch	3540	valid_loss	67997.1547852
batch	3560	valid_loss	67987.7583008
batch	3580	valid_loss	67995.0844727
batch	3600	valid_loss	67994.6499023
batch	3620	valid_loss	67988.0908203
batch	3640	valid_loss	67985.1923828
batch	3660	valid_loss	67988.2089844
batch	3680	valid_loss	67977.9423828
batch	3700	valid_loss	67983.4169922
batch	3720	valid_loss	67993.2338867
batch	3740	valid_loss	67985.8164062
batch	3760	valid_loss	67969.484375
batch	3780	valid_loss	67971.9716797
batch	3800	valid_loss	67967.1308594
batch	3820	valid_loss	67978.8642578
batch	3840	valid_loss	67974.4287109
batch	3860	valid_loss	67972.2597656
batch	3880	valid_loss	67965.1376953
batch	3900	valid_loss	67969.8154297
batch	3920	valid_loss	67965.3398438
batch	3940	valid_loss	67960.6425781
batch	3960	valid_loss	67961.2402344
batch	3980	valid_loss	67967.0952148
batch	4000	valid_loss	67958.2485352
batch	4020	valid_loss	67960.699707
batch	4040	valid_loss	67972.4238281
batch	4060	valid_loss	67956.4902344
batch	4080	valid_loss	67956.0551758
batch	4100	valid_loss	67944.5561523
batch	4120	valid_loss	67952.4609375
batch	4140	valid_loss	67960.7641602
batch	4160	valid_loss	67956.7050781
batch	4180	valid_loss	67948.6674805
batch	4200	valid_loss	67951.4731445
batch	4220	valid_loss	67952.840332
batch	4240	valid_loss	67939.5424805
batch	4260	valid_loss	67937.7294922
batch	4280	valid_loss	67951.2324219
batch	4300	valid_loss	67949.4594727
batch	4320	valid_loss	67941.5561523
batch	4340	valid_loss	67954.2724609
batch	4360	valid_loss	67941.7695312
batch	4380	valid_loss	67935.5449219
batch	4400	valid_loss	67940.3540039
batch	4420	valid_loss	67934.3037109
batch	4440	valid_loss	67936.3857422
batch	4460	valid_loss	67934.5458984
batch	4480	valid_loss	67940.315918
batch	4500	valid_loss	67937.40625
batch	4520	valid_loss	67932.1782227
batch	4540	valid_loss	67936.9194336
batch	4560	valid_loss	67931.4785156
batch	4580	valid_loss	67929.5004883
batch	4600	valid_loss	67939.5664062
batch	4620	valid_loss	67929.4819336
batch	4640	valid_loss	67932.4916992
batch	4660	valid_loss	67930.8129883
batch	4680	valid_loss	67927.4511719
batch	4700	valid_loss	67919.6513672
batch	4720	valid_loss	67915.671875
batch	4740	valid_loss	67918.2373047
batch	4760	valid_loss	67929.3154297
batch	4780	valid_loss	67929.5224609
batch	4800	valid_loss	67927.7915039
batch	4820	valid_loss	67914.2978516
batch	4840	valid_loss	67922.5771484
batch	4860	valid_loss	67911.840332
batch	4880	valid_loss	67911.2714844
batch	4900	valid_loss	67927.7719727
batch	4920	valid_loss	67913.800293
batch	4940	valid_loss	67912.7045898
batch	4960	valid_loss	67920.8344727
batch	4980	valid_loss	67923.4609375
batch	5000	valid_loss	67910.6455078
batch	5020	valid_loss	67920.9448242
batch	5040	valid_loss	67906.3037109
batch	5060	valid_loss	67907.9833984
batch	5080	valid_loss	67925.1425781
batch	5100	valid_loss	67918.8139648
batch	5120	valid_loss	67911.3320312
batch	5140	valid_loss	67917.5478516
batch	5160	valid_loss	67919.4892578
batch	5180	valid_loss	67905.5981445
batch	5200	valid_loss	67912.378418
batch	5220	valid_loss	67918.3676758
batch	5240	valid_loss	67908.5541992
batch	5260	valid_loss	67908.8452148
batch	5280	valid_loss	67921.5839844
batch	5300	valid_loss	67911.3139648
batch	5320	valid_loss	67904.1254883
batch	5340	valid_loss	67901.7285156
batch	5360	valid_loss	67905.4301758
batch	5380	valid_loss	67915.3427734
batch	5400	valid_loss	67908.925293
batch	5420	valid_loss	67910.4106445
batch	5440	valid_loss	67903.8896484
batch	5460	valid_loss	67908.003418
batch	5480	valid_loss	67899.3427734
batch	5500	valid_loss	67896.230957
batch	5520	valid_loss	67896.9575195
batch	5540	valid_loss	67903.8164062
batch	5560	valid_loss	67895.5668945
batch	5580	valid_loss	67903.6582031
batch	5600	valid_loss	67909.1430664
batch	5620	valid_loss	67900.5898438
batch	5640	valid_loss	67896.2822266
batch	5660	valid_loss	67888.855957
batch	5680	valid_loss	67906.293457
batch	5700	valid_loss	67909.2729492
batch	5720	valid_loss	67907.2382812
batch	5740	valid_loss	67899.5058594
batch	5760	valid_loss	67898.902832
batch	5780	valid_loss	67903.6542969
batch	5800	valid_loss	67892.2270508
batch	5820	valid_loss	67893.8710938
batch	5840	valid_loss	67902.3037109
batch	5860	valid_loss	67901.7148438
batch	5880	valid_loss	67892.6176758
batch	5900	valid_loss	67903.7133789
batch	5920	valid_loss	67898.0786133
batch	5940	valid_loss	67897.3007812
batch	5960	valid_loss	67895.9599609
batch	5980	valid_loss	67895.7207031
batch	6000	valid_loss	67895.1142578
batch	6020	valid_loss	67893.5805664
batch	6040	valid_loss	67901.7924805
batch	6060	valid_loss	67894.6586914
batch	6080	valid_loss	67895.5756836
batch	6100	valid_loss	67897.4555664
batch	6120	valid_loss	67892.9448242
batch	6140	valid_loss	67890.3339844
batch	6160	valid_loss	67901.0292969
batch	6180	valid_loss	67887.2451172
batch	6200	valid_loss	67900.8129883
batch	6220	valid_loss	67896.4750977
batch	6240	valid_loss	67892.4321289
batch	6260	valid_loss	67893.199707
batch	6280	valid_loss	67879.1025391
batch	6300	valid_loss	67890.0878906
batch	6320	valid_loss	67899.2197266
batch	6340	valid_loss	67893.0307617
batch	6360	valid_loss	67893.5126953
batch	6380	valid_loss	67890.6049805
batch	6400	valid_loss	67895.246582
batch	6420	valid_loss	67880.0205078
batch	6440	valid_loss	67881.9555664
batch	6460	valid_loss	67895.0068359
batch	6480	valid_loss	67888.980957
batch	6500	valid_loss	67881.2929688
batch	6520	valid_loss	67891.7294922
batch	6540	valid_loss	67898.6875
batch	6560	valid_loss	67882.215332
batch	6580	valid_loss	67887.5029297
batch	6600	valid_loss	67879.527832
batch	6620	valid_loss	67884.9931641
batch	6640	valid_loss	67892.2583008
batch	6660	valid_loss	67896.1425781
batch	6680	valid_loss	67885.2661133
batch	6700	valid_loss	67892.4150391
batch	6720	valid_loss	67891.4746094
batch	6740	valid_loss	67881.1279297
batch	6760	valid_loss	67886.5629883
batch	6780	valid_loss	67892.262207
batch	6800	valid_loss	67888.6396484
batch	6820	valid_loss	67889.5302734
batch	6840	valid_loss	67896.7714844
batch	6860	valid_loss	67884.4667969
batch	6880	valid_loss	67883.3266602
batch	6900	valid_loss	67876.6708984
batch	6920	valid_loss	67882.440918
batch	6940	valid_loss	67889.4790039
batch	6960	valid_loss	67886.5893555
batch	6980	valid_loss	67887.6972656
batch	7000	valid_loss	67884.675293
batch	7020	valid_loss	67886.6425781
batch	7040	valid_loss	67878.6225586
batch	7060	valid_loss	67876.921875
batch	7080	valid_loss	67881.7988281
batch	7100	valid_loss	67889.7509766
batch	7120	valid_loss	67871.1679688
batch	7140	valid_loss	67886.4770508
batch	7160	valid_loss	67885.6425781
batch	7180	valid_loss	67881.6328125
batch	7200	valid_loss	67879.9995117
batch	7220	valid_loss	67870.7724609
batch	7240	valid_loss	67880.9301758
batch	7260	valid_loss	67886.0102539
batch	7280	valid_loss	67888.9804688
batch	7300	valid_loss	67881.5083008
batch	7320	valid_loss	67881.534668
batch	7340	valid_loss	67882.4643555
batch	7360	valid_loss	67870.4985352
batch	7380	valid_loss	67873.8354492
batch	7400	valid_loss	67886.1494141
batch	7420	valid_loss	67877.9487305
batch	7440	valid_loss	67877.8408203
batch	7460	valid_loss	67889.3344727
batch	7480	valid_loss	67881.5878906
batch	7500	valid_loss	67873.3984375
batch	7520	valid_loss	67879.2714844
batch	7540	valid_loss	67873.309082
batch	7560	valid_loss	67875.3037109
batch	7580	valid_loss	67876.0732422
batch	7600	valid_loss	67886.2988281
batch	7620	valid_loss	67879.2890625
batch	7640	valid_loss	67878.4375
batch	7660	valid_loss	67878.1928711
batch	7680	valid_loss	67871.8037109
batch	7700	valid_loss	67876.815918
batch	7720	valid_loss	67884.597168
batch	7740	valid_loss	67869.4892578
batch	7760	valid_loss	67883.5546875
batch	7780	valid_loss	67885.043457
batch	7800	valid_loss	67873.0615234
batch	7820	valid_loss	67874.2055664
batch	7840	valid_loss	67863.8100586
batch	7860	valid_loss	67877.0161133
batch	7880	valid_loss	67879.9458008
batch	7900	valid_loss	67879.265625
batch	7920	valid_loss	67881.6865234
batch	7940	valid_loss	67877.324707
batch	7960	valid_loss	67880.1269531
batch	7980	valid_loss	67864.7080078
batch	8000	valid_loss	67869.9135742
batch	8020	valid_loss	67881.1459961
batch	8040	valid_loss	67874.9448242
batch	8060	valid_loss	67863.3256836
batch	8080	valid_loss	67878.6206055
batch	8100	valid_loss	67879.8041992
batch	8120	valid_loss	67871.8168945
batch	8140	valid_loss	67872.027832
batch	8160	valid_loss	67863.9199219
batch	8180	valid_loss	67873.746582
batch	8200	valid_loss	67872.7299805
batch	8220	valid_loss	67880.0175781
batch	8240	valid_loss	67874.875
batch	8260	valid_loss	67879.3759766
batch	8280	valid_loss	67876.2753906
batch	8300	valid_loss	67865.0791016
batch	8320	valid_loss	67872.7275391
batch	8340	valid_loss	67882.0366211
batch	8360	valid_loss	67867.956543
batch	8380	valid_loss	67872.9731445
batch	8400	valid_loss	67881.909668
batch	8420	valid_loss	67870.1489258
batch	8440	valid_loss	67868.6743164
batch	8460	valid_loss	67869.3105469
batch	8480	valid_loss	67876.2895508
batch	8500	valid_loss	67869.4638672
batch	8520	valid_loss	67873.9555664
batch	8540	valid_loss	67876.1025391
batch	8560	valid_loss	67871.1313477
batch	8580	valid_loss	67876.3198242
batch	8600	valid_loss	67866.1308594
batch	8620	valid_loss	67864.980957
batch	8640	valid_loss	67871.4194336
batch	8660	valid_loss	67877.3486328
batch	8680	valid_loss	67865.7260742
batch	8700	valid_loss	67876.8271484
batch	8720	valid_loss	67874.6015625
batch	8740	valid_loss	67865.565918
batch	8760	valid_loss	67870.6166992
batch	8780	valid_loss	67856.1806641
batch	8800	valid_loss	67866.2539062
batch	8820	valid_loss	67871.8364258
batch	8840	valid_loss	67875.2749023
batch	8860	valid_loss	67871.3388672
batch	8880	valid_loss	67869.4296875
batch	8900	valid_loss	67870.9589844
batch	8920	valid_loss	67859.262207
batch	8940	valid_loss	67869.6669922
batch	8960	valid_loss	67878.7675781
batch	8980	valid_loss	67867.1157227
batch	9000	valid_loss	67858.753418
batch	9020	valid_loss	67876.6191406
batch	9040	valid_loss	67868.3164062
batch	9060	valid_loss	67864.0688477
batch	9080	valid_loss	67867.1000977
batch	9100	valid_loss	67865.6660156
batch	9120	valid_loss	67869.559082
batch	9140	valid_loss	67867.7480469
batch	9160	valid_loss	67876.1396484
batch	9180	valid_loss	67869.9208984
batch	9200	valid_loss	67869.6005859
batch	9220	valid_loss	67873.137207
batch	9240	valid_loss	67863.875
batch	9260	valid_loss	67865.4199219
batch	9280	valid_loss	67879.171875
batch	9300	valid_loss	67861.4604492
batch	9320	valid_loss	67875.0097656
batch	9340	valid_loss	67875.9492188
batch	9360	valid_loss	67866.0356445
batch	9380	valid_loss	67867.0175781
batch	9400	valid_loss	67856.2270508
batch	9420	valid_loss	67870.453125
batch	9440	valid_loss	67871.4550781
batch	9460	valid_loss	67875.3779297
batch	9480	valid_loss	67873.9375
batch	9500	valid_loss	67870.215332
batch	9520	valid_loss	67873.9248047
batch	9540	valid_loss	67859.4736328
batch	9560	valid_loss	67862.5854492
batch	9580	valid_loss	67877.6401367
batch	9600	valid_loss	67871.5708008
batch	9620	valid_loss	67857.6425781
batch	9640	valid_loss	67876.472168
batch	9660	valid_loss	67871.9047852
batch	9680	valid_loss	67864.2880859
batch	9700	valid_loss	67866.3129883
batch	9720	valid_loss	67859.0610352
batch	9740	valid_loss	67866.375
batch	9760	valid_loss	67865.6137695
batch	9780	valid_loss	67873.8666992
batch	9800	valid_loss	67870.3642578
batch	9820	valid_loss	67870.2011719
batch	9840	valid_loss	67874.081543
batch	9860	valid_loss	67860.2670898
batch	9880	valid_loss	67868.7373047
batch	9900	valid_loss	67878.4711914
batch	9920	valid_loss	67858.1708984
batch	9940	valid_loss	67867.1396484
batch	9960	valid_loss	67873.1577148
batch	9980	valid_loss	67863.0727539
batch	10000	valid_loss	67865.074707
batch	10020	valid_loss	67860.2700195
batch	10040	valid_loss	67867.3535156
batch	10060	valid_loss	67868.5405273
batch	10080	valid_loss	67874.3999023
batch	10100	valid_loss	67873.4145508
batch	10120	valid_loss	67864.3588867
batch	10140	valid_loss	67874.5683594
batch	10160	valid_loss	67861.4711914
batch	10180	valid_loss	67861.6235352
batch	10200	valid_loss	67869.3212891
batch	10220	valid_loss	67870.8217773
batch	10240	valid_loss	67858.5883789
batch	10260	valid_loss	67873.0898438
batch	10280	valid_loss	67871.3188477
batch	10300	valid_loss	67866.3168945
batch	10320	valid_loss	67868.6772461
batch	10340	valid_loss	67852.2636719
batch	10360	valid_loss	67866.5102539
batch	10380	valid_loss	67872.6601562
batch	10400	valid_loss	67873.2509766
batch	10420	valid_loss	67866.5517578
batch	10440	valid_loss	67868.0698242
batch	10460	valid_loss	67870.1020508
batch	10480	valid_loss	67861.0673828
batch	10500	valid_loss	67862.3286133
batch	10520	valid_loss	67876.609375
batch	10540	valid_loss	67863.7739258
batch	10560	valid_loss	67860.9790039
batch	10580	valid_loss	67875.9423828
batch	10600	valid_loss	67869.5151367
batch	10620	valid_loss	67862.9077148
batch	10640	valid_loss	67860.2172852
batch	10660	valid_loss	67860.4902344
batch	10680	valid_loss	67863.6958008
batch	10700	valid_loss	67867.0053711
batch	10720	valid_loss	67873.1074219
batch	10740	valid_loss	67869.5800781
batch	10760	valid_loss	67866.6455078
batch	10780	valid_loss	67866.2285156
batch	10800	valid_loss	67860.137207
batch	10820	valid_loss	67869.262207
batch	10840	valid_loss	67875.1933594
batch	10860	valid_loss	67859.3637695
batch	10880	valid_loss	67872.7172852
batch	10900	valid_loss	67872.1157227
batch	10920	valid_loss	67861.4233398
batch	10940	valid_loss	67867.8710938
batch	10960	valid_loss	67853.4418945
batch	10980	valid_loss	67865.8081055
batch	11000	valid_loss	67866.7211914
batch	11020	valid_loss	67874.3256836
batch	11040	valid_loss	67870.4042969
batch	11060	valid_loss	67867.7578125
batch	11080	valid_loss	67869.4667969
batch	11100	valid_loss	67858.9042969
batch	11120	valid_loss	67857.8017578
batch	11140	valid_loss	67874.4326172
batch	11160	valid_loss	67868.2758789
batch	11180	valid_loss	67859.7109375
batch	11200	valid_loss	67872.4384766
batch	11220	valid_loss	67873.3188477
batch	11240	valid_loss	67859.1494141
batch	11260	valid_loss	67867.2587891
batch	11280	valid_loss	67856.5522461
batch	11300	valid_loss	67867.7143555
batch	11320	valid_loss	67870.6938477
batch	11340	valid_loss	67870.7944336
batch	11360	valid_loss	67866.2333984
batch	11380	valid_loss	67867.8188477
batch	11400	valid_loss	67868.2124023
batch	11420	valid_loss	67854.7060547
batch	11440	valid_loss	67873.6660156
batch	11460	valid_loss	67876.8388672
batch	11480	valid_loss	67859.5791016
batch	11500	valid_loss	67865.5908203
batch	11520	valid_loss	67872.7426758
batch	11540	valid_loss	67863.8857422
batch	11560	valid_loss	67861.1601562
batch	11580	valid_loss	67861.2290039
batch	11600	valid_loss	67864.4335938
batch	11620	valid_loss	67867.2929688
batch	11640	valid_loss	67870.6455078
batch	11660	valid_loss	67868.5537109
batch	11680	valid_loss	67864.9213867
batch	11700	valid_loss	67870.0048828
batch	11720	valid_loss	67863.6254883
batch	11740	valid_loss	67859.7333984
batch	11760	valid_loss	67868.9960938
batch	11780	valid_loss	67871.8188477
batch	11800	valid_loss	67859.9936523
batch	11820	valid_loss	67872.1484375
batch	11840	valid_loss	67869.4262695
batch	11860	valid_loss	67861.5498047
batch	11880	valid_loss	67864.222168
batch	11900	valid_loss	67853.8105469
batch	11920	valid_loss	67865.0893555
batch	11940	valid_loss	67868.4208984
batch	11960	valid_loss	67874.3364258
batch	11980	valid_loss	67863.625
batch	12000	valid_loss	67867.434082
batch	12020	valid_loss	67868.8681641
batch	12040	valid_loss	67855.9272461
batch	12060	valid_loss	67862.8598633
batch	12080	valid_loss	67876.675293
batch	12100	valid_loss	67865.0214844
batch	12120	valid_loss	67859.9736328
batch	12140	valid_loss	67873.9575195
batch	12160	valid_loss	67870.9638672
batch	12180	valid_loss	67861.5532227
batch	12200	valid_loss	67865.2788086
batch	12220	valid_loss	67863.6552734
batch	12240	valid_loss	67863.0546875
batch	12260	valid_loss	67865.5351562
batch	12280	valid_loss	67872.0595703
batch	12300	valid_loss	67870.8413086
batch	12320	valid_loss	67868.8168945
batch	12340	valid_loss	67869.1704102
batch	12360	valid_loss	67860.4614258
batch	12380	valid_loss	67869.5058594
batch	12400	valid_loss	67876.5493164
batch	12420	valid_loss	67859.9204102
batch	12440	valid_loss	67870.1928711
batch	12460	valid_loss	67870.7094727
batch	12480	valid_loss	67856.8383789
batch	12500	valid_loss	67864.2050781
batch	12520	valid_loss	67852.4790039
batch	12540	valid_loss	67866.4785156
batch	12560	valid_loss	67868.0126953
batch	12580	valid_loss	67871.5761719
batch	12600	valid_loss	67869.0683594
batch	12620	valid_loss	67867.1230469
batch	12640	valid_loss	67873.3369141
batch	12660	valid_loss	67857.7871094
batch	12680	valid_loss	67857.7026367
batch	12700	valid_loss	67878.2539062
batch	12720	valid_loss	67866.3735352
batch	12740	valid_loss	67858.4047852
batch	12760	valid_loss	67870.3227539
batch	12780	valid_loss	67870.8120117
batch	12800	valid_loss	67862.2954102
batch	12820	valid_loss	67865.8100586
batch	12840	valid_loss	67854.0600586
batch	12860	valid_loss	67866.3579102
batch	12880	valid_loss	67866.4248047
batch	12900	valid_loss	67874.4716797
batch	12920	valid_loss	67869.5229492
batch	12940	valid_loss	67867.0678711
batch	12960	valid_loss	67867.0112305
batch	12980	valid_loss	67860.4941406
batch	13000	valid_loss	67873.921875
batch	13020	valid_loss	67878.6904297
batch	13040	valid_loss	67856.3046875
batch	13060	valid_loss	67868.0756836
batch	13080	valid_loss	67872.4985352
batch	13100	valid_loss	67861.6860352
batch	13120	valid_loss	67860.0214844
batch	13140	valid_loss	67855.0551758
batch	13160	valid_loss	67865.065918
batch	13180	valid_loss	67863.6967773
batch	13200	valid_loss	67871.1181641
batch	13220	valid_loss	67868.2939453
batch	13240	valid_loss	67865.8813477
batch	13260	valid_loss	67868.1777344
batch	13280	valid_loss	67863.8334961
batch	13300	valid_loss	67858.5800781
batch	13320	valid_loss	67868.4599609
batch	13340	valid_loss	67870.6401367
batch	13360	valid_loss	67858.940918
batch	13380	valid_loss	67872.9433594
batch	13400	valid_loss	67872.125
batch	13420	valid_loss	67861.9609375
batch	13440	valid_loss	67867.4458008
batch	13460	valid_loss	67852.3803711
batch	13480	valid_loss	67864.5683594
batch	13500	valid_loss	67867.1132812
batch	13520	valid_loss	67872.2290039
batch	13540	valid_loss	67865.1879883
batch	13560	valid_loss	67869.7314453
batch	13580	valid_loss	67868.956543
batch	13600	valid_loss	67857.1972656
batch	13620	valid_loss	67862.0141602
batch	13640	valid_loss	67876.9780273
batch	13660	valid_loss	67862.9946289
batch	13680	valid_loss	67864.8666992
batch	13700	valid_loss	67873.5258789
batch	13720	valid_loss	67865.637207
batch	13740	valid_loss	67860.6704102
batch	13760	valid_loss	67861.6611328
batch	13780	valid_loss	67864.5356445
batch	13800	valid_loss	67863.6958008
batch	13820	valid_loss	67868.1064453
batch	13840	valid_loss	67873.378418
batch	13860	valid_loss	67866.7485352
batch	13880	valid_loss	67864.4272461
batch	13900	valid_loss	67865.65625
batch	13920	valid_loss	67860.199707
batch	13940	valid_loss	67866.5068359
batch	13960	valid_loss	67874.6015625
batch	13980	valid_loss	67855.8852539
batch	14000	valid_loss	67868.8398438
batch	14020	valid_loss	67875.4853516
batch	14040	valid_loss	67855.402832
batch	14060	valid_loss	67867.8798828
batch	14080	valid_loss	67855.6650391
batch	14100	valid_loss	67865.9301758
batch	14120	valid_loss	67866.7314453
batch	14140	valid_loss	67872.0703125
batch	14160	valid_loss	67868.3798828
batch	14180	valid_loss	67866.980957
batch	14200	valid_loss	67872.3061523
batch	14220	valid_loss	67854.090332
batch	14240	valid_loss	67859.3496094
batch	14260	valid_loss	67873.3789062
batch	14280	valid_loss	67869.5234375
batch	14300	valid_loss	67858.0053711
batch	14320	valid_loss	67871.8232422
batch	14340	valid_loss	67869.4165039
batch	14360	valid_loss	67861.3393555
batch	14380	valid_loss	67866.4370117
batch	14400	valid_loss	67852.6054688
batch	14420	valid_loss	67865.6494141
batch	14440	valid_loss	67865.0639648
batch	14460	valid_loss	67870.559082
batch	14480	valid_loss	67866.3710938
batch	14500	valid_loss	67866.9897461
batch	14520	valid_loss	67864.453125
batch	14540	valid_loss	67858.847168
batch	14560	valid_loss	67871.5424805
batch	14580	valid_loss	67878.8955078
batch	14600	valid_loss	67857.5810547
batch	14620	valid_loss	67869.1962891
batch	14640	valid_loss	67870.2866211
batch	14660	valid_loss	67861.6962891
batch	14680	valid_loss	67863.9716797
batch	14700	valid_loss	67855.512207
batch	14720	valid_loss	67866.1137695
batch	14740	valid_loss	67865.7080078
batch	14760	valid_loss	67870.8725586
batch	14780	valid_loss	67869.3896484
batch	14800	valid_loss	67867.0708008
batch	14820	valid_loss	67867.9448242
batch	14840	valid_loss	67860.1567383
batch	14860	valid_loss	67861.7148438
batch	14880	valid_loss	67864.730957
batch	14900	valid_loss	67871.2705078
batch	14920	valid_loss	67858.9755859
batch	14940	valid_loss	67870.1748047
batch	14960	valid_loss	67869.8925781
batch	14980	valid_loss	67857.6630859
batch	15000	valid_loss	67865.4033203
batch	15020	valid_loss	67849.5200195
batch	15040	valid_loss	67864.8710938
batch	15060	valid_loss	67868.5751953
batch	15080	valid_loss	67873.722168
batch	15100	valid_loss	67865.0053711
batch	15120	valid_loss	67869.0195312
batch	15140	valid_loss	67868.2539062
batch	15160	valid_loss	67858.4145508
batch	15180	valid_loss	67863.6733398
batch	15200	valid_loss	67875.7236328
batch	15220	valid_loss	67860.5581055
batch	15240	valid_loss	67861.4482422
batch	15260	valid_loss	67872.796875
batch	15280	valid_loss	67867.5332031
batch	15300	valid_loss	67860.3188477
batch	15320	valid_loss	67861.2368164
batch	15340	valid_loss	67862.0327148
batch	15360	valid_loss	67861.1054688
batch	15380	valid_loss	67870.6245117
batch	15400	valid_loss	67870.8989258
batch	15420	valid_loss	67865.9145508
batch	15440	valid_loss	67863.168457
batch	15460	valid_loss	67863.2827148
batch	15480	valid_loss	67859.0522461
batch	15500	valid_loss	67869.4160156
batch	15520	valid_loss	67880.6782227
batch	15540	valid_loss	67858.9477539
batch	15560	valid_loss	67871.4492188
batch	15580	valid_loss	67869.8935547
batch	15600	valid_loss	67857.6538086
batch	15620	valid_loss	67863.3271484
batch	15640	valid_loss	67853.8188477
batch	15660	valid_loss	67866.1020508
batch	15680	valid_loss	67868.8129883
batch	15700	valid_loss	67870.1665039
batch	15720	valid_loss	67867.9711914
batch	15740	valid_loss	67865.6069336
batch	15760	valid_loss	67868.1879883
batch	15780	valid_loss	67858.3886719
batch	15800	valid_loss	67857.0068359
batch	15820	valid_loss	67870.8491211
batch	15840	valid_loss	67869.0400391
batch	15860	valid_loss	67856.0830078
batch	15880	valid_loss	67872.1669922
batch	15900	valid_loss	67867.5107422
batch	15920	valid_loss	67857.8745117
batch	15940	valid_loss	67870.4604492
batch	15960	valid_loss	67854.675293
batch	15980	valid_loss	67868.1835938
batch	16000	valid_loss	67868.7856445
batch	16020	valid_loss	67872.7768555
batch	16040	valid_loss	67862.2158203
batch	16060	valid_loss	67865.9770508
batch	16080	valid_loss	67867.1020508
batch	16100	valid_loss	67855.2910156
batch	16120	valid_loss	67871.7998047
batch	16140	valid_loss	67878.2089844
batch	16160	valid_loss	67854.1396484
batch	16180	valid_loss	67867.78125
batch	16200	valid_loss	67871.859375
batch	16220	valid_loss	67862.2290039
batch	16240	valid_loss	67859.015625
batch	16260	valid_loss	67854.3071289
batch	16280	valid_loss	67864.3798828
batch	16300	valid_loss	67866.1474609
batch	16320	valid_loss	67867.7797852
batch	16340	valid_loss	67869.5507812
batch	16360	valid_loss	67865.7299805
batch	16380	valid_loss	67866.8432617
batch	16400	valid_loss	67862.940918
batch	16420	valid_loss	67859.2114258
batch	16440	valid_loss	67868.4189453
batch	16460	valid_loss	67868.6201172
batch	16480	valid_loss	67858.3642578
batch	16500	valid_loss	67869.7265625
batch	16520	valid_loss	67870.1953125
batch	16540	valid_loss	67857.4707031
batch	16560	valid_loss	67866.8256836
batch	16580	valid_loss	67852.7949219
batch	16600	valid_loss	67864.6884766
batch	16620	valid_loss	67867.0390625
batch	16640	valid_loss	67872.3891602
batch	16660	valid_loss	67862.9316406
batch	16680	valid_loss	67866.1845703
batch	16700	valid_loss	67868.9838867
batch	16720	valid_loss	67855.5634766
batch	16740	valid_loss	67864.5214844
batch	16760	valid_loss	67876.0229492
batch	16780	valid_loss	67858.4189453
batch	16800	valid_loss	67859.159668
batch	16820	valid_loss	67872.7753906
batch	16840	valid_loss	67868.487793
batch	16860	valid_loss	67861.3217773
batch	16880	valid_loss	67861.7080078
batch	16900	valid_loss	67859.0727539
batch	16920	valid_loss	67863.9228516
batch	16940	valid_loss	67865.6079102
batch	16960	valid_loss	67870.9101562
batch	16980	valid_loss	67867.0991211
batch	17000	valid_loss	67863.7763672
batch	17020	valid_loss	67865.4394531
batch	17040	valid_loss	67859.7612305
batch	17060	valid_loss	67867.5893555
batch	17080	valid_loss	67875.3398438
batch	17100	valid_loss	67858.9584961
batch	17120	valid_loss	67868.3354492
batch	17140	valid_loss	67871.7236328
batch	17160	valid_loss	67855.6220703
batch	17180	valid_loss	67860.7543945
batch	17200	valid_loss	67853.9980469
batch	17220	valid_loss	67864.6308594
batch	17240	valid_loss	67865.8481445
batch	17260	valid_loss	67872.1650391
batch	17280	valid_loss	67862.4082031
batch	17300	valid_loss	67868.2148438
batch	17320	valid_loss	67870.5703125
batch	17340	valid_loss	67856.5419922
batch	17360	valid_loss	67856.7329102
batch	17380	valid_loss	67871.3198242
batch	17400	valid_loss	67866.0170898
batch	17420	valid_loss	67856.6147461
batch	17440	valid_loss	67873.7617188
batch	17460	valid_loss	67870.5439453
batch	17480	valid_loss	67860.2915039
batch	17500	valid_loss	67865.0566406
batch	17520	valid_loss	67856.0712891
batch	17540	valid_loss	67863.7763672
batch	17560	valid_loss	67867.0795898
batch	17580	valid_loss	67870.6679688
batch	17600	valid_loss	67863.8554688
batch	17620	valid_loss	67868.7299805
batch	17640	valid_loss	67864.9008789
batch	17660	valid_loss	67856.0512695
batch	17680	valid_loss	67870.4995117
batch	17700	valid_loss	67877.3032227
batch	17720	valid_loss	67856.4516602
batch	17740	valid_loss	67868.4257812
batch	17760	valid_loss	67870.6889648
batch	17780	valid_loss	67862.4111328
batch	17800	valid_loss	67858.9799805
batch	17820	valid_loss	67854.4702148
batch	17840	valid_loss	67867.3911133
batch	17860	valid_loss	67868.9604492
batch	17880	valid_loss	67869.4560547
batch	17900	valid_loss	67869.3574219
batch	17920	valid_loss	67866.5170898
batch	17940	valid_loss	67868.4462891
batch	17960	valid_loss	67860.8076172
batch	17980	valid_loss	67859.8798828
batch	18000	valid_loss	67867.5576172
batch	18020	valid_loss	67866.9140625
batch	18040	valid_loss	67857.7084961
batch	18060	valid_loss	67872.3378906
batch	18080	valid_loss	67869.5800781
batch	18100	valid_loss	67857.421875
batch	18120	valid_loss	67865.4150391
batch	18140	valid_loss	67851.159668
batch	18160	valid_loss	67861.7612305
batch	18180	valid_loss	67869.4458008
batch	18200	valid_loss	67872.5048828
batch	18220	valid_loss	67862.6621094
batch	18240	valid_loss	67865.199707
batch	18260	valid_loss	67869.5229492
batch	18280	valid_loss	67855.9824219
batch	18300	valid_loss	67864.7250977
batch	18320	valid_loss	67875.362793
batch	18340	valid_loss	67861.862793
batch	18360	valid_loss	67863.2792969
batch	18380	valid_loss	67870.2709961
batch	18400	valid_loss	67868.2148438
batch	18420	valid_loss	67860.9345703
batch	18440	valid_loss	67861.0112305
batch	18460	valid_loss	67858.90625
batch	18480	valid_loss	67862.3183594
batch	18500	valid_loss	67866.6948242
batch	18520	valid_loss	67868.6074219
batch	18540	valid_loss	67869.4003906
batch	18560	valid_loss	67859.7646484
batch	18580	valid_loss	67866.0795898
batch	18600	valid_loss	67861.3642578
batch	18620	valid_loss	67868.6738281
batch	18640	valid_loss	67875.675293
batch	18660	valid_loss	67854.2490234
batch	18680	valid_loss	67871.2993164
batch	18700	valid_loss	67870.3378906
batch	18720	valid_loss	67856.2524414
batch	18740	valid_loss	67861.3076172
batch	18760	valid_loss	67853.5092773
batch	18780	valid_loss	67864.7265625
batch	18800	valid_loss	67866.2460938
batch	18820	valid_loss	67870.5317383
batch	18840	valid_loss	67868.6074219
batch	18860	valid_loss	67867.3618164
batch	18880	valid_loss	67870.6879883
batch	18900	valid_loss	67853.9790039
batch	18920	valid_loss	67859.1054688
batch	18940	valid_loss	67872.6459961
batch	18960	valid_loss	67864.9370117
batch	18980	valid_loss	67856.7036133
batch	19000	valid_loss	67870.362793
batch	19020	valid_loss	67868.2597656
batch	19040	valid_loss	67856.3569336
batch	19060	valid_loss	67866.5756836
batch	19080	valid_loss	67858.5834961
batch	19100	valid_loss	67864.4956055
batch	19120	valid_loss	67866.480957
batch	19140	valid_loss	67866.4091797
batch	19160	valid_loss	67867.7080078
batch	19180	valid_loss	67867.1606445
batch	19200	valid_loss	67862.5615234
batch	19220	valid_loss	67856.4008789
batch	19240	valid_loss	67869.824707
batch	19260	valid_loss	67875.7788086
batch	19280	valid_loss	67856.7739258
batch	19300	valid_loss	67866.8745117
batch	19320	valid_loss	67866.4316406
batch	19340	valid_loss	67862.3251953
batch	19360	valid_loss	67860.090332
batch	19380	valid_loss	67854.8579102
batch	19400	valid_loss	67867.1479492
batch	19420	valid_loss	67865.9907227
batch	19440	valid_loss	67869.4736328
batch	19460	valid_loss	67865.9526367
batch	19480	valid_loss	67864.2885742
batch	19500	valid_loss	67870.3178711
batch	19520	valid_loss	67861.2763672
batch	19540	valid_loss	67861.2919922
batch	19560	valid_loss	67869.2348633
batch	19580	valid_loss	67870.574707
batch	19600	valid_loss	67857.7299805
batch	19620	valid_loss	67876.2788086
batch	19640	valid_loss	67867.5512695
batch	19660	valid_loss	67856.1083984
batch	19680	valid_loss	67862.996582
batch	19700	valid_loss	67852.0048828
batch	19720	valid_loss	67866.6660156
batch	19740	valid_loss	67869.6542969
batch	19760	valid_loss	67869.2661133
batch	19780	valid_loss	67862.8735352
batch	19800	valid_loss	67866.6523438
batch	19820	valid_loss	67868.3422852
batch	19840	valid_loss	67854.7285156
batch	19860	valid_loss	67865.3193359
batch	19880	valid_loss	67875.0917969
batch	19900	valid_loss	67860.3198242
batch	19920	valid_loss	67862.7651367
batch	19940	valid_loss	67873.628418
batch	19960	valid_loss	67867.1308594
batch	19980	valid_loss	67858.9057617
batch	20000	valid_loss	67862.3510742
batch	20020	valid_loss	67861.2617188
batch	20040	valid_loss	67860.4448242
batch	20060	valid_loss	67865.6235352
batch	20080	valid_loss	67869.0625
batch	20100	valid_loss	67870.0629883
batch	20120	valid_loss	67864.6904297
batch	20140	valid_loss	67863.0004883
batch	20160	valid_loss	67860.7504883
batch	20180	valid_loss	67869.0898438
batch	20200	valid_loss	67874.8535156
batch	20220	valid_loss	67854.4609375
batch	20240	valid_loss	67871.7382812
batch	20260	valid_loss	67869.6303711
batch	20280	valid_loss	67856.9169922
batch	20300	valid_loss	67861.0185547
batch	20320	valid_loss	67853.6176758
batch	20340	valid_loss	67864.2783203
batch	20360	valid_loss	67869.1796875
batch	20380	valid_loss	67872.440918
batch	20400	valid_loss	67864.2675781
batch	20420	valid_loss	67869.3300781
batch	20440	valid_loss	67872.1987305
batch	20460	valid_loss	67854.2402344
batch	20480	valid_loss	67859.2949219
batch	20500	valid_loss	67873.6552734
batch	20520	valid_loss	67862.4306641
batch	20540	valid_loss	67856.7626953
batch	20560	valid_loss	67869.2539062
batch	20580	valid_loss	67866.3012695
batch	20600	valid_loss	67858.671875
batch	20620	valid_loss	67864.0859375
batch	20640	valid_loss	67855.277832
batch	20660	valid_loss	67865.3706055
batch	20680	valid_loss	67866.9462891
batch	20700	valid_loss	67869.0844727
batch	20720	valid_loss	67863.4624023
batch	20740	valid_loss	67867.5561523
batch	20760	valid_loss	67862.8276367
batch	20780	valid_loss	67855.4677734
batch	20800	valid_loss	67868.2524414
batch	20820	valid_loss	67877.6762695
batch	20840	valid_loss	67855.5556641
batch	20860	valid_loss	67864.2119141
batch	20880	valid_loss	67869.8891602
batch	20900	valid_loss	67863.5512695
batch	20920	valid_loss	67858.8759766
batch	20940	valid_loss	67856.5053711
batch	20960	valid_loss	67864.0141602
batch	20980	valid_loss	67866.2280273
batch	21000	valid_loss	67872.5063477
batch	21020	valid_loss	67868.2294922
batch	21040	valid_loss	67867.046875
batch	21060	valid_loss	67868.96875
batch	21080	valid_loss	67858.5991211
batch	21100	valid_loss	67859.1801758
batch	21120	valid_loss	67867.3823242
batch	21140	valid_loss	67869.2666016
batch	21160	valid_loss	67858.6977539
batch	21180	valid_loss	67870.3398438
batch	21200	valid_loss	67866.6884766
batch	21220	valid_loss	67860.6225586
batch	21240	valid_loss	67868.996582
batch	21260	valid_loss	67848.0390625
batch	21280	valid_loss	67862.503418
batch	21300	valid_loss	67867.5664062
batch	21320	valid_loss	67873.9873047
batch	21340	valid_loss	67859.8569336
batch	21360	valid_loss	67862.7856445
batch	21380	valid_loss	67867.0942383
batch	21400	valid_loss	67855.4418945
batch	21420	valid_loss	67859.6367188
batch	21440	valid_loss	67875.1669922
batch	21460	valid_loss	67858.3681641
batch	21480	valid_loss	67859.8393555
batch	21500	valid_loss	67871.6787109
batch	21520	valid_loss	67866.4619141
batch	21540	valid_loss	67860.0292969
batch	21560	valid_loss	67864.6079102
batch	21580	valid_loss	67861.9335938
batch	21600	valid_loss	67864.222168
batch	21620	valid_loss	67866.8901367
batch	21640	valid_loss	67868.9702148
batch	21660	valid_loss	67866.9091797
batch	21680	valid_loss	67860.3632812
batch	21700	valid_loss	67866.7026367
batch	21720	valid_loss	67858.1938477
batch	21740	valid_loss	67867.8149414
batch	21760	valid_loss	67876.7636719
batch	21780	valid_loss	67856.2294922
batch	21800	valid_loss	67869.6113281
batch	21820	valid_loss	67867.6357422
batch	21840	valid_loss	67855.4013672
batch	21860	valid_loss	67859.4946289
batch	21880	valid_loss	67853.0634766
batch	21900	valid_loss	67864.6381836
batch	21920	valid_loss	67866.6552734
batch	21940	valid_loss	67873.0449219
batch	21960	valid_loss	67864.6401367
batch	21980	valid_loss	67869.3618164
batch	22000	valid_loss	67871.0224609
batch	22020	valid_loss	67854.7290039
batch	22040	valid_loss	67861.4677734
batch	22060	valid_loss	67870.425293
batch	22080	valid_loss	67865.9614258
batch	22100	valid_loss	67857.6259766
batch	22120	valid_loss	67868.0063477
batch	22140	valid_loss	67869.5571289
batch	22160	valid_loss	67858.0429688
batch	22180	valid_loss	67865.2324219
batch	22200	valid_loss	67855.7832031
batch	22220	valid_loss	67867.8173828
batch	22240	valid_loss	67866.140625
batch	22260	valid_loss	67871.7851562
batch	22280	valid_loss	67864.8959961
batch	22300	valid_loss	67866.2333984
batch	22320	valid_loss	67865.3720703
batch	22340	valid_loss	67855.9326172
batch	22360	valid_loss	67870.3344727
batch	22380	valid_loss	67875.847168
batch	22400	valid_loss	67858.4462891
batch	22420	valid_loss	67863.8027344
batch	22440	valid_loss	67871.8085938
batch	22460	valid_loss	67861.1079102
batch	22480	valid_loss	67860.1386719
batch	22500	valid_loss	67854.8549805
batch	22520	valid_loss	67865.7416992
batch	22540	valid_loss	67865.6054688
batch	22560	valid_loss	67869.0644531
batch	22580	valid_loss	67868.6865234
batch	22600	valid_loss	67867.1982422
batch	22620	valid_loss	67869.7563477
batch	22640	valid_loss	67860.9262695
batch	22660	valid_loss	67859.2182617
batch	22680	valid_loss	67867.7524414
batch	22700	valid_loss	67870.2392578
batch	22720	valid_loss	67860.815918
batch	22740	valid_loss	67870.7954102
batch	22760	valid_loss	67867.7924805
batch	22780	valid_loss	67856.8007812
batch	22800	valid_loss	67862.4331055
batch	22820	valid_loss	67848.2509766
batch	22840	valid_loss	67864.2001953
batch	22860	valid_loss	67868.6137695
batch	22880	valid_loss	67873.1879883
batch	22900	valid_loss	67861.6855469
batch	22920	valid_loss	67869.9716797
batch	22940	valid_loss	67869.5161133
batch	22960	valid_loss	67851.40625
batch	22980	valid_loss	67865.9980469
batch	23000	valid_loss	67874.2626953
batch	23020	valid_loss	67860.0395508
batch	23040	valid_loss	67859.234375
batch	23060	valid_loss	67869.5649414
batch	23080	valid_loss	67866.5498047
batch	23100	valid_loss	67858.1005859
batch	23120	valid_loss	67864.9755859
batch	23140	valid_loss	67859.9790039
batch	23160	valid_loss	67863.4619141
batch	23180	valid_loss	67866.0751953
batch	23200	valid_loss	67867.9233398
batch	23220	valid_loss	67869.3051758
batch	23240	valid_loss	67861.4492188
batch	23260	valid_loss	67861.5332031
batch	23280	valid_loss	67858.6430664
batch	23300	valid_loss	67868.8139648
batch	23320	valid_loss	67870.9306641
batch	23340	valid_loss	67856.3540039
batch	23360	valid_loss	67867.1328125
batch	23380	valid_loss	67869.6777344
batch	23400	valid_loss	67855.5185547
batch	23420	valid_loss	67860.715332
batch	23440	valid_loss	67852.7485352
batch	23460	valid_loss	67861.7558594
batch	23480	valid_loss	67867.1533203
batch	23500	valid_loss	67872.4550781
batch	23520	valid_loss	67867.8227539
batch	23540	valid_loss	67866.5854492
batch	23560	valid_loss	67869.6665039
batch	23580	valid_loss	67856.0327148
batch	23600	valid_loss	67859.8334961
batch	23620	valid_loss	67872.9946289
batch	23640	valid_loss	67865.7905273
batch	23660	valid_loss	67856.3491211
batch	23680	valid_loss	67872.6240234
batch	23700	valid_loss	67867.581543
batch	23720	valid_loss	67858.1142578
batch	23740	valid_loss	67866.2587891
batch	23760	valid_loss	67852.440918
batch	23780	valid_loss	67863.1811523
batch	23800	valid_loss	67866.7060547
batch	23820	valid_loss	67868.0668945
batch	23840	valid_loss	67866.4052734
batch	23860	valid_loss	67865.3657227
batch	23880	valid_loss	67867.4370117
batch	23900	valid_loss	67857.7675781
batch	23920	valid_loss	67874.190918
batch	23940	valid_loss	67876.1914062
batch	23960	valid_loss	67856.8779297
batch	23980	valid_loss	67865.0688477
batch	24000	valid_loss	67872.0463867
batch	24020	valid_loss	67857.4262695
batch	24040	valid_loss	67860.5800781
batch	24060	valid_loss	67854.6289062
batch	24080	valid_loss	67867.1035156
batch	24100	valid_loss	67866.168457
batch	24120	valid_loss	67873.4106445
batch	24140	valid_loss	67866.8413086
batch	24160	valid_loss	67865.0688477
batch	24180	valid_loss	67866.6943359
batch	24200	valid_loss	67863.5952148
batch	24220	valid_loss	67859.4819336
batch	24240	valid_loss	67866.1181641
batch	24260	valid_loss	67868.0952148
batch	24280	valid_loss	67858.9443359
batch	24300	valid_loss	67870.871582
batch	24320	valid_loss	67866.3520508
batch	24340	valid_loss	67855.6333008
batch	24360	valid_loss	67864.7104492
batch	24380	valid_loss	67851.1538086
batch	24400	valid_loss	67864.5024414
batch	24420	valid_loss	67864.6899414
batch	24440	valid_loss	67868.2890625
batch	24460	valid_loss	67861.6186523
batch	24480	valid_loss	67869.203125
batch	24500	valid_loss	67866.0610352
batch	24520	valid_loss	67855.59375
batch	24540	valid_loss	67863.909668
batch	24560	valid_loss	67873.0268555
batch	24580	valid_loss	67858.5356445
batch	24600	valid_loss	67857.1000977
batch	24620	valid_loss	67874.487793
batch	24640	valid_loss	67869.0756836
batch	24660	valid_loss	67859.5332031
batch	24680	valid_loss	67861.6953125
batch	24700	valid_loss	67860.7324219
batch	24720	valid_loss	67861.7944336
batch	24740	valid_loss	67868.0043945
batch	24760	valid_loss	67872.2294922
batch	24780	valid_loss	67864.4082031
batch	24800	valid_loss	67865.4365234
batch	24820	valid_loss	67865.3828125
batch	24840	valid_loss	67861.5405273
batch	24860	valid_loss	67867.5776367
batch	24880	valid_loss	67870.2246094
batch	24900	valid_loss	67859.1381836
batch	24920	valid_loss	67870.2758789
batch	24940	valid_loss	67865.2182617
batch	24960	valid_loss	67855.7597656
batch	24980	valid_loss	67862.8105469
STOP
START
config	20	960
batch	0	valid_loss	178694.741211
batch	20	valid_loss	140972.605469
batch	40	valid_loss	101277.388672
batch	60	valid_loss	98264.4560547
batch	80	valid_loss	96354.7958984
batch	100	valid_loss	94599.7626953
batch	120	valid_loss	92621.8305664
batch	140	valid_loss	90599.2666016
batch	160	valid_loss	88720.4355469
batch	180	valid_loss	86916.9775391
batch	200	valid_loss	85110.0209961
batch	220	valid_loss	83270.5742188
batch	240	valid_loss	81437.6567383
batch	260	valid_loss	79672.2758789
batch	280	valid_loss	78057.1123047
batch	300	valid_loss	76609.9394531
batch	320	valid_loss	75328.5595703
batch	340	valid_loss	74278.0366211
batch	360	valid_loss	73416.0019531
batch	380	valid_loss	72695.6958008
batch	400	valid_loss	72144.1445312
batch	420	valid_loss	71696.3095703
batch	440	valid_loss	71334.6552734
batch	460	valid_loss	71008.8540039
batch	480	valid_loss	70748.8144531
batch	500	valid_loss	70517.3505859
batch	520	valid_loss	70299.980957
batch	540	valid_loss	70125.3442383
batch	560	valid_loss	69979.2749023
batch	580	valid_loss	69831.2768555
batch	600	valid_loss	69690.2651367
batch	620	valid_loss	69579.2924805
batch	640	valid_loss	69461.8754883
batch	660	valid_loss	69352.9165039
batch	680	valid_loss	69277.7939453
batch	700	valid_loss	69190.2939453
batch	720	valid_loss	69128.7685547
batch	740	valid_loss	69061.5834961
batch	760	valid_loss	68994.0078125
batch	780	valid_loss	68935.8032227
batch	800	valid_loss	68877.4863281
batch	820	valid_loss	68823.6005859
batch	840	valid_loss	68792.4272461
batch	860	valid_loss	68743.9736328
batch	880	valid_loss	68705.6777344
batch	900	valid_loss	68674.4760742
batch	920	valid_loss	68650.8842773
batch	940	valid_loss	68614.6108398
batch	960	valid_loss	68581.8178711
batch	980	valid_loss	68551.3837891
batch	1000	valid_loss	68526.4604492
batch	1020	valid_loss	68517.8662109
batch	1040	valid_loss	68499.2421875
batch	1060	valid_loss	68468.1577148
batch	1080	valid_loss	68454.515625
batch	1100	valid_loss	68448.081543
batch	1120	valid_loss	68411.8071289
batch	1140	valid_loss	68403.144043
batch	1160	valid_loss	68399.3100586
batch	1180	valid_loss	68382.8271484
batch	1200	valid_loss	68365.824707
batch	1220	valid_loss	68372.390625
batch	1240	valid_loss	68357.2573242
batch	1260	valid_loss	68332.4882812
batch	1280	valid_loss	68329.0678711
batch	1300	valid_loss	68322.8901367
batch	1320	valid_loss	68309.1025391
batch	1340	valid_loss	68303.340332
batch	1360	valid_loss	68299.4360352
batch	1380	valid_loss	68291.2714844
batch	1400	valid_loss	68287.2011719
batch	1420	valid_loss	68282.7670898
batch	1440	valid_loss	68274.9833984
batch	1460	valid_loss	68271.1118164
batch	1480	valid_loss	68265.8520508
batch	1500	valid_loss	68259.4438477
batch	1520	valid_loss	68258.3364258
batch	1540	valid_loss	68252.4033203
batch	1560	valid_loss	68249.1274414
batch	1580	valid_loss	68245.2753906
batch	1600	valid_loss	68229.1479492
batch	1620	valid_loss	68228.6049805
batch	1640	valid_loss	68236.090332
batch	1660	valid_loss	68226.7207031
batch	1680	valid_loss	68221.78125
batch	1700	valid_loss	68210.2524414
batch	1720	valid_loss	68208.4799805
batch	1740	valid_loss	68196.4780273
batch	1760	valid_loss	68194.4228516
batch	1780	valid_loss	68210.2416992
batch	1800	valid_loss	68187.621582
batch	1820	valid_loss	68184.375
batch	1840	valid_loss	68191.6484375
batch	1860	valid_loss	68193.9248047
batch	1880	valid_loss	68185.1166992
batch	1900	valid_loss	68177.0288086
batch	1920	valid_loss	68170.4589844
batch	1940	valid_loss	68167.4492188
batch	1960	valid_loss	68169.2402344
batch	1980	valid_loss	68164.4780273
batch	2000	valid_loss	68159.0737305
batch	2020	valid_loss	68156.6977539
batch	2040	valid_loss	68164.9155273
batch	2060	valid_loss	68153.1137695
batch	2080	valid_loss	68149.1743164
batch	2100	valid_loss	68150.2626953
batch	2120	valid_loss	68143.5722656
batch	2140	valid_loss	68144.4375
batch	2160	valid_loss	68152.2172852
batch	2180	valid_loss	68145.1474609
batch	2200	valid_loss	68127.4970703
batch	2220	valid_loss	68124.3632812
batch	2240	valid_loss	68118.9506836
batch	2260	valid_loss	68128.5507812
batch	2280	valid_loss	68123.6181641
batch	2300	valid_loss	68120.2998047
batch	2320	valid_loss	68115.1538086
batch	2340	valid_loss	68112.065918
batch	2360	valid_loss	68109.2734375
batch	2380	valid_loss	68103.9106445
batch	2400	valid_loss	68103.7255859
batch	2420	valid_loss	68107.75
batch	2440	valid_loss	68095.3466797
batch	2460	valid_loss	68098.5786133
batch	2480	valid_loss	68111.1396484
batch	2500	valid_loss	68095.9399414
batch	2520	valid_loss	68094.6552734
batch	2540	valid_loss	68081.5185547
batch	2560	valid_loss	68089.5566406
batch	2580	valid_loss	68091.4291992
batch	2600	valid_loss	68091.6743164
batch	2620	valid_loss	68077.9223633
batch	2640	valid_loss	68081.8364258
batch	2660	valid_loss	68079.5849609
batch	2680	valid_loss	68069.8022461
batch	2700	valid_loss	68070.4775391
batch	2720	valid_loss	68078.5756836
batch	2740	valid_loss	68072.65625
batch	2760	valid_loss	68067.0131836
batch	2780	valid_loss	68080.921875
batch	2800	valid_loss	68069.0600586
batch	2820	valid_loss	68059.2841797
batch	2840	valid_loss	68055.3193359
batch	2860	valid_loss	68056.8027344
batch	2880	valid_loss	68059.2597656
batch	2900	valid_loss	68051.3164062
batch	2920	valid_loss	68053.4321289
batch	2940	valid_loss	68047.6987305
batch	2960	valid_loss	68045.6835938
batch	2980	valid_loss	68054.3833008
batch	3000	valid_loss	68046.3720703
batch	3020	valid_loss	68041.6049805
batch	3040	valid_loss	68047.5126953
batch	3060	valid_loss	68040.5727539
batch	3080	valid_loss	68046.2641602
batch	3100	valid_loss	68039.5498047
batch	3120	valid_loss	68046.2607422
batch	3140	valid_loss	68031.8085938
batch	3160	valid_loss	68021.8769531
batch	3180	valid_loss	68025.3671875
batch	3200	valid_loss	68035.2470703
batch	3220	valid_loss	68031.2402344
batch	3240	valid_loss	68029.640625
batch	3260	valid_loss	68020.3642578
batch	3280	valid_loss	68022.2036133
batch	3300	valid_loss	68014.4726562
batch	3320	valid_loss	68007.4072266
batch	3340	valid_loss	68023.2402344
batch	3360	valid_loss	68011.0219727
batch	3380	valid_loss	68004.0986328
batch	3400	valid_loss	68012.3398438
batch	3420	valid_loss	68023.027832
batch	3440	valid_loss	68008.8178711
batch	3460	valid_loss	68004.8486328
batch	3480	valid_loss	67996.8789062
batch	3500	valid_loss	67997.953125
batch	3520	valid_loss	68003.8666992
batch	3540	valid_loss	68005.1962891
batch	3560	valid_loss	67996.784668
batch	3580	valid_loss	67997.4438477
batch	3600	valid_loss	68005.1713867
batch	3620	valid_loss	67990.1420898
batch	3640	valid_loss	67989.9316406
batch	3660	valid_loss	67996.0087891
batch	3680	valid_loss	67989.3295898
batch	3700	valid_loss	67990.0146484
batch	3720	valid_loss	67998.3461914
batch	3740	valid_loss	67994.6899414
batch	3760	valid_loss	67978.7729492
batch	3780	valid_loss	67977.5839844
batch	3800	valid_loss	67977.1430664
batch	3820	valid_loss	67984.7070312
batch	3840	valid_loss	67983.2177734
batch	3860	valid_loss	67980.7880859
batch	3880	valid_loss	67977.0395508
batch	3900	valid_loss	67972.6269531
batch	3920	valid_loss	67970.862793
batch	3940	valid_loss	67962.0493164
batch	3960	valid_loss	67963.9399414
batch	3980	valid_loss	67970.7119141
batch	4000	valid_loss	67960.8232422
batch	4020	valid_loss	67964.0297852
batch	4040	valid_loss	67975.9741211
batch	4060	valid_loss	67965.1875
batch	4080	valid_loss	67960.3393555
batch	4100	valid_loss	67953.7524414
batch	4120	valid_loss	67962.637207
batch	4140	valid_loss	67968.5600586
batch	4160	valid_loss	67967.7280273
batch	4180	valid_loss	67953.7128906
batch	4200	valid_loss	67960.5395508
batch	4220	valid_loss	67962.3071289
batch	4240	valid_loss	67944.6342773
batch	4260	valid_loss	67942.9775391
batch	4280	valid_loss	67955.4472656
batch	4300	valid_loss	67951.7246094
batch	4320	valid_loss	67945.5244141
batch	4340	valid_loss	67959.2060547
batch	4360	valid_loss	67945.6171875
batch	4380	valid_loss	67940.1577148
batch	4400	valid_loss	67939.6625977
batch	4420	valid_loss	67942.4013672
batch	4440	valid_loss	67940.6723633
batch	4460	valid_loss	67936.1420898
batch	4480	valid_loss	67942.6313477
batch	4500	valid_loss	67944.3779297
batch	4520	valid_loss	67935.3457031
batch	4540	valid_loss	67940.2714844
batch	4560	valid_loss	67939.0385742
batch	4580	valid_loss	67931.8896484
batch	4600	valid_loss	67939.1235352
batch	4620	valid_loss	67930.3334961
batch	4640	valid_loss	67940.1875
batch	4660	valid_loss	67935.3012695
batch	4680	valid_loss	67931.1030273
batch	4700	valid_loss	67926.9208984
batch	4720	valid_loss	67915.5668945
batch	4740	valid_loss	67924.7202148
batch	4760	valid_loss	67935.3017578
batch	4780	valid_loss	67934.0424805
batch	4800	valid_loss	67927.5341797
batch	4820	valid_loss	67920.3798828
batch	4840	valid_loss	67925.5400391
batch	4860	valid_loss	67913.0830078
batch	4880	valid_loss	67912.2841797
batch	4900	valid_loss	67930.7094727
batch	4920	valid_loss	67915.4755859
batch	4940	valid_loss	67914.175293
batch	4960	valid_loss	67922.5473633
batch	4980	valid_loss	67925.8725586
batch	5000	valid_loss	67916.4150391
batch	5020	valid_loss	67920.6547852
batch	5040	valid_loss	67909.4667969
batch	5060	valid_loss	67910.1098633
batch	5080	valid_loss	67920.296875
batch	5100	valid_loss	67917.8393555
batch	5120	valid_loss	67911.6518555
batch	5140	valid_loss	67913.565918
batch	5160	valid_loss	67921.4995117
batch	5180	valid_loss	67908.2509766
batch	5200	valid_loss	67908.3305664
batch	5220	valid_loss	67917.9472656
batch	5240	valid_loss	67909.387207
batch	5260	valid_loss	67912.449707
batch	5280	valid_loss	67921.675293
batch	5300	valid_loss	67914.7407227
batch	5320	valid_loss	67902.8364258
batch	5340	valid_loss	67900.0239258
batch	5360	valid_loss	67903.6313477
batch	5380	valid_loss	67915.8618164
batch	5400	valid_loss	67909.3564453
batch	5420	valid_loss	67908.1669922
batch	5440	valid_loss	67906.2666016
batch	5460	valid_loss	67906.6445312
batch	5480	valid_loss	67903.9672852
batch	5500	valid_loss	67900.4702148
batch	5520	valid_loss	67896.4111328
batch	5540	valid_loss	67911.1367188
batch	5560	valid_loss	67897.4125977
batch	5580	valid_loss	67904.5952148
batch	5600	valid_loss	67909.2802734
batch	5620	valid_loss	67901.043457
batch	5640	valid_loss	67898.6987305
batch	5660	valid_loss	67895.6401367
batch	5680	valid_loss	67900.1879883
batch	5700	valid_loss	67904.2578125
batch	5720	valid_loss	67905.2353516
batch	5740	valid_loss	67898.6679688
batch	5760	valid_loss	67901.3701172
batch	5780	valid_loss	67898.1601562
batch	5800	valid_loss	67890.9453125
batch	5820	valid_loss	67891.0742188
batch	5840	valid_loss	67906.8354492
batch	5860	valid_loss	67901.9887695
batch	5880	valid_loss	67892.8984375
batch	5900	valid_loss	67906.4418945
batch	5920	valid_loss	67898.2421875
batch	5940	valid_loss	67891.8535156
batch	5960	valid_loss	67897.4311523
batch	5980	valid_loss	67895.0771484
batch	6000	valid_loss	67894.2539062
batch	6020	valid_loss	67894.737793
batch	6040	valid_loss	67896.6738281
batch	6060	valid_loss	67894.4423828
batch	6080	valid_loss	67898.5854492
batch	6100	valid_loss	67902.605957
batch	6120	valid_loss	67895.8032227
batch	6140	valid_loss	67891.2011719
batch	6160	valid_loss	67899.4799805
batch	6180	valid_loss	67890.3183594
batch	6200	valid_loss	67899.1020508
batch	6220	valid_loss	67897.9135742
batch	6240	valid_loss	67895.5317383
batch	6260	valid_loss	67891.9033203
batch	6280	valid_loss	67881.8466797
batch	6300	valid_loss	67888.4453125
batch	6320	valid_loss	67900.84375
batch	6340	valid_loss	67891.4990234
batch	6360	valid_loss	67890.8442383
batch	6380	valid_loss	67891.8144531
batch	6400	valid_loss	67895.9165039
batch	6420	valid_loss	67882.0439453
batch	6440	valid_loss	67886.7749023
batch	6460	valid_loss	67893.8461914
batch	6480	valid_loss	67885.0405273
batch	6500	valid_loss	67884.0224609
batch	6520	valid_loss	67894.3745117
batch	6540	valid_loss	67897.7280273
batch	6560	valid_loss	67882.1088867
batch	6580	valid_loss	67889.2353516
batch	6600	valid_loss	67880.8793945
batch	6620	valid_loss	67888.7421875
batch	6640	valid_loss	67889.8813477
batch	6660	valid_loss	67895.7646484
batch	6680	valid_loss	67887.3442383
batch	6700	valid_loss	67895.6303711
batch	6720	valid_loss	67894.546875
batch	6740	valid_loss	67881.3549805
batch	6760	valid_loss	67889.7939453
batch	6780	valid_loss	67895.1708984
batch	6800	valid_loss	67888.9594727
batch	6820	valid_loss	67889.1625977
batch	6840	valid_loss	67896.8525391
batch	6860	valid_loss	67888.6586914
batch	6880	valid_loss	67885.8271484
batch	6900	valid_loss	67879.9345703
batch	6920	valid_loss	67881.9223633
batch	6940	valid_loss	67890.2695312
batch	6960	valid_loss	67890.5092773
batch	6980	valid_loss	67889.1000977
batch	7000	valid_loss	67885.2973633
batch	7020	valid_loss	67893.1572266
batch	7040	valid_loss	67881.4765625
batch	7060	valid_loss	67879.253418
batch	7080	valid_loss	67883.3129883
batch	7100	valid_loss	67888.9067383
batch	7120	valid_loss	67879.5507812
batch	7140	valid_loss	67887.4038086
batch	7160	valid_loss	67885.0268555
batch	7180	valid_loss	67882.4624023
batch	7200	valid_loss	67886.9580078
batch	7220	valid_loss	67872.3803711
batch	7240	valid_loss	67878.965332
batch	7260	valid_loss	67890.003418
batch	7280	valid_loss	67889.6347656
batch	7300	valid_loss	67885.3681641
batch	7320	valid_loss	67888.7617188
batch	7340	valid_loss	67883.9169922
batch	7360	valid_loss	67877.2099609
batch	7380	valid_loss	67877.3022461
batch	7400	valid_loss	67891.6772461
batch	7420	valid_loss	67881.6621094
batch	7440	valid_loss	67881.1108398
batch	7460	valid_loss	67890.1162109
batch	7480	valid_loss	67883.6274414
batch	7500	valid_loss	67875.7456055
batch	7520	valid_loss	67882.3188477
batch	7540	valid_loss	67877.6567383
batch	7560	valid_loss	67882.8886719
batch	7580	valid_loss	67879.3847656
batch	7600	valid_loss	67885.9541016
batch	7620	valid_loss	67879.9648438
batch	7640	valid_loss	67885.5429688
batch	7660	valid_loss	67883.4003906
batch	7680	valid_loss	67878.0219727
batch	7700	valid_loss	67879.5898438
batch	7720	valid_loss	67884.9379883
batch	7740	valid_loss	67875.375
batch	7760	valid_loss	67887.0405273
batch	7780	valid_loss	67883.7402344
batch	7800	valid_loss	67880.8916016
batch	7820	valid_loss	67878.027832
batch	7840	valid_loss	67872.4248047
batch	7860	valid_loss	67877.5605469
batch	7880	valid_loss	67886.9619141
batch	7900	valid_loss	67880.5107422
batch	7920	valid_loss	67879.9848633
batch	7940	valid_loss	67881.6494141
batch	7960	valid_loss	67884.6757812
batch	7980	valid_loss	67865.5322266
batch	8000	valid_loss	67874.3393555
batch	8020	valid_loss	67882.6806641
batch	8040	valid_loss	67876.5996094
batch	8060	valid_loss	67865.2851562
batch	8080	valid_loss	67882.4472656
batch	8100	valid_loss	67879.9892578
batch	8120	valid_loss	67875.4257812
batch	8140	valid_loss	67877.8793945
batch	8160	valid_loss	67866.940918
batch	8180	valid_loss	67875.8510742
batch	8200	valid_loss	67876.8076172
batch	8220	valid_loss	67881.3579102
batch	8240	valid_loss	67876.5087891
batch	8260	valid_loss	67879.1367188
batch	8280	valid_loss	67879.9370117
batch	8300	valid_loss	67870.7875977
batch	8320	valid_loss	67877.4360352
batch	8340	valid_loss	67883.1533203
batch	8360	valid_loss	67873.309082
batch	8380	valid_loss	67875.4453125
batch	8400	valid_loss	67881.9140625
batch	8420	valid_loss	67875.6279297
batch	8440	valid_loss	67873.3183594
batch	8460	valid_loss	67868.7021484
batch	8480	valid_loss	67874.6269531
batch	8500	valid_loss	67879.5771484
batch	8520	valid_loss	67876.3457031
batch	8540	valid_loss	67876.7216797
batch	8560	valid_loss	67880.3056641
batch	8580	valid_loss	67879.7524414
batch	8600	valid_loss	67870.9702148
batch	8620	valid_loss	67871.6879883
batch	8640	valid_loss	67873.0493164
batch	8660	valid_loss	67877.8105469
batch	8680	valid_loss	67869.0141602
batch	8700	valid_loss	67881.3632812
batch	8720	valid_loss	67876.4526367
batch	8740	valid_loss	67872.0087891
batch	8760	valid_loss	67877.1708984
batch	8780	valid_loss	67860.8417969
batch	8800	valid_loss	67872.5800781
batch	8820	valid_loss	67877.7861328
batch	8840	valid_loss	67879.449707
batch	8860	valid_loss	67872.0249023
batch	8880	valid_loss	67873.5004883
batch	8900	valid_loss	67875.4760742
batch	8920	valid_loss	67864.3740234
batch	8940	valid_loss	67871.6337891
batch	8960	valid_loss	67880.3725586
batch	8980	valid_loss	67871.559082
batch	9000	valid_loss	67867.777832
batch	9020	valid_loss	67876.8452148
batch	9040	valid_loss	67876.824707
batch	9060	valid_loss	67865.3745117
batch	9080	valid_loss	67872.0249023
batch	9100	valid_loss	67867.0761719
batch	9120	valid_loss	67869.7592773
batch	9140	valid_loss	67872.7724609
batch	9160	valid_loss	67881.5244141
batch	9180	valid_loss	67877.015625
batch	9200	valid_loss	67869.3876953
batch	9220	valid_loss	67875.1279297
batch	9240	valid_loss	67867.6103516
batch	9260	valid_loss	67870.3325195
batch	9280	valid_loss	67877.7363281
batch	9300	valid_loss	67867.5
batch	9320	valid_loss	67876.4233398
batch	9340	valid_loss	67875.6040039
batch	9360	valid_loss	67870.8876953
batch	9380	valid_loss	67870.3505859
batch	9400	valid_loss	67862.7192383
batch	9420	valid_loss	67869.5151367
batch	9440	valid_loss	67878.1030273
batch	9460	valid_loss	67876.2895508
batch	9480	valid_loss	67874.9038086
batch	9500	valid_loss	67874.5756836
batch	9520	valid_loss	67873.3852539
batch	9540	valid_loss	67862.3388672
batch	9560	valid_loss	67868.0390625
batch	9580	valid_loss	67876.2373047
batch	9600	valid_loss	67874.2241211
batch	9620	valid_loss	67864.1694336
batch	9640	valid_loss	67878.8613281
batch	9660	valid_loss	67878.1748047
batch	9680	valid_loss	67868.5874023
batch	9700	valid_loss	67869.5161133
batch	9720	valid_loss	67860.6455078
batch	9740	valid_loss	67869.7553711
batch	9760	valid_loss	67867.7910156
batch	9780	valid_loss	67874.7617188
batch	9800	valid_loss	67871.859375
batch	9820	valid_loss	67874.2988281
batch	9840	valid_loss	67871.715332
batch	9860	valid_loss	67864.0957031
batch	9880	valid_loss	67872.7456055
batch	9900	valid_loss	67881.1401367
batch	9920	valid_loss	67862.1279297
batch	9940	valid_loss	67872.5126953
batch	9960	valid_loss	67875.5302734
batch	9980	valid_loss	67871.7070312
batch	10000	valid_loss	67864.1796875
batch	10020	valid_loss	67865.8842773
batch	10040	valid_loss	67868.0810547
batch	10060	valid_loss	67873.5410156
batch	10080	valid_loss	67873.9936523
batch	10100	valid_loss	67876.3217773
batch	10120	valid_loss	67875.5605469
batch	10140	valid_loss	67876.7861328
batch	10160	valid_loss	67866.734375
batch	10180	valid_loss	67866.8842773
batch	10200	valid_loss	67868.9575195
batch	10220	valid_loss	67876.5473633
batch	10240	valid_loss	67863.1245117
batch	10260	valid_loss	67878.4335938
batch	10280	valid_loss	67872.0332031
batch	10300	valid_loss	67866.9355469
batch	10320	valid_loss	67870.2412109
batch	10340	valid_loss	67861.9394531
batch	10360	valid_loss	67869.9990234
batch	10380	valid_loss	67871.8300781
batch	10400	valid_loss	67876.8388672
batch	10420	valid_loss	67864.5605469
batch	10440	valid_loss	67870.9174805
batch	10460	valid_loss	67873.7070312
batch	10480	valid_loss	67863.6279297
batch	10500	valid_loss	67871.1933594
batch	10520	valid_loss	67877.9858398
batch	10540	valid_loss	67867.1347656
batch	10560	valid_loss	67864.8383789
batch	10580	valid_loss	67872.8916016
batch	10600	valid_loss	67873.8012695
batch	10620	valid_loss	67863.3105469
batch	10640	valid_loss	67871.4736328
batch	10660	valid_loss	67863.1411133
batch	10680	valid_loss	67865.6201172
batch	10700	valid_loss	67868.3330078
batch	10720	valid_loss	67873.3208008
batch	10740	valid_loss	67872.7827148
batch	10760	valid_loss	67869.0844727
batch	10780	valid_loss	67870.2519531
batch	10800	valid_loss	67864.1464844
batch	10820	valid_loss	67870.2875977
batch	10840	valid_loss	67873.8295898
batch	10860	valid_loss	67865.9760742
batch	10880	valid_loss	67876.862793
batch	10900	valid_loss	67871.9038086
batch	10920	valid_loss	67866.8208008
batch	10940	valid_loss	67869.3647461
batch	10960	valid_loss	67857.8056641
batch	10980	valid_loss	67865.6806641
batch	11000	valid_loss	67875.5234375
batch	11020	valid_loss	67871.4956055
batch	11040	valid_loss	67871.4990234
batch	11060	valid_loss	67871.1835938
batch	11080	valid_loss	67873.9267578
batch	11100	valid_loss	67861.159668
batch	11120	valid_loss	67864.0561523
batch	11140	valid_loss	67874.6196289
batch	11160	valid_loss	67875.1196289
batch	11180	valid_loss	67863.1220703
batch	11200	valid_loss	67878.6196289
batch	11220	valid_loss	67874.6064453
batch	11240	valid_loss	67865.8876953
batch	11260	valid_loss	67870.9648438
batch	11280	valid_loss	67857.1010742
batch	11300	valid_loss	67866.800293
batch	11320	valid_loss	67872.9555664
batch	11340	valid_loss	67875.7529297
batch	11360	valid_loss	67867.2265625
batch	11380	valid_loss	67872.3041992
batch	11400	valid_loss	67871.621582
batch	11420	valid_loss	67863.8569336
batch	11440	valid_loss	67872.8608398
batch	11460	valid_loss	67879.2568359
batch	11480	valid_loss	67860.6948242
batch	11500	valid_loss	67869.4702148
batch	11520	valid_loss	67872.0966797
batch	11540	valid_loss	67868.2631836
batch	11560	valid_loss	67862.7773438
batch	11580	valid_loss	67865.3461914
batch	11600	valid_loss	67866.9599609
batch	11620	valid_loss	67873.5483398
batch	11640	valid_loss	67872.4169922
batch	11660	valid_loss	67871.862793
batch	11680	valid_loss	67872.8442383
batch	11700	valid_loss	67873.1381836
batch	11720	valid_loss	67867.3222656
batch	11740	valid_loss	67866.3979492
batch	11760	valid_loss	67867.5146484
batch	11780	valid_loss	67872.8334961
batch	11800	valid_loss	67864.5166016
batch	11820	valid_loss	67876.1665039
batch	11840	valid_loss	67871.3642578
batch	11860	valid_loss	67863.0668945
batch	11880	valid_loss	67873.8574219
batch	11900	valid_loss	67856.5927734
batch	11920	valid_loss	67866.4038086
batch	11940	valid_loss	67874.2133789
batch	11960	valid_loss	67874.0629883
batch	11980	valid_loss	67868.6274414
batch	12000	valid_loss	67870.175293
batch	12020	valid_loss	67868.3994141
batch	12040	valid_loss	67861.2797852
batch	12060	valid_loss	67869.7358398
batch	12080	valid_loss	67876.3671875
batch	12100	valid_loss	67868.4135742
batch	12120	valid_loss	67868.0712891
batch	12140	valid_loss	67873.6049805
batch	12160	valid_loss	67874.7885742
batch	12180	valid_loss	67864.1235352
batch	12200	valid_loss	67871.7880859
batch	12220	valid_loss	67862.8979492
batch	12240	valid_loss	67868.0039062
batch	12260	valid_loss	67870.7670898
batch	12280	valid_loss	67872.3930664
batch	12300	valid_loss	67869.9638672
batch	12320	valid_loss	67867.2783203
batch	12340	valid_loss	67868.5092773
batch	12360	valid_loss	67865.2192383
batch	12380	valid_loss	67871.7685547
batch	12400	valid_loss	67873.3867188
batch	12420	valid_loss	67861.0830078
batch	12440	valid_loss	67873.7792969
batch	12460	valid_loss	67873.4853516
batch	12480	valid_loss	67861.6518555
batch	12500	valid_loss	67868.065918
batch	12520	valid_loss	67859.6865234
batch	12540	valid_loss	67867.7373047
batch	12560	valid_loss	67873.0463867
batch	12580	valid_loss	67875.1220703
batch	12600	valid_loss	67871.0195312
batch	12620	valid_loss	67876.3022461
batch	12640	valid_loss	67872.4750977
batch	12660	valid_loss	67862.4868164
batch	12680	valid_loss	67863.3769531
batch	12700	valid_loss	67874.1245117
batch	12720	valid_loss	67873.5615234
batch	12740	valid_loss	67865.0043945
batch	12760	valid_loss	67874.0893555
batch	12780	valid_loss	67875.3129883
batch	12800	valid_loss	67864.8442383
batch	12820	valid_loss	67872.8823242
batch	12840	valid_loss	67856.222168
batch	12860	valid_loss	67872.7109375
batch	12880	valid_loss	67870.9672852
batch	12900	valid_loss	67876.0566406
batch	12920	valid_loss	67866.1313477
batch	12940	valid_loss	67870.6674805
batch	12960	valid_loss	67869.5083008
batch	12980	valid_loss	67859.5600586
batch	13000	valid_loss	67874.3007812
batch	13020	valid_loss	67878.0581055
batch	13040	valid_loss	67862.3818359
batch	13060	valid_loss	67871.4379883
batch	13080	valid_loss	67871.3261719
batch	13100	valid_loss	67866.4702148
batch	13120	valid_loss	67864.6137695
batch	13140	valid_loss	67863.4833984
batch	13160	valid_loss	67869.3041992
batch	13180	valid_loss	67870.2788086
batch	13200	valid_loss	67874.387207
batch	13220	valid_loss	67873.0537109
batch	13240	valid_loss	67872.1240234
batch	13260	valid_loss	67877.3369141
batch	13280	valid_loss	67863.0141602
batch	13300	valid_loss	67864.222168
batch	13320	valid_loss	67870.2543945
batch	13340	valid_loss	67869.9931641
batch	13360	valid_loss	67863.8706055
batch	13380	valid_loss	67877.0708008
batch	13400	valid_loss	67871.8095703
batch	13420	valid_loss	67863.5498047
batch	13440	valid_loss	67874.4160156
batch	13460	valid_loss	67855.2719727
batch	13480	valid_loss	67864.9921875
batch	13500	valid_loss	67874.887207
batch	13520	valid_loss	67878.8701172
batch	13540	valid_loss	67865.2280273
batch	13560	valid_loss	67872.2753906
batch	13580	valid_loss	67867.4770508
batch	13600	valid_loss	67860.4067383
batch	13620	valid_loss	67870.2807617
batch	13640	valid_loss	67877.4780273
batch	13660	valid_loss	67865.7255859
batch	13680	valid_loss	67864.3925781
batch	13700	valid_loss	67872.9379883
batch	13720	valid_loss	67872.7260742
batch	13740	valid_loss	67866.3427734
batch	13760	valid_loss	67864.5556641
batch	13780	valid_loss	67862.8383789
batch	13800	valid_loss	67865.1079102
batch	13820	valid_loss	67869.6376953
batch	13840	valid_loss	67872.8198242
batch	13860	valid_loss	67871.512207
batch	13880	valid_loss	67867.5957031
batch	13900	valid_loss	67865.7548828
batch	13920	valid_loss	67865.7407227
batch	13940	valid_loss	67868.03125
batch	13960	valid_loss	67874.6455078
batch	13980	valid_loss	67862.668457
batch	14000	valid_loss	67872.1420898
batch	14020	valid_loss	67870.5063477
batch	14040	valid_loss	67858.1816406
batch	14060	valid_loss	67868.1635742
batch	14080	valid_loss	67859.3974609
batch	14100	valid_loss	67868.7011719
batch	14120	valid_loss	67871.15625
batch	14140	valid_loss	67874.7114258
batch	14160	valid_loss	67867.90625
batch	14180	valid_loss	67872.6635742
batch	14200	valid_loss	67871.3417969
batch	14220	valid_loss	67860.7602539
batch	14240	valid_loss	67862.0678711
batch	14260	valid_loss	67872.1518555
batch	14280	valid_loss	67871.5556641
batch	14300	valid_loss	67864.6889648
batch	14320	valid_loss	67877.9980469
batch	14340	valid_loss	67873.0058594
batch	14360	valid_loss	67862.8422852
batch	14380	valid_loss	67869.0986328
batch	14400	valid_loss	67854.0029297
batch	14420	valid_loss	67868.8295898
batch	14440	valid_loss	67871.5805664
batch	14460	valid_loss	67875.2114258
batch	14480	valid_loss	67865.6508789
batch	14500	valid_loss	67871.015625
batch	14520	valid_loss	67863.3164062
batch	14540	valid_loss	67862.7426758
batch	14560	valid_loss	67876.3774414
batch	14580	valid_loss	67876.9692383
batch	14600	valid_loss	67862.2661133
batch	14620	valid_loss	67868.9677734
batch	14640	valid_loss	67873.1416016
batch	14660	valid_loss	67869.40625
batch	14680	valid_loss	67866.2456055
batch	14700	valid_loss	67864.7558594
batch	14720	valid_loss	67870.5205078
batch	14740	valid_loss	67869.6411133
batch	14760	valid_loss	67873.8466797
batch	14780	valid_loss	67873.5893555
batch	14800	valid_loss	67872.7207031
batch	14820	valid_loss	67874.4946289
batch	14840	valid_loss	67862.1967773
batch	14860	valid_loss	67861.8969727
batch	14880	valid_loss	67868.4785156
batch	14900	valid_loss	67874.1313477
batch	14920	valid_loss	67861.9418945
batch	14940	valid_loss	67871.8701172
batch	14960	valid_loss	67874.6137695
batch	14980	valid_loss	67861.6918945
batch	15000	valid_loss	67868.4921875
batch	15020	valid_loss	67855.527832
batch	15040	valid_loss	67868.878418
batch	15060	valid_loss	67872.621582
batch	15080	valid_loss	67873.121582
batch	15100	valid_loss	67868.5830078
batch	15120	valid_loss	67871.949707
batch	15140	valid_loss	67869.8701172
batch	15160	valid_loss	67861.1699219
batch	15180	valid_loss	67868.9711914
batch	15200	valid_loss	67876.1782227
batch	15220	valid_loss	67865.4736328
batch	15240	valid_loss	67863.9257812
batch	15260	valid_loss	67876.6992188
batch	15280	valid_loss	67869.6191406
batch	15300	valid_loss	67863.3154297
batch	15320	valid_loss	67867.4975586
batch	15340	valid_loss	67863.0180664
batch	15360	valid_loss	67865.46875
batch	15380	valid_loss	67869.9223633
batch	15400	valid_loss	67875.5161133
batch	15420	valid_loss	67869.253418
batch	15440	valid_loss	67867.1186523
batch	15460	valid_loss	67865.9702148
batch	15480	valid_loss	67862.684082
batch	15500	valid_loss	67871.1069336
batch	15520	valid_loss	67874.6235352
batch	15540	valid_loss	67857.5727539
batch	15560	valid_loss	67869.9907227
batch	15580	valid_loss	67871.2109375
batch	15600	valid_loss	67859.3447266
batch	15620	valid_loss	67863.8520508
batch	15640	valid_loss	67858.2055664
batch	15660	valid_loss	67867.2021484
batch	15680	valid_loss	67874.8789062
batch	15700	valid_loss	67874.4726562
batch	15720	valid_loss	67868.0136719
batch	15740	valid_loss	67871.0327148
batch	15760	valid_loss	67869.3598633
batch	15780	valid_loss	67859.1469727
batch	15800	valid_loss	67864.315918
batch	15820	valid_loss	67870.4296875
batch	15840	valid_loss	67871.7875977
batch	15860	valid_loss	67862.328125
batch	15880	valid_loss	67871.6660156
batch	15900	valid_loss	67871.0239258
batch	15920	valid_loss	67862.3398438
batch	15940	valid_loss	67870.5415039
batch	15960	valid_loss	67856.2119141
batch	15980	valid_loss	67867.2905273
batch	16000	valid_loss	67867.543457
batch	16020	valid_loss	67874.6137695
batch	16040	valid_loss	67869.0214844
batch	16060	valid_loss	67864.8666992
batch	16080	valid_loss	67866.0151367
batch	16100	valid_loss	67861.7001953
batch	16120	valid_loss	67875.4418945
batch	16140	valid_loss	67879.2495117
batch	16160	valid_loss	67861.2807617
batch	16180	valid_loss	67870.8110352
batch	16200	valid_loss	67870.9775391
batch	16220	valid_loss	67870.2729492
batch	16240	valid_loss	67863.9067383
batch	16260	valid_loss	67860.2592773
batch	16280	valid_loss	67864.6098633
batch	16300	valid_loss	67871.3696289
batch	16320	valid_loss	67874.1772461
batch	16340	valid_loss	67868.6801758
batch	16360	valid_loss	67871.331543
batch	16380	valid_loss	67870.3779297
batch	16400	valid_loss	67866.105957
batch	16420	valid_loss	67864.0415039
batch	16440	valid_loss	67867.2670898
batch	16460	valid_loss	67867.4335938
batch	16480	valid_loss	67861.5561523
batch	16500	valid_loss	67872.6645508
batch	16520	valid_loss	67871.0947266
batch	16540	valid_loss	67859.503418
batch	16560	valid_loss	67870.2363281
batch	16580	valid_loss	67851.8369141
batch	16600	valid_loss	67866.4741211
batch	16620	valid_loss	67872.262207
batch	16640	valid_loss	67874.2607422
batch	16660	valid_loss	67865.8320312
batch	16680	valid_loss	67870.2529297
batch	16700	valid_loss	67869.9145508
batch	16720	valid_loss	67860.7226562
batch	16740	valid_loss	67868.4023438
batch	16760	valid_loss	67874.4775391
batch	16780	valid_loss	67864.8896484
batch	16800	valid_loss	67861.987793
batch	16820	valid_loss	67872.8388672
batch	16840	valid_loss	67873.4838867
batch	16860	valid_loss	67860.6269531
batch	16880	valid_loss	67866.921875
batch	16900	valid_loss	67859.4790039
batch	16920	valid_loss	67862.2089844
batch	16940	valid_loss	67872.1245117
batch	16960	valid_loss	67872.2670898
batch	16980	valid_loss	67868.6054688
batch	17000	valid_loss	67868.3442383
batch	17020	valid_loss	67866.6201172
batch	17040	valid_loss	67859.9736328
batch	17060	valid_loss	67869.4311523
batch	17080	valid_loss	67873.0029297
batch	17100	valid_loss	67857.4624023
batch	17120	valid_loss	67872.2758789
batch	17140	valid_loss	67868.7197266
batch	17160	valid_loss	67858.9472656
batch	17180	valid_loss	67870.0537109
batch	17200	valid_loss	67854.6835938
batch	17220	valid_loss	67867.0395508
batch	17240	valid_loss	67868.0922852
batch	17260	valid_loss	67871.5361328
batch	17280	valid_loss	67868.7124023
batch	17300	valid_loss	67869.9584961
batch	17320	valid_loss	67868.0048828
batch	17340	valid_loss	67857.9960938
batch	17360	valid_loss	67861.7963867
batch	17380	valid_loss	67870.1806641
batch	17400	valid_loss	67869.6591797
batch	17420	valid_loss	67860.9682617
batch	17440	valid_loss	67874.8925781
batch	17460	valid_loss	67871.0825195
batch	17480	valid_loss	67862.5317383
batch	17500	valid_loss	67867.4365234
batch	17520	valid_loss	67853.2773438
batch	17540	valid_loss	67866.7612305
batch	17560	valid_loss	67867.7792969
batch	17580	valid_loss	67869.8823242
batch	17600	valid_loss	67863.4501953
batch	17620	valid_loss	67870.4399414
batch	17640	valid_loss	67863.2729492
batch	17660	valid_loss	67859.8828125
batch	17680	valid_loss	67873.9941406
batch	17700	valid_loss	67875.027832
batch	17720	valid_loss	67861.3164062
batch	17740	valid_loss	67867.3022461
batch	17760	valid_loss	67871.1298828
batch	17780	valid_loss	67867.2807617
batch	17800	valid_loss	67860.9785156
batch	17820	valid_loss	67860.75
batch	17840	valid_loss	67865.4941406
batch	17860	valid_loss	67869.5375977
batch	17880	valid_loss	67867.7929688
batch	17900	valid_loss	67870.0634766
batch	17920	valid_loss	67869.6347656
batch	17940	valid_loss	67872.8374023
batch	17960	valid_loss	67865.2011719
batch	17980	valid_loss	67861.0483398
batch	18000	valid_loss	67870.2451172
batch	18020	valid_loss	67869.2675781
batch	18040	valid_loss	67859.9174805
batch	18060	valid_loss	67871.4047852
batch	18080	valid_loss	67866.0112305
batch	18100	valid_loss	67858.121582
batch	18120	valid_loss	67868.9082031
batch	18140	valid_loss	67852.3413086
batch	18160	valid_loss	67862.6635742
batch	18180	valid_loss	67870.9873047
batch	18200	valid_loss	67869.2973633
batch	18220	valid_loss	67863.6191406
batch	18240	valid_loss	67870.6826172
batch	18260	valid_loss	67865.4438477
batch	18280	valid_loss	67860.6557617
batch	18300	valid_loss	67866.2050781
batch	18320	valid_loss	67873.0400391
batch	18340	valid_loss	67864.2631836
batch	18360	valid_loss	67861.3515625
batch	18380	valid_loss	67871.9462891
batch	18400	valid_loss	67872.6030273
batch	18420	valid_loss	67862.4570312
batch	18440	valid_loss	67865.6567383
batch	18460	valid_loss	67862.4379883
batch	18480	valid_loss	67862.4262695
batch	18500	valid_loss	67871.0825195
batch	18520	valid_loss	67868.4731445
batch	18540	valid_loss	67869.9204102
batch	18560	valid_loss	67865.8295898
batch	18580	valid_loss	67865.6826172
batch	18600	valid_loss	67859.0205078
batch	18620	valid_loss	67868.5771484
batch	18640	valid_loss	67872.3535156
batch	18660	valid_loss	67861.6132812
batch	18680	valid_loss	67869.4833984
batch	18700	valid_loss	67869.550293
batch	18720	valid_loss	67861.5073242
batch	18740	valid_loss	67865.9448242
batch	18760	valid_loss	67856.6923828
batch	18780	valid_loss	67864.7280273
batch	18800	valid_loss	67871.6669922
batch	18820	valid_loss	67874.6157227
batch	18840	valid_loss	67868.7128906
batch	18860	valid_loss	67871.559082
batch	18880	valid_loss	67867.1210938
batch	18900	valid_loss	67860.6337891
batch	18920	valid_loss	67859.4633789
batch	18940	valid_loss	67875.1689453
batch	18960	valid_loss	67870.4321289
batch	18980	valid_loss	67859.1928711
batch	19000	valid_loss	67873.3603516
batch	19020	valid_loss	67871.6474609
batch	19040	valid_loss	67856.4946289
batch	19060	valid_loss	67865.9599609
batch	19080	valid_loss	67856.3330078
batch	19100	valid_loss	67863.1264648
batch	19120	valid_loss	67868.3369141
batch	19140	valid_loss	67870.8071289
batch	19160	valid_loss	67864.7280273
batch	19180	valid_loss	67867.3647461
batch	19200	valid_loss	67865.9765625
batch	19220	valid_loss	67856.9736328
batch	19240	valid_loss	67872.8408203
batch	19260	valid_loss	67875.2070312
batch	19280	valid_loss	67855.8188477
batch	19300	valid_loss	67864.7480469
batch	19320	valid_loss	67868.7597656
batch	19340	valid_loss	67861.6401367
batch	19360	valid_loss	67857.9243164
batch	19380	valid_loss	67859.8813477
batch	19400	valid_loss	67867.0595703
batch	19420	valid_loss	67867.4394531
batch	19440	valid_loss	67868.7949219
batch	19460	valid_loss	67869.8666992
batch	19480	valid_loss	67870.0927734
batch	19500	valid_loss	67871.1611328
batch	19520	valid_loss	67861.1577148
batch	19540	valid_loss	67858.3666992
batch	19560	valid_loss	67865.4916992
batch	19580	valid_loss	67869.0639648
batch	19600	valid_loss	67859.3056641
batch	19620	valid_loss	67872.9194336
batch	19640	valid_loss	67870.1879883
batch	19660	valid_loss	67859.7773438
batch	19680	valid_loss	67867.7963867
batch	19700	valid_loss	67854.3359375
batch	19720	valid_loss	67864.5449219
batch	19740	valid_loss	67867.5253906
batch	19760	valid_loss	67870.706543
batch	19780	valid_loss	67864.4140625
batch	19800	valid_loss	67869.4086914
batch	19820	valid_loss	67865.3364258
batch	19840	valid_loss	67856.1289062
batch	19860	valid_loss	67865.6469727
batch	19880	valid_loss	67875.5668945
batch	19900	valid_loss	67861.4472656
batch	19920	valid_loss	67862.8779297
batch	19940	valid_loss	67874.5742188
batch	19960	valid_loss	67869.7719727
batch	19980	valid_loss	67859.4672852
batch	20000	valid_loss	67863.9204102
batch	20020	valid_loss	67859.5366211
batch	20040	valid_loss	67863.8769531
batch	20060	valid_loss	67867.3139648
batch	20080	valid_loss	67870.6850586
batch	20100	valid_loss	67868.9736328
batch	20120	valid_loss	67867.2119141
batch	20140	valid_loss	67861.8076172
batch	20160	valid_loss	67860.4580078
batch	20180	valid_loss	67869.7099609
batch	20200	valid_loss	67871.050293
batch	20220	valid_loss	67860.0244141
batch	20240	valid_loss	67867.137207
batch	20260	valid_loss	67871.3901367
batch	20280	valid_loss	67860.3886719
batch	20300	valid_loss	67864.4663086
batch	20320	valid_loss	67856.9858398
batch	20340	valid_loss	67862.9648438
batch	20360	valid_loss	67868.8071289
batch	20380	valid_loss	67869.519043
batch	20400	valid_loss	67866.3295898
batch	20420	valid_loss	67869.8608398
batch	20440	valid_loss	67867.3544922
batch	20460	valid_loss	67856.3125
batch	20480	valid_loss	67864.847168
batch	20500	valid_loss	67870.9130859
batch	20520	valid_loss	67868.347168
batch	20540	valid_loss	67859.5043945
batch	20560	valid_loss	67873.0512695
batch	20580	valid_loss	67868.8149414
batch	20600	valid_loss	67859.1704102
batch	20620	valid_loss	67867.6503906
batch	20640	valid_loss	67853.34375
batch	20660	valid_loss	67865.2431641
batch	20680	valid_loss	67867.3232422
batch	20700	valid_loss	67872.0419922
batch	20720	valid_loss	67863.8276367
batch	20740	valid_loss	67866.3129883
batch	20760	valid_loss	67864.175293
batch	20780	valid_loss	67857.2802734
batch	20800	valid_loss	67871.2773438
batch	20820	valid_loss	67873.4775391
batch	20840	valid_loss	67861.2875977
batch	20860	valid_loss	67867.4785156
batch	20880	valid_loss	67869.6616211
batch	20900	valid_loss	67866.0874023
batch	20920	valid_loss	67856.9697266
batch	20940	valid_loss	67858.7099609
batch	20960	valid_loss	67867.4672852
batch	20980	valid_loss	67868.7495117
batch	21000	valid_loss	67871.824707
batch	21020	valid_loss	67866.6152344
batch	21040	valid_loss	67868.0488281
batch	21060	valid_loss	67873.2939453
batch	21080	valid_loss	67860.3037109
batch	21100	valid_loss	67856.6889648
batch	21120	valid_loss	67869.3066406
batch	21140	valid_loss	67868.1894531
batch	21160	valid_loss	67859.019043
batch	21180	valid_loss	67874.0878906
batch	21200	valid_loss	67868.0673828
batch	21220	valid_loss	67859.8686523
batch	21240	valid_loss	67868.2084961
batch	21260	valid_loss	67852.2700195
batch	21280	valid_loss	67862.9936523
batch	21300	valid_loss	67868.2075195
batch	21320	valid_loss	67870.453125
batch	21340	valid_loss	67862.7050781
batch	21360	valid_loss	67866.9726562
batch	21380	valid_loss	67866.0473633
batch	21400	valid_loss	67858.0639648
batch	21420	valid_loss	67864.534668
batch	21440	valid_loss	67873.9555664
batch	21460	valid_loss	67864.5444336
batch	21480	valid_loss	67861.3916016
batch	21500	valid_loss	67870.2797852
batch	21520	valid_loss	67871.8017578
batch	21540	valid_loss	67857.9643555
batch	21560	valid_loss	67863.6801758
batch	21580	valid_loss	67860.9047852
batch	21600	valid_loss	67866.3466797
batch	21620	valid_loss	67867.9477539
batch	21640	valid_loss	67870.6728516
batch	21660	valid_loss	67865.9428711
batch	21680	valid_loss	67863.2290039
batch	21700	valid_loss	67862.6513672
batch	21720	valid_loss	67858.0185547
batch	21740	valid_loss	67870.3227539
batch	21760	valid_loss	67872.4858398
batch	21780	valid_loss	67857.4555664
batch	21800	valid_loss	67868.0649414
batch	21820	valid_loss	67870.9404297
batch	21840	valid_loss	67859.0473633
batch	21860	valid_loss	67859.5888672
batch	21880	valid_loss	67857.0053711
batch	21900	valid_loss	67863.5366211
batch	21920	valid_loss	67868.9458008
batch	21940	valid_loss	67868.8828125
batch	21960	valid_loss	67867.8164062
batch	21980	valid_loss	67870.5327148
batch	22000	valid_loss	67867.7407227
batch	22020	valid_loss	67855.6513672
batch	22040	valid_loss	67858.6147461
batch	22060	valid_loss	67873.3408203
batch	22080	valid_loss	67869.8144531
batch	22100	valid_loss	67856.6894531
batch	22120	valid_loss	67872.831543
batch	22140	valid_loss	67868.3525391
batch	22160	valid_loss	67860.6401367
batch	22180	valid_loss	67867.1811523
batch	22200	valid_loss	67855.5185547
batch	22220	valid_loss	67867.6181641
batch	22240	valid_loss	67862.8652344
batch	22260	valid_loss	67873.5214844
batch	22280	valid_loss	67862.1323242
batch	22300	valid_loss	67868.9477539
batch	22320	valid_loss	67865.1147461
batch	22340	valid_loss	67859.815918
batch	22360	valid_loss	67871.7460938
batch	22380	valid_loss	67871.9672852
batch	22400	valid_loss	67856.1381836
batch	22420	valid_loss	67865.9975586
batch	22440	valid_loss	67871.2973633
batch	22460	valid_loss	67862.0463867
batch	22480	valid_loss	67862.7700195
batch	22500	valid_loss	67857.5371094
batch	22520	valid_loss	67867.4453125
batch	22540	valid_loss	67868.2744141
batch	22560	valid_loss	67872.8037109
batch	22580	valid_loss	67867.6894531
batch	22600	valid_loss	67869.5874023
batch	22620	valid_loss	67872.4301758
batch	22640	valid_loss	67862.9018555
batch	22660	valid_loss	67859.5639648
batch	22680	valid_loss	67869.0146484
batch	22700	valid_loss	67869.3608398
batch	22720	valid_loss	67858.2788086
batch	22740	valid_loss	67871.6762695
batch	22760	valid_loss	67868.4941406
batch	22780	valid_loss	67852.3481445
batch	22800	valid_loss	67870.4003906
batch	22820	valid_loss	67850.8540039
batch	22840	valid_loss	67864.9819336
batch	22860	valid_loss	67864.7841797
batch	22880	valid_loss	67869.2265625
batch	22900	valid_loss	67861.4047852
batch	22920	valid_loss	67867.2338867
batch	22940	valid_loss	67865.2407227
batch	22960	valid_loss	67860.3579102
batch	22980	valid_loss	67866.2495117
batch	23000	valid_loss	67875.7553711
batch	23020	valid_loss	67864.7319336
batch	23040	valid_loss	67860.5898438
batch	23060	valid_loss	67874.777832
batch	23080	valid_loss	67867.3911133
batch	23100	valid_loss	67859.8608398
batch	23120	valid_loss	67864.7416992
batch	23140	valid_loss	67861.6347656
batch	23160	valid_loss	67864.3388672
batch	23180	valid_loss	67866.6474609
batch	23200	valid_loss	67868.6098633
batch	23220	valid_loss	67868.8188477
batch	23240	valid_loss	67865.0673828
batch	23260	valid_loss	67860.3876953
batch	23280	valid_loss	67859.6035156
batch	23300	valid_loss	67872.4179688
batch	23320	valid_loss	67871.328125
batch	23340	valid_loss	67859.2026367
batch	23360	valid_loss	67868.2734375
batch	23380	valid_loss	67866.4477539
batch	23400	valid_loss	67859.1088867
batch	23420	valid_loss	67862.5957031
batch	23440	valid_loss	67853.3671875
batch	23460	valid_loss	67863.6489258
batch	23480	valid_loss	67870.9291992
batch	23500	valid_loss	67872.1777344
batch	23520	valid_loss	67862.765625
batch	23540	valid_loss	67868.2617188
batch	23560	valid_loss	67867.5102539
batch	23580	valid_loss	67855.3310547
batch	23600	valid_loss	67860.6328125
batch	23620	valid_loss	67871.8515625
batch	23640	valid_loss	67866.9418945
batch	23660	valid_loss	67861.2592773
batch	23680	valid_loss	67869.7338867
batch	23700	valid_loss	67869.5576172
batch	23720	valid_loss	67854.597168
batch	23740	valid_loss	67866.0253906
batch	23760	valid_loss	67854.7763672
batch	23780	valid_loss	67865.5375977
batch	23800	valid_loss	67866.0952148
batch	23820	valid_loss	67866.6875
batch	23840	valid_loss	67865.355957
batch	23860	valid_loss	67867.2036133
batch	23880	valid_loss	67862.1982422
batch	23900	valid_loss	67854.4711914
batch	23920	valid_loss	67872.7895508
batch	23940	valid_loss	67876.1958008
batch	23960	valid_loss	67858.9799805
batch	23980	valid_loss	67867.8608398
batch	24000	valid_loss	67867.8168945
batch	24020	valid_loss	67861.159668
batch	24040	valid_loss	67857.5932617
batch	24060	valid_loss	67856.90625
batch	24080	valid_loss	67863.0610352
batch	24100	valid_loss	67866.4355469
batch	24120	valid_loss	67870.2084961
batch	24140	valid_loss	67870.1704102
batch	24160	valid_loss	67868.7041016
batch	24180	valid_loss	67870.15625
batch	24200	valid_loss	67864.3046875
batch	24220	valid_loss	67862.6020508
batch	24240	valid_loss	67866.8232422
batch	24260	valid_loss	67867.6743164
batch	24280	valid_loss	67859.3833008
batch	24300	valid_loss	67867.7626953
batch	24320	valid_loss	67868.6254883
batch	24340	valid_loss	67857.6347656
batch	24360	valid_loss	67868.9169922
batch	24380	valid_loss	67847.8393555
batch	24400	valid_loss	67862.309082
batch	24420	valid_loss	67868.8168945
batch	24440	valid_loss	67870.5673828
batch	24460	valid_loss	67862.3886719
batch	24480	valid_loss	67869.34375
batch	24500	valid_loss	67863.3916016
batch	24520	valid_loss	67856.1923828
batch	24540	valid_loss	67865.5258789
batch	24560	valid_loss	67870.2626953
batch	24580	valid_loss	67863.0585938
batch	24600	valid_loss	67860.0800781
batch	24620	valid_loss	67872.40625
batch	24640	valid_loss	67868.9492188
batch	24660	valid_loss	67859.5981445
batch	24680	valid_loss	67862.0888672
batch	24700	valid_loss	67859.140625
batch	24720	valid_loss	67861.2543945
batch	24740	valid_loss	67864.7392578
batch	24760	valid_loss	67870.1918945
batch	24780	valid_loss	67868.4980469
batch	24800	valid_loss	67866.0605469
batch	24820	valid_loss	67863.2470703
batch	24840	valid_loss	67859.2880859
batch	24860	valid_loss	67871.1591797
batch	24880	valid_loss	67871.1914062
batch	24900	valid_loss	67856.6469727
batch	24920	valid_loss	67864.3393555
batch	24940	valid_loss	67868.2202148
batch	24960	valid_loss	67854.9936523
batch	24980	valid_loss	67862.9067383
STOP
