START
config	380	180	380	960
batch	0	valid_loss	7519755.375
batch	30	valid_loss	162006.804688
batch	60	valid_loss	102682.124023
batch	90	valid_loss	99699.3740234
batch	120	valid_loss	99497.9980469
batch	150	valid_loss	99461.9101562
batch	180	valid_loss	99380.2890625
batch	210	valid_loss	99227.4375
batch	240	valid_loss	99088.0664062
batch	270	valid_loss	98849.4296875
batch	300	valid_loss	98324.640625
batch	330	valid_loss	97607.9648438
batch	360	valid_loss	96345.6181641
batch	390	valid_loss	94622.4863281
batch	420	valid_loss	93083.3442383
batch	450	valid_loss	91886.1928711
batch	480	valid_loss	90922.2636719
batch	510	valid_loss	90157.9165039
batch	540	valid_loss	89520.8979492
batch	570	valid_loss	88959.8120117
batch	600	valid_loss	88462.4868164
batch	630	valid_loss	87802.2285156
batch	660	valid_loss	87149.7910156
batch	690	valid_loss	86422.1049805
batch	720	valid_loss	85676.0166016
batch	750	valid_loss	84941.7016602
batch	780	valid_loss	84110.4023438
batch	810	valid_loss	83231.2866211
batch	840	valid_loss	82422.7158203
batch	870	valid_loss	81420.7573242
batch	900	valid_loss	80378.8139648
batch	930	valid_loss	79324.387207
batch	960	valid_loss	78239.8623047
batch	990	valid_loss	77021.2387695
batch	1020	valid_loss	75830.8017578
batch	1050	valid_loss	74624.4663086
batch	1080	valid_loss	73329.5947266
batch	1110	valid_loss	72236.2250977
batch	1140	valid_loss	70972.1293945
batch	1170	valid_loss	69847.3251953
batch	1200	valid_loss	68622.5219727
batch	1230	valid_loss	67489.0478516
batch	1260	valid_loss	66445.9560547
batch	1290	valid_loss	65357.0595703
batch	1320	valid_loss	64310.1010742
batch	1350	valid_loss	63260.7509766
batch	1380	valid_loss	62191.1865234
batch	1410	valid_loss	61194.4350586
batch	1440	valid_loss	60237.7431641
batch	1470	valid_loss	59244.7050781
batch	1500	valid_loss	58283.449707
batch	1530	valid_loss	57425.0512695
batch	1560	valid_loss	56505.9750977
batch	1590	valid_loss	55720.9804688
batch	1620	valid_loss	54892.2563477
batch	1650	valid_loss	54095.0668945
batch	1680	valid_loss	53337.8378906
batch	1710	valid_loss	52607.5302734
batch	1740	valid_loss	51797.1782227
batch	1770	valid_loss	51140.4545898
batch	1800	valid_loss	50416.3886719
batch	1830	valid_loss	49698.0620117
batch	1860	valid_loss	49071.3129883
batch	1890	valid_loss	48416.1533203
batch	1920	valid_loss	47892.8500977
batch	1950	valid_loss	47215.8862305
batch	1980	valid_loss	46611.8442383
batch	2010	valid_loss	46075.9477539
batch	2040	valid_loss	45423.5966797
batch	2070	valid_loss	44933.7143555
batch	2100	valid_loss	44367.6843262
batch	2130	valid_loss	43773.2431641
batch	2160	valid_loss	43263.1298828
batch	2190	valid_loss	42809.4370117
batch	2220	valid_loss	42396.6125488
batch	2250	valid_loss	41871.6894531
batch	2280	valid_loss	41311.199707
batch	2310	valid_loss	40924.5136719
batch	2340	valid_loss	40494.2414551
batch	2370	valid_loss	40099.9748535
batch	2400	valid_loss	39604.1115723
batch	2430	valid_loss	39177.1604004
batch	2460	valid_loss	38839.0354004
batch	2490	valid_loss	38456.9748535
batch	2520	valid_loss	38063.2819824
batch	2550	valid_loss	37636.892334
batch	2580	valid_loss	37303.2805176
batch	2610	valid_loss	36880.6347656
batch	2640	valid_loss	36555.8730469
batch	2670	valid_loss	36155.994873
batch	2700	valid_loss	35890.2490234
batch	2730	valid_loss	35566.9899902
batch	2760	valid_loss	35200.515625
batch	2790	valid_loss	34909.6181641
batch	2820	valid_loss	34594.6706543
batch	2850	valid_loss	34316.7683105
batch	2880	valid_loss	33967.7436523
batch	2910	valid_loss	33712.2990723
batch	2940	valid_loss	33462.0991211
batch	2970	valid_loss	33153.7687988
batch	3000	valid_loss	32913.720459
batch	3030	valid_loss	32663.157959
batch	3060	valid_loss	32389.9101562
batch	3090	valid_loss	32071.7399902
batch	3120	valid_loss	31819.0373535
batch	3150	valid_loss	31576.5424805
batch	3180	valid_loss	31359.6481934
batch	3210	valid_loss	31099.9606934
batch	3240	valid_loss	30893.0288086
batch	3270	valid_loss	30722.980957
batch	3300	valid_loss	30437.5810547
batch	3330	valid_loss	30273.3549805
batch	3360	valid_loss	30010.1013184
batch	3390	valid_loss	29791.5698242
batch	3420	valid_loss	29545.135498
batch	3450	valid_loss	29337.4858398
batch	3480	valid_loss	29189.4433594
batch	3510	valid_loss	28995.2629395
batch	3540	valid_loss	28838.0234375
batch	3570	valid_loss	28709.6589355
batch	3600	valid_loss	28394.611084
batch	3630	valid_loss	28228.9470215
batch	3660	valid_loss	28099.8823242
batch	3690	valid_loss	27925.7419434
batch	3720	valid_loss	27773.9453125
batch	3750	valid_loss	27584.2119141
batch	3780	valid_loss	27477.8793945
batch	3810	valid_loss	27288.5244141
batch	3840	valid_loss	27083.4606934
batch	3870	valid_loss	26958.967041
batch	3900	valid_loss	26818.6188965
batch	3930	valid_loss	26659.9143066
batch	3960	valid_loss	26481.7172852
batch	3990	valid_loss	26362.9238281
batch	4020	valid_loss	26253.2202148
batch	4050	valid_loss	26181.0668945
batch	4080	valid_loss	25964.699707
batch	4110	valid_loss	25807.6501465
batch	4140	valid_loss	25714.2900391
batch	4170	valid_loss	25637.0996094
batch	4200	valid_loss	25468.8476562
batch	4230	valid_loss	25326.5405273
batch	4260	valid_loss	25230.8354492
batch	4290	valid_loss	25210.1687012
batch	4320	valid_loss	24931.6420898
batch	4350	valid_loss	24970.6391602
batch	4380	valid_loss	24733.052002
batch	4410	valid_loss	24675.5964355
batch	4440	valid_loss	24524.6320801
batch	4470	valid_loss	24469.7355957
batch	4500	valid_loss	24313.3312988
batch	4530	valid_loss	24213.1296387
batch	4560	valid_loss	24077.2131348
batch	4590	valid_loss	23965.0808105
batch	4620	valid_loss	23956.5812988
batch	4650	valid_loss	23876.4753418
batch	4680	valid_loss	23723.0407715
batch	4710	valid_loss	23691.7200928
batch	4740	valid_loss	23609.5413818
batch	4770	valid_loss	23477.12146
batch	4800	valid_loss	23342.1147461
batch	4830	valid_loss	23387.710083
batch	4860	valid_loss	23128.8791504
batch	4890	valid_loss	23111.5565186
batch	4920	valid_loss	23063.2321777
batch	4950	valid_loss	22905.9400635
batch	4980	valid_loss	22874.182373
batch	5010	valid_loss	22705.7513428
batch	5040	valid_loss	22744.4594727
batch	5070	valid_loss	22611.9442139
batch	5100	valid_loss	22593.595459
batch	5130	valid_loss	22601.8657227
batch	5160	valid_loss	22671.1134033
batch	5190	valid_loss	22282.2623291
batch	5220	valid_loss	22233.4262695
batch	5250	valid_loss	22188.6755371
batch	5280	valid_loss	22285.9221191
batch	5310	valid_loss	22042.2547607
batch	5340	valid_loss	22005.1484375
batch	5370	valid_loss	21915.2626953
batch	5400	valid_loss	21951.6009521
batch	5430	valid_loss	21894.1281738
batch	5460	valid_loss	21778.0007324
batch	5490	valid_loss	21720.7160645
batch	5520	valid_loss	21618.8594971
batch	5550	valid_loss	21572.9018555
batch	5580	valid_loss	21502.5830078
batch	5610	valid_loss	21486.1776123
batch	5640	valid_loss	21383.2452393
batch	5670	valid_loss	21289.0865479
batch	5700	valid_loss	21244.3740234
batch	5730	valid_loss	21265.6674805
batch	5760	valid_loss	21316.9307861
batch	5790	valid_loss	21178.2810059
batch	5820	valid_loss	21080.4294434
batch	5850	valid_loss	21298.8673096
batch	5880	valid_loss	20972.4936523
batch	5910	valid_loss	21060.4873047
batch	5940	valid_loss	20855.3378906
batch	5970	valid_loss	20755.211792
batch	6000	valid_loss	20698.451416
batch	6030	valid_loss	20694.1628418
batch	6060	valid_loss	20633.9135742
batch	6090	valid_loss	20641.5625
batch	6120	valid_loss	20573.1015625
batch	6150	valid_loss	20503.6536865
batch	6180	valid_loss	20513.3692627
batch	6210	valid_loss	20745.293457
batch	6240	valid_loss	20350.355835
batch	6270	valid_loss	20423.7232666
batch	6300	valid_loss	20288.37854
batch	6330	valid_loss	20269.2938232
batch	6360	valid_loss	20272.3901367
batch	6390	valid_loss	20243.7038574
batch	6420	valid_loss	20110.3101807
batch	6450	valid_loss	20130.8413086
batch	6480	valid_loss	20145.463501
batch	6510	valid_loss	20055.7752686
batch	6540	valid_loss	20021.0024414
batch	6570	valid_loss	19989.8504639
batch	6600	valid_loss	19920.2755127
batch	6630	valid_loss	20002.987793
batch	6660	valid_loss	19864.2485352
batch	6690	valid_loss	19937.3917236
batch	6720	valid_loss	19857.1464844
batch	6750	valid_loss	19789.0344238
batch	6780	valid_loss	19734.4776611
batch	6810	valid_loss	19728.9716797
batch	6840	valid_loss	19671.782959
batch	6870	valid_loss	19666.8342285
batch	6900	valid_loss	19612.9260254
batch	6930	valid_loss	19610.0748291
batch	6960	valid_loss	19649.8094482
batch	6990	valid_loss	19599.2193604
batch	7020	valid_loss	19571.2454834
batch	7050	valid_loss	19611.635376
batch	7080	valid_loss	19535.5942383
batch	7110	valid_loss	19639.1643066
batch	7140	valid_loss	19492.1046143
batch	7170	valid_loss	19430.4954834
batch	7200	valid_loss	19489.5189209
batch	7230	valid_loss	19364.2038574
batch	7260	valid_loss	19652.3571777
batch	7290	valid_loss	19411.9892578
batch	7320	valid_loss	19292.0010986
batch	7350	valid_loss	19283.3607178
batch	7380	valid_loss	19266.8538818
batch	7410	valid_loss	19425.9134521
batch	7440	valid_loss	19219.5328369
batch	7470	valid_loss	19260.4614258
batch	7500	valid_loss	19184.378418
batch	7530	valid_loss	19256.2989502
batch	7560	valid_loss	19103.9472656
batch	7590	valid_loss	19164.2463379
batch	7620	valid_loss	19104.8292236
batch	7650	valid_loss	19078.9169922
batch	7680	valid_loss	19328.5767822
batch	7710	valid_loss	19063.2587891
batch	7740	valid_loss	19058.6711426
batch	7770	valid_loss	19112.9643555
batch	7800	valid_loss	18991.9107666
batch	7830	valid_loss	19260.2554932
batch	7860	valid_loss	18966.6983643
batch	7890	valid_loss	18962.3254395
batch	7920	valid_loss	18940.9726562
batch	7950	valid_loss	18948.2325439
batch	7980	valid_loss	18895.9328613
batch	8010	valid_loss	19303.4366455
batch	8040	valid_loss	18877.5244141
batch	8070	valid_loss	18894.9594727
batch	8100	valid_loss	18963.7685547
batch	8130	valid_loss	18850.927002
batch	8160	valid_loss	18934.5949707
batch	8190	valid_loss	18798.2781982
batch	8220	valid_loss	18950.9580078
batch	8250	valid_loss	18857.9407959
batch	8280	valid_loss	18714.9847412
batch	8310	valid_loss	18830.5340576
batch	8340	valid_loss	18789.5163574
batch	8370	valid_loss	18723.1712646
batch	8400	valid_loss	18708.6612549
batch	8430	valid_loss	18721.6611328
batch	8460	valid_loss	18867.2039795
batch	8490	valid_loss	18733.9782715
batch	8520	valid_loss	18683.1794434
batch	8550	valid_loss	18715.8122559
batch	8580	valid_loss	19171.2683105
batch	8610	valid_loss	18767.7077637
batch	8640	valid_loss	18671.8879395
batch	8670	valid_loss	18642.8837891
batch	8700	valid_loss	18825.9846191
batch	8730	valid_loss	18652.4683838
batch	8760	valid_loss	18753.1833496
batch	8790	valid_loss	18601.5844727
batch	8820	valid_loss	19201.3504639
batch	8850	valid_loss	18633.7637939
batch	8880	valid_loss	18567.5761719
batch	8910	valid_loss	18541.5014648
batch	8940	valid_loss	18591.8800049
batch	8970	valid_loss	18555.7091064
batch	9000	valid_loss	18731.3170166
batch	9030	valid_loss	18571.7359619
batch	9060	valid_loss	18495.2663574
batch	9090	valid_loss	18505.7265625
batch	9120	valid_loss	18501.7791748
batch	9150	valid_loss	18864.0898438
batch	9180	valid_loss	18542.0007324
batch	9210	valid_loss	18423.4835205
batch	9240	valid_loss	18467.2253418
batch	9270	valid_loss	18498.612793
batch	9300	valid_loss	18566.1174316
batch	9330	valid_loss	18562.2111816
batch	9360	valid_loss	18489.6899414
batch	9390	valid_loss	18552.9108887
batch	9420	valid_loss	18445.6361084
batch	9450	valid_loss	19170.5981445
batch	9480	valid_loss	18492.0196533
batch	9510	valid_loss	18405.2259521
batch	9540	valid_loss	18325.6542969
batch	9570	valid_loss	18444.2723389
batch	9600	valid_loss	18381.2755127
batch	9630	valid_loss	18532.9787598
batch	9660	valid_loss	18396.6257324
batch	9690	valid_loss	18433.3250732
batch	9720	valid_loss	18381.6374512
batch	9750	valid_loss	18317.9815674
batch	9780	valid_loss	18427.7496338
batch	9810	valid_loss	18401.8293457
batch	9840	valid_loss	18340.0566406
batch	9870	valid_loss	18334.956665
batch	9900	valid_loss	18307.3354492
batch	9930	valid_loss	18337.2773438
batch	9960	valid_loss	20749.989624
batch	9990	valid_loss	18365.2325439
batch	10020	valid_loss	18300.3369141
batch	10050	valid_loss	18304.4099121
batch	10080	valid_loss	18323.5446777
batch	10110	valid_loss	18363.5222168
batch	10140	valid_loss	18289.956543
batch	10170	valid_loss	18339.2138672
batch	10200	valid_loss	19200.7736816
batch	10230	valid_loss	18287.1345215
batch	10260	valid_loss	18263.1380615
batch	10290	valid_loss	18263.1418457
batch	10320	valid_loss	18291.0410156
batch	10350	valid_loss	18868.9329834
batch	10380	valid_loss	18319.3685303
batch	10410	valid_loss	18282.7258301
batch	10440	valid_loss	18318.9029541
batch	10470	valid_loss	18269.0405273
batch	10500	valid_loss	18339.5377197
batch	10530	valid_loss	18229.1242676
batch	10560	valid_loss	18237.1176758
batch	10590	valid_loss	18237.1601562
batch	10620	valid_loss	18205.0534668
batch	10650	valid_loss	18221.447998
batch	10680	valid_loss	18200.0256348
batch	10710	valid_loss	18361.1184082
batch	10740	valid_loss	18367.4802246
batch	10770	valid_loss	18174.4769287
batch	10800	valid_loss	18284.7022705
batch	10830	valid_loss	18277.2492676
batch	10860	valid_loss	18214.4104004
batch	10890	valid_loss	18217.4189453
batch	10920	valid_loss	18193.9036865
batch	10950	valid_loss	18321.1954346
batch	10980	valid_loss	18189.4862061
batch	11010	valid_loss	18307.2827148
batch	11040	valid_loss	18181.4191895
batch	11070	valid_loss	18162.7045898
batch	11100	valid_loss	18178.8164062
batch	11130	valid_loss	18226.3013916
batch	11160	valid_loss	18152.4476318
batch	11190	valid_loss	18197.788208
batch	11220	valid_loss	18220.3007812
batch	11250	valid_loss	18132.803833
batch	11280	valid_loss	18155.2845459
batch	11310	valid_loss	18217.5657959
batch	11340	valid_loss	18128.0179443
batch	11370	valid_loss	18378.8327637
batch	11400	valid_loss	18194.7237549
batch	11430	valid_loss	18213.8303223
batch	11460	valid_loss	18214.1429443
batch	11490	valid_loss	18244.5457764
batch	11520	valid_loss	18127.0615234
batch	11550	valid_loss	18110.7182617
batch	11580	valid_loss	18356.2919922
batch	11610	valid_loss	18110.8861084
batch	11640	valid_loss	19196.5722656
batch	11670	valid_loss	18184.2832031
batch	11700	valid_loss	18050.7270508
batch	11730	valid_loss	18162.239624
batch	11760	valid_loss	18069.8892822
batch	11790	valid_loss	18105.8131104
batch	11820	valid_loss	18163.8660889
batch	11850	valid_loss	18124.0583496
batch	11880	valid_loss	18282.645874
batch	11910	valid_loss	18072.3477783
batch	11940	valid_loss	18093.6905518
batch	11970	valid_loss	18126.0889893
batch	12000	valid_loss	18090.6505127
batch	12030	valid_loss	18027.1019287
batch	12060	valid_loss	18068.3212891
batch	12090	valid_loss	18050.2387695
batch	12120	valid_loss	18058.5839844
batch	12150	valid_loss	18404.4405518
batch	12180	valid_loss	18027.1855469
batch	12210	valid_loss	18060.6848145
batch	12240	valid_loss	18022.163208
batch	12270	valid_loss	18047.3731689
batch	12300	valid_loss	18123.833252
batch	12330	valid_loss	18015.7203369
batch	12360	valid_loss	17972.5736084
batch	12390	valid_loss	18464.1291504
batch	12420	valid_loss	18082.3164062
batch	12450	valid_loss	18063.1270752
batch	12480	valid_loss	17995.3721924
batch	12510	valid_loss	18098.862915
batch	12540	valid_loss	18033.2672119
batch	12570	valid_loss	18206.9940186
batch	12600	valid_loss	18083.2387695
batch	12630	valid_loss	18026.9666748
batch	12660	valid_loss	18076.357666
batch	12690	valid_loss	18024.6413574
batch	12720	valid_loss	17968.3071289
batch	12750	valid_loss	18066.2857666
batch	12780	valid_loss	18647.3599854
batch	12810	valid_loss	18029.401001
batch	12840	valid_loss	17996.7480469
batch	12870	valid_loss	17996.6755371
batch	12900	valid_loss	18020.3105469
batch	12930	valid_loss	18059.192627
batch	12960	valid_loss	17994.1757812
batch	12990	valid_loss	18028.4034424
batch	13020	valid_loss	18242.364624
batch	13050	valid_loss	18000.519043
batch	13080	valid_loss	18080.3809814
batch	13110	valid_loss	17941.5343018
batch	13140	valid_loss	18265.9119873
batch	13170	valid_loss	18019.6481934
batch	13200	valid_loss	17977.5887451
batch	13230	valid_loss	18079.0797119
batch	13260	valid_loss	18028.3266602
batch	13290	valid_loss	18114.7425537
batch	13320	valid_loss	18053.802124
batch	13350	valid_loss	18051.65625
batch	13380	valid_loss	17974.8613281
batch	13410	valid_loss	18006.8763428
batch	13440	valid_loss	18201.2961426
batch	13470	valid_loss	17969.5189209
batch	13500	valid_loss	17972.4329834
batch	13530	valid_loss	18253.1206055
batch	13560	valid_loss	17990.3137207
batch	13590	valid_loss	17957.0649414
batch	13620	valid_loss	18037.5385742
batch	13650	valid_loss	17982.199585
batch	13680	valid_loss	18147.6826172
batch	13710	valid_loss	17944.725708
batch	13740	valid_loss	17917.3483887
batch	13770	valid_loss	18159.7519531
batch	13800	valid_loss	17932.3592529
batch	13830	valid_loss	17961.2871094
batch	13860	valid_loss	18037.8283691
batch	13890	valid_loss	17956.5565186
batch	13920	valid_loss	17924.1087646
batch	13950	valid_loss	18022.2635498
batch	13980	valid_loss	17965.6397705
batch	14010	valid_loss	17979.2700195
batch	14040	valid_loss	17925.2457275
batch	14070	valid_loss	18004.7539062
batch	14100	valid_loss	17922.0166016
batch	14130	valid_loss	17899.8981934
batch	14160	valid_loss	18299.8604736
batch	14190	valid_loss	17958.3413086
batch	14220	valid_loss	17858.430542
batch	14250	valid_loss	17926.6640625
batch	14280	valid_loss	17894.4729004
batch	14310	valid_loss	18028.3563232
batch	14340	valid_loss	18014.4866943
batch	14370	valid_loss	17896.1745605
batch	14400	valid_loss	18013.7419434
batch	14430	valid_loss	17938.244751
batch	14460	valid_loss	17940.7247314
batch	14490	valid_loss	18274.6899414
batch	14520	valid_loss	17883.6060791
batch	14550	valid_loss	17951.5631104
batch	14580	valid_loss	17893.0273438
batch	14610	valid_loss	17995.0321045
batch	14640	valid_loss	18147.2244873
batch	14670	valid_loss	17862.1832275
batch	14700	valid_loss	17973.2648926
batch	14730	valid_loss	17929.5368652
batch	14760	valid_loss	17911.2850342
batch	14790	valid_loss	18002.5639648
batch	14820	valid_loss	17858.2526855
batch	14850	valid_loss	17979.3051758
batch	14880	valid_loss	17864.7629395
batch	14910	valid_loss	17973.0556641
batch	14940	valid_loss	17908.3413086
batch	14970	valid_loss	17956.019165
batch	15000	valid_loss	17969.4217529
batch	15030	valid_loss	17884.6259766
batch	15060	valid_loss	17963.7507324
batch	15090	valid_loss	17908.1484375
batch	15120	valid_loss	17901.0946045
batch	15150	valid_loss	17871.5949707
batch	15180	valid_loss	17899.4885254
batch	15210	valid_loss	17885.4980469
batch	15240	valid_loss	17842.8286133
batch	15270	valid_loss	18468.293457
batch	15300	valid_loss	17837.1147461
batch	15330	valid_loss	17966.4499512
batch	15360	valid_loss	17869.276001
batch	15390	valid_loss	18072.5238037
batch	15420	valid_loss	17949.4892578
batch	15450	valid_loss	17862.904541
batch	15480	valid_loss	17990.4621582
batch	15510	valid_loss	17873.3544922
batch	15540	valid_loss	17981.87146
batch	15570	valid_loss	17936.743042
batch	15600	valid_loss	17850.638916
batch	15630	valid_loss	17912.779541
batch	15660	valid_loss	18011.789917
batch	15690	valid_loss	17815.0025635
batch	15720	valid_loss	17867.2230225
batch	15750	valid_loss	17910.8815918
batch	15780	valid_loss	17799.2210693
batch	15810	valid_loss	17950.8481445
batch	15840	valid_loss	17815.682373
batch	15870	valid_loss	18446.0853271
batch	15900	valid_loss	17936.1732178
batch	15930	valid_loss	17895.8292236
batch	15960	valid_loss	17947.2030029
batch	15990	valid_loss	17851.5252686
batch	16020	valid_loss	18426.3356934
batch	16050	valid_loss	17909.9510498
batch	16080	valid_loss	17842.4440918
batch	16110	valid_loss	17909.6259766
batch	16140	valid_loss	17831.1636963
batch	16170	valid_loss	17944.538208
batch	16200	valid_loss	18014.0003662
batch	16230	valid_loss	17811.5618896
batch	16260	valid_loss	18194.8791504
batch	16290	valid_loss	17862.9727783
batch	16320	valid_loss	17844.3330078
batch	16350	valid_loss	17926.1984863
batch	16380	valid_loss	17810.5997314
batch	16410	valid_loss	17917.2515869
batch	16440	valid_loss	17808.0986328
batch	16470	valid_loss	17825.4327393
batch	16500	valid_loss	17959.949707
batch	16530	valid_loss	17968.8341064
batch	16560	valid_loss	18028.0919189
batch	16590	valid_loss	17842.7796631
batch	16620	valid_loss	17852.4562988
batch	16650	valid_loss	18190.8740234
batch	16680	valid_loss	17851.4110107
batch	16710	valid_loss	17797.3787842
batch	16740	valid_loss	17853.7236328
batch	16770	valid_loss	17808.3122559
batch	16800	valid_loss	17788.1845703
batch	16830	valid_loss	18227.9591064
batch	16860	valid_loss	17787.8258057
batch	16890	valid_loss	17940.3989258
batch	16920	valid_loss	17833.5007324
batch	16950	valid_loss	17910.0548096
batch	16980	valid_loss	17948.1846924
batch	17010	valid_loss	17791.6461182
batch	17040	valid_loss	17803.5307617
batch	17070	valid_loss	17829.6196289
batch	17100	valid_loss	17857.668335
batch	17130	valid_loss	17964.8284912
batch	17160	valid_loss	17768.3612061
batch	17190	valid_loss	17831.7452393
batch	17220	valid_loss	17807.1019287
batch	17250	valid_loss	17833.5030518
batch	17280	valid_loss	17848.1378174
batch	17310	valid_loss	17833.8811035
batch	17340	valid_loss	17752.1724854
batch	17370	valid_loss	17845.1175537
batch	17400	valid_loss	17761.9863281
batch	17430	valid_loss	18102.5604248
batch	17460	valid_loss	17865.1538086
batch	17490	valid_loss	17870.1572266
batch	17520	valid_loss	17932.963501
batch	17550	valid_loss	17825.2662354
batch	17580	valid_loss	17839.7294922
batch	17610	valid_loss	17845.4516602
batch	17640	valid_loss	17842.5938721
batch	17670	valid_loss	17839.928833
batch	17700	valid_loss	17807.3884277
batch	17730	valid_loss	17907.8079834
batch	17760	valid_loss	17918.8206787
batch	17790	valid_loss	17786.6568604
batch	17820	valid_loss	18034.7314453
batch	17850	valid_loss	17804.9421387
batch	17880	valid_loss	17922.7161865
batch	17910	valid_loss	17931.0030518
batch	17940	valid_loss	17756.0908203
batch	17970	valid_loss	17858.69104
batch	18000	valid_loss	17801.8688965
batch	18030	valid_loss	17742.4263916
batch	18060	valid_loss	18016.7590332
batch	18090	valid_loss	17926.0067139
batch	18120	valid_loss	17828.4665527
batch	18150	valid_loss	17787.0686035
batch	18180	valid_loss	17812.4821777
batch	18210	valid_loss	17835.4781494
batch	18240	valid_loss	17791.3131104
batch	18270	valid_loss	17755.9851074
batch	18300	valid_loss	17826.0559082
batch	18330	valid_loss	17805.7330322
batch	18360	valid_loss	17901.6738281
batch	18390	valid_loss	17753.7077637
batch	18420	valid_loss	17734.3032227
batch	18450	valid_loss	17836.7723389
batch	18480	valid_loss	17839.9633789
batch	18510	valid_loss	17802.4245605
batch	18540	valid_loss	17785.394043
batch	18570	valid_loss	17732.1157227
batch	18600	valid_loss	17885.338623
batch	18630	valid_loss	17775.2889404
batch	18660	valid_loss	17818.9985352
batch	18690	valid_loss	17825.3656006
batch	18720	valid_loss	17756.5623779
batch	18750	valid_loss	17935.185791
batch	18780	valid_loss	17766.2373047
batch	18810	valid_loss	17705.2869873
batch	18840	valid_loss	17951.9147949
batch	18870	valid_loss	17787.7558594
batch	18900	valid_loss	17706.0770264
batch	18930	valid_loss	17863.6495361
batch	18960	valid_loss	17698.5229492
batch	18990	valid_loss	17823.005249
batch	19020	valid_loss	17799.8845215
batch	19050	valid_loss	17731.9282227
batch	19080	valid_loss	17812.2955322
batch	19110	valid_loss	17778.2232666
batch	19140	valid_loss	17741.0501709
batch	19170	valid_loss	17758.4262695
batch	19200	valid_loss	17740.3829346
batch	19230	valid_loss	17761.8510742
batch	19260	valid_loss	17767.0089111
batch	19290	valid_loss	17724.152832
batch	19320	valid_loss	17728.8508301
batch	19350	valid_loss	17708.3991699
batch	19380	valid_loss	17906.9248047
batch	19410	valid_loss	17726.0529785
batch	19440	valid_loss	17781.3092041
batch	19470	valid_loss	17955.9824219
batch	19500	valid_loss	17690.7575684
batch	19530	valid_loss	17780.2266846
batch	19560	valid_loss	17699.2159424
batch	19590	valid_loss	17667.9129639
batch	19620	valid_loss	17860.0615234
batch	19650	valid_loss	17811.4329834
batch	19680	valid_loss	17744.7539062
batch	19710	valid_loss	17677.1213379
batch	19740	valid_loss	17755.7102051
batch	19770	valid_loss	17701.4849854
batch	19800	valid_loss	17690.0738525
batch	19830	valid_loss	17656.4946289
batch	19860	valid_loss	17974.9881592
batch	19890	valid_loss	17672.0083008
batch	19920	valid_loss	17683.6864014
batch	19950	valid_loss	17677.8815918
batch	19980	valid_loss	17636.1136475
batch	20010	valid_loss	17805.835083
batch	20040	valid_loss	17664.0463867
batch	20070	valid_loss	17702.4130859
batch	20100	valid_loss	17706.713623
batch	20130	valid_loss	17973.9945068
batch	20160	valid_loss	17744.3236084
batch	20190	valid_loss	17673.5559082
batch	20220	valid_loss	17887.0557861
batch	20250	valid_loss	17728.2087402
batch	20280	valid_loss	17638.0218506
batch	20310	valid_loss	17798.6307373
batch	20340	valid_loss	17650.0013428
batch	20370	valid_loss	17670.9005127
batch	20400	valid_loss	17650.6235352
batch	20430	valid_loss	17720.876709
batch	20460	valid_loss	17642.3959961
batch	20490	valid_loss	17787.0300293
batch	20520	valid_loss	17615.116333
batch	20550	valid_loss	17695.939209
batch	20580	valid_loss	17751.2393799
batch	20610	valid_loss	17684.1756592
batch	20640	valid_loss	17744.1350098
batch	20670	valid_loss	17678.814209
batch	20700	valid_loss	18240.0474854
batch	20730	valid_loss	17723.7445068
batch	20760	valid_loss	17693.0444336
batch	20790	valid_loss	17684.630127
batch	20820	valid_loss	17644.5161133
batch	20850	valid_loss	17857.0574951
batch	20880	valid_loss	17665.2969971
batch	20910	valid_loss	17640.494873
batch	20940	valid_loss	17673.2810059
batch	20970	valid_loss	17649.3536377
batch	21000	valid_loss	17690.9190674
batch	21030	valid_loss	17748.7766113
batch	21060	valid_loss	17667.7026367
batch	21090	valid_loss	17717.2385254
batch	21120	valid_loss	17643.1920166
batch	21150	valid_loss	17639.9532471
batch	21180	valid_loss	17704.9973145
batch	21210	valid_loss	17727.5172119
batch	21240	valid_loss	17902.0473633
batch	21270	valid_loss	17638.4984131
batch	21300	valid_loss	17657.6049805
batch	21330	valid_loss	17830.6671143
batch	21360	valid_loss	17742.130127
batch	21390	valid_loss	17610.899292
batch	21420	valid_loss	17663.508667
batch	21450	valid_loss	17597.6604004
batch	21480	valid_loss	17608.2530518
batch	21510	valid_loss	17774.5662842
batch	21540	valid_loss	17601.18396
batch	21570	valid_loss	17732.5687256
batch	21600	valid_loss	17625.057251
batch	21630	valid_loss	18121.0096436
batch	21660	valid_loss	17649.4226074
batch	21690	valid_loss	17639.7733154
batch	21720	valid_loss	17654.7554932
batch	21750	valid_loss	17673.3864746
batch	21780	valid_loss	17720.1135254
batch	21810	valid_loss	17772.7646484
batch	21840	valid_loss	17619.2032471
batch	21870	valid_loss	17850.4245605
batch	21900	valid_loss	17606.8126221
batch	21930	valid_loss	17816.0727539
batch	21960	valid_loss	17602.1719971
batch	21990	valid_loss	17853.480835
batch	22020	valid_loss	17604.3912354
batch	22050	valid_loss	17760.0319824
batch	22080	valid_loss	17591.8664551
batch	22110	valid_loss	17690.3597412
batch	22140	valid_loss	17689.2600098
batch	22170	valid_loss	17711.8062744
batch	22200	valid_loss	17910.8549805
batch	22230	valid_loss	17618.4660645
batch	22260	valid_loss	17707.7390137
batch	22290	valid_loss	17689.8283691
batch	22320	valid_loss	17713.2907715
batch	22350	valid_loss	17777.2307129
batch	22380	valid_loss	17597.4595947
batch	22410	valid_loss	17682.6904297
batch	22440	valid_loss	17723.9375
batch	22470	valid_loss	17654.7137451
batch	22500	valid_loss	17633.0090332
batch	22530	valid_loss	17626.0101318
batch	22560	valid_loss	17649.3345947
batch	22590	valid_loss	17652.3099365
batch	22620	valid_loss	17935.1357422
batch	22650	valid_loss	17699.822998
batch	22680	valid_loss	17622.9294434
batch	22710	valid_loss	17642.5904541
batch	22740	valid_loss	17646.1793213
batch	22770	valid_loss	17681.480957
batch	22800	valid_loss	17881.9146729
batch	22830	valid_loss	17607.7750244
batch	22860	valid_loss	17658.1689453
batch	22890	valid_loss	17677.258667
batch	22920	valid_loss	17674.1124268
batch	22950	valid_loss	17584.2442627
batch	22980	valid_loss	17711.9749756
batch	23010	valid_loss	17590.4074707
batch	23040	valid_loss	17726.1971436
batch	23070	valid_loss	17629.9136963
batch	23100	valid_loss	17575.770752
batch	23130	valid_loss	17731.0909424
batch	23160	valid_loss	17638.1638184
batch	23190	valid_loss	18002.6680908
batch	23220	valid_loss	17651.5159912
batch	23250	valid_loss	17586.2744141
batch	23280	valid_loss	17620.3499756
batch	23310	valid_loss	17661.1219482
batch	23340	valid_loss	17625.7186279
batch	23370	valid_loss	17651.2602539
batch	23400	valid_loss	17576.5394287
batch	23430	valid_loss	17701.1624756
batch	23460	valid_loss	17576.2681885
batch	23490	valid_loss	17744.8293457
batch	23520	valid_loss	17575.588501
batch	23550	valid_loss	17669.4442139
batch	23580	valid_loss	17699.4951172
batch	23610	valid_loss	17702.5495605
batch	23640	valid_loss	17628.9777832
batch	23670	valid_loss	17836.8741455
batch	23700	valid_loss	17652.6083984
batch	23730	valid_loss	17637.239502
batch	23760	valid_loss	17652.5184326
batch	23790	valid_loss	17683.9449463
batch	23820	valid_loss	17612.9453125
batch	23850	valid_loss	17827.7590332
batch	23880	valid_loss	17682.0805664
batch	23910	valid_loss	17683.0976562
batch	23940	valid_loss	17589.6912842
batch	23970	valid_loss	18320.0032959
batch	24000	valid_loss	17619.1462402
batch	24030	valid_loss	17597.2316895
batch	24060	valid_loss	17605.5594482
batch	24090	valid_loss	17664.2188721
batch	24120	valid_loss	17618.3756104
batch	24150	valid_loss	17640.4589844
batch	24180	valid_loss	17680.0598145
batch	24210	valid_loss	17644.2720947
batch	24240	valid_loss	17628.1838379
batch	24270	valid_loss	17608.5858154
batch	24300	valid_loss	17626.3305664
batch	24330	valid_loss	17629.8605957
batch	24360	valid_loss	18257.5588379
batch	24390	valid_loss	17593.3657227
batch	24420	valid_loss	17582.0585938
batch	24450	valid_loss	17571.1256104
batch	24480	valid_loss	17661.3331299
batch	24510	valid_loss	17665.5090332
batch	24540	valid_loss	17734.494751
batch	24570	valid_loss	17579.3206787
batch	24600	valid_loss	17573.3292236
batch	24630	valid_loss	17632.4978027
batch	24660	valid_loss	17541.6082764
batch	24690	valid_loss	17702.4527588
batch	24720	valid_loss	17604.3442383
batch	24750	valid_loss	17977.5742188
batch	24780	valid_loss	17596.7877197
batch	24810	valid_loss	17567.7213135
batch	24840	valid_loss	17660.5665283
batch	24870	valid_loss	17572.6514893
batch	24900	valid_loss	17582.6387939
batch	24930	valid_loss	17849.953125
batch	24960	valid_loss	17599.0522461
batch	24990	valid_loss	17587.7010498
STOP
START
config	380	180	380	960
batch	0	valid_loss	7644732.875
batch	30	valid_loss	163232.147461
batch	60	valid_loss	102568.923828
batch	90	valid_loss	99706.3759766
batch	120	valid_loss	99518.6132812
batch	150	valid_loss	99471.8671875
batch	180	valid_loss	99383.5292969
batch	210	valid_loss	99300.3828125
batch	240	valid_loss	99171.6113281
batch	270	valid_loss	99017.4785156
batch	300	valid_loss	98759.9433594
batch	330	valid_loss	98312.5800781
batch	360	valid_loss	97563.9091797
batch	390	valid_loss	96378.9345703
batch	420	valid_loss	94569.0185547
batch	450	valid_loss	92729.3466797
batch	480	valid_loss	91189.152832
batch	510	valid_loss	90164.3959961
batch	540	valid_loss	89405.3564453
batch	570	valid_loss	88781.3422852
batch	600	valid_loss	88280.4536133
batch	630	valid_loss	87653.6918945
batch	660	valid_loss	87067.046875
batch	690	valid_loss	86301.8588867
batch	720	valid_loss	85489.0195312
batch	750	valid_loss	84548.6235352
batch	780	valid_loss	83600.0102539
batch	810	valid_loss	82558.9082031
batch	840	valid_loss	81530.112793
batch	870	valid_loss	80485.2265625
batch	900	valid_loss	79415.6040039
batch	930	valid_loss	78346.8051758
batch	960	valid_loss	77239.2773438
batch	990	valid_loss	76086.1933594
batch	1020	valid_loss	74988.5263672
batch	1050	valid_loss	73877.8701172
batch	1080	valid_loss	72788.8754883
batch	1110	valid_loss	71681.5908203
batch	1140	valid_loss	70551.6855469
batch	1170	valid_loss	69485.6845703
batch	1200	valid_loss	68394.7431641
batch	1230	valid_loss	67294.7270508
batch	1260	valid_loss	66255.1542969
batch	1290	valid_loss	65169.1171875
batch	1320	valid_loss	64188.175293
batch	1350	valid_loss	63158.0556641
batch	1380	valid_loss	62177.7324219
batch	1410	valid_loss	61174.7626953
batch	1440	valid_loss	60277.9487305
batch	1470	valid_loss	59275.2016602
batch	1500	valid_loss	58427.4624023
batch	1530	valid_loss	57537.3984375
batch	1560	valid_loss	56638.8383789
batch	1590	valid_loss	55875.6235352
batch	1620	valid_loss	55058.9199219
batch	1650	valid_loss	54248.7475586
batch	1680	valid_loss	53463.7919922
batch	1710	valid_loss	52780.3896484
batch	1740	valid_loss	51973.9067383
batch	1770	valid_loss	51290.4331055
batch	1800	valid_loss	50624.0024414
batch	1830	valid_loss	49914.371582
batch	1860	valid_loss	49275.8168945
batch	1890	valid_loss	48669.1079102
batch	1920	valid_loss	48035.2026367
batch	1950	valid_loss	47416.1293945
batch	1980	valid_loss	46881.4567871
batch	2010	valid_loss	46303.5576172
batch	2040	valid_loss	45725.3249512
batch	2070	valid_loss	45103.6298828
batch	2100	valid_loss	44623.4707031
batch	2130	valid_loss	44121.9296875
batch	2160	valid_loss	43551.4604492
batch	2190	valid_loss	43080.4233398
batch	2220	valid_loss	42618.4487305
batch	2250	valid_loss	42128.8979492
batch	2280	valid_loss	41674.8710938
batch	2310	valid_loss	41151.6762695
batch	2340	valid_loss	40776.0024414
batch	2370	valid_loss	40292.8383789
batch	2400	valid_loss	39859.6669922
batch	2430	valid_loss	39445.6337891
batch	2460	valid_loss	39017.5976562
batch	2490	valid_loss	38667.5656738
batch	2520	valid_loss	38260.9863281
batch	2550	valid_loss	37896.6845703
batch	2580	valid_loss	37530.4257812
batch	2610	valid_loss	37163.2719727
batch	2640	valid_loss	36755.0585938
batch	2670	valid_loss	36499.2822266
batch	2700	valid_loss	36110.7912598
batch	2730	valid_loss	35794.1911621
batch	2760	valid_loss	35430.7407227
batch	2790	valid_loss	35145.0808105
batch	2820	valid_loss	34889.1191406
batch	2850	valid_loss	34545.697998
batch	2880	valid_loss	34216.3303223
batch	2910	valid_loss	33980.6623535
batch	2940	valid_loss	33646.0029297
batch	2970	valid_loss	33382.2497559
batch	3000	valid_loss	33080.9450684
batch	3030	valid_loss	32842.348877
batch	3060	valid_loss	32615.328125
batch	3090	valid_loss	32301.6420898
batch	3120	valid_loss	31996.9423828
batch	3150	valid_loss	31841.2702637
batch	3180	valid_loss	31521.0266113
batch	3210	valid_loss	31295.9677734
batch	3240	valid_loss	31085.3706055
batch	3270	valid_loss	30820.2050781
batch	3300	valid_loss	30639.8364258
batch	3330	valid_loss	30349.3552246
batch	3360	valid_loss	30257.2392578
batch	3390	valid_loss	30051.1013184
batch	3420	valid_loss	29773.9570312
batch	3450	valid_loss	29561.4819336
batch	3480	valid_loss	29346.7407227
batch	3510	valid_loss	29156.605957
batch	3540	valid_loss	29009.0859375
batch	3570	valid_loss	28845.5571289
batch	3600	valid_loss	28599.4746094
batch	3630	valid_loss	28384.5354004
batch	3660	valid_loss	28282.0361328
batch	3690	valid_loss	28076.3530273
batch	3720	valid_loss	27873.9689941
batch	3750	valid_loss	27734.3933105
batch	3780	valid_loss	27580.1445312
batch	3810	valid_loss	27380.3591309
batch	3840	valid_loss	27255.84375
batch	3870	valid_loss	27040.8779297
batch	3900	valid_loss	26911.0908203
batch	3930	valid_loss	26786.6208496
batch	3960	valid_loss	26627.1713867
batch	3990	valid_loss	26418.6755371
batch	4020	valid_loss	26390.807373
batch	4050	valid_loss	26238.5175781
batch	4080	valid_loss	25995.5615234
batch	4110	valid_loss	25863.6821289
batch	4140	valid_loss	25788.7770996
batch	4170	valid_loss	25661.7619629
batch	4200	valid_loss	25547.3447266
batch	4230	valid_loss	25409.010498
batch	4260	valid_loss	25225.333252
batch	4290	valid_loss	25167.3378906
batch	4320	valid_loss	25000.4282227
batch	4350	valid_loss	24929.199707
batch	4380	valid_loss	24814.0014648
batch	4410	valid_loss	24692.9355469
batch	4440	valid_loss	24525.0546875
batch	4470	valid_loss	24390.230957
batch	4500	valid_loss	24377.619873
batch	4530	valid_loss	24194.7336426
batch	4560	valid_loss	24088.9074707
batch	4590	valid_loss	24085.744873
batch	4620	valid_loss	23911.5056152
batch	4650	valid_loss	23826.6704102
batch	4680	valid_loss	23718.1704102
batch	4710	valid_loss	23748.2893066
batch	4740	valid_loss	23540.2572021
batch	4770	valid_loss	23389.954834
batch	4800	valid_loss	23381.2900391
batch	4830	valid_loss	23294.4787598
batch	4860	valid_loss	23217.6147461
batch	4890	valid_loss	23092.0377197
batch	4920	valid_loss	23044.8790283
batch	4950	valid_loss	23022.3529053
batch	4980	valid_loss	22863.4487305
batch	5010	valid_loss	22932.3585205
batch	5040	valid_loss	22728.3118896
batch	5070	valid_loss	22584.024292
batch	5100	valid_loss	22593.8588867
batch	5130	valid_loss	22501.8066406
batch	5160	valid_loss	22360.3398438
batch	5190	valid_loss	22248.9562988
batch	5220	valid_loss	22158.9951172
batch	5250	valid_loss	22199.520874
batch	5280	valid_loss	22055.1478271
batch	5310	valid_loss	21996.020752
batch	5340	valid_loss	22026.8276367
batch	5370	valid_loss	21933.2650146
batch	5400	valid_loss	21884.6289062
batch	5430	valid_loss	21986.6746826
batch	5460	valid_loss	21684.197998
batch	5490	valid_loss	21751.439209
batch	5520	valid_loss	21654.145752
batch	5550	valid_loss	21552.7904053
batch	5580	valid_loss	21578.8886719
batch	5610	valid_loss	21514.8392334
batch	5640	valid_loss	21359.4676514
batch	5670	valid_loss	21294.9915771
batch	5700	valid_loss	21281.2839355
batch	5730	valid_loss	21723.7110596
batch	5760	valid_loss	21143.776123
batch	5790	valid_loss	21063.6555176
batch	5820	valid_loss	21000.3759766
batch	5850	valid_loss	21373.5222168
batch	5880	valid_loss	20954.9230957
batch	5910	valid_loss	20917.3017578
batch	5940	valid_loss	20816.7243652
batch	5970	valid_loss	20794.7946777
batch	6000	valid_loss	20689.5620117
batch	6030	valid_loss	20693.6188965
batch	6060	valid_loss	20629.6452637
batch	6090	valid_loss	20591.2342529
batch	6120	valid_loss	20497.3046875
batch	6150	valid_loss	20622.7143555
batch	6180	valid_loss	20606.2364502
batch	6210	valid_loss	20438.1159668
batch	6240	valid_loss	20370.2418213
batch	6270	valid_loss	21293.2994385
batch	6300	valid_loss	20338.5880127
batch	6330	valid_loss	20206.5430908
batch	6360	valid_loss	20176.1887207
batch	6390	valid_loss	20278.0328369
batch	6420	valid_loss	20136.6380615
batch	6450	valid_loss	20394.8392334
batch	6480	valid_loss	20174.2497559
batch	6510	valid_loss	20099.2752686
batch	6540	valid_loss	20112.3261719
batch	6570	valid_loss	20045.043457
batch	6600	valid_loss	19919.166748
batch	6630	valid_loss	19978.1295166
batch	6660	valid_loss	20119.0821533
batch	6690	valid_loss	19900.1315918
batch	6720	valid_loss	19863.4018555
batch	6750	valid_loss	19763.3914795
batch	6780	valid_loss	19774.8081055
batch	6810	valid_loss	20350.9223633
batch	6840	valid_loss	19647.9519043
batch	6870	valid_loss	19659.2087402
batch	6900	valid_loss	19668.2567139
batch	6930	valid_loss	19639.7259521
batch	6960	valid_loss	19639.7835693
batch	6990	valid_loss	19653.8780518
batch	7020	valid_loss	19537.7226562
batch	7050	valid_loss	19603.2374268
batch	7080	valid_loss	19511.298584
batch	7110	valid_loss	19536.9990234
batch	7140	valid_loss	19514.4291992
batch	7170	valid_loss	19463.1845703
batch	7200	valid_loss	19476.0604248
batch	7230	valid_loss	19431.2286377
batch	7260	valid_loss	19476.833252
batch	7290	valid_loss	19361.1149902
batch	7320	valid_loss	19457.439209
batch	7350	valid_loss	19366.2626953
batch	7380	valid_loss	19524.2723389
batch	7410	valid_loss	19303.4309082
batch	7440	valid_loss	19243.925415
batch	7470	valid_loss	19432.7241211
batch	7500	valid_loss	19296.2099609
batch	7530	valid_loss	19207.5753174
batch	7560	valid_loss	19184.1064453
batch	7590	valid_loss	19071.3685303
batch	7620	valid_loss	19344.324585
batch	7650	valid_loss	19119.199707
batch	7680	valid_loss	19445.3566895
batch	7710	valid_loss	19092.2926025
batch	7740	valid_loss	19115.1182861
batch	7770	valid_loss	19345.2961426
batch	7800	valid_loss	19103.1474609
batch	7830	valid_loss	19009.4174805
batch	7860	valid_loss	19016.9510498
batch	7890	valid_loss	19271.1291504
batch	7920	valid_loss	18977.9267578
batch	7950	valid_loss	18971.4527588
batch	7980	valid_loss	18894.2071533
batch	8010	valid_loss	18883.6634521
batch	8040	valid_loss	18974.5681152
batch	8070	valid_loss	18920.2120361
batch	8100	valid_loss	18906.2435303
batch	8130	valid_loss	18786.0566406
batch	8160	valid_loss	18961.8244629
batch	8190	valid_loss	18899.1157227
batch	8220	valid_loss	18797.7089844
batch	8250	valid_loss	18971.4343262
batch	8280	valid_loss	18943.0806885
batch	8310	valid_loss	18739.4932861
batch	8340	valid_loss	19079.3673096
batch	8370	valid_loss	18776.3258057
batch	8400	valid_loss	18746.4238281
batch	8430	valid_loss	18802.246582
batch	8460	valid_loss	18746.7653809
batch	8490	valid_loss	18831.3365479
batch	8520	valid_loss	18777.3505859
batch	8550	valid_loss	19343.1751709
batch	8580	valid_loss	18769.1783447
batch	8610	valid_loss	18725.0059814
batch	8640	valid_loss	18644.9621582
batch	8670	valid_loss	18668.3945312
batch	8700	valid_loss	18973.4291992
batch	8730	valid_loss	18742.3146973
batch	8760	valid_loss	18606.4788818
batch	8790	valid_loss	18631.4925537
batch	8820	valid_loss	18813.4240723
batch	8850	valid_loss	18620.1815186
batch	8880	valid_loss	18658.2280273
batch	8910	valid_loss	18576.1330566
batch	8940	valid_loss	18577.4868164
batch	8970	valid_loss	18747.9257812
batch	9000	valid_loss	18562.9390869
batch	9030	valid_loss	18546.5345459
batch	9060	valid_loss	18560.069458
batch	9090	valid_loss	18512.262207
batch	9120	valid_loss	18606.5799561
batch	9150	valid_loss	18526.8269043
batch	9180	valid_loss	18532.9941406
batch	9210	valid_loss	18500.5200195
batch	9240	valid_loss	18440.9245605
batch	9270	valid_loss	18676.7280273
batch	9300	valid_loss	18561.3532715
batch	9330	valid_loss	18723.5081787
batch	9360	valid_loss	18513.2556152
batch	9390	valid_loss	18505.1960449
batch	9420	valid_loss	18495.8887939
batch	9450	valid_loss	18793.5020752
batch	9480	valid_loss	18483.0994873
batch	9510	valid_loss	18507.105957
batch	9540	valid_loss	18426.069458
batch	9570	valid_loss	18551.1152344
batch	9600	valid_loss	18505.9434814
batch	9630	valid_loss	18419.4156494
batch	9660	valid_loss	18456.2756348
batch	9690	valid_loss	18370.9443359
batch	9720	valid_loss	18449.7929688
batch	9750	valid_loss	18706.1174316
batch	9780	valid_loss	18367.7414551
batch	9810	valid_loss	18420.6209717
batch	9840	valid_loss	18373.2131348
batch	9870	valid_loss	18367.8885498
batch	9900	valid_loss	18566.1409912
batch	9930	valid_loss	18369.2412109
batch	9960	valid_loss	18570.0310059
batch	9990	valid_loss	18350.7155762
batch	10020	valid_loss	18580.7255859
batch	10050	valid_loss	18431.3883057
batch	10080	valid_loss	18405.2176514
batch	10110	valid_loss	18540.7105713
batch	10140	valid_loss	18373.7219238
batch	10170	valid_loss	18647.1140137
batch	10200	valid_loss	18329.220459
batch	10230	valid_loss	18315.609375
batch	10260	valid_loss	18269.9819336
batch	10290	valid_loss	19278.4158936
batch	10320	valid_loss	18398.8817139
batch	10350	valid_loss	18285.0003662
batch	10380	valid_loss	18309.6719971
batch	10410	valid_loss	18375.4509277
batch	10440	valid_loss	18385.8452148
batch	10470	valid_loss	18306.159668
batch	10500	valid_loss	18251.5142822
batch	10530	valid_loss	18726.1573486
batch	10560	valid_loss	18242.666626
batch	10590	valid_loss	18229.0308838
batch	10620	valid_loss	18664.9399414
batch	10650	valid_loss	18299.9733887
batch	10680	valid_loss	18183.2545166
batch	10710	valid_loss	18355.6103516
batch	10740	valid_loss	18316.4677734
batch	10770	valid_loss	18224.8648682
batch	10800	valid_loss	18206.1787109
batch	10830	valid_loss	18219.6881104
batch	10860	valid_loss	18262.7353516
batch	10890	valid_loss	18205.0549316
batch	10920	valid_loss	18153.4029541
batch	10950	valid_loss	18636.8148193
batch	10980	valid_loss	18193.2685547
batch	11010	valid_loss	18451.0291748
batch	11040	valid_loss	18239.0083008
batch	11070	valid_loss	18225.2296143
batch	11100	valid_loss	18151.6119385
batch	11130	valid_loss	18652.7381592
batch	11160	valid_loss	18200.7823486
batch	11190	valid_loss	18154.2303467
batch	11220	valid_loss	18354.0944824
batch	11250	valid_loss	18188.7369385
batch	11280	valid_loss	18178.0756836
batch	11310	valid_loss	18406.6472168
batch	11340	valid_loss	18180.1854248
batch	11370	valid_loss	18243.7912598
batch	11400	valid_loss	18144.0594482
batch	11430	valid_loss	18639.9779053
batch	11460	valid_loss	18342.385376
batch	11490	valid_loss	18184.4224854
batch	11520	valid_loss	18162.7602539
batch	11550	valid_loss	18180.6676025
batch	11580	valid_loss	18158.5684814
batch	11610	valid_loss	18153.270752
batch	11640	valid_loss	18295.7830811
batch	11670	valid_loss	18248.27771
batch	11700	valid_loss	18242.4907227
batch	11730	valid_loss	18158.9459229
batch	11760	valid_loss	18162.4898682
batch	11790	valid_loss	18105.7720947
batch	11820	valid_loss	18076.1860352
batch	11850	valid_loss	18166.760376
batch	11880	valid_loss	18120.0916748
batch	11910	valid_loss	18164.8071289
batch	11940	valid_loss	18140.1796875
batch	11970	valid_loss	18203.8991699
batch	12000	valid_loss	18143.2557373
batch	12030	valid_loss	18098.6707764
batch	12060	valid_loss	18100.2526855
batch	12090	valid_loss	18056.3012695
batch	12120	valid_loss	18077.9748535
batch	12150	valid_loss	18046.8729248
batch	12180	valid_loss	18047.8045654
batch	12210	valid_loss	18514.3756104
batch	12240	valid_loss	18115.3453369
batch	12270	valid_loss	18027.0968018
batch	12300	valid_loss	18319.1549072
batch	12330	valid_loss	18029.6674805
batch	12360	valid_loss	18049.6206055
batch	12390	valid_loss	18078.6281738
batch	12420	valid_loss	18128.6313477
batch	12450	valid_loss	18335.3791504
batch	12480	valid_loss	17996.5843506
batch	12510	valid_loss	18063.2053223
batch	12540	valid_loss	18036.4436035
batch	12570	valid_loss	18222.1075439
batch	12600	valid_loss	18095.9150391
batch	12630	valid_loss	18085.8083496
batch	12660	valid_loss	18023.0062256
batch	12690	valid_loss	18029.7633057
batch	12720	valid_loss	18128.0484619
batch	12750	valid_loss	18044.8083496
batch	12780	valid_loss	18059.7967529
batch	12810	valid_loss	18016.0167236
batch	12840	valid_loss	19047.3441162
batch	12870	valid_loss	18007.4793701
batch	12900	valid_loss	18001.4278564
batch	12930	valid_loss	18042.7071533
batch	12960	valid_loss	18016.0782471
batch	12990	valid_loss	18657.1408691
batch	13020	valid_loss	18177.9121094
batch	13050	valid_loss	18094.5664062
batch	13080	valid_loss	17974.1090088
batch	13110	valid_loss	18000.5368652
batch	13140	valid_loss	18326.6921387
batch	13170	valid_loss	18006.2587891
batch	13200	valid_loss	18604.37146
batch	13230	valid_loss	18111.5332031
batch	13260	valid_loss	18064.4250488
batch	13290	valid_loss	18035.2723389
batch	13320	valid_loss	17995.6416016
batch	13350	valid_loss	18481.6199951
batch	13380	valid_loss	18021.6094971
batch	13410	valid_loss	17990.0709229
batch	13440	valid_loss	17995.2156982
batch	13470	valid_loss	17978.7530518
batch	13500	valid_loss	18050.0406494
batch	13530	valid_loss	17969.4691162
batch	13560	valid_loss	18096.5517578
batch	13590	valid_loss	17969.0592041
batch	13620	valid_loss	17996.5415039
batch	13650	valid_loss	17971.7288818
batch	13680	valid_loss	17959.7174072
batch	13710	valid_loss	18399.9602051
batch	13740	valid_loss	17936.5994873
batch	13770	valid_loss	17943.5108643
batch	13800	valid_loss	18008.1292725
batch	13830	valid_loss	17978.0255127
batch	13860	valid_loss	18119.5853271
batch	13890	valid_loss	17918.7180176
batch	13920	valid_loss	18210.9899902
batch	13950	valid_loss	17971.8254395
batch	13980	valid_loss	18016.7075195
batch	14010	valid_loss	17966.0628662
batch	14040	valid_loss	18430.4437256
batch	14070	valid_loss	17954.2698975
batch	14100	valid_loss	17934.036377
batch	14130	valid_loss	17931.2519531
batch	14160	valid_loss	18017.9465332
batch	14190	valid_loss	17965.1469727
batch	14220	valid_loss	17938.2374268
batch	14250	valid_loss	17921.3391113
batch	14280	valid_loss	17986.8895264
batch	14310	valid_loss	17944.0297852
batch	14340	valid_loss	17965.7957764
batch	14370	valid_loss	17986.402832
batch	14400	valid_loss	18172.1610107
batch	14430	valid_loss	17891.7419434
batch	14460	valid_loss	18012.2093506
batch	14490	valid_loss	18097.3183594
batch	14520	valid_loss	17955.4073486
batch	14550	valid_loss	17915.3540039
batch	14580	valid_loss	18321.2617188
batch	14610	valid_loss	17984.1306152
batch	14640	valid_loss	17904.6885986
batch	14670	valid_loss	17904.5786133
batch	14700	valid_loss	18220.5822754
batch	14730	valid_loss	17920.2191162
batch	14760	valid_loss	18379.8059082
batch	14790	valid_loss	18056.0552979
batch	14820	valid_loss	18025.0562744
batch	14850	valid_loss	17948.3740234
batch	14880	valid_loss	17925.7076416
batch	14910	valid_loss	18123.3261719
batch	14940	valid_loss	17882.3096924
batch	14970	valid_loss	17935.0933838
batch	15000	valid_loss	18026.8509521
batch	15030	valid_loss	17916.5981445
batch	15060	valid_loss	18053.5106201
batch	15090	valid_loss	17910.2781982
batch	15120	valid_loss	18063.6326904
batch	15150	valid_loss	17877.3405762
batch	15180	valid_loss	17971.9193115
batch	15210	valid_loss	17877.5305176
batch	15240	valid_loss	17878.6998291
batch	15270	valid_loss	18045.9656982
batch	15300	valid_loss	17868.5561523
batch	15330	valid_loss	17895.9240723
batch	15360	valid_loss	17872.0518799
batch	15390	valid_loss	18089.3111572
batch	15420	valid_loss	17901.3530273
batch	15450	valid_loss	17887.0222168
batch	15480	valid_loss	17898.364502
batch	15510	valid_loss	17931.2265625
batch	15540	valid_loss	17972.7296143
batch	15570	valid_loss	17890.1816406
batch	15600	valid_loss	17833.8973389
batch	15630	valid_loss	17991.3327637
batch	15660	valid_loss	17870.5029297
batch	15690	valid_loss	17834.9152832
batch	15720	valid_loss	17976.9489746
batch	15750	valid_loss	17941.5797119
batch	15780	valid_loss	17832.9307861
batch	15810	valid_loss	17849.5444336
batch	15840	valid_loss	18102.1529541
batch	15870	valid_loss	17917.7993164
batch	15900	valid_loss	17896.6390381
batch	15930	valid_loss	17863.8737793
batch	15960	valid_loss	17902.7218018
batch	15990	valid_loss	17917.2355957
batch	16020	valid_loss	17858.6467285
batch	16050	valid_loss	17974.2922363
batch	16080	valid_loss	17918.0786133
batch	16110	valid_loss	17911.7314453
batch	16140	valid_loss	17984.3934326
batch	16170	valid_loss	17890.4576416
batch	16200	valid_loss	18148.4328613
batch	16230	valid_loss	17838.1119385
batch	16260	valid_loss	18145.4302979
batch	16290	valid_loss	17897.7845459
batch	16320	valid_loss	17939.7148438
batch	16350	valid_loss	18233.522583
batch	16380	valid_loss	17941.6333008
batch	16410	valid_loss	17892.6224365
batch	16440	valid_loss	17864.019043
batch	16470	valid_loss	18483.8635254
batch	16500	valid_loss	17878.6433105
batch	16530	valid_loss	17881.1846924
batch	16560	valid_loss	17840.0565186
batch	16590	valid_loss	17844.5158691
batch	16620	valid_loss	18752.3718262
batch	16650	valid_loss	17865.1711426
batch	16680	valid_loss	17869.909668
batch	16710	valid_loss	17856.6485596
batch	16740	valid_loss	17888.2487793
batch	16770	valid_loss	17894.9569092
batch	16800	valid_loss	17948.1347656
batch	16830	valid_loss	17823.2727051
batch	16860	valid_loss	17793.8543701
batch	16890	valid_loss	17862.4854736
batch	16920	valid_loss	18934.5738525
batch	16950	valid_loss	17819.7349854
batch	16980	valid_loss	17834.4211426
batch	17010	valid_loss	17790.1021729
batch	17040	valid_loss	17845.2747803
batch	17070	valid_loss	17831.567749
batch	17100	valid_loss	17883.5153809
batch	17130	valid_loss	17867.324585
batch	17160	valid_loss	17880.4382324
batch	17190	valid_loss	17966.9752197
batch	17220	valid_loss	17883.4586182
batch	17250	valid_loss	17985.3638916
batch	17280	valid_loss	17912.4472656
batch	17310	valid_loss	17917.1937256
batch	17340	valid_loss	17790.2216797
batch	17370	valid_loss	17825.6905518
batch	17400	valid_loss	18245.2205811
batch	17430	valid_loss	17816.7095947
batch	17460	valid_loss	17852.6324463
batch	17490	valid_loss	17814.4053955
batch	17520	valid_loss	18058.3070068
batch	17550	valid_loss	17776.8150635
batch	17580	valid_loss	17818.145874
batch	17610	valid_loss	17924.7043457
batch	17640	valid_loss	17844.9250488
batch	17670	valid_loss	17848.1654053
batch	17700	valid_loss	17872.5397949
batch	17730	valid_loss	17987.8538818
batch	17760	valid_loss	17769.5567627
batch	17790	valid_loss	17778.4520264
batch	17820	valid_loss	17811.5445557
batch	17850	valid_loss	17853.3146973
batch	17880	valid_loss	17877.5733643
batch	17910	valid_loss	17856.791626
batch	17940	valid_loss	17853.5228271
batch	17970	valid_loss	17855.0985107
batch	18000	valid_loss	17847.1921387
batch	18030	valid_loss	17833.5860596
batch	18060	valid_loss	17790.1219482
batch	18090	valid_loss	17892.7561035
batch	18120	valid_loss	17824.7192383
batch	18150	valid_loss	18005.5070801
batch	18180	valid_loss	17810.8292236
batch	18210	valid_loss	17814.1486816
batch	18240	valid_loss	17900.7224121
batch	18270	valid_loss	17798.4197998
batch	18300	valid_loss	17886.46875
batch	18330	valid_loss	17761.0610352
batch	18360	valid_loss	17789.7642822
batch	18390	valid_loss	17980.6130371
batch	18420	valid_loss	17759.4475098
batch	18450	valid_loss	17890.4245605
batch	18480	valid_loss	17811.7205811
batch	18510	valid_loss	17779.8969727
batch	18540	valid_loss	17888.0140381
batch	18570	valid_loss	17817.170166
batch	18600	valid_loss	17782.5072021
batch	18630	valid_loss	17929.5964355
batch	18660	valid_loss	17857.7530518
batch	18690	valid_loss	17797.5686035
batch	18720	valid_loss	17999.1512451
batch	18750	valid_loss	17807.5905762
batch	18780	valid_loss	17787.041748
batch	18810	valid_loss	17924.8699951
batch	18840	valid_loss	17873.8054199
batch	18870	valid_loss	17886.0375977
batch	18900	valid_loss	17762.8131104
batch	18930	valid_loss	17775.1262207
batch	18960	valid_loss	18098.4417725
batch	18990	valid_loss	17831.0159912
batch	19020	valid_loss	17817.6022949
batch	19050	valid_loss	18669.1553955
batch	19080	valid_loss	17782.8132324
batch	19110	valid_loss	17751.2347412
batch	19140	valid_loss	17784.2766113
batch	19170	valid_loss	17943.5362549
batch	19200	valid_loss	17774.1856689
batch	19230	valid_loss	17808.9992676
batch	19260	valid_loss	17808.4786377
batch	19290	valid_loss	17869.0484619
batch	19320	valid_loss	17743.644043
batch	19350	valid_loss	17737.387207
batch	19380	valid_loss	17971.0131836
batch	19410	valid_loss	17807.6472168
batch	19440	valid_loss	17764.1859131
batch	19470	valid_loss	17822.3808594
batch	19500	valid_loss	17792.7316895
batch	19530	valid_loss	17829.21875
batch	19560	valid_loss	17775.4205322
batch	19590	valid_loss	18720.894165
batch	19620	valid_loss	17780.6634521
batch	19650	valid_loss	17817.1502686
batch	19680	valid_loss	17751.65979
batch	19710	valid_loss	17770.7131348
batch	19740	valid_loss	18506.8468018
batch	19770	valid_loss	17772.0316162
batch	19800	valid_loss	17876.1864014
batch	19830	valid_loss	17764.8432617
batch	19860	valid_loss	17852.5585938
batch	19890	valid_loss	17850.3930664
batch	19920	valid_loss	17737.9233398
batch	19950	valid_loss	18422.6790771
batch	19980	valid_loss	17742.6864014
batch	20010	valid_loss	17756.7398682
batch	20040	valid_loss	17768.5596924
batch	20070	valid_loss	17735.9333496
batch	20100	valid_loss	17760.1186523
batch	20130	valid_loss	17764.7492676
batch	20160	valid_loss	17758.4227295
batch	20190	valid_loss	17854.8789062
batch	20220	valid_loss	17800.8601074
batch	20250	valid_loss	17938.0925293
batch	20280	valid_loss	17808.8900146
batch	20310	valid_loss	17786.4991455
batch	20340	valid_loss	17772.6187744
batch	20370	valid_loss	18530.9117432
batch	20400	valid_loss	17795.0900879
batch	20430	valid_loss	17865.2182617
batch	20460	valid_loss	17756.7386475
batch	20490	valid_loss	17750.2767334
batch	20520	valid_loss	17782.6828613
batch	20550	valid_loss	17864.729248
batch	20580	valid_loss	17806.4781494
batch	20610	valid_loss	17761.9414062
batch	20640	valid_loss	17751.8187256
batch	20670	valid_loss	17786.2392578
batch	20700	valid_loss	17789.4129639
batch	20730	valid_loss	17856.3599854
batch	20760	valid_loss	17752.697998
batch	20790	valid_loss	17768.7301025
batch	20820	valid_loss	17962.9680176
batch	20850	valid_loss	17786.2972412
batch	20880	valid_loss	17700.2858887
batch	20910	valid_loss	17709.1942139
batch	20940	valid_loss	18103.5472412
batch	20970	valid_loss	17751.7969971
batch	21000	valid_loss	17730.0097656
batch	21030	valid_loss	17840.5748291
batch	21060	valid_loss	17782.3572998
batch	21090	valid_loss	17781.4287109
batch	21120	valid_loss	17750.0599365
batch	21150	valid_loss	18566.7513428
batch	21180	valid_loss	17723.5604248
batch	21210	valid_loss	17778.8779297
batch	21240	valid_loss	17718.548584
batch	21270	valid_loss	17766.7832031
batch	21300	valid_loss	18230.199707
batch	21330	valid_loss	17767.8554688
batch	21360	valid_loss	17781.4591064
batch	21390	valid_loss	17718.0026855
batch	21420	valid_loss	17805.2558594
batch	21450	valid_loss	17847.7325439
batch	21480	valid_loss	17710.1287842
batch	21510	valid_loss	18269.833374
batch	21540	valid_loss	17696.0743408
batch	21570	valid_loss	17723.0332031
batch	21600	valid_loss	17715.8674316
batch	21630	valid_loss	17909.6953125
batch	21660	valid_loss	17731.24646
batch	21690	valid_loss	17683.4084473
batch	21720	valid_loss	17722.1877441
batch	21750	valid_loss	17736.7401123
batch	21780	valid_loss	17736.5771484
batch	21810	valid_loss	18173.7532959
batch	21840	valid_loss	17778.7873535
batch	21870	valid_loss	17766.9974365
batch	21900	valid_loss	17693.4366455
batch	21930	valid_loss	17711.7313232
batch	21960	valid_loss	17720.5440674
batch	21990	valid_loss	17862.1726074
batch	22020	valid_loss	17675.8647461
batch	22050	valid_loss	17684.0321045
batch	22080	valid_loss	17942.9050293
batch	22110	valid_loss	17765.1859131
batch	22140	valid_loss	17753.3145752
batch	22170	valid_loss	18161.3632812
batch	22200	valid_loss	17777.3746338
batch	22230	valid_loss	17697.1917725
batch	22260	valid_loss	17687.510376
batch	22290	valid_loss	17755.3286133
batch	22320	valid_loss	17696.6062012
batch	22350	valid_loss	17718.9110107
batch	22380	valid_loss	17799.4276123
batch	22410	valid_loss	17682.3571777
batch	22440	valid_loss	18274.0218506
batch	22470	valid_loss	17632.526123
batch	22500	valid_loss	17758.6096191
batch	22530	valid_loss	17771.8533936
batch	22560	valid_loss	18045.5983887
batch	22590	valid_loss	18027.3215332
batch	22620	valid_loss	17676.2813721
batch	22650	valid_loss	17702.270752
batch	22680	valid_loss	17666.9122314
batch	22710	valid_loss	17669.4066162
batch	22740	valid_loss	17627.5552979
batch	22770	valid_loss	17960.8404541
batch	22800	valid_loss	17756.0196533
batch	22830	valid_loss	17613.8587646
batch	22860	valid_loss	17761.8804932
batch	22890	valid_loss	17705.5510254
batch	22920	valid_loss	17635.3311768
batch	22950	valid_loss	17599.6062012
batch	22980	valid_loss	17682.0931396
batch	23010	valid_loss	17741.4077148
batch	23040	valid_loss	17685.0947266
batch	23070	valid_loss	17617.2451172
batch	23100	valid_loss	17616.2907715
batch	23130	valid_loss	17629.3127441
batch	23160	valid_loss	17779.99646
batch	23190	valid_loss	17615.411377
batch	23220	valid_loss	17633.9338379
batch	23250	valid_loss	17578.3239746
batch	23280	valid_loss	17620.9423828
batch	23310	valid_loss	17609.4129639
batch	23340	valid_loss	17916.9403076
batch	23370	valid_loss	17635.0057373
batch	23400	valid_loss	17732.1081543
batch	23430	valid_loss	17644.0528564
batch	23460	valid_loss	17577.8343506
batch	23490	valid_loss	17642.1212158
batch	23520	valid_loss	17666.1951904
batch	23550	valid_loss	17724.7525635
batch	23580	valid_loss	17580.3331299
batch	23610	valid_loss	17619.1965332
batch	23640	valid_loss	17612.9321289
batch	23670	valid_loss	17774.1519775
batch	23700	valid_loss	17658.8214111
batch	23730	valid_loss	17783.3269043
batch	23760	valid_loss	17793.7519531
batch	23790	valid_loss	17568.3964844
batch	23820	valid_loss	17686.3577881
batch	23850	valid_loss	17817.3903809
batch	23880	valid_loss	17595.8410645
batch	23910	valid_loss	17624.1723633
batch	23940	valid_loss	17600.2800293
batch	23970	valid_loss	17936.7368164
batch	24000	valid_loss	17595.8199463
batch	24030	valid_loss	17580.3826904
batch	24060	valid_loss	18026.1688232
batch	24090	valid_loss	17614.8188477
batch	24120	valid_loss	17601.8625488
batch	24150	valid_loss	17819.3972168
batch	24180	valid_loss	17669.444458
batch	24210	valid_loss	17647.3577881
batch	24240	valid_loss	17694.3126221
batch	24270	valid_loss	17597.3587646
batch	24300	valid_loss	17612.6678467
batch	24330	valid_loss	17697.9730225
batch	24360	valid_loss	17717.319458
batch	24390	valid_loss	17571.7662354
batch	24420	valid_loss	17638.7050781
batch	24450	valid_loss	18005.0518799
batch	24480	valid_loss	17685.1588135
batch	24510	valid_loss	17556.0759277
batch	24540	valid_loss	17625.8311768
batch	24570	valid_loss	17845.5938721
batch	24600	valid_loss	17577.5234375
batch	24630	valid_loss	17552.3458252
batch	24660	valid_loss	17540.4227295
batch	24690	valid_loss	17900.1660156
batch	24720	valid_loss	17593.0284424
batch	24750	valid_loss	17534.9581299
batch	24780	valid_loss	17596.9765625
batch	24810	valid_loss	17645.7886963
batch	24840	valid_loss	17564.4467773
batch	24870	valid_loss	17728.1242676
batch	24900	valid_loss	17735.8380127
batch	24930	valid_loss	17606.0115967
batch	24960	valid_loss	17550.8936768
batch	24990	valid_loss	17655.184082
STOP
