START
config	820	220	20	220	820	960
batch	0	valid_loss	6165590.9375
batch	30	valid_loss	186665.685547
batch	60	valid_loss	123860.30957
batch	90	valid_loss	120746.047852
batch	120	valid_loss	120632.351562
batch	150	valid_loss	120640.699219
batch	180	valid_loss	120638.508789
batch	210	valid_loss	120744.704102
batch	240	valid_loss	120665.368164
batch	270	valid_loss	120665.035156
batch	300	valid_loss	120689.753906
batch	330	valid_loss	120655.266602
batch	360	valid_loss	120608.081055
batch	390	valid_loss	120415.665039
batch	420	valid_loss	120246.828125
batch	450	valid_loss	119937.508789
batch	480	valid_loss	119277.060547
batch	510	valid_loss	118497.388672
batch	540	valid_loss	117075.976562
batch	570	valid_loss	115146.581055
batch	600	valid_loss	112996.071289
batch	630	valid_loss	111614.657227
batch	660	valid_loss	110805.813477
batch	690	valid_loss	110521.317383
batch	720	valid_loss	110235.202148
batch	750	valid_loss	110167.542969
batch	780	valid_loss	110092.524414
batch	810	valid_loss	109956.400391
batch	840	valid_loss	109731.913086
batch	870	valid_loss	109576.291016
batch	900	valid_loss	109296.25
batch	930	valid_loss	108935.576172
batch	960	valid_loss	108612.102539
batch	990	valid_loss	108232.569336
batch	1020	valid_loss	107902.990234
batch	1050	valid_loss	107634.155273
batch	1080	valid_loss	107452.99707
batch	1110	valid_loss	107334.679688
batch	1140	valid_loss	107212.254883
batch	1170	valid_loss	107108.643555
batch	1200	valid_loss	107039.738281
batch	1230	valid_loss	106961.113281
batch	1260	valid_loss	106706.103516
batch	1290	valid_loss	106710.115234
batch	1320	valid_loss	106502.211914
batch	1350	valid_loss	106457.798828
batch	1380	valid_loss	106254.152344
batch	1410	valid_loss	106152.868164
batch	1440	valid_loss	105891.091797
batch	1470	valid_loss	105759.365234
batch	1500	valid_loss	105505.412109
batch	1530	valid_loss	105471.654297
batch	1560	valid_loss	105354.40332
batch	1590	valid_loss	105269.753906
batch	1620	valid_loss	105227.115234
batch	1650	valid_loss	105248.350586
batch	1680	valid_loss	105024.805664
batch	1710	valid_loss	104957.619141
batch	1740	valid_loss	104780.426758
batch	1770	valid_loss	104758.361328
batch	1800	valid_loss	104609.025391
batch	1830	valid_loss	104454.953125
batch	1860	valid_loss	104340.197266
batch	1890	valid_loss	104246.882812
batch	1920	valid_loss	104056.226562
batch	1950	valid_loss	103861.865234
batch	1980	valid_loss	103659.418945
batch	2010	valid_loss	103328.933594
batch	2040	valid_loss	103216.977539
batch	2070	valid_loss	103056.063477
batch	2100	valid_loss	102814.045898
batch	2130	valid_loss	102795.242188
batch	2160	valid_loss	102720.12793
batch	2190	valid_loss	102509.553711
batch	2220	valid_loss	102459.055664
batch	2250	valid_loss	102405.361328
batch	2280	valid_loss	102324.101562
batch	2310	valid_loss	102317.391602
batch	2340	valid_loss	102218.243164
batch	2370	valid_loss	102105.464844
batch	2400	valid_loss	102137.233398
batch	2430	valid_loss	101982.088867
batch	2460	valid_loss	101994.881836
batch	2490	valid_loss	101875.043945
batch	2520	valid_loss	101878.905273
batch	2550	valid_loss	101756.203125
batch	2580	valid_loss	101696.125977
batch	2610	valid_loss	101613.96582
batch	2640	valid_loss	101512.868164
batch	2670	valid_loss	101442.520508
batch	2700	valid_loss	101238.90625
batch	2730	valid_loss	101161.996094
batch	2760	valid_loss	101009.494141
batch	2790	valid_loss	100826.441406
batch	2820	valid_loss	100617.774414
batch	2850	valid_loss	100372.796875
batch	2880	valid_loss	100073.253906
batch	2910	valid_loss	99894.8955078
batch	2940	valid_loss	99696.7363281
batch	2970	valid_loss	99404.1513672
batch	3000	valid_loss	99176.5332031
batch	3030	valid_loss	99010.3925781
batch	3060	valid_loss	98633.0761719
batch	3090	valid_loss	98588.5136719
batch	3120	valid_loss	98467.4726562
batch	3150	valid_loss	98278.7255859
batch	3180	valid_loss	98100.6445312
batch	3210	valid_loss	98035.7851562
batch	3240	valid_loss	97833.8007812
batch	3270	valid_loss	97636.3662109
batch	3300	valid_loss	97287.8964844
batch	3330	valid_loss	97158.7705078
batch	3360	valid_loss	97033.7705078
batch	3390	valid_loss	96808.6689453
batch	3420	valid_loss	96851.7226562
batch	3450	valid_loss	96553.2480469
batch	3480	valid_loss	96505.4169922
batch	3510	valid_loss	96522.3398438
batch	3540	valid_loss	96254.6494141
batch	3570	valid_loss	96049.8271484
batch	3600	valid_loss	96114.6328125
batch	3630	valid_loss	95998.4960938
batch	3660	valid_loss	95939.3154297
batch	3690	valid_loss	95832.7402344
batch	3720	valid_loss	95799.0869141
batch	3750	valid_loss	95752.6210938
batch	3780	valid_loss	95702.6347656
batch	3810	valid_loss	95618.0410156
batch	3840	valid_loss	95504.9033203
batch	3870	valid_loss	95542.0175781
batch	3900	valid_loss	95471.0625
batch	3930	valid_loss	95351.6787109
batch	3960	valid_loss	95305.5024414
batch	3990	valid_loss	95338.8759766
batch	4020	valid_loss	95215.4926758
batch	4050	valid_loss	95304.2988281
batch	4080	valid_loss	95126.1821289
batch	4110	valid_loss	95068.2124023
batch	4140	valid_loss	95063.9785156
batch	4170	valid_loss	94982.0839844
batch	4200	valid_loss	95021.3598633
batch	4230	valid_loss	94853.1552734
batch	4260	valid_loss	94831.0371094
batch	4290	valid_loss	94794.6708984
batch	4320	valid_loss	94795.7626953
batch	4350	valid_loss	94743.8720703
batch	4380	valid_loss	94600.2734375
batch	4410	valid_loss	94486.4345703
batch	4440	valid_loss	94644.6782227
batch	4470	valid_loss	94681.0087891
batch	4500	valid_loss	94330.4311523
batch	4530	valid_loss	94307.8603516
batch	4560	valid_loss	94249.4135742
batch	4590	valid_loss	94418.6894531
batch	4620	valid_loss	94002.0522461
batch	4650	valid_loss	93935.5166016
batch	4680	valid_loss	94182.597168
batch	4710	valid_loss	93973.7910156
batch	4740	valid_loss	93842.2470703
batch	4770	valid_loss	94061.5229492
batch	4800	valid_loss	93807.8393555
batch	4830	valid_loss	93762.2827148
batch	4860	valid_loss	93725.9658203
batch	4890	valid_loss	93679.84375
batch	4920	valid_loss	93597.3466797
batch	4950	valid_loss	93490.8295898
batch	4980	valid_loss	93505.9648438
batch	5010	valid_loss	93412.8828125
batch	5040	valid_loss	93443.2543945
batch	5070	valid_loss	93500.9804688
batch	5100	valid_loss	93421.3564453
batch	5130	valid_loss	93278.9018555
batch	5160	valid_loss	93336.4501953
batch	5190	valid_loss	93679.4873047
batch	5220	valid_loss	93129.3793945
batch	5250	valid_loss	93026.6064453
batch	5280	valid_loss	93009.3730469
batch	5310	valid_loss	93323.3046875
batch	5340	valid_loss	92848.0517578
batch	5370	valid_loss	92918.3974609
batch	5400	valid_loss	92820.8554688
batch	5430	valid_loss	92743.862793
batch	5460	valid_loss	92840.2949219
batch	5490	valid_loss	93076.9091797
batch	5520	valid_loss	92502.5297852
batch	5550	valid_loss	92582.2827148
batch	5580	valid_loss	92411.8500977
batch	5610	valid_loss	92523.8442383
batch	5640	valid_loss	92363.5996094
batch	5670	valid_loss	92282.9887695
batch	5700	valid_loss	92249.1757812
batch	5730	valid_loss	92457.5200195
batch	5760	valid_loss	92161.203125
batch	5790	valid_loss	92292.7421875
batch	5820	valid_loss	92045.9189453
batch	5850	valid_loss	92059.9692383
batch	5880	valid_loss	91862.9985352
batch	5910	valid_loss	91929.6933594
batch	5940	valid_loss	92168.8540039
batch	5970	valid_loss	91759.8071289
batch	6000	valid_loss	91915.3183594
batch	6030	valid_loss	91803.8793945
batch	6060	valid_loss	91693.4194336
batch	6090	valid_loss	91703.7685547
batch	6120	valid_loss	91706.3447266
batch	6150	valid_loss	91627.1850586
batch	6180	valid_loss	91559.1621094
batch	6210	valid_loss	91561.4306641
batch	6240	valid_loss	91790.7485352
batch	6270	valid_loss	91632.0332031
batch	6300	valid_loss	91438.4692383
batch	6330	valid_loss	91460.1259766
batch	6360	valid_loss	91367.5922852
batch	6390	valid_loss	91482.7485352
batch	6420	valid_loss	91700.8720703
batch	6450	valid_loss	91342.6333008
batch	6480	valid_loss	91343.6391602
batch	6510	valid_loss	91157.5639648
batch	6540	valid_loss	91196.5888672
batch	6570	valid_loss	91544.2666016
batch	6600	valid_loss	91196.8544922
batch	6630	valid_loss	91400.1977539
batch	6660	valid_loss	91110.8911133
batch	6690	valid_loss	90999.6123047
batch	6720	valid_loss	91317.7460938
batch	6750	valid_loss	90901.9921875
batch	6780	valid_loss	90929.5263672
batch	6810	valid_loss	90733.7397461
batch	6840	valid_loss	91430.4672852
batch	6870	valid_loss	90766.9897461
batch	6900	valid_loss	90687.2954102
batch	6930	valid_loss	90525.980957
batch	6960	valid_loss	90751.8500977
batch	6990	valid_loss	90406.1079102
batch	7020	valid_loss	90457.309082
batch	7050	valid_loss	90322.171875
batch	7080	valid_loss	90122.5859375
batch	7110	valid_loss	90195.1186523
batch	7140	valid_loss	90087.2055664
batch	7170	valid_loss	90105.2529297
batch	7200	valid_loss	90013.2719727
batch	7230	valid_loss	89898.0976562
batch	7260	valid_loss	89898.0424805
batch	7290	valid_loss	89784.206543
batch	7320	valid_loss	89678.9106445
batch	7350	valid_loss	89774.0004883
batch	7380	valid_loss	89577.1240234
batch	7410	valid_loss	89603.3681641
batch	7440	valid_loss	89494.3935547
batch	7470	valid_loss	89439.7910156
batch	7500	valid_loss	89415.8813477
batch	7530	valid_loss	89366.7910156
batch	7560	valid_loss	89308.0131836
batch	7590	valid_loss	90325.2382812
batch	7620	valid_loss	89195.4663086
batch	7650	valid_loss	89154.4560547
batch	7680	valid_loss	89123.2573242
batch	7710	valid_loss	89061.3452148
batch	7740	valid_loss	88995.828125
batch	7770	valid_loss	88992.8828125
batch	7800	valid_loss	88891.5317383
batch	7830	valid_loss	88916.6767578
batch	7860	valid_loss	89080.8432617
batch	7890	valid_loss	88914.6386719
batch	7920	valid_loss	88696.6577148
batch	7950	valid_loss	88691.3681641
batch	7980	valid_loss	88677.1083984
batch	8010	valid_loss	88795.3535156
batch	8040	valid_loss	88525.4682617
batch	8070	valid_loss	88545.4775391
batch	8100	valid_loss	88501.8227539
batch	8130	valid_loss	88944.3852539
batch	8160	valid_loss	88413.3359375
batch	8190	valid_loss	88281.40625
batch	8220	valid_loss	88194.159668
batch	8250	valid_loss	88134.449707
batch	8280	valid_loss	88321.1074219
batch	8310	valid_loss	88275.3505859
batch	8340	valid_loss	87946.4394531
batch	8370	valid_loss	88296.5439453
batch	8400	valid_loss	87740.9472656
batch	8430	valid_loss	88269.7890625
batch	8460	valid_loss	87615.1274414
batch	8490	valid_loss	87613.3735352
batch	8520	valid_loss	87890.2597656
batch	8550	valid_loss	87448.2412109
batch	8580	valid_loss	87333.5424805
batch	8610	valid_loss	87252.8730469
batch	8640	valid_loss	87039.4282227
batch	8670	valid_loss	87022.5732422
batch	8700	valid_loss	86903.6552734
batch	8730	valid_loss	86927.7275391
batch	8760	valid_loss	87110.1342773
batch	8790	valid_loss	86671.2680664
batch	8820	valid_loss	86645.2788086
batch	8850	valid_loss	86869.140625
batch	8880	valid_loss	86385.8681641
batch	8910	valid_loss	86321.1098633
batch	8940	valid_loss	86172.53125
batch	8970	valid_loss	86339.1801758
batch	9000	valid_loss	86230.8564453
batch	9030	valid_loss	86031.0644531
batch	9060	valid_loss	86310.1938477
batch	9090	valid_loss	85932.4008789
batch	9120	valid_loss	85875.8916016
batch	9150	valid_loss	86053.8569336
batch	9180	valid_loss	85676.4667969
batch	9210	valid_loss	85704.3476562
batch	9240	valid_loss	85534.4624023
batch	9270	valid_loss	85447.4936523
batch	9300	valid_loss	85416.5395508
batch	9330	valid_loss	85375.0258789
batch	9360	valid_loss	85379.4702148
batch	9390	valid_loss	85547.4682617
batch	9420	valid_loss	85149.3505859
batch	9450	valid_loss	85085.8930664
batch	9480	valid_loss	84975.6352539
batch	9510	valid_loss	84972.4462891
batch	9540	valid_loss	84917.4228516
batch	9570	valid_loss	84898.4775391
batch	9600	valid_loss	84763.8203125
batch	9630	valid_loss	84769.0688477
batch	9660	valid_loss	85053.2646484
batch	9690	valid_loss	84764.2607422
batch	9720	valid_loss	84626.5859375
batch	9750	valid_loss	84507.3129883
batch	9780	valid_loss	84463.1000977
batch	9810	valid_loss	84462.8779297
batch	9840	valid_loss	84292.8925781
batch	9870	valid_loss	84717.9873047
batch	9900	valid_loss	84423.7963867
batch	9930	valid_loss	84103.7001953
batch	9960	valid_loss	84082.9902344
batch	9990	valid_loss	84181.1650391
batch	10020	valid_loss	84026.7294922
batch	10050	valid_loss	83896.1723633
batch	10080	valid_loss	83882.8007812
batch	10110	valid_loss	83776.0058594
batch	10140	valid_loss	83738.0273438
batch	10170	valid_loss	84012.1611328
batch	10200	valid_loss	83608.9741211
batch	10230	valid_loss	83625.918457
batch	10260	valid_loss	83595.1870117
batch	10290	valid_loss	83513.1005859
batch	10320	valid_loss	83508.5610352
batch	10350	valid_loss	83305.5693359
batch	10380	valid_loss	83587.6567383
batch	10410	valid_loss	83500.5527344
batch	10440	valid_loss	83407.3056641
batch	10470	valid_loss	83262.3598633
batch	10500	valid_loss	83417.9238281
batch	10530	valid_loss	83172.019043
batch	10560	valid_loss	83047.0834961
batch	10590	valid_loss	83044.6884766
batch	10620	valid_loss	83721.7885742
batch	10650	valid_loss	82888.5205078
batch	10680	valid_loss	82909.5419922
batch	10710	valid_loss	82750.0395508
batch	10740	valid_loss	82648.2817383
batch	10770	valid_loss	82921.9345703
batch	10800	valid_loss	82548.1977539
batch	10830	valid_loss	82488.5087891
batch	10860	valid_loss	82507.3071289
batch	10890	valid_loss	82434.6137695
batch	10920	valid_loss	82348.8671875
batch	10950	valid_loss	82546.2207031
batch	10980	valid_loss	82222.1938477
batch	11010	valid_loss	82161.2817383
batch	11040	valid_loss	82119.1171875
batch	11070	valid_loss	82271.9179688
batch	11100	valid_loss	82148.8364258
batch	11130	valid_loss	81926.0952148
batch	11160	valid_loss	82160.7827148
batch	11190	valid_loss	82011.878418
batch	11220	valid_loss	81948.1835938
batch	11250	valid_loss	81883.3598633
batch	11280	valid_loss	81660.6264648
batch	11310	valid_loss	81656.1713867
batch	11340	valid_loss	81573.0214844
batch	11370	valid_loss	81504.9628906
batch	11400	valid_loss	81628.597168
batch	11430	valid_loss	81420.3432617
batch	11460	valid_loss	81481.7353516
batch	11490	valid_loss	81456.074707
batch	11520	valid_loss	81228.6972656
batch	11550	valid_loss	81205.5058594
batch	11580	valid_loss	81408.0483398
batch	11610	valid_loss	81077.6201172
batch	11640	valid_loss	81219.2119141
batch	11670	valid_loss	81049.8833008
batch	11700	valid_loss	81298.3979492
batch	11730	valid_loss	81057.109375
batch	11760	valid_loss	80782.8989258
batch	11790	valid_loss	80742.2646484
batch	11820	valid_loss	80832.6020508
batch	11850	valid_loss	80626.3354492
batch	11880	valid_loss	80707.5952148
batch	11910	valid_loss	80499.3540039
batch	11940	valid_loss	80612.3115234
batch	11970	valid_loss	80430.6503906
batch	12000	valid_loss	80354.1479492
batch	12030	valid_loss	80437.9824219
batch	12060	valid_loss	80159.0957031
batch	12090	valid_loss	80233.0029297
batch	12120	valid_loss	80163.2304688
batch	12150	valid_loss	80139.3291016
batch	12180	valid_loss	80125.6025391
batch	12210	valid_loss	79970.7548828
batch	12240	valid_loss	80058.7915039
batch	12270	valid_loss	79872.1542969
batch	12300	valid_loss	79887.8911133
batch	12330	valid_loss	79854.2490234
batch	12360	valid_loss	79761.5024414
batch	12390	valid_loss	79699.8388672
batch	12420	valid_loss	79724.894043
batch	12450	valid_loss	79574.7080078
batch	12480	valid_loss	79598.5273438
batch	12510	valid_loss	79506.8657227
batch	12540	valid_loss	79321.6938477
batch	12570	valid_loss	79284.3896484
batch	12600	valid_loss	79301.5654297
batch	12630	valid_loss	79377.5717773
batch	12660	valid_loss	79198.0976562
batch	12690	valid_loss	78998.9106445
batch	12720	valid_loss	79067.5336914
batch	12750	valid_loss	78981.0942383
batch	12780	valid_loss	79204.3657227
batch	12810	valid_loss	78934.4716797
batch	12840	valid_loss	78739.3999023
batch	12870	valid_loss	79318.6083984
batch	12900	valid_loss	78621.8051758
batch	12930	valid_loss	78788.7836914
batch	12960	valid_loss	78557.8554688
batch	12990	valid_loss	78385.53125
batch	13020	valid_loss	78491.0493164
batch	13050	valid_loss	78383.0947266
batch	13080	valid_loss	78314.21875
batch	13110	valid_loss	78216.3066406
batch	13140	valid_loss	78106.6171875
batch	13170	valid_loss	78175.1206055
batch	13200	valid_loss	78053.362793
batch	13230	valid_loss	77919.9145508
batch	13260	valid_loss	78163.0795898
batch	13290	valid_loss	78184.5825195
batch	13320	valid_loss	77786.2856445
batch	13350	valid_loss	77830.3256836
batch	13380	valid_loss	77636.5429688
batch	13410	valid_loss	77642.6860352
batch	13440	valid_loss	77559.25
batch	13470	valid_loss	78010.3959961
batch	13500	valid_loss	77660.2250977
batch	13530	valid_loss	77357.0620117
batch	13560	valid_loss	77383.8891602
batch	13590	valid_loss	77923.277832
batch	13620	valid_loss	77235.1728516
batch	13650	valid_loss	77223.3144531
batch	13680	valid_loss	77106.3798828
batch	13710	valid_loss	77045.515625
batch	13740	valid_loss	76940.0839844
batch	13770	valid_loss	76841.8735352
batch	13800	valid_loss	77071.4536133
batch	13830	valid_loss	76974.2641602
batch	13860	valid_loss	76729.4350586
batch	13890	valid_loss	76809.9526367
batch	13920	valid_loss	76609.4394531
batch	13950	valid_loss	76515.2856445
batch	13980	valid_loss	76445.9365234
batch	14010	valid_loss	76712.5981445
batch	14040	valid_loss	76390.6943359
batch	14070	valid_loss	76247.2124023
batch	14100	valid_loss	76225.1132812
batch	14130	valid_loss	76435.4912109
batch	14160	valid_loss	76247.9648438
batch	14190	valid_loss	76100.5981445
batch	14220	valid_loss	76028.0791016
batch	14250	valid_loss	75948.1948242
batch	14280	valid_loss	75888.4633789
batch	14310	valid_loss	75872.2915039
batch	14340	valid_loss	75983.3984375
batch	14370	valid_loss	75979.1347656
batch	14400	valid_loss	75826.5800781
batch	14430	valid_loss	75701.5483398
batch	14460	valid_loss	75616.1240234
batch	14490	valid_loss	75556.6337891
batch	14520	valid_loss	76148.9736328
batch	14550	valid_loss	75385.9418945
batch	14580	valid_loss	75563.6738281
batch	14610	valid_loss	75326.7993164
batch	14640	valid_loss	75224.9477539
batch	14670	valid_loss	75173.8168945
batch	14700	valid_loss	75144.6391602
batch	14730	valid_loss	75077.4956055
batch	14760	valid_loss	75130.6748047
batch	14790	valid_loss	74949.2451172
batch	14820	valid_loss	74902.1450195
batch	14850	valid_loss	74932.5454102
batch	14880	valid_loss	74899.4238281
batch	14910	valid_loss	74731.2880859
batch	14940	valid_loss	74707.2939453
batch	14970	valid_loss	74761.4672852
batch	15000	valid_loss	74628.4970703
batch	15030	valid_loss	74584.659668
batch	15060	valid_loss	74672.0976562
batch	15090	valid_loss	74454.1230469
batch	15120	valid_loss	74411.6557617
batch	15150	valid_loss	74471.6469727
batch	15180	valid_loss	74296.8569336
batch	15210	valid_loss	74298.3447266
batch	15240	valid_loss	74248.2675781
batch	15270	valid_loss	74206.4213867
batch	15300	valid_loss	74106.6035156
batch	15330	valid_loss	74086.1962891
batch	15360	valid_loss	74364.8745117
batch	15390	valid_loss	74029.4389648
batch	15420	valid_loss	73874.6425781
batch	15450	valid_loss	73843.0830078
batch	15480	valid_loss	73841.9804688
batch	15510	valid_loss	73703.2822266
batch	15540	valid_loss	73688.3671875
batch	15570	valid_loss	73820.4106445
batch	15600	valid_loss	73615.5131836
batch	15630	valid_loss	73546.5727539
batch	15660	valid_loss	74069.3178711
batch	15690	valid_loss	73418.7241211
batch	15720	valid_loss	73402.6630859
batch	15750	valid_loss	73388.0083008
batch	15780	valid_loss	73261.4174805
batch	15810	valid_loss	73386.8330078
batch	15840	valid_loss	73237.7055664
batch	15870	valid_loss	73254.3642578
batch	15900	valid_loss	73206.4575195
batch	15930	valid_loss	73027.5693359
batch	15960	valid_loss	73233.3120117
batch	15990	valid_loss	73054.0209961
batch	16020	valid_loss	73000.2270508
batch	16050	valid_loss	72854.0053711
batch	16080	valid_loss	72786.5068359
batch	16110	valid_loss	73076.5
batch	16140	valid_loss	73009.1381836
batch	16170	valid_loss	72641.7299805
batch	16200	valid_loss	72600.3862305
batch	16230	valid_loss	72552.4609375
batch	16260	valid_loss	72495.3100586
batch	16290	valid_loss	72670.8652344
batch	16320	valid_loss	72424.7719727
batch	16350	valid_loss	72325.5634766
batch	16380	valid_loss	72750.3671875
batch	16410	valid_loss	72295.3935547
batch	16440	valid_loss	72228.7602539
batch	16470	valid_loss	72080.3847656
batch	16500	valid_loss	72120.7788086
batch	16530	valid_loss	72469.2207031
batch	16560	valid_loss	72045.1728516
batch	16590	valid_loss	71965.347168
batch	16620	valid_loss	72012.5229492
batch	16650	valid_loss	71867.347168
batch	16680	valid_loss	71826.7558594
batch	16710	valid_loss	71874.6240234
batch	16740	valid_loss	71648.6660156
batch	16770	valid_loss	71658.3149414
batch	16800	valid_loss	71695.9389648
batch	16830	valid_loss	71684.6376953
batch	16860	valid_loss	71652.8037109
batch	16890	valid_loss	71422.7919922
batch	16920	valid_loss	71451.4125977
batch	16950	valid_loss	71444.4897461
batch	16980	valid_loss	71357.3583984
batch	17010	valid_loss	71403.3457031
batch	17040	valid_loss	71148.3183594
batch	17070	valid_loss	71138.9462891
batch	17100	valid_loss	71093.6806641
batch	17130	valid_loss	71067.21875
batch	17160	valid_loss	71154.9941406
batch	17190	valid_loss	70943.8105469
batch	17220	valid_loss	70897.8208008
batch	17250	valid_loss	70823.1616211
batch	17280	valid_loss	70799.4990234
batch	17310	valid_loss	70791.4868164
batch	17340	valid_loss	70717.1494141
batch	17370	valid_loss	70620.4394531
batch	17400	valid_loss	70682.3535156
batch	17430	valid_loss	70591.2094727
batch	17460	valid_loss	70493.1411133
batch	17490	valid_loss	70464.2402344
batch	17520	valid_loss	70465.4780273
batch	17550	valid_loss	70575.7880859
batch	17580	valid_loss	70300.9755859
batch	17610	valid_loss	70654.7539062
batch	17640	valid_loss	70710.0302734
batch	17670	valid_loss	70120.1630859
batch	17700	valid_loss	70091.6157227
batch	17730	valid_loss	70111.765625
batch	17760	valid_loss	69974.0957031
batch	17790	valid_loss	70502.0805664
batch	17820	valid_loss	69911.7597656
batch	17850	valid_loss	69805.7368164
batch	17880	valid_loss	69909.3720703
batch	17910	valid_loss	69761.5336914
batch	17940	valid_loss	69685.824707
batch	17970	valid_loss	69733.59375
batch	18000	valid_loss	69629.09375
batch	18030	valid_loss	69544.715332
batch	18060	valid_loss	69666.0322266
batch	18090	valid_loss	69693.862793
batch	18120	valid_loss	69406.0888672
batch	18150	valid_loss	69347.4755859
batch	18180	valid_loss	69394.5341797
batch	18210	valid_loss	69304.3491211
batch	18240	valid_loss	69279.3862305
batch	18270	valid_loss	69200.7885742
batch	18300	valid_loss	69128.5991211
batch	18330	valid_loss	69085.097168
batch	18360	valid_loss	69162.5869141
batch	18390	valid_loss	69096.8632812
batch	18420	valid_loss	69267.2617188
batch	18450	valid_loss	68921.1098633
batch	18480	valid_loss	69008.737793
batch	18510	valid_loss	68869.8388672
batch	18540	valid_loss	68935.1679688
batch	18570	valid_loss	68931.15625
batch	18600	valid_loss	68751.6796875
batch	18630	valid_loss	68708.3217773
batch	18660	valid_loss	68627.284668
batch	18690	valid_loss	68627.7089844
batch	18720	valid_loss	68845.2084961
batch	18750	valid_loss	68472.9130859
batch	18780	valid_loss	68425.550293
batch	18810	valid_loss	68425.7402344
batch	18840	valid_loss	68353.8496094
batch	18870	valid_loss	68335.6279297
batch	18900	valid_loss	68582.3837891
batch	18930	valid_loss	68285.2246094
batch	18960	valid_loss	68558.2729492
batch	18990	valid_loss	68212.2924805
batch	19020	valid_loss	68328.2709961
batch	19050	valid_loss	68151.2929688
batch	19080	valid_loss	68062.878418
batch	19110	valid_loss	68014.4321289
batch	19140	valid_loss	68003.6801758
batch	19170	valid_loss	67955.2641602
batch	19200	valid_loss	67968.4194336
batch	19230	valid_loss	67881.918457
batch	19260	valid_loss	67884.2758789
batch	19290	valid_loss	67806.9311523
batch	19320	valid_loss	67735.0615234
batch	19350	valid_loss	67713.8574219
batch	19380	valid_loss	67763.8432617
batch	19410	valid_loss	67655.4091797
batch	19440	valid_loss	67604.3901367
batch	19470	valid_loss	67569.9155273
batch	19500	valid_loss	67540.9726562
batch	19530	valid_loss	67547.6074219
batch	19560	valid_loss	67430.3569336
batch	19590	valid_loss	67427.0185547
batch	19620	valid_loss	67473.8603516
batch	19650	valid_loss	67341.1201172
batch	19680	valid_loss	67426.7124023
batch	19710	valid_loss	67254.8417969
batch	19740	valid_loss	67190.2988281
batch	19770	valid_loss	67260.3964844
batch	19800	valid_loss	67187.9990234
batch	19830	valid_loss	67138.8955078
batch	19860	valid_loss	67131.9882812
batch	19890	valid_loss	67229.3896484
batch	19920	valid_loss	67076.9106445
batch	19950	valid_loss	66982.8789062
batch	19980	valid_loss	67088.8500977
batch	20010	valid_loss	66930.5522461
batch	20040	valid_loss	66922.2070312
batch	20070	valid_loss	66915.309082
batch	20100	valid_loss	66952.277832
batch	20130	valid_loss	66786.8178711
batch	20160	valid_loss	66811.7509766
batch	20190	valid_loss	66708.2685547
batch	20220	valid_loss	66679.53125
batch	20250	valid_loss	66684.9916992
batch	20280	valid_loss	66635.6918945
batch	20310	valid_loss	66560.6298828
batch	20340	valid_loss	66549.9663086
batch	20370	valid_loss	66467.1611328
batch	20400	valid_loss	66459.4052734
batch	20430	valid_loss	66465.8032227
batch	20460	valid_loss	66419.5634766
batch	20490	valid_loss	66400.9887695
batch	20520	valid_loss	66375.105957
batch	20550	valid_loss	66355.019043
batch	20580	valid_loss	66436.1259766
batch	20610	valid_loss	66320.7797852
batch	20640	valid_loss	66182.7006836
batch	20670	valid_loss	66131.465332
batch	20700	valid_loss	66125.8896484
batch	20730	valid_loss	66318.1430664
batch	20760	valid_loss	66361.0234375
batch	20790	valid_loss	66015.659668
batch	20820	valid_loss	66053.8852539
batch	20850	valid_loss	65991.7529297
batch	20880	valid_loss	65934.9838867
batch	20910	valid_loss	65983.6313477
batch	20940	valid_loss	65863.5073242
batch	20970	valid_loss	65822.6191406
batch	21000	valid_loss	65779.7089844
batch	21030	valid_loss	65770.6860352
batch	21060	valid_loss	65760.265625
batch	21090	valid_loss	65897.3549805
batch	21120	valid_loss	65652.5673828
batch	21150	valid_loss	65583.2568359
batch	21180	valid_loss	65723.4858398
batch	21210	valid_loss	65561.171875
batch	21240	valid_loss	65569.3671875
batch	21270	valid_loss	65483.0209961
batch	21300	valid_loss	65400.5024414
batch	21330	valid_loss	65536.5175781
batch	21360	valid_loss	65432.0161133
batch	21390	valid_loss	65366.2138672
batch	21420	valid_loss	65325.2319336
batch	21450	valid_loss	65270.0537109
batch	21480	valid_loss	65427.4433594
batch	21510	valid_loss	65243.2661133
batch	21540	valid_loss	65139.6069336
batch	21570	valid_loss	65147.8793945
batch	21600	valid_loss	65077.7163086
batch	21630	valid_loss	65003.6293945
batch	21660	valid_loss	65104.2543945
batch	21690	valid_loss	64990.644043
batch	21720	valid_loss	64987.7070312
batch	21750	valid_loss	64881.7509766
batch	21780	valid_loss	64855.4946289
batch	21810	valid_loss	64883.5810547
batch	21840	valid_loss	64856.1845703
batch	21870	valid_loss	64766.590332
batch	21900	valid_loss	64727.0913086
batch	21930	valid_loss	64673.8383789
batch	21960	valid_loss	64721.4960938
batch	21990	valid_loss	64822.5449219
batch	22020	valid_loss	64731.7456055
batch	22050	valid_loss	64524.0444336
batch	22080	valid_loss	64615.2041016
batch	22110	valid_loss	64515.5297852
batch	22140	valid_loss	64690.2319336
batch	22170	valid_loss	64447.9057617
batch	22200	valid_loss	64399.5546875
batch	22230	valid_loss	64402.3813477
batch	22260	valid_loss	64290.2011719
batch	22290	valid_loss	64434.125
batch	22320	valid_loss	64399.5932617
batch	22350	valid_loss	64260.6933594
batch	22380	valid_loss	64168.0805664
batch	22410	valid_loss	64219.1767578
batch	22440	valid_loss	64134.5102539
batch	22470	valid_loss	64121.6308594
batch	22500	valid_loss	64059.0732422
batch	22530	valid_loss	64011.1689453
batch	22560	valid_loss	64052.9052734
batch	22590	valid_loss	64026.5825195
batch	22620	valid_loss	64007.9736328
batch	22650	valid_loss	64061.8974609
batch	22680	valid_loss	63886.2036133
batch	22710	valid_loss	63800.4287109
batch	22740	valid_loss	63796.1772461
batch	22770	valid_loss	63815.2216797
batch	22800	valid_loss	63683.9077148
batch	22830	valid_loss	63698.1601562
batch	22860	valid_loss	63754.5214844
batch	22890	valid_loss	63711.3261719
batch	22920	valid_loss	63719.3417969
batch	22950	valid_loss	63564.9443359
batch	22980	valid_loss	63627.2426758
batch	23010	valid_loss	63499.9628906
batch	23040	valid_loss	63609.4863281
batch	23070	valid_loss	63531.5830078
batch	23100	valid_loss	63415.5029297
batch	23130	valid_loss	63342.1074219
batch	23160	valid_loss	63328.6757812
batch	23190	valid_loss	63335.3178711
batch	23220	valid_loss	63565.4306641
batch	23250	valid_loss	63254.7094727
batch	23280	valid_loss	63306.4140625
batch	23310	valid_loss	63230.7563477
batch	23340	valid_loss	63194.4448242
batch	23370	valid_loss	63262.2773438
batch	23400	valid_loss	63116.8642578
batch	23430	valid_loss	63201.1606445
batch	23460	valid_loss	63040.2275391
batch	23490	valid_loss	62995.1083984
batch	23520	valid_loss	63015.0473633
batch	23550	valid_loss	63019.9702148
batch	23580	valid_loss	63051.5092773
batch	23610	valid_loss	62883.4370117
batch	23640	valid_loss	62882.8984375
batch	23670	valid_loss	62898.2006836
batch	23700	valid_loss	62803.6835938
batch	23730	valid_loss	62754.2070312
batch	23760	valid_loss	62756.5966797
batch	23790	valid_loss	62713.609375
batch	23820	valid_loss	62694.7470703
batch	23850	valid_loss	62717.078125
batch	23880	valid_loss	62605.8652344
batch	23910	valid_loss	62624.1762695
batch	23940	valid_loss	62580.3320312
batch	23970	valid_loss	62556.2114258
batch	24000	valid_loss	62496.4755859
batch	24030	valid_loss	62500.484375
batch	24060	valid_loss	62450.8862305
batch	24090	valid_loss	62443.0493164
batch	24120	valid_loss	62366.2636719
batch	24150	valid_loss	62524.8959961
batch	24180	valid_loss	62415.484375
batch	24210	valid_loss	62312.1933594
batch	24240	valid_loss	62254.5830078
batch	24270	valid_loss	62185.5078125
batch	24300	valid_loss	62247.4833984
batch	24330	valid_loss	62233.652832
batch	24360	valid_loss	62394.0336914
batch	24390	valid_loss	62159.3217773
batch	24420	valid_loss	62067.2358398
batch	24450	valid_loss	62089.5039062
batch	24480	valid_loss	62069.0400391
batch	24510	valid_loss	61997.2841797
batch	24540	valid_loss	61995.3393555
batch	24570	valid_loss	62067.9331055
batch	24600	valid_loss	62147.0512695
batch	24630	valid_loss	62055.9223633
batch	24660	valid_loss	61871.7978516
batch	24690	valid_loss	61888.0234375
batch	24720	valid_loss	61807.6884766
batch	24750	valid_loss	61890.9238281
batch	24780	valid_loss	61807.8696289
batch	24810	valid_loss	61773.6035156
batch	24840	valid_loss	61778.7045898
batch	24870	valid_loss	61655.3964844
batch	24900	valid_loss	61660.9746094
batch	24930	valid_loss	61706.4560547
batch	24960	valid_loss	61561.6621094
batch	24990	valid_loss	61727.9194336
STOP
START
config	820	220	20	220	820	960
batch	0	valid_loss	6500614.875
batch	30	valid_loss	188765.522461
batch	60	valid_loss	123531.246094
batch	90	valid_loss	120798.462891
batch	120	valid_loss	120630.082031
batch	150	valid_loss	120648.803711
batch	180	valid_loss	120592.328125
batch	210	valid_loss	120626.564453
batch	240	valid_loss	120666.827148
batch	270	valid_loss	120678.404297
batch	300	valid_loss	120701.796875
batch	330	valid_loss	120719.537109
batch	360	valid_loss	120758.862305
batch	390	valid_loss	120811.238281
batch	420	valid_loss	120753.912109
batch	450	valid_loss	120829.614258
batch	480	valid_loss	120752.226562
batch	510	valid_loss	120731.90332
batch	540	valid_loss	120794.754883
batch	570	valid_loss	120499.563477
batch	600	valid_loss	120072.022461
batch	630	valid_loss	119093.515625
batch	660	valid_loss	117277.929688
batch	690	valid_loss	114322.495117
batch	720	valid_loss	112019.552734
batch	750	valid_loss	110972.790039
batch	780	valid_loss	110529.920898
batch	810	valid_loss	110335.320312
batch	840	valid_loss	110108.323242
batch	870	valid_loss	110035.367188
batch	900	valid_loss	109902.46582
batch	930	valid_loss	109630.521484
batch	960	valid_loss	109403.381836
batch	990	valid_loss	108904.37793
batch	1020	valid_loss	108516.371094
batch	1050	valid_loss	108059.600586
batch	1080	valid_loss	107784.392578
batch	1110	valid_loss	107421.919922
batch	1140	valid_loss	107263.045898
batch	1170	valid_loss	107108.495117
batch	1200	valid_loss	106939.175781
batch	1230	valid_loss	106831.121094
batch	1260	valid_loss	106589.748047
batch	1290	valid_loss	106497.525391
batch	1320	valid_loss	106283.416016
batch	1350	valid_loss	106196.024414
batch	1380	valid_loss	106118.350586
batch	1410	valid_loss	105846.867188
batch	1440	valid_loss	105801.875977
batch	1470	valid_loss	105578.022461
batch	1500	valid_loss	105452.647461
batch	1530	valid_loss	105377.298828
batch	1560	valid_loss	105372.34375
batch	1590	valid_loss	105343.148438
batch	1620	valid_loss	105153.545898
batch	1650	valid_loss	105103.480469
batch	1680	valid_loss	105009.321289
batch	1710	valid_loss	104926.135742
batch	1740	valid_loss	104640.698242
batch	1770	valid_loss	104700.895508
batch	1800	valid_loss	104698.798828
batch	1830	valid_loss	104443.044922
batch	1860	valid_loss	104453.949219
batch	1890	valid_loss	104271.179688
batch	1920	valid_loss	104203.804688
batch	1950	valid_loss	104110.232422
batch	1980	valid_loss	103931.132812
batch	2010	valid_loss	103816.936523
batch	2040	valid_loss	103586.643555
batch	2070	valid_loss	103339.311523
batch	2100	valid_loss	103070.121094
batch	2130	valid_loss	102683.68457
batch	2160	valid_loss	102351.897461
batch	2190	valid_loss	101971.047852
batch	2220	valid_loss	101679.735352
batch	2250	valid_loss	101389.108398
batch	2280	valid_loss	101092.819336
batch	2310	valid_loss	100982.445312
batch	2340	valid_loss	100663.916016
batch	2370	valid_loss	100465.28125
batch	2400	valid_loss	100320.077148
batch	2430	valid_loss	100142.938477
batch	2460	valid_loss	99899.5761719
batch	2490	valid_loss	99676.4726562
batch	2520	valid_loss	99381.3623047
batch	2550	valid_loss	99292.1074219
batch	2580	valid_loss	99049.2626953
batch	2610	valid_loss	98769.46875
batch	2640	valid_loss	98694.2724609
batch	2670	valid_loss	98536.8212891
batch	2700	valid_loss	98329.5664062
batch	2730	valid_loss	98311.6425781
batch	2760	valid_loss	98220.0048828
batch	2790	valid_loss	98192.46875
batch	2820	valid_loss	98010.8310547
batch	2850	valid_loss	97978.5019531
batch	2880	valid_loss	98051.8535156
batch	2910	valid_loss	97930.4501953
batch	2940	valid_loss	97927.5644531
batch	2970	valid_loss	97870.2539062
batch	3000	valid_loss	97814.7558594
batch	3030	valid_loss	97710.3066406
batch	3060	valid_loss	97602.6298828
batch	3090	valid_loss	97582.2724609
batch	3120	valid_loss	97552.7705078
batch	3150	valid_loss	97569.0029297
batch	3180	valid_loss	97422.1113281
batch	3210	valid_loss	97578.21875
batch	3240	valid_loss	97453.1787109
batch	3270	valid_loss	97405.6171875
batch	3300	valid_loss	97330.421875
batch	3330	valid_loss	97284.1162109
batch	3360	valid_loss	97313.2929688
batch	3390	valid_loss	97151.3466797
batch	3420	valid_loss	97262.0742188
batch	3450	valid_loss	97101.9628906
batch	3480	valid_loss	97106.0185547
batch	3510	valid_loss	97171.5478516
batch	3540	valid_loss	97063.8955078
batch	3570	valid_loss	97032.6171875
batch	3600	valid_loss	96983.6943359
batch	3630	valid_loss	96879.2773438
batch	3660	valid_loss	96841.2109375
batch	3690	valid_loss	96789.5576172
batch	3720	valid_loss	96805.2744141
batch	3750	valid_loss	96636.8134766
batch	3780	valid_loss	96461.2861328
batch	3810	valid_loss	96492.6357422
batch	3840	valid_loss	96234.859375
batch	3870	valid_loss	96024.5136719
batch	3900	valid_loss	95927.1679688
batch	3930	valid_loss	95925.4902344
batch	3960	valid_loss	95506.6679688
batch	3990	valid_loss	95326.3027344
batch	4020	valid_loss	95115.9819336
batch	4050	valid_loss	95051.9897461
batch	4080	valid_loss	94902.2568359
batch	4110	valid_loss	94896.4931641
batch	4140	valid_loss	94794.6650391
batch	4170	valid_loss	94540.644043
batch	4200	valid_loss	94677.8208008
batch	4230	valid_loss	94428.6401367
batch	4260	valid_loss	94265.3222656
batch	4290	valid_loss	94245.6757812
batch	4320	valid_loss	94078.7348633
batch	4350	valid_loss	94266.0805664
batch	4380	valid_loss	94002.8300781
batch	4410	valid_loss	93883.8569336
batch	4440	valid_loss	93931.409668
batch	4470	valid_loss	94116.2568359
batch	4500	valid_loss	93805.7729492
batch	4530	valid_loss	93929.2158203
batch	4560	valid_loss	93788.6455078
batch	4590	valid_loss	93765.8212891
batch	4620	valid_loss	93567.0253906
batch	4650	valid_loss	93598.7412109
batch	4680	valid_loss	93816.5170898
batch	4710	valid_loss	93597.7890625
batch	4740	valid_loss	93434.527832
batch	4770	valid_loss	93410.7006836
batch	4800	valid_loss	93364.4067383
batch	4830	valid_loss	93355.4423828
batch	4860	valid_loss	93462.1396484
batch	4890	valid_loss	93518.4291992
batch	4920	valid_loss	93302.9233398
batch	4950	valid_loss	93187.5551758
batch	4980	valid_loss	93171.8417969
batch	5010	valid_loss	93119.5883789
batch	5040	valid_loss	93089.4790039
batch	5070	valid_loss	93157.9580078
batch	5100	valid_loss	93159.4916992
batch	5130	valid_loss	93031.2456055
batch	5160	valid_loss	93020.4345703
batch	5190	valid_loss	92853.4272461
batch	5220	valid_loss	92910.7207031
batch	5250	valid_loss	92794.0332031
batch	5280	valid_loss	92759.7177734
batch	5310	valid_loss	92780.3222656
batch	5340	valid_loss	92665.3046875
batch	5370	valid_loss	92726.3837891
batch	5400	valid_loss	92851.4169922
batch	5430	valid_loss	92649.3168945
batch	5460	valid_loss	92770.4707031
batch	5490	valid_loss	92569.3740234
batch	5520	valid_loss	92516.3598633
batch	5550	valid_loss	92648.5820312
batch	5580	valid_loss	92433.4233398
batch	5610	valid_loss	92665.0644531
batch	5640	valid_loss	92341.2553711
batch	5670	valid_loss	92415.7543945
batch	5700	valid_loss	92684.3886719
batch	5730	valid_loss	92359.9755859
batch	5760	valid_loss	92284.1279297
batch	5790	valid_loss	92169.8071289
batch	5820	valid_loss	92729.2666016
batch	5850	valid_loss	92083.4995117
batch	5880	valid_loss	92052.9101562
batch	5910	valid_loss	92230.6625977
batch	5940	valid_loss	91897.3964844
batch	5970	valid_loss	91776.3310547
batch	6000	valid_loss	91889.7436523
batch	6030	valid_loss	92082.7241211
batch	6060	valid_loss	91741.0014648
batch	6090	valid_loss	91611.0336914
batch	6120	valid_loss	91603.0498047
batch	6150	valid_loss	91525.1137695
batch	6180	valid_loss	91471.0791016
batch	6210	valid_loss	91390.7133789
batch	6240	valid_loss	91359.2895508
batch	6270	valid_loss	91230.484375
batch	6300	valid_loss	91199.8110352
batch	6330	valid_loss	91237.8364258
batch	6360	valid_loss	91069.3305664
batch	6390	valid_loss	90954.9794922
batch	6420	valid_loss	90896.5722656
batch	6450	valid_loss	90800.8144531
batch	6480	valid_loss	90756.6640625
batch	6510	valid_loss	90640.9448242
batch	6540	valid_loss	91124.5288086
batch	6570	valid_loss	90500.5625
batch	6600	valid_loss	90370.9589844
batch	6630	valid_loss	90424.3935547
batch	6660	valid_loss	90308.2719727
batch	6690	valid_loss	90454.0317383
batch	6720	valid_loss	90203.690918
batch	6750	valid_loss	90241.8574219
batch	6780	valid_loss	90145.2695312
batch	6810	valid_loss	89915.2797852
batch	6840	valid_loss	89765.8793945
batch	6870	valid_loss	89929.5712891
batch	6900	valid_loss	89595.2900391
batch	6930	valid_loss	89568.9897461
batch	6960	valid_loss	89567.487793
batch	6990	valid_loss	89478.6645508
batch	7020	valid_loss	89748.1948242
batch	7050	valid_loss	89338.3964844
batch	7080	valid_loss	89183.4194336
batch	7110	valid_loss	89129.2558594
batch	7140	valid_loss	89118.2651367
batch	7170	valid_loss	89016.6743164
batch	7200	valid_loss	89020.9648438
batch	7230	valid_loss	89629.0249023
batch	7260	valid_loss	88846.78125
batch	7290	valid_loss	88884.0546875
batch	7320	valid_loss	88652.9433594
batch	7350	valid_loss	88593.7407227
batch	7380	valid_loss	88814.2939453
batch	7410	valid_loss	88523.0683594
batch	7440	valid_loss	88382.4731445
batch	7470	valid_loss	88383.3696289
batch	7500	valid_loss	88354.1728516
batch	7530	valid_loss	88200.5273438
batch	7560	valid_loss	88735.40625
batch	7590	valid_loss	88264.8779297
batch	7620	valid_loss	88096.6708984
batch	7650	valid_loss	88132.3417969
batch	7680	valid_loss	88243.355957
batch	7710	valid_loss	87917.0576172
batch	7740	valid_loss	87916.456543
batch	7770	valid_loss	87792.9970703
batch	7800	valid_loss	87916.9936523
batch	7830	valid_loss	87783.7431641
batch	7860	valid_loss	87738.4189453
batch	7890	valid_loss	88093.8037109
batch	7920	valid_loss	87628.7939453
batch	7950	valid_loss	87574.8007812
batch	7980	valid_loss	87510.7041016
batch	8010	valid_loss	87357.1665039
batch	8040	valid_loss	87603.1152344
batch	8070	valid_loss	87300.7719727
batch	8100	valid_loss	87545.3061523
batch	8130	valid_loss	87234.0463867
batch	8160	valid_loss	87158.8115234
batch	8190	valid_loss	87415.9238281
batch	8220	valid_loss	86990.15625
batch	8250	valid_loss	87103.4882812
batch	8280	valid_loss	87139.1958008
batch	8310	valid_loss	86958.3271484
batch	8340	valid_loss	86838.6391602
batch	8370	valid_loss	86791.9580078
batch	8400	valid_loss	86711.390625
batch	8430	valid_loss	87229.9536133
batch	8460	valid_loss	86990.3808594
batch	8490	valid_loss	86577.6157227
batch	8520	valid_loss	86688.144043
batch	8550	valid_loss	86555.9072266
batch	8580	valid_loss	86493.4204102
batch	8610	valid_loss	86487.652832
batch	8640	valid_loss	86363.2402344
batch	8670	valid_loss	86811.8671875
batch	8700	valid_loss	86387.1577148
batch	8730	valid_loss	86274.6479492
batch	8760	valid_loss	86437.1977539
batch	8790	valid_loss	86261.4233398
batch	8820	valid_loss	86527.059082
batch	8850	valid_loss	86261.0483398
batch	8880	valid_loss	86078.5297852
batch	8910	valid_loss	86165.8911133
batch	8940	valid_loss	85860.6533203
batch	8970	valid_loss	85918.9311523
batch	9000	valid_loss	86073.2094727
batch	9030	valid_loss	85762.581543
batch	9060	valid_loss	85986.6044922
batch	9090	valid_loss	85713.6083984
batch	9120	valid_loss	85824.2490234
batch	9150	valid_loss	85873.5166016
batch	9180	valid_loss	85463.1342773
batch	9210	valid_loss	85741.2739258
batch	9240	valid_loss	85388.0537109
batch	9270	valid_loss	85374.7280273
batch	9300	valid_loss	85579.2407227
batch	9330	valid_loss	85252.34375
batch	9360	valid_loss	85218.3349609
batch	9390	valid_loss	85701.578125
batch	9420	valid_loss	85163.7470703
batch	9450	valid_loss	85105.2792969
batch	9480	valid_loss	84915.003418
batch	9510	valid_loss	84894.1625977
batch	9540	valid_loss	85055.7089844
batch	9570	valid_loss	84800.859375
batch	9600	valid_loss	85352.9868164
batch	9630	valid_loss	84704.0581055
batch	9660	valid_loss	84778.0224609
batch	9690	valid_loss	84584.6962891
batch	9720	valid_loss	84495.9604492
batch	9750	valid_loss	84519.1162109
batch	9780	valid_loss	84421.3847656
batch	9810	valid_loss	84644.1040039
batch	9840	valid_loss	84413.8461914
batch	9870	valid_loss	84225.0185547
batch	9900	valid_loss	84168.3876953
batch	9930	valid_loss	84115.8691406
batch	9960	valid_loss	84170.3188477
batch	9990	valid_loss	84093.1767578
batch	10020	valid_loss	83942.6821289
batch	10050	valid_loss	84210.7583008
batch	10080	valid_loss	83932.8520508
batch	10110	valid_loss	84471.1586914
batch	10140	valid_loss	83747.2807617
batch	10170	valid_loss	83700.5458984
batch	10200	valid_loss	83644.8603516
batch	10230	valid_loss	83557.8085938
batch	10260	valid_loss	83535.9487305
batch	10290	valid_loss	83547.8447266
batch	10320	valid_loss	83546.559082
batch	10350	valid_loss	83434.6152344
batch	10380	valid_loss	83338.2026367
batch	10410	valid_loss	83212.3950195
batch	10440	valid_loss	83124.3383789
batch	10470	valid_loss	83317.7626953
batch	10500	valid_loss	82951.9677734
batch	10530	valid_loss	83088.1831055
batch	10560	valid_loss	82883.2900391
batch	10590	valid_loss	82891.5361328
batch	10620	valid_loss	82836.3354492
batch	10650	valid_loss	82806.7954102
batch	10680	valid_loss	82760.8671875
batch	10710	valid_loss	83522.4995117
batch	10740	valid_loss	82686.8774414
batch	10770	valid_loss	82587.5878906
batch	10800	valid_loss	82399.6035156
batch	10830	valid_loss	82315.4697266
batch	10860	valid_loss	82533.2739258
batch	10890	valid_loss	82442.8369141
batch	10920	valid_loss	82203.5317383
batch	10950	valid_loss	82142.3310547
batch	10980	valid_loss	82138.3427734
batch	11010	valid_loss	82004.5522461
batch	11040	valid_loss	82163.9360352
batch	11070	valid_loss	81915.1279297
batch	11100	valid_loss	81864.0913086
batch	11130	valid_loss	81808.0205078
batch	11160	valid_loss	81628.5639648
batch	11190	valid_loss	81576.0112305
batch	11220	valid_loss	81582.4897461
batch	11250	valid_loss	81473.6660156
batch	11280	valid_loss	81388.5522461
batch	11310	valid_loss	81339.7109375
batch	11340	valid_loss	81452.2802734
batch	11370	valid_loss	81210.3779297
batch	11400	valid_loss	81259.9511719
batch	11430	valid_loss	81086.0673828
batch	11460	valid_loss	81247.3681641
batch	11490	valid_loss	80944.2299805
batch	11520	valid_loss	80812.590332
batch	11550	valid_loss	81229.8066406
batch	11580	valid_loss	80972.7226562
batch	11610	valid_loss	80718.0234375
batch	11640	valid_loss	80671.125
batch	11670	valid_loss	80959.1914062
batch	11700	valid_loss	80434.8144531
batch	11730	valid_loss	80421.8056641
batch	11760	valid_loss	80342.1591797
batch	11790	valid_loss	80240.2744141
batch	11820	valid_loss	80169.8427734
batch	11850	valid_loss	80155.6875
batch	11880	valid_loss	80088.9345703
batch	11910	valid_loss	80131.0966797
batch	11940	valid_loss	80044.5224609
batch	11970	valid_loss	79995.7163086
batch	12000	valid_loss	79764.6796875
batch	12030	valid_loss	79816.2436523
batch	12060	valid_loss	79837.9707031
batch	12090	valid_loss	79668.8417969
batch	12120	valid_loss	79564.2978516
batch	12150	valid_loss	79455.9379883
batch	12180	valid_loss	79739.9077148
batch	12210	valid_loss	79477.2202148
batch	12240	valid_loss	79243.8022461
batch	12270	valid_loss	79296.3881836
batch	12300	valid_loss	79120.7890625
batch	12330	valid_loss	79057.5302734
batch	12360	valid_loss	79136.7675781
batch	12390	valid_loss	78919.6479492
batch	12420	valid_loss	78941.8139648
batch	12450	valid_loss	78826.4897461
batch	12480	valid_loss	79405.3554688
batch	12510	valid_loss	78928.5449219
batch	12540	valid_loss	78682.8447266
batch	12570	valid_loss	78674.6547852
batch	12600	valid_loss	78509.8188477
batch	12630	valid_loss	78445.0483398
batch	12660	valid_loss	78358.2006836
batch	12690	valid_loss	78263.5507812
batch	12720	valid_loss	78270.1791992
batch	12750	valid_loss	78474.2573242
batch	12780	valid_loss	78150.371582
batch	12810	valid_loss	78099.3632812
batch	12840	valid_loss	77995.1757812
batch	12870	valid_loss	77973.0092773
batch	12900	valid_loss	77915.1396484
batch	12930	valid_loss	77837.3032227
batch	12960	valid_loss	77800.7758789
batch	12990	valid_loss	77675.5371094
batch	13020	valid_loss	77867.7993164
batch	13050	valid_loss	77647.1933594
batch	13080	valid_loss	77492.0
batch	13110	valid_loss	78052.8393555
batch	13140	valid_loss	77702.574707
batch	13170	valid_loss	77355.1318359
batch	13200	valid_loss	77330.1860352
batch	13230	valid_loss	77283.1577148
batch	13260	valid_loss	77149.5229492
batch	13290	valid_loss	77204.3286133
batch	13320	valid_loss	77044.1660156
batch	13350	valid_loss	77019.8891602
batch	13380	valid_loss	76961.878418
batch	13410	valid_loss	77099.9560547
batch	13440	valid_loss	76931.5673828
batch	13470	valid_loss	76812.3037109
batch	13500	valid_loss	76743.8793945
batch	13530	valid_loss	76714.0947266
batch	13560	valid_loss	76691.5205078
batch	13590	valid_loss	76718.4584961
batch	13620	valid_loss	76464.9145508
batch	13650	valid_loss	76753.1982422
batch	13680	valid_loss	76452.722168
batch	13710	valid_loss	76417.621582
batch	13740	valid_loss	76315.9423828
batch	13770	valid_loss	76182.9628906
batch	13800	valid_loss	76076.8598633
batch	13830	valid_loss	76081.4921875
batch	13860	valid_loss	75999.6333008
batch	13890	valid_loss	75978.0859375
batch	13920	valid_loss	76015.1147461
batch	13950	valid_loss	75862.6518555
batch	13980	valid_loss	75837.9575195
batch	14010	valid_loss	75777.112793
batch	14040	valid_loss	75699.8920898
batch	14070	valid_loss	75654.6186523
batch	14100	valid_loss	75538.4492188
batch	14130	valid_loss	75535.5473633
batch	14160	valid_loss	75561.2138672
batch	14190	valid_loss	75697.1445312
batch	14220	valid_loss	75510.1699219
batch	14250	valid_loss	75331.7504883
batch	14280	valid_loss	75370.1518555
batch	14310	valid_loss	75229.2436523
batch	14340	valid_loss	75206.0498047
batch	14370	valid_loss	75111.1303711
batch	14400	valid_loss	75063.7841797
batch	14430	valid_loss	74996.7397461
batch	14460	valid_loss	75044.7680664
batch	14490	valid_loss	75160.7583008
batch	14520	valid_loss	74942.140625
batch	14550	valid_loss	74780.6694336
batch	14580	valid_loss	74861.1503906
batch	14610	valid_loss	74722.8017578
batch	14640	valid_loss	74662.5419922
batch	14670	valid_loss	74598.0185547
batch	14700	valid_loss	74760.3408203
batch	14730	valid_loss	74509.78125
batch	14760	valid_loss	74465.4941406
batch	14790	valid_loss	74429.2167969
batch	14820	valid_loss	74427.894043
batch	14850	valid_loss	74600.8427734
batch	14880	valid_loss	74250.7988281
batch	14910	valid_loss	74181.0541992
batch	14940	valid_loss	74095.7041016
batch	14970	valid_loss	74237.9243164
batch	15000	valid_loss	74023.6337891
batch	15030	valid_loss	74023.0541992
batch	15060	valid_loss	73940.6708984
batch	15090	valid_loss	73887.5888672
batch	15120	valid_loss	73820.3183594
batch	15150	valid_loss	73802.5498047
batch	15180	valid_loss	73616.7421875
batch	15210	valid_loss	73872.730957
batch	15240	valid_loss	73596.5644531
batch	15270	valid_loss	73534.4169922
batch	15300	valid_loss	73503.6713867
batch	15330	valid_loss	73452.5986328
batch	15360	valid_loss	73364.4941406
batch	15390	valid_loss	73369.7265625
batch	15420	valid_loss	73402.8510742
batch	15450	valid_loss	73168.0473633
batch	15480	valid_loss	73161.8823242
batch	15510	valid_loss	73279.8388672
batch	15540	valid_loss	73004.5917969
batch	15570	valid_loss	72977.3808594
batch	15600	valid_loss	73004.5424805
batch	15630	valid_loss	72971.0185547
batch	15660	valid_loss	72943.9765625
batch	15690	valid_loss	72966.9638672
batch	15720	valid_loss	72768.1894531
batch	15750	valid_loss	72905.0424805
batch	15780	valid_loss	72571.3105469
batch	15810	valid_loss	72625.3369141
batch	15840	valid_loss	72489.0053711
batch	15870	valid_loss	72465.2558594
batch	15900	valid_loss	72444.0366211
batch	15930	valid_loss	72323.2563477
batch	15960	valid_loss	72321.0073242
batch	15990	valid_loss	72135.8774414
batch	16020	valid_loss	72117.9111328
batch	16050	valid_loss	72222.9853516
batch	16080	valid_loss	72036.0078125
batch	16110	valid_loss	71917.3881836
batch	16140	valid_loss	71953.074707
batch	16170	valid_loss	71972.8896484
batch	16200	valid_loss	71890.2314453
batch	16230	valid_loss	71758.1074219
batch	16260	valid_loss	71893.2011719
batch	16290	valid_loss	71630.1635742
batch	16320	valid_loss	71734.1152344
batch	16350	valid_loss	71757.0175781
batch	16380	valid_loss	71541.5932617
batch	16410	valid_loss	71531.484375
batch	16440	valid_loss	71616.8632812
batch	16470	valid_loss	71508.0810547
batch	16500	valid_loss	71328.0966797
batch	16530	valid_loss	71297.3041992
batch	16560	valid_loss	71283.543457
batch	16590	valid_loss	71195.6606445
batch	16620	valid_loss	71180.6728516
batch	16650	valid_loss	71071.1342773
batch	16680	valid_loss	71077.9277344
batch	16710	valid_loss	71035.1015625
batch	16740	valid_loss	70884.7695312
batch	16770	valid_loss	71019.2412109
batch	16800	valid_loss	70909.5571289
batch	16830	valid_loss	70838.2480469
batch	16860	valid_loss	70779.8129883
batch	16890	valid_loss	70750.5146484
batch	16920	valid_loss	70665.3491211
batch	16950	valid_loss	70656.9760742
batch	16980	valid_loss	70762.0068359
batch	17010	valid_loss	70563.3701172
batch	17040	valid_loss	70610.0244141
batch	17070	valid_loss	70737.9814453
batch	17100	valid_loss	70383.5112305
batch	17130	valid_loss	70386.8212891
batch	17160	valid_loss	70297.3500977
batch	17190	valid_loss	70607.0605469
batch	17220	valid_loss	70220.237793
batch	17250	valid_loss	70181.2802734
batch	17280	valid_loss	70326.4887695
batch	17310	valid_loss	70116.3349609
batch	17340	valid_loss	70040.0693359
batch	17370	valid_loss	70531.3071289
batch	17400	valid_loss	69985.925293
batch	17430	valid_loss	69944.8769531
batch	17460	valid_loss	69949.3676758
batch	17490	valid_loss	69841.1889648
batch	17520	valid_loss	69795.5097656
batch	17550	valid_loss	69712.3886719
batch	17580	valid_loss	69704.84375
batch	17610	valid_loss	69682.1401367
batch	17640	valid_loss	69592.5932617
batch	17670	valid_loss	69728.8374023
batch	17700	valid_loss	69764.8842773
batch	17730	valid_loss	69550.9047852
batch	17760	valid_loss	69388.3579102
batch	17790	valid_loss	69363.644043
batch	17820	valid_loss	69365.1225586
batch	17850	valid_loss	69319.0205078
batch	17880	valid_loss	69274.0664062
batch	17910	valid_loss	69156.7094727
batch	17940	valid_loss	69142.4482422
batch	17970	valid_loss	69127.6157227
batch	18000	valid_loss	69020.0200195
batch	18030	valid_loss	69041.4121094
batch	18060	valid_loss	68988.4453125
batch	18090	valid_loss	68920.4194336
batch	18120	valid_loss	68879.7182617
batch	18150	valid_loss	68776.3354492
batch	18180	valid_loss	68731.7456055
batch	18210	valid_loss	68669.3588867
batch	18240	valid_loss	68677.2963867
batch	18270	valid_loss	68739.5727539
batch	18300	valid_loss	68934.269043
batch	18330	valid_loss	68808.9404297
batch	18360	valid_loss	68708.8857422
batch	18390	valid_loss	68496.3701172
batch	18420	valid_loss	68367.3330078
batch	18450	valid_loss	68295.8046875
batch	18480	valid_loss	68310.7207031
batch	18510	valid_loss	68261.9008789
batch	18540	valid_loss	68233.4179688
batch	18570	valid_loss	68145.3984375
batch	18600	valid_loss	68339.7338867
batch	18630	valid_loss	68258.2768555
batch	18660	valid_loss	68024.9355469
batch	18690	valid_loss	68068.7504883
batch	18720	valid_loss	67902.9204102
batch	18750	valid_loss	67825.5581055
batch	18780	valid_loss	67769.0800781
batch	18810	valid_loss	67766.6289062
batch	18840	valid_loss	67766.4404297
batch	18870	valid_loss	67677.6674805
batch	18900	valid_loss	67683.7802734
batch	18930	valid_loss	67680.4541016
batch	18960	valid_loss	67569.1865234
batch	18990	valid_loss	67522.737793
batch	19020	valid_loss	67501.4550781
batch	19050	valid_loss	67348.2626953
batch	19080	valid_loss	67349.9970703
batch	19110	valid_loss	67295.4746094
batch	19140	valid_loss	67258.6381836
batch	19170	valid_loss	67283.7124023
batch	19200	valid_loss	67270.2207031
batch	19230	valid_loss	67315.9404297
batch	19260	valid_loss	67157.6918945
batch	19290	valid_loss	67081.0449219
batch	19320	valid_loss	67071.5283203
batch	19350	valid_loss	66955.6918945
batch	19380	valid_loss	66931.0805664
batch	19410	valid_loss	66972.7680664
batch	19440	valid_loss	66895.6142578
batch	19470	valid_loss	66815.2045898
batch	19500	valid_loss	66779.6738281
batch	19530	valid_loss	66831.2983398
batch	19560	valid_loss	66904.7089844
batch	19590	valid_loss	66726.8061523
batch	19620	valid_loss	66642.1972656
batch	19650	valid_loss	66542.0356445
batch	19680	valid_loss	66528.2573242
batch	19710	valid_loss	66471.8603516
batch	19740	valid_loss	66411.2783203
batch	19770	valid_loss	66420.4379883
batch	19800	valid_loss	66427.534668
batch	19830	valid_loss	66381.3896484
batch	19860	valid_loss	66298.4179688
batch	19890	valid_loss	66512.6713867
batch	19920	valid_loss	66218.6713867
batch	19950	valid_loss	66241.5258789
batch	19980	valid_loss	66195.8408203
batch	20010	valid_loss	66027.9291992
batch	20040	valid_loss	66064.949707
batch	20070	valid_loss	66040.3041992
batch	20100	valid_loss	65986.2944336
batch	20130	valid_loss	65922.9023438
batch	20160	valid_loss	66213.2202148
batch	20190	valid_loss	65872.0317383
batch	20220	valid_loss	65888.734375
batch	20250	valid_loss	65882.8496094
batch	20280	valid_loss	65736.8500977
batch	20310	valid_loss	65695.6616211
batch	20340	valid_loss	65655.9995117
batch	20370	valid_loss	65634.4726562
batch	20400	valid_loss	65601.9072266
batch	20430	valid_loss	65606.6713867
batch	20460	valid_loss	65522.9003906
batch	20490	valid_loss	65452.8862305
batch	20520	valid_loss	65488.590332
batch	20550	valid_loss	65405.2358398
batch	20580	valid_loss	65432.2387695
batch	20610	valid_loss	65317.2011719
batch	20640	valid_loss	65257.2158203
batch	20670	valid_loss	65208.0849609
batch	20700	valid_loss	65196.4702148
batch	20730	valid_loss	65170.9072266
batch	20760	valid_loss	65168.2246094
batch	20790	valid_loss	65207.6679688
batch	20820	valid_loss	65118.7626953
batch	20850	valid_loss	65049.3920898
batch	20880	valid_loss	64977.3422852
batch	20910	valid_loss	64932.3671875
batch	20940	valid_loss	64925.4174805
batch	20970	valid_loss	64913.5849609
batch	21000	valid_loss	64920.7426758
batch	21030	valid_loss	64789.5449219
batch	21060	valid_loss	64804.3271484
batch	21090	valid_loss	64761.8491211
batch	21120	valid_loss	64762.6787109
batch	21150	valid_loss	64594.0307617
batch	21180	valid_loss	64630.1894531
batch	21210	valid_loss	64536.3720703
batch	21240	valid_loss	64553.8330078
batch	21270	valid_loss	64517.6523438
batch	21300	valid_loss	64474.9863281
batch	21330	valid_loss	64455.9453125
batch	21360	valid_loss	64480.9477539
batch	21390	valid_loss	64385.222168
batch	21420	valid_loss	64303.8154297
batch	21450	valid_loss	64298.3217773
batch	21480	valid_loss	64279.5019531
batch	21510	valid_loss	64309.9057617
batch	21540	valid_loss	64225.5791016
batch	21570	valid_loss	64131.4755859
batch	21600	valid_loss	64127.4858398
batch	21630	valid_loss	64069.8647461
batch	21660	valid_loss	64059.3632812
batch	21690	valid_loss	64074.934082
batch	21720	valid_loss	64011.5756836
batch	21750	valid_loss	63984.0771484
batch	21780	valid_loss	63900.0864258
batch	21810	valid_loss	63909.4379883
batch	21840	valid_loss	63881.7709961
batch	21870	valid_loss	63822.578125
batch	21900	valid_loss	63720.0458984
batch	21930	valid_loss	63952.1977539
batch	21960	valid_loss	63770.3178711
batch	21990	valid_loss	63646.0708008
batch	22020	valid_loss	63698.8393555
batch	22050	valid_loss	63600.0698242
batch	22080	valid_loss	63569.7792969
batch	22110	valid_loss	63571.2026367
batch	22140	valid_loss	63733.1083984
batch	22170	valid_loss	63465.4824219
batch	22200	valid_loss	63456.3754883
batch	22230	valid_loss	63419.0610352
batch	22260	valid_loss	63473.2333984
batch	22290	valid_loss	63366.2304688
batch	22320	valid_loss	63344.9609375
batch	22350	valid_loss	63177.5976562
batch	22380	valid_loss	63434.9599609
batch	22410	valid_loss	63191.9990234
batch	22440	valid_loss	63198.8232422
batch	22470	valid_loss	63117.1484375
batch	22500	valid_loss	63134.8652344
batch	22530	valid_loss	63079.3237305
batch	22560	valid_loss	63129.6938477
batch	22590	valid_loss	63199.5512695
batch	22620	valid_loss	62952.8623047
batch	22650	valid_loss	63149.8330078
batch	22680	valid_loss	62932.0800781
batch	22710	valid_loss	62825.8491211
batch	22740	valid_loss	62866.2431641
batch	22770	valid_loss	62750.4165039
batch	22800	valid_loss	62751.3671875
batch	22830	valid_loss	62791.6035156
batch	22860	valid_loss	62716.7607422
batch	22890	valid_loss	62816.7070312
batch	22920	valid_loss	62591.1958008
batch	22950	valid_loss	62667.2299805
batch	22980	valid_loss	62558.1821289
batch	23010	valid_loss	62623.234375
batch	23040	valid_loss	62588.453125
batch	23070	valid_loss	62522.2924805
batch	23100	valid_loss	62546.5415039
batch	23130	valid_loss	62461.5820312
batch	23160	valid_loss	62503.7753906
batch	23190	valid_loss	62379.3681641
batch	23220	valid_loss	62329.1445312
batch	23250	valid_loss	62320.3544922
batch	23280	valid_loss	62363.2402344
batch	23310	valid_loss	62288.0068359
batch	23340	valid_loss	62373.7744141
batch	23370	valid_loss	62244.4228516
batch	23400	valid_loss	62175.793457
batch	23430	valid_loss	62181.5585938
batch	23460	valid_loss	62128.253418
batch	23490	valid_loss	62104.9638672
batch	23520	valid_loss	62069.9584961
batch	23550	valid_loss	62100.9853516
batch	23580	valid_loss	62070.4145508
batch	23610	valid_loss	61905.0253906
batch	23640	valid_loss	61918.6870117
batch	23670	valid_loss	61912.6303711
batch	23700	valid_loss	61969.3730469
batch	23730	valid_loss	61884.3881836
batch	23760	valid_loss	61837.21875
batch	23790	valid_loss	61789.0297852
batch	23820	valid_loss	61803.2646484
batch	23850	valid_loss	61785.0356445
batch	23880	valid_loss	61717.7607422
batch	23910	valid_loss	61656.6293945
batch	23940	valid_loss	61629.0419922
batch	23970	valid_loss	61648.5649414
batch	24000	valid_loss	61555.609375
batch	24030	valid_loss	61555.847168
batch	24060	valid_loss	61620.3549805
batch	24090	valid_loss	61444.5083008
batch	24120	valid_loss	61444.9179688
batch	24150	valid_loss	61500.5551758
batch	24180	valid_loss	61337.9267578
batch	24210	valid_loss	61502.3823242
batch	24240	valid_loss	61359.2807617
batch	24270	valid_loss	61303.7456055
batch	24300	valid_loss	61295.3657227
batch	24330	valid_loss	61365.9833984
batch	24360	valid_loss	61307.109375
batch	24390	valid_loss	61325.5009766
batch	24420	valid_loss	61240.4750977
batch	24450	valid_loss	61338.5537109
batch	24480	valid_loss	61093.1660156
batch	24510	valid_loss	61121.4008789
batch	24540	valid_loss	60993.1606445
batch	24570	valid_loss	61061.6474609
batch	24600	valid_loss	61021.9038086
batch	24630	valid_loss	60911.6088867
batch	24660	valid_loss	60958.1499023
batch	24690	valid_loss	60860.8813477
batch	24720	valid_loss	60880.5805664
batch	24750	valid_loss	60906.7480469
batch	24780	valid_loss	60822.1713867
batch	24810	valid_loss	60762.6020508
batch	24840	valid_loss	60781.1826172
batch	24870	valid_loss	60676.8823242
batch	24900	valid_loss	60706.7021484
batch	24930	valid_loss	60687.890625
batch	24960	valid_loss	60588.6181641
batch	24990	valid_loss	60576.5439453
STOP
