START
config	860	460	20	460	860	960
batch	0	valid_loss	5475015.1875
batch	30	valid_loss	166965.110352
batch	60	valid_loss	122051.324219
batch	90	valid_loss	120078.131836
batch	120	valid_loss	119957.49707
batch	150	valid_loss	120014.748047
batch	180	valid_loss	119988.211914
batch	210	valid_loss	120039.036133
batch	240	valid_loss	120044.246094
batch	270	valid_loss	120044.110352
batch	300	valid_loss	119994.926758
batch	330	valid_loss	120046.451172
batch	360	valid_loss	120055.216797
batch	390	valid_loss	120143.727539
batch	420	valid_loss	120187.865234
batch	450	valid_loss	120165.061523
batch	480	valid_loss	120152.994141
batch	510	valid_loss	120115.645508
batch	540	valid_loss	120147.575195
batch	570	valid_loss	120098.598633
batch	600	valid_loss	120171.977539
batch	630	valid_loss	120159.646484
STOP
START
config	860	460	20	460	860	960
batch	0	valid_loss	5786352.875
batch	30	valid_loss	173006.172852
batch	60	valid_loss	122384.683594
batch	90	valid_loss	120028.920898
batch	120	valid_loss	119946.267578
batch	150	valid_loss	119950.224609
batch	180	valid_loss	120008.174805
batch	210	valid_loss	120010.982422
batch	240	valid_loss	119995.485352
batch	270	valid_loss	119998.491211
batch	300	valid_loss	120008.512695
batch	330	valid_loss	120057.704102
batch	360	valid_loss	119972.415039
batch	390	valid_loss	119954.639648
batch	420	valid_loss	119872.480469
batch	450	valid_loss	119691.186523
batch	480	valid_loss	119193.764648
batch	510	valid_loss	118370.100586
batch	540	valid_loss	117005.692383
batch	570	valid_loss	114809.856445
batch	600	valid_loss	112631.060547
batch	630	valid_loss	111141.506836
batch	660	valid_loss	110388.476562
batch	690	valid_loss	109950.5
batch	720	valid_loss	109681.645508
batch	750	valid_loss	109533.630859
batch	780	valid_loss	109309.392578
batch	810	valid_loss	109240.422852
batch	840	valid_loss	109095.891602
batch	870	valid_loss	108786.838867
batch	900	valid_loss	108526.290039
batch	930	valid_loss	108165.266602
batch	960	valid_loss	107705.341797
batch	990	valid_loss	107339.891602
batch	1020	valid_loss	107057.363281
batch	1050	valid_loss	106804.770508
batch	1080	valid_loss	106542.075195
batch	1110	valid_loss	106452.542969
batch	1140	valid_loss	106233.294922
batch	1170	valid_loss	106220.34668
batch	1200	valid_loss	106165.231445
batch	1230	valid_loss	105920.560547
batch	1260	valid_loss	105737.953125
batch	1290	valid_loss	105644.606445
batch	1320	valid_loss	105440.083984
batch	1350	valid_loss	105233.638672
batch	1380	valid_loss	105063.852539
batch	1410	valid_loss	104950.183594
batch	1440	valid_loss	104683.914062
batch	1470	valid_loss	104581.435547
batch	1500	valid_loss	104537.890625
batch	1530	valid_loss	104411.390625
batch	1560	valid_loss	104263.423828
batch	1590	valid_loss	104119.429688
batch	1620	valid_loss	103993.128906
batch	1650	valid_loss	103987.428711
batch	1680	valid_loss	103852.050781
batch	1710	valid_loss	103681.305664
batch	1740	valid_loss	103567.513672
batch	1770	valid_loss	103375.487305
batch	1800	valid_loss	103129.308594
batch	1830	valid_loss	102923.821289
batch	1860	valid_loss	102668.779297
batch	1890	valid_loss	102407.943359
batch	1920	valid_loss	102282.09668
batch	1950	valid_loss	102113.251953
batch	1980	valid_loss	101948.084961
batch	2010	valid_loss	101761.464844
batch	2040	valid_loss	101704.529297
batch	2070	valid_loss	101533.571289
batch	2100	valid_loss	101433.40625
batch	2130	valid_loss	101315.982422
batch	2160	valid_loss	101107.700195
batch	2190	valid_loss	100828.131836
batch	2220	valid_loss	100638.698242
batch	2250	valid_loss	100450.183594
batch	2280	valid_loss	100082.867188
batch	2310	valid_loss	100115.220703
batch	2340	valid_loss	99609.0595703
batch	2370	valid_loss	99578.4619141
batch	2400	valid_loss	99436.5957031
batch	2430	valid_loss	99213.1748047
batch	2460	valid_loss	98967.3105469
batch	2490	valid_loss	98824.8828125
batch	2520	valid_loss	98661.7617188
batch	2550	valid_loss	98334.8486328
batch	2580	valid_loss	98080.2919922
batch	2610	valid_loss	98646.6621094
batch	2640	valid_loss	97651.875
batch	2670	valid_loss	97524.0126953
batch	2700	valid_loss	97330.8007812
batch	2730	valid_loss	97457.7285156
batch	2760	valid_loss	97157.2939453
batch	2790	valid_loss	96846.0410156
batch	2820	valid_loss	96953.5195312
batch	2850	valid_loss	96894.8974609
batch	2880	valid_loss	97075.9160156
batch	2910	valid_loss	96443.9667969
batch	2940	valid_loss	96150.9394531
batch	2970	valid_loss	95960.8242188
batch	3000	valid_loss	95854.0214844
batch	3030	valid_loss	95774.1484375
batch	3060	valid_loss	95675.0507812
batch	3090	valid_loss	95378.2451172
batch	3120	valid_loss	95759.0341797
batch	3150	valid_loss	94957.8046875
batch	3180	valid_loss	94889.8535156
batch	3210	valid_loss	94939.8037109
batch	3240	valid_loss	94766.3696289
batch	3270	valid_loss	94826.6074219
batch	3300	valid_loss	94684.8803711
batch	3330	valid_loss	94540.4658203
batch	3360	valid_loss	94473.5961914
batch	3390	valid_loss	94210.0224609
batch	3420	valid_loss	94399.8740234
batch	3450	valid_loss	93998.9702148
batch	3480	valid_loss	93997.8847656
batch	3510	valid_loss	94059.6679688
batch	3540	valid_loss	93952.4003906
batch	3570	valid_loss	94300.480957
batch	3600	valid_loss	93722.0073242
batch	3630	valid_loss	93750.0053711
batch	3660	valid_loss	93621.1660156
batch	3690	valid_loss	93707.5161133
batch	3720	valid_loss	93492.7998047
batch	3750	valid_loss	93348.6435547
batch	3780	valid_loss	93644.6982422
batch	3810	valid_loss	93353.9042969
batch	3840	valid_loss	93380.6123047
batch	3870	valid_loss	93450.0952148
batch	3900	valid_loss	93291.2939453
batch	3930	valid_loss	93241.0595703
batch	3960	valid_loss	93361.2783203
batch	3990	valid_loss	93256.1381836
batch	4020	valid_loss	93149.8134766
batch	4050	valid_loss	93068.1445312
batch	4080	valid_loss	93012.6108398
batch	4110	valid_loss	93001.7231445
batch	4140	valid_loss	92966.1010742
batch	4170	valid_loss	93443.2060547
batch	4200	valid_loss	92904.8217773
batch	4230	valid_loss	93645.0439453
batch	4260	valid_loss	92806.5126953
batch	4290	valid_loss	93127.2993164
batch	4320	valid_loss	93067.8769531
batch	4350	valid_loss	93111.7592773
batch	4380	valid_loss	92564.050293
batch	4410	valid_loss	92775.7021484
batch	4440	valid_loss	92850.4580078
batch	4470	valid_loss	92869.4750977
batch	4500	valid_loss	92639.324707
batch	4530	valid_loss	92420.925293
batch	4560	valid_loss	92419.7885742
batch	4590	valid_loss	92411.8857422
batch	4620	valid_loss	92333.4418945
batch	4650	valid_loss	92240.1518555
batch	4680	valid_loss	92853.1225586
batch	4710	valid_loss	92122.3598633
batch	4740	valid_loss	92080.4506836
batch	4770	valid_loss	92094.5175781
batch	4800	valid_loss	92641.8222656
batch	4830	valid_loss	92102.3867188
batch	4860	valid_loss	91844.9448242
batch	4890	valid_loss	91823.2817383
batch	4920	valid_loss	91643.6469727
batch	4950	valid_loss	92310.2758789
batch	4980	valid_loss	91467.1655273
batch	5010	valid_loss	92087.5869141
batch	5040	valid_loss	91898.0078125
batch	5070	valid_loss	91325.7563477
batch	5100	valid_loss	91245.8051758
batch	5130	valid_loss	91238.1787109
batch	5160	valid_loss	91235.1054688
batch	5190	valid_loss	91064.7587891
batch	5220	valid_loss	91765.9350586
batch	5250	valid_loss	91431.5576172
batch	5280	valid_loss	91248.8618164
batch	5310	valid_loss	90877.5419922
batch	5340	valid_loss	90848.046875
batch	5370	valid_loss	91358.9760742
batch	5400	valid_loss	90865.8974609
batch	5430	valid_loss	90694.2753906
batch	5460	valid_loss	90901.800293
batch	5490	valid_loss	90957.0498047
batch	5520	valid_loss	91340.8862305
batch	5550	valid_loss	90569.2070312
batch	5580	valid_loss	90640.3442383
batch	5610	valid_loss	92261.0429688
batch	5640	valid_loss	91054.4960938
batch	5670	valid_loss	90479.7514648
batch	5700	valid_loss	90351.8554688
batch	5730	valid_loss	91133.6450195
batch	5760	valid_loss	90271.609375
batch	5790	valid_loss	90380.4770508
batch	5820	valid_loss	90300.2841797
batch	5850	valid_loss	90254.1806641
batch	5880	valid_loss	90485.1352539
batch	5910	valid_loss	90259.8383789
batch	5940	valid_loss	90117.8959961
batch	5970	valid_loss	90193.4135742
batch	6000	valid_loss	90056.2426758
batch	6030	valid_loss	90326.9321289
batch	6060	valid_loss	90049.5566406
batch	6090	valid_loss	90034.1728516
batch	6120	valid_loss	90431.0708008
batch	6150	valid_loss	89915.1621094
batch	6180	valid_loss	89895.5908203
batch	6210	valid_loss	89880.0239258
batch	6240	valid_loss	89807.9750977
batch	6270	valid_loss	89753.5805664
batch	6300	valid_loss	90067.6782227
batch	6330	valid_loss	89713.784668
batch	6360	valid_loss	90454.8242188
batch	6390	valid_loss	90626.0869141
batch	6420	valid_loss	89900.3051758
batch	6450	valid_loss	89517.5874023
batch	6480	valid_loss	89538.8100586
batch	6510	valid_loss	89614.3286133
batch	6540	valid_loss	90038.3925781
batch	6570	valid_loss	89297.7421875
batch	6600	valid_loss	89726.2280273
batch	6630	valid_loss	89296.1928711
batch	6660	valid_loss	89339.7631836
batch	6690	valid_loss	89550.1069336
batch	6720	valid_loss	89253.3857422
batch	6750	valid_loss	89367.4555664
batch	6780	valid_loss	89401.6108398
batch	6810	valid_loss	89074.8925781
batch	6840	valid_loss	89588.8427734
batch	6870	valid_loss	88961.0917969
batch	6900	valid_loss	89015.4794922
batch	6930	valid_loss	89374.4892578
batch	6960	valid_loss	88915.996582
batch	6990	valid_loss	88903.5888672
batch	7020	valid_loss	88788.0893555
batch	7050	valid_loss	89174.1748047
batch	7080	valid_loss	88649.7329102
batch	7110	valid_loss	88628.984375
batch	7140	valid_loss	88525.4692383
batch	7170	valid_loss	88455.0410156
batch	7200	valid_loss	88463.3369141
batch	7230	valid_loss	88416.3203125
batch	7260	valid_loss	88480.5239258
batch	7290	valid_loss	88587.2070312
batch	7320	valid_loss	88178.2973633
batch	7350	valid_loss	88091.6723633
batch	7380	valid_loss	88471.7802734
batch	7410	valid_loss	87990.3618164
batch	7440	valid_loss	88274.9819336
batch	7470	valid_loss	87810.7441406
batch	7500	valid_loss	87744.0639648
batch	7530	valid_loss	87661.5800781
batch	7560	valid_loss	87944.7758789
batch	7590	valid_loss	87694.4121094
batch	7620	valid_loss	87948.3701172
batch	7650	valid_loss	87398.0576172
batch	7680	valid_loss	87352.2172852
batch	7710	valid_loss	87401.5634766
batch	7740	valid_loss	87640.4794922
batch	7770	valid_loss	87237.3808594
batch	7800	valid_loss	87920.0751953
batch	7830	valid_loss	87000.6772461
batch	7860	valid_loss	86969.1577148
batch	7890	valid_loss	86841.0776367
batch	7920	valid_loss	86990.4433594
batch	7950	valid_loss	87119.4619141
batch	7980	valid_loss	87269.1386719
batch	8010	valid_loss	86982.8964844
batch	8040	valid_loss	86602.2573242
batch	8070	valid_loss	86389.4970703
batch	8100	valid_loss	87154.328125
batch	8130	valid_loss	86094.5166016
batch	8160	valid_loss	86052.2666016
batch	8190	valid_loss	86233.3696289
batch	8220	valid_loss	85924.5991211
batch	8250	valid_loss	86340.753418
batch	8280	valid_loss	85679.7070312
batch	8310	valid_loss	86007.706543
batch	8340	valid_loss	85488.1074219
batch	8370	valid_loss	85774.6816406
batch	8400	valid_loss	85326.7041016
batch	8430	valid_loss	85153.293457
batch	8460	valid_loss	85062.171875
batch	8490	valid_loss	85061.7285156
batch	8520	valid_loss	85065.7915039
batch	8550	valid_loss	85169.8295898
batch	8580	valid_loss	84746.6000977
batch	8610	valid_loss	84794.3076172
batch	8640	valid_loss	85035.4057617
batch	8670	valid_loss	84485.6152344
batch	8700	valid_loss	84395.7333984
batch	8730	valid_loss	84591.9091797
batch	8760	valid_loss	84325.4458008
batch	8790	valid_loss	84341.0112305
batch	8820	valid_loss	84164.0961914
batch	8850	valid_loss	84255.8452148
batch	8880	valid_loss	84438.1088867
batch	8910	valid_loss	83876.2407227
batch	8940	valid_loss	84775.8081055
batch	8970	valid_loss	83918.7436523
batch	9000	valid_loss	83729.1015625
batch	9030	valid_loss	83590.5234375
batch	9060	valid_loss	83601.6982422
batch	9090	valid_loss	83507.0595703
batch	9120	valid_loss	83412.1264648
batch	9150	valid_loss	83390.8330078
batch	9180	valid_loss	83491.7397461
batch	9210	valid_loss	83388.5180664
batch	9240	valid_loss	83205.4580078
batch	9270	valid_loss	83486.1762695
batch	9300	valid_loss	83164.8544922
batch	9330	valid_loss	84264.7524414
batch	9360	valid_loss	83020.9555664
batch	9390	valid_loss	82992.4731445
batch	9420	valid_loss	82737.0424805
batch	9450	valid_loss	83206.9169922
batch	9480	valid_loss	82705.3881836
batch	9510	valid_loss	82756.7836914
batch	9540	valid_loss	83201.3647461
batch	9570	valid_loss	82528.0302734
batch	9600	valid_loss	82410.8325195
batch	9630	valid_loss	82366.9931641
batch	9660	valid_loss	82665.2426758
batch	9690	valid_loss	82202.6875
batch	9720	valid_loss	82192.5043945
batch	9750	valid_loss	83372.6132812
batch	9780	valid_loss	82112.0048828
batch	9810	valid_loss	82117.0419922
batch	9840	valid_loss	82054.4848633
batch	9870	valid_loss	81895.8125
batch	9900	valid_loss	81819.6030273
batch	9930	valid_loss	81906.0527344
batch	9960	valid_loss	81740.6503906
batch	9990	valid_loss	81614.4995117
batch	10020	valid_loss	81557.0605469
batch	10050	valid_loss	81735.7480469
batch	10080	valid_loss	81453.3452148
batch	10110	valid_loss	81427.5244141
batch	10140	valid_loss	81350.9921875
batch	10170	valid_loss	81246.6699219
batch	10200	valid_loss	81610.0942383
batch	10230	valid_loss	81369.9814453
batch	10260	valid_loss	81318.6855469
batch	10290	valid_loss	81021.5175781
batch	10320	valid_loss	81277.1318359
batch	10350	valid_loss	80995.421875
batch	10380	valid_loss	80872.5878906
batch	10410	valid_loss	81282.2270508
batch	10440	valid_loss	81145.6088867
batch	10470	valid_loss	80629.5170898
batch	10500	valid_loss	80946.2089844
batch	10530	valid_loss	80572.1669922
batch	10560	valid_loss	80543.5473633
batch	10590	valid_loss	83056.2119141
batch	10620	valid_loss	80426.5395508
batch	10650	valid_loss	80710.1967773
batch	10680	valid_loss	80448.4428711
batch	10710	valid_loss	80286.2075195
batch	10740	valid_loss	80146.6591797
batch	10770	valid_loss	80181.0458984
batch	10800	valid_loss	80100.5551758
batch	10830	valid_loss	79989.9277344
batch	10860	valid_loss	79989.9428711
batch	10890	valid_loss	79861.2597656
batch	10920	valid_loss	79932.0395508
batch	10950	valid_loss	79801.0825195
batch	10980	valid_loss	79573.5605469
batch	11010	valid_loss	79704.9731445
batch	11040	valid_loss	80064.9926758
batch	11070	valid_loss	79766.6333008
batch	11100	valid_loss	79472.5126953
batch	11130	valid_loss	79944.46875
batch	11160	valid_loss	79279.9995117
batch	11190	valid_loss	79297.0595703
batch	11220	valid_loss	79154.2519531
batch	11250	valid_loss	79118.4291992
batch	11280	valid_loss	79020.25
batch	11310	valid_loss	78988.1279297
batch	11340	valid_loss	79041.1904297
batch	11370	valid_loss	78924.59375
batch	11400	valid_loss	78864.2866211
batch	11430	valid_loss	78989.1186523
batch	11460	valid_loss	78752.4003906
batch	11490	valid_loss	78610.7324219
batch	11520	valid_loss	78702.8637695
batch	11550	valid_loss	78676.8955078
batch	11580	valid_loss	78423.6240234
batch	11610	valid_loss	78391.9072266
batch	11640	valid_loss	78290.0800781
batch	11670	valid_loss	78377.5600586
batch	11700	valid_loss	78532.1689453
batch	11730	valid_loss	78145.1962891
batch	11760	valid_loss	78409.9658203
batch	11790	valid_loss	77952.3193359
batch	11820	valid_loss	78127.7138672
batch	11850	valid_loss	77936.9584961
batch	11880	valid_loss	77798.8383789
batch	11910	valid_loss	77746.5317383
batch	11940	valid_loss	77654.6557617
batch	11970	valid_loss	77974.7470703
batch	12000	valid_loss	77884.5351562
batch	12030	valid_loss	77489.3383789
batch	12060	valid_loss	77493.8959961
batch	12090	valid_loss	77415.5405273
batch	12120	valid_loss	77306.6479492
batch	12150	valid_loss	77198.1606445
batch	12180	valid_loss	77148.5273438
batch	12210	valid_loss	77114.4208984
batch	12240	valid_loss	77110.0893555
batch	12270	valid_loss	76983.7939453
batch	12300	valid_loss	76958.2392578
batch	12330	valid_loss	77013.8540039
batch	12360	valid_loss	77094.4428711
batch	12390	valid_loss	76692.7729492
batch	12420	valid_loss	76600.1533203
batch	12450	valid_loss	76578.2109375
batch	12480	valid_loss	76518.3012695
batch	12510	valid_loss	76411.9272461
batch	12540	valid_loss	76356.7529297
batch	12570	valid_loss	76296.3085938
batch	12600	valid_loss	76846.2607422
batch	12630	valid_loss	76421.0898438
batch	12660	valid_loss	76419.7124023
batch	12690	valid_loss	76145.5717773
batch	12720	valid_loss	76131.7177734
batch	12750	valid_loss	75966.2646484
batch	12780	valid_loss	75964.3422852
batch	12810	valid_loss	75783.3515625
batch	12840	valid_loss	75692.4306641
batch	12870	valid_loss	75632.4956055
batch	12900	valid_loss	75727.0302734
batch	12930	valid_loss	75822.3149414
batch	12960	valid_loss	75383.6313477
batch	12990	valid_loss	75369.1870117
batch	13020	valid_loss	75292.7304688
batch	13050	valid_loss	75293.8261719
batch	13080	valid_loss	75131.203125
batch	13110	valid_loss	75107.3764648
batch	13140	valid_loss	75081.6416016
batch	13170	valid_loss	75236.5146484
batch	13200	valid_loss	74930.1245117
batch	13230	valid_loss	75102.9506836
batch	13260	valid_loss	75269.8173828
batch	13290	valid_loss	75089.065918
batch	13320	valid_loss	74649.1191406
batch	13350	valid_loss	74524.5820312
batch	13380	valid_loss	74473.6552734
batch	13410	valid_loss	74421.0600586
batch	13440	valid_loss	74726.2998047
batch	13470	valid_loss	74228.2836914
batch	13500	valid_loss	74292.1245117
batch	13530	valid_loss	74868.5517578
batch	13560	valid_loss	74217.4536133
batch	13590	valid_loss	73995.5751953
batch	13620	valid_loss	74040.90625
batch	13650	valid_loss	73862.1479492
batch	13680	valid_loss	73820.1420898
batch	13710	valid_loss	73750.0283203
batch	13740	valid_loss	73672.871582
batch	13770	valid_loss	73825.0742188
batch	13800	valid_loss	73589.1352539
batch	13830	valid_loss	73524.0615234
batch	13860	valid_loss	73485.6767578
batch	13890	valid_loss	73608.7280273
batch	13920	valid_loss	73600.4462891
batch	13950	valid_loss	73238.5644531
batch	13980	valid_loss	73204.9438477
batch	14010	valid_loss	73196.0288086
batch	14040	valid_loss	73098.0424805
batch	14070	valid_loss	73151.9399414
batch	14100	valid_loss	72994.3081055
batch	14130	valid_loss	72926.3085938
batch	14160	valid_loss	72935.5795898
batch	14190	valid_loss	72887.6210938
batch	14220	valid_loss	72748.5532227
batch	14250	valid_loss	72658.2700195
batch	14280	valid_loss	72615.9951172
batch	14310	valid_loss	72572.1953125
batch	14340	valid_loss	72527.2197266
batch	14370	valid_loss	72436.5078125
batch	14400	valid_loss	72418.5678711
batch	14430	valid_loss	72318.2128906
batch	14460	valid_loss	72329.5776367
batch	14490	valid_loss	72321.5439453
batch	14520	valid_loss	72196.9492188
batch	14550	valid_loss	72162.0488281
batch	14580	valid_loss	72008.8081055
batch	14610	valid_loss	71988.3027344
batch	14640	valid_loss	71908.8344727
batch	14670	valid_loss	71876.784668
batch	14700	valid_loss	71841.5795898
batch	14730	valid_loss	71799.2617188
batch	14760	valid_loss	71704.4267578
batch	14790	valid_loss	71810.078125
batch	14820	valid_loss	71635.0263672
batch	14850	valid_loss	71536.980957
batch	14880	valid_loss	71490.3637695
batch	14910	valid_loss	71389.2348633
batch	14940	valid_loss	71362.2758789
batch	14970	valid_loss	71320.5195312
batch	15000	valid_loss	71447.9746094
batch	15030	valid_loss	71159.5
batch	15060	valid_loss	71114.7705078
batch	15090	valid_loss	71330.737793
batch	15120	valid_loss	71076.8666992
batch	15150	valid_loss	70953.2402344
batch	15180	valid_loss	70950.5610352
batch	15210	valid_loss	70818.9946289
batch	15240	valid_loss	70799.5419922
batch	15270	valid_loss	70758.237793
batch	15300	valid_loss	70668.6069336
batch	15330	valid_loss	70587.0585938
batch	15360	valid_loss	70613.3666992
batch	15390	valid_loss	70659.1601562
batch	15420	valid_loss	70653.6445312
batch	15450	valid_loss	70479.6225586
batch	15480	valid_loss	70614.581543
batch	15510	valid_loss	70325.0366211
batch	15540	valid_loss	70255.2680664
batch	15570	valid_loss	70192.5732422
batch	15600	valid_loss	70245.2954102
batch	15630	valid_loss	70195.4897461
batch	15660	valid_loss	70583.3876953
batch	15690	valid_loss	70258.9082031
batch	15720	valid_loss	70021.5966797
batch	15750	valid_loss	70057.578125
batch	15780	valid_loss	69932.2207031
batch	15810	valid_loss	69790.644043
batch	15840	valid_loss	69837.543457
batch	15870	valid_loss	69684.8237305
batch	15900	valid_loss	69641.9921875
batch	15930	valid_loss	69613.4287109
batch	15960	valid_loss	69584.5195312
batch	15990	valid_loss	69495.0351562
batch	16020	valid_loss	69538.3837891
batch	16050	valid_loss	69425.3569336
batch	16080	valid_loss	69430.7431641
batch	16110	valid_loss	69345.2412109
batch	16140	valid_loss	69239.1904297
batch	16170	valid_loss	69291.5649414
batch	16200	valid_loss	69170.5722656
batch	16230	valid_loss	69095.9394531
batch	16260	valid_loss	69096.3920898
batch	16290	valid_loss	69114.5366211
batch	16320	valid_loss	69174.0507812
batch	16350	valid_loss	69008.3994141
batch	16380	valid_loss	68884.4633789
batch	16410	valid_loss	68860.0351562
batch	16440	valid_loss	68805.9072266
batch	16470	valid_loss	68794.0595703
batch	16500	valid_loss	68726.3417969
batch	16530	valid_loss	68728.2773438
batch	16560	valid_loss	68636.8618164
batch	16590	valid_loss	68717.8222656
batch	16620	valid_loss	68562.8637695
batch	16650	valid_loss	68515.1435547
batch	16680	valid_loss	68476.8623047
batch	16710	valid_loss	68439.2851562
batch	16740	valid_loss	68308.9838867
batch	16770	valid_loss	68366.1142578
batch	16800	valid_loss	68299.0742188
batch	16830	valid_loss	68197.269043
batch	16860	valid_loss	68164.2021484
batch	16890	valid_loss	68155.8623047
batch	16920	valid_loss	68088.6860352
batch	16950	valid_loss	68009.6391602
batch	16980	valid_loss	68015.715332
batch	17010	valid_loss	67905.4223633
batch	17040	valid_loss	67928.784668
batch	17070	valid_loss	67816.9243164
batch	17100	valid_loss	67823.8525391
batch	17130	valid_loss	67721.3510742
batch	17160	valid_loss	67695.8251953
batch	17190	valid_loss	67617.4238281
batch	17220	valid_loss	67794.3310547
batch	17250	valid_loss	67762.0625
batch	17280	valid_loss	67510.0688477
batch	17310	valid_loss	67509.5126953
batch	17340	valid_loss	67398.1132812
batch	17370	valid_loss	67366.9912109
batch	17400	valid_loss	67324.1660156
batch	17430	valid_loss	67257.1811523
batch	17460	valid_loss	67231.003418
batch	17490	valid_loss	67123.1274414
batch	17520	valid_loss	67162.8496094
batch	17550	valid_loss	67070.2993164
batch	17580	valid_loss	67012.3662109
batch	17610	valid_loss	66922.8325195
batch	17640	valid_loss	66886.6787109
batch	17670	valid_loss	66932.6328125
batch	17700	valid_loss	66828.2133789
batch	17730	valid_loss	66778.3286133
batch	17760	valid_loss	66691.9321289
batch	17790	valid_loss	66707.3603516
batch	17820	valid_loss	66640.8613281
batch	17850	valid_loss	66558.8588867
batch	17880	valid_loss	66701.8803711
batch	17910	valid_loss	66510.0405273
batch	17940	valid_loss	66380.0053711
batch	17970	valid_loss	66389.6113281
batch	18000	valid_loss	66350.3588867
batch	18030	valid_loss	66236.3994141
batch	18060	valid_loss	66272.675293
batch	18090	valid_loss	66199.7177734
batch	18120	valid_loss	66108.3876953
batch	18150	valid_loss	66066.2490234
batch	18180	valid_loss	66090.6748047
batch	18210	valid_loss	65933.7797852
batch	18240	valid_loss	65962.8178711
batch	18270	valid_loss	65829.1557617
batch	18300	valid_loss	65838.5869141
batch	18330	valid_loss	65919.9262695
batch	18360	valid_loss	65748.5180664
batch	18390	valid_loss	65722.3354492
batch	18420	valid_loss	65687.3139648
batch	18450	valid_loss	65615.1425781
batch	18480	valid_loss	65619.496582
batch	18510	valid_loss	65604.003418
batch	18540	valid_loss	65509.4243164
batch	18570	valid_loss	65441.5073242
batch	18600	valid_loss	65415.0356445
batch	18630	valid_loss	65372.3398438
batch	18660	valid_loss	65304.8051758
batch	18690	valid_loss	65348.1518555
batch	18720	valid_loss	65242.8857422
batch	18750	valid_loss	65168.9111328
batch	18780	valid_loss	65157.9116211
batch	18810	valid_loss	65055.9741211
batch	18840	valid_loss	64977.5629883
batch	18870	valid_loss	65027.9985352
batch	18900	valid_loss	64880.7563477
batch	18930	valid_loss	64871.9707031
batch	18960	valid_loss	64814.0244141
batch	18990	valid_loss	64853.1586914
batch	19020	valid_loss	64927.5351562
batch	19050	valid_loss	64661.3520508
batch	19080	valid_loss	64708.168457
batch	19110	valid_loss	64628.7045898
batch	19140	valid_loss	64498.6391602
batch	19170	valid_loss	64613.4116211
batch	19200	valid_loss	64549.6279297
batch	19230	valid_loss	64476.152832
batch	19260	valid_loss	64356.9233398
batch	19290	valid_loss	64376.034668
batch	19320	valid_loss	64327.2749023
batch	19350	valid_loss	64321.6337891
batch	19380	valid_loss	64333.2807617
batch	19410	valid_loss	64183.4594727
batch	19440	valid_loss	64203.4599609
batch	19470	valid_loss	64160.1606445
batch	19500	valid_loss	64227.8149414
batch	19530	valid_loss	64152.8105469
batch	19560	valid_loss	63972.0981445
batch	19590	valid_loss	63976.7246094
batch	19620	valid_loss	64040.8076172
batch	19650	valid_loss	63825.1420898
batch	19680	valid_loss	63859.4482422
batch	19710	valid_loss	63762.675293
batch	19740	valid_loss	63731.3916016
batch	19770	valid_loss	63635.8818359
batch	19800	valid_loss	63764.5083008
batch	19830	valid_loss	63649.15625
batch	19860	valid_loss	63619.6572266
batch	19890	valid_loss	63529.7885742
batch	19920	valid_loss	63537.7070312
batch	19950	valid_loss	63570.3867188
batch	19980	valid_loss	63411.1899414
batch	20010	valid_loss	63381.9614258
batch	20040	valid_loss	63275.3774414
batch	20070	valid_loss	63303.4750977
batch	20100	valid_loss	63238.1757812
batch	20130	valid_loss	63220.9785156
batch	20160	valid_loss	63238.6079102
batch	20190	valid_loss	63159.3422852
batch	20220	valid_loss	63089.4990234
batch	20250	valid_loss	63115.9536133
batch	20280	valid_loss	62993.1708984
batch	20310	valid_loss	62904.9975586
batch	20340	valid_loss	62841.2260742
batch	20370	valid_loss	62839.965332
batch	20400	valid_loss	62775.8300781
batch	20430	valid_loss	62791.1396484
batch	20460	valid_loss	62599.09375
batch	20490	valid_loss	62551.6401367
batch	20520	valid_loss	62557.5200195
batch	20550	valid_loss	62596.1611328
batch	20580	valid_loss	62397.4121094
batch	20610	valid_loss	62353.7050781
batch	20640	valid_loss	62362.0532227
batch	20670	valid_loss	62277.7211914
batch	20700	valid_loss	62171.6889648
batch	20730	valid_loss	62205.1337891
batch	20760	valid_loss	62061.6948242
batch	20790	valid_loss	62117.9121094
batch	20820	valid_loss	61970.2949219
batch	20850	valid_loss	61928.6601562
batch	20880	valid_loss	61903.6435547
batch	20910	valid_loss	61813.1606445
batch	20940	valid_loss	61836.6269531
batch	20970	valid_loss	61784.2685547
batch	21000	valid_loss	61747.6914062
batch	21030	valid_loss	61653.3369141
batch	21060	valid_loss	61587.2602539
batch	21090	valid_loss	61562.6196289
batch	21120	valid_loss	61453.4448242
batch	21150	valid_loss	61427.4970703
batch	21180	valid_loss	61505.0864258
batch	21210	valid_loss	61384.715332
batch	21240	valid_loss	61267.3608398
batch	21270	valid_loss	61211.0180664
batch	21300	valid_loss	61161.4487305
batch	21330	valid_loss	61084.0522461
batch	21360	valid_loss	61057.9580078
batch	21390	valid_loss	60959.40625
batch	21420	valid_loss	60982.2407227
batch	21450	valid_loss	60902.6801758
batch	21480	valid_loss	60835.5092773
batch	21510	valid_loss	60807.0898438
batch	21540	valid_loss	60761.7143555
batch	21570	valid_loss	60739.9726562
batch	21600	valid_loss	60645.6958008
batch	21630	valid_loss	60681.0488281
batch	21660	valid_loss	60589.9140625
batch	21690	valid_loss	60499.0561523
batch	21720	valid_loss	60483.9433594
batch	21750	valid_loss	60419.9760742
batch	21780	valid_loss	60364.1713867
batch	21810	valid_loss	60290.2836914
batch	21840	valid_loss	60226.0341797
batch	21870	valid_loss	60171.3105469
batch	21900	valid_loss	60123.4238281
batch	21930	valid_loss	60192.690918
batch	21960	valid_loss	60075.4931641
batch	21990	valid_loss	60012.090332
batch	22020	valid_loss	59853.4360352
batch	22050	valid_loss	59788.375
batch	22080	valid_loss	59851.5019531
batch	22110	valid_loss	59723.4814453
batch	22140	valid_loss	59639.2163086
batch	22170	valid_loss	59827.9560547
batch	22200	valid_loss	59637.5136719
batch	22230	valid_loss	59649.4023438
batch	22260	valid_loss	59462.7294922
batch	22290	valid_loss	59592.934082
batch	22320	valid_loss	59377.9213867
batch	22350	valid_loss	59456.34375
batch	22380	valid_loss	59328.3442383
batch	22410	valid_loss	59437.4804688
batch	22440	valid_loss	59207.0854492
batch	22470	valid_loss	59205.355957
batch	22500	valid_loss	59243.3798828
batch	22530	valid_loss	59126.6376953
batch	22560	valid_loss	59126.0375977
batch	22590	valid_loss	59001.0922852
batch	22620	valid_loss	59108.3735352
batch	22650	valid_loss	59056.2973633
batch	22680	valid_loss	58917.4892578
batch	22710	valid_loss	58998.0512695
batch	22740	valid_loss	58853.9262695
batch	22770	valid_loss	58853.434082
batch	22800	valid_loss	58789.015625
batch	22830	valid_loss	58772.4765625
batch	22860	valid_loss	58743.1352539
batch	22890	valid_loss	58719.246582
batch	22920	valid_loss	58757.3510742
batch	22950	valid_loss	58640.6904297
batch	22980	valid_loss	58639.840332
batch	23010	valid_loss	58626.3330078
batch	23040	valid_loss	58569.5117188
batch	23070	valid_loss	58685.9985352
batch	23100	valid_loss	58510.2749023
batch	23130	valid_loss	58491.4140625
batch	23160	valid_loss	58322.2324219
batch	23190	valid_loss	58387.3173828
batch	23220	valid_loss	58293.7822266
batch	23250	valid_loss	58313.0742188
batch	23280	valid_loss	58305.3378906
batch	23310	valid_loss	58277.1523438
batch	23340	valid_loss	58235.4023438
batch	23370	valid_loss	58150.4189453
batch	23400	valid_loss	58307.2041016
batch	23430	valid_loss	58092.0830078
batch	23460	valid_loss	58003.3461914
batch	23490	valid_loss	57986.4643555
batch	23520	valid_loss	57900.4272461
batch	23550	valid_loss	58066.7573242
batch	23580	valid_loss	58018.3330078
batch	23610	valid_loss	58038.4091797
batch	23640	valid_loss	57964.7016602
batch	23670	valid_loss	57972.2119141
batch	23700	valid_loss	57996.7119141
batch	23730	valid_loss	57711.4160156
batch	23760	valid_loss	57810.1108398
batch	23790	valid_loss	57682.8422852
batch	23820	valid_loss	57661.8994141
batch	23850	valid_loss	57636.059082
batch	23880	valid_loss	57662.8081055
batch	23910	valid_loss	57659.5629883
batch	23940	valid_loss	57614.0947266
batch	23970	valid_loss	57580.2963867
batch	24000	valid_loss	57590.6489258
batch	24030	valid_loss	57583.9433594
batch	24060	valid_loss	57492.2138672
batch	24090	valid_loss	57454.0317383
batch	24120	valid_loss	57443.6206055
batch	24150	valid_loss	57371.7597656
batch	24180	valid_loss	57469.8261719
batch	24210	valid_loss	57357.3740234
batch	24240	valid_loss	57327.2724609
batch	24270	valid_loss	57304.996582
batch	24300	valid_loss	57317.7954102
batch	24330	valid_loss	57211.3120117
batch	24360	valid_loss	57189.9228516
batch	24390	valid_loss	57164.6923828
batch	24420	valid_loss	57184.1259766
batch	24450	valid_loss	57073.5615234
batch	24480	valid_loss	57129.03125
batch	24510	valid_loss	57001.9799805
batch	24540	valid_loss	57153.8989258
batch	24570	valid_loss	57099.40625
batch	24600	valid_loss	56888.9165039
batch	24630	valid_loss	56925.5498047
batch	24660	valid_loss	56902.7197266
batch	24690	valid_loss	56897.6337891
batch	24720	valid_loss	56820.3847656
batch	24750	valid_loss	56833.40625
batch	24780	valid_loss	56788.1806641
batch	24810	valid_loss	56827.230957
batch	24840	valid_loss	56863.265625
batch	24870	valid_loss	56919.800293
batch	24900	valid_loss	56741.9619141
batch	24930	valid_loss	56636.0776367
batch	24960	valid_loss	56551.3139648
batch	24990	valid_loss	56577.9267578
STOP
