START
config	540	180	540	1140
batch	0	valid_loss	8359566.0625
batch	30	valid_loss	167109.09082
batch	60	valid_loss	99524.5556641
batch	90	valid_loss	96336.1425781
batch	120	valid_loss	96201.9589844
batch	150	valid_loss	96147.3408203
batch	180	valid_loss	96194.328125
batch	210	valid_loss	96059.3837891
batch	240	valid_loss	95990.2275391
batch	270	valid_loss	95941.9072266
batch	300	valid_loss	95793.4638672
batch	330	valid_loss	95627.5136719
batch	360	valid_loss	95339.1113281
batch	390	valid_loss	94690.1708984
batch	420	valid_loss	93466.8808594
batch	450	valid_loss	91552.3447266
batch	480	valid_loss	89674.4750977
batch	510	valid_loss	88348.0136719
batch	540	valid_loss	87540.0258789
batch	570	valid_loss	86956.4609375
batch	600	valid_loss	86484.6381836
batch	630	valid_loss	86150.5800781
batch	660	valid_loss	85642.6894531
batch	690	valid_loss	85205.5898438
batch	720	valid_loss	84530.7548828
batch	750	valid_loss	83914.609375
batch	780	valid_loss	83135.6899414
batch	810	valid_loss	82425.2583008
batch	840	valid_loss	81498.4135742
batch	870	valid_loss	80549.8291016
batch	900	valid_loss	79590.987793
batch	930	valid_loss	78547.9990234
batch	960	valid_loss	77422.7382812
batch	990	valid_loss	76371.8730469
batch	1020	valid_loss	75256.7109375
batch	1050	valid_loss	74194.2070312
batch	1080	valid_loss	73060.6176758
batch	1110	valid_loss	71968.5356445
batch	1140	valid_loss	70807.8349609
batch	1170	valid_loss	69729.1748047
batch	1200	valid_loss	68677.2919922
batch	1230	valid_loss	67596.0424805
batch	1260	valid_loss	66549.0942383
batch	1290	valid_loss	65421.8276367
batch	1320	valid_loss	64363.1044922
batch	1350	valid_loss	63361.784668
batch	1380	valid_loss	62344.3520508
batch	1410	valid_loss	61435.3701172
batch	1440	valid_loss	60394.6088867
batch	1470	valid_loss	59460.2709961
batch	1500	valid_loss	58512.6728516
batch	1530	valid_loss	57560.0356445
batch	1560	valid_loss	56531.1923828
batch	1590	valid_loss	55723.4428711
batch	1620	valid_loss	54933.222168
batch	1650	valid_loss	54107.7241211
batch	1680	valid_loss	53211.1376953
batch	1710	valid_loss	52458.6396484
batch	1740	valid_loss	51677.2109375
batch	1770	valid_loss	50845.668457
batch	1800	valid_loss	50242.0083008
batch	1830	valid_loss	49356.3886719
batch	1860	valid_loss	48668.1538086
batch	1890	valid_loss	48007.0546875
batch	1920	valid_loss	47376.878418
batch	1950	valid_loss	46595.0214844
batch	1980	valid_loss	45978.6357422
batch	2010	valid_loss	45356.8269043
batch	2040	valid_loss	44658.4226074
batch	2070	valid_loss	44153.0610352
batch	2100	valid_loss	43585.7487793
batch	2130	valid_loss	43104.1311035
batch	2160	valid_loss	42348.7897949
batch	2190	valid_loss	41884.5390625
batch	2220	valid_loss	41404.6589355
batch	2250	valid_loss	41005.5349121
batch	2280	valid_loss	40456.4953613
batch	2310	valid_loss	39949.123291
batch	2340	valid_loss	39470.8266602
batch	2370	valid_loss	38989.9421387
batch	2400	valid_loss	38495.2746582
batch	2430	valid_loss	38090.354248
batch	2460	valid_loss	37655.550293
batch	2490	valid_loss	37373.2338867
batch	2520	valid_loss	37030.043457
batch	2550	valid_loss	36538.9616699
batch	2580	valid_loss	36071.2409668
batch	2610	valid_loss	35769.2070312
batch	2640	valid_loss	35434.550293
batch	2670	valid_loss	35060.2973633
batch	2700	valid_loss	34706.1782227
batch	2730	valid_loss	34552.1958008
batch	2760	valid_loss	34087.6245117
batch	2790	valid_loss	33708.9604492
batch	2820	valid_loss	33392.7746582
batch	2850	valid_loss	33035.7355957
batch	2880	valid_loss	32715.7302246
batch	2910	valid_loss	32657.9975586
batch	2940	valid_loss	32291.1108398
batch	2970	valid_loss	31949.1220703
batch	3000	valid_loss	31612.465332
batch	3030	valid_loss	31564.730957
batch	3060	valid_loss	31390.416748
batch	3090	valid_loss	30802.3154297
batch	3120	valid_loss	30621.0388184
batch	3150	valid_loss	30564.3525391
batch	3180	valid_loss	30265.7143555
batch	3210	valid_loss	29896.1359863
batch	3240	valid_loss	29715.8476562
batch	3270	valid_loss	29595.1369629
batch	3300	valid_loss	29151.7023926
batch	3330	valid_loss	29064.0385742
batch	3360	valid_loss	28906.7880859
batch	3390	valid_loss	28628.3190918
batch	3420	valid_loss	28529.0522461
batch	3450	valid_loss	28290.28125
batch	3480	valid_loss	28108.7590332
batch	3510	valid_loss	27882.0593262
batch	3540	valid_loss	27715.8461914
batch	3570	valid_loss	27558.4672852
batch	3600	valid_loss	27465.9099121
batch	3630	valid_loss	27282.0031738
batch	3660	valid_loss	27010.7321777
batch	3690	valid_loss	26886.9577637
batch	3720	valid_loss	26636.6870117
batch	3750	valid_loss	26620.8115234
batch	3780	valid_loss	26424.6135254
batch	3810	valid_loss	26299.9187012
batch	3840	valid_loss	26175.019043
batch	3870	valid_loss	25886.6660156
batch	3900	valid_loss	26243.4436035
batch	3930	valid_loss	25660.911377
batch	3960	valid_loss	25529.3039551
batch	3990	valid_loss	25356.1816406
batch	4020	valid_loss	25188.7348633
batch	4050	valid_loss	25252.7412109
batch	4080	valid_loss	25083.6435547
batch	4110	valid_loss	24866.3046875
batch	4140	valid_loss	24658.0385742
batch	4170	valid_loss	24650.9038086
batch	4200	valid_loss	24772.3334961
batch	4230	valid_loss	24592.9807129
batch	4260	valid_loss	24240.4797363
batch	4290	valid_loss	24312.9980469
batch	4320	valid_loss	24018.2980957
batch	4350	valid_loss	23893.1140137
batch	4380	valid_loss	23909.0856934
batch	4410	valid_loss	23893.473877
batch	4440	valid_loss	23665.4030762
batch	4470	valid_loss	23594.5773926
batch	4500	valid_loss	23608.0783691
batch	4530	valid_loss	23383.2197266
batch	4560	valid_loss	23297.9577637
batch	4590	valid_loss	23218.041748
batch	4620	valid_loss	23042.142334
batch	4650	valid_loss	22991.9765625
batch	4680	valid_loss	24041.3234863
batch	4710	valid_loss	22873.6154785
batch	4740	valid_loss	22841.6376953
batch	4770	valid_loss	22655.7623291
batch	4800	valid_loss	22623.9506836
batch	4830	valid_loss	22940.1237793
batch	4860	valid_loss	22314.0006104
batch	4890	valid_loss	22363.786377
batch	4920	valid_loss	22421.6312256
batch	4950	valid_loss	22173.748291
batch	4980	valid_loss	22450.2731934
batch	5010	valid_loss	22220.9857178
batch	5040	valid_loss	22031.159668
batch	5070	valid_loss	22113.0681152
batch	5100	valid_loss	21860.3012695
batch	5130	valid_loss	22304.3460693
batch	5160	valid_loss	21739.4477539
batch	5190	valid_loss	22007.3833008
batch	5220	valid_loss	21625.6650391
batch	5250	valid_loss	21656.1201172
batch	5280	valid_loss	21911.0561523
batch	5310	valid_loss	21452.9276123
batch	5340	valid_loss	21424.3884277
batch	5370	valid_loss	21446.9787598
batch	5400	valid_loss	21341.0531006
batch	5430	valid_loss	21224.2072754
batch	5460	valid_loss	22193.5319824
batch	5490	valid_loss	21208.2819824
batch	5520	valid_loss	21063.1473389
batch	5550	valid_loss	21280.5153809
batch	5580	valid_loss	21067.1712646
batch	5610	valid_loss	21008.8101807
batch	5640	valid_loss	20980.0078125
batch	5670	valid_loss	21414.0831299
batch	5700	valid_loss	20870.0733643
batch	5730	valid_loss	20836.8129883
batch	5760	valid_loss	20824.4251709
batch	5790	valid_loss	20788.0142822
batch	5820	valid_loss	20664.5198975
batch	5850	valid_loss	21107.2823486
batch	5880	valid_loss	20571.9924316
batch	5910	valid_loss	20527.2181396
batch	5940	valid_loss	21104.3361816
batch	5970	valid_loss	20761.6313477
batch	6000	valid_loss	20487.7156982
batch	6030	valid_loss	20477.9248047
batch	6060	valid_loss	20423.8636475
batch	6090	valid_loss	20721.6639404
batch	6120	valid_loss	20432.8459473
batch	6150	valid_loss	20333.4829102
batch	6180	valid_loss	20431.7282715
batch	6210	valid_loss	20324.0048828
batch	6240	valid_loss	20256.0053711
batch	6270	valid_loss	22282.7353516
batch	6300	valid_loss	20452.3480225
batch	6330	valid_loss	20179.6489258
batch	6360	valid_loss	20199.1999512
batch	6390	valid_loss	20444.3796387
batch	6420	valid_loss	20170.963501
batch	6450	valid_loss	20178.7108154
batch	6480	valid_loss	20023.4199219
batch	6510	valid_loss	20734.5592041
batch	6540	valid_loss	20105.3718262
batch	6570	valid_loss	20018.2443848
batch	6600	valid_loss	19952.3630371
batch	6630	valid_loss	20468.3330078
batch	6660	valid_loss	20039.6810303
batch	6690	valid_loss	19914.4492188
batch	6720	valid_loss	20107.3027344
batch	6750	valid_loss	19968.286377
batch	6780	valid_loss	19847.5853271
batch	6810	valid_loss	19919.168457
batch	6840	valid_loss	20112.1514893
batch	6870	valid_loss	19886.4057617
batch	6900	valid_loss	19950.467041
batch	6930	valid_loss	19826.6574707
batch	6960	valid_loss	19683.0297852
batch	6990	valid_loss	19752.4094238
batch	7020	valid_loss	19765.8658447
batch	7050	valid_loss	19690.6817627
batch	7080	valid_loss	19703.5319824
batch	7110	valid_loss	19731.4060059
batch	7140	valid_loss	19747.3049316
batch	7170	valid_loss	19593.8074951
batch	7200	valid_loss	19817.8244629
batch	7230	valid_loss	19655.2401123
batch	7260	valid_loss	19602.7751465
batch	7290	valid_loss	19596.1558838
batch	7320	valid_loss	19664.3144531
batch	7350	valid_loss	19820.8134766
batch	7380	valid_loss	19495.1953125
batch	7410	valid_loss	19727.411377
batch	7440	valid_loss	19596.3320312
batch	7470	valid_loss	19541.0372314
batch	7500	valid_loss	19867.3979492
batch	7530	valid_loss	19490.3184814
batch	7560	valid_loss	19712.4562988
batch	7590	valid_loss	19476.072876
batch	7620	valid_loss	19467.5084229
batch	7650	valid_loss	19955.1870117
batch	7680	valid_loss	19375.0078125
batch	7710	valid_loss	19411.6710205
batch	7740	valid_loss	19397.8138428
batch	7770	valid_loss	19782.8222656
batch	7800	valid_loss	19720.6289062
batch	7830	valid_loss	19423.456665
batch	7860	valid_loss	19949.1121826
batch	7890	valid_loss	19394.5599365
batch	7920	valid_loss	19376.71875
batch	7950	valid_loss	19432.6586914
batch	7980	valid_loss	19352.0279541
batch	8010	valid_loss	19349.8809814
batch	8040	valid_loss	19701.9423828
batch	8070	valid_loss	19376.5167236
batch	8100	valid_loss	19467.9539795
batch	8130	valid_loss	19750.0759277
batch	8160	valid_loss	19464.1541748
batch	8190	valid_loss	19298.2126465
batch	8220	valid_loss	19411.3240967
batch	8250	valid_loss	19235.3625488
batch	8280	valid_loss	19383.1856689
batch	8310	valid_loss	19288.7789307
batch	8340	valid_loss	19254.5734863
batch	8370	valid_loss	19361.5150146
batch	8400	valid_loss	19231.9071045
batch	8430	valid_loss	19672.7696533
batch	8460	valid_loss	19199.1885986
batch	8490	valid_loss	20441.901001
batch	8520	valid_loss	19106.2205811
batch	8550	valid_loss	19201.6546631
batch	8580	valid_loss	19408.7285156
batch	8610	valid_loss	19331.6790771
batch	8640	valid_loss	19546.1462402
batch	8670	valid_loss	19203.4058838
batch	8700	valid_loss	19299.1796875
batch	8730	valid_loss	19182.9580078
batch	8760	valid_loss	19232.6660156
batch	8790	valid_loss	19192.8718262
batch	8820	valid_loss	19399.0979004
batch	8850	valid_loss	19147.8188477
batch	8880	valid_loss	20731.4472656
batch	8910	valid_loss	19173.6120605
batch	8940	valid_loss	19090.9829102
batch	8970	valid_loss	19201.1871338
batch	9000	valid_loss	19261.5395508
batch	9030	valid_loss	19215.5947266
batch	9060	valid_loss	19134.2740479
batch	9090	valid_loss	19254.3059082
batch	9120	valid_loss	19004.1672363
batch	9150	valid_loss	19086.9144287
batch	9180	valid_loss	19059.0975342
batch	9210	valid_loss	20027.9215088
batch	9240	valid_loss	19055.8587646
batch	9270	valid_loss	19059.4665527
batch	9300	valid_loss	19357.77771
batch	9330	valid_loss	19061.1624756
batch	9360	valid_loss	19324.9525146
batch	9390	valid_loss	19000.4822998
batch	9420	valid_loss	19071.1083984
batch	9450	valid_loss	18980.1429443
batch	9480	valid_loss	19063.8658447
batch	9510	valid_loss	19389.5396729
batch	9540	valid_loss	19141.9833984
batch	9570	valid_loss	19329.3048096
batch	9600	valid_loss	19063.9066162
batch	9630	valid_loss	19498.3459473
batch	9660	valid_loss	19061.3427734
batch	9690	valid_loss	19089.1130371
batch	9720	valid_loss	19022.3363037
batch	9750	valid_loss	18999.1118164
batch	9780	valid_loss	19064.4215088
batch	9810	valid_loss	18957.4445801
batch	9840	valid_loss	18959.6173096
batch	9870	valid_loss	19061.6668701
batch	9900	valid_loss	18981.826416
batch	9930	valid_loss	19053.8980713
batch	9960	valid_loss	19006.7327881
batch	9990	valid_loss	18982.2797852
batch	10020	valid_loss	18896.5283203
batch	10050	valid_loss	20098.9802246
batch	10080	valid_loss	18887.9243164
batch	10110	valid_loss	18947.2751465
batch	10140	valid_loss	19261.5893555
batch	10170	valid_loss	18893.9824219
batch	10200	valid_loss	19188.8061523
batch	10230	valid_loss	18917.4074707
batch	10260	valid_loss	19064.703125
batch	10290	valid_loss	18925.5024414
batch	10320	valid_loss	18874.8052979
batch	10350	valid_loss	18970.1334229
batch	10380	valid_loss	18898.361084
batch	10410	valid_loss	18856.166626
batch	10440	valid_loss	18908.3099365
batch	10470	valid_loss	18830.7612305
batch	10500	valid_loss	19116.7077637
batch	10530	valid_loss	18972.1646729
batch	10560	valid_loss	19006.6331787
batch	10590	valid_loss	18885.9550781
batch	10620	valid_loss	18948.9412842
batch	10650	valid_loss	18952.3596191
batch	10680	valid_loss	18974.1848145
batch	10710	valid_loss	18996.6320801
batch	10740	valid_loss	18850.0350342
batch	10770	valid_loss	18821.2547607
batch	10800	valid_loss	18809.1987305
batch	10830	valid_loss	18966.9262695
batch	10860	valid_loss	19275.2642822
batch	10890	valid_loss	18846.645874
batch	10920	valid_loss	18872.7956543
batch	10950	valid_loss	18870.7728271
batch	10980	valid_loss	19431.6916504
batch	11010	valid_loss	18802.9364014
batch	11040	valid_loss	18801.7369385
batch	11070	valid_loss	18907.6783447
batch	11100	valid_loss	19146.3197021
batch	11130	valid_loss	18875.604126
batch	11160	valid_loss	19063.3760986
batch	11190	valid_loss	18894.0222168
batch	11220	valid_loss	19603.3131104
batch	11250	valid_loss	18810.1004639
batch	11280	valid_loss	18787.9450684
batch	11310	valid_loss	19026.1424561
batch	11340	valid_loss	18786.9464111
batch	11370	valid_loss	18750.8217773
batch	11400	valid_loss	18781.8966064
batch	11430	valid_loss	18802.1827393
batch	11460	valid_loss	18754.8911133
batch	11490	valid_loss	19184.7907715
batch	11520	valid_loss	18796.6495361
batch	11550	valid_loss	18881.9394531
batch	11580	valid_loss	18857.0827637
batch	11610	valid_loss	18767.1738281
batch	11640	valid_loss	18731.2932129
batch	11670	valid_loss	18956.4700928
batch	11700	valid_loss	18844.756958
batch	11730	valid_loss	18727.241333
batch	11760	valid_loss	18798.2354736
batch	11790	valid_loss	19023.7386475
batch	11820	valid_loss	18808.5375977
batch	11850	valid_loss	18768.4412842
batch	11880	valid_loss	18715.5065918
batch	11910	valid_loss	19167.6491699
batch	11940	valid_loss	18766.4543457
batch	11970	valid_loss	18735.3968506
batch	12000	valid_loss	18722.0476074
batch	12030	valid_loss	18866.09729
batch	12060	valid_loss	18752.9871826
batch	12090	valid_loss	20570.1202393
batch	12120	valid_loss	18789.22229
batch	12150	valid_loss	18687.1832275
batch	12180	valid_loss	18836.5487061
batch	12210	valid_loss	18715.8267822
batch	12240	valid_loss	18720.6385498
batch	12270	valid_loss	18750.1813965
batch	12300	valid_loss	18722.1256104
batch	12330	valid_loss	19117.9876709
batch	12360	valid_loss	18654.1588135
batch	12390	valid_loss	18738.2105713
batch	12420	valid_loss	18680.6166992
batch	12450	valid_loss	18770.0302734
batch	12480	valid_loss	18680.1477051
batch	12510	valid_loss	18672.010498
batch	12540	valid_loss	18775.0197754
batch	12570	valid_loss	18700.277832
batch	12600	valid_loss	18676.8427734
batch	12630	valid_loss	18782.944458
batch	12660	valid_loss	19046.4449463
batch	12690	valid_loss	18759.8126221
batch	12720	valid_loss	19088.7120361
batch	12750	valid_loss	18702.4726562
batch	12780	valid_loss	18817.3826904
batch	12810	valid_loss	19760.2496338
batch	12840	valid_loss	18661.9090576
batch	12870	valid_loss	18809.7075195
batch	12900	valid_loss	18679.0839844
batch	12930	valid_loss	19302.2259521
batch	12960	valid_loss	18724.0617676
batch	12990	valid_loss	18663.5734863
batch	13020	valid_loss	18659.1204834
batch	13050	valid_loss	18722.0662842
batch	13080	valid_loss	18992.3743896
batch	13110	valid_loss	18702.3544922
batch	13140	valid_loss	18630.3262939
batch	13170	valid_loss	19124.4835205
batch	13200	valid_loss	18746.6810303
batch	13230	valid_loss	18649.0189209
batch	13260	valid_loss	19249.9324951
batch	13290	valid_loss	18609.4642334
batch	13320	valid_loss	18633.9597168
batch	13350	valid_loss	18682.6705322
batch	13380	valid_loss	18696.2547607
batch	13410	valid_loss	18664.2178955
batch	13440	valid_loss	18708.211792
batch	13470	valid_loss	18863.6239014
batch	13500	valid_loss	18615.4095459
batch	13530	valid_loss	18579.7167969
batch	13560	valid_loss	19335.9846191
batch	13590	valid_loss	18605.7730713
batch	13620	valid_loss	18643.5612793
batch	13650	valid_loss	18701.0472412
batch	13680	valid_loss	18862.0787354
batch	13710	valid_loss	18609.4770508
batch	13740	valid_loss	18645.6088867
batch	13770	valid_loss	18587.6414795
batch	13800	valid_loss	18827.5683594
batch	13830	valid_loss	18882.4793701
batch	13860	valid_loss	18631.3955078
batch	13890	valid_loss	18635.1602783
batch	13920	valid_loss	18598.6433105
batch	13950	valid_loss	19589.3377686
batch	13980	valid_loss	18772.4107666
batch	14010	valid_loss	18577.109375
batch	14040	valid_loss	18590.6096191
batch	14070	valid_loss	18541.3260498
batch	14100	valid_loss	18609.4401855
batch	14130	valid_loss	18600.5650635
batch	14160	valid_loss	18599.8280029
batch	14190	valid_loss	18871.2075195
batch	14220	valid_loss	18613.3753662
batch	14250	valid_loss	18912.5814209
batch	14280	valid_loss	18706.7983398
batch	14310	valid_loss	18558.4219971
batch	14340	valid_loss	18876.2576904
batch	14370	valid_loss	18611.5345459
batch	14400	valid_loss	18880.635376
batch	14430	valid_loss	18543.6391602
batch	14460	valid_loss	18660.2386475
batch	14490	valid_loss	18563.8973389
batch	14520	valid_loss	18858.9649658
batch	14550	valid_loss	18588.458374
batch	14580	valid_loss	18580.8439941
batch	14610	valid_loss	18662.6149902
batch	14640	valid_loss	18597.262085
batch	14670	valid_loss	18632.9212646
batch	14700	valid_loss	18579.3980713
batch	14730	valid_loss	18661.4293213
batch	14760	valid_loss	18588.5773926
batch	14790	valid_loss	18537.6218262
batch	14820	valid_loss	18739.2366943
batch	14850	valid_loss	18557.3695068
batch	14880	valid_loss	19491.4698486
batch	14910	valid_loss	18684.9812012
batch	14940	valid_loss	18548.4746094
batch	14970	valid_loss	18604.8621826
batch	15000	valid_loss	18586.8439941
batch	15030	valid_loss	18499.4313965
batch	15060	valid_loss	18639.9177246
batch	15090	valid_loss	18504.5462646
batch	15120	valid_loss	19264.4511719
batch	15150	valid_loss	18524.2167969
batch	15180	valid_loss	18546.9384766
batch	15210	valid_loss	18570.5722656
batch	15240	valid_loss	19038.6074219
batch	15270	valid_loss	18490.7290039
batch	15300	valid_loss	18569.2696533
batch	15330	valid_loss	18521.3919678
batch	15360	valid_loss	18690.3294678
batch	15390	valid_loss	18681.3997803
batch	15420	valid_loss	18706.880249
batch	15450	valid_loss	18486.0114746
batch	15480	valid_loss	18474.2597656
batch	15510	valid_loss	18560.5556641
batch	15540	valid_loss	18813.0175781
batch	15570	valid_loss	18599.2474365
batch	15600	valid_loss	18481.921875
batch	15630	valid_loss	18456.7119141
batch	15660	valid_loss	18555.2312012
batch	15690	valid_loss	18521.7547607
batch	15720	valid_loss	18495.1409912
batch	15750	valid_loss	18886.3592529
batch	15780	valid_loss	18449.3168945
batch	15810	valid_loss	18467.4689941
batch	15840	valid_loss	20014.274292
batch	15870	valid_loss	18510.0280762
batch	15900	valid_loss	18492.3300781
batch	15930	valid_loss	18479.8743896
batch	15960	valid_loss	18418.7098389
batch	15990	valid_loss	18814.859375
batch	16020	valid_loss	18574.3291016
batch	16050	valid_loss	18460.3686523
batch	16080	valid_loss	18517.6016846
batch	16110	valid_loss	18500.7768555
batch	16140	valid_loss	18453.6604004
batch	16170	valid_loss	19836.6125488
batch	16200	valid_loss	18461.1447754
batch	16230	valid_loss	18498.5235596
batch	16260	valid_loss	18378.9145508
batch	16290	valid_loss	18755.8476562
batch	16320	valid_loss	18439.0153809
batch	16350	valid_loss	19230.7034912
batch	16380	valid_loss	18409.5847168
batch	16410	valid_loss	18482.0340576
batch	16440	valid_loss	18535.395874
batch	16470	valid_loss	18430.3884277
batch	16500	valid_loss	18497.003418
batch	16530	valid_loss	18745.1021729
batch	16560	valid_loss	18477.6065674
batch	16590	valid_loss	18382.8123779
batch	16620	valid_loss	18517.5299072
batch	16650	valid_loss	18403.4456787
batch	16680	valid_loss	18496.7904053
batch	16710	valid_loss	18376.8095703
batch	16740	valid_loss	18495.5717773
batch	16770	valid_loss	18400.78125
batch	16800	valid_loss	18439.6586914
batch	16830	valid_loss	18347.090332
batch	16860	valid_loss	18473.0480957
batch	16890	valid_loss	18395.555542
batch	16920	valid_loss	18425.5300293
batch	16950	valid_loss	18481.8599854
batch	16980	valid_loss	18373.559082
batch	17010	valid_loss	18348.1433105
batch	17040	valid_loss	18803.0758057
batch	17070	valid_loss	18388.0775146
batch	17100	valid_loss	18446.9110107
batch	17130	valid_loss	18371.0288086
batch	17160	valid_loss	18975.2819824
batch	17190	valid_loss	18411.6436768
batch	17220	valid_loss	18380.1160889
batch	17250	valid_loss	18385.6972656
batch	17280	valid_loss	18357.1876221
batch	17310	valid_loss	19107.2077637
batch	17340	valid_loss	18402.7076416
batch	17370	valid_loss	18354.8181152
batch	17400	valid_loss	18576.5395508
batch	17430	valid_loss	18352.1210938
batch	17460	valid_loss	18804.0700684
batch	17490	valid_loss	18405.7819824
batch	17520	valid_loss	19005.5880127
batch	17550	valid_loss	18493.0863037
batch	17580	valid_loss	18429.5683594
batch	17610	valid_loss	18390.9564209
batch	17640	valid_loss	18332.4960938
batch	17670	valid_loss	18967.4154053
batch	17700	valid_loss	18357.5996094
batch	17730	valid_loss	18391.5095215
batch	17760	valid_loss	18331.5783691
batch	17790	valid_loss	18834.8988037
batch	17820	valid_loss	18308.1912842
batch	17850	valid_loss	18404.7229004
batch	17880	valid_loss	18413.1646729
batch	17910	valid_loss	18340.3256836
batch	17940	valid_loss	18315.1396484
batch	17970	valid_loss	18342.5898438
batch	18000	valid_loss	18341.2045898
batch	18030	valid_loss	18386.8286133
batch	18060	valid_loss	18384.0390625
batch	18090	valid_loss	18729.8405762
batch	18120	valid_loss	18447.4953613
batch	18150	valid_loss	18326.5970459
batch	18180	valid_loss	18397.9719238
batch	18210	valid_loss	18316.8560791
batch	18240	valid_loss	18470.5905762
batch	18270	valid_loss	18326.8282471
batch	18300	valid_loss	18342.3970947
batch	18330	valid_loss	18966.0202637
batch	18360	valid_loss	18436.1850586
batch	18390	valid_loss	18298.934082
batch	18420	valid_loss	18347.3861084
batch	18450	valid_loss	18305.1381836
batch	18480	valid_loss	18644.9709473
batch	18510	valid_loss	18399.4992676
batch	18540	valid_loss	18309.2080078
batch	18570	valid_loss	18296.9621582
batch	18600	valid_loss	18272.4814453
batch	18630	valid_loss	18429.7180176
batch	18660	valid_loss	18472.927124
batch	18690	valid_loss	18291.7744141
batch	18720	valid_loss	18310.4990234
batch	18750	valid_loss	18277.5483398
batch	18780	valid_loss	18497.9024658
batch	18810	valid_loss	18281.7860107
batch	18840	valid_loss	18291.5257568
batch	18870	valid_loss	18329.350708
batch	18900	valid_loss	18245.1408691
batch	18930	valid_loss	18619.6320801
batch	18960	valid_loss	18477.7010498
batch	18990	valid_loss	18273.1904297
batch	19020	valid_loss	18558.2946777
batch	19050	valid_loss	18322.170166
batch	19080	valid_loss	18246.5126953
batch	19110	valid_loss	18337.09021
batch	19140	valid_loss	18347.0373535
batch	19170	valid_loss	18870.7258301
batch	19200	valid_loss	18298.8835449
batch	19230	valid_loss	18331.4337158
batch	19260	valid_loss	20452.6345215
batch	19290	valid_loss	18390.2618408
batch	19320	valid_loss	18267.229248
batch	19350	valid_loss	18322.7069092
batch	19380	valid_loss	18237.4187012
batch	19410	valid_loss	18292.5854492
batch	19440	valid_loss	18288.925415
batch	19470	valid_loss	18247.9771729
batch	19500	valid_loss	18265.2592773
batch	19530	valid_loss	18256.9136963
batch	19560	valid_loss	18237.6461182
batch	19590	valid_loss	18296.7044678
batch	19620	valid_loss	18271.6369629
batch	19650	valid_loss	18783.5576172
batch	19680	valid_loss	18321.3043213
batch	19710	valid_loss	18238.3319092
batch	19740	valid_loss	18340.34021
batch	19770	valid_loss	18254.1646729
batch	19800	valid_loss	18366.1257324
batch	19830	valid_loss	18416.9195557
batch	19860	valid_loss	18273.5008545
batch	19890	valid_loss	18368.2261963
batch	19920	valid_loss	18335.4577637
batch	19950	valid_loss	18941.9943848
batch	19980	valid_loss	18323.0375977
STOP
START
config	540	180	540	1140
batch	0	valid_loss	7842545.6875
batch	30	valid_loss	159912.039062
batch	60	valid_loss	99316.8447266
batch	90	valid_loss	96349.2558594
batch	120	valid_loss	96184.7402344
batch	150	valid_loss	96128.1083984
batch	180	valid_loss	96170.6865234
batch	210	valid_loss	96075.2451172
batch	240	valid_loss	95990.4101562
batch	270	valid_loss	95844.3779297
batch	300	valid_loss	95642.7929688
batch	330	valid_loss	95282.2353516
batch	360	valid_loss	94568.5351562
batch	390	valid_loss	93135.8457031
batch	420	valid_loss	91014.6176758
batch	450	valid_loss	89129.7363281
batch	480	valid_loss	88053.6166992
batch	510	valid_loss	87232.3652344
batch	540	valid_loss	86731.7553711
batch	570	valid_loss	86331.1455078
batch	600	valid_loss	85823.1850586
batch	630	valid_loss	85408.3579102
batch	660	valid_loss	84790.1679688
batch	690	valid_loss	84174.6762695
batch	720	valid_loss	83324.2954102
batch	750	valid_loss	82531.8632812
batch	780	valid_loss	81667.0561523
batch	810	valid_loss	80591.3413086
batch	840	valid_loss	79587.3334961
batch	870	valid_loss	78551.7016602
batch	900	valid_loss	77508.3818359
batch	930	valid_loss	76432.4116211
batch	960	valid_loss	75206.8564453
batch	990	valid_loss	74160.5395508
batch	1020	valid_loss	72988.4609375
batch	1050	valid_loss	71758.4853516
batch	1080	valid_loss	70610.4301758
batch	1110	valid_loss	69384.3779297
batch	1140	valid_loss	68235.6791992
batch	1170	valid_loss	67083.3256836
batch	1200	valid_loss	65938.2646484
batch	1230	valid_loss	64882.9858398
batch	1260	valid_loss	63811.1040039
batch	1290	valid_loss	62731.9726562
batch	1320	valid_loss	61689.9072266
batch	1350	valid_loss	60736.3500977
batch	1380	valid_loss	59671.2905273
batch	1410	valid_loss	58786.5605469
batch	1440	valid_loss	57812.6577148
batch	1470	valid_loss	56891.7050781
batch	1500	valid_loss	55885.1928711
batch	1530	valid_loss	55057.4135742
batch	1560	valid_loss	54153.3007812
batch	1590	valid_loss	53233.2211914
batch	1620	valid_loss	52562.9379883
batch	1650	valid_loss	51620.2275391
batch	1680	valid_loss	50839.3139648
batch	1710	valid_loss	50068.8896484
batch	1740	valid_loss	49341.5722656
batch	1770	valid_loss	48548.7993164
batch	1800	valid_loss	47823.0380859
batch	1830	valid_loss	47181.4282227
batch	1860	valid_loss	46426.7265625
batch	1890	valid_loss	45784.8054199
batch	1920	valid_loss	45019.940918
batch	1950	valid_loss	44459.8286133
batch	1980	valid_loss	43807.9819336
batch	2010	valid_loss	43331.8156738
batch	2040	valid_loss	42645.0480957
batch	2070	valid_loss	42139.8161621
batch	2100	valid_loss	41560.5461426
batch	2130	valid_loss	41021.1162109
batch	2160	valid_loss	40483.7702637
batch	2190	valid_loss	40053.1911621
batch	2220	valid_loss	39459.8688965
batch	2250	valid_loss	39116.1948242
batch	2280	valid_loss	38565.1887207
batch	2310	valid_loss	38058.7944336
batch	2340	valid_loss	37611.8325195
batch	2370	valid_loss	37243.4694824
batch	2400	valid_loss	36750.6379395
batch	2430	valid_loss	36468.4562988
batch	2460	valid_loss	36030.6789551
batch	2490	valid_loss	35631.1628418
batch	2520	valid_loss	35354.8413086
batch	2550	valid_loss	34917.1855469
batch	2580	valid_loss	34536.9592285
batch	2610	valid_loss	34181.0817871
batch	2640	valid_loss	34023.8918457
batch	2670	valid_loss	33609.8898926
batch	2700	valid_loss	33266.8806152
batch	2730	valid_loss	33018.6247559
batch	2760	valid_loss	32600.8857422
batch	2790	valid_loss	32541.7021484
batch	2820	valid_loss	32039.9492188
batch	2850	valid_loss	31821.3945312
batch	2880	valid_loss	31625.2587891
batch	2910	valid_loss	31381.0686035
batch	2940	valid_loss	31034.7214355
batch	2970	valid_loss	30870.5036621
batch	3000	valid_loss	30648.885498
batch	3030	valid_loss	30364.661377
batch	3060	valid_loss	30128.0019531
batch	3090	valid_loss	29915.2443848
batch	3120	valid_loss	29746.7324219
batch	3150	valid_loss	29502.8195801
batch	3180	valid_loss	29413.5913086
batch	3210	valid_loss	29144.6794434
batch	3240	valid_loss	28803.4921875
batch	3270	valid_loss	28823.494873
batch	3300	valid_loss	28428.6269531
batch	3330	valid_loss	28193.9606934
batch	3360	valid_loss	28196.6088867
batch	3390	valid_loss	27991.0563965
batch	3420	valid_loss	27957.8693848
batch	3450	valid_loss	27574.6362305
batch	3480	valid_loss	27386.8476562
batch	3510	valid_loss	27206.9975586
batch	3540	valid_loss	27002.5317383
batch	3570	valid_loss	27149.8635254
batch	3600	valid_loss	26669.2902832
batch	3630	valid_loss	26635.5566406
batch	3660	valid_loss	26544.3012695
batch	3690	valid_loss	26413.6293945
batch	3720	valid_loss	26133.845459
batch	3750	valid_loss	26152.380127
batch	3780	valid_loss	25788.2634277
batch	3810	valid_loss	25814.4020996
batch	3840	valid_loss	25541.6181641
batch	3870	valid_loss	25358.4304199
batch	3900	valid_loss	25390.501709
batch	3930	valid_loss	25107.1071777
batch	3960	valid_loss	24953.6762695
batch	3990	valid_loss	24899.1333008
batch	4020	valid_loss	24819.4968262
batch	4050	valid_loss	24820.2692871
batch	4080	valid_loss	25009.5678711
batch	4110	valid_loss	24475.6218262
batch	4140	valid_loss	24238.96875
batch	4170	valid_loss	24358.3994141
batch	4200	valid_loss	24175.1157227
batch	4230	valid_loss	24026.623291
batch	4260	valid_loss	23814.2219238
batch	4290	valid_loss	24071.0061035
batch	4320	valid_loss	23678.28125
batch	4350	valid_loss	23878.1286621
batch	4380	valid_loss	23528.6247559
batch	4410	valid_loss	23615.5705566
batch	4440	valid_loss	23294.6816406
batch	4470	valid_loss	23271.2392578
batch	4500	valid_loss	24164.9560547
batch	4530	valid_loss	23006.166748
batch	4560	valid_loss	22854.8879395
batch	4590	valid_loss	23003.34375
batch	4620	valid_loss	22856.168457
batch	4650	valid_loss	22698.7833252
batch	4680	valid_loss	22638.454834
batch	4710	valid_loss	22561.9523926
batch	4740	valid_loss	23058.7983398
batch	4770	valid_loss	22504.0932617
batch	4800	valid_loss	22318.164917
batch	4830	valid_loss	22320.4906006
batch	4860	valid_loss	22106.9616699
batch	4890	valid_loss	22260.4371338
batch	4920	valid_loss	22209.7568359
batch	4950	valid_loss	21955.6479492
batch	4980	valid_loss	22102.9362793
batch	5010	valid_loss	22260.0484619
batch	5040	valid_loss	22002.5262451
batch	5070	valid_loss	21759.1942139
batch	5100	valid_loss	21729.9117432
batch	5130	valid_loss	22012.9594727
batch	5160	valid_loss	21497.6314697
batch	5190	valid_loss	21873.87146
batch	5220	valid_loss	21692.880127
batch	5250	valid_loss	21362.8725586
batch	5280	valid_loss	21357.1048584
batch	5310	valid_loss	21423.5197754
batch	5340	valid_loss	21281.7614746
batch	5370	valid_loss	21244.6185303
batch	5400	valid_loss	21096.260498
batch	5430	valid_loss	21152.1253662
batch	5460	valid_loss	21306.361084
batch	5490	valid_loss	21338.9029541
batch	5520	valid_loss	21001.8425293
batch	5550	valid_loss	21268.7010498
batch	5580	valid_loss	20991.5687256
batch	5610	valid_loss	20949.7852783
batch	5640	valid_loss	20896.3887939
batch	5670	valid_loss	20830.0386963
batch	5700	valid_loss	20704.4476318
batch	5730	valid_loss	21693.4492188
batch	5760	valid_loss	20771.3254395
batch	5790	valid_loss	20716.5272217
batch	5820	valid_loss	20649.932373
batch	5850	valid_loss	20644.8289795
batch	5880	valid_loss	20539.1386719
batch	5910	valid_loss	20643.6635742
batch	5940	valid_loss	20416.7719727
batch	5970	valid_loss	20428.8261719
batch	6000	valid_loss	20376.0484619
batch	6030	valid_loss	20447.5678711
batch	6060	valid_loss	20778.3492432
batch	6090	valid_loss	20302.5332031
batch	6120	valid_loss	20240.5150146
batch	6150	valid_loss	20324.0644531
batch	6180	valid_loss	20176.7062988
batch	6210	valid_loss	20353.1733398
batch	6240	valid_loss	20162.9736328
batch	6270	valid_loss	20117.7425537
batch	6300	valid_loss	20134.1931152
batch	6330	valid_loss	20152.7619629
batch	6360	valid_loss	20125.5111084
batch	6390	valid_loss	20198.0123291
batch	6420	valid_loss	19970.9240723
batch	6450	valid_loss	19969.8389893
batch	6480	valid_loss	20069.9537354
batch	6510	valid_loss	20190.9527588
batch	6540	valid_loss	19972.3823242
batch	6570	valid_loss	20035.2409668
batch	6600	valid_loss	19898.5762939
batch	6630	valid_loss	19876.87146
batch	6660	valid_loss	20111.2077637
batch	6690	valid_loss	20049.0015869
batch	6720	valid_loss	19716.0443115
batch	6750	valid_loss	19830.8374023
batch	6780	valid_loss	19778.5895996
batch	6810	valid_loss	20225.0739746
batch	6840	valid_loss	19742.5457764
batch	6870	valid_loss	19697.960083
batch	6900	valid_loss	19726.7504883
batch	6930	valid_loss	19651.9379883
batch	6960	valid_loss	19589.3548584
batch	6990	valid_loss	20129.5650635
batch	7020	valid_loss	19700.1054688
batch	7050	valid_loss	19616.9677734
batch	7080	valid_loss	19550.9260254
batch	7110	valid_loss	19883.5533447
batch	7140	valid_loss	19630.9301758
batch	7170	valid_loss	19523.0827637
batch	7200	valid_loss	20940.4023438
batch	7230	valid_loss	19481.7462158
batch	7260	valid_loss	19399.2642822
batch	7290	valid_loss	19516.6677246
batch	7320	valid_loss	19512.0682373
batch	7350	valid_loss	19396.5667725
batch	7380	valid_loss	19854.4368896
batch	7410	valid_loss	19399.2578125
batch	7440	valid_loss	19752.2904053
batch	7470	valid_loss	19521.3323975
batch	7500	valid_loss	19360.5040283
batch	7530	valid_loss	19396.7861328
batch	7560	valid_loss	19313.1582031
batch	7590	valid_loss	19380.2208252
batch	7620	valid_loss	19774.2836914
batch	7650	valid_loss	19426.6239014
batch	7680	valid_loss	19853.2386475
batch	7710	valid_loss	19393.9462891
batch	7740	valid_loss	19233.0992432
batch	7770	valid_loss	19533.1608887
batch	7800	valid_loss	19404.9229736
batch	7830	valid_loss	19226.520752
batch	7860	valid_loss	19297.1114502
batch	7890	valid_loss	19380.4973145
batch	7920	valid_loss	19281.1114502
batch	7950	valid_loss	19302.8823242
batch	7980	valid_loss	19183.5866699
batch	8010	valid_loss	19534.9105225
batch	8040	valid_loss	19181.7196045
batch	8070	valid_loss	19153.1936035
batch	8100	valid_loss	19165.463623
batch	8130	valid_loss	19411.8497314
batch	8160	valid_loss	19302.0306396
batch	8190	valid_loss	19275.4229736
batch	8220	valid_loss	19294.9124756
batch	8250	valid_loss	19132.932251
batch	8280	valid_loss	19081.1394043
batch	8310	valid_loss	19382.6990967
batch	8340	valid_loss	19096.9195557
batch	8370	valid_loss	19073.1837158
batch	8400	valid_loss	19240.1661377
batch	8430	valid_loss	19259.5935059
batch	8460	valid_loss	19048.1556396
batch	8490	valid_loss	19693.0074463
batch	8520	valid_loss	18958.251709
batch	8550	valid_loss	19073.9915771
batch	8580	valid_loss	19119.6337891
batch	8610	valid_loss	19020.944458
batch	8640	valid_loss	19467.7452393
batch	8670	valid_loss	19084.5266113
batch	8700	valid_loss	19744.4815674
batch	8730	valid_loss	19009.8864746
batch	8760	valid_loss	19504.0150146
batch	8790	valid_loss	18972.1938477
batch	8820	valid_loss	19189.7352295
batch	8850	valid_loss	18979.1829834
batch	8880	valid_loss	19097.4765625
batch	8910	valid_loss	18982.1872559
batch	8940	valid_loss	18966.9470215
batch	8970	valid_loss	19013.6724854
batch	9000	valid_loss	18920.7579346
batch	9030	valid_loss	18930.2314453
batch	9060	valid_loss	18953.9692383
batch	9090	valid_loss	18953.5328369
batch	9120	valid_loss	18890.2335205
batch	9150	valid_loss	21816.4788818
batch	9180	valid_loss	18957.3571777
batch	9210	valid_loss	18869.3825684
batch	9240	valid_loss	18923.9333496
batch	9270	valid_loss	18951.8912354
batch	9300	valid_loss	18785.7230225
batch	9330	valid_loss	19364.5253906
batch	9360	valid_loss	19010.5871582
batch	9390	valid_loss	18853.4199219
batch	9420	valid_loss	18882.5839844
batch	9450	valid_loss	20053.9631348
batch	9480	valid_loss	18888.1055908
batch	9510	valid_loss	18965.9697266
batch	9540	valid_loss	18793.425293
batch	9570	valid_loss	19129.5985107
batch	9600	valid_loss	19103.3121338
batch	9630	valid_loss	18838.5140381
batch	9660	valid_loss	20068.6513672
batch	9690	valid_loss	18924.3419189
batch	9720	valid_loss	18851.5246582
batch	9750	valid_loss	18812.8577881
batch	9780	valid_loss	19100.2227783
batch	9810	valid_loss	19008.0
batch	9840	valid_loss	18779.5324707
batch	9870	valid_loss	18888.3543701
batch	9900	valid_loss	18829.9138184
batch	9930	valid_loss	18871.2855225
batch	9960	valid_loss	18988.9256592
batch	9990	valid_loss	18833.4425049
batch	10020	valid_loss	18790.1160889
batch	10050	valid_loss	18743.9743652
batch	10080	valid_loss	19272.3449707
batch	10110	valid_loss	18745.8487549
batch	10140	valid_loss	18807.1307373
batch	10170	valid_loss	18860.1424561
batch	10200	valid_loss	19025.1256104
batch	10230	valid_loss	18985.7913818
batch	10260	valid_loss	18843.9702148
batch	10290	valid_loss	20588.345459
batch	10320	valid_loss	18758.1179199
batch	10350	valid_loss	18723.4245605
batch	10380	valid_loss	18670.2161865
batch	10410	valid_loss	19896.9055176
batch	10440	valid_loss	18795.3366699
batch	10470	valid_loss	18702.5383301
batch	10500	valid_loss	18830.475708
batch	10530	valid_loss	18841.1256104
batch	10560	valid_loss	18701.0808105
batch	10590	valid_loss	19366.8620605
batch	10620	valid_loss	18704.0338135
batch	10650	valid_loss	19120.340332
batch	10680	valid_loss	18750.4381104
batch	10710	valid_loss	18790.5632324
batch	10740	valid_loss	18869.7497559
batch	10770	valid_loss	18708.3013916
batch	10800	valid_loss	20560.6893311
batch	10830	valid_loss	18764.442749
batch	10860	valid_loss	18586.5588379
batch	10890	valid_loss	18667.5823975
batch	10920	valid_loss	18708.4804688
batch	10950	valid_loss	18773.5079346
batch	10980	valid_loss	18705.3939209
batch	11010	valid_loss	19620.7138672
batch	11040	valid_loss	18757.767334
batch	11070	valid_loss	18759.5093994
batch	11100	valid_loss	18634.2722168
batch	11130	valid_loss	18969.1157227
batch	11160	valid_loss	18662.8563232
batch	11190	valid_loss	18663.1663818
batch	11220	valid_loss	18780.1624756
batch	11250	valid_loss	18773.5336914
batch	11280	valid_loss	18581.3607178
batch	11310	valid_loss	18590.296875
batch	11340	valid_loss	18798.4837646
batch	11370	valid_loss	18748.8734131
batch	11400	valid_loss	18901.6672363
batch	11430	valid_loss	18808.3428955
batch	11460	valid_loss	18631.7142334
batch	11490	valid_loss	18845.5036621
batch	11520	valid_loss	18927.5643311
batch	11550	valid_loss	18790.9089355
batch	11580	valid_loss	19285.710083
batch	11610	valid_loss	18794.5688477
batch	11640	valid_loss	18581.2547607
batch	11670	valid_loss	18700.2958984
batch	11700	valid_loss	18991.1630859
batch	11730	valid_loss	18622.0006104
batch	11760	valid_loss	18849.4552002
batch	11790	valid_loss	18681.4824219
batch	11820	valid_loss	18622.8861084
batch	11850	valid_loss	18695.8377686
batch	11880	valid_loss	18600.0828857
batch	11910	valid_loss	18594.4880371
batch	11940	valid_loss	18639.0672607
batch	11970	valid_loss	18646.3139648
batch	12000	valid_loss	18665.631958
batch	12030	valid_loss	18590.4755859
batch	12060	valid_loss	18638.4407959
batch	12090	valid_loss	18916.1760254
batch	12120	valid_loss	18650.4691162
batch	12150	valid_loss	18632.8286133
batch	12180	valid_loss	18585.9145508
batch	12210	valid_loss	18615.8601074
batch	12240	valid_loss	18579.6494141
batch	12270	valid_loss	19169.4226074
batch	12300	valid_loss	18575.3027344
batch	12330	valid_loss	18617.6829834
batch	12360	valid_loss	19485.6049805
batch	12390	valid_loss	18599.7828369
batch	12420	valid_loss	18468.5726318
batch	12450	valid_loss	18615.2293701
batch	12480	valid_loss	18587.9291992
batch	12510	valid_loss	18538.6375732
batch	12540	valid_loss	19228.0047607
batch	12570	valid_loss	18565.25
batch	12600	valid_loss	18529.2521973
batch	12630	valid_loss	18606.21521
batch	12660	valid_loss	18534.6003418
batch	12690	valid_loss	18660.536499
batch	12720	valid_loss	18703.0856934
batch	12750	valid_loss	18515.1330566
batch	12780	valid_loss	19027.1525879
batch	12810	valid_loss	18667.0560303
batch	12840	valid_loss	18497.9644775
batch	12870	valid_loss	18566.9536133
batch	12900	valid_loss	18703.5327148
batch	12930	valid_loss	18532.807251
batch	12960	valid_loss	18535.1643066
batch	12990	valid_loss	18611.9282227
batch	13020	valid_loss	18534.8641357
batch	13050	valid_loss	18486.960083
batch	13080	valid_loss	19165.817627
batch	13110	valid_loss	18612.0689697
batch	13140	valid_loss	18473.7784424
batch	13170	valid_loss	18480.6896973
batch	13200	valid_loss	19166.949707
batch	13230	valid_loss	18482.9169922
batch	13260	valid_loss	18715.4703369
batch	13290	valid_loss	18643.3005371
batch	13320	valid_loss	18675.4995117
batch	13350	valid_loss	18787.4962158
batch	13380	valid_loss	18523.2200928
batch	13410	valid_loss	18540.3619385
batch	13440	valid_loss	18575.7025146
batch	13470	valid_loss	18645.9169922
batch	13500	valid_loss	18682.4862061
batch	13530	valid_loss	18557.9101562
batch	13560	valid_loss	18494.7108154
batch	13590	valid_loss	18727.9206543
batch	13620	valid_loss	18520.0848389
batch	13650	valid_loss	18560.8409424
batch	13680	valid_loss	18433.8406982
batch	13710	valid_loss	19124.3503418
batch	13740	valid_loss	18466.378418
batch	13770	valid_loss	18469.569458
batch	13800	valid_loss	18895.862793
batch	13830	valid_loss	18520.364624
batch	13860	valid_loss	18570.7303467
batch	13890	valid_loss	18669.3918457
batch	13920	valid_loss	18572.5517578
batch	13950	valid_loss	18658.2574463
batch	13980	valid_loss	18388.3730469
batch	14010	valid_loss	18574.3028564
batch	14040	valid_loss	18419.4312744
batch	14070	valid_loss	18430.5198975
batch	14100	valid_loss	18438.8098145
batch	14130	valid_loss	19272.6009521
batch	14160	valid_loss	18495.9525146
batch	14190	valid_loss	18534.208252
batch	14220	valid_loss	18411.2344971
batch	14250	valid_loss	18676.6201172
batch	14280	valid_loss	18585.4910889
batch	14310	valid_loss	18448.8394775
batch	14340	valid_loss	18574.9338379
batch	14370	valid_loss	18495.545166
batch	14400	valid_loss	18375.6152344
batch	14430	valid_loss	18464.7158203
batch	14460	valid_loss	18425.5510254
batch	14490	valid_loss	18436.0584717
batch	14520	valid_loss	18449.151001
batch	14550	valid_loss	18773.0582275
batch	14580	valid_loss	18449.6177979
batch	14610	valid_loss	18439.3474121
batch	14640	valid_loss	19097.0805664
batch	14670	valid_loss	18514.4570312
batch	14700	valid_loss	18398.4346924
batch	14730	valid_loss	18567.3948975
batch	14760	valid_loss	18435.9958496
batch	14790	valid_loss	18415.8387451
batch	14820	valid_loss	18593.9493408
batch	14850	valid_loss	18398.7147217
batch	14880	valid_loss	18724.0936279
batch	14910	valid_loss	18501.2250977
batch	14940	valid_loss	18417.8476562
batch	14970	valid_loss	18491.208252
batch	15000	valid_loss	18461.8952637
batch	15030	valid_loss	18829.7072754
batch	15060	valid_loss	18602.8535156
batch	15090	valid_loss	18379.4368896
batch	15120	valid_loss	18511.2290039
batch	15150	valid_loss	19340.2045898
batch	15180	valid_loss	18453.6635742
batch	15210	valid_loss	18463.0742188
batch	15240	valid_loss	18405.2237549
batch	15270	valid_loss	18642.3170166
batch	15300	valid_loss	18489.6234131
batch	15330	valid_loss	18348.5009766
batch	15360	valid_loss	18407.947876
batch	15390	valid_loss	18569.1038818
batch	15420	valid_loss	18457.3555908
batch	15450	valid_loss	18409.8908691
batch	15480	valid_loss	18352.2401123
batch	15510	valid_loss	18401.6629639
batch	15540	valid_loss	18305.9570312
batch	15570	valid_loss	18633.505249
batch	15600	valid_loss	18394.9290771
batch	15630	valid_loss	18344.4864502
batch	15660	valid_loss	18489.2354736
batch	15690	valid_loss	19279.9836426
batch	15720	valid_loss	18418.0440674
batch	15750	valid_loss	18396.7880859
batch	15780	valid_loss	18319.137207
batch	15810	valid_loss	18343.2386475
batch	15840	valid_loss	18483.7120361
batch	15870	valid_loss	18316.2943115
batch	15900	valid_loss	19045.5218506
batch	15930	valid_loss	18432.3355713
batch	15960	valid_loss	18316.6741943
batch	15990	valid_loss	18338.6362305
batch	16020	valid_loss	18698.7734375
batch	16050	valid_loss	18344.5224609
batch	16080	valid_loss	18383.4975586
batch	16110	valid_loss	18368.149292
batch	16140	valid_loss	18413.0806885
batch	16170	valid_loss	18338.5444336
batch	16200	valid_loss	18562.6726074
batch	16230	valid_loss	18541.0042725
batch	16260	valid_loss	18311.4139404
batch	16290	valid_loss	18287.0141602
batch	16320	valid_loss	18431.2796631
batch	16350	valid_loss	18490.3730469
batch	16380	valid_loss	18372.9005127
batch	16410	valid_loss	18263.5932617
batch	16440	valid_loss	18285.5101318
batch	16470	valid_loss	18266.4483643
batch	16500	valid_loss	18871.4680176
batch	16530	valid_loss	18320.6580811
batch	16560	valid_loss	18365.2403564
batch	16590	valid_loss	18214.0858154
batch	16620	valid_loss	18532.1846924
batch	16650	valid_loss	18373.2705078
batch	16680	valid_loss	18313.8024902
batch	16710	valid_loss	18353.1595459
batch	16740	valid_loss	18402.3232422
batch	16770	valid_loss	18308.0804443
batch	16800	valid_loss	18243.6060791
batch	16830	valid_loss	19684.2810059
batch	16860	valid_loss	18269.197876
batch	16890	valid_loss	18229.927124
batch	16920	valid_loss	18282.6768799
batch	16950	valid_loss	18411.3668213
batch	16980	valid_loss	18274.8167725
batch	17010	valid_loss	19012.0839844
batch	17040	valid_loss	18315.8609619
batch	17070	valid_loss	18302.3449707
batch	17100	valid_loss	18185.5076904
batch	17130	valid_loss	18229.6298828
batch	17160	valid_loss	18461.640625
batch	17190	valid_loss	18266.5809326
batch	17220	valid_loss	18332.5015869
batch	17250	valid_loss	18486.894165
batch	17280	valid_loss	18369.9970703
batch	17310	valid_loss	18294.9484863
batch	17340	valid_loss	18205.5358887
batch	17370	valid_loss	18509.8848877
batch	17400	valid_loss	18290.8266602
batch	17430	valid_loss	18210.1191406
batch	17460	valid_loss	20190.5916748
batch	17490	valid_loss	18250.8222656
batch	17520	valid_loss	18154.6547852
batch	17550	valid_loss	18215.2183838
batch	17580	valid_loss	18278.105835
batch	17610	valid_loss	18224.9736328
batch	17640	valid_loss	18509.1298828
batch	17670	valid_loss	18309.1949463
batch	17700	valid_loss	18933.7294922
batch	17730	valid_loss	18210.7763672
batch	17760	valid_loss	18237.3995361
batch	17790	valid_loss	18633.142334
batch	17820	valid_loss	18275.3529053
batch	17850	valid_loss	18199.9887695
batch	17880	valid_loss	19194.4040527
batch	17910	valid_loss	18247.135498
batch	17940	valid_loss	18239.1345215
batch	17970	valid_loss	18172.1732178
batch	18000	valid_loss	18225.4107666
batch	18030	valid_loss	18617.1519775
batch	18060	valid_loss	18238.3850098
batch	18090	valid_loss	18436.7271729
batch	18120	valid_loss	18374.3759766
batch	18150	valid_loss	18154.1212158
batch	18180	valid_loss	19416.0297852
batch	18210	valid_loss	18198.0637207
batch	18240	valid_loss	18247.2592773
batch	18270	valid_loss	18224.0100098
batch	18300	valid_loss	18257.4055176
batch	18330	valid_loss	18240.6983643
batch	18360	valid_loss	18206.6212158
batch	18390	valid_loss	18658.8249512
batch	18420	valid_loss	18229.7186279
batch	18450	valid_loss	18165.0632324
batch	18480	valid_loss	18214.130127
batch	18510	valid_loss	20804.9610596
batch	18540	valid_loss	18196.9992676
batch	18570	valid_loss	18204.0366211
batch	18600	valid_loss	18196.8751221
batch	18630	valid_loss	18227.4090576
batch	18660	valid_loss	18164.5717773
batch	18690	valid_loss	18178.8059082
batch	18720	valid_loss	18877.4512939
batch	18750	valid_loss	18249.6682129
batch	18780	valid_loss	18162.6467285
batch	18810	valid_loss	18178.3829346
batch	18840	valid_loss	18137.44104
batch	18870	valid_loss	18205.6911621
batch	18900	valid_loss	18568.5955811
batch	18930	valid_loss	18215.8156738
batch	18960	valid_loss	18407.512085
batch	18990	valid_loss	18124.5656738
batch	19020	valid_loss	18614.6495361
batch	19050	valid_loss	18324.3109131
batch	19080	valid_loss	18115.3565674
batch	19110	valid_loss	18153.578125
batch	19140	valid_loss	18196.8735352
batch	19170	valid_loss	18170.4638672
batch	19200	valid_loss	18209.5762939
batch	19230	valid_loss	18446.675415
batch	19260	valid_loss	18228.3532715
batch	19290	valid_loss	19094.6508789
batch	19320	valid_loss	18133.2636719
batch	19350	valid_loss	18172.6499023
batch	19380	valid_loss	18189.5212402
batch	19410	valid_loss	18157.0671387
batch	19440	valid_loss	18626.8017578
batch	19470	valid_loss	18129.8895264
batch	19500	valid_loss	18131.7165527
batch	19530	valid_loss	18339.8665771
batch	19560	valid_loss	18119.6251221
batch	19590	valid_loss	18110.5766602
batch	19620	valid_loss	18281.5023193
batch	19650	valid_loss	18177.8076172
batch	19680	valid_loss	18195.4833984
batch	19710	valid_loss	18133.8754883
batch	19740	valid_loss	18219.9681396
batch	19770	valid_loss	18126.6069336
batch	19800	valid_loss	18196.9488525
batch	19830	valid_loss	18167.2539062
batch	19860	valid_loss	18206.4377441
batch	19890	valid_loss	18146.5437012
batch	19920	valid_loss	18201.8720703
batch	19950	valid_loss	18228.8553467
batch	19980	valid_loss	18177.6101074
batch	20010	valid_loss	18107.5644531
batch	20040	valid_loss	18169.526001
batch	20070	valid_loss	18241.6746826
batch	20100	valid_loss	18138.6878662
batch	20130	valid_loss	18137.0933838
batch	20160	valid_loss	18117.9460449
batch	20190	valid_loss	18188.7850342
batch	20220	valid_loss	18098.2010498
batch	20250	valid_loss	18103.1585693
batch	20280	valid_loss	18772.0356445
batch	20310	valid_loss	18116.4121094
batch	20340	valid_loss	18096.8344727
batch	20370	valid_loss	18146.6048584
batch	20400	valid_loss	18105.5234375
batch	20430	valid_loss	18155.8978271
batch	20460	valid_loss	18107.7102051
batch	20490	valid_loss	18362.5114746
batch	20520	valid_loss	18188.5736084
batch	20550	valid_loss	18091.6363525
batch	20580	valid_loss	18321.5321045
batch	20610	valid_loss	18186.2076416
batch	20640	valid_loss	18039.7955322
batch	20670	valid_loss	18119.4499512
batch	20700	valid_loss	18141.3596191
batch	20730	valid_loss	18122.4328613
batch	20760	valid_loss	18178.3006592
batch	20790	valid_loss	18429.6791992
batch	20820	valid_loss	18138.7109375
batch	20850	valid_loss	18097.4421387
batch	20880	valid_loss	18063.104248
batch	20910	valid_loss	18337.8138428
batch	20940	valid_loss	18323.3161621
batch	20970	valid_loss	18092.9610596
batch	21000	valid_loss	18081.2772217
batch	21030	valid_loss	18081.2004395
batch	21060	valid_loss	18127.4237061
batch	21090	valid_loss	18256.8377686
batch	21120	valid_loss	18066.9122314
batch	21150	valid_loss	18067.5178223
batch	21180	valid_loss	18637.3868408
batch	21210	valid_loss	18160.2689209
batch	21240	valid_loss	18359.3907471
batch	21270	valid_loss	18033.6569824
batch	21300	valid_loss	18360.6834717
batch	21330	valid_loss	18140.4549561
batch	21360	valid_loss	18146.2751465
batch	21390	valid_loss	18159.1937256
batch	21420	valid_loss	18357.75
batch	21450	valid_loss	18116.6844482
batch	21480	valid_loss	18146.1547852
batch	21510	valid_loss	18119.0286865
batch	21540	valid_loss	18074.6228027
batch	21570	valid_loss	18339.7871094
batch	21600	valid_loss	18064.0839844
batch	21630	valid_loss	18055.2208252
batch	21660	valid_loss	18094.8615723
batch	21690	valid_loss	18142.3847656
batch	21720	valid_loss	18479.6409912
batch	21750	valid_loss	18135.4730225
batch	21780	valid_loss	18073.8394775
batch	21810	valid_loss	18160.9437256
batch	21840	valid_loss	18081.6855469
batch	21870	valid_loss	18651.430542
batch	21900	valid_loss	18079.4700928
batch	21930	valid_loss	18071.3284912
batch	21960	valid_loss	18052.0826416
batch	21990	valid_loss	18121.1520996
batch	22020	valid_loss	18639.072998
batch	22050	valid_loss	18149.8079834
batch	22080	valid_loss	18102.177002
batch	22110	valid_loss	18052.4702148
batch	22140	valid_loss	18093.1677246
batch	22170	valid_loss	18097.1152344
batch	22200	valid_loss	18098.5336914
batch	22230	valid_loss	18119.0130615
batch	22260	valid_loss	18091.340332
batch	22290	valid_loss	18014.5848389
batch	22320	valid_loss	18284.8166504
batch	22350	valid_loss	18107.75354
batch	22380	valid_loss	18113.4212646
batch	22410	valid_loss	18012.3765869
batch	22440	valid_loss	18368.3797607
batch	22470	valid_loss	18161.3884277
batch	22500	valid_loss	18048.0251465
batch	22530	valid_loss	17986.2652588
batch	22560	valid_loss	18028.8624268
batch	22590	valid_loss	17996.6967773
batch	22620	valid_loss	18060.6831055
batch	22650	valid_loss	18153.7597656
batch	22680	valid_loss	17988.0014648
batch	22710	valid_loss	17967.6577148
batch	22740	valid_loss	18019.5831299
batch	22770	valid_loss	20415.8604736
batch	22800	valid_loss	18127.6204834
batch	22830	valid_loss	17982.7614746
batch	22860	valid_loss	18026.8887939
batch	22890	valid_loss	17973.0202637
batch	22920	valid_loss	18050.2182617
batch	22950	valid_loss	18072.4727783
batch	22980	valid_loss	18157.1243896
batch	23010	valid_loss	17985.8139648
batch	23040	valid_loss	17980.5080566
batch	23070	valid_loss	18992.9901123
batch	23100	valid_loss	18037.6035156
batch	23130	valid_loss	17978.3659668
batch	23160	valid_loss	17953.0200195
batch	23190	valid_loss	18013.9494629
batch	23220	valid_loss	17965.8239746
batch	23250	valid_loss	18355.7606201
batch	23280	valid_loss	17965.5751953
batch	23310	valid_loss	17975.5911865
batch	23340	valid_loss	17946.4508057
batch	23370	valid_loss	17982.8616943
batch	23400	valid_loss	17966.34729
batch	23430	valid_loss	18087.9234619
batch	23460	valid_loss	17946.9304199
batch	23490	valid_loss	19930.5151367
batch	23520	valid_loss	17964.8522949
batch	23550	valid_loss	17958.2558594
batch	23580	valid_loss	17882.2807617
batch	23610	valid_loss	17943.6374512
batch	23640	valid_loss	18147.6408691
batch	23670	valid_loss	17998.2280273
batch	23700	valid_loss	17969.5482178
batch	23730	valid_loss	18270.9949951
batch	23760	valid_loss	17895.4243164
batch	23790	valid_loss	17920.6434326
batch	23820	valid_loss	18055.8563232
batch	23850	valid_loss	17888.9559326
batch	23880	valid_loss	17988.5786133
batch	23910	valid_loss	18054.8195801
batch	23940	valid_loss	17911.4400635
batch	23970	valid_loss	17955.4799805
batch	24000	valid_loss	18262.9658203
batch	24030	valid_loss	17862.1877441
batch	24060	valid_loss	18174.0638428
batch	24090	valid_loss	17837.5675049
batch	24120	valid_loss	17857.4890137
batch	24150	valid_loss	17916.6469727
batch	24180	valid_loss	17918.727417
batch	24210	valid_loss	17862.4588623
batch	24240	valid_loss	17923.6903076
batch	24270	valid_loss	18123.5987549
batch	24300	valid_loss	17839.668335
batch	24330	valid_loss	17913.3012695
batch	24360	valid_loss	17893.2757568
batch	24390	valid_loss	18056.5474854
batch	24420	valid_loss	18219.911377
batch	24450	valid_loss	17881.6262207
batch	24480	valid_loss	17872.8555908
batch	24510	valid_loss	17874.5405273
batch	24540	valid_loss	17930.996582
batch	24570	valid_loss	17806.8809814
batch	24600	valid_loss	17830.375
batch	24630	valid_loss	18517.0887451
batch	24660	valid_loss	17840.6018066
batch	24690	valid_loss	17786.2219238
batch	24720	valid_loss	17789.612915
batch	24750	valid_loss	18003.4796143
batch	24780	valid_loss	17797.3337402
batch	24810	valid_loss	17785.0041504
batch	24840	valid_loss	17792.3869629
batch	24870	valid_loss	17823.0461426
batch	24900	valid_loss	17736.9847412
batch	24930	valid_loss	17749.7873535
batch	24960	valid_loss	17834.6187744
batch	24990	valid_loss	17750.5233154
STOP
