START
config	600	300	100	300	600	960
batch	0	valid_loss	7136541.375
batch	30	valid_loss	175097.03125
batch	60	valid_loss	123081.125977
batch	90	valid_loss	120597.490234
batch	120	valid_loss	120496.302734
batch	150	valid_loss	120483.0625
batch	180	valid_loss	120534.296875
batch	210	valid_loss	120603.18457
batch	240	valid_loss	120575.469727
batch	270	valid_loss	120561.629883
batch	300	valid_loss	120553.994141
batch	330	valid_loss	120583.025391
batch	360	valid_loss	120534.300781
batch	390	valid_loss	120495.412109
batch	420	valid_loss	120389.783203
batch	450	valid_loss	120210.728516
batch	480	valid_loss	119963.181641
batch	510	valid_loss	119347.753906
batch	540	valid_loss	117909.540039
batch	570	valid_loss	115644.164062
batch	600	valid_loss	113083.830078
batch	630	valid_loss	111302.742188
batch	660	valid_loss	110504.837891
batch	690	valid_loss	110033.357422
batch	720	valid_loss	109718.250977
batch	750	valid_loss	109396.865234
batch	780	valid_loss	109065.679688
batch	810	valid_loss	108530.273438
batch	840	valid_loss	108167.359375
batch	870	valid_loss	107691.553711
batch	900	valid_loss	107288.045898
batch	930	valid_loss	106971.213867
batch	960	valid_loss	106811.668945
batch	990	valid_loss	106637.229492
batch	1020	valid_loss	106439.850586
batch	1050	valid_loss	106141.580078
batch	1080	valid_loss	106038.293945
batch	1110	valid_loss	105906.007812
batch	1140	valid_loss	105678.208984
batch	1170	valid_loss	105503.204102
batch	1200	valid_loss	105332.65918
batch	1230	valid_loss	105164.78125
batch	1260	valid_loss	105060.81543
batch	1290	valid_loss	105018.316406
batch	1320	valid_loss	104790.466797
batch	1350	valid_loss	104655.290039
batch	1380	valid_loss	104499.306641
batch	1410	valid_loss	104190.320312
batch	1440	valid_loss	103950.045898
batch	1470	valid_loss	103660.845703
batch	1500	valid_loss	103182.763672
batch	1530	valid_loss	102912.152344
batch	1560	valid_loss	102280.829102
batch	1590	valid_loss	101823.162109
batch	1620	valid_loss	101261.335938
batch	1650	valid_loss	100649.405273
batch	1680	valid_loss	100036.99707
batch	1710	valid_loss	99464.1933594
batch	1740	valid_loss	98898.7802734
batch	1770	valid_loss	98368.3251953
batch	1800	valid_loss	97824.6650391
batch	1830	valid_loss	97315.3408203
batch	1860	valid_loss	96819.3076172
batch	1890	valid_loss	96432.9091797
batch	1920	valid_loss	95948.8232422
batch	1950	valid_loss	95544.8789062
batch	1980	valid_loss	95093.8623047
batch	2010	valid_loss	94663.3994141
batch	2040	valid_loss	94405.9091797
batch	2070	valid_loss	93909.7548828
batch	2100	valid_loss	93394.0869141
batch	2130	valid_loss	92976.7939453
batch	2160	valid_loss	92388.1748047
batch	2190	valid_loss	92037.7612305
batch	2220	valid_loss	91509.0610352
batch	2250	valid_loss	91108.7382812
batch	2280	valid_loss	90509.3828125
batch	2310	valid_loss	90018.9038086
batch	2340	valid_loss	89688.9824219
batch	2370	valid_loss	89200.2822266
batch	2400	valid_loss	88755.9121094
batch	2430	valid_loss	88290.8330078
batch	2460	valid_loss	88066.8710938
batch	2490	valid_loss	87496.0693359
batch	2520	valid_loss	87046.5029297
batch	2550	valid_loss	86810.9755859
batch	2580	valid_loss	86298.1435547
batch	2610	valid_loss	85815.4194336
batch	2640	valid_loss	85472.2421875
batch	2670	valid_loss	84977.9516602
batch	2700	valid_loss	84720.1362305
batch	2730	valid_loss	84188.9765625
batch	2760	valid_loss	83869.9492188
batch	2790	valid_loss	83603.0947266
batch	2820	valid_loss	83197.9760742
batch	2850	valid_loss	82999.0419922
batch	2880	valid_loss	82548.4135742
batch	2910	valid_loss	82051.2797852
batch	2940	valid_loss	81814.4785156
batch	2970	valid_loss	81612.527832
batch	3000	valid_loss	81268.5805664
batch	3030	valid_loss	81045.8544922
batch	3060	valid_loss	80776.4521484
batch	3090	valid_loss	80881.2075195
batch	3120	valid_loss	80223.1459961
batch	3150	valid_loss	79940.2021484
batch	3180	valid_loss	79856.394043
batch	3210	valid_loss	79648.0644531
batch	3240	valid_loss	79358.8398438
batch	3270	valid_loss	79121.7573242
batch	3300	valid_loss	78832.3007812
batch	3330	valid_loss	78767.0849609
batch	3360	valid_loss	78580.074707
batch	3390	valid_loss	78239.4619141
batch	3420	valid_loss	78093.0151367
batch	3450	valid_loss	77864.0039062
batch	3480	valid_loss	77619.6469727
batch	3510	valid_loss	77670.6884766
batch	3540	valid_loss	77334.9394531
batch	3570	valid_loss	77150.9980469
batch	3600	valid_loss	76938.7250977
batch	3630	valid_loss	76601.8642578
batch	3660	valid_loss	76626.3271484
batch	3690	valid_loss	76463.7587891
batch	3720	valid_loss	76192.8911133
batch	3750	valid_loss	75844.7270508
batch	3780	valid_loss	75706.4091797
batch	3810	valid_loss	75627.4667969
batch	3840	valid_loss	75303.1826172
batch	3870	valid_loss	75088.3359375
batch	3900	valid_loss	75211.5224609
batch	3930	valid_loss	74778.2246094
batch	3960	valid_loss	74731.7075195
batch	3990	valid_loss	74506.6420898
batch	4020	valid_loss	74279.8256836
batch	4050	valid_loss	74455.5786133
batch	4080	valid_loss	74080.0058594
batch	4110	valid_loss	73836.7856445
batch	4140	valid_loss	74118.0371094
batch	4170	valid_loss	73577.2724609
batch	4200	valid_loss	73682.1967773
batch	4230	valid_loss	73100.8916016
batch	4260	valid_loss	73129.6821289
batch	4290	valid_loss	72839.4384766
batch	4320	valid_loss	72686.3378906
batch	4350	valid_loss	72490.0522461
batch	4380	valid_loss	72642.9384766
batch	4410	valid_loss	73281.6723633
batch	4440	valid_loss	72142.7988281
batch	4470	valid_loss	71927.0356445
batch	4500	valid_loss	72288.7265625
batch	4530	valid_loss	71638.9018555
batch	4560	valid_loss	71975.3979492
batch	4590	valid_loss	71645.6391602
batch	4620	valid_loss	71406.4726562
batch	4650	valid_loss	71228.3505859
batch	4680	valid_loss	71069.4960938
batch	4710	valid_loss	71320.3032227
batch	4740	valid_loss	70927.625
batch	4770	valid_loss	70867.3813477
batch	4800	valid_loss	70636.671875
batch	4830	valid_loss	71231.8881836
batch	4860	valid_loss	70272.1884766
batch	4890	valid_loss	70254.4726562
batch	4920	valid_loss	70036.8344727
batch	4950	valid_loss	70113.4082031
batch	4980	valid_loss	69895.8769531
batch	5010	valid_loss	69942.3388672
batch	5040	valid_loss	69827.2817383
batch	5070	valid_loss	69369.2924805
batch	5100	valid_loss	69368.7636719
batch	5130	valid_loss	69417.2807617
batch	5160	valid_loss	70069.7734375
batch	5190	valid_loss	69008.421875
batch	5220	valid_loss	69585.9013672
batch	5250	valid_loss	68901.9750977
batch	5280	valid_loss	68729.9365234
batch	5310	valid_loss	68692.2807617
batch	5340	valid_loss	68414.925293
batch	5370	valid_loss	68389.4155273
batch	5400	valid_loss	68559.2543945
batch	5430	valid_loss	68221.7661133
batch	5460	valid_loss	68192.1992188
batch	5490	valid_loss	68916.0795898
batch	5520	valid_loss	67971.296875
batch	5550	valid_loss	67879.887207
batch	5580	valid_loss	67701.5629883
batch	5610	valid_loss	67789.9375
batch	5640	valid_loss	67535.0112305
batch	5670	valid_loss	67459.7412109
batch	5700	valid_loss	67349.6733398
batch	5730	valid_loss	67395.9101562
batch	5760	valid_loss	67192.9072266
batch	5790	valid_loss	67100.7895508
batch	5820	valid_loss	67119.1616211
batch	5850	valid_loss	67484.934082
batch	5880	valid_loss	67008.8212891
batch	5910	valid_loss	66864.7548828
batch	5940	valid_loss	66763.5649414
batch	5970	valid_loss	66587.4873047
batch	6000	valid_loss	66664.0327148
batch	6030	valid_loss	66522.590332
batch	6060	valid_loss	66726.8398438
batch	6090	valid_loss	66217.0288086
batch	6120	valid_loss	66173.8076172
batch	6150	valid_loss	66273.3349609
batch	6180	valid_loss	66250.6547852
batch	6210	valid_loss	65974.0893555
batch	6240	valid_loss	65902.7202148
batch	6270	valid_loss	65897.3183594
batch	6300	valid_loss	65687.9902344
batch	6330	valid_loss	67502.0195312
batch	6360	valid_loss	65882.6914062
batch	6390	valid_loss	65633.4042969
batch	6420	valid_loss	65569.7666016
batch	6450	valid_loss	65507.0576172
batch	6480	valid_loss	65600.9633789
batch	6510	valid_loss	65414.4077148
batch	6540	valid_loss	65246.9316406
batch	6570	valid_loss	65174.1972656
batch	6600	valid_loss	66119.5375977
batch	6630	valid_loss	64963.894043
batch	6660	valid_loss	65003.1850586
batch	6690	valid_loss	64823.1259766
batch	6720	valid_loss	64831.6142578
batch	6750	valid_loss	64743.6044922
batch	6780	valid_loss	64637.3076172
batch	6810	valid_loss	64722.5541992
batch	6840	valid_loss	64571.5991211
batch	6870	valid_loss	64380.8647461
batch	6900	valid_loss	64318.6572266
batch	6930	valid_loss	64284.2294922
batch	6960	valid_loss	64345.9780273
batch	6990	valid_loss	64127.2294922
batch	7020	valid_loss	64730.5317383
batch	7050	valid_loss	64065.0283203
batch	7080	valid_loss	64251.3959961
batch	7110	valid_loss	63996.859375
batch	7140	valid_loss	64271.2163086
batch	7170	valid_loss	63723.2822266
batch	7200	valid_loss	63712.4165039
batch	7230	valid_loss	63634.3647461
batch	7260	valid_loss	64309.0625
batch	7290	valid_loss	63682.7299805
batch	7320	valid_loss	63713.6274414
batch	7350	valid_loss	63404.65625
batch	7380	valid_loss	63438.440918
batch	7410	valid_loss	63247.5615234
batch	7440	valid_loss	63255.0620117
batch	7470	valid_loss	63155.8535156
batch	7500	valid_loss	63324.6367188
batch	7530	valid_loss	63053.9111328
batch	7560	valid_loss	63165.7431641
batch	7590	valid_loss	63109.0532227
batch	7620	valid_loss	63080.4404297
batch	7650	valid_loss	62947.2822266
batch	7680	valid_loss	62856.4775391
batch	7710	valid_loss	62729.5405273
batch	7740	valid_loss	62826.6176758
batch	7770	valid_loss	62638.0942383
batch	7800	valid_loss	62943.1347656
batch	7830	valid_loss	62540.6674805
batch	7860	valid_loss	63396.8950195
batch	7890	valid_loss	62432.5327148
batch	7920	valid_loss	62510.3178711
batch	7950	valid_loss	62799.5170898
batch	7980	valid_loss	62348.0449219
batch	8010	valid_loss	62296.4692383
batch	8040	valid_loss	62207.3979492
batch	8070	valid_loss	63107.2177734
batch	8100	valid_loss	62070.9082031
batch	8130	valid_loss	62321.9423828
batch	8160	valid_loss	61953.7939453
batch	8190	valid_loss	62018.2973633
batch	8220	valid_loss	62016.6323242
batch	8250	valid_loss	61795.3603516
batch	8280	valid_loss	61941.4550781
batch	8310	valid_loss	61928.7236328
batch	8340	valid_loss	61783.9868164
batch	8370	valid_loss	61943.1918945
batch	8400	valid_loss	61715.2329102
batch	8430	valid_loss	61636.2290039
batch	8460	valid_loss	61470.5385742
batch	8490	valid_loss	61412.03125
batch	8520	valid_loss	61668.590332
batch	8550	valid_loss	61699.0048828
batch	8580	valid_loss	61338.7109375
batch	8610	valid_loss	61213.8374023
batch	8640	valid_loss	61242.5996094
batch	8670	valid_loss	61226.4155273
batch	8700	valid_loss	61179.3388672
batch	8730	valid_loss	61250.4819336
batch	8760	valid_loss	61043.3569336
batch	8790	valid_loss	61090.9399414
batch	8820	valid_loss	60945.4477539
batch	8850	valid_loss	61001.5317383
batch	8880	valid_loss	60921.980957
batch	8910	valid_loss	60844.1108398
batch	8940	valid_loss	60886.2597656
batch	8970	valid_loss	60682.65625
batch	9000	valid_loss	60742.96875
batch	9030	valid_loss	61037.2333984
batch	9060	valid_loss	60747.8989258
batch	9090	valid_loss	61322.980957
batch	9120	valid_loss	60568.9179688
batch	9150	valid_loss	60657.9575195
batch	9180	valid_loss	60566.6821289
batch	9210	valid_loss	60475.6240234
batch	9240	valid_loss	60507.7744141
batch	9270	valid_loss	60593.7998047
batch	9300	valid_loss	60604.8476562
batch	9330	valid_loss	60418.3364258
batch	9360	valid_loss	60398.7734375
batch	9390	valid_loss	60277.5976562
batch	9420	valid_loss	60248.0380859
batch	9450	valid_loss	60214.0097656
batch	9480	valid_loss	60302.6450195
batch	9510	valid_loss	60198.144043
batch	9540	valid_loss	60106.1616211
batch	9570	valid_loss	60283.8139648
batch	9600	valid_loss	60036.2578125
batch	9630	valid_loss	60045.9765625
batch	9660	valid_loss	59928.8300781
batch	9690	valid_loss	60184.7910156
batch	9720	valid_loss	59858.4775391
batch	9750	valid_loss	59847.7553711
batch	9780	valid_loss	60068.8222656
batch	9810	valid_loss	60061.159668
batch	9840	valid_loss	59779.6196289
batch	9870	valid_loss	59779.4106445
batch	9900	valid_loss	59896.6738281
batch	9930	valid_loss	59688.3076172
batch	9960	valid_loss	59689.5019531
batch	9990	valid_loss	59813.840332
batch	10020	valid_loss	59475.6708984
batch	10050	valid_loss	59750.1621094
batch	10080	valid_loss	59307.6235352
batch	10110	valid_loss	59557.4199219
batch	10140	valid_loss	59299.4487305
batch	10170	valid_loss	59252.0898438
batch	10200	valid_loss	59272.3525391
batch	10230	valid_loss	60418.9619141
batch	10260	valid_loss	59157.6650391
batch	10290	valid_loss	59119.8476562
batch	10320	valid_loss	59019.3759766
batch	10350	valid_loss	59036.8476562
batch	10380	valid_loss	58935.824707
batch	10410	valid_loss	59198.5371094
batch	10440	valid_loss	59760.9824219
batch	10470	valid_loss	58886.7797852
batch	10500	valid_loss	59089.2260742
batch	10530	valid_loss	58829.8466797
batch	10560	valid_loss	58717.3979492
batch	10590	valid_loss	58703.1513672
batch	10620	valid_loss	58713.9321289
batch	10650	valid_loss	59036.5175781
batch	10680	valid_loss	58541.6586914
batch	10710	valid_loss	58544.605957
batch	10740	valid_loss	58720.699707
batch	10770	valid_loss	58654.2392578
batch	10800	valid_loss	58477.6503906
batch	10830	valid_loss	58536.9331055
batch	10860	valid_loss	58810.269043
batch	10890	valid_loss	58363.1005859
batch	10920	valid_loss	60014.6381836
batch	10950	valid_loss	58314.2675781
batch	10980	valid_loss	58247.1450195
batch	11010	valid_loss	58284.0761719
batch	11040	valid_loss	58260.1503906
batch	11070	valid_loss	58257.3193359
batch	11100	valid_loss	58736.5014648
batch	11130	valid_loss	58106.7089844
batch	11160	valid_loss	58205.9599609
batch	11190	valid_loss	59015.4667969
batch	11220	valid_loss	57963.7875977
batch	11250	valid_loss	58559.953125
batch	11280	valid_loss	57844.7651367
batch	11310	valid_loss	57855.5419922
batch	11340	valid_loss	59569.8100586
batch	11370	valid_loss	57747.8457031
batch	11400	valid_loss	57940.6982422
batch	11430	valid_loss	57708.8754883
batch	11460	valid_loss	57688.2519531
batch	11490	valid_loss	57729.347168
batch	11520	valid_loss	57568.9970703
batch	11550	valid_loss	57657.3149414
batch	11580	valid_loss	57695.3310547
batch	11610	valid_loss	57398.1088867
batch	11640	valid_loss	57649.5019531
batch	11670	valid_loss	57395.3334961
batch	11700	valid_loss	57327.8955078
batch	11730	valid_loss	57163.9174805
batch	11760	valid_loss	57603.3623047
batch	11790	valid_loss	57176.9643555
batch	11820	valid_loss	57056.0878906
batch	11850	valid_loss	57047.2392578
batch	11880	valid_loss	58285.5527344
batch	11910	valid_loss	57284.2338867
batch	11940	valid_loss	56899.5561523
batch	11970	valid_loss	57036.6230469
batch	12000	valid_loss	57892.7739258
batch	12030	valid_loss	56843.9829102
batch	12060	valid_loss	56898.0878906
batch	12090	valid_loss	56794.1826172
batch	12120	valid_loss	56760.9277344
batch	12150	valid_loss	57017.8637695
batch	12180	valid_loss	56891.3544922
batch	12210	valid_loss	56768.2822266
batch	12240	valid_loss	56679.8457031
batch	12270	valid_loss	56623.909668
batch	12300	valid_loss	56847.8383789
batch	12330	valid_loss	56551.3476562
batch	12360	valid_loss	56522.0537109
batch	12390	valid_loss	56994.4160156
batch	12420	valid_loss	56920.3608398
batch	12450	valid_loss	56416.6430664
batch	12480	valid_loss	56945.8833008
batch	12510	valid_loss	56307.4799805
batch	12540	valid_loss	57635.2265625
batch	12570	valid_loss	56217.1083984
batch	12600	valid_loss	56389.1030273
batch	12630	valid_loss	57167.6298828
batch	12660	valid_loss	56166.3613281
batch	12690	valid_loss	56198.1459961
batch	12720	valid_loss	57386.7475586
batch	12750	valid_loss	56082.7983398
batch	12780	valid_loss	56097.7431641
batch	12810	valid_loss	56066.4975586
batch	12840	valid_loss	56019.9462891
batch	12870	valid_loss	55984.9316406
batch	12900	valid_loss	56687.1132812
batch	12930	valid_loss	55876.5922852
batch	12960	valid_loss	55838.4487305
batch	12990	valid_loss	55794.4130859
batch	13020	valid_loss	55786.1206055
batch	13050	valid_loss	55727.0292969
batch	13080	valid_loss	55723.847168
batch	13110	valid_loss	56048.371582
batch	13140	valid_loss	55625.2626953
batch	13170	valid_loss	55761.9326172
batch	13200	valid_loss	55681.0610352
batch	13230	valid_loss	55526.9648438
batch	13260	valid_loss	55827.5698242
batch	13290	valid_loss	55376.9189453
batch	13320	valid_loss	55785.6855469
batch	13350	valid_loss	55639.4404297
batch	13380	valid_loss	55397.6108398
batch	13410	valid_loss	56146.2973633
batch	13440	valid_loss	55298.9907227
batch	13470	valid_loss	56074.4321289
batch	13500	valid_loss	55198.3125
batch	13530	valid_loss	55534.2958984
batch	13560	valid_loss	55189.6083984
batch	13590	valid_loss	55889.9272461
batch	13620	valid_loss	55138.3579102
batch	13650	valid_loss	55054.4580078
batch	13680	valid_loss	55027.1328125
batch	13710	valid_loss	55046.3735352
batch	13740	valid_loss	55120.2836914
batch	13770	valid_loss	54943.7353516
batch	13800	valid_loss	54899.9736328
batch	13830	valid_loss	54919.019043
batch	13860	valid_loss	57220.5371094
batch	13890	valid_loss	54842.2797852
batch	13920	valid_loss	54812.6938477
batch	13950	valid_loss	54933.2758789
batch	13980	valid_loss	54942.6738281
batch	14010	valid_loss	54822.90625
batch	14040	valid_loss	54629.0258789
batch	14070	valid_loss	54614.9526367
batch	14100	valid_loss	54650.8027344
batch	14130	valid_loss	54484.9594727
batch	14160	valid_loss	54661.5063477
batch	14190	valid_loss	54516.9785156
batch	14220	valid_loss	55338.4501953
batch	14250	valid_loss	54390.2133789
batch	14280	valid_loss	54278.9799805
batch	14310	valid_loss	55029.53125
batch	14340	valid_loss	54632.3618164
batch	14370	valid_loss	54258.1049805
batch	14400	valid_loss	54140.793457
batch	14430	valid_loss	54265.0405273
batch	14460	valid_loss	54706.5351562
batch	14490	valid_loss	54074.1621094
batch	14520	valid_loss	53948.7817383
batch	14550	valid_loss	54184.9003906
batch	14580	valid_loss	54129.1098633
batch	14610	valid_loss	53998.3979492
batch	14640	valid_loss	53901.7275391
batch	14670	valid_loss	53795.6010742
batch	14700	valid_loss	53716.8364258
batch	14730	valid_loss	53658.8300781
batch	14760	valid_loss	53984.9887695
batch	14790	valid_loss	53608.1225586
batch	14820	valid_loss	53551.1328125
batch	14850	valid_loss	53557.5400391
batch	14880	valid_loss	53442.0229492
batch	14910	valid_loss	53491.3671875
batch	14940	valid_loss	53523.3896484
batch	14970	valid_loss	53362.8027344
batch	15000	valid_loss	54838.1396484
batch	15030	valid_loss	53344.1352539
batch	15060	valid_loss	53464.8769531
batch	15090	valid_loss	53189.3798828
batch	15120	valid_loss	53123.9604492
batch	15150	valid_loss	53208.4116211
batch	15180	valid_loss	53015.2167969
batch	15210	valid_loss	52859.1318359
batch	15240	valid_loss	52905.4824219
batch	15270	valid_loss	53392.8974609
batch	15300	valid_loss	52785.7172852
batch	15330	valid_loss	52827.7016602
batch	15360	valid_loss	52688.2338867
batch	15390	valid_loss	52618.7412109
batch	15420	valid_loss	52657.953125
batch	15450	valid_loss	52921.4921875
batch	15480	valid_loss	52492.7426758
batch	15510	valid_loss	52925.6469727
batch	15540	valid_loss	52458.0610352
batch	15570	valid_loss	52895.5253906
batch	15600	valid_loss	52483.59375
batch	15630	valid_loss	52283.9975586
batch	15660	valid_loss	52631.4765625
batch	15690	valid_loss	52233.3847656
batch	15720	valid_loss	52228.5488281
batch	15750	valid_loss	52345.2314453
batch	15780	valid_loss	52073.7138672
batch	15810	valid_loss	52171.012207
batch	15840	valid_loss	52108.3618164
batch	15870	valid_loss	52205.5859375
batch	15900	valid_loss	52014.1269531
batch	15930	valid_loss	51925.3139648
batch	15960	valid_loss	52039.9589844
batch	15990	valid_loss	51769.5488281
batch	16020	valid_loss	51721.1020508
batch	16050	valid_loss	51674.418457
batch	16080	valid_loss	51629.3945312
batch	16110	valid_loss	52049.184082
batch	16140	valid_loss	51556.8505859
batch	16170	valid_loss	51521.0249023
batch	16200	valid_loss	51538.7773438
batch	16230	valid_loss	51455.8168945
batch	16260	valid_loss	51370.4804688
batch	16290	valid_loss	51280.3320312
batch	16320	valid_loss	51291.0737305
batch	16350	valid_loss	51405.7192383
batch	16380	valid_loss	51213.4121094
batch	16410	valid_loss	51654.3300781
batch	16440	valid_loss	51206.2705078
batch	16470	valid_loss	51076.5952148
batch	16500	valid_loss	51412.5732422
batch	16530	valid_loss	51244.2836914
batch	16560	valid_loss	50963.1943359
batch	16590	valid_loss	50940.0537109
batch	16620	valid_loss	51287.2998047
batch	16650	valid_loss	51080.4125977
batch	16680	valid_loss	50830.6313477
batch	16710	valid_loss	50877.5415039
batch	16740	valid_loss	50812.121582
batch	16770	valid_loss	50672.1542969
batch	16800	valid_loss	50648.1396484
batch	16830	valid_loss	50696.2631836
batch	16860	valid_loss	50779.2509766
batch	16890	valid_loss	50521.340332
batch	16920	valid_loss	51343.5693359
batch	16950	valid_loss	50520.578125
batch	16980	valid_loss	50499.4101562
batch	17010	valid_loss	50446.690918
batch	17040	valid_loss	51103.4912109
batch	17070	valid_loss	50763.5556641
batch	17100	valid_loss	50334.5454102
batch	17130	valid_loss	50604.0581055
batch	17160	valid_loss	50325.1611328
batch	17190	valid_loss	50147.6826172
batch	17220	valid_loss	51489.5800781
batch	17250	valid_loss	50059.4931641
batch	17280	valid_loss	50094.7314453
batch	17310	valid_loss	52269.4609375
batch	17340	valid_loss	49965.0014648
batch	17370	valid_loss	50138.0859375
batch	17400	valid_loss	49903.4223633
batch	17430	valid_loss	49889.0205078
batch	17460	valid_loss	49911.4423828
batch	17490	valid_loss	49806.7373047
batch	17520	valid_loss	49723.4516602
batch	17550	valid_loss	50521.2631836
batch	17580	valid_loss	49778.2246094
batch	17610	valid_loss	49788.8613281
batch	17640	valid_loss	49714.1186523
batch	17670	valid_loss	49781.6293945
batch	17700	valid_loss	49863.7197266
batch	17730	valid_loss	49468.7275391
batch	17760	valid_loss	49585.2792969
batch	17790	valid_loss	49585.6850586
batch	17820	valid_loss	50096.6904297
batch	17850	valid_loss	49449.7246094
batch	17880	valid_loss	49354.2783203
batch	17910	valid_loss	49307.3364258
batch	17940	valid_loss	49390.8583984
batch	17970	valid_loss	49876.9902344
batch	18000	valid_loss	49171.8847656
batch	18030	valid_loss	49137.6547852
batch	18060	valid_loss	49166.7456055
batch	18090	valid_loss	49011.5092773
batch	18120	valid_loss	49166.2148438
batch	18150	valid_loss	49074.2416992
batch	18180	valid_loss	49587.0083008
batch	18210	valid_loss	48887.8012695
batch	18240	valid_loss	48911.4897461
batch	18270	valid_loss	48810.9443359
batch	18300	valid_loss	48837.6337891
batch	18330	valid_loss	48656.4584961
batch	18360	valid_loss	48729.2324219
batch	18390	valid_loss	48664.9360352
batch	18420	valid_loss	48823.7006836
batch	18450	valid_loss	48513.4604492
batch	18480	valid_loss	48436.5068359
batch	18510	valid_loss	48508.0771484
batch	18540	valid_loss	48427.3017578
batch	18570	valid_loss	48389.3461914
batch	18600	valid_loss	48976.84375
batch	18630	valid_loss	48547.7280273
batch	18660	valid_loss	48281.0078125
batch	18690	valid_loss	48420.9716797
batch	18720	valid_loss	48209.2851562
batch	18750	valid_loss	48021.3823242
batch	18780	valid_loss	48747.7402344
batch	18810	valid_loss	48291.5644531
batch	18840	valid_loss	48088.012207
batch	18870	valid_loss	47957.2397461
batch	18900	valid_loss	47811.5703125
batch	18930	valid_loss	48105.8662109
batch	18960	valid_loss	47726.9384766
batch	18990	valid_loss	48030.652832
batch	19020	valid_loss	47911.9672852
batch	19050	valid_loss	47670.230957
batch	19080	valid_loss	47620.3178711
batch	19110	valid_loss	47612.4277344
batch	19140	valid_loss	47459.3276367
batch	19170	valid_loss	47728.0410156
batch	19200	valid_loss	47379.9711914
batch	19230	valid_loss	47422.2329102
batch	19260	valid_loss	47319.7080078
batch	19290	valid_loss	47383.4824219
batch	19320	valid_loss	48366.1254883
batch	19350	valid_loss	47362.4179688
batch	19380	valid_loss	47189.5576172
batch	19410	valid_loss	47033.6298828
batch	19440	valid_loss	47234.1508789
batch	19470	valid_loss	47307.5996094
batch	19500	valid_loss	47355.7583008
batch	19530	valid_loss	47711.1171875
batch	19560	valid_loss	46914.8276367
batch	19590	valid_loss	46842.7749023
batch	19620	valid_loss	46945.8486328
batch	19650	valid_loss	46759.1298828
batch	19680	valid_loss	46679.5737305
batch	19710	valid_loss	46735.9458008
batch	19740	valid_loss	47044.1259766
batch	19770	valid_loss	46696.1992188
batch	19800	valid_loss	46595.4331055
batch	19830	valid_loss	46586.9199219
batch	19860	valid_loss	46874.609375
batch	19890	valid_loss	46544.3417969
batch	19920	valid_loss	46493.8640137
batch	19950	valid_loss	46854.4897461
batch	19980	valid_loss	46320.5673828
batch	20010	valid_loss	46309.7766113
batch	20040	valid_loss	48283.6015625
batch	20070	valid_loss	46185.9760742
batch	20100	valid_loss	46184.003418
batch	20130	valid_loss	46187.5170898
batch	20160	valid_loss	46072.5024414
batch	20190	valid_loss	46140.9016113
batch	20220	valid_loss	46214.1635742
batch	20250	valid_loss	47582.934082
batch	20280	valid_loss	45916.6184082
batch	20310	valid_loss	45860.1894531
batch	20340	valid_loss	45813.1652832
batch	20370	valid_loss	46093.7514648
batch	20400	valid_loss	45780.3491211
batch	20430	valid_loss	46575.1030273
batch	20460	valid_loss	45711.3369141
batch	20490	valid_loss	46018.7756348
batch	20520	valid_loss	45702.840332
batch	20550	valid_loss	48234.53125
batch	20580	valid_loss	45594.1865234
batch	20610	valid_loss	45485.2421875
batch	20640	valid_loss	45429.7536621
batch	20670	valid_loss	45534.8623047
batch	20700	valid_loss	45436.6921387
batch	20730	valid_loss	45387.1855469
batch	20760	valid_loss	45282.6303711
batch	20790	valid_loss	45407.763916
batch	20820	valid_loss	45277.1962891
batch	20850	valid_loss	45364.3720703
batch	20880	valid_loss	45324.8518066
batch	20910	valid_loss	45182.4311523
batch	20940	valid_loss	45110.5043945
batch	20970	valid_loss	44992.6396484
batch	21000	valid_loss	45009.1340332
batch	21030	valid_loss	45216.3039551
batch	21060	valid_loss	44984.5285645
batch	21090	valid_loss	45050.6120605
batch	21120	valid_loss	45040.1689453
batch	21150	valid_loss	44919.9980469
batch	21180	valid_loss	44996.2646484
batch	21210	valid_loss	44778.0996094
batch	21240	valid_loss	44697.348877
batch	21270	valid_loss	44689.5175781
batch	21300	valid_loss	45050.6818848
batch	21330	valid_loss	44834.951416
batch	21360	valid_loss	44605.6025391
batch	21390	valid_loss	44765.5100098
batch	21420	valid_loss	44769.9887695
batch	21450	valid_loss	44539.3476562
batch	21480	valid_loss	44578.013916
batch	21510	valid_loss	44880.9006348
batch	21540	valid_loss	44399.2729492
batch	21570	valid_loss	44388.9997559
batch	21600	valid_loss	44524.9182129
batch	21630	valid_loss	44323.6811523
batch	21660	valid_loss	44245.1672363
batch	21690	valid_loss	44623.9804688
batch	21720	valid_loss	44279.7993164
batch	21750	valid_loss	44172.8486328
batch	21780	valid_loss	44156.479248
batch	21810	valid_loss	44863.8317871
batch	21840	valid_loss	44056.6806641
batch	21870	valid_loss	44147.8056641
batch	21900	valid_loss	43901.1181641
batch	21930	valid_loss	44346.682373
batch	21960	valid_loss	44134.8012695
batch	21990	valid_loss	43999.6987305
batch	22020	valid_loss	43948.9318848
batch	22050	valid_loss	43986.5874023
batch	22080	valid_loss	43787.1320801
batch	22110	valid_loss	45384.9931641
batch	22140	valid_loss	43693.9177246
batch	22170	valid_loss	43625.7680664
batch	22200	valid_loss	43523.6975098
batch	22230	valid_loss	43642.2102051
batch	22260	valid_loss	43603.5603027
batch	22290	valid_loss	43491.026123
batch	22320	valid_loss	43524.4523926
batch	22350	valid_loss	43470.2338867
batch	22380	valid_loss	43427.4367676
batch	22410	valid_loss	43288.513916
batch	22440	valid_loss	43626.732666
batch	22470	valid_loss	43246.8461914
batch	22500	valid_loss	43201.6193848
batch	22530	valid_loss	43094.5036621
batch	22560	valid_loss	43377.1079102
batch	22590	valid_loss	43232.4199219
batch	22620	valid_loss	43158.5112305
batch	22650	valid_loss	43565.0458984
batch	22680	valid_loss	43019.3500977
batch	22710	valid_loss	42967.0952148
batch	22740	valid_loss	43750.036377
batch	22770	valid_loss	43051.5048828
batch	22800	valid_loss	42803.4985352
batch	22830	valid_loss	42771.0148926
batch	22860	valid_loss	42840.8525391
batch	22890	valid_loss	42904.3210449
batch	22920	valid_loss	42678.2971191
batch	22950	valid_loss	42735.3752441
batch	22980	valid_loss	42722.1296387
batch	23010	valid_loss	43067.1394043
batch	23040	valid_loss	42825.8547363
batch	23070	valid_loss	42620.5598145
batch	23100	valid_loss	42482.1508789
batch	23130	valid_loss	42409.8369141
batch	23160	valid_loss	42324.0095215
batch	23190	valid_loss	42568.3845215
batch	23220	valid_loss	42354.1384277
batch	23250	valid_loss	42340.7373047
batch	23280	valid_loss	43476.2851562
batch	23310	valid_loss	42323.310791
batch	23340	valid_loss	42268.1972656
batch	23370	valid_loss	42272.1606445
batch	23400	valid_loss	42168.2434082
batch	23430	valid_loss	42031.0393066
batch	23460	valid_loss	42004.8371582
batch	23490	valid_loss	41941.157959
batch	23520	valid_loss	41978.5297852
batch	23550	valid_loss	42047.4890137
batch	23580	valid_loss	42608.6166992
batch	23610	valid_loss	41865.2531738
batch	23640	valid_loss	41868.8745117
batch	23670	valid_loss	41811.6872559
batch	23700	valid_loss	41886.715332
batch	23730	valid_loss	41696.1943359
batch	23760	valid_loss	41786.3183594
batch	23790	valid_loss	41630.1242676
batch	23820	valid_loss	41583.4372559
batch	23850	valid_loss	41565.8068848
batch	23880	valid_loss	41889.9387207
batch	23910	valid_loss	41502.3012695
batch	23940	valid_loss	41545.456543
batch	23970	valid_loss	41362.7600098
batch	24000	valid_loss	41415.1589355
batch	24030	valid_loss	41655.3435059
batch	24060	valid_loss	41317.8005371
batch	24090	valid_loss	41220.3427734
batch	24120	valid_loss	42173.1904297
batch	24150	valid_loss	41554.7626953
batch	24180	valid_loss	41228.1374512
batch	24210	valid_loss	41078.8535156
batch	24240	valid_loss	41076.2866211
batch	24270	valid_loss	41082.3015137
batch	24300	valid_loss	41317.8891602
batch	24330	valid_loss	40974.8994141
batch	24360	valid_loss	40951.182373
batch	24390	valid_loss	40919.6477051
batch	24420	valid_loss	41228.6616211
batch	24450	valid_loss	40818.411377
batch	24480	valid_loss	40812.1584473
batch	24510	valid_loss	40888.6633301
batch	24540	valid_loss	40808.954834
batch	24570	valid_loss	40677.5002441
batch	24600	valid_loss	42364.2038574
batch	24630	valid_loss	40615.4775391
batch	24660	valid_loss	40629.6765137
batch	24690	valid_loss	40497.9423828
batch	24720	valid_loss	40585.4641113
batch	24750	valid_loss	40437.9355469
batch	24780	valid_loss	40447.4050293
batch	24810	valid_loss	40442.6037598
batch	24840	valid_loss	40895.9655762
batch	24870	valid_loss	40476.8652344
batch	24900	valid_loss	40352.8527832
batch	24930	valid_loss	40597.6000977
batch	24960	valid_loss	40408.8354492
batch	24990	valid_loss	40174.5366211
STOP
START
config	600	300	100	300	600	960
batch	0	valid_loss	6775536.75
batch	30	valid_loss	174940.925781
batch	60	valid_loss	123212.674805
batch	90	valid_loss	120609.527344
batch	120	valid_loss	120499.099609
batch	150	valid_loss	120532.850586
batch	180	valid_loss	120542.470703
batch	210	valid_loss	120617.15918
batch	240	valid_loss	120584.859375
batch	270	valid_loss	120627.444336
batch	300	valid_loss	120582.328125
batch	330	valid_loss	120557.34668
batch	360	valid_loss	120441.819336
batch	390	valid_loss	120215.189453
batch	420	valid_loss	119716.051758
batch	450	valid_loss	118577.732422
batch	480	valid_loss	116417.288086
batch	510	valid_loss	113766.049805
batch	540	valid_loss	111815.34375
batch	570	valid_loss	110829.920898
batch	600	valid_loss	110308.835938
batch	630	valid_loss	110000.27832
batch	660	valid_loss	109755.694336
batch	690	valid_loss	109474.950195
batch	720	valid_loss	109107.900391
batch	750	valid_loss	108643.44043
batch	780	valid_loss	108171.016602
batch	810	valid_loss	107648.561523
batch	840	valid_loss	107415.499023
batch	870	valid_loss	107217.241211
batch	900	valid_loss	106960.297852
batch	930	valid_loss	106752.041992
batch	960	valid_loss	106561.472656
batch	990	valid_loss	106365.984375
batch	1020	valid_loss	106122.90918
batch	1050	valid_loss	105937.34082
batch	1080	valid_loss	105820.021484
batch	1110	valid_loss	105589.025391
batch	1140	valid_loss	105544.569336
batch	1170	valid_loss	105427.443359
batch	1200	valid_loss	105186.411133
batch	1230	valid_loss	105092.765625
batch	1260	valid_loss	104912.243164
batch	1290	valid_loss	104789.40918
batch	1320	valid_loss	104674.744141
batch	1350	valid_loss	104519.859375
batch	1380	valid_loss	104437.108398
batch	1410	valid_loss	104197.423828
batch	1440	valid_loss	104002.449219
batch	1470	valid_loss	103850.161133
batch	1500	valid_loss	103583.003906
batch	1530	valid_loss	103270.813477
batch	1560	valid_loss	102746.300781
batch	1590	valid_loss	102282.082031
batch	1620	valid_loss	101869.546875
batch	1650	valid_loss	101310.378906
batch	1680	valid_loss	100848.978516
batch	1710	valid_loss	100341.431641
batch	1740	valid_loss	99673.6591797
batch	1770	valid_loss	99247.3242188
batch	1800	valid_loss	98670.4365234
batch	1830	valid_loss	98102.3486328
batch	1860	valid_loss	97452.5400391
batch	1890	valid_loss	97007.8056641
batch	1920	valid_loss	96334.2294922
batch	1950	valid_loss	95867.3037109
batch	1980	valid_loss	95432.5185547
batch	2010	valid_loss	94928.3945312
batch	2040	valid_loss	94519.1523438
batch	2070	valid_loss	94144.4873047
batch	2100	valid_loss	93583.1582031
batch	2130	valid_loss	93260.9389648
batch	2160	valid_loss	92757.3671875
batch	2190	valid_loss	92338.6894531
batch	2220	valid_loss	92009.8383789
batch	2250	valid_loss	91722.4956055
batch	2280	valid_loss	91180.5380859
batch	2310	valid_loss	90906.1884766
batch	2340	valid_loss	90681.5424805
batch	2370	valid_loss	90097.8325195
batch	2400	valid_loss	89848.5629883
batch	2430	valid_loss	89510.9370117
batch	2460	valid_loss	89018.0229492
batch	2490	valid_loss	88758.7709961
batch	2520	valid_loss	88348.8618164
batch	2550	valid_loss	88058.6279297
batch	2580	valid_loss	87636.7246094
batch	2610	valid_loss	87363.5332031
batch	2640	valid_loss	87133.9814453
batch	2670	valid_loss	86516.1557617
batch	2700	valid_loss	86224.6274414
batch	2730	valid_loss	85775.3325195
batch	2760	valid_loss	85601.7177734
batch	2790	valid_loss	85450.5800781
batch	2820	valid_loss	84828.9921875
batch	2850	valid_loss	84591.7412109
batch	2880	valid_loss	84133.890625
batch	2910	valid_loss	83853.4287109
batch	2940	valid_loss	83535.7421875
batch	2970	valid_loss	83332.3417969
batch	3000	valid_loss	83110.8110352
batch	3030	valid_loss	82566.0087891
batch	3060	valid_loss	82342.8505859
batch	3090	valid_loss	81980.0947266
batch	3120	valid_loss	81728.7421875
batch	3150	valid_loss	81385.2895508
batch	3180	valid_loss	81476.2294922
batch	3210	valid_loss	80764.3051758
batch	3240	valid_loss	80656.5722656
batch	3270	valid_loss	80400.503418
batch	3300	valid_loss	80597.8510742
batch	3330	valid_loss	80082.1645508
batch	3360	valid_loss	79775.0039062
batch	3390	valid_loss	79407.9169922
batch	3420	valid_loss	79189.3208008
batch	3450	valid_loss	79225.3911133
batch	3480	valid_loss	78614.9414062
batch	3510	valid_loss	78483.2758789
batch	3540	valid_loss	78447.4599609
batch	3570	valid_loss	78259.409668
batch	3600	valid_loss	77893.8413086
batch	3630	valid_loss	77686.5610352
batch	3660	valid_loss	77786.6157227
batch	3690	valid_loss	77586.0605469
batch	3720	valid_loss	77235.7246094
batch	3750	valid_loss	76953.9467773
batch	3780	valid_loss	76806.0600586
batch	3810	valid_loss	76648.909668
batch	3840	valid_loss	76538.7807617
batch	3870	valid_loss	76308.1210938
batch	3900	valid_loss	76139.8540039
batch	3930	valid_loss	76872.9868164
batch	3960	valid_loss	75890.6455078
batch	3990	valid_loss	75565.8408203
batch	4020	valid_loss	75356.7539062
batch	4050	valid_loss	75273.046875
batch	4080	valid_loss	75428.2587891
batch	4110	valid_loss	74913.8251953
batch	4140	valid_loss	74765.7470703
batch	4170	valid_loss	74639.9833984
batch	4200	valid_loss	74856.293457
batch	4230	valid_loss	74389.4311523
batch	4260	valid_loss	74110.1904297
batch	4290	valid_loss	74085.9804688
batch	4320	valid_loss	73796.0981445
batch	4350	valid_loss	74686.8037109
batch	4380	valid_loss	73499.8505859
batch	4410	valid_loss	73309.0175781
batch	4440	valid_loss	73317.7880859
batch	4470	valid_loss	73164.6176758
batch	4500	valid_loss	72873.8891602
batch	4530	valid_loss	72722.3632812
batch	4560	valid_loss	72881.6474609
batch	4590	valid_loss	72472.765625
batch	4620	valid_loss	72400.0507812
batch	4650	valid_loss	72492.1689453
batch	4680	valid_loss	72118.5258789
batch	4710	valid_loss	71850.8662109
batch	4740	valid_loss	71951.2138672
batch	4770	valid_loss	71874.5585938
batch	4800	valid_loss	72039.0874023
batch	4830	valid_loss	71379.4790039
batch	4860	valid_loss	72053.6665039
batch	4890	valid_loss	71155.3168945
batch	4920	valid_loss	70904.7944336
batch	4950	valid_loss	72080.2924805
batch	4980	valid_loss	70922.4726562
batch	5010	valid_loss	70836.6796875
batch	5040	valid_loss	70439.1323242
batch	5070	valid_loss	70436.8466797
batch	5100	valid_loss	70367.6850586
batch	5130	valid_loss	70178.7724609
batch	5160	valid_loss	70073.6362305
batch	5190	valid_loss	70003.9243164
batch	5220	valid_loss	70180.9355469
batch	5250	valid_loss	70002.0117188
batch	5280	valid_loss	69834.9960938
batch	5310	valid_loss	69624.7788086
batch	5340	valid_loss	69431.8115234
batch	5370	valid_loss	70039.4882812
batch	5400	valid_loss	69380.3144531
batch	5430	valid_loss	69395.3344727
batch	5460	valid_loss	69217.0063477
batch	5490	valid_loss	70678.6489258
batch	5520	valid_loss	69025.253418
batch	5550	valid_loss	68945.8759766
batch	5580	valid_loss	68811.9311523
batch	5610	valid_loss	68762.6186523
batch	5640	valid_loss	68639.0595703
batch	5670	valid_loss	68789.4208984
batch	5700	valid_loss	68459.3671875
batch	5730	valid_loss	68485.0141602
batch	5760	valid_loss	68657.7407227
batch	5790	valid_loss	68169.6923828
batch	5820	valid_loss	68381.5219727
batch	5850	valid_loss	68017.4248047
batch	5880	valid_loss	68685.8925781
batch	5910	valid_loss	67830.5185547
batch	5940	valid_loss	67848.2841797
batch	5970	valid_loss	67711.8212891
batch	6000	valid_loss	67553.9589844
batch	6030	valid_loss	68203.4008789
batch	6060	valid_loss	67407.4736328
batch	6090	valid_loss	67613.6811523
batch	6120	valid_loss	67308.0258789
batch	6150	valid_loss	67200.3144531
batch	6180	valid_loss	67202.8266602
batch	6210	valid_loss	67219.0483398
batch	6240	valid_loss	67670.543457
batch	6270	valid_loss	66753.7319336
batch	6300	valid_loss	66729.4433594
batch	6330	valid_loss	66634.4794922
batch	6360	valid_loss	66613.434082
batch	6390	valid_loss	66720.6601562
batch	6420	valid_loss	66405.7197266
batch	6450	valid_loss	66382.09375
batch	6480	valid_loss	66429.0629883
batch	6510	valid_loss	66219.5756836
batch	6540	valid_loss	66052.6679688
batch	6570	valid_loss	66412.53125
batch	6600	valid_loss	65903.7216797
batch	6630	valid_loss	68310.6420898
batch	6660	valid_loss	65981.262207
batch	6690	valid_loss	65661.5776367
batch	6720	valid_loss	65659.4316406
batch	6750	valid_loss	65897.300293
batch	6780	valid_loss	65570.9643555
batch	6810	valid_loss	65887.9379883
batch	6840	valid_loss	65998.3134766
batch	6870	valid_loss	65185.534668
batch	6900	valid_loss	65138.7539062
batch	6930	valid_loss	65181.6953125
batch	6960	valid_loss	65378.0581055
batch	6990	valid_loss	64872.0078125
batch	7020	valid_loss	64939.269043
batch	7050	valid_loss	65129.9726562
batch	7080	valid_loss	64864.7700195
batch	7110	valid_loss	64891.0859375
batch	7140	valid_loss	65398.9008789
batch	7170	valid_loss	64551.6401367
batch	7200	valid_loss	64666.0878906
batch	7230	valid_loss	64506.4145508
batch	7260	valid_loss	66763.4106445
batch	7290	valid_loss	64383.5483398
batch	7320	valid_loss	64264.7949219
batch	7350	valid_loss	64307.7929688
batch	7380	valid_loss	64364.0380859
batch	7410	valid_loss	64078.2832031
batch	7440	valid_loss	64087.3901367
batch	7470	valid_loss	64472.0927734
batch	7500	valid_loss	63973.3491211
batch	7530	valid_loss	63858.3378906
batch	7560	valid_loss	63870.4868164
batch	7590	valid_loss	64146.5527344
batch	7620	valid_loss	63750.8364258
batch	7650	valid_loss	63702.1220703
batch	7680	valid_loss	65866.1987305
batch	7710	valid_loss	63585.5146484
batch	7740	valid_loss	63584.5869141
batch	7770	valid_loss	63440.8876953
batch	7800	valid_loss	63866.6264648
batch	7830	valid_loss	63285.359375
batch	7860	valid_loss	63401.6113281
batch	7890	valid_loss	63319.2529297
batch	7920	valid_loss	63221.0209961
batch	7950	valid_loss	63202.2167969
batch	7980	valid_loss	63137.7119141
batch	8010	valid_loss	63315.3022461
batch	8040	valid_loss	62958.9960938
batch	8070	valid_loss	63031.7597656
batch	8100	valid_loss	63396.4677734
batch	8130	valid_loss	63019.984375
batch	8160	valid_loss	62719.581543
batch	8190	valid_loss	62953.7094727
batch	8220	valid_loss	62836.0273438
batch	8250	valid_loss	62529.5830078
batch	8280	valid_loss	62509.5708008
batch	8310	valid_loss	62671.7358398
batch	8340	valid_loss	62515.1118164
batch	8370	valid_loss	62428.9414062
batch	8400	valid_loss	62354.2412109
batch	8430	valid_loss	63027.9116211
batch	8460	valid_loss	62214.1889648
batch	8490	valid_loss	62140.6245117
batch	8520	valid_loss	62013.5336914
batch	8550	valid_loss	62054.5478516
batch	8580	valid_loss	62125.421875
batch	8610	valid_loss	62017.5737305
batch	8640	valid_loss	61914.6782227
batch	8670	valid_loss	62042.1376953
batch	8700	valid_loss	61770.434082
batch	8730	valid_loss	61741.3398438
batch	8760	valid_loss	61691.2431641
batch	8790	valid_loss	61989.3540039
batch	8820	valid_loss	61546.090332
batch	8850	valid_loss	65547.7197266
batch	8880	valid_loss	61523.4248047
batch	8910	valid_loss	61382.3085938
batch	8940	valid_loss	61438.5380859
batch	8970	valid_loss	61436.0913086
batch	9000	valid_loss	61538.7919922
batch	9030	valid_loss	61193.9370117
batch	9060	valid_loss	61590.9130859
batch	9090	valid_loss	61182.2885742
batch	9120	valid_loss	62920.6469727
batch	9150	valid_loss	61196.8798828
batch	9180	valid_loss	61057.5180664
batch	9210	valid_loss	61004.5336914
batch	9240	valid_loss	60867.3344727
batch	9270	valid_loss	60931.8115234
batch	9300	valid_loss	60915.0712891
batch	9330	valid_loss	62431.5947266
batch	9360	valid_loss	61012.8427734
batch	9390	valid_loss	60725.4306641
batch	9420	valid_loss	60624.2695312
batch	9450	valid_loss	61269.4223633
batch	9480	valid_loss	60582.1523438
batch	9510	valid_loss	60724.6640625
batch	9540	valid_loss	60595.7202148
batch	9570	valid_loss	60980.7895508
batch	9600	valid_loss	60400.0253906
batch	9630	valid_loss	60323.5917969
batch	9660	valid_loss	60952.9165039
batch	9690	valid_loss	60640.3491211
batch	9720	valid_loss	60188.9941406
batch	9750	valid_loss	60114.1958008
batch	9780	valid_loss	60073.6108398
batch	9810	valid_loss	59991.4165039
batch	9840	valid_loss	60005.5864258
batch	9870	valid_loss	59990.6669922
batch	9900	valid_loss	60498.4091797
batch	9930	valid_loss	59804.7783203
batch	9960	valid_loss	59870.4428711
batch	9990	valid_loss	60343.8999023
batch	10020	valid_loss	59582.1894531
batch	10050	valid_loss	59693.4487305
batch	10080	valid_loss	59506.8833008
batch	10110	valid_loss	59549.8598633
batch	10140	valid_loss	59534.3613281
batch	10170	valid_loss	59364.1787109
batch	10200	valid_loss	59326.5209961
batch	10230	valid_loss	59233.21875
batch	10260	valid_loss	59231.0742188
batch	10290	valid_loss	59390.440918
batch	10320	valid_loss	59073.8959961
batch	10350	valid_loss	59189.1044922
batch	10380	valid_loss	59197.5297852
batch	10410	valid_loss	59057.6201172
batch	10440	valid_loss	58972.3510742
batch	10470	valid_loss	59683.3100586
batch	10500	valid_loss	59122.5166016
batch	10530	valid_loss	58862.7373047
batch	10560	valid_loss	58900.4453125
batch	10590	valid_loss	59191.3212891
batch	10620	valid_loss	58893.1171875
batch	10650	valid_loss	59281.684082
batch	10680	valid_loss	58743.8886719
batch	10710	valid_loss	58811.9663086
batch	10740	valid_loss	58851.2006836
batch	10770	valid_loss	58746.7861328
batch	10800	valid_loss	58685.0825195
batch	10830	valid_loss	58601.1806641
batch	10860	valid_loss	58576.5766602
batch	10890	valid_loss	58694.4555664
batch	10920	valid_loss	58499.5380859
batch	10950	valid_loss	58517.9433594
batch	10980	valid_loss	58491.8476562
batch	11010	valid_loss	58667.4814453
batch	11040	valid_loss	58377.5537109
batch	11070	valid_loss	58387.362793
batch	11100	valid_loss	58343.2836914
batch	11130	valid_loss	58319.9335938
batch	11160	valid_loss	58256.2470703
batch	11190	valid_loss	58189.1665039
batch	11220	valid_loss	58170.6186523
batch	11250	valid_loss	58304.8398438
batch	11280	valid_loss	58444.9790039
batch	11310	valid_loss	58184.7475586
batch	11340	valid_loss	58002.5175781
batch	11370	valid_loss	58050.5761719
batch	11400	valid_loss	57960.934082
batch	11430	valid_loss	57921.9414062
batch	11460	valid_loss	57835.0043945
batch	11490	valid_loss	57792.5073242
batch	11520	valid_loss	58149.9189453
batch	11550	valid_loss	57709.6899414
batch	11580	valid_loss	57770.4287109
batch	11610	valid_loss	57680.2211914
batch	11640	valid_loss	57519.1660156
batch	11670	valid_loss	59868.4208984
batch	11700	valid_loss	57494.2138672
batch	11730	valid_loss	57388.0039062
batch	11760	valid_loss	57363.6801758
batch	11790	valid_loss	57308.4189453
batch	11820	valid_loss	57228.2363281
batch	11850	valid_loss	57262.0644531
batch	11880	valid_loss	57089.1430664
batch	11910	valid_loss	57121.6645508
batch	11940	valid_loss	57109.0874023
batch	11970	valid_loss	57103.5014648
batch	12000	valid_loss	57434.1591797
batch	12030	valid_loss	56879.1420898
batch	12060	valid_loss	56898.1621094
batch	12090	valid_loss	56767.0527344
batch	12120	valid_loss	57091.7675781
batch	12150	valid_loss	57637.2416992
batch	12180	valid_loss	56761.1083984
batch	12210	valid_loss	56590.3041992
batch	12240	valid_loss	56509.5429688
batch	12270	valid_loss	56519.3085938
batch	12300	valid_loss	56505.5463867
batch	12330	valid_loss	56717.8442383
batch	12360	valid_loss	56734.3823242
batch	12390	valid_loss	56444.1064453
batch	12420	valid_loss	56325.5527344
batch	12450	valid_loss	56294.0307617
batch	12480	valid_loss	56277.8046875
batch	12510	valid_loss	56155.2612305
batch	12540	valid_loss	56147.1401367
batch	12570	valid_loss	56126.7270508
batch	12600	valid_loss	56072.2802734
batch	12630	valid_loss	56452.7626953
batch	12660	valid_loss	56327.9790039
batch	12690	valid_loss	56352.8911133
batch	12720	valid_loss	56014.7963867
batch	12750	valid_loss	56111.4892578
batch	12780	valid_loss	55927.7875977
batch	12810	valid_loss	55805.8349609
batch	12840	valid_loss	55724.3813477
batch	12870	valid_loss	55673.6162109
batch	12900	valid_loss	55688.2416992
batch	12930	valid_loss	55789.421875
batch	12960	valid_loss	55871.3388672
batch	12990	valid_loss	55593.1733398
batch	13020	valid_loss	55471.1860352
batch	13050	valid_loss	55470.4580078
batch	13080	valid_loss	55382.0307617
batch	13110	valid_loss	55650.7421875
batch	13140	valid_loss	55368.9345703
batch	13170	valid_loss	55405.324707
batch	13200	valid_loss	55236.9956055
batch	13230	valid_loss	55173.3095703
batch	13260	valid_loss	55294.9155273
batch	13290	valid_loss	55216.2460938
batch	13320	valid_loss	55064.4443359
batch	13350	valid_loss	55115.1303711
batch	13380	valid_loss	54935.7490234
batch	13410	valid_loss	55220.9243164
batch	13440	valid_loss	54902.1025391
batch	13470	valid_loss	54900.2099609
batch	13500	valid_loss	55095.7421875
batch	13530	valid_loss	54865.3686523
batch	13560	valid_loss	55171.4321289
batch	13590	valid_loss	54787.9487305
batch	13620	valid_loss	54891.7114258
batch	13650	valid_loss	54652.887207
batch	13680	valid_loss	54606.7597656
batch	13710	valid_loss	54756.8256836
batch	13740	valid_loss	54631.8442383
batch	13770	valid_loss	54613.6293945
batch	13800	valid_loss	54428.8857422
batch	13830	valid_loss	54465.7089844
batch	13860	valid_loss	54851.1723633
batch	13890	valid_loss	54396.0175781
batch	13920	valid_loss	54430.2128906
batch	13950	valid_loss	54340.8378906
batch	13980	valid_loss	54235.3178711
batch	14010	valid_loss	54989.8569336
batch	14040	valid_loss	54379.1318359
batch	14070	valid_loss	54050.5996094
batch	14100	valid_loss	54083.4936523
batch	14130	valid_loss	54000.0761719
batch	14160	valid_loss	54079.1376953
batch	14190	valid_loss	54439.8251953
batch	14220	valid_loss	53883.4394531
batch	14250	valid_loss	53921.3168945
batch	14280	valid_loss	53822.0019531
batch	14310	valid_loss	53882.4057617
batch	14340	valid_loss	53842.0053711
batch	14370	valid_loss	53773.2304688
batch	14400	valid_loss	53962.1113281
batch	14430	valid_loss	53589.2021484
batch	14460	valid_loss	53713.7041016
batch	14490	valid_loss	54919.0654297
batch	14520	valid_loss	53523.5732422
batch	14550	valid_loss	53545.9365234
batch	14580	valid_loss	53323.3818359
batch	14610	valid_loss	53290.0541992
batch	14640	valid_loss	53525.2597656
batch	14670	valid_loss	53176.2006836
batch	14700	valid_loss	53318.7666016
batch	14730	valid_loss	53071.1015625
batch	14760	valid_loss	52991.9140625
batch	14790	valid_loss	53032.1337891
batch	14820	valid_loss	52967.5761719
batch	14850	valid_loss	53046.7148438
batch	14880	valid_loss	52971.1113281
batch	14910	valid_loss	52843.0708008
batch	14940	valid_loss	53312.0170898
batch	14970	valid_loss	52708.1557617
batch	15000	valid_loss	52641.4360352
batch	15030	valid_loss	52772.425293
batch	15060	valid_loss	52629.0693359
batch	15090	valid_loss	52574.3793945
batch	15120	valid_loss	53150.7128906
batch	15150	valid_loss	52460.5922852
batch	15180	valid_loss	52415.6503906
batch	15210	valid_loss	52360.0195312
batch	15240	valid_loss	52282.0366211
batch	15270	valid_loss	53372.5717773
batch	15300	valid_loss	52193.690918
batch	15330	valid_loss	52133.4169922
batch	15360	valid_loss	52113.1757812
batch	15390	valid_loss	52585.9516602
batch	15420	valid_loss	52053.6289062
batch	15450	valid_loss	51979.6113281
batch	15480	valid_loss	52187.7773438
batch	15510	valid_loss	52081.3979492
batch	15540	valid_loss	51836.9819336
batch	15570	valid_loss	52028.9130859
batch	15600	valid_loss	51855.0170898
batch	15630	valid_loss	51949.7158203
batch	15660	valid_loss	52133.8554688
batch	15690	valid_loss	52045.28125
batch	15720	valid_loss	51561.3632812
batch	15750	valid_loss	51622.324707
batch	15780	valid_loss	51531.8237305
batch	15810	valid_loss	51399.5961914
batch	15840	valid_loss	51376.6347656
batch	15870	valid_loss	51304.5454102
batch	15900	valid_loss	51623.0473633
batch	15930	valid_loss	51542.2094727
batch	15960	valid_loss	51212.3007812
batch	15990	valid_loss	51080.9091797
batch	16020	valid_loss	51148.2050781
batch	16050	valid_loss	51111.4916992
batch	16080	valid_loss	51129.8764648
batch	16110	valid_loss	50953.4350586
batch	16140	valid_loss	50873.7509766
batch	16170	valid_loss	51185.7695312
batch	16200	valid_loss	50892.4584961
batch	16230	valid_loss	50787.5341797
batch	16260	valid_loss	51115.3476562
batch	16290	valid_loss	50613.0439453
batch	16320	valid_loss	50807.5263672
batch	16350	valid_loss	50562.0454102
batch	16380	valid_loss	50590.7397461
batch	16410	valid_loss	50442.5605469
batch	16440	valid_loss	50454.105957
batch	16470	valid_loss	50366.9033203
batch	16500	valid_loss	50584.6459961
batch	16530	valid_loss	50280.3339844
batch	16560	valid_loss	50656.3251953
batch	16590	valid_loss	50296.7763672
batch	16620	valid_loss	50610.4458008
batch	16650	valid_loss	50173.1992188
batch	16680	valid_loss	50694.8701172
batch	16710	valid_loss	50220.4931641
batch	16740	valid_loss	50060.7485352
batch	16770	valid_loss	50130.2270508
batch	16800	valid_loss	49879.1191406
batch	16830	valid_loss	52131.6992188
batch	16860	valid_loss	49904.6616211
batch	16890	valid_loss	49811.2319336
batch	16920	valid_loss	49997.0825195
batch	16950	valid_loss	49709.8344727
batch	16980	valid_loss	49751.597168
batch	17010	valid_loss	50305.2915039
batch	17040	valid_loss	49571.3383789
batch	17070	valid_loss	49543.6303711
batch	17100	valid_loss	49504.2089844
batch	17130	valid_loss	49566.6269531
batch	17160	valid_loss	49575.3310547
batch	17190	valid_loss	49474.265625
batch	17220	valid_loss	49325.890625
batch	17250	valid_loss	49439.1606445
batch	17280	valid_loss	49287.2207031
batch	17310	valid_loss	49309.105957
batch	17340	valid_loss	49774.0649414
batch	17370	valid_loss	49174.7866211
batch	17400	valid_loss	49079.0361328
batch	17430	valid_loss	50876.2890625
batch	17460	valid_loss	49000.7104492
batch	17490	valid_loss	49110.034668
batch	17520	valid_loss	48917.9746094
batch	17550	valid_loss	49118.8681641
batch	17580	valid_loss	48908.1469727
batch	17610	valid_loss	50390.5737305
batch	17640	valid_loss	48814.1870117
batch	17670	valid_loss	48777.9936523
batch	17700	valid_loss	48664.9423828
batch	17730	valid_loss	48858.3422852
batch	17760	valid_loss	48820.1992188
batch	17790	valid_loss	48603.1098633
batch	17820	valid_loss	48611.2573242
batch	17850	valid_loss	48546.5786133
batch	17880	valid_loss	48811.3051758
batch	17910	valid_loss	48511.8173828
batch	17940	valid_loss	48414.4692383
batch	17970	valid_loss	48325.097168
batch	18000	valid_loss	48401.2006836
batch	18030	valid_loss	48296.3896484
batch	18060	valid_loss	49027.8911133
batch	18090	valid_loss	48215.8417969
batch	18120	valid_loss	48311.5253906
batch	18150	valid_loss	48235.0141602
batch	18180	valid_loss	48102.6064453
batch	18210	valid_loss	48268.1655273
batch	18240	valid_loss	48064.8867188
batch	18270	valid_loss	48165.5839844
batch	18300	valid_loss	48046.8701172
batch	18330	valid_loss	47982.628418
batch	18360	valid_loss	48503.9897461
batch	18390	valid_loss	48034.2236328
batch	18420	valid_loss	47875.9208984
batch	18450	valid_loss	47838.7548828
batch	18480	valid_loss	47814.3530273
batch	18510	valid_loss	47861.8447266
batch	18540	valid_loss	47756.6533203
batch	18570	valid_loss	48036.6152344
batch	18600	valid_loss	47644.0263672
batch	18630	valid_loss	47685.809082
batch	18660	valid_loss	47554.2944336
batch	18690	valid_loss	47516.7768555
batch	18720	valid_loss	47832.2856445
batch	18750	valid_loss	47590.3222656
batch	18780	valid_loss	47835.8359375
batch	18810	valid_loss	47654.9262695
batch	18840	valid_loss	47381.1801758
batch	18870	valid_loss	47313.3505859
batch	18900	valid_loss	47223.0898438
batch	18930	valid_loss	47257.1293945
batch	18960	valid_loss	47404.0175781
batch	18990	valid_loss	47035.0576172
batch	19020	valid_loss	47014.6245117
batch	19050	valid_loss	47017.734375
batch	19080	valid_loss	47824.9731445
batch	19110	valid_loss	47067.9604492
batch	19140	valid_loss	46982.3881836
batch	19170	valid_loss	47037.2460938
batch	19200	valid_loss	46837.2392578
batch	19230	valid_loss	46876.8369141
batch	19260	valid_loss	46899.0078125
batch	19290	valid_loss	46666.8095703
batch	19320	valid_loss	46727.8007812
batch	19350	valid_loss	46791.0615234
batch	19380	valid_loss	46627.9501953
batch	19410	valid_loss	46453.0090332
batch	19440	valid_loss	46536.578125
batch	19470	valid_loss	46481.9711914
batch	19500	valid_loss	46401.7961426
batch	19530	valid_loss	46507.9609375
batch	19560	valid_loss	46391.9458008
batch	19590	valid_loss	46468.9335938
batch	19620	valid_loss	46210.8896484
batch	19650	valid_loss	46286.7243652
batch	19680	valid_loss	46146.1774902
batch	19710	valid_loss	46357.7324219
batch	19740	valid_loss	46698.527832
batch	19770	valid_loss	46056.3591309
batch	19800	valid_loss	45982.2890625
batch	19830	valid_loss	46021.9804688
batch	19860	valid_loss	45938.427002
batch	19890	valid_loss	46425.4814453
batch	19920	valid_loss	45794.6435547
batch	19950	valid_loss	45782.1943359
batch	19980	valid_loss	45817.4660645
batch	20010	valid_loss	46174.6516113
batch	20040	valid_loss	45597.2915039
batch	20070	valid_loss	45696.734375
batch	20100	valid_loss	45611.7043457
batch	20130	valid_loss	45571.0634766
batch	20160	valid_loss	45514.0805664
batch	20190	valid_loss	45439.8647461
batch	20220	valid_loss	45630.8706055
batch	20250	valid_loss	45389.0129395
batch	20280	valid_loss	45304.0322266
batch	20310	valid_loss	45309.9743652
batch	20340	valid_loss	45299.9624023
batch	20370	valid_loss	45181.6650391
batch	20400	valid_loss	45193.6447754
batch	20430	valid_loss	45142.8222656
batch	20460	valid_loss	45056.994873
batch	20490	valid_loss	45016.1865234
batch	20520	valid_loss	45622.3571777
batch	20550	valid_loss	44867.1748047
batch	20580	valid_loss	44914.3361816
batch	20610	valid_loss	44905.3925781
batch	20640	valid_loss	44820.5959473
batch	20670	valid_loss	44761.1289062
batch	20700	valid_loss	44727.6560059
batch	20730	valid_loss	45477.0063477
batch	20760	valid_loss	45120.1513672
batch	20790	valid_loss	44719.3452148
batch	20820	valid_loss	44580.1472168
batch	20850	valid_loss	44593.5913086
batch	20880	valid_loss	44523.5891113
batch	20910	valid_loss	44734.8122559
batch	20940	valid_loss	44461.2102051
batch	20970	valid_loss	44338.7600098
batch	21000	valid_loss	44414.3508301
batch	21030	valid_loss	44382.1499023
batch	21060	valid_loss	44276.1606445
batch	21090	valid_loss	44348.7541504
batch	21120	valid_loss	44114.0087891
batch	21150	valid_loss	44108.2019043
batch	21180	valid_loss	44248.2055664
batch	21210	valid_loss	44100.8991699
batch	21240	valid_loss	44154.5627441
batch	21270	valid_loss	44028.4863281
batch	21300	valid_loss	43922.6848145
batch	21330	valid_loss	43903.979248
batch	21360	valid_loss	43884.2355957
batch	21390	valid_loss	43858.6235352
batch	21420	valid_loss	43829.4624023
batch	21450	valid_loss	43935.7358398
batch	21480	valid_loss	43800.9882812
batch	21510	valid_loss	43850.8046875
batch	21540	valid_loss	44062.947998
batch	21570	valid_loss	43547.0693359
batch	21600	valid_loss	43743.923584
batch	21630	valid_loss	43528.4567871
batch	21660	valid_loss	43545.7648926
batch	21690	valid_loss	43382.5136719
batch	21720	valid_loss	43461.4516602
batch	21750	valid_loss	43291.8903809
batch	21780	valid_loss	44004.9697266
batch	21810	valid_loss	43264.3857422
batch	21840	valid_loss	43156.4470215
batch	21870	valid_loss	43208.1340332
batch	21900	valid_loss	43190.2128906
batch	21930	valid_loss	43244.0437012
batch	21960	valid_loss	43058.7670898
batch	21990	valid_loss	43355.6518555
batch	22020	valid_loss	43008.9768066
batch	22050	valid_loss	42896.1052246
batch	22080	valid_loss	43432.7109375
batch	22110	valid_loss	42821.1369629
batch	22140	valid_loss	42809.6994629
batch	22170	valid_loss	42677.5639648
batch	22200	valid_loss	42682.2407227
batch	22230	valid_loss	42795.3208008
batch	22260	valid_loss	42586.3901367
batch	22290	valid_loss	42936.9516602
batch	22320	valid_loss	42442.7626953
batch	22350	valid_loss	42431.6164551
batch	22380	valid_loss	42436.2348633
batch	22410	valid_loss	42446.0153809
batch	22440	valid_loss	42349.6962891
batch	22470	valid_loss	42243.9206543
batch	22500	valid_loss	42311.1970215
batch	22530	valid_loss	42108.0161133
batch	22560	valid_loss	42309.8933105
batch	22590	valid_loss	42146.4597168
batch	22620	valid_loss	42179.5397949
batch	22650	valid_loss	41962.6252441
batch	22680	valid_loss	42026.7526855
batch	22710	valid_loss	42015.6425781
batch	22740	valid_loss	41873.7297363
batch	22770	valid_loss	42287.7902832
batch	22800	valid_loss	42107.5021973
batch	22830	valid_loss	41728.8625488
batch	22860	valid_loss	42073.3625488
batch	22890	valid_loss	41725.5170898
batch	22920	valid_loss	41731.6989746
batch	22950	valid_loss	41683.0822754
batch	22980	valid_loss	41630.2426758
batch	23010	valid_loss	44017.505127
batch	23040	valid_loss	41558.6809082
batch	23070	valid_loss	41449.4777832
batch	23100	valid_loss	41406.8962402
batch	23130	valid_loss	41415.5222168
batch	23160	valid_loss	41286.75
batch	23190	valid_loss	41551.7275391
batch	23220	valid_loss	41253.2207031
batch	23250	valid_loss	41524.9719238
batch	23280	valid_loss	41164.0119629
batch	23310	valid_loss	41173.614502
batch	23340	valid_loss	41262.2299805
batch	23370	valid_loss	41121.015625
batch	23400	valid_loss	41334.2900391
batch	23430	valid_loss	41138.7648926
batch	23460	valid_loss	40919.588623
batch	23490	valid_loss	40883.6079102
batch	23520	valid_loss	41000.7341309
batch	23550	valid_loss	41301.904541
batch	23580	valid_loss	40763.9050293
batch	23610	valid_loss	40971.1442871
batch	23640	valid_loss	40975.706543
batch	23670	valid_loss	40702.6962891
batch	23700	valid_loss	40813.7797852
batch	23730	valid_loss	40578.9260254
batch	23760	valid_loss	40561.9680176
batch	23790	valid_loss	40513.2431641
batch	23820	valid_loss	40523.5292969
batch	23850	valid_loss	40543.0795898
batch	23880	valid_loss	40652.390625
batch	23910	valid_loss	40326.5166016
batch	23940	valid_loss	40296.7556152
batch	23970	valid_loss	40233.8776855
batch	24000	valid_loss	40282.0744629
batch	24030	valid_loss	40839.3122559
batch	24060	valid_loss	40409.3186035
batch	24090	valid_loss	40135.2597656
batch	24120	valid_loss	40050.9553223
batch	24150	valid_loss	40219.5012207
batch	24180	valid_loss	40351.7053223
batch	24210	valid_loss	39950.526123
batch	24240	valid_loss	39858.7329102
batch	24270	valid_loss	40292.4453125
batch	24300	valid_loss	39856.2155762
batch	24330	valid_loss	39922.8395996
batch	24360	valid_loss	39782.675293
batch	24390	valid_loss	39722.6340332
batch	24420	valid_loss	39662.8737793
batch	24450	valid_loss	39746.2805176
batch	24480	valid_loss	40084.3083496
batch	24510	valid_loss	39712.4411621
batch	24540	valid_loss	39650.4130859
batch	24570	valid_loss	39727.7824707
batch	24600	valid_loss	39667.8901367
batch	24630	valid_loss	39536.3879395
batch	24660	valid_loss	39437.6083984
batch	24690	valid_loss	39453.6960449
batch	24720	valid_loss	39343.9567871
batch	24750	valid_loss	39374.4191895
batch	24780	valid_loss	39377.4787598
batch	24810	valid_loss	39507.6010742
batch	24840	valid_loss	39463.298584
batch	24870	valid_loss	39241.7990723
batch	24900	valid_loss	39176.6291504
batch	24930	valid_loss	39631.9040527
batch	24960	valid_loss	39129.3481445
batch	24990	valid_loss	39047.2504883
STOP
