START
config	660	460	180	460	660	960
batch	0	valid_loss	7015746.375
batch	30	valid_loss	149124.210938
batch	60	valid_loss	102101.939453
batch	90	valid_loss	99717.9121094
batch	120	valid_loss	99597.0214844
batch	150	valid_loss	99594.1357422
batch	180	valid_loss	99658.4511719
batch	210	valid_loss	99702.8398438
batch	240	valid_loss	99732.0673828
batch	270	valid_loss	99686.5908203
batch	300	valid_loss	99686.1201172
batch	330	valid_loss	99684.7138672
batch	360	valid_loss	99784.8583984
batch	390	valid_loss	99717.9726562
batch	420	valid_loss	99708.2138672
batch	450	valid_loss	99727.6054688
batch	480	valid_loss	99727.6533203
batch	510	valid_loss	99723.4355469
batch	540	valid_loss	99812.7636719
batch	570	valid_loss	99852.3964844
batch	600	valid_loss	99690.7431641
batch	630	valid_loss	99373.84375
batch	660	valid_loss	98692.0761719
batch	690	valid_loss	97033.6054688
batch	720	valid_loss	94206.3173828
batch	750	valid_loss	92036.7426758
batch	780	valid_loss	91209.253418
batch	810	valid_loss	90772.9458008
batch	840	valid_loss	90451.3994141
batch	870	valid_loss	90278.0649414
batch	900	valid_loss	89943.7138672
batch	930	valid_loss	89533.0952148
batch	960	valid_loss	89183.1577148
batch	990	valid_loss	88812.7055664
batch	1020	valid_loss	88419.6743164
batch	1050	valid_loss	88085.0532227
batch	1080	valid_loss	87920.9980469
batch	1110	valid_loss	87632.8793945
batch	1140	valid_loss	87416.0024414
batch	1170	valid_loss	87320.6708984
batch	1200	valid_loss	87122.9692383
batch	1230	valid_loss	86990.4257812
batch	1260	valid_loss	86797.7734375
batch	1290	valid_loss	86738.5249023
batch	1320	valid_loss	86662.0688477
batch	1350	valid_loss	86375.5859375
batch	1380	valid_loss	86286.234375
batch	1410	valid_loss	86133.3413086
batch	1440	valid_loss	85826.640625
batch	1470	valid_loss	85474.7768555
batch	1500	valid_loss	85042.2763672
batch	1530	valid_loss	84554.7426758
batch	1560	valid_loss	83917.6791992
batch	1590	valid_loss	83394.2563477
batch	1620	valid_loss	82710.8466797
batch	1650	valid_loss	82112.4145508
batch	1680	valid_loss	81436.2299805
batch	1710	valid_loss	80896.7578125
batch	1740	valid_loss	80300.7929688
batch	1770	valid_loss	79753.7104492
batch	1800	valid_loss	79102.0400391
batch	1830	valid_loss	78539.2055664
batch	1860	valid_loss	78013.0756836
batch	1890	valid_loss	77599.2714844
batch	1920	valid_loss	77144.9101562
batch	1950	valid_loss	76668.3344727
batch	1980	valid_loss	76156.8964844
batch	2010	valid_loss	75361.6411133
batch	2040	valid_loss	75037.1621094
batch	2070	valid_loss	74193.6923828
batch	2100	valid_loss	73797.2416992
batch	2130	valid_loss	73142.7397461
batch	2160	valid_loss	72917.0927734
batch	2190	valid_loss	72390.9018555
batch	2220	valid_loss	71522.7827148
batch	2250	valid_loss	71014.4780273
batch	2280	valid_loss	70410.6381836
batch	2310	valid_loss	70214.0458984
batch	2340	valid_loss	69446.375
batch	2370	valid_loss	72260.1826172
batch	2400	valid_loss	68734.8056641
batch	2430	valid_loss	68067.0703125
batch	2460	valid_loss	67822.3012695
batch	2490	valid_loss	67415.5458984
batch	2520	valid_loss	66972.5698242
batch	2550	valid_loss	66561.340332
batch	2580	valid_loss	67005.6782227
batch	2610	valid_loss	65745.6865234
batch	2640	valid_loss	65386.6503906
batch	2670	valid_loss	65261.6088867
batch	2700	valid_loss	64881.472168
batch	2730	valid_loss	64402.3662109
batch	2760	valid_loss	64018.9560547
batch	2790	valid_loss	63625.7929688
batch	2820	valid_loss	63297.0014648
batch	2850	valid_loss	62913.2612305
batch	2880	valid_loss	62695.3271484
batch	2910	valid_loss	62558.9296875
batch	2940	valid_loss	62065.1582031
batch	2970	valid_loss	63021.8115234
batch	3000	valid_loss	61466.7900391
batch	3030	valid_loss	61102.8120117
batch	3060	valid_loss	60799.9584961
batch	3090	valid_loss	60708.0146484
batch	3120	valid_loss	60142.859375
batch	3150	valid_loss	59977.7797852
batch	3180	valid_loss	59542.0146484
batch	3210	valid_loss	60339.0014648
batch	3240	valid_loss	58996.0483398
batch	3270	valid_loss	58711.4174805
batch	3300	valid_loss	58380.9506836
batch	3330	valid_loss	60550.7900391
batch	3360	valid_loss	58251.484375
batch	3390	valid_loss	57667.5249023
batch	3420	valid_loss	57289.1259766
batch	3450	valid_loss	57649.3535156
batch	3480	valid_loss	56746.4995117
batch	3510	valid_loss	56545.1821289
batch	3540	valid_loss	56235.0976562
batch	3570	valid_loss	56033.0913086
batch	3600	valid_loss	55828.5571289
batch	3630	valid_loss	55471.5058594
batch	3660	valid_loss	55406.3095703
batch	3690	valid_loss	55317.8134766
batch	3720	valid_loss	54836.6870117
batch	3750	valid_loss	55274.4443359
batch	3780	valid_loss	54296.1337891
batch	3810	valid_loss	54143.3901367
batch	3840	valid_loss	53989.84375
batch	3870	valid_loss	53840.1821289
batch	3900	valid_loss	53487.1791992
batch	3930	valid_loss	53187.4389648
batch	3960	valid_loss	55600.6611328
batch	3990	valid_loss	52907.2783203
batch	4020	valid_loss	52707.253418
batch	4050	valid_loss	52543.3969727
batch	4080	valid_loss	52706.5224609
batch	4110	valid_loss	52068.4145508
batch	4140	valid_loss	51864.1333008
batch	4170	valid_loss	51801.7255859
batch	4200	valid_loss	53615.5737305
batch	4230	valid_loss	51625.0693359
batch	4260	valid_loss	51289.800293
batch	4290	valid_loss	51429.5185547
batch	4320	valid_loss	51077.4223633
batch	4350	valid_loss	50852.9545898
batch	4380	valid_loss	50620.0258789
batch	4410	valid_loss	50466.8828125
batch	4440	valid_loss	50823.5839844
batch	4470	valid_loss	50152.5380859
batch	4500	valid_loss	52081.6914062
batch	4530	valid_loss	49883.4345703
batch	4560	valid_loss	49699.6201172
batch	4590	valid_loss	50180.4794922
batch	4620	valid_loss	49531.2207031
batch	4650	valid_loss	50509.2558594
batch	4680	valid_loss	49017.8959961
batch	4710	valid_loss	48993.8300781
batch	4740	valid_loss	49821.1318359
batch	4770	valid_loss	48731.4951172
batch	4800	valid_loss	51019.0493164
batch	4830	valid_loss	48377.043457
batch	4860	valid_loss	48209.4072266
batch	4890	valid_loss	48964.644043
batch	4920	valid_loss	47970.3984375
batch	4950	valid_loss	47830.4013672
batch	4980	valid_loss	47708.9643555
batch	5010	valid_loss	48065.5620117
batch	5040	valid_loss	47469.5327148
batch	5070	valid_loss	47563.9936523
batch	5100	valid_loss	47117.8095703
batch	5130	valid_loss	47493.7138672
batch	5160	valid_loss	46883.9494629
batch	5190	valid_loss	48990.9345703
batch	5220	valid_loss	47117.2802734
batch	5250	valid_loss	46703.3427734
batch	5280	valid_loss	46534.9248047
batch	5310	valid_loss	50588.2114258
batch	5340	valid_loss	46348.6877441
batch	5370	valid_loss	46183.8752441
batch	5400	valid_loss	45922.0825195
batch	5430	valid_loss	48394.3579102
batch	5460	valid_loss	45829.2868652
batch	5490	valid_loss	45675.8930664
batch	5520	valid_loss	45808.5703125
batch	5550	valid_loss	47523.4130859
batch	5580	valid_loss	45419.6845703
batch	5610	valid_loss	45322.0634766
batch	5640	valid_loss	47383.1508789
batch	5670	valid_loss	45051.138916
batch	5700	valid_loss	45088.0817871
batch	5730	valid_loss	44954.6135254
batch	5760	valid_loss	44890.2224121
batch	5790	valid_loss	44604.5036621
batch	5820	valid_loss	45064.152832
batch	5850	valid_loss	44340.373291
batch	5880	valid_loss	45307.2199707
batch	5910	valid_loss	44156.6601562
batch	5940	valid_loss	43998.8647461
batch	5970	valid_loss	43886.1928711
batch	6000	valid_loss	44053.3054199
batch	6030	valid_loss	43848.2878418
batch	6060	valid_loss	43696.0637207
batch	6090	valid_loss	46048.6745605
batch	6120	valid_loss	43423.3662109
batch	6150	valid_loss	43320.3408203
batch	6180	valid_loss	43281.5302734
batch	6210	valid_loss	43099.9484863
batch	6240	valid_loss	44790.1018066
batch	6270	valid_loss	43030.9829102
batch	6300	valid_loss	42822.8952637
batch	6330	valid_loss	42746.5280762
batch	6360	valid_loss	42619.947998
batch	6390	valid_loss	43021.4995117
batch	6420	valid_loss	43132.675293
batch	6450	valid_loss	42361.0268555
batch	6480	valid_loss	42326.2600098
batch	6510	valid_loss	42297.5373535
batch	6540	valid_loss	42134.5859375
batch	6570	valid_loss	42743.6645508
batch	6600	valid_loss	42150.9682617
batch	6630	valid_loss	42214.5393066
batch	6660	valid_loss	41886.8225098
batch	6690	valid_loss	42534.6782227
batch	6720	valid_loss	41679.807373
batch	6750	valid_loss	42859.8691406
batch	6780	valid_loss	41499.8864746
batch	6810	valid_loss	41422.7663574
batch	6840	valid_loss	42483.5715332
batch	6870	valid_loss	41248.3935547
batch	6900	valid_loss	41870.565918
batch	6930	valid_loss	41153.5407715
batch	6960	valid_loss	41472.019043
batch	6990	valid_loss	41280.1904297
batch	7020	valid_loss	41170.8920898
batch	7050	valid_loss	40994.9602051
batch	7080	valid_loss	40760.0288086
batch	7110	valid_loss	40759.7019043
batch	7140	valid_loss	40677.6943359
batch	7170	valid_loss	40530.8688965
batch	7200	valid_loss	40603.3928223
batch	7230	valid_loss	40929.6496582
batch	7260	valid_loss	40333.9418945
batch	7290	valid_loss	40337.5883789
batch	7320	valid_loss	40392.8349609
batch	7350	valid_loss	40101.5290527
batch	7380	valid_loss	43543.21875
batch	7410	valid_loss	40038.4799805
batch	7440	valid_loss	39903.0454102
batch	7470	valid_loss	39908.7739258
batch	7500	valid_loss	39966.03125
batch	7530	valid_loss	39862.3120117
batch	7560	valid_loss	40928.1459961
batch	7590	valid_loss	39615.7766113
batch	7620	valid_loss	39706.7631836
batch	7650	valid_loss	39541.5080566
batch	7680	valid_loss	39440.3762207
batch	7710	valid_loss	39846.6174316
batch	7740	valid_loss	39378.220459
batch	7770	valid_loss	39349.03125
batch	7800	valid_loss	39157.7263184
batch	7830	valid_loss	39453.1787109
batch	7860	valid_loss	39306.1166992
batch	7890	valid_loss	39044.1826172
batch	7920	valid_loss	38911.5771484
batch	7950	valid_loss	39898.5273438
batch	7980	valid_loss	38913.9487305
batch	8010	valid_loss	38729.8137207
batch	8040	valid_loss	39816.5378418
batch	8070	valid_loss	39051.1833496
batch	8100	valid_loss	38598.4489746
batch	8130	valid_loss	39184.9550781
batch	8160	valid_loss	38522.0117188
batch	8190	valid_loss	39265.3532715
batch	8220	valid_loss	38496.0026855
batch	8250	valid_loss	38552.2915039
batch	8280	valid_loss	38827.7189941
batch	8310	valid_loss	38163.7019043
batch	8340	valid_loss	38344.4199219
batch	8370	valid_loss	38351.4553223
batch	8400	valid_loss	38757.1472168
batch	8430	valid_loss	38214.5354004
batch	8460	valid_loss	38492.5458984
batch	8490	valid_loss	37896.6708984
batch	8520	valid_loss	38004.0791016
batch	8550	valid_loss	37839.2304688
batch	8580	valid_loss	37796.6455078
batch	8610	valid_loss	37725.6806641
batch	8640	valid_loss	41936.4645996
batch	8670	valid_loss	37698.4821777
batch	8700	valid_loss	37713.5073242
batch	8730	valid_loss	37738.8706055
batch	8760	valid_loss	39026.276123
batch	8790	valid_loss	37549.8498535
batch	8820	valid_loss	37382.7258301
batch	8850	valid_loss	37453.9477539
batch	8880	valid_loss	37430.4150391
batch	8910	valid_loss	37314.2792969
batch	8940	valid_loss	37428.5092773
batch	8970	valid_loss	37235.1987305
batch	9000	valid_loss	38121.1369629
batch	9030	valid_loss	37178.1379395
batch	9060	valid_loss	37048.8925781
batch	9090	valid_loss	37073.0114746
batch	9120	valid_loss	37680.8015137
batch	9150	valid_loss	36877.6628418
batch	9180	valid_loss	37523.387207
batch	9210	valid_loss	37360.7087402
batch	9240	valid_loss	36790.4309082
batch	9270	valid_loss	36750.5356445
batch	9300	valid_loss	37003.8391113
batch	9330	valid_loss	36688.3752441
batch	9360	valid_loss	36638.0900879
batch	9390	valid_loss	36537.3771973
batch	9420	valid_loss	44211.7839355
batch	9450	valid_loss	36593.190918
batch	9480	valid_loss	36399.5515137
batch	9510	valid_loss	36346.0087891
batch	9540	valid_loss	36249.0432129
batch	9570	valid_loss	36367.0947266
batch	9600	valid_loss	36633.1762695
batch	9630	valid_loss	36550.723877
batch	9660	valid_loss	36122.7092285
batch	9690	valid_loss	37328.963623
batch	9720	valid_loss	36034.1223145
batch	9750	valid_loss	36019.2060547
batch	9780	valid_loss	35909.0429688
batch	9810	valid_loss	40736.4665527
batch	9840	valid_loss	35921.2753906
batch	9870	valid_loss	35707.4645996
batch	9900	valid_loss	35698.7172852
batch	9930	valid_loss	35762.6970215
batch	9960	valid_loss	35701.3337402
batch	9990	valid_loss	35764.4443359
batch	10020	valid_loss	35655.2597656
batch	10050	valid_loss	35613.9665527
batch	10080	valid_loss	35655.635498
batch	10110	valid_loss	35536.7668457
batch	10140	valid_loss	35425.9206543
batch	10170	valid_loss	35470.4086914
batch	10200	valid_loss	35276.71875
batch	10230	valid_loss	35971.1804199
batch	10260	valid_loss	35248.0339355
batch	10290	valid_loss	36922.1669922
batch	10320	valid_loss	35251.3076172
batch	10350	valid_loss	35400.6105957
batch	10380	valid_loss	35183.8950195
batch	10410	valid_loss	35096.3112793
batch	10440	valid_loss	35611.5935059
batch	10470	valid_loss	35039.4265137
batch	10500	valid_loss	35014.5097656
batch	10530	valid_loss	36003.7717285
batch	10560	valid_loss	34847.5695801
batch	10590	valid_loss	34804.7971191
batch	10620	valid_loss	34843.3713379
batch	10650	valid_loss	35183.6125488
batch	10680	valid_loss	35196.0500488
batch	10710	valid_loss	34613.385498
batch	10740	valid_loss	34619.1589355
batch	10770	valid_loss	34652.7346191
batch	10800	valid_loss	34536.1547852
batch	10830	valid_loss	35272.9223633
batch	10860	valid_loss	34469.4428711
batch	10890	valid_loss	34405.8015137
batch	10920	valid_loss	34399.3579102
batch	10950	valid_loss	34761.2717285
batch	10980	valid_loss	35860.5097656
batch	11010	valid_loss	34235.2194824
batch	11040	valid_loss	34174.0012207
batch	11070	valid_loss	36149.8442383
batch	11100	valid_loss	34146.4008789
batch	11130	valid_loss	33981.3361816
batch	11160	valid_loss	33993.6535645
batch	11190	valid_loss	34001.8381348
batch	11220	valid_loss	34731.3496094
batch	11250	valid_loss	34104.9970703
batch	11280	valid_loss	33878.7114258
batch	11310	valid_loss	34009.7995605
batch	11340	valid_loss	33783.425293
batch	11370	valid_loss	33761.9353027
batch	11400	valid_loss	33968.8989258
batch	11430	valid_loss	33582.8505859
batch	11460	valid_loss	33633.7021484
batch	11490	valid_loss	34160.7624512
batch	11520	valid_loss	33563.0075684
batch	11550	valid_loss	33715.1689453
batch	11580	valid_loss	33474.8828125
batch	11610	valid_loss	33867.0280762
batch	11640	valid_loss	33318.1166992
batch	11670	valid_loss	34608.7255859
batch	11700	valid_loss	33291.498291
batch	11730	valid_loss	35842.4553223
batch	11760	valid_loss	33340.2587891
batch	11790	valid_loss	33142.3540039
batch	11820	valid_loss	33049.1665039
batch	11850	valid_loss	32975.8088379
batch	11880	valid_loss	33107.0678711
batch	11910	valid_loss	32887.626709
batch	11940	valid_loss	33012.7722168
batch	11970	valid_loss	32857.9221191
batch	12000	valid_loss	32799.0227051
batch	12030	valid_loss	34893.8942871
batch	12060	valid_loss	32758.4077148
batch	12090	valid_loss	32693.3999023
batch	12120	valid_loss	32567.2824707
batch	12150	valid_loss	32841.9770508
batch	12180	valid_loss	32841.7480469
batch	12210	valid_loss	32392.467041
batch	12240	valid_loss	32396.0869141
batch	12270	valid_loss	32297.9655762
batch	12300	valid_loss	32310.7236328
batch	12330	valid_loss	32800.1323242
batch	12360	valid_loss	32314.4689941
batch	12390	valid_loss	32244.1083984
batch	12420	valid_loss	32437.4665527
batch	12450	valid_loss	32168.9289551
batch	12480	valid_loss	32150.4274902
batch	12510	valid_loss	32053.3374023
batch	12540	valid_loss	31986.0544434
batch	12570	valid_loss	32007.2438965
batch	12600	valid_loss	31929.9902344
batch	12630	valid_loss	32106.3359375
batch	12660	valid_loss	31841.2453613
batch	12690	valid_loss	31808.3947754
batch	12720	valid_loss	32227.9265137
batch	12750	valid_loss	31803.8378906
batch	12780	valid_loss	31618.3728027
batch	12810	valid_loss	31622.4543457
batch	12840	valid_loss	31826.1105957
batch	12870	valid_loss	31622.314209
batch	12900	valid_loss	31503.3779297
batch	12930	valid_loss	31749.8745117
batch	12960	valid_loss	31441.5043945
batch	12990	valid_loss	34404.8815918
batch	13020	valid_loss	31390.9433594
batch	13050	valid_loss	31328.3869629
batch	13080	valid_loss	31256.6870117
batch	13110	valid_loss	31211.1860352
batch	13140	valid_loss	33647.9577637
batch	13170	valid_loss	31181.3666992
batch	13200	valid_loss	31052.1689453
batch	13230	valid_loss	31607.0058594
batch	13260	valid_loss	31105.7995605
batch	13290	valid_loss	32126.7685547
batch	13320	valid_loss	31184.7375488
batch	13350	valid_loss	30976.7004395
batch	13380	valid_loss	31123.362793
batch	13410	valid_loss	30970.5256348
batch	13440	valid_loss	34970.5244141
batch	13470	valid_loss	30782.354248
batch	13500	valid_loss	30786.0307617
batch	13530	valid_loss	30660.4538574
batch	13560	valid_loss	32198.411377
batch	13590	valid_loss	30669.572998
batch	13620	valid_loss	30702.4733887
batch	13650	valid_loss	31289.7446289
batch	13680	valid_loss	30566.748291
batch	13710	valid_loss	30472.0883789
batch	13740	valid_loss	33269.0820312
batch	13770	valid_loss	30351.3444824
batch	13800	valid_loss	30404.9228516
batch	13830	valid_loss	30270.5183105
batch	13860	valid_loss	32292.0354004
batch	13890	valid_loss	30288.6774902
batch	13920	valid_loss	30231.6860352
batch	13950	valid_loss	30219.6923828
batch	13980	valid_loss	30085.2407227
batch	14010	valid_loss	30094.9248047
batch	14040	valid_loss	30148.5019531
batch	14070	valid_loss	30077.8239746
batch	14100	valid_loss	30007.8498535
batch	14130	valid_loss	29921.4477539
batch	14160	valid_loss	30395.9516602
batch	14190	valid_loss	29808.0844727
batch	14220	valid_loss	30096.5290527
batch	14250	valid_loss	29842.2299805
batch	14280	valid_loss	29710.0803223
batch	14310	valid_loss	29690.527832
batch	14340	valid_loss	29578.5063477
batch	14370	valid_loss	29772.9396973
batch	14400	valid_loss	29568.4018555
batch	14430	valid_loss	29605.7268066
batch	14460	valid_loss	29519.208252
batch	14490	valid_loss	29534.84375
batch	14520	valid_loss	29490.5512695
batch	14550	valid_loss	29516.1193848
batch	14580	valid_loss	29521.1960449
batch	14610	valid_loss	29621.4143066
batch	14640	valid_loss	29272.7333984
batch	14670	valid_loss	29703.5854492
batch	14700	valid_loss	29149.3369141
batch	14730	valid_loss	29512.6989746
batch	14760	valid_loss	29031.8547363
batch	14790	valid_loss	28972.1491699
batch	14820	valid_loss	29015.5910645
batch	14850	valid_loss	29116.420166
batch	14880	valid_loss	28827.9624023
batch	14910	valid_loss	28851.9733887
batch	14940	valid_loss	28784.4619141
batch	14970	valid_loss	28949.6201172
batch	15000	valid_loss	29712.3527832
batch	15030	valid_loss	28694.9238281
batch	15060	valid_loss	28793.8811035
batch	15090	valid_loss	28630.6538086
batch	15120	valid_loss	28524.0300293
batch	15150	valid_loss	28825.4169922
batch	15180	valid_loss	28574.0231934
batch	15210	valid_loss	28438.2946777
batch	15240	valid_loss	30082.0629883
batch	15270	valid_loss	28537.8408203
batch	15300	valid_loss	28341.3637695
batch	15330	valid_loss	28265.5539551
batch	15360	valid_loss	28235.2021484
batch	15390	valid_loss	28336.0146484
batch	15420	valid_loss	28195.1181641
batch	15450	valid_loss	28130.6972656
batch	15480	valid_loss	28071.5620117
batch	15510	valid_loss	28320.3671875
batch	15540	valid_loss	27967.425293
batch	15570	valid_loss	28509.869873
batch	15600	valid_loss	28017.8579102
batch	15630	valid_loss	27885.628418
batch	15660	valid_loss	27824.9484863
batch	15690	valid_loss	28258.7246094
batch	15720	valid_loss	27766.8896484
batch	15750	valid_loss	27676.3503418
batch	15780	valid_loss	28175.3640137
batch	15810	valid_loss	27787.4536133
batch	15840	valid_loss	27615.6994629
batch	15870	valid_loss	27653.8459473
batch	15900	valid_loss	27925.9064941
batch	15930	valid_loss	27594.8508301
batch	15960	valid_loss	27531.5461426
batch	15990	valid_loss	27721.3955078
batch	16020	valid_loss	27414.8659668
batch	16050	valid_loss	27306.7861328
batch	16080	valid_loss	27379.8974609
batch	16110	valid_loss	27395.0461426
batch	16140	valid_loss	27205.7941895
batch	16170	valid_loss	27188.0847168
batch	16200	valid_loss	28025.9316406
batch	16230	valid_loss	27147.5727539
batch	16260	valid_loss	27028.2797852
batch	16290	valid_loss	27059.7399902
batch	16320	valid_loss	26884.2163086
batch	16350	valid_loss	26926.6813965
batch	16380	valid_loss	28796.8757324
batch	16410	valid_loss	26832.6047363
batch	16440	valid_loss	26814.1706543
batch	16470	valid_loss	26802.4470215
batch	16500	valid_loss	26721.2705078
batch	16530	valid_loss	27473.0683594
batch	16560	valid_loss	26668.277832
batch	16590	valid_loss	26992.204834
batch	16620	valid_loss	26709.0310059
batch	16650	valid_loss	26579.9619141
batch	16680	valid_loss	26891.5598145
batch	16710	valid_loss	26529.6269531
batch	16740	valid_loss	26483.9240723
batch	16770	valid_loss	26627.7434082
batch	16800	valid_loss	26336.701416
batch	16830	valid_loss	26295.6789551
batch	16860	valid_loss	28279.7814941
batch	16890	valid_loss	26341.7783203
batch	16920	valid_loss	26219.3200684
batch	16950	valid_loss	26401.0231934
batch	16980	valid_loss	26301.8540039
batch	17010	valid_loss	26071.713623
batch	17040	valid_loss	26022.4750977
batch	17070	valid_loss	26064.0539551
batch	17100	valid_loss	27820.6264648
batch	17130	valid_loss	25976.4868164
batch	17160	valid_loss	25908.9743652
batch	17190	valid_loss	25875.0930176
batch	17220	valid_loss	26294.2749023
batch	17250	valid_loss	25840.6425781
batch	17280	valid_loss	25903.4560547
batch	17310	valid_loss	25671.005127
batch	17340	valid_loss	25825.9594727
batch	17370	valid_loss	25785.3967285
batch	17400	valid_loss	25590.1052246
batch	17430	valid_loss	25948.170166
batch	17460	valid_loss	25427.0898438
batch	17490	valid_loss	25483.939209
batch	17520	valid_loss	25554.760498
batch	17550	valid_loss	25403.6828613
batch	17580	valid_loss	25298.6779785
batch	17610	valid_loss	25209.6062012
batch	17640	valid_loss	25648.3254395
batch	17670	valid_loss	25167.8603516
batch	17700	valid_loss	25169.0905762
batch	17730	valid_loss	25120.8215332
batch	17760	valid_loss	25052.7312012
batch	17790	valid_loss	25059.8125
batch	17820	valid_loss	25101.8605957
batch	17850	valid_loss	24952.2890625
batch	17880	valid_loss	24846.3181152
batch	17910	valid_loss	24869.6972656
batch	17940	valid_loss	25391.7260742
batch	17970	valid_loss	24712.0141602
batch	18000	valid_loss	24682.7192383
batch	18030	valid_loss	24718.5466309
batch	18060	valid_loss	24630.5603027
batch	18090	valid_loss	24573.8979492
batch	18120	valid_loss	24915.6967773
batch	18150	valid_loss	24526.0200195
batch	18180	valid_loss	24677.302002
batch	18210	valid_loss	24572.661377
batch	18240	valid_loss	24497.6884766
batch	18270	valid_loss	24296.2807617
batch	18300	valid_loss	24348.7036133
batch	18330	valid_loss	24735.0742188
batch	18360	valid_loss	24327.654541
batch	18390	valid_loss	24179.0629883
batch	18420	valid_loss	24513.4538574
batch	18450	valid_loss	24193.8720703
batch	18480	valid_loss	24057.0925293
batch	18510	valid_loss	23993.6313477
batch	18540	valid_loss	23946.8203125
batch	18570	valid_loss	23936.4794922
batch	18600	valid_loss	23904.3952637
batch	18630	valid_loss	23894.520752
batch	18660	valid_loss	24035.9541016
batch	18690	valid_loss	23800.3588867
batch	18720	valid_loss	23973.923584
batch	18750	valid_loss	23780.9309082
batch	18780	valid_loss	25292.5717773
batch	18810	valid_loss	23673.713623
batch	18840	valid_loss	23652.0505371
batch	18870	valid_loss	23491.614624
batch	18900	valid_loss	23524.0213623
batch	18930	valid_loss	23638.5825195
batch	18960	valid_loss	23485.1166992
batch	18990	valid_loss	23755.064209
batch	19020	valid_loss	23512.3602295
batch	19050	valid_loss	23408.2492676
batch	19080	valid_loss	23484.2391357
batch	19110	valid_loss	23312.5614014
batch	19140	valid_loss	23307.013916
batch	19170	valid_loss	23297.9013672
batch	19200	valid_loss	23204.5614014
batch	19230	valid_loss	23142.8045654
batch	19260	valid_loss	23285.1990967
batch	19290	valid_loss	23060.9421387
batch	19320	valid_loss	23067.2145996
batch	19350	valid_loss	23203.505127
batch	19380	valid_loss	23048.2200928
batch	19410	valid_loss	22910.7078857
batch	19440	valid_loss	23131.6317139
batch	19470	valid_loss	22904.7606201
batch	19500	valid_loss	24820.5861816
batch	19530	valid_loss	22851.7263184
batch	19560	valid_loss	22738.4350586
batch	19590	valid_loss	22767.5731201
batch	19620	valid_loss	22650.8033447
batch	19650	valid_loss	22591.7076416
batch	19680	valid_loss	24190.7478027
batch	19710	valid_loss	22634.2043457
batch	19740	valid_loss	22495.5274658
batch	19770	valid_loss	22459.284668
batch	19800	valid_loss	22454.0063477
batch	19830	valid_loss	22416.3691406
batch	19860	valid_loss	22422.2738037
batch	19890	valid_loss	22453.6270752
batch	19920	valid_loss	22376.1331787
batch	19950	valid_loss	22371.1690674
batch	19980	valid_loss	22230.1834717
batch	20010	valid_loss	22202.7813721
batch	20040	valid_loss	22509.5650635
batch	20070	valid_loss	22168.598877
batch	20100	valid_loss	22170.6286621
batch	20130	valid_loss	22583.954834
batch	20160	valid_loss	22102.9545898
batch	20190	valid_loss	21962.4049072
batch	20220	valid_loss	22075.5401611
batch	20250	valid_loss	22067.1437988
batch	20280	valid_loss	22069.1428223
batch	20310	valid_loss	22327.9118652
batch	20340	valid_loss	21944.0003662
batch	20370	valid_loss	21825.0163574
batch	20400	valid_loss	22384.144165
batch	20430	valid_loss	21700.6906738
batch	20460	valid_loss	22136.5332031
batch	20490	valid_loss	21755.9588623
batch	20520	valid_loss	21771.0065918
batch	20550	valid_loss	21743.9089355
batch	20580	valid_loss	21543.2630615
batch	20610	valid_loss	21763.5878906
batch	20640	valid_loss	21730.3531494
batch	20670	valid_loss	21779.3895264
batch	20700	valid_loss	21483.1508789
batch	20730	valid_loss	23359.7298584
batch	20760	valid_loss	21406.2844238
batch	20790	valid_loss	21318.4176025
batch	20820	valid_loss	21347.8687744
batch	20850	valid_loss	21367.8327637
batch	20880	valid_loss	21228.5418701
batch	20910	valid_loss	21174.3831787
batch	20940	valid_loss	21268.2908936
batch	20970	valid_loss	21099.0889893
batch	21000	valid_loss	21149.2547607
batch	21030	valid_loss	21392.6682129
batch	21060	valid_loss	20949.7883301
batch	21090	valid_loss	21018.0762939
batch	21120	valid_loss	20923.3594971
batch	21150	valid_loss	21056.6479492
batch	21180	valid_loss	20859.3977051
batch	21210	valid_loss	20785.0321045
batch	21240	valid_loss	23525.260376
batch	21270	valid_loss	20826.746582
batch	21300	valid_loss	20775.2877197
batch	21330	valid_loss	20711.456665
batch	21360	valid_loss	21131.8135986
batch	21390	valid_loss	20665.5661621
batch	21420	valid_loss	20853.8308105
batch	21450	valid_loss	20841.732666
batch	21480	valid_loss	20545.2646484
batch	21510	valid_loss	21032.1618652
batch	21540	valid_loss	20578.2438965
batch	21570	valid_loss	20710.6859131
batch	21600	valid_loss	20544.2891846
batch	21630	valid_loss	20489.7012939
batch	21660	valid_loss	20770.3475342
batch	21690	valid_loss	20509.9632568
batch	21720	valid_loss	20292.793457
batch	21750	valid_loss	20320.8824463
batch	21780	valid_loss	20332.8619385
batch	21810	valid_loss	20234.4195557
batch	21840	valid_loss	20235.2138672
batch	21870	valid_loss	20218.9655762
batch	21900	valid_loss	20315.3679199
batch	21930	valid_loss	20174.7209473
batch	21960	valid_loss	20247.8669434
batch	21990	valid_loss	20082.7813721
batch	22020	valid_loss	20427.427124
batch	22050	valid_loss	20080.2387695
batch	22080	valid_loss	20206.232666
batch	22110	valid_loss	20172.0944824
batch	22140	valid_loss	19990.619873
batch	22170	valid_loss	20022.6224365
batch	22200	valid_loss	19945.9318848
batch	22230	valid_loss	19886.4046631
batch	22260	valid_loss	19829.7976074
batch	22290	valid_loss	20225.3857422
batch	22320	valid_loss	19781.1627197
batch	22350	valid_loss	19924.2174072
batch	22380	valid_loss	19736.8417969
batch	22410	valid_loss	19745.78125
batch	22440	valid_loss	19657.9938965
batch	22470	valid_loss	19623.3360596
batch	22500	valid_loss	19609.552002
batch	22530	valid_loss	19811.1380615
batch	22560	valid_loss	19605.4786377
batch	22590	valid_loss	19592.8096924
batch	22620	valid_loss	19519.3131104
batch	22650	valid_loss	20295.7037354
batch	22680	valid_loss	19465.5222168
batch	22710	valid_loss	19387.3875732
batch	22740	valid_loss	19869.9821777
batch	22770	valid_loss	19391.4899902
batch	22800	valid_loss	19335.369873
batch	22830	valid_loss	19361.9655762
batch	22860	valid_loss	19459.579834
batch	22890	valid_loss	19260.7127686
batch	22920	valid_loss	19642.8415527
batch	22950	valid_loss	19202.3365479
batch	22980	valid_loss	19175.2841797
batch	23010	valid_loss	19456.7242432
batch	23040	valid_loss	19155.2692871
batch	23070	valid_loss	19209.6499023
batch	23100	valid_loss	19291.4453125
batch	23130	valid_loss	19107.4918213
batch	23160	valid_loss	19138.8348389
batch	23190	valid_loss	19104.446167
batch	23220	valid_loss	19335.1448975
batch	23250	valid_loss	19069.4349365
batch	23280	valid_loss	18908.3000488
batch	23310	valid_loss	18891.0217285
batch	23340	valid_loss	19514.1868896
batch	23370	valid_loss	18761.9123535
batch	23400	valid_loss	18791.8115234
batch	23430	valid_loss	19354.8070068
batch	23460	valid_loss	18756.4251709
batch	23490	valid_loss	18689.7668457
batch	23520	valid_loss	18769.0379639
batch	23550	valid_loss	18812.4219971
batch	23580	valid_loss	18711.8212891
batch	23610	valid_loss	18647.4539795
batch	23640	valid_loss	19054.6149902
batch	23670	valid_loss	18641.1148682
batch	23700	valid_loss	18538.6326904
batch	23730	valid_loss	18922.3244629
batch	23760	valid_loss	18503.9174805
batch	23790	valid_loss	18452.0516357
batch	23820	valid_loss	18414.4211426
batch	23850	valid_loss	18788.7652588
batch	23880	valid_loss	18499.1737061
batch	23910	valid_loss	18374.2424316
batch	23940	valid_loss	18375.1271973
batch	23970	valid_loss	18834.440918
batch	24000	valid_loss	18319.088501
batch	24030	valid_loss	18274.8826904
batch	24060	valid_loss	18279.137207
batch	24090	valid_loss	18192.6365967
batch	24120	valid_loss	18235.0142822
batch	24150	valid_loss	18483.9348145
batch	24180	valid_loss	18105.0294189
batch	24210	valid_loss	18136.7342529
batch	24240	valid_loss	18157.3426514
batch	24270	valid_loss	19303.6350098
batch	24300	valid_loss	18053.1629639
batch	24330	valid_loss	18043.8459473
batch	24360	valid_loss	18092.6970215
batch	24390	valid_loss	18120.9172363
batch	24420	valid_loss	17945.7880859
batch	24450	valid_loss	17928.3820801
batch	24480	valid_loss	18010.4869385
batch	24510	valid_loss	17988.9283447
batch	24540	valid_loss	17817.0262451
batch	24570	valid_loss	17853.4250488
batch	24600	valid_loss	17776.2583008
batch	24630	valid_loss	17782.1557617
batch	24660	valid_loss	17895.56604
batch	24690	valid_loss	17807.34375
batch	24720	valid_loss	17709.984375
batch	24750	valid_loss	17720.939209
batch	24780	valid_loss	17966.0251465
batch	24810	valid_loss	17641.571167
batch	24840	valid_loss	17555.0384521
batch	24870	valid_loss	17681.1900635
batch	24900	valid_loss	17654.1640625
batch	24930	valid_loss	17511.5931396
batch	24960	valid_loss	17517.0013428
batch	24990	valid_loss	17586.7067871
STOP
START
config	660	460	180	460	660	960
batch	0	valid_loss	6209861.8125
batch	30	valid_loss	144662.140625
batch	60	valid_loss	101696.057617
batch	90	valid_loss	99649.2949219
batch	120	valid_loss	99600.7041016
batch	150	valid_loss	99588.9404297
batch	180	valid_loss	99577.2939453
batch	210	valid_loss	99648.6484375
batch	240	valid_loss	99631.5986328
batch	270	valid_loss	99663.2529297
batch	300	valid_loss	99624.2226562
batch	330	valid_loss	99720.3457031
batch	360	valid_loss	99706.9423828
batch	390	valid_loss	99649.4003906
batch	420	valid_loss	99692.3652344
batch	450	valid_loss	99645.6113281
batch	480	valid_loss	99578.9697266
batch	510	valid_loss	99460.1103516
batch	540	valid_loss	99087.6298828
batch	570	valid_loss	98026.7177734
batch	600	valid_loss	95987.1386719
batch	630	valid_loss	93546.0410156
batch	660	valid_loss	91741.7109375
batch	690	valid_loss	90929.1225586
batch	720	valid_loss	90522.9526367
batch	750	valid_loss	90211.1147461
batch	780	valid_loss	89945.5615234
batch	810	valid_loss	89578.1689453
batch	840	valid_loss	89162.5566406
batch	870	valid_loss	88812.2290039
batch	900	valid_loss	88416.1469727
batch	930	valid_loss	88038.2109375
batch	960	valid_loss	87850.769043
batch	990	valid_loss	87704.5180664
batch	1020	valid_loss	87447.9208984
batch	1050	valid_loss	87266.7255859
batch	1080	valid_loss	87162.4428711
batch	1110	valid_loss	86932.9990234
batch	1140	valid_loss	86815.4121094
batch	1170	valid_loss	86649.8374023
batch	1200	valid_loss	86573.7739258
batch	1230	valid_loss	86428.7700195
batch	1260	valid_loss	86283.8476562
batch	1290	valid_loss	86117.0625
batch	1320	valid_loss	85976.652832
batch	1350	valid_loss	85676.5776367
batch	1380	valid_loss	85522.8007812
batch	1410	valid_loss	85257.7314453
batch	1440	valid_loss	84867.5991211
batch	1470	valid_loss	84512.7646484
batch	1500	valid_loss	84070.3188477
batch	1530	valid_loss	83675.7392578
batch	1560	valid_loss	83163.2041016
batch	1590	valid_loss	82631.0009766
batch	1620	valid_loss	82169.7124023
batch	1650	valid_loss	81620.4169922
batch	1680	valid_loss	81008.1591797
batch	1710	valid_loss	80499.7773438
batch	1740	valid_loss	79852.5258789
batch	1770	valid_loss	79406.6845703
batch	1800	valid_loss	78531.8603516
batch	1830	valid_loss	77728.559082
batch	1860	valid_loss	77158.1225586
batch	1890	valid_loss	76500.2290039
batch	1920	valid_loss	76066.0449219
batch	1950	valid_loss	75434.7851562
batch	1980	valid_loss	74967.9545898
batch	2010	valid_loss	74512.3212891
batch	2040	valid_loss	74174.0644531
batch	2070	valid_loss	73617.9375
batch	2100	valid_loss	73187.3886719
batch	2130	valid_loss	72812.7568359
batch	2160	valid_loss	72440.925293
batch	2190	valid_loss	71909.7700195
batch	2220	valid_loss	71752.3754883
batch	2250	valid_loss	71506.7700195
batch	2280	valid_loss	70671.1542969
batch	2310	valid_loss	70243.4306641
batch	2340	valid_loss	69849.5678711
batch	2370	valid_loss	70169.4277344
batch	2400	valid_loss	69054.5175781
batch	2430	valid_loss	68602.2700195
batch	2460	valid_loss	68262.9355469
batch	2490	valid_loss	67793.0200195
batch	2520	valid_loss	67659.9643555
batch	2550	valid_loss	67183.5141602
batch	2580	valid_loss	66978.5214844
batch	2610	valid_loss	66099.1098633
batch	2640	valid_loss	65718.6279297
batch	2670	valid_loss	66131.7075195
batch	2700	valid_loss	65015.7368164
batch	2730	valid_loss	64623.1054688
batch	2760	valid_loss	64988.4194336
batch	2790	valid_loss	64005.6230469
batch	2820	valid_loss	63483.9921875
batch	2850	valid_loss	63484.5390625
batch	2880	valid_loss	63138.6245117
batch	2910	valid_loss	62445.4072266
batch	2940	valid_loss	62071.4736328
batch	2970	valid_loss	62305.4633789
batch	3000	valid_loss	61470.4365234
batch	3030	valid_loss	61195.796875
batch	3060	valid_loss	60831.9228516
batch	3090	valid_loss	60424.6586914
batch	3120	valid_loss	60210.0053711
batch	3150	valid_loss	60007.0161133
batch	3180	valid_loss	60232.972168
batch	3210	valid_loss	59506.9018555
batch	3240	valid_loss	59048.8759766
batch	3270	valid_loss	58943.2333984
batch	3300	valid_loss	59831.1640625
batch	3330	valid_loss	58293.3442383
batch	3360	valid_loss	57963.7744141
batch	3390	valid_loss	57731.9526367
batch	3420	valid_loss	57399.4897461
batch	3450	valid_loss	57170.0053711
batch	3480	valid_loss	56927.1796875
batch	3510	valid_loss	56665.5395508
batch	3540	valid_loss	56625.7324219
batch	3570	valid_loss	57318.2988281
batch	3600	valid_loss	56022.0263672
batch	3630	valid_loss	55953.4150391
batch	3660	valid_loss	57208.1679688
batch	3690	valid_loss	55386.2304688
batch	3720	valid_loss	55044.2836914
batch	3750	valid_loss	54944.5131836
batch	3780	valid_loss	54805.7807617
batch	3810	valid_loss	55065.8925781
batch	3840	valid_loss	54093.5996094
batch	3870	valid_loss	54150.1455078
batch	3900	valid_loss	54326.0390625
batch	3930	valid_loss	53665.2626953
batch	3960	valid_loss	53436.0527344
batch	3990	valid_loss	53400.684082
batch	4020	valid_loss	54900.5805664
batch	4050	valid_loss	52785.0976562
batch	4080	valid_loss	52882.3071289
batch	4110	valid_loss	52559.0883789
batch	4140	valid_loss	53233.7592773
batch	4170	valid_loss	52123.3408203
batch	4200	valid_loss	52041.7397461
batch	4230	valid_loss	52023.1196289
batch	4260	valid_loss	52490.0078125
batch	4290	valid_loss	51413.546875
batch	4320	valid_loss	51234.2290039
batch	4350	valid_loss	52737.8769531
batch	4380	valid_loss	50913.3740234
batch	4410	valid_loss	50836.4785156
batch	4440	valid_loss	50809.9570312
batch	4470	valid_loss	50459.5771484
batch	4500	valid_loss	51851.0102539
batch	4530	valid_loss	50305.7797852
batch	4560	valid_loss	50119.7807617
batch	4590	valid_loss	49805.3251953
batch	4620	valid_loss	49974.7163086
batch	4650	valid_loss	52695.3574219
batch	4680	valid_loss	49346.6000977
batch	4710	valid_loss	49350.4663086
batch	4740	valid_loss	49192.9555664
batch	4770	valid_loss	48899.7119141
batch	4800	valid_loss	48838.484375
batch	4830	valid_loss	49436.6005859
batch	4860	valid_loss	48652.2021484
batch	4890	valid_loss	50955.0234375
batch	4920	valid_loss	48277.7529297
batch	4950	valid_loss	48024.0825195
batch	4980	valid_loss	49272.5751953
batch	5010	valid_loss	47856.5634766
batch	5040	valid_loss	47719.5166016
batch	5070	valid_loss	49124.0532227
batch	5100	valid_loss	47556.855957
batch	5130	valid_loss	47303.112793
batch	5160	valid_loss	47210.6181641
batch	5190	valid_loss	47558.7524414
batch	5220	valid_loss	46916.3999023
batch	5250	valid_loss	46856.2451172
batch	5280	valid_loss	51912.4770508
batch	5310	valid_loss	46553.8662109
batch	5340	valid_loss	46590.3413086
batch	5370	valid_loss	46495.1018066
batch	5400	valid_loss	46150.4169922
batch	5430	valid_loss	46231.9831543
batch	5460	valid_loss	46123.2988281
batch	5490	valid_loss	46115.0959473
batch	5520	valid_loss	45807.7734375
batch	5550	valid_loss	47483.5307617
batch	5580	valid_loss	45591.3769531
batch	5610	valid_loss	46762.0029297
batch	5640	valid_loss	45699.7285156
batch	5670	valid_loss	45339.7016602
batch	5700	valid_loss	45292.5974121
batch	5730	valid_loss	45659.5429688
batch	5760	valid_loss	45034.546875
batch	5790	valid_loss	44907.5148926
batch	5820	valid_loss	44779.6594238
batch	5850	valid_loss	44642.6369629
batch	5880	valid_loss	47253.7963867
batch	5910	valid_loss	44460.4248047
batch	5940	valid_loss	44352.0505371
batch	5970	valid_loss	44285.65625
batch	6000	valid_loss	44155.9978027
batch	6030	valid_loss	45733.1044922
batch	6060	valid_loss	44092.5078125
batch	6090	valid_loss	45261.6640625
batch	6120	valid_loss	43830.9875488
batch	6150	valid_loss	46469.6682129
batch	6180	valid_loss	43738.2133789
batch	6210	valid_loss	43874.9528809
batch	6240	valid_loss	43347.7739258
batch	6270	valid_loss	43684.112793
batch	6300	valid_loss	44289.3508301
batch	6330	valid_loss	43350.6140137
batch	6360	valid_loss	42942.4956055
batch	6390	valid_loss	42859.5546875
batch	6420	valid_loss	42908.4833984
batch	6450	valid_loss	42681.7790527
batch	6480	valid_loss	42625.6408691
batch	6510	valid_loss	42416.286377
batch	6540	valid_loss	43161.7612305
batch	6570	valid_loss	42310.3842773
batch	6600	valid_loss	42611.0756836
batch	6630	valid_loss	42260.8225098
batch	6660	valid_loss	42053.6047363
batch	6690	valid_loss	41878.6433105
batch	6720	valid_loss	42973.5488281
batch	6750	valid_loss	41816.125
batch	6780	valid_loss	41579.6662598
batch	6810	valid_loss	41504.7592773
batch	6840	valid_loss	41817.4494629
batch	6870	valid_loss	41469.3432617
batch	6900	valid_loss	41310.6989746
batch	6930	valid_loss	41939.2172852
batch	6960	valid_loss	41004.5568848
batch	6990	valid_loss	45728.1115723
batch	7020	valid_loss	41080.6989746
batch	7050	valid_loss	40867.2431641
batch	7080	valid_loss	40888.9645996
batch	7110	valid_loss	41454.2219238
batch	7140	valid_loss	40656.8017578
batch	7170	valid_loss	40436.958252
batch	7200	valid_loss	40514.8361816
batch	7230	valid_loss	41491.7788086
batch	7260	valid_loss	40268.529541
batch	7290	valid_loss	40238.2277832
batch	7320	valid_loss	40864.2077637
batch	7350	valid_loss	40172.4316406
batch	7380	valid_loss	39984.0913086
batch	7410	valid_loss	39968.2197266
batch	7440	valid_loss	40553.7285156
batch	7470	valid_loss	40162.8015137
batch	7500	valid_loss	39992.657959
batch	7530	valid_loss	40663.7426758
batch	7560	valid_loss	39535.3583984
batch	7590	valid_loss	39477.1674805
batch	7620	valid_loss	39670.4626465
batch	7650	valid_loss	40163.5556641
batch	7680	valid_loss	39473.6740723
batch	7710	valid_loss	40016.7810059
batch	7740	valid_loss	39969.0625
batch	7770	valid_loss	39138.255127
batch	7800	valid_loss	40140.9462891
batch	7830	valid_loss	39121.0344238
batch	7860	valid_loss	39037.8100586
batch	7890	valid_loss	38995.8195801
batch	7920	valid_loss	39009.760498
batch	7950	valid_loss	38776.0134277
batch	7980	valid_loss	38726.7998047
batch	8010	valid_loss	39316.5063477
batch	8040	valid_loss	38629.7111816
batch	8070	valid_loss	38528.8391113
batch	8100	valid_loss	39611.1379395
batch	8130	valid_loss	38450.4711914
batch	8160	valid_loss	38232.2094727
batch	8190	valid_loss	38290.503418
batch	8220	valid_loss	41163.2966309
batch	8250	valid_loss	38335.6821289
batch	8280	valid_loss	38155.8181152
batch	8310	valid_loss	38240.6496582
batch	8340	valid_loss	38376.2851562
batch	8370	valid_loss	37808.2429199
batch	8400	valid_loss	41822.953125
batch	8430	valid_loss	37761.0290527
batch	8460	valid_loss	37828.328125
batch	8490	valid_loss	37621.0344238
batch	8520	valid_loss	37720.345459
batch	8550	valid_loss	37586.9047852
batch	8580	valid_loss	37539.4772949
batch	8610	valid_loss	37519.5600586
batch	8640	valid_loss	37735.9602051
batch	8670	valid_loss	37388.4829102
batch	8700	valid_loss	37137.3029785
batch	8730	valid_loss	37098.6606445
batch	8760	valid_loss	37172.0666504
batch	8790	valid_loss	38279.1899414
batch	8820	valid_loss	36934.1679688
batch	8850	valid_loss	37024.5859375
batch	8880	valid_loss	37098.5473633
batch	8910	valid_loss	37560.0939941
batch	8940	valid_loss	36820.2202148
batch	8970	valid_loss	36717.486084
batch	9000	valid_loss	36640.810791
batch	9030	valid_loss	37152.3713379
batch	9060	valid_loss	36660.987793
batch	9090	valid_loss	38054.9567871
batch	9120	valid_loss	36496.1918945
batch	9150	valid_loss	36343.2595215
batch	9180	valid_loss	36395.0710449
batch	9210	valid_loss	36554.1489258
batch	9240	valid_loss	36399.0180664
batch	9270	valid_loss	36237.5957031
batch	9300	valid_loss	36133.1494141
batch	9330	valid_loss	36558.7531738
batch	9360	valid_loss	35977.2775879
batch	9390	valid_loss	36854.3449707
batch	9420	valid_loss	36113.6137695
batch	9450	valid_loss	35900.3937988
batch	9480	valid_loss	36620.0129395
batch	9510	valid_loss	35960.7600098
batch	9540	valid_loss	35997.6665039
batch	9570	valid_loss	36068.7229004
batch	9600	valid_loss	35654.65625
batch	9630	valid_loss	35562.5693359
batch	9660	valid_loss	35513.8981934
batch	9690	valid_loss	35515.6564941
batch	9720	valid_loss	35331.4101562
batch	9750	valid_loss	44783.7924805
batch	9780	valid_loss	35672.7646484
batch	9810	valid_loss	35204.7189941
batch	9840	valid_loss	35226.2741699
batch	9870	valid_loss	35119.0812988
batch	9900	valid_loss	35106.9755859
batch	9930	valid_loss	37608.6496582
batch	9960	valid_loss	35187.7573242
batch	9990	valid_loss	35032.0185547
batch	10020	valid_loss	34976.6130371
batch	10050	valid_loss	35589.9707031
batch	10080	valid_loss	34849.5578613
batch	10110	valid_loss	34749.1630859
batch	10140	valid_loss	34770.125
batch	10170	valid_loss	34811.6154785
batch	10200	valid_loss	34670.0246582
batch	10230	valid_loss	34662.3181152
batch	10260	valid_loss	34503.0256348
batch	10290	valid_loss	34433.3117676
batch	10320	valid_loss	35558.407959
batch	10350	valid_loss	34367.0241699
batch	10380	valid_loss	34469.1835938
batch	10410	valid_loss	34300.574707
batch	10440	valid_loss	35475.6367188
batch	10470	valid_loss	34287.9892578
batch	10500	valid_loss	34147.4440918
batch	10530	valid_loss	34143.776123
batch	10560	valid_loss	34430.0812988
batch	10590	valid_loss	34030.5283203
batch	10620	valid_loss	33935.2463379
batch	10650	valid_loss	33914.7680664
batch	10680	valid_loss	34560.5351562
batch	10710	valid_loss	34167.5241699
batch	10740	valid_loss	33809.3300781
batch	10770	valid_loss	34103.2910156
batch	10800	valid_loss	33751.8793945
batch	10830	valid_loss	39883.7797852
batch	10860	valid_loss	33988.8439941
batch	10890	valid_loss	33549.4243164
batch	10920	valid_loss	33452.0302734
batch	10950	valid_loss	33623.3835449
batch	10980	valid_loss	33704.7272949
batch	11010	valid_loss	33757.0998535
batch	11040	valid_loss	33332.8041992
batch	11070	valid_loss	33292.027832
batch	11100	valid_loss	33424.0334473
batch	11130	valid_loss	33258.4931641
batch	11160	valid_loss	33317.3591309
batch	11190	valid_loss	33230.8398438
batch	11220	valid_loss	35300.8017578
batch	11250	valid_loss	33194.2590332
batch	11280	valid_loss	33174.3366699
batch	11310	valid_loss	33667.1584473
batch	11340	valid_loss	33013.2868652
batch	11370	valid_loss	35840.5944824
batch	11400	valid_loss	33007.432373
batch	11430	valid_loss	32883.3720703
batch	11460	valid_loss	32797.9450684
batch	11490	valid_loss	33051.4619141
batch	11520	valid_loss	33272.1142578
batch	11550	valid_loss	32707.1337891
batch	11580	valid_loss	32729.545166
batch	11610	valid_loss	34930.4189453
batch	11640	valid_loss	32637.0803223
batch	11670	valid_loss	32562.9799805
batch	11700	valid_loss	32543.6416016
batch	11730	valid_loss	32555.4631348
batch	11760	valid_loss	33700.0285645
batch	11790	valid_loss	32495.4997559
batch	11820	valid_loss	32389.7839355
batch	11850	valid_loss	32213.4135742
batch	11880	valid_loss	32413.0273438
batch	11910	valid_loss	32660.6252441
batch	11940	valid_loss	32267.1860352
batch	11970	valid_loss	34416.3139648
batch	12000	valid_loss	32198.8620605
batch	12030	valid_loss	32428.1777344
batch	12060	valid_loss	32216.2875977
batch	12090	valid_loss	32205.911377
batch	12120	valid_loss	32172.3496094
batch	12150	valid_loss	32278.9914551
batch	12180	valid_loss	32620.9667969
batch	12210	valid_loss	31957.1921387
batch	12240	valid_loss	31959.1379395
batch	12270	valid_loss	31935.1140137
batch	12300	valid_loss	31747.5522461
batch	12330	valid_loss	32525.3068848
batch	12360	valid_loss	31749.0681152
batch	12390	valid_loss	31682.0341797
batch	12420	valid_loss	31784.5446777
batch	12450	valid_loss	31805.96875
batch	12480	valid_loss	31855.6674805
batch	12510	valid_loss	31742.0319824
batch	12540	valid_loss	31903.8967285
batch	12570	valid_loss	31479.168457
batch	12600	valid_loss	31414.7229004
batch	12630	valid_loss	33868.666748
batch	12660	valid_loss	31434.6672363
batch	12690	valid_loss	31348.9130859
batch	12720	valid_loss	31292.4946289
batch	12750	valid_loss	31391.3312988
batch	12780	valid_loss	32432.7768555
batch	12810	valid_loss	31344.996582
batch	12840	valid_loss	31142.1704102
batch	12870	valid_loss	31139.296875
batch	12900	valid_loss	31126.263916
batch	12930	valid_loss	31148.2414551
batch	12960	valid_loss	31221.2719727
batch	12990	valid_loss	30893.4841309
batch	13020	valid_loss	30877.0444336
batch	13050	valid_loss	31016.8693848
batch	13080	valid_loss	30903.59375
batch	13110	valid_loss	30736.737793
batch	13140	valid_loss	30759.4189453
batch	13170	valid_loss	31774.2199707
batch	13200	valid_loss	30690.4365234
batch	13230	valid_loss	30670.7294922
batch	13260	valid_loss	30633.489502
batch	13290	valid_loss	30660.0720215
batch	13320	valid_loss	30506.769043
batch	13350	valid_loss	32919.1088867
batch	13380	valid_loss	30425.3764648
batch	13410	valid_loss	30204.4736328
batch	13440	valid_loss	30359.0222168
batch	13470	valid_loss	30681.9909668
batch	13500	valid_loss	30302.0629883
batch	13530	valid_loss	30834.7563477
batch	13560	valid_loss	30181.7492676
batch	13590	valid_loss	30345.8891602
batch	13620	valid_loss	30059.0874023
batch	13650	valid_loss	30166.5200195
batch	13680	valid_loss	29974.8637695
batch	13710	valid_loss	31425.7321777
batch	13740	valid_loss	29909.3146973
batch	13770	valid_loss	29775.1923828
batch	13800	valid_loss	29854.2629395
batch	13830	valid_loss	29884.6137695
batch	13860	valid_loss	29709.9050293
batch	13890	valid_loss	29775.2585449
batch	13920	valid_loss	34293.8647461
batch	13950	valid_loss	29663.7050781
batch	13980	valid_loss	29548.3793945
batch	14010	valid_loss	29506.4677734
batch	14040	valid_loss	30595.4833984
batch	14070	valid_loss	29588.9025879
batch	14100	valid_loss	29597.2502441
batch	14130	valid_loss	33957.6303711
batch	14160	valid_loss	29378.0568848
batch	14190	valid_loss	29312.987793
batch	14220	valid_loss	29286.9345703
batch	14250	valid_loss	29267.3005371
batch	14280	valid_loss	32945.2436523
batch	14310	valid_loss	29300.5073242
batch	14340	valid_loss	29039.9287109
batch	14370	valid_loss	29092.876709
batch	14400	valid_loss	29169.248291
batch	14430	valid_loss	29256.2763672
batch	14460	valid_loss	29105.4709473
batch	14490	valid_loss	30637.7741699
batch	14520	valid_loss	28991.6340332
batch	14550	valid_loss	28829.9533691
batch	14580	valid_loss	28821.9758301
batch	14610	valid_loss	29266.6499023
batch	14640	valid_loss	28800.4462891
batch	14670	valid_loss	28882.0944824
batch	14700	valid_loss	28736.0754395
batch	14730	valid_loss	28790.0695801
batch	14760	valid_loss	28649.6791992
batch	14790	valid_loss	29588.5717773
batch	14820	valid_loss	28666.7893066
batch	14850	valid_loss	28575.861084
batch	14880	valid_loss	28450.7265625
batch	14910	valid_loss	28473.3674316
batch	14940	valid_loss	29466.4111328
batch	14970	valid_loss	28293.2995605
batch	15000	valid_loss	28417.2553711
batch	15030	valid_loss	28388.2390137
batch	15060	valid_loss	28285.2219238
batch	15090	valid_loss	28513.6208496
batch	15120	valid_loss	28228.3859863
batch	15150	valid_loss	28530.2885742
batch	15180	valid_loss	28182.9284668
batch	15210	valid_loss	28159.791748
batch	15240	valid_loss	28260.1884766
batch	15270	valid_loss	28182.1091309
batch	15300	valid_loss	28230.1933594
batch	15330	valid_loss	28013.2097168
batch	15360	valid_loss	28034.1184082
batch	15390	valid_loss	31068.0195312
batch	15420	valid_loss	28299.1621094
batch	15450	valid_loss	28020.5559082
batch	15480	valid_loss	27943.5429688
batch	15510	valid_loss	27865.8000488
batch	15540	valid_loss	28266.564209
batch	15570	valid_loss	27795.5168457
batch	15600	valid_loss	28105.5009766
batch	15630	valid_loss	27751.5876465
batch	15660	valid_loss	27736.8212891
batch	15690	valid_loss	27712.0712891
batch	15720	valid_loss	27795.4194336
batch	15750	valid_loss	27919.8422852
batch	15780	valid_loss	27613.453125
batch	15810	valid_loss	27628.5163574
batch	15840	valid_loss	27538.4384766
batch	15870	valid_loss	27623.2836914
batch	15900	valid_loss	27745.6572266
batch	15930	valid_loss	28474.2832031
batch	15960	valid_loss	27471.8039551
batch	15990	valid_loss	27452.4470215
batch	16020	valid_loss	27322.934082
batch	16050	valid_loss	27247.8044434
batch	16080	valid_loss	27755.6079102
batch	16110	valid_loss	27175.0800781
batch	16140	valid_loss	27107.8618164
batch	16170	valid_loss	27275.0544434
batch	16200	valid_loss	27101.3171387
batch	16230	valid_loss	27145.6015625
batch	16260	valid_loss	27078.4621582
batch	16290	valid_loss	27387.6904297
batch	16320	valid_loss	26885.0690918
batch	16350	valid_loss	27044.1464844
batch	16380	valid_loss	27047.3083496
batch	16410	valid_loss	26985.9433594
batch	16440	valid_loss	26824.4934082
batch	16470	valid_loss	26894.4743652
batch	16500	valid_loss	26746.3955078
batch	16530	valid_loss	26591.1328125
batch	16560	valid_loss	26636.7446289
batch	16590	valid_loss	27660.4606934
batch	16620	valid_loss	26567.8549805
batch	16650	valid_loss	26580.7854004
batch	16680	valid_loss	26609.1516113
batch	16710	valid_loss	26696.9331055
batch	16740	valid_loss	26567.4724121
batch	16770	valid_loss	26314.7045898
batch	16800	valid_loss	26603.9208984
batch	16830	valid_loss	26355.998291
batch	16860	valid_loss	26480.6738281
batch	16890	valid_loss	26133.3232422
batch	16920	valid_loss	28911.8686523
batch	16950	valid_loss	26222.5705566
batch	16980	valid_loss	26085.7893066
batch	17010	valid_loss	26092.177002
batch	17040	valid_loss	26156.5371094
batch	17070	valid_loss	26079.4152832
batch	17100	valid_loss	26108.8188477
batch	17130	valid_loss	25941.9072266
batch	17160	valid_loss	28366.2668457
batch	17190	valid_loss	25883.309082
batch	17220	valid_loss	25803.8347168
batch	17250	valid_loss	25749.1086426
batch	17280	valid_loss	25835.5539551
batch	17310	valid_loss	25817.7678223
batch	17340	valid_loss	25689.1865234
batch	17370	valid_loss	26172.8791504
batch	17400	valid_loss	25640.4060059
batch	17430	valid_loss	25731.4714355
batch	17460	valid_loss	26320.0039062
batch	17490	valid_loss	25543.1083984
batch	17520	valid_loss	25562.1582031
batch	17550	valid_loss	25473.505127
batch	17580	valid_loss	25332.7502441
batch	17610	valid_loss	28499.9743652
batch	17640	valid_loss	25426.3081055
batch	17670	valid_loss	25251.8942871
batch	17700	valid_loss	25228.9213867
batch	17730	valid_loss	25201.4543457
batch	17760	valid_loss	25254.6987305
batch	17790	valid_loss	25253.2753906
batch	17820	valid_loss	25149.8251953
batch	17850	valid_loss	25230.2753906
batch	17880	valid_loss	25016.0412598
batch	17910	valid_loss	25026.8493652
batch	17940	valid_loss	25043.9362793
batch	17970	valid_loss	25163.6386719
batch	18000	valid_loss	24910.1618652
batch	18030	valid_loss	25358.465332
batch	18060	valid_loss	24892.6523438
batch	18090	valid_loss	24737.6381836
batch	18120	valid_loss	24979.8625488
batch	18150	valid_loss	24734.2414551
batch	18180	valid_loss	24830.5524902
batch	18210	valid_loss	25995.340332
batch	18240	valid_loss	24678.9604492
batch	18270	valid_loss	24559.3537598
batch	18300	valid_loss	24592.65625
batch	18330	valid_loss	25854.6027832
batch	18360	valid_loss	24826.1884766
batch	18390	valid_loss	24432.7116699
batch	18420	valid_loss	24439.0693359
batch	18450	valid_loss	24523.5595703
batch	18480	valid_loss	24447.668457
batch	18510	valid_loss	24770.6896973
batch	18540	valid_loss	24381.5048828
batch	18570	valid_loss	24306.5407715
batch	18600	valid_loss	24273.8918457
batch	18630	valid_loss	24968.6706543
batch	18660	valid_loss	24215.9482422
batch	18690	valid_loss	24135.6677246
batch	18720	valid_loss	24439.4055176
batch	18750	valid_loss	24114.2668457
batch	18780	valid_loss	24188.1044922
batch	18810	valid_loss	24011.4802246
batch	18840	valid_loss	24371.9638672
batch	18870	valid_loss	24086.1569824
batch	18900	valid_loss	23856.4572754
batch	18930	valid_loss	23867.9616699
batch	18960	valid_loss	24171.3208008
batch	18990	valid_loss	23980.7993164
batch	19020	valid_loss	23659.894043
batch	19050	valid_loss	23699.4941406
batch	19080	valid_loss	23683.2607422
batch	19110	valid_loss	23891.3112793
batch	19140	valid_loss	23634.4208984
batch	19170	valid_loss	24104.7126465
batch	19200	valid_loss	23551.6091309
batch	19230	valid_loss	23469.1304932
batch	19260	valid_loss	23409.3253174
batch	19290	valid_loss	23524.9455566
batch	19320	valid_loss	23507.4223633
batch	19350	valid_loss	23321.2376709
batch	19380	valid_loss	23300.605957
batch	19410	valid_loss	23301.5996094
batch	19440	valid_loss	23267.416626
batch	19470	valid_loss	26642.6328125
batch	19500	valid_loss	23363.3969727
batch	19530	valid_loss	23176.072998
batch	19560	valid_loss	23079.2957764
batch	19590	valid_loss	23321.1153564
batch	19620	valid_loss	23745.0090332
batch	19650	valid_loss	23199.9029541
batch	19680	valid_loss	23051.2211914
batch	19710	valid_loss	22964.3527832
batch	19740	valid_loss	23963.7614746
batch	19770	valid_loss	22881.7697754
batch	19800	valid_loss	22786.8109131
batch	19830	valid_loss	22786.8057861
batch	19860	valid_loss	22726.5933838
batch	19890	valid_loss	23325.2889404
batch	19920	valid_loss	22702.6505127
batch	19950	valid_loss	22657.498291
batch	19980	valid_loss	22591.416748
batch	20010	valid_loss	22909.0378418
batch	20040	valid_loss	22661.7128906
batch	20070	valid_loss	22662.5097656
batch	20100	valid_loss	23109.1220703
batch	20130	valid_loss	22455.7049561
batch	20160	valid_loss	22393.4316406
batch	20190	valid_loss	22606.8995361
batch	20220	valid_loss	22398.2279053
batch	20250	valid_loss	22236.9223633
batch	20280	valid_loss	22351.9764404
batch	20310	valid_loss	22139.961792
batch	20340	valid_loss	22226.3623047
batch	20370	valid_loss	22056.9035645
batch	20400	valid_loss	22106.315918
batch	20430	valid_loss	22375.9049072
batch	20460	valid_loss	22117.682251
batch	20490	valid_loss	22132.715332
batch	20520	valid_loss	22020.0073242
batch	20550	valid_loss	22000.4632568
batch	20580	valid_loss	22044.9390869
batch	20610	valid_loss	22024.6546631
batch	20640	valid_loss	21819.2327881
batch	20670	valid_loss	21796.4714355
batch	20700	valid_loss	21856.2979736
batch	20730	valid_loss	22754.1085205
batch	20760	valid_loss	21692.6971436
batch	20790	valid_loss	21587.5604248
batch	20820	valid_loss	21593.2342529
batch	20850	valid_loss	21879.9852295
batch	20880	valid_loss	21659.4552002
batch	20910	valid_loss	21593.3171387
batch	20940	valid_loss	21508.1025391
batch	20970	valid_loss	21446.9420166
batch	21000	valid_loss	21548.5515137
batch	21030	valid_loss	21642.0594482
batch	21060	valid_loss	21445.6721191
batch	21090	valid_loss	21270.5640869
batch	21120	valid_loss	21231.3225098
batch	21150	valid_loss	21312.0467529
batch	21180	valid_loss	21320.0806885
batch	21210	valid_loss	21195.1381836
batch	21240	valid_loss	21103.6204834
batch	21270	valid_loss	21284.9711914
batch	21300	valid_loss	21173.1992188
batch	21330	valid_loss	21215.8843994
batch	21360	valid_loss	21065.7294922
batch	21390	valid_loss	21198.4089355
batch	21420	valid_loss	20942.199707
batch	21450	valid_loss	20923.6452637
batch	21480	valid_loss	21317.8188477
batch	21510	valid_loss	20748.2288818
batch	21540	valid_loss	20741.8905029
batch	21570	valid_loss	20714.5936279
batch	21600	valid_loss	20901.8521729
batch	21630	valid_loss	20900.5841064
batch	21660	valid_loss	20825.6402588
batch	21690	valid_loss	20604.9006348
batch	21720	valid_loss	22479.112793
batch	21750	valid_loss	20599.8006592
batch	21780	valid_loss	20555.5288086
batch	21810	valid_loss	20671.4886475
batch	21840	valid_loss	20698.3183594
batch	21870	valid_loss	20834.350708
batch	21900	valid_loss	20707.5375977
batch	21930	valid_loss	20540.479126
batch	21960	valid_loss	20385.0806885
batch	21990	valid_loss	20393.5407715
batch	22020	valid_loss	20849.2280273
batch	22050	valid_loss	20563.5202637
batch	22080	valid_loss	20296.3939209
batch	22110	valid_loss	20270.8530273
batch	22140	valid_loss	20209.666748
batch	22170	valid_loss	20230.9818115
batch	22200	valid_loss	20149.6983643
batch	22230	valid_loss	20711.7680664
batch	22260	valid_loss	20088.8238525
batch	22290	valid_loss	19996.9830322
batch	22320	valid_loss	20019.8049316
batch	22350	valid_loss	20489.416748
batch	22380	valid_loss	19936.3212891
batch	22410	valid_loss	20461.0023193
batch	22440	valid_loss	19949.5531006
batch	22470	valid_loss	19875.2519531
batch	22500	valid_loss	19862.4643555
batch	22530	valid_loss	20133.2720947
batch	22560	valid_loss	19781.743042
batch	22590	valid_loss	19867.9981689
batch	22620	valid_loss	19686.4121094
batch	22650	valid_loss	20446.2772217
batch	22680	valid_loss	19689.1269531
batch	22710	valid_loss	19631.9337158
batch	22740	valid_loss	19624.7510986
batch	22770	valid_loss	19566.1794434
batch	22800	valid_loss	19796.4040527
batch	22830	valid_loss	19621.2932129
batch	22860	valid_loss	19460.4388428
batch	22890	valid_loss	19553.3837891
batch	22920	valid_loss	19403.8508301
batch	22950	valid_loss	19406.7877197
batch	22980	valid_loss	19498.595459
batch	23010	valid_loss	19415.2104492
batch	23040	valid_loss	19475.3430176
batch	23070	valid_loss	19223.3260498
batch	23100	valid_loss	19283.6685791
batch	23130	valid_loss	20006.477417
batch	23160	valid_loss	19206.3662109
batch	23190	valid_loss	20894.692749
batch	23220	valid_loss	19194.4403076
batch	23250	valid_loss	19151.5053711
batch	23280	valid_loss	19161.9970703
batch	23310	valid_loss	19036.9725342
batch	23340	valid_loss	19362.7583008
batch	23370	valid_loss	19041.5157471
batch	23400	valid_loss	18941.635376
batch	23430	valid_loss	19007.3765869
batch	23460	valid_loss	19161.9373779
batch	23490	valid_loss	18820.4780273
batch	23520	valid_loss	18940.5053711
batch	23550	valid_loss	18909.3956299
batch	23580	valid_loss	19534.6881104
batch	23610	valid_loss	18992.1268311
batch	23640	valid_loss	18834.0343018
batch	23670	valid_loss	18936.633667
batch	23700	valid_loss	18650.75354
batch	23730	valid_loss	18668.1556396
batch	23760	valid_loss	18867.1123047
batch	23790	valid_loss	18758.3630371
batch	23820	valid_loss	18570.3033447
batch	23850	valid_loss	18618.2503662
batch	23880	valid_loss	18597.1794434
batch	23910	valid_loss	18565.4643555
batch	23940	valid_loss	18740.3320312
batch	23970	valid_loss	18515.4591064
batch	24000	valid_loss	18492.6335449
batch	24030	valid_loss	18352.4534912
batch	24060	valid_loss	18484.1601562
batch	24090	valid_loss	18573.3364258
batch	24120	valid_loss	18385.8322754
batch	24150	valid_loss	18760.4918213
batch	24180	valid_loss	18283.9796143
batch	24210	valid_loss	18513.6794434
batch	24240	valid_loss	18261.048584
batch	24270	valid_loss	18280.6505127
batch	24300	valid_loss	18818.642334
batch	24330	valid_loss	18212.2593994
batch	24360	valid_loss	18258.6898193
batch	24390	valid_loss	18276.4593506
batch	24420	valid_loss	18053.4660645
batch	24450	valid_loss	18015.1223145
batch	24480	valid_loss	18209.4562988
batch	24510	valid_loss	18019.5039062
batch	24540	valid_loss	17992.6352539
batch	24570	valid_loss	17966.6119385
batch	24600	valid_loss	19218.6635742
batch	24630	valid_loss	17988.9333496
batch	24660	valid_loss	17868.2484131
batch	24690	valid_loss	17872.788208
batch	24720	valid_loss	17937.4578857
batch	24750	valid_loss	17895.3344727
batch	24780	valid_loss	17925.3282471
batch	24810	valid_loss	17802.0220947
batch	24840	valid_loss	17984.6868896
batch	24870	valid_loss	17768.3487549
batch	24900	valid_loss	17703.9414062
batch	24930	valid_loss	17719.5532227
batch	24960	valid_loss	17814.2858887
batch	24990	valid_loss	18865.4624023
STOP
