START
config	460	180	460	1140
batch	0	valid_loss	8904744.25
batch	30	valid_loss	174560.643555
batch	60	valid_loss	99897.2773438
batch	90	valid_loss	96374.7636719
batch	120	valid_loss	96141.3935547
batch	150	valid_loss	96103.3505859
batch	180	valid_loss	96090.0986328
batch	210	valid_loss	95974.8242188
batch	240	valid_loss	95896.4775391
batch	270	valid_loss	95786.4931641
batch	300	valid_loss	95630.3320312
batch	330	valid_loss	95415.9814453
batch	360	valid_loss	95029.5908203
batch	390	valid_loss	94411.7685547
batch	420	valid_loss	93310.1220703
batch	450	valid_loss	91733.3657227
batch	480	valid_loss	89940.3486328
batch	510	valid_loss	88395.043457
batch	540	valid_loss	87348.6582031
batch	570	valid_loss	86617.0146484
batch	600	valid_loss	86048.9116211
batch	630	valid_loss	85584.605957
batch	660	valid_loss	84998.2626953
batch	690	valid_loss	84516.8452148
batch	720	valid_loss	83824.7871094
batch	750	valid_loss	83107.1796875
batch	780	valid_loss	82299.0766602
batch	810	valid_loss	81499.6577148
batch	840	valid_loss	80503.996582
batch	870	valid_loss	79507.2871094
batch	900	valid_loss	78514.0708008
batch	930	valid_loss	77444.371582
batch	960	valid_loss	76412.6376953
batch	990	valid_loss	75391.7841797
batch	1020	valid_loss	74277.2939453
batch	1050	valid_loss	73240.7558594
batch	1080	valid_loss	72240.2558594
batch	1110	valid_loss	71147.8950195
batch	1140	valid_loss	70102.7255859
batch	1170	valid_loss	69145.9750977
batch	1200	valid_loss	68100.081543
batch	1230	valid_loss	67115.1186523
batch	1260	valid_loss	66068.5175781
batch	1290	valid_loss	65045.1240234
batch	1320	valid_loss	64063.6118164
batch	1350	valid_loss	63112.0166016
batch	1380	valid_loss	62222.1762695
batch	1410	valid_loss	61226.6743164
batch	1440	valid_loss	60267.9033203
batch	1470	valid_loss	59487.9208984
batch	1500	valid_loss	58538.9067383
batch	1530	valid_loss	57749.5600586
batch	1560	valid_loss	56788.9311523
batch	1590	valid_loss	55996.3012695
batch	1620	valid_loss	55213.4624023
batch	1650	valid_loss	54374.4384766
batch	1680	valid_loss	53623.9414062
batch	1710	valid_loss	52810.2602539
batch	1740	valid_loss	52044.3681641
batch	1770	valid_loss	51287.2680664
batch	1800	valid_loss	50620.0175781
batch	1830	valid_loss	49848.2910156
batch	1860	valid_loss	49143.612793
batch	1890	valid_loss	48384.1655273
batch	1920	valid_loss	47707.1357422
batch	1950	valid_loss	47039.0766602
batch	1980	valid_loss	46432.4438477
batch	2010	valid_loss	45866.6501465
batch	2040	valid_loss	45140.4040527
batch	2070	valid_loss	44613.807373
batch	2100	valid_loss	44096.2373047
batch	2130	valid_loss	43469.9440918
batch	2160	valid_loss	42837.1418457
batch	2190	valid_loss	42239.8063965
batch	2220	valid_loss	41772.4089355
batch	2250	valid_loss	41238.5476074
batch	2280	valid_loss	40788.3728027
batch	2310	valid_loss	40286.0246582
batch	2340	valid_loss	39817.5683594
batch	2370	valid_loss	39418.3425293
batch	2400	valid_loss	38916.7370605
batch	2430	valid_loss	38503.5493164
batch	2460	valid_loss	38052.869873
batch	2490	valid_loss	37702.1523438
batch	2520	valid_loss	37340.395752
batch	2550	valid_loss	36906.1464844
batch	2580	valid_loss	36538.3234863
batch	2610	valid_loss	36212.6782227
batch	2640	valid_loss	35796.171875
batch	2670	valid_loss	35458.6054688
batch	2700	valid_loss	35158.6723633
batch	2730	valid_loss	34844.677002
batch	2760	valid_loss	34468.4238281
batch	2790	valid_loss	34101.4829102
batch	2820	valid_loss	33907.7126465
batch	2850	valid_loss	33556.7893066
batch	2880	valid_loss	33231.8513184
batch	2910	valid_loss	32941.3188477
batch	2940	valid_loss	32758.0109863
batch	2970	valid_loss	32407.2182617
batch	3000	valid_loss	32140.7587891
batch	3030	valid_loss	32002.3520508
batch	3060	valid_loss	31608.0270996
batch	3090	valid_loss	31349.1208496
batch	3120	valid_loss	31214.5869141
batch	3150	valid_loss	30936.5515137
batch	3180	valid_loss	30652.4936523
batch	3210	valid_loss	30490.3066406
batch	3240	valid_loss	30220.3269043
batch	3270	valid_loss	30016.8071289
batch	3300	valid_loss	29783.6826172
batch	3330	valid_loss	29696.154541
batch	3360	valid_loss	29446.0791016
batch	3390	valid_loss	29182.3913574
batch	3420	valid_loss	29023.5083008
batch	3450	valid_loss	28888.1311035
batch	3480	valid_loss	28605.8381348
batch	3510	valid_loss	28453.3217773
batch	3540	valid_loss	28273.5493164
batch	3570	valid_loss	28190.0490723
batch	3600	valid_loss	27832.3693848
batch	3630	valid_loss	27810.2785645
batch	3660	valid_loss	27556.7304688
batch	3690	valid_loss	27513.5656738
batch	3720	valid_loss	27419.9326172
batch	3750	valid_loss	27283.4934082
batch	3780	valid_loss	27023.8969727
batch	3810	valid_loss	26919.3164062
batch	3840	valid_loss	26849.4499512
batch	3870	valid_loss	26515.2080078
batch	3900	valid_loss	26417.267334
batch	3930	valid_loss	27877.8649902
batch	3960	valid_loss	26192.9787598
batch	3990	valid_loss	26037.3774414
batch	4020	valid_loss	25842.9309082
batch	4050	valid_loss	25776.5041504
batch	4080	valid_loss	25812.0793457
batch	4110	valid_loss	25572.3012695
batch	4140	valid_loss	25362.984375
batch	4170	valid_loss	25389.8754883
batch	4200	valid_loss	25156.723877
batch	4230	valid_loss	25111.8205566
batch	4260	valid_loss	24920.6811523
batch	4290	valid_loss	24832.6992188
batch	4320	valid_loss	24678.7770996
batch	4350	valid_loss	24589.1711426
batch	4380	valid_loss	24836.7019043
batch	4410	valid_loss	24352.9277344
batch	4440	valid_loss	24282.9145508
batch	4470	valid_loss	24167.2548828
batch	4500	valid_loss	24172.9255371
batch	4530	valid_loss	24011.2094727
batch	4560	valid_loss	24668.4755859
batch	4590	valid_loss	23779.6618652
batch	4620	valid_loss	23655.9055176
batch	4650	valid_loss	23587.2290039
batch	4680	valid_loss	23770.7316895
batch	4710	valid_loss	23583.8261719
batch	4740	valid_loss	23422.6420898
batch	4770	valid_loss	23335.9316406
batch	4800	valid_loss	23136.9152832
batch	4830	valid_loss	23220.1813965
batch	4860	valid_loss	23130.3364258
batch	4890	valid_loss	22892.3903809
batch	4920	valid_loss	23260.6035156
batch	4950	valid_loss	22788.4836426
batch	4980	valid_loss	22998.4680176
batch	5010	valid_loss	23110.9025879
batch	5040	valid_loss	22590.3583984
batch	5070	valid_loss	22395.560791
batch	5100	valid_loss	22375.151001
batch	5130	valid_loss	22618.4367676
batch	5160	valid_loss	22361.0687256
batch	5190	valid_loss	22207.8277588
batch	5220	valid_loss	22145.0789795
batch	5250	valid_loss	22033.2000732
batch	5280	valid_loss	22218.6196289
batch	5310	valid_loss	21918.887207
batch	5340	valid_loss	21865.7126465
batch	5370	valid_loss	22006.3878174
batch	5400	valid_loss	21714.9477539
batch	5430	valid_loss	21879.8153076
batch	5460	valid_loss	21650.1395264
batch	5490	valid_loss	21654.3510742
batch	5520	valid_loss	21458.1901855
batch	5550	valid_loss	21582.2213135
batch	5580	valid_loss	21413.5186768
batch	5610	valid_loss	22125.6020508
batch	5640	valid_loss	21317.7684326
batch	5670	valid_loss	21231.8032227
batch	5700	valid_loss	21186.7907715
batch	5730	valid_loss	21280.5437012
batch	5760	valid_loss	21128.178833
batch	5790	valid_loss	21171.1259766
batch	5820	valid_loss	21014.8597412
batch	5850	valid_loss	20978.458252
batch	5880	valid_loss	20886.8839111
batch	5910	valid_loss	20956.8725586
batch	5940	valid_loss	21152.0217285
batch	5970	valid_loss	20781.4616699
batch	6000	valid_loss	21205.0303955
batch	6030	valid_loss	20745.668457
batch	6060	valid_loss	20682.5158691
batch	6090	valid_loss	21258.5257568
batch	6120	valid_loss	20596.1540527
batch	6150	valid_loss	20665.2844238
batch	6180	valid_loss	20575.1854248
batch	6210	valid_loss	20524.9367676
batch	6240	valid_loss	20491.1605225
batch	6270	valid_loss	20449.9720459
batch	6300	valid_loss	20478.8118896
batch	6330	valid_loss	20420.2681885
batch	6360	valid_loss	22223.9287109
batch	6390	valid_loss	20330.9797363
batch	6420	valid_loss	20228.5808105
batch	6450	valid_loss	20294.6309814
batch	6480	valid_loss	20224.1143799
batch	6510	valid_loss	20596.0593262
batch	6540	valid_loss	20257.2670898
batch	6570	valid_loss	20120.8039551
batch	6600	valid_loss	20545.3306885
batch	6630	valid_loss	20085.4957275
batch	6660	valid_loss	20713.6169434
batch	6690	valid_loss	20021.2609863
batch	6720	valid_loss	20142.0859375
batch	6750	valid_loss	20011.6418457
batch	6780	valid_loss	19949.2666016
batch	6810	valid_loss	20140.979248
batch	6840	valid_loss	19937.407959
batch	6870	valid_loss	20025.2526855
batch	6900	valid_loss	20009.5628662
batch	6930	valid_loss	19882.8374023
batch	6960	valid_loss	19833.755127
batch	6990	valid_loss	21147.8074951
batch	7020	valid_loss	19802.574707
batch	7050	valid_loss	19731.3461914
batch	7080	valid_loss	19807.4980469
batch	7110	valid_loss	20405.7052002
batch	7140	valid_loss	19777.68396
batch	7170	valid_loss	19668.1094971
batch	7200	valid_loss	19689.2789307
batch	7230	valid_loss	19636.0169678
batch	7260	valid_loss	19808.1959229
batch	7290	valid_loss	19639.9078369
batch	7320	valid_loss	19609.6893311
batch	7350	valid_loss	19531.5853271
batch	7380	valid_loss	19556.394043
batch	7410	valid_loss	19678.1276855
batch	7440	valid_loss	19492.0001221
batch	7470	valid_loss	20354.6656494
batch	7500	valid_loss	19610.9160156
batch	7530	valid_loss	19504.0751953
batch	7560	valid_loss	19551.7301025
batch	7590	valid_loss	19622.5922852
batch	7620	valid_loss	19412.1203613
batch	7650	valid_loss	19923.1429443
batch	7680	valid_loss	19435.0958252
batch	7710	valid_loss	19751.776001
batch	7740	valid_loss	19489.7058105
batch	7770	valid_loss	19386.3482666
batch	7800	valid_loss	19428.8820801
batch	7830	valid_loss	19396.5400391
batch	7860	valid_loss	19450.6542969
batch	7890	valid_loss	19786.2641602
batch	7920	valid_loss	19409.6364746
batch	7950	valid_loss	19392.6375732
batch	7980	valid_loss	19654.8944092
batch	8010	valid_loss	19259.7680664
batch	8040	valid_loss	19241.0258789
batch	8070	valid_loss	19255.2565918
batch	8100	valid_loss	20387.7432861
batch	8130	valid_loss	19280.4353027
batch	8160	valid_loss	19327.7811279
batch	8190	valid_loss	19339.3984375
batch	8220	valid_loss	19291.934082
batch	8250	valid_loss	19240.7252197
batch	8280	valid_loss	19835.1342773
batch	8310	valid_loss	19234.8800049
batch	8340	valid_loss	19389.1942139
batch	8370	valid_loss	19202.7005615
batch	8400	valid_loss	19526.315918
batch	8430	valid_loss	19198.9626465
batch	8460	valid_loss	19186.5321045
batch	8490	valid_loss	19193.3747559
batch	8520	valid_loss	19215.7983398
batch	8550	valid_loss	19158.8648682
batch	8580	valid_loss	19428.0361328
batch	8610	valid_loss	19147.6467285
batch	8640	valid_loss	19150.8775635
batch	8670	valid_loss	19115.4331055
batch	8700	valid_loss	19110.6148682
batch	8730	valid_loss	19279.6160889
batch	8760	valid_loss	19140.081665
batch	8790	valid_loss	19043.6359863
batch	8820	valid_loss	19056.9125977
batch	8850	valid_loss	19046.6896973
batch	8880	valid_loss	19080.1218262
batch	8910	valid_loss	19860.5217285
batch	8940	valid_loss	19049.7072754
batch	8970	valid_loss	19112.401123
batch	9000	valid_loss	18963.326416
batch	9030	valid_loss	19066.1524658
batch	9060	valid_loss	19050.6119385
batch	9090	valid_loss	19347.1070557
batch	9120	valid_loss	18927.2910156
batch	9150	valid_loss	20079.0241699
batch	9180	valid_loss	18989.4405518
batch	9210	valid_loss	19100.87854
batch	9240	valid_loss	18920.2047119
batch	9270	valid_loss	19336.729248
batch	9300	valid_loss	18887.1885986
batch	9330	valid_loss	18947.7119141
batch	9360	valid_loss	19117.2429199
batch	9390	valid_loss	18892.0316162
batch	9420	valid_loss	19029.2824707
batch	9450	valid_loss	18924.317749
batch	9480	valid_loss	18928.1367188
batch	9510	valid_loss	18994.8970947
batch	9540	valid_loss	18860.175415
batch	9570	valid_loss	20018.0679932
batch	9600	valid_loss	18903.9901123
batch	9630	valid_loss	18828.6080322
batch	9660	valid_loss	19126.6016846
batch	9690	valid_loss	18909.2794189
batch	9720	valid_loss	18991.3079834
batch	9750	valid_loss	19027.078125
batch	9780	valid_loss	18911.8948975
batch	9810	valid_loss	18861.2836914
batch	9840	valid_loss	19021.2663574
batch	9870	valid_loss	18955.7906494
batch	9900	valid_loss	18832.9567871
batch	9930	valid_loss	18783.8092041
batch	9960	valid_loss	19616.1920166
batch	9990	valid_loss	18876.9538574
batch	10020	valid_loss	18982.7584229
batch	10050	valid_loss	18869.3431396
batch	10080	valid_loss	18867.1591797
batch	10110	valid_loss	18783.9981689
batch	10140	valid_loss	18798.4273682
batch	10170	valid_loss	18864.3668213
batch	10200	valid_loss	18869.3006592
batch	10230	valid_loss	18813.9084473
batch	10260	valid_loss	19281.8460693
batch	10290	valid_loss	18775.3723145
batch	10320	valid_loss	19324.0701904
batch	10350	valid_loss	18722.8673096
batch	10380	valid_loss	18802.6230469
batch	10410	valid_loss	20080.258667
batch	10440	valid_loss	18791.9468994
batch	10470	valid_loss	18667.6673584
batch	10500	valid_loss	18726.0306396
batch	10530	valid_loss	18850.0438232
batch	10560	valid_loss	18711.7160645
batch	10590	valid_loss	19648.4761963
batch	10620	valid_loss	18786.6431885
batch	10650	valid_loss	18793.9030762
batch	10680	valid_loss	18768.7995605
batch	10710	valid_loss	18906.7811279
batch	10740	valid_loss	18749.5631104
batch	10770	valid_loss	18896.7674561
batch	10800	valid_loss	18728.5460205
batch	10830	valid_loss	19079.0968018
batch	10860	valid_loss	18904.0603027
batch	10890	valid_loss	18735.8300781
batch	10920	valid_loss	19107.5554199
batch	10950	valid_loss	18658.7597656
batch	10980	valid_loss	18911.5279541
batch	11010	valid_loss	18727.5627441
batch	11040	valid_loss	19041.451416
batch	11070	valid_loss	18826.5924072
batch	11100	valid_loss	18650.6219482
batch	11130	valid_loss	19370.8796387
batch	11160	valid_loss	18656.6040039
batch	11190	valid_loss	18655.6551514
batch	11220	valid_loss	19268.0019531
batch	11250	valid_loss	18792.7071533
batch	11280	valid_loss	18703.5164795
batch	11310	valid_loss	18634.6202393
batch	11340	valid_loss	19237.1306152
batch	11370	valid_loss	18625.8922119
batch	11400	valid_loss	18922.7789307
batch	11430	valid_loss	18818.1993408
batch	11460	valid_loss	18768.0911865
batch	11490	valid_loss	18637.0727539
batch	11520	valid_loss	18686.8421631
batch	11550	valid_loss	19008.3953857
batch	11580	valid_loss	18779.7144775
batch	11610	valid_loss	18688.581543
batch	11640	valid_loss	19670.5079346
batch	11670	valid_loss	18590.3372803
batch	11700	valid_loss	18642.0299072
batch	11730	valid_loss	18582.7849121
batch	11760	valid_loss	18619.5318604
batch	11790	valid_loss	18672.0847168
batch	11820	valid_loss	18619.0644531
batch	11850	valid_loss	19413.1793213
batch	11880	valid_loss	18766.5762939
batch	11910	valid_loss	18548.090332
batch	11940	valid_loss	18786.2575684
batch	11970	valid_loss	18568.9711914
batch	12000	valid_loss	18895.7037354
batch	12030	valid_loss	18604.0463867
batch	12060	valid_loss	18612.1275635
batch	12090	valid_loss	18817.3081055
batch	12120	valid_loss	18551.3704834
batch	12150	valid_loss	18548.015625
batch	12180	valid_loss	18601.0118408
batch	12210	valid_loss	18586.4379883
batch	12240	valid_loss	18525.4554443
batch	12270	valid_loss	18775.3538818
batch	12300	valid_loss	18604.3322754
batch	12330	valid_loss	18719.7037354
batch	12360	valid_loss	18529.3199463
batch	12390	valid_loss	18853.3061523
batch	12420	valid_loss	18541.9714355
batch	12450	valid_loss	18544.5528564
batch	12480	valid_loss	19632.0114746
batch	12510	valid_loss	18553.2722168
batch	12540	valid_loss	18542.8845215
batch	12570	valid_loss	18767.3109131
batch	12600	valid_loss	18576.7625732
batch	12630	valid_loss	18614.4876709
batch	12660	valid_loss	18707.9060059
batch	12690	valid_loss	18655.2178955
batch	12720	valid_loss	18557.2713623
batch	12750	valid_loss	18576.9609375
batch	12780	valid_loss	18572.135498
batch	12810	valid_loss	18598.0692139
batch	12840	valid_loss	18513.3070068
batch	12870	valid_loss	18627.6452637
batch	12900	valid_loss	18566.6147461
batch	12930	valid_loss	19087.4207764
batch	12960	valid_loss	18521.2347412
batch	12990	valid_loss	18517.3041992
batch	13020	valid_loss	18697.934082
batch	13050	valid_loss	18501.7592773
batch	13080	valid_loss	19475.4471436
batch	13110	valid_loss	18515.6984863
batch	13140	valid_loss	18551.3129883
batch	13170	valid_loss	18508.3634033
batch	13200	valid_loss	19794.8341064
batch	13230	valid_loss	18521.144165
batch	13260	valid_loss	18531.4332275
batch	13290	valid_loss	18492.1359863
batch	13320	valid_loss	18855.979126
batch	13350	valid_loss	18508.9095459
batch	13380	valid_loss	18535.6385498
batch	13410	valid_loss	18504.1304932
batch	13440	valid_loss	19848.4177246
batch	13470	valid_loss	18473.8735352
batch	13500	valid_loss	18477.2611084
batch	13530	valid_loss	18486.5059814
batch	13560	valid_loss	18741.0340576
batch	13590	valid_loss	18502.4481201
batch	13620	valid_loss	18740.2322998
batch	13650	valid_loss	18631.4095459
batch	13680	valid_loss	18458.4644775
batch	13710	valid_loss	18682.3377686
batch	13740	valid_loss	18498.3447266
batch	13770	valid_loss	18780.2589111
batch	13800	valid_loss	18485.3198242
batch	13830	valid_loss	18505.9294434
batch	13860	valid_loss	19746.5759277
batch	13890	valid_loss	18567.0938721
batch	13920	valid_loss	18433.1616211
batch	13950	valid_loss	18765.2788086
batch	13980	valid_loss	18400.1444092
batch	14010	valid_loss	18960.7211914
batch	14040	valid_loss	18443.6707764
batch	14070	valid_loss	18632.3051758
batch	14100	valid_loss	18445.5770264
batch	14130	valid_loss	18449.6873779
batch	14160	valid_loss	18467.8531494
batch	14190	valid_loss	18611.0686035
batch	14220	valid_loss	18478.2983398
batch	14250	valid_loss	18721.3261719
batch	14280	valid_loss	18483.0853271
batch	14310	valid_loss	19495.4901123
batch	14340	valid_loss	18565.8812256
batch	14370	valid_loss	18436.2335205
batch	14400	valid_loss	18436.4493408
batch	14430	valid_loss	18458.7741699
batch	14460	valid_loss	18452.4007568
batch	14490	valid_loss	18448.1981201
batch	14520	valid_loss	18532.3201904
batch	14550	valid_loss	18500.8564453
batch	14580	valid_loss	18479.8731689
batch	14610	valid_loss	18404.2821045
batch	14640	valid_loss	18424.0637207
batch	14670	valid_loss	18978.9864502
batch	14700	valid_loss	18465.7845459
batch	14730	valid_loss	18420.3238525
batch	14760	valid_loss	19787.9713135
batch	14790	valid_loss	18502.6121826
batch	14820	valid_loss	18439.0175781
batch	14850	valid_loss	18446.0722656
batch	14880	valid_loss	18529.2105713
batch	14910	valid_loss	18444.5396729
batch	14940	valid_loss	18425.5216064
batch	14970	valid_loss	18488.8892822
batch	15000	valid_loss	18499.130127
batch	15030	valid_loss	18351.7794189
batch	15060	valid_loss	18419.0220947
batch	15090	valid_loss	18392.0256348
batch	15120	valid_loss	18546.0998535
batch	15150	valid_loss	18388.2467041
batch	15180	valid_loss	18390.8016357
batch	15210	valid_loss	18494.7519531
batch	15240	valid_loss	18486.5269775
batch	15270	valid_loss	18398.9528809
batch	15300	valid_loss	18524.0987549
batch	15330	valid_loss	18428.8059082
batch	15360	valid_loss	18366.7866211
batch	15390	valid_loss	18496.6719971
batch	15420	valid_loss	18403.8616943
batch	15450	valid_loss	18491.7969971
batch	15480	valid_loss	18317.5283203
batch	15510	valid_loss	18602.2224121
batch	15540	valid_loss	18375.2254639
batch	15570	valid_loss	18351.119873
batch	15600	valid_loss	18350.763916
batch	15630	valid_loss	18465.2635498
batch	15660	valid_loss	18357.0234375
batch	15690	valid_loss	18542.2415771
batch	15720	valid_loss	18368.0029297
batch	15750	valid_loss	18398.0699463
batch	15780	valid_loss	18296.0783691
batch	15810	valid_loss	18398.3395996
batch	15840	valid_loss	18458.0340576
batch	15870	valid_loss	18350.0894775
batch	15900	valid_loss	18378.2982178
batch	15930	valid_loss	18394.2108154
batch	15960	valid_loss	18306.7044678
batch	15990	valid_loss	18448.4100342
batch	16020	valid_loss	18432.8674316
batch	16050	valid_loss	18708.0567627
batch	16080	valid_loss	18372.7792969
batch	16110	valid_loss	18339.581665
batch	16140	valid_loss	18592.3352051
batch	16170	valid_loss	18363.6243896
batch	16200	valid_loss	18325.479248
batch	16230	valid_loss	18329.3171387
batch	16260	valid_loss	18381.3605957
batch	16290	valid_loss	18421.1330566
batch	16320	valid_loss	18370.5373535
batch	16350	valid_loss	18309.3925781
batch	16380	valid_loss	18378.4053955
batch	16410	valid_loss	18279.6606445
batch	16440	valid_loss	18265.9941406
batch	16470	valid_loss	18387.2578125
batch	16500	valid_loss	18358.0305176
batch	16530	valid_loss	18744.7666016
batch	16560	valid_loss	18348.7995605
batch	16590	valid_loss	18276.7399902
batch	16620	valid_loss	18977.2698975
batch	16650	valid_loss	18380.102417
batch	16680	valid_loss	18331.2346191
batch	16710	valid_loss	18308.7401123
batch	16740	valid_loss	18591.3220215
batch	16770	valid_loss	18453.0096436
batch	16800	valid_loss	18265.4307861
batch	16830	valid_loss	18671.71875
batch	16860	valid_loss	18315.2606201
batch	16890	valid_loss	18294.5799561
batch	16920	valid_loss	18257.7409668
batch	16950	valid_loss	20707.9736328
batch	16980	valid_loss	18290.5003662
batch	17010	valid_loss	18329.5830078
batch	17040	valid_loss	18204.5115967
batch	17070	valid_loss	18270.6711426
batch	17100	valid_loss	18223.2199707
batch	17130	valid_loss	18635.9534912
batch	17160	valid_loss	18251.8129883
batch	17190	valid_loss	18506.0093994
batch	17220	valid_loss	18348.175293
batch	17250	valid_loss	18290.954834
batch	17280	valid_loss	18263.0343018
batch	17310	valid_loss	18321.5570068
batch	17340	valid_loss	18195.4404297
batch	17370	valid_loss	18820.0708008
batch	17400	valid_loss	18307.2623291
batch	17430	valid_loss	18385.1522217
batch	17460	valid_loss	18229.7937012
batch	17490	valid_loss	18336.8763428
batch	17520	valid_loss	18333.2011719
batch	17550	valid_loss	18447.5644531
batch	17580	valid_loss	18291.0928955
batch	17610	valid_loss	18252.7209473
batch	17640	valid_loss	18283.5360107
batch	17670	valid_loss	18271.2109375
batch	17700	valid_loss	18291.9926758
batch	17730	valid_loss	18229.7055664
batch	17760	valid_loss	18245.5512695
batch	17790	valid_loss	18548.8621826
batch	17820	valid_loss	18194.0098877
batch	17850	valid_loss	18195.6794434
batch	17880	valid_loss	18367.9036865
batch	17910	valid_loss	18240.21521
batch	17940	valid_loss	18330.4143066
batch	17970	valid_loss	18282.6773682
batch	18000	valid_loss	18176.6434326
batch	18030	valid_loss	18187.2492676
batch	18060	valid_loss	18197.2376709
batch	18090	valid_loss	18211.9309082
batch	18120	valid_loss	18203.7681885
batch	18150	valid_loss	18173.0195312
batch	18180	valid_loss	18446.9494629
batch	18210	valid_loss	18163.0869141
batch	18240	valid_loss	18589.9908447
batch	18270	valid_loss	18259.1314697
batch	18300	valid_loss	18260.8985596
batch	18330	valid_loss	18279.7526855
batch	18360	valid_loss	18197.1744385
batch	18390	valid_loss	18235.2768555
batch	18420	valid_loss	18178.0445557
batch	18450	valid_loss	18388.40979
batch	18480	valid_loss	18186.6339111
batch	18510	valid_loss	18544.428833
batch	18540	valid_loss	18185.1497803
batch	18570	valid_loss	19166.4504395
batch	18600	valid_loss	18157.0811768
batch	18630	valid_loss	18190.4237061
batch	18660	valid_loss	18172.7973633
batch	18690	valid_loss	18376.75
batch	18720	valid_loss	18266.6239014
batch	18750	valid_loss	18398.9525146
batch	18780	valid_loss	18151.0372314
batch	18810	valid_loss	18467.083374
batch	18840	valid_loss	18306.840332
batch	18870	valid_loss	18786.5578613
batch	18900	valid_loss	18208.1964111
batch	18930	valid_loss	18491.7825928
batch	18960	valid_loss	18313.9749756
batch	18990	valid_loss	18166.7996826
batch	19020	valid_loss	18475.2124023
batch	19050	valid_loss	18210.9302979
batch	19080	valid_loss	18165.0532227
batch	19110	valid_loss	18228.2740479
batch	19140	valid_loss	18217.9934082
batch	19170	valid_loss	18176.8436279
batch	19200	valid_loss	18291.1544189
batch	19230	valid_loss	18227.0393066
batch	19260	valid_loss	18218.9549561
batch	19290	valid_loss	18180.4378662
batch	19320	valid_loss	18151.352417
batch	19350	valid_loss	18226.5465088
batch	19380	valid_loss	18228.6520996
batch	19410	valid_loss	18149.9553223
batch	19440	valid_loss	19373.5493164
batch	19470	valid_loss	18224.6170654
batch	19500	valid_loss	18227.4398193
batch	19530	valid_loss	18134.3271484
batch	19560	valid_loss	18162.1739502
batch	19590	valid_loss	18172.2073975
batch	19620	valid_loss	18224.8254395
batch	19650	valid_loss	18281.4614258
batch	19680	valid_loss	18231.6398926
batch	19710	valid_loss	18178.3225098
batch	19740	valid_loss	18351.5114746
batch	19770	valid_loss	18165.5163574
batch	19800	valid_loss	18198.8096924
batch	19830	valid_loss	18204.8989258
batch	19860	valid_loss	18430.0478516
batch	19890	valid_loss	18249.3529053
batch	19920	valid_loss	18157.7081299
batch	19950	valid_loss	18903.0546875
batch	19980	valid_loss	18147.8481445
batch	20010	valid_loss	18214.5606689
batch	20040	valid_loss	18146.9621582
batch	20070	valid_loss	18287.4891357
batch	20100	valid_loss	18115.8387451
batch	20130	valid_loss	18205.9210205
batch	20160	valid_loss	18092.8883057
batch	20190	valid_loss	18193.0712891
batch	20220	valid_loss	18114.0048828
batch	20250	valid_loss	18219.6015625
batch	20280	valid_loss	18145.1702881
batch	20310	valid_loss	18273.1269531
batch	20340	valid_loss	18127.8084717
batch	20370	valid_loss	18697.7646484
batch	20400	valid_loss	18157.9970703
batch	20430	valid_loss	18272.010498
batch	20460	valid_loss	18085.1534424
batch	20490	valid_loss	18309.9157715
batch	20520	valid_loss	18209.1837158
batch	20550	valid_loss	18102.9316406
batch	20580	valid_loss	18304.6541748
batch	20610	valid_loss	18148.9666748
batch	20640	valid_loss	18220.9230957
batch	20670	valid_loss	18508.0183105
batch	20700	valid_loss	18219.2780762
batch	20730	valid_loss	18114.9277344
batch	20760	valid_loss	18376.3173828
batch	20790	valid_loss	18246.0883789
batch	20820	valid_loss	18276.8388672
batch	20850	valid_loss	18147.6687012
batch	20880	valid_loss	18109.0386963
batch	20910	valid_loss	18231.8039551
batch	20940	valid_loss	18111.6787109
batch	20970	valid_loss	18102.3825684
batch	21000	valid_loss	18223.9304199
batch	21030	valid_loss	18198.831543
batch	21060	valid_loss	18126.2189941
batch	21090	valid_loss	18093.8521729
batch	21120	valid_loss	18280.6085205
batch	21150	valid_loss	18139.793457
batch	21180	valid_loss	18130.5805664
batch	21210	valid_loss	18848.7850342
batch	21240	valid_loss	18209.0318604
batch	21270	valid_loss	18118.2493896
batch	21300	valid_loss	18901.0787354
batch	21330	valid_loss	18099.706665
batch	21360	valid_loss	18148.2590332
batch	21390	valid_loss	18271.0665283
batch	21420	valid_loss	18546.0454102
batch	21450	valid_loss	18320.0245361
batch	21480	valid_loss	18110.9906006
batch	21510	valid_loss	18558.0229492
batch	21540	valid_loss	18141.6179199
batch	21570	valid_loss	18127.8276367
batch	21600	valid_loss	18135.0274658
batch	21630	valid_loss	18405.4147949
batch	21660	valid_loss	18074.9536133
batch	21690	valid_loss	18193.3253174
batch	21720	valid_loss	18205.7801514
batch	21750	valid_loss	18373.3110352
batch	21780	valid_loss	18084.7969971
batch	21810	valid_loss	18236.7644043
batch	21840	valid_loss	18150.2767334
batch	21870	valid_loss	18371.5350342
batch	21900	valid_loss	18086.6431885
batch	21930	valid_loss	18298.1279297
batch	21960	valid_loss	18123.6451416
batch	21990	valid_loss	18182.0686035
batch	22020	valid_loss	18095.9521484
batch	22050	valid_loss	18119.1190186
batch	22080	valid_loss	18133.4899902
batch	22110	valid_loss	18123.7696533
batch	22140	valid_loss	18090.6442871
batch	22170	valid_loss	18543.5080566
batch	22200	valid_loss	18098.057251
batch	22230	valid_loss	18332.4327393
batch	22260	valid_loss	18196.0522461
batch	22290	valid_loss	18076.1895752
batch	22320	valid_loss	18526.8707275
batch	22350	valid_loss	18206.4862061
batch	22380	valid_loss	18099.5360107
batch	22410	valid_loss	18084.1607666
batch	22440	valid_loss	18320.8345947
batch	22470	valid_loss	18085.9685059
batch	22500	valid_loss	18080.6988525
batch	22530	valid_loss	18076.1334229
batch	22560	valid_loss	18108.6971436
batch	22590	valid_loss	18064.178833
batch	22620	valid_loss	18140.3924561
batch	22650	valid_loss	18083.7919922
batch	22680	valid_loss	18111.6300049
batch	22710	valid_loss	18613.2039795
batch	22740	valid_loss	18138.6585693
batch	22770	valid_loss	18081.2192383
batch	22800	valid_loss	18402.0457764
batch	22830	valid_loss	18068.7338867
batch	22860	valid_loss	18376.0170898
batch	22890	valid_loss	18049.956543
batch	22920	valid_loss	18120.364624
batch	22950	valid_loss	18294.010498
batch	22980	valid_loss	18209.1408691
batch	23010	valid_loss	18272.9974365
batch	23040	valid_loss	18081.7526855
batch	23070	valid_loss	18654.3597412
batch	23100	valid_loss	18093.8016357
batch	23130	valid_loss	18099.2838135
batch	23160	valid_loss	18072.9353027
batch	23190	valid_loss	18515.7148438
batch	23220	valid_loss	18071.5286865
batch	23250	valid_loss	18143.1705322
batch	23280	valid_loss	18109.6911621
batch	23310	valid_loss	18178.0629883
batch	23340	valid_loss	18066.6933594
batch	23370	valid_loss	18066.1351318
batch	23400	valid_loss	18088.7442627
batch	23430	valid_loss	18057.5167236
batch	23460	valid_loss	18034.0141602
batch	23490	valid_loss	18663.4030762
batch	23520	valid_loss	18063.8944092
batch	23550	valid_loss	18151.3477783
batch	23580	valid_loss	18067.8150635
batch	23610	valid_loss	18687.5949707
batch	23640	valid_loss	18133.5562744
batch	23670	valid_loss	18042.3297119
batch	23700	valid_loss	18083.1169434
batch	23730	valid_loss	18144.8624268
batch	23760	valid_loss	18065.9785156
batch	23790	valid_loss	18221.1154785
batch	23820	valid_loss	18240.9162598
batch	23850	valid_loss	18050.3513184
batch	23880	valid_loss	18084.5013428
batch	23910	valid_loss	18080.3427734
batch	23940	valid_loss	18085.9541016
batch	23970	valid_loss	18212.1246338
batch	24000	valid_loss	18042.1461182
batch	24030	valid_loss	18050.8117676
batch	24060	valid_loss	18346.1945801
batch	24090	valid_loss	18044.9018555
batch	24120	valid_loss	18034.7459717
batch	24150	valid_loss	18039.9466553
batch	24180	valid_loss	18254.7542725
batch	24210	valid_loss	18053.1801758
batch	24240	valid_loss	18237.9688721
batch	24270	valid_loss	18066.7896729
batch	24300	valid_loss	18102.119751
batch	24330	valid_loss	18048.2042236
batch	24360	valid_loss	18113.458374
batch	24390	valid_loss	18035.2485352
batch	24420	valid_loss	18828.4998779
batch	24450	valid_loss	18066.8803711
batch	24480	valid_loss	18074.4293213
batch	24510	valid_loss	18080.0587158
batch	24540	valid_loss	18156.4261475
batch	24570	valid_loss	18102.880127
batch	24600	valid_loss	18205.7626953
batch	24630	valid_loss	18044.3094482
batch	24660	valid_loss	18892.4516602
batch	24690	valid_loss	18081.9370117
batch	24720	valid_loss	18040.1185303
batch	24750	valid_loss	18061.9334717
batch	24780	valid_loss	18095.0866699
batch	24810	valid_loss	18553.8582764
batch	24840	valid_loss	18080.0047607
batch	24870	valid_loss	18204.314209
batch	24900	valid_loss	18040.1920166
batch	24930	valid_loss	18040.8178711
batch	24960	valid_loss	18164.7041016
batch	24990	valid_loss	18021.8035889
STOP
START
config	460	180	460	1140
batch	0	valid_loss	8064650.25
batch	30	valid_loss	166856.260742
batch	60	valid_loss	99485.203125
batch	90	valid_loss	96316.9619141
batch	120	valid_loss	96142.1035156
batch	150	valid_loss	96080.6728516
batch	180	valid_loss	96063.2861328
batch	210	valid_loss	95945.0644531
batch	240	valid_loss	95805.2939453
batch	270	valid_loss	95633.5888672
batch	300	valid_loss	95284.0302734
batch	330	valid_loss	94686.3701172
batch	360	valid_loss	93615.7998047
batch	390	valid_loss	92086.8730469
batch	420	valid_loss	90385.5195312
batch	450	valid_loss	89017.5205078
batch	480	valid_loss	88136.0449219
batch	510	valid_loss	87423.2749023
batch	540	valid_loss	86949.4072266
batch	570	valid_loss	86558.1337891
batch	600	valid_loss	86067.4316406
batch	630	valid_loss	85585.6977539
batch	660	valid_loss	85060.4443359
batch	690	valid_loss	84488.6152344
batch	720	valid_loss	83853.5141602
batch	750	valid_loss	83181.6884766
batch	780	valid_loss	82348.4506836
batch	810	valid_loss	81377.2880859
batch	840	valid_loss	80472.7143555
batch	870	valid_loss	79533.4985352
batch	900	valid_loss	78591.0961914
batch	930	valid_loss	77642.5683594
batch	960	valid_loss	76657.2749023
batch	990	valid_loss	75619.6123047
batch	1020	valid_loss	74613.7172852
batch	1050	valid_loss	73476.7143555
batch	1080	valid_loss	72415.6376953
batch	1110	valid_loss	71311.9174805
batch	1140	valid_loss	70176.8779297
batch	1170	valid_loss	69013.3920898
batch	1200	valid_loss	67972.0224609
batch	1230	valid_loss	66866.0595703
batch	1260	valid_loss	65800.8618164
batch	1290	valid_loss	64708.8657227
batch	1320	valid_loss	63698.090332
batch	1350	valid_loss	62644.9321289
batch	1380	valid_loss	61679.78125
batch	1410	valid_loss	60698.5834961
batch	1440	valid_loss	59628.4916992
batch	1470	valid_loss	58716.7797852
batch	1500	valid_loss	57704.8588867
batch	1530	valid_loss	56802.7270508
batch	1560	valid_loss	55932.3793945
batch	1590	valid_loss	55021.1269531
batch	1620	valid_loss	54259.2900391
batch	1650	valid_loss	53359.6425781
batch	1680	valid_loss	52592.3999023
batch	1710	valid_loss	51768.3779297
batch	1740	valid_loss	51037.3027344
batch	1770	valid_loss	50279.605957
batch	1800	valid_loss	49609.9511719
batch	1830	valid_loss	48883.9511719
batch	1860	valid_loss	48150.7001953
batch	1890	valid_loss	47579.6513672
batch	1920	valid_loss	46866.0297852
batch	1950	valid_loss	46163.0185547
batch	1980	valid_loss	45590.2524414
batch	2010	valid_loss	45060.0090332
batch	2040	valid_loss	44474.2973633
batch	2070	valid_loss	43829.4453125
batch	2100	valid_loss	43290.9404297
batch	2130	valid_loss	42854.3688965
batch	2160	valid_loss	42285.395752
batch	2190	valid_loss	41776.2734375
batch	2220	valid_loss	41337.9729004
batch	2250	valid_loss	40953.902832
batch	2280	valid_loss	40327.6682129
batch	2310	valid_loss	39977.5837402
batch	2340	valid_loss	39427.8125
batch	2370	valid_loss	39050.199707
batch	2400	valid_loss	38604.1657715
batch	2430	valid_loss	38288.4816895
batch	2460	valid_loss	37838.7033691
batch	2490	valid_loss	37440.9174805
batch	2520	valid_loss	37054.7294922
batch	2550	valid_loss	36697.6184082
batch	2580	valid_loss	36385.8569336
batch	2610	valid_loss	35959.017334
batch	2640	valid_loss	35618.2553711
batch	2670	valid_loss	35185.9953613
batch	2700	valid_loss	34934.3095703
batch	2730	valid_loss	34571.7529297
batch	2760	valid_loss	34279.2124023
batch	2790	valid_loss	33880.6889648
batch	2820	valid_loss	33615.2329102
batch	2850	valid_loss	33354.6103516
batch	2880	valid_loss	33070.3527832
batch	2910	valid_loss	32827.0810547
batch	2940	valid_loss	32505.0715332
batch	2970	valid_loss	32196.4858398
batch	3000	valid_loss	32015.3925781
batch	3030	valid_loss	31679.4248047
batch	3060	valid_loss	31501.6376953
batch	3090	valid_loss	31267.2783203
batch	3120	valid_loss	30995.2546387
batch	3150	valid_loss	30769.1650391
batch	3180	valid_loss	30567.6777344
batch	3210	valid_loss	30277.1374512
batch	3240	valid_loss	30138.1179199
batch	3270	valid_loss	29936.6408691
batch	3300	valid_loss	29758.1743164
batch	3330	valid_loss	29455.2126465
batch	3360	valid_loss	29279.0776367
batch	3390	valid_loss	29056.1188965
batch	3420	valid_loss	28880.2060547
batch	3450	valid_loss	28739.5336914
batch	3480	valid_loss	28403.1359863
batch	3510	valid_loss	28304.4475098
batch	3540	valid_loss	28103.8862305
batch	3570	valid_loss	28008.895752
batch	3600	valid_loss	27809.5639648
batch	3630	valid_loss	27611.935791
batch	3660	valid_loss	27468.2084961
batch	3690	valid_loss	27358.8737793
batch	3720	valid_loss	27135.5690918
batch	3750	valid_loss	26981.5393066
batch	3780	valid_loss	26788.4677734
batch	3810	valid_loss	26815.1191406
batch	3840	valid_loss	26480.6860352
batch	3870	valid_loss	26388.5605469
batch	3900	valid_loss	26211.583252
batch	3930	valid_loss	26079.6010742
batch	3960	valid_loss	25828.0061035
batch	3990	valid_loss	25803.0424805
batch	4020	valid_loss	25703.2451172
batch	4050	valid_loss	25843.4858398
batch	4080	valid_loss	25479.7890625
batch	4110	valid_loss	25454.6289062
batch	4140	valid_loss	25115.7285156
batch	4170	valid_loss	25110.5898438
batch	4200	valid_loss	25085.4650879
batch	4230	valid_loss	24765.5546875
batch	4260	valid_loss	24661.2392578
batch	4290	valid_loss	24770.7858887
batch	4320	valid_loss	24408.5683594
batch	4350	valid_loss	24244.5568848
batch	4380	valid_loss	24345.8342285
batch	4410	valid_loss	24121.9619141
batch	4440	valid_loss	24043.8647461
batch	4470	valid_loss	24157.4394531
batch	4500	valid_loss	23887.9272461
batch	4530	valid_loss	23939.3366699
batch	4560	valid_loss	23754.2856445
batch	4590	valid_loss	23574.480957
batch	4620	valid_loss	23566.4099121
batch	4650	valid_loss	23347.2824707
batch	4680	valid_loss	23360.4958496
batch	4710	valid_loss	23222.9428711
batch	4740	valid_loss	23320.15625
batch	4770	valid_loss	22951.7138672
batch	4800	valid_loss	22934.2851562
batch	4830	valid_loss	23014.4423828
batch	4860	valid_loss	22904.8007812
batch	4890	valid_loss	22640.2446289
batch	4920	valid_loss	22608.4177246
batch	4950	valid_loss	22522.4274902
batch	4980	valid_loss	22621.3605957
batch	5010	valid_loss	22469.8114014
batch	5040	valid_loss	22289.2490234
batch	5070	valid_loss	22541.1872559
batch	5100	valid_loss	22214.2286377
batch	5130	valid_loss	22160.1134033
batch	5160	valid_loss	21970.1959229
batch	5190	valid_loss	22024.6486816
batch	5220	valid_loss	22001.807251
batch	5250	valid_loss	21928.4619141
batch	5280	valid_loss	21992.6176758
batch	5310	valid_loss	21777.9985352
batch	5340	valid_loss	21821.5811768
batch	5370	valid_loss	21618.3759766
batch	5400	valid_loss	21806.322998
batch	5430	valid_loss	21534.0272217
batch	5460	valid_loss	21457.0351562
batch	5490	valid_loss	21536.5700684
batch	5520	valid_loss	21466.4163818
batch	5550	valid_loss	21420.9398193
batch	5580	valid_loss	21313.3139648
batch	5610	valid_loss	21643.3360596
batch	5640	valid_loss	21131.380249
batch	5670	valid_loss	21130.3344727
batch	5700	valid_loss	21012.9967041
batch	5730	valid_loss	21826.1168213
batch	5760	valid_loss	20972.1333008
batch	5790	valid_loss	20838.1253662
batch	5820	valid_loss	20803.9442139
batch	5850	valid_loss	20750.1567383
batch	5880	valid_loss	20801.7130127
batch	5910	valid_loss	20782.2264404
batch	5940	valid_loss	21439.5629883
batch	5970	valid_loss	20607.56604
batch	6000	valid_loss	20504.8563232
batch	6030	valid_loss	20584.2160645
batch	6060	valid_loss	20653.6639404
batch	6090	valid_loss	20485.5262451
batch	6120	valid_loss	20372.8511963
batch	6150	valid_loss	20857.0682373
batch	6180	valid_loss	20439.4459229
batch	6210	valid_loss	20394.9849854
batch	6240	valid_loss	20358.072876
batch	6270	valid_loss	20260.7615967
batch	6300	valid_loss	20887.7510986
batch	6330	valid_loss	20197.0137939
batch	6360	valid_loss	20189.8283691
batch	6390	valid_loss	20525.8461914
batch	6420	valid_loss	20122.9552002
batch	6450	valid_loss	20102.3317871
batch	6480	valid_loss	20330.5275879
batch	6510	valid_loss	20323.9857178
batch	6540	valid_loss	20153.6516113
batch	6570	valid_loss	20054.8052979
batch	6600	valid_loss	19957.4245605
batch	6630	valid_loss	20126.3571777
batch	6660	valid_loss	19937.7419434
batch	6690	valid_loss	19966.4224854
batch	6720	valid_loss	19824.3724365
batch	6750	valid_loss	20439.748291
batch	6780	valid_loss	19858.3612061
batch	6810	valid_loss	19950.2907715
batch	6840	valid_loss	19958.6221924
batch	6870	valid_loss	20305.1014404
batch	6900	valid_loss	19793.3508301
batch	6930	valid_loss	19727.6442871
batch	6960	valid_loss	20397.8662109
batch	6990	valid_loss	19785.8964844
batch	7020	valid_loss	19631.7337646
batch	7050	valid_loss	19677.3562012
batch	7080	valid_loss	19806.4562988
batch	7110	valid_loss	19712.2362061
batch	7140	valid_loss	19843.9180908
batch	7170	valid_loss	19975.1600342
batch	7200	valid_loss	19685.9754639
batch	7230	valid_loss	19546.2578125
batch	7260	valid_loss	20759.1101074
batch	7290	valid_loss	19486.8023682
batch	7320	valid_loss	19573.8748779
batch	7350	valid_loss	19480.6999512
batch	7380	valid_loss	20280.5489502
batch	7410	valid_loss	19617.2408447
batch	7440	valid_loss	19410.7626953
batch	7470	valid_loss	19475.4241943
batch	7500	valid_loss	19421.0274658
batch	7530	valid_loss	19393.6060791
batch	7560	valid_loss	19299.6657715
batch	7590	valid_loss	19743.0805664
batch	7620	valid_loss	19395.8867188
batch	7650	valid_loss	19381.8845215
batch	7680	valid_loss	19289.9327393
batch	7710	valid_loss	20479.2773438
batch	7740	valid_loss	19412.7541504
batch	7770	valid_loss	19324.4061279
batch	7800	valid_loss	19290.2540283
batch	7830	valid_loss	19261.2587891
batch	7860	valid_loss	19320.0158691
batch	7890	valid_loss	19257.5491943
batch	7920	valid_loss	19562.3543701
batch	7950	valid_loss	19368.1187744
batch	7980	valid_loss	19205.5068359
batch	8010	valid_loss	19304.8150635
batch	8040	valid_loss	19516.1245117
batch	8070	valid_loss	19202.1893311
batch	8100	valid_loss	19693.2381592
batch	8130	valid_loss	19217.0076904
batch	8160	valid_loss	19175.1431885
batch	8190	valid_loss	19652.2446289
batch	8220	valid_loss	19203.2474365
batch	8250	valid_loss	19173.3905029
batch	8280	valid_loss	20538.2868652
batch	8310	valid_loss	19202.5671387
batch	8340	valid_loss	19104.487793
batch	8370	valid_loss	19197.8864746
batch	8400	valid_loss	19144.614502
batch	8430	valid_loss	19201.3216553
batch	8460	valid_loss	19048.8717041
batch	8490	valid_loss	19084.5452881
batch	8520	valid_loss	19019.5075684
batch	8550	valid_loss	19176.6452637
batch	8580	valid_loss	19019.8243408
batch	8610	valid_loss	19050.583252
batch	8640	valid_loss	19193.5057373
batch	8670	valid_loss	19201.6705322
batch	8700	valid_loss	19578.3122559
batch	8730	valid_loss	19040.739624
batch	8760	valid_loss	18969.6647949
batch	8790	valid_loss	19363.1699219
batch	8820	valid_loss	18989.8913574
batch	8850	valid_loss	18975.5758057
batch	8880	valid_loss	19107.3503418
batch	8910	valid_loss	19166.2330322
batch	8940	valid_loss	19061.8699951
batch	8970	valid_loss	19153.5397949
batch	9000	valid_loss	19087.8344727
batch	9030	valid_loss	18996.2418213
batch	9060	valid_loss	18951.2679443
batch	9090	valid_loss	18937.8983154
batch	9120	valid_loss	18863.328125
batch	9150	valid_loss	19146.8817139
batch	9180	valid_loss	18938.9455566
batch	9210	valid_loss	19006.3494873
batch	9240	valid_loss	19111.7717285
batch	9270	valid_loss	18936.4825439
batch	9300	valid_loss	18957.253418
batch	9330	valid_loss	18876.6298828
batch	9360	valid_loss	18982.5214844
batch	9390	valid_loss	18828.7630615
batch	9420	valid_loss	18958.5339355
batch	9450	valid_loss	19069.9576416
batch	9480	valid_loss	18916.2452393
batch	9510	valid_loss	19247.7774658
batch	9540	valid_loss	18837.8878174
batch	9570	valid_loss	18915.0447998
batch	9600	valid_loss	19059.1746826
batch	9630	valid_loss	18859.291748
batch	9660	valid_loss	18906.0883789
batch	9690	valid_loss	18857.3586426
batch	9720	valid_loss	18970.1094971
batch	9750	valid_loss	18826.4960938
batch	9780	valid_loss	18837.3310547
batch	9810	valid_loss	19698.3395996
batch	9840	valid_loss	18837.4676514
batch	9870	valid_loss	18806.7027588
batch	9900	valid_loss	18850.819458
batch	9930	valid_loss	18960.5117188
batch	9960	valid_loss	18800.0424805
batch	9990	valid_loss	19321.7683105
batch	10020	valid_loss	18803.9718018
batch	10050	valid_loss	18760.2514648
batch	10080	valid_loss	18783.1973877
batch	10110	valid_loss	18802.9764404
batch	10140	valid_loss	18745.5727539
batch	10170	valid_loss	18776.1776123
batch	10200	valid_loss	21101.8376465
batch	10230	valid_loss	18855.6142578
batch	10260	valid_loss	18758.5872803
batch	10290	valid_loss	18747.3895264
batch	10320	valid_loss	18770.7104492
batch	10350	valid_loss	18871.2868652
batch	10380	valid_loss	18786.5167236
batch	10410	valid_loss	18745.8682861
batch	10440	valid_loss	18741.3900146
batch	10470	valid_loss	19186.3251953
batch	10500	valid_loss	18710.9143066
batch	10530	valid_loss	18733.6790771
batch	10560	valid_loss	18727.9627686
batch	10590	valid_loss	19005.7856445
batch	10620	valid_loss	18791.4700928
batch	10650	valid_loss	18680.09375
batch	10680	valid_loss	18713.7824707
batch	10710	valid_loss	18673.519165
batch	10740	valid_loss	18828.0883789
batch	10770	valid_loss	18694.029541
batch	10800	valid_loss	18966.8703613
batch	10830	valid_loss	18725.4914551
batch	10860	valid_loss	18585.1757812
batch	10890	valid_loss	18929.71521
batch	10920	valid_loss	18692.7049561
batch	10950	valid_loss	18806.605957
batch	10980	valid_loss	18695.0766602
batch	11010	valid_loss	18813.032959
batch	11040	valid_loss	18630.2994385
batch	11070	valid_loss	19269.3676758
batch	11100	valid_loss	18749.4014893
batch	11130	valid_loss	18605.7294922
batch	11160	valid_loss	18974.8151855
batch	11190	valid_loss	18715.7481689
batch	11220	valid_loss	18846.5351562
batch	11250	valid_loss	18844.2519531
batch	11280	valid_loss	18584.9547119
batch	11310	valid_loss	19045.921875
batch	11340	valid_loss	18690.9493408
batch	11370	valid_loss	18645.0803223
batch	11400	valid_loss	18669.3970947
batch	11430	valid_loss	18634.5402832
batch	11460	valid_loss	18661.9661865
batch	11490	valid_loss	18811.4534912
batch	11520	valid_loss	18593.0074463
batch	11550	valid_loss	18706.8341064
batch	11580	valid_loss	18558.3791504
batch	11610	valid_loss	18809.6933594
batch	11640	valid_loss	18628.9395752
batch	11670	valid_loss	18610.9237061
batch	11700	valid_loss	18612.2167969
batch	11730	valid_loss	18603.2054443
batch	11760	valid_loss	19028.77771
batch	11790	valid_loss	18632.1818848
batch	11820	valid_loss	18589.3532715
batch	11850	valid_loss	19012.2316895
batch	11880	valid_loss	18610.9390869
batch	11910	valid_loss	18544.359375
batch	11940	valid_loss	18715.5406494
batch	11970	valid_loss	18728.2128906
batch	12000	valid_loss	18608.9949951
batch	12030	valid_loss	18528.4467773
batch	12060	valid_loss	18580.7443848
batch	12090	valid_loss	18646.083374
batch	12120	valid_loss	18669.4975586
batch	12150	valid_loss	18747.3223877
batch	12180	valid_loss	18579.963623
batch	12210	valid_loss	18826.5821533
batch	12240	valid_loss	18549.3084717
batch	12270	valid_loss	19017.6650391
batch	12300	valid_loss	18552.7189941
batch	12330	valid_loss	18572.776001
batch	12360	valid_loss	18582.7786865
batch	12390	valid_loss	19572.1589355
batch	12420	valid_loss	18459.1838379
batch	12450	valid_loss	18489.2750244
batch	12480	valid_loss	18523.4038086
batch	12510	valid_loss	19078.8328857
batch	12540	valid_loss	18573.2017822
batch	12570	valid_loss	18530.5640869
batch	12600	valid_loss	18570.2515869
batch	12630	valid_loss	18660.1708984
batch	12660	valid_loss	18462.5958252
batch	12690	valid_loss	18512.9835205
batch	12720	valid_loss	18822.6500244
batch	12750	valid_loss	18529.4443359
batch	12780	valid_loss	19023.8026123
batch	12810	valid_loss	18559.960083
batch	12840	valid_loss	18444.4873047
batch	12870	valid_loss	18724.9750977
batch	12900	valid_loss	18548.5374756
batch	12930	valid_loss	18552.6088867
batch	12960	valid_loss	18570.911377
batch	12990	valid_loss	19025.9688721
batch	13020	valid_loss	18588.545166
batch	13050	valid_loss	18491.6802979
batch	13080	valid_loss	18663.3425293
batch	13110	valid_loss	18771.6334229
batch	13140	valid_loss	18431.6137695
batch	13170	valid_loss	18465.3773193
batch	13200	valid_loss	18515.6425781
batch	13230	valid_loss	18581.5622559
batch	13260	valid_loss	18464.5091553
batch	13290	valid_loss	18644.5213623
batch	13320	valid_loss	18512.6335449
batch	13350	valid_loss	18470.5739746
batch	13380	valid_loss	18514.8156738
batch	13410	valid_loss	18650.1850586
batch	13440	valid_loss	18568.2490234
batch	13470	valid_loss	18469.6105957
batch	13500	valid_loss	18450.3140869
batch	13530	valid_loss	18502.4287109
batch	13560	valid_loss	18524.6140137
batch	13590	valid_loss	18471.1430664
batch	13620	valid_loss	18748.9981689
batch	13650	valid_loss	18481.9124756
batch	13680	valid_loss	18480.3208008
batch	13710	valid_loss	18452.5686035
batch	13740	valid_loss	19513.2675781
batch	13770	valid_loss	18472.9918213
batch	13800	valid_loss	18438.5842285
batch	13830	valid_loss	18642.7629395
batch	13860	valid_loss	18508.24646
batch	13890	valid_loss	18587.2536621
batch	13920	valid_loss	18724.4852295
batch	13950	valid_loss	18467.2073975
batch	13980	valid_loss	18534.3814697
batch	14010	valid_loss	18431.425415
batch	14040	valid_loss	18566.4671631
batch	14070	valid_loss	18402.512085
batch	14100	valid_loss	18990.6413574
batch	14130	valid_loss	18458.7929688
batch	14160	valid_loss	18489.2226562
batch	14190	valid_loss	18468.7589111
batch	14220	valid_loss	18366.8919678
batch	14250	valid_loss	18417.5411377
batch	14280	valid_loss	18883.480957
batch	14310	valid_loss	18385.3444824
batch	14340	valid_loss	18645.7677002
batch	14370	valid_loss	18493.3262939
batch	14400	valid_loss	18858.8060303
batch	14430	valid_loss	18472.4222412
batch	14460	valid_loss	18508.1247559
batch	14490	valid_loss	18417.1334229
batch	14520	valid_loss	18645.5776367
batch	14550	valid_loss	18538.2403564
batch	14580	valid_loss	18418.6531982
batch	14610	valid_loss	18353.9976807
batch	14640	valid_loss	18348.5931396
batch	14670	valid_loss	18474.7163086
batch	14700	valid_loss	18378.8649902
batch	14730	valid_loss	18389.9672852
batch	14760	valid_loss	18465.3929443
batch	14790	valid_loss	18424.729126
batch	14820	valid_loss	18711.7796631
batch	14850	valid_loss	18419.2587891
batch	14880	valid_loss	18503.8326416
batch	14910	valid_loss	18622.4676514
batch	14940	valid_loss	18606.3380127
batch	14970	valid_loss	18438.6324463
batch	15000	valid_loss	19215.2852783
batch	15030	valid_loss	18405.6425781
batch	15060	valid_loss	18368.6712646
batch	15090	valid_loss	18406.6739502
batch	15120	valid_loss	18542.2780762
batch	15150	valid_loss	18429.2414551
batch	15180	valid_loss	18455.7386475
batch	15210	valid_loss	18561.8768311
batch	15240	valid_loss	18387.9775391
batch	15270	valid_loss	18569.9974365
batch	15300	valid_loss	18403.6361084
batch	15330	valid_loss	18421.7475586
batch	15360	valid_loss	18422.0201416
batch	15390	valid_loss	18402.3305664
batch	15420	valid_loss	18417.1170654
batch	15450	valid_loss	18681.932373
batch	15480	valid_loss	18352.609375
batch	15510	valid_loss	18635.9394531
batch	15540	valid_loss	18321.8297119
batch	15570	valid_loss	18493.9022217
batch	15600	valid_loss	18432.0352783
batch	15630	valid_loss	18354.4490967
batch	15660	valid_loss	18747.7912598
batch	15690	valid_loss	18464.7744141
batch	15720	valid_loss	18381.2302246
batch	15750	valid_loss	18536.8529053
batch	15780	valid_loss	18439.6542969
batch	15810	valid_loss	18379.9174805
batch	15840	valid_loss	18415.5948486
batch	15870	valid_loss	18315.6531982
batch	15900	valid_loss	18895.3114014
batch	15930	valid_loss	18423.5882568
batch	15960	valid_loss	18344.4702148
batch	15990	valid_loss	18415.0897217
batch	16020	valid_loss	18392.6491699
batch	16050	valid_loss	18492.5577393
batch	16080	valid_loss	18406.8253174
batch	16110	valid_loss	18688.6859131
batch	16140	valid_loss	18355.9958496
batch	16170	valid_loss	18502.9698486
batch	16200	valid_loss	18344.3192139
batch	16230	valid_loss	18373.4106445
batch	16260	valid_loss	18287.6794434
batch	16290	valid_loss	18436.3634033
batch	16320	valid_loss	18399.6906738
batch	16350	valid_loss	18402.4562988
batch	16380	valid_loss	18478.8022461
batch	16410	valid_loss	18364.1636963
batch	16440	valid_loss	18437.7305908
batch	16470	valid_loss	18385.4776611
batch	16500	valid_loss	18707.9445801
batch	16530	valid_loss	18394.5919189
batch	16560	valid_loss	18411.9875488
batch	16590	valid_loss	18319.7304688
batch	16620	valid_loss	18322.9644775
batch	16650	valid_loss	18377.0372314
batch	16680	valid_loss	18343.3609619
batch	16710	valid_loss	18517.6053467
batch	16740	valid_loss	18375.3214111
batch	16770	valid_loss	18435.480957
batch	16800	valid_loss	18559.5318604
batch	16830	valid_loss	18323.0806885
batch	16860	valid_loss	18745.0772705
batch	16890	valid_loss	18314.8295898
batch	16920	valid_loss	18855.0460205
batch	16950	valid_loss	18350.618042
batch	16980	valid_loss	18421.2194824
batch	17010	valid_loss	18574.5150146
batch	17040	valid_loss	18353.3343506
batch	17070	valid_loss	18344.2120361
batch	17100	valid_loss	18276.5070801
batch	17130	valid_loss	18401.4000244
batch	17160	valid_loss	18505.3012695
batch	17190	valid_loss	18301.0592041
batch	17220	valid_loss	18329.8275146
batch	17250	valid_loss	18421.4329834
batch	17280	valid_loss	18298.486084
batch	17310	valid_loss	18645.243042
batch	17340	valid_loss	18284.9180908
batch	17370	valid_loss	18344.1402588
batch	17400	valid_loss	18550.9699707
batch	17430	valid_loss	18336.2832031
batch	17460	valid_loss	18617.1960449
batch	17490	valid_loss	18387.2127686
batch	17520	valid_loss	18276.6744385
batch	17550	valid_loss	18518.8963623
batch	17580	valid_loss	18339.84375
batch	17610	valid_loss	18677.1147461
batch	17640	valid_loss	18393.4804688
batch	17670	valid_loss	18770.7452393
batch	17700	valid_loss	18346.366333
batch	17730	valid_loss	18430.052002
batch	17760	valid_loss	18344.2188721
batch	17790	valid_loss	18298.1721191
batch	17820	valid_loss	18242.2631836
batch	17850	valid_loss	18843.1894531
batch	17880	valid_loss	18285.1412354
batch	17910	valid_loss	18356.9116211
batch	17940	valid_loss	18655.1206055
batch	17970	valid_loss	18292.7462158
batch	18000	valid_loss	18328.3826904
batch	18030	valid_loss	18248.2128906
batch	18060	valid_loss	18426.8405762
batch	18090	valid_loss	18290.4281006
batch	18120	valid_loss	18708.699707
batch	18150	valid_loss	18290.2674561
batch	18180	valid_loss	18252.4642334
batch	18210	valid_loss	18319.4962158
batch	18240	valid_loss	18451.3962402
batch	18270	valid_loss	18353.8389893
batch	18300	valid_loss	18363.1444092
batch	18330	valid_loss	18438.6950684
batch	18360	valid_loss	18339.6873779
batch	18390	valid_loss	18562.4946289
batch	18420	valid_loss	18345.2246094
batch	18450	valid_loss	18252.1618652
batch	18480	valid_loss	18302.5690918
batch	18510	valid_loss	18347.7509766
batch	18540	valid_loss	18378.307373
batch	18570	valid_loss	18373.6884766
batch	18600	valid_loss	18385.9501953
batch	18630	valid_loss	18334.0830078
batch	18660	valid_loss	18283.1400146
batch	18690	valid_loss	18243.1599121
batch	18720	valid_loss	18368.043335
batch	18750	valid_loss	18511.2010498
batch	18780	valid_loss	18292.2156982
batch	18810	valid_loss	18336.0975342
batch	18840	valid_loss	18297.5280762
batch	18870	valid_loss	18279.151123
batch	18900	valid_loss	18221.2110596
batch	18930	valid_loss	18385.6514893
batch	18960	valid_loss	18307.4903564
batch	18990	valid_loss	18236.7277832
batch	19020	valid_loss	18279.6595459
batch	19050	valid_loss	18317.2755127
batch	19080	valid_loss	18317.9638672
batch	19110	valid_loss	18324.8776855
batch	19140	valid_loss	18342.1119385
batch	19170	valid_loss	18230.9746094
batch	19200	valid_loss	18659.2797852
batch	19230	valid_loss	18343.0666504
batch	19260	valid_loss	18307.1037598
batch	19290	valid_loss	19052.3751221
batch	19320	valid_loss	18201.9111328
batch	19350	valid_loss	18231.3798828
batch	19380	valid_loss	18264.9344482
batch	19410	valid_loss	18322.7832031
batch	19440	valid_loss	18341.9140625
batch	19470	valid_loss	18241.4724121
batch	19500	valid_loss	18599.1164551
batch	19530	valid_loss	18228.0010986
batch	19560	valid_loss	18256.8189697
batch	19590	valid_loss	18246.9830322
batch	19620	valid_loss	18269.0614014
batch	19650	valid_loss	18295.4854736
batch	19680	valid_loss	18309.1939697
batch	19710	valid_loss	18883.1430664
batch	19740	valid_loss	18246.5010986
batch	19770	valid_loss	18278.3728027
batch	19800	valid_loss	18232.6378174
batch	19830	valid_loss	19430.4664307
batch	19860	valid_loss	18287.1158447
batch	19890	valid_loss	18202.4312744
batch	19920	valid_loss	18209.9272461
batch	19950	valid_loss	18734.1177979
batch	19980	valid_loss	18283.3447266
batch	20010	valid_loss	18202.3221436
batch	20040	valid_loss	18203.2008057
batch	20070	valid_loss	18255.315918
batch	20100	valid_loss	18322.0709229
batch	20130	valid_loss	18252.871582
batch	20160	valid_loss	18301.4611816
batch	20190	valid_loss	18290.3475342
batch	20220	valid_loss	19115.362915
batch	20250	valid_loss	18171.1894531
batch	20280	valid_loss	18247.9315186
batch	20310	valid_loss	18257.8308105
batch	20340	valid_loss	18201.8172607
batch	20370	valid_loss	18215.2113037
batch	20400	valid_loss	18257.3649902
batch	20430	valid_loss	18291.9180908
batch	20460	valid_loss	18148.0556641
batch	20490	valid_loss	18192.1884766
batch	20520	valid_loss	18311.0958252
batch	20550	valid_loss	18357.3352051
batch	20580	valid_loss	18141.5286865
batch	20610	valid_loss	18307.550415
batch	20640	valid_loss	18165.9848633
batch	20670	valid_loss	18672.1710205
batch	20700	valid_loss	18364.2528076
batch	20730	valid_loss	18240.8411865
batch	20760	valid_loss	18239.7966309
batch	20790	valid_loss	18795.4819336
batch	20820	valid_loss	18276.477417
batch	20850	valid_loss	18152.3370361
batch	20880	valid_loss	18447.9227295
batch	20910	valid_loss	18249.5566406
batch	20940	valid_loss	18150.0450439
batch	20970	valid_loss	18140.7868652
batch	21000	valid_loss	18117.1397705
batch	21030	valid_loss	18519.8455811
batch	21060	valid_loss	18155.1221924
batch	21090	valid_loss	18170.0767822
batch	21120	valid_loss	18149.3499756
batch	21150	valid_loss	18129.5397949
batch	21180	valid_loss	18157.2747803
batch	21210	valid_loss	18330.194458
batch	21240	valid_loss	18329.3123779
batch	21270	valid_loss	18164.7180176
batch	21300	valid_loss	18349.9174805
batch	21330	valid_loss	18116.9564209
batch	21360	valid_loss	18424.7626953
batch	21390	valid_loss	18147.3138428
batch	21420	valid_loss	18596.2370605
batch	21450	valid_loss	18120.6824951
batch	21480	valid_loss	18129.9039307
batch	21510	valid_loss	18374.9801025
batch	21540	valid_loss	18132.6999512
batch	21570	valid_loss	18337.5688477
batch	21600	valid_loss	18178.9909668
batch	21630	valid_loss	18100.3024902
batch	21660	valid_loss	18159.0389404
batch	21690	valid_loss	18146.0078125
batch	21720	valid_loss	18222.269165
batch	21750	valid_loss	18113.5446777
batch	21780	valid_loss	18284.2716064
batch	21810	valid_loss	18071.585083
batch	21840	valid_loss	18099.4151611
batch	21870	valid_loss	18132.4577637
batch	21900	valid_loss	18112.1315918
batch	21930	valid_loss	18287.2518311
batch	21960	valid_loss	18105.6217041
batch	21990	valid_loss	18104.5383301
batch	22020	valid_loss	18112.0483398
batch	22050	valid_loss	18393.4825439
batch	22080	valid_loss	18255.1228027
batch	22110	valid_loss	18789.4658203
batch	22140	valid_loss	18143.4608154
batch	22170	valid_loss	18106.1137695
batch	22200	valid_loss	18202.1795654
batch	22230	valid_loss	18222.5102539
batch	22260	valid_loss	18125.2749023
batch	22290	valid_loss	18327.6158447
batch	22320	valid_loss	18144.9200439
batch	22350	valid_loss	18126.0386963
batch	22380	valid_loss	18154.6025391
batch	22410	valid_loss	18233.4379883
batch	22440	valid_loss	18043.6417236
batch	22470	valid_loss	18084.1141357
batch	22500	valid_loss	18126.7739258
batch	22530	valid_loss	18257.7490234
batch	22560	valid_loss	18070.4498291
batch	22590	valid_loss	18089.9631348
batch	22620	valid_loss	18311.2047119
batch	22650	valid_loss	18077.8674316
batch	22680	valid_loss	18224.3812256
batch	22710	valid_loss	18095.1116943
batch	22740	valid_loss	18051.8621826
batch	22770	valid_loss	18049.6568604
batch	22800	valid_loss	18195.0469971
batch	22830	valid_loss	18384.394165
batch	22860	valid_loss	18082.2866211
batch	22890	valid_loss	18096.0644531
batch	22920	valid_loss	18086.8291016
batch	22950	valid_loss	18150.6107178
batch	22980	valid_loss	18130.1230469
batch	23010	valid_loss	18085.9213867
batch	23040	valid_loss	18375.1219482
batch	23070	valid_loss	18091.9036865
batch	23100	valid_loss	18325.5618896
batch	23130	valid_loss	18236.6962891
batch	23160	valid_loss	18047.2259521
batch	23190	valid_loss	18170.854126
batch	23220	valid_loss	18104.2545166
batch	23250	valid_loss	18243.2554932
batch	23280	valid_loss	18052.3236084
batch	23310	valid_loss	18305.9643555
batch	23340	valid_loss	18119.3266602
batch	23370	valid_loss	18047.2821045
batch	23400	valid_loss	18134.7824707
batch	23430	valid_loss	18130.40625
batch	23460	valid_loss	18076.4176025
batch	23490	valid_loss	18079.013916
batch	23520	valid_loss	18061.4783936
batch	23550	valid_loss	18528.5390625
batch	23580	valid_loss	18070.0810547
batch	23610	valid_loss	18132.0880127
batch	23640	valid_loss	18273.2946777
batch	23670	valid_loss	18349.1119385
batch	23700	valid_loss	18027.7247314
batch	23730	valid_loss	18071.7446289
batch	23760	valid_loss	18182.9298096
batch	23790	valid_loss	18086.744873
batch	23820	valid_loss	18153.8499756
batch	23850	valid_loss	18039.6643066
batch	23880	valid_loss	18095.4084473
batch	23910	valid_loss	19198.9960938
batch	23940	valid_loss	18048.8656006
batch	23970	valid_loss	18002.7495117
batch	24000	valid_loss	18047.3769531
batch	24030	valid_loss	18031.2457275
batch	24060	valid_loss	18645.1378174
batch	24090	valid_loss	18107.8548584
batch	24120	valid_loss	18071.3276367
batch	24150	valid_loss	18025.4172363
batch	24180	valid_loss	18615.4145508
batch	24210	valid_loss	18024.307251
batch	24240	valid_loss	18019.7698975
batch	24270	valid_loss	18083.7946777
batch	24300	valid_loss	18030.0216064
batch	24330	valid_loss	18042.5863037
batch	24360	valid_loss	18171.2618408
batch	24390	valid_loss	18021.1611328
batch	24420	valid_loss	18274.0441895
batch	24450	valid_loss	18054.4489746
batch	24480	valid_loss	18204.9609375
batch	24510	valid_loss	18096.1234131
batch	24540	valid_loss	18036.6118164
batch	24570	valid_loss	18064.1131592
batch	24600	valid_loss	18369.8448486
batch	24630	valid_loss	18063.5756836
batch	24660	valid_loss	18046.3156738
batch	24690	valid_loss	19619.8706055
batch	24720	valid_loss	18009.385498
batch	24750	valid_loss	18014.5473633
batch	24780	valid_loss	18032.041748
batch	24810	valid_loss	18244.3547363
batch	24840	valid_loss	18230.7213135
batch	24870	valid_loss	18055.8748779
batch	24900	valid_loss	17987.2003174
batch	24930	valid_loss	18011.581543
batch	24960	valid_loss	18004.586792
batch	24990	valid_loss	18414.0288086
STOP
