STOPPED
survived	2580
config	40	360
train_cost	82279.8
test_last_results	20848.6	20851.2	20850.1	20833.8	20841.3	20833.4	20847.2	20875.7	20859.5	20872.8	20824.9	20820.7	20825.5	20850.9	20820.5	20835.2	20831.6	20850.9	20836.1	20846.9	20845.1	20854.1	20843.4	20854.3	20839.3	20856.7	20850.1	20866.2	20848.4	20853.3
STOPPED
survived	2120
config	40	360
train_cost	79737.3
test_last_results	20211.4	20188.8	20195.8	20179.0	20188.8	20184.0	20160.4	20180.9	20184.3	20197.2	20200.5	20179.5	20175.6	20169.3	20171.5	20198.9	20185.2	20187.3	20188.2	20186.2	20196.0	20185.1	20186.6	20220.8	20265.3	20243.7	20252.3	20272.0	20219.7	20196.4
STOPPED
survived	4960
config	40	360
train_cost	73903.9
test_last_results	18741.3	18737.7	18738.3	18715.9	18748.9	18736.9	18755.5	18770.0	18751.4	18736.6	18737.1	18714.6	18714.8	18697.0	18722.1	18700.5	18725.2	18723.0	18715.4	18712.4	18717.5	18735.2	18719.4	18725.5	18836.7	18770.4	18728.9	18822.3	18748.0	18736.4
STOPPED
survived	5360
config	40	360
train_cost	77206.3
test_last_results	19572.3	19547.2	19571.7	19550.3	19545.4	19571.7	19553.8	19554.1	19568.4	19567.3	19543.8	19555.5	19534.5	19533.5	19540.5	19544.1	19533.4	19535.4	19544.3	19530.4	19538.4	19576.3	19557.5	19543.9	19562.1	19554.7	19562.6	19550.1	19567.2	19568.9
STOPPED
survived	5540
config	40	360
train_cost	77169.8
test_last_results	19543.1	19552.1	19546.2	19569.9	19548.7	19530.4	19551.1	19535.0	19533.3	19574.3	19547.9	19543.5	19543.8	19533.8	19554.0	19536.0	19541.9	19545.5	19537.6	19538.7	19539.4	19551.4	19565.6	19541.7	19554.8	19544.4	19544.6	19547.8	19544.8	19545.4
STOPPED
survived	5840
config	40	148	312	327	307	360
train_cost	61005.6
test_last_results	15499.6	15505.1	15525.7	15630.4	15571.7	15508.0	15533.0	15530.4	15514.7	15483.2	15569.6	15506.0	15456.1	15493.1	15487.3	15468.8	15478.5	15505.8	15474.5	15497.1	15497.6	15515.4	15540.2	15567.3	15505.9	15484.3	15499.7	15544.0	15474.8	15505.8
