START
config	580	180	580	960
batch	0	valid_loss	6750550.0625
batch	30	valid_loss	162445.717773
batch	60	valid_loss	102518.771484
batch	90	valid_loss	99718.4003906
batch	120	valid_loss	99502.0439453
batch	150	valid_loss	99447.890625
batch	180	valid_loss	99363.0722656
batch	210	valid_loss	99260.6103516
batch	240	valid_loss	99108.4414062
batch	270	valid_loss	98905.1269531
batch	300	valid_loss	98576.25
batch	330	valid_loss	98018.5839844
batch	360	valid_loss	96961.7197266
batch	390	valid_loss	95419.8447266
batch	420	valid_loss	93678.6240234
batch	450	valid_loss	92288.9541016
batch	480	valid_loss	91086.8984375
batch	510	valid_loss	90231.4204102
batch	540	valid_loss	89549.8603516
batch	570	valid_loss	88994.5253906
batch	600	valid_loss	88359.2280273
batch	630	valid_loss	87772.1611328
batch	660	valid_loss	87047.5151367
batch	690	valid_loss	86208.1230469
batch	720	valid_loss	85376.4516602
batch	750	valid_loss	84330.8847656
batch	780	valid_loss	83290.5258789
batch	810	valid_loss	82171.5791016
batch	840	valid_loss	81034.1870117
batch	870	valid_loss	79932.6142578
batch	900	valid_loss	78803.4384766
batch	930	valid_loss	77670.9516602
batch	960	valid_loss	76491.809082
batch	990	valid_loss	75200.9174805
batch	1020	valid_loss	74008.421875
batch	1050	valid_loss	72736.1835938
batch	1080	valid_loss	71543.7998047
batch	1110	valid_loss	70247.8925781
batch	1140	valid_loss	69006.1162109
batch	1170	valid_loss	67914.0849609
batch	1200	valid_loss	66675.53125
batch	1230	valid_loss	65576.7070312
batch	1260	valid_loss	64358.1191406
batch	1290	valid_loss	63270.7543945
batch	1320	valid_loss	62261.0859375
batch	1350	valid_loss	61125.0024414
batch	1380	valid_loss	60184.2924805
batch	1410	valid_loss	59108.2470703
batch	1440	valid_loss	58187.0214844
batch	1470	valid_loss	57126.0419922
batch	1500	valid_loss	56149.6762695
batch	1530	valid_loss	55256.2490234
batch	1560	valid_loss	54287.5019531
batch	1590	valid_loss	53391.6547852
batch	1620	valid_loss	52538.2338867
batch	1650	valid_loss	51589.4189453
batch	1680	valid_loss	50781.2275391
batch	1710	valid_loss	50010.0
batch	1740	valid_loss	49185.2612305
batch	1770	valid_loss	48445.3535156
batch	1800	valid_loss	47676.6791992
batch	1830	valid_loss	46859.3337402
batch	1860	valid_loss	46243.3071289
batch	1890	valid_loss	45415.7421875
batch	1920	valid_loss	44733.510498
batch	1950	valid_loss	44064.2573242
batch	1980	valid_loss	43463.9370117
batch	2010	valid_loss	42951.2956543
batch	2040	valid_loss	42218.1313477
batch	2070	valid_loss	41656.6413574
batch	2100	valid_loss	41072.9946289
batch	2130	valid_loss	40536.0297852
batch	2160	valid_loss	39988.9926758
batch	2190	valid_loss	39469.6674805
batch	2220	valid_loss	38991.0412598
batch	2250	valid_loss	38330.5974121
batch	2280	valid_loss	37911.8691406
batch	2310	valid_loss	37550.7546387
batch	2340	valid_loss	36979.4445801
batch	2370	valid_loss	36555.0002441
batch	2400	valid_loss	36187.439209
batch	2430	valid_loss	35737.6953125
batch	2460	valid_loss	35367.0834961
batch	2490	valid_loss	35041.9462891
batch	2520	valid_loss	34687.4133301
batch	2550	valid_loss	34255.2687988
batch	2580	valid_loss	33954.7229004
batch	2610	valid_loss	33497.0087891
batch	2640	valid_loss	33200.9428711
batch	2670	valid_loss	32847.125
batch	2700	valid_loss	32614.0102539
batch	2730	valid_loss	32162.7399902
batch	2760	valid_loss	31962.9648438
batch	2790	valid_loss	31622.2111816
batch	2820	valid_loss	31319.7883301
batch	2850	valid_loss	30985.1879883
batch	2880	valid_loss	30730.1298828
batch	2910	valid_loss	30517.7646484
batch	2940	valid_loss	30180.3857422
batch	2970	valid_loss	29981.8522949
batch	3000	valid_loss	29703.0666504
batch	3030	valid_loss	29471.7661133
batch	3060	valid_loss	29214.4753418
batch	3090	valid_loss	28998.7941895
batch	3120	valid_loss	28920.7873535
batch	3150	valid_loss	28598.3266602
batch	3180	valid_loss	28385.3415527
batch	3210	valid_loss	28140.8430176
batch	3240	valid_loss	27980.1552734
batch	3270	valid_loss	27838.9675293
batch	3300	valid_loss	27583.9824219
batch	3330	valid_loss	27511.184082
batch	3360	valid_loss	27320.1230469
batch	3390	valid_loss	27269.4299316
batch	3420	valid_loss	26872.3425293
batch	3450	valid_loss	26742.322998
batch	3480	valid_loss	26481.5263672
batch	3510	valid_loss	26438.2783203
batch	3540	valid_loss	26290.020752
batch	3570	valid_loss	26094.3583984
batch	3600	valid_loss	25954.8666992
batch	3630	valid_loss	25755.6574707
batch	3660	valid_loss	25642.1333008
batch	3690	valid_loss	25414.7976074
batch	3720	valid_loss	25303.9250488
batch	3750	valid_loss	25142.8393555
batch	3780	valid_loss	24958.7624512
batch	3810	valid_loss	24933.4799805
batch	3840	valid_loss	24748.3984375
batch	3870	valid_loss	24707.9711914
batch	3900	valid_loss	24783.1096191
batch	3930	valid_loss	24352.8996582
batch	3960	valid_loss	24219.8967285
batch	3990	valid_loss	24205.0976562
batch	4020	valid_loss	24490.9782715
batch	4050	valid_loss	24097.4538574
batch	4080	valid_loss	23842.6330566
batch	4110	valid_loss	23730.7974854
batch	4140	valid_loss	23663.5169678
batch	4170	valid_loss	23584.489624
batch	4200	valid_loss	23395.6765137
batch	4230	valid_loss	23299.9699707
batch	4260	valid_loss	23224.7564697
batch	4290	valid_loss	23766.885376
batch	4320	valid_loss	23166.4713135
batch	4350	valid_loss	22961.5054932
batch	4380	valid_loss	22860.2563477
batch	4410	valid_loss	22829.6704102
batch	4440	valid_loss	22790.2089844
batch	4470	valid_loss	22813.7976074
batch	4500	valid_loss	22693.2519531
batch	4530	valid_loss	22437.6607666
batch	4560	valid_loss	22273.317627
batch	4590	valid_loss	22226.7724609
batch	4620	valid_loss	22354.5289307
batch	4650	valid_loss	22053.3752441
batch	4680	valid_loss	22142.416748
batch	4710	valid_loss	21884.6843262
batch	4740	valid_loss	21910.9932861
batch	4770	valid_loss	21773.7010498
batch	4800	valid_loss	22449.451416
batch	4830	valid_loss	21825.1273193
batch	4860	valid_loss	21642.2662354
batch	4890	valid_loss	21525.565918
batch	4920	valid_loss	21992.5699463
batch	4950	valid_loss	21417.2696533
batch	4980	valid_loss	21357.6427002
batch	5010	valid_loss	24245.3288574
batch	5040	valid_loss	21292.748291
batch	5070	valid_loss	21219.2368164
batch	5100	valid_loss	21282.3010254
batch	5130	valid_loss	21189.7880859
batch	5160	valid_loss	21194.7333984
batch	5190	valid_loss	20980.4309082
batch	5220	valid_loss	21102.230957
batch	5250	valid_loss	20964.9066162
batch	5280	valid_loss	20958.9046631
batch	5310	valid_loss	21054.0421143
batch	5340	valid_loss	20943.314209
batch	5370	valid_loss	20809.1657715
batch	5400	valid_loss	20894.7730713
batch	5430	valid_loss	20714.7739258
batch	5460	valid_loss	20685.9481201
batch	5490	valid_loss	20656.5438232
batch	5520	valid_loss	20645.6741943
batch	5550	valid_loss	20705.4208984
batch	5580	valid_loss	20462.0661621
batch	5610	valid_loss	20547.1168213
batch	5640	valid_loss	20410.5789795
batch	5670	valid_loss	20566.9654541
batch	5700	valid_loss	20355.5546875
batch	5730	valid_loss	21278.7613525
batch	5760	valid_loss	20359.8913574
batch	5790	valid_loss	20252.8999023
batch	5820	valid_loss	20197.8063965
batch	5850	valid_loss	20244.5678711
batch	5880	valid_loss	20434.6708984
batch	5910	valid_loss	20161.0244141
batch	5940	valid_loss	20099.807373
batch	5970	valid_loss	20033.9477539
batch	6000	valid_loss	20155.6885986
batch	6030	valid_loss	20237.3831787
batch	6060	valid_loss	20085.1317139
batch	6090	valid_loss	20135.0306396
batch	6120	valid_loss	20041.855835
batch	6150	valid_loss	19851.2885742
batch	6180	valid_loss	20325.8342285
batch	6210	valid_loss	19818.7889404
batch	6240	valid_loss	19829.2376709
batch	6270	valid_loss	19760.7489014
batch	6300	valid_loss	20752.7553711
batch	6330	valid_loss	19729.7851562
batch	6360	valid_loss	19732.5603027
batch	6390	valid_loss	19819.8009033
batch	6420	valid_loss	19718.3671875
batch	6450	valid_loss	19809.5717773
batch	6480	valid_loss	19702.3168945
batch	6510	valid_loss	19622.3693848
batch	6540	valid_loss	19591.3890381
batch	6570	valid_loss	19801.3133545
batch	6600	valid_loss	19653.2630615
batch	6630	valid_loss	19562.8969727
batch	6660	valid_loss	19589.8321533
batch	6690	valid_loss	19557.5396729
batch	6720	valid_loss	19594.3043213
batch	6750	valid_loss	19421.3719482
batch	6780	valid_loss	19455.3563232
batch	6810	valid_loss	19709.4145508
batch	6840	valid_loss	19557.1794434
batch	6870	valid_loss	19467.7402344
batch	6900	valid_loss	19924.8822021
batch	6930	valid_loss	19527.7105713
batch	6960	valid_loss	19368.0883789
batch	6990	valid_loss	19409.517334
batch	7020	valid_loss	19502.1989746
batch	7050	valid_loss	19585.5045166
batch	7080	valid_loss	19305.230957
batch	7110	valid_loss	19327.0019531
batch	7140	valid_loss	19274.407959
batch	7170	valid_loss	19348.7089844
batch	7200	valid_loss	19192.8798828
batch	7230	valid_loss	19635.0268555
batch	7260	valid_loss	19219.5111084
batch	7290	valid_loss	19317.6075439
batch	7320	valid_loss	19264.6381836
batch	7350	valid_loss	19837.2888184
batch	7380	valid_loss	19132.1651611
batch	7410	valid_loss	19196.1762695
batch	7440	valid_loss	19208.0715332
batch	7470	valid_loss	19216.7683105
batch	7500	valid_loss	19181.4511719
batch	7530	valid_loss	19474.1040039
batch	7560	valid_loss	19085.0596924
batch	7590	valid_loss	19099.9750977
batch	7620	valid_loss	19119.5202637
batch	7650	valid_loss	19054.9592285
batch	7680	valid_loss	21304.6531982
batch	7710	valid_loss	18991.3914795
batch	7740	valid_loss	18938.4854736
batch	7770	valid_loss	18989.1818848
batch	7800	valid_loss	19078.3522949
batch	7830	valid_loss	18945.6279297
batch	7860	valid_loss	19637.3200684
batch	7890	valid_loss	18994.1904297
batch	7920	valid_loss	18898.09021
batch	7950	valid_loss	19652.0982666
batch	7980	valid_loss	18899.5264893
batch	8010	valid_loss	18895.177002
batch	8040	valid_loss	18940.7305908
batch	8070	valid_loss	19005.833252
batch	8100	valid_loss	18877.1027832
batch	8130	valid_loss	18821.0887451
batch	8160	valid_loss	18802.0941162
batch	8190	valid_loss	18849.4663086
batch	8220	valid_loss	19346.7149658
batch	8250	valid_loss	18827.1151123
batch	8280	valid_loss	18860.677124
batch	8310	valid_loss	19077.1300049
batch	8340	valid_loss	18842.0161133
batch	8370	valid_loss	18960.592041
batch	8400	valid_loss	18785.9067383
batch	8430	valid_loss	18953.5493164
batch	8460	valid_loss	18722.7485352
batch	8490	valid_loss	18798.8813477
batch	8520	valid_loss	19047.7194824
batch	8550	valid_loss	18743.4697266
batch	8580	valid_loss	18793.6557617
batch	8610	valid_loss	18893.4526367
batch	8640	valid_loss	18688.4359131
batch	8670	valid_loss	18685.5837402
batch	8700	valid_loss	18871.3132324
batch	8730	valid_loss	18865.9237061
batch	8760	valid_loss	18736.4508057
batch	8790	valid_loss	18635.5510254
batch	8820	valid_loss	18775.3634033
batch	8850	valid_loss	18870.8476562
batch	8880	valid_loss	18693.1628418
batch	8910	valid_loss	18610.0269775
batch	8940	valid_loss	18797.6729736
batch	8970	valid_loss	18637.1773682
batch	9000	valid_loss	19441.0285645
batch	9030	valid_loss	18756.9212646
batch	9060	valid_loss	18578.1464844
batch	9090	valid_loss	18733.9251709
batch	9120	valid_loss	18607.6254883
batch	9150	valid_loss	19327.5513916
batch	9180	valid_loss	18617.7288818
batch	9210	valid_loss	18611.1712646
batch	9240	valid_loss	18493.8267822
batch	9270	valid_loss	18619.2418213
batch	9300	valid_loss	18595.3719482
batch	9330	valid_loss	18544.7789307
batch	9360	valid_loss	18729.0136719
batch	9390	valid_loss	18647.6273193
batch	9420	valid_loss	18544.1793213
batch	9450	valid_loss	18623.1469727
batch	9480	valid_loss	18626.692749
batch	9510	valid_loss	18649.2845459
batch	9540	valid_loss	18678.9656982
batch	9570	valid_loss	18534.161377
batch	9600	valid_loss	18555.7956543
batch	9630	valid_loss	18437.6177979
batch	9660	valid_loss	18473.7830811
batch	9690	valid_loss	18557.083252
batch	9720	valid_loss	18465.8499756
batch	9750	valid_loss	18501.6335449
batch	9780	valid_loss	20291.2476807
batch	9810	valid_loss	18562.8656006
batch	9840	valid_loss	18456.2344971
batch	9870	valid_loss	18393.6566162
batch	9900	valid_loss	18407.2258301
batch	9930	valid_loss	18715.7005615
batch	9960	valid_loss	18494.0465088
batch	9990	valid_loss	18931.7034912
batch	10020	valid_loss	18412.5183105
batch	10050	valid_loss	18399.2194824
batch	10080	valid_loss	18551.4539795
batch	10110	valid_loss	18402.2093506
batch	10140	valid_loss	18594.6098633
batch	10170	valid_loss	18430.3093262
batch	10200	valid_loss	18364.9907227
batch	10230	valid_loss	18607.4364014
batch	10260	valid_loss	18465.0401611
batch	10290	valid_loss	18348.2084961
batch	10320	valid_loss	18304.0443115
batch	10350	valid_loss	18353.0554199
batch	10380	valid_loss	18528.5371094
batch	10410	valid_loss	18465.4482422
batch	10440	valid_loss	18398.5683594
batch	10470	valid_loss	18324.678833
batch	10500	valid_loss	18427.3931885
batch	10530	valid_loss	18376.8137207
batch	10560	valid_loss	18949.9998779
batch	10590	valid_loss	18356.4274902
batch	10620	valid_loss	18333.6459961
batch	10650	valid_loss	18597.0906982
batch	10680	valid_loss	18464.0209961
batch	10710	valid_loss	18282.3782959
batch	10740	valid_loss	18370.5482178
batch	10770	valid_loss	18726.2260742
batch	10800	valid_loss	18242.2645264
batch	10830	valid_loss	18386.8575439
batch	10860	valid_loss	18406.3649902
batch	10890	valid_loss	18407.2668457
batch	10920	valid_loss	18352.9337158
batch	10950	valid_loss	18330.6517334
batch	10980	valid_loss	18360.5666504
batch	11010	valid_loss	18370.9718018
batch	11040	valid_loss	18340.0185547
batch	11070	valid_loss	18381.1357422
batch	11100	valid_loss	18225.1878662
batch	11130	valid_loss	18245.9732666
batch	11160	valid_loss	18378.5561523
batch	11190	valid_loss	18350.6323242
batch	11220	valid_loss	18227.9486084
batch	11250	valid_loss	18197.9287109
batch	11280	valid_loss	18216.2431641
batch	11310	valid_loss	18309.5655518
batch	11340	valid_loss	18243.9301758
batch	11370	valid_loss	18286.4587402
batch	11400	valid_loss	18663.2966309
batch	11430	valid_loss	18256.9753418
batch	11460	valid_loss	18195.8376465
batch	11490	valid_loss	18419.1113281
batch	11520	valid_loss	18188.4368896
batch	11550	valid_loss	18512.9559326
batch	11580	valid_loss	18298.3781738
batch	11610	valid_loss	18226.6959229
batch	11640	valid_loss	18229.8972168
batch	11670	valid_loss	18642.2855225
batch	11700	valid_loss	18439.6309814
batch	11730	valid_loss	18338.7545166
batch	11760	valid_loss	18320.8665771
batch	11790	valid_loss	18293.131958
batch	11820	valid_loss	18185.2094727
batch	11850	valid_loss	18355.097168
batch	11880	valid_loss	18217.1271973
batch	11910	valid_loss	18137.0668945
batch	11940	valid_loss	18302.7635498
batch	11970	valid_loss	18265.1539307
batch	12000	valid_loss	18193.7392578
batch	12030	valid_loss	18176.9432373
batch	12060	valid_loss	18273.5063477
batch	12090	valid_loss	18181.8626709
batch	12120	valid_loss	20437.0280762
batch	12150	valid_loss	18239.697876
batch	12180	valid_loss	18132.3695068
batch	12210	valid_loss	18161.7427979
batch	12240	valid_loss	18170.8232422
batch	12270	valid_loss	18180.0037842
batch	12300	valid_loss	18306.2641602
batch	12330	valid_loss	18169.2282715
batch	12360	valid_loss	18063.6943359
batch	12390	valid_loss	18136.6170654
batch	12420	valid_loss	18928.4642334
batch	12450	valid_loss	18176.3631592
batch	12480	valid_loss	18115.1046143
batch	12510	valid_loss	18195.1063232
batch	12540	valid_loss	18188.109375
batch	12570	valid_loss	18663.4302979
batch	12600	valid_loss	18192.6186523
batch	12630	valid_loss	18259.5438232
batch	12660	valid_loss	18107.2056885
batch	12690	valid_loss	18106.7878418
batch	12720	valid_loss	18209.0380859
batch	12750	valid_loss	18117.0463867
batch	12780	valid_loss	18087.9299316
batch	12810	valid_loss	18084.3642578
batch	12840	valid_loss	19187.6051025
batch	12870	valid_loss	18086.946167
batch	12900	valid_loss	18118.7722168
batch	12930	valid_loss	18130.0880127
batch	12960	valid_loss	18152.0057373
batch	12990	valid_loss	17992.0402832
batch	13020	valid_loss	18067.7788086
batch	13050	valid_loss	18238.12854
batch	13080	valid_loss	18039.84729
batch	13110	valid_loss	18065.1921387
batch	13140	valid_loss	18203.5467529
batch	13170	valid_loss	18038.6645508
batch	13200	valid_loss	18358.8988037
batch	13230	valid_loss	18107.050415
batch	13260	valid_loss	18388.0026855
batch	13290	valid_loss	18161.8737793
batch	13320	valid_loss	18117.0253906
batch	13350	valid_loss	18102.427124
batch	13380	valid_loss	18192.9926758
batch	13410	valid_loss	18055.2348633
batch	13440	valid_loss	17993.2298584
batch	13470	valid_loss	18137.993042
batch	13500	valid_loss	18126.9688721
batch	13530	valid_loss	18160.5727539
batch	13560	valid_loss	18015.3861084
batch	13590	valid_loss	18102.4484863
batch	13620	valid_loss	18103.5821533
batch	13650	valid_loss	18218.8986816
batch	13680	valid_loss	18027.7485352
batch	13710	valid_loss	18069.4072266
batch	13740	valid_loss	17996.6765137
batch	13770	valid_loss	18014.0678711
batch	13800	valid_loss	17976.9309082
batch	13830	valid_loss	18115.0153809
batch	13860	valid_loss	18015.2475586
batch	13890	valid_loss	17986.5922852
batch	13920	valid_loss	17898.5087891
batch	13950	valid_loss	17967.6791992
batch	13980	valid_loss	18155.4211426
batch	14010	valid_loss	18082.1090088
batch	14040	valid_loss	17932.4490967
batch	14070	valid_loss	18063.5913086
batch	14100	valid_loss	18094.2709961
batch	14130	valid_loss	18559.2355957
batch	14160	valid_loss	18006.869873
batch	14190	valid_loss	18025.7354736
batch	14220	valid_loss	18034.3592529
batch	14250	valid_loss	17953.7325439
batch	14280	valid_loss	17994.9855957
batch	14310	valid_loss	18478.6889648
batch	14340	valid_loss	17956.8227539
batch	14370	valid_loss	17986.4520264
batch	14400	valid_loss	17918.3707275
batch	14430	valid_loss	18010.4471436
batch	14460	valid_loss	17987.9227295
batch	14490	valid_loss	18037.5275879
batch	14520	valid_loss	18036.9969482
batch	14550	valid_loss	17917.6567383
batch	14580	valid_loss	17884.6137695
batch	14610	valid_loss	18091.5389404
batch	14640	valid_loss	17883.8267822
batch	14670	valid_loss	17912.6607666
batch	14700	valid_loss	17958.1060791
batch	14730	valid_loss	17922.1149902
batch	14760	valid_loss	17980.3905029
batch	14790	valid_loss	18283.7116699
batch	14820	valid_loss	18202.4688721
batch	14850	valid_loss	18069.4656982
batch	14880	valid_loss	17921.7623291
batch	14910	valid_loss	17981.605957
batch	14940	valid_loss	17922.2805176
batch	14970	valid_loss	17919.0085449
batch	15000	valid_loss	17892.7397461
batch	15030	valid_loss	18016.5805664
batch	15060	valid_loss	17999.8691406
batch	15090	valid_loss	18015.1452637
batch	15120	valid_loss	17916.1263428
batch	15150	valid_loss	17937.5162354
batch	15180	valid_loss	17995.1209717
batch	15210	valid_loss	18000.8007812
batch	15240	valid_loss	17958.8267822
batch	15270	valid_loss	17909.0422363
batch	15300	valid_loss	17875.293457
batch	15330	valid_loss	17923.6013184
batch	15360	valid_loss	17903.5688477
batch	15390	valid_loss	18062.2427979
batch	15420	valid_loss	17916.0606689
batch	15450	valid_loss	17853.9693604
batch	15480	valid_loss	17798.7126465
batch	15510	valid_loss	17902.8637695
batch	15540	valid_loss	18192.5780029
batch	15570	valid_loss	17920.65271
batch	15600	valid_loss	17819.5266113
batch	15630	valid_loss	17961.8703613
batch	15660	valid_loss	17925.0524902
batch	15690	valid_loss	18133.8172607
batch	15720	valid_loss	18014.737793
batch	15750	valid_loss	18016.4058838
batch	15780	valid_loss	17867.2952881
batch	15810	valid_loss	17879.928833
batch	15840	valid_loss	17898.5097656
batch	15870	valid_loss	18013.6496582
batch	15900	valid_loss	17867.2821045
batch	15930	valid_loss	17817.0891113
batch	15960	valid_loss	17837.9034424
batch	15990	valid_loss	17886.4919434
batch	16020	valid_loss	17863.7181396
batch	16050	valid_loss	17934.7210693
batch	16080	valid_loss	18004.7253418
batch	16110	valid_loss	17800.4697266
batch	16140	valid_loss	17823.5808105
batch	16170	valid_loss	18941.1378174
batch	16200	valid_loss	17870.3267822
batch	16230	valid_loss	17821.5390625
batch	16260	valid_loss	17901.4556885
batch	16290	valid_loss	18493.5057373
batch	16320	valid_loss	17920.5922852
batch	16350	valid_loss	17978.7860107
batch	16380	valid_loss	18637.4422607
batch	16410	valid_loss	17884.737793
STOP
START
config	580	180	580	960
batch	0	valid_loss	7340827.875
batch	30	valid_loss	167052.985352
batch	60	valid_loss	102567.251953
batch	90	valid_loss	99796.2255859
batch	120	valid_loss	99596.0566406
batch	150	valid_loss	99579.546875
batch	180	valid_loss	99519.6914062
batch	210	valid_loss	99480.2451172
batch	240	valid_loss	99417.2578125
batch	270	valid_loss	99329.7949219
batch	300	valid_loss	99256.5996094
batch	330	valid_loss	99028.9589844
batch	360	valid_loss	98655.4013672
batch	390	valid_loss	98064.1855469
batch	420	valid_loss	96923.3105469
batch	450	valid_loss	95258.9785156
batch	480	valid_loss	93114.5009766
batch	510	valid_loss	91387.6367188
batch	540	valid_loss	90323.9379883
batch	570	valid_loss	89596.644043
batch	600	valid_loss	88989.2055664
batch	630	valid_loss	88412.6972656
batch	660	valid_loss	87698.0673828
batch	690	valid_loss	86865.4042969
batch	720	valid_loss	86033.8608398
batch	750	valid_loss	85028.9052734
batch	780	valid_loss	83999.3232422
batch	810	valid_loss	82857.8144531
batch	840	valid_loss	81799.7177734
batch	870	valid_loss	80687.6088867
batch	900	valid_loss	79536.8339844
batch	930	valid_loss	78518.6982422
batch	960	valid_loss	77361.4672852
batch	990	valid_loss	76101.9711914
batch	1020	valid_loss	74924.1147461
batch	1050	valid_loss	73753.9580078
batch	1080	valid_loss	72551.402832
batch	1110	valid_loss	71389.6616211
batch	1140	valid_loss	70214.1674805
batch	1170	valid_loss	69091.6967773
batch	1200	valid_loss	67921.1494141
batch	1230	valid_loss	66812.5151367
batch	1260	valid_loss	65680.6503906
batch	1290	valid_loss	64644.8330078
batch	1320	valid_loss	63521.8632812
batch	1350	valid_loss	62427.7353516
batch	1380	valid_loss	61484.59375
batch	1410	valid_loss	60247.6464844
batch	1440	valid_loss	59252.5073242
batch	1470	valid_loss	58233.0493164
batch	1500	valid_loss	57195.2871094
batch	1530	valid_loss	56234.5283203
batch	1560	valid_loss	55254.7724609
batch	1590	valid_loss	54375.8188477
batch	1620	valid_loss	53416.5517578
batch	1650	valid_loss	52572.800293
batch	1680	valid_loss	51608.1274414
batch	1710	valid_loss	50874.671875
batch	1740	valid_loss	49908.159668
batch	1770	valid_loss	49203.9370117
batch	1800	valid_loss	48364.0126953
batch	1830	valid_loss	47552.7890625
batch	1860	valid_loss	46910.1174316
batch	1890	valid_loss	46241.8393555
batch	1920	valid_loss	45568.6772461
batch	1950	valid_loss	44906.2016602
batch	1980	valid_loss	44150.6604004
batch	2010	valid_loss	43558.5187988
batch	2040	valid_loss	42908.9187012
batch	2070	valid_loss	42261.626709
batch	2100	valid_loss	41633.3032227
batch	2130	valid_loss	41058.5087891
batch	2160	valid_loss	40482.6728516
batch	2190	valid_loss	40010.0695801
batch	2220	valid_loss	39534.4760742
batch	2250	valid_loss	39090.5209961
batch	2280	valid_loss	38471.0695801
batch	2310	valid_loss	38100.8154297
batch	2340	valid_loss	37605.0539551
batch	2370	valid_loss	37133.3293457
batch	2400	valid_loss	36656.833252
batch	2430	valid_loss	36264.8054199
batch	2460	valid_loss	35954.3449707
batch	2490	valid_loss	35469.8569336
batch	2520	valid_loss	35181.6340332
batch	2550	valid_loss	34674.7458496
batch	2580	valid_loss	34433.2412109
batch	2610	valid_loss	34029.4104004
batch	2640	valid_loss	33779.2675781
batch	2670	valid_loss	33319.425293
batch	2700	valid_loss	32936.8071289
batch	2730	valid_loss	32681.9985352
batch	2760	valid_loss	32352.6708984
batch	2790	valid_loss	32037.9545898
batch	2820	valid_loss	31828.723877
batch	2850	valid_loss	31501.1162109
batch	2880	valid_loss	31185.2460938
batch	2910	valid_loss	31010.0581055
batch	2940	valid_loss	30735.8547363
batch	2970	valid_loss	30493.4667969
batch	3000	valid_loss	30095.6247559
batch	3030	valid_loss	29795.9455566
batch	3060	valid_loss	29642.7583008
batch	3090	valid_loss	29332.1418457
batch	3120	valid_loss	29161.4067383
batch	3150	valid_loss	28979.7180176
batch	3180	valid_loss	28693.2463379
batch	3210	valid_loss	28432.8054199
batch	3240	valid_loss	28253.0544434
batch	3270	valid_loss	28132.9438477
batch	3300	valid_loss	27873.3127441
batch	3330	valid_loss	27724.911377
batch	3360	valid_loss	27518.8139648
batch	3390	valid_loss	27264.7468262
batch	3420	valid_loss	27208.4973145
batch	3450	valid_loss	26914.3244629
batch	3480	valid_loss	26785.1101074
batch	3510	valid_loss	26538.6330566
batch	3540	valid_loss	26366.496582
batch	3570	valid_loss	26326.517334
batch	3600	valid_loss	26167.9660645
batch	3630	valid_loss	25909.8266602
batch	3660	valid_loss	25747.9470215
batch	3690	valid_loss	25488.6269531
batch	3720	valid_loss	25545.4453125
batch	3750	valid_loss	25270.0466309
batch	3780	valid_loss	25001.4555664
batch	3810	valid_loss	24980.1992188
batch	3840	valid_loss	24894.5183105
batch	3870	valid_loss	24930.9196777
batch	3900	valid_loss	24882.4472656
batch	3930	valid_loss	24431.6616211
batch	3960	valid_loss	24316.715332
batch	3990	valid_loss	24323.3740234
batch	4020	valid_loss	24117.1569824
batch	4050	valid_loss	24386.010498
batch	4080	valid_loss	23821.2330322
batch	4110	valid_loss	23765.7418213
batch	4140	valid_loss	23917.7558594
batch	4170	valid_loss	23582.5383301
batch	4200	valid_loss	23436.4744873
batch	4230	valid_loss	23332.3972168
batch	4260	valid_loss	23280.3168945
batch	4290	valid_loss	23399.7099609
batch	4320	valid_loss	22988.9073486
batch	4350	valid_loss	22883.206543
batch	4380	valid_loss	22777.1118164
batch	4410	valid_loss	22694.6234131
batch	4440	valid_loss	22575.595459
batch	4470	valid_loss	22490.5631104
batch	4500	valid_loss	22433.8863525
batch	4530	valid_loss	22412.6937256
batch	4560	valid_loss	22345.1917725
batch	4590	valid_loss	22272.4782715
batch	4620	valid_loss	22187.3145752
batch	4650	valid_loss	22264.6794434
batch	4680	valid_loss	22186.7185059
batch	4710	valid_loss	21982.0186768
batch	4740	valid_loss	21885.7872314
batch	4770	valid_loss	21767.357666
batch	4800	valid_loss	21707.6164551
batch	4830	valid_loss	21770.3375244
batch	4860	valid_loss	21611.5300293
batch	4890	valid_loss	21571.4669189
batch	4920	valid_loss	21816.7208252
batch	4950	valid_loss	21345.4250488
batch	4980	valid_loss	21357.2421875
batch	5010	valid_loss	21245.9973145
batch	5040	valid_loss	21162.4155273
batch	5070	valid_loss	22016.8536377
batch	5100	valid_loss	21055.1142578
batch	5130	valid_loss	20967.5440674
batch	5160	valid_loss	21139.5748291
batch	5190	valid_loss	21034.4261475
batch	5220	valid_loss	20769.5704346
batch	5250	valid_loss	20912.1049805
batch	5280	valid_loss	20674.1711426
batch	5310	valid_loss	20691.1265869
batch	5340	valid_loss	20533.2862549
batch	5370	valid_loss	20698.9016113
batch	5400	valid_loss	20675.6131592
batch	5430	valid_loss	20610.4204102
batch	5460	valid_loss	20553.8222656
batch	5490	valid_loss	20497.2935791
batch	5520	valid_loss	20479.154541
batch	5550	valid_loss	20522.6038818
batch	5580	valid_loss	20338.7009277
batch	5610	valid_loss	20479.1757812
batch	5640	valid_loss	20298.9191895
batch	5670	valid_loss	20156.3234863
batch	5700	valid_loss	20560.135498
batch	5730	valid_loss	20156.255249
batch	5760	valid_loss	20164.3393555
batch	5790	valid_loss	20132.7564697
batch	5820	valid_loss	20175.8833008
batch	5850	valid_loss	19980.2159424
batch	5880	valid_loss	19935.4393311
batch	5910	valid_loss	20239.1518555
batch	5940	valid_loss	19937.1269531
batch	5970	valid_loss	19922.9863281
batch	6000	valid_loss	20852.3936768
batch	6030	valid_loss	19776.842041
batch	6060	valid_loss	19823.3762207
batch	6090	valid_loss	19835.5715332
batch	6120	valid_loss	19794.0516357
batch	6150	valid_loss	20277.7625732
batch	6180	valid_loss	19719.7290039
batch	6210	valid_loss	20090.8508301
batch	6240	valid_loss	19687.7176514
batch	6270	valid_loss	19684.8731689
batch	6300	valid_loss	19719.3198242
batch	6330	valid_loss	19550.7501221
batch	6360	valid_loss	19546.1217041
batch	6390	valid_loss	19643.2746582
batch	6420	valid_loss	19504.1907959
batch	6450	valid_loss	19692.9125977
batch	6480	valid_loss	19528.6994629
batch	6510	valid_loss	19508.7941895
batch	6540	valid_loss	19656.1373291
batch	6570	valid_loss	19419.6217041
batch	6600	valid_loss	19419.0037842
batch	6630	valid_loss	21476.567749
batch	6660	valid_loss	19359.9506836
batch	6690	valid_loss	19433.4592285
batch	6720	valid_loss	19460.5898438
batch	6750	valid_loss	19306.8913574
batch	6780	valid_loss	19301.604248
batch	6810	valid_loss	19262.2988281
batch	6840	valid_loss	19203.1881104
batch	6870	valid_loss	19232.5014648
batch	6900	valid_loss	19150.0585938
batch	6930	valid_loss	19336.9537354
batch	6960	valid_loss	19276.4525146
batch	6990	valid_loss	19309.5155029
batch	7020	valid_loss	19548.8803711
batch	7050	valid_loss	19270.3620605
batch	7080	valid_loss	19040.4030762
batch	7110	valid_loss	20876.7872314
batch	7140	valid_loss	19115.1998291
batch	7170	valid_loss	19167.8309326
batch	7200	valid_loss	19033.0806885
batch	7230	valid_loss	19019.0839844
batch	7260	valid_loss	21913.6303711
batch	7290	valid_loss	19093.5289307
batch	7320	valid_loss	18999.3751221
batch	7350	valid_loss	19007.7912598
batch	7380	valid_loss	18976.6882324
batch	7410	valid_loss	18964.0246582
batch	7440	valid_loss	19060.1691895
batch	7470	valid_loss	19120.3115234
batch	7500	valid_loss	18899.1442871
batch	7530	valid_loss	18904.8024902
batch	7560	valid_loss	18957.1011963
batch	7590	valid_loss	18866.8464355
batch	7620	valid_loss	18889.4659424
batch	7650	valid_loss	18945.9827881
batch	7680	valid_loss	18810.1103516
batch	7710	valid_loss	18969.2617188
batch	7740	valid_loss	18847.5844727
batch	7770	valid_loss	18801.3022461
batch	7800	valid_loss	18985.3128662
batch	7830	valid_loss	18877.1082764
batch	7860	valid_loss	18797.1834717
batch	7890	valid_loss	18782.3476562
batch	7920	valid_loss	18752.6291504
batch	7950	valid_loss	18822.8690186
batch	7980	valid_loss	18735.7220459
batch	8010	valid_loss	18757.7648926
batch	8040	valid_loss	18929.2279053
batch	8070	valid_loss	18800.1005859
batch	8100	valid_loss	18752.3505859
batch	8130	valid_loss	18703.9351807
batch	8160	valid_loss	18886.0834961
batch	8190	valid_loss	18746.1063232
batch	8220	valid_loss	18689.4376221
batch	8250	valid_loss	19394.119873
batch	8280	valid_loss	18956.0288086
batch	8310	valid_loss	18661.9973145
batch	8340	valid_loss	18675.6983643
batch	8370	valid_loss	19165.0389404
batch	8400	valid_loss	18640.2216797
batch	8430	valid_loss	18670.0500488
batch	8460	valid_loss	18651.9953613
batch	8490	valid_loss	18648.0413818
batch	8520	valid_loss	18613.2731934
batch	8550	valid_loss	19123.1707764
batch	8580	valid_loss	18722.1580811
batch	8610	valid_loss	18674.2486572
batch	8640	valid_loss	18554.1816406
batch	8670	valid_loss	18809.8630371
batch	8700	valid_loss	18595.6795654
batch	8730	valid_loss	18973.9558105
batch	8760	valid_loss	18580.6369629
batch	8790	valid_loss	18630.7125244
batch	8820	valid_loss	18740.6408691
batch	8850	valid_loss	18641.418457
batch	8880	valid_loss	18914.1043701
batch	8910	valid_loss	18554.5812988
batch	8940	valid_loss	18658.8266602
batch	8970	valid_loss	18712.5195312
batch	9000	valid_loss	18516.0576172
batch	9030	valid_loss	18640.1710205
batch	9060	valid_loss	18665.9764404
batch	9090	valid_loss	18511.9038086
batch	9120	valid_loss	18703.2330322
batch	9150	valid_loss	18531.7967529
batch	9180	valid_loss	18617.112793
batch	9210	valid_loss	18573.196167
batch	9240	valid_loss	18448.3743896
batch	9270	valid_loss	18453.8112793
batch	9300	valid_loss	18443.4550781
batch	9330	valid_loss	18571.5311279
batch	9360	valid_loss	18432.1131592
batch	9390	valid_loss	18478.7302246
batch	9420	valid_loss	18414.4655762
batch	9450	valid_loss	19169.4150391
batch	9480	valid_loss	18402.6279297
batch	9510	valid_loss	18518.515625
batch	9540	valid_loss	18396.1014404
batch	9570	valid_loss	18409.9803467
batch	9600	valid_loss	18454.4210205
batch	9630	valid_loss	18434.8804932
batch	9660	valid_loss	19043.0043945
batch	9690	valid_loss	18314.0412598
batch	9720	valid_loss	18333.8931885
batch	9750	valid_loss	18386.3532715
batch	9780	valid_loss	18378.6977539
batch	9810	valid_loss	18467.3498535
batch	9840	valid_loss	18498.7911377
batch	9870	valid_loss	18350.4523926
batch	9900	valid_loss	18395.5671387
batch	9930	valid_loss	18294.1318359
batch	9960	valid_loss	18402.3031006
batch	9990	valid_loss	18450.5220947
batch	10020	valid_loss	18330.944458
batch	10050	valid_loss	18436.3991699
batch	10080	valid_loss	18405.1182861
batch	10110	valid_loss	18411.3857422
batch	10140	valid_loss	18549.0385742
batch	10170	valid_loss	18447.1293945
batch	10200	valid_loss	18318.4567871
batch	10230	valid_loss	18694.2181396
batch	10260	valid_loss	18321.4990234
batch	10290	valid_loss	18442.6070557
batch	10320	valid_loss	18291.4775391
batch	10350	valid_loss	18635.8770752
batch	10380	valid_loss	18448.7491455
batch	10410	valid_loss	18419.8553467
batch	10440	valid_loss	19481.40625
batch	10470	valid_loss	18367.821167
batch	10500	valid_loss	18324.3146973
batch	10530	valid_loss	18305.4744873
batch	10560	valid_loss	18260.2513428
batch	10590	valid_loss	18480.0723877
batch	10620	valid_loss	18357.2380371
batch	10650	valid_loss	18350.8897705
batch	10680	valid_loss	18611.5402832
batch	10710	valid_loss	18263.1381836
batch	10740	valid_loss	18255.262207
batch	10770	valid_loss	18358.3846436
batch	10800	valid_loss	18387.0640869
batch	10830	valid_loss	18308.3494873
batch	10860	valid_loss	18305.8330078
batch	10890	valid_loss	18299.9680176
batch	10920	valid_loss	18274.0263672
batch	10950	valid_loss	18334.7316895
batch	10980	valid_loss	18257.8321533
batch	11010	valid_loss	18288.3444824
batch	11040	valid_loss	18239.0897217
batch	11070	valid_loss	18316.7373047
batch	11100	valid_loss	18199.6246338
batch	11130	valid_loss	18219.546875
batch	11160	valid_loss	18359.7565918
batch	11190	valid_loss	18325.0544434
batch	11220	valid_loss	18224.0218506
batch	11250	valid_loss	18193.3688965
batch	11280	valid_loss	18162.0715332
batch	11310	valid_loss	18277.2872314
batch	11340	valid_loss	18414.6915283
batch	11370	valid_loss	18373.5430908
batch	11400	valid_loss	18687.0213623
batch	11430	valid_loss	18178.2426758
batch	11460	valid_loss	18221.4473877
batch	11490	valid_loss	18666.4525146
batch	11520	valid_loss	18216.7015381
batch	11550	valid_loss	18313.8237305
batch	11580	valid_loss	18164.8126221
batch	11610	valid_loss	18530.40625
batch	11640	valid_loss	18181.9291992
batch	11670	valid_loss	18323.2692871
batch	11700	valid_loss	18350.7371826
batch	11730	valid_loss	18292.2498779
batch	11760	valid_loss	18160.5483398
batch	11790	valid_loss	18932.25
batch	11820	valid_loss	18196.2349854
batch	11850	valid_loss	18203.3074951
batch	11880	valid_loss	18156.8831787
batch	11910	valid_loss	18215.3548584
batch	11940	valid_loss	18713.5223389
batch	11970	valid_loss	18293.2781982
batch	12000	valid_loss	18218.5748291
batch	12030	valid_loss	18115.4301758
batch	12060	valid_loss	18160.1588135
batch	12090	valid_loss	18146.2963867
batch	12120	valid_loss	18852.2248535
batch	12150	valid_loss	18160.9520264
batch	12180	valid_loss	18086.7205811
batch	12210	valid_loss	18141.9753418
batch	12240	valid_loss	18162.036499
batch	12270	valid_loss	18583.8947754
batch	12300	valid_loss	18241.0169678
batch	12330	valid_loss	18238.8288574
batch	12360	valid_loss	18196.1685791
batch	12390	valid_loss	18161.7116699
batch	12420	valid_loss	18114.4768066
batch	12450	valid_loss	18247.3398438
batch	12480	valid_loss	18269.8968506
batch	12510	valid_loss	18262.2025146
batch	12540	valid_loss	18088.0799561
batch	12570	valid_loss	19038.5085449
batch	12600	valid_loss	18111.7716064
batch	12630	valid_loss	18235.4938965
batch	12660	valid_loss	18153.1802979
batch	12690	valid_loss	18106.5844727
batch	12720	valid_loss	18240.557251
batch	12750	valid_loss	18261.6728516
batch	12780	valid_loss	18107.447998
batch	12810	valid_loss	18070.8007812
batch	12840	valid_loss	18043.552124
batch	12870	valid_loss	18134.9643555
batch	12900	valid_loss	18653.2662354
batch	12930	valid_loss	18212.9432373
batch	12960	valid_loss	18123.048584
batch	12990	valid_loss	18185.8480225
batch	13020	valid_loss	18087.8425293
batch	13050	valid_loss	18412.1026611
batch	13080	valid_loss	18137.826416
batch	13110	valid_loss	18185.6864014
batch	13140	valid_loss	18166.1661377
batch	13170	valid_loss	18112.3293457
batch	13200	valid_loss	18071.9796143
batch	13230	valid_loss	18164.8662109
batch	13260	valid_loss	18052.0720215
batch	13290	valid_loss	18035.9603271
batch	13320	valid_loss	18032.4222412
batch	13350	valid_loss	18029.7994385
batch	13380	valid_loss	19168.9746094
batch	13410	valid_loss	18084.74646
batch	13440	valid_loss	18018.8555908
batch	13470	valid_loss	18042.2757568
batch	13500	valid_loss	18190.6313477
batch	13530	valid_loss	18061.494751
batch	13560	valid_loss	18232.0861816
batch	13590	valid_loss	18051.3554688
batch	13620	valid_loss	18079.2652588
batch	13650	valid_loss	18281.954834
batch	13680	valid_loss	18004.8254395
batch	13710	valid_loss	18114.9781494
batch	13740	valid_loss	18036.4044189
batch	13770	valid_loss	18030.2077637
batch	13800	valid_loss	18082.1151123
batch	13830	valid_loss	18104.041748
batch	13860	valid_loss	19205.71875
batch	13890	valid_loss	17996.8964844
batch	13920	valid_loss	17976.0186768
batch	13950	valid_loss	18027.9102783
batch	13980	valid_loss	18079.958252
batch	14010	valid_loss	18237.5397949
batch	14040	valid_loss	17966.418457
batch	14070	valid_loss	18038.1517334
batch	14100	valid_loss	17989.8254395
batch	14130	valid_loss	17966.4477539
batch	14160	valid_loss	19212.5701904
batch	14190	valid_loss	18126.2884521
batch	14220	valid_loss	18032.4460449
batch	14250	valid_loss	17977.3841553
batch	14280	valid_loss	18224.3966064
batch	14310	valid_loss	18025.6286621
batch	14340	valid_loss	18048.1359863
batch	14370	valid_loss	18010.8743896
batch	14400	valid_loss	17946.8347168
batch	14430	valid_loss	18296.6518555
batch	14460	valid_loss	18028.7094727
batch	14490	valid_loss	18071.7518311
batch	14520	valid_loss	18062.3510742
batch	14550	valid_loss	17953.7978516
batch	14580	valid_loss	18003.3323975
batch	14610	valid_loss	18035.5847168
batch	14640	valid_loss	17959.7978516
batch	14670	valid_loss	18178.3549805
batch	14700	valid_loss	17942.6796875
batch	14730	valid_loss	17970.4573975
batch	14760	valid_loss	17945.4855957
batch	14790	valid_loss	20820.8343506
batch	14820	valid_loss	18004.3259277
batch	14850	valid_loss	17980.9931641
batch	14880	valid_loss	17925.8303223
batch	14910	valid_loss	17974.6362305
batch	14940	valid_loss	17929.5432129
batch	14970	valid_loss	17965.2022705
batch	15000	valid_loss	18031.737793
batch	15030	valid_loss	17924.6506348
batch	15060	valid_loss	18109.1297607
batch	15090	valid_loss	18247.1235352
batch	15120	valid_loss	17963.9266357
batch	15150	valid_loss	17895.5510254
batch	15180	valid_loss	17899.2296143
batch	15210	valid_loss	17905.2808838
batch	15240	valid_loss	18453.8006592
batch	15270	valid_loss	17947.1210938
batch	15300	valid_loss	17886.0424805
batch	15330	valid_loss	17988.4891357
batch	15360	valid_loss	18161.4442139
batch	15390	valid_loss	17859.9139404
batch	15420	valid_loss	17869.6356201
batch	15450	valid_loss	17835.5031738
batch	15480	valid_loss	17896.3000488
batch	15510	valid_loss	17906.6032715
batch	15540	valid_loss	17889.7736816
batch	15570	valid_loss	18010.3074951
batch	15600	valid_loss	17834.0197754
batch	15630	valid_loss	17887.3101807
batch	15660	valid_loss	17898.8348389
batch	15690	valid_loss	17883.3659668
batch	15720	valid_loss	17911.5145264
batch	15750	valid_loss	18107.5489502
batch	15780	valid_loss	17861.1716309
batch	15810	valid_loss	17882.1795654
batch	15840	valid_loss	18478.5723877
batch	15870	valid_loss	17896.1549072
batch	15900	valid_loss	18081.6986084
batch	15930	valid_loss	17881.9567871
batch	15960	valid_loss	17808.8282471
batch	15990	valid_loss	18105.3331299
batch	16020	valid_loss	17891.4561768
batch	16050	valid_loss	18070.532959
batch	16080	valid_loss	18259.7139893
batch	16110	valid_loss	17837.2215576
batch	16140	valid_loss	17851.1079102
batch	16170	valid_loss	18980.8404541
batch	16200	valid_loss	17845.0093994
batch	16230	valid_loss	17798.1296387
batch	16260	valid_loss	17872.9700928
batch	16290	valid_loss	17880.3001709
batch	16320	valid_loss	17958.8143311
batch	16350	valid_loss	17948.1958008
batch	16380	valid_loss	17845.5651855
batch	16410	valid_loss	17900.8007812
batch	16440	valid_loss	17837.8327637
batch	16470	valid_loss	18203.8707275
batch	16500	valid_loss	17828.1575928
batch	16530	valid_loss	17889.1463623
batch	16560	valid_loss	17925.1331787
batch	16590	valid_loss	17904.1793213
batch	16620	valid_loss	18586.5318604
batch	16650	valid_loss	17864.0773926
batch	16680	valid_loss	17853.6287842
batch	16710	valid_loss	17784.5235596
batch	16740	valid_loss	17876.1113281
batch	16770	valid_loss	17860.1247559
batch	16800	valid_loss	17961.3929443
batch	16830	valid_loss	17819.78479
batch	16860	valid_loss	17780.8371582
batch	16890	valid_loss	17777.3308105
batch	16920	valid_loss	18391.2194824
batch	16950	valid_loss	17872.6716309
batch	16980	valid_loss	17793.5963135
batch	17010	valid_loss	17778.4086914
batch	17040	valid_loss	17805.7714844
batch	17070	valid_loss	17839.8612061
batch	17100	valid_loss	17980.6695557
batch	17130	valid_loss	17902.0379639
batch	17160	valid_loss	17751.0598145
batch	17190	valid_loss	17808.0952148
batch	17220	valid_loss	17879.2290039
batch	17250	valid_loss	17867.0236816
batch	17280	valid_loss	17961.6217041
batch	17310	valid_loss	17905.9219971
batch	17340	valid_loss	17840.3217773
batch	17370	valid_loss	17800.3935547
batch	17400	valid_loss	17821.6114502
batch	17430	valid_loss	17979.5922852
batch	17460	valid_loss	17913.2062988
batch	17490	valid_loss	17872.6893311
batch	17520	valid_loss	17785.9594727
batch	17550	valid_loss	17800.9311523
batch	17580	valid_loss	18111.8535156
batch	17610	valid_loss	17947.3917236
batch	17640	valid_loss	17780.8330078
batch	17670	valid_loss	17768.2490234
batch	17700	valid_loss	17815.3359375
batch	17730	valid_loss	18280.5766602
batch	17760	valid_loss	17795.2775879
batch	17790	valid_loss	17723.1481934
batch	17820	valid_loss	17999.5744629
batch	17850	valid_loss	17886.885498
batch	17880	valid_loss	17797.003418
batch	17910	valid_loss	18211.0825195
batch	17940	valid_loss	17876.1760254
batch	17970	valid_loss	17801.4064941
batch	18000	valid_loss	17774.5993652
batch	18030	valid_loss	17808.2476807
batch	18060	valid_loss	17732.7380371
batch	18090	valid_loss	18030.5605469
batch	18120	valid_loss	17767.7227783
batch	18150	valid_loss	17756.2657471
batch	18180	valid_loss	17875.9033203
batch	18210	valid_loss	18242.8078613
batch	18240	valid_loss	17848.1392822
batch	18270	valid_loss	17741.5681152
batch	18300	valid_loss	17768.65979
batch	18330	valid_loss	17917.7093506
batch	18360	valid_loss	17719.598999
batch	18390	valid_loss	17732.0668945
batch	18420	valid_loss	17862.2039795
batch	18450	valid_loss	17783.7288818
batch	18480	valid_loss	17708.9453125
batch	18510	valid_loss	17740.0067139
batch	18540	valid_loss	19369.1474609
batch	18570	valid_loss	17735.7338867
batch	18600	valid_loss	17658.604126
batch	18630	valid_loss	17777.9805908
batch	18660	valid_loss	17742.0701904
batch	18690	valid_loss	17782.3864746
batch	18720	valid_loss	17666.8137207
batch	18750	valid_loss	17740.6582031
batch	18780	valid_loss	17695.1385498
batch	18810	valid_loss	17703.1520996
batch	18840	valid_loss	17756.0869141
batch	18870	valid_loss	17815.5789795
batch	18900	valid_loss	17752.09375
batch	18930	valid_loss	17744.2060547
batch	18960	valid_loss	17737.6751709
batch	18990	valid_loss	17759.9259033
batch	19020	valid_loss	17836.5108643
batch	19050	valid_loss	17795.3968506
batch	19080	valid_loss	17698.6697998
batch	19110	valid_loss	17691.9130859
batch	19140	valid_loss	17785.9775391
batch	19170	valid_loss	17784.1586914
batch	19200	valid_loss	18110.6973877
batch	19230	valid_loss	17656.0839844
batch	19260	valid_loss	17667.9508057
batch	19290	valid_loss	19641.326416
batch	19320	valid_loss	17713.2318115
batch	19350	valid_loss	17630.5804443
batch	19380	valid_loss	17753.8664551
batch	19410	valid_loss	17663.0855713
batch	19440	valid_loss	17653.0061035
batch	19470	valid_loss	17749.5927734
batch	19500	valid_loss	17696.9974365
batch	19530	valid_loss	17836.1247559
batch	19560	valid_loss	17672.5828857
batch	19590	valid_loss	18446.8675537
batch	19620	valid_loss	17677.6142578
batch	19650	valid_loss	17730.295166
batch	19680	valid_loss	17710.4842529
batch	19710	valid_loss	17675.1844482
batch	19740	valid_loss	17727.4775391
batch	19770	valid_loss	18108.9057617
batch	19800	valid_loss	17721.0992432
batch	19830	valid_loss	17613.779541
batch	19860	valid_loss	17684.4562988
batch	19890	valid_loss	17700.4724121
batch	19920	valid_loss	17622.2918701
batch	19950	valid_loss	17590.5625
batch	19980	valid_loss	17575.9368896
batch	20010	valid_loss	17753.8444824
batch	20040	valid_loss	17643.6628418
batch	20070	valid_loss	17937.5629883
batch	20100	valid_loss	17732.2745361
batch	20130	valid_loss	17767.9689941
batch	20160	valid_loss	17538.9793701
batch	20190	valid_loss	17655.9558105
batch	20220	valid_loss	18053.4151611
batch	20250	valid_loss	17669.0640869
batch	20280	valid_loss	17545.7652588
batch	20310	valid_loss	17636.6408691
batch	20340	valid_loss	17547.6585693
batch	20370	valid_loss	17592.2182617
batch	20400	valid_loss	18026.49646
batch	20430	valid_loss	17734.5911865
batch	20460	valid_loss	17584.5651855
batch	20490	valid_loss	17601.3564453
batch	20520	valid_loss	18502.675293
batch	20550	valid_loss	17581.2995605
batch	20580	valid_loss	17662.4591064
batch	20610	valid_loss	17619.3795166
batch	20640	valid_loss	17585.7999268
batch	20670	valid_loss	17548.3563232
batch	20700	valid_loss	17707.9786377
batch	20730	valid_loss	17706.0419922
batch	20760	valid_loss	17788.7583008
batch	20790	valid_loss	17600.8048096
batch	20820	valid_loss	17615.72229
batch	20850	valid_loss	17591.2681885
batch	20880	valid_loss	17581.8830566
batch	20910	valid_loss	17760.1364746
batch	20940	valid_loss	17919.4543457
batch	20970	valid_loss	17503.3234863
batch	21000	valid_loss	17530.4372559
batch	21030	valid_loss	17986.4401855
batch	21060	valid_loss	17603.7041016
batch	21090	valid_loss	17579.3536377
batch	21120	valid_loss	17557.1804199
batch	21150	valid_loss	17822.6118164
batch	21180	valid_loss	17538.9091797
batch	21210	valid_loss	17686.8483887
batch	21240	valid_loss	17620.4559326
batch	21270	valid_loss	17491.7668457
batch	21300	valid_loss	17609.9593506
batch	21330	valid_loss	17651.9824219
batch	21360	valid_loss	17718.6412354
batch	21390	valid_loss	17528.3040771
batch	21420	valid_loss	17544.3476562
batch	21450	valid_loss	17536.9232178
batch	21480	valid_loss	17910.4350586
batch	21510	valid_loss	17525.1251221
batch	21540	valid_loss	17493.819458
batch	21570	valid_loss	17496.6606445
batch	21600	valid_loss	17509.7027588
batch	21630	valid_loss	17503.6854248
batch	21660	valid_loss	17887.7989502
batch	21690	valid_loss	17528.595459
batch	21720	valid_loss	17444.1829834
batch	21750	valid_loss	17534.4532471
batch	21780	valid_loss	17944.2392578
batch	21810	valid_loss	17670.0028076
batch	21840	valid_loss	17608.6037598
batch	21870	valid_loss	17525.4528809
batch	21900	valid_loss	17534.5333252
batch	21930	valid_loss	17584.0109863
batch	21960	valid_loss	17514.6451416
batch	21990	valid_loss	17630.2729492
batch	22020	valid_loss	17519.3825684
batch	22050	valid_loss	17513.9759521
batch	22080	valid_loss	17724.8121338
batch	22110	valid_loss	17501.8704834
batch	22140	valid_loss	17533.3547363
batch	22170	valid_loss	17512.9030762
batch	22200	valid_loss	17484.1342773
batch	22230	valid_loss	17560.9664307
batch	22260	valid_loss	17479.8614502
batch	22290	valid_loss	17552.5531006
batch	22320	valid_loss	17818.796875
batch	22350	valid_loss	17448.1915283
batch	22380	valid_loss	17447.5319824
batch	22410	valid_loss	17485.328125
batch	22440	valid_loss	20715.7937012
batch	22470	valid_loss	17579.5921631
batch	22500	valid_loss	17419.7830811
batch	22530	valid_loss	17423.8037109
batch	22560	valid_loss	17468.5307617
batch	22590	valid_loss	17499.5216064
batch	22620	valid_loss	17450.7531738
batch	22650	valid_loss	17480.2895508
batch	22680	valid_loss	17445.1513672
batch	22710	valid_loss	17501.3074951
batch	22740	valid_loss	17453.2030029
batch	22770	valid_loss	17810.3787842
batch	22800	valid_loss	17450.1876221
batch	22830	valid_loss	17380.3648682
batch	22860	valid_loss	17407.3505859
batch	22890	valid_loss	17387.9907227
batch	22920	valid_loss	17442.602417
batch	22950	valid_loss	17362.420166
batch	22980	valid_loss	17451.0627441
batch	23010	valid_loss	17459.012085
batch	23040	valid_loss	17565.6663818
batch	23070	valid_loss	17380.9943848
batch	23100	valid_loss	17406.4309082
batch	23130	valid_loss	17793.6915283
batch	23160	valid_loss	17352.7808838
batch	23190	valid_loss	17363.4663086
batch	23220	valid_loss	17602.5490723
batch	23250	valid_loss	17355.586792
batch	23280	valid_loss	17312.5008545
batch	23310	valid_loss	17420.5670166
batch	23340	valid_loss	17533.0402832
batch	23370	valid_loss	17379.71875
batch	23400	valid_loss	17317.7830811
batch	23430	valid_loss	17548.8995361
batch	23460	valid_loss	17325.9050293
batch	23490	valid_loss	17416.697998
batch	23520	valid_loss	17330.8961182
batch	23550	valid_loss	17589.590332
batch	23580	valid_loss	17283.9255371
batch	23610	valid_loss	17381.4985352
batch	23640	valid_loss	17474.7185059
batch	23670	valid_loss	17388.0679932
batch	23700	valid_loss	17541.0368652
batch	23730	valid_loss	17465.8277588
batch	23760	valid_loss	17315.7194824
batch	23790	valid_loss	17347.7484131
batch	23820	valid_loss	17491.8754883
batch	23850	valid_loss	17619.2818604
batch	23880	valid_loss	17370.0319824
batch	23910	valid_loss	17256.1636963
batch	23940	valid_loss	17287.1094971
batch	23970	valid_loss	17455.1115723
batch	24000	valid_loss	17284.6956787
batch	24030	valid_loss	17245.8547363
batch	24060	valid_loss	17263.241333
batch	24090	valid_loss	17265.2717285
batch	24120	valid_loss	17829.2802734
batch	24150	valid_loss	17310.4243164
batch	24180	valid_loss	17283.0643311
batch	24210	valid_loss	17295.6331787
batch	24240	valid_loss	17258.1582031
batch	24270	valid_loss	17228.0286865
batch	24300	valid_loss	17254.3945312
batch	24330	valid_loss	17634.2375488
batch	24360	valid_loss	17311.9240723
batch	24390	valid_loss	17194.4237061
batch	24420	valid_loss	17286.4664307
batch	24450	valid_loss	17462.8812256
batch	24480	valid_loss	17300.2769775
batch	24510	valid_loss	17161.8068848
batch	24540	valid_loss	17218.0981445
batch	24570	valid_loss	17452.1914062
batch	24600	valid_loss	17179.1691895
batch	24630	valid_loss	17156.7537842
batch	24660	valid_loss	17098.6721191
batch	24690	valid_loss	17521.8157959
batch	24720	valid_loss	17157.4741211
batch	24750	valid_loss	17130.9208984
batch	24780	valid_loss	17252.9395752
batch	24810	valid_loss	17105.958252
batch	24840	valid_loss	17099.8521729
batch	24870	valid_loss	17163.0263672
batch	24900	valid_loss	17087.7052002
batch	24930	valid_loss	17115.0134277
batch	24960	valid_loss	17357.6672363
batch	24990	valid_loss	17190.5169678
STOP
