START
config	500	960
batch	0	valid_loss	175706.517578
batch	20	valid_loss	120438.921875
batch	40	valid_loss	111093.851562
batch	60	valid_loss	106076.632812
batch	80	valid_loss	101878.745117
batch	100	valid_loss	97740.8994141
batch	120	valid_loss	93822.9931641
batch	140	valid_loss	90091.1894531
batch	160	valid_loss	86673.1987305
batch	180	valid_loss	83157.2890625
batch	200	valid_loss	79920.5668945
batch	220	valid_loss	77096.0175781
batch	240	valid_loss	74597.6162109
batch	260	valid_loss	72168.6142578
batch	280	valid_loss	70398.0571289
batch	300	valid_loss	68454.4604492
batch	320	valid_loss	66863.0283203
batch	340	valid_loss	65459.855957
batch	360	valid_loss	64374.3242188
batch	380	valid_loss	63192.3305664
batch	400	valid_loss	62298.9169922
batch	420	valid_loss	61465.4453125
batch	440	valid_loss	60708.8081055
batch	460	valid_loss	60017.6469727
batch	480	valid_loss	59537.8676758
batch	500	valid_loss	58900.7480469
batch	520	valid_loss	58429.7993164
batch	540	valid_loss	58063.7871094
batch	560	valid_loss	57492.5532227
batch	580	valid_loss	57008.4272461
batch	600	valid_loss	56925.9438477
batch	620	valid_loss	56273.2348633
batch	640	valid_loss	56014.9296875
batch	660	valid_loss	55672.4960938
batch	680	valid_loss	55420.7944336
batch	700	valid_loss	55119.3354492
batch	720	valid_loss	54910.4526367
batch	740	valid_loss	54817.0424805
batch	760	valid_loss	54432.0253906
batch	780	valid_loss	54430.0395508
batch	800	valid_loss	54368.3842773
batch	820	valid_loss	54086.2866211
batch	840	valid_loss	54095.7646484
batch	860	valid_loss	53870.6694336
batch	880	valid_loss	53505.2744141
batch	900	valid_loss	53704.1088867
batch	920	valid_loss	53581.0
batch	940	valid_loss	53229.2836914
batch	960	valid_loss	53187.0258789
batch	980	valid_loss	53037.4775391
batch	1000	valid_loss	52954.8681641
batch	1020	valid_loss	52830.6430664
batch	1040	valid_loss	52723.5600586
batch	1060	valid_loss	52889.0473633
batch	1080	valid_loss	52549.6972656
batch	1100	valid_loss	52789.4916992
batch	1120	valid_loss	52629.0283203
batch	1140	valid_loss	52576.2402344
batch	1160	valid_loss	52670.0
batch	1180	valid_loss	52437.3310547
batch	1200	valid_loss	52139.4350586
batch	1220	valid_loss	52495.9355469
batch	1240	valid_loss	52146.5654297
batch	1260	valid_loss	52142.7773438
batch	1280	valid_loss	52095.4282227
batch	1300	valid_loss	52073.3574219
batch	1320	valid_loss	51964.1723633
batch	1340	valid_loss	51982.6010742
batch	1360	valid_loss	52033.6357422
batch	1380	valid_loss	51811.4775391
batch	1400	valid_loss	51928.2275391
batch	1420	valid_loss	51956.559082
batch	1440	valid_loss	51889.003418
batch	1460	valid_loss	51959.1166992
batch	1480	valid_loss	51908.8613281
batch	1500	valid_loss	51649.8735352
batch	1520	valid_loss	51763.2314453
batch	1540	valid_loss	51874.1494141
batch	1560	valid_loss	51545.9291992
batch	1580	valid_loss	51627.6113281
batch	1600	valid_loss	51477.949707
batch	1620	valid_loss	51469.0371094
batch	1640	valid_loss	51512.7099609
batch	1660	valid_loss	51388.5581055
batch	1680	valid_loss	51638.5322266
batch	1700	valid_loss	51361.0161133
batch	1720	valid_loss	51580.2768555
batch	1740	valid_loss	51611.9584961
batch	1760	valid_loss	51502.9321289
batch	1780	valid_loss	51674.5859375
batch	1800	valid_loss	51510.8276367
batch	1820	valid_loss	51273.4458008
batch	1840	valid_loss	51673.4418945
batch	1860	valid_loss	51391.1376953
batch	1880	valid_loss	51268.5947266
batch	1900	valid_loss	51220.8256836
batch	1920	valid_loss	51380.5073242
batch	1940	valid_loss	51165.9125977
batch	1960	valid_loss	51236.2392578
batch	1980	valid_loss	51265.9311523
batch	2000	valid_loss	51176.2250977
batch	2020	valid_loss	51141.168457
batch	2040	valid_loss	51374.2548828
batch	2060	valid_loss	51278.4331055
batch	2080	valid_loss	51330.6723633
batch	2100	valid_loss	51386.0317383
batch	2120	valid_loss	51168.9526367
batch	2140	valid_loss	51048.5004883
batch	2160	valid_loss	51363.3676758
batch	2180	valid_loss	51003.2700195
batch	2200	valid_loss	51046.9189453
batch	2220	valid_loss	50974.1357422
batch	2240	valid_loss	51035.8383789
batch	2260	valid_loss	51009.7304688
batch	2280	valid_loss	50984.0566406
batch	2300	valid_loss	51194.7363281
batch	2320	valid_loss	50941.9570312
batch	2340	valid_loss	51143.4643555
batch	2360	valid_loss	51186.8520508
batch	2380	valid_loss	51061.0649414
batch	2400	valid_loss	51229.6708984
batch	2420	valid_loss	51178.7978516
batch	2440	valid_loss	50814.2939453
batch	2460	valid_loss	51160.8959961
batch	2480	valid_loss	51094.628418
batch	2500	valid_loss	50897.4150391
batch	2520	valid_loss	50891.8295898
batch	2540	valid_loss	50955.2578125
batch	2560	valid_loss	50931.4921875
batch	2580	valid_loss	50911.949707
batch	2600	valid_loss	50801.6123047
batch	2620	valid_loss	51002.0351562
batch	2640	valid_loss	50844.0439453
batch	2660	valid_loss	51090.4926758
batch	2680	valid_loss	50996.472168
batch	2700	valid_loss	51023.0380859
batch	2720	valid_loss	51147.4111328
batch	2740	valid_loss	51009.6694336
batch	2760	valid_loss	50726.6435547
batch	2780	valid_loss	51091.0371094
batch	2800	valid_loss	50837.6728516
batch	2820	valid_loss	50793.0883789
batch	2840	valid_loss	50792.6870117
batch	2860	valid_loss	50816.6958008
batch	2880	valid_loss	50754.5898438
batch	2900	valid_loss	50823.6191406
batch	2920	valid_loss	50915.0922852
batch	2940	valid_loss	50704.2084961
batch	2960	valid_loss	50903.8520508
batch	2980	valid_loss	51012.0869141
batch	3000	valid_loss	50905.6665039
batch	3020	valid_loss	50975.7524414
batch	3040	valid_loss	50973.2890625
batch	3060	valid_loss	50711.543457
batch	3080	valid_loss	50876.6801758
batch	3100	valid_loss	50942.203125
batch	3120	valid_loss	50644.3774414
batch	3140	valid_loss	50745.2329102
batch	3160	valid_loss	50681.230957
batch	3180	valid_loss	50665.3920898
batch	3200	valid_loss	50739.5371094
batch	3220	valid_loss	50667.527832
batch	3240	valid_loss	50914.0317383
batch	3260	valid_loss	50670.6206055
batch	3280	valid_loss	50828.2363281
batch	3300	valid_loss	50907.8310547
batch	3320	valid_loss	50818.1381836
batch	3340	valid_loss	51047.4003906
batch	3360	valid_loss	50883.7392578
batch	3380	valid_loss	50593.4833984
batch	3400	valid_loss	51021.6567383
batch	3420	valid_loss	50802.0864258
batch	3440	valid_loss	50609.0219727
batch	3460	valid_loss	50609.1049805
batch	3480	valid_loss	50801.8276367
batch	3500	valid_loss	50614.128418
batch	3520	valid_loss	50646.590332
batch	3540	valid_loss	50699.2231445
batch	3560	valid_loss	50628.8554688
batch	3580	valid_loss	50629.4277344
batch	3600	valid_loss	50846.9555664
batch	3620	valid_loss	50830.8984375
batch	3640	valid_loss	50830.453125
batch	3660	valid_loss	50904.3120117
batch	3680	valid_loss	50673.081543
batch	3700	valid_loss	50629.2548828
batch	3720	valid_loss	50859.6196289
batch	3740	valid_loss	50557.0195312
batch	3760	valid_loss	50624.503418
batch	3780	valid_loss	50548.6918945
batch	3800	valid_loss	50598.621582
batch	3820	valid_loss	50568.3198242
batch	3840	valid_loss	50563.8374023
batch	3860	valid_loss	50845.1621094
batch	3880	valid_loss	50523.7802734
batch	3900	valid_loss	50752.7587891
batch	3920	valid_loss	50858.3120117
batch	3940	valid_loss	50690.8251953
batch	3960	valid_loss	50882.043457
batch	3980	valid_loss	50754.2387695
batch	4000	valid_loss	50493.8886719
batch	4020	valid_loss	50808.4545898
batch	4040	valid_loss	50740.2167969
batch	4060	valid_loss	50519.1054688
batch	4080	valid_loss	50567.7983398
batch	4100	valid_loss	50634.65625
batch	4120	valid_loss	50548.5595703
batch	4140	valid_loss	50624.8222656
batch	4160	valid_loss	50492.9541016
batch	4180	valid_loss	50699.4589844
batch	4200	valid_loss	50456.7714844
batch	4220	valid_loss	50762.8686523
batch	4240	valid_loss	50760.5820312
batch	4260	valid_loss	50714.9399414
batch	4280	valid_loss	50826.4902344
batch	4300	valid_loss	50721.4306641
batch	4320	valid_loss	50433.7197266
batch	4340	valid_loss	50848.1958008
batch	4360	valid_loss	50494.0351562
batch	4380	valid_loss	50533.5966797
batch	4400	valid_loss	50509.546875
batch	4420	valid_loss	50580.5883789
batch	4440	valid_loss	50488.3789062
batch	4460	valid_loss	50549.3505859
batch	4480	valid_loss	50691.4462891
batch	4500	valid_loss	50484.1313477
batch	4520	valid_loss	50639.8745117
batch	4540	valid_loss	50691.359375
batch	4560	valid_loss	50657.8720703
batch	4580	valid_loss	50717.9760742
batch	4600	valid_loss	50762.5361328
batch	4620	valid_loss	50485.1547852
batch	4640	valid_loss	50609.4902344
batch	4660	valid_loss	50746.8613281
batch	4680	valid_loss	50412.0986328
batch	4700	valid_loss	50515.1435547
batch	4720	valid_loss	50393.5429688
batch	4740	valid_loss	50425.7905273
batch	4760	valid_loss	50507.684082
batch	4780	valid_loss	50417.0805664
batch	4800	valid_loss	50683.6083984
batch	4820	valid_loss	50416.8256836
batch	4840	valid_loss	50647.3374023
batch	4860	valid_loss	50713.6352539
batch	4880	valid_loss	50616.3666992
batch	4900	valid_loss	50854.6738281
batch	4920	valid_loss	50671.7885742
batch	4940	valid_loss	50371.5898438
batch	4960	valid_loss	50830.0810547
batch	4980	valid_loss	50518.8476562
batch	5000	valid_loss	50433.6323242
batch	5020	valid_loss	50417.5371094
batch	5040	valid_loss	50619.7470703
batch	5060	valid_loss	50457.7646484
batch	5080	valid_loss	50496.5581055
batch	5100	valid_loss	50537.4511719
batch	5120	valid_loss	50475.137207
batch	5140	valid_loss	50473.3676758
batch	5160	valid_loss	50655.050293
batch	5180	valid_loss	50654.4794922
batch	5200	valid_loss	50713.1035156
batch	5220	valid_loss	50730.8798828
batch	5240	valid_loss	50569.7158203
batch	5260	valid_loss	50463.378418
batch	5280	valid_loss	50706.5454102
batch	5300	valid_loss	50343.581543
batch	5320	valid_loss	50469.4936523
batch	5340	valid_loss	50342.8505859
batch	5360	valid_loss	50413.8427734
batch	5380	valid_loss	50452.203125
batch	5400	valid_loss	50416.1738281
batch	5420	valid_loss	50672.5263672
batch	5440	valid_loss	50352.8789062
batch	5460	valid_loss	50638.5449219
batch	5480	valid_loss	50718.8198242
batch	5500	valid_loss	50550.5009766
batch	5520	valid_loss	50691.9897461
batch	5540	valid_loss	50614.7729492
batch	5560	valid_loss	50340.5620117
batch	5580	valid_loss	50721.9125977
batch	5600	valid_loss	50555.4814453
batch	5620	valid_loss	50324.5966797
batch	5640	valid_loss	50359.2216797
batch	5660	valid_loss	50491.5083008
batch	5680	valid_loss	50404.0678711
batch	5700	valid_loss	50485.0639648
batch	5720	valid_loss	50392.5205078
batch	5740	valid_loss	50576.9428711
batch	5760	valid_loss	50368.9404297
batch	5780	valid_loss	50632.1948242
batch	5800	valid_loss	50596.4287109
batch	5820	valid_loss	50604.8862305
batch	5840	valid_loss	50718.7851562
batch	5860	valid_loss	50569.6606445
batch	5880	valid_loss	50350.2900391
batch	5900	valid_loss	50754.4555664
batch	5920	valid_loss	50393.4389648
batch	5940	valid_loss	50396.706543
batch	5960	valid_loss	50376.6455078
batch	5980	valid_loss	50462.8798828
batch	6000	valid_loss	50384.597168
batch	6020	valid_loss	50416.6962891
batch	6040	valid_loss	50568.7338867
batch	6060	valid_loss	50374.4428711
batch	6080	valid_loss	50506.9741211
batch	6100	valid_loss	50637.5126953
batch	6120	valid_loss	50515.7924805
batch	6140	valid_loss	50619.8828125
batch	6160	valid_loss	50623.8339844
batch	6180	valid_loss	50362.5395508
batch	6200	valid_loss	50529.9692383
batch	6220	valid_loss	50660.800293
batch	6240	valid_loss	50296.2915039
batch	6260	valid_loss	50417.6152344
batch	6280	valid_loss	50319.4462891
batch	6300	valid_loss	50340.2836914
batch	6320	valid_loss	50356.5610352
batch	6340	valid_loss	50341.3549805
batch	6360	valid_loss	50581.6049805
batch	6380	valid_loss	50284.1079102
batch	6400	valid_loss	50567.0976562
batch	6420	valid_loss	50636.4189453
batch	6440	valid_loss	50469.5429688
batch	6460	valid_loss	50731.2426758
batch	6480	valid_loss	50605.3579102
batch	6500	valid_loss	50283.4970703
batch	6520	valid_loss	50704.3994141
batch	6540	valid_loss	50410.0996094
batch	6560	valid_loss	50353.034668
batch	6580	valid_loss	50278.3876953
batch	6600	valid_loss	50487.9931641
batch	6620	valid_loss	50363.9311523
batch	6640	valid_loss	50373.9189453
batch	6660	valid_loss	50436.1489258
batch	6680	valid_loss	50420.9277344
batch	6700	valid_loss	50377.9394531
batch	6720	valid_loss	50554.6411133
batch	6740	valid_loss	50517.0561523
batch	6760	valid_loss	50603.0219727
batch	6780	valid_loss	50643.1396484
batch	6800	valid_loss	50481.3706055
batch	6820	valid_loss	50367.7368164
batch	6840	valid_loss	50618.5126953
batch	6860	valid_loss	50254.5336914
batch	6880	valid_loss	50317.1049805
batch	6900	valid_loss	50277.5869141
batch	6920	valid_loss	50359.6787109
batch	6940	valid_loss	50335.0600586
batch	6960	valid_loss	50319.9931641
batch	6980	valid_loss	50557.4726562
batch	7000	valid_loss	50280.6171875
batch	7020	valid_loss	50475.0957031
batch	7040	valid_loss	50609.5063477
batch	7060	valid_loss	50422.9482422
batch	7080	valid_loss	50620.5126953
batch	7100	valid_loss	50534.6777344
batch	7120	valid_loss	50225.1386719
batch	7140	valid_loss	50592.0668945
batch	7160	valid_loss	50511.2998047
batch	7180	valid_loss	50283.9189453
batch	7200	valid_loss	50325.5039062
batch	7220	valid_loss	50382.1206055
batch	7240	valid_loss	50331.0961914
batch	7260	valid_loss	50358.1455078
batch	7280	valid_loss	50294.3803711
batch	7300	valid_loss	50504.3623047
batch	7320	valid_loss	50280.5649414
batch	7340	valid_loss	50518.5761719
batch	7360	valid_loss	50534.0366211
batch	7380	valid_loss	50517.2641602
batch	7400	valid_loss	50651.8920898
batch	7420	valid_loss	50502.6313477
batch	7440	valid_loss	50242.9023438
batch	7460	valid_loss	50586.8022461
batch	7480	valid_loss	50304.828125
batch	7500	valid_loss	50329.6523438
batch	7520	valid_loss	50295.9858398
batch	7540	valid_loss	50365.5888672
batch	7560	valid_loss	50331.7939453
batch	7580	valid_loss	50374.5180664
batch	7600	valid_loss	50494.5546875
batch	7620	valid_loss	50278.8266602
batch	7640	valid_loss	50453.3466797
batch	7660	valid_loss	50524.9985352
batch	7680	valid_loss	50447.1333008
batch	7700	valid_loss	50500.8071289
batch	7720	valid_loss	50551.331543
batch	7740	valid_loss	50312.8657227
batch	7760	valid_loss	50483.3823242
batch	7780	valid_loss	50535.878418
batch	7800	valid_loss	50250.6391602
batch	7820	valid_loss	50315.5332031
batch	7840	valid_loss	50205.5195312
batch	7860	valid_loss	50230.4082031
batch	7880	valid_loss	50297.2753906
batch	7900	valid_loss	50232.5024414
batch	7920	valid_loss	50517.9106445
batch	7940	valid_loss	50253.2661133
batch	7960	valid_loss	50463.4199219
batch	7980	valid_loss	50544.6870117
batch	8000	valid_loss	50452.1972656
batch	8020	valid_loss	50653.8256836
batch	8040	valid_loss	50456.8696289
batch	8060	valid_loss	50223.40625
batch	8080	valid_loss	50685.3598633
batch	8100	valid_loss	50444.8666992
batch	8120	valid_loss	50272.0512695
batch	8140	valid_loss	50224.9360352
batch	8160	valid_loss	50451.03125
batch	8180	valid_loss	50269.6015625
batch	8200	valid_loss	50319.4013672
batch	8220	valid_loss	50343.2104492
batch	8240	valid_loss	50248.9892578
batch	8260	valid_loss	50269.550293
batch	8280	valid_loss	50547.2089844
batch	8300	valid_loss	50469.8950195
batch	8320	valid_loss	50472.9418945
batch	8340	valid_loss	50571.3901367
batch	8360	valid_loss	50420.1640625
batch	8380	valid_loss	50262.6152344
batch	8400	valid_loss	50510.4345703
batch	8420	valid_loss	50194.6533203
batch	8440	valid_loss	50266.8198242
batch	8460	valid_loss	50207.7080078
batch	8480	valid_loss	50306.0083008
batch	8500	valid_loss	50280.2211914
batch	8520	valid_loss	50265.5703125
batch	8540	valid_loss	50503.1225586
batch	8560	valid_loss	50190.9233398
batch	8580	valid_loss	50450.4599609
batch	8600	valid_loss	50575.6181641
batch	8620	valid_loss	50378.3085938
batch	8640	valid_loss	50590.824707
batch	8660	valid_loss	50513.9829102
batch	8680	valid_loss	50204.1586914
batch	8700	valid_loss	50507.4658203
batch	8720	valid_loss	50424.3510742
batch	8740	valid_loss	50231.7319336
batch	8760	valid_loss	50250.4296875
batch	8780	valid_loss	50345.6845703
batch	8800	valid_loss	50300.8535156
batch	8820	valid_loss	50323.2485352
batch	8840	valid_loss	50186.4262695
batch	8860	valid_loss	50428.0981445
batch	8880	valid_loss	50269.0004883
batch	8900	valid_loss	50474.6894531
batch	8920	valid_loss	50447.28125
batch	8940	valid_loss	50500.2875977
batch	8960	valid_loss	50607.0180664
batch	8980	valid_loss	50433.9018555
batch	9000	valid_loss	50176.6020508
batch	9020	valid_loss	50582.7558594
batch	9040	valid_loss	50252.3730469
batch	9060	valid_loss	50293.0683594
batch	9080	valid_loss	50265.8222656
batch	9100	valid_loss	50290.4555664
batch	9120	valid_loss	50269.7412109
batch	9140	valid_loss	50337.9570312
batch	9160	valid_loss	50466.3896484
batch	9180	valid_loss	50253.2158203
batch	9200	valid_loss	50424.8955078
batch	9220	valid_loss	50497.628418
batch	9240	valid_loss	50415.6235352
batch	9260	valid_loss	50498.0268555
batch	9280	valid_loss	50564.8325195
batch	9300	valid_loss	50273.0966797
batch	9320	valid_loss	50366.3037109
batch	9340	valid_loss	50532.668457
batch	9360	valid_loss	50202.3530273
batch	9380	valid_loss	50284.5214844
batch	9400	valid_loss	50179.5913086
batch	9420	valid_loss	50259.6166992
batch	9440	valid_loss	50270.5107422
batch	9460	valid_loss	50209.2421875
batch	9480	valid_loss	50454.9790039
batch	9500	valid_loss	50199.6000977
batch	9520	valid_loss	50452.9799805
batch	9540	valid_loss	50516.1899414
batch	9560	valid_loss	50366.6235352
batch	9580	valid_loss	50625.2485352
batch	9600	valid_loss	50463.3442383
batch	9620	valid_loss	50208.3496094
batch	9640	valid_loss	50618.015625
batch	9660	valid_loss	50393.9750977
batch	9680	valid_loss	50259.7539062
batch	9700	valid_loss	50164.065918
batch	9720	valid_loss	50399.3857422
batch	9740	valid_loss	50204.8881836
batch	9760	valid_loss	50292.5961914
batch	9780	valid_loss	50319.734375
batch	9800	valid_loss	50263.3100586
batch	9820	valid_loss	50217.2602539
batch	9840	valid_loss	50446.0678711
batch	9860	valid_loss	50440.1503906
batch	9880	valid_loss	50440.7753906
batch	9900	valid_loss	50552.0737305
batch	9920	valid_loss	50408.074707
batch	9940	valid_loss	50219.4765625
batch	9960	valid_loss	50541.515625
batch	9980	valid_loss	50188.3891602
batch	10000	valid_loss	50170.0092773
batch	10020	valid_loss	50172.8320312
batch	10040	valid_loss	50277.7548828
batch	10060	valid_loss	50266.5522461
batch	10080	valid_loss	50210.574707
batch	10100	valid_loss	50450.9492188
batch	10120	valid_loss	50147.8901367
batch	10140	valid_loss	50429.9536133
batch	10160	valid_loss	50507.8916016
batch	10180	valid_loss	50370.6079102
batch	10200	valid_loss	50550.6503906
batch	10220	valid_loss	50511.9941406
batch	10240	valid_loss	50158.0507812
batch	10260	valid_loss	50508.6538086
batch	10280	valid_loss	50401.2460938
batch	10300	valid_loss	50197.7563477
batch	10320	valid_loss	50258.8691406
batch	10340	valid_loss	50276.2788086
batch	10360	valid_loss	50260.0429688
batch	10380	valid_loss	50311.4311523
batch	10400	valid_loss	50214.112793
batch	10420	valid_loss	50402.2290039
batch	10440	valid_loss	50224.2626953
batch	10460	valid_loss	50505.878418
batch	10480	valid_loss	50452.1347656
batch	10500	valid_loss	50450.2529297
batch	10520	valid_loss	50574.9980469
batch	10540	valid_loss	50394.5791016
batch	10560	valid_loss	50127.1513672
batch	10580	valid_loss	50562.1079102
batch	10600	valid_loss	50224.8696289
batch	10620	valid_loss	50222.2324219
batch	10640	valid_loss	50212.371582
batch	10660	valid_loss	50313.7753906
batch	10680	valid_loss	50289.5507812
batch	10700	valid_loss	50277.0800781
batch	10720	valid_loss	50402.2138672
batch	10740	valid_loss	50192.5571289
batch	10760	valid_loss	50331.0361328
batch	10780	valid_loss	50493.8046875
batch	10800	valid_loss	50391.1787109
batch	10820	valid_loss	50432.8964844
batch	10840	valid_loss	50515.8071289
batch	10860	valid_loss	50200.2026367
batch	10880	valid_loss	50394.1933594
batch	10900	valid_loss	50483.175293
batch	10920	valid_loss	50155.4765625
batch	10940	valid_loss	50264.6044922
batch	10960	valid_loss	50147.527832
batch	10980	valid_loss	50137.1074219
batch	11000	valid_loss	50245.3706055
batch	11020	valid_loss	50164.1240234
batch	11040	valid_loss	50457.140625
batch	11060	valid_loss	50196.0917969
batch	11080	valid_loss	50402.559082
batch	11100	valid_loss	50511.9672852
batch	11120	valid_loss	50356.1674805
batch	11140	valid_loss	50585.2841797
batch	11160	valid_loss	50444.8056641
batch	11180	valid_loss	50125.8710938
batch	11200	valid_loss	50576.015625
batch	11220	valid_loss	50313.3007812
batch	11240	valid_loss	50162.0205078
batch	11260	valid_loss	50169.1103516
batch	11280	valid_loss	50348.0532227
batch	11300	valid_loss	50158.9555664
batch	11320	valid_loss	50261.1459961
batch	11340	valid_loss	50309.637207
batch	11360	valid_loss	50283.2729492
batch	11380	valid_loss	50221.2070312
batch	11400	valid_loss	50452.8535156
batch	11420	valid_loss	50433.2104492
batch	11440	valid_loss	50455.6142578
batch	11460	valid_loss	50529.8398438
batch	11480	valid_loss	50315.8417969
batch	11500	valid_loss	50247.0786133
batch	11520	valid_loss	50530.7114258
batch	11540	valid_loss	50149.6704102
batch	11560	valid_loss	50210.4194336
batch	11580	valid_loss	50166.2495117
batch	11600	valid_loss	50226.3100586
batch	11620	valid_loss	50242.1147461
batch	11640	valid_loss	50173.1157227
batch	11660	valid_loss	50437.8535156
batch	11680	valid_loss	50118.8813477
batch	11700	valid_loss	50426.1875
batch	11720	valid_loss	50488.4946289
batch	11740	valid_loss	50320.9521484
batch	11760	valid_loss	50535.2744141
batch	11780	valid_loss	50473.9555664
batch	11800	valid_loss	50134.5742188
batch	11820	valid_loss	50555.7236328
batch	11840	valid_loss	50398.3950195
batch	11860	valid_loss	50212.0039062
batch	11880	valid_loss	50185.5791016
batch	11900	valid_loss	50351.1435547
batch	11920	valid_loss	50238.7636719
batch	11940	valid_loss	50254.1591797
batch	11960	valid_loss	50128.965332
batch	11980	valid_loss	50418.8979492
batch	12000	valid_loss	50198.3764648
batch	12020	valid_loss	50427.5205078
batch	12040	valid_loss	50412.4282227
batch	12060	valid_loss	50431.3857422
batch	12080	valid_loss	50544.7836914
batch	12100	valid_loss	50468.2651367
batch	12120	valid_loss	50113.3710938
batch	12140	valid_loss	50531.1186523
batch	12160	valid_loss	50217.9848633
batch	12180	valid_loss	50179.9799805
batch	12200	valid_loss	50228.6157227
batch	12220	valid_loss	50315.8564453
batch	12240	valid_loss	50261.0585938
batch	12260	valid_loss	50243.7939453
batch	12280	valid_loss	50346.9238281
batch	12300	valid_loss	50151.9228516
batch	12320	valid_loss	50330.5249023
batch	12340	valid_loss	50451.425293
batch	12360	valid_loss	50406.5996094
batch	12380	valid_loss	50474.840332
batch	12400	valid_loss	50483.6469727
batch	12420	valid_loss	50210.2524414
batch	12440	valid_loss	50336.4550781
batch	12460	valid_loss	50451.246582
batch	12480	valid_loss	50136.3881836
batch	12500	valid_loss	50241.203125
batch	12520	valid_loss	50117.0805664
batch	12540	valid_loss	50175.2226562
batch	12560	valid_loss	50257.1782227
batch	12580	valid_loss	50176.7480469
batch	12600	valid_loss	50457.097168
batch	12620	valid_loss	50194.2851562
batch	12640	valid_loss	50369.8637695
batch	12660	valid_loss	50500.3652344
batch	12680	valid_loss	50360.3901367
batch	12700	valid_loss	50582.3725586
batch	12720	valid_loss	50451.1069336
batch	12740	valid_loss	50185.9521484
batch	12760	valid_loss	50614.4389648
batch	12780	valid_loss	50348.6899414
batch	12800	valid_loss	50178.1381836
batch	12820	valid_loss	50110.7363281
batch	12840	valid_loss	50329.7138672
batch	12860	valid_loss	50204.309082
batch	12880	valid_loss	50253.7895508
batch	12900	valid_loss	50289.1225586
batch	12920	valid_loss	50275.2602539
batch	12940	valid_loss	50235.1201172
batch	12960	valid_loss	50443.5019531
batch	12980	valid_loss	50394.4487305
batch	13000	valid_loss	50458.7431641
batch	13020	valid_loss	50550.8457031
batch	13040	valid_loss	50312.4223633
batch	13060	valid_loss	50229.0795898
batch	13080	valid_loss	50511.1806641
batch	13100	valid_loss	50170.5854492
batch	13120	valid_loss	50189.1044922
batch	13140	valid_loss	50152.3847656
batch	13160	valid_loss	50225.5625
batch	13180	valid_loss	50210.5698242
batch	13200	valid_loss	50197.9545898
batch	13220	valid_loss	50409.8637695
batch	13240	valid_loss	50104.1503906
batch	13260	valid_loss	50372.7524414
batch	13280	valid_loss	50522.7124023
batch	13300	valid_loss	50309.2573242
batch	13320	valid_loss	50509.847168
batch	13340	valid_loss	50419.7392578
batch	13360	valid_loss	50102.5341797
batch	13380	valid_loss	50474.3037109
batch	13400	valid_loss	50383.4628906
batch	13420	valid_loss	50166.0585938
batch	13440	valid_loss	50229.9487305
batch	13460	valid_loss	50305.9912109
batch	13480	valid_loss	50251.4291992
batch	13500	valid_loss	50239.2109375
batch	13520	valid_loss	50135.1992188
batch	13540	valid_loss	50372.8374023
batch	13560	valid_loss	50242.4804688
batch	13580	valid_loss	50446.0136719
batch	13600	valid_loss	50404.2250977
batch	13620	valid_loss	50427.4746094
batch	13640	valid_loss	50546.4995117
batch	13660	valid_loss	50372.3232422
batch	13680	valid_loss	50120.2480469
batch	13700	valid_loss	50509.8564453
batch	13720	valid_loss	50197.8842773
batch	13740	valid_loss	50158.4130859
batch	13760	valid_loss	50174.0883789
batch	13780	valid_loss	50261.0351562
batch	13800	valid_loss	50257.1669922
batch	13820	valid_loss	50277.7421875
batch	13840	valid_loss	50410.1240234
batch	13860	valid_loss	50162.7368164
batch	13880	valid_loss	50264.5737305
batch	13900	valid_loss	50376.6835938
batch	13920	valid_loss	50384.7587891
batch	13940	valid_loss	50435.6220703
batch	13960	valid_loss	50471.7695312
batch	13980	valid_loss	50194.0966797
batch	14000	valid_loss	50322.4013672
batch	14020	valid_loss	50475.2958984
batch	14040	valid_loss	50058.6230469
batch	14060	valid_loss	50235.1240234
batch	14080	valid_loss	50137.6337891
batch	14100	valid_loss	50126.5878906
batch	14120	valid_loss	50199.5371094
batch	14140	valid_loss	50170.2270508
batch	14160	valid_loss	50430.1855469
batch	14180	valid_loss	50096.6489258
batch	14200	valid_loss	50372.078125
batch	14220	valid_loss	50441.0405273
batch	14240	valid_loss	50342.5063477
batch	14260	valid_loss	50565.5693359
batch	14280	valid_loss	50418.0844727
batch	14300	valid_loss	50184.0107422
batch	14320	valid_loss	50549.6162109
batch	14340	valid_loss	50293.6665039
batch	14360	valid_loss	50181.078125
batch	14380	valid_loss	50144.425293
batch	14400	valid_loss	50313.1699219
batch	14420	valid_loss	50172.6435547
batch	14440	valid_loss	50234.7172852
batch	14460	valid_loss	50253.9003906
batch	14480	valid_loss	50209.828125
batch	14500	valid_loss	50211.300293
batch	14520	valid_loss	50410.2255859
batch	14540	valid_loss	50385.6025391
batch	14560	valid_loss	50446.3334961
batch	14580	valid_loss	50480.4384766
batch	14600	valid_loss	50338.3803711
batch	14620	valid_loss	50198.1772461
batch	14640	valid_loss	50466.6835938
batch	14660	valid_loss	50106.1357422
batch	14680	valid_loss	50186.7475586
batch	14700	valid_loss	50112.1640625
batch	14720	valid_loss	50173.6308594
batch	14740	valid_loss	50197.0981445
batch	14760	valid_loss	50178.0546875
batch	14780	valid_loss	50425.7529297
batch	14800	valid_loss	50152.0927734
batch	14820	valid_loss	50376.9868164
batch	14840	valid_loss	50449.0800781
batch	14860	valid_loss	50335.7363281
batch	14880	valid_loss	50519.7583008
batch	14900	valid_loss	50418.3818359
batch	14920	valid_loss	50117.0786133
batch	14940	valid_loss	50444.0639648
batch	14960	valid_loss	50395.9692383
batch	14980	valid_loss	50158.6103516
batch	15000	valid_loss	50203.1074219
batch	15020	valid_loss	50239.2807617
batch	15040	valid_loss	50215.9746094
batch	15060	valid_loss	50268.5644531
batch	15080	valid_loss	50174.5610352
batch	15100	valid_loss	50355.1367188
batch	15120	valid_loss	50168.2021484
batch	15140	valid_loss	50432.5131836
batch	15160	valid_loss	50434.8349609
batch	15180	valid_loss	50375.6318359
batch	15200	valid_loss	50539.0107422
batch	15220	valid_loss	50391.9995117
batch	15240	valid_loss	50075.703125
batch	15260	valid_loss	50526.5493164
batch	15280	valid_loss	50209.4667969
batch	15300	valid_loss	50169.7578125
batch	15320	valid_loss	50177.8339844
batch	15340	valid_loss	50259.0405273
batch	15360	valid_loss	50212.1044922
batch	15380	valid_loss	50252.2026367
batch	15400	valid_loss	50396.0170898
batch	15420	valid_loss	50128.609375
batch	15440	valid_loss	50297.0620117
batch	15460	valid_loss	50382.1147461
batch	15480	valid_loss	50345.3481445
batch	15500	valid_loss	50415.4038086
batch	15520	valid_loss	50442.7646484
batch	15540	valid_loss	50154.1884766
batch	15560	valid_loss	50362.6796875
batch	15580	valid_loss	50405.5087891
batch	15600	valid_loss	50072.3583984
batch	15620	valid_loss	50226.5537109
batch	15640	valid_loss	50125.7197266
batch	15660	valid_loss	50109.043457
batch	15680	valid_loss	50221.4902344
batch	15700	valid_loss	50105.887207
batch	15720	valid_loss	50364.3305664
batch	15740	valid_loss	50139.7597656
batch	15760	valid_loss	50390.2373047
batch	15780	valid_loss	50443.027832
batch	15800	valid_loss	50311.3286133
batch	15820	valid_loss	50584.8330078
batch	15840	valid_loss	50423.8666992
batch	15860	valid_loss	50118.7524414
batch	15880	valid_loss	50541.6015625
batch	15900	valid_loss	50271.9750977
batch	15920	valid_loss	50188.2329102
batch	15940	valid_loss	50129.0742188
batch	15960	valid_loss	50338.2861328
batch	15980	valid_loss	50171.4223633
batch	16000	valid_loss	50242.7983398
batch	16020	valid_loss	50303.956543
batch	16040	valid_loss	50218.8164062
batch	16060	valid_loss	50181.6206055
batch	16080	valid_loss	50448.8823242
batch	16100	valid_loss	50378.9658203
batch	16120	valid_loss	50461.6230469
batch	16140	valid_loss	50504.5517578
batch	16160	valid_loss	50298.7324219
batch	16180	valid_loss	50210.1171875
batch	16200	valid_loss	50439.7524414
batch	16220	valid_loss	50084.5727539
batch	16240	valid_loss	50172.7973633
batch	16260	valid_loss	50151.3349609
batch	16280	valid_loss	50245.6875
batch	16300	valid_loss	50218.7666016
batch	16320	valid_loss	50174.2734375
batch	16340	valid_loss	50406.6694336
batch	16360	valid_loss	50147.2573242
batch	16380	valid_loss	50376.0791016
batch	16400	valid_loss	50511.2192383
batch	16420	valid_loss	50339.5390625
batch	16440	valid_loss	50492.644043
batch	16460	valid_loss	50432.6240234
batch	16480	valid_loss	50120.0146484
batch	16500	valid_loss	50489.559082
batch	16520	valid_loss	50414.9599609
batch	16540	valid_loss	50120.9790039
batch	16560	valid_loss	50164.6601562
batch	16580	valid_loss	50283.4155273
batch	16600	valid_loss	50204.949707
batch	16620	valid_loss	50196.5214844
batch	16640	valid_loss	50128.5693359
batch	16660	valid_loss	50357.2866211
batch	16680	valid_loss	50202.0166016
batch	16700	valid_loss	50395.5161133
batch	16720	valid_loss	50383.6738281
batch	16740	valid_loss	50355.6420898
batch	16760	valid_loss	50471.940918
batch	16780	valid_loss	50382.8227539
batch	16800	valid_loss	50104.4941406
batch	16820	valid_loss	50505.7797852
batch	16840	valid_loss	50136.7211914
batch	16860	valid_loss	50166.6831055
batch	16880	valid_loss	50155.0024414
batch	16900	valid_loss	50281.9975586
batch	16920	valid_loss	50187.7495117
batch	16940	valid_loss	50241.1796875
batch	16960	valid_loss	50356.6186523
batch	16980	valid_loss	50144.7636719
batch	17000	valid_loss	50280.8549805
batch	17020	valid_loss	50419.0185547
batch	17040	valid_loss	50357.4833984
batch	17060	valid_loss	50431.3022461
batch	17080	valid_loss	50484.3901367
batch	17100	valid_loss	50194.5673828
batch	17120	valid_loss	50262.5390625
batch	17140	valid_loss	50437.4614258
batch	17160	valid_loss	50094.2929688
batch	17180	valid_loss	50178.9487305
batch	17200	valid_loss	50156.3178711
batch	17220	valid_loss	50105.6113281
batch	17240	valid_loss	50182.8823242
batch	17260	valid_loss	50125.9277344
batch	17280	valid_loss	50426.8935547
batch	17300	valid_loss	50135.425293
batch	17320	valid_loss	50329.487793
batch	17340	valid_loss	50445.7099609
batch	17360	valid_loss	50354.090332
batch	17380	valid_loss	50587.2060547
batch	17400	valid_loss	50414.8481445
batch	17420	valid_loss	50125.8022461
batch	17440	valid_loss	50563.234375
batch	17460	valid_loss	50324.8808594
batch	17480	valid_loss	50143.574707
batch	17500	valid_loss	50140.7241211
batch	17520	valid_loss	50287.425293
batch	17540	valid_loss	50155.9023438
batch	17560	valid_loss	50219.4736328
batch	17580	valid_loss	50267.0532227
batch	17600	valid_loss	50222.3916016
batch	17620	valid_loss	50145.1054688
batch	17640	valid_loss	50393.1025391
batch	17660	valid_loss	50389.5327148
batch	17680	valid_loss	50398.71875
batch	17700	valid_loss	50478.1796875
batch	17720	valid_loss	50275.6425781
batch	17740	valid_loss	50185.5703125
batch	17760	valid_loss	50461.0390625
batch	17780	valid_loss	50133.3535156
batch	17800	valid_loss	50219.0664062
batch	17820	valid_loss	50095.7929688
batch	17840	valid_loss	50191.6347656
batch	17860	valid_loss	50223.527832
batch	17880	valid_loss	50161.2939453
batch	17900	valid_loss	50387.4013672
batch	17920	valid_loss	50102.8623047
batch	17940	valid_loss	50358.4526367
batch	17960	valid_loss	50445.6992188
batch	17980	valid_loss	50307.190918
batch	18000	valid_loss	50464.4907227
batch	18020	valid_loss	50409.7280273
batch	18040	valid_loss	50128.8959961
batch	18060	valid_loss	50439.1992188
batch	18080	valid_loss	50385.9189453
batch	18100	valid_loss	50128.4248047
batch	18120	valid_loss	50159.7797852
batch	18140	valid_loss	50284.1289062
batch	18160	valid_loss	50163.6777344
batch	18180	valid_loss	50220.0917969
batch	18200	valid_loss	50135.0131836
batch	18220	valid_loss	50302.4335938
batch	18240	valid_loss	50189.1054688
batch	18260	valid_loss	50382.8740234
batch	18280	valid_loss	50406.5063477
batch	18300	valid_loss	50334.2192383
batch	18320	valid_loss	50533.5488281
batch	18340	valid_loss	50411.1176758
batch	18360	valid_loss	50098.6274414
batch	18380	valid_loss	50516.9272461
batch	18400	valid_loss	50197.6201172
batch	18420	valid_loss	50172.9921875
batch	18440	valid_loss	50154.7275391
batch	18460	valid_loss	50285.2539062
batch	18480	valid_loss	50196.7822266
batch	18500	valid_loss	50202.2871094
batch	18520	valid_loss	50352.5083008
batch	18540	valid_loss	50104.6977539
batch	18560	valid_loss	50297.3916016
batch	18580	valid_loss	50450.1494141
batch	18600	valid_loss	50320.324707
batch	18620	valid_loss	50389.0761719
batch	18640	valid_loss	50447.8383789
batch	18660	valid_loss	50185.2822266
batch	18680	valid_loss	50302.4555664
batch	18700	valid_loss	50412.4511719
batch	18720	valid_loss	50071.8813477
batch	18740	valid_loss	50169.6665039
batch	18760	valid_loss	50100.4150391
batch	18780	valid_loss	50111.8466797
batch	18800	valid_loss	50192.8823242
batch	18820	valid_loss	50147.2988281
batch	18840	valid_loss	50373.3295898
batch	18860	valid_loss	50094.1469727
batch	18880	valid_loss	50318.2299805
batch	18900	valid_loss	50412.1577148
batch	18920	valid_loss	50363.315918
batch	18940	valid_loss	50584.9248047
batch	18960	valid_loss	50412.690918
batch	18980	valid_loss	50134.5883789
batch	19000	valid_loss	50511.6030273
batch	19020	valid_loss	50280.1352539
batch	19040	valid_loss	50143.6650391
batch	19060	valid_loss	50149.8203125
batch	19080	valid_loss	50325.8305664
batch	19100	valid_loss	50138.7636719
batch	19120	valid_loss	50187.3803711
batch	19140	valid_loss	50253.0375977
batch	19160	valid_loss	50182.8618164
batch	19180	valid_loss	50141.7373047
batch	19200	valid_loss	50400.5351562
batch	19220	valid_loss	50380.8105469
batch	19240	valid_loss	50399.2822266
batch	19260	valid_loss	50451.3930664
batch	19280	valid_loss	50304.2998047
batch	19300	valid_loss	50167.5576172
batch	19320	valid_loss	50440.5932617
batch	19340	valid_loss	50098.0859375
batch	19360	valid_loss	50175.3710938
batch	19380	valid_loss	50105.7016602
batch	19400	valid_loss	50164.0732422
batch	19420	valid_loss	50199.4848633
batch	19440	valid_loss	50160.0576172
batch	19460	valid_loss	50420.4609375
batch	19480	valid_loss	50080.9863281
batch	19500	valid_loss	50327.8447266
batch	19520	valid_loss	50460.6826172
batch	19540	valid_loss	50300.9291992
batch	19560	valid_loss	50456.9453125
batch	19580	valid_loss	50402.3759766
batch	19600	valid_loss	50154.0366211
batch	19620	valid_loss	50442.0966797
batch	19640	valid_loss	50366.796875
batch	19660	valid_loss	50119.6811523
batch	19680	valid_loss	50144.2260742
batch	19700	valid_loss	50260.0166016
batch	19720	valid_loss	50180.6748047
batch	19740	valid_loss	50214.5014648
batch	19760	valid_loss	50114.7958984
batch	19780	valid_loss	50344.1601562
batch	19800	valid_loss	50124.9785156
batch	19820	valid_loss	50383.9541016
batch	19840	valid_loss	50430.2939453
batch	19860	valid_loss	50361.2241211
batch	19880	valid_loss	50528.1762695
batch	19900	valid_loss	50391.2216797
batch	19920	valid_loss	50048.4892578
batch	19940	valid_loss	50488.0419922
batch	19960	valid_loss	50178.8144531
batch	19980	valid_loss	50120.559082
batch	20000	valid_loss	50167.855957
batch	20020	valid_loss	50226.7670898
batch	20040	valid_loss	50169.6557617
batch	20060	valid_loss	50226.3657227
batch	20080	valid_loss	50378.3535156
batch	20100	valid_loss	50121.0932617
batch	20120	valid_loss	50306.2299805
batch	20140	valid_loss	50412.3706055
batch	20160	valid_loss	50347.4960938
batch	20180	valid_loss	50425.8276367
batch	20200	valid_loss	50447.6738281
batch	20220	valid_loss	50169.9956055
batch	20240	valid_loss	50331.4526367
batch	20260	valid_loss	50487.1298828
batch	20280	valid_loss	50125.1547852
batch	20300	valid_loss	50192.0493164
batch	20320	valid_loss	50118.7988281
batch	20340	valid_loss	50111.8662109
batch	20360	valid_loss	50209.1899414
batch	20380	valid_loss	50119.7451172
batch	20400	valid_loss	50394.9482422
batch	20420	valid_loss	50150.5551758
batch	20440	valid_loss	50338.3413086
batch	20460	valid_loss	50420.6743164
batch	20480	valid_loss	50276.3955078
batch	20500	valid_loss	50546.1386719
batch	20520	valid_loss	50421.5722656
batch	20540	valid_loss	50119.6904297
batch	20560	valid_loss	50555.7954102
batch	20580	valid_loss	50243.0761719
batch	20600	valid_loss	50190.8364258
batch	20620	valid_loss	50096.144043
batch	20640	valid_loss	50282.21875
batch	20660	valid_loss	50138.8266602
batch	20680	valid_loss	50216.3305664
batch	20700	valid_loss	50244.28125
batch	20720	valid_loss	50156.9213867
batch	20740	valid_loss	50198.9047852
batch	20760	valid_loss	50409.0258789
batch	20780	valid_loss	50402.1157227
batch	20800	valid_loss	50386.4741211
batch	20820	valid_loss	50445.8452148
batch	20840	valid_loss	50279.1342773
batch	20860	valid_loss	50170.0244141
batch	20880	valid_loss	50428.5258789
batch	20900	valid_loss	50114.3818359
batch	20920	valid_loss	50146.4331055
batch	20940	valid_loss	50132.7753906
batch	20960	valid_loss	50177.6918945
batch	20980	valid_loss	50135.605957
batch	21000	valid_loss	50171.6987305
batch	21020	valid_loss	50419.2270508
batch	21040	valid_loss	50089.3085938
batch	21060	valid_loss	50322.9829102
batch	21080	valid_loss	50454.5864258
batch	21100	valid_loss	50256.4379883
batch	21120	valid_loss	50473.9604492
batch	21140	valid_loss	50419.5820312
batch	21160	valid_loss	50086.0449219
batch	21180	valid_loss	50445.2485352
batch	21200	valid_loss	50340.3959961
batch	21220	valid_loss	50102.28125
batch	21240	valid_loss	50200.3598633
batch	21260	valid_loss	50241.862793
batch	21280	valid_loss	50203.5170898
batch	21300	valid_loss	50194.8779297
batch	21320	valid_loss	50089.7680664
batch	21340	valid_loss	50377.515625
batch	21360	valid_loss	50163.6723633
batch	21380	valid_loss	50388.8442383
batch	21400	valid_loss	50368.4897461
batch	21420	valid_loss	50353.5810547
batch	21440	valid_loss	50540.6386719
batch	21460	valid_loss	50403.7509766
batch	21480	valid_loss	50088.9794922
batch	21500	valid_loss	50471.5439453
batch	21520	valid_loss	50149.0244141
batch	21540	valid_loss	50095.9155273
batch	21560	valid_loss	50128.5717773
batch	21580	valid_loss	50223.6918945
batch	21600	valid_loss	50166.4262695
batch	21620	valid_loss	50192.1083984
batch	21640	valid_loss	50315.1611328
batch	21660	valid_loss	50105.2958984
batch	21680	valid_loss	50280.6655273
batch	21700	valid_loss	50417.730957
batch	21720	valid_loss	50329.203125
batch	21740	valid_loss	50383.4726562
batch	21760	valid_loss	50431.9477539
batch	21780	valid_loss	50125.105957
batch	21800	valid_loss	50304.7954102
batch	21820	valid_loss	50424.84375
batch	21840	valid_loss	50064.2387695
batch	21860	valid_loss	50189.5224609
batch	21880	valid_loss	50074.1181641
batch	21900	valid_loss	50118.7016602
batch	21920	valid_loss	50174.543457
batch	21940	valid_loss	50072.5151367
batch	21960	valid_loss	50401.0673828
batch	21980	valid_loss	50100.5634766
batch	22000	valid_loss	50306.0366211
batch	22020	valid_loss	50429.6762695
batch	22040	valid_loss	50339.5957031
batch	22060	valid_loss	50579.9345703
batch	22080	valid_loss	50434.7075195
batch	22100	valid_loss	50108.8916016
batch	22120	valid_loss	50507.0576172
batch	22140	valid_loss	50269.5507812
batch	22160	valid_loss	50141.0703125
batch	22180	valid_loss	50116.7705078
batch	22200	valid_loss	50291.362793
batch	22220	valid_loss	50173.7988281
batch	22240	valid_loss	50195.0224609
batch	22260	valid_loss	50232.3935547
batch	22280	valid_loss	50208.5078125
batch	22300	valid_loss	50156.7822266
batch	22320	valid_loss	50407.1982422
batch	22340	valid_loss	50369.1020508
batch	22360	valid_loss	50385.5292969
batch	22380	valid_loss	50484.0170898
batch	22400	valid_loss	50314.0610352
batch	22420	valid_loss	50168.2192383
batch	22440	valid_loss	50416.9106445
batch	22460	valid_loss	50052.0307617
batch	22480	valid_loss	50185.8764648
batch	22500	valid_loss	50107.5166016
batch	22520	valid_loss	50182.1357422
batch	22540	valid_loss	50162.3120117
batch	22560	valid_loss	50166.6962891
batch	22580	valid_loss	50429.605957
batch	22600	valid_loss	50132.8286133
batch	22620	valid_loss	50375.4492188
batch	22640	valid_loss	50439.2509766
batch	22660	valid_loss	50284.8632812
batch	22680	valid_loss	50458.6660156
batch	22700	valid_loss	50394.8613281
batch	22720	valid_loss	50139.5737305
batch	22740	valid_loss	50443.9213867
batch	22760	valid_loss	50303.9277344
batch	22780	valid_loss	50133.5131836
batch	22800	valid_loss	50146.6079102
batch	22820	valid_loss	50241.7729492
batch	22840	valid_loss	50151.8359375
batch	22860	valid_loss	50207.612793
batch	22880	valid_loss	50118.7719727
batch	22900	valid_loss	50350.8989258
batch	22920	valid_loss	50148.3188477
batch	22940	valid_loss	50385.9033203
batch	22960	valid_loss	50425.1635742
batch	22980	valid_loss	50357.4980469
batch	23000	valid_loss	50474.0361328
batch	23020	valid_loss	50382.6499023
batch	23040	valid_loss	50077.512207
batch	23060	valid_loss	50462.6479492
batch	23080	valid_loss	50136.9746094
batch	23100	valid_loss	50196.9770508
batch	23120	valid_loss	50147.9594727
batch	23140	valid_loss	50226.4643555
batch	23160	valid_loss	50188.3896484
batch	23180	valid_loss	50215.1665039
batch	23200	valid_loss	50292.8696289
batch	23220	valid_loss	50131.7202148
batch	23240	valid_loss	50284.472168
batch	23260	valid_loss	50407.3256836
batch	23280	valid_loss	50350.8041992
batch	23300	valid_loss	50429.1601562
batch	23320	valid_loss	50422.1230469
batch	23340	valid_loss	50128.4135742
batch	23360	valid_loss	50334.2827148
batch	23380	valid_loss	50425.7797852
batch	23400	valid_loss	50078.9848633
batch	23420	valid_loss	50186.315918
batch	23440	valid_loss	50100.9921875
batch	23460	valid_loss	50105.1269531
batch	23480	valid_loss	50209.8295898
batch	23500	valid_loss	50093.3457031
batch	23520	valid_loss	50370.1723633
batch	23540	valid_loss	50139.0024414
batch	23560	valid_loss	50355.7607422
batch	23580	valid_loss	50432.8105469
batch	23600	valid_loss	50302.3662109
batch	23620	valid_loss	50548.2978516
batch	23640	valid_loss	50411.0786133
batch	23660	valid_loss	50114.1313477
batch	23680	valid_loss	50487.8745117
batch	23700	valid_loss	50278.0341797
batch	23720	valid_loss	50090.7529297
batch	23740	valid_loss	50097.6894531
batch	23760	valid_loss	50293.2294922
batch	23780	valid_loss	50161.065918
batch	23800	valid_loss	50187.9838867
batch	23820	valid_loss	50252.097168
batch	23840	valid_loss	50206.5117188
batch	23860	valid_loss	50186.6196289
batch	23880	valid_loss	50402.0126953
batch	23900	valid_loss	50315.5024414
batch	23920	valid_loss	50350.1323242
batch	23940	valid_loss	50455.1948242
batch	23960	valid_loss	50276.8393555
batch	23980	valid_loss	50140.5092773
batch	24000	valid_loss	50411.0117188
batch	24020	valid_loss	50076.1635742
batch	24040	valid_loss	50139.8339844
batch	24060	valid_loss	50104.394043
batch	24080	valid_loss	50182.8500977
batch	24100	valid_loss	50180.140625
batch	24120	valid_loss	50129.671875
batch	24140	valid_loss	50376.6303711
batch	24160	valid_loss	50127.2841797
batch	24180	valid_loss	50356.3100586
batch	24200	valid_loss	50444.2324219
batch	24220	valid_loss	50286.5727539
batch	24240	valid_loss	50483.2236328
batch	24260	valid_loss	50434.8818359
batch	24280	valid_loss	50084.3623047
batch	24300	valid_loss	50442.2919922
batch	24320	valid_loss	50379.0683594
batch	24340	valid_loss	50099.7983398
batch	24360	valid_loss	50157.7138672
batch	24380	valid_loss	50246.6708984
batch	24400	valid_loss	50169.7807617
batch	24420	valid_loss	50174.284668
batch	24440	valid_loss	50067.4477539
batch	24460	valid_loss	50292.8417969
batch	24480	valid_loss	50177.112793
batch	24500	valid_loss	50389.5185547
batch	24520	valid_loss	50374.2441406
batch	24540	valid_loss	50342.2514648
batch	24560	valid_loss	50500.1044922
batch	24580	valid_loss	50347.8515625
batch	24600	valid_loss	50080.3515625
batch	24620	valid_loss	50501.03125
batch	24640	valid_loss	50189.762207
batch	24660	valid_loss	50130.8105469
batch	24680	valid_loss	50121.6972656
batch	24700	valid_loss	50229.796875
batch	24720	valid_loss	50189.6503906
batch	24740	valid_loss	50188.8979492
batch	24760	valid_loss	50384.9667969
batch	24780	valid_loss	50141.7578125
batch	24800	valid_loss	50241.8984375
batch	24820	valid_loss	50407.6645508
batch	24840	valid_loss	50333.793457
batch	24860	valid_loss	50377.4023438
batch	24880	valid_loss	50466.2568359
batch	24900	valid_loss	50132.4208984
batch	24920	valid_loss	50325.7104492
batch	24940	valid_loss	50386.515625
batch	24960	valid_loss	50068.9477539
batch	24980	valid_loss	50179.9023438
STOP
START
config	500	960
batch	0	valid_loss	175913.865234
batch	20	valid_loss	120282.961914
batch	40	valid_loss	111092.760742
batch	60	valid_loss	105975.295898
batch	80	valid_loss	101699.782227
batch	100	valid_loss	97584.8652344
batch	120	valid_loss	93699.4091797
batch	140	valid_loss	89876.7905273
batch	160	valid_loss	86331.9287109
batch	180	valid_loss	82874.4067383
batch	200	valid_loss	79620.6494141
batch	220	valid_loss	76777.3115234
batch	240	valid_loss	74299.4355469
batch	260	valid_loss	71955.8085938
batch	280	valid_loss	70094.3076172
batch	300	valid_loss	68209.6181641
batch	320	valid_loss	66662.5073242
batch	340	valid_loss	65289.7275391
batch	360	valid_loss	64190.5683594
batch	380	valid_loss	63041.8632812
batch	400	valid_loss	62200.7368164
batch	420	valid_loss	61391.9921875
batch	440	valid_loss	60627.6088867
batch	460	valid_loss	59952.1757812
batch	480	valid_loss	59451.4511719
batch	500	valid_loss	58869.9335938
batch	520	valid_loss	58382.7890625
batch	540	valid_loss	58058.6118164
batch	560	valid_loss	57466.4545898
batch	580	valid_loss	57007.21875
batch	600	valid_loss	56910.8652344
batch	620	valid_loss	56289.8505859
batch	640	valid_loss	56059.1762695
batch	660	valid_loss	55775.8969727
batch	680	valid_loss	55488.671875
batch	700	valid_loss	55231.8178711
batch	720	valid_loss	54970.6928711
batch	740	valid_loss	54926.4208984
batch	760	valid_loss	54564.3876953
batch	780	valid_loss	54528.2109375
batch	800	valid_loss	54401.1567383
batch	820	valid_loss	54181.9321289
batch	840	valid_loss	54198.6274414
batch	860	valid_loss	54035.362793
batch	880	valid_loss	53669.3652344
batch	900	valid_loss	53794.4853516
batch	920	valid_loss	53679.3671875
batch	940	valid_loss	53389.3168945
batch	960	valid_loss	53336.0527344
batch	980	valid_loss	53254.9067383
batch	1000	valid_loss	53113.125
batch	1020	valid_loss	53077.7617188
batch	1040	valid_loss	52887.9819336
batch	1060	valid_loss	53072.215332
batch	1080	valid_loss	52813.2128906
batch	1100	valid_loss	52889.293457
batch	1120	valid_loss	52863.5776367
batch	1140	valid_loss	52807.5703125
batch	1160	valid_loss	52808.0288086
batch	1180	valid_loss	52668.4887695
batch	1200	valid_loss	52448.0107422
batch	1220	valid_loss	52721.5400391
batch	1240	valid_loss	52384.4594727
batch	1260	valid_loss	52358.434082
batch	1280	valid_loss	52385.2558594
batch	1300	valid_loss	52283.0043945
batch	1320	valid_loss	52190.2871094
batch	1340	valid_loss	52155.215332
batch	1360	valid_loss	52244.9389648
batch	1380	valid_loss	52047.4077148
batch	1400	valid_loss	52161.3608398
batch	1420	valid_loss	52190.4262695
batch	1440	valid_loss	52113.3979492
batch	1460	valid_loss	52145.5083008
batch	1480	valid_loss	52131.0639648
batch	1500	valid_loss	51850.0102539
batch	1520	valid_loss	51955.5336914
batch	1540	valid_loss	52072.8129883
batch	1560	valid_loss	51768.2211914
batch	1580	valid_loss	51825.1416016
batch	1600	valid_loss	51733.1943359
batch	1620	valid_loss	51649.6650391
batch	1640	valid_loss	51731.9072266
batch	1660	valid_loss	51572.4541016
batch	1680	valid_loss	51824.6831055
batch	1700	valid_loss	51554.2636719
batch	1720	valid_loss	51686.9858398
batch	1740	valid_loss	51831.2451172
batch	1760	valid_loss	51732.1938477
batch	1780	valid_loss	51841.9902344
batch	1800	valid_loss	51702.894043
batch	1820	valid_loss	51484.0737305
batch	1840	valid_loss	51786.8168945
batch	1860	valid_loss	51553.3764648
batch	1880	valid_loss	51492.8764648
batch	1900	valid_loss	51427.4140625
batch	1920	valid_loss	51514.0996094
batch	1940	valid_loss	51360.1875
batch	1960	valid_loss	51392.5732422
batch	1980	valid_loss	51482.7773438
batch	2000	valid_loss	51357.1621094
batch	2020	valid_loss	51294.3979492
batch	2040	valid_loss	51481.8876953
batch	2060	valid_loss	51478.5849609
batch	2080	valid_loss	51476.0249023
batch	2100	valid_loss	51537.0595703
batch	2120	valid_loss	51339.7573242
batch	2140	valid_loss	51246.7714844
batch	2160	valid_loss	51439.671875
batch	2180	valid_loss	51157.9951172
batch	2200	valid_loss	51259.0664062
batch	2220	valid_loss	51169.3354492
batch	2240	valid_loss	51225.9663086
batch	2260	valid_loss	51198.4477539
batch	2280	valid_loss	51139.7705078
batch	2300	valid_loss	51350.0419922
batch	2320	valid_loss	51070.8208008
batch	2340	valid_loss	51272.3950195
batch	2360	valid_loss	51314.5239258
batch	2380	valid_loss	51211.2456055
batch	2400	valid_loss	51361.3276367
batch	2420	valid_loss	51318.3740234
batch	2440	valid_loss	50988.4199219
batch	2460	valid_loss	51313.2578125
batch	2480	valid_loss	51263.8925781
batch	2500	valid_loss	50988.0454102
batch	2520	valid_loss	51037.2910156
batch	2540	valid_loss	51098.4829102
batch	2560	valid_loss	51001.9482422
batch	2580	valid_loss	51038.6274414
batch	2600	valid_loss	50952.0703125
batch	2620	valid_loss	51143.0639648
batch	2640	valid_loss	50962.9091797
batch	2660	valid_loss	51156.6855469
batch	2680	valid_loss	51124.3330078
batch	2700	valid_loss	51168.9174805
batch	2720	valid_loss	51219.8828125
batch	2740	valid_loss	51100.1625977
batch	2760	valid_loss	50900.7080078
batch	2780	valid_loss	51208.2900391
batch	2800	valid_loss	50909.8862305
batch	2820	valid_loss	50899.7548828
batch	2840	valid_loss	50924.7695312
batch	2860	valid_loss	50995.894043
batch	2880	valid_loss	50910.0620117
batch	2900	valid_loss	50878.9199219
batch	2920	valid_loss	51049.140625
batch	2940	valid_loss	50813.0058594
batch	2960	valid_loss	51004.0932617
batch	2980	valid_loss	51037.5205078
batch	3000	valid_loss	50992.9355469
batch	3020	valid_loss	51053.8051758
batch	3040	valid_loss	51085.9272461
batch	3060	valid_loss	50826.7114258
batch	3080	valid_loss	50984.5234375
batch	3100	valid_loss	51080.1704102
batch	3120	valid_loss	50742.0708008
batch	3140	valid_loss	50854.6889648
batch	3160	valid_loss	50784.1420898
batch	3180	valid_loss	50770.0048828
batch	3200	valid_loss	50791.6118164
batch	3220	valid_loss	50709.5097656
batch	3240	valid_loss	50988.0458984
batch	3260	valid_loss	50759.4145508
batch	3280	valid_loss	50910.7363281
batch	3300	valid_loss	50962.4003906
batch	3320	valid_loss	50908.5776367
batch	3340	valid_loss	51078.5605469
batch	3360	valid_loss	50993.9208984
batch	3380	valid_loss	50688.3217773
batch	3400	valid_loss	51029.2939453
batch	3420	valid_loss	50809.5249023
batch	3440	valid_loss	50742.3540039
batch	3460	valid_loss	50635.765625
batch	3480	valid_loss	50873.3530273
batch	3500	valid_loss	50709.3085938
batch	3520	valid_loss	50670.8530273
batch	3540	valid_loss	50738.7236328
batch	3560	valid_loss	50724.7568359
batch	3580	valid_loss	50692.3916016
batch	3600	valid_loss	50917.3984375
batch	3620	valid_loss	50883.6152344
batch	3640	valid_loss	50943.1791992
batch	3660	valid_loss	50940.9482422
batch	3680	valid_loss	50769.2949219
batch	3700	valid_loss	50672.8828125
batch	3720	valid_loss	50935.284668
batch	3740	valid_loss	50609.5463867
batch	3760	valid_loss	50671.0019531
batch	3780	valid_loss	50574.1459961
batch	3800	valid_loss	50649.0004883
batch	3820	valid_loss	50657.9277344
batch	3840	valid_loss	50599.7231445
batch	3860	valid_loss	50878.1162109
batch	3880	valid_loss	50573.8300781
batch	3900	valid_loss	50811.5205078
batch	3920	valid_loss	50867.2470703
batch	3940	valid_loss	50782.6728516
batch	3960	valid_loss	50909.012207
batch	3980	valid_loss	50850.0698242
batch	4000	valid_loss	50559.6757812
batch	4020	valid_loss	50853.3842773
batch	4040	valid_loss	50804.0263672
batch	4060	valid_loss	50580.5268555
batch	4080	valid_loss	50603.7495117
batch	4100	valid_loss	50639.6152344
batch	4120	valid_loss	50616.1953125
batch	4140	valid_loss	50645.5649414
batch	4160	valid_loss	50506.0332031
batch	4180	valid_loss	50685.8686523
batch	4200	valid_loss	50555.7553711
batch	4220	valid_loss	50780.3461914
batch	4240	valid_loss	50756.8540039
batch	4260	valid_loss	50806.8725586
batch	4280	valid_loss	50849.3833008
batch	4300	valid_loss	50717.7207031
batch	4320	valid_loss	50468.2324219
batch	4340	valid_loss	50893.4174805
batch	4360	valid_loss	50558.9892578
batch	4380	valid_loss	50546.3256836
batch	4400	valid_loss	50512.3833008
batch	4420	valid_loss	50594.2607422
batch	4440	valid_loss	50615.7944336
batch	4460	valid_loss	50576.9150391
batch	4480	valid_loss	50736.8549805
batch	4500	valid_loss	50489.4682617
batch	4520	valid_loss	50646.3339844
batch	4540	valid_loss	50776.2998047
batch	4560	valid_loss	50722.9204102
batch	4580	valid_loss	50774.8242188
batch	4600	valid_loss	50787.4873047
batch	4620	valid_loss	50537.1069336
batch	4640	valid_loss	50624.4418945
batch	4660	valid_loss	50674.4848633
batch	4680	valid_loss	50397.0058594
batch	4700	valid_loss	50509.0664062
batch	4720	valid_loss	50428.4458008
batch	4740	valid_loss	50491.0454102
batch	4760	valid_loss	50529.6044922
batch	4780	valid_loss	50419.237793
batch	4800	valid_loss	50690.9140625
batch	4820	valid_loss	50396.2880859
batch	4840	valid_loss	50594.9194336
batch	4860	valid_loss	50723.2182617
batch	4880	valid_loss	50606.7329102
batch	4900	valid_loss	50822.7563477
batch	4920	valid_loss	50703.4887695
batch	4940	valid_loss	50392.0922852
batch	4960	valid_loss	50814.6264648
batch	4980	valid_loss	50539.4458008
batch	5000	valid_loss	50457.2583008
batch	5020	valid_loss	50422.7880859
batch	5040	valid_loss	50632.0546875
batch	5060	valid_loss	50445.2280273
batch	5080	valid_loss	50501.9711914
batch	5100	valid_loss	50538.9375
batch	5120	valid_loss	50491.5170898
batch	5140	valid_loss	50462.6645508
batch	5160	valid_loss	50669.3027344
batch	5180	valid_loss	50638.6835938
batch	5200	valid_loss	50652.7651367
batch	5220	valid_loss	50720.5620117
batch	5240	valid_loss	50594.5883789
batch	5260	valid_loss	50438.6225586
batch	5280	valid_loss	50657.1425781
batch	5300	valid_loss	50365.8481445
batch	5320	valid_loss	50406.2421875
batch	5340	valid_loss	50382.9853516
batch	5360	valid_loss	50446.5053711
batch	5380	valid_loss	50409.0786133
batch	5400	valid_loss	50381.2290039
batch	5420	valid_loss	50617.0356445
batch	5440	valid_loss	50344.9267578
batch	5460	valid_loss	50586.2963867
batch	5480	valid_loss	50694.1425781
batch	5500	valid_loss	50539.1425781
batch	5520	valid_loss	50729.7963867
batch	5540	valid_loss	50621.7099609
batch	5560	valid_loss	50363.59375
batch	5580	valid_loss	50687.6582031
batch	5600	valid_loss	50592.7807617
batch	5620	valid_loss	50439.8657227
batch	5640	valid_loss	50423.7993164
batch	5660	valid_loss	50516.8305664
batch	5680	valid_loss	50424.7353516
batch	5700	valid_loss	50444.8920898
batch	5720	valid_loss	50373.5239258
batch	5740	valid_loss	50572.5952148
batch	5760	valid_loss	50385.1630859
batch	5780	valid_loss	50601.4536133
batch	5800	valid_loss	50606.7587891
batch	5820	valid_loss	50581.6669922
batch	5840	valid_loss	50736.2392578
batch	5860	valid_loss	50564.7490234
batch	5880	valid_loss	50264.4472656
batch	5900	valid_loss	50698.6552734
batch	5920	valid_loss	50366.3349609
batch	5940	valid_loss	50416.8330078
batch	5960	valid_loss	50404.690918
batch	5980	valid_loss	50460.3115234
batch	6000	valid_loss	50388.15625
batch	6020	valid_loss	50442.1669922
batch	6040	valid_loss	50582.5644531
batch	6060	valid_loss	50305.5444336
batch	6080	valid_loss	50474.5527344
batch	6100	valid_loss	50555.1899414
batch	6120	valid_loss	50539.5170898
batch	6140	valid_loss	50589.3808594
batch	6160	valid_loss	50611.5996094
batch	6180	valid_loss	50362.387207
batch	6200	valid_loss	50497.1025391
batch	6220	valid_loss	50604.1523438
batch	6240	valid_loss	50273.3730469
batch	6260	valid_loss	50386.5478516
batch	6280	valid_loss	50332.3989258
batch	6300	valid_loss	50326.2324219
batch	6320	valid_loss	50342.409668
batch	6340	valid_loss	50292.1157227
batch	6360	valid_loss	50556.4306641
batch	6380	valid_loss	50282.5068359
batch	6400	valid_loss	50571.8447266
batch	6420	valid_loss	50639.5546875
batch	6440	valid_loss	50502.0615234
batch	6460	valid_loss	50711.2768555
batch	6480	valid_loss	50595.6264648
batch	6500	valid_loss	50253.4394531
batch	6520	valid_loss	50677.8261719
batch	6540	valid_loss	50442.5332031
batch	6560	valid_loss	50348.6958008
batch	6580	valid_loss	50317.6318359
batch	6600	valid_loss	50427.3803711
batch	6620	valid_loss	50301.6386719
batch	6640	valid_loss	50328.3588867
batch	6660	valid_loss	50411.871582
batch	6680	valid_loss	50376.2133789
batch	6700	valid_loss	50398.1015625
batch	6720	valid_loss	50544.3647461
batch	6740	valid_loss	50555.2563477
batch	6760	valid_loss	50598.7988281
batch	6780	valid_loss	50650.0551758
batch	6800	valid_loss	50421.4838867
batch	6820	valid_loss	50345.1801758
batch	6840	valid_loss	50535.6650391
batch	6860	valid_loss	50272.3217773
batch	6880	valid_loss	50346.715332
batch	6900	valid_loss	50294.1518555
batch	6920	valid_loss	50298.3388672
batch	6940	valid_loss	50353.8417969
batch	6960	valid_loss	50332.6733398
batch	6980	valid_loss	50510.9716797
batch	7000	valid_loss	50283.8544922
batch	7020	valid_loss	50522.1186523
batch	7040	valid_loss	50581.40625
batch	7060	valid_loss	50404.0258789
batch	7080	valid_loss	50586.0874023
batch	7100	valid_loss	50590.2641602
batch	7120	valid_loss	50274.2114258
batch	7140	valid_loss	50604.7109375
batch	7160	valid_loss	50495.4013672
batch	7180	valid_loss	50244.6118164
batch	7200	valid_loss	50313.5341797
batch	7220	valid_loss	50444.5581055
batch	7240	valid_loss	50306.0151367
batch	7260	valid_loss	50357.5664062
batch	7280	valid_loss	50262.1645508
batch	7300	valid_loss	50478.2348633
batch	7320	valid_loss	50288.934082
batch	7340	valid_loss	50543.3461914
batch	7360	valid_loss	50517.4125977
batch	7380	valid_loss	50446.2988281
batch	7400	valid_loss	50589.3833008
batch	7420	valid_loss	50519.9638672
batch	7440	valid_loss	50263.6518555
batch	7460	valid_loss	50607.0146484
batch	7480	valid_loss	50282.4711914
batch	7500	valid_loss	50303.8325195
batch	7520	valid_loss	50345.8242188
batch	7540	valid_loss	50343.8569336
batch	7560	valid_loss	50309.8618164
batch	7580	valid_loss	50358.6987305
batch	7600	valid_loss	50489.3100586
batch	7620	valid_loss	50221.0483398
batch	7640	valid_loss	50386.831543
batch	7660	valid_loss	50511.1621094
batch	7680	valid_loss	50517.4101562
batch	7700	valid_loss	50539.9521484
batch	7720	valid_loss	50547.9716797
batch	7740	valid_loss	50292.4384766
batch	7760	valid_loss	50423.8901367
batch	7780	valid_loss	50593.4296875
batch	7800	valid_loss	50215.6870117
batch	7820	valid_loss	50289.0458984
batch	7840	valid_loss	50219.7783203
batch	7860	valid_loss	50218.3154297
batch	7880	valid_loss	50341.1894531
batch	7900	valid_loss	50219.1367188
batch	7920	valid_loss	50498.1860352
batch	7940	valid_loss	50211.9658203
batch	7960	valid_loss	50449.0239258
batch	7980	valid_loss	50521.3164062
batch	8000	valid_loss	50454.3994141
batch	8020	valid_loss	50593.7563477
batch	8040	valid_loss	50531.34375
batch	8060	valid_loss	50220.128418
batch	8080	valid_loss	50629.9487305
batch	8100	valid_loss	50369.4287109
batch	8120	valid_loss	50261.1401367
batch	8140	valid_loss	50232.4873047
batch	8160	valid_loss	50420.703125
batch	8180	valid_loss	50265.3867188
batch	8200	valid_loss	50292.3237305
batch	8220	valid_loss	50344.7827148
batch	8240	valid_loss	50330.8803711
batch	8260	valid_loss	50263.5664062
batch	8280	valid_loss	50486.2026367
batch	8300	valid_loss	50475.8374023
batch	8320	valid_loss	50515.1918945
batch	8340	valid_loss	50589.2250977
batch	8360	valid_loss	50348.1064453
batch	8380	valid_loss	50312.4926758
batch	8400	valid_loss	50543.9985352
batch	8420	valid_loss	50209.659668
batch	8440	valid_loss	50302.1025391
batch	8460	valid_loss	50202.4887695
batch	8480	valid_loss	50323.800293
batch	8500	valid_loss	50336.3393555
batch	8520	valid_loss	50250.8671875
batch	8540	valid_loss	50512.9477539
batch	8560	valid_loss	50212.0996094
batch	8580	valid_loss	50442.1669922
batch	8600	valid_loss	50497.1279297
batch	8620	valid_loss	50418.1298828
batch	8640	valid_loss	50533.0761719
batch	8660	valid_loss	50502.6044922
batch	8680	valid_loss	50206.5146484
batch	8700	valid_loss	50548.4389648
batch	8720	valid_loss	50473.0600586
batch	8740	valid_loss	50211.2246094
batch	8760	valid_loss	50307.293457
batch	8780	valid_loss	50343.5722656
batch	8800	valid_loss	50258.8022461
batch	8820	valid_loss	50288.8032227
batch	8840	valid_loss	50184.5849609
batch	8860	valid_loss	50475.5029297
batch	8880	valid_loss	50258.71875
batch	8900	valid_loss	50439.0576172
batch	8920	valid_loss	50418.8222656
batch	8940	valid_loss	50490.6274414
batch	8960	valid_loss	50563.2856445
batch	8980	valid_loss	50444.8925781
batch	9000	valid_loss	50183.6723633
batch	9020	valid_loss	50606.7724609
batch	9040	valid_loss	50246.0375977
batch	9060	valid_loss	50300.8837891
batch	9080	valid_loss	50286.8896484
batch	9100	valid_loss	50317.5107422
batch	9120	valid_loss	50229.0986328
batch	9140	valid_loss	50296.7695312
batch	9160	valid_loss	50415.6308594
batch	9180	valid_loss	50250.8232422
batch	9200	valid_loss	50352.1982422
batch	9220	valid_loss	50455.6254883
batch	9240	valid_loss	50424.9033203
batch	9260	valid_loss	50522.2553711
batch	9280	valid_loss	50521.78125
batch	9300	valid_loss	50230.1152344
batch	9320	valid_loss	50444.2758789
batch	9340	valid_loss	50518.7158203
batch	9360	valid_loss	50170.8359375
batch	9380	valid_loss	50270.0244141
batch	9400	valid_loss	50184.3305664
batch	9420	valid_loss	50196.3095703
batch	9440	valid_loss	50278.5478516
batch	9460	valid_loss	50176.0771484
batch	9480	valid_loss	50428.3911133
batch	9500	valid_loss	50213.6791992
batch	9520	valid_loss	50453.2133789
batch	9540	valid_loss	50488.3935547
batch	9560	valid_loss	50392.7426758
batch	9580	valid_loss	50586.4335938
batch	9600	valid_loss	50474.046875
batch	9620	valid_loss	50170.6738281
batch	9640	valid_loss	50552.6972656
batch	9660	valid_loss	50347.1606445
batch	9680	valid_loss	50216.5449219
batch	9700	valid_loss	50169.8544922
batch	9720	valid_loss	50417.1572266
batch	9740	valid_loss	50219.6469727
batch	9760	valid_loss	50289.3452148
batch	9780	valid_loss	50330.7729492
batch	9800	valid_loss	50255.4814453
batch	9820	valid_loss	50258.6948242
batch	9840	valid_loss	50484.5703125
batch	9860	valid_loss	50453.5615234
batch	9880	valid_loss	50475.0253906
batch	9900	valid_loss	50556.0571289
batch	9920	valid_loss	50365.5786133
batch	9940	valid_loss	50246.7875977
batch	9960	valid_loss	50528.9462891
batch	9980	valid_loss	50196.3481445
batch	10000	valid_loss	50253.5258789
batch	10020	valid_loss	50150.1630859
batch	10040	valid_loss	50268.0551758
batch	10060	valid_loss	50237.8203125
batch	10080	valid_loss	50231.2163086
batch	10100	valid_loss	50488.0771484
batch	10120	valid_loss	50208.6030273
batch	10140	valid_loss	50423.9013672
batch	10160	valid_loss	50558.8115234
batch	10180	valid_loss	50359.1699219
batch	10200	valid_loss	50522.9575195
batch	10220	valid_loss	50452.1025391
batch	10240	valid_loss	50150.7084961
batch	10260	valid_loss	50489.6513672
batch	10280	valid_loss	50437.5175781
batch	10300	valid_loss	50177.6635742
batch	10320	valid_loss	50281.5639648
batch	10340	valid_loss	50294.2641602
batch	10360	valid_loss	50222.5185547
batch	10380	valid_loss	50252.3442383
batch	10400	valid_loss	50176.9331055
batch	10420	valid_loss	50421.2158203
batch	10440	valid_loss	50184.1777344
batch	10460	valid_loss	50470.8344727
batch	10480	valid_loss	50428.5712891
batch	10500	valid_loss	50444.8930664
batch	10520	valid_loss	50554.387207
batch	10540	valid_loss	50449.7016602
batch	10560	valid_loss	50172.6689453
batch	10580	valid_loss	50516.5927734
batch	10600	valid_loss	50190.5830078
batch	10620	valid_loss	50211.8950195
batch	10640	valid_loss	50274.2851562
batch	10660	valid_loss	50285.8310547
batch	10680	valid_loss	50221.5170898
batch	10700	valid_loss	50243.1367188
batch	10720	valid_loss	50420.6704102
batch	10740	valid_loss	50190.5532227
batch	10760	valid_loss	50347.7446289
batch	10780	valid_loss	50468.65625
batch	10800	valid_loss	50451.6899414
batch	10820	valid_loss	50481.8901367
batch	10840	valid_loss	50513.6679688
batch	10860	valid_loss	50208.015625
batch	10880	valid_loss	50341.5112305
batch	10900	valid_loss	50435.1269531
batch	10920	valid_loss	50146.9355469
batch	10940	valid_loss	50240.5297852
batch	10960	valid_loss	50181.1860352
batch	10980	valid_loss	50136.8022461
batch	11000	valid_loss	50259.5996094
batch	11020	valid_loss	50196.7084961
batch	11040	valid_loss	50420.8354492
batch	11060	valid_loss	50148.5366211
batch	11080	valid_loss	50364.0380859
batch	11100	valid_loss	50462.0620117
batch	11120	valid_loss	50394.737793
batch	11140	valid_loss	50569.0195312
batch	11160	valid_loss	50489.3520508
batch	11180	valid_loss	50198.6552734
batch	11200	valid_loss	50550.6381836
batch	11220	valid_loss	50303.9511719
batch	11240	valid_loss	50180.456543
batch	11260	valid_loss	50152.9501953
batch	11280	valid_loss	50336.7612305
batch	11300	valid_loss	50198.640625
batch	11320	valid_loss	50272.4414062
batch	11340	valid_loss	50292.0253906
batch	11360	valid_loss	50272.512207
batch	11380	valid_loss	50213.7807617
batch	11400	valid_loss	50437.1064453
batch	11420	valid_loss	50405.8583984
batch	11440	valid_loss	50453.4697266
batch	11460	valid_loss	50506.6494141
batch	11480	valid_loss	50359.2290039
batch	11500	valid_loss	50242.8642578
batch	11520	valid_loss	50483.8422852
batch	11540	valid_loss	50115.2207031
batch	11560	valid_loss	50236.4975586
batch	11580	valid_loss	50155.7783203
batch	11600	valid_loss	50239.1162109
batch	11620	valid_loss	50217.5751953
batch	11640	valid_loss	50212.2456055
batch	11660	valid_loss	50432.8051758
batch	11680	valid_loss	50128.8701172
batch	11700	valid_loss	50396.3676758
batch	11720	valid_loss	50540.0834961
batch	11740	valid_loss	50332.3818359
batch	11760	valid_loss	50501.8413086
batch	11780	valid_loss	50450.8725586
batch	11800	valid_loss	50161.4970703
batch	11820	valid_loss	50456.2802734
batch	11840	valid_loss	50420.8950195
batch	11860	valid_loss	50148.3291016
batch	11880	valid_loss	50189.293457
batch	11900	valid_loss	50294.9677734
batch	11920	valid_loss	50228.8828125
batch	11940	valid_loss	50234.8710938
batch	11960	valid_loss	50136.2036133
batch	11980	valid_loss	50357.953125
batch	12000	valid_loss	50174.809082
batch	12020	valid_loss	50414.7636719
batch	12040	valid_loss	50414.621582
batch	12060	valid_loss	50417.7495117
batch	12080	valid_loss	50489.875
batch	12100	valid_loss	50425.7724609
batch	12120	valid_loss	50164.4990234
batch	12140	valid_loss	50531.8344727
batch	12160	valid_loss	50191.75
batch	12180	valid_loss	50194.265625
batch	12200	valid_loss	50202.7080078
batch	12220	valid_loss	50267.1005859
batch	12240	valid_loss	50218.800293
batch	12260	valid_loss	50252.2875977
batch	12280	valid_loss	50374.5136719
batch	12300	valid_loss	50126.434082
batch	12320	valid_loss	50276.2192383
batch	12340	valid_loss	50442.378418
batch	12360	valid_loss	50403.5727539
batch	12380	valid_loss	50433.0864258
batch	12400	valid_loss	50478.184082
batch	12420	valid_loss	50158.46875
batch	12440	valid_loss	50372.7900391
batch	12460	valid_loss	50451.7773438
batch	12480	valid_loss	50151.7856445
batch	12500	valid_loss	50227.5068359
batch	12520	valid_loss	50117.2070312
batch	12540	valid_loss	50136.5488281
batch	12560	valid_loss	50220.1162109
batch	12580	valid_loss	50091.4868164
batch	12600	valid_loss	50386.222168
batch	12620	valid_loss	50130.6494141
batch	12640	valid_loss	50341.2817383
batch	12660	valid_loss	50436.328125
batch	12680	valid_loss	50324.2695312
batch	12700	valid_loss	50554.0263672
batch	12720	valid_loss	50399.4077148
batch	12740	valid_loss	50166.2519531
batch	12760	valid_loss	50560.5048828
batch	12780	valid_loss	50270.8374023
batch	12800	valid_loss	50142.5703125
batch	12820	valid_loss	50151.9116211
batch	12840	valid_loss	50325.159668
batch	12860	valid_loss	50191.5507812
batch	12880	valid_loss	50234.7587891
batch	12900	valid_loss	50275.6240234
batch	12920	valid_loss	50222.3339844
batch	12940	valid_loss	50160.2719727
batch	12960	valid_loss	50421.7373047
batch	12980	valid_loss	50421.3867188
batch	13000	valid_loss	50429.9248047
batch	13020	valid_loss	50498.0756836
batch	13040	valid_loss	50307.9902344
batch	13060	valid_loss	50201.5893555
batch	13080	valid_loss	50467.0463867
batch	13100	valid_loss	50104.1552734
batch	13120	valid_loss	50198.3686523
batch	13140	valid_loss	50111.7944336
batch	13160	valid_loss	50220.5249023
batch	13180	valid_loss	50283.3842773
batch	13200	valid_loss	50200.7207031
batch	13220	valid_loss	50405.1220703
batch	13240	valid_loss	50094.5073242
batch	13260	valid_loss	50349.1577148
batch	13280	valid_loss	50464.8964844
batch	13300	valid_loss	50318.4355469
batch	13320	valid_loss	50491.4160156
batch	13340	valid_loss	50451.6743164
batch	13360	valid_loss	50132.6899414
batch	13380	valid_loss	50439.6411133
batch	13400	valid_loss	50377.9760742
batch	13420	valid_loss	50150.96875
batch	13440	valid_loss	50158.5976562
batch	13460	valid_loss	50257.7607422
batch	13480	valid_loss	50210.8564453
batch	13500	valid_loss	50248.5791016
batch	13520	valid_loss	50131.3076172
batch	13540	valid_loss	50331.7109375
batch	13560	valid_loss	50177.3305664
batch	13580	valid_loss	50403.1225586
batch	13600	valid_loss	50425.2099609
batch	13620	valid_loss	50356.0678711
batch	13640	valid_loss	50484.2290039
batch	13660	valid_loss	50410.3769531
batch	13680	valid_loss	50113.0307617
batch	13700	valid_loss	50490.4882812
batch	13720	valid_loss	50164.0839844
batch	13740	valid_loss	50181.9838867
batch	13760	valid_loss	50141.2602539
batch	13780	valid_loss	50212.9672852
batch	13800	valid_loss	50240.7641602
batch	13820	valid_loss	50212.8237305
batch	13840	valid_loss	50348.4604492
batch	13860	valid_loss	50127.2348633
batch	13880	valid_loss	50312.1254883
batch	13900	valid_loss	50394.1430664
batch	13920	valid_loss	50345.5825195
batch	13940	valid_loss	50417.0961914
batch	13960	valid_loss	50489.0244141
batch	13980	valid_loss	50189.546875
batch	14000	valid_loss	50288.5229492
batch	14020	valid_loss	50416.3500977
batch	14040	valid_loss	50106.0463867
batch	14060	valid_loss	50183.3295898
batch	14080	valid_loss	50128.1303711
batch	14100	valid_loss	50109.3891602
batch	14120	valid_loss	50210.0288086
batch	14140	valid_loss	50105.4086914
batch	14160	valid_loss	50402.8310547
batch	14180	valid_loss	50115.5917969
batch	14200	valid_loss	50335.8642578
batch	14220	valid_loss	50438.5229492
batch	14240	valid_loss	50363.6870117
batch	14260	valid_loss	50594.1274414
batch	14280	valid_loss	50426.0771484
batch	14300	valid_loss	50097.3178711
batch	14320	valid_loss	50538.3334961
batch	14340	valid_loss	50312.1967773
batch	14360	valid_loss	50121.4047852
batch	14380	valid_loss	50079.9633789
batch	14400	valid_loss	50277.0693359
batch	14420	valid_loss	50175.0053711
batch	14440	valid_loss	50190.6811523
batch	14460	valid_loss	50298.8740234
batch	14480	valid_loss	50235.1943359
batch	14500	valid_loss	50181.9643555
batch	14520	valid_loss	50432.8457031
batch	14540	valid_loss	50364.0571289
batch	14560	valid_loss	50402.8867188
batch	14580	valid_loss	50454.3657227
batch	14600	valid_loss	50277.8256836
batch	14620	valid_loss	50204.7182617
batch	14640	valid_loss	50474.8408203
batch	14660	valid_loss	50157.8393555
batch	14680	valid_loss	50201.9716797
batch	14700	valid_loss	50082.7856445
batch	14720	valid_loss	50182.2016602
batch	14740	valid_loss	50237.0722656
batch	14760	valid_loss	50155.1396484
batch	14780	valid_loss	50372.5634766
batch	14800	valid_loss	50139.0249023
batch	14820	valid_loss	50339.8071289
batch	14840	valid_loss	50477.0947266
batch	14860	valid_loss	50269.6533203
batch	14880	valid_loss	50424.6000977
batch	14900	valid_loss	50411.2973633
batch	14920	valid_loss	50121.3583984
batch	14940	valid_loss	50439.8198242
batch	14960	valid_loss	50359.7485352
batch	14980	valid_loss	50094.4912109
batch	15000	valid_loss	50188.390625
batch	15020	valid_loss	50265.7358398
batch	15040	valid_loss	50170.4833984
batch	15060	valid_loss	50169.4472656
batch	15080	valid_loss	50094.0249023
batch	15100	valid_loss	50336.1958008
batch	15120	valid_loss	50129.5527344
batch	15140	valid_loss	50410.3759766
batch	15160	valid_loss	50382.8286133
batch	15180	valid_loss	50365.4360352
batch	15200	valid_loss	50574.7431641
batch	15220	valid_loss	50363.8735352
batch	15240	valid_loss	50065.5693359
batch	15260	valid_loss	50487.8432617
batch	15280	valid_loss	50174.890625
batch	15300	valid_loss	50181.7958984
batch	15320	valid_loss	50170.5610352
batch	15340	valid_loss	50249.4394531
batch	15360	valid_loss	50200.9482422
batch	15380	valid_loss	50191.3339844
batch	15400	valid_loss	50346.7148438
batch	15420	valid_loss	50127.3276367
batch	15440	valid_loss	50306.0380859
batch	15460	valid_loss	50413.9057617
batch	15480	valid_loss	50396.2583008
batch	15500	valid_loss	50429.9633789
batch	15520	valid_loss	50433.5087891
batch	15540	valid_loss	50166.6748047
batch	15560	valid_loss	50355.1640625
batch	15580	valid_loss	50390.8520508
batch	15600	valid_loss	50055.7543945
batch	15620	valid_loss	50165.7294922
batch	15640	valid_loss	50107.4677734
batch	15660	valid_loss	50103.1982422
batch	15680	valid_loss	50214.3369141
batch	15700	valid_loss	50083.5917969
batch	15720	valid_loss	50378.0317383
batch	15740	valid_loss	50082.574707
batch	15760	valid_loss	50356.9321289
batch	15780	valid_loss	50449.5830078
batch	15800	valid_loss	50309.7563477
batch	15820	valid_loss	50542.6904297
batch	15840	valid_loss	50470.0205078
batch	15860	valid_loss	50129.8442383
batch	15880	valid_loss	50492.8012695
batch	15900	valid_loss	50259.1235352
batch	15920	valid_loss	50154.3076172
batch	15940	valid_loss	50136.3349609
batch	15960	valid_loss	50293.4106445
batch	15980	valid_loss	50159.5444336
batch	16000	valid_loss	50236.2490234
batch	16020	valid_loss	50271.9912109
batch	16040	valid_loss	50192.2841797
batch	16060	valid_loss	50206.0791016
batch	16080	valid_loss	50389.6879883
batch	16100	valid_loss	50341.3320312
batch	16120	valid_loss	50448.8779297
batch	16140	valid_loss	50449.8081055
batch	16160	valid_loss	50249.3413086
batch	16180	valid_loss	50184.4956055
batch	16200	valid_loss	50412.3198242
batch	16220	valid_loss	50076.1347656
batch	16240	valid_loss	50145.4414062
batch	16260	valid_loss	50052.6694336
batch	16280	valid_loss	50180.9443359
batch	16300	valid_loss	50200.4545898
batch	16320	valid_loss	50205.1303711
batch	16340	valid_loss	50403.7104492
batch	16360	valid_loss	50090.1484375
batch	16380	valid_loss	50377.1635742
batch	16400	valid_loss	50415.5605469
batch	16420	valid_loss	50308.8334961
batch	16440	valid_loss	50466.2524414
batch	16460	valid_loss	50410.1865234
batch	16480	valid_loss	50093.9311523
batch	16500	valid_loss	50427.4345703
batch	16520	valid_loss	50322.1518555
batch	16540	valid_loss	50079.265625
batch	16560	valid_loss	50156.2910156
batch	16580	valid_loss	50273.0756836
batch	16600	valid_loss	50169.4355469
batch	16620	valid_loss	50222.1049805
batch	16640	valid_loss	50113.0859375
batch	16660	valid_loss	50329.1713867
batch	16680	valid_loss	50129.8491211
batch	16700	valid_loss	50392.5649414
batch	16720	valid_loss	50421.1484375
batch	16740	valid_loss	50353.1323242
batch	16760	valid_loss	50499.5205078
batch	16780	valid_loss	50397.3579102
batch	16800	valid_loss	50077.8305664
batch	16820	valid_loss	50454.5727539
batch	16840	valid_loss	50172.4223633
batch	16860	valid_loss	50108.3754883
batch	16880	valid_loss	50117.2744141
batch	16900	valid_loss	50216.4501953
batch	16920	valid_loss	50172.1259766
batch	16940	valid_loss	50207.8383789
batch	16960	valid_loss	50360.7700195
batch	16980	valid_loss	50137.3500977
batch	17000	valid_loss	50250.1459961
batch	17020	valid_loss	50396.0776367
batch	17040	valid_loss	50376.9462891
batch	17060	valid_loss	50374.1152344
batch	17080	valid_loss	50474.331543
batch	17100	valid_loss	50219.6015625
batch	17120	valid_loss	50338.8081055
batch	17140	valid_loss	50411.5961914
batch	17160	valid_loss	50065.9360352
batch	17180	valid_loss	50178.4287109
batch	17200	valid_loss	50051.2026367
batch	17220	valid_loss	50139.9208984
batch	17240	valid_loss	50223.1230469
batch	17260	valid_loss	50167.609375
batch	17280	valid_loss	50360.0859375
batch	17300	valid_loss	50093.8496094
batch	17320	valid_loss	50326.2836914
batch	17340	valid_loss	50430.5361328
batch	17360	valid_loss	50349.7451172
batch	17380	valid_loss	50562.706543
batch	17400	valid_loss	50391.3867188
batch	17420	valid_loss	50110.2338867
batch	17440	valid_loss	50516.5068359
batch	17460	valid_loss	50285.3959961
batch	17480	valid_loss	50126.4501953
batch	17500	valid_loss	50100.6225586
batch	17520	valid_loss	50244.9750977
batch	17540	valid_loss	50147.3422852
batch	17560	valid_loss	50208.6699219
batch	17580	valid_loss	50263.0527344
batch	17600	valid_loss	50209.8129883
batch	17620	valid_loss	50143.4389648
batch	17640	valid_loss	50403.1938477
batch	17660	valid_loss	50374.3823242
batch	17680	valid_loss	50394.4331055
batch	17700	valid_loss	50473.3300781
batch	17720	valid_loss	50295.1645508
batch	17740	valid_loss	50196.4301758
batch	17760	valid_loss	50471.8100586
batch	17780	valid_loss	50103.4755859
batch	17800	valid_loss	50149.6152344
batch	17820	valid_loss	50080.1987305
batch	17840	valid_loss	50197.8994141
batch	17860	valid_loss	50188.7841797
batch	17880	valid_loss	50148.9194336
batch	17900	valid_loss	50420.2480469
batch	17920	valid_loss	50146.7724609
batch	17940	valid_loss	50318.7421875
batch	17960	valid_loss	50454.5893555
batch	17980	valid_loss	50309.6865234
batch	18000	valid_loss	50453.1196289
batch	18020	valid_loss	50401.5517578
batch	18040	valid_loss	50156.6391602
batch	18060	valid_loss	50417.7075195
batch	18080	valid_loss	50321.0874023
batch	18100	valid_loss	50105.8720703
batch	18120	valid_loss	50144.293457
batch	18140	valid_loss	50272.2851562
batch	18160	valid_loss	50210.5585938
batch	18180	valid_loss	50204.7333984
batch	18200	valid_loss	50077.6181641
batch	18220	valid_loss	50356.3188477
batch	18240	valid_loss	50138.7548828
batch	18260	valid_loss	50405.1655273
batch	18280	valid_loss	50358.0332031
batch	18300	valid_loss	50326.9086914
batch	18320	valid_loss	50464.4477539
batch	18340	valid_loss	50369.2495117
batch	18360	valid_loss	50072.3461914
batch	18380	valid_loss	50515.3720703
batch	18400	valid_loss	50126.2612305
batch	18420	valid_loss	50138.4038086
batch	18440	valid_loss	50152.7695312
batch	18460	valid_loss	50227.6030273
batch	18480	valid_loss	50185.2788086
batch	18500	valid_loss	50204.3730469
batch	18520	valid_loss	50298.1235352
batch	18540	valid_loss	50090.4345703
batch	18560	valid_loss	50262.2719727
batch	18580	valid_loss	50435.8354492
batch	18600	valid_loss	50314.1523438
batch	18620	valid_loss	50388.3994141
batch	18640	valid_loss	50437.8759766
batch	18660	valid_loss	50141.2260742
batch	18680	valid_loss	50291.6538086
batch	18700	valid_loss	50443.9052734
batch	18720	valid_loss	50044.3266602
batch	18740	valid_loss	50129.409668
batch	18760	valid_loss	50105.6640625
batch	18780	valid_loss	50112.2192383
batch	18800	valid_loss	50211.3549805
batch	18820	valid_loss	50130.703125
batch	18840	valid_loss	50378.2094727
batch	18860	valid_loss	50122.6474609
batch	18880	valid_loss	50322.5844727
batch	18900	valid_loss	50407.6948242
batch	18920	valid_loss	50343.6704102
batch	18940	valid_loss	50559.5761719
batch	18960	valid_loss	50359.7797852
batch	18980	valid_loss	50129.390625
batch	19000	valid_loss	50545.1123047
batch	19020	valid_loss	50240.2290039
batch	19040	valid_loss	50154.6826172
batch	19060	valid_loss	50104.9868164
batch	19080	valid_loss	50300.690918
batch	19100	valid_loss	50150.2275391
batch	19120	valid_loss	50227.3183594
batch	19140	valid_loss	50249.6508789
batch	19160	valid_loss	50260.9111328
batch	19180	valid_loss	50180.9858398
batch	19200	valid_loss	50395.878418
batch	19220	valid_loss	50335.7504883
batch	19240	valid_loss	50393.6879883
batch	19260	valid_loss	50417.8789062
batch	19280	valid_loss	50265.2836914
batch	19300	valid_loss	50173.5449219
batch	19320	valid_loss	50443.9614258
batch	19340	valid_loss	50078.8730469
batch	19360	valid_loss	50189.4233398
batch	19380	valid_loss	50109.2753906
batch	19400	valid_loss	50134.1992188
batch	19420	valid_loss	50211.0761719
batch	19440	valid_loss	50129.1147461
batch	19460	valid_loss	50384.4760742
batch	19480	valid_loss	50095.4277344
batch	19500	valid_loss	50321.9213867
batch	19520	valid_loss	50490.0947266
batch	19540	valid_loss	50290.4282227
batch	19560	valid_loss	50494.8076172
batch	19580	valid_loss	50416.7749023
batch	19600	valid_loss	50086.8950195
batch	19620	valid_loss	50466.4418945
batch	19640	valid_loss	50347.840332
batch	19660	valid_loss	50114.7617188
batch	19680	valid_loss	50139.7543945
batch	19700	valid_loss	50220.3515625
batch	19720	valid_loss	50175.9145508
batch	19740	valid_loss	50235.3803711
batch	19760	valid_loss	50123.6772461
batch	19780	valid_loss	50330.1791992
batch	19800	valid_loss	50159.3823242
batch	19820	valid_loss	50385.2172852
batch	19840	valid_loss	50387.2441406
batch	19860	valid_loss	50355.0952148
batch	19880	valid_loss	50523.1826172
batch	19900	valid_loss	50410.2133789
batch	19920	valid_loss	50058.2817383
batch	19940	valid_loss	50480.4755859
batch	19960	valid_loss	50203.9970703
batch	19980	valid_loss	50140.659668
batch	20000	valid_loss	50157.5727539
batch	20020	valid_loss	50231.0791016
batch	20040	valid_loss	50176.7768555
batch	20060	valid_loss	50158.8999023
batch	20080	valid_loss	50372.2578125
batch	20100	valid_loss	50078.9145508
batch	20120	valid_loss	50221.2724609
batch	20140	valid_loss	50393.3701172
batch	20160	valid_loss	50363.5981445
batch	20180	valid_loss	50429.6367188
batch	20200	valid_loss	50425.644043
batch	20220	valid_loss	50189.5751953
batch	20240	valid_loss	50357.9003906
batch	20260	valid_loss	50374.53125
batch	20280	valid_loss	50071.2548828
batch	20300	valid_loss	50165.8730469
batch	20320	valid_loss	50077.8740234
batch	20340	valid_loss	50122.8666992
batch	20360	valid_loss	50189.40625
batch	20380	valid_loss	50083.9858398
batch	20400	valid_loss	50412.4946289
batch	20420	valid_loss	50069.8696289
batch	20440	valid_loss	50351.5581055
batch	20460	valid_loss	50422.7724609
batch	20480	valid_loss	50359.6186523
batch	20500	valid_loss	50543.3637695
batch	20520	valid_loss	50437.2753906
batch	20540	valid_loss	50075.5703125
batch	20560	valid_loss	50510.2856445
batch	20580	valid_loss	50243.0566406
batch	20600	valid_loss	50113.1899414
batch	20620	valid_loss	50065.6289062
batch	20640	valid_loss	50305.7607422
batch	20660	valid_loss	50169.3188477
batch	20680	valid_loss	50203.9399414
batch	20700	valid_loss	50269.2348633
batch	20720	valid_loss	50222.4511719
batch	20740	valid_loss	50153.4609375
batch	20760	valid_loss	50364.4755859
batch	20780	valid_loss	50332.9360352
batch	20800	valid_loss	50354.8305664
batch	20820	valid_loss	50478.7758789
batch	20840	valid_loss	50266.3818359
batch	20860	valid_loss	50191.6196289
batch	20880	valid_loss	50429.5185547
batch	20900	valid_loss	50097.3867188
batch	20920	valid_loss	50147.1689453
batch	20940	valid_loss	50085.1240234
batch	20960	valid_loss	50188.7719727
batch	20980	valid_loss	50182.2700195
batch	21000	valid_loss	50125.7226562
batch	21020	valid_loss	50367.3808594
batch	21040	valid_loss	50069.453125
batch	21060	valid_loss	50362.109375
batch	21080	valid_loss	50434.1694336
batch	21100	valid_loss	50280.4833984
batch	21120	valid_loss	50432.6347656
batch	21140	valid_loss	50417.5009766
batch	21160	valid_loss	50108.6088867
batch	21180	valid_loss	50412.0532227
batch	21200	valid_loss	50340.2128906
batch	21220	valid_loss	50113.097168
batch	21240	valid_loss	50149.7084961
batch	21260	valid_loss	50263.0048828
batch	21280	valid_loss	50191.5664062
batch	21300	valid_loss	50210.3916016
batch	21320	valid_loss	50124.7338867
batch	21340	valid_loss	50301.7055664
batch	21360	valid_loss	50142.9506836
batch	21380	valid_loss	50381.0458984
batch	21400	valid_loss	50375.0854492
batch	21420	valid_loss	50348.3203125
batch	21440	valid_loss	50445.8295898
batch	21460	valid_loss	50368.1738281
batch	21480	valid_loss	50090.9594727
batch	21500	valid_loss	50503.8427734
batch	21520	valid_loss	50170.5683594
batch	21540	valid_loss	50177.8486328
batch	21560	valid_loss	50157.8632812
batch	21580	valid_loss	50215.4990234
batch	21600	valid_loss	50189.7617188
batch	21620	valid_loss	50226.4448242
batch	21640	valid_loss	50353.3999023
batch	21660	valid_loss	50080.0117188
batch	21680	valid_loss	50258.0483398
batch	21700	valid_loss	50385.4418945
batch	21720	valid_loss	50327.8413086
batch	21740	valid_loss	50400.4277344
batch	21760	valid_loss	50454.8164062
batch	21780	valid_loss	50200.027832
batch	21800	valid_loss	50352.0488281
batch	21820	valid_loss	50452.8896484
batch	21840	valid_loss	50070.1870117
batch	21860	valid_loss	50135.9755859
batch	21880	valid_loss	50073.5849609
batch	21900	valid_loss	50162.4477539
batch	21920	valid_loss	50210.8061523
batch	21940	valid_loss	50093.8920898
batch	21960	valid_loss	50383.1533203
batch	21980	valid_loss	50128.3164062
batch	22000	valid_loss	50365.3291016
batch	22020	valid_loss	50400.6894531
batch	22040	valid_loss	50335.1567383
batch	22060	valid_loss	50531.4995117
batch	22080	valid_loss	50387.5771484
batch	22100	valid_loss	50111.40625
batch	22120	valid_loss	50539.5205078
batch	22140	valid_loss	50279.9760742
batch	22160	valid_loss	50098.6420898
batch	22180	valid_loss	50102.1166992
batch	22200	valid_loss	50279.3393555
batch	22220	valid_loss	50137.4946289
batch	22240	valid_loss	50247.7685547
batch	22260	valid_loss	50262.987793
batch	22280	valid_loss	50215.3007812
batch	22300	valid_loss	50130.6542969
batch	22320	valid_loss	50426.1420898
batch	22340	valid_loss	50351.8383789
batch	22360	valid_loss	50383.5107422
batch	22380	valid_loss	50468.1665039
batch	22400	valid_loss	50288.5996094
batch	22420	valid_loss	50202.2739258
batch	22440	valid_loss	50414.5703125
batch	22460	valid_loss	50079.984375
batch	22480	valid_loss	50159.762207
batch	22500	valid_loss	50108.4301758
batch	22520	valid_loss	50145.6352539
batch	22540	valid_loss	50139.3608398
batch	22560	valid_loss	50122.5888672
batch	22580	valid_loss	50456.3046875
batch	22600	valid_loss	50137.0942383
batch	22620	valid_loss	50344.1176758
batch	22640	valid_loss	50501.8100586
batch	22660	valid_loss	50310.496582
batch	22680	valid_loss	50442.2871094
batch	22700	valid_loss	50431.7441406
batch	22720	valid_loss	50119.6679688
batch	22740	valid_loss	50424.3305664
batch	22760	valid_loss	50382.2485352
batch	22780	valid_loss	50118.7060547
batch	22800	valid_loss	50135.2045898
batch	22820	valid_loss	50263.4707031
batch	22840	valid_loss	50224.9331055
batch	22860	valid_loss	50188.8500977
batch	22880	valid_loss	50114.0888672
batch	22900	valid_loss	50306.2885742
batch	22920	valid_loss	50138.605957
batch	22940	valid_loss	50386.0976562
batch	22960	valid_loss	50407.5893555
batch	22980	valid_loss	50342.2333984
batch	23000	valid_loss	50503.9882812
batch	23020	valid_loss	50377.8867188
batch	23040	valid_loss	50090.7016602
batch	23060	valid_loss	50523.0092773
batch	23080	valid_loss	50189.5239258
batch	23100	valid_loss	50155.7104492
batch	23120	valid_loss	50165.8120117
batch	23140	valid_loss	50246.8447266
batch	23160	valid_loss	50194.3369141
batch	23180	valid_loss	50222.8203125
batch	23200	valid_loss	50351.2192383
batch	23220	valid_loss	50125.8608398
batch	23240	valid_loss	50300.9829102
batch	23260	valid_loss	50430.3623047
batch	23280	valid_loss	50345.0292969
batch	23300	valid_loss	50354.6010742
batch	23320	valid_loss	50453.3686523
batch	23340	valid_loss	50157.9995117
batch	23360	valid_loss	50300.3999023
batch	23380	valid_loss	50399.4916992
batch	23400	valid_loss	50101.2988281
batch	23420	valid_loss	50214.0571289
batch	23440	valid_loss	50111.4501953
batch	23460	valid_loss	50115.3261719
batch	23480	valid_loss	50174.1816406
batch	23500	valid_loss	50076.3740234
batch	23520	valid_loss	50373.1186523
batch	23540	valid_loss	50149.7817383
batch	23560	valid_loss	50369.8139648
batch	23580	valid_loss	50405.8183594
batch	23600	valid_loss	50318.9946289
batch	23620	valid_loss	50501.8261719
batch	23640	valid_loss	50390.25
batch	23660	valid_loss	50094.8334961
batch	23680	valid_loss	50523.8261719
batch	23700	valid_loss	50239.9208984
batch	23720	valid_loss	50150.9707031
batch	23740	valid_loss	50106.1235352
batch	23760	valid_loss	50282.6210938
batch	23780	valid_loss	50117.0488281
batch	23800	valid_loss	50168.0786133
batch	23820	valid_loss	50264.9418945
batch	23840	valid_loss	50206.4135742
batch	23860	valid_loss	50080.2685547
batch	23880	valid_loss	50391.2055664
batch	23900	valid_loss	50383.0136719
batch	23920	valid_loss	50445.362793
batch	23940	valid_loss	50453.1831055
batch	23960	valid_loss	50289.3359375
batch	23980	valid_loss	50151.8725586
batch	24000	valid_loss	50423.1113281
batch	24020	valid_loss	50054.4462891
batch	24040	valid_loss	50132.6259766
batch	24060	valid_loss	50043.8144531
batch	24080	valid_loss	50130.7504883
batch	24100	valid_loss	50195.5639648
batch	24120	valid_loss	50152.2270508
batch	24140	valid_loss	50419.8525391
batch	24160	valid_loss	50115.2124023
batch	24180	valid_loss	50303.4414062
batch	24200	valid_loss	50430.9819336
batch	24220	valid_loss	50275.9458008
batch	24240	valid_loss	50454.1103516
batch	24260	valid_loss	50391.4223633
batch	24280	valid_loss	50103.0961914
batch	24300	valid_loss	50445.7207031
batch	24320	valid_loss	50368.3442383
batch	24340	valid_loss	50127.3779297
batch	24360	valid_loss	50170.9208984
batch	24380	valid_loss	50240.7280273
batch	24400	valid_loss	50186.6743164
batch	24420	valid_loss	50213.0966797
batch	24440	valid_loss	50124.9306641
batch	24460	valid_loss	50347.1289062
batch	24480	valid_loss	50119.3652344
batch	24500	valid_loss	50391.4589844
batch	24520	valid_loss	50369.9951172
batch	24540	valid_loss	50348.8266602
batch	24560	valid_loss	50490.2758789
batch	24580	valid_loss	50394.487793
batch	24600	valid_loss	50083.8686523
batch	24620	valid_loss	50498.8647461
batch	24640	valid_loss	50170.4316406
batch	24660	valid_loss	50164.7099609
batch	24680	valid_loss	50162.1806641
batch	24700	valid_loss	50252.5844727
batch	24720	valid_loss	50172.1113281
batch	24740	valid_loss	50246.8071289
batch	24760	valid_loss	50388.8579102
batch	24780	valid_loss	50129.1313477
batch	24800	valid_loss	50303.440918
batch	24820	valid_loss	50374.4199219
batch	24840	valid_loss	50324.1245117
batch	24860	valid_loss	50395.2724609
batch	24880	valid_loss	50412.0805664
batch	24900	valid_loss	50191.65625
batch	24920	valid_loss	50336.3706055
batch	24940	valid_loss	50435.1728516
batch	24960	valid_loss	50060.1201172
batch	24980	valid_loss	50174.6875
STOP
