START
config	540	220	540	960
batch	0	valid_loss	6681366.6875
batch	30	valid_loss	151197.24707
batch	60	valid_loss	102028.234375
batch	90	valid_loss	99563.5585938
batch	120	valid_loss	99449.9970703
batch	150	valid_loss	99397.1904297
batch	180	valid_loss	99364.4589844
batch	210	valid_loss	99314.3525391
batch	240	valid_loss	99215.6640625
batch	270	valid_loss	99072.828125
batch	300	valid_loss	98821.5546875
batch	330	valid_loss	98403.6240234
batch	360	valid_loss	97637.9199219
batch	390	valid_loss	96261.6367188
batch	420	valid_loss	94401.3505859
batch	450	valid_loss	92448.8217773
batch	480	valid_loss	90934.5258789
batch	510	valid_loss	89933.6191406
batch	540	valid_loss	89437.8320312
batch	570	valid_loss	88814.0419922
batch	600	valid_loss	88260.0424805
batch	630	valid_loss	87666.7270508
batch	660	valid_loss	86915.0249023
batch	690	valid_loss	86050.0146484
batch	720	valid_loss	85022.7265625
batch	750	valid_loss	83906.5429688
batch	780	valid_loss	82772.6577148
batch	810	valid_loss	81474.9404297
batch	840	valid_loss	80312.425293
batch	870	valid_loss	79091.6230469
batch	900	valid_loss	77859.5981445
batch	930	valid_loss	76615.0009766
batch	960	valid_loss	75330.1923828
batch	990	valid_loss	73970.0742188
batch	1020	valid_loss	72694.190918
batch	1050	valid_loss	71353.2875977
batch	1080	valid_loss	69923.3427734
batch	1110	valid_loss	68601.6044922
batch	1140	valid_loss	67149.2817383
batch	1170	valid_loss	65879.2373047
batch	1200	valid_loss	64530.3618164
batch	1230	valid_loss	63200.3027344
batch	1260	valid_loss	61901.8237305
batch	1290	valid_loss	60677.4438477
batch	1320	valid_loss	59402.4477539
batch	1350	valid_loss	58231.8276367
batch	1380	valid_loss	57035.9975586
batch	1410	valid_loss	55883.9296875
batch	1440	valid_loss	54706.6967773
batch	1470	valid_loss	53726.3212891
batch	1500	valid_loss	52716.4975586
batch	1530	valid_loss	51495.269043
batch	1560	valid_loss	50530.3271484
batch	1590	valid_loss	49736.9707031
batch	1620	valid_loss	48649.0566406
batch	1650	valid_loss	47880.6699219
batch	1680	valid_loss	46931.6049805
batch	1710	valid_loss	45977.0742188
batch	1740	valid_loss	45225.6013184
batch	1770	valid_loss	44441.4055176
batch	1800	valid_loss	43635.5983887
batch	1830	valid_loss	42970.4250488
batch	1860	valid_loss	42127.4907227
batch	1890	valid_loss	41565.5769043
batch	1920	valid_loss	40928.1340332
batch	1950	valid_loss	40211.5776367
batch	1980	valid_loss	39548.3596191
batch	2010	valid_loss	38921.0341797
batch	2040	valid_loss	38410.2163086
batch	2070	valid_loss	37825.2836914
batch	2100	valid_loss	37241.1113281
batch	2130	valid_loss	36677.4609375
batch	2160	valid_loss	36205.607666
batch	2190	valid_loss	35656.2907715
batch	2220	valid_loss	35374.048584
batch	2250	valid_loss	34776.1855469
batch	2280	valid_loss	34354.1875
batch	2310	valid_loss	33779.6728516
batch	2340	valid_loss	33432.1916504
batch	2370	valid_loss	33004.7558594
batch	2400	valid_loss	32555.0773926
batch	2430	valid_loss	32221.9138184
batch	2460	valid_loss	31946.291748
batch	2490	valid_loss	31486.833252
batch	2520	valid_loss	31063.4841309
batch	2550	valid_loss	30784.9350586
batch	2580	valid_loss	30502.2797852
batch	2610	valid_loss	30019.1557617
batch	2640	valid_loss	29796.1896973
batch	2670	valid_loss	29384.7297363
batch	2700	valid_loss	29078.8286133
batch	2730	valid_loss	28731.4182129
batch	2760	valid_loss	28628.9523926
batch	2790	valid_loss	28226.3410645
batch	2820	valid_loss	27992.4118652
batch	2850	valid_loss	27811.3510742
batch	2880	valid_loss	27583.0644531
batch	2910	valid_loss	27128.7480469
batch	2940	valid_loss	26957.354248
batch	2970	valid_loss	26693.064209
batch	3000	valid_loss	26499.3642578
batch	3030	valid_loss	26279.5930176
batch	3060	valid_loss	25942.6860352
batch	3090	valid_loss	25794.109375
batch	3120	valid_loss	25526.8481445
batch	3150	valid_loss	25494.3366699
batch	3180	valid_loss	25182.6108398
batch	3210	valid_loss	25075.519043
batch	3240	valid_loss	24681.7836914
batch	3270	valid_loss	24555.465332
batch	3300	valid_loss	24368.7478027
batch	3330	valid_loss	24188.2275391
batch	3360	valid_loss	24007.3513184
batch	3390	valid_loss	23876.329834
batch	3420	valid_loss	24151.2885742
batch	3450	valid_loss	23488.4844971
batch	3480	valid_loss	23363.9154053
batch	3510	valid_loss	23131.3720703
batch	3540	valid_loss	22917.2276611
batch	3570	valid_loss	22828.2836914
batch	3600	valid_loss	22851.8302002
batch	3630	valid_loss	22575.6550293
batch	3660	valid_loss	22588.0819092
batch	3690	valid_loss	22205.5024414
batch	3720	valid_loss	22286.598877
batch	3750	valid_loss	21927.5272217
batch	3780	valid_loss	21841.5770264
batch	3810	valid_loss	21777.7163086
batch	3840	valid_loss	21743.2010498
batch	3870	valid_loss	21491.7879639
batch	3900	valid_loss	21419.9111328
batch	3930	valid_loss	21159.8691406
batch	3960	valid_loss	21121.0623779
batch	3990	valid_loss	21183.8457031
batch	4020	valid_loss	20949.387085
batch	4050	valid_loss	20843.0395508
batch	4080	valid_loss	20636.9705811
batch	4110	valid_loss	20876.7913818
batch	4140	valid_loss	20421.6439209
batch	4170	valid_loss	20323.2132568
batch	4200	valid_loss	20211.3942871
batch	4230	valid_loss	20445.8737793
batch	4260	valid_loss	19947.6314697
batch	4290	valid_loss	19961.416626
batch	4320	valid_loss	19795.8509521
batch	4350	valid_loss	19839.0944824
batch	4380	valid_loss	19701.7010498
batch	4410	valid_loss	19634.4971924
batch	4440	valid_loss	19574.5
batch	4470	valid_loss	19296.0487061
batch	4500	valid_loss	19364.7657471
batch	4530	valid_loss	19352.7042236
batch	4560	valid_loss	19162.5062256
batch	4590	valid_loss	18944.0860596
batch	4620	valid_loss	18910.9368896
batch	4650	valid_loss	18899.0290527
batch	4680	valid_loss	18864.3369141
batch	4710	valid_loss	18605.4993896
batch	4740	valid_loss	18549.4516602
batch	4770	valid_loss	18871.3670654
batch	4800	valid_loss	18391.2183838
batch	4830	valid_loss	18443.27771
batch	4860	valid_loss	18794.5019531
batch	4890	valid_loss	18223.3356934
batch	4920	valid_loss	18208.6419678
batch	4950	valid_loss	18052.7949219
batch	4980	valid_loss	18396.3909912
batch	5010	valid_loss	17890.8256836
batch	5040	valid_loss	17858.3843994
batch	5070	valid_loss	17688.9250488
batch	5100	valid_loss	17811.6220703
batch	5130	valid_loss	17607.9154053
batch	5160	valid_loss	18472.3225098
batch	5190	valid_loss	17607.7211914
batch	5220	valid_loss	17500.6304932
batch	5250	valid_loss	17416.2130127
batch	5280	valid_loss	17508.7420654
batch	5310	valid_loss	17519.5152588
batch	5340	valid_loss	17210.6717529
batch	5370	valid_loss	17225.489624
batch	5400	valid_loss	17212.8745117
batch	5430	valid_loss	17058.9608154
batch	5460	valid_loss	17122.2408447
batch	5490	valid_loss	16902.1439209
batch	5520	valid_loss	16934.4882812
batch	5550	valid_loss	16886.8660889
batch	5580	valid_loss	17250.4440918
batch	5610	valid_loss	16965.5166016
batch	5640	valid_loss	16718.3869629
batch	5670	valid_loss	16656.8452148
batch	5700	valid_loss	16705.166626
batch	5730	valid_loss	16561.3933105
batch	5760	valid_loss	16556.4073486
batch	5790	valid_loss	17434.9035645
batch	5820	valid_loss	16427.6192627
batch	5850	valid_loss	16432.3953857
batch	5880	valid_loss	16890.7275391
batch	5910	valid_loss	16474.3824463
batch	5940	valid_loss	16230.7161865
batch	5970	valid_loss	16291.7492676
batch	6000	valid_loss	16454.534668
batch	6030	valid_loss	16189.7205811
batch	6060	valid_loss	16085.0576172
batch	6090	valid_loss	16228.6953125
batch	6120	valid_loss	16026.0773926
batch	6150	valid_loss	16143.6020508
batch	6180	valid_loss	16054.347168
batch	6210	valid_loss	16345.3925781
batch	6240	valid_loss	16384.8621826
batch	6270	valid_loss	15867.9060059
batch	6300	valid_loss	15937.3709717
batch	6330	valid_loss	16463.9916992
batch	6360	valid_loss	15787.0407715
batch	6390	valid_loss	15740.0803223
batch	6420	valid_loss	15758.7282715
batch	6450	valid_loss	17737.4986572
batch	6480	valid_loss	15670.022583
batch	6510	valid_loss	15604.1435547
batch	6540	valid_loss	15569.1318359
batch	6570	valid_loss	15424.7296143
batch	6600	valid_loss	15572.9951172
batch	6630	valid_loss	16938.5750732
batch	6660	valid_loss	15394.0895996
batch	6690	valid_loss	15420.1297607
batch	6720	valid_loss	15426.8592529
batch	6750	valid_loss	16679.1652832
batch	6780	valid_loss	15420.2475586
batch	6810	valid_loss	15313.8776855
batch	6840	valid_loss	15378.963623
batch	6870	valid_loss	15307.0125732
batch	6900	valid_loss	15182.5117188
batch	6930	valid_loss	15337.0736084
batch	6960	valid_loss	15268.0679932
batch	6990	valid_loss	15469.5803223
batch	7020	valid_loss	15174.3636475
batch	7050	valid_loss	15097.1179199
batch	7080	valid_loss	15295.3150635
batch	7110	valid_loss	15109.2667236
batch	7140	valid_loss	15253.9570312
batch	7170	valid_loss	15086.6486816
batch	7200	valid_loss	15055.1114502
batch	7230	valid_loss	15307.9920654
batch	7260	valid_loss	15036.2036133
batch	7290	valid_loss	14931.9281006
batch	7320	valid_loss	14948.4858398
batch	7350	valid_loss	14918.3153076
batch	7380	valid_loss	14923.9576416
batch	7410	valid_loss	14815.043457
batch	7440	valid_loss	15262.1817627
batch	7470	valid_loss	14873.8383789
batch	7500	valid_loss	14854.9238281
batch	7530	valid_loss	14773.5772705
batch	7560	valid_loss	14718.5905762
batch	7590	valid_loss	15435.7559814
batch	7620	valid_loss	14721.1000977
batch	7650	valid_loss	14712.352417
batch	7680	valid_loss	14671.0314941
batch	7710	valid_loss	14676.4169922
batch	7740	valid_loss	14630.8572998
batch	7770	valid_loss	14696.967041
batch	7800	valid_loss	16115.4766846
batch	7830	valid_loss	14614.9664307
batch	7860	valid_loss	14596.4360352
batch	7890	valid_loss	14531.5175781
batch	7920	valid_loss	14517.9527588
batch	7950	valid_loss	14578.7446289
batch	7980	valid_loss	14564.5644531
batch	8010	valid_loss	14584.8790283
batch	8040	valid_loss	14603.7036133
batch	8070	valid_loss	14477.1784668
batch	8100	valid_loss	14508.8149414
batch	8130	valid_loss	14531.47229
batch	8160	valid_loss	14489.0921631
batch	8190	valid_loss	14466.5756836
batch	8220	valid_loss	14387.7768555
batch	8250	valid_loss	14693.4044189
batch	8280	valid_loss	14570.1606445
batch	8310	valid_loss	14817.1779785
batch	8340	valid_loss	14369.696167
batch	8370	valid_loss	14492.8734131
batch	8400	valid_loss	14510.0162354
batch	8430	valid_loss	14307.0272217
batch	8460	valid_loss	14347.0167236
batch	8490	valid_loss	14332.8950195
batch	8520	valid_loss	14324.9520264
batch	8550	valid_loss	15711.8430176
batch	8580	valid_loss	14325.0393066
batch	8610	valid_loss	14251.8817139
batch	8640	valid_loss	14382.5284424
batch	8670	valid_loss	14283.4758301
batch	8700	valid_loss	14639.5148926
batch	8730	valid_loss	14518.4997559
batch	8760	valid_loss	14205.0915527
batch	8790	valid_loss	14249.5997314
batch	8820	valid_loss	14201.6173096
batch	8850	valid_loss	14655.2296143
batch	8880	valid_loss	14195.2088623
batch	8910	valid_loss	14138.0754395
batch	8940	valid_loss	14190.4975586
batch	8970	valid_loss	14143.2229004
batch	9000	valid_loss	14139.9373779
batch	9030	valid_loss	14276.8830566
batch	9060	valid_loss	14300.5118408
batch	9090	valid_loss	14154.0695801
batch	9120	valid_loss	14112.0949707
batch	9150	valid_loss	14134.5565186
batch	9180	valid_loss	14126.7114258
batch	9210	valid_loss	14346.6560059
batch	9240	valid_loss	14133.8345947
batch	9270	valid_loss	14119.298584
batch	9300	valid_loss	14089.8043213
batch	9330	valid_loss	14130.9267578
batch	9360	valid_loss	14354.8297119
batch	9390	valid_loss	14095.8140869
batch	9420	valid_loss	14036.0264893
batch	9450	valid_loss	14079.2047119
batch	9480	valid_loss	14043.4345703
batch	9510	valid_loss	14077.8294678
batch	9540	valid_loss	14097.4354248
batch	9570	valid_loss	14059.0056152
batch	9600	valid_loss	14166.4973145
batch	9630	valid_loss	14071.0593262
batch	9660	valid_loss	14079.6931152
batch	9690	valid_loss	13984.7017822
batch	9720	valid_loss	14127.4608154
batch	9750	valid_loss	14009.7640381
batch	9780	valid_loss	13950.7044678
batch	9810	valid_loss	14168.9117432
batch	9840	valid_loss	14084.5823975
batch	9870	valid_loss	14025.8780518
batch	9900	valid_loss	13899.0550537
batch	9930	valid_loss	14388.8348389
batch	9960	valid_loss	14152.7285156
batch	9990	valid_loss	13989.2900391
batch	10020	valid_loss	13932.1773682
batch	10050	valid_loss	13997.3430176
batch	10080	valid_loss	13965.3359375
batch	10110	valid_loss	14000.3145752
batch	10140	valid_loss	14114.8955078
batch	10170	valid_loss	13938.8425293
batch	10200	valid_loss	14240.1105957
batch	10230	valid_loss	13983.9747314
batch	10260	valid_loss	13844.5534668
batch	10290	valid_loss	13948.5280762
batch	10320	valid_loss	14021.6612549
batch	10350	valid_loss	13953.088501
batch	10380	valid_loss	14180.390625
batch	10410	valid_loss	13909.3648682
batch	10440	valid_loss	14386.1827393
batch	10470	valid_loss	13816.2802734
batch	10500	valid_loss	14013.7645264
batch	10530	valid_loss	15034.956543
batch	10560	valid_loss	13899.5430908
batch	10590	valid_loss	13855.3455811
batch	10620	valid_loss	13848.8037109
batch	10650	valid_loss	13899.4509277
batch	10680	valid_loss	14862.4346924
batch	10710	valid_loss	13866.8094482
batch	10740	valid_loss	13802.8890381
batch	10770	valid_loss	14433.1939697
batch	10800	valid_loss	13812.3370361
batch	10830	valid_loss	13942.5405273
batch	10860	valid_loss	13830.2915039
batch	10890	valid_loss	15491.8447266
batch	10920	valid_loss	13833.5410156
batch	10950	valid_loss	13811.8093262
batch	10980	valid_loss	13859.427124
batch	11010	valid_loss	14047.8365479
batch	11040	valid_loss	13744.6763916
batch	11070	valid_loss	13939.5137939
batch	11100	valid_loss	13823.5091553
batch	11130	valid_loss	13918.1413574
batch	11160	valid_loss	13777.1014404
batch	11190	valid_loss	13765.06604
batch	11220	valid_loss	13931.5906982
batch	11250	valid_loss	13707.0012207
batch	11280	valid_loss	13809.6732178
batch	11310	valid_loss	13899.2424316
batch	11340	valid_loss	13711.8343506
batch	11370	valid_loss	13769.3446045
batch	11400	valid_loss	14079.7076416
batch	11430	valid_loss	13807.701416
batch	11460	valid_loss	13965.0511475
batch	11490	valid_loss	13725.1417236
batch	11520	valid_loss	13823.1414795
batch	11550	valid_loss	13940.3635254
batch	11580	valid_loss	13709.109375
batch	11610	valid_loss	13736.3924561
batch	11640	valid_loss	14030.1170654
batch	11670	valid_loss	13683.3361816
batch	11700	valid_loss	14851.9261475
batch	11730	valid_loss	13771.138916
batch	11760	valid_loss	13731.1481934
batch	11790	valid_loss	13737.302124
batch	11820	valid_loss	14052.9450684
batch	11850	valid_loss	13661.4984131
batch	11880	valid_loss	13730.934082
batch	11910	valid_loss	13676.6790771
batch	11940	valid_loss	15163.1005859
batch	11970	valid_loss	13705.9421387
batch	12000	valid_loss	13726.4464111
batch	12030	valid_loss	13678.2888184
batch	12060	valid_loss	14067.6418457
batch	12090	valid_loss	13645.1287842
batch	12120	valid_loss	13700.3522949
batch	12150	valid_loss	13778.7236328
batch	12180	valid_loss	13683.6031494
batch	12210	valid_loss	13683.0109863
batch	12240	valid_loss	14011.0428467
batch	12270	valid_loss	13858.5393066
batch	12300	valid_loss	13639.3460693
batch	12330	valid_loss	13675.5557861
batch	12360	valid_loss	13699.4516602
batch	12390	valid_loss	13690.8792725
batch	12420	valid_loss	13848.1707764
batch	12450	valid_loss	13728.7486572
batch	12480	valid_loss	13691.9744873
batch	12510	valid_loss	13661.9384766
batch	12540	valid_loss	13707.3508301
batch	12570	valid_loss	14420.244873
batch	12600	valid_loss	13603.5880127
batch	12630	valid_loss	13823.4442139
batch	12660	valid_loss	13714.9951172
batch	12690	valid_loss	13816.1032715
batch	12720	valid_loss	13675.862915
batch	12750	valid_loss	13670.6463623
batch	12780	valid_loss	13912.2420654
batch	12810	valid_loss	13609.8035889
batch	12840	valid_loss	13672.1844482
batch	12870	valid_loss	14355.9134521
batch	12900	valid_loss	13588.7775879
batch	12930	valid_loss	13603.2608643
batch	12960	valid_loss	13828.3929443
batch	12990	valid_loss	13636.6912842
batch	13020	valid_loss	13557.1791992
batch	13050	valid_loss	13621.2547607
batch	13080	valid_loss	13930.6772461
batch	13110	valid_loss	13660.7341309
batch	13140	valid_loss	13734.2443848
batch	13170	valid_loss	13651.9564209
batch	13200	valid_loss	13634.1241455
batch	13230	valid_loss	13539.6119385
batch	13260	valid_loss	14203.932373
batch	13290	valid_loss	13555.8676758
batch	13320	valid_loss	13529.7536621
batch	13350	valid_loss	13619.869751
batch	13380	valid_loss	13569.3969727
batch	13410	valid_loss	13670.2194824
batch	13440	valid_loss	13663.6446533
batch	13470	valid_loss	13631.5354004
batch	13500	valid_loss	13584.4759521
batch	13530	valid_loss	13780.9204102
batch	13560	valid_loss	13944.7474365
batch	13590	valid_loss	13565.9761963
batch	13620	valid_loss	13500.1160889
batch	13650	valid_loss	13492.2515869
batch	13680	valid_loss	13581.932251
batch	13710	valid_loss	13613.0494385
batch	13740	valid_loss	13617.7208252
batch	13770	valid_loss	13670.9042969
batch	13800	valid_loss	14784.4963379
batch	13830	valid_loss	13618.7945557
batch	13860	valid_loss	13543.9658203
batch	13890	valid_loss	14265.0826416
batch	13920	valid_loss	13577.5927734
batch	13950	valid_loss	13774.8068848
batch	13980	valid_loss	13655.9405518
batch	14010	valid_loss	13718.9117432
batch	14040	valid_loss	13886.270752
batch	14070	valid_loss	13582.1248779
batch	14100	valid_loss	14395.730957
batch	14130	valid_loss	13590.4102783
batch	14160	valid_loss	13457.755249
batch	14190	valid_loss	13643.9522705
batch	14220	valid_loss	13624.3109131
batch	14250	valid_loss	13595.2977295
batch	14280	valid_loss	13667.1898193
batch	14310	valid_loss	13578.1606445
batch	14340	valid_loss	13612.0354004
batch	14370	valid_loss	13869.6785889
batch	14400	valid_loss	13518.3754883
batch	14430	valid_loss	14036.5189209
batch	14460	valid_loss	13516.4289551
batch	14490	valid_loss	13492.1706543
batch	14520	valid_loss	13569.7011719
batch	14550	valid_loss	13833.6018066
batch	14580	valid_loss	13591.7868652
batch	14610	valid_loss	13496.0904541
batch	14640	valid_loss	13638.7564697
batch	14670	valid_loss	13640.2932129
batch	14700	valid_loss	13567.6625977
batch	14730	valid_loss	13587.5441895
batch	14760	valid_loss	13542.9213867
batch	14790	valid_loss	15284.6662598
batch	14820	valid_loss	13559.3931885
batch	14850	valid_loss	13508.0574951
batch	14880	valid_loss	13566.9521484
batch	14910	valid_loss	13579.6733398
batch	14940	valid_loss	13431.7843018
batch	14970	valid_loss	13769.6986084
batch	15000	valid_loss	13502.5476074
batch	15030	valid_loss	13540.8699951
batch	15060	valid_loss	13703.1199951
batch	15090	valid_loss	13576.6802979
batch	15120	valid_loss	13802.1561279
batch	15150	valid_loss	13613.0775146
batch	15180	valid_loss	13527.6914062
batch	15210	valid_loss	13480.0708008
batch	15240	valid_loss	14018.8186035
batch	15270	valid_loss	13534.7845459
batch	15300	valid_loss	13567.5948486
batch	15330	valid_loss	13738.2489014
batch	15360	valid_loss	13789.744751
batch	15390	valid_loss	13514.942749
batch	15420	valid_loss	13576.9388428
batch	15450	valid_loss	13528.9902344
batch	15480	valid_loss	13577.2391357
batch	15510	valid_loss	13557.0979004
batch	15540	valid_loss	13457.9306641
batch	15570	valid_loss	13856.8043213
batch	15600	valid_loss	13659.6966553
batch	15630	valid_loss	13486.8619385
batch	15660	valid_loss	13446.923584
batch	15690	valid_loss	13513.3937988
batch	15720	valid_loss	13513.7263184
batch	15750	valid_loss	13729.5258789
batch	15780	valid_loss	13527.0861816
batch	15810	valid_loss	13624.5461426
batch	15840	valid_loss	13432.6958008
batch	15870	valid_loss	13481.5925293
batch	15900	valid_loss	13489.8804932
batch	15930	valid_loss	14476.6945801
batch	15960	valid_loss	13446.5854492
batch	15990	valid_loss	13503.7113037
batch	16020	valid_loss	13446.1241455
batch	16050	valid_loss	13491.2822266
batch	16080	valid_loss	13793.381958
batch	16110	valid_loss	13503.9217529
batch	16140	valid_loss	13461.810791
batch	16170	valid_loss	13579.3341064
batch	16200	valid_loss	13585.0828857
batch	16230	valid_loss	13486.4145508
batch	16260	valid_loss	13449.178833
batch	16290	valid_loss	13702.3607178
batch	16320	valid_loss	13447.5197754
batch	16350	valid_loss	13399.0067139
batch	16380	valid_loss	14669.78125
batch	16410	valid_loss	13438.6413574
batch	16440	valid_loss	13448.0665283
batch	16470	valid_loss	13521.3178711
batch	16500	valid_loss	13660.7971191
batch	16530	valid_loss	13479.5244141
batch	16560	valid_loss	13423.2423096
batch	16590	valid_loss	13411.9781494
batch	16620	valid_loss	13504.5623779
batch	16650	valid_loss	13516.4151611
batch	16680	valid_loss	13843.9610596
batch	16710	valid_loss	13475.126709
batch	16740	valid_loss	13454.0166016
batch	16770	valid_loss	13402.6256104
batch	16800	valid_loss	14110.932373
batch	16830	valid_loss	13498.2875977
batch	16860	valid_loss	13493.0211182
batch	16890	valid_loss	13529.5187988
batch	16920	valid_loss	13928.1534424
batch	16950	valid_loss	13414.2583008
batch	16980	valid_loss	13411.2625732
batch	17010	valid_loss	13875.1280518
batch	17040	valid_loss	13418.2340088
batch	17070	valid_loss	13536.9468994
batch	17100	valid_loss	13622.1900635
batch	17130	valid_loss	13509.7814941
batch	17160	valid_loss	13912.6976318
batch	17190	valid_loss	13428.6760254
batch	17220	valid_loss	13581.0385742
batch	17250	valid_loss	13472.3466797
batch	17280	valid_loss	13596.2148438
batch	17310	valid_loss	13531.0294189
batch	17340	valid_loss	13477.4627686
batch	17370	valid_loss	13509.5394287
batch	17400	valid_loss	13483.34729
batch	17430	valid_loss	13397.1455078
batch	17460	valid_loss	13486.0102539
batch	17490	valid_loss	14064.6282959
batch	17520	valid_loss	13411.7868652
batch	17550	valid_loss	13460.7698975
batch	17580	valid_loss	13379.9287109
batch	17610	valid_loss	13428.5852051
batch	17640	valid_loss	13538.5732422
batch	17670	valid_loss	13434.8737793
batch	17700	valid_loss	13376.102417
batch	17730	valid_loss	13518.9941406
batch	17760	valid_loss	13575.4136963
batch	17790	valid_loss	13388.9926758
batch	17820	valid_loss	13428.8969727
batch	17850	valid_loss	13979.3735352
batch	17880	valid_loss	13335.6254883
batch	17910	valid_loss	13451.6433105
batch	17940	valid_loss	13711.5753174
batch	17970	valid_loss	13399.5810547
batch	18000	valid_loss	13806.3380127
batch	18030	valid_loss	13503.833374
batch	18060	valid_loss	13536.1915283
batch	18090	valid_loss	13462.6761475
batch	18120	valid_loss	13356.0047607
batch	18150	valid_loss	13992.1217041
batch	18180	valid_loss	13391.0494385
batch	18210	valid_loss	13401.2237549
batch	18240	valid_loss	13609.9484863
batch	18270	valid_loss	13398.2611084
batch	18300	valid_loss	13418.1251221
batch	18330	valid_loss	13372.5137939
batch	18360	valid_loss	13481.9627686
batch	18390	valid_loss	13487.0153809
batch	18420	valid_loss	13481.4545898
batch	18450	valid_loss	13555.0837402
batch	18480	valid_loss	13941.402832
batch	18510	valid_loss	13354.7039795
batch	18540	valid_loss	13377.5438232
batch	18570	valid_loss	14872.7133789
batch	18600	valid_loss	13379.8348389
batch	18630	valid_loss	13407.9556885
batch	18660	valid_loss	13440.317749
batch	18690	valid_loss	13433.9295654
batch	18720	valid_loss	13512.4677734
batch	18750	valid_loss	13412.2362061
batch	18780	valid_loss	13348.3327637
batch	18810	valid_loss	13390.6671143
batch	18840	valid_loss	13375.7866211
batch	18870	valid_loss	14058.8591309
batch	18900	valid_loss	13429.737915
batch	18930	valid_loss	13417.4295654
batch	18960	valid_loss	13350.0819092
batch	18990	valid_loss	13546.5093994
batch	19020	valid_loss	13375.1928711
batch	19050	valid_loss	14388.9161377
batch	19080	valid_loss	13366.1048584
batch	19110	valid_loss	13367.2414551
batch	19140	valid_loss	13645.5068359
batch	19170	valid_loss	13360.0924072
batch	19200	valid_loss	13382.4754639
batch	19230	valid_loss	13381.5854492
batch	19260	valid_loss	15350.5343018
batch	19290	valid_loss	13296.6258545
batch	19320	valid_loss	13469.5054932
batch	19350	valid_loss	13404.6643066
batch	19380	valid_loss	13406.6014404
batch	19410	valid_loss	13322.2823486
batch	19440	valid_loss	13431.1099854
batch	19470	valid_loss	13621.9013672
batch	19500	valid_loss	13386.442749
batch	19530	valid_loss	13357.5479736
batch	19560	valid_loss	13555.0524902
batch	19590	valid_loss	13470.6015625
batch	19620	valid_loss	13360.3272705
batch	19650	valid_loss	13558.3276367
batch	19680	valid_loss	13296.5428467
batch	19710	valid_loss	13700.4615479
batch	19740	valid_loss	13357.8192139
batch	19770	valid_loss	13351.1115723
batch	19800	valid_loss	13524.9207764
batch	19830	valid_loss	13393.2644043
batch	19860	valid_loss	13387.5213623
batch	19890	valid_loss	13342.2564697
batch	19920	valid_loss	13557.2044678
batch	19950	valid_loss	13395.2644043
batch	19980	valid_loss	13853.7578125
batch	20010	valid_loss	13391.7053223
batch	20040	valid_loss	13529.0234375
batch	20070	valid_loss	13446.5075684
batch	20100	valid_loss	13310.1257324
batch	20130	valid_loss	14159.9801025
batch	20160	valid_loss	13337.9055176
batch	20190	valid_loss	13307.8737793
batch	20220	valid_loss	13349.1741943
batch	20250	valid_loss	13658.3546143
batch	20280	valid_loss	13432.878418
batch	20310	valid_loss	13375.840332
batch	20340	valid_loss	13455.362915
batch	20370	valid_loss	13368.7109375
batch	20400	valid_loss	13346.5645752
batch	20430	valid_loss	14196.4794922
batch	20460	valid_loss	13300.3603516
batch	20490	valid_loss	13315.9942627
batch	20520	valid_loss	13549.8392334
batch	20550	valid_loss	13293.1624756
batch	20580	valid_loss	13553.7982178
batch	20610	valid_loss	13311.2070312
batch	20640	valid_loss	13476.7093506
batch	20670	valid_loss	13347.6557617
batch	20700	valid_loss	13297.2327881
batch	20730	valid_loss	13298.1104736
batch	20760	valid_loss	14514.5471191
batch	20790	valid_loss	13332.6324463
batch	20820	valid_loss	13282.3172607
batch	20850	valid_loss	13833.0534668
batch	20880	valid_loss	13412.7921143
batch	20910	valid_loss	13510.6605225
batch	20940	valid_loss	13309.8765869
batch	20970	valid_loss	13966.6365967
batch	21000	valid_loss	13257.7271729
batch	21030	valid_loss	13332.3865967
batch	21060	valid_loss	13403.1153564
batch	21090	valid_loss	13276.3626709
batch	21120	valid_loss	13306.0783691
batch	21150	valid_loss	13495.6655273
batch	21180	valid_loss	13304.9510498
batch	21210	valid_loss	13399.6655273
batch	21240	valid_loss	13511.010376
batch	21270	valid_loss	13401.5792236
batch	21300	valid_loss	13262.7479248
batch	21330	valid_loss	13700.8817139
batch	21360	valid_loss	13462.5344238
batch	21390	valid_loss	13462.5576172
batch	21420	valid_loss	13313.6947021
batch	21450	valid_loss	13318.7689209
batch	21480	valid_loss	13557.2993164
batch	21510	valid_loss	13289.1833496
batch	21540	valid_loss	13298.1611328
batch	21570	valid_loss	13348.99646
batch	21600	valid_loss	15016.5150146
batch	21630	valid_loss	13251.1647949
batch	21660	valid_loss	13273.0250244
batch	21690	valid_loss	13276.8399658
batch	21720	valid_loss	13584.2312012
batch	21750	valid_loss	13343.3841553
batch	21780	valid_loss	13293.3480225
batch	21810	valid_loss	13382.3045654
batch	21840	valid_loss	13560.8218994
batch	21870	valid_loss	13315.145874
batch	21900	valid_loss	13275.6959229
batch	21930	valid_loss	13373.534668
batch	21960	valid_loss	13274.2316895
batch	21990	valid_loss	13417.2330322
batch	22020	valid_loss	13249.8796387
batch	22050	valid_loss	13492.2581787
batch	22080	valid_loss	13277.1645508
batch	22110	valid_loss	13295.0635986
batch	22140	valid_loss	13318.5119629
batch	22170	valid_loss	13238.3217773
batch	22200	valid_loss	13339.2792969
batch	22230	valid_loss	13304.0732422
batch	22260	valid_loss	13484.664917
batch	22290	valid_loss	13319.6821289
batch	22320	valid_loss	13239.5865479
batch	22350	valid_loss	13389.8934326
batch	22380	valid_loss	13240.9207764
batch	22410	valid_loss	13171.2293701
batch	22440	valid_loss	14095.6986084
batch	22470	valid_loss	13314.7163086
batch	22500	valid_loss	13212.4333496
batch	22530	valid_loss	13194.4077148
batch	22560	valid_loss	13188.7258301
batch	22590	valid_loss	13297.9573975
batch	22620	valid_loss	13370.9390869
batch	22650	valid_loss	13336.4820557
batch	22680	valid_loss	13311.3493652
batch	22710	valid_loss	13282.1444092
batch	22740	valid_loss	13255.1971436
batch	22770	valid_loss	13489.8056641
batch	22800	valid_loss	13171.3209229
batch	22830	valid_loss	13372.2503662
batch	22860	valid_loss	13216.711792
batch	22890	valid_loss	13434.9873047
batch	22920	valid_loss	13266.6887207
batch	22950	valid_loss	13187.3256836
batch	22980	valid_loss	13654.2636719
batch	23010	valid_loss	13265.8890381
batch	23040	valid_loss	13227.9143066
batch	23070	valid_loss	13415.8093262
batch	23100	valid_loss	13267.6641846
batch	23130	valid_loss	13226.907959
batch	23160	valid_loss	13316.916748
batch	23190	valid_loss	13197.0782471
batch	23220	valid_loss	13301.8044434
batch	23250	valid_loss	13164.9661865
batch	23280	valid_loss	13177.7706299
batch	23310	valid_loss	13293.8392334
batch	23340	valid_loss	13179.881958
batch	23370	valid_loss	13178.7375488
batch	23400	valid_loss	13943.5004883
batch	23430	valid_loss	13246.1333008
batch	23460	valid_loss	13184.1105957
batch	23490	valid_loss	13364.5100098
batch	23520	valid_loss	13143.8580322
batch	23550	valid_loss	13488.8936768
batch	23580	valid_loss	13181.2336426
batch	23610	valid_loss	13206.3249512
batch	23640	valid_loss	13136.0489502
batch	23670	valid_loss	13297.1162109
batch	23700	valid_loss	13215.5560303
batch	23730	valid_loss	13141.8101807
batch	23760	valid_loss	13170.0651855
batch	23790	valid_loss	13198.5577393
batch	23820	valid_loss	13195.5810547
batch	23850	valid_loss	13520.1697998
batch	23880	valid_loss	13196.611084
batch	23910	valid_loss	13161.0693359
batch	23940	valid_loss	13144.6130371
batch	23970	valid_loss	13084.8696289
batch	24000	valid_loss	14705.8449707
batch	24030	valid_loss	13132.8613281
batch	24060	valid_loss	13110.9771729
batch	24090	valid_loss	13202.932373
batch	24120	valid_loss	13131.625
batch	24150	valid_loss	13587.6955566
batch	24180	valid_loss	13161.6312256
batch	24210	valid_loss	13117.3775635
batch	24240	valid_loss	13212.270752
batch	24270	valid_loss	13155.1715088
batch	24300	valid_loss	14243.605835
batch	24330	valid_loss	13198.434082
batch	24360	valid_loss	13082.9810791
batch	24390	valid_loss	13244.2030029
batch	24420	valid_loss	13047.7541504
batch	24450	valid_loss	13130.4453125
batch	24480	valid_loss	14912.0991211
batch	24510	valid_loss	13196.8885498
batch	24540	valid_loss	13137.0024414
batch	24570	valid_loss	13138.1724854
batch	24600	valid_loss	13148.84021
batch	24630	valid_loss	13946.3394775
batch	24660	valid_loss	13189.2209473
batch	24690	valid_loss	13148.9448242
batch	24720	valid_loss	13205.9393311
batch	24750	valid_loss	13096.3065186
batch	24780	valid_loss	13393.7348633
batch	24810	valid_loss	13116.2457275
batch	24840	valid_loss	13404.0324707
batch	24870	valid_loss	13126.8887939
batch	24900	valid_loss	13093.7973633
batch	24930	valid_loss	13123.1033936
batch	24960	valid_loss	13568.9404297
batch	24990	valid_loss	13113.2009277
STOP
START
config	540	220	540	960
batch	0	valid_loss	6684922.75
batch	30	valid_loss	153929.376953
batch	60	valid_loss	102029.68457
batch	90	valid_loss	99607.2978516
batch	120	valid_loss	99444.2470703
batch	150	valid_loss	99384.4726562
batch	180	valid_loss	99323.1816406
batch	210	valid_loss	99270.0283203
batch	240	valid_loss	99182.7626953
batch	270	valid_loss	99036.0615234
batch	300	valid_loss	98843.3701172
batch	330	valid_loss	98428.5302734
batch	360	valid_loss	97924.1308594
batch	390	valid_loss	96734.453125
batch	420	valid_loss	94867.6210938
batch	450	valid_loss	92765.6484375
batch	480	valid_loss	91045.3896484
batch	510	valid_loss	89999.2016602
batch	540	valid_loss	89368.8339844
batch	570	valid_loss	88733.8740234
batch	600	valid_loss	88129.3608398
batch	630	valid_loss	87500.2670898
batch	660	valid_loss	86653.1396484
batch	690	valid_loss	85734.3759766
batch	720	valid_loss	84638.4345703
batch	750	valid_loss	83477.9169922
batch	780	valid_loss	82200.4155273
batch	810	valid_loss	80953.9863281
batch	840	valid_loss	79710.7216797
batch	870	valid_loss	78509.9692383
batch	900	valid_loss	77233.1474609
batch	930	valid_loss	75871.3881836
batch	960	valid_loss	74479.4633789
batch	990	valid_loss	73265.7084961
batch	1020	valid_loss	71838.0859375
batch	1050	valid_loss	70592.3505859
batch	1080	valid_loss	69183.753418
batch	1110	valid_loss	67877.6040039
batch	1140	valid_loss	66568.4365234
batch	1170	valid_loss	65279.0874023
batch	1200	valid_loss	64015.9033203
batch	1230	valid_loss	62737.3203125
batch	1260	valid_loss	61491.7011719
batch	1290	valid_loss	60304.5029297
batch	1320	valid_loss	59058.5209961
batch	1350	valid_loss	57885.0610352
batch	1380	valid_loss	56775.7138672
batch	1410	valid_loss	55607.4145508
batch	1440	valid_loss	54491.6801758
batch	1470	valid_loss	53335.3320312
batch	1500	valid_loss	52300.6040039
batch	1530	valid_loss	51294.0986328
batch	1560	valid_loss	50331.0390625
batch	1590	valid_loss	49343.0268555
batch	1620	valid_loss	48313.6503906
batch	1650	valid_loss	47386.9423828
batch	1680	valid_loss	46571.4833984
batch	1710	valid_loss	45633.6425781
batch	1740	valid_loss	44844.2734375
batch	1770	valid_loss	43917.8088379
batch	1800	valid_loss	43171.4069824
batch	1830	valid_loss	42544.6118164
batch	1860	valid_loss	41734.0637207
batch	1890	valid_loss	40986.6582031
batch	1920	valid_loss	40294.5969238
batch	1950	valid_loss	39691.0148926
batch	1980	valid_loss	38999.0375977
batch	2010	valid_loss	38496.1848145
batch	2040	valid_loss	37762.7629395
batch	2070	valid_loss	37193.0649414
batch	2100	valid_loss	36712.4760742
batch	2130	valid_loss	36116.0759277
batch	2160	valid_loss	35560.5510254
batch	2190	valid_loss	35075.4985352
batch	2220	valid_loss	34557.8496094
batch	2250	valid_loss	34126.6887207
batch	2280	valid_loss	33720.6809082
batch	2310	valid_loss	33238.2507324
batch	2340	valid_loss	32850.5178223
batch	2370	valid_loss	32492.5344238
batch	2400	valid_loss	32068.0866699
batch	2430	valid_loss	31737.3427734
batch	2460	valid_loss	31313.4533691
batch	2490	valid_loss	30953.8356934
batch	2520	valid_loss	30464.1018066
batch	2550	valid_loss	30175.2546387
batch	2580	valid_loss	29922.8540039
batch	2610	valid_loss	29536.4338379
batch	2640	valid_loss	29329.1374512
batch	2670	valid_loss	28887.6274414
batch	2700	valid_loss	28636.6618652
batch	2730	valid_loss	28362.0517578
batch	2760	valid_loss	28163.0939941
batch	2790	valid_loss	27770.0561523
batch	2820	valid_loss	27506.9226074
batch	2850	valid_loss	27296.5495605
batch	2880	valid_loss	26983.1264648
batch	2910	valid_loss	26783.8032227
batch	2940	valid_loss	26614.2744141
batch	2970	valid_loss	26243.0932617
batch	3000	valid_loss	26116.7966309
batch	3030	valid_loss	25841.392334
batch	3060	valid_loss	25628.1264648
batch	3090	valid_loss	25400.9702148
batch	3120	valid_loss	25131.2912598
batch	3150	valid_loss	24874.7341309
batch	3180	valid_loss	24631.9829102
batch	3210	valid_loss	24570.4279785
batch	3240	valid_loss	24430.6818848
batch	3270	valid_loss	24277.0844727
batch	3300	valid_loss	24060.4013672
batch	3330	valid_loss	23794.6459961
batch	3360	valid_loss	23768.4736328
batch	3390	valid_loss	23576.0297852
batch	3420	valid_loss	23530.7113037
batch	3450	valid_loss	23084.203125
batch	3480	valid_loss	22958.847168
batch	3510	valid_loss	22916.067627
batch	3540	valid_loss	22753.0418701
batch	3570	valid_loss	22506.557251
batch	3600	valid_loss	22334.6932373
batch	3630	valid_loss	22257.2421875
batch	3660	valid_loss	22239.6185303
batch	3690	valid_loss	21984.4910889
batch	3720	valid_loss	21811.9224854
batch	3750	valid_loss	21575.102417
batch	3780	valid_loss	21428.5678711
batch	3810	valid_loss	21365.9742432
batch	3840	valid_loss	21288.3660889
batch	3870	valid_loss	21229.767334
batch	3900	valid_loss	20976.8751221
batch	3930	valid_loss	20892.8798828
batch	3960	valid_loss	20740.9621582
batch	3990	valid_loss	21003.651123
batch	4020	valid_loss	20458.7971191
batch	4050	valid_loss	20398.6955566
batch	4080	valid_loss	20244.8978271
batch	4110	valid_loss	20139.4549561
batch	4140	valid_loss	20242.8040771
batch	4170	valid_loss	20024.6422119
batch	4200	valid_loss	20235.6190186
batch	4230	valid_loss	19732.9056396
batch	4260	valid_loss	19989.6148682
batch	4290	valid_loss	19583.4222412
batch	4320	valid_loss	19466.9772949
batch	4350	valid_loss	19376.6848145
batch	4380	valid_loss	19230.0423584
batch	4410	valid_loss	19283.4224854
batch	4440	valid_loss	19029.8028564
batch	4470	valid_loss	19021.5162354
batch	4500	valid_loss	18905.3327637
batch	4530	valid_loss	18836.3392334
batch	4560	valid_loss	18669.736084
batch	4590	valid_loss	18837.9958496
batch	4620	valid_loss	18590.7509766
batch	4650	valid_loss	18430.5371094
batch	4680	valid_loss	18492.986084
batch	4710	valid_loss	18277.2336426
batch	4740	valid_loss	18145.3087158
batch	4770	valid_loss	18588.157959
batch	4800	valid_loss	18375.1459961
batch	4830	valid_loss	18089.3624268
batch	4860	valid_loss	17942.2167969
batch	4890	valid_loss	18063.3830566
batch	4920	valid_loss	18159.9069824
batch	4950	valid_loss	17736.1335449
batch	4980	valid_loss	18339.2615967
batch	5010	valid_loss	17598.9626465
batch	5040	valid_loss	17471.4707031
batch	5070	valid_loss	17549.2747803
batch	5100	valid_loss	17481.0921631
batch	5130	valid_loss	17348.9873047
batch	5160	valid_loss	17284.6446533
batch	5190	valid_loss	17445.68396
batch	5220	valid_loss	17283.4735107
batch	5250	valid_loss	17120.3945312
batch	5280	valid_loss	17056.171875
batch	5310	valid_loss	16968.1409912
batch	5340	valid_loss	16934.9785156
batch	5370	valid_loss	17485.5118408
batch	5400	valid_loss	16861.5695801
batch	5430	valid_loss	16700.2099609
batch	5460	valid_loss	16854.37146
batch	5490	valid_loss	16658.2005615
batch	5520	valid_loss	16551.4724121
batch	5550	valid_loss	16622.3754883
batch	5580	valid_loss	16709.1654053
batch	5610	valid_loss	16509.2709961
batch	5640	valid_loss	16408.2192383
batch	5670	valid_loss	16606.4244385
batch	5700	valid_loss	16423.1433105
batch	5730	valid_loss	16376.2546387
batch	5760	valid_loss	16337.0041504
batch	5790	valid_loss	16315.7786865
batch	5820	valid_loss	16309.2138672
batch	5850	valid_loss	16292.748291
batch	5880	valid_loss	16127.2435303
batch	5910	valid_loss	16090.9512939
batch	5940	valid_loss	16063.3989258
batch	5970	valid_loss	15972.8945312
batch	6000	valid_loss	16227.2559814
batch	6030	valid_loss	15843.7293701
batch	6060	valid_loss	15877.7406006
batch	6090	valid_loss	15830.3265381
batch	6120	valid_loss	17299.0039062
batch	6150	valid_loss	15781.1977539
batch	6180	valid_loss	15678.2825928
batch	6210	valid_loss	15605.3981934
batch	6240	valid_loss	16087.4382324
batch	6270	valid_loss	15585.6105957
batch	6300	valid_loss	16108.4302979
batch	6330	valid_loss	15645.2896729
batch	6360	valid_loss	15545.1610107
batch	6390	valid_loss	15601.9663086
batch	6420	valid_loss	15495.4174805
batch	6450	valid_loss	15704.739624
batch	6480	valid_loss	15420.9934082
batch	6510	valid_loss	15586.7589111
batch	6540	valid_loss	15335.8867188
batch	6570	valid_loss	15657.5187988
batch	6600	valid_loss	15249.2800293
batch	6630	valid_loss	15309.6040039
batch	6660	valid_loss	15384.2856445
batch	6690	valid_loss	15235.1483154
batch	6720	valid_loss	15245.5683594
batch	6750	valid_loss	15237.8419189
batch	6780	valid_loss	15253.9075928
batch	6810	valid_loss	15399.3339844
batch	6840	valid_loss	15055.0926514
batch	6870	valid_loss	15004.0030518
batch	6900	valid_loss	15283.2913818
batch	6930	valid_loss	15225.2670898
batch	6960	valid_loss	14929.4141846
batch	6990	valid_loss	15892.744751
batch	7020	valid_loss	15003.8587646
batch	7050	valid_loss	15014.9881592
batch	7080	valid_loss	15015.8945312
batch	7110	valid_loss	14814.1473389
batch	7140	valid_loss	14793.6474609
batch	7170	valid_loss	15103.2409668
batch	7200	valid_loss	14815.7751465
batch	7230	valid_loss	14716.9124756
batch	7260	valid_loss	14838.9482422
batch	7290	valid_loss	14770.597168
batch	7320	valid_loss	15938.5458984
batch	7350	valid_loss	14687.1872559
batch	7380	valid_loss	14691.8309326
batch	7410	valid_loss	14903.8444824
batch	7440	valid_loss	14706.1118164
batch	7470	valid_loss	14624.9259033
batch	7500	valid_loss	15117.7253418
batch	7530	valid_loss	14617.2322998
batch	7560	valid_loss	15426.1037598
batch	7590	valid_loss	14508.9160156
batch	7620	valid_loss	14564.1218262
batch	7650	valid_loss	15205.2106934
batch	7680	valid_loss	14623.982666
batch	7710	valid_loss	14532.2988281
batch	7740	valid_loss	14743.8125
batch	7770	valid_loss	14443.2000732
batch	7800	valid_loss	14466.7354736
batch	7830	valid_loss	14433.675415
batch	7860	valid_loss	14522.1411133
batch	7890	valid_loss	14484.7843018
batch	7920	valid_loss	14415.4095459
batch	7950	valid_loss	14478.302124
batch	7980	valid_loss	14626.2416992
batch	8010	valid_loss	14507.2132568
batch	8040	valid_loss	14430.1213379
batch	8070	valid_loss	14659.8383789
batch	8100	valid_loss	14392.0773926
batch	8130	valid_loss	14310.5855713
batch	8160	valid_loss	14586.7728271
batch	8190	valid_loss	14324.494873
batch	8220	valid_loss	14247.8082275
batch	8250	valid_loss	14272.1860352
batch	8280	valid_loss	14217.4901123
batch	8310	valid_loss	14457.4395752
batch	8340	valid_loss	14312.2561035
batch	8370	valid_loss	14250.7436523
batch	8400	valid_loss	14327.9671631
batch	8430	valid_loss	14187.1966553
batch	8460	valid_loss	14169.4621582
batch	8490	valid_loss	14280.2541504
batch	8520	valid_loss	14230.536499
batch	8550	valid_loss	14146.3155518
batch	8580	valid_loss	14244.0023193
batch	8610	valid_loss	14259.5344238
batch	8640	valid_loss	14102.9389648
batch	8670	valid_loss	14136.1456299
batch	8700	valid_loss	14287.635498
batch	8730	valid_loss	14216.5539551
batch	8760	valid_loss	14080.1243896
batch	8790	valid_loss	14103.0513916
batch	8820	valid_loss	14207.6851807
batch	8850	valid_loss	14191.0871582
batch	8880	valid_loss	14500.9547119
batch	8910	valid_loss	14123.2492676
batch	8940	valid_loss	14049.5185547
batch	8970	valid_loss	15741.7496338
batch	9000	valid_loss	14117.9946289
batch	9030	valid_loss	14125.2445068
batch	9060	valid_loss	14022.3282471
batch	9090	valid_loss	14044.7121582
batch	9120	valid_loss	17621.4790039
batch	9150	valid_loss	14023.9689941
batch	9180	valid_loss	14063.3884277
batch	9210	valid_loss	14004.1959229
batch	9240	valid_loss	14035.6518555
batch	9270	valid_loss	14137.1665039
batch	9300	valid_loss	14054.8924561
batch	9330	valid_loss	13933.0310059
batch	9360	valid_loss	13954.3961182
batch	9390	valid_loss	14370.3780518
batch	9420	valid_loss	13998.524292
batch	9450	valid_loss	14078.6235352
batch	9480	valid_loss	14352.6403809
batch	9510	valid_loss	13966.6588135
batch	9540	valid_loss	14054.0894775
batch	9570	valid_loss	14051.7227783
batch	9600	valid_loss	13935.498291
batch	9630	valid_loss	14569.244873
batch	9660	valid_loss	13983.6676025
batch	9690	valid_loss	13872.6722412
batch	9720	valid_loss	14029.4536133
batch	9750	valid_loss	13919.8005371
batch	9780	valid_loss	13890.1184082
batch	9810	valid_loss	15339.3498535
batch	9840	valid_loss	13850.2369385
batch	9870	valid_loss	13990.5126953
batch	9900	valid_loss	13906.1552734
batch	9930	valid_loss	14203.5588379
batch	9960	valid_loss	13833.046875
batch	9990	valid_loss	14486.2873535
batch	10020	valid_loss	13886.7648926
batch	10050	valid_loss	13858.0698242
batch	10080	valid_loss	13887.0028076
batch	10110	valid_loss	14646.6113281
batch	10140	valid_loss	13829.9503174
batch	10170	valid_loss	13980.5057373
batch	10200	valid_loss	14534.8067627
batch	10230	valid_loss	13806.6014404
batch	10260	valid_loss	14273.6560059
batch	10290	valid_loss	13922.8702393
batch	10320	valid_loss	14688.4228516
batch	10350	valid_loss	13805.7579346
batch	10380	valid_loss	13828.1427002
batch	10410	valid_loss	13759.9615479
batch	10440	valid_loss	13900.0339355
batch	10470	valid_loss	13995.9696045
batch	10500	valid_loss	13729.2658691
batch	10530	valid_loss	13729.0178223
batch	10560	valid_loss	13778.8741455
batch	10590	valid_loss	13846.1947021
batch	10620	valid_loss	13726.9460449
batch	10650	valid_loss	13940.0429688
batch	10680	valid_loss	13770.4916992
batch	10710	valid_loss	13743.9702148
batch	10740	valid_loss	13773.9260254
batch	10770	valid_loss	13756.0927734
batch	10800	valid_loss	14290.8951416
batch	10830	valid_loss	13755.4703369
batch	10860	valid_loss	13731.017334
batch	10890	valid_loss	14014.3326416
batch	10920	valid_loss	13722.822998
batch	10950	valid_loss	13648.1523438
batch	10980	valid_loss	13699.2757568
batch	11010	valid_loss	13743.0279541
batch	11040	valid_loss	13923.2596436
batch	11070	valid_loss	13804.2037354
batch	11100	valid_loss	13767.3166504
batch	11130	valid_loss	14105.5550537
batch	11160	valid_loss	13686.0843506
batch	11190	valid_loss	13712.6934814
batch	11220	valid_loss	14884.0812988
batch	11250	valid_loss	13671.7093506
batch	11280	valid_loss	13669.5297852
batch	11310	valid_loss	13697.4846191
batch	11340	valid_loss	14384.4580078
batch	11370	valid_loss	13687.9381104
batch	11400	valid_loss	13649.9121094
batch	11430	valid_loss	13855.1729736
batch	11460	valid_loss	13659.3881836
batch	11490	valid_loss	13626.6229248
batch	11520	valid_loss	13995.7154541
batch	11550	valid_loss	13738.0598145
batch	11580	valid_loss	13651.0957031
batch	11610	valid_loss	13682.6204834
batch	11640	valid_loss	13687.0408936
batch	11670	valid_loss	13724.9992676
batch	11700	valid_loss	13746.5797119
batch	11730	valid_loss	13613.2365723
batch	11760	valid_loss	13567.2786865
batch	11790	valid_loss	13643.019165
batch	11820	valid_loss	13700.7800293
batch	11850	valid_loss	13679.8057861
batch	11880	valid_loss	13637.2823486
batch	11910	valid_loss	13842.6879883
batch	11940	valid_loss	13633.501709
batch	11970	valid_loss	13602.2617188
batch	12000	valid_loss	15527.8460693
batch	12030	valid_loss	13616.0888672
batch	12060	valid_loss	13616.416748
batch	12090	valid_loss	13564.2854004
batch	12120	valid_loss	13602.2692871
batch	12150	valid_loss	13956.1948242
batch	12180	valid_loss	13564.6584473
batch	12210	valid_loss	13638.4169922
batch	12240	valid_loss	13713.9217529
batch	12270	valid_loss	13555.1151123
batch	12300	valid_loss	13785.0137939
batch	12330	valid_loss	13641.5019531
batch	12360	valid_loss	13575.8527832
batch	12390	valid_loss	13642.5343018
batch	12420	valid_loss	13577.0472412
batch	12450	valid_loss	13565.0463867
batch	12480	valid_loss	13612.4034424
batch	12510	valid_loss	13556.9371338
batch	12540	valid_loss	13615.2512207
batch	12570	valid_loss	13615.7219238
batch	12600	valid_loss	13582.4396973
batch	12630	valid_loss	13851.4472656
batch	12660	valid_loss	13600.6217041
batch	12690	valid_loss	13602.3354492
batch	12720	valid_loss	13530.2265625
batch	12750	valid_loss	13819.5455322
batch	12780	valid_loss	13740.529541
batch	12810	valid_loss	13498.8894043
batch	12840	valid_loss	13593.3236084
batch	12870	valid_loss	13744.1326904
batch	12900	valid_loss	13577.4571533
batch	12930	valid_loss	13559.6080322
batch	12960	valid_loss	13518.2353516
batch	12990	valid_loss	13584.5009766
batch	13020	valid_loss	13790.9223633
batch	13050	valid_loss	13509.12146
batch	13080	valid_loss	13977.3717041
batch	13110	valid_loss	13581.6905518
batch	13140	valid_loss	13518.8925781
batch	13170	valid_loss	13752.045166
batch	13200	valid_loss	13490.2008057
batch	13230	valid_loss	13494.9179688
batch	13260	valid_loss	13736.0645752
batch	13290	valid_loss	13504.1541748
batch	13320	valid_loss	13485.800415
batch	13350	valid_loss	13523.9962158
batch	13380	valid_loss	14051.890625
batch	13410	valid_loss	13546.012207
batch	13440	valid_loss	13451.4733887
batch	13470	valid_loss	13619.15979
batch	13500	valid_loss	13477.8845215
batch	13530	valid_loss	13492.2366943
batch	13560	valid_loss	13612.7001953
batch	13590	valid_loss	13493.3686523
batch	13620	valid_loss	13473.9002686
batch	13650	valid_loss	13553.1621094
batch	13680	valid_loss	13559.1585693
batch	13710	valid_loss	13520.2906494
batch	13740	valid_loss	13455.7875977
batch	13770	valid_loss	13924.0029297
batch	13800	valid_loss	13536.3658447
batch	13830	valid_loss	13618.8668213
batch	13860	valid_loss	13537.7944336
batch	13890	valid_loss	14697.2279053
batch	13920	valid_loss	13508.5744629
batch	13950	valid_loss	13496.7768555
batch	13980	valid_loss	13886.0084229
batch	14010	valid_loss	13575.1057129
batch	14040	valid_loss	13488.4831543
batch	14070	valid_loss	13497.8044434
batch	14100	valid_loss	13648.9932861
batch	14130	valid_loss	13512.8764648
batch	14160	valid_loss	13414.6999512
batch	14190	valid_loss	13827.5639648
batch	14220	valid_loss	13577.6469727
batch	14250	valid_loss	13894.7955322
batch	14280	valid_loss	13433.1854248
batch	14310	valid_loss	13679.2329102
batch	14340	valid_loss	13524.5214844
batch	14370	valid_loss	13432.9050293
batch	14400	valid_loss	13936.364502
batch	14430	valid_loss	13457.5223389
batch	14460	valid_loss	13405.9830322
batch	14490	valid_loss	13459.0585938
batch	14520	valid_loss	13395.3835449
batch	14550	valid_loss	13792.7460938
batch	14580	valid_loss	13350.380127
batch	14610	valid_loss	13424.1844482
batch	14640	valid_loss	14301.4619141
batch	14670	valid_loss	13442.1323242
batch	14700	valid_loss	13416.371582
batch	14730	valid_loss	14140.3511963
batch	14760	valid_loss	13432.3599854
batch	14790	valid_loss	13420.2451172
batch	14820	valid_loss	13588.7497559
batch	14850	valid_loss	13438.8233643
batch	14880	valid_loss	13414.2600098
batch	14910	valid_loss	13453.8577881
batch	14940	valid_loss	13528.9519043
batch	14970	valid_loss	13425.8731689
batch	15000	valid_loss	13381.0540771
batch	15030	valid_loss	13537.7871094
batch	15060	valid_loss	13456.9654541
batch	15090	valid_loss	13416.0043945
batch	15120	valid_loss	13703.7370605
batch	15150	valid_loss	13481.2231445
batch	15180	valid_loss	13399.7403564
batch	15210	valid_loss	13423.3270264
batch	15240	valid_loss	14191.3275146
batch	15270	valid_loss	13370.2271729
batch	15300	valid_loss	13357.9921875
batch	15330	valid_loss	14025.1915283
batch	15360	valid_loss	13435.9779053
batch	15390	valid_loss	13493.90625
batch	15420	valid_loss	13566.7868652
batch	15450	valid_loss	13425.7736816
batch	15480	valid_loss	14287.2935791
batch	15510	valid_loss	13454.4853516
batch	15540	valid_loss	13380.892334
batch	15570	valid_loss	13522.4205322
batch	15600	valid_loss	13767.1132812
batch	15630	valid_loss	13366.9991455
batch	15660	valid_loss	13557.7995605
batch	15690	valid_loss	13436.9302979
batch	15720	valid_loss	13681.3883057
batch	15750	valid_loss	13560.5546875
batch	15780	valid_loss	13449.253418
batch	15810	valid_loss	13462.9040527
batch	15840	valid_loss	13635.1241455
batch	15870	valid_loss	13379.2401123
batch	15900	valid_loss	13623.5895996
batch	15930	valid_loss	13350.1896973
batch	15960	valid_loss	13433.8100586
batch	15990	valid_loss	14122.1329346
batch	16020	valid_loss	13412.2772217
batch	16050	valid_loss	13390.4916992
batch	16080	valid_loss	13359.2851562
batch	16110	valid_loss	13629.5820312
batch	16140	valid_loss	13366.8913574
batch	16170	valid_loss	13372.223999
batch	16200	valid_loss	13985.4970703
batch	16230	valid_loss	13399.975708
batch	16260	valid_loss	13348.3570557
batch	16290	valid_loss	13667.4621582
batch	16320	valid_loss	13375.5080566
batch	16350	valid_loss	13597.2740479
batch	16380	valid_loss	13352.0151367
batch	16410	valid_loss	13656.9432373
batch	16440	valid_loss	13386.557251
batch	16470	valid_loss	13501.3569336
batch	16500	valid_loss	13332.0236816
batch	16530	valid_loss	13559.1439209
batch	16560	valid_loss	13298.8270264
batch	16590	valid_loss	13831.0582275
batch	16620	valid_loss	13330.388916
batch	16650	valid_loss	13452.3122559
batch	16680	valid_loss	13832.4200439
batch	16710	valid_loss	13536.5006104
batch	16740	valid_loss	13327.7536621
batch	16770	valid_loss	13292.9842529
batch	16800	valid_loss	13347.083252
batch	16830	valid_loss	13493.9013672
batch	16860	valid_loss	13376.0057373
batch	16890	valid_loss	13443.0533447
batch	16920	valid_loss	13427.8382568
batch	16950	valid_loss	13361.8778076
batch	16980	valid_loss	13497.3933105
batch	17010	valid_loss	13444.427002
batch	17040	valid_loss	13390.9786377
batch	17070	valid_loss	13387.3482666
batch	17100	valid_loss	13309.5733643
batch	17130	valid_loss	14270.4287109
batch	17160	valid_loss	13422.7889404
batch	17190	valid_loss	13296.2537842
batch	17220	valid_loss	13693.7929688
batch	17250	valid_loss	13398.9383545
batch	17280	valid_loss	13528.6856689
batch	17310	valid_loss	13814.7105713
batch	17340	valid_loss	13392.8204346
batch	17370	valid_loss	13405.4119873
batch	17400	valid_loss	13462.2867432
batch	17430	valid_loss	13407.3267822
batch	17460	valid_loss	13380.5499268
batch	17490	valid_loss	13611.2763672
batch	17520	valid_loss	13379.8436279
batch	17550	valid_loss	13500.0822754
batch	17580	valid_loss	13359.2055664
batch	17610	valid_loss	13306.6256104
batch	17640	valid_loss	13354.8995361
batch	17670	valid_loss	13344.6459961
batch	17700	valid_loss	13434.4642334
batch	17730	valid_loss	13307.4056396
batch	17760	valid_loss	13343.7382812
batch	17790	valid_loss	13321.2647705
batch	17820	valid_loss	14297.6940918
batch	17850	valid_loss	13290.3334961
batch	17880	valid_loss	13514.3696289
batch	17910	valid_loss	13320.7803955
batch	17940	valid_loss	14280.984375
batch	17970	valid_loss	13290.6235352
batch	18000	valid_loss	13295.760498
batch	18030	valid_loss	13352.2467041
batch	18060	valid_loss	14643.1291504
batch	18090	valid_loss	13306.8154297
batch	18120	valid_loss	13220.3092041
batch	18150	valid_loss	13282.7347412
batch	18180	valid_loss	13420.4260254
batch	18210	valid_loss	13474.5490723
batch	18240	valid_loss	13402.7280273
batch	18270	valid_loss	13327.3474121
batch	18300	valid_loss	13426.6828613
batch	18330	valid_loss	13568.3933105
batch	18360	valid_loss	13271.7137451
batch	18390	valid_loss	13242.0423584
batch	18420	valid_loss	13313.8405762
batch	18450	valid_loss	14359.1966553
batch	18480	valid_loss	13321.8442383
batch	18510	valid_loss	13307.0187988
batch	18540	valid_loss	13327.5338135
batch	18570	valid_loss	13662.0163574
batch	18600	valid_loss	13296.5786133
batch	18630	valid_loss	13290.1524658
batch	18660	valid_loss	13628.0568848
batch	18690	valid_loss	13564.2913818
batch	18720	valid_loss	13392.2286377
batch	18750	valid_loss	13337.8652344
batch	18780	valid_loss	13323.2089844
batch	18810	valid_loss	13362.1516113
batch	18840	valid_loss	13852.1033936
batch	18870	valid_loss	13353.3435059
batch	18900	valid_loss	13334.0843506
batch	18930	valid_loss	13232.9796143
batch	18960	valid_loss	13372.0233154
batch	18990	valid_loss	13445.1536865
batch	19020	valid_loss	13293.8482666
batch	19050	valid_loss	13257.8769531
batch	19080	valid_loss	13233.6428223
batch	19110	valid_loss	13382.6116943
batch	19140	valid_loss	13261.6939697
batch	19170	valid_loss	13359.6340332
batch	19200	valid_loss	13305.6920166
batch	19230	valid_loss	13420.326416
batch	19260	valid_loss	13252.3110352
batch	19290	valid_loss	13285.5100098
batch	19320	valid_loss	13663.5654297
batch	19350	valid_loss	13325.2003174
batch	19380	valid_loss	13298.8798828
batch	19410	valid_loss	14133.5906982
batch	19440	valid_loss	13242.032959
batch	19470	valid_loss	13262.3132324
batch	19500	valid_loss	13392.43396
batch	19530	valid_loss	13264.1015625
batch	19560	valid_loss	13728.2052002
batch	19590	valid_loss	13333.6784668
batch	19620	valid_loss	13204.5892334
batch	19650	valid_loss	13289.7524414
batch	19680	valid_loss	13305.0604248
batch	19710	valid_loss	13488.3410645
batch	19740	valid_loss	13270.9205322
batch	19770	valid_loss	13291.2011719
batch	19800	valid_loss	13396.7171631
batch	19830	valid_loss	13274.4294434
batch	19860	valid_loss	13256.2791748
batch	19890	valid_loss	13495.175293
batch	19920	valid_loss	13237.4788818
batch	19950	valid_loss	13223.7467041
batch	19980	valid_loss	13270.1337891
batch	20010	valid_loss	13346.8612061
batch	20040	valid_loss	13701.2871094
batch	20070	valid_loss	13179.6311035
batch	20100	valid_loss	13271.1870117
batch	20130	valid_loss	13258.3146973
batch	20160	valid_loss	13250.2880859
batch	20190	valid_loss	13276.7764893
batch	20220	valid_loss	13451.645752
batch	20250	valid_loss	13253.7385254
batch	20280	valid_loss	13339.6704102
batch	20310	valid_loss	13532.3399658
batch	20340	valid_loss	13294.2047119
batch	20370	valid_loss	13304.6335449
batch	20400	valid_loss	13248.8000488
batch	20430	valid_loss	13393.2285156
batch	20460	valid_loss	13294.1331787
batch	20490	valid_loss	13216.6105957
batch	20520	valid_loss	13362.4470215
batch	20550	valid_loss	13256.3759766
batch	20580	valid_loss	14131.1772461
batch	20610	valid_loss	13258.56604
batch	20640	valid_loss	13348.8417969
batch	20670	valid_loss	13229.9333496
batch	20700	valid_loss	13248.1257324
batch	20730	valid_loss	13826.269043
batch	20760	valid_loss	13207.8266602
batch	20790	valid_loss	13271.0621338
batch	20820	valid_loss	14133.6739502
batch	20850	valid_loss	13227.7878418
batch	20880	valid_loss	13235.0670166
batch	20910	valid_loss	13232.3007812
batch	20940	valid_loss	13274.3325195
batch	20970	valid_loss	13939.2282715
batch	21000	valid_loss	13232.5286865
batch	21030	valid_loss	13211.4941406
batch	21060	valid_loss	13236.6051025
batch	21090	valid_loss	13197.9333496
batch	21120	valid_loss	13450.4642334
batch	21150	valid_loss	13319.324707
batch	21180	valid_loss	13219.4078369
batch	21210	valid_loss	13337.147583
batch	21240	valid_loss	13148.1380615
batch	21270	valid_loss	13173.583252
batch	21300	valid_loss	14106.4858398
batch	21330	valid_loss	13262.2856445
batch	21360	valid_loss	13441.4476318
batch	21390	valid_loss	13302.6096191
batch	21420	valid_loss	13527.1981201
batch	21450	valid_loss	13261.3146973
batch	21480	valid_loss	13238.427002
batch	21510	valid_loss	13242.7156982
batch	21540	valid_loss	13683.1635742
batch	21570	valid_loss	13328.6845703
batch	21600	valid_loss	13250.3692627
batch	21630	valid_loss	13155.7033691
batch	21660	valid_loss	13363.6741943
batch	21690	valid_loss	13413.4744873
batch	21720	valid_loss	13220.4801025
batch	21750	valid_loss	13222.9541016
batch	21780	valid_loss	13194.5614014
batch	21810	valid_loss	13238.2104492
batch	21840	valid_loss	13345.1563721
batch	21870	valid_loss	13261.3588867
batch	21900	valid_loss	13179.6131592
batch	21930	valid_loss	13244.258667
batch	21960	valid_loss	13239.505127
batch	21990	valid_loss	13353.7659912
batch	22020	valid_loss	13244.1092529
batch	22050	valid_loss	13157.1999512
batch	22080	valid_loss	14615.3383789
batch	22110	valid_loss	13252.489624
batch	22140	valid_loss	13213.0534668
batch	22170	valid_loss	13203.5809326
batch	22200	valid_loss	13226.8736572
batch	22230	valid_loss	14070.6459961
batch	22260	valid_loss	13206.3321533
batch	22290	valid_loss	13256.5413818
batch	22320	valid_loss	13185.3111572
batch	22350	valid_loss	13399.536499
batch	22380	valid_loss	13923.0148926
batch	22410	valid_loss	13211.0983887
batch	22440	valid_loss	13271.7006836
batch	22470	valid_loss	13305.3538818
batch	22500	valid_loss	13332.2078857
batch	22530	valid_loss	13208.0817871
batch	22560	valid_loss	13167.7436523
batch	22590	valid_loss	13200.5594482
batch	22620	valid_loss	14024.9122314
batch	22650	valid_loss	13225.8669434
batch	22680	valid_loss	13179.534668
batch	22710	valid_loss	13423.0947266
batch	22740	valid_loss	13224.4648438
batch	22770	valid_loss	14238.7576904
batch	22800	valid_loss	13146.8118896
batch	22830	valid_loss	13140.8903809
batch	22860	valid_loss	13228.5899658
batch	22890	valid_loss	13425.3179932
batch	22920	valid_loss	13300.0952148
batch	22950	valid_loss	13210.5107422
batch	22980	valid_loss	13247.2310791
batch	23010	valid_loss	13538.1647949
batch	23040	valid_loss	13156.8564453
batch	23070	valid_loss	13208.7263184
batch	23100	valid_loss	13206.8964844
batch	23130	valid_loss	13285.1479492
batch	23160	valid_loss	15174.9848633
batch	23190	valid_loss	13134.373291
batch	23220	valid_loss	13214.7186279
batch	23250	valid_loss	13224.0817871
batch	23280	valid_loss	13147.7359619
batch	23310	valid_loss	14844.00354
batch	23340	valid_loss	13177.1746826
batch	23370	valid_loss	13214.8388672
batch	23400	valid_loss	13251.3129883
batch	23430	valid_loss	13229.0732422
batch	23460	valid_loss	13364.3363037
batch	23490	valid_loss	13219.8006592
batch	23520	valid_loss	13159.6387939
batch	23550	valid_loss	13647.2302246
batch	23580	valid_loss	13170.6999512
batch	23610	valid_loss	13152.1208496
batch	23640	valid_loss	13334.0614014
batch	23670	valid_loss	13161.130127
batch	23700	valid_loss	13163.2210693
batch	23730	valid_loss	13148.0356445
batch	23760	valid_loss	13261.5476074
batch	23790	valid_loss	13204.1490479
batch	23820	valid_loss	13191.0686035
batch	23850	valid_loss	13311.1219482
batch	23880	valid_loss	13135.1844482
batch	23910	valid_loss	13186.0424805
batch	23940	valid_loss	13259.0350342
batch	23970	valid_loss	13150.0626221
batch	24000	valid_loss	13189.2650146
batch	24030	valid_loss	13142.8375244
batch	24060	valid_loss	13462.9990234
batch	24090	valid_loss	13148.0507812
batch	24120	valid_loss	13262.2768555
batch	24150	valid_loss	13205.5070801
batch	24180	valid_loss	13391.086792
batch	24210	valid_loss	13186.8685303
batch	24240	valid_loss	13390.9023438
batch	24270	valid_loss	13207.1966553
batch	24300	valid_loss	13123.5644531
batch	24330	valid_loss	13529.7419434
batch	24360	valid_loss	13081.770752
batch	24390	valid_loss	13115.8986816
batch	24420	valid_loss	13225.5500488
batch	24450	valid_loss	13222.2460938
batch	24480	valid_loss	13237.0238037
batch	24510	valid_loss	13492.0322266
batch	24540	valid_loss	13229.6580811
batch	24570	valid_loss	13145.1530762
batch	24600	valid_loss	13573.3084717
batch	24630	valid_loss	13165.6715088
batch	24660	valid_loss	13155.7703857
batch	24690	valid_loss	13309.2410889
batch	24720	valid_loss	13198.7009277
batch	24750	valid_loss	13064.6165771
batch	24780	valid_loss	13185.0698242
batch	24810	valid_loss	13190.8704834
batch	24840	valid_loss	13571.8398438
batch	24870	valid_loss	13123.0758057
batch	24900	valid_loss	13095.7774658
batch	24930	valid_loss	13132.9321289
batch	24960	valid_loss	13744.4958496
batch	24990	valid_loss	13118.1160889
STOP
