START
config	440	120	440	960
batch	0	valid_loss	7133147.125
batch	30	valid_loss	188976.689453
batch	60	valid_loss	123541.790039
batch	90	valid_loss	120331.493164
batch	120	valid_loss	120129.614258
batch	150	valid_loss	120032.874023
batch	180	valid_loss	119964.695312
batch	210	valid_loss	119798.686523
batch	240	valid_loss	119556.328125
batch	270	valid_loss	119228.545898
batch	300	valid_loss	118602.774414
batch	330	valid_loss	117641.801758
batch	360	valid_loss	116094.962891
batch	390	valid_loss	114035.341797
batch	420	valid_loss	112005.530273
batch	450	valid_loss	110424.517578
batch	480	valid_loss	109294.169922
batch	510	valid_loss	108532.240234
batch	540	valid_loss	107934.629883
batch	570	valid_loss	107289.546875
batch	600	valid_loss	106643.996094
batch	630	valid_loss	105889.111328
batch	660	valid_loss	105201.264648
batch	690	valid_loss	104517.5625
batch	720	valid_loss	103668.334961
batch	750	valid_loss	102920.498047
batch	780	valid_loss	102169.680664
batch	810	valid_loss	101322.666016
batch	840	valid_loss	100328.97168
batch	870	valid_loss	99438.2597656
batch	900	valid_loss	98457.2998047
batch	930	valid_loss	97441.0712891
batch	960	valid_loss	96420.1972656
batch	990	valid_loss	95367.9033203
batch	1020	valid_loss	94357.2314453
batch	1050	valid_loss	93289.5664062
batch	1080	valid_loss	92181.9575195
batch	1110	valid_loss	91193.8886719
batch	1140	valid_loss	90197.3759766
batch	1170	valid_loss	89042.7036133
batch	1200	valid_loss	88112.5307617
batch	1230	valid_loss	86920.1274414
batch	1260	valid_loss	85890.0698242
batch	1290	valid_loss	84929.4970703
batch	1320	valid_loss	83873.105957
batch	1350	valid_loss	82965.9023438
batch	1380	valid_loss	81932.2910156
batch	1410	valid_loss	81008.2197266
batch	1440	valid_loss	80189.7705078
batch	1470	valid_loss	79157.8198242
batch	1500	valid_loss	78226.3613281
batch	1530	valid_loss	77415.7392578
batch	1560	valid_loss	76503.9018555
batch	1590	valid_loss	75717.9550781
batch	1620	valid_loss	74840.0532227
batch	1650	valid_loss	74107.3452148
batch	1680	valid_loss	73221.8520508
batch	1710	valid_loss	72539.4345703
batch	1740	valid_loss	71798.8662109
batch	1770	valid_loss	70941.0888672
batch	1800	valid_loss	70326.612793
batch	1830	valid_loss	69548.2216797
batch	1860	valid_loss	68957.1625977
batch	1890	valid_loss	68183.8603516
batch	1920	valid_loss	67565.9667969
batch	1950	valid_loss	66872.2905273
batch	1980	valid_loss	66289.5
batch	2010	valid_loss	65627.8745117
batch	2040	valid_loss	65025.4262695
batch	2070	valid_loss	64449.2128906
batch	2100	valid_loss	63951.5527344
batch	2130	valid_loss	63507.6704102
batch	2160	valid_loss	62870.5288086
batch	2190	valid_loss	62345.4365234
batch	2220	valid_loss	61886.9526367
batch	2250	valid_loss	61406.2353516
batch	2280	valid_loss	60969.0507812
batch	2310	valid_loss	60493.9609375
batch	2340	valid_loss	59976.6621094
batch	2370	valid_loss	59584.765625
batch	2400	valid_loss	59097.3901367
batch	2430	valid_loss	58707.4873047
batch	2460	valid_loss	58340.8808594
batch	2490	valid_loss	58015.1953125
batch	2520	valid_loss	57592.7553711
batch	2550	valid_loss	57313.5791016
batch	2580	valid_loss	56804.4223633
batch	2610	valid_loss	56483.6767578
batch	2640	valid_loss	56237.199707
batch	2670	valid_loss	55913.8549805
batch	2700	valid_loss	55496.59375
batch	2730	valid_loss	55172.5639648
batch	2760	valid_loss	54884.9291992
batch	2790	valid_loss	54570.0644531
batch	2820	valid_loss	54319.1274414
batch	2850	valid_loss	54112.7983398
batch	2880	valid_loss	53781.2202148
batch	2910	valid_loss	53446.9521484
batch	2940	valid_loss	53183.5444336
batch	2970	valid_loss	52883.7832031
batch	3000	valid_loss	52678.565918
batch	3030	valid_loss	52476.5307617
batch	3060	valid_loss	52194.1274414
batch	3090	valid_loss	52053.5253906
batch	3120	valid_loss	51709.0195312
batch	3150	valid_loss	51566.8774414
batch	3180	valid_loss	51237.496582
batch	3210	valid_loss	51106.8666992
batch	3240	valid_loss	50849.0756836
batch	3270	valid_loss	50677.9057617
batch	3300	valid_loss	50541.7226562
batch	3330	valid_loss	50329.1298828
batch	3360	valid_loss	50194.8481445
batch	3390	valid_loss	50073.3325195
batch	3420	valid_loss	49797.3759766
batch	3450	valid_loss	49639.9360352
batch	3480	valid_loss	49562.3012695
batch	3510	valid_loss	49347.8681641
batch	3540	valid_loss	49215.9174805
batch	3570	valid_loss	49036.855957
batch	3600	valid_loss	48865.5268555
batch	3630	valid_loss	48726.0893555
batch	3660	valid_loss	48616.4106445
batch	3690	valid_loss	48498.7460938
batch	3720	valid_loss	48430.1943359
batch	3750	valid_loss	48266.2607422
batch	3780	valid_loss	48246.5795898
batch	3810	valid_loss	48054.2983398
batch	3840	valid_loss	48004.7495117
batch	3870	valid_loss	47796.559082
batch	3900	valid_loss	47779.2495117
batch	3930	valid_loss	47620.2817383
batch	3960	valid_loss	47567.3266602
batch	3990	valid_loss	47447.097168
batch	4020	valid_loss	47310.9448242
batch	4050	valid_loss	47230.9604492
batch	4080	valid_loss	47196.7758789
batch	4110	valid_loss	47203.4746094
batch	4140	valid_loss	46989.59375
batch	4170	valid_loss	46925.6635742
batch	4200	valid_loss	46800.9467773
batch	4230	valid_loss	46873.9370117
batch	4260	valid_loss	46669.8320312
batch	4290	valid_loss	46709.0556641
batch	4320	valid_loss	46609.2412109
batch	4350	valid_loss	46532.2365723
batch	4380	valid_loss	46446.3178711
batch	4410	valid_loss	46450.4140625
batch	4440	valid_loss	46311.1083984
batch	4470	valid_loss	46324.3796387
batch	4500	valid_loss	46130.1730957
batch	4530	valid_loss	46136.840332
batch	4560	valid_loss	46047.9086914
batch	4590	valid_loss	46007.800293
batch	4620	valid_loss	46036.0507812
batch	4650	valid_loss	45990.6845703
batch	4680	valid_loss	45803.734375
batch	4710	valid_loss	45799.8361816
batch	4740	valid_loss	45749.8771973
batch	4770	valid_loss	45615.4020996
batch	4800	valid_loss	45560.6723633
batch	4830	valid_loss	45563.9677734
batch	4860	valid_loss	45582.0874023
batch	4890	valid_loss	45588.4592285
batch	4920	valid_loss	45525.8271484
batch	4950	valid_loss	45496.3884277
batch	4980	valid_loss	45393.0869141
batch	5010	valid_loss	45356.8378906
batch	5040	valid_loss	45420.8820801
batch	5070	valid_loss	45332.1872559
batch	5100	valid_loss	45305.4709473
batch	5130	valid_loss	45284.7958984
batch	5160	valid_loss	45139.0754395
batch	5190	valid_loss	45227.2443848
batch	5220	valid_loss	45199.0541992
batch	5250	valid_loss	45136.9145508
batch	5280	valid_loss	45176.7487793
batch	5310	valid_loss	45017.3613281
batch	5340	valid_loss	45028.6201172
batch	5370	valid_loss	45018.6408691
batch	5400	valid_loss	45024.21875
batch	5430	valid_loss	44871.5935059
batch	5460	valid_loss	44974.6235352
batch	5490	valid_loss	44973.2502441
batch	5520	valid_loss	44936.8837891
batch	5550	valid_loss	44988.8984375
batch	5580	valid_loss	44840.0654297
batch	5610	valid_loss	44817.7089844
batch	5640	valid_loss	44774.6166992
batch	5670	valid_loss	44890.5114746
batch	5700	valid_loss	44697.880127
batch	5730	valid_loss	44700.0349121
batch	5760	valid_loss	44658.8808594
batch	5790	valid_loss	44740.3327637
batch	5820	valid_loss	44712.9465332
batch	5850	valid_loss	44621.9575195
batch	5880	valid_loss	44746.5717773
batch	5910	valid_loss	44680.3833008
batch	5940	valid_loss	44618.2961426
batch	5970	valid_loss	44653.5175781
batch	6000	valid_loss	44610.0817871
batch	6030	valid_loss	44657.8776855
batch	6060	valid_loss	44487.3144531
batch	6090	valid_loss	44522.734375
batch	6120	valid_loss	44508.1809082
batch	6150	valid_loss	44404.6726074
batch	6180	valid_loss	44586.8679199
batch	6210	valid_loss	44501.3395996
batch	6240	valid_loss	44432.769043
batch	6270	valid_loss	44442.9731445
batch	6300	valid_loss	44447.2888184
batch	6330	valid_loss	44321.8457031
batch	6360	valid_loss	44270.4318848
batch	6390	valid_loss	44293.8422852
batch	6420	valid_loss	44319.0795898
batch	6450	valid_loss	44383.520752
batch	6480	valid_loss	44330.2849121
batch	6510	valid_loss	44350.9260254
batch	6540	valid_loss	44325.3674316
batch	6570	valid_loss	44333.7333984
batch	6600	valid_loss	44322.6455078
batch	6630	valid_loss	44320.4262695
batch	6660	valid_loss	44284.9362793
batch	6690	valid_loss	44267.4624023
batch	6720	valid_loss	44208.6005859
batch	6750	valid_loss	44367.541748
batch	6780	valid_loss	44118.1049805
batch	6810	valid_loss	44432.1025391
batch	6840	valid_loss	44311.0712891
batch	6870	valid_loss	44184.7214355
batch	6900	valid_loss	44298.2709961
batch	6930	valid_loss	44238.1809082
batch	6960	valid_loss	44145.354248
batch	6990	valid_loss	44047.5979004
batch	7020	valid_loss	44154.083252
batch	7050	valid_loss	44130.248291
batch	7080	valid_loss	44182.7241211
batch	7110	valid_loss	44281.2072754
batch	7140	valid_loss	44087.762207
batch	7170	valid_loss	44113.9147949
batch	7200	valid_loss	44228.2089844
batch	7230	valid_loss	44131.5725098
batch	7260	valid_loss	44039.3276367
batch	7290	valid_loss	44060.7705078
batch	7320	valid_loss	44015.984375
batch	7350	valid_loss	44054.9558105
batch	7380	valid_loss	44085.8586426
batch	7410	valid_loss	43991.2336426
batch	7440	valid_loss	44048.78125
batch	7470	valid_loss	44057.5751953
batch	7500	valid_loss	44050.3190918
batch	7530	valid_loss	44200.7875977
batch	7560	valid_loss	44070.0983887
batch	7590	valid_loss	43998.6430664
batch	7620	valid_loss	43984.5351562
batch	7650	valid_loss	44036.7744141
batch	7680	valid_loss	44060.8398438
batch	7710	valid_loss	43952.6843262
batch	7740	valid_loss	44035.2348633
batch	7770	valid_loss	43944.1738281
batch	7800	valid_loss	44015.9804688
batch	7830	valid_loss	43993.152832
batch	7860	valid_loss	43955.9443359
batch	7890	valid_loss	43898.5170898
batch	7920	valid_loss	43876.7514648
batch	7950	valid_loss	43921.7883301
batch	7980	valid_loss	43833.9538574
batch	8010	valid_loss	43930.9416504
batch	8040	valid_loss	43876.5839844
batch	8070	valid_loss	43991.6220703
batch	8100	valid_loss	43906.9753418
batch	8130	valid_loss	43905.6953125
batch	8160	valid_loss	43851.4177246
batch	8190	valid_loss	43845.3937988
batch	8220	valid_loss	43890.1679688
batch	8250	valid_loss	43882.4487305
batch	8280	valid_loss	43858.7619629
batch	8310	valid_loss	43961.1262207
batch	8340	valid_loss	43786.8046875
batch	8370	valid_loss	43994.0500488
batch	8400	valid_loss	43896.4816895
batch	8430	valid_loss	43836.3476562
batch	8460	valid_loss	43921.5522461
batch	8490	valid_loss	43883.5087891
batch	8520	valid_loss	43801.984375
batch	8550	valid_loss	43763.8603516
batch	8580	valid_loss	43831.9667969
batch	8610	valid_loss	43772.0449219
batch	8640	valid_loss	43838.8007812
batch	8670	valid_loss	43927.2763672
batch	8700	valid_loss	43809.8706055
batch	8730	valid_loss	43834.2971191
batch	8760	valid_loss	43972.7099609
batch	8790	valid_loss	43796.612793
batch	8820	valid_loss	43770.880127
batch	8850	valid_loss	43783.5063477
batch	8880	valid_loss	43750.1352539
batch	8910	valid_loss	43779.4882812
batch	8940	valid_loss	43748.2912598
batch	8970	valid_loss	43776.8818359
batch	9000	valid_loss	43805.6188965
batch	9030	valid_loss	43754.8127441
batch	9060	valid_loss	43781.512207
batch	9090	valid_loss	43844.8764648
batch	9120	valid_loss	43777.2546387
batch	9150	valid_loss	43748.8884277
batch	9180	valid_loss	43769.0405273
batch	9210	valid_loss	43793.2897949
batch	9240	valid_loss	43846.1716309
batch	9270	valid_loss	43728.4414062
batch	9300	valid_loss	43849.6887207
batch	9330	valid_loss	43699.5527344
batch	9360	valid_loss	43735.5183105
batch	9390	valid_loss	43698.4055176
batch	9420	valid_loss	43707.3183594
batch	9450	valid_loss	43641.640625
batch	9480	valid_loss	43664.9016113
batch	9510	valid_loss	43681.8215332
batch	9540	valid_loss	43602.1767578
batch	9570	valid_loss	43690.5395508
batch	9600	valid_loss	43693.4133301
batch	9630	valid_loss	43765.0205078
batch	9660	valid_loss	43691.5061035
batch	9690	valid_loss	43682.017334
batch	9720	valid_loss	43648.6123047
batch	9750	valid_loss	43619.0356445
batch	9780	valid_loss	43677.9035645
batch	9810	valid_loss	43637.3066406
batch	9840	valid_loss	43694.7834473
batch	9870	valid_loss	43791.2890625
batch	9900	valid_loss	43640.3100586
batch	9930	valid_loss	43776.6157227
batch	9960	valid_loss	43702.9040527
batch	9990	valid_loss	43622.8696289
batch	10020	valid_loss	43685.4868164
batch	10050	valid_loss	43639.114502
batch	10080	valid_loss	43610.4956055
batch	10110	valid_loss	43614.6027832
batch	10140	valid_loss	43620.2705078
batch	10170	valid_loss	43584.9846191
batch	10200	valid_loss	43664.2087402
batch	10230	valid_loss	43755.4946289
batch	10260	valid_loss	43623.1872559
batch	10290	valid_loss	43617.4191895
batch	10320	valid_loss	43972.3334961
batch	10350	valid_loss	43586.0109863
batch	10380	valid_loss	43583.894043
batch	10410	valid_loss	43598.0805664
batch	10440	valid_loss	43598.1164551
batch	10470	valid_loss	43593.3422852
batch	10500	valid_loss	43547.6164551
batch	10530	valid_loss	43610.2216797
batch	10560	valid_loss	43554.7990723
batch	10590	valid_loss	43573.5634766
batch	10620	valid_loss	43628.8354492
batch	10650	valid_loss	43569.8859863
batch	10680	valid_loss	43608.2084961
batch	10710	valid_loss	43628.5307617
batch	10740	valid_loss	43624.7497559
batch	10770	valid_loss	43614.7539062
batch	10800	valid_loss	43655.4428711
batch	10830	valid_loss	43608.3876953
batch	10860	valid_loss	43667.8354492
batch	10890	valid_loss	43561.090332
batch	10920	valid_loss	43523.9321289
batch	10950	valid_loss	43553.1174316
batch	10980	valid_loss	43552.8652344
batch	11010	valid_loss	43511.4643555
batch	11040	valid_loss	43521.7546387
batch	11070	valid_loss	43513.7216797
batch	11100	valid_loss	43450.6503906
batch	11130	valid_loss	43525.9316406
batch	11160	valid_loss	43563.0217285
batch	11190	valid_loss	43590.2751465
batch	11220	valid_loss	43531.7966309
batch	11250	valid_loss	43549.8105469
batch	11280	valid_loss	43539.6633301
batch	11310	valid_loss	43520.026123
batch	11340	valid_loss	43526.9995117
batch	11370	valid_loss	43485.1953125
batch	11400	valid_loss	43548.0610352
batch	11430	valid_loss	43640.925293
batch	11460	valid_loss	43530.1337891
batch	11490	valid_loss	43662.6589355
batch	11520	valid_loss	43579.0212402
batch	11550	valid_loss	43489.6455078
batch	11580	valid_loss	43628.6235352
batch	11610	valid_loss	43504.8786621
batch	11640	valid_loss	43521.9123535
batch	11670	valid_loss	43466.1135254
batch	11700	valid_loss	43482.6247559
batch	11730	valid_loss	43461.5588379
batch	11760	valid_loss	43516.5373535
batch	11790	valid_loss	43626.4230957
batch	11820	valid_loss	43496.1140137
batch	11850	valid_loss	43485.5522461
batch	11880	valid_loss	43760.3659668
batch	11910	valid_loss	43440.5605469
batch	11940	valid_loss	43429.7165527
batch	11970	valid_loss	43467.8547363
batch	12000	valid_loss	43468.2563477
batch	12030	valid_loss	43479.4626465
batch	12060	valid_loss	43408.579834
batch	12090	valid_loss	43462.5019531
batch	12120	valid_loss	43636.7731934
batch	12150	valid_loss	43475.1435547
batch	12180	valid_loss	43521.6452637
batch	12210	valid_loss	43464.263916
batch	12240	valid_loss	43475.3342285
batch	12270	valid_loss	43564.2070312
batch	12300	valid_loss	43458.9870605
batch	12330	valid_loss	43457.1166992
batch	12360	valid_loss	43525.5100098
batch	12390	valid_loss	43446.8605957
batch	12420	valid_loss	43513.1257324
batch	12450	valid_loss	43559.2255859
batch	12480	valid_loss	43404.1240234
batch	12510	valid_loss	43428.0817871
batch	12540	valid_loss	43422.2739258
batch	12570	valid_loss	43412.7614746
batch	12600	valid_loss	43442.3283691
batch	12630	valid_loss	43404.871582
batch	12660	valid_loss	43348.1459961
batch	12690	valid_loss	43381.5800781
batch	12720	valid_loss	43414.4934082
batch	12750	valid_loss	43504.3186035
batch	12780	valid_loss	43421.1569824
batch	12810	valid_loss	43406.5969238
batch	12840	valid_loss	43395.6108398
batch	12870	valid_loss	43383.0830078
batch	12900	valid_loss	43396.9321289
batch	12930	valid_loss	43359.6621094
batch	12960	valid_loss	43445.388916
batch	12990	valid_loss	43495.5917969
batch	13020	valid_loss	43404.5087891
batch	13050	valid_loss	43544.5053711
batch	13080	valid_loss	43480.9133301
batch	13110	valid_loss	43375.2695312
batch	13140	valid_loss	43482.3115234
batch	13170	valid_loss	43372.1523438
batch	13200	valid_loss	43446.6582031
batch	13230	valid_loss	43366.4277344
batch	13260	valid_loss	43367.2912598
batch	13290	valid_loss	43344.0410156
batch	13320	valid_loss	43367.7897949
batch	13350	valid_loss	43478.4489746
batch	13380	valid_loss	43422.5478516
batch	13410	valid_loss	43384.1010742
batch	13440	valid_loss	43556.9108887
batch	13470	valid_loss	43322.3327637
batch	13500	valid_loss	43324.2033691
batch	13530	valid_loss	43384.4865723
batch	13560	valid_loss	43367.5297852
batch	13590	valid_loss	43392.4072266
batch	13620	valid_loss	43355.8505859
batch	13650	valid_loss	43338.2954102
batch	13680	valid_loss	43521.6184082
batch	13710	valid_loss	43408.4133301
batch	13740	valid_loss	43415.9228516
batch	13770	valid_loss	43334.4816895
batch	13800	valid_loss	43369.6425781
batch	13830	valid_loss	43399.7399902
batch	13860	valid_loss	43379.0319824
batch	13890	valid_loss	43348.7739258
batch	13920	valid_loss	43490.9592285
batch	13950	valid_loss	43300.4973145
batch	13980	valid_loss	43398.503418
batch	14010	valid_loss	43461.1359863
batch	14040	valid_loss	43313.6450195
batch	14070	valid_loss	43332.1848145
batch	14100	valid_loss	43289.8161621
batch	14130	valid_loss	43322.559082
batch	14160	valid_loss	43350.3210449
batch	14190	valid_loss	43291.0
batch	14220	valid_loss	43232.0581055
batch	14250	valid_loss	43268.9370117
batch	14280	valid_loss	43286.6643066
batch	14310	valid_loss	43365.2932129
batch	14340	valid_loss	43315.6755371
batch	14370	valid_loss	43256.0324707
batch	14400	valid_loss	43297.2004395
batch	14430	valid_loss	43273.7897949
batch	14460	valid_loss	43261.1831055
batch	14490	valid_loss	43229.0187988
batch	14520	valid_loss	43328.6032715
batch	14550	valid_loss	43392.1022949
batch	14580	valid_loss	43267.0266113
batch	14610	valid_loss	43341.8642578
batch	14640	valid_loss	43353.6967773
batch	14670	valid_loss	43236.9301758
batch	14700	valid_loss	43311.5246582
batch	14730	valid_loss	43207.489502
batch	14760	valid_loss	43286.3991699
batch	14790	valid_loss	43208.557373
batch	14820	valid_loss	43201.574707
batch	14850	valid_loss	43174.3383789
batch	14880	valid_loss	43201.8063965
batch	14910	valid_loss	43256.3110352
batch	14940	valid_loss	43209.5212402
batch	14970	valid_loss	43198.3752441
batch	15000	valid_loss	43669.4377441
batch	15030	valid_loss	43151.4633789
batch	15060	valid_loss	43152.6711426
batch	15090	valid_loss	43154.2468262
batch	15120	valid_loss	43150.0869141
batch	15150	valid_loss	43167.8012695
batch	15180	valid_loss	43189.9213867
batch	15210	valid_loss	43118.6938477
batch	15240	valid_loss	43072.2382812
batch	15270	valid_loss	43149.46875
batch	15300	valid_loss	43138.5024414
batch	15330	valid_loss	43144.8195801
batch	15360	valid_loss	43126.1125488
batch	15390	valid_loss	43160.017334
batch	15420	valid_loss	43163.7404785
batch	15450	valid_loss	43124.1611328
batch	15480	valid_loss	43314.9206543
batch	15510	valid_loss	43085.145752
batch	15540	valid_loss	43170.6679688
batch	15570	valid_loss	43138.3745117
batch	15600	valid_loss	43072.7609863
batch	15630	valid_loss	43092.4094238
batch	15660	valid_loss	43039.1784668
batch	15690	valid_loss	43100.5004883
batch	15720	valid_loss	43100.6923828
batch	15750	valid_loss	43088.7797852
batch	15780	valid_loss	42978.3356934
batch	15810	valid_loss	43018.1567383
batch	15840	valid_loss	43034.0144043
batch	15870	valid_loss	43019.1853027
batch	15900	valid_loss	43071.8613281
batch	15930	valid_loss	43027.3376465
batch	15960	valid_loss	43075.0368652
batch	15990	valid_loss	43041.2548828
batch	16020	valid_loss	43037.7160645
batch	16050	valid_loss	43001.4223633
batch	16080	valid_loss	43073.1621094
batch	16110	valid_loss	43079.5085449
batch	16140	valid_loss	43081.9416504
batch	16170	valid_loss	43077.7895508
batch	16200	valid_loss	43101.8986816
batch	16230	valid_loss	42984.095459
batch	16260	valid_loss	43075.0615234
batch	16290	valid_loss	42952.840332
batch	16320	valid_loss	43051.144043
batch	16350	valid_loss	42968.5290527
batch	16380	valid_loss	42969.7514648
batch	16410	valid_loss	42941.4724121
batch	16440	valid_loss	42958.4975586
batch	16470	valid_loss	43041.2775879
batch	16500	valid_loss	43048.9465332
batch	16530	valid_loss	42984.0668945
batch	16560	valid_loss	43165.9631348
batch	16590	valid_loss	42931.0129395
batch	16620	valid_loss	42979.5007324
batch	16650	valid_loss	42972.5078125
batch	16680	valid_loss	42967.4365234
batch	16710	valid_loss	43012.8442383
batch	16740	valid_loss	43065.9782715
batch	16770	valid_loss	42907.1721191
batch	16800	valid_loss	42855.0578613
batch	16830	valid_loss	42954.9328613
batch	16860	valid_loss	42937.4501953
batch	16890	valid_loss	43004.8742676
batch	16920	valid_loss	42924.6967773
batch	16950	valid_loss	43090.2915039
batch	16980	valid_loss	42951.9389648
batch	17010	valid_loss	42959.1782227
batch	17040	valid_loss	43136.152832
batch	17070	valid_loss	42906.2961426
batch	17100	valid_loss	42985.2121582
batch	17130	valid_loss	42970.4458008
batch	17160	valid_loss	42864.2380371
batch	17190	valid_loss	42909.9121094
batch	17220	valid_loss	42833.0185547
batch	17250	valid_loss	42915.5632324
batch	17280	valid_loss	42898.3908691
batch	17310	valid_loss	42863.954834
batch	17340	valid_loss	42832.5700684
batch	17370	valid_loss	42812.9050293
batch	17400	valid_loss	42807.765625
batch	17430	valid_loss	42784.9484863
batch	17460	valid_loss	42834.8103027
batch	17490	valid_loss	42774.8601074
batch	17520	valid_loss	42838.2387695
batch	17550	valid_loss	42798.2062988
batch	17580	valid_loss	42805.7648926
batch	17610	valid_loss	42772.1394043
batch	17640	valid_loss	42819.5100098
batch	17670	valid_loss	42801.1586914
batch	17700	valid_loss	42763.8398438
batch	17730	valid_loss	42727.2473145
batch	17760	valid_loss	42791.7575684
batch	17790	valid_loss	42688.4133301
batch	17820	valid_loss	42806.5681152
batch	17850	valid_loss	42652.6455078
batch	17880	valid_loss	42771.5783691
batch	17910	valid_loss	42683.4511719
batch	17940	valid_loss	42700.5688477
batch	17970	valid_loss	42656.6586914
batch	18000	valid_loss	42701.1049805
batch	18030	valid_loss	42709.4094238
batch	18060	valid_loss	42677.7832031
batch	18090	valid_loss	42656.7719727
batch	18120	valid_loss	42937.0681152
batch	18150	valid_loss	42593.001709
batch	18180	valid_loss	42637.7060547
batch	18210	valid_loss	42607.3857422
batch	18240	valid_loss	42588.6569824
batch	18270	valid_loss	42611.4624023
batch	18300	valid_loss	42694.4521484
batch	18330	valid_loss	42521.0686035
batch	18360	valid_loss	42474.2583008
batch	18390	valid_loss	42597.7441406
batch	18420	valid_loss	42562.6503906
batch	18450	valid_loss	42499.076416
batch	18480	valid_loss	42482.2473145
batch	18510	valid_loss	42481.1479492
batch	18540	valid_loss	42484.9196777
batch	18570	valid_loss	42463.2597656
batch	18600	valid_loss	42646.401123
batch	18630	valid_loss	42436.2609863
batch	18660	valid_loss	42402.9328613
batch	18690	valid_loss	42532.4267578
batch	18720	valid_loss	42295.5361328
batch	18750	valid_loss	42509.9821777
batch	18780	valid_loss	42260.7094727
batch	18810	valid_loss	42323.5651855
batch	18840	valid_loss	42358.4821777
batch	18870	valid_loss	42230.5095215
batch	18900	valid_loss	42221.7316895
batch	18930	valid_loss	42294.5246582
batch	18960	valid_loss	42143.9033203
batch	18990	valid_loss	42114.9074707
batch	19020	valid_loss	42237.470459
batch	19050	valid_loss	42240.5993652
batch	19080	valid_loss	42163.857666
batch	19110	valid_loss	42143.496582
batch	19140	valid_loss	42079.3857422
batch	19170	valid_loss	42120.9238281
batch	19200	valid_loss	42090.7353516
batch	19230	valid_loss	42183.5146484
batch	19260	valid_loss	42128.010498
batch	19290	valid_loss	42034.6408691
batch	19320	valid_loss	41994.6347656
batch	19350	valid_loss	41922.7705078
batch	19380	valid_loss	42030.635498
batch	19410	valid_loss	41894.9487305
batch	19440	valid_loss	41936.9523926
batch	19470	valid_loss	41923.6015625
batch	19500	valid_loss	41891.4763184
batch	19530	valid_loss	41837.7197266
batch	19560	valid_loss	41893.9465332
batch	19590	valid_loss	41856.8205566
batch	19620	valid_loss	41797.782959
batch	19650	valid_loss	41828.9914551
batch	19680	valid_loss	41839.1125488
batch	19710	valid_loss	41785.6950684
batch	19740	valid_loss	41787.6682129
batch	19770	valid_loss	41724.6640625
batch	19800	valid_loss	41702.2121582
batch	19830	valid_loss	41731.6347656
batch	19860	valid_loss	41751.3129883
batch	19890	valid_loss	41649.7492676
batch	19920	valid_loss	41591.2331543
batch	19950	valid_loss	41690.5083008
batch	19980	valid_loss	41644.3444824
batch	20010	valid_loss	41612.5087891
batch	20040	valid_loss	41603.0085449
batch	20070	valid_loss	41491.4499512
batch	20100	valid_loss	41509.1452637
batch	20130	valid_loss	41472.4431152
batch	20160	valid_loss	41489.6186523
batch	20190	valid_loss	41455.4672852
batch	20220	valid_loss	41395.7792969
batch	20250	valid_loss	41567.4189453
batch	20280	valid_loss	41321.1574707
batch	20310	valid_loss	41450.9780273
batch	20340	valid_loss	41261.5327148
batch	20370	valid_loss	41276.6552734
batch	20400	valid_loss	41315.690918
batch	20430	valid_loss	41205.96875
batch	20460	valid_loss	41151.8879395
batch	20490	valid_loss	41181.4819336
batch	20520	valid_loss	41071.3850098
batch	20550	valid_loss	41042.2180176
batch	20580	valid_loss	41158.9118652
batch	20610	valid_loss	41171.2424316
batch	20640	valid_loss	41074.2705078
batch	20670	valid_loss	41063.9768066
batch	20700	valid_loss	40942.1696777
batch	20730	valid_loss	40947.9946289
batch	20760	valid_loss	40954.8139648
batch	20790	valid_loss	40980.7463379
batch	20820	valid_loss	40917.2365723
batch	20850	valid_loss	40845.8830566
batch	20880	valid_loss	40807.5490723
batch	20910	valid_loss	40741.9733887
batch	20940	valid_loss	40794.7543945
batch	20970	valid_loss	40677.9099121
batch	21000	valid_loss	40702.0283203
batch	21030	valid_loss	40684.3537598
batch	21060	valid_loss	40638.5739746
batch	21090	valid_loss	40557.1557617
batch	21120	valid_loss	40605.2009277
batch	21150	valid_loss	40585.1401367
batch	21180	valid_loss	40542.5646973
batch	21210	valid_loss	40544.875
batch	21240	valid_loss	40521.4443359
batch	21270	valid_loss	40447.043457
batch	21300	valid_loss	40444.8395996
batch	21330	valid_loss	40363.0231934
batch	21360	valid_loss	40384.4555664
batch	21390	valid_loss	40374.7177734
batch	21420	valid_loss	40443.8666992
batch	21450	valid_loss	40324.4223633
batch	21480	valid_loss	40232.8022461
batch	21510	valid_loss	40317.1428223
batch	21540	valid_loss	40274.3139648
batch	21570	valid_loss	40300.9350586
batch	21600	valid_loss	40259.8535156
batch	21630	valid_loss	40131.5065918
batch	21660	valid_loss	40158.4782715
batch	21690	valid_loss	40096.2109375
batch	21720	valid_loss	40101.8046875
batch	21750	valid_loss	40133.2373047
batch	21780	valid_loss	40066.6564941
batch	21810	valid_loss	40170.7753906
batch	21840	valid_loss	39933.5385742
batch	21870	valid_loss	39972.8815918
batch	21900	valid_loss	39901.9611816
batch	21930	valid_loss	39862.9111328
batch	21960	valid_loss	39957.9638672
batch	21990	valid_loss	39816.3974609
batch	22020	valid_loss	39767.7585449
batch	22050	valid_loss	39821.1540527
batch	22080	valid_loss	39719.3439941
batch	22110	valid_loss	39684.1196289
batch	22140	valid_loss	39790.6826172
batch	22170	valid_loss	39720.9953613
batch	22200	valid_loss	39704.3588867
batch	22230	valid_loss	39665.4719238
batch	22260	valid_loss	39564.1196289
batch	22290	valid_loss	39567.2143555
batch	22320	valid_loss	39573.4628906
batch	22350	valid_loss	39601.3447266
batch	22380	valid_loss	39509.3220215
batch	22410	valid_loss	39425.7912598
batch	22440	valid_loss	39413.5432129
batch	22470	valid_loss	39333.4931641
batch	22500	valid_loss	39343.105957
batch	22530	valid_loss	39288.0627441
batch	22560	valid_loss	39292.1130371
batch	22590	valid_loss	39266.2102051
batch	22620	valid_loss	39238.7646484
batch	22650	valid_loss	39163.0244141
batch	22680	valid_loss	39145.4226074
batch	22710	valid_loss	39150.828125
batch	22740	valid_loss	39112.0039062
batch	22770	valid_loss	39128.1901855
batch	22800	valid_loss	39087.9633789
batch	22830	valid_loss	39041.2348633
batch	22860	valid_loss	39021.9794922
batch	22890	valid_loss	38931.5546875
batch	22920	valid_loss	38981.3708496
batch	22950	valid_loss	38952.7119141
batch	22980	valid_loss	39054.9418945
batch	23010	valid_loss	38860.1591797
batch	23040	valid_loss	38814.3464355
batch	23070	valid_loss	38897.1181641
batch	23100	valid_loss	38787.473877
batch	23130	valid_loss	38888.0979004
batch	23160	valid_loss	38790.4226074
batch	23190	valid_loss	38664.6320801
batch	23220	valid_loss	38714.5776367
batch	23250	valid_loss	38671.9685059
batch	23280	valid_loss	38691.5876465
batch	23310	valid_loss	38628.6611328
batch	23340	valid_loss	38623.4475098
batch	23370	valid_loss	38601.5957031
batch	23400	valid_loss	38481.3857422
batch	23430	valid_loss	38520.8125
batch	23460	valid_loss	38471.8330078
batch	23490	valid_loss	38442.0993652
batch	23520	valid_loss	38489.4650879
batch	23550	valid_loss	38372.4621582
batch	23580	valid_loss	38287.7531738
batch	23610	valid_loss	38334.529541
batch	23640	valid_loss	38236.6008301
batch	23670	valid_loss	38264.3327637
batch	23700	valid_loss	38286.8325195
batch	23730	valid_loss	38239.5158691
batch	23760	valid_loss	38243.529541
batch	23790	valid_loss	38182.9433594
batch	23820	valid_loss	38145.1254883
batch	23850	valid_loss	38129.798584
batch	23880	valid_loss	38144.1535645
batch	23910	valid_loss	38107.6403809
batch	23940	valid_loss	38016.9604492
batch	23970	valid_loss	38005.8325195
batch	24000	valid_loss	38006.8786621
batch	24030	valid_loss	37921.2683105
batch	24060	valid_loss	37994.9448242
batch	24090	valid_loss	37884.4279785
batch	24120	valid_loss	37886.9433594
batch	24150	valid_loss	37846.9033203
batch	24180	valid_loss	37838.8708496
batch	24210	valid_loss	37765.3044434
batch	24240	valid_loss	37736.6921387
batch	24270	valid_loss	37755.2055664
batch	24300	valid_loss	37707.3430176
batch	24330	valid_loss	37704.7155762
batch	24360	valid_loss	37717.0922852
batch	24390	valid_loss	37678.7019043
batch	24420	valid_loss	37662.5756836
batch	24450	valid_loss	37587.7363281
batch	24480	valid_loss	37578.0212402
batch	24510	valid_loss	37595.2421875
batch	24540	valid_loss	37668.4260254
batch	24570	valid_loss	37498.4042969
batch	24600	valid_loss	37470.3894043
batch	24630	valid_loss	37509.9943848
batch	24660	valid_loss	37476.2836914
batch	24690	valid_loss	37585.6081543
batch	24720	valid_loss	37487.6787109
batch	24750	valid_loss	37383.9616699
batch	24780	valid_loss	37377.4536133
batch	24810	valid_loss	37358.0488281
batch	24840	valid_loss	37323.9138184
batch	24870	valid_loss	37303.317627
batch	24900	valid_loss	37281.4274902
batch	24930	valid_loss	37282.5715332
batch	24960	valid_loss	37206.8415527
batch	24990	valid_loss	37294.9995117
STOP
START
config	440	120	440	960
batch	0	valid_loss	7433624.0625
batch	30	valid_loss	191606.03125
batch	60	valid_loss	123601.060547
batch	90	valid_loss	120399.891602
batch	120	valid_loss	120180.161133
batch	150	valid_loss	120159.039062
batch	180	valid_loss	120037.75
batch	210	valid_loss	119904.355469
batch	240	valid_loss	119733.25293
batch	270	valid_loss	119544.679688
batch	300	valid_loss	119084.55957
batch	330	valid_loss	118324.864258
batch	360	valid_loss	116861.124023
batch	390	valid_loss	114758.358398
batch	420	valid_loss	112695.768555
batch	450	valid_loss	111194.567383
batch	480	valid_loss	110117.705078
batch	510	valid_loss	109320.572266
batch	540	valid_loss	108726.481445
batch	570	valid_loss	108315.59375
batch	600	valid_loss	107807.361328
batch	630	valid_loss	107304.746094
batch	660	valid_loss	106790.037109
batch	690	valid_loss	106221.329102
batch	720	valid_loss	105413.261719
batch	750	valid_loss	104530.399414
batch	780	valid_loss	103584.435547
batch	810	valid_loss	102552.813477
batch	840	valid_loss	101603.526367
batch	870	valid_loss	100613.575195
batch	900	valid_loss	99586.9560547
batch	930	valid_loss	98550.3730469
batch	960	valid_loss	97539.7158203
batch	990	valid_loss	96481.3867188
batch	1020	valid_loss	95397.4824219
batch	1050	valid_loss	94330.0263672
batch	1080	valid_loss	93165.0605469
batch	1110	valid_loss	92117.2182617
batch	1140	valid_loss	90996.0888672
batch	1170	valid_loss	89880.9575195
batch	1200	valid_loss	88825.5532227
batch	1230	valid_loss	87739.1533203
batch	1260	valid_loss	86680.2768555
batch	1290	valid_loss	85711.3193359
batch	1320	valid_loss	84609.9091797
batch	1350	valid_loss	83632.637207
batch	1380	valid_loss	82583.4692383
batch	1410	valid_loss	81625.0068359
batch	1440	valid_loss	80718.5991211
batch	1470	valid_loss	79753.7749023
batch	1500	valid_loss	78845.7001953
batch	1530	valid_loss	77903.984375
batch	1560	valid_loss	77014.6767578
batch	1590	valid_loss	76163.7529297
batch	1620	valid_loss	75271.168457
batch	1650	valid_loss	74390.8544922
batch	1680	valid_loss	73576.7646484
batch	1710	valid_loss	72798.5703125
batch	1740	valid_loss	72020.6210938
batch	1770	valid_loss	71254.0302734
batch	1800	valid_loss	70450.2104492
batch	1830	valid_loss	69781.1347656
batch	1860	valid_loss	69066.3027344
batch	1890	valid_loss	68388.4135742
batch	1920	valid_loss	67696.1694336
batch	1950	valid_loss	67086.9477539
batch	1980	valid_loss	66420.9375
batch	2010	valid_loss	65753.9868164
batch	2040	valid_loss	65176.7641602
batch	2070	valid_loss	64609.0390625
batch	2100	valid_loss	63930.6591797
batch	2130	valid_loss	63449.3876953
batch	2160	valid_loss	62978.4570312
batch	2190	valid_loss	62288.8349609
batch	2220	valid_loss	61889.6113281
batch	2250	valid_loss	61409.4443359
batch	2280	valid_loss	60875.862793
batch	2310	valid_loss	60382.3222656
batch	2340	valid_loss	59989.418457
batch	2370	valid_loss	59510.6254883
batch	2400	valid_loss	59072.1787109
batch	2430	valid_loss	58633.5600586
batch	2460	valid_loss	58107.4682617
batch	2490	valid_loss	57906.9443359
batch	2520	valid_loss	57472.8623047
batch	2550	valid_loss	57044.847168
batch	2580	valid_loss	56662.3647461
batch	2610	valid_loss	56215.9458008
batch	2640	valid_loss	55920.3383789
batch	2670	valid_loss	55660.722168
batch	2700	valid_loss	55357.8369141
batch	2730	valid_loss	55014.5288086
batch	2760	valid_loss	54776.5864258
batch	2790	valid_loss	54459.5439453
batch	2820	valid_loss	54136.9589844
batch	2850	valid_loss	53929.2641602
batch	2880	valid_loss	53510.6582031
batch	2910	valid_loss	53210.8139648
batch	2940	valid_loss	52978.152832
batch	2970	valid_loss	52724.737793
batch	3000	valid_loss	52498.9804688
batch	3030	valid_loss	52314.4589844
batch	3060	valid_loss	52043.8979492
batch	3090	valid_loss	51823.2734375
batch	3120	valid_loss	51582.7133789
batch	3150	valid_loss	51411.1987305
batch	3180	valid_loss	51121.5458984
batch	3210	valid_loss	50915.4853516
batch	3240	valid_loss	50744.8671875
batch	3270	valid_loss	50521.2324219
batch	3300	valid_loss	50409.6601562
batch	3330	valid_loss	50240.0703125
batch	3360	valid_loss	49960.0771484
batch	3390	valid_loss	49928.3330078
batch	3420	valid_loss	49636.3657227
batch	3450	valid_loss	49592.9375
batch	3480	valid_loss	49427.6450195
batch	3510	valid_loss	49223.5908203
batch	3540	valid_loss	49045.2724609
batch	3570	valid_loss	49026.4394531
batch	3600	valid_loss	48792.9897461
batch	3630	valid_loss	48664.1137695
batch	3660	valid_loss	48571.4467773
batch	3690	valid_loss	48496.9443359
batch	3720	valid_loss	48399.4516602
batch	3750	valid_loss	48152.1000977
batch	3780	valid_loss	48152.9291992
batch	3810	valid_loss	47994.8344727
batch	3840	valid_loss	47899.3305664
batch	3870	valid_loss	47728.8662109
batch	3900	valid_loss	47734.4165039
batch	3930	valid_loss	47551.7817383
batch	3960	valid_loss	47520.7612305
batch	3990	valid_loss	47437.5317383
batch	4020	valid_loss	47225.9306641
batch	4050	valid_loss	47123.6411133
batch	4080	valid_loss	47094.7822266
batch	4110	valid_loss	47046.9667969
batch	4140	valid_loss	46904.8376465
batch	4170	valid_loss	46844.3955078
batch	4200	valid_loss	46794.9865723
batch	4230	valid_loss	46777.0761719
batch	4260	valid_loss	46677.7053223
batch	4290	valid_loss	46579.4682617
batch	4320	valid_loss	46551.7121582
batch	4350	valid_loss	46433.6464844
batch	4380	valid_loss	46368.442627
batch	4410	valid_loss	46494.536377
batch	4440	valid_loss	46215.2844238
batch	4470	valid_loss	46209.6120605
batch	4500	valid_loss	46200.9143066
batch	4530	valid_loss	46211.015625
batch	4560	valid_loss	46049.6772461
batch	4590	valid_loss	45943.800293
batch	4620	valid_loss	45916.7302246
batch	4650	valid_loss	45906.6569824
batch	4680	valid_loss	45759.8945312
batch	4710	valid_loss	45840.5251465
batch	4740	valid_loss	45795.9750977
batch	4770	valid_loss	45650.2185059
batch	4800	valid_loss	45568.2045898
batch	4830	valid_loss	45583.8830566
batch	4860	valid_loss	45557.0273438
batch	4890	valid_loss	45613.7299805
batch	4920	valid_loss	45431.8999023
batch	4950	valid_loss	45431.4196777
batch	4980	valid_loss	45373.8005371
batch	5010	valid_loss	45383.0532227
batch	5040	valid_loss	45356.7089844
batch	5070	valid_loss	45297.590332
batch	5100	valid_loss	45256.59375
batch	5130	valid_loss	45286.0935059
batch	5160	valid_loss	45209.9680176
batch	5190	valid_loss	45250.2119141
batch	5220	valid_loss	45113.0258789
batch	5250	valid_loss	45123.2888184
batch	5280	valid_loss	45227.1516113
batch	5310	valid_loss	45007.510498
batch	5340	valid_loss	45093.0637207
batch	5370	valid_loss	45062.5466309
batch	5400	valid_loss	45041.1728516
batch	5430	valid_loss	44836.9143066
batch	5460	valid_loss	45008.6108398
batch	5490	valid_loss	44940.4858398
batch	5520	valid_loss	44985.1672363
batch	5550	valid_loss	44900.939209
batch	5580	valid_loss	44823.0993652
batch	5610	valid_loss	44801.1655273
batch	5640	valid_loss	44820.4560547
batch	5670	valid_loss	44824.0415039
batch	5700	valid_loss	44696.0700684
batch	5730	valid_loss	44736.6572266
batch	5760	valid_loss	44678.9157715
batch	5790	valid_loss	44778.4719238
batch	5820	valid_loss	44756.6035156
batch	5850	valid_loss	44632.0695801
batch	5880	valid_loss	44658.3139648
batch	5910	valid_loss	44673.2861328
batch	5940	valid_loss	44612.8615723
batch	5970	valid_loss	44666.671875
batch	6000	valid_loss	44636.1245117
batch	6030	valid_loss	44654.5756836
batch	6060	valid_loss	44514.5397949
batch	6090	valid_loss	44641.2033691
batch	6120	valid_loss	44509.4436035
batch	6150	valid_loss	44478.3898926
batch	6180	valid_loss	44513.2287598
batch	6210	valid_loss	44433.7214355
batch	6240	valid_loss	44402.0510254
batch	6270	valid_loss	44504.5148926
batch	6300	valid_loss	44592.045166
batch	6330	valid_loss	44420.3764648
batch	6360	valid_loss	44342.1286621
batch	6390	valid_loss	44488.1186523
batch	6420	valid_loss	44318.6396484
batch	6450	valid_loss	44430.8144531
batch	6480	valid_loss	44315.7287598
batch	6510	valid_loss	44271.6086426
batch	6540	valid_loss	44313.9069824
batch	6570	valid_loss	44327.0690918
batch	6600	valid_loss	44306.4772949
batch	6630	valid_loss	44291.3046875
batch	6660	valid_loss	44225.6367188
batch	6690	valid_loss	44323.0739746
batch	6720	valid_loss	44215.4899902
batch	6750	valid_loss	44286.6779785
batch	6780	valid_loss	44186.4665527
batch	6810	valid_loss	44278.8828125
batch	6840	valid_loss	44262.7839355
batch	6870	valid_loss	44155.9824219
batch	6900	valid_loss	44199.1855469
batch	6930	valid_loss	44214.7270508
batch	6960	valid_loss	44200.5092773
batch	6990	valid_loss	44094.1000977
batch	7020	valid_loss	44161.8581543
batch	7050	valid_loss	44116.088623
batch	7080	valid_loss	44208.6572266
batch	7110	valid_loss	44178.213623
batch	7140	valid_loss	44156.1994629
batch	7170	valid_loss	44080.6074219
batch	7200	valid_loss	44122.5541992
batch	7230	valid_loss	44172.5422363
batch	7260	valid_loss	44090.9580078
batch	7290	valid_loss	44067.8574219
batch	7320	valid_loss	44022.1472168
batch	7350	valid_loss	44096.4711914
batch	7380	valid_loss	44086.0002441
batch	7410	valid_loss	44097.003418
batch	7440	valid_loss	44072.2839355
batch	7470	valid_loss	44007.0424805
batch	7500	valid_loss	44042.1999512
batch	7530	valid_loss	44067.5100098
batch	7560	valid_loss	44056.6518555
batch	7590	valid_loss	44096.1606445
batch	7620	valid_loss	43957.199707
batch	7650	valid_loss	44003.4055176
batch	7680	valid_loss	44039.7568359
batch	7710	valid_loss	43962.3447266
batch	7740	valid_loss	44115.9819336
batch	7770	valid_loss	43901.8063965
batch	7800	valid_loss	43930.760498
batch	7830	valid_loss	43993.2158203
batch	7860	valid_loss	44078.0847168
batch	7890	valid_loss	43937.8032227
batch	7920	valid_loss	43837.5554199
batch	7950	valid_loss	43976.3852539
batch	7980	valid_loss	43910.1938477
batch	8010	valid_loss	43959.8964844
batch	8040	valid_loss	43885.4440918
batch	8070	valid_loss	43883.923584
batch	8100	valid_loss	43838.9638672
batch	8130	valid_loss	43923.1586914
batch	8160	valid_loss	43898.5129395
batch	8190	valid_loss	43869.734375
batch	8220	valid_loss	43818.2370605
batch	8250	valid_loss	43897.425293
batch	8280	valid_loss	43836.2998047
batch	8310	valid_loss	43899.7592773
batch	8340	valid_loss	43842.9841309
batch	8370	valid_loss	43867.5251465
batch	8400	valid_loss	43814.967041
batch	8430	valid_loss	43794.9052734
batch	8460	valid_loss	43832.8256836
batch	8490	valid_loss	43809.421875
batch	8520	valid_loss	43839.8088379
batch	8550	valid_loss	43732.861084
batch	8580	valid_loss	43885.8400879
batch	8610	valid_loss	43776.074707
batch	8640	valid_loss	43879.1733398
batch	8670	valid_loss	43882.5622559
batch	8700	valid_loss	43830.5510254
batch	8730	valid_loss	43746.3125
batch	8760	valid_loss	43782.199707
batch	8790	valid_loss	43834.1628418
batch	8820	valid_loss	43728.4050293
batch	8850	valid_loss	43760.8522949
batch	8880	valid_loss	43750.7277832
batch	8910	valid_loss	43761.6315918
batch	8940	valid_loss	43762.1403809
batch	8970	valid_loss	43770.3100586
batch	9000	valid_loss	43823.8820801
batch	9030	valid_loss	43694.1564941
batch	9060	valid_loss	43731.980957
batch	9090	valid_loss	43717.4296875
batch	9120	valid_loss	43745.8964844
batch	9150	valid_loss	43809.2492676
batch	9180	valid_loss	43736.8603516
batch	9210	valid_loss	43725.9057617
batch	9240	valid_loss	43778.3918457
batch	9270	valid_loss	43716.7973633
batch	9300	valid_loss	43859.6086426
batch	9330	valid_loss	43662.909668
batch	9360	valid_loss	43687.1452637
batch	9390	valid_loss	43702.9553223
batch	9420	valid_loss	43790.5251465
batch	9450	valid_loss	43733.0280762
batch	9480	valid_loss	43604.5463867
batch	9510	valid_loss	43722.5007324
batch	9540	valid_loss	43672.1259766
batch	9570	valid_loss	43687.4975586
batch	9600	valid_loss	43653.9750977
batch	9630	valid_loss	43697.8525391
batch	9660	valid_loss	43627.2124023
batch	9690	valid_loss	43652.2163086
batch	9720	valid_loss	43636.1208496
batch	9750	valid_loss	43638.4458008
batch	9780	valid_loss	43640.4377441
batch	9810	valid_loss	43630.5185547
batch	9840	valid_loss	43669.3908691
batch	9870	valid_loss	43659.3015137
batch	9900	valid_loss	43640.5195312
batch	9930	valid_loss	43638.9006348
batch	9960	valid_loss	43610.4807129
batch	9990	valid_loss	43573.4091797
batch	10020	valid_loss	43600.2060547
batch	10050	valid_loss	43652.4975586
batch	10080	valid_loss	43660.6499023
batch	10110	valid_loss	43568.3708496
batch	10140	valid_loss	43712.2873535
batch	10170	valid_loss	43556.9077148
batch	10200	valid_loss	43640.8513184
batch	10230	valid_loss	43704.2705078
batch	10260	valid_loss	43679.8203125
batch	10290	valid_loss	43579.5092773
batch	10320	valid_loss	43609.0708008
batch	10350	valid_loss	43615.5771484
batch	10380	valid_loss	43532.755127
batch	10410	valid_loss	43547.9477539
batch	10440	valid_loss	43617.1113281
batch	10470	valid_loss	43624.1262207
batch	10500	valid_loss	43551.8835449
batch	10530	valid_loss	43613.1018066
batch	10560	valid_loss	43616.5549316
batch	10590	valid_loss	43553.088623
batch	10620	valid_loss	43561.2145996
batch	10650	valid_loss	43536.3828125
batch	10680	valid_loss	43542.5095215
batch	10710	valid_loss	43738.5285645
batch	10740	valid_loss	43536.5778809
batch	10770	valid_loss	43589.8100586
batch	10800	valid_loss	43525.2390137
batch	10830	valid_loss	43522.5004883
batch	10860	valid_loss	43764.2939453
batch	10890	valid_loss	43564.2470703
batch	10920	valid_loss	43514.411377
batch	10950	valid_loss	43570.1181641
batch	10980	valid_loss	43546.1652832
batch	11010	valid_loss	43635.8254395
batch	11040	valid_loss	43475.7365723
batch	11070	valid_loss	43598.2814941
batch	11100	valid_loss	43444.1918945
batch	11130	valid_loss	43500.3452148
batch	11160	valid_loss	43507.364502
batch	11190	valid_loss	43559.4870605
batch	11220	valid_loss	43523.7983398
batch	11250	valid_loss	43476.3205566
batch	11280	valid_loss	43483.3022461
batch	11310	valid_loss	43476.220459
batch	11340	valid_loss	43544.4975586
batch	11370	valid_loss	43479.1225586
batch	11400	valid_loss	43601.0759277
batch	11430	valid_loss	43485.8007812
batch	11460	valid_loss	43493.6940918
batch	11490	valid_loss	43518.6171875
batch	11520	valid_loss	43503.8793945
batch	11550	valid_loss	43480.5961914
batch	11580	valid_loss	43463.5148926
batch	11610	valid_loss	43487.0869141
batch	11640	valid_loss	43557.611084
batch	11670	valid_loss	43436.8317871
batch	11700	valid_loss	43487.7263184
batch	11730	valid_loss	43414.5397949
batch	11760	valid_loss	43492.5710449
batch	11790	valid_loss	43561.0415039
batch	11820	valid_loss	43563.8178711
batch	11850	valid_loss	43479.6804199
batch	11880	valid_loss	43468.5505371
batch	11910	valid_loss	43443.6025391
batch	11940	valid_loss	43433.2399902
batch	11970	valid_loss	43396.182373
batch	12000	valid_loss	43455.6171875
batch	12030	valid_loss	43489.6049805
batch	12060	valid_loss	43408.4938965
batch	12090	valid_loss	43492.201416
batch	12120	valid_loss	43443.3100586
batch	12150	valid_loss	43458.6010742
batch	12180	valid_loss	43449.5778809
batch	12210	valid_loss	43473.796875
batch	12240	valid_loss	43411.1672363
batch	12270	valid_loss	43572.2651367
batch	12300	valid_loss	43398.7851562
batch	12330	valid_loss	43456.6911621
batch	12360	valid_loss	43423.9760742
batch	12390	valid_loss	43413.4536133
batch	12420	valid_loss	43723.2866211
batch	12450	valid_loss	43528.2658691
batch	12480	valid_loss	43388.6350098
batch	12510	valid_loss	43440.0200195
batch	12540	valid_loss	43410.5944824
batch	12570	valid_loss	43639.661377
batch	12600	valid_loss	43337.6687012
batch	12630	valid_loss	43384.9121094
batch	12660	valid_loss	43337.7329102
batch	12690	valid_loss	43373.6098633
batch	12720	valid_loss	43423.5817871
batch	12750	valid_loss	43440.8439941
batch	12780	valid_loss	43432.1352539
batch	12810	valid_loss	43383.1450195
batch	12840	valid_loss	43393.9399414
batch	12870	valid_loss	43368.1879883
batch	12900	valid_loss	43353.5566406
batch	12930	valid_loss	43334.6630859
batch	12960	valid_loss	43434.7209473
batch	12990	valid_loss	43377.7810059
batch	13020	valid_loss	43377.7739258
batch	13050	valid_loss	43402.9865723
batch	13080	valid_loss	43432.6340332
batch	13110	valid_loss	43350.3515625
batch	13140	valid_loss	43353.6665039
batch	13170	valid_loss	43347.4287109
batch	13200	valid_loss	43356.2272949
batch	13230	valid_loss	43319.1757812
batch	13260	valid_loss	43332.8630371
batch	13290	valid_loss	43302.8952637
batch	13320	valid_loss	43350.4279785
batch	13350	valid_loss	43354.7099609
batch	13380	valid_loss	43484.8063965
batch	13410	valid_loss	43373.621582
batch	13440	valid_loss	43340.9384766
batch	13470	valid_loss	43312.402832
batch	13500	valid_loss	43322.4951172
batch	13530	valid_loss	43257.5031738
batch	13560	valid_loss	43304.2602539
batch	13590	valid_loss	43388.8322754
batch	13620	valid_loss	43280.1245117
batch	13650	valid_loss	43373.1005859
batch	13680	valid_loss	43378.390625
batch	13710	valid_loss	43330.9509277
batch	13740	valid_loss	43322.8652344
batch	13770	valid_loss	43310.7854004
batch	13800	valid_loss	43271.1408691
batch	13830	valid_loss	43434.9289551
batch	13860	valid_loss	43286.7727051
batch	13890	valid_loss	43288.1767578
batch	13920	valid_loss	43286.2148438
batch	13950	valid_loss	43209.4589844
batch	13980	valid_loss	43334.0959473
batch	14010	valid_loss	43337.9333496
batch	14040	valid_loss	43272.1318359
batch	14070	valid_loss	43279.5539551
batch	14100	valid_loss	43233.3112793
batch	14130	valid_loss	43413.6953125
batch	14160	valid_loss	43199.6699219
batch	14190	valid_loss	43233.6860352
batch	14220	valid_loss	43159.9980469
batch	14250	valid_loss	43187.6984863
batch	14280	valid_loss	43160.5366211
batch	14310	valid_loss	43263.9785156
batch	14340	valid_loss	43272.9997559
batch	14370	valid_loss	43186.6425781
batch	14400	valid_loss	43201.3190918
batch	14430	valid_loss	43152.5927734
batch	14460	valid_loss	43330.4748535
batch	14490	valid_loss	43110.9309082
batch	14520	valid_loss	43224.590332
batch	14550	valid_loss	43113.9560547
batch	14580	valid_loss	43150.9035645
batch	14610	valid_loss	43138.369873
batch	14640	valid_loss	43228.7897949
batch	14670	valid_loss	43087.0617676
batch	14700	valid_loss	43139.7600098
batch	14730	valid_loss	43168.3752441
batch	14760	valid_loss	43210.9123535
batch	14790	valid_loss	43099.1911621
batch	14820	valid_loss	43071.2504883
batch	14850	valid_loss	43050.1040039
batch	14880	valid_loss	43091.1547852
batch	14910	valid_loss	43080.1350098
batch	14940	valid_loss	43144.534668
batch	14970	valid_loss	43155.4987793
batch	15000	valid_loss	43076.6750488
batch	15030	valid_loss	43093.1269531
batch	15060	valid_loss	43075.447998
batch	15090	valid_loss	43227.4858398
batch	15120	valid_loss	43034.4685059
batch	15150	valid_loss	43105.1694336
batch	15180	valid_loss	43027.9436035
batch	15210	valid_loss	43073.1057129
batch	15240	valid_loss	43078.6342773
batch	15270	valid_loss	43073.4274902
batch	15300	valid_loss	43060.8691406
batch	15330	valid_loss	43109.9916992
batch	15360	valid_loss	43026.3930664
batch	15390	valid_loss	43149.2004395
batch	15420	valid_loss	43031.890625
batch	15450	valid_loss	43052.019043
batch	15480	valid_loss	43041.5727539
batch	15510	valid_loss	43001.6711426
batch	15540	valid_loss	43127.0705566
batch	15570	valid_loss	43077.7275391
batch	15600	valid_loss	43021.3078613
batch	15630	valid_loss	43044.1103516
batch	15660	valid_loss	43033.9318848
batch	15690	valid_loss	43239.7382812
batch	15720	valid_loss	43014.8601074
batch	15750	valid_loss	43018.1311035
batch	15780	valid_loss	42956.8259277
batch	15810	valid_loss	42987.298584
batch	15840	valid_loss	42957.7216797
batch	15870	valid_loss	43073.2038574
batch	15900	valid_loss	42984.2175293
batch	15930	valid_loss	42968.1984863
batch	15960	valid_loss	43017.6801758
batch	15990	valid_loss	42953.6186523
batch	16020	valid_loss	43108.1020508
batch	16050	valid_loss	42969.8962402
batch	16080	valid_loss	43050.2480469
batch	16110	valid_loss	42951.3713379
batch	16140	valid_loss	43000.3666992
batch	16170	valid_loss	42951.1166992
batch	16200	valid_loss	42991.0905762
batch	16230	valid_loss	42903.8320312
batch	16260	valid_loss	42943.0427246
batch	16290	valid_loss	42949.6472168
batch	16320	valid_loss	42960.6003418
batch	16350	valid_loss	42927.9233398
batch	16380	valid_loss	42918.8666992
batch	16410	valid_loss	42877.4558105
batch	16440	valid_loss	42941.3752441
batch	16470	valid_loss	42938.9255371
batch	16500	valid_loss	42978.0776367
batch	16530	valid_loss	43001.3532715
batch	16560	valid_loss	42921.8908691
batch	16590	valid_loss	42957.4243164
batch	16620	valid_loss	42919.5263672
batch	16650	valid_loss	43062.3598633
batch	16680	valid_loss	42871.9509277
batch	16710	valid_loss	42940.1132812
batch	16740	valid_loss	42852.751709
batch	16770	valid_loss	42868.8139648
batch	16800	valid_loss	42894.1113281
batch	16830	valid_loss	42879.3415527
batch	16860	valid_loss	42853.4873047
batch	16890	valid_loss	42938.6804199
batch	16920	valid_loss	42829.7480469
batch	16950	valid_loss	42944.3317871
batch	16980	valid_loss	42844.3723145
batch	17010	valid_loss	42853.887207
batch	17040	valid_loss	42854.1142578
batch	17070	valid_loss	42807.6442871
batch	17100	valid_loss	42899.6779785
batch	17130	valid_loss	42837.1828613
batch	17160	valid_loss	42801.6630859
batch	17190	valid_loss	42828.5432129
batch	17220	valid_loss	42781.7155762
batch	17250	valid_loss	43053.435791
batch	17280	valid_loss	42778.5124512
batch	17310	valid_loss	42792.7211914
batch	17340	valid_loss	42718.6115723
batch	17370	valid_loss	42737.2939453
batch	17400	valid_loss	42716.4941406
batch	17430	valid_loss	42781.3000488
batch	17460	valid_loss	42744.765625
batch	17490	valid_loss	42712.9831543
batch	17520	valid_loss	42765.791748
batch	17550	valid_loss	42689.1213379
batch	17580	valid_loss	42837.1516113
batch	17610	valid_loss	42721.8776855
batch	17640	valid_loss	42797.4624023
batch	17670	valid_loss	42678.6416016
batch	17700	valid_loss	42739.8151855
batch	17730	valid_loss	42669.7770996
batch	17760	valid_loss	42740.4780273
batch	17790	valid_loss	42617.4748535
batch	17820	valid_loss	42700.2246094
batch	17850	valid_loss	42653.0541992
batch	17880	valid_loss	42699.5761719
batch	17910	valid_loss	42641.4375
batch	17940	valid_loss	42640.425293
batch	17970	valid_loss	42566.3874512
batch	18000	valid_loss	42645.328125
batch	18030	valid_loss	42620.0041504
batch	18060	valid_loss	42659.7661133
batch	18090	valid_loss	42704.6452637
batch	18120	valid_loss	42626.2854004
batch	18150	valid_loss	42616.0788574
batch	18180	valid_loss	42592.3913574
batch	18210	valid_loss	42704.8977051
batch	18240	valid_loss	42566.8276367
batch	18270	valid_loss	42617.385498
batch	18300	valid_loss	42536.1201172
batch	18330	valid_loss	42533.1320801
batch	18360	valid_loss	42569.0769043
batch	18390	valid_loss	42570.3164062
batch	18420	valid_loss	42533.6838379
batch	18450	valid_loss	42595.7143555
batch	18480	valid_loss	42512.8779297
batch	18510	valid_loss	42526.6496582
batch	18540	valid_loss	42485.6965332
batch	18570	valid_loss	42506.0270996
batch	18600	valid_loss	42497.5366211
batch	18630	valid_loss	42444.8083496
batch	18660	valid_loss	42564.4799805
batch	18690	valid_loss	42514.1618652
batch	18720	valid_loss	42461.7709961
batch	18750	valid_loss	42426.942627
batch	18780	valid_loss	42390.2133789
batch	18810	valid_loss	42502.1643066
batch	18840	valid_loss	42437.7141113
batch	18870	valid_loss	42334.6918945
batch	18900	valid_loss	42322.5739746
batch	18930	valid_loss	42299.9365234
batch	18960	valid_loss	42294.1687012
batch	18990	valid_loss	42413.3317871
batch	19020	valid_loss	42267.0349121
batch	19050	valid_loss	42214.4223633
batch	19080	valid_loss	42253.4189453
batch	19110	valid_loss	42165.501709
batch	19140	valid_loss	42226.2094727
batch	19170	valid_loss	42174.373291
batch	19200	valid_loss	42227.2194824
batch	19230	valid_loss	42106.0393066
batch	19260	valid_loss	42137.0251465
batch	19290	valid_loss	42049.1894531
batch	19320	valid_loss	42277.206543
batch	19350	valid_loss	41988.262207
batch	19380	valid_loss	42073.527832
batch	19410	valid_loss	41955.5446777
batch	19440	valid_loss	42093.7912598
batch	19470	valid_loss	42014.0102539
batch	19500	valid_loss	41940.276123
batch	19530	valid_loss	41840.2392578
batch	19560	valid_loss	41898.4619141
batch	19590	valid_loss	41858.9248047
batch	19620	valid_loss	41902.0197754
batch	19650	valid_loss	41882.9938965
batch	19680	valid_loss	41825.0998535
batch	19710	valid_loss	41807.1210938
batch	19740	valid_loss	41783.0771484
batch	19770	valid_loss	41855.0634766
batch	19800	valid_loss	41723.0554199
batch	19830	valid_loss	41745.7897949
batch	19860	valid_loss	41670.029541
batch	19890	valid_loss	41664.6704102
batch	19920	valid_loss	41627.2145996
batch	19950	valid_loss	41812.9855957
batch	19980	valid_loss	41610.3569336
batch	20010	valid_loss	41609.6442871
batch	20040	valid_loss	41549.1987305
batch	20070	valid_loss	41513.982666
batch	20100	valid_loss	41496.6318359
batch	20130	valid_loss	41479.9023438
batch	20160	valid_loss	41435.7026367
batch	20190	valid_loss	41385.8874512
batch	20220	valid_loss	41595.1660156
batch	20250	valid_loss	41384.4934082
batch	20280	valid_loss	41333.5332031
batch	20310	valid_loss	41342.2021484
batch	20340	valid_loss	41302.0695801
batch	20370	valid_loss	41448.5644531
batch	20400	valid_loss	41357.4726562
batch	20430	valid_loss	41215.9436035
batch	20460	valid_loss	41188.6447754
batch	20490	valid_loss	41153.4370117
batch	20520	valid_loss	41136.3532715
batch	20550	valid_loss	41219.081543
batch	20580	valid_loss	41173.6010742
batch	20610	valid_loss	41050.3261719
batch	20640	valid_loss	41080.7719727
batch	20670	valid_loss	40993.0368652
batch	20700	valid_loss	41009.2060547
batch	20730	valid_loss	40955.1730957
batch	20760	valid_loss	41021.7536621
batch	20790	valid_loss	40893.826416
batch	20820	valid_loss	40903.6535645
batch	20850	valid_loss	40860.6733398
batch	20880	valid_loss	40944.6745605
batch	20910	valid_loss	40757.0185547
batch	20940	valid_loss	40837.4484863
batch	20970	valid_loss	40743.0231934
batch	21000	valid_loss	40864.892334
batch	21030	valid_loss	40787.0478516
batch	21060	valid_loss	40665.1098633
batch	21090	valid_loss	40583.1337891
batch	21120	valid_loss	40621.0043945
batch	21150	valid_loss	40554.9377441
batch	21180	valid_loss	40538.2202148
batch	21210	valid_loss	40549.2741699
batch	21240	valid_loss	40551.28125
batch	21270	valid_loss	40474.8461914
batch	21300	valid_loss	40500.5495605
batch	21330	valid_loss	40575.9968262
batch	21360	valid_loss	40383.4257812
batch	21390	valid_loss	40392.1455078
batch	21420	valid_loss	40332.6962891
batch	21450	valid_loss	40316.1091309
batch	21480	valid_loss	40255.1362305
batch	21510	valid_loss	40401.5583496
batch	21540	valid_loss	40262.1655273
batch	21570	valid_loss	40218.5976562
batch	21600	valid_loss	40174.1403809
batch	21630	valid_loss	40125.7158203
batch	21660	valid_loss	40113.822998
batch	21690	valid_loss	40100.8081055
batch	21720	valid_loss	40018.1555176
batch	21750	valid_loss	39995.220459
batch	21780	valid_loss	40148.7744141
batch	21810	valid_loss	39989.6989746
batch	21840	valid_loss	39976.119873
batch	21870	valid_loss	39931.0581055
batch	21900	valid_loss	39874.4345703
batch	21930	valid_loss	39950.7775879
batch	21960	valid_loss	39903.1970215
batch	21990	valid_loss	39811.3518066
batch	22020	valid_loss	39753.1257324
batch	22050	valid_loss	39736.1057129
batch	22080	valid_loss	39692.5078125
batch	22110	valid_loss	39723.2143555
batch	22140	valid_loss	39650.1677246
batch	22170	valid_loss	39614.7128906
batch	22200	valid_loss	39643.4328613
batch	22230	valid_loss	39576.2539062
batch	22260	valid_loss	39536.4375
batch	22290	valid_loss	39596.9667969
batch	22320	valid_loss	39551.5004883
batch	22350	valid_loss	39465.0388184
batch	22380	valid_loss	39450.751709
batch	22410	valid_loss	39381.1188965
batch	22440	valid_loss	39429.979248
batch	22470	valid_loss	39263.3654785
batch	22500	valid_loss	39406.1242676
batch	22530	valid_loss	39348.6467285
batch	22560	valid_loss	39322.2236328
batch	22590	valid_loss	39198.9455566
batch	22620	valid_loss	39199.7504883
batch	22650	valid_loss	39109.2868652
batch	22680	valid_loss	39129.9768066
batch	22710	valid_loss	39096.4516602
batch	22740	valid_loss	39064.1813965
batch	22770	valid_loss	39094.8537598
batch	22800	valid_loss	39065.065918
batch	22830	valid_loss	39036.3991699
batch	22860	valid_loss	39040.7980957
batch	22890	valid_loss	38987.0126953
batch	22920	valid_loss	38986.7285156
batch	22950	valid_loss	38945.8022461
batch	22980	valid_loss	38911.2001953
batch	23010	valid_loss	38893.4001465
batch	23040	valid_loss	38854.1398926
batch	23070	valid_loss	38873.7507324
batch	23100	valid_loss	38805.1782227
batch	23130	valid_loss	38899.831543
batch	23160	valid_loss	38738.4750977
batch	23190	valid_loss	38704.0439453
batch	23220	valid_loss	38686.7009277
batch	23250	valid_loss	38678.4536133
batch	23280	valid_loss	38655.666748
batch	23310	valid_loss	38642.1933594
batch	23340	valid_loss	38743.6743164
batch	23370	valid_loss	38567.5803223
batch	23400	valid_loss	38557.2958984
batch	23430	valid_loss	38571.1967773
batch	23460	valid_loss	38520.376709
batch	23490	valid_loss	38643.9951172
batch	23520	valid_loss	38441.8557129
batch	23550	valid_loss	38470.0581055
batch	23580	valid_loss	38431.2529297
batch	23610	valid_loss	38389.2075195
batch	23640	valid_loss	38346.7915039
batch	23670	valid_loss	38305.697998
batch	23700	valid_loss	38391.1494141
batch	23730	valid_loss	38293.3498535
batch	23760	valid_loss	38336.5964355
batch	23790	valid_loss	38268.954834
batch	23820	valid_loss	38218.0012207
batch	23850	valid_loss	38212.034668
batch	23880	valid_loss	38269.1535645
batch	23910	valid_loss	38172.6269531
batch	23940	valid_loss	38128.1208496
batch	23970	valid_loss	38143.1760254
batch	24000	valid_loss	38135.5751953
batch	24030	valid_loss	38035.7949219
batch	24060	valid_loss	38144.1259766
batch	24090	valid_loss	38066.5847168
batch	24120	valid_loss	38010.2497559
batch	24150	valid_loss	37981.1508789
batch	24180	valid_loss	38074.3979492
batch	24210	valid_loss	37918.1254883
batch	24240	valid_loss	37920.1960449
batch	24270	valid_loss	37906.3862305
batch	24300	valid_loss	37858.8259277
batch	24330	valid_loss	37913.8242188
batch	24360	valid_loss	37886.3615723
batch	24390	valid_loss	37850.28125
batch	24420	valid_loss	37848.557373
batch	24450	valid_loss	37836.1210938
batch	24480	valid_loss	37828.0615234
batch	24510	valid_loss	37751.083252
batch	24540	valid_loss	37760.4995117
batch	24570	valid_loss	37797.609375
batch	24600	valid_loss	37705.3361816
batch	24630	valid_loss	37727.5854492
batch	24660	valid_loss	37649.7763672
batch	24690	valid_loss	37703.1594238
batch	24720	valid_loss	37597.3505859
batch	24750	valid_loss	37551.0620117
batch	24780	valid_loss	37552.2810059
batch	24810	valid_loss	37570.5732422
batch	24840	valid_loss	37589.6623535
batch	24870	valid_loss	37578.0419922
batch	24900	valid_loss	37575.005127
batch	24930	valid_loss	37489.543457
batch	24960	valid_loss	37465.7241211
batch	24990	valid_loss	37473.9980469
STOP
