START
config	320	40	320	1140
batch	0	valid_loss	8115160.5
batch	30	valid_loss	198033.919922
batch	60	valid_loss	100710.138672
batch	90	valid_loss	96155.0683594
batch	120	valid_loss	95898.7998047
batch	150	valid_loss	95872.0957031
batch	180	valid_loss	95877.4570312
batch	210	valid_loss	95812.8505859
batch	240	valid_loss	95781.4707031
batch	270	valid_loss	95691.6044922
batch	300	valid_loss	95559.8603516
batch	330	valid_loss	95377.3720703
batch	360	valid_loss	94945.2324219
batch	390	valid_loss	94353.2734375
batch	420	valid_loss	93490.0683594
batch	450	valid_loss	92228.5830078
batch	480	valid_loss	91041.1777344
batch	510	valid_loss	89912.2084961
batch	540	valid_loss	88928.887207
batch	570	valid_loss	88197.5537109
batch	600	valid_loss	87682.1469727
batch	630	valid_loss	87255.3984375
batch	660	valid_loss	86883.246582
batch	690	valid_loss	86639.7099609
batch	720	valid_loss	86383.5854492
batch	750	valid_loss	86119.9838867
batch	780	valid_loss	85771.762207
batch	810	valid_loss	85530.9780273
batch	840	valid_loss	85222.6435547
batch	870	valid_loss	84915.1210938
batch	900	valid_loss	84567.6879883
batch	930	valid_loss	84278.7651367
batch	960	valid_loss	83921.6503906
batch	990	valid_loss	83537.9560547
batch	1020	valid_loss	83195.0869141
batch	1050	valid_loss	82820.9921875
batch	1080	valid_loss	82444.3647461
batch	1110	valid_loss	82064.621582
batch	1140	valid_loss	81722.0854492
batch	1170	valid_loss	81396.6162109
batch	1200	valid_loss	80946.8925781
batch	1230	valid_loss	80619.1000977
batch	1260	valid_loss	80259.1582031
batch	1290	valid_loss	79834.1425781
batch	1320	valid_loss	79559.2519531
batch	1350	valid_loss	79112.8173828
batch	1380	valid_loss	78577.4492188
batch	1410	valid_loss	78327.4082031
batch	1440	valid_loss	77957.3242188
batch	1470	valid_loss	77613.1484375
batch	1500	valid_loss	77150.6533203
batch	1530	valid_loss	76853.4057617
batch	1560	valid_loss	76489.4023438
batch	1590	valid_loss	76131.1635742
batch	1620	valid_loss	75723.8496094
batch	1650	valid_loss	75373.3393555
batch	1680	valid_loss	74970.8242188
batch	1710	valid_loss	74637.8544922
batch	1740	valid_loss	74247.796875
batch	1770	valid_loss	73893.9672852
batch	1800	valid_loss	73684.612793
batch	1830	valid_loss	73351.3666992
batch	1860	valid_loss	73017.5991211
batch	1890	valid_loss	72691.0976562
batch	1920	valid_loss	72306.0009766
batch	1950	valid_loss	72022.5009766
batch	1980	valid_loss	71693.3652344
batch	2010	valid_loss	71425.7998047
batch	2040	valid_loss	71195.0649414
batch	2070	valid_loss	70998.2949219
batch	2100	valid_loss	70644.375
batch	2130	valid_loss	70368.8007812
batch	2160	valid_loss	70109.1259766
batch	2190	valid_loss	69854.0
batch	2220	valid_loss	69553.3588867
batch	2250	valid_loss	69260.0048828
batch	2280	valid_loss	69002.3549805
batch	2310	valid_loss	68735.6352539
batch	2340	valid_loss	68449.2490234
batch	2370	valid_loss	68279.5810547
batch	2400	valid_loss	67939.637207
batch	2430	valid_loss	67876.7402344
batch	2460	valid_loss	67584.4023438
batch	2490	valid_loss	67413.425293
batch	2520	valid_loss	67097.0483398
batch	2550	valid_loss	66837.3349609
batch	2580	valid_loss	66633.1293945
batch	2610	valid_loss	66466.4301758
batch	2640	valid_loss	66309.5834961
batch	2670	valid_loss	65987.3925781
batch	2700	valid_loss	65913.5444336
batch	2730	valid_loss	65634.6635742
batch	2760	valid_loss	65452.1914062
batch	2790	valid_loss	65286.4589844
batch	2820	valid_loss	65252.9150391
batch	2850	valid_loss	64830.300293
batch	2880	valid_loss	64770.8745117
batch	2910	valid_loss	64651.0449219
batch	2940	valid_loss	64343.8183594
batch	2970	valid_loss	64240.4628906
batch	3000	valid_loss	64121.9824219
batch	3030	valid_loss	63922.8154297
batch	3060	valid_loss	63732.7792969
batch	3090	valid_loss	63596.8168945
batch	3120	valid_loss	63430.2763672
batch	3150	valid_loss	63323.7773438
batch	3180	valid_loss	63230.6625977
batch	3210	valid_loss	63010.7753906
batch	3240	valid_loss	62995.3901367
batch	3270	valid_loss	62728.8188477
batch	3300	valid_loss	62677.6713867
batch	3330	valid_loss	62536.1083984
batch	3360	valid_loss	62450.4287109
batch	3390	valid_loss	62383.7460938
batch	3420	valid_loss	62267.9331055
batch	3450	valid_loss	62204.0556641
batch	3480	valid_loss	61923.1577148
batch	3510	valid_loss	61909.7407227
batch	3540	valid_loss	61778.3974609
batch	3570	valid_loss	61695.4091797
batch	3600	valid_loss	61555.3144531
batch	3630	valid_loss	61729.3227539
batch	3660	valid_loss	61475.3642578
batch	3690	valid_loss	61368.5229492
batch	3720	valid_loss	61275.9394531
batch	3750	valid_loss	61309.9282227
batch	3780	valid_loss	61086.0576172
batch	3810	valid_loss	61042.0166016
batch	3840	valid_loss	60926.5893555
batch	3870	valid_loss	60865.902832
batch	3900	valid_loss	60720.5693359
batch	3930	valid_loss	60754.3261719
batch	3960	valid_loss	60611.0981445
batch	3990	valid_loss	60661.7973633
batch	4020	valid_loss	60535.3764648
batch	4050	valid_loss	60551.7402344
batch	4080	valid_loss	60359.262207
batch	4110	valid_loss	60377.7314453
batch	4140	valid_loss	60312.7592773
batch	4170	valid_loss	60263.1962891
batch	4200	valid_loss	60302.3496094
batch	4230	valid_loss	60168.0283203
batch	4260	valid_loss	60154.1416016
batch	4290	valid_loss	60051.0483398
batch	4320	valid_loss	59991.4179688
batch	4350	valid_loss	59966.2519531
batch	4380	valid_loss	60075.2036133
batch	4410	valid_loss	59840.5932617
batch	4440	valid_loss	59933.1640625
batch	4470	valid_loss	59889.2910156
batch	4500	valid_loss	59759.4453125
batch	4530	valid_loss	59741.0537109
batch	4560	valid_loss	59817.3964844
batch	4590	valid_loss	59598.7885742
batch	4620	valid_loss	59612.0522461
batch	4650	valid_loss	59572.6533203
batch	4680	valid_loss	59512.9643555
batch	4710	valid_loss	59510.6289062
batch	4740	valid_loss	59493.0878906
batch	4770	valid_loss	59434.2412109
batch	4800	valid_loss	59468.5317383
batch	4830	valid_loss	59333.4125977
batch	4860	valid_loss	59350.1430664
batch	4890	valid_loss	59224.9794922
batch	4920	valid_loss	59314.3901367
batch	4950	valid_loss	59324.7231445
batch	4980	valid_loss	59264.4350586
batch	5010	valid_loss	59295.765625
batch	5040	valid_loss	59119.4018555
batch	5070	valid_loss	59102.6953125
batch	5100	valid_loss	59099.3945312
batch	5130	valid_loss	59086.7783203
batch	5160	valid_loss	59004.7783203
batch	5190	valid_loss	59244.5932617
batch	5220	valid_loss	59039.4360352
batch	5250	valid_loss	58979.5683594
batch	5280	valid_loss	59059.7827148
batch	5310	valid_loss	59038.277832
batch	5340	valid_loss	58944.7685547
batch	5370	valid_loss	58918.6274414
batch	5400	valid_loss	58821.5263672
batch	5430	valid_loss	58836.7597656
batch	5460	valid_loss	58796.012207
batch	5490	valid_loss	58839.8666992
batch	5520	valid_loss	58680.8271484
batch	5550	valid_loss	58871.5727539
batch	5580	valid_loss	58744.9912109
batch	5610	valid_loss	58783.6303711
batch	5640	valid_loss	58684.2929688
batch	5670	valid_loss	58717.2646484
batch	5700	valid_loss	58614.6147461
batch	5730	valid_loss	58657.8764648
batch	5760	valid_loss	58701.2285156
batch	5790	valid_loss	58645.5844727
batch	5820	valid_loss	58666.1591797
batch	5850	valid_loss	58596.6381836
batch	5880	valid_loss	58547.8237305
batch	5910	valid_loss	58558.6240234
batch	5940	valid_loss	58737.2880859
batch	5970	valid_loss	58497.8764648
batch	6000	valid_loss	58569.8974609
batch	6030	valid_loss	58558.2143555
batch	6060	valid_loss	58514.9008789
batch	6090	valid_loss	58495.0219727
batch	6120	valid_loss	58546.2773438
batch	6150	valid_loss	58443.8320312
batch	6180	valid_loss	58466.8217773
batch	6210	valid_loss	58423.3256836
batch	6240	valid_loss	58378.2416992
batch	6270	valid_loss	58430.9526367
batch	6300	valid_loss	58342.2402344
batch	6330	valid_loss	58303.5629883
batch	6360	valid_loss	58358.0234375
batch	6390	valid_loss	58342.1318359
batch	6420	valid_loss	58258.7480469
batch	6450	valid_loss	58224.2368164
batch	6480	valid_loss	58311.3618164
batch	6510	valid_loss	58356.6870117
batch	6540	valid_loss	58257.2514648
batch	6570	valid_loss	58337.1552734
batch	6600	valid_loss	58137.1601562
batch	6630	valid_loss	58136.7592773
batch	6660	valid_loss	58224.3603516
batch	6690	valid_loss	58181.1772461
batch	6720	valid_loss	58144.4682617
batch	6750	valid_loss	58276.1650391
batch	6780	valid_loss	58101.7260742
batch	6810	valid_loss	58118.7773438
batch	6840	valid_loss	58267.6503906
batch	6870	valid_loss	58178.8217773
batch	6900	valid_loss	58120.6665039
batch	6930	valid_loss	58049.4589844
batch	6960	valid_loss	58060.159668
batch	6990	valid_loss	58068.8930664
batch	7020	valid_loss	58040.0634766
batch	7050	valid_loss	58077.5302734
batch	7080	valid_loss	57910.2944336
batch	7110	valid_loss	58115.6889648
batch	7140	valid_loss	57979.5214844
batch	7170	valid_loss	58060.9492188
batch	7200	valid_loss	57965.453125
batch	7230	valid_loss	57989.1591797
batch	7260	valid_loss	57894.5126953
batch	7290	valid_loss	57857.7148438
batch	7320	valid_loss	58006.6147461
batch	7350	valid_loss	57916.0019531
batch	7380	valid_loss	57960.9794922
batch	7410	valid_loss	57941.4462891
batch	7440	valid_loss	57934.5400391
batch	7470	valid_loss	57899.409668
batch	7500	valid_loss	58064.4516602
batch	7530	valid_loss	57847.6679688
batch	7560	valid_loss	57887.2001953
batch	7590	valid_loss	57893.1469727
batch	7620	valid_loss	57831.9086914
batch	7650	valid_loss	57824.6772461
batch	7680	valid_loss	57876.5683594
batch	7710	valid_loss	57830.5932617
batch	7740	valid_loss	57874.7661133
batch	7770	valid_loss	57784.0473633
batch	7800	valid_loss	57778.652832
batch	7830	valid_loss	57865.5825195
batch	7860	valid_loss	57706.2783203
batch	7890	valid_loss	57714.9277344
batch	7920	valid_loss	57709.8076172
batch	7950	valid_loss	57721.3457031
batch	7980	valid_loss	57640.4257812
batch	8010	valid_loss	57654.734375
batch	8040	valid_loss	57713.5722656
batch	8070	valid_loss	57737.6142578
batch	8100	valid_loss	57709.109375
batch	8130	valid_loss	57805.1088867
batch	8160	valid_loss	57569.8681641
batch	8190	valid_loss	57595.8071289
batch	8220	valid_loss	57632.0058594
batch	8250	valid_loss	57618.5620117
batch	8280	valid_loss	57605.8100586
batch	8310	valid_loss	57757.5283203
batch	8340	valid_loss	57555.0249023
batch	8370	valid_loss	57586.3842773
batch	8400	valid_loss	57661.6557617
batch	8430	valid_loss	57643.3632812
batch	8460	valid_loss	57611.1064453
batch	8490	valid_loss	57538.4355469
batch	8520	valid_loss	57527.0400391
batch	8550	valid_loss	57556.5561523
batch	8580	valid_loss	57567.7753906
batch	8610	valid_loss	57587.7006836
batch	8640	valid_loss	57459.8076172
batch	8670	valid_loss	57576.5581055
batch	8700	valid_loss	57511.2587891
batch	8730	valid_loss	57559.1381836
batch	8760	valid_loss	57516.2368164
batch	8790	valid_loss	57494.4956055
batch	8820	valid_loss	57478.7104492
batch	8850	valid_loss	57407.3701172
batch	8880	valid_loss	57481.6323242
batch	8910	valid_loss	57442.8417969
batch	8940	valid_loss	57500.1274414
batch	8970	valid_loss	57499.0849609
batch	9000	valid_loss	57513.4956055
batch	9030	valid_loss	57485.1201172
batch	9060	valid_loss	57617.5913086
batch	9090	valid_loss	57397.3579102
batch	9120	valid_loss	57459.5727539
batch	9150	valid_loss	57421.9472656
batch	9180	valid_loss	57387.1928711
batch	9210	valid_loss	57406.9775391
batch	9240	valid_loss	57467.7973633
batch	9270	valid_loss	57457.2080078
batch	9300	valid_loss	57458.715332
batch	9330	valid_loss	57351.246582
batch	9360	valid_loss	57402.8232422
batch	9390	valid_loss	57478.0615234
batch	9420	valid_loss	57347.6962891
batch	9450	valid_loss	57373.5224609
batch	9480	valid_loss	57331.4980469
batch	9510	valid_loss	57350.815918
batch	9540	valid_loss	57305.7675781
batch	9570	valid_loss	57295.6889648
batch	9600	valid_loss	57382.5703125
batch	9630	valid_loss	57338.2226562
batch	9660	valid_loss	57388.5507812
batch	9690	valid_loss	57487.8920898
batch	9720	valid_loss	57257.3461914
batch	9750	valid_loss	57299.9394531
batch	9780	valid_loss	57248.4077148
batch	9810	valid_loss	57295.5717773
batch	9840	valid_loss	57239.8266602
batch	9870	valid_loss	57411.8623047
batch	9900	valid_loss	57253.3876953
batch	9930	valid_loss	57295.5268555
batch	9960	valid_loss	57300.125
batch	9990	valid_loss	57326.8876953
batch	10020	valid_loss	57313.434082
batch	10050	valid_loss	57241.3056641
batch	10080	valid_loss	57210.2880859
batch	10110	valid_loss	57232.6245117
batch	10140	valid_loss	57219.7114258
batch	10170	valid_loss	57260.0117188
batch	10200	valid_loss	57182.4985352
batch	10230	valid_loss	57235.9868164
batch	10260	valid_loss	57224.2739258
batch	10290	valid_loss	57224.5473633
batch	10320	valid_loss	57231.8417969
batch	10350	valid_loss	57235.597168
batch	10380	valid_loss	57171.2436523
batch	10410	valid_loss	57105.015625
batch	10440	valid_loss	57201.3588867
batch	10470	valid_loss	57126.753418
batch	10500	valid_loss	57223.4145508
batch	10530	valid_loss	57205.4731445
batch	10560	valid_loss	57221.6298828
batch	10590	valid_loss	57211.9833984
batch	10620	valid_loss	57327.0083008
batch	10650	valid_loss	57096.6928711
batch	10680	valid_loss	57199.7646484
batch	10710	valid_loss	57114.1645508
batch	10740	valid_loss	57142.2070312
batch	10770	valid_loss	57131.765625
batch	10800	valid_loss	57188.7045898
batch	10830	valid_loss	57185.0991211
batch	10860	valid_loss	57160.894043
batch	10890	valid_loss	57082.4082031
batch	10920	valid_loss	57166.3769531
batch	10950	valid_loss	57220.1577148
batch	10980	valid_loss	57086.2353516
batch	11010	valid_loss	57103.5283203
batch	11040	valid_loss	57094.4643555
batch	11070	valid_loss	57089.7973633
batch	11100	valid_loss	57051.3603516
batch	11130	valid_loss	57032.2802734
batch	11160	valid_loss	57131.3920898
batch	11190	valid_loss	57087.277832
batch	11220	valid_loss	57141.7451172
batch	11250	valid_loss	57187.7412109
batch	11280	valid_loss	57021.4160156
batch	11310	valid_loss	57034.8056641
batch	11340	valid_loss	56991.7392578
batch	11370	valid_loss	57035.9375
batch	11400	valid_loss	56975.6264648
batch	11430	valid_loss	57131.1796875
batch	11460	valid_loss	56994.246582
batch	11490	valid_loss	57102.3413086
batch	11520	valid_loss	57031.1674805
batch	11550	valid_loss	57080.9555664
batch	11580	valid_loss	57011.9960938
batch	11610	valid_loss	56970.3828125
batch	11640	valid_loss	56910.8710938
batch	11670	valid_loss	56983.1933594
batch	11700	valid_loss	56982.5825195
batch	11730	valid_loss	57011.1049805
batch	11760	valid_loss	56947.621582
batch	11790	valid_loss	56971.6210938
batch	11820	valid_loss	56985.7231445
batch	11850	valid_loss	56939.8676758
batch	11880	valid_loss	57010.0234375
batch	11910	valid_loss	56957.59375
batch	11940	valid_loss	56906.8798828
batch	11970	valid_loss	56897.2387695
batch	12000	valid_loss	56920.1567383
batch	12030	valid_loss	56886.7548828
batch	12060	valid_loss	56944.5473633
batch	12090	valid_loss	56891.7216797
batch	12120	valid_loss	56923.0927734
batch	12150	valid_loss	56917.3056641
batch	12180	valid_loss	57034.3662109
batch	12210	valid_loss	56810.3129883
batch	12240	valid_loss	56956.5878906
batch	12270	valid_loss	56819.5058594
batch	12300	valid_loss	56887.0756836
batch	12330	valid_loss	56841.7744141
batch	12360	valid_loss	56954.2807617
batch	12390	valid_loss	56892.4179688
batch	12420	valid_loss	56841.1396484
batch	12450	valid_loss	56811.6030273
batch	12480	valid_loss	56854.2275391
batch	12510	valid_loss	56922.8837891
batch	12540	valid_loss	56780.8842773
batch	12570	valid_loss	56788.2412109
batch	12600	valid_loss	56782.5366211
batch	12630	valid_loss	56784.3842773
batch	12660	valid_loss	56749.9458008
batch	12690	valid_loss	56747.1640625
batch	12720	valid_loss	56810.6435547
batch	12750	valid_loss	56774.8793945
batch	12780	valid_loss	56847.2797852
batch	12810	valid_loss	56883.7993164
batch	12840	valid_loss	56711.1748047
batch	12870	valid_loss	56686.6733398
batch	12900	valid_loss	56688.1010742
batch	12930	valid_loss	56708.8564453
batch	12960	valid_loss	56665.6645508
batch	12990	valid_loss	56793.8681641
batch	13020	valid_loss	56637.3320312
batch	13050	valid_loss	56793.3081055
batch	13080	valid_loss	56685.8022461
batch	13110	valid_loss	56762.1420898
batch	13140	valid_loss	56653.5668945
batch	13170	valid_loss	56608.0063477
batch	13200	valid_loss	56549.2236328
batch	13230	valid_loss	56626.765625
batch	13260	valid_loss	56659.4135742
batch	13290	valid_loss	56646.0766602
batch	13320	valid_loss	56583.625
batch	13350	valid_loss	56597.1884766
batch	13380	valid_loss	56603.5737305
batch	13410	valid_loss	56536.8139648
batch	13440	valid_loss	56601.1201172
batch	13470	valid_loss	56554.0029297
batch	13500	valid_loss	56535.8935547
batch	13530	valid_loss	56501.4018555
batch	13560	valid_loss	56498.402832
batch	13590	valid_loss	56473.5966797
batch	13620	valid_loss	56485.3041992
batch	13650	valid_loss	56447.7475586
batch	13680	valid_loss	56451.1352539
batch	13710	valid_loss	56494.2216797
batch	13740	valid_loss	56533.3574219
batch	13770	valid_loss	56347.065918
batch	13800	valid_loss	56489.1713867
batch	13830	valid_loss	56332.4492188
batch	13860	valid_loss	56411.7246094
batch	13890	valid_loss	56364.7084961
batch	13920	valid_loss	56482.6123047
batch	13950	valid_loss	56360.6064453
batch	13980	valid_loss	56299.6289062
batch	14010	valid_loss	56289.8432617
batch	14040	valid_loss	56330.4658203
batch	14070	valid_loss	56386.0336914
batch	14100	valid_loss	56216.6791992
batch	14130	valid_loss	56201.9389648
batch	14160	valid_loss	56205.0410156
batch	14190	valid_loss	56172.7919922
batch	14220	valid_loss	56171.4975586
batch	14250	valid_loss	56141.1152344
batch	14280	valid_loss	56176.5258789
batch	14310	valid_loss	56119.7617188
batch	14340	valid_loss	56195.5166016
batch	14370	valid_loss	56229.1865234
batch	14400	valid_loss	56040.1943359
batch	14430	valid_loss	55992.0688477
batch	14460	valid_loss	56015.3012695
batch	14490	valid_loss	55991.4951172
batch	14520	valid_loss	55966.8305664
batch	14550	valid_loss	56022.7563477
batch	14580	valid_loss	55867.6552734
batch	14610	valid_loss	56011.3212891
batch	14640	valid_loss	55897.5185547
batch	14670	valid_loss	55928.0419922
batch	14700	valid_loss	55819.8276367
batch	14730	valid_loss	55759.512207
batch	14760	valid_loss	55688.2539062
batch	14790	valid_loss	55760.3041992
batch	14820	valid_loss	55757.9467773
batch	14850	valid_loss	55709.1533203
batch	14880	valid_loss	55649.8349609
batch	14910	valid_loss	55655.9975586
batch	14940	valid_loss	55655.1850586
batch	14970	valid_loss	55570.0898438
batch	15000	valid_loss	55631.8349609
batch	15030	valid_loss	55571.4213867
batch	15060	valid_loss	55535.972168
batch	15090	valid_loss	55460.9516602
batch	15120	valid_loss	55450.7661133
batch	15150	valid_loss	55387.6860352
batch	15180	valid_loss	55378.1435547
batch	15210	valid_loss	55359.0864258
batch	15240	valid_loss	55342.9960938
batch	15270	valid_loss	55373.2612305
batch	15300	valid_loss	55424.1386719
batch	15330	valid_loss	55207.5537109
batch	15360	valid_loss	55289.0375977
batch	15390	valid_loss	55146.4023438
batch	15420	valid_loss	55204.6987305
batch	15450	valid_loss	55167.5571289
batch	15480	valid_loss	55212.3408203
batch	15510	valid_loss	55120.1044922
batch	15540	valid_loss	55069.7768555
batch	15570	valid_loss	55033.3901367
batch	15600	valid_loss	55059.6860352
batch	15630	valid_loss	55124.746582
batch	15660	valid_loss	54896.9882812
batch	15690	valid_loss	54881.1064453
batch	15720	valid_loss	54891.418457
batch	15750	valid_loss	54830.1723633
batch	15780	valid_loss	54813.9067383
batch	15810	valid_loss	54818.1850586
batch	15840	valid_loss	54795.6123047
batch	15870	valid_loss	54757.3188477
batch	15900	valid_loss	54814.1508789
batch	15930	valid_loss	54864.7250977
batch	15960	valid_loss	54642.1132812
batch	15990	valid_loss	54568.5375977
batch	16020	valid_loss	54593.4521484
batch	16050	valid_loss	54552.3037109
batch	16080	valid_loss	54517.3325195
batch	16110	valid_loss	54575.7167969
batch	16140	valid_loss	54425.9267578
batch	16170	valid_loss	54554.2158203
batch	16200	valid_loss	54442.7939453
batch	16230	valid_loss	54445.2685547
batch	16260	valid_loss	54349.7905273
batch	16290	valid_loss	54296.940918
batch	16320	valid_loss	54213.2514648
batch	16350	valid_loss	54282.0288086
batch	16380	valid_loss	54284.3378906
batch	16410	valid_loss	54192.3374023
batch	16440	valid_loss	54115.0014648
batch	16470	valid_loss	54129.0341797
batch	16500	valid_loss	54141.7255859
batch	16530	valid_loss	54034.6337891
batch	16560	valid_loss	54087.8408203
batch	16590	valid_loss	53981.2431641
batch	16620	valid_loss	53974.6787109
batch	16650	valid_loss	53897.2602539
batch	16680	valid_loss	53884.2348633
batch	16710	valid_loss	53813.2666016
batch	16740	valid_loss	53801.6918945
batch	16770	valid_loss	53760.6782227
batch	16800	valid_loss	53764.043457
batch	16830	valid_loss	53776.9248047
batch	16860	valid_loss	53815.0405273
batch	16890	valid_loss	53582.0249023
batch	16920	valid_loss	53655.1938477
batch	16950	valid_loss	53514.6054688
batch	16980	valid_loss	53559.3959961
batch	17010	valid_loss	53520.6328125
batch	17040	valid_loss	53592.4926758
batch	17070	valid_loss	53488.7167969
batch	17100	valid_loss	53431.0258789
batch	17130	valid_loss	53385.2915039
batch	17160	valid_loss	53415.6723633
batch	17190	valid_loss	53519.8125
batch	17220	valid_loss	53217.0185547
batch	17250	valid_loss	53204.7099609
batch	17280	valid_loss	53213.5458984
batch	17310	valid_loss	53140.402832
batch	17340	valid_loss	53137.6782227
batch	17370	valid_loss	53135.4570312
batch	17400	valid_loss	53101.2910156
batch	17430	valid_loss	53066.8554688
batch	17460	valid_loss	53114.3110352
batch	17490	valid_loss	53181.3994141
batch	17520	valid_loss	52912.2368164
batch	17550	valid_loss	52865.5004883
batch	17580	valid_loss	52876.0395508
batch	17610	valid_loss	52816.5688477
batch	17640	valid_loss	52794.4672852
batch	17670	valid_loss	52867.8071289
batch	17700	valid_loss	52697.2041016
batch	17730	valid_loss	52823.4272461
batch	17760	valid_loss	52727.6987305
batch	17790	valid_loss	52721.0488281
batch	17820	valid_loss	52637.5639648
batch	17850	valid_loss	52552.4101562
batch	17880	valid_loss	52482.9995117
batch	17910	valid_loss	52555.5439453
batch	17940	valid_loss	52601.2890625
batch	17970	valid_loss	52474.5341797
batch	18000	valid_loss	52385.0844727
batch	18030	valid_loss	52410.1899414
batch	18060	valid_loss	52413.6733398
batch	18090	valid_loss	52302.2001953
batch	18120	valid_loss	52338.0424805
batch	18150	valid_loss	52256.2768555
batch	18180	valid_loss	52256.0112305
batch	18210	valid_loss	52175.1206055
batch	18240	valid_loss	52193.7436523
batch	18270	valid_loss	52095.394043
batch	18300	valid_loss	52087.1591797
batch	18330	valid_loss	52051.2255859
batch	18360	valid_loss	52080.1762695
batch	18390	valid_loss	52085.2241211
batch	18420	valid_loss	52118.3686523
batch	18450	valid_loss	51882.7758789
batch	18480	valid_loss	51978.9042969
batch	18510	valid_loss	51819.6801758
batch	18540	valid_loss	51872.2583008
batch	18570	valid_loss	51802.8012695
batch	18600	valid_loss	51931.4780273
batch	18630	valid_loss	51797.0795898
batch	18660	valid_loss	51757.4360352
batch	18690	valid_loss	51732.0600586
batch	18720	valid_loss	51751.1362305
batch	18750	valid_loss	51868.7495117
batch	18780	valid_loss	51547.0712891
batch	18810	valid_loss	51534.5102539
batch	18840	valid_loss	51565.7226562
batch	18870	valid_loss	51511.3676758
batch	18900	valid_loss	51484.0424805
batch	18930	valid_loss	51521.2006836
batch	18960	valid_loss	51463.5483398
batch	18990	valid_loss	51432.6875
batch	19020	valid_loss	51470.2236328
batch	19050	valid_loss	51554.7900391
batch	19080	valid_loss	51312.0576172
batch	19110	valid_loss	51261.6733398
batch	19140	valid_loss	51248.7514648
batch	19170	valid_loss	51215.5009766
batch	19200	valid_loss	51178.9609375
batch	19230	valid_loss	51274.5942383
batch	19260	valid_loss	51106.1533203
batch	19290	valid_loss	51205.418457
batch	19320	valid_loss	51156.6308594
batch	19350	valid_loss	51111.8984375
batch	19380	valid_loss	51032.4682617
batch	19410	valid_loss	50967.6132812
batch	19440	valid_loss	50890.7709961
batch	19470	valid_loss	50969.4365234
batch	19500	valid_loss	51035.546875
batch	19530	valid_loss	50898.0024414
batch	19560	valid_loss	50824.8852539
batch	19590	valid_loss	50855.5136719
batch	19620	valid_loss	50856.7495117
batch	19650	valid_loss	50757.8017578
batch	19680	valid_loss	50764.6962891
batch	19710	valid_loss	50723.5961914
batch	19740	valid_loss	50732.8623047
batch	19770	valid_loss	50623.0166016
batch	19800	valid_loss	50676.0766602
batch	19830	valid_loss	50548.1108398
batch	19860	valid_loss	50549.1865234
batch	19890	valid_loss	50519.4584961
batch	19920	valid_loss	50546.9672852
batch	19950	valid_loss	50578.206543
batch	19980	valid_loss	50611.3969727
batch	20010	valid_loss	50370.9916992
batch	20040	valid_loss	50498.902832
batch	20070	valid_loss	50298.8544922
batch	20100	valid_loss	50369.7094727
batch	20130	valid_loss	50288.2260742
batch	20160	valid_loss	50445.9013672
batch	20190	valid_loss	50298.5043945
batch	20220	valid_loss	50274.7197266
batch	20250	valid_loss	50265.0976562
batch	20280	valid_loss	50281.3100586
batch	20310	valid_loss	50404.3330078
batch	20340	valid_loss	50088.199707
batch	20370	valid_loss	50088.9746094
batch	20400	valid_loss	50135.1992188
batch	20430	valid_loss	50093.6088867
batch	20460	valid_loss	50020.1914062
batch	20490	valid_loss	50081.7172852
batch	20520	valid_loss	50010.7641602
batch	20550	valid_loss	50006.8237305
batch	20580	valid_loss	50037.2070312
batch	20610	valid_loss	50087.7568359
batch	20640	valid_loss	49925.2617188
batch	20670	valid_loss	49842.3413086
batch	20700	valid_loss	49848.7202148
batch	20730	valid_loss	49812.7602539
batch	20760	valid_loss	49774.6938477
batch	20790	valid_loss	49894.9936523
batch	20820	valid_loss	49730.4936523
batch	20850	valid_loss	49788.4487305
batch	20880	valid_loss	49798.793457
batch	20910	valid_loss	49719.5424805
batch	20940	valid_loss	49624.2841797
batch	20970	valid_loss	49593.8271484
batch	21000	valid_loss	49538.9047852
batch	21030	valid_loss	49642.1123047
batch	21060	valid_loss	49722.9912109
batch	21090	valid_loss	49568.5551758
batch	21120	valid_loss	49468.0385742
batch	21150	valid_loss	49532.9174805
batch	21180	valid_loss	49529.8979492
batch	21210	valid_loss	49433.5322266
batch	21240	valid_loss	49415.121582
batch	21270	valid_loss	49446.5795898
batch	21300	valid_loss	49399.9785156
batch	21330	valid_loss	49309.574707
batch	21360	valid_loss	49392.6835938
batch	21390	valid_loss	49232.0766602
batch	21420	valid_loss	49262.3476562
batch	21450	valid_loss	49225.3056641
batch	21480	valid_loss	49242.7714844
batch	21510	valid_loss	49300.296875
batch	21540	valid_loss	49359.8735352
batch	21570	valid_loss	49071.7509766
batch	21600	valid_loss	49257.0625
batch	21630	valid_loss	49048.8022461
batch	21660	valid_loss	49120.3398438
batch	21690	valid_loss	49050.0336914
batch	21720	valid_loss	49217.7163086
batch	21750	valid_loss	49067.2993164
batch	21780	valid_loss	49051.5371094
batch	21810	valid_loss	49048.8168945
batch	21840	valid_loss	49072.8984375
batch	21870	valid_loss	49207.3413086
batch	21900	valid_loss	48873.8994141
batch	21930	valid_loss	48874.8188477
batch	21960	valid_loss	48946.0917969
batch	21990	valid_loss	48917.3779297
batch	22020	valid_loss	48823.1660156
batch	22050	valid_loss	48893.621582
batch	22080	valid_loss	48831.3237305
batch	22110	valid_loss	48821.8198242
batch	22140	valid_loss	48857.0419922
batch	22170	valid_loss	48905.9580078
batch	22200	valid_loss	48773.3725586
batch	22230	valid_loss	48713.0571289
batch	22260	valid_loss	48707.6630859
batch	22290	valid_loss	48672.6743164
batch	22320	valid_loss	48630.7885742
batch	22350	valid_loss	48745.7768555
batch	22380	valid_loss	48584.4628906
batch	22410	valid_loss	48658.7983398
batch	22440	valid_loss	48697.1728516
batch	22470	valid_loss	48601.4819336
batch	22500	valid_loss	48491.7680664
batch	22530	valid_loss	48484.8798828
batch	22560	valid_loss	48420.128418
batch	22590	valid_loss	48520.2905273
batch	22620	valid_loss	48630.8652344
batch	22650	valid_loss	48492.4677734
batch	22680	valid_loss	48355.034668
batch	22710	valid_loss	48458.6235352
batch	22740	valid_loss	48452.578125
batch	22770	valid_loss	48353.7441406
batch	22800	valid_loss	48336.0991211
batch	22830	valid_loss	48370.2172852
batch	22860	valid_loss	48327.8676758
batch	22890	valid_loss	48237.5869141
batch	22920	valid_loss	48330.2514648
batch	22950	valid_loss	48166.4116211
batch	22980	valid_loss	48211.0522461
batch	23010	valid_loss	48162.1674805
batch	23040	valid_loss	48221.2592773
batch	23070	valid_loss	48249.5800781
batch	23100	valid_loss	48326.1748047
batch	23130	valid_loss	48034.8037109
batch	23160	valid_loss	48244.1582031
batch	23190	valid_loss	48021.4790039
batch	23220	valid_loss	48105.7182617
batch	23250	valid_loss	48028.2250977
batch	23280	valid_loss	48212.5737305
batch	23310	valid_loss	48054.3979492
batch	23340	valid_loss	48044.0302734
batch	23370	valid_loss	48044.4287109
batch	23400	valid_loss	48082.3232422
batch	23430	valid_loss	48217.6884766
batch	23460	valid_loss	47875.8027344
batch	23490	valid_loss	47850.4291992
batch	23520	valid_loss	47968.3007812
batch	23550	valid_loss	47946.3579102
batch	23580	valid_loss	47847.8847656
batch	23610	valid_loss	47917.2480469
batch	23640	valid_loss	47868.1152344
batch	23670	valid_loss	47834.0517578
batch	23700	valid_loss	47902.4301758
batch	23730	valid_loss	47953.6821289
batch	23760	valid_loss	47807.1401367
batch	23790	valid_loss	47760.2602539
batch	23820	valid_loss	47770.2539062
batch	23850	valid_loss	47725.3564453
batch	23880	valid_loss	47686.3310547
batch	23910	valid_loss	47808.5820312
batch	23940	valid_loss	47634.3657227
batch	23970	valid_loss	47761.0180664
batch	24000	valid_loss	47777.9892578
batch	24030	valid_loss	47687.8671875
batch	24060	valid_loss	47558.8828125
batch	24090	valid_loss	47560.8295898
batch	24120	valid_loss	47504.4169922
batch	24150	valid_loss	47581.9370117
batch	24180	valid_loss	47741.9365234
batch	24210	valid_loss	47594.9501953
batch	24240	valid_loss	47436.2861328
batch	24270	valid_loss	47572.0019531
batch	24300	valid_loss	47572.6289062
batch	24330	valid_loss	47449.402832
batch	24360	valid_loss	47454.5454102
batch	24390	valid_loss	47460.4663086
batch	24420	valid_loss	47418.6958008
batch	24450	valid_loss	47371.9287109
batch	24480	valid_loss	47438.3979492
batch	24510	valid_loss	47283.0639648
batch	24540	valid_loss	47337.8408203
batch	24570	valid_loss	47288.5200195
batch	24600	valid_loss	47358.2875977
batch	24630	valid_loss	47377.2509766
batch	24660	valid_loss	47471.2446289
batch	24690	valid_loss	47179.0356445
batch	24720	valid_loss	47398.2324219
batch	24750	valid_loss	47164.1230469
batch	24780	valid_loss	47245.1928711
batch	24810	valid_loss	47175.1933594
batch	24840	valid_loss	47373.0
batch	24870	valid_loss	47195.8515625
batch	24900	valid_loss	47214.2490234
batch	24930	valid_loss	47216.6850586
batch	24960	valid_loss	47251.8608398
batch	24990	valid_loss	47384.487793
STOP
START
config	320	40	320	1140
batch	0	valid_loss	9419052.4375
batch	30	valid_loss	218894.84375
batch	60	valid_loss	101432.861328
batch	90	valid_loss	96182.828125
batch	120	valid_loss	95902.6845703
batch	150	valid_loss	95908.7285156
batch	180	valid_loss	95849.8544922
batch	210	valid_loss	95847.4794922
batch	240	valid_loss	95775.5185547
batch	270	valid_loss	95675.6279297
batch	300	valid_loss	95494.2519531
batch	330	valid_loss	95341.484375
batch	360	valid_loss	94816.6513672
batch	390	valid_loss	94235.5302734
batch	420	valid_loss	93076.2973633
batch	450	valid_loss	91471.996582
batch	480	valid_loss	90121.6850586
batch	510	valid_loss	89058.6577148
batch	540	valid_loss	88365.2563477
batch	570	valid_loss	87892.1640625
batch	600	valid_loss	87587.2231445
batch	630	valid_loss	87347.8227539
batch	660	valid_loss	87071.8359375
batch	690	valid_loss	86879.2011719
batch	720	valid_loss	86713.7543945
batch	750	valid_loss	86477.6757812
batch	780	valid_loss	86279.5092773
batch	810	valid_loss	86091.2416992
batch	840	valid_loss	85831.6577148
batch	870	valid_loss	85610.0893555
batch	900	valid_loss	85245.7255859
batch	930	valid_loss	84984.1889648
batch	960	valid_loss	84720.5493164
batch	990	valid_loss	84311.8686523
batch	1020	valid_loss	83953.8754883
batch	1050	valid_loss	83686.8911133
batch	1080	valid_loss	83370.8076172
batch	1110	valid_loss	83069.2436523
batch	1140	valid_loss	82795.2666016
batch	1170	valid_loss	82478.7216797
batch	1200	valid_loss	82134.7900391
batch	1230	valid_loss	81796.6679688
batch	1260	valid_loss	81603.2109375
batch	1290	valid_loss	81099.2768555
batch	1320	valid_loss	80928.7456055
batch	1350	valid_loss	80484.6274414
batch	1380	valid_loss	80027.315918
batch	1410	valid_loss	79741.7324219
batch	1440	valid_loss	79478.4863281
batch	1470	valid_loss	79028.2197266
batch	1500	valid_loss	78626.8129883
batch	1530	valid_loss	78262.9580078
batch	1560	valid_loss	77845.2358398
batch	1590	valid_loss	77615.4985352
batch	1620	valid_loss	77106.4384766
batch	1650	valid_loss	76796.8803711
batch	1680	valid_loss	76394.0688477
batch	1710	valid_loss	76008.9238281
batch	1740	valid_loss	75650.0112305
batch	1770	valid_loss	75376.8325195
batch	1800	valid_loss	75029.2993164
batch	1830	valid_loss	74699.2973633
batch	1860	valid_loss	74372.0678711
batch	1890	valid_loss	73960.1391602
batch	1920	valid_loss	73603.5664062
batch	1950	valid_loss	73224.7397461
batch	1980	valid_loss	72935.6958008
batch	2010	valid_loss	72571.859375
batch	2040	valid_loss	72197.6660156
batch	2070	valid_loss	72021.4052734
batch	2100	valid_loss	71761.6123047
batch	2130	valid_loss	71409.7075195
batch	2160	valid_loss	71147.2304688
batch	2190	valid_loss	70897.7583008
batch	2220	valid_loss	70574.7182617
batch	2250	valid_loss	70261.0854492
batch	2280	valid_loss	69978.1821289
batch	2310	valid_loss	69697.9355469
batch	2340	valid_loss	69441.2983398
batch	2370	valid_loss	69216.0390625
batch	2400	valid_loss	68970.3154297
batch	2430	valid_loss	68845.296875
batch	2460	valid_loss	68511.2324219
batch	2490	valid_loss	68339.7578125
batch	2520	valid_loss	68054.6889648
batch	2550	valid_loss	67838.418457
batch	2580	valid_loss	67524.956543
batch	2610	valid_loss	67447.2954102
batch	2640	valid_loss	67177.9428711
batch	2670	valid_loss	66897.5366211
batch	2700	valid_loss	66773.0649414
batch	2730	valid_loss	66637.7421875
batch	2760	valid_loss	66339.550293
batch	2790	valid_loss	66114.3232422
batch	2820	valid_loss	65916.5795898
batch	2850	valid_loss	65688.6943359
batch	2880	valid_loss	65622.0771484
batch	2910	valid_loss	65390.1806641
batch	2940	valid_loss	65168.71875
batch	2970	valid_loss	64980.9760742
batch	3000	valid_loss	64940.2470703
batch	3030	valid_loss	64755.1469727
batch	3060	valid_loss	64617.0952148
batch	3090	valid_loss	64363.0625
batch	3120	valid_loss	64227.6860352
batch	3150	valid_loss	64113.9199219
batch	3180	valid_loss	63913.2231445
batch	3210	valid_loss	63711.5976562
batch	3240	valid_loss	63644.4956055
batch	3270	valid_loss	63365.5083008
batch	3300	valid_loss	63284.6899414
batch	3330	valid_loss	63113.7441406
batch	3360	valid_loss	63125.0161133
batch	3390	valid_loss	63024.0424805
batch	3420	valid_loss	62932.6054688
batch	3450	valid_loss	62696.6235352
batch	3480	valid_loss	62462.0673828
batch	3510	valid_loss	62457.0541992
batch	3540	valid_loss	62292.8994141
batch	3570	valid_loss	62178.3085938
batch	3600	valid_loss	62063.1293945
batch	3630	valid_loss	62120.5483398
batch	3660	valid_loss	61931.5415039
batch	3690	valid_loss	61863.8837891
batch	3720	valid_loss	61740.0673828
batch	3750	valid_loss	61727.0751953
batch	3780	valid_loss	61618.8134766
batch	3810	valid_loss	61452.0751953
batch	3840	valid_loss	61384.0136719
batch	3870	valid_loss	61283.8271484
batch	3900	valid_loss	61135.6831055
batch	3930	valid_loss	61152.144043
batch	3960	valid_loss	61025.0551758
batch	3990	valid_loss	61077.934082
batch	4020	valid_loss	60874.3344727
batch	4050	valid_loss	60878.8867188
batch	4080	valid_loss	60740.2841797
batch	4110	valid_loss	60662.2797852
batch	4140	valid_loss	60607.2294922
batch	4170	valid_loss	60611.6225586
batch	4200	valid_loss	60572.3134766
batch	4230	valid_loss	60384.5644531
batch	4260	valid_loss	60387.1879883
batch	4290	valid_loss	60327.7260742
batch	4320	valid_loss	60292.1230469
batch	4350	valid_loss	60216.8017578
batch	4380	valid_loss	60193.769043
batch	4410	valid_loss	60045.9267578
batch	4440	valid_loss	60109.862793
batch	4470	valid_loss	60090.0478516
batch	4500	valid_loss	59973.4272461
batch	4530	valid_loss	59904.4135742
batch	4560	valid_loss	60004.8696289
batch	4590	valid_loss	59887.0854492
batch	4620	valid_loss	59843.4887695
batch	4650	valid_loss	59711.2880859
batch	4680	valid_loss	59744.4990234
batch	4710	valid_loss	59758.2543945
batch	4740	valid_loss	59601.293457
batch	4770	valid_loss	59587.2011719
batch	4800	valid_loss	59593.9155273
batch	4830	valid_loss	59432.7246094
batch	4860	valid_loss	59429.2280273
batch	4890	valid_loss	59412.7236328
batch	4920	valid_loss	59413.8066406
batch	4950	valid_loss	59469.5961914
batch	4980	valid_loss	59437.3642578
batch	5010	valid_loss	59376.6743164
batch	5040	valid_loss	59197.2109375
batch	5070	valid_loss	59191.9951172
batch	5100	valid_loss	59184.1611328
batch	5130	valid_loss	59213.9487305
batch	5160	valid_loss	59117.1171875
batch	5190	valid_loss	59258.2373047
batch	5220	valid_loss	59159.6591797
batch	5250	valid_loss	59119.1972656
batch	5280	valid_loss	59103.6137695
batch	5310	valid_loss	59172.2485352
batch	5340	valid_loss	59076.9863281
batch	5370	valid_loss	58953.9462891
batch	5400	valid_loss	58958.3535156
batch	5430	valid_loss	58911.3969727
batch	5460	valid_loss	58860.6679688
batch	5490	valid_loss	59007.512207
batch	5520	valid_loss	58838.1918945
batch	5550	valid_loss	59038.3891602
batch	5580	valid_loss	58817.0146484
batch	5610	valid_loss	58942.1953125
batch	5640	valid_loss	58799.3540039
batch	5670	valid_loss	58795.9042969
batch	5700	valid_loss	58690.5024414
batch	5730	valid_loss	58848.5483398
batch	5760	valid_loss	58745.9243164
batch	5790	valid_loss	58718.8320312
batch	5820	valid_loss	58752.5141602
batch	5850	valid_loss	58693.2832031
batch	5880	valid_loss	58661.0556641
batch	5910	valid_loss	58709.5024414
batch	5940	valid_loss	58689.3642578
batch	5970	valid_loss	58554.1679688
batch	6000	valid_loss	58606.402832
batch	6030	valid_loss	58672.6147461
batch	6060	valid_loss	58632.2133789
batch	6090	valid_loss	58535.3916016
batch	6120	valid_loss	58693.3500977
batch	6150	valid_loss	58588.2041016
batch	6180	valid_loss	58606.0341797
batch	6210	valid_loss	58462.6582031
batch	6240	valid_loss	58515.9882812
batch	6270	valid_loss	58569.347168
batch	6300	valid_loss	58468.8588867
batch	6330	valid_loss	58381.4472656
batch	6360	valid_loss	58421.824707
batch	6390	valid_loss	58394.7597656
batch	6420	valid_loss	58311.359375
batch	6450	valid_loss	58384.7490234
batch	6480	valid_loss	58422.6450195
batch	6510	valid_loss	58453.3652344
batch	6540	valid_loss	58429.9750977
batch	6570	valid_loss	58443.5888672
batch	6600	valid_loss	58249.1064453
batch	6630	valid_loss	58251.0166016
batch	6660	valid_loss	58326.8676758
batch	6690	valid_loss	58262.9291992
batch	6720	valid_loss	58263.8725586
batch	6750	valid_loss	58381.1289062
batch	6780	valid_loss	58237.4707031
batch	6810	valid_loss	58258.0708008
batch	6840	valid_loss	58369.9360352
batch	6870	valid_loss	58290.6362305
batch	6900	valid_loss	58267.1875
batch	6930	valid_loss	58177.3051758
batch	6960	valid_loss	58131.2338867
batch	6990	valid_loss	58200.6196289
batch	7020	valid_loss	58121.0097656
batch	7050	valid_loss	58289.175293
batch	7080	valid_loss	58075.9887695
batch	7110	valid_loss	58302.034668
batch	7140	valid_loss	58137.8344727
batch	7170	valid_loss	58262.9711914
batch	7200	valid_loss	58153.8564453
batch	7230	valid_loss	58188.9584961
batch	7260	valid_loss	58028.0498047
batch	7290	valid_loss	58068.5253906
batch	7320	valid_loss	58086.9345703
batch	7350	valid_loss	58089.6899414
batch	7380	valid_loss	58171.8637695
batch	7410	valid_loss	58091.375
batch	7440	valid_loss	58110.1005859
batch	7470	valid_loss	58062.0957031
batch	7500	valid_loss	58150.5952148
batch	7530	valid_loss	58012.1494141
batch	7560	valid_loss	58005.5473633
batch	7590	valid_loss	58167.4570312
batch	7620	valid_loss	58004.2783203
batch	7650	valid_loss	57988.4423828
batch	7680	valid_loss	58053.6772461
batch	7710	valid_loss	57979.4746094
batch	7740	valid_loss	58111.0610352
batch	7770	valid_loss	57983.3188477
batch	7800	valid_loss	58003.3388672
batch	7830	valid_loss	58102.1411133
batch	7860	valid_loss	57957.027832
batch	7890	valid_loss	57875.0249023
batch	7920	valid_loss	57972.3369141
batch	7950	valid_loss	57938.7753906
batch	7980	valid_loss	57892.5253906
batch	8010	valid_loss	57886.9023438
batch	8040	valid_loss	57971.0537109
batch	8070	valid_loss	58012.6708984
batch	8100	valid_loss	57951.4204102
batch	8130	valid_loss	58010.6259766
batch	8160	valid_loss	57819.7368164
batch	8190	valid_loss	57832.3320312
batch	8220	valid_loss	57872.2924805
batch	8250	valid_loss	57833.9853516
batch	8280	valid_loss	57873.1157227
batch	8310	valid_loss	58039.168457
batch	8340	valid_loss	57831.6625977
batch	8370	valid_loss	57848.5825195
batch	8400	valid_loss	57948.640625
batch	8430	valid_loss	57868.2026367
batch	8460	valid_loss	57898.3037109
batch	8490	valid_loss	57807.9663086
batch	8520	valid_loss	57773.4394531
batch	8550	valid_loss	57871.7939453
batch	8580	valid_loss	57821.8969727
batch	8610	valid_loss	57913.4741211
batch	8640	valid_loss	57744.1118164
batch	8670	valid_loss	57907.6113281
batch	8700	valid_loss	57817.9755859
batch	8730	valid_loss	57874.8256836
batch	8760	valid_loss	57786.7504883
batch	8790	valid_loss	57853.0019531
batch	8820	valid_loss	57731.0732422
batch	8850	valid_loss	57709.3188477
batch	8880	valid_loss	57734.3100586
batch	8910	valid_loss	57734.5009766
batch	8940	valid_loss	57810.6967773
batch	8970	valid_loss	57788.7670898
batch	9000	valid_loss	57848.1367188
batch	9030	valid_loss	57785.2553711
batch	9060	valid_loss	57890.4116211
batch	9090	valid_loss	57738.6074219
batch	9120	valid_loss	57715.59375
batch	9150	valid_loss	57751.5405273
batch	9180	valid_loss	57675.4169922
batch	9210	valid_loss	57706.4262695
batch	9240	valid_loss	57728.9619141
batch	9270	valid_loss	57732.8808594
batch	9300	valid_loss	57791.34375
batch	9330	valid_loss	57691.3466797
batch	9360	valid_loss	57735.3515625
batch	9390	valid_loss	57798.5595703
batch	9420	valid_loss	57681.0756836
batch	9450	valid_loss	57636.6254883
batch	9480	valid_loss	57683.9760742
batch	9510	valid_loss	57678.7114258
batch	9540	valid_loss	57659.1245117
batch	9570	valid_loss	57597.4868164
batch	9600	valid_loss	57709.3789062
batch	9630	valid_loss	57695.9350586
batch	9660	valid_loss	57668.0463867
batch	9690	valid_loss	57757.8334961
batch	9720	valid_loss	57600.0288086
batch	9750	valid_loss	57618.9638672
batch	9780	valid_loss	57562.7792969
batch	9810	valid_loss	57575.0244141
batch	9840	valid_loss	57563.690918
batch	9870	valid_loss	57791.0395508
batch	9900	valid_loss	57577.6743164
batch	9930	valid_loss	57632.1000977
batch	9960	valid_loss	57676.0820312
batch	9990	valid_loss	57621.2895508
batch	10020	valid_loss	57644.1992188
batch	10050	valid_loss	57587.7602539
batch	10080	valid_loss	57489.746582
batch	10110	valid_loss	57595.3623047
batch	10140	valid_loss	57553.8461914
batch	10170	valid_loss	57620.6640625
batch	10200	valid_loss	57503.7617188
batch	10230	valid_loss	57624.6088867
batch	10260	valid_loss	57585.7412109
batch	10290	valid_loss	57570.9677734
batch	10320	valid_loss	57596.5864258
batch	10350	valid_loss	57601.1176758
batch	10380	valid_loss	57489.8320312
batch	10410	valid_loss	57440.2978516
batch	10440	valid_loss	57515.8374023
batch	10470	valid_loss	57467.7675781
batch	10500	valid_loss	57535.9248047
batch	10530	valid_loss	57516.1137695
batch	10560	valid_loss	57590.375
batch	10590	valid_loss	57539.3632812
batch	10620	valid_loss	57617.8676758
batch	10650	valid_loss	57460.987793
batch	10680	valid_loss	57497.1308594
batch	10710	valid_loss	57490.5527344
batch	10740	valid_loss	57441.2905273
batch	10770	valid_loss	57473.753418
batch	10800	valid_loss	57536.9492188
batch	10830	valid_loss	57506.1679688
batch	10860	valid_loss	57513.3974609
batch	10890	valid_loss	57434.8125
batch	10920	valid_loss	57482.4082031
batch	10950	valid_loss	57541.4301758
batch	10980	valid_loss	57414.7348633
batch	11010	valid_loss	57410.6884766
batch	11040	valid_loss	57440.6577148
batch	11070	valid_loss	57432.8891602
batch	11100	valid_loss	57390.9038086
batch	11130	valid_loss	57343.2675781
batch	11160	valid_loss	57495.6357422
batch	11190	valid_loss	57412.0288086
batch	11220	valid_loss	57407.0844727
batch	11250	valid_loss	57479.4829102
batch	11280	valid_loss	57341.1694336
batch	11310	valid_loss	57358.8374023
batch	11340	valid_loss	57310.1503906
batch	11370	valid_loss	57319.7734375
batch	11400	valid_loss	57305.6914062
batch	11430	valid_loss	57483.0166016
batch	11460	valid_loss	57309.5566406
batch	11490	valid_loss	57437.7099609
batch	11520	valid_loss	57337.9648438
batch	11550	valid_loss	57328.4165039
batch	11580	valid_loss	57340.3549805
batch	11610	valid_loss	57297.0825195
batch	11640	valid_loss	57177.3242188
batch	11670	valid_loss	57274.918457
batch	11700	valid_loss	57272.4438477
batch	11730	valid_loss	57310.1650391
batch	11760	valid_loss	57202.378418
batch	11790	valid_loss	57283.9584961
batch	11820	valid_loss	57265.4311523
batch	11850	valid_loss	57207.2783203
batch	11880	valid_loss	57263.7739258
batch	11910	valid_loss	57261.8037109
batch	11940	valid_loss	57151.1411133
batch	11970	valid_loss	57121.8564453
batch	12000	valid_loss	57183.9199219
batch	12030	valid_loss	57095.9301758
batch	12060	valid_loss	57149.1152344
batch	12090	valid_loss	57143.940918
batch	12120	valid_loss	57173.753418
batch	12150	valid_loss	57114.7387695
batch	12180	valid_loss	57181.9472656
batch	12210	valid_loss	57053.0913086
batch	12240	valid_loss	57138.3945312
batch	12270	valid_loss	57054.1503906
batch	12300	valid_loss	57058.9243164
batch	12330	valid_loss	57049.8432617
batch	12360	valid_loss	57144.5048828
batch	12390	valid_loss	57094.5576172
batch	12420	valid_loss	57056.574707
batch	12450	valid_loss	57007.3554688
batch	12480	valid_loss	57022.7524414
batch	12510	valid_loss	57101.6499023
batch	12540	valid_loss	56989.8623047
batch	12570	valid_loss	56982.0205078
batch	12600	valid_loss	56975.9165039
batch	12630	valid_loss	56969.3857422
batch	12660	valid_loss	56954.6474609
batch	12690	valid_loss	56883.706543
batch	12720	valid_loss	57013.1186523
batch	12750	valid_loss	56945.4736328
batch	12780	valid_loss	56967.1337891
batch	12810	valid_loss	56993.1157227
batch	12840	valid_loss	56889.8051758
batch	12870	valid_loss	56852.3115234
batch	12900	valid_loss	56871.9785156
batch	12930	valid_loss	56865.1982422
batch	12960	valid_loss	56832.1088867
batch	12990	valid_loss	56957.9975586
batch	13020	valid_loss	56815.0742188
batch	13050	valid_loss	56967.1982422
batch	13080	valid_loss	56861.003418
batch	13110	valid_loss	56849.1860352
batch	13140	valid_loss	56856.8613281
batch	13170	valid_loss	56772.3100586
batch	13200	valid_loss	56707.8818359
batch	13230	valid_loss	56786.637207
batch	13260	valid_loss	56824.6977539
batch	13290	valid_loss	56775.9824219
batch	13320	valid_loss	56731.8256836
batch	13350	valid_loss	56782.4985352
batch	13380	valid_loss	56775.6669922
batch	13410	valid_loss	56689.9248047
batch	13440	valid_loss	56781.0063477
batch	13470	valid_loss	56744.1298828
batch	13500	valid_loss	56674.1606445
batch	13530	valid_loss	56666.2294922
batch	13560	valid_loss	56712.2270508
batch	13590	valid_loss	56627.9389648
batch	13620	valid_loss	56597.0263672
batch	13650	valid_loss	56630.1035156
batch	13680	valid_loss	56639.9316406
batch	13710	valid_loss	56628.6669922
batch	13740	valid_loss	56657.7143555
batch	13770	valid_loss	56566.7587891
batch	13800	valid_loss	56637.4272461
batch	13830	valid_loss	56497.6660156
batch	13860	valid_loss	56558.1723633
batch	13890	valid_loss	56538.8100586
batch	13920	valid_loss	56627.1704102
batch	13950	valid_loss	56509.246582
batch	13980	valid_loss	56489.7373047
batch	14010	valid_loss	56458.3632812
batch	14040	valid_loss	56439.2036133
batch	14070	valid_loss	56535.6625977
batch	14100	valid_loss	56407.0126953
batch	14130	valid_loss	56373.0932617
batch	14160	valid_loss	56390.3916016
batch	14190	valid_loss	56336.9663086
batch	14220	valid_loss	56355.9072266
batch	14250	valid_loss	56281.949707
batch	14280	valid_loss	56318.1474609
batch	14310	valid_loss	56304.7080078
batch	14340	valid_loss	56305.1904297
batch	14370	valid_loss	56312.2475586
batch	14400	valid_loss	56182.6191406
batch	14430	valid_loss	56133.4848633
batch	14460	valid_loss	56174.3134766
batch	14490	valid_loss	56168.7412109
batch	14520	valid_loss	56094.949707
batch	14550	valid_loss	56105.909668
batch	14580	valid_loss	56032.4438477
batch	14610	valid_loss	56160.8862305
batch	14640	valid_loss	56006.0737305
batch	14670	valid_loss	55992.5307617
batch	14700	valid_loss	55991.4589844
batch	14730	valid_loss	55870.875
batch	14760	valid_loss	55800.9780273
batch	14790	valid_loss	55898.0908203
batch	14820	valid_loss	55885.4140625
batch	14850	valid_loss	55798.296875
batch	14880	valid_loss	55735.3803711
batch	14910	valid_loss	55755.3793945
batch	14940	valid_loss	55768.4804688
batch	14970	valid_loss	55634.9765625
batch	15000	valid_loss	55709.9960938
batch	15030	valid_loss	55682.4624023
batch	15060	valid_loss	55577.5229492
batch	15090	valid_loss	55529.6928711
batch	15120	valid_loss	55530.7387695
batch	15150	valid_loss	55442.2006836
batch	15180	valid_loss	55413.730957
batch	15210	valid_loss	55378.2802734
batch	15240	valid_loss	55405.2504883
batch	15270	valid_loss	55366.9082031
batch	15300	valid_loss	55398.2480469
batch	15330	valid_loss	55284.6914062
batch	15360	valid_loss	55310.7158203
batch	15390	valid_loss	55138.9580078
batch	15420	valid_loss	55184.894043
batch	15450	valid_loss	55113.8647461
batch	15480	valid_loss	55171.1738281
batch	15510	valid_loss	55085.3129883
batch	15540	valid_loss	55010.328125
batch	15570	valid_loss	54969.3359375
batch	15600	valid_loss	54935.1938477
batch	15630	valid_loss	55008.1855469
batch	15660	valid_loss	54846.1621094
batch	15690	valid_loss	54770.2714844
batch	15720	valid_loss	54786.3916016
batch	15750	valid_loss	54722.4458008
batch	15780	valid_loss	54722.6508789
batch	15810	valid_loss	54661.1264648
batch	15840	valid_loss	54638.5703125
batch	15870	valid_loss	54637.9799805
batch	15900	valid_loss	54604.9819336
batch	15930	valid_loss	54622.1762695
batch	15960	valid_loss	54472.2050781
batch	15990	valid_loss	54364.6699219
batch	16020	valid_loss	54410.425293
batch	16050	valid_loss	54386.2895508
batch	16080	valid_loss	54281.8876953
batch	16110	valid_loss	54286.1894531
batch	16140	valid_loss	54225.9614258
batch	16170	valid_loss	54316.2319336
batch	16200	valid_loss	54152.6147461
batch	16230	valid_loss	54126.7509766
batch	16260	valid_loss	54139.2832031
batch	16290	valid_loss	53997.034668
batch	16320	valid_loss	53913.425293
batch	16350	valid_loss	53998.4443359
batch	16380	valid_loss	54007.2915039
batch	16410	valid_loss	53859.1035156
batch	16440	valid_loss	53797.2333984
batch	16470	valid_loss	53815.3481445
batch	16500	valid_loss	53827.3125
batch	16530	valid_loss	53654.1220703
batch	16560	valid_loss	53722.2416992
batch	16590	valid_loss	53684.3110352
batch	16620	valid_loss	53592.2416992
batch	16650	valid_loss	53523.2539062
batch	16680	valid_loss	53545.6757812
batch	16710	valid_loss	53436.6572266
batch	16740	valid_loss	53429.3623047
batch	16770	valid_loss	53368.8588867
batch	16800	valid_loss	53401.1098633
batch	16830	valid_loss	53341.4467773
batch	16860	valid_loss	53371.9472656
batch	16890	valid_loss	53251.6103516
batch	16920	valid_loss	53309.918457
batch	16950	valid_loss	53111.9946289
batch	16980	valid_loss	53150.5317383
batch	17010	valid_loss	53099.4433594
batch	17040	valid_loss	53175.409668
batch	17070	valid_loss	53072.8598633
batch	17100	valid_loss	52991.4443359
batch	17130	valid_loss	52937.5336914
batch	17160	valid_loss	52905.3100586
batch	17190	valid_loss	52991.487793
batch	17220	valid_loss	52806.7670898
batch	17250	valid_loss	52717.7680664
batch	17280	valid_loss	52764.8510742
batch	17310	valid_loss	52698.6079102
batch	17340	valid_loss	52704.6713867
batch	17370	valid_loss	52668.2211914
batch	17400	valid_loss	52645.980957
batch	17430	valid_loss	52627.9697266
batch	17460	valid_loss	52592.5068359
batch	17490	valid_loss	52629.3012695
batch	17520	valid_loss	52476.027832
batch	17550	valid_loss	52376.8378906
batch	17580	valid_loss	52407.7993164
batch	17610	valid_loss	52399.1982422
batch	17640	valid_loss	52275.2900391
batch	17670	valid_loss	52306.7939453
batch	17700	valid_loss	52210.3896484
batch	17730	valid_loss	52324.4443359
batch	17760	valid_loss	52194.4897461
batch	17790	valid_loss	52161.5361328
batch	17820	valid_loss	52164.2036133
batch	17850	valid_loss	52052.8974609
batch	17880	valid_loss	51981.703125
batch	17910	valid_loss	52039.4799805
batch	17940	valid_loss	52080.7416992
batch	17970	valid_loss	51913.1074219
batch	18000	valid_loss	51853.8491211
batch	18030	valid_loss	51924.7851562
batch	18060	valid_loss	51916.9077148
batch	18090	valid_loss	51739.3139648
batch	18120	valid_loss	51813.9755859
batch	18150	valid_loss	51801.7451172
batch	18180	valid_loss	51684.7792969
batch	18210	valid_loss	51645.4248047
batch	18240	valid_loss	51694.9594727
batch	18270	valid_loss	51582.0253906
batch	18300	valid_loss	51577.8017578
batch	18330	valid_loss	51534.5053711
batch	18360	valid_loss	51573.0654297
batch	18390	valid_loss	51547.1826172
batch	18420	valid_loss	51568.9663086
batch	18450	valid_loss	51446.6035156
batch	18480	valid_loss	51526.0151367
batch	18510	valid_loss	51328.3974609
batch	18540	valid_loss	51373.171875
batch	18570	valid_loss	51331.3300781
batch	18600	valid_loss	51425.9492188
batch	18630	valid_loss	51323.9306641
batch	18660	valid_loss	51258.7358398
batch	18690	valid_loss	51218.6645508
batch	18720	valid_loss	51196.3911133
batch	18750	valid_loss	51284.5859375
batch	18780	valid_loss	51111.21875
batch	18810	valid_loss	51003.0766602
batch	18840	valid_loss	51101.7705078
batch	18870	valid_loss	51024.9018555
batch	18900	valid_loss	51058.3588867
batch	18930	valid_loss	51035.3496094
batch	18960	valid_loss	51027.8339844
batch	18990	valid_loss	50991.4384766
batch	19020	valid_loss	50973.3901367
batch	19050	valid_loss	51010.3955078
batch	19080	valid_loss	50910.078125
batch	19110	valid_loss	50808.1635742
batch	19140	valid_loss	50819.6166992
batch	19170	valid_loss	50818.1850586
batch	19200	valid_loss	50707.5024414
batch	19230	valid_loss	50754.527832
batch	19260	valid_loss	50631.7246094
batch	19290	valid_loss	50762.7104492
batch	19320	valid_loss	50678.8217773
batch	19350	valid_loss	50638.765625
batch	19380	valid_loss	50624.4995117
batch	19410	valid_loss	50545.769043
batch	19440	valid_loss	50490.4677734
batch	19470	valid_loss	50539.2646484
batch	19500	valid_loss	50611.7299805
batch	19530	valid_loss	50440.6845703
batch	19560	valid_loss	50355.762207
batch	19590	valid_loss	50456.1118164
batch	19620	valid_loss	50460.8261719
batch	19650	valid_loss	50305.0458984
batch	19680	valid_loss	50368.9619141
batch	19710	valid_loss	50389.9375
batch	19740	valid_loss	50251.9951172
batch	19770	valid_loss	50240.3427734
batch	19800	valid_loss	50292.8564453
batch	19830	valid_loss	50170.5146484
batch	19860	valid_loss	50165.46875
batch	19890	valid_loss	50134.7133789
batch	19920	valid_loss	50191.7490234
batch	19950	valid_loss	50194.3110352
batch	19980	valid_loss	50195.9208984
batch	20010	valid_loss	50094.715332
batch	20040	valid_loss	50203.7597656
batch	20070	valid_loss	49972.7138672
batch	20100	valid_loss	50012.5146484
batch	20130	valid_loss	49978.4980469
batch	20160	valid_loss	50089.284668
batch	20190	valid_loss	49989.8569336
batch	20220	valid_loss	49949.0981445
batch	20250	valid_loss	49903.4951172
batch	20280	valid_loss	49901.5947266
batch	20310	valid_loss	49998.3881836
batch	20340	valid_loss	49800.1875
batch	20370	valid_loss	49719.8144531
batch	20400	valid_loss	49817.394043
batch	20430	valid_loss	49751.5512695
batch	20460	valid_loss	49791.6806641
batch	20490	valid_loss	49764.0581055
batch	20520	valid_loss	49769.3745117
batch	20550	valid_loss	49721.2773438
batch	20580	valid_loss	49712.2504883
batch	20610	valid_loss	49756.25
batch	20640	valid_loss	49687.3300781
batch	20670	valid_loss	49590.65625
batch	20700	valid_loss	49591.03125
batch	20730	valid_loss	49590.3613281
batch	20760	valid_loss	49485.65625
batch	20790	valid_loss	49545.3417969
batch	20820	valid_loss	49405.0234375
batch	20850	valid_loss	49558.9418945
batch	20880	valid_loss	49497.1816406
batch	20910	valid_loss	49459.0678711
batch	20940	valid_loss	49419.6743164
batch	20970	valid_loss	49374.4023438
batch	21000	valid_loss	49303.4321289
batch	21030	valid_loss	49373.449707
batch	21060	valid_loss	49447.3789062
batch	21090	valid_loss	49297.4492188
batch	21120	valid_loss	49195.6201172
batch	21150	valid_loss	49296.5908203
batch	21180	valid_loss	49326.5947266
batch	21210	valid_loss	49186.4711914
batch	21240	valid_loss	49240.8417969
batch	21270	valid_loss	49274.8481445
batch	21300	valid_loss	49127.9248047
batch	21330	valid_loss	49126.7426758
batch	21360	valid_loss	49197.9863281
batch	21390	valid_loss	49055.8408203
batch	21420	valid_loss	49054.0634766
batch	21450	valid_loss	49033.0551758
batch	21480	valid_loss	49086.0600586
batch	21510	valid_loss	49109.5507812
batch	21540	valid_loss	49124.3696289
batch	21570	valid_loss	49022.3613281
batch	21600	valid_loss	49144.012207
batch	21630	valid_loss	48898.394043
batch	21660	valid_loss	48949.4570312
batch	21690	valid_loss	48909.7495117
batch	21720	valid_loss	49029.784668
batch	21750	valid_loss	48924.0629883
batch	21780	valid_loss	48910.8398438
batch	21810	valid_loss	48858.7026367
batch	21840	valid_loss	48869.7006836
batch	21870	valid_loss	48971.3300781
batch	21900	valid_loss	48753.4135742
batch	21930	valid_loss	48698.5141602
batch	21960	valid_loss	48790.5908203
batch	21990	valid_loss	48727.6870117
batch	22020	valid_loss	48772.5639648
batch	22050	valid_loss	48739.6821289
batch	22080	valid_loss	48756.3710938
batch	22110	valid_loss	48710.2680664
batch	22140	valid_loss	48715.7285156
batch	22170	valid_loss	48751.5380859
batch	22200	valid_loss	48698.675293
batch	22230	valid_loss	48601.659668
batch	22260	valid_loss	48607.6953125
batch	22290	valid_loss	48594.9248047
batch	22320	valid_loss	48499.8696289
batch	22350	valid_loss	48574.4487305
batch	22380	valid_loss	48409.1503906
batch	22410	valid_loss	48584.1450195
batch	22440	valid_loss	48546.0175781
batch	22470	valid_loss	48505.6376953
batch	22500	valid_loss	48434.9091797
batch	22530	valid_loss	48425.9975586
batch	22560	valid_loss	48335.6220703
batch	22590	valid_loss	48419.7368164
batch	22620	valid_loss	48507.9902344
batch	22650	valid_loss	48364.8920898
batch	22680	valid_loss	48249.543457
batch	22710	valid_loss	48361.3706055
batch	22740	valid_loss	48398.425293
batch	22770	valid_loss	48260.7900391
batch	22800	valid_loss	48314.6787109
batch	22830	valid_loss	48357.3481445
batch	22860	valid_loss	48207.8623047
batch	22890	valid_loss	48203.6992188
batch	22920	valid_loss	48303.0996094
batch	22950	valid_loss	48145.9384766
batch	22980	valid_loss	48134.6953125
batch	23010	valid_loss	48125.2368164
batch	23040	valid_loss	48169.378418
batch	23070	valid_loss	48212.3212891
batch	23100	valid_loss	48251.9091797
batch	23130	valid_loss	48126.8549805
batch	23160	valid_loss	48250.925293
batch	23190	valid_loss	48009.5576172
batch	23220	valid_loss	48075.3037109
batch	23250	valid_loss	48024.253418
batch	23280	valid_loss	48150.6230469
batch	23310	valid_loss	48035.4238281
batch	23340	valid_loss	48047.5361328
batch	23370	valid_loss	47994.3291016
batch	23400	valid_loss	48018.1176758
batch	23430	valid_loss	48112.9257812
batch	23460	valid_loss	47875.4609375
batch	23490	valid_loss	47844.9624023
batch	23520	valid_loss	47926.5512695
batch	23550	valid_loss	47874.0053711
batch	23580	valid_loss	47916.7490234
batch	23610	valid_loss	47877.9907227
batch	23640	valid_loss	47910.9863281
batch	23670	valid_loss	47863.2285156
batch	23700	valid_loss	47894.2509766
batch	23730	valid_loss	47908.6049805
batch	23760	valid_loss	47851.5507812
batch	23790	valid_loss	47768.2109375
batch	23820	valid_loss	47775.4931641
batch	23850	valid_loss	47748.1030273
batch	23880	valid_loss	47672.2099609
batch	23910	valid_loss	47750.9360352
batch	23940	valid_loss	47572.2094727
batch	23970	valid_loss	47755.078125
batch	24000	valid_loss	47743.5844727
batch	24030	valid_loss	47698.2119141
batch	24060	valid_loss	47590.8730469
batch	24090	valid_loss	47622.6967773
batch	24120	valid_loss	47512.159668
batch	24150	valid_loss	47604.7724609
batch	24180	valid_loss	47727.1357422
batch	24210	valid_loss	47573.0493164
batch	24240	valid_loss	47442.0566406
batch	24270	valid_loss	47568.9082031
batch	24300	valid_loss	47600.4760742
batch	24330	valid_loss	47469.2661133
batch	24360	valid_loss	47520.6879883
batch	24390	valid_loss	47571.3120117
batch	24420	valid_loss	47427.5541992
batch	24450	valid_loss	47412.2460938
batch	24480	valid_loss	47534.265625
batch	24510	valid_loss	47372.4609375
batch	24540	valid_loss	47350.9194336
batch	24570	valid_loss	47356.097168
batch	24600	valid_loss	47386.0722656
batch	24630	valid_loss	47449.0649414
batch	24660	valid_loss	47510.4956055
batch	24690	valid_loss	47359.0439453
batch	24720	valid_loss	47489.3085938
batch	24750	valid_loss	47254.2060547
batch	24780	valid_loss	47319.8081055
batch	24810	valid_loss	47263.3173828
batch	24840	valid_loss	47392.784668
batch	24870	valid_loss	47271.1293945
batch	24900	valid_loss	47297.6123047
batch	24930	valid_loss	47259.128418
batch	24960	valid_loss	47293.7211914
batch	24990	valid_loss	47375.6030273
STOP
