START
config	540	1140
batch	0	valid_loss	8075970.875
batch	30	valid_loss	221062.957031
batch	60	valid_loss	102479.518555
batch	90	valid_loss	94196.9453125
batch	120	valid_loss	91001.8447266
batch	150	valid_loss	87759.7714844
batch	180	valid_loss	84423.0009766
batch	210	valid_loss	81154.284668
batch	240	valid_loss	78128.9833984
batch	270	valid_loss	75253.5830078
batch	300	valid_loss	72630.3842773
batch	330	valid_loss	70039.1552734
batch	360	valid_loss	67661.4379883
batch	390	valid_loss	65268.4951172
batch	420	valid_loss	62946.2485352
batch	450	valid_loss	60799.1689453
batch	480	valid_loss	58485.6625977
batch	510	valid_loss	56355.9208984
batch	540	valid_loss	54207.4682617
batch	570	valid_loss	52127.6591797
batch	600	valid_loss	50143.152832
batch	630	valid_loss	48173.2734375
batch	660	valid_loss	46242.0864258
batch	690	valid_loss	44382.7004395
batch	720	valid_loss	42588.5063477
batch	750	valid_loss	40957.4980469
batch	780	valid_loss	39261.6630859
batch	810	valid_loss	37675.7509766
batch	840	valid_loss	36158.3337402
batch	870	valid_loss	34763.435791
batch	900	valid_loss	33367.9199219
batch	930	valid_loss	32063.8171387
batch	960	valid_loss	30834.1230469
batch	990	valid_loss	29658.7316895
batch	1020	valid_loss	28541.4655762
batch	1050	valid_loss	27459.3168945
batch	1080	valid_loss	26376.2470703
batch	1110	valid_loss	25418.9291992
batch	1140	valid_loss	24470.0424805
batch	1170	valid_loss	23601.7021484
batch	1200	valid_loss	22741.6014404
batch	1230	valid_loss	21978.0889893
batch	1260	valid_loss	21183.244751
batch	1290	valid_loss	20433.7888184
batch	1320	valid_loss	19743.6530762
batch	1350	valid_loss	19089.4206543
batch	1380	valid_loss	18474.4768066
batch	1410	valid_loss	17805.3928223
batch	1440	valid_loss	17258.5852051
batch	1470	valid_loss	16699.6607666
batch	1500	valid_loss	16190.2590332
batch	1530	valid_loss	15628.8256836
batch	1560	valid_loss	15185.4694824
batch	1590	valid_loss	14734.7248535
batch	1620	valid_loss	14307.5136719
batch	1650	valid_loss	13865.1051025
batch	1680	valid_loss	13485.5986328
batch	1710	valid_loss	13100.7541504
batch	1740	valid_loss	12718.8820801
batch	1770	valid_loss	12382.7907715
batch	1800	valid_loss	12060.6219482
batch	1830	valid_loss	11715.5977783
batch	1860	valid_loss	11418.1983032
batch	1890	valid_loss	11102.5159302
batch	1920	valid_loss	10842.569397
batch	1950	valid_loss	10561.3185425
batch	1980	valid_loss	10345.7252197
batch	2010	valid_loss	10059.7050171
batch	2040	valid_loss	9819.07061768
batch	2070	valid_loss	9570.44140625
batch	2100	valid_loss	9352.87176514
batch	2130	valid_loss	9186.88146973
batch	2160	valid_loss	8981.0324707
batch	2190	valid_loss	8750.48492432
batch	2220	valid_loss	8547.00970459
batch	2250	valid_loss	8365.47979736
batch	2280	valid_loss	8233.78656006
batch	2310	valid_loss	8041.35125732
batch	2340	valid_loss	7871.45373535
batch	2370	valid_loss	7736.66455078
batch	2400	valid_loss	7578.57061768
batch	2430	valid_loss	7424.81732178
batch	2460	valid_loss	7281.15612793
batch	2490	valid_loss	7161.28527832
batch	2520	valid_loss	7007.77703857
batch	2550	valid_loss	6887.84161377
batch	2580	valid_loss	6783.03277588
batch	2610	valid_loss	6659.40081787
batch	2640	valid_loss	6522.09655762
batch	2670	valid_loss	6410.11743164
batch	2700	valid_loss	6329.58117676
batch	2730	valid_loss	6197.07922363
batch	2760	valid_loss	6093.87738037
batch	2790	valid_loss	6047.01495361
batch	2820	valid_loss	5930.79162598
batch	2850	valid_loss	5821.8394165
batch	2880	valid_loss	5754.06640625
batch	2910	valid_loss	5684.94366455
batch	2940	valid_loss	5591.75570679
batch	2970	valid_loss	5450.09558105
batch	3000	valid_loss	5431.34008789
batch	3030	valid_loss	5355.11016846
batch	3060	valid_loss	5267.24224854
batch	3090	valid_loss	5194.70022583
batch	3120	valid_loss	5139.42028809
batch	3150	valid_loss	5086.28619385
batch	3180	valid_loss	4970.67861938
batch	3210	valid_loss	4944.12606812
batch	3240	valid_loss	4907.38894653
batch	3270	valid_loss	4778.60140991
batch	3300	valid_loss	4721.49868774
batch	3330	valid_loss	4721.55047607
batch	3360	valid_loss	4630.75921631
batch	3390	valid_loss	4586.12042236
batch	3420	valid_loss	4552.38067627
batch	3450	valid_loss	4498.28240967
batch	3480	valid_loss	4417.95391846
batch	3510	valid_loss	4364.71893311
batch	3540	valid_loss	4383.05245972
batch	3570	valid_loss	4263.05615234
batch	3600	valid_loss	4215.57254028
batch	3630	valid_loss	4216.712677
batch	3660	valid_loss	4148.26248169
batch	3690	valid_loss	4117.28570557
batch	3720	valid_loss	4103.48251343
batch	3750	valid_loss	4037.82598877
batch	3780	valid_loss	3995.27044678
batch	3810	valid_loss	3949.15618896
batch	3840	valid_loss	3945.62237549
batch	3870	valid_loss	3899.27380371
batch	3900	valid_loss	3790.02365112
batch	3930	valid_loss	3821.86248779
batch	3960	valid_loss	3810.48574829
batch	3990	valid_loss	3741.29135132
batch	4020	valid_loss	3708.69720459
batch	4050	valid_loss	3705.24429321
batch	4080	valid_loss	3626.32650757
batch	4110	valid_loss	3639.84118652
batch	4140	valid_loss	3586.61749268
batch	4170	valid_loss	3588.28622437
batch	4200	valid_loss	3512.62374878
batch	4230	valid_loss	3498.35055542
batch	4260	valid_loss	3496.58291626
batch	4290	valid_loss	3416.60842896
batch	4320	valid_loss	3415.14450073
batch	4350	valid_loss	3418.61468506
batch	4380	valid_loss	3353.88937378
batch	4410	valid_loss	3357.4196167
batch	4440	valid_loss	3361.19744873
batch	4470	valid_loss	3329.37277222
batch	4500	valid_loss	3286.55056763
batch	4530	valid_loss	3203.92321777
batch	4560	valid_loss	3234.33032227
batch	4590	valid_loss	3221.16009521
batch	4620	valid_loss	3162.32385254
batch	4650	valid_loss	3196.4369812
batch	4680	valid_loss	3147.13729858
batch	4710	valid_loss	3118.67938232
batch	4740	valid_loss	3128.25137329
batch	4770	valid_loss	3120.03356934
batch	4800	valid_loss	3108.73547363
batch	4830	valid_loss	3007.81085205
batch	4860	valid_loss	3014.94192505
batch	4890	valid_loss	3058.25006104
batch	4920	valid_loss	2969.27130127
batch	4950	valid_loss	2981.76956177
batch	4980	valid_loss	2980.39727783
batch	5010	valid_loss	2948.02722168
batch	5040	valid_loss	2941.97091675
batch	5070	valid_loss	2932.90475464
batch	5100	valid_loss	2964.55560303
batch	5130	valid_loss	2870.05123901
batch	5160	valid_loss	2862.18884277
batch	5190	valid_loss	2884.80108643
batch	5220	valid_loss	2823.56985474
batch	5250	valid_loss	2846.38513184
batch	5280	valid_loss	2827.5461731
batch	5310	valid_loss	2807.79147339
batch	5340	valid_loss	2762.81893921
batch	5370	valid_loss	2791.69807434
batch	5400	valid_loss	2769.49497986
batch	5430	valid_loss	2756.66903687
batch	5460	valid_loss	2715.23930359
batch	5490	valid_loss	2713.9657135
batch	5520	valid_loss	2789.29838562
batch	5550	valid_loss	2680.19857788
batch	5580	valid_loss	2671.46321106
batch	5610	valid_loss	2711.77565002
batch	5640	valid_loss	2624.74362183
batch	5670	valid_loss	2670.45523071
batch	5700	valid_loss	2662.84980774
batch	5730	valid_loss	2784.97946167
batch	5760	valid_loss	2577.78552246
batch	5790	valid_loss	2559.31210327
batch	5820	valid_loss	2582.02896118
batch	5850	valid_loss	2610.8818512
batch	5880	valid_loss	2577.63288879
batch	5910	valid_loss	2557.57843018
batch	5940	valid_loss	2549.29614258
batch	5970	valid_loss	2528.73674011
batch	6000	valid_loss	2534.95384216
batch	6030	valid_loss	2617.95979309
batch	6060	valid_loss	2610.28927612
batch	6090	valid_loss	2507.43110657
batch	6120	valid_loss	2489.28526306
batch	6150	valid_loss	2631.42669678
batch	6180	valid_loss	2572.4382019
batch	6210	valid_loss	2445.00694275
batch	6240	valid_loss	2378.64427185
batch	6270	valid_loss	2454.68399048
batch	6300	valid_loss	2413.6234436
batch	6330	valid_loss	2483.41015625
batch	6360	valid_loss	2426.44804382
batch	6390	valid_loss	2620.23364258
batch	6420	valid_loss	2350.93986511
batch	6450	valid_loss	2364.35372925
batch	6480	valid_loss	2352.16204834
batch	6510	valid_loss	2386.94932556
batch	6540	valid_loss	2386.19970703
batch	6570	valid_loss	2349.51113892
batch	6600	valid_loss	2318.12004089
batch	6630	valid_loss	2323.2575531
batch	6660	valid_loss	2352.39031982
batch	6690	valid_loss	2403.58285522
batch	6720	valid_loss	2300.27374268
batch	6750	valid_loss	2308.68707275
batch	6780	valid_loss	2248.05082703
batch	6810	valid_loss	2442.64395142
batch	6840	valid_loss	2380.26635742
batch	6870	valid_loss	2347.13804626
batch	6900	valid_loss	2256.60588074
batch	6930	valid_loss	2320.10824585
batch	6960	valid_loss	2275.22113037
batch	6990	valid_loss	2297.11347961
batch	7020	valid_loss	2290.63160706
batch	7050	valid_loss	2182.89685059
batch	7080	valid_loss	2186.54554749
batch	7110	valid_loss	2144.3633728
batch	7140	valid_loss	2179.07633972
batch	7170	valid_loss	2274.80583191
batch	7200	valid_loss	2135.46232605
batch	7230	valid_loss	2190.16995239
batch	7260	valid_loss	2208.26933289
batch	7290	valid_loss	2477.47511292
batch	7320	valid_loss	2142.96473694
batch	7350	valid_loss	2098.19497681
batch	7380	valid_loss	2124.16990662
batch	7410	valid_loss	2306.842453
batch	7440	valid_loss	2185.09628296
batch	7470	valid_loss	2205.36947632
batch	7500	valid_loss	2103.9241333
batch	7530	valid_loss	2144.96331787
batch	7560	valid_loss	2337.0632782
batch	7590	valid_loss	2127.82403564
batch	7620	valid_loss	2255.97750854
batch	7650	valid_loss	2091.95483398
batch	7680	valid_loss	2177.23345947
batch	7710	valid_loss	2293.94610596
batch	7740	valid_loss	2311.38768005
batch	7770	valid_loss	2151.44091797
batch	7800	valid_loss	2030.77027893
batch	7830	valid_loss	2095.91665649
batch	7860	valid_loss	2307.30775452
batch	7890	valid_loss	2125.80479431
batch	7920	valid_loss	2072.01268005
batch	7950	valid_loss	2004.72738647
batch	7980	valid_loss	2133.18055725
batch	8010	valid_loss	2062.62438965
batch	8040	valid_loss	2398.60423279
batch	8070	valid_loss	2009.26599121
batch	8100	valid_loss	2088.76319885
batch	8130	valid_loss	2038.20451355
batch	8160	valid_loss	2148.44859314
batch	8190	valid_loss	2019.48039246
batch	8220	valid_loss	2027.42027283
batch	8250	valid_loss	1952.52110291
batch	8280	valid_loss	1984.89179993
batch	8310	valid_loss	2089.44306946
batch	8340	valid_loss	2342.59794617
batch	8370	valid_loss	1956.5559845
batch	8400	valid_loss	1959.18237305
batch	8430	valid_loss	2065.56994629
batch	8460	valid_loss	1946.95500183
batch	8490	valid_loss	2312.62478638
batch	8520	valid_loss	1987.65226746
batch	8550	valid_loss	2025.26791382
batch	8580	valid_loss	2303.39814758
batch	8610	valid_loss	1916.22465515
batch	8640	valid_loss	1948.39448547
batch	8670	valid_loss	1926.81387329
batch	8700	valid_loss	1902.86975098
batch	8730	valid_loss	2236.62779236
batch	8760	valid_loss	1898.8540802
batch	8790	valid_loss	1944.82138062
batch	8820	valid_loss	2353.67889404
batch	8850	valid_loss	1953.12597656
batch	8880	valid_loss	1896.0369873
batch	8910	valid_loss	1894.93151855
batch	8940	valid_loss	1928.5151825
batch	8970	valid_loss	2035.71080017
batch	9000	valid_loss	1866.21739197
batch	9030	valid_loss	1891.05610657
batch	9060	valid_loss	1921.25621033
batch	9090	valid_loss	1912.02258301
batch	9120	valid_loss	1924.44137573
batch	9150	valid_loss	2038.02076721
batch	9180	valid_loss	1874.38737488
batch	9210	valid_loss	2369.40505981
batch	9240	valid_loss	1881.90060425
batch	9270	valid_loss	1852.80999756
batch	9300	valid_loss	1841.22439575
batch	9330	valid_loss	2129.69767761
batch	9360	valid_loss	1952.54223633
batch	9390	valid_loss	1892.5446167
batch	9420	valid_loss	1952.05937195
batch	9450	valid_loss	1889.54161072
batch	9480	valid_loss	2113.84179688
batch	9510	valid_loss	1796.73725891
batch	9540	valid_loss	1821.64709473
batch	9570	valid_loss	1881.46859741
batch	9600	valid_loss	2824.73065186
batch	9630	valid_loss	1793.6204834
batch	9660	valid_loss	1796.5456543
batch	9690	valid_loss	1973.73178101
batch	9720	valid_loss	2056.86325073
batch	9750	valid_loss	1819.01905823
batch	9780	valid_loss	1871.77259827
batch	9810	valid_loss	1791.93260193
batch	9840	valid_loss	1790.65548706
batch	9870	valid_loss	2104.25076294
batch	9900	valid_loss	1861.53451538
batch	9930	valid_loss	1869.58786011
batch	9960	valid_loss	1812.52075195
batch	9990	valid_loss	2326.76014709
batch	10020	valid_loss	1745.8349762
batch	10050	valid_loss	1828.10295105
batch	10080	valid_loss	1828.23648071
batch	10110	valid_loss	1861.64588928
batch	10140	valid_loss	2021.56280518
batch	10170	valid_loss	1737.45137024
batch	10200	valid_loss	1776.70977783
batch	10230	valid_loss	1838.84706116
batch	10260	valid_loss	1736.92047119
batch	10290	valid_loss	2025.98739624
batch	10320	valid_loss	1721.78413391
batch	10350	valid_loss	1774.58042908
batch	10380	valid_loss	2432.93821716
batch	10410	valid_loss	1989.0234375
batch	10440	valid_loss	1716.54400635
batch	10470	valid_loss	1712.5740509
batch	10500	valid_loss	1758.74713135
batch	10530	valid_loss	2020.71937561
batch	10560	valid_loss	1741.24690247
batch	10590	valid_loss	1709.6577301
batch	10620	valid_loss	1706.86125183
batch	10650	valid_loss	2080.40893555
batch	10680	valid_loss	2031.4967041
batch	10710	valid_loss	1853.09518433
batch	10740	valid_loss	1777.88626099
batch	10770	valid_loss	1728.967453
batch	10800	valid_loss	1856.46992493
batch	10830	valid_loss	1740.39764404
batch	10860	valid_loss	1723.45199585
batch	10890	valid_loss	1718.07710266
batch	10920	valid_loss	2286.62716675
batch	10950	valid_loss	1753.01608276
batch	10980	valid_loss	1804.35536194
batch	11010	valid_loss	1754.96531677
batch	11040	valid_loss	1773.32562256
batch	11070	valid_loss	1854.15515137
batch	11100	valid_loss	1650.42805481
batch	11130	valid_loss	1709.253479
batch	11160	valid_loss	1761.5919342
batch	11190	valid_loss	1688.46130371
batch	11220	valid_loss	2301.77148438
batch	11250	valid_loss	1697.17877197
batch	11280	valid_loss	1690.00332642
batch	11310	valid_loss	1764.74661255
batch	11340	valid_loss	1919.8326416
batch	11370	valid_loss	1611.12095642
batch	11400	valid_loss	1646.70443726
batch	11430	valid_loss	1668.69223022
batch	11460	valid_loss	1721.16401672
batch	11490	valid_loss	1774.85101318
batch	11520	valid_loss	1791.79174805
batch	11550	valid_loss	1757.89494324
batch	11580	valid_loss	1604.37251282
batch	11610	valid_loss	1673.83106995
batch	11640	valid_loss	2513.88032532
batch	11670	valid_loss	1666.65403748
batch	11700	valid_loss	1599.68792725
batch	11730	valid_loss	1696.40213013
batch	11760	valid_loss	2075.43003845
batch	11790	valid_loss	1728.34992981
batch	11820	valid_loss	1592.23493958
batch	11850	valid_loss	2365.25746155
batch	11880	valid_loss	1653.22140503
batch	11910	valid_loss	1656.19659424
batch	11940	valid_loss	1610.76713562
batch	11970	valid_loss	1672.61499023
batch	12000	valid_loss	1645.68830872
batch	12030	valid_loss	2891.50650024
batch	12060	valid_loss	1676.12882996
batch	12090	valid_loss	1588.33088684
batch	12120	valid_loss	1644.14416504
batch	12150	valid_loss	1727.54524231
batch	12180	valid_loss	1949.65490723
batch	12210	valid_loss	1632.82009888
batch	12240	valid_loss	1657.2658844
batch	12270	valid_loss	2041.62718201
batch	12300	valid_loss	1630.70780945
batch	12330	valid_loss	1605.86657715
batch	12360	valid_loss	2193.60606384
batch	12390	valid_loss	1933.73980713
batch	12420	valid_loss	1589.36431885
batch	12450	valid_loss	1666.0791626
batch	12480	valid_loss	2114.52392578
batch	12510	valid_loss	1603.5118103
batch	12540	valid_loss	1671.72592163
batch	12570	valid_loss	1757.2726593
batch	12600	valid_loss	1601.7676239
batch	12630	valid_loss	1640.67025757
batch	12660	valid_loss	1545.71516418
batch	12690	valid_loss	1596.29986572
batch	12720	valid_loss	1587.32217407
batch	12750	valid_loss	1632.40354919
batch	12780	valid_loss	1882.35598755
batch	12810	valid_loss	1583.67074585
batch	12840	valid_loss	1610.65335083
batch	12870	valid_loss	1655.34188843
batch	12900	valid_loss	1590.78865051
batch	12930	valid_loss	1600.88369751
batch	12960	valid_loss	1651.81437683
batch	12990	valid_loss	1686.07626343
batch	13020	valid_loss	1502.08294678
batch	13050	valid_loss	1582.60934448
batch	13080	valid_loss	1567.57244873
batch	13110	valid_loss	2590.3848877
batch	13140	valid_loss	1504.69490051
batch	13170	valid_loss	1594.12638855
batch	13200	valid_loss	1601.4697113
batch	13230	valid_loss	1797.77989197
batch	13260	valid_loss	1600.35766602
batch	13290	valid_loss	1497.05119324
batch	13320	valid_loss	1564.41796875
batch	13350	valid_loss	1557.40405273
batch	13380	valid_loss	1671.2719574
batch	13410	valid_loss	1531.76309204
batch	13440	valid_loss	1570.45655823
batch	13470	valid_loss	1609.34046936
batch	13500	valid_loss	2460.35493469
batch	13530	valid_loss	1761.43231201
batch	13560	valid_loss	1528.47845459
batch	13590	valid_loss	1563.05053711
batch	13620	valid_loss	1635.73152161
batch	13650	valid_loss	1550.30711365
batch	13680	valid_loss	1693.9506073
batch	13710	valid_loss	1744.3841095
batch	13740	valid_loss	1488.57597351
batch	13770	valid_loss	1555.93757629
batch	13800	valid_loss	1661.0880127
batch	13830	valid_loss	1619.26782227
batch	13860	valid_loss	1580.40733337
batch	13890	valid_loss	1708.17089844
batch	13920	valid_loss	1595.36108398
batch	13950	valid_loss	1668.17492676
batch	13980	valid_loss	1645.57794189
batch	14010	valid_loss	1667.61476135
batch	14040	valid_loss	1528.25398254
batch	14070	valid_loss	1524.45391846
batch	14100	valid_loss	1793.55862427
batch	14130	valid_loss	1603.80995178
batch	14160	valid_loss	1498.42750549
batch	14190	valid_loss	1499.6998291
batch	14220	valid_loss	1620.27072144
batch	14250	valid_loss	1523.74676514
batch	14280	valid_loss	1500.51063538
batch	14310	valid_loss	2455.22311401
batch	14340	valid_loss	1536.48162842
batch	14370	valid_loss	1482.52252197
batch	14400	valid_loss	1516.2021637
batch	14430	valid_loss	1519.72842407
batch	14460	valid_loss	1571.82809448
batch	14490	valid_loss	1646.36857605
batch	14520	valid_loss	1473.5941925
batch	14550	valid_loss	1484.20866394
batch	14580	valid_loss	1481.12312317
batch	14610	valid_loss	1747.04916382
batch	14640	valid_loss	1830.95822144
batch	14670	valid_loss	1503.27946472
batch	14700	valid_loss	1708.93499756
batch	14730	valid_loss	1641.06387329
batch	14760	valid_loss	1547.42697144
batch	14790	valid_loss	2903.79766846
batch	14820	valid_loss	1455.70068359
batch	14850	valid_loss	1482.5579834
batch	14880	valid_loss	1563.6368103
batch	14910	valid_loss	1698.14675903
batch	14940	valid_loss	1437.22572327
batch	14970	valid_loss	2251.87364197
batch	15000	valid_loss	1525.15657043
batch	15030	valid_loss	1551.2117157
batch	15060	valid_loss	1528.16783142
batch	15090	valid_loss	2163.21618652
batch	15120	valid_loss	1643.15522766
batch	15150	valid_loss	1451.42562866
batch	15180	valid_loss	1467.50097656
batch	15210	valid_loss	1570.24833679
batch	15240	valid_loss	1806.22540283
batch	15270	valid_loss	1486.20960999
batch	15300	valid_loss	1445.23458862
batch	15330	valid_loss	1557.22532654
batch	15360	valid_loss	1974.06826782
batch	15390	valid_loss	1494.38838196
batch	15420	valid_loss	1587.49482727
batch	15450	valid_loss	1594.2587738
batch	15480	valid_loss	1690.80799866
batch	15510	valid_loss	1449.99505615
batch	15540	valid_loss	1516.51982117
batch	15570	valid_loss	1536.91799927
batch	15600	valid_loss	2834.60295105
batch	15630	valid_loss	1611.99938965
batch	15660	valid_loss	1440.52789307
batch	15690	valid_loss	1496.30766296
batch	15720	valid_loss	1475.52505493
batch	15750	valid_loss	1930.59147644
batch	15780	valid_loss	1428.49235535
batch	15810	valid_loss	1440.39091492
batch	15840	valid_loss	1476.94111633
batch	15870	valid_loss	1477.55714417
batch	15900	valid_loss	1522.84634399
batch	15930	valid_loss	2240.00419617
batch	15960	valid_loss	1433.93353271
batch	15990	valid_loss	1398.71739197
batch	16020	valid_loss	1412.4407196
batch	16050	valid_loss	1435.89703369
batch	16080	valid_loss	1485.97842407
batch	16110	valid_loss	1712.00221252
batch	16140	valid_loss	1784.92642212
batch	16170	valid_loss	1543.7686615
batch	16200	valid_loss	2111.61239624
batch	16230	valid_loss	1482.80328369
batch	16260	valid_loss	1406.20388794
batch	16290	valid_loss	1506.55168152
batch	16320	valid_loss	1557.23013306
batch	16350	valid_loss	1537.25993347
batch	16380	valid_loss	1429.40570068
batch	16410	valid_loss	1505.52429199
batch	16440	valid_loss	1550.20243835
batch	16470	valid_loss	1493.36804199
batch	16500	valid_loss	1571.97732544
batch	16530	valid_loss	1462.30535889
batch	16560	valid_loss	1485.38079834
batch	16590	valid_loss	1448.91453552
batch	16620	valid_loss	1489.64686584
batch	16650	valid_loss	1523.62321472
batch	16680	valid_loss	1609.40582275
batch	16710	valid_loss	1402.01889038
batch	16740	valid_loss	1435.93331909
batch	16770	valid_loss	1841.85139465
batch	16800	valid_loss	1440.79493713
batch	16830	valid_loss	1495.07318115
batch	16860	valid_loss	1630.83526611
batch	16890	valid_loss	1448.90977478
batch	16920	valid_loss	1731.58258057
batch	16950	valid_loss	1438.58900452
batch	16980	valid_loss	1756.26400757
batch	17010	valid_loss	1508.1047821
batch	17040	valid_loss	1405.09370422
batch	17070	valid_loss	1398.46073914
batch	17100	valid_loss	1441.39909363
batch	17130	valid_loss	1559.04371643
batch	17160	valid_loss	1591.77658081
batch	17190	valid_loss	1402.78604126
batch	17220	valid_loss	1425.05627441
batch	17250	valid_loss	1535.52131653
batch	17280	valid_loss	1562.86470032
batch	17310	valid_loss	1416.24433899
batch	17340	valid_loss	1715.10351562
batch	17370	valid_loss	1501.0092926
batch	17400	valid_loss	1556.66186523
batch	17430	valid_loss	1436.47923279
batch	17460	valid_loss	1694.66096497
batch	17490	valid_loss	1639.26548767
batch	17520	valid_loss	1500.33117676
batch	17550	valid_loss	1616.77903748
batch	17580	valid_loss	1495.852005
batch	17610	valid_loss	1378.77462006
batch	17640	valid_loss	2023.58976746
batch	17670	valid_loss	1507.33407593
batch	17700	valid_loss	1405.24365234
batch	17730	valid_loss	1513.59489441
batch	17760	valid_loss	1415.88677979
batch	17790	valid_loss	1459.82556152
batch	17820	valid_loss	1573.77377319
batch	17850	valid_loss	1393.08119202
batch	17880	valid_loss	1435.17628479
batch	17910	valid_loss	1434.50535583
batch	17940	valid_loss	2975.56375122
batch	17970	valid_loss	1382.6346283
batch	18000	valid_loss	1409.98106384
batch	18030	valid_loss	1465.46272278
batch	18060	valid_loss	1797.46835327
batch	18090	valid_loss	1414.84690857
batch	18120	valid_loss	1402.57817078
batch	18150	valid_loss	1470.76029968
batch	18180	valid_loss	1496.56236267
batch	18210	valid_loss	1433.47125244
batch	18240	valid_loss	1389.54212952
batch	18270	valid_loss	1825.7224884
batch	18300	valid_loss	1402.27838135
batch	18330	valid_loss	1314.36299133
batch	18360	valid_loss	1388.26823425
batch	18390	valid_loss	1395.19322968
batch	18420	valid_loss	2229.30145264
batch	18450	valid_loss	1489.86068726
batch	18480	valid_loss	1507.66726685
batch	18510	valid_loss	1624.10873413
batch	18540	valid_loss	1504.62646484
batch	18570	valid_loss	1456.80879211
batch	18600	valid_loss	1542.18096924
batch	18630	valid_loss	1526.27734375
batch	18660	valid_loss	1496.79896545
batch	18690	valid_loss	1379.87905121
batch	18720	valid_loss	1365.56764221
batch	18750	valid_loss	1469.52374268
batch	18780	valid_loss	1788.25363159
batch	18810	valid_loss	1557.615448
batch	18840	valid_loss	1405.23551941
batch	18870	valid_loss	2255.02816772
batch	18900	valid_loss	1374.412117
batch	18930	valid_loss	1516.40037537
batch	18960	valid_loss	1724.25837708
batch	18990	valid_loss	1391.23258972
batch	19020	valid_loss	1787.0519104
batch	19050	valid_loss	1429.09609985
batch	19080	valid_loss	1446.91107178
batch	19110	valid_loss	1472.53205872
batch	19140	valid_loss	1412.41171265
batch	19170	valid_loss	1422.53330994
batch	19200	valid_loss	1378.33872223
batch	19230	valid_loss	2176.29649353
batch	19260	valid_loss	1453.13040161
batch	19290	valid_loss	1386.74358368
batch	19320	valid_loss	1393.05954742
batch	19350	valid_loss	1639.03031921
batch	19380	valid_loss	1433.11654663
batch	19410	valid_loss	1439.53823853
batch	19440	valid_loss	1593.42414856
batch	19470	valid_loss	1693.58573914
batch	19500	valid_loss	1378.35813904
batch	19530	valid_loss	1465.11123657
batch	19560	valid_loss	1413.70944214
batch	19590	valid_loss	1722.16990662
batch	19620	valid_loss	1336.44577026
batch	19650	valid_loss	1515.00152588
batch	19680	valid_loss	1596.55632019
batch	19710	valid_loss	1618.49684143
batch	19740	valid_loss	1591.65823364
batch	19770	valid_loss	1521.17172241
batch	19800	valid_loss	1352.97286224
batch	19830	valid_loss	2061.35362244
batch	19860	valid_loss	1366.42555237
batch	19890	valid_loss	1489.12672424
batch	19920	valid_loss	1520.10044861
batch	19950	valid_loss	1493.20875549
batch	19980	valid_loss	1376.35364532
batch	20010	valid_loss	2051.04072571
batch	20040	valid_loss	1475.46504211
batch	20070	valid_loss	1394.24497223
batch	20100	valid_loss	2038.69842529
batch	20130	valid_loss	1395.19439697
batch	20160	valid_loss	1429.00744629
batch	20190	valid_loss	1398.63833618
batch	20220	valid_loss	1575.46109009
batch	20250	valid_loss	1392.86884308
batch	20280	valid_loss	1365.50213623
batch	20310	valid_loss	1406.92927551
batch	20340	valid_loss	1793.54090881
batch	20370	valid_loss	1471.38798523
batch	20400	valid_loss	1382.15399933
batch	20430	valid_loss	1348.36845398
batch	20460	valid_loss	1406.13363647
batch	20490	valid_loss	1558.18928528
batch	20520	valid_loss	1732.93641663
batch	20550	valid_loss	1386.02622223
batch	20580	valid_loss	1379.83763123
batch	20610	valid_loss	1392.34508514
batch	20640	valid_loss	2003.46690369
batch	20670	valid_loss	1504.49749756
batch	20700	valid_loss	1365.28215027
batch	20730	valid_loss	1351.30470276
batch	20760	valid_loss	2395.07545471
batch	20790	valid_loss	1393.75605011
batch	20820	valid_loss	1326.50671387
batch	20850	valid_loss	1578.31666565
batch	20880	valid_loss	1666.41012573
batch	20910	valid_loss	1402.02674866
batch	20940	valid_loss	1346.34489441
batch	20970	valid_loss	1461.64283752
batch	21000	valid_loss	1468.74705505
batch	21030	valid_loss	1427.85852051
batch	21060	valid_loss	1333.64860535
batch	21090	valid_loss	1511.30892944
batch	21120	valid_loss	1618.81846619
batch	21150	valid_loss	1359.25498199
batch	21180	valid_loss	1372.88726044
batch	21210	valid_loss	1881.80332947
batch	21240	valid_loss	1358.93695068
batch	21270	valid_loss	1421.60350037
batch	21300	valid_loss	1463.9724884
batch	21330	valid_loss	1398.16671753
batch	21360	valid_loss	1341.28197479
batch	21390	valid_loss	1347.88050842
batch	21420	valid_loss	1671.89982605
batch	21450	valid_loss	1367.87339783
batch	21480	valid_loss	1349.84353638
batch	21510	valid_loss	1535.77633667
batch	21540	valid_loss	1522.1620636
batch	21570	valid_loss	1393.5309906
batch	21600	valid_loss	1661.17523193
batch	21630	valid_loss	1458.74966431
batch	21660	valid_loss	1369.19154358
batch	21690	valid_loss	1465.32801819
batch	21720	valid_loss	1451.81150818
batch	21750	valid_loss	1299.54920197
batch	21780	valid_loss	1398.53536224
batch	21810	valid_loss	1398.1576004
batch	21840	valid_loss	1516.84147644
batch	21870	valid_loss	1351.86338043
batch	21900	valid_loss	1337.63379669
batch	21930	valid_loss	1422.11282349
batch	21960	valid_loss	1851.62854004
batch	21990	valid_loss	1368.90573883
batch	22020	valid_loss	1338.71648407
batch	22050	valid_loss	1368.87728119
batch	22080	valid_loss	2287.46199036
batch	22110	valid_loss	1358.13549805
batch	22140	valid_loss	1357.60837555
batch	22170	valid_loss	1401.33282471
batch	22200	valid_loss	1501.05247498
batch	22230	valid_loss	1348.57260895
batch	22260	valid_loss	1499.93817139
batch	22290	valid_loss	1416.05519104
batch	22320	valid_loss	1358.23734283
batch	22350	valid_loss	1566.83711243
batch	22380	valid_loss	1555.85345459
batch	22410	valid_loss	1403.80247498
batch	22440	valid_loss	1354.39606476
batch	22470	valid_loss	1423.64117432
batch	22500	valid_loss	1682.88955688
batch	22530	valid_loss	1340.48273468
batch	22560	valid_loss	1382.64550781
batch	22590	valid_loss	1523.44538879
batch	22620	valid_loss	1361.67905426
batch	22650	valid_loss	1295.27957916
batch	22680	valid_loss	1371.22680664
batch	22710	valid_loss	1363.6321106
batch	22740	valid_loss	1396.60159302
batch	22770	valid_loss	1408.26069641
batch	22800	valid_loss	1357.75345612
batch	22830	valid_loss	1460.3240509
batch	22860	valid_loss	1632.17004395
batch	22890	valid_loss	1320.29086304
batch	22920	valid_loss	1950.11407471
batch	22950	valid_loss	1350.9324646
batch	22980	valid_loss	1386.74984741
batch	23010	valid_loss	1812.84431458
batch	23040	valid_loss	1345.27026367
batch	23070	valid_loss	1466.46960449
batch	23100	valid_loss	1381.96157074
batch	23130	valid_loss	1387.96793365
batch	23160	valid_loss	1426.96939087
batch	23190	valid_loss	1388.11894226
batch	23220	valid_loss	1470.8679657
batch	23250	valid_loss	1426.52139282
batch	23280	valid_loss	1434.61805725
batch	23310	valid_loss	1402.56289673
batch	23340	valid_loss	1501.19247437
batch	23370	valid_loss	1410.96276855
batch	23400	valid_loss	1355.28083038
batch	23430	valid_loss	1573.43309021
batch	23460	valid_loss	1315.34397125
batch	23490	valid_loss	1447.51356506
batch	23520	valid_loss	1407.7729187
batch	23550	valid_loss	1405.53517151
batch	23580	valid_loss	1297.1847229
batch	23610	valid_loss	1340.77416992
batch	23640	valid_loss	1657.74639893
batch	23670	valid_loss	1368.88760376
batch	23700	valid_loss	1342.67857361
batch	23730	valid_loss	1536.69703674
batch	23760	valid_loss	1496.49235535
batch	23790	valid_loss	1347.47662354
batch	23820	valid_loss	1909.58496094
batch	23850	valid_loss	1341.95841217
batch	23880	valid_loss	1312.70980835
batch	23910	valid_loss	1354.82723236
batch	23940	valid_loss	1451.34126282
batch	23970	valid_loss	1386.81720734
batch	24000	valid_loss	1339.22011566
batch	24030	valid_loss	1339.23815918
batch	24060	valid_loss	2603.30978394
batch	24090	valid_loss	1337.21801758
batch	24120	valid_loss	1351.24417114
batch	24150	valid_loss	1326.66725922
batch	24180	valid_loss	1334.30802917
batch	24210	valid_loss	2086.39463806
batch	24240	valid_loss	1447.43214417
batch	24270	valid_loss	1331.87577057
batch	24300	valid_loss	1270.70466614
batch	24330	valid_loss	1343.09925842
batch	24360	valid_loss	2664.8182373
batch	24390	valid_loss	1391.9203949
batch	24420	valid_loss	1326.05843353
batch	24450	valid_loss	1326.29467773
batch	24480	valid_loss	1677.96217346
batch	24510	valid_loss	1367.39300537
batch	24540	valid_loss	1714.32530212
batch	24570	valid_loss	1349.49795532
batch	24600	valid_loss	1329.57189941
batch	24630	valid_loss	1410.48512268
batch	24660	valid_loss	1722.82281494
batch	24690	valid_loss	1365.07521057
batch	24720	valid_loss	1380.99388123
batch	24750	valid_loss	1474.85411072
batch	24780	valid_loss	1440.23779297
batch	24810	valid_loss	1372.01907349
batch	24840	valid_loss	1539.63815308
batch	24870	valid_loss	1919.36982727
batch	24900	valid_loss	1402.11566162
batch	24930	valid_loss	1405.1139679
batch	24960	valid_loss	1347.67697906
batch	24990	valid_loss	1477.10418701
STOP
START
config	540	1140
batch	0	valid_loss	8602317.25
batch	30	valid_loss	211939.888672
batch	60	valid_loss	103358.869141
batch	90	valid_loss	94769.7421875
batch	120	valid_loss	91722.3344727
batch	150	valid_loss	88790.7119141
batch	180	valid_loss	85715.0361328
batch	210	valid_loss	82608.3974609
batch	240	valid_loss	79594.7133789
batch	270	valid_loss	76653.215332
batch	300	valid_loss	73797.9179688
batch	330	valid_loss	71073.7241211
batch	360	valid_loss	68561.769043
batch	390	valid_loss	66084.3300781
batch	420	valid_loss	63692.3227539
batch	450	valid_loss	61361.0454102
batch	480	valid_loss	59151.2358398
batch	510	valid_loss	56945.2333984
batch	540	valid_loss	54837.9951172
batch	570	valid_loss	52725.7104492
batch	600	valid_loss	50716.7353516
batch	630	valid_loss	48692.543457
batch	660	valid_loss	46787.7666016
batch	690	valid_loss	45007.4643555
batch	720	valid_loss	43147.404541
batch	750	valid_loss	41452.9665527
batch	780	valid_loss	39784.4387207
batch	810	valid_loss	38216.5881348
batch	840	valid_loss	36668.5107422
batch	870	valid_loss	35209.614502
batch	900	valid_loss	33824.4619141
batch	930	valid_loss	32506.6472168
batch	960	valid_loss	31197.6948242
batch	990	valid_loss	29983.4992676
batch	1020	valid_loss	28813.111084
batch	1050	valid_loss	27713.8093262
batch	1080	valid_loss	26677.5292969
batch	1110	valid_loss	25663.1750488
batch	1140	valid_loss	24732.5095215
batch	1170	valid_loss	23821.4882812
batch	1200	valid_loss	22978.6416016
batch	1230	valid_loss	22145.744751
batch	1260	valid_loss	21337.0852051
batch	1290	valid_loss	20624.3105469
batch	1320	valid_loss	19920.7563477
batch	1350	valid_loss	19264.3659668
batch	1380	valid_loss	18614.7784424
batch	1410	valid_loss	17997.963623
batch	1440	valid_loss	17441.697998
batch	1470	valid_loss	16894.0791016
batch	1500	valid_loss	16390.0330811
batch	1530	valid_loss	15878.2149658
batch	1560	valid_loss	15407.8461914
batch	1590	valid_loss	14961.4195557
batch	1620	valid_loss	14516.0983887
batch	1650	valid_loss	14113.4991455
batch	1680	valid_loss	13697.166748
batch	1710	valid_loss	13320.2784424
batch	1740	valid_loss	12955.3999023
batch	1770	valid_loss	12629.3502197
batch	1800	valid_loss	12303.3914795
batch	1830	valid_loss	11945.8428955
batch	1860	valid_loss	11649.9361572
batch	1890	valid_loss	11334.8883667
batch	1920	valid_loss	11047.5378418
batch	1950	valid_loss	10789.7521973
batch	1980	valid_loss	10566.4867554
batch	2010	valid_loss	10289.2498779
batch	2040	valid_loss	10037.4974976
batch	2070	valid_loss	9809.04101562
batch	2100	valid_loss	9653.01116943
batch	2130	valid_loss	9392.42504883
batch	2160	valid_loss	9201.84777832
batch	2190	valid_loss	8965.43200684
batch	2220	valid_loss	8804.53637695
batch	2250	valid_loss	8567.26568604
batch	2280	valid_loss	8471.019104
batch	2310	valid_loss	8223.10943604
batch	2340	valid_loss	8059.3894043
batch	2370	valid_loss	7897.85998535
batch	2400	valid_loss	7754.76641846
batch	2430	valid_loss	7628.64782715
batch	2460	valid_loss	7489.29040527
batch	2490	valid_loss	7348.64660645
batch	2520	valid_loss	7197.62298584
batch	2550	valid_loss	7052.88671875
batch	2580	valid_loss	6922.3928833
batch	2610	valid_loss	6814.01953125
batch	2640	valid_loss	6738.35980225
batch	2670	valid_loss	6564.16333008
batch	2700	valid_loss	6496.92779541
batch	2730	valid_loss	6384.22644043
batch	2760	valid_loss	6245.33856201
batch	2790	valid_loss	6186.49847412
batch	2820	valid_loss	6061.11810303
batch	2850	valid_loss	6001.08795166
batch	2880	valid_loss	5896.10089111
batch	2910	valid_loss	5818.78137207
batch	2940	valid_loss	5686.75457764
batch	2970	valid_loss	5602.20791626
batch	3000	valid_loss	5551.80444336
batch	3030	valid_loss	5488.51370239
batch	3060	valid_loss	5407.1875
batch	3090	valid_loss	5313.87094116
batch	3120	valid_loss	5255.98040771
batch	3150	valid_loss	5180.33410645
batch	3180	valid_loss	5106.2807312
batch	3210	valid_loss	5053.0256958
batch	3240	valid_loss	4976.21783447
batch	3270	valid_loss	4916.48187256
batch	3300	valid_loss	4855.23141479
batch	3330	valid_loss	4846.39904785
batch	3360	valid_loss	4755.5619812
batch	3390	valid_loss	4660.08013916
batch	3420	valid_loss	4627.5970459
batch	3450	valid_loss	4527.49389648
batch	3480	valid_loss	4524.84378052
batch	3510	valid_loss	4470.47958374
batch	3540	valid_loss	4416.75759888
batch	3570	valid_loss	4379.96466064
batch	3600	valid_loss	4310.36273193
batch	3630	valid_loss	4333.64242554
batch	3660	valid_loss	4213.34371948
batch	3690	valid_loss	4199.33117676
batch	3720	valid_loss	4154.02267456
batch	3750	valid_loss	4115.38439941
batch	3780	valid_loss	4045.90560913
batch	3810	valid_loss	4045.43725586
batch	3840	valid_loss	3999.50836182
batch	3870	valid_loss	3925.63314819
batch	3900	valid_loss	3856.77471924
batch	3930	valid_loss	3855.69677734
batch	3960	valid_loss	3829.06811523
batch	3990	valid_loss	3832.01092529
batch	4020	valid_loss	3780.78390503
batch	4050	valid_loss	3735.99386597
batch	4080	valid_loss	3696.91729736
batch	4110	valid_loss	3705.98632812
batch	4140	valid_loss	3643.75018311
batch	4170	valid_loss	3621.80654907
batch	4200	valid_loss	3598.70700073
batch	4230	valid_loss	3545.20559692
batch	4260	valid_loss	3560.09646606
batch	4290	valid_loss	3467.94250488
batch	4320	valid_loss	3468.91241455
batch	4350	valid_loss	3464.28915405
batch	4380	valid_loss	3438.51818848
batch	4410	valid_loss	3403.4286499
batch	4440	valid_loss	3397.42938232
batch	4470	valid_loss	3380.02902222
batch	4500	valid_loss	3348.78759766
batch	4530	valid_loss	3289.88311768
batch	4560	valid_loss	3286.64981079
batch	4590	valid_loss	3238.47393799
batch	4620	valid_loss	3283.51193237
batch	4650	valid_loss	3205.0005188
batch	4680	valid_loss	3218.06167603
batch	4710	valid_loss	3193.65365601
batch	4740	valid_loss	3174.95217896
batch	4770	valid_loss	3169.74417114
batch	4800	valid_loss	3122.06982422
batch	4830	valid_loss	3086.71157837
batch	4860	valid_loss	3036.29431152
batch	4890	valid_loss	3102.94708252
batch	4920	valid_loss	3065.36697388
batch	4950	valid_loss	3019.44888306
batch	4980	valid_loss	2998.89276123
batch	5010	valid_loss	2967.02124023
batch	5040	valid_loss	2986.68106079
batch	5070	valid_loss	2946.64889526
batch	5100	valid_loss	2958.89874268
batch	5130	valid_loss	2928.50924683
batch	5160	valid_loss	2903.52484131
batch	5190	valid_loss	2920.80981445
batch	5220	valid_loss	2832.56878662
batch	5250	valid_loss	2908.63043213
batch	5280	valid_loss	2864.65621948
batch	5310	valid_loss	2843.53125
batch	5340	valid_loss	2826.0418396
batch	5370	valid_loss	2827.16204834
batch	5400	valid_loss	2826.18560791
batch	5430	valid_loss	2749.55548096
batch	5460	valid_loss	2740.21505737
batch	5490	valid_loss	2722.19543457
batch	5520	valid_loss	2734.78962708
batch	5550	valid_loss	2741.60267639
batch	5580	valid_loss	2744.49125671
batch	5610	valid_loss	2686.64974976
batch	5640	valid_loss	2673.03422546
batch	5670	valid_loss	2669.29721069
batch	5700	valid_loss	2660.10746765
batch	5730	valid_loss	2666.06790161
batch	5760	valid_loss	2651.76821899
batch	5790	valid_loss	2629.02111816
batch	5820	valid_loss	2612.65646362
batch	5850	valid_loss	2568.87408447
batch	5880	valid_loss	2612.33047485
batch	5910	valid_loss	2578.48655701
batch	5940	valid_loss	2644.59751892
batch	5970	valid_loss	2581.02183533
batch	6000	valid_loss	2564.33728027
batch	6030	valid_loss	2553.71231079
batch	6060	valid_loss	2542.83566284
batch	6090	valid_loss	2604.70690918
batch	6120	valid_loss	2478.28068542
batch	6150	valid_loss	2487.05586243
batch	6180	valid_loss	2519.28105164
batch	6210	valid_loss	2478.08673096
batch	6240	valid_loss	2465.82144165
batch	6270	valid_loss	2662.45741272
batch	6300	valid_loss	2432.52062988
batch	6330	valid_loss	2614.22938538
batch	6360	valid_loss	2359.95231628
batch	6390	valid_loss	2531.03860474
batch	6420	valid_loss	2387.76745605
batch	6450	valid_loss	2432.7837677
batch	6480	valid_loss	2619.35377502
batch	6510	valid_loss	2361.07107544
batch	6540	valid_loss	2368.92922974
batch	6570	valid_loss	2309.8359375
batch	6600	valid_loss	2460.88084412
batch	6630	valid_loss	2363.24630737
batch	6660	valid_loss	2361.01428223
batch	6690	valid_loss	2569.02206421
batch	6720	valid_loss	2321.17549133
batch	6750	valid_loss	2304.81317139
batch	6780	valid_loss	2275.92051697
batch	6810	valid_loss	2354.54415894
batch	6840	valid_loss	2270.72827148
batch	6870	valid_loss	2322.63314819
batch	6900	valid_loss	2299.09188843
batch	6930	valid_loss	2278.83557129
batch	6960	valid_loss	3191.0184021
batch	6990	valid_loss	2193.41040039
batch	7020	valid_loss	2242.62498474
batch	7050	valid_loss	2211.24580383
batch	7080	valid_loss	2276.09866333
batch	7110	valid_loss	2224.49937439
batch	7140	valid_loss	2224.723526
batch	7170	valid_loss	2265.192276
batch	7200	valid_loss	2253.14030457
batch	7230	valid_loss	2267.31280518
batch	7260	valid_loss	2188.52456665
batch	7290	valid_loss	2172.51010132
batch	7320	valid_loss	2151.42581177
batch	7350	valid_loss	2188.81027222
batch	7380	valid_loss	2200.72242737
batch	7410	valid_loss	2296.44276428
batch	7440	valid_loss	2186.83158875
batch	7470	valid_loss	2255.6958313
batch	7500	valid_loss	2168.17358398
batch	7530	valid_loss	2187.87748718
batch	7560	valid_loss	2184.64672852
batch	7590	valid_loss	2205.83422852
batch	7620	valid_loss	2188.17723083
batch	7650	valid_loss	2103.14343262
batch	7680	valid_loss	2092.93003845
batch	7710	valid_loss	2157.11524963
batch	7740	valid_loss	2110.87684631
batch	7770	valid_loss	2141.9065094
batch	7800	valid_loss	2095.86277771
batch	7830	valid_loss	2155.31315613
batch	7860	valid_loss	2036.50164795
batch	7890	valid_loss	2093.67105103
batch	7920	valid_loss	2017.92881775
batch	7950	valid_loss	2289.79498291
batch	7980	valid_loss	2058.25004578
batch	8010	valid_loss	2029.71444702
batch	8040	valid_loss	2056.88874817
batch	8070	valid_loss	2097.26904297
batch	8100	valid_loss	2139.6711731
batch	8130	valid_loss	2037.93499756
batch	8160	valid_loss	2075.00820923
batch	8190	valid_loss	2045.12632751
batch	8220	valid_loss	2062.47441101
batch	8250	valid_loss	2006.63337708
batch	8280	valid_loss	2046.53337097
batch	8310	valid_loss	1965.1471405
batch	8340	valid_loss	1968.46813965
batch	8370	valid_loss	2245.34526062
batch	8400	valid_loss	2020.49992371
batch	8430	valid_loss	2156.70210266
batch	8460	valid_loss	1981.7749176
batch	8490	valid_loss	2163.36334229
batch	8520	valid_loss	1981.83532715
batch	8550	valid_loss	2002.4074707
batch	8580	valid_loss	2059.0111084
batch	8610	valid_loss	1953.80706787
batch	8640	valid_loss	1994.45252991
batch	8670	valid_loss	2001.00019836
batch	8700	valid_loss	2042.50299072
batch	8730	valid_loss	2016.86140442
batch	8760	valid_loss	1923.69720459
batch	8790	valid_loss	1985.96359253
batch	8820	valid_loss	2008.33868408
batch	8850	valid_loss	2003.50430298
batch	8880	valid_loss	2413.81690979
batch	8910	valid_loss	1964.96382141
batch	8940	valid_loss	1904.6759491
batch	8970	valid_loss	2122.91828918
batch	9000	valid_loss	2044.23524475
batch	9030	valid_loss	1876.94515991
batch	9060	valid_loss	1885.73858643
batch	9090	valid_loss	1923.80703735
batch	9120	valid_loss	2483.35055542
batch	9150	valid_loss	1864.78900146
batch	9180	valid_loss	1850.01986694
batch	9210	valid_loss	1895.14685059
batch	9240	valid_loss	1954.98182678
batch	9270	valid_loss	1955.34033203
batch	9300	valid_loss	2014.50236511
batch	9330	valid_loss	1886.47358704
batch	9360	valid_loss	1842.25622559
batch	9390	valid_loss	1955.70851135
batch	9420	valid_loss	1886.15750122
batch	9450	valid_loss	1950.38035583
batch	9480	valid_loss	1924.08834839
batch	9510	valid_loss	1935.69119263
batch	9540	valid_loss	1988.15664673
batch	9570	valid_loss	2074.98266602
batch	9600	valid_loss	1831.3782959
batch	9630	valid_loss	1798.13912964
batch	9660	valid_loss	1917.25682068
batch	9690	valid_loss	1849.24043274
batch	9720	valid_loss	1873.50672913
batch	9750	valid_loss	1949.29804993
batch	9780	valid_loss	1938.46110535
batch	9810	valid_loss	1759.86801147
batch	9840	valid_loss	1835.08004761
batch	9870	valid_loss	1898.61436462
batch	9900	valid_loss	1941.46337891
batch	9930	valid_loss	1805.91931152
batch	9960	valid_loss	1844.42379761
batch	9990	valid_loss	1955.548172
batch	10020	valid_loss	1897.26860046
batch	10050	valid_loss	1785.97779846
batch	10080	valid_loss	1884.15071106
batch	10110	valid_loss	1729.61735535
batch	10140	valid_loss	1711.64074707
batch	10170	valid_loss	1794.91687012
batch	10200	valid_loss	1855.06077576
batch	10230	valid_loss	1794.45097351
batch	10260	valid_loss	1779.51184082
batch	10290	valid_loss	1832.23495483
batch	10320	valid_loss	1765.31759644
batch	10350	valid_loss	1791.95239258
batch	10380	valid_loss	1746.41046143
batch	10410	valid_loss	1951.11410522
batch	10440	valid_loss	1783.92573547
batch	10470	valid_loss	1786.34100342
batch	10500	valid_loss	1759.08818054
batch	10530	valid_loss	1837.82302856
batch	10560	valid_loss	1747.47801208
batch	10590	valid_loss	1726.00248718
batch	10620	valid_loss	1782.311203
batch	10650	valid_loss	1777.85374451
batch	10680	valid_loss	2208.85743713
batch	10710	valid_loss	1744.97515869
batch	10740	valid_loss	1712.33297729
batch	10770	valid_loss	1687.61477661
batch	10800	valid_loss	1793.36880493
batch	10830	valid_loss	2479.28025818
batch	10860	valid_loss	1649.05641174
batch	10890	valid_loss	1705.74182129
batch	10920	valid_loss	1693.12506104
batch	10950	valid_loss	1798.20513916
batch	10980	valid_loss	1895.62644958
batch	11010	valid_loss	1785.01028442
batch	11040	valid_loss	1807.266922
batch	11070	valid_loss	1723.78964233
batch	11100	valid_loss	1700.95307922
batch	11130	valid_loss	1666.29386902
batch	11160	valid_loss	1685.59788513
batch	11190	valid_loss	1795.49201965
batch	11220	valid_loss	1698.12489319
batch	11250	valid_loss	1680.42366028
batch	11280	valid_loss	1724.55479431
batch	11310	valid_loss	1833.64396667
batch	11340	valid_loss	1677.98054504
batch	11370	valid_loss	1678.29298401
batch	11400	valid_loss	1738.97657776
batch	11430	valid_loss	1699.77740479
batch	11460	valid_loss	2596.895401
batch	11490	valid_loss	1708.15922546
batch	11520	valid_loss	1841.144104
batch	11550	valid_loss	1645.81616211
batch	11580	valid_loss	1814.20436096
batch	11610	valid_loss	1951.5365448
batch	11640	valid_loss	1707.36482239
batch	11670	valid_loss	1873.52323914
batch	11700	valid_loss	1860.22361755
batch	11730	valid_loss	1679.89953613
batch	11760	valid_loss	1668.57351685
batch	11790	valid_loss	1992.94619751
batch	11820	valid_loss	1661.65560913
batch	11850	valid_loss	2001.9004364
batch	11880	valid_loss	1615.58625793
batch	11910	valid_loss	1693.82267761
batch	11940	valid_loss	1950.85273743
batch	11970	valid_loss	1890.98042297
batch	12000	valid_loss	1653.07611084
batch	12030	valid_loss	1615.58181763
batch	12060	valid_loss	1959.95803833
batch	12090	valid_loss	1841.45298767
batch	12120	valid_loss	1649.20661926
batch	12150	valid_loss	1647.81015015
batch	12180	valid_loss	2308.04846191
batch	12210	valid_loss	1670.0246582
batch	12240	valid_loss	1709.8061676
batch	12270	valid_loss	1641.63990784
batch	12300	valid_loss	2105.85440063
batch	12330	valid_loss	1611.34841919
batch	12360	valid_loss	1612.4180603
batch	12390	valid_loss	1577.93864441
batch	12420	valid_loss	1816.37892151
batch	12450	valid_loss	1736.61486816
batch	12480	valid_loss	1622.18388367
batch	12510	valid_loss	1668.30371094
batch	12540	valid_loss	1601.33903503
batch	12570	valid_loss	2057.62683105
batch	12600	valid_loss	1785.52445984
batch	12630	valid_loss	1559.04899597
batch	12660	valid_loss	2310.40115356
batch	12690	valid_loss	1642.70126343
batch	12720	valid_loss	1752.04478455
batch	12750	valid_loss	1594.85412598
batch	12780	valid_loss	1609.92750549
batch	12810	valid_loss	1591.80070496
batch	12840	valid_loss	1628.53027344
batch	12870	valid_loss	2048.19281006
batch	12900	valid_loss	1698.29681396
batch	12930	valid_loss	1575.1835022
batch	12960	valid_loss	1547.12086487
batch	12990	valid_loss	1937.48182678
batch	13020	valid_loss	1822.262146
batch	13050	valid_loss	1591.69667053
batch	13080	valid_loss	1591.09669495
batch	13110	valid_loss	1843.75593567
batch	13140	valid_loss	1588.32711792
batch	13170	valid_loss	1578.14642334
batch	13200	valid_loss	3999.6756897
batch	13230	valid_loss	1546.52061462
batch	13260	valid_loss	1482.09770203
batch	13290	valid_loss	1547.27809143
batch	13320	valid_loss	1570.3354187
batch	13350	valid_loss	1653.85110474
batch	13380	valid_loss	1624.2746582
batch	13410	valid_loss	1583.42308044
batch	13440	valid_loss	1605.02186584
batch	13470	valid_loss	1908.49740601
batch	13500	valid_loss	1660.01924133
batch	13530	valid_loss	1689.5848999
batch	13560	valid_loss	1721.86933899
batch	13590	valid_loss	1532.55587769
batch	13620	valid_loss	1590.81542969
batch	13650	valid_loss	1586.45921326
batch	13680	valid_loss	1550.71704102
batch	13710	valid_loss	1568.4294281
batch	13740	valid_loss	1670.92559814
batch	13770	valid_loss	1547.4122467
batch	13800	valid_loss	2188.73057556
batch	13830	valid_loss	1568.954422
batch	13860	valid_loss	1540.18418884
batch	13890	valid_loss	1778.32601929
batch	13920	valid_loss	1603.4332428
batch	13950	valid_loss	1468.05877686
batch	13980	valid_loss	1476.57862854
batch	14010	valid_loss	1544.27183533
batch	14040	valid_loss	2620.85179138
batch	14070	valid_loss	1617.24397278
batch	14100	valid_loss	1495.059021
batch	14130	valid_loss	1562.26043701
batch	14160	valid_loss	1796.94487
batch	14190	valid_loss	1525.64656067
batch	14220	valid_loss	1523.19506836
batch	14250	valid_loss	1495.41781616
batch	14280	valid_loss	1606.91184998
batch	14310	valid_loss	1479.49790955
batch	14340	valid_loss	1513.59970093
batch	14370	valid_loss	1509.17565918
batch	14400	valid_loss	1567.54040527
batch	14430	valid_loss	1805.12919617
batch	14460	valid_loss	1472.7713623
batch	14490	valid_loss	1452.92790222
batch	14520	valid_loss	1488.19644165
batch	14550	valid_loss	1536.28027344
batch	14580	valid_loss	1792.30499268
batch	14610	valid_loss	1460.23599243
batch	14640	valid_loss	1486.20092773
batch	14670	valid_loss	1509.11433411
batch	14700	valid_loss	1915.10644531
batch	14730	valid_loss	1560.09535217
batch	14760	valid_loss	1772.50297546
batch	14790	valid_loss	1595.88772583
batch	14820	valid_loss	1483.71806335
batch	14850	valid_loss	2057.5191803
batch	14880	valid_loss	1505.89825439
batch	14910	valid_loss	1486.77789307
batch	14940	valid_loss	1481.08198547
batch	14970	valid_loss	1643.81021118
batch	15000	valid_loss	1490.17634583
batch	15030	valid_loss	1550.41345215
batch	15060	valid_loss	1576.45643616
batch	15090	valid_loss	1566.71122742
batch	15120	valid_loss	1564.07592773
batch	15150	valid_loss	1489.1750946
batch	15180	valid_loss	1648.12716675
batch	15210	valid_loss	1441.4768219
batch	15240	valid_loss	1479.15637207
batch	15270	valid_loss	1515.4233551
batch	15300	valid_loss	1808.64225769
batch	15330	valid_loss	1465.18785095
batch	15360	valid_loss	1508.97653198
batch	15390	valid_loss	1707.49822998
batch	15420	valid_loss	1775.81941223
batch	15450	valid_loss	1532.81642151
batch	15480	valid_loss	1502.65699768
batch	15510	valid_loss	1512.05154419
batch	15540	valid_loss	1618.87863159
batch	15570	valid_loss	1549.66777039
batch	15600	valid_loss	1443.51130676
batch	15630	valid_loss	1764.9133606
batch	15660	valid_loss	1648.1847229
batch	15690	valid_loss	1566.52305603
batch	15720	valid_loss	1725.10600281
batch	15750	valid_loss	1434.98979187
batch	15780	valid_loss	1459.06268311
batch	15810	valid_loss	1890.14102173
batch	15840	valid_loss	1688.27148438
batch	15870	valid_loss	1497.98550415
batch	15900	valid_loss	1486.65475464
batch	15930	valid_loss	1626.67764282
batch	15960	valid_loss	1484.77377319
batch	15990	valid_loss	1478.44706726
batch	16020	valid_loss	1717.54689026
batch	16050	valid_loss	1468.12332153
batch	16080	valid_loss	1427.30996704
batch	16110	valid_loss	3013.17211914
batch	16140	valid_loss	1409.63674927
batch	16170	valid_loss	1405.25476074
batch	16200	valid_loss	1473.36880493
batch	16230	valid_loss	1451.22280884
batch	16260	valid_loss	1608.51683044
batch	16290	valid_loss	1441.7787323
batch	16320	valid_loss	1468.80088806
batch	16350	valid_loss	1453.84988403
batch	16380	valid_loss	1971.74563599
batch	16410	valid_loss	1449.50363159
batch	16440	valid_loss	1423.58956909
batch	16470	valid_loss	1462.33433533
batch	16500	valid_loss	1427.8278656
batch	16530	valid_loss	1693.96377563
batch	16560	valid_loss	1469.8787384
batch	16590	valid_loss	1468.43669128
batch	16620	valid_loss	1435.13505554
batch	16650	valid_loss	1531.84817505
batch	16680	valid_loss	1480.25793457
batch	16710	valid_loss	1412.18502808
batch	16740	valid_loss	1452.97213745
batch	16770	valid_loss	1478.80276489
batch	16800	valid_loss	1440.65609741
batch	16830	valid_loss	1804.30984497
batch	16860	valid_loss	1437.75924683
batch	16890	valid_loss	1436.41064453
batch	16920	valid_loss	1701.63613892
batch	16950	valid_loss	1565.6602478
batch	16980	valid_loss	1452.32394409
batch	17010	valid_loss	1474.74237061
batch	17040	valid_loss	1688.8528595
batch	17070	valid_loss	1378.94572449
batch	17100	valid_loss	1395.18785095
batch	17130	valid_loss	1508.73423767
batch	17160	valid_loss	1505.35522461
batch	17190	valid_loss	1458.94515991
batch	17220	valid_loss	1417.73410034
batch	17250	valid_loss	1578.04751587
batch	17280	valid_loss	1968.02990723
batch	17310	valid_loss	1400.35612488
batch	17340	valid_loss	1404.62232971
batch	17370	valid_loss	1416.33943176
batch	17400	valid_loss	2040.69889832
batch	17430	valid_loss	1376.95717621
batch	17460	valid_loss	1383.19816589
batch	17490	valid_loss	1388.7963028
batch	17520	valid_loss	1451.1237793
batch	17550	valid_loss	1865.22735596
batch	17580	valid_loss	1430.67002869
batch	17610	valid_loss	1400.28392029
batch	17640	valid_loss	1376.84251404
batch	17670	valid_loss	1648.70115662
batch	17700	valid_loss	1474.99761963
batch	17730	valid_loss	1416.99716187
batch	17760	valid_loss	1415.59234619
batch	17790	valid_loss	1578.02407837
batch	17820	valid_loss	1602.76586914
batch	17850	valid_loss	1436.41752625
batch	17880	valid_loss	1529.61245728
batch	17910	valid_loss	1431.25082397
batch	17940	valid_loss	2038.53434753
batch	17970	valid_loss	1413.23312378
batch	18000	valid_loss	1398.53919983
batch	18030	valid_loss	1472.47250366
batch	18060	valid_loss	1786.55262756
batch	18090	valid_loss	1377.13500214
batch	18120	valid_loss	1367.26420593
batch	18150	valid_loss	1441.62062073
batch	18180	valid_loss	2925.43423462
batch	18210	valid_loss	1578.04325867
batch	18240	valid_loss	1418.13232422
batch	18270	valid_loss	1372.63267517
batch	18300	valid_loss	1375.03642273
batch	18330	valid_loss	2733.34851074
batch	18360	valid_loss	1460.74368286
batch	18390	valid_loss	1379.48429871
batch	18420	valid_loss	1360.50553894
batch	18450	valid_loss	1638.77183533
batch	18480	valid_loss	1461.37077332
batch	18510	valid_loss	1558.64311218
batch	18540	valid_loss	1442.15800476
batch	18570	valid_loss	1391.48510742
batch	18600	valid_loss	2503.83375549
batch	18630	valid_loss	1603.87583923
batch	18660	valid_loss	1431.33224487
batch	18690	valid_loss	1511.41479492
batch	18720	valid_loss	1834.56655884
batch	18750	valid_loss	1384.82814026
batch	18780	valid_loss	1467.64601135
batch	18810	valid_loss	1704.28488159
batch	18840	valid_loss	1407.33129883
batch	18870	valid_loss	1398.34973145
batch	18900	valid_loss	1518.67420959
batch	18930	valid_loss	1416.04925537
batch	18960	valid_loss	1428.72590637
batch	18990	valid_loss	1516.1842041
batch	19020	valid_loss	1444.77685547
batch	19050	valid_loss	1381.02972412
batch	19080	valid_loss	1423.88165283
batch	19110	valid_loss	1480.099823
batch	19140	valid_loss	1703.48568726
batch	19170	valid_loss	1347.47411346
batch	19200	valid_loss	1439.50386047
batch	19230	valid_loss	1512.1608429
batch	19260	valid_loss	1911.34957886
batch	19290	valid_loss	1388.65393829
batch	19320	valid_loss	1464.0894165
batch	19350	valid_loss	2013.67068481
batch	19380	valid_loss	1522.03637695
batch	19410	valid_loss	1564.01603699
batch	19440	valid_loss	1584.76853943
batch	19470	valid_loss	1614.7177124
batch	19500	valid_loss	1400.03775024
batch	19530	valid_loss	1387.01187134
batch	19560	valid_loss	1466.89562988
batch	19590	valid_loss	2169.61578369
batch	19620	valid_loss	1346.3130722
batch	19650	valid_loss	1368.26028442
batch	19680	valid_loss	2187.11755371
batch	19710	valid_loss	1431.39489746
batch	19740	valid_loss	1378.81591034
batch	19770	valid_loss	1791.17913818
batch	19800	valid_loss	1561.65779114
batch	19830	valid_loss	1369.08759308
batch	19860	valid_loss	1476.9604187
batch	19890	valid_loss	1402.08534241
batch	19920	valid_loss	1375.15222168
batch	19950	valid_loss	1675.74763489
batch	19980	valid_loss	1550.78018188
batch	20010	valid_loss	1417.31744385
batch	20040	valid_loss	2049.44360352
batch	20070	valid_loss	1400.38191223
batch	20100	valid_loss	1464.06645203
batch	20130	valid_loss	1723.42248535
batch	20160	valid_loss	1576.22346497
batch	20190	valid_loss	1342.97725677
batch	20220	valid_loss	2827.91349792
batch	20250	valid_loss	1470.91607666
batch	20280	valid_loss	1315.41536713
batch	20310	valid_loss	1403.57028198
batch	20340	valid_loss	1391.78076172
batch	20370	valid_loss	1534.31269836
batch	20400	valid_loss	1311.47438049
batch	20430	valid_loss	1351.84562683
batch	20460	valid_loss	1793.65463257
batch	20490	valid_loss	1371.11628723
batch	20520	valid_loss	1392.60697937
batch	20550	valid_loss	1419.39289856
batch	20580	valid_loss	1424.2986145
batch	20610	valid_loss	1512.48220825
batch	20640	valid_loss	1381.48661041
batch	20670	valid_loss	1404.61227417
batch	20700	valid_loss	1638.49159241
batch	20730	valid_loss	1398.74459839
batch	20760	valid_loss	2308.84785461
batch	20790	valid_loss	1356.11209869
batch	20820	valid_loss	1318.55188751
batch	20850	valid_loss	1382.49578857
batch	20880	valid_loss	1737.18986511
batch	20910	valid_loss	1357.70162201
batch	20940	valid_loss	1395.94799805
batch	20970	valid_loss	2084.8372345
batch	21000	valid_loss	1469.34870911
batch	21030	valid_loss	1429.02101135
batch	21060	valid_loss	1558.52110291
batch	21090	valid_loss	1368.15139008
batch	21120	valid_loss	1381.241745
batch	21150	valid_loss	2197.75959778
batch	21180	valid_loss	1318.63532257
batch	21210	valid_loss	1360.14267731
batch	21240	valid_loss	1374.78340912
batch	21270	valid_loss	1673.70674133
batch	21300	valid_loss	1385.32386017
batch	21330	valid_loss	1376.23791504
batch	21360	valid_loss	1361.53673553
batch	21390	valid_loss	1462.35888672
batch	21420	valid_loss	1480.45793152
batch	21450	valid_loss	1335.07778931
batch	21480	valid_loss	1370.28268433
batch	21510	valid_loss	1389.50899506
batch	21540	valid_loss	1851.0291748
batch	21570	valid_loss	1350.369133
batch	21600	valid_loss	1385.41338348
batch	21630	valid_loss	1391.43344879
batch	21660	valid_loss	1733.06639099
batch	21690	valid_loss	1468.89634705
batch	21720	valid_loss	1349.41070557
batch	21750	valid_loss	1371.71527863
batch	21780	valid_loss	1415.75857544
batch	21810	valid_loss	1433.23510742
batch	21840	valid_loss	1621.34532166
batch	21870	valid_loss	1448.56219482
batch	21900	valid_loss	1579.03541565
batch	21930	valid_loss	1513.0625
batch	21960	valid_loss	1817.21455383
batch	21990	valid_loss	1360.80082703
batch	22020	valid_loss	1572.84248352
batch	22050	valid_loss	1325.72039032
batch	22080	valid_loss	2886.39746094
batch	22110	valid_loss	1352.35140228
batch	22140	valid_loss	1368.06465912
batch	22170	valid_loss	1443.59327698
batch	22200	valid_loss	1452.73954773
batch	22230	valid_loss	1371.57112122
batch	22260	valid_loss	1356.02098846
batch	22290	valid_loss	1458.19551086
batch	22320	valid_loss	1355.2023468
batch	22350	valid_loss	1385.66646576
batch	22380	valid_loss	1818.41397095
batch	22410	valid_loss	1330.21678162
batch	22440	valid_loss	1401.4058075
batch	22470	valid_loss	2381.15959167
batch	22500	valid_loss	1331.28741455
batch	22530	valid_loss	1521.84503174
batch	22560	valid_loss	1636.69766235
batch	22590	valid_loss	1830.13162231
batch	22620	valid_loss	1328.02787781
batch	22650	valid_loss	1353.9513855
batch	22680	valid_loss	1627.77912903
batch	22710	valid_loss	1372.90518951
batch	22740	valid_loss	1402.49636841
batch	22770	valid_loss	1365.04813385
batch	22800	valid_loss	2387.615448
batch	22830	valid_loss	1367.80111694
batch	22860	valid_loss	1329.55085754
batch	22890	valid_loss	1371.06950378
batch	22920	valid_loss	1500.8081665
batch	22950	valid_loss	1449.7376709
batch	22980	valid_loss	1315.19077301
batch	23010	valid_loss	2071.19984436
batch	23040	valid_loss	1383.73635101
batch	23070	valid_loss	1530.07084656
batch	23100	valid_loss	1321.246315
batch	23130	valid_loss	2315.81643677
batch	23160	valid_loss	1419.24745178
batch	23190	valid_loss	1369.6230545
batch	23220	valid_loss	1359.53440094
batch	23250	valid_loss	2500.05577087
batch	23280	valid_loss	1334.28173065
batch	23310	valid_loss	1336.54991913
batch	23340	valid_loss	1341.16749573
batch	23370	valid_loss	2697.99516296
batch	23400	valid_loss	1460.3372345
batch	23430	valid_loss	1365.29579163
batch	23460	valid_loss	1327.06050873
batch	23490	valid_loss	1442.63145447
batch	23520	valid_loss	1738.59817505
batch	23550	valid_loss	1391.91718292
batch	23580	valid_loss	1387.97570801
batch	23610	valid_loss	1544.66146851
batch	23640	valid_loss	1914.15403748
batch	23670	valid_loss	1368.61058044
batch	23700	valid_loss	1864.49307251
batch	23730	valid_loss	1332.6661377
batch	23760	valid_loss	1381.99221802
batch	23790	valid_loss	2257.43840027
batch	23820	valid_loss	1418.53965759
batch	23850	valid_loss	1391.25340271
batch	23880	valid_loss	1436.49409485
batch	23910	valid_loss	1499.68083191
batch	23940	valid_loss	1402.32206726
batch	23970	valid_loss	1332.47645569
batch	24000	valid_loss	1406.11343384
batch	24030	valid_loss	1358.07384491
batch	24060	valid_loss	1336.5765152
batch	24090	valid_loss	1415.54420471
batch	24120	valid_loss	1571.12179565
batch	24150	valid_loss	1480.86022949
batch	24180	valid_loss	1596.41867065
batch	24210	valid_loss	1324.76380157
batch	24240	valid_loss	1595.82130432
batch	24270	valid_loss	2112.20959473
batch	24300	valid_loss	1418.21498108
batch	24330	valid_loss	1316.97454834
batch	24360	valid_loss	1414.44726562
batch	24390	valid_loss	1408.19709778
batch	24420	valid_loss	1640.41207886
batch	24450	valid_loss	1285.00518036
batch	24480	valid_loss	1317.13859558
batch	24510	valid_loss	1651.84596252
batch	24540	valid_loss	1345.30496216
batch	24570	valid_loss	1291.7071228
batch	24600	valid_loss	1341.78697968
batch	24630	valid_loss	1603.87788391
batch	24660	valid_loss	1609.11668396
batch	24690	valid_loss	1432.18609619
batch	24720	valid_loss	1443.52383423
batch	24750	valid_loss	1417.11894226
batch	24780	valid_loss	1334.03945923
batch	24810	valid_loss	1441.41300964
batch	24840	valid_loss	1674.88059998
batch	24870	valid_loss	1295.30696869
batch	24900	valid_loss	1368.02487946
batch	24930	valid_loss	1429.60635376
batch	24960	valid_loss	1373.03759003
batch	24990	valid_loss	1428.38067627
STOP
