START
config	240	960
batch	0	valid_loss	8024792.375
batch	30	valid_loss	210481.820312
batch	60	valid_loss	105482.402344
batch	90	valid_loss	98973.1347656
batch	120	valid_loss	96997.9423828
batch	150	valid_loss	95193.1132812
batch	180	valid_loss	93295.3779297
batch	210	valid_loss	91261.2314453
batch	240	valid_loss	89098.5092773
batch	270	valid_loss	86746.4892578
batch	300	valid_loss	84362.2924805
batch	330	valid_loss	82010.972168
batch	360	valid_loss	79711.6533203
batch	390	valid_loss	77557.6420898
batch	420	valid_loss	75574.2758789
batch	450	valid_loss	73715.1889648
batch	480	valid_loss	71892.0981445
batch	510	valid_loss	70070.2407227
batch	540	valid_loss	68282.1850586
batch	570	valid_loss	66497.7993164
batch	600	valid_loss	64776.8955078
batch	630	valid_loss	63083.2368164
batch	660	valid_loss	61439.8828125
batch	690	valid_loss	59836.9912109
batch	720	valid_loss	58274.9057617
batch	750	valid_loss	56779.0234375
batch	780	valid_loss	55351.5507812
batch	810	valid_loss	53938.3022461
batch	840	valid_loss	52562.5375977
batch	870	valid_loss	51251.8129883
batch	900	valid_loss	49997.9663086
batch	930	valid_loss	48762.5498047
batch	960	valid_loss	47602.7231445
batch	990	valid_loss	46463.8410645
batch	1020	valid_loss	45370.7741699
batch	1050	valid_loss	44309.2548828
batch	1080	valid_loss	43294.2529297
batch	1110	valid_loss	42319.9594727
batch	1140	valid_loss	41391.590332
batch	1170	valid_loss	40506.0961914
batch	1200	valid_loss	39634.2492676
batch	1230	valid_loss	38774.4448242
batch	1260	valid_loss	37980.9589844
batch	1290	valid_loss	37191.3686523
batch	1320	valid_loss	36466.6166992
batch	1350	valid_loss	35687.4250488
batch	1380	valid_loss	34983.5517578
batch	1410	valid_loss	34300.96875
batch	1440	valid_loss	33659.5708008
batch	1470	valid_loss	33003.6865234
batch	1500	valid_loss	32403.6577148
batch	1530	valid_loss	31813.8293457
batch	1560	valid_loss	31232.2565918
batch	1590	valid_loss	30689.0888672
batch	1620	valid_loss	30168.458252
batch	1650	valid_loss	29621.5705566
batch	1680	valid_loss	29116.3151855
batch	1710	valid_loss	28642.9753418
batch	1740	valid_loss	28160.291748
batch	1770	valid_loss	27700.5117188
batch	1800	valid_loss	27259.0981445
batch	1830	valid_loss	26836.5822754
batch	1860	valid_loss	26396.6032715
batch	1890	valid_loss	25991.8237305
batch	1920	valid_loss	25593.6945801
batch	1950	valid_loss	25225.5805664
batch	1980	valid_loss	24857.3271484
batch	2010	valid_loss	24516.2263184
batch	2040	valid_loss	24149.71875
batch	2070	valid_loss	23827.1254883
batch	2100	valid_loss	23503.5939941
batch	2130	valid_loss	23184.7961426
batch	2160	valid_loss	22887.4787598
batch	2190	valid_loss	22556.1541748
batch	2220	valid_loss	22287.3520508
batch	2250	valid_loss	22002.7104492
batch	2280	valid_loss	21713.5875244
batch	2310	valid_loss	21447.8988037
batch	2340	valid_loss	21205.3253174
batch	2370	valid_loss	20968.8946533
batch	2400	valid_loss	20706.9318848
batch	2430	valid_loss	20463.2580566
batch	2460	valid_loss	20241.4622803
batch	2490	valid_loss	20013.111084
batch	2520	valid_loss	19777.5734863
batch	2550	valid_loss	19583.6539307
batch	2580	valid_loss	19390.7369385
batch	2610	valid_loss	19159.744873
batch	2640	valid_loss	18967.0090332
batch	2670	valid_loss	18774.0622559
batch	2700	valid_loss	18597.2880859
batch	2730	valid_loss	18403.8172607
batch	2760	valid_loss	18239.6789551
batch	2790	valid_loss	18069.8093262
batch	2820	valid_loss	17895.1905518
batch	2850	valid_loss	17705.3826904
batch	2880	valid_loss	17579.5733643
batch	2910	valid_loss	17415.5246582
batch	2940	valid_loss	17258.4031982
batch	2970	valid_loss	17121.5758057
batch	3000	valid_loss	16957.3111572
batch	3030	valid_loss	16807.010376
batch	3060	valid_loss	16682.1210938
batch	3090	valid_loss	16543.7086182
batch	3120	valid_loss	16417.8428955
batch	3150	valid_loss	16290.9929199
batch	3180	valid_loss	16186.3563232
batch	3210	valid_loss	16031.6296387
batch	3240	valid_loss	15920.3261719
batch	3270	valid_loss	15827.4080811
batch	3300	valid_loss	15708.1008301
batch	3330	valid_loss	15603.9150391
batch	3360	valid_loss	15509.6818848
batch	3390	valid_loss	15386.5998535
batch	3420	valid_loss	15281.4337158
batch	3450	valid_loss	15163.1079102
batch	3480	valid_loss	15080.4885254
batch	3510	valid_loss	15011.4230957
batch	3540	valid_loss	14916.9023438
batch	3570	valid_loss	14808.041748
batch	3600	valid_loss	14720.3623047
batch	3630	valid_loss	14638.5689697
batch	3660	valid_loss	14563.6881104
batch	3690	valid_loss	14484.9063721
batch	3720	valid_loss	14425.3459473
batch	3750	valid_loss	14305.4134521
batch	3780	valid_loss	14219.923584
batch	3810	valid_loss	14192.2106934
batch	3840	valid_loss	14097.7806396
batch	3870	valid_loss	13998.2338867
batch	3900	valid_loss	13966.8547363
batch	3930	valid_loss	13898.458374
batch	3960	valid_loss	13804.3459473
batch	3990	valid_loss	13762.2354736
batch	4020	valid_loss	13722.1845703
batch	4050	valid_loss	13647.0841064
batch	4080	valid_loss	13576.0739746
batch	4110	valid_loss	13521.1337891
batch	4140	valid_loss	13451.4625244
batch	4170	valid_loss	13390.9022217
batch	4200	valid_loss	13347.8139648
batch	4230	valid_loss	13287.6206055
batch	4260	valid_loss	13244.8522949
batch	4290	valid_loss	13202.0916748
batch	4320	valid_loss	13160.1973877
batch	4350	valid_loss	13113.7025146
batch	4380	valid_loss	13033.1170654
batch	4410	valid_loss	13012.9051514
batch	4440	valid_loss	13001.7119141
batch	4470	valid_loss	12926.6514893
batch	4500	valid_loss	12869.2003174
batch	4530	valid_loss	12836.053833
batch	4560	valid_loss	12803.423584
batch	4590	valid_loss	12763.720459
batch	4620	valid_loss	12729.3183594
batch	4650	valid_loss	12681.0352783
batch	4680	valid_loss	12635.5827637
batch	4710	valid_loss	12606.8572998
batch	4740	valid_loss	12558.7132568
batch	4770	valid_loss	12529.4466553
batch	4800	valid_loss	12492.3999023
batch	4830	valid_loss	12485.9047852
batch	4860	valid_loss	12428.4162598
batch	4890	valid_loss	12410.010498
batch	4920	valid_loss	12370.6651611
batch	4950	valid_loss	12354.2963867
batch	4980	valid_loss	12319.0498047
batch	5010	valid_loss	12304.7185059
batch	5040	valid_loss	12291.4890137
batch	5070	valid_loss	12258.8060303
batch	5100	valid_loss	12227.1970215
batch	5130	valid_loss	12175.8081055
batch	5160	valid_loss	12162.4730225
batch	5190	valid_loss	12114.1916504
batch	5220	valid_loss	12137.2408447
batch	5250	valid_loss	12088.8013916
batch	5280	valid_loss	12118.3642578
batch	5310	valid_loss	12047.6358643
batch	5340	valid_loss	12012.5754395
batch	5370	valid_loss	12044.3674316
batch	5400	valid_loss	12024.0545654
batch	5430	valid_loss	11953.1571045
batch	5460	valid_loss	11978.1375732
batch	5490	valid_loss	11942.3531494
batch	5520	valid_loss	11918.0216064
batch	5550	valid_loss	11884.237915
batch	5580	valid_loss	11921.4876709
batch	5610	valid_loss	11915.0327148
batch	5640	valid_loss	11844.4842529
batch	5670	valid_loss	11872.6071777
batch	5700	valid_loss	11842.7828369
batch	5730	valid_loss	11804.3334961
batch	5760	valid_loss	11785.6166382
batch	5790	valid_loss	11781.8044434
batch	5820	valid_loss	11775.7153931
batch	5850	valid_loss	11773.9775391
batch	5880	valid_loss	11747.5789185
batch	5910	valid_loss	11748.8779297
batch	5940	valid_loss	11716.3121338
batch	5970	valid_loss	11725.8983154
batch	6000	valid_loss	11754.4777222
batch	6030	valid_loss	11709.8856201
batch	6060	valid_loss	11697.482666
batch	6090	valid_loss	11663.1700439
batch	6120	valid_loss	11695.6593018
batch	6150	valid_loss	11648.5290527
batch	6180	valid_loss	11638.918396
batch	6210	valid_loss	11630.2328491
batch	6240	valid_loss	11617.4274902
batch	6270	valid_loss	11594.2402344
batch	6300	valid_loss	11584.5063477
batch	6330	valid_loss	11607.6136475
batch	6360	valid_loss	11574.6472778
batch	6390	valid_loss	11579.2411499
batch	6420	valid_loss	11572.2199097
batch	6450	valid_loss	11570.4093018
batch	6480	valid_loss	11531.758667
batch	6510	valid_loss	11537.0911865
batch	6540	valid_loss	11511.6282349
batch	6570	valid_loss	11511.5692749
batch	6600	valid_loss	11516.3612061
batch	6630	valid_loss	11507.826416
batch	6660	valid_loss	11531.3216553
batch	6690	valid_loss	11507.5808716
batch	6720	valid_loss	11483.480835
batch	6750	valid_loss	11450.65802
batch	6780	valid_loss	11486.1918945
batch	6810	valid_loss	11449.4229736
batch	6840	valid_loss	11504.2515869
batch	6870	valid_loss	11442.838623
batch	6900	valid_loss	11440.1131592
batch	6930	valid_loss	11476.9355469
batch	6960	valid_loss	11459.7045898
batch	6990	valid_loss	11417.4993286
batch	7020	valid_loss	11431.1975098
batch	7050	valid_loss	11433.1000977
batch	7080	valid_loss	11413.2015991
batch	7110	valid_loss	11377.666748
batch	7140	valid_loss	11443.1728516
batch	7170	valid_loss	11451.0693359
batch	7200	valid_loss	11412.8932495
batch	7230	valid_loss	11396.6991577
batch	7260	valid_loss	11401.9164429
batch	7290	valid_loss	11386.7277222
batch	7320	valid_loss	11392.4557495
batch	7350	valid_loss	11373.6932373
batch	7380	valid_loss	11364.1305542
batch	7410	valid_loss	11383.1609497
batch	7440	valid_loss	11342.2907104
batch	7470	valid_loss	11359.1517334
batch	7500	valid_loss	11338.5612793
batch	7530	valid_loss	11349.7692871
batch	7560	valid_loss	11399.6775513
batch	7590	valid_loss	11369.498291
batch	7620	valid_loss	11356.4089966
batch	7650	valid_loss	11336.934082
batch	7680	valid_loss	11371.0420532
batch	7710	valid_loss	11328.8435669
batch	7740	valid_loss	11351.2042236
batch	7770	valid_loss	11315.5516968
batch	7800	valid_loss	11330.9087524
batch	7830	valid_loss	11293.2647095
batch	7860	valid_loss	11283.0057373
batch	7890	valid_loss	11311.7145386
batch	7920	valid_loss	11306.6166382
batch	7950	valid_loss	11292.6421509
batch	7980	valid_loss	11292.2625732
batch	8010	valid_loss	11313.6037598
batch	8040	valid_loss	11272.1520386
batch	8070	valid_loss	11276.0947876
batch	8100	valid_loss	11277.5283203
batch	8130	valid_loss	11288.1202393
batch	8160	valid_loss	11286.3366699
batch	8190	valid_loss	11278.7644653
batch	8220	valid_loss	11279.907959
batch	8250	valid_loss	11282.0841064
batch	8280	valid_loss	11246.0284424
batch	8310	valid_loss	11228.8780518
batch	8340	valid_loss	11269.3723145
batch	8370	valid_loss	11240.541748
batch	8400	valid_loss	11279.9241943
batch	8430	valid_loss	11280.8820801
batch	8460	valid_loss	11224.4837646
batch	8490	valid_loss	11283.2894287
batch	8520	valid_loss	11257.831665
batch	8550	valid_loss	11249.9004517
batch	8580	valid_loss	11237.8743286
batch	8610	valid_loss	11242.505188
batch	8640	valid_loss	11252.5916138
batch	8670	valid_loss	11234.9944458
batch	8700	valid_loss	11253.0759888
batch	8730	valid_loss	11264.6841431
batch	8760	valid_loss	11238.0773926
batch	8790	valid_loss	11224.3425903
batch	8820	valid_loss	11272.1608887
batch	8850	valid_loss	11204.8619385
batch	8880	valid_loss	11243.0209961
batch	8910	valid_loss	11206.4785767
batch	8940	valid_loss	11194.4451904
batch	8970	valid_loss	11249.6196289
batch	9000	valid_loss	11194.7982788
batch	9030	valid_loss	11225.0674438
batch	9060	valid_loss	11188.2209473
batch	9090	valid_loss	11195.3463745
batch	9120	valid_loss	11244.0053101
batch	9150	valid_loss	11236.3981323
batch	9180	valid_loss	11230.87854
batch	9210	valid_loss	11190.1027222
batch	9240	valid_loss	11220.1212769
batch	9270	valid_loss	11193.0296631
batch	9300	valid_loss	11196.8912354
batch	9330	valid_loss	11182.9346924
batch	9360	valid_loss	11201.7323608
batch	9390	valid_loss	11167.333252
batch	9420	valid_loss	11160.0371094
batch	9450	valid_loss	11173.8295288
batch	9480	valid_loss	11188.4766846
batch	9510	valid_loss	11169.1149902
batch	9540	valid_loss	11172.1108398
batch	9570	valid_loss	11196.3800659
batch	9600	valid_loss	11186.5848999
batch	9630	valid_loss	11158.8744507
batch	9660	valid_loss	11157.7052612
batch	9690	valid_loss	11178.6190186
batch	9720	valid_loss	11178.1029663
batch	9750	valid_loss	11174.1104736
batch	9780	valid_loss	11180.3244629
batch	9810	valid_loss	11179.0271606
batch	9840	valid_loss	11153.4078979
batch	9870	valid_loss	11133.0043335
batch	9900	valid_loss	11161.6633911
batch	9930	valid_loss	11137.9788208
batch	9960	valid_loss	11186.4735718
batch	9990	valid_loss	11185.5821533
batch	10020	valid_loss	11133.4537964
batch	10050	valid_loss	11188.2006226
batch	10080	valid_loss	11180.2119751
batch	10110	valid_loss	11158.211792
batch	10140	valid_loss	11134.5771484
batch	10170	valid_loss	11146.7786255
batch	10200	valid_loss	11132.2850342
batch	10230	valid_loss	11143.9967041
batch	10260	valid_loss	11169.1479492
batch	10290	valid_loss	11183.7297363
batch	10320	valid_loss	11183.9272461
batch	10350	valid_loss	11144.4223022
batch	10380	valid_loss	11151.5126343
batch	10410	valid_loss	11128.9985352
batch	10440	valid_loss	11155.7744141
batch	10470	valid_loss	11115.5192871
batch	10500	valid_loss	11114.9654541
batch	10530	valid_loss	11152.7263794
batch	10560	valid_loss	11108.090332
batch	10590	valid_loss	11127.0172729
batch	10620	valid_loss	11103.6893921
batch	10650	valid_loss	11139.7820435
batch	10680	valid_loss	11181.7958374
batch	10710	valid_loss	11170.5823975
batch	10740	valid_loss	11138.4193115
batch	10770	valid_loss	11113.5244751
batch	10800	valid_loss	11160.0546875
batch	10830	valid_loss	11117.3170776
batch	10860	valid_loss	11155.6246338
batch	10890	valid_loss	11115.1102295
batch	10920	valid_loss	11137.7803345
batch	10950	valid_loss	11102.5375366
batch	10980	valid_loss	11097.1271973
batch	11010	valid_loss	11096.079895
batch	11040	valid_loss	11116.7802734
batch	11070	valid_loss	11102.3460083
batch	11100	valid_loss	11110.7266846
batch	11130	valid_loss	11130.3701782
batch	11160	valid_loss	11094.4544678
batch	11190	valid_loss	11101.246521
batch	11220	valid_loss	11113.2556763
batch	11250	valid_loss	11120.7405396
batch	11280	valid_loss	11122.1580811
batch	11310	valid_loss	11125.1252441
batch	11340	valid_loss	11106.8431396
batch	11370	valid_loss	11122.6981812
batch	11400	valid_loss	11084.1965332
batch	11430	valid_loss	11077.718689
batch	11460	valid_loss	11102.8419189
batch	11490	valid_loss	11089.5241089
batch	11520	valid_loss	11124.6305542
batch	11550	valid_loss	11107.2724609
batch	11580	valid_loss	11080.1690063
batch	11610	valid_loss	11132.227356
batch	11640	valid_loss	11121.7507935
batch	11670	valid_loss	11124.5192261
batch	11700	valid_loss	11085.0045166
batch	11730	valid_loss	11094.3307495
batch	11760	valid_loss	11091.3983765
batch	11790	valid_loss	11088.2038574
batch	11820	valid_loss	11128.9863892
batch	11850	valid_loss	11124.8962402
batch	11880	valid_loss	11095.1687012
batch	11910	valid_loss	11091.5366821
batch	11940	valid_loss	11116.6479492
batch	11970	valid_loss	11077.1364746
batch	12000	valid_loss	11102.0037231
batch	12030	valid_loss	11061.0336914
batch	12060	valid_loss	11060.3109741
batch	12090	valid_loss	11139.0996704
batch	12120	valid_loss	11062.9285278
batch	12150	valid_loss	11091.4022827
batch	12180	valid_loss	11065.1126709
batch	12210	valid_loss	11071.9135742
batch	12240	valid_loss	11128.1398315
batch	12270	valid_loss	11121.2600098
batch	12300	valid_loss	11104.9368896
batch	12330	valid_loss	11077.6303711
batch	12360	valid_loss	11102.880127
batch	12390	valid_loss	11074.5637207
batch	12420	valid_loss	11121.4443359
batch	12450	valid_loss	11080.0270386
batch	12480	valid_loss	11088.3340454
batch	12510	valid_loss	11070.3024292
batch	12540	valid_loss	11051.6381226
batch	12570	valid_loss	11062.805481
batch	12600	valid_loss	11076.1253662
batch	12630	valid_loss	11067.1732178
batch	12660	valid_loss	11063.2006836
batch	12690	valid_loss	11091.6262817
batch	12720	valid_loss	11078.0670166
batch	12750	valid_loss	11061.5387573
batch	12780	valid_loss	11061.0343628
batch	12810	valid_loss	11064.8345947
batch	12840	valid_loss	11076.3917847
batch	12870	valid_loss	11081.2185669
batch	12900	valid_loss	11082.102356
batch	12930	valid_loss	11080.0661621
batch	12960	valid_loss	11062.2593384
batch	12990	valid_loss	11041.9807129
batch	13020	valid_loss	11076.1670532
batch	13050	valid_loss	11054.5476074
batch	13080	valid_loss	11089.5046997
batch	13110	valid_loss	11082.4845581
batch	13140	valid_loss	11055.4216919
batch	13170	valid_loss	11092.6157227
batch	13200	valid_loss	11092.3640137
batch	13230	valid_loss	11084.8815308
batch	13260	valid_loss	11047.7196655
batch	13290	valid_loss	11060.4782715
batch	13320	valid_loss	11058.243042
batch	13350	valid_loss	11060.1107788
batch	13380	valid_loss	11096.510437
batch	13410	valid_loss	11093.4264526
batch	13440	valid_loss	11082.1939087
batch	13470	valid_loss	11058.2197876
batch	13500	valid_loss	11069.1268311
batch	13530	valid_loss	11034.7699585
batch	13560	valid_loss	11060.6688843
batch	13590	valid_loss	11036.2613525
batch	13620	valid_loss	11030.9466553
batch	13650	valid_loss	11080.262146
batch	13680	valid_loss	11032.0751953
batch	13710	valid_loss	11047.3963013
batch	13740	valid_loss	11022.317688
batch	13770	valid_loss	11069.0975952
batch	13800	valid_loss	11105.2407227
batch	13830	valid_loss	11076.8048096
batch	13860	valid_loss	11067.6137085
batch	13890	valid_loss	11044.6403198
batch	13920	valid_loss	11075.1662598
batch	13950	valid_loss	11046.0259399
batch	13980	valid_loss	11085.1192627
batch	14010	valid_loss	11048.9669189
batch	14040	valid_loss	11056.7851562
batch	14070	valid_loss	11028.6211548
batch	14100	valid_loss	11030.8199463
batch	14130	valid_loss	11025.454834
batch	14160	valid_loss	11050.7904053
batch	14190	valid_loss	11039.9888916
batch	14220	valid_loss	11035.005127
batch	14250	valid_loss	11056.229248
batch	14280	valid_loss	11027.7571411
batch	14310	valid_loss	11034.1243286
batch	14340	valid_loss	11049.3580933
batch	14370	valid_loss	11045.196228
batch	14400	valid_loss	11046.0632935
batch	14430	valid_loss	11073.4614258
batch	14460	valid_loss	11036.8171387
batch	14490	valid_loss	11075.0883789
batch	14520	valid_loss	11026.8508301
batch	14550	valid_loss	11019.7494507
batch	14580	valid_loss	11046.239563
batch	14610	valid_loss	11031.7515259
batch	14640	valid_loss	11064.506897
batch	14670	valid_loss	11055.1192017
batch	14700	valid_loss	11021.0288696
batch	14730	valid_loss	11065.5714722
batch	14760	valid_loss	11062.3554077
batch	14790	valid_loss	11053.6826782
batch	14820	valid_loss	11032.75
batch	14850	valid_loss	11035.6072998
batch	14880	valid_loss	11042.5023804
batch	14910	valid_loss	11038.8695068
batch	14940	valid_loss	11076.4133911
batch	14970	valid_loss	11063.5001221
batch	15000	valid_loss	11037.1421509
batch	15030	valid_loss	11041.7001343
batch	15060	valid_loss	11061.7598877
batch	15090	valid_loss	11008.6838989
batch	15120	valid_loss	11042.2352905
batch	15150	valid_loss	11007.6538086
batch	15180	valid_loss	11005.0681152
batch	15210	valid_loss	11071.4737549
batch	15240	valid_loss	11014.9788818
batch	15270	valid_loss	11037.975647
batch	15300	valid_loss	11000.4710693
batch	15330	valid_loss	11041.4917603
batch	15360	valid_loss	11083.2149658
batch	15390	valid_loss	11102.8948364
batch	15420	valid_loss	11040.6243286
batch	15450	valid_loss	11024.2452393
batch	15480	valid_loss	11050.3895264
batch	15510	valid_loss	11025.6165161
batch	15540	valid_loss	11061.4902344
batch	15570	valid_loss	11030.6771851
batch	15600	valid_loss	11037.8620605
batch	15630	valid_loss	11024.2689819
batch	15660	valid_loss	11008.4827881
batch	15690	valid_loss	11009.0134277
batch	15720	valid_loss	11029.8309326
batch	15750	valid_loss	11020.4030762
batch	15780	valid_loss	11014.0498047
batch	15810	valid_loss	11039.6558228
batch	15840	valid_loss	11049.0754395
batch	15870	valid_loss	11014.9560547
batch	15900	valid_loss	11022.1836548
batch	15930	valid_loss	11031.5817871
batch	15960	valid_loss	11048.692627
batch	15990	valid_loss	11042.1037598
batch	16020	valid_loss	11038.1183472
batch	16050	valid_loss	11048.9489746
batch	16080	valid_loss	11016.5706177
batch	16110	valid_loss	11002.0795288
batch	16140	valid_loss	11033.185791
batch	16170	valid_loss	11019.7661133
batch	16200	valid_loss	11048.9482422
batch	16230	valid_loss	11016.173645
batch	16260	valid_loss	11005.2165527
batch	16290	valid_loss	11049.3635864
batch	16320	valid_loss	11069.4907227
batch	16350	valid_loss	11049.0456543
batch	16380	valid_loss	11008.6484985
batch	16410	valid_loss	11017.7608032
batch	16440	valid_loss	11016.0136719
batch	16470	valid_loss	11022.3435059
batch	16500	valid_loss	11066.2451172
batch	16530	valid_loss	11053.0072632
batch	16560	valid_loss	11046.4516602
batch	16590	valid_loss	11024.5797729
batch	16620	valid_loss	11025.7144775
batch	16650	valid_loss	10994.8583374
batch	16680	valid_loss	11034.4134521
batch	16710	valid_loss	10994.4663696
batch	16740	valid_loss	10994.6171265
batch	16770	valid_loss	11049.0276489
batch	16800	valid_loss	10996.4605103
batch	16830	valid_loss	11014.2886353
batch	16860	valid_loss	10989.492981
batch	16890	valid_loss	11031.3015137
batch	16920	valid_loss	11078.2119751
batch	16950	valid_loss	11049.0944824
batch	16980	valid_loss	11031.0957031
batch	17010	valid_loss	11010.217041
batch	17040	valid_loss	11036.5228271
batch	17070	valid_loss	11009.0603027
batch	17100	valid_loss	11051.6917114
batch	17130	valid_loss	11012.1273804
batch	17160	valid_loss	11021.5205078
batch	17190	valid_loss	11014.2714844
batch	17220	valid_loss	10998.6989136
batch	17250	valid_loss	11022.3353882
batch	17280	valid_loss	11016.7277222
batch	17310	valid_loss	11004.4943237
batch	17340	valid_loss	11003.5580444
batch	17370	valid_loss	11022.3531494
batch	17400	valid_loss	10998.7509155
batch	17430	valid_loss	11009.4946899
batch	17460	valid_loss	11038.7189331
batch	17490	valid_loss	11007.0167236
batch	17520	valid_loss	11018.548584
batch	17550	valid_loss	11087.0599976
batch	17580	valid_loss	11006.8237915
batch	17610	valid_loss	11031.8994751
batch	17640	valid_loss	10996.5178833
batch	17670	valid_loss	10989.9022827
batch	17700	valid_loss	11016.7879639
batch	17730	valid_loss	11008.9325562
batch	17760	valid_loss	11033.4919434
batch	17790	valid_loss	11017.7376709
batch	17820	valid_loss	10990.1928711
batch	17850	valid_loss	11034.4224854
batch	17880	valid_loss	11032.0824585
batch	17910	valid_loss	11031.2532959
batch	17940	valid_loss	11005.4628906
batch	17970	valid_loss	11003.5255127
batch	18000	valid_loss	11012.2124634
batch	18030	valid_loss	11006.2081299
batch	18060	valid_loss	11059.6516113
batch	18090	valid_loss	11034.5286865
batch	18120	valid_loss	11006.6599121
batch	18150	valid_loss	11015.3080444
batch	18180	valid_loss	11044.0077515
batch	18210	valid_loss	10973.5669556
batch	18240	valid_loss	11014.3973389
batch	18270	valid_loss	10979.7230835
batch	18300	valid_loss	10978.8908081
batch	18330	valid_loss	11059.9949341
batch	18360	valid_loss	10987.6224976
batch	18390	valid_loss	11018.8232422
batch	18420	valid_loss	10985.5741577
batch	18450	valid_loss	11004.5140381
batch	18480	valid_loss	11057.7644043
batch	18510	valid_loss	11063.0385742
batch	18540	valid_loss	11025.9028931
batch	18570	valid_loss	10997.2178345
batch	18600	valid_loss	11025.6566772
batch	18630	valid_loss	10996.0128784
batch	18660	valid_loss	11028.7958374
batch	18690	valid_loss	11004.5856934
batch	18720	valid_loss	11012.2406616
batch	18750	valid_loss	10993.7459717
batch	18780	valid_loss	10987.6314087
batch	18810	valid_loss	10985.9434814
batch	18840	valid_loss	10999.6184082
batch	18870	valid_loss	10996.6419067
batch	18900	valid_loss	10993.9102783
batch	18930	valid_loss	11011.9970093
batch	18960	valid_loss	11002.3991699
batch	18990	valid_loss	10993.2820435
batch	19020	valid_loss	11007.4125366
batch	19050	valid_loss	11004.1038818
batch	19080	valid_loss	11027.8128662
batch	19110	valid_loss	11019.5793457
batch	19140	valid_loss	11011.0758057
batch	19170	valid_loss	11038.7684326
batch	19200	valid_loss	10987.7631836
batch	19230	valid_loss	10981.6113892
batch	19260	valid_loss	11002.5198975
batch	19290	valid_loss	10993.057373
batch	19320	valid_loss	11029.3370972
batch	19350	valid_loss	10987.1329346
batch	19380	valid_loss	10981.4832153
batch	19410	valid_loss	11026.9143677
batch	19440	valid_loss	11040.8277588
batch	19470	valid_loss	11010.6865234
batch	19500	valid_loss	10990.0823364
batch	19530	valid_loss	10993.939209
batch	19560	valid_loss	10992.2478027
batch	19590	valid_loss	10996.7967529
batch	19620	valid_loss	11036.6047974
batch	19650	valid_loss	11029.4137573
batch	19680	valid_loss	11005.6418457
batch	19710	valid_loss	11007.2945557
batch	19740	valid_loss	11030.192688
batch	19770	valid_loss	10962.6620483
batch	19800	valid_loss	10997.8815308
batch	19830	valid_loss	10972.8382568
batch	19860	valid_loss	10974.6911621
batch	19890	valid_loss	11020.4269409
batch	19920	valid_loss	10977.4147339
batch	19950	valid_loss	10994.1907349
batch	19980	valid_loss	10971.1793213
batch	20010	valid_loss	11018.1488647
batch	20040	valid_loss	11073.9078979
batch	20070	valid_loss	11035.9067993
batch	20100	valid_loss	11013.4268799
batch	20130	valid_loss	10988.7081909
batch	20160	valid_loss	11019.3145752
batch	20190	valid_loss	10985.7073975
batch	20220	valid_loss	11033.6411743
batch	20250	valid_loss	10992.4615479
batch	20280	valid_loss	11003.9092407
batch	20310	valid_loss	10991.9682007
batch	20340	valid_loss	10981.0710449
batch	20370	valid_loss	10992.5089111
batch	20400	valid_loss	10992.2435913
batch	20430	valid_loss	10985.2207642
batch	20460	valid_loss	10986.0604858
batch	20490	valid_loss	10999.8449707
batch	20520	valid_loss	10981.401062
batch	20550	valid_loss	10987.7230835
batch	20580	valid_loss	11014.5665894
batch	20610	valid_loss	10996.3122559
batch	20640	valid_loss	11009.59021
batch	20670	valid_loss	11049.1269531
batch	20700	valid_loss	10991.0843506
batch	20730	valid_loss	11017.1243896
batch	20760	valid_loss	10976.7977905
batch	20790	valid_loss	10973.7067871
batch	20820	valid_loss	10991.5063477
batch	20850	valid_loss	10987.8283691
batch	20880	valid_loss	11017.1735229
batch	20910	valid_loss	10982.6305542
batch	20940	valid_loss	10975.9575195
batch	20970	valid_loss	11019.59021
batch	21000	valid_loss	11015.8049316
batch	21030	valid_loss	11019.0845947
batch	21060	valid_loss	10980.0228271
batch	21090	valid_loss	10985.9272461
batch	21120	valid_loss	10987.5263062
batch	21150	valid_loss	10982.6364136
batch	21180	valid_loss	11022.1513672
batch	21210	valid_loss	11021.6246338
batch	21240	valid_loss	10987.1640015
batch	21270	valid_loss	10999.0945435
batch	21300	valid_loss	11093.3889771
batch	21330	valid_loss	10967.9888306
batch	21360	valid_loss	10984.7937622
batch	21390	valid_loss	10962.9931641
batch	21420	valid_loss	10966.5421143
batch	21450	valid_loss	11026.12323
batch	21480	valid_loss	10971.0229492
batch	21510	valid_loss	10994.1635132
batch	21540	valid_loss	10959.331604
batch	21570	valid_loss	11000.5353394
batch	21600	valid_loss	11039.7526855
batch	21630	valid_loss	11049.7364502
batch	21660	valid_loss	10999.8457642
batch	21690	valid_loss	10977.3894043
batch	21720	valid_loss	11007.6936646
batch	21750	valid_loss	10978.0499878
batch	21780	valid_loss	11015.5007324
batch	21810	valid_loss	10993.4832764
batch	21840	valid_loss	10995.9400024
batch	21870	valid_loss	10981.6374512
batch	21900	valid_loss	10971.1324463
batch	21930	valid_loss	10994.6130981
batch	21960	valid_loss	10982.6785889
batch	21990	valid_loss	10977.673645
batch	22020	valid_loss	10980.1513672
batch	22050	valid_loss	10988.2834473
batch	22080	valid_loss	10990.3480835
batch	22110	valid_loss	10978.2577515
batch	22140	valid_loss	10991.4161377
batch	22170	valid_loss	10995.2363281
batch	22200	valid_loss	11024.673645
batch	22230	valid_loss	11003.7644653
batch	22260	valid_loss	10998.102478
batch	22290	valid_loss	11013.6994629
batch	22320	valid_loss	10979.0844727
batch	22350	valid_loss	10967.4887695
batch	22380	valid_loss	10990.0667114
batch	22410	valid_loss	10980.0865479
batch	22440	valid_loss	11019.9841919
batch	22470	valid_loss	10978.8540039
batch	22500	valid_loss	10970.5274658
batch	22530	valid_loss	11013.2253418
batch	22560	valid_loss	11028.8817139
batch	22590	valid_loss	10991.234314
batch	22620	valid_loss	10975.2651367
batch	22650	valid_loss	10980.5004272
batch	22680	valid_loss	10981.4584961
batch	22710	valid_loss	10987.9199219
batch	22740	valid_loss	11019.5300293
batch	22770	valid_loss	11014.5053101
batch	22800	valid_loss	11006.9598389
batch	22830	valid_loss	10994.3916626
batch	22860	valid_loss	10982.8515015
batch	22890	valid_loss	10950.8049316
batch	22920	valid_loss	10985.0663452
batch	22950	valid_loss	10956.4530029
batch	22980	valid_loss	10959.0566406
batch	23010	valid_loss	10992.8140869
batch	23040	valid_loss	10965.7479248
batch	23070	valid_loss	11011.1940918
batch	23100	valid_loss	10952.6403198
batch	23130	valid_loss	10986.5353394
batch	23160	valid_loss	11034.9345703
batch	23190	valid_loss	11001.432312
batch	23220	valid_loss	10991.8931885
batch	23250	valid_loss	10973.0991211
batch	23280	valid_loss	11001.0200195
batch	23310	valid_loss	10970.6066895
batch	23340	valid_loss	11017.1047363
batch	23370	valid_loss	10977.9463501
batch	23400	valid_loss	10986.5759888
batch	23430	valid_loss	10971.0630493
batch	23460	valid_loss	10969.210144
batch	23490	valid_loss	10971.3986816
batch	23520	valid_loss	10976.1954956
batch	23550	valid_loss	10981.4540405
batch	23580	valid_loss	10974.182312
batch	23610	valid_loss	10988.1022339
batch	23640	valid_loss	10973.6954956
batch	23670	valid_loss	10978.5495605
batch	23700	valid_loss	11022.8468628
batch	23730	valid_loss	10980.5805054
batch	23760	valid_loss	10991.3693237
batch	23790	valid_loss	11009.0137329
batch	23820	valid_loss	10977.6865845
batch	23850	valid_loss	10999.9658813
batch	23880	valid_loss	10962.727478
batch	23910	valid_loss	10963.9988403
batch	23940	valid_loss	10976.4223022
batch	23970	valid_loss	10980.4833374
batch	24000	valid_loss	11006.7364502
batch	24030	valid_loss	10978.0872192
batch	24060	valid_loss	10967.7216797
batch	24090	valid_loss	11007.1309204
batch	24120	valid_loss	11004.6624146
batch	24150	valid_loss	11018.1174927
batch	24180	valid_loss	10971.241394
batch	24210	valid_loss	10976.8998413
batch	24240	valid_loss	10974.647583
batch	24270	valid_loss	10975.2611694
batch	24300	valid_loss	11005.8823242
batch	24330	valid_loss	11011.6735229
batch	24360	valid_loss	10983.9217529
batch	24390	valid_loss	10988.0488281
batch	24420	valid_loss	11074.1463623
batch	24450	valid_loss	10951.2583008
batch	24480	valid_loss	10972.3375244
batch	24510	valid_loss	10953.9436035
batch	24540	valid_loss	10953.838501
batch	24570	valid_loss	11025.4790039
batch	24600	valid_loss	10961.3279419
batch	24630	valid_loss	10991.5270386
batch	24660	valid_loss	10951.1185303
batch	24690	valid_loss	10973.8467407
batch	24720	valid_loss	11033.4415894
batch	24750	valid_loss	11032.1341553
batch	24780	valid_loss	10994.5751953
batch	24810	valid_loss	10970.3874512
batch	24840	valid_loss	10993.9372559
batch	24870	valid_loss	10967.6497192
batch	24900	valid_loss	11005.1989136
batch	24930	valid_loss	10981.932373
batch	24960	valid_loss	10982.9146729
batch	24990	valid_loss	10964.5036621
STOP
START
config	240	960
batch	0	valid_loss	7357897.375
batch	30	valid_loss	208111.871094
batch	60	valid_loss	105122.015625
batch	90	valid_loss	98705.6992188
batch	120	valid_loss	96710.1699219
batch	150	valid_loss	94828.2412109
batch	180	valid_loss	92817.793457
batch	210	valid_loss	90684.9018555
batch	240	valid_loss	88420.8618164
batch	270	valid_loss	86160.1611328
batch	300	valid_loss	83968.4824219
batch	330	valid_loss	81855.0078125
batch	360	valid_loss	79758.6572266
batch	390	valid_loss	77835.152832
batch	420	valid_loss	75927.1611328
batch	450	valid_loss	74098.3818359
batch	480	valid_loss	72394.8017578
batch	510	valid_loss	70628.0458984
batch	540	valid_loss	68948.1474609
batch	570	valid_loss	67258.9921875
batch	600	valid_loss	65628.6870117
batch	630	valid_loss	63996.0668945
batch	660	valid_loss	62405.1181641
batch	690	valid_loss	60846.7856445
batch	720	valid_loss	59282.1972656
batch	750	valid_loss	57789.1005859
batch	780	valid_loss	56373.7592773
batch	810	valid_loss	54948.0253906
batch	840	valid_loss	53560.125
batch	870	valid_loss	52231.4589844
batch	900	valid_loss	50992.6845703
batch	930	valid_loss	49742.0317383
batch	960	valid_loss	48530.765625
batch	990	valid_loss	47356.5991211
batch	1020	valid_loss	46268.6811523
batch	1050	valid_loss	45160.6630859
batch	1080	valid_loss	44101.4155273
batch	1110	valid_loss	43108.0043945
batch	1140	valid_loss	42137.7680664
batch	1170	valid_loss	41191.0507812
batch	1200	valid_loss	40285.9804688
batch	1230	valid_loss	39413.3681641
batch	1260	valid_loss	38559.6635742
batch	1290	valid_loss	37744.2211914
batch	1320	valid_loss	36963.2990723
batch	1350	valid_loss	36162.2253418
batch	1380	valid_loss	35415.0241699
batch	1410	valid_loss	34723.8464355
batch	1440	valid_loss	34047.5163574
batch	1470	valid_loss	33321.7893066
batch	1500	valid_loss	32681.2150879
batch	1530	valid_loss	32068.109375
batch	1560	valid_loss	31485.2724609
batch	1590	valid_loss	30888.0097656
batch	1620	valid_loss	30304.145752
batch	1650	valid_loss	29749.3259277
batch	1680	valid_loss	29247.7824707
batch	1710	valid_loss	28729.1672363
batch	1740	valid_loss	28250.6477051
batch	1770	valid_loss	27774.0283203
batch	1800	valid_loss	27317.0668945
batch	1830	valid_loss	26857.4064941
batch	1860	valid_loss	26429.3598633
batch	1890	valid_loss	26028.9230957
batch	1920	valid_loss	25593.3981934
batch	1950	valid_loss	25212.1435547
batch	1980	valid_loss	24839.8674316
batch	2010	valid_loss	24451.2312012
batch	2040	valid_loss	24114.7329102
batch	2070	valid_loss	23784.2790527
batch	2100	valid_loss	23435.2539062
batch	2130	valid_loss	23100.3143311
batch	2160	valid_loss	22828.4893799
batch	2190	valid_loss	22499.727417
batch	2220	valid_loss	22184.329834
batch	2250	valid_loss	21926.5465088
batch	2280	valid_loss	21618.6311035
batch	2310	valid_loss	21347.6090088
batch	2340	valid_loss	21105.7407227
batch	2370	valid_loss	20829.1628418
batch	2400	valid_loss	20571.918457
batch	2430	valid_loss	20336.2619629
batch	2460	valid_loss	20151.8432617
batch	2490	valid_loss	19886.7089844
batch	2520	valid_loss	19641.7209473
batch	2550	valid_loss	19420.0893555
batch	2580	valid_loss	19234.2277832
batch	2610	valid_loss	19004.4727783
batch	2640	valid_loss	18833.7731934
batch	2670	valid_loss	18605.7860107
batch	2700	valid_loss	18426.2695312
batch	2730	valid_loss	18234.5140381
batch	2760	valid_loss	18062.8657227
batch	2790	valid_loss	17858.779541
batch	2820	valid_loss	17678.4172363
batch	2850	valid_loss	17519.1860352
batch	2880	valid_loss	17388.0749512
batch	2910	valid_loss	17227.3773193
batch	2940	valid_loss	17078.8092041
batch	2970	valid_loss	16895.5234375
batch	3000	valid_loss	16759.5870361
batch	3030	valid_loss	16603.0739746
batch	3060	valid_loss	16454.3988037
batch	3090	valid_loss	16324.6520996
batch	3120	valid_loss	16206.2487793
batch	3150	valid_loss	16063.3408203
batch	3180	valid_loss	15926.6136475
batch	3210	valid_loss	15796.255249
batch	3240	valid_loss	15707.6756592
batch	3270	valid_loss	15565.4672852
batch	3300	valid_loss	15471.1086426
batch	3330	valid_loss	15368.0283203
batch	3360	valid_loss	15231.3692627
batch	3390	valid_loss	15163.5076904
batch	3420	valid_loss	15025.7750244
batch	3450	valid_loss	14905.3424072
batch	3480	valid_loss	14835.4602051
batch	3510	valid_loss	14776.8261719
batch	3540	valid_loss	14666.3572998
batch	3570	valid_loss	14576.1942139
batch	3600	valid_loss	14465.1882324
batch	3630	valid_loss	14398.7578125
batch	3660	valid_loss	14289.3691406
batch	3690	valid_loss	14211.1102295
batch	3720	valid_loss	14164.6716309
batch	3750	valid_loss	14076.6171875
batch	3780	valid_loss	13970.5150146
batch	3810	valid_loss	13966.8405762
batch	3840	valid_loss	13841.1271973
batch	3870	valid_loss	13741.4174805
batch	3900	valid_loss	13701.309082
batch	3930	valid_loss	13658.6340332
batch	3960	valid_loss	13557.8200684
batch	3990	valid_loss	13492.2613525
batch	4020	valid_loss	13459.7078857
batch	4050	valid_loss	13415.25354
batch	4080	valid_loss	13324.9575195
batch	4110	valid_loss	13273.9735107
batch	4140	valid_loss	13208.7294922
batch	4170	valid_loss	13140.8903809
batch	4200	valid_loss	13119.7388916
batch	4230	valid_loss	13064.6733398
batch	4260	valid_loss	13006.3902588
batch	4290	valid_loss	12969.4741211
batch	4320	valid_loss	12918.5734863
batch	4350	valid_loss	12858.3204346
batch	4380	valid_loss	12791.2478027
batch	4410	valid_loss	12790.8822021
batch	4440	valid_loss	12781.0767822
batch	4470	valid_loss	12691.8144531
batch	4500	valid_loss	12656.4248047
batch	4530	valid_loss	12605.7454834
batch	4560	valid_loss	12617.4609375
batch	4590	valid_loss	12539.946167
batch	4620	valid_loss	12511.1593018
batch	4650	valid_loss	12450.7005615
batch	4680	valid_loss	12461.6872559
batch	4710	valid_loss	12403.5744629
batch	4740	valid_loss	12363.9035645
batch	4770	valid_loss	12340.3243408
batch	4800	valid_loss	12308.3406982
batch	4830	valid_loss	12268.7145996
batch	4860	valid_loss	12239.2211914
batch	4890	valid_loss	12238.2839355
batch	4920	valid_loss	12178.9438477
batch	4950	valid_loss	12194.4123535
batch	4980	valid_loss	12143.3365479
batch	5010	valid_loss	12087.0130615
batch	5040	valid_loss	12104.7949219
batch	5070	valid_loss	12093.0076904
batch	5100	valid_loss	12046.3425293
batch	5130	valid_loss	12042.0622559
batch	5160	valid_loss	11983.6668701
batch	5190	valid_loss	12001.5817871
batch	5220	valid_loss	11945.6253662
batch	5250	valid_loss	11932.7520752
batch	5280	valid_loss	11940.0379639
batch	5310	valid_loss	11884.2788086
batch	5340	valid_loss	11888.3052979
batch	5370	valid_loss	11924.1164551
batch	5400	valid_loss	11878.3533936
batch	5430	valid_loss	11798.5384521
batch	5460	valid_loss	11814.0385742
batch	5490	valid_loss	11828.9986572
batch	5520	valid_loss	11764.9186401
batch	5550	valid_loss	11751.5463257
batch	5580	valid_loss	11761.4058228
batch	5610	valid_loss	11796.7451172
batch	5640	valid_loss	11728.0953979
batch	5670	valid_loss	11732.6798706
batch	5700	valid_loss	11692.7697754
batch	5730	valid_loss	11671.239624
batch	5760	valid_loss	11683.0258789
batch	5790	valid_loss	11663.4536133
batch	5820	valid_loss	11617.6630249
batch	5850	valid_loss	11616.7171631
batch	5880	valid_loss	11648.0800781
batch	5910	valid_loss	11589.630188
batch	5940	valid_loss	11573.8846436
batch	5970	valid_loss	11641.2955322
batch	6000	valid_loss	11634.5136719
batch	6030	valid_loss	11595.3588257
batch	6060	valid_loss	11561.4658203
batch	6090	valid_loss	11562.1201782
batch	6120	valid_loss	11590.3304443
batch	6150	valid_loss	11525.7136841
batch	6180	valid_loss	11541.4277954
batch	6210	valid_loss	11506.8011475
batch	6240	valid_loss	11518.6386108
batch	6270	valid_loss	11496.9905396
batch	6300	valid_loss	11506.0580444
batch	6330	valid_loss	11491.7307739
batch	6360	valid_loss	11495.760498
batch	6390	valid_loss	11488.1538696
batch	6420	valid_loss	11483.321167
batch	6450	valid_loss	11457.9647827
batch	6480	valid_loss	11433.2594604
batch	6510	valid_loss	11458.9141235
batch	6540	valid_loss	11428.4310303
batch	6570	valid_loss	11417.15448
batch	6600	valid_loss	11452.8104248
batch	6630	valid_loss	11437.7225952
batch	6660	valid_loss	11406.71875
batch	6690	valid_loss	11424.2526855
batch	6720	valid_loss	11396.1491699
batch	6750	valid_loss	11396.6887207
batch	6780	valid_loss	11388.7634277
batch	6810	valid_loss	11374.7766724
batch	6840	valid_loss	11428.9407349
batch	6870	valid_loss	11345.8483887
batch	6900	valid_loss	11366.8965454
batch	6930	valid_loss	11408.7428589
batch	6960	valid_loss	11415.8623657
batch	6990	valid_loss	11339.9089966
batch	7020	valid_loss	11338.0688477
batch	7050	valid_loss	11374.4100952
batch	7080	valid_loss	11325.5189819
batch	7110	valid_loss	11322.6027222
batch	7140	valid_loss	11363.7780151
batch	7170	valid_loss	11369.8199463
batch	7200	valid_loss	11323.2532349
batch	7230	valid_loss	11349.7445679
batch	7260	valid_loss	11318.7703247
batch	7290	valid_loss	11314.6899414
batch	7320	valid_loss	11310.192749
batch	7350	valid_loss	11309.0708008
batch	7380	valid_loss	11280.2865601
batch	7410	valid_loss	11276.9162598
batch	7440	valid_loss	11319.0094604
batch	7470	valid_loss	11280.4128418
batch	7500	valid_loss	11255.3533325
batch	7530	valid_loss	11351.4546509
batch	7560	valid_loss	11357.3019409
batch	7590	valid_loss	11289.1057129
batch	7620	valid_loss	11270.0594482
batch	7650	valid_loss	11298.1114502
batch	7680	valid_loss	11318.4060669
batch	7710	valid_loss	11260.5386963
batch	7740	valid_loss	11272.7640991
batch	7770	valid_loss	11252.2529907
batch	7800	valid_loss	11258.149231
batch	7830	valid_loss	11248.9556885
batch	7860	valid_loss	11259.8168945
batch	7890	valid_loss	11258.4805908
batch	7920	valid_loss	11268.6449585
batch	7950	valid_loss	11340.5784912
batch	7980	valid_loss	11263.8742065
batch	8010	valid_loss	11263.7435303
batch	8040	valid_loss	11224.6299438
batch	8070	valid_loss	11280.6057739
batch	8100	valid_loss	11201.0090332
batch	8130	valid_loss	11211.6124878
batch	8160	valid_loss	11248.7161865
batch	8190	valid_loss	11295.59198
batch	8220	valid_loss	11212.5169067
batch	8250	valid_loss	11232.9648438
batch	8280	valid_loss	11265.9841919
batch	8310	valid_loss	11211.3905029
batch	8340	valid_loss	11239.086792
batch	8370	valid_loss	11198.3897095
batch	8400	valid_loss	11244.6404419
batch	8430	valid_loss	11179.236145
batch	8460	valid_loss	11208.6782227
batch	8490	valid_loss	11230.5619507
batch	8520	valid_loss	11257.3071289
batch	8550	valid_loss	11188.6347046
batch	8580	valid_loss	11191.9249268
batch	8610	valid_loss	11213.3568115
batch	8640	valid_loss	11178.4023438
batch	8670	valid_loss	11181.6140747
batch	8700	valid_loss	11205.4486694
batch	8730	valid_loss	11243.5481567
batch	8760	valid_loss	11185.4342041
batch	8790	valid_loss	11212.1901245
batch	8820	valid_loss	11285.3383179
batch	8850	valid_loss	11159.3208618
batch	8880	valid_loss	11195.5362549
batch	8910	valid_loss	11176.9386597
batch	8940	valid_loss	11145.0045776
batch	8970	valid_loss	11160.7119751
batch	9000	valid_loss	11186.0752563
batch	9030	valid_loss	11167.8892212
batch	9060	valid_loss	11153.7764893
batch	9090	valid_loss	11220.2911987
batch	9120	valid_loss	11218.5543213
batch	9150	valid_loss	11188.118042
batch	9180	valid_loss	11172.4950562
batch	9210	valid_loss	11170.8638306
batch	9240	valid_loss	11219.2200928
batch	9270	valid_loss	11143.8482666
batch	9300	valid_loss	11164.6268311
batch	9330	valid_loss	11153.2453003
batch	9360	valid_loss	11190.3719482
batch	9390	valid_loss	11143.6655273
batch	9420	valid_loss	11183.6523438
batch	9450	valid_loss	11185.5435791
batch	9480	valid_loss	11164.9788818
batch	9510	valid_loss	11153.8534546
batch	9540	valid_loss	11162.4873657
batch	9570	valid_loss	11174.4276123
batch	9600	valid_loss	11130.4216309
batch	9630	valid_loss	11155.6694336
batch	9660	valid_loss	11143.1191406
batch	9690	valid_loss	11126.8004761
batch	9720	valid_loss	11159.8415527
batch	9750	valid_loss	11184.0844727
batch	9780	valid_loss	11134.0960693
batch	9810	valid_loss	11144.567749
batch	9840	valid_loss	11129.3805542
batch	9870	valid_loss	11165.0675049
batch	9900	valid_loss	11160.0592651
batch	9930	valid_loss	11114.9638062
batch	9960	valid_loss	11166.9591064
batch	9990	valid_loss	11089.7717285
batch	10020	valid_loss	11116.7426147
batch	10050	valid_loss	11188.4456787
batch	10080	valid_loss	11170.244812
batch	10110	valid_loss	11110.3979492
batch	10140	valid_loss	11126.2182617
batch	10170	valid_loss	11123.2407227
batch	10200	valid_loss	11095.8157959
batch	10230	valid_loss	11124.2948608
batch	10260	valid_loss	11133.3692627
batch	10290	valid_loss	11190.5332031
batch	10320	valid_loss	11116.5813599
batch	10350	valid_loss	11143.710083
batch	10380	valid_loss	11139.0978394
batch	10410	valid_loss	11102.4890747
batch	10440	valid_loss	11117.5296021
batch	10470	valid_loss	11105.6671143
batch	10500	valid_loss	11085.1213989
batch	10530	valid_loss	11094.3631592
batch	10560	valid_loss	11099.8009644
batch	10590	valid_loss	11095.3638306
batch	10620	valid_loss	11075.3074951
batch	10650	valid_loss	11121.5020752
batch	10680	valid_loss	11155.3101807
batch	10710	valid_loss	11121.1600342
batch	10740	valid_loss	11112.7114868
batch	10770	valid_loss	11096.1677246
batch	10800	valid_loss	11137.7384644
batch	10830	valid_loss	11080.184082
batch	10860	valid_loss	11113.210022
batch	10890	valid_loss	11097.218689
batch	10920	valid_loss	11118.1722412
batch	10950	valid_loss	11086.6706543
batch	10980	valid_loss	11099.8568115
batch	11010	valid_loss	11094.7249146
batch	11040	valid_loss	11102.9984131
batch	11070	valid_loss	11122.0113525
batch	11100	valid_loss	11090.8060913
batch	11130	valid_loss	11141.8249512
batch	11160	valid_loss	11077.1721802
batch	11190	valid_loss	11107.3938599
batch	11220	valid_loss	11080.9875488
batch	11250	valid_loss	11073.3818359
batch	11280	valid_loss	11108.1595459
batch	11310	valid_loss	11156.2104492
batch	11340	valid_loss	11086.9519043
batch	11370	valid_loss	11094.5628662
batch	11400	valid_loss	11093.9975586
batch	11430	valid_loss	11099.3236084
batch	11460	valid_loss	11124.5814209
batch	11490	valid_loss	11067.7070923
batch	11520	valid_loss	11110.557373
batch	11550	valid_loss	11140.6137695
batch	11580	valid_loss	11074.0096436
batch	11610	valid_loss	11114.5891724
batch	11640	valid_loss	11114.4024658
batch	11670	valid_loss	11065.1271973
batch	11700	valid_loss	11069.5060425
batch	11730	valid_loss	11077.9797363
batch	11760	valid_loss	11060.0184326
batch	11790	valid_loss	11076.3009644
batch	11820	valid_loss	11085.5080566
batch	11850	valid_loss	11190.2305908
batch	11880	valid_loss	11077.1654663
batch	11910	valid_loss	11107.5525513
batch	11940	valid_loss	11075.8795776
batch	11970	valid_loss	11048.1035156
batch	12000	valid_loss	11089.5438232
batch	12030	valid_loss	11069.0682373
batch	12060	valid_loss	11055.9299316
batch	12090	valid_loss	11075.3087769
batch	12120	valid_loss	11051.5410156
batch	12150	valid_loss	11076.6747437
batch	12180	valid_loss	11039.4766846
batch	12210	valid_loss	11073.6121216
batch	12240	valid_loss	11112.8280029
batch	12270	valid_loss	11122.4922485
batch	12300	valid_loss	11080.2943726
batch	12330	valid_loss	11061.1972046
batch	12360	valid_loss	11130.1673584
batch	12390	valid_loss	11054.2237549
batch	12420	valid_loss	11067.0767212
batch	12450	valid_loss	11064.8297119
batch	12480	valid_loss	11093.3109131
batch	12510	valid_loss	11054.4602661
batch	12540	valid_loss	11081.8886719
batch	12570	valid_loss	11093.8435669
batch	12600	valid_loss	11065.3834229
batch	12630	valid_loss	11055.772522
batch	12660	valid_loss	11068.9318237
batch	12690	valid_loss	11090.0064697
batch	12720	valid_loss	11040.6859131
batch	12750	valid_loss	11063.9813232
batch	12780	valid_loss	11061.274353
batch	12810	valid_loss	11051.4859619
batch	12840	valid_loss	11084.6104126
batch	12870	valid_loss	11101.4387817
batch	12900	valid_loss	11056.5042725
batch	12930	valid_loss	11062.4109497
batch	12960	valid_loss	11042.151062
batch	12990	valid_loss	11089.319397
batch	13020	valid_loss	11073.4697266
batch	13050	valid_loss	11039.0709229
batch	13080	valid_loss	11097.0427856
batch	13110	valid_loss	11046.2776489
batch	13140	valid_loss	11039.406311
batch	13170	valid_loss	11086.0073853
batch	13200	valid_loss	11120.0491333
batch	13230	valid_loss	11043.0212402
batch	13260	valid_loss	11040.8140259
batch	13290	valid_loss	11039.9515991
batch	13320	valid_loss	11038.2868652
batch	13350	valid_loss	11043.8139648
batch	13380	valid_loss	11067.2587891
batch	13410	valid_loss	11144.5379028
batch	13440	valid_loss	11049.3531494
batch	13470	valid_loss	11073.1719971
batch	13500	valid_loss	11088.760376
batch	13530	valid_loss	11020.7113037
batch	13560	valid_loss	11061.2241821
batch	13590	valid_loss	11032.8826294
batch	13620	valid_loss	11013.6143799
batch	13650	valid_loss	11028.4940796
batch	13680	valid_loss	11029.8331299
batch	13710	valid_loss	11027.2353516
batch	13740	valid_loss	11022.5646973
batch	13770	valid_loss	11042.4707642
batch	13800	valid_loss	11090.3793335
batch	13830	valid_loss	11061.4367676
batch	13860	valid_loss	11051.2096558
batch	13890	valid_loss	11038.8364258
batch	13920	valid_loss	11075.1583862
batch	13950	valid_loss	11023.5730591
batch	13980	valid_loss	11055.8504639
batch	14010	valid_loss	11046.2238159
batch	14040	valid_loss	11046.6370239
batch	14070	valid_loss	11032.4278564
batch	14100	valid_loss	11037.6246338
batch	14130	valid_loss	11026.7225952
batch	14160	valid_loss	11042.0977783
batch	14190	valid_loss	11048.0465088
batch	14220	valid_loss	11039.2970581
batch	14250	valid_loss	11103.1864624
batch	14280	valid_loss	11022.8239136
batch	14310	valid_loss	11038.5646973
batch	14340	valid_loss	11022.7533569
batch	14370	valid_loss	11019.6980591
batch	14400	valid_loss	11050.34729
batch	14430	valid_loss	11120.7631226
batch	14460	valid_loss	11033.4251709
batch	14490	valid_loss	11035.5803223
batch	14520	valid_loss	11030.8707275
batch	14550	valid_loss	11051.9833984
batch	14580	valid_loss	11063.0164795
batch	14610	valid_loss	11020.1389771
batch	14640	valid_loss	11065.0784302
batch	14670	valid_loss	11053.9561157
batch	14700	valid_loss	11029.4291382
batch	14730	valid_loss	11061.9682007
batch	14760	valid_loss	11076.7203979
batch	14790	valid_loss	11021.3745117
batch	14820	valid_loss	11020.8161011
batch	14850	valid_loss	11018.8262939
batch	14880	valid_loss	11021.2265015
batch	14910	valid_loss	11050.6712646
batch	14940	valid_loss	11043.6992188
batch	14970	valid_loss	11118.1712646
batch	15000	valid_loss	11029.3381958
batch	15030	valid_loss	11073.0865479
batch	15060	valid_loss	11034.3490601
batch	15090	valid_loss	11011.1680298
batch	15120	valid_loss	11039.2145996
batch	15150	valid_loss	11022.1630249
batch	15180	valid_loss	11028.1392822
batch	15210	valid_loss	11017.8881836
batch	15240	valid_loss	11008.09729
batch	15270	valid_loss	11011.6709595
batch	15300	valid_loss	11009.9089966
batch	15330	valid_loss	11047.7080688
batch	15360	valid_loss	11071.7868652
batch	15390	valid_loss	11040.8099976
batch	15420	valid_loss	11035.2224731
batch	15450	valid_loss	11017.4654541
batch	15480	valid_loss	11120.3235474
batch	15510	valid_loss	11010.2529907
batch	15540	valid_loss	11027.8001099
batch	15570	valid_loss	11026.317627
batch	15600	valid_loss	11072.9232788
batch	15630	valid_loss	11014.4689941
batch	15660	valid_loss	11058.9054565
batch	15690	valid_loss	11044.5280762
batch	15720	valid_loss	11022.3778076
batch	15750	valid_loss	11021.6959839
batch	15780	valid_loss	11025.6326294
batch	15810	valid_loss	11026.3938599
batch	15840	valid_loss	11010.7998047
batch	15870	valid_loss	11031.9940186
batch	15900	valid_loss	11036.6858521
batch	15930	valid_loss	11020.6887207
batch	15960	valid_loss	11041.4696045
batch	15990	valid_loss	11036.9498901
batch	16020	valid_loss	11022.5113525
batch	16050	valid_loss	11021.7327271
batch	16080	valid_loss	11002.3530273
batch	16110	valid_loss	11057.5564575
batch	16140	valid_loss	11052.4987793
batch	16170	valid_loss	11006.8007812
batch	16200	valid_loss	11049.8803711
batch	16230	valid_loss	10985.2717896
batch	16260	valid_loss	11011.555603
batch	16290	valid_loss	11071.758667
batch	16320	valid_loss	11052.4501953
batch	16350	valid_loss	11002.0645752
batch	16380	valid_loss	11005.5684814
batch	16410	valid_loss	11000.1309814
batch	16440	valid_loss	11015.4423828
batch	16470	valid_loss	11018.7349243
batch	16500	valid_loss	11030.2516479
batch	16530	valid_loss	11149.166687
batch	16560	valid_loss	11021.8128052
batch	16590	valid_loss	11030.2483521
batch	16620	valid_loss	11012.9556274
batch	16650	valid_loss	10989.7532959
batch	16680	valid_loss	11019.8341064
batch	16710	valid_loss	10997.3744507
batch	16740	valid_loss	11004.9495239
batch	16770	valid_loss	11000.336792
batch	16800	valid_loss	10989.8918457
batch	16830	valid_loss	11006.2391357
batch	16860	valid_loss	10988.382019
batch	16890	valid_loss	11004.6469116
batch	16920	valid_loss	11059.5848999
batch	16950	valid_loss	11037.4871826
batch	16980	valid_loss	11024.0150146
batch	17010	valid_loss	11012.7032471
batch	17040	valid_loss	11036.7120361
batch	17070	valid_loss	11008.3166504
batch	17100	valid_loss	11027.7659912
batch	17130	valid_loss	11025.4135132
batch	17160	valid_loss	11058.3222046
STOP
