START
config	420	220	420	1140
batch	0	valid_loss	8290720.5625
batch	30	valid_loss	160953.0625
batch	60	valid_loss	98626.2070312
batch	90	valid_loss	95936.4052734
batch	120	valid_loss	95757.5625
batch	150	valid_loss	95649.3564453
batch	180	valid_loss	95619.4677734
batch	210	valid_loss	95464.1005859
batch	240	valid_loss	95319.4511719
batch	270	valid_loss	95097.6298828
batch	300	valid_loss	94714.1591797
batch	330	valid_loss	94074.9228516
batch	360	valid_loss	92865.3632812
batch	390	valid_loss	91113.440918
batch	420	valid_loss	89338.7895508
batch	450	valid_loss	88104.7719727
batch	480	valid_loss	87290.1279297
batch	510	valid_loss	86722.9604492
batch	540	valid_loss	86243.1376953
batch	570	valid_loss	85832.2626953
batch	600	valid_loss	85412.7158203
batch	630	valid_loss	84943.9350586
batch	660	valid_loss	84321.4477539
batch	690	valid_loss	83697.484375
batch	720	valid_loss	82921.2539062
batch	750	valid_loss	82192.5942383
batch	780	valid_loss	81262.3759766
batch	810	valid_loss	80334.1586914
batch	840	valid_loss	79365.2636719
batch	870	valid_loss	78429.9326172
batch	900	valid_loss	77276.7900391
batch	930	valid_loss	76238.6269531
batch	960	valid_loss	75101.2431641
batch	990	valid_loss	73875.2695312
batch	1020	valid_loss	72783.4125977
batch	1050	valid_loss	71621.3256836
batch	1080	valid_loss	70530.3647461
batch	1110	valid_loss	69316.5463867
batch	1140	valid_loss	68198.1816406
batch	1170	valid_loss	67144.9511719
batch	1200	valid_loss	66100.9091797
batch	1230	valid_loss	64944.9604492
batch	1260	valid_loss	63889.2011719
batch	1290	valid_loss	62800.3964844
batch	1320	valid_loss	61826.2231445
batch	1350	valid_loss	60781.769043
batch	1380	valid_loss	59740.5625
batch	1410	valid_loss	58756.2148438
batch	1440	valid_loss	57708.6376953
batch	1470	valid_loss	56782.3520508
batch	1500	valid_loss	55833.855957
batch	1530	valid_loss	54931.3569336
batch	1560	valid_loss	53994.8481445
batch	1590	valid_loss	53096.9404297
batch	1620	valid_loss	52318.21875
batch	1650	valid_loss	51408.0761719
batch	1680	valid_loss	50693.0126953
batch	1710	valid_loss	49852.0722656
batch	1740	valid_loss	49144.2080078
batch	1770	valid_loss	48264.5566406
batch	1800	valid_loss	47612.1762695
batch	1830	valid_loss	46884.4353027
batch	1860	valid_loss	46152.3713379
batch	1890	valid_loss	45517.0769043
batch	1920	valid_loss	44821.7412109
batch	1950	valid_loss	44196.8061523
batch	1980	valid_loss	43612.925293
batch	2010	valid_loss	42975.6164551
batch	2040	valid_loss	42280.9006348
batch	2070	valid_loss	41823.1391602
batch	2100	valid_loss	41240.4304199
batch	2130	valid_loss	40750.4973145
batch	2160	valid_loss	40196.4980469
batch	2190	valid_loss	39608.5202637
batch	2220	valid_loss	39212.439209
batch	2250	valid_loss	38752.2524414
batch	2280	valid_loss	38184.4316406
batch	2310	valid_loss	37790.5720215
batch	2340	valid_loss	37376.4289551
batch	2370	valid_loss	36986.7097168
batch	2400	valid_loss	36494.2016602
batch	2430	valid_loss	36143.060791
batch	2460	valid_loss	35745.6296387
batch	2490	valid_loss	35360.6303711
batch	2520	valid_loss	34923.6420898
batch	2550	valid_loss	34705.2641602
batch	2580	valid_loss	34296.6335449
batch	2610	valid_loss	33926.4304199
batch	2640	valid_loss	33634.5983887
batch	2670	valid_loss	33254.4501953
batch	2700	valid_loss	32921.6259766
batch	2730	valid_loss	32585.6157227
batch	2760	valid_loss	32308.8259277
batch	2790	valid_loss	32048.1608887
batch	2820	valid_loss	31708.8017578
batch	2850	valid_loss	31579.2365723
batch	2880	valid_loss	31297.0134277
batch	2910	valid_loss	30932.1384277
batch	2940	valid_loss	30790.8789062
batch	2970	valid_loss	30489.0996094
batch	3000	valid_loss	30176.0063477
batch	3030	valid_loss	29963.7175293
batch	3060	valid_loss	29646.3444824
batch	3090	valid_loss	29446.7072754
batch	3120	valid_loss	29239.3896484
batch	3150	valid_loss	29115.8813477
batch	3180	valid_loss	28772.2260742
batch	3210	valid_loss	28541.3122559
batch	3240	valid_loss	28328.9104004
batch	3270	valid_loss	28549.9262695
batch	3300	valid_loss	27936.6813965
batch	3330	valid_loss	27699.8232422
batch	3360	valid_loss	27557.244873
batch	3390	valid_loss	27349.7661133
batch	3420	valid_loss	27380.8984375
batch	3450	valid_loss	26946.3239746
batch	3480	valid_loss	26806.859375
batch	3510	valid_loss	26591.442627
batch	3540	valid_loss	26437.1132812
batch	3570	valid_loss	26353.3339844
batch	3600	valid_loss	26193.7285156
batch	3630	valid_loss	25941.7512207
batch	3660	valid_loss	26158.2573242
batch	3690	valid_loss	25634.0114746
batch	3720	valid_loss	25541.0407715
batch	3750	valid_loss	25382.2209473
batch	3780	valid_loss	25266.7636719
batch	3810	valid_loss	25034.4685059
batch	3840	valid_loss	24958.5388184
batch	3870	valid_loss	24695.0075684
batch	3900	valid_loss	24665.4743652
batch	3930	valid_loss	24459.9851074
batch	3960	valid_loss	24497.760498
batch	3990	valid_loss	24156.3500977
batch	4020	valid_loss	23950.092041
batch	4050	valid_loss	23949.802002
batch	4080	valid_loss	24013.8156738
batch	4110	valid_loss	23672.9597168
batch	4140	valid_loss	23496.9057617
batch	4170	valid_loss	23385.4122314
batch	4200	valid_loss	23948.145752
batch	4230	valid_loss	23162.9073486
batch	4260	valid_loss	22946.880249
batch	4290	valid_loss	22815.2333984
batch	4320	valid_loss	23657.3686523
batch	4350	valid_loss	22811.0531006
batch	4380	valid_loss	22511.0777588
batch	4410	valid_loss	22410.8415527
batch	4440	valid_loss	22319.9984131
batch	4470	valid_loss	22268.3865967
batch	4500	valid_loss	22156.4547119
batch	4530	valid_loss	22032.6107178
batch	4560	valid_loss	22589.4511719
batch	4590	valid_loss	21943.4090576
batch	4620	valid_loss	21715.8397217
batch	4650	valid_loss	21844.9194336
batch	4680	valid_loss	21542.6672363
batch	4710	valid_loss	21653.2966309
batch	4740	valid_loss	21754.9422607
batch	4770	valid_loss	21214.6982422
batch	4800	valid_loss	21189.9849854
batch	4830	valid_loss	21143.293457
batch	4860	valid_loss	21009.4429932
batch	4890	valid_loss	20814.4985352
batch	4920	valid_loss	20796.1346436
batch	4950	valid_loss	20874.5909424
batch	4980	valid_loss	20734.5401611
batch	5010	valid_loss	20496.986084
batch	5040	valid_loss	21017.6721191
batch	5070	valid_loss	20453.9847412
batch	5100	valid_loss	20251.9202881
batch	5130	valid_loss	20288.3394775
batch	5160	valid_loss	20171.758667
batch	5190	valid_loss	20073.1954346
batch	5220	valid_loss	20040.9605713
batch	5250	valid_loss	20162.6046143
batch	5280	valid_loss	19857.526001
batch	5310	valid_loss	20765.0533447
batch	5340	valid_loss	19671.2449951
batch	5370	valid_loss	20011.0662842
batch	5400	valid_loss	19498.567749
batch	5430	valid_loss	19416.5933838
batch	5460	valid_loss	19709.1363525
batch	5490	valid_loss	19371.6072998
batch	5520	valid_loss	19264.4302979
batch	5550	valid_loss	19285.9291992
batch	5580	valid_loss	19362.5330811
batch	5610	valid_loss	19117.2874756
batch	5640	valid_loss	19353.8337402
batch	5670	valid_loss	18981.4399414
batch	5700	valid_loss	18927.112915
batch	5730	valid_loss	19105.3543701
batch	5760	valid_loss	18913.8289795
batch	5790	valid_loss	18939.5898438
batch	5820	valid_loss	18601.7972412
batch	5850	valid_loss	18620.814209
batch	5880	valid_loss	18806.5578613
batch	5910	valid_loss	18532.4082031
batch	5940	valid_loss	18388.8657227
batch	5970	valid_loss	19133.2249756
batch	6000	valid_loss	18328.7166748
batch	6030	valid_loss	18261.2600098
batch	6060	valid_loss	18790.4501953
batch	6090	valid_loss	18191.9538574
batch	6120	valid_loss	18151.5133057
batch	6150	valid_loss	18185.4992676
batch	6180	valid_loss	18068.2540283
batch	6210	valid_loss	18285.3913574
batch	6240	valid_loss	18003.2824707
batch	6270	valid_loss	17904.7159424
batch	6300	valid_loss	17921.1535645
batch	6330	valid_loss	18147.2845459
batch	6360	valid_loss	17757.430542
batch	6390	valid_loss	17692.6563721
batch	6420	valid_loss	17668.6330566
batch	6450	valid_loss	17638.0706787
batch	6480	valid_loss	17605.423584
batch	6510	valid_loss	17581.5136719
batch	6540	valid_loss	17494.376709
batch	6570	valid_loss	17398.1411133
batch	6600	valid_loss	17398.973877
batch	6630	valid_loss	17422.770752
batch	6660	valid_loss	17291.5344238
batch	6690	valid_loss	17262.0135498
batch	6720	valid_loss	18122.6185303
batch	6750	valid_loss	17194.3428955
batch	6780	valid_loss	17192.0311279
batch	6810	valid_loss	17158.1115723
batch	6840	valid_loss	17202.9345703
batch	6870	valid_loss	17201.6014404
batch	6900	valid_loss	17088.1646729
batch	6930	valid_loss	16963.5404053
batch	6960	valid_loss	16963.8477783
batch	6990	valid_loss	16949.4511719
batch	7020	valid_loss	16912.6542969
batch	7050	valid_loss	18487.842041
batch	7080	valid_loss	16830.6693115
batch	7110	valid_loss	16832.0045166
batch	7140	valid_loss	16712.777832
batch	7170	valid_loss	17431.4368896
batch	7200	valid_loss	16739.0288086
batch	7230	valid_loss	16624.4779053
batch	7260	valid_loss	16596.4628906
batch	7290	valid_loss	17042.717041
batch	7320	valid_loss	16618.4556885
batch	7350	valid_loss	16769.3497314
batch	7380	valid_loss	16579.9321289
batch	7410	valid_loss	16449.314209
batch	7440	valid_loss	16614.9603271
batch	7470	valid_loss	16551.8016357
batch	7500	valid_loss	16331.8001709
batch	7530	valid_loss	16959.1270752
batch	7560	valid_loss	16286.1679688
batch	7590	valid_loss	16313.6140137
batch	7620	valid_loss	16317.6722412
batch	7650	valid_loss	16356.1467285
batch	7680	valid_loss	16424.8369141
batch	7710	valid_loss	16401.9637451
batch	7740	valid_loss	16143.6378174
batch	7770	valid_loss	16655.5189209
batch	7800	valid_loss	16127.3864746
batch	7830	valid_loss	16197.3059082
batch	7860	valid_loss	16071.6884766
batch	7890	valid_loss	15937.6317139
batch	7920	valid_loss	16000.2041016
batch	7950	valid_loss	16764.30896
batch	7980	valid_loss	16028.0487061
batch	8010	valid_loss	15879.8256836
batch	8040	valid_loss	15927.4332275
batch	8070	valid_loss	16421.4681396
batch	8100	valid_loss	15818.4099121
batch	8130	valid_loss	15747.713623
batch	8160	valid_loss	16020.0415039
batch	8190	valid_loss	15709.2052002
batch	8220	valid_loss	17187.1610107
batch	8250	valid_loss	15817.9007568
batch	8280	valid_loss	15708.965332
batch	8310	valid_loss	15639.9741211
batch	8340	valid_loss	15780.7034912
batch	8370	valid_loss	15596.8961182
batch	8400	valid_loss	15673.0981445
batch	8430	valid_loss	16006.1986084
batch	8460	valid_loss	15537.5500488
batch	8490	valid_loss	15514.2287598
batch	8520	valid_loss	15559.7156982
batch	8550	valid_loss	15468.0098877
batch	8580	valid_loss	15442.9744873
batch	8610	valid_loss	15743.4775391
batch	8640	valid_loss	15509.2935791
batch	8670	valid_loss	15461.6242676
batch	8700	valid_loss	15317.5418701
batch	8730	valid_loss	15406.9060059
batch	8760	valid_loss	15341.7180176
batch	8790	valid_loss	16717.5681152
batch	8820	valid_loss	15335.6888428
batch	8850	valid_loss	15300.5478516
batch	8880	valid_loss	15232.6939697
batch	8910	valid_loss	15283.4578857
batch	8940	valid_loss	15400.276123
batch	8970	valid_loss	15361.6258545
batch	9000	valid_loss	15159.0727539
batch	9030	valid_loss	15158.1231689
batch	9060	valid_loss	15182.4857178
batch	9090	valid_loss	15189.9855957
batch	9120	valid_loss	15106.4383545
batch	9150	valid_loss	15082.1658936
batch	9180	valid_loss	15127.9743652
batch	9210	valid_loss	15879.8619385
batch	9240	valid_loss	15039.7502441
batch	9270	valid_loss	14932.6669922
batch	9300	valid_loss	16281.449585
batch	9330	valid_loss	14995.9744873
batch	9360	valid_loss	15006.4716797
batch	9390	valid_loss	15126.758667
batch	9420	valid_loss	15021.9909668
batch	9450	valid_loss	14881.371582
batch	9480	valid_loss	15023.6809082
batch	9510	valid_loss	15208.0194092
batch	9540	valid_loss	14945.6378174
batch	9570	valid_loss	14834.2097168
batch	9600	valid_loss	14929.5328369
batch	9630	valid_loss	15424.041748
batch	9660	valid_loss	14901.4645996
batch	9690	valid_loss	14816.1623535
batch	9720	valid_loss	14806.1391602
batch	9750	valid_loss	14820.1723633
batch	9780	valid_loss	14781.1156006
batch	9810	valid_loss	14951.6304932
batch	9840	valid_loss	14779.9310303
batch	9870	valid_loss	14691.6920166
batch	9900	valid_loss	14888.9614258
batch	9930	valid_loss	14712.1834717
batch	9960	valid_loss	14894.6203613
batch	9990	valid_loss	14717.5288086
batch	10020	valid_loss	15000.0360107
batch	10050	valid_loss	14661.2347412
batch	10080	valid_loss	14587.6203613
batch	10110	valid_loss	15728.2004395
batch	10140	valid_loss	14565.4953613
batch	10170	valid_loss	14614.1940918
batch	10200	valid_loss	15147.328125
batch	10230	valid_loss	14678.2359619
batch	10260	valid_loss	14598.0019531
batch	10290	valid_loss	14582.0056152
batch	10320	valid_loss	14817.4616699
batch	10350	valid_loss	14567.9929199
batch	10380	valid_loss	14599.8181152
batch	10410	valid_loss	14895.824585
batch	10440	valid_loss	14528.7233887
batch	10470	valid_loss	14589.1650391
batch	10500	valid_loss	14725.47229
batch	10530	valid_loss	14496.2261963
batch	10560	valid_loss	14447.4639893
batch	10590	valid_loss	15645.2617188
batch	10620	valid_loss	14414.4411621
batch	10650	valid_loss	14440.5194092
batch	10680	valid_loss	14530.8740234
batch	10710	valid_loss	14651.5461426
batch	10740	valid_loss	14581.8045654
batch	10770	valid_loss	14516.6688232
batch	10800	valid_loss	14346.0683594
batch	10830	valid_loss	14294.6052246
batch	10860	valid_loss	14423.7587891
batch	10890	valid_loss	14460.9038086
batch	10920	valid_loss	14534.9512939
batch	10950	valid_loss	14409.8343506
batch	10980	valid_loss	14316.3892822
batch	11010	valid_loss	14291.4962158
batch	11040	valid_loss	14555.2172852
batch	11070	valid_loss	14400.3309326
batch	11100	valid_loss	14323.4406738
batch	11130	valid_loss	15286.2454834
batch	11160	valid_loss	14389.5192871
batch	11190	valid_loss	14347.0361328
batch	11220	valid_loss	14399.2310791
batch	11250	valid_loss	14302.6767578
batch	11280	valid_loss	14995.3206787
batch	11310	valid_loss	14226.1820068
batch	11340	valid_loss	14264.3549805
batch	11370	valid_loss	14274.4473877
batch	11400	valid_loss	14645.737793
batch	11430	valid_loss	14280.8438721
batch	11460	valid_loss	14251.1669922
batch	11490	valid_loss	14513.885376
batch	11520	valid_loss	14393.6850586
batch	11550	valid_loss	14282.7789307
batch	11580	valid_loss	15066.6551514
batch	11610	valid_loss	14247.4735107
batch	11640	valid_loss	14139.7811279
batch	11670	valid_loss	14264.7583008
batch	11700	valid_loss	14198.9069824
batch	11730	valid_loss	14137.4289551
batch	11760	valid_loss	16429.9593506
batch	11790	valid_loss	14313.3579102
batch	11820	valid_loss	14150.670166
batch	11850	valid_loss	14176.4418945
batch	11880	valid_loss	14171.432373
batch	11910	valid_loss	14190.5006104
batch	11940	valid_loss	14518.331665
batch	11970	valid_loss	14160.1208496
batch	12000	valid_loss	14128.1411133
batch	12030	valid_loss	14156.1038818
batch	12060	valid_loss	14044.7255859
batch	12090	valid_loss	14306.8182373
batch	12120	valid_loss	14078.7910156
batch	12150	valid_loss	14097.5561523
batch	12180	valid_loss	14138.5906982
batch	12210	valid_loss	14262.3500977
batch	12240	valid_loss	14100.5778809
batch	12270	valid_loss	14108.5218506
batch	12300	valid_loss	16705.6934814
batch	12330	valid_loss	14075.7247314
batch	12360	valid_loss	14006.8250732
batch	12390	valid_loss	13977.90979
batch	12420	valid_loss	14049.0338135
batch	12450	valid_loss	14594.7680664
batch	12480	valid_loss	14054.616333
batch	12510	valid_loss	14068.0860596
batch	12540	valid_loss	14120.4273682
batch	12570	valid_loss	14002.5308838
batch	12600	valid_loss	15440.9195557
batch	12630	valid_loss	13982.5113525
batch	12660	valid_loss	14014.4907227
batch	12690	valid_loss	14345.6019287
batch	12720	valid_loss	14083.5579834
batch	12750	valid_loss	14054.4742432
batch	12780	valid_loss	14069.2420654
batch	12810	valid_loss	14026.5140381
batch	12840	valid_loss	14017.6168213
batch	12870	valid_loss	14063.5736084
batch	12900	valid_loss	13997.4810791
batch	12930	valid_loss	14463.8607178
batch	12960	valid_loss	14015.6192627
batch	12990	valid_loss	14073.8006592
batch	13020	valid_loss	13947.3776855
batch	13050	valid_loss	14037.1791992
batch	13080	valid_loss	14692.1253662
batch	13110	valid_loss	14086.2147217
batch	13140	valid_loss	14030.6774902
batch	13170	valid_loss	14077.567627
batch	13200	valid_loss	13985.3823242
batch	13230	valid_loss	14068.3613281
batch	13260	valid_loss	13916.6395264
batch	13290	valid_loss	13968.541748
batch	13320	valid_loss	14072.3111572
batch	13350	valid_loss	14008.7427979
batch	13380	valid_loss	13901.0108643
batch	13410	valid_loss	13939.2281494
batch	13440	valid_loss	14051.47229
batch	13470	valid_loss	13988.2990723
batch	13500	valid_loss	13918.8431396
batch	13530	valid_loss	14103.2568359
batch	13560	valid_loss	14036.9268799
batch	13590	valid_loss	13991.4620361
batch	13620	valid_loss	13882.1922607
batch	13650	valid_loss	13982.638916
batch	13680	valid_loss	13905.447998
batch	13710	valid_loss	14789.8123779
batch	13740	valid_loss	13920.4942627
batch	13770	valid_loss	13869.3625488
batch	13800	valid_loss	14007.3742676
batch	13830	valid_loss	14505.7263184
batch	13860	valid_loss	14029.229248
batch	13890	valid_loss	13869.3366699
batch	13920	valid_loss	14104.6401367
batch	13950	valid_loss	13805.5930176
batch	13980	valid_loss	13990.8183594
batch	14010	valid_loss	14003.7736816
batch	14040	valid_loss	14112.4543457
batch	14070	valid_loss	14031.652832
batch	14100	valid_loss	14166.6459961
batch	14130	valid_loss	13911.8553467
batch	14160	valid_loss	13887.7380371
batch	14190	valid_loss	13981.3673096
batch	14220	valid_loss	13844.7906494
batch	14250	valid_loss	13873.2536621
batch	14280	valid_loss	14016.2335205
batch	14310	valid_loss	13871.1395264
batch	14340	valid_loss	14033.2578125
batch	14370	valid_loss	13977.8492432
batch	14400	valid_loss	13854.2363281
batch	14430	valid_loss	13764.2375488
batch	14460	valid_loss	13874.6143799
batch	14490	valid_loss	13958.8171387
batch	14520	valid_loss	13818.2625732
batch	14550	valid_loss	13835.432251
batch	14580	valid_loss	13834.6955566
batch	14610	valid_loss	13988.3787842
batch	14640	valid_loss	14169.9035645
batch	14670	valid_loss	13824.7359619
batch	14700	valid_loss	13809.6386719
batch	14730	valid_loss	13906.6984863
batch	14760	valid_loss	13766.4732666
batch	14790	valid_loss	13773.6604004
batch	14820	valid_loss	13950.6298828
batch	14850	valid_loss	13872.5891113
batch	14880	valid_loss	14047.8037109
batch	14910	valid_loss	13877.5250244
batch	14940	valid_loss	13760.0655518
batch	14970	valid_loss	13917.4265137
batch	15000	valid_loss	13880.9763184
batch	15030	valid_loss	13864.6730957
batch	15060	valid_loss	13923.9609375
batch	15090	valid_loss	13823.9437256
batch	15120	valid_loss	13828.1583252
batch	15150	valid_loss	14757.0904541
batch	15180	valid_loss	13814.0310059
batch	15210	valid_loss	13769.3164062
batch	15240	valid_loss	13981.0118408
batch	15270	valid_loss	13767.8842773
batch	15300	valid_loss	13763.9260254
batch	15330	valid_loss	13795.1114502
batch	15360	valid_loss	13789.9694824
batch	15390	valid_loss	14008.4533691
batch	15420	valid_loss	13964.5288086
batch	15450	valid_loss	13741.0400391
batch	15480	valid_loss	13722.3395996
batch	15510	valid_loss	13682.675293
batch	15540	valid_loss	13774.1345215
batch	15570	valid_loss	14818.300415
batch	15600	valid_loss	13770.0040283
batch	15630	valid_loss	13807.7502441
batch	15660	valid_loss	13787.4185791
batch	15690	valid_loss	13732.006958
batch	15720	valid_loss	13872.2091064
batch	15750	valid_loss	13696.5102539
batch	15780	valid_loss	13738.8031006
batch	15810	valid_loss	14621.8809814
batch	15840	valid_loss	13810.189209
batch	15870	valid_loss	13779.8000488
batch	15900	valid_loss	14221.3435059
batch	15930	valid_loss	13788.4676514
batch	15960	valid_loss	13952.9503174
batch	15990	valid_loss	13685.0637207
batch	16020	valid_loss	15547.291626
batch	16050	valid_loss	13748.310791
batch	16080	valid_loss	13748.3442383
batch	16110	valid_loss	13737.7736816
batch	16140	valid_loss	13933.4924316
batch	16170	valid_loss	13740.137085
batch	16200	valid_loss	13846.6220703
batch	16230	valid_loss	13700.4272461
batch	16260	valid_loss	13770.7218018
batch	16290	valid_loss	13863.1968994
batch	16320	valid_loss	13666.0690918
batch	16350	valid_loss	13679.7265625
batch	16380	valid_loss	13654.2642822
batch	16410	valid_loss	13671.454834
batch	16440	valid_loss	14744.7279053
batch	16470	valid_loss	13769.887085
batch	16500	valid_loss	13681.0108643
batch	16530	valid_loss	13746.3455811
batch	16560	valid_loss	13902.3590088
batch	16590	valid_loss	13748.4232178
batch	16620	valid_loss	13676.6306152
batch	16650	valid_loss	13899.0296631
batch	16680	valid_loss	13741.5795898
batch	16710	valid_loss	13729.2758789
batch	16740	valid_loss	13822.1616211
batch	16770	valid_loss	13697.737793
batch	16800	valid_loss	13708.1761475
batch	16830	valid_loss	14578.0201416
batch	16860	valid_loss	13666.588501
batch	16890	valid_loss	13714.7990723
batch	16920	valid_loss	13707.6843262
batch	16950	valid_loss	14203.1904297
batch	16980	valid_loss	13751.0610352
batch	17010	valid_loss	13696.3417969
batch	17040	valid_loss	14539.5438232
batch	17070	valid_loss	13625.1710205
batch	17100	valid_loss	13698.4301758
batch	17130	valid_loss	14169.5975342
batch	17160	valid_loss	13656.3890381
batch	17190	valid_loss	13724.3554688
batch	17220	valid_loss	13678.3682861
batch	17250	valid_loss	13662.2598877
batch	17280	valid_loss	13954.7089844
batch	17310	valid_loss	13634.6900635
batch	17340	valid_loss	13754.4998779
batch	17370	valid_loss	13872.4071045
batch	17400	valid_loss	13814.5396729
batch	17430	valid_loss	13781.1558838
batch	17460	valid_loss	13824.8942871
batch	17490	valid_loss	13664.2773438
batch	17520	valid_loss	14058.0439453
batch	17550	valid_loss	13702.4176025
batch	17580	valid_loss	13605.2727051
batch	17610	valid_loss	13688.9528809
batch	17640	valid_loss	13756.1323242
batch	17670	valid_loss	13879.1010742
batch	17700	valid_loss	13652.7576904
batch	17730	valid_loss	13670.1032715
batch	17760	valid_loss	13699.9938965
batch	17790	valid_loss	13633.7944336
batch	17820	valid_loss	13626.0708008
batch	17850	valid_loss	13743.9824219
batch	17880	valid_loss	13608.1296387
batch	17910	valid_loss	13661.7005615
batch	17940	valid_loss	13889.7884521
batch	17970	valid_loss	13654.623291
batch	18000	valid_loss	14630.5262451
batch	18030	valid_loss	13721.619751
batch	18060	valid_loss	13634.6092529
batch	18090	valid_loss	13656.5986328
batch	18120	valid_loss	13694.3327637
batch	18150	valid_loss	13779.3686523
batch	18180	valid_loss	13635.4945068
batch	18210	valid_loss	13680.4268799
batch	18240	valid_loss	13711.8382568
batch	18270	valid_loss	14661.3837891
batch	18300	valid_loss	13684.3205566
batch	18330	valid_loss	13641.5545654
batch	18360	valid_loss	13668.505249
batch	18390	valid_loss	13798.4281006
batch	18420	valid_loss	13720.4538574
batch	18450	valid_loss	13617.3605957
batch	18480	valid_loss	13616.8284912
batch	18510	valid_loss	13692.9907227
batch	18540	valid_loss	13802.3693848
batch	18570	valid_loss	13647.5311279
batch	18600	valid_loss	13729.086792
batch	18630	valid_loss	14154.9221191
batch	18660	valid_loss	13629.0324707
batch	18690	valid_loss	13611.0759277
batch	18720	valid_loss	13640.4741211
batch	18750	valid_loss	13700.4805908
batch	18780	valid_loss	13806.6300049
batch	18810	valid_loss	13598.7371826
batch	18840	valid_loss	13620.9926758
batch	18870	valid_loss	13797.6611328
batch	18900	valid_loss	13622.6168213
batch	18930	valid_loss	13793.2581787
batch	18960	valid_loss	13696.6223145
batch	18990	valid_loss	13655.6013184
batch	19020	valid_loss	13841.0032959
batch	19050	valid_loss	13588.5321045
batch	19080	valid_loss	13880.4102783
batch	19110	valid_loss	13561.0843506
batch	19140	valid_loss	13568.3835449
batch	19170	valid_loss	13616.727417
batch	19200	valid_loss	15410.1656494
batch	19230	valid_loss	13673.1647949
batch	19260	valid_loss	13558.7720947
batch	19290	valid_loss	13582.7053223
batch	19320	valid_loss	13797.8012695
batch	19350	valid_loss	13634.6503906
batch	19380	valid_loss	13589.6971436
batch	19410	valid_loss	13722.8640137
batch	19440	valid_loss	13558.3308105
batch	19470	valid_loss	15930.5272217
batch	19500	valid_loss	13598.614624
batch	19530	valid_loss	13568.6330566
batch	19560	valid_loss	13536.7791748
batch	19590	valid_loss	13644.0605469
batch	19620	valid_loss	13630.513916
batch	19650	valid_loss	13728.1502686
batch	19680	valid_loss	13655.6568604
batch	19710	valid_loss	14226.9685059
batch	19740	valid_loss	13625.7216797
batch	19770	valid_loss	13605.1929932
batch	19800	valid_loss	13632.3077393
batch	19830	valid_loss	14276.2856445
batch	19860	valid_loss	13543.9642334
batch	19890	valid_loss	13603.7004395
batch	19920	valid_loss	13716.0817871
batch	19950	valid_loss	13714.3337402
batch	19980	valid_loss	13564.248291
batch	20010	valid_loss	13578.355957
batch	20040	valid_loss	14527.6251221
batch	20070	valid_loss	13635.2623291
batch	20100	valid_loss	13645.7675781
batch	20130	valid_loss	13569.7784424
batch	20160	valid_loss	14673.901001
batch	20190	valid_loss	13574.9782715
batch	20220	valid_loss	13587.9145508
batch	20250	valid_loss	13734.9899902
batch	20280	valid_loss	13713.8442383
batch	20310	valid_loss	13625.7113037
batch	20340	valid_loss	13568.104248
batch	20370	valid_loss	13561.9616699
batch	20400	valid_loss	13645.7280273
batch	20430	valid_loss	13567.8731689
batch	20460	valid_loss	13554.9324951
batch	20490	valid_loss	13804.7905273
batch	20520	valid_loss	13677.9412842
batch	20550	valid_loss	13580.1287842
batch	20580	valid_loss	13711.847168
batch	20610	valid_loss	13797.8450928
batch	20640	valid_loss	13568.7940674
batch	20670	valid_loss	13601.4234619
batch	20700	valid_loss	13536.7646484
batch	20730	valid_loss	13593.8154297
batch	20760	valid_loss	15856.7077637
batch	20790	valid_loss	13634.3341064
batch	20820	valid_loss	13536.7850342
batch	20850	valid_loss	13559.7166748
batch	20880	valid_loss	13744.338623
batch	20910	valid_loss	13601.9714355
batch	20940	valid_loss	13571.2406006
batch	20970	valid_loss	13540.7548828
batch	21000	valid_loss	13557.6416016
batch	21030	valid_loss	13802.5465088
batch	21060	valid_loss	13528.2476807
batch	21090	valid_loss	13553.0169678
batch	21120	valid_loss	14107.6922607
batch	21150	valid_loss	13596.3996582
batch	21180	valid_loss	13593.979248
batch	21210	valid_loss	13769.3239746
batch	21240	valid_loss	13578.9138184
batch	21270	valid_loss	13792.4025879
batch	21300	valid_loss	13589.0592041
batch	21330	valid_loss	13897.0999756
batch	21360	valid_loss	13710.6445312
batch	21390	valid_loss	13554.9111328
batch	21420	valid_loss	13682.4329834
batch	21450	valid_loss	13637.2839355
batch	21480	valid_loss	13578.6036377
batch	21510	valid_loss	13986.3029785
batch	21540	valid_loss	13537.9143066
batch	21570	valid_loss	13589.7456055
batch	21600	valid_loss	13755.1525879
batch	21630	valid_loss	13713.8157959
batch	21660	valid_loss	13577.019165
batch	21690	valid_loss	14141.6175537
batch	21720	valid_loss	13541.7342529
batch	21750	valid_loss	13494.2642822
batch	21780	valid_loss	13613.3630371
batch	21810	valid_loss	14273.8322754
batch	21840	valid_loss	13601.5821533
batch	21870	valid_loss	13593.3574219
batch	21900	valid_loss	15061.7220459
batch	21930	valid_loss	13519.7978516
batch	21960	valid_loss	13561.4593506
batch	21990	valid_loss	13503.7249756
batch	22020	valid_loss	14001.770874
batch	22050	valid_loss	13567.4429932
batch	22080	valid_loss	13556.3948975
batch	22110	valid_loss	13603.3961182
batch	22140	valid_loss	13617.8861084
batch	22170	valid_loss	13538.4211426
batch	22200	valid_loss	15291.0354004
batch	22230	valid_loss	13534.7054443
batch	22260	valid_loss	13511.4395752
batch	22290	valid_loss	13561.5432129
batch	22320	valid_loss	14235.8526611
batch	22350	valid_loss	13583.3789062
batch	22380	valid_loss	13507.1834717
batch	22410	valid_loss	13543.9385986
batch	22440	valid_loss	14247.5571289
batch	22470	valid_loss	13593.2409668
batch	22500	valid_loss	13536.8780518
batch	22530	valid_loss	14457.1311035
batch	22560	valid_loss	13569.3275146
batch	22590	valid_loss	13501.1923828
batch	22620	valid_loss	13537.1646729
batch	22650	valid_loss	14771.2912598
batch	22680	valid_loss	13534.5618896
batch	22710	valid_loss	13557.1331787
batch	22740	valid_loss	13500.4422607
batch	22770	valid_loss	13607.3500977
batch	22800	valid_loss	13607.75354
batch	22830	valid_loss	13630.5965576
batch	22860	valid_loss	13545.852417
batch	22890	valid_loss	13743.4194336
batch	22920	valid_loss	13616.7016602
batch	22950	valid_loss	13539.3592529
batch	22980	valid_loss	13508.2954102
batch	23010	valid_loss	13747.1070557
batch	23040	valid_loss	13566.6937256
batch	23070	valid_loss	13836.4326172
batch	23100	valid_loss	13554.6400146
batch	23130	valid_loss	13541.9752197
batch	23160	valid_loss	13785.9775391
batch	23190	valid_loss	13604.192749
batch	23220	valid_loss	13706.8807373
batch	23250	valid_loss	13534.1947021
batch	23280	valid_loss	13490.9733887
batch	23310	valid_loss	13487.0323486
batch	23340	valid_loss	13565.3074951
batch	23370	valid_loss	13634.9354248
batch	23400	valid_loss	13485.5506592
batch	23430	valid_loss	13604.2241211
batch	23460	valid_loss	13711.6430664
batch	23490	valid_loss	13503.868042
batch	23520	valid_loss	13493.982666
batch	23550	valid_loss	13480.7767334
batch	23580	valid_loss	13540.043457
batch	23610	valid_loss	13492.3831787
batch	23640	valid_loss	13826.7614746
batch	23670	valid_loss	13511.46875
batch	23700	valid_loss	13586.2911377
batch	23730	valid_loss	13604.2084961
batch	23760	valid_loss	13841.8413086
batch	23790	valid_loss	13491.4471436
batch	23820	valid_loss	13486.8790283
batch	23850	valid_loss	14017.6804199
batch	23880	valid_loss	13577.4927979
batch	23910	valid_loss	13544.8551025
batch	23940	valid_loss	13647.5095215
batch	23970	valid_loss	13538.9759521
batch	24000	valid_loss	13734.9732666
batch	24030	valid_loss	13577.7880859
batch	24060	valid_loss	13478.1760254
batch	24090	valid_loss	13620.5987549
batch	24120	valid_loss	13550.4562988
batch	24150	valid_loss	13486.0380859
batch	24180	valid_loss	13852.923584
batch	24210	valid_loss	13524.5809326
batch	24240	valid_loss	13462.6962891
batch	24270	valid_loss	13578.392334
batch	24300	valid_loss	13520.923584
batch	24330	valid_loss	13749.121582
batch	24360	valid_loss	13549.6610107
batch	24390	valid_loss	13625.8526611
batch	24420	valid_loss	13520.4069824
batch	24450	valid_loss	13952.8903809
batch	24480	valid_loss	13559.8936768
batch	24510	valid_loss	13598.2218018
batch	24540	valid_loss	13707.1195068
batch	24570	valid_loss	13565.5076904
batch	24600	valid_loss	13634.3145752
batch	24630	valid_loss	13614.7584229
batch	24660	valid_loss	13504.7215576
batch	24690	valid_loss	13496.0744629
batch	24720	valid_loss	13574.3308105
batch	24750	valid_loss	13536.0129395
batch	24780	valid_loss	13532.0015869
batch	24810	valid_loss	13866.7813721
batch	24840	valid_loss	13520.1936035
batch	24870	valid_loss	13750.2952881
batch	24900	valid_loss	13554.0861816
batch	24930	valid_loss	13600.369751
batch	24960	valid_loss	13507.458374
batch	24990	valid_loss	14499.4368896
STOP
START
config	420	220	420	1140
batch	0	valid_loss	9150839.75
batch	30	valid_loss	172454.795898
batch	60	valid_loss	99467.2851562
batch	90	valid_loss	95967.0458984
batch	120	valid_loss	95789.9902344
batch	150	valid_loss	95720.0673828
batch	180	valid_loss	95710.3232422
batch	210	valid_loss	95622.0615234
batch	240	valid_loss	95522.7451172
batch	270	valid_loss	95419.5478516
batch	300	valid_loss	95302.0800781
batch	330	valid_loss	95157.9785156
batch	360	valid_loss	94880.0292969
batch	390	valid_loss	94551.6279297
batch	420	valid_loss	94018.46875
batch	450	valid_loss	93217.5712891
batch	480	valid_loss	92015.3754883
batch	510	valid_loss	90477.8833008
batch	540	valid_loss	88942.9345703
batch	570	valid_loss	87731.4331055
batch	600	valid_loss	86744.5078125
batch	630	valid_loss	86046.4545898
batch	660	valid_loss	85490.559082
batch	690	valid_loss	85056.4472656
batch	720	valid_loss	84559.5756836
batch	750	valid_loss	84083.0708008
batch	780	valid_loss	83465.8408203
batch	810	valid_loss	82806.1103516
batch	840	valid_loss	82115.3212891
batch	870	valid_loss	81451.1430664
batch	900	valid_loss	80536.1635742
batch	930	valid_loss	79647.7353516
batch	960	valid_loss	78749.0576172
batch	990	valid_loss	77778.7958984
batch	1020	valid_loss	76779.4555664
batch	1050	valid_loss	75725.2172852
batch	1080	valid_loss	74670.3056641
batch	1110	valid_loss	73510.9575195
batch	1140	valid_loss	72404.5410156
batch	1170	valid_loss	71249.8730469
batch	1200	valid_loss	70223.2724609
batch	1230	valid_loss	69059.0756836
batch	1260	valid_loss	68003.6875
batch	1290	valid_loss	66910.3979492
batch	1320	valid_loss	65857.3344727
batch	1350	valid_loss	64825.9829102
batch	1380	valid_loss	63794.7460938
batch	1410	valid_loss	62833.1049805
batch	1440	valid_loss	61904.003418
batch	1470	valid_loss	60916.890625
batch	1500	valid_loss	60005.6621094
batch	1530	valid_loss	59109.6137695
batch	1560	valid_loss	58235.8642578
batch	1590	valid_loss	57390.6748047
batch	1620	valid_loss	56557.9746094
batch	1650	valid_loss	55664.3100586
batch	1680	valid_loss	54871.1679688
batch	1710	valid_loss	54015.2607422
batch	1740	valid_loss	53139.121582
batch	1770	valid_loss	52300.4467773
batch	1800	valid_loss	51582.0961914
batch	1830	valid_loss	50772.9458008
batch	1860	valid_loss	50106.9902344
batch	1890	valid_loss	49365.574707
batch	1920	valid_loss	48517.6635742
batch	1950	valid_loss	47898.8105469
batch	1980	valid_loss	47230.3007812
batch	2010	valid_loss	46512.0727539
batch	2040	valid_loss	45865.6523438
batch	2070	valid_loss	45169.5100098
batch	2100	valid_loss	44530.5930176
batch	2130	valid_loss	43960.4533691
batch	2160	valid_loss	43440.1489258
batch	2190	valid_loss	42856.7849121
batch	2220	valid_loss	42297.9882812
batch	2250	valid_loss	41771.8691406
batch	2280	valid_loss	41272.1733398
batch	2310	valid_loss	40651.2011719
batch	2340	valid_loss	40196.3198242
batch	2370	valid_loss	39786.4003906
batch	2400	valid_loss	39248.8642578
batch	2430	valid_loss	38874.1513672
batch	2460	valid_loss	38257.3457031
batch	2490	valid_loss	37929.0576172
batch	2520	valid_loss	37413.1711426
batch	2550	valid_loss	37048.5974121
batch	2580	valid_loss	36739.1467285
batch	2610	valid_loss	36213.673584
batch	2640	valid_loss	35893.1396484
batch	2670	valid_loss	35540.3203125
batch	2700	valid_loss	35054.8740234
batch	2730	valid_loss	34775.1625977
batch	2760	valid_loss	34411.5236816
batch	2790	valid_loss	34064.5664062
batch	2820	valid_loss	33633.3391113
batch	2850	valid_loss	33398.9274902
batch	2880	valid_loss	33194.1564941
batch	2910	valid_loss	32832.8674316
batch	2940	valid_loss	32538.0158691
batch	2970	valid_loss	32200.9660645
batch	3000	valid_loss	31950.5541992
batch	3030	valid_loss	31530.826416
batch	3060	valid_loss	31290.9794922
batch	3090	valid_loss	31041.9379883
batch	3120	valid_loss	30715.9177246
batch	3150	valid_loss	30441.1623535
batch	3180	valid_loss	30307.3049316
batch	3210	valid_loss	30010.7731934
batch	3240	valid_loss	29812.1491699
batch	3270	valid_loss	29622.9797363
batch	3300	valid_loss	29411.1953125
batch	3330	valid_loss	29002.3793945
batch	3360	valid_loss	28822.2810059
batch	3390	valid_loss	28565.9077148
batch	3420	valid_loss	28446.0415039
batch	3450	valid_loss	28217.0161133
batch	3480	valid_loss	27961.4587402
batch	3510	valid_loss	27884.2348633
batch	3540	valid_loss	27569.451416
batch	3570	valid_loss	27424.2138672
batch	3600	valid_loss	27253.4169922
batch	3630	valid_loss	27015.6791992
batch	3660	valid_loss	26810.3234863
batch	3690	valid_loss	26974.239502
batch	3720	valid_loss	26538.1252441
batch	3750	valid_loss	26244.7297363
batch	3780	valid_loss	26162.314209
batch	3810	valid_loss	26057.5524902
batch	3840	valid_loss	25746.2414551
batch	3870	valid_loss	25591.1088867
batch	3900	valid_loss	25559.3657227
batch	3930	valid_loss	25533.3476562
batch	3960	valid_loss	25121.5634766
batch	3990	valid_loss	24973.081543
batch	4020	valid_loss	25038.2226562
batch	4050	valid_loss	24751.5910645
batch	4080	valid_loss	24546.2358398
batch	4110	valid_loss	24488.2026367
batch	4140	valid_loss	24273.4946289
batch	4170	valid_loss	24142.934082
batch	4200	valid_loss	24059.6889648
batch	4230	valid_loss	23953.2844238
batch	4260	valid_loss	23990.7050781
batch	4290	valid_loss	23633.9699707
batch	4320	valid_loss	23531.6601562
batch	4350	valid_loss	23984.1494141
batch	4380	valid_loss	23143.3199463
batch	4410	valid_loss	23166.6495361
batch	4440	valid_loss	22975.5625
batch	4470	valid_loss	23369.9058838
batch	4500	valid_loss	22826.1231689
batch	4530	valid_loss	22756.255127
batch	4560	valid_loss	22662.5098877
batch	4590	valid_loss	22441.7387695
batch	4620	valid_loss	22330.5495605
batch	4650	valid_loss	22166.0863037
batch	4680	valid_loss	22195.2744141
batch	4710	valid_loss	22052.0294189
batch	4740	valid_loss	23206.78125
batch	4770	valid_loss	21816.0291748
batch	4800	valid_loss	21749.6827393
batch	4830	valid_loss	21683.5621338
batch	4860	valid_loss	21558.1021729
batch	4890	valid_loss	21362.2769775
batch	4920	valid_loss	22717.4918213
batch	4950	valid_loss	21224.0279541
batch	4980	valid_loss	21162.736084
batch	5010	valid_loss	21081.1846924
batch	5040	valid_loss	21640.5783691
batch	5070	valid_loss	20886.3392334
batch	5100	valid_loss	20745.7023926
batch	5130	valid_loss	20730.9486084
batch	5160	valid_loss	20667.1713867
batch	5190	valid_loss	20654.9337158
batch	5220	valid_loss	20443.4168701
batch	5250	valid_loss	20642.519165
batch	5280	valid_loss	20326.3839111
batch	5310	valid_loss	20345.7092285
batch	5340	valid_loss	20176.6900635
batch	5370	valid_loss	20480.2530518
batch	5400	valid_loss	19926.8183594
batch	5430	valid_loss	19900.3817139
batch	5460	valid_loss	20198.4989014
batch	5490	valid_loss	19813.052124
batch	5520	valid_loss	19724.9370117
batch	5550	valid_loss	19691.7808838
batch	5580	valid_loss	19758.5968018
batch	5610	valid_loss	19679.65271
batch	5640	valid_loss	19743.848999
batch	5670	valid_loss	19392.369751
batch	5700	valid_loss	19445.697876
batch	5730	valid_loss	19563.4934082
batch	5760	valid_loss	19284.6566162
batch	5790	valid_loss	19376.1011963
batch	5820	valid_loss	19054.6600342
batch	5850	valid_loss	19317.1889648
batch	5880	valid_loss	18967.2393799
batch	5910	valid_loss	18949.1867676
batch	5940	valid_loss	18827.8010254
batch	5970	valid_loss	18876.3083496
batch	6000	valid_loss	19312.2999268
batch	6030	valid_loss	18818.0895996
batch	6060	valid_loss	18826.2702637
batch	6090	valid_loss	18744.7376709
batch	6120	valid_loss	18585.5292969
batch	6150	valid_loss	18466.6252441
batch	6180	valid_loss	18984.3171387
batch	6210	valid_loss	18434.7429199
batch	6240	valid_loss	18301.279541
batch	6270	valid_loss	18481.6324463
batch	6300	valid_loss	18463.4638672
batch	6330	valid_loss	18202.2780762
batch	6360	valid_loss	18161.9313965
batch	6390	valid_loss	18112.005127
batch	6420	valid_loss	19554.6656494
batch	6450	valid_loss	17908.0135498
batch	6480	valid_loss	17924.7333984
batch	6510	valid_loss	17883.7230225
batch	6540	valid_loss	18003.0007324
batch	6570	valid_loss	17750.9682617
batch	6600	valid_loss	17883.3762207
batch	6630	valid_loss	17678.6486816
batch	6660	valid_loss	17576.9825439
batch	6690	valid_loss	17587.2692871
batch	6720	valid_loss	17909.4627686
batch	6750	valid_loss	17810.6861572
batch	6780	valid_loss	17412.9841309
batch	6810	valid_loss	17448.2353516
batch	6840	valid_loss	17347.819458
batch	6870	valid_loss	18572.1505127
batch	6900	valid_loss	17340.0423584
batch	6930	valid_loss	17464.151123
batch	6960	valid_loss	17210.0811768
batch	6990	valid_loss	17218.3104248
batch	7020	valid_loss	17141.5875244
batch	7050	valid_loss	17279.354248
batch	7080	valid_loss	17050.4248047
batch	7110	valid_loss	17125.9324951
batch	7140	valid_loss	16953.3980713
batch	7170	valid_loss	17031.6141357
batch	7200	valid_loss	17778.697998
batch	7230	valid_loss	16965.6334229
batch	7260	valid_loss	16862.5878906
batch	7290	valid_loss	16907.1784668
batch	7320	valid_loss	16822.9844971
batch	7350	valid_loss	16820.0603027
batch	7380	valid_loss	16742.6037598
batch	7410	valid_loss	17956.9300537
batch	7440	valid_loss	16590.2614746
batch	7470	valid_loss	16735.2598877
batch	7500	valid_loss	16648.8441162
batch	7530	valid_loss	17356.9077148
batch	7560	valid_loss	16621.4138184
batch	7590	valid_loss	16558.8522949
batch	7620	valid_loss	17242.8815918
batch	7650	valid_loss	16468.4260254
batch	7680	valid_loss	16429.5238037
batch	7710	valid_loss	16401.5113525
batch	7740	valid_loss	18714.7001953
batch	7770	valid_loss	16490.4234619
batch	7800	valid_loss	16289.1298828
batch	7830	valid_loss	16377.5115967
batch	7860	valid_loss	16372.8369141
batch	7890	valid_loss	16282.7220459
batch	7920	valid_loss	16422.9161377
batch	7950	valid_loss	16210.559082
batch	7980	valid_loss	16456.9246826
batch	8010	valid_loss	16132.0534668
batch	8040	valid_loss	16114.557373
batch	8070	valid_loss	16236.805542
batch	8100	valid_loss	16027.6280518
batch	8130	valid_loss	16207.7399902
batch	8160	valid_loss	16029.480835
batch	8190	valid_loss	16014.5615234
batch	8220	valid_loss	15928.3879395
batch	8250	valid_loss	16088.0456543
batch	8280	valid_loss	15884.0030518
batch	8310	valid_loss	15844.5562744
batch	8340	valid_loss	15796.9576416
batch	8370	valid_loss	15986.8726807
batch	8400	valid_loss	16142.2664795
batch	8430	valid_loss	15794.4622803
batch	8460	valid_loss	15771.5919189
batch	8490	valid_loss	15976.1986084
batch	8520	valid_loss	15667.4666748
batch	8550	valid_loss	17055.3084717
batch	8580	valid_loss	15755.3773193
batch	8610	valid_loss	15632.2867432
batch	8640	valid_loss	15564.1629639
batch	8670	valid_loss	15715.5360107
batch	8700	valid_loss	15762.7429199
batch	8730	valid_loss	15674.6176758
batch	8760	valid_loss	15623.8842773
batch	8790	valid_loss	15760.9664307
batch	8820	valid_loss	15496.0998535
batch	8850	valid_loss	15936.5349121
batch	8880	valid_loss	15484.442627
batch	8910	valid_loss	15595.2210693
batch	8940	valid_loss	15685.3505859
batch	8970	valid_loss	15419.4350586
batch	9000	valid_loss	15266.5457764
batch	9030	valid_loss	15518.3394775
batch	9060	valid_loss	15330.6585693
batch	9090	valid_loss	15902.4050293
batch	9120	valid_loss	15314.5797119
batch	9150	valid_loss	15390.0292969
batch	9180	valid_loss	15408.2595215
batch	9210	valid_loss	15224.7644043
batch	9240	valid_loss	15261.2720947
batch	9270	valid_loss	15583.0599365
batch	9300	valid_loss	15152.8039551
batch	9330	valid_loss	15593.0869141
batch	9360	valid_loss	15091.1812744
batch	9390	valid_loss	15328.3568115
batch	9420	valid_loss	15309.0462646
batch	9450	valid_loss	15104.154541
batch	9480	valid_loss	15189.3017578
batch	9510	valid_loss	15376.0228271
batch	9540	valid_loss	15088.5076904
batch	9570	valid_loss	15296.4196777
batch	9600	valid_loss	15059.7442627
batch	9630	valid_loss	16692.5087891
batch	9660	valid_loss	15076.7192383
batch	9690	valid_loss	14939.8723145
batch	9720	valid_loss	14895.0266113
batch	9750	valid_loss	14944.9989014
batch	9780	valid_loss	14942.979126
batch	9810	valid_loss	14920.3170166
batch	9840	valid_loss	14944.6357422
batch	9870	valid_loss	14880.3154297
batch	9900	valid_loss	14886.7298584
batch	9930	valid_loss	14865.8695068
batch	9960	valid_loss	16112.1798096
batch	9990	valid_loss	14856.6789551
batch	10020	valid_loss	14787.1203613
batch	10050	valid_loss	14891.1531982
batch	10080	valid_loss	14802.3963623
batch	10110	valid_loss	14721.7886963
batch	10140	valid_loss	14716.6091309
batch	10170	valid_loss	14919.8400879
batch	10200	valid_loss	14689.5966797
batch	10230	valid_loss	14740.8492432
batch	10260	valid_loss	14672.3421631
batch	10290	valid_loss	14713.7242432
batch	10320	valid_loss	14683.5823975
batch	10350	valid_loss	15503.498291
batch	10380	valid_loss	14709.4741211
batch	10410	valid_loss	14624.1254883
batch	10440	valid_loss	15019.5457764
batch	10470	valid_loss	14656.4833984
batch	10500	valid_loss	14575.0845947
batch	10530	valid_loss	14569.4407959
batch	10560	valid_loss	17551.1031494
batch	10590	valid_loss	14621.4156494
batch	10620	valid_loss	14543.2592773
batch	10650	valid_loss	14564.9481201
batch	10680	valid_loss	14592.4302979
batch	10710	valid_loss	15123.8148193
batch	10740	valid_loss	14571.0041504
batch	10770	valid_loss	15887.0627441
batch	10800	valid_loss	14593.1807861
batch	10830	valid_loss	14447.1981201
batch	10860	valid_loss	14591.2749023
batch	10890	valid_loss	14582.902832
batch	10920	valid_loss	14395.2966309
batch	10950	valid_loss	14498.317749
batch	10980	valid_loss	14475.7237549
batch	11010	valid_loss	14461.6091309
batch	11040	valid_loss	14735.6461182
batch	11070	valid_loss	14402.1427002
batch	11100	valid_loss	14376.1612549
batch	11130	valid_loss	15370.243042
batch	11160	valid_loss	14393.3050537
batch	11190	valid_loss	14503.6772461
batch	11220	valid_loss	14388.2686768
batch	11250	valid_loss	14464.7272949
batch	11280	valid_loss	14372.8829346
batch	11310	valid_loss	14369.836792
batch	11340	valid_loss	14352.0723877
batch	11370	valid_loss	14301.4189453
batch	11400	valid_loss	14323.4493408
batch	11430	valid_loss	14591.9936523
batch	11460	valid_loss	14267.9536133
batch	11490	valid_loss	14275.4317627
batch	11520	valid_loss	14394.475708
batch	11550	valid_loss	14879.9936523
batch	11580	valid_loss	14255.1848145
batch	11610	valid_loss	14428.7807617
batch	11640	valid_loss	14212.3826904
batch	11670	valid_loss	14337.9108887
batch	11700	valid_loss	14260.1546631
batch	11730	valid_loss	14192.9665527
batch	11760	valid_loss	14267.8433838
batch	11790	valid_loss	14273.762207
batch	11820	valid_loss	14151.5172119
batch	11850	valid_loss	14272.859375
batch	11880	valid_loss	14238.4034424
batch	11910	valid_loss	14620.4447021
batch	11940	valid_loss	14223.8116455
batch	11970	valid_loss	14165.4394531
batch	12000	valid_loss	14504.5319824
batch	12030	valid_loss	14267.2406006
batch	12060	valid_loss	14437.3231201
batch	12090	valid_loss	14172.3922119
batch	12120	valid_loss	14921.7651367
batch	12150	valid_loss	14149.0797119
batch	12180	valid_loss	14159.7922363
batch	12210	valid_loss	14668.395874
batch	12240	valid_loss	14251.0041504
batch	12270	valid_loss	14239.8526611
batch	12300	valid_loss	14892.6032715
batch	12330	valid_loss	14194.7681885
batch	12360	valid_loss	14123.8601074
batch	12390	valid_loss	16339.9975586
batch	12420	valid_loss	14103.2634277
batch	12450	valid_loss	14028.2130127
batch	12480	valid_loss	14215.6411133
batch	12510	valid_loss	14090.1414795
batch	12540	valid_loss	14171.0756836
batch	12570	valid_loss	14201.7020264
batch	12600	valid_loss	14082.3416748
batch	12630	valid_loss	14036.6448975
batch	12660	valid_loss	14025.5692139
batch	12690	valid_loss	14134.7836914
batch	12720	valid_loss	14057.3013916
batch	12750	valid_loss	14087.9698486
batch	12780	valid_loss	14011.7039795
batch	12810	valid_loss	14061.197998
batch	12840	valid_loss	14075.9761963
batch	12870	valid_loss	14405.4921875
batch	12900	valid_loss	14001.0883789
batch	12930	valid_loss	14008.9398193
batch	12960	valid_loss	14009.9074707
batch	12990	valid_loss	14005.0341797
batch	13020	valid_loss	14893.5994873
batch	13050	valid_loss	13992.8195801
batch	13080	valid_loss	13977.7810059
batch	13110	valid_loss	14013.4748535
batch	13140	valid_loss	13973.9940186
batch	13170	valid_loss	14027.7393799
batch	13200	valid_loss	13947.5927734
batch	13230	valid_loss	13960.6466064
batch	13260	valid_loss	13991.5168457
batch	13290	valid_loss	14107.3029785
batch	13320	valid_loss	14098.9239502
batch	13350	valid_loss	13996.9869385
batch	13380	valid_loss	14066.0076904
batch	13410	valid_loss	14022.723877
batch	13440	valid_loss	14023.3269043
batch	13470	valid_loss	14009.4572754
batch	13500	valid_loss	13991.8426514
batch	13530	valid_loss	13983.9057617
batch	13560	valid_loss	14923.2677002
batch	13590	valid_loss	14089.0839844
batch	13620	valid_loss	13874.3905029
batch	13650	valid_loss	14615.4772949
batch	13680	valid_loss	13961.8051758
batch	13710	valid_loss	14745.3585205
batch	13740	valid_loss	14084.9700928
batch	13770	valid_loss	13971.1037598
batch	13800	valid_loss	14427.1838379
batch	13830	valid_loss	14035.8763428
batch	13860	valid_loss	14010.1120605
batch	13890	valid_loss	14583.2113037
batch	13920	valid_loss	13883.9073486
batch	13950	valid_loss	14985.9481201
batch	13980	valid_loss	13929.973999
batch	14010	valid_loss	13841.59375
batch	14040	valid_loss	14095.0471191
batch	14070	valid_loss	13929.5480957
batch	14100	valid_loss	13920.7542725
batch	14130	valid_loss	14669.1971436
batch	14160	valid_loss	14006.1472168
batch	14190	valid_loss	13838.3966064
batch	14220	valid_loss	13869.8598633
batch	14250	valid_loss	14185.6446533
batch	14280	valid_loss	13905.8234863
batch	14310	valid_loss	13905.0650635
batch	14340	valid_loss	13839.3088379
batch	14370	valid_loss	13973.2977295
batch	14400	valid_loss	14075.8591309
batch	14430	valid_loss	13824.5727539
batch	14460	valid_loss	13877.6265869
batch	14490	valid_loss	14517.6367188
batch	14520	valid_loss	13923.4608154
batch	14550	valid_loss	13844.9763184
batch	14580	valid_loss	13802.5480957
batch	14610	valid_loss	14668.1069336
batch	14640	valid_loss	13864.6746826
batch	14670	valid_loss	13864.9234619
batch	14700	valid_loss	14076.5839844
batch	14730	valid_loss	13871.8035889
batch	14760	valid_loss	13917.5318604
batch	14790	valid_loss	13801.0633545
batch	14820	valid_loss	13902.6156006
batch	14850	valid_loss	13797.4978027
batch	14880	valid_loss	13805.6860352
batch	14910	valid_loss	14830.1831055
batch	14940	valid_loss	13807.8028564
batch	14970	valid_loss	13837.2015381
batch	15000	valid_loss	13824.9456787
batch	15030	valid_loss	13855.4530029
batch	15060	valid_loss	13871.211792
batch	15090	valid_loss	15653.4699707
batch	15120	valid_loss	13922.4400635
batch	15150	valid_loss	13839.2078857
batch	15180	valid_loss	13735.2181396
batch	15210	valid_loss	13818.7105713
batch	15240	valid_loss	14403.9136963
batch	15270	valid_loss	13759.0084229
batch	15300	valid_loss	13868.7664795
batch	15330	valid_loss	13961.6120605
batch	15360	valid_loss	14284.3914795
batch	15390	valid_loss	13886.0721436
batch	15420	valid_loss	13974.4411621
batch	15450	valid_loss	13814.2749023
batch	15480	valid_loss	13821.1132812
batch	15510	valid_loss	13953.2285156
batch	15540	valid_loss	13760.854126
batch	15570	valid_loss	13893.7819824
batch	15600	valid_loss	13998.8232422
batch	15630	valid_loss	13824.87854
batch	15660	valid_loss	13824.6779785
batch	15690	valid_loss	13842.6694336
batch	15720	valid_loss	13844.6320801
batch	15750	valid_loss	14034.8673096
batch	15780	valid_loss	13799.168457
batch	15810	valid_loss	14600.1530762
batch	15840	valid_loss	13800.7218018
batch	15870	valid_loss	13807.8718262
batch	15900	valid_loss	13820.8742676
batch	15930	valid_loss	13904.3515625
batch	15960	valid_loss	13799.9348145
batch	15990	valid_loss	13940.5565186
batch	16020	valid_loss	13815.6101074
batch	16050	valid_loss	13788.0950928
batch	16080	valid_loss	13978.6474609
batch	16110	valid_loss	13982.7827148
batch	16140	valid_loss	13738.6123047
batch	16170	valid_loss	13782.6409912
batch	16200	valid_loss	14274.5611572
batch	16230	valid_loss	13755.6693115
batch	16260	valid_loss	13707.1055908
batch	16290	valid_loss	13752.2866211
batch	16320	valid_loss	13739.9031982
batch	16350	valid_loss	13800.895874
batch	16380	valid_loss	13700.0125732
batch	16410	valid_loss	13696.864502
batch	16440	valid_loss	14259.0189209
batch	16470	valid_loss	13796.5124512
batch	16500	valid_loss	13730.1450195
batch	16530	valid_loss	13793.5479736
batch	16560	valid_loss	13783.1154785
batch	16590	valid_loss	13755.7132568
batch	16620	valid_loss	14997.6662598
batch	16650	valid_loss	13795.019043
batch	16680	valid_loss	13775.9517822
batch	16710	valid_loss	13771.0198975
batch	16740	valid_loss	13906.2254639
batch	16770	valid_loss	13736.6082764
batch	16800	valid_loss	13696.8239746
batch	16830	valid_loss	13732.2164307
batch	16860	valid_loss	13753.4000244
batch	16890	valid_loss	13904.5539551
batch	16920	valid_loss	13737.6081543
batch	16950	valid_loss	13949.4715576
batch	16980	valid_loss	13766.19104
batch	17010	valid_loss	13829.1424561
batch	17040	valid_loss	13716.2504883
batch	17070	valid_loss	13751.7609863
batch	17100	valid_loss	14804.4929199
batch	17130	valid_loss	13681.9411621
batch	17160	valid_loss	13797.3568115
batch	17190	valid_loss	13696.5222168
batch	17220	valid_loss	13817.5819092
batch	17250	valid_loss	13906.5983887
batch	17280	valid_loss	13694.173584
batch	17310	valid_loss	13661.1894531
batch	17340	valid_loss	13694.5860596
batch	17370	valid_loss	13713.6236572
batch	17400	valid_loss	13878.043457
batch	17430	valid_loss	13708.8710938
batch	17460	valid_loss	13722.5894775
batch	17490	valid_loss	13691.7280273
batch	17520	valid_loss	13827.9508057
batch	17550	valid_loss	13792.0769043
batch	17580	valid_loss	13747.5797119
batch	17610	valid_loss	13774.6827393
batch	17640	valid_loss	13977.2159424
batch	17670	valid_loss	13731.6052246
batch	17700	valid_loss	13742.4206543
batch	17730	valid_loss	14116.2689209
batch	17760	valid_loss	13697.2565918
batch	17790	valid_loss	13890.850708
batch	17820	valid_loss	13721.121582
batch	17850	valid_loss	14160.703125
batch	17880	valid_loss	13661.7779541
batch	17910	valid_loss	13911.2064209
batch	17940	valid_loss	13668.6628418
batch	17970	valid_loss	13674.2119141
batch	18000	valid_loss	15161.1715088
batch	18030	valid_loss	13752.175415
batch	18060	valid_loss	13613.6630859
batch	18090	valid_loss	13734.3620605
batch	18120	valid_loss	14921.2745361
batch	18150	valid_loss	13723.7958984
batch	18180	valid_loss	13705.9787598
batch	18210	valid_loss	13666.597168
batch	18240	valid_loss	13860.5013428
batch	18270	valid_loss	13695.1790771
batch	18300	valid_loss	13849.0689697
batch	18330	valid_loss	13703.6314697
batch	18360	valid_loss	13992.447876
batch	18390	valid_loss	13618.840332
batch	18420	valid_loss	13632.8120117
batch	18450	valid_loss	13876.1187744
batch	18480	valid_loss	13746.6452637
batch	18510	valid_loss	13907.5318604
batch	18540	valid_loss	13719.6918945
batch	18570	valid_loss	14107.2503662
batch	18600	valid_loss	13629.1987305
batch	18630	valid_loss	13668.7713623
batch	18660	valid_loss	14159.6245117
batch	18690	valid_loss	13702.6130371
batch	18720	valid_loss	13601.7302246
batch	18750	valid_loss	13645.3535156
batch	18780	valid_loss	13724.5429688
batch	18810	valid_loss	14025.6950684
batch	18840	valid_loss	13639.0543213
batch	18870	valid_loss	13668.1179199
batch	18900	valid_loss	13627.2175293
batch	18930	valid_loss	14105.9901123
batch	18960	valid_loss	13684.826416
batch	18990	valid_loss	13926.5042725
batch	19020	valid_loss	13665.4946289
batch	19050	valid_loss	13637.7819824
batch	19080	valid_loss	13792.6932373
batch	19110	valid_loss	13678.6226807
batch	19140	valid_loss	13723.0179443
batch	19170	valid_loss	14393.5145264
batch	19200	valid_loss	13635.8144531
batch	19230	valid_loss	13661.8448486
batch	19260	valid_loss	15069.4862061
batch	19290	valid_loss	13697.0622559
batch	19320	valid_loss	13629.6577148
batch	19350	valid_loss	13591.8925781
batch	19380	valid_loss	13597.0467529
batch	19410	valid_loss	13783.9150391
batch	19440	valid_loss	13662.5921631
batch	19470	valid_loss	13684.3795166
batch	19500	valid_loss	13632.0252686
batch	19530	valid_loss	13915.6350098
batch	19560	valid_loss	13665.7937012
batch	19590	valid_loss	13680.4462891
batch	19620	valid_loss	13614.4187012
batch	19650	valid_loss	13719.7121582
batch	19680	valid_loss	13611.5549316
batch	19710	valid_loss	13821.2353516
batch	19740	valid_loss	13670.1918945
batch	19770	valid_loss	13968.3193359
batch	19800	valid_loss	13761.9395752
batch	19830	valid_loss	13700.0914307
batch	19860	valid_loss	13674.4362793
batch	19890	valid_loss	13745.244751
batch	19920	valid_loss	13608.7268066
batch	19950	valid_loss	13591.3295898
batch	19980	valid_loss	14411.5725098
batch	20010	valid_loss	13633.8215332
batch	20040	valid_loss	13616.7907715
batch	20070	valid_loss	14349.4677734
batch	20100	valid_loss	13741.8710938
batch	20130	valid_loss	13603.2966309
batch	20160	valid_loss	15504.7861328
batch	20190	valid_loss	13600.4316406
batch	20220	valid_loss	13769.8693848
batch	20250	valid_loss	13538.8902588
batch	20280	valid_loss	13601.0866699
batch	20310	valid_loss	13709.6196289
batch	20340	valid_loss	13648.6763916
batch	20370	valid_loss	13629.2042236
batch	20400	valid_loss	13614.0097656
batch	20430	valid_loss	13650.0689697
batch	20460	valid_loss	13592.6507568
batch	20490	valid_loss	14113.7807617
batch	20520	valid_loss	13670.7869873
batch	20550	valid_loss	13669.8577881
batch	20580	valid_loss	13658.0797119
batch	20610	valid_loss	14258.0805664
batch	20640	valid_loss	13604.9361572
batch	20670	valid_loss	13676.3726807
batch	20700	valid_loss	13666.4564209
batch	20730	valid_loss	13605.098877
batch	20760	valid_loss	13588.7387695
batch	20790	valid_loss	13977.6445312
batch	20820	valid_loss	13596.6806641
batch	20850	valid_loss	13584.9069824
batch	20880	valid_loss	13601.8984375
batch	20910	valid_loss	13572.1242676
batch	20940	valid_loss	13613.5554199
batch	20970	valid_loss	13635.5769043
batch	21000	valid_loss	13589.2808838
batch	21030	valid_loss	13710.331543
batch	21060	valid_loss	13615.7197266
batch	21090	valid_loss	13619.5384521
batch	21120	valid_loss	13595.4197998
batch	21150	valid_loss	13805.2642822
batch	21180	valid_loss	13596.5926514
batch	21210	valid_loss	13628.1324463
batch	21240	valid_loss	13598.5380859
batch	21270	valid_loss	13628.7191162
batch	21300	valid_loss	13838.1247559
batch	21330	valid_loss	13597.0539551
batch	21360	valid_loss	13602.1425781
batch	21390	valid_loss	14209.0419922
batch	21420	valid_loss	13560.1507568
batch	21450	valid_loss	13614.3996582
batch	21480	valid_loss	15545.3673096
batch	21510	valid_loss	13577.553833
batch	21540	valid_loss	13564.0848389
batch	21570	valid_loss	13648.6690674
batch	21600	valid_loss	14132.6624756
batch	21630	valid_loss	13624.9355469
batch	21660	valid_loss	13749.1281738
batch	21690	valid_loss	13572.489624
batch	21720	valid_loss	13920.4748535
batch	21750	valid_loss	13670.930542
batch	21780	valid_loss	13583.7126465
batch	21810	valid_loss	13557.029541
batch	21840	valid_loss	13548.005249
batch	21870	valid_loss	16366.0894775
batch	21900	valid_loss	13627.534668
batch	21930	valid_loss	13570.4031982
batch	21960	valid_loss	13572.9052734
batch	21990	valid_loss	13673.2503662
batch	22020	valid_loss	13563.49646
batch	22050	valid_loss	14161.057373
batch	22080	valid_loss	13608.0085449
batch	22110	valid_loss	13900.7061768
batch	22140	valid_loss	13584.4742432
batch	22170	valid_loss	13582.8398438
batch	22200	valid_loss	13888.4259033
batch	22230	valid_loss	13524.2991943
batch	22260	valid_loss	13532.8474121
batch	22290	valid_loss	13985.8693848
batch	22320	valid_loss	13606.2380371
batch	22350	valid_loss	14205.0123291
batch	22380	valid_loss	13581.8942871
batch	22410	valid_loss	13550.8746338
batch	22440	valid_loss	13586.9342041
batch	22470	valid_loss	13638.4870605
batch	22500	valid_loss	13902.5083008
batch	22530	valid_loss	13626.9693604
batch	22560	valid_loss	13536.2967529
batch	22590	valid_loss	16565.6252441
batch	22620	valid_loss	13561.4866943
batch	22650	valid_loss	13544.6291504
batch	22680	valid_loss	13581.9897461
batch	22710	valid_loss	13593.9769287
batch	22740	valid_loss	13607.0874023
batch	22770	valid_loss	13585.0184326
batch	22800	valid_loss	13607.536377
batch	22830	valid_loss	13552.0306396
batch	22860	valid_loss	13971.6243896
batch	22890	valid_loss	13554.5341797
batch	22920	valid_loss	13560.5742188
batch	22950	valid_loss	13643.4093018
batch	22980	valid_loss	13803.5556641
batch	23010	valid_loss	13584.8970947
batch	23040	valid_loss	13600.3831787
batch	23070	valid_loss	13537.2747803
batch	23100	valid_loss	13759.0605469
batch	23130	valid_loss	13573.3197021
batch	23160	valid_loss	14934.0771484
batch	23190	valid_loss	13608.2779541
batch	23220	valid_loss	13572.289917
batch	23250	valid_loss	13509.7408447
batch	23280	valid_loss	13739.7243652
batch	23310	valid_loss	13598.2589111
batch	23340	valid_loss	13530.1105957
batch	23370	valid_loss	13468.6123047
batch	23400	valid_loss	13513.9874268
batch	23430	valid_loss	13532.8167725
batch	23460	valid_loss	13682.5883789
batch	23490	valid_loss	13694.2172852
batch	23520	valid_loss	13553.152832
batch	23550	valid_loss	13843.9979248
batch	23580	valid_loss	13534.5827637
batch	23610	valid_loss	13672.0384521
batch	23640	valid_loss	13646.1275635
batch	23670	valid_loss	13555.3707275
batch	23700	valid_loss	13552.0268555
batch	23730	valid_loss	13544.9693604
batch	23760	valid_loss	14012.2393799
batch	23790	valid_loss	13496.6582031
batch	23820	valid_loss	13513.8223877
batch	23850	valid_loss	13997.2537842
batch	23880	valid_loss	13528.5446777
batch	23910	valid_loss	13529.3883057
batch	23940	valid_loss	13525.3707275
batch	23970	valid_loss	13902.260498
batch	24000	valid_loss	13527.5463867
batch	24030	valid_loss	14012.6730957
batch	24060	valid_loss	13540.7709961
batch	24090	valid_loss	13603.1308594
batch	24120	valid_loss	13837.3148193
batch	24150	valid_loss	13490.3048096
batch	24180	valid_loss	13690.6329346
batch	24210	valid_loss	13803.0723877
batch	24240	valid_loss	13518.7886963
batch	24270	valid_loss	13557.0151367
batch	24300	valid_loss	13637.2850342
batch	24330	valid_loss	13566.9880371
batch	24360	valid_loss	13677.880127
batch	24390	valid_loss	13627.2573242
batch	24420	valid_loss	13540.7420654
batch	24450	valid_loss	13507.3110352
batch	24480	valid_loss	13541.6342773
batch	24510	valid_loss	13768.4577637
batch	24540	valid_loss	13763.1656494
batch	24570	valid_loss	13549.9842529
batch	24600	valid_loss	13534.3157959
batch	24630	valid_loss	13582.309082
batch	24660	valid_loss	13497.4606934
batch	24690	valid_loss	13582.7779541
batch	24720	valid_loss	13555.7977295
batch	24750	valid_loss	13554.2770996
batch	24780	valid_loss	13560.1784668
batch	24810	valid_loss	13728.2546387
batch	24840	valid_loss	13504.7965088
batch	24870	valid_loss	13597.9969482
batch	24900	valid_loss	14803.9971924
batch	24930	valid_loss	13475.1326904
batch	24960	valid_loss	13494.2845459
batch	24990	valid_loss	13607.6761475
STOP
