START
config	780	380	180	380	780	960
batch	0	valid_loss	5927602.8125
batch	30	valid_loss	169681.40918
batch	60	valid_loss	122239.618164
batch	90	valid_loss	120126.25
batch	120	valid_loss	120039.361328
batch	150	valid_loss	120032.305664
batch	180	valid_loss	120067.275391
batch	210	valid_loss	120071.62207
batch	240	valid_loss	120089.357422
batch	270	valid_loss	120084.103516
batch	300	valid_loss	120108.959961
batch	330	valid_loss	120183.179688
batch	360	valid_loss	120117.404297
batch	390	valid_loss	120177.671875
batch	420	valid_loss	120228.853516
batch	450	valid_loss	120196.272461
batch	480	valid_loss	120115.19043
batch	510	valid_loss	119984.219727
batch	540	valid_loss	119616.273438
batch	570	valid_loss	118015.02832
batch	600	valid_loss	115051.914062
batch	630	valid_loss	111734.000977
batch	660	valid_loss	110218.688477
batch	690	valid_loss	109745.045898
batch	720	valid_loss	109515.803711
batch	750	valid_loss	109108.473633
batch	780	valid_loss	108916.487305
batch	810	valid_loss	108293.220703
batch	840	valid_loss	107584.011719
batch	870	valid_loss	107088.364258
batch	900	valid_loss	106706.916016
batch	930	valid_loss	106525.454102
batch	960	valid_loss	106255.412109
batch	990	valid_loss	106075.338867
batch	1020	valid_loss	106014.905273
batch	1050	valid_loss	105754.681641
batch	1080	valid_loss	105444.790039
batch	1110	valid_loss	105242.192383
batch	1140	valid_loss	105033.710938
batch	1170	valid_loss	104867.426758
batch	1200	valid_loss	104821.447266
batch	1230	valid_loss	104648.822266
batch	1260	valid_loss	104474.645508
batch	1290	valid_loss	104389.805664
batch	1320	valid_loss	104254.31543
batch	1350	valid_loss	104166.825195
batch	1380	valid_loss	103888.994141
batch	1410	valid_loss	103669.59668
batch	1440	valid_loss	103515.231445
batch	1470	valid_loss	103201.421875
batch	1500	valid_loss	102896.149414
batch	1530	valid_loss	102585.017578
batch	1560	valid_loss	102271.665039
batch	1590	valid_loss	101943.477539
batch	1620	valid_loss	101651.899414
batch	1650	valid_loss	101133.691406
batch	1680	valid_loss	100491.705078
batch	1710	valid_loss	99971.1357422
batch	1740	valid_loss	99465.6689453
batch	1770	valid_loss	98757.6113281
batch	1800	valid_loss	98232.6904297
batch	1830	valid_loss	97584.6074219
batch	1860	valid_loss	97045.6884766
batch	1890	valid_loss	96380.7958984
batch	1920	valid_loss	96252.7919922
batch	1950	valid_loss	95282.3876953
batch	1980	valid_loss	94978.9599609
batch	2010	valid_loss	94296.9555664
batch	2040	valid_loss	93907.8530273
batch	2070	valid_loss	93551.362793
batch	2100	valid_loss	93123.8481445
batch	2130	valid_loss	92598.6333008
batch	2160	valid_loss	92235.7944336
batch	2190	valid_loss	91913.012207
batch	2220	valid_loss	91144.2895508
batch	2250	valid_loss	90864.1503906
batch	2280	valid_loss	90233.3803711
batch	2310	valid_loss	90673.8398438
batch	2340	valid_loss	89424.0639648
batch	2370	valid_loss	88769.1411133
batch	2400	valid_loss	88200.1162109
batch	2430	valid_loss	87666.3994141
batch	2460	valid_loss	87584.1875
batch	2490	valid_loss	86752.921875
batch	2520	valid_loss	86129.2197266
batch	2550	valid_loss	85628.2983398
batch	2580	valid_loss	85355.1230469
batch	2610	valid_loss	84787.3242188
batch	2640	valid_loss	84446.902832
batch	2670	valid_loss	84055.1982422
batch	2700	valid_loss	83507.4858398
batch	2730	valid_loss	83319.637207
batch	2760	valid_loss	82770.3212891
batch	2790	valid_loss	82746.6152344
batch	2820	valid_loss	82051.6728516
batch	2850	valid_loss	81644.1328125
batch	2880	valid_loss	81418.1245117
batch	2910	valid_loss	82409.5634766
batch	2940	valid_loss	80993.956543
batch	2970	valid_loss	80523.7250977
batch	3000	valid_loss	80078.6391602
batch	3030	valid_loss	80366.6049805
batch	3060	valid_loss	79777.0947266
batch	3090	valid_loss	79270.5419922
batch	3120	valid_loss	79198.0571289
batch	3150	valid_loss	78714.9892578
batch	3180	valid_loss	78338.2607422
batch	3210	valid_loss	78325.2451172
batch	3240	valid_loss	77966.2773438
batch	3270	valid_loss	77466.871582
batch	3300	valid_loss	77860.637207
batch	3330	valid_loss	76966.1044922
batch	3360	valid_loss	76849.9008789
batch	3390	valid_loss	77708.7431641
batch	3420	valid_loss	76041.2001953
batch	3450	valid_loss	76973.2993164
batch	3480	valid_loss	75832.8193359
batch	3510	valid_loss	75452.1010742
batch	3540	valid_loss	75352.3598633
batch	3570	valid_loss	74888.0009766
batch	3600	valid_loss	74830.8598633
batch	3630	valid_loss	74576.2358398
batch	3660	valid_loss	74516.4873047
batch	3690	valid_loss	73869.7226562
batch	3720	valid_loss	75205.7602539
batch	3750	valid_loss	74076.9731445
batch	3780	valid_loss	73405.640625
batch	3810	valid_loss	73015.6391602
batch	3840	valid_loss	72940.6015625
batch	3870	valid_loss	72805.8276367
batch	3900	valid_loss	72553.3779297
batch	3930	valid_loss	72370.0253906
batch	3960	valid_loss	72427.0019531
batch	3990	valid_loss	72097.012207
batch	4020	valid_loss	71664.8911133
batch	4050	valid_loss	71562.3227539
batch	4080	valid_loss	71351.9711914
batch	4110	valid_loss	71139.3154297
batch	4140	valid_loss	70864.9082031
batch	4170	valid_loss	70688.9580078
batch	4200	valid_loss	70919.3027344
batch	4230	valid_loss	70317.3842773
batch	4260	valid_loss	70204.6445312
batch	4290	valid_loss	70216.387207
batch	4320	valid_loss	70013.0102539
batch	4350	valid_loss	70901.6899414
batch	4380	valid_loss	69707.1811523
batch	4410	valid_loss	69634.2583008
batch	4440	valid_loss	69171.3896484
batch	4470	valid_loss	69021.8276367
batch	4500	valid_loss	68925.0644531
batch	4530	valid_loss	69403.9956055
batch	4560	valid_loss	68570.5263672
batch	4590	valid_loss	73659.4804688
batch	4620	valid_loss	68267.8256836
batch	4650	valid_loss	68037.5629883
batch	4680	valid_loss	68410.6181641
batch	4710	valid_loss	67777.7666016
batch	4740	valid_loss	68562.2875977
batch	4770	valid_loss	67454.203125
batch	4800	valid_loss	67209.8618164
batch	4830	valid_loss	74380.4570312
batch	4860	valid_loss	66836.59375
batch	4890	valid_loss	66785.3520508
batch	4920	valid_loss	66784.581543
batch	4950	valid_loss	66486.0620117
batch	4980	valid_loss	66664.690918
batch	5010	valid_loss	67247.8125
batch	5040	valid_loss	66143.9458008
batch	5070	valid_loss	65931.4658203
batch	5100	valid_loss	65971.503418
batch	5130	valid_loss	65679.6015625
batch	5160	valid_loss	67033.1835938
batch	5190	valid_loss	65498.3823242
batch	5220	valid_loss	65558.4628906
batch	5250	valid_loss	65265.2133789
batch	5280	valid_loss	66234.6445312
batch	5310	valid_loss	65025.2856445
batch	5340	valid_loss	64789.7202148
batch	5370	valid_loss	64551.6870117
batch	5400	valid_loss	65492.5908203
batch	5430	valid_loss	64511.7558594
batch	5460	valid_loss	65352.7612305
batch	5490	valid_loss	64363.1259766
batch	5520	valid_loss	64319.7641602
batch	5550	valid_loss	65727.1948242
batch	5580	valid_loss	63818.8974609
batch	5610	valid_loss	64859.605957
batch	5640	valid_loss	63493.9560547
batch	5670	valid_loss	64437.6289062
batch	5700	valid_loss	64152.2446289
batch	5730	valid_loss	63195.8950195
batch	5760	valid_loss	63325.9731445
batch	5790	valid_loss	62780.0170898
batch	5820	valid_loss	65163.6542969
batch	5850	valid_loss	63087.6533203
batch	5880	valid_loss	62576.3520508
batch	5910	valid_loss	62470.3178711
batch	5940	valid_loss	62277.0795898
batch	5970	valid_loss	62363.8383789
batch	6000	valid_loss	62308.6049805
batch	6030	valid_loss	62639.9399414
batch	6060	valid_loss	61919.6870117
batch	6090	valid_loss	62747.7900391
batch	6120	valid_loss	61880.7719727
batch	6150	valid_loss	61555.9091797
batch	6180	valid_loss	61443.3681641
batch	6210	valid_loss	64562.1772461
batch	6240	valid_loss	61399.168457
batch	6270	valid_loss	61197.8720703
batch	6300	valid_loss	60969.6010742
batch	6330	valid_loss	61110.1293945
batch	6360	valid_loss	60849.8520508
batch	6390	valid_loss	61884.4399414
batch	6420	valid_loss	60676.5024414
batch	6450	valid_loss	60523.0048828
batch	6480	valid_loss	60555.612793
batch	6510	valid_loss	60948.0966797
batch	6540	valid_loss	60377.4716797
batch	6570	valid_loss	60117.027832
batch	6600	valid_loss	60093.9418945
batch	6630	valid_loss	60843.6035156
batch	6660	valid_loss	60088.6079102
batch	6690	valid_loss	59649.9335938
batch	6720	valid_loss	59570.6459961
batch	6750	valid_loss	59593.5571289
batch	6780	valid_loss	63753.7358398
batch	6810	valid_loss	59374.9946289
batch	6840	valid_loss	59255.1826172
batch	6870	valid_loss	59126.2485352
batch	6900	valid_loss	60274.5117188
batch	6930	valid_loss	59404.0698242
batch	6960	valid_loss	58899.7734375
batch	6990	valid_loss	59767.796875
batch	7020	valid_loss	58715.2202148
batch	7050	valid_loss	59911.7724609
batch	7080	valid_loss	58456.300293
batch	7110	valid_loss	60179.5410156
batch	7140	valid_loss	58315.7880859
batch	7170	valid_loss	58464.9306641
batch	7200	valid_loss	58078.543457
batch	7230	valid_loss	57946.7368164
batch	7260	valid_loss	57961.3828125
batch	7290	valid_loss	57893.96875
batch	7320	valid_loss	59275.6577148
batch	7350	valid_loss	57756.2675781
batch	7380	valid_loss	57742.5170898
batch	7410	valid_loss	57659.0527344
batch	7440	valid_loss	57502.5375977
batch	7470	valid_loss	57598.1904297
batch	7500	valid_loss	57261.8774414
batch	7530	valid_loss	57447.3623047
batch	7560	valid_loss	57116.5473633
batch	7590	valid_loss	57286.9775391
batch	7620	valid_loss	57758.6430664
batch	7650	valid_loss	56934.3959961
batch	7680	valid_loss	57049.5800781
batch	7710	valid_loss	56820.3398438
batch	7740	valid_loss	56690.6635742
batch	7770	valid_loss	56993.956543
batch	7800	valid_loss	57244.9360352
batch	7830	valid_loss	56460.0717773
batch	7860	valid_loss	56747.6606445
batch	7890	valid_loss	56520.8125
batch	7920	valid_loss	56245.2197266
batch	7950	valid_loss	57654.7788086
batch	7980	valid_loss	56140.5966797
batch	8010	valid_loss	56026.9760742
batch	8040	valid_loss	56343.0878906
batch	8070	valid_loss	56380.4121094
batch	8100	valid_loss	56044.0117188
batch	8130	valid_loss	55950.8823242
batch	8160	valid_loss	55754.1030273
batch	8190	valid_loss	55780.190918
batch	8220	valid_loss	55602.8618164
batch	8250	valid_loss	55441.2109375
batch	8280	valid_loss	55336.8339844
batch	8310	valid_loss	56183.7578125
batch	8340	valid_loss	55170.0019531
batch	8370	valid_loss	55187.8823242
batch	8400	valid_loss	55230.8286133
batch	8430	valid_loss	55021.5668945
batch	8460	valid_loss	58393.3994141
batch	8490	valid_loss	54896.4194336
batch	8520	valid_loss	54890.1210938
batch	8550	valid_loss	54863.3061523
batch	8580	valid_loss	54732.0551758
batch	8610	valid_loss	55053.3115234
batch	8640	valid_loss	54527.1713867
batch	8670	valid_loss	54528.5595703
batch	8700	valid_loss	54499.7646484
batch	8730	valid_loss	54649.0390625
batch	8760	valid_loss	55617.0800781
batch	8790	valid_loss	54384.4746094
batch	8820	valid_loss	54299.6411133
batch	8850	valid_loss	54474.7436523
batch	8880	valid_loss	54351.9482422
batch	8910	valid_loss	54312.4941406
batch	8940	valid_loss	54195.0405273
batch	8970	valid_loss	53906.7651367
batch	9000	valid_loss	54219.6225586
batch	9030	valid_loss	53775.1157227
batch	9060	valid_loss	53734.0332031
batch	9090	valid_loss	54206.527832
batch	9120	valid_loss	53569.2075195
batch	9150	valid_loss	53609.4130859
batch	9180	valid_loss	53774.0639648
batch	9210	valid_loss	53355.5390625
batch	9240	valid_loss	53426.2241211
batch	9270	valid_loss	53228.2456055
batch	9300	valid_loss	53748.8251953
batch	9330	valid_loss	53249.5878906
batch	9360	valid_loss	53103.0014648
batch	9390	valid_loss	53542.8037109
batch	9420	valid_loss	53279.6191406
batch	9450	valid_loss	53014.4619141
batch	9480	valid_loss	54038.3178711
batch	9510	valid_loss	52886.9677734
batch	9540	valid_loss	52792.8486328
batch	9570	valid_loss	52679.7348633
batch	9600	valid_loss	55155.1606445
batch	9630	valid_loss	52643.3662109
batch	9660	valid_loss	52474.7875977
batch	9690	valid_loss	52491.0693359
batch	9720	valid_loss	52392.65625
batch	9750	valid_loss	52382.8710938
batch	9780	valid_loss	52527.4145508
batch	9810	valid_loss	52231.1943359
batch	9840	valid_loss	53008.9711914
batch	9870	valid_loss	52412.4453125
batch	9900	valid_loss	52262.3237305
batch	9930	valid_loss	52188.1352539
batch	9960	valid_loss	52238.652832
batch	9990	valid_loss	52270.9086914
batch	10020	valid_loss	51723.5473633
batch	10050	valid_loss	51705.2026367
batch	10080	valid_loss	54226.0581055
batch	10110	valid_loss	51748.7558594
batch	10140	valid_loss	51784.9384766
batch	10170	valid_loss	51539.6425781
batch	10200	valid_loss	55318.7646484
batch	10230	valid_loss	51466.9248047
batch	10260	valid_loss	51301.2128906
batch	10290	valid_loss	51817.7236328
batch	10320	valid_loss	51341.7827148
batch	10350	valid_loss	51196.1518555
batch	10380	valid_loss	51102.8432617
batch	10410	valid_loss	51916.4677734
batch	10440	valid_loss	51010.6171875
batch	10470	valid_loss	50894.6474609
batch	10500	valid_loss	50939.5454102
batch	10530	valid_loss	51038.921875
batch	10560	valid_loss	50803.4868164
batch	10590	valid_loss	50709.6826172
batch	10620	valid_loss	50624.8354492
batch	10650	valid_loss	50684.7260742
batch	10680	valid_loss	50919.9326172
batch	10710	valid_loss	50597.7885742
batch	10740	valid_loss	50550.6166992
batch	10770	valid_loss	51034.2304688
batch	10800	valid_loss	50730.7192383
batch	10830	valid_loss	52409.2636719
batch	10860	valid_loss	50369.6743164
batch	10890	valid_loss	50389.034668
batch	10920	valid_loss	50393.621582
batch	10950	valid_loss	50364.2900391
batch	10980	valid_loss	50543.7402344
batch	11010	valid_loss	50158.8564453
batch	11040	valid_loss	50080.4130859
batch	11070	valid_loss	50063.0068359
batch	11100	valid_loss	49994.5014648
batch	11130	valid_loss	51013.0004883
batch	11160	valid_loss	50007.5581055
batch	11190	valid_loss	49785.8876953
batch	11220	valid_loss	49830.8300781
batch	11250	valid_loss	50151.796875
batch	11280	valid_loss	49805.8125
batch	11310	valid_loss	49652.46875
batch	11340	valid_loss	49632.0727539
batch	11370	valid_loss	49576.8618164
batch	11400	valid_loss	49494.9697266
batch	11430	valid_loss	49713.1367188
batch	11460	valid_loss	49707.4643555
batch	11490	valid_loss	49381.5161133
batch	11520	valid_loss	49392.6123047
batch	11550	valid_loss	49352.8061523
batch	11580	valid_loss	51030.965332
batch	11610	valid_loss	49217.890625
batch	11640	valid_loss	49202.6162109
batch	11670	valid_loss	49450.3569336
batch	11700	valid_loss	49281.3457031
batch	11730	valid_loss	49289.9418945
batch	11760	valid_loss	49089.1542969
batch	11790	valid_loss	49452.1655273
batch	11820	valid_loss	49255.465332
batch	11850	valid_loss	49302.5556641
batch	11880	valid_loss	49076.2919922
batch	11910	valid_loss	48859.7817383
batch	11940	valid_loss	54399.8544922
batch	11970	valid_loss	48825.4443359
batch	12000	valid_loss	48763.8325195
batch	12030	valid_loss	48726.4355469
batch	12060	valid_loss	48895.2963867
batch	12090	valid_loss	48714.7148438
batch	12120	valid_loss	48741.8925781
batch	12150	valid_loss	48577.8154297
batch	12180	valid_loss	48439.2456055
batch	12210	valid_loss	49188.2241211
batch	12240	valid_loss	48462.371582
batch	12270	valid_loss	48278.9345703
batch	12300	valid_loss	48405.4516602
batch	12330	valid_loss	48779.6601562
batch	12360	valid_loss	48363.0849609
batch	12390	valid_loss	48221.3925781
batch	12420	valid_loss	48457.9179688
batch	12450	valid_loss	48162.5795898
batch	12480	valid_loss	48315.4121094
batch	12510	valid_loss	48013.2617188
batch	12540	valid_loss	48127.4545898
batch	12570	valid_loss	47944.826416
batch	12600	valid_loss	48142.9038086
batch	12630	valid_loss	48168.4511719
batch	12660	valid_loss	47788.8654785
batch	12690	valid_loss	47789.5844727
batch	12720	valid_loss	47732.9353027
batch	12750	valid_loss	47952.5053711
batch	12780	valid_loss	47559.2756348
batch	12810	valid_loss	47608.317627
batch	12840	valid_loss	47512.6816406
batch	12870	valid_loss	47447.1894531
batch	12900	valid_loss	48108.0024414
batch	12930	valid_loss	47741.8457031
batch	12960	valid_loss	47260.5932617
batch	12990	valid_loss	47676.6860352
batch	13020	valid_loss	47360.2094727
batch	13050	valid_loss	47182.6391602
batch	13080	valid_loss	47695.604248
batch	13110	valid_loss	47251.0820312
batch	13140	valid_loss	47195.7089844
batch	13170	valid_loss	47151.810791
batch	13200	valid_loss	47053.0949707
batch	13230	valid_loss	47404.6271973
batch	13260	valid_loss	46945.2773438
batch	13290	valid_loss	47124.5576172
batch	13320	valid_loss	46732.3342285
batch	13350	valid_loss	47163.1459961
batch	13380	valid_loss	46710.4851074
batch	13410	valid_loss	46786.064209
batch	13440	valid_loss	47572.2399902
batch	13470	valid_loss	46818.3188477
batch	13500	valid_loss	46523.9465332
batch	13530	valid_loss	46583.7434082
batch	13560	valid_loss	46424.6516113
batch	13590	valid_loss	46645.9628906
batch	13620	valid_loss	46462.2956543
batch	13650	valid_loss	46307.8994141
batch	13680	valid_loss	46656.9807129
batch	13710	valid_loss	46267.4997559
batch	13740	valid_loss	46103.109375
batch	13770	valid_loss	46153.1015625
batch	13800	valid_loss	46013.935791
batch	13830	valid_loss	48082.4042969
batch	13860	valid_loss	45991.6889648
batch	13890	valid_loss	46003.6503906
batch	13920	valid_loss	46129.3203125
batch	13950	valid_loss	46659.3291016
batch	13980	valid_loss	45740.550293
batch	14010	valid_loss	45747.8693848
batch	14040	valid_loss	46197.8891602
batch	14070	valid_loss	45772.3076172
batch	14100	valid_loss	45643.2478027
batch	14130	valid_loss	45556.5092773
batch	14160	valid_loss	45905.2275391
batch	14190	valid_loss	45449.1496582
batch	14220	valid_loss	45329.0905762
batch	14250	valid_loss	46110.5822754
batch	14280	valid_loss	45352.1657715
batch	14310	valid_loss	46686.013916
batch	14340	valid_loss	45445.1442871
batch	14370	valid_loss	45270.3498535
batch	14400	valid_loss	45119.364502
batch	14430	valid_loss	45075.0595703
batch	14460	valid_loss	45027.5029297
batch	14490	valid_loss	44888.5161133
batch	14520	valid_loss	44896.4108887
batch	14550	valid_loss	45713.4155273
batch	14580	valid_loss	44892.6049805
batch	14610	valid_loss	44789.8056641
batch	14640	valid_loss	44751.8068848
batch	14670	valid_loss	44666.9162598
batch	14700	valid_loss	44647.84375
batch	14730	valid_loss	44713.7836914
batch	14760	valid_loss	44568.4394531
batch	14790	valid_loss	44587.4387207
batch	14820	valid_loss	46174.7355957
batch	14850	valid_loss	44615.8178711
batch	14880	valid_loss	44375.4655762
batch	14910	valid_loss	44398.8886719
batch	14940	valid_loss	44320.8015137
batch	14970	valid_loss	44731.0151367
batch	15000	valid_loss	44272.4833984
batch	15030	valid_loss	44341.798584
batch	15060	valid_loss	44319.6918945
batch	15090	valid_loss	44120.6293945
batch	15120	valid_loss	45785.8295898
batch	15150	valid_loss	44174.6535645
batch	15180	valid_loss	43961.7387695
batch	15210	valid_loss	44680.2844238
batch	15240	valid_loss	43881.5058594
batch	15270	valid_loss	43816.4516602
batch	15300	valid_loss	43903.689209
batch	15330	valid_loss	43962.8874512
batch	15360	valid_loss	44228.1762695
batch	15390	valid_loss	43633.9865723
batch	15420	valid_loss	43640.0859375
batch	15450	valid_loss	43876.4584961
batch	15480	valid_loss	43606.3283691
batch	15510	valid_loss	43642.2731934
batch	15540	valid_loss	43392.1491699
batch	15570	valid_loss	43715.2192383
batch	15600	valid_loss	43367.7084961
batch	15630	valid_loss	43534.8779297
batch	15660	valid_loss	43483.7775879
batch	15690	valid_loss	43416.5153809
batch	15720	valid_loss	43338.4821777
batch	15750	valid_loss	43246.1437988
batch	15780	valid_loss	43133.026123
batch	15810	valid_loss	45878.9333496
batch	15840	valid_loss	43153.5786133
batch	15870	valid_loss	43013.595459
batch	15900	valid_loss	43085.9763184
batch	15930	valid_loss	42980.9052734
batch	15960	valid_loss	44076.364502
batch	15990	valid_loss	43114.8674316
batch	16020	valid_loss	42912.020752
batch	16050	valid_loss	42729.8322754
batch	16080	valid_loss	43403.6557617
batch	16110	valid_loss	42816.4052734
batch	16140	valid_loss	42723.159668
batch	16170	valid_loss	42691.4155273
batch	16200	valid_loss	42792.0187988
batch	16230	valid_loss	42598.8093262
batch	16260	valid_loss	42524.7739258
batch	16290	valid_loss	43974.2636719
batch	16320	valid_loss	42555.1665039
batch	16350	valid_loss	42438.1904297
batch	16380	valid_loss	42425.4650879
batch	16410	valid_loss	42516.1052246
batch	16440	valid_loss	42496.9250488
batch	16470	valid_loss	42217.5080566
batch	16500	valid_loss	42566.8962402
batch	16530	valid_loss	42626.1960449
batch	16560	valid_loss	42333.5881348
batch	16590	valid_loss	47002.2871094
batch	16620	valid_loss	42214.5317383
batch	16650	valid_loss	42083.4025879
batch	16680	valid_loss	41950.796875
batch	16710	valid_loss	42040.4938965
batch	16740	valid_loss	42411.1469727
batch	16770	valid_loss	41963.2919922
batch	16800	valid_loss	41971.5471191
batch	16830	valid_loss	42033.4541016
batch	16860	valid_loss	41819.1462402
batch	16890	valid_loss	41755.8349609
batch	16920	valid_loss	41828.3271484
batch	16950	valid_loss	45239.65625
batch	16980	valid_loss	41710.0605469
batch	17010	valid_loss	41564.7255859
batch	17040	valid_loss	41671.8615723
batch	17070	valid_loss	42005.8693848
batch	17100	valid_loss	41435.0786133
batch	17130	valid_loss	41503.4692383
batch	17160	valid_loss	44057.0895996
batch	17190	valid_loss	41425.3596191
batch	17220	valid_loss	41392.6481934
batch	17250	valid_loss	41309.0395508
batch	17280	valid_loss	42253.3652344
batch	17310	valid_loss	41253.364502
batch	17340	valid_loss	41151.5300293
batch	17370	valid_loss	41381.0480957
batch	17400	valid_loss	41066.4050293
batch	17430	valid_loss	41596.9226074
batch	17460	valid_loss	41200.1564941
batch	17490	valid_loss	41016.8273926
batch	17520	valid_loss	40999.8615723
batch	17550	valid_loss	42460.7392578
batch	17580	valid_loss	41030.4509277
batch	17610	valid_loss	40808.1633301
batch	17640	valid_loss	41208.4560547
batch	17670	valid_loss	40857.0407715
batch	17700	valid_loss	40798.5097656
batch	17730	valid_loss	42044.1259766
batch	17760	valid_loss	40641.5935059
batch	17790	valid_loss	40818.78125
batch	17820	valid_loss	40753.7143555
batch	17850	valid_loss	40496.6860352
batch	17880	valid_loss	40692.2893066
batch	17910	valid_loss	40519.637207
batch	17940	valid_loss	40405.5126953
batch	17970	valid_loss	40509.0581055
batch	18000	valid_loss	40381.5292969
batch	18030	valid_loss	40409.8444824
batch	18060	valid_loss	40222.8518066
batch	18090	valid_loss	40421.8806152
batch	18120	valid_loss	40239.5686035
batch	18150	valid_loss	40134.9414062
batch	18180	valid_loss	40034.3684082
batch	18210	valid_loss	42295.7624512
batch	18240	valid_loss	40051.1499023
batch	18270	valid_loss	39917.7602539
batch	18300	valid_loss	39923.5944824
batch	18330	valid_loss	39944.5881348
batch	18360	valid_loss	40088.5180664
batch	18390	valid_loss	39900.2185059
batch	18420	valid_loss	39996.951416
batch	18450	valid_loss	40326.1740723
batch	18480	valid_loss	39961.407959
batch	18510	valid_loss	39669.1674805
batch	18540	valid_loss	39851.9150391
batch	18570	valid_loss	39831.842041
batch	18600	valid_loss	39577.0515137
batch	18630	valid_loss	39648.4047852
batch	18660	valid_loss	39650.3271484
batch	18690	valid_loss	39465.0900879
batch	18720	valid_loss	39463.7653809
batch	18750	valid_loss	39804.4682617
batch	18780	valid_loss	39393.9301758
batch	18810	valid_loss	39243.3937988
batch	18840	valid_loss	39263.9047852
batch	18870	valid_loss	39280.6140137
batch	18900	valid_loss	39111.3503418
batch	18930	valid_loss	39411.7055664
batch	18960	valid_loss	39177.4892578
batch	18990	valid_loss	39288.4458008
batch	19020	valid_loss	39142.8405762
batch	19050	valid_loss	39075.5151367
batch	19080	valid_loss	39503.7873535
batch	19110	valid_loss	39212.8862305
batch	19140	valid_loss	38939.5671387
batch	19170	valid_loss	39625.7856445
batch	19200	valid_loss	38778.9680176
batch	19230	valid_loss	38880.7458496
batch	19260	valid_loss	38844.4133301
batch	19290	valid_loss	39256.7519531
batch	19320	valid_loss	38698.1762695
batch	19350	valid_loss	38791.954834
batch	19380	valid_loss	38604.5422363
batch	19410	valid_loss	39415.7407227
batch	19440	valid_loss	38564.2045898
batch	19470	valid_loss	38524.4382324
batch	19500	valid_loss	38436.3994141
batch	19530	valid_loss	38459.9868164
batch	19560	valid_loss	38367.8688965
batch	19590	valid_loss	39339.8747559
batch	19620	valid_loss	38322.1721191
batch	19650	valid_loss	38521.8371582
batch	19680	valid_loss	38597.0275879
batch	19710	valid_loss	38206.2255859
batch	19740	valid_loss	38389.4699707
batch	19770	valid_loss	38158.3981934
batch	19800	valid_loss	38096.9240723
batch	19830	valid_loss	38016.1806641
batch	19860	valid_loss	38031.9890137
batch	19890	valid_loss	38154.1555176
batch	19920	valid_loss	37948.1489258
batch	19950	valid_loss	37935.6904297
batch	19980	valid_loss	38318.9448242
batch	20010	valid_loss	37885.3381348
batch	20040	valid_loss	37822.0805664
batch	20070	valid_loss	37857.8476562
batch	20100	valid_loss	37693.9223633
batch	20130	valid_loss	38270.7145996
batch	20160	valid_loss	37659.5305176
batch	20190	valid_loss	37588.864502
batch	20220	valid_loss	37601.3515625
batch	20250	valid_loss	37531.9267578
batch	20280	valid_loss	37584.1052246
batch	20310	valid_loss	37916.1257324
batch	20340	valid_loss	37623.5603027
batch	20370	valid_loss	37432.6733398
batch	20400	valid_loss	37329.5883789
batch	20430	valid_loss	37310.0510254
batch	20460	valid_loss	37356.2600098
batch	20490	valid_loss	37958.652832
batch	20520	valid_loss	37309.5703125
batch	20550	valid_loss	37185.7519531
batch	20580	valid_loss	37109.4072266
batch	20610	valid_loss	37093.9880371
batch	20640	valid_loss	38352.3256836
batch	20670	valid_loss	37086.9680176
batch	20700	valid_loss	37059.3164062
batch	20730	valid_loss	36826.6210938
batch	20760	valid_loss	36818.0268555
batch	20790	valid_loss	36845.1560059
batch	20820	valid_loss	37371.3706055
batch	20850	valid_loss	36867.152832
batch	20880	valid_loss	36742.1379395
batch	20910	valid_loss	36905.4394531
batch	20940	valid_loss	37015.2470703
batch	20970	valid_loss	36584.2729492
batch	21000	valid_loss	36842.2424316
batch	21030	valid_loss	36632.3635254
batch	21060	valid_loss	36475.8859863
batch	21090	valid_loss	36475.3198242
batch	21120	valid_loss	36715.927002
batch	21150	valid_loss	36340.7480469
batch	21180	valid_loss	36311.9216309
batch	21210	valid_loss	36354.0876465
batch	21240	valid_loss	36298.5808105
batch	21270	valid_loss	38033.3598633
batch	21300	valid_loss	36165.7429199
batch	21330	valid_loss	36247.9299316
batch	21360	valid_loss	36216.1904297
batch	21390	valid_loss	36150.0092773
batch	21420	valid_loss	38771.8059082
batch	21450	valid_loss	36061.1013184
batch	21480	valid_loss	35963.8457031
batch	21510	valid_loss	35965.293457
batch	21540	valid_loss	35947.6384277
batch	21570	valid_loss	36536.5554199
batch	21600	valid_loss	35875.9091797
batch	21630	valid_loss	35885.2897949
batch	21660	valid_loss	35981.1755371
batch	21690	valid_loss	35972.4414062
batch	21720	valid_loss	36183.9174805
batch	21750	valid_loss	35737.4077148
batch	21780	valid_loss	37237.8435059
batch	21810	valid_loss	35613.5249023
batch	21840	valid_loss	35792.0637207
batch	21870	valid_loss	35517.7910156
batch	21900	valid_loss	35582.1538086
batch	21930	valid_loss	35483.7915039
batch	21960	valid_loss	35432.5600586
batch	21990	valid_loss	38226.1787109
batch	22020	valid_loss	35382.6081543
batch	22050	valid_loss	35294.6184082
batch	22080	valid_loss	35350.6257324
batch	22110	valid_loss	35250.2575684
batch	22140	valid_loss	35260.9599609
batch	22170	valid_loss	35436.4885254
batch	22200	valid_loss	35099.3234863
batch	22230	valid_loss	35659.7336426
batch	22260	valid_loss	35195.9643555
batch	22290	valid_loss	35174.5996094
batch	22320	valid_loss	35197.9594727
batch	22350	valid_loss	35015.3076172
batch	22380	valid_loss	35149.8068848
batch	22410	valid_loss	34898.9133301
batch	22440	valid_loss	34948.4550781
batch	22470	valid_loss	34912.5866699
batch	22500	valid_loss	34841.2687988
batch	22530	valid_loss	34734.2790527
batch	22560	valid_loss	34722.3227539
batch	22590	valid_loss	35127.6633301
batch	22620	valid_loss	34664.2888184
batch	22650	valid_loss	34851.5791016
batch	22680	valid_loss	34576.2319336
batch	22710	valid_loss	36477.3200684
batch	22740	valid_loss	34579.782959
batch	22770	valid_loss	34554.2595215
batch	22800	valid_loss	34499.5756836
batch	22830	valid_loss	34570.6743164
batch	22860	valid_loss	34413.8518066
batch	22890	valid_loss	34502.9875488
batch	22920	valid_loss	34839.4978027
batch	22950	valid_loss	34310.717041
batch	22980	valid_loss	34286.4038086
batch	23010	valid_loss	34811.6655273
batch	23040	valid_loss	34165.9130859
batch	23070	valid_loss	34635.911377
batch	23100	valid_loss	34179.9655762
batch	23130	valid_loss	34130.5270996
batch	23160	valid_loss	34039.0239258
batch	23190	valid_loss	34606.4904785
batch	23220	valid_loss	34207.5563965
batch	23250	valid_loss	33915.4047852
batch	23280	valid_loss	36499.4443359
batch	23310	valid_loss	33877.9543457
batch	23340	valid_loss	33826.7338867
batch	23370	valid_loss	33798.9689941
batch	23400	valid_loss	33941.390625
batch	23430	valid_loss	33816.6335449
batch	23460	valid_loss	33903.9313965
batch	23490	valid_loss	33762.0622559
batch	23520	valid_loss	33726.5083008
batch	23550	valid_loss	34234.4916992
batch	23580	valid_loss	33562.0197754
batch	23610	valid_loss	33544.5546875
batch	23640	valid_loss	33501.4501953
batch	23670	valid_loss	33468.7246094
batch	23700	valid_loss	34052.2770996
batch	23730	valid_loss	33514.9353027
batch	23760	valid_loss	33463.0761719
batch	23790	valid_loss	33416.340332
batch	23820	valid_loss	33706.9052734
batch	23850	valid_loss	33225.28125
batch	23880	valid_loss	33273.7832031
batch	23910	valid_loss	33256.453125
batch	23940	valid_loss	33713.5793457
batch	23970	valid_loss	33257.6594238
batch	24000	valid_loss	33146.3498535
batch	24030	valid_loss	33131.010498
batch	24060	valid_loss	33751.4501953
batch	24090	valid_loss	33021.3190918
batch	24120	valid_loss	33073.6962891
batch	24150	valid_loss	33107.2644043
batch	24180	valid_loss	32934.7810059
batch	24210	valid_loss	32857.9111328
batch	24240	valid_loss	32856.1416016
batch	24270	valid_loss	33173.7348633
batch	24300	valid_loss	32853.1787109
batch	24330	valid_loss	32777.9863281
batch	24360	valid_loss	32780.123291
batch	24390	valid_loss	34008.4191895
batch	24420	valid_loss	32674.2145996
batch	24450	valid_loss	32750.7709961
batch	24480	valid_loss	32626.4353027
batch	24510	valid_loss	32733.7734375
batch	24540	valid_loss	32615.0839844
batch	24570	valid_loss	32660.6564941
batch	24600	valid_loss	32522.0549316
batch	24630	valid_loss	32837.7912598
batch	24660	valid_loss	32605.6826172
batch	24690	valid_loss	33266.5195312
batch	24720	valid_loss	32377.2700195
batch	24750	valid_loss	32471.2941895
batch	24780	valid_loss	32506.7126465
batch	24810	valid_loss	32412.0419922
batch	24840	valid_loss	32435.0300293
batch	24870	valid_loss	32205.6181641
batch	24900	valid_loss	32186.8979492
batch	24930	valid_loss	32501.6977539
batch	24960	valid_loss	32467.3125
batch	24990	valid_loss	32044.9934082
STOP
START
config	780	380	180	380	780	960
batch	0	valid_loss	5992781.0625
batch	30	valid_loss	167560.430664
batch	60	valid_loss	122289.290039
batch	90	valid_loss	120079.615234
batch	120	valid_loss	120031.979492
batch	150	valid_loss	120023.09375
batch	180	valid_loss	120083.416016
batch	210	valid_loss	120105.301758
batch	240	valid_loss	120052.529297
batch	270	valid_loss	120036.614258
batch	300	valid_loss	120094.296875
batch	330	valid_loss	120176.476562
batch	360	valid_loss	120106.47168
batch	390	valid_loss	120079.44043
batch	420	valid_loss	120174.494141
batch	450	valid_loss	120067.063477
batch	480	valid_loss	120011.587891
batch	510	valid_loss	119855.324219
batch	540	valid_loss	119012.34375
batch	570	valid_loss	116651.791016
batch	600	valid_loss	112965.152344
batch	630	valid_loss	110629.795898
batch	660	valid_loss	109741.219727
batch	690	valid_loss	109434.848633
batch	720	valid_loss	109049.598633
batch	750	valid_loss	108824.365234
batch	780	valid_loss	108430.250977
batch	810	valid_loss	107846.848633
batch	840	valid_loss	107412.777344
batch	870	valid_loss	106953.101562
batch	900	valid_loss	106572.950195
batch	930	valid_loss	106287.082031
batch	960	valid_loss	106088.568359
batch	990	valid_loss	105840.209961
batch	1020	valid_loss	105591.857422
batch	1050	valid_loss	105488.253906
batch	1080	valid_loss	105220.133789
batch	1110	valid_loss	104939.714844
batch	1140	valid_loss	104835.536133
batch	1170	valid_loss	104593.036133
batch	1200	valid_loss	104349.995117
batch	1230	valid_loss	104003.331055
batch	1260	valid_loss	103558.570312
batch	1290	valid_loss	103079.31543
batch	1320	valid_loss	102529.351562
batch	1350	valid_loss	101909.725586
batch	1380	valid_loss	101396.472656
batch	1410	valid_loss	100850.911133
batch	1440	valid_loss	100498.236328
batch	1470	valid_loss	100032.720703
batch	1500	valid_loss	99588.1308594
batch	1530	valid_loss	99234.4599609
batch	1560	valid_loss	98716.6035156
batch	1590	valid_loss	98163.5400391
batch	1620	valid_loss	97657.8798828
batch	1650	valid_loss	97198.3535156
batch	1680	valid_loss	96769.8203125
batch	1710	valid_loss	96172.15625
batch	1740	valid_loss	95710.8476562
batch	1770	valid_loss	95075.1357422
batch	1800	valid_loss	94601.9628906
batch	1830	valid_loss	93937.9277344
batch	1860	valid_loss	93334.6142578
batch	1890	valid_loss	92740.4555664
batch	1920	valid_loss	92248.4750977
batch	1950	valid_loss	91563.6713867
batch	1980	valid_loss	91241.0429688
batch	2010	valid_loss	90394.5136719
batch	2040	valid_loss	89890.2983398
batch	2070	valid_loss	89341.9560547
batch	2100	valid_loss	88757.8666992
batch	2130	valid_loss	88189.527832
batch	2160	valid_loss	87982.8701172
batch	2190	valid_loss	87068.3608398
batch	2220	valid_loss	86801.5546875
batch	2250	valid_loss	86425.5908203
batch	2280	valid_loss	86162.5097656
batch	2310	valid_loss	85198.1650391
batch	2340	valid_loss	84927.0439453
batch	2370	valid_loss	85297.9140625
batch	2400	valid_loss	83860.3823242
batch	2430	valid_loss	83726.5864258
batch	2460	valid_loss	83098.9946289
batch	2490	valid_loss	82557.8007812
batch	2520	valid_loss	82311.7036133
batch	2550	valid_loss	81780.7949219
batch	2580	valid_loss	82040.5200195
batch	2610	valid_loss	80933.5170898
batch	2640	valid_loss	80552.6557617
batch	2670	valid_loss	80311.1899414
batch	2700	valid_loss	79764.7104492
batch	2730	valid_loss	79320.0024414
batch	2760	valid_loss	78950.2490234
batch	2790	valid_loss	78736.2158203
batch	2820	valid_loss	78220.9916992
batch	2850	valid_loss	77780.1269531
batch	2880	valid_loss	77508.5332031
batch	2910	valid_loss	77187.4711914
batch	2940	valid_loss	76981.9287109
batch	2970	valid_loss	76702.3525391
batch	3000	valid_loss	76229.9907227
batch	3030	valid_loss	76514.4912109
batch	3060	valid_loss	75568.8657227
batch	3090	valid_loss	75470.4956055
batch	3120	valid_loss	75222.8652344
batch	3150	valid_loss	75043.3408203
batch	3180	valid_loss	74872.0629883
batch	3210	valid_loss	74390.159668
batch	3240	valid_loss	74531.5693359
batch	3270	valid_loss	74086.0717773
batch	3300	valid_loss	73431.9101562
batch	3330	valid_loss	73328.5234375
batch	3360	valid_loss	73254.0927734
batch	3390	valid_loss	72809.2333984
batch	3420	valid_loss	72516.2207031
batch	3450	valid_loss	72399.0380859
batch	3480	valid_loss	74616.6464844
batch	3510	valid_loss	71906.0771484
batch	3540	valid_loss	71762.1337891
batch	3570	valid_loss	71779.703125
batch	3600	valid_loss	71365.1137695
batch	3630	valid_loss	71131.9677734
batch	3660	valid_loss	70839.9052734
batch	3690	valid_loss	70723.6782227
batch	3720	valid_loss	71972.5351562
batch	3750	valid_loss	70146.3120117
batch	3780	valid_loss	70099.3276367
batch	3810	valid_loss	70433.8764648
batch	3840	valid_loss	70108.6328125
batch	3870	valid_loss	69526.0195312
batch	3900	valid_loss	69296.3618164
batch	3930	valid_loss	70288.4790039
batch	3960	valid_loss	68760.0898438
batch	3990	valid_loss	68577.3212891
batch	4020	valid_loss	68651.0610352
batch	4050	valid_loss	68239.5205078
batch	4080	valid_loss	68046.6606445
batch	4110	valid_loss	67864.137207
batch	4140	valid_loss	67701.4726562
batch	4170	valid_loss	67825.2973633
batch	4200	valid_loss	67562.8295898
batch	4230	valid_loss	67795.6264648
batch	4260	valid_loss	66996.9638672
batch	4290	valid_loss	66956.9892578
batch	4320	valid_loss	67470.7270508
batch	4350	valid_loss	66764.3305664
batch	4380	valid_loss	66367.5292969
batch	4410	valid_loss	66295.5361328
batch	4440	valid_loss	66217.9711914
batch	4470	valid_loss	66100.3486328
batch	4500	valid_loss	65944.6245117
batch	4530	valid_loss	66114.8706055
batch	4560	valid_loss	65566.3061523
batch	4590	valid_loss	65342.1630859
batch	4620	valid_loss	70296.6035156
batch	4650	valid_loss	65123.4033203
batch	4680	valid_loss	64905.027832
batch	4710	valid_loss	64873.234375
batch	4740	valid_loss	64607.6445312
batch	4770	valid_loss	65191.8286133
batch	4800	valid_loss	64386.2832031
batch	4830	valid_loss	64209.1357422
batch	4860	valid_loss	64260.7768555
batch	4890	valid_loss	63937.1342773
batch	4920	valid_loss	63786.6738281
batch	4950	valid_loss	63853.0043945
batch	4980	valid_loss	63683.8232422
batch	5010	valid_loss	63430.8359375
batch	5040	valid_loss	65808.1738281
batch	5070	valid_loss	63140.4868164
batch	5100	valid_loss	62949.1655273
batch	5130	valid_loss	63060.5537109
batch	5160	valid_loss	62717.8256836
batch	5190	valid_loss	62769.2021484
batch	5220	valid_loss	65206.7651367
batch	5250	valid_loss	62441.3984375
batch	5280	valid_loss	62537.4638672
batch	5310	valid_loss	62313.4746094
batch	5340	valid_loss	62119.4116211
batch	5370	valid_loss	62007.4169922
batch	5400	valid_loss	61714.1606445
batch	5430	valid_loss	63065.1220703
batch	5460	valid_loss	61568.4472656
batch	5490	valid_loss	61323.6557617
batch	5520	valid_loss	61192.7060547
batch	5550	valid_loss	61465.3393555
batch	5580	valid_loss	61284.2016602
batch	5610	valid_loss	61111.6098633
batch	5640	valid_loss	60821.7524414
batch	5670	valid_loss	61330.5224609
batch	5700	valid_loss	60789.2900391
batch	5730	valid_loss	60334.675293
batch	5760	valid_loss	60443.2661133
batch	5790	valid_loss	60865.940918
batch	5820	valid_loss	60329.5517578
batch	5850	valid_loss	60072.472168
batch	5880	valid_loss	59966.7905273
batch	5910	valid_loss	60223.0566406
batch	5940	valid_loss	59775.237793
batch	5970	valid_loss	59593.1079102
batch	6000	valid_loss	59644.3603516
batch	6030	valid_loss	59441.4135742
batch	6060	valid_loss	59850.9726562
batch	6090	valid_loss	59018.6220703
batch	6120	valid_loss	59227.0371094
batch	6150	valid_loss	58875.8642578
batch	6180	valid_loss	58834.4472656
batch	6210	valid_loss	59069.4541016
batch	6240	valid_loss	58883.0556641
batch	6270	valid_loss	58565.4091797
batch	6300	valid_loss	58427.1860352
batch	6330	valid_loss	60829.2451172
batch	6360	valid_loss	58120.1298828
batch	6390	valid_loss	58160.5336914
batch	6420	valid_loss	59564.9741211
batch	6450	valid_loss	58131.3554688
batch	6480	valid_loss	57905.90625
batch	6510	valid_loss	64362.4794922
batch	6540	valid_loss	57742.5375977
batch	6570	valid_loss	57471.2612305
batch	6600	valid_loss	57401.3320312
batch	6630	valid_loss	57304.796875
batch	6660	valid_loss	57244.215332
batch	6690	valid_loss	57118.0019531
batch	6720	valid_loss	58036.0654297
batch	6750	valid_loss	57518.2177734
batch	6780	valid_loss	56936.2089844
batch	6810	valid_loss	56934.043457
batch	6840	valid_loss	57025.3955078
batch	6870	valid_loss	56846.6962891
batch	6900	valid_loss	57514.277832
batch	6930	valid_loss	56440.8652344
batch	6960	valid_loss	56510.4077148
batch	6990	valid_loss	56462.0541992
batch	7020	valid_loss	58763.1489258
batch	7050	valid_loss	56284.449707
batch	7080	valid_loss	56046.081543
batch	7110	valid_loss	56027.8691406
batch	7140	valid_loss	57633.7666016
batch	7170	valid_loss	55966.7338867
batch	7200	valid_loss	55806.8876953
batch	7230	valid_loss	55707.6704102
batch	7260	valid_loss	55955.7558594
batch	7290	valid_loss	55497.7583008
batch	7320	valid_loss	55943.3647461
batch	7350	valid_loss	55302.1708984
batch	7380	valid_loss	55796.8706055
batch	7410	valid_loss	55312.3359375
batch	7440	valid_loss	55852.2548828
batch	7470	valid_loss	55027.8994141
batch	7500	valid_loss	55073.0444336
batch	7530	valid_loss	54957.1118164
batch	7560	valid_loss	56490.4589844
batch	7590	valid_loss	55202.5820312
batch	7620	valid_loss	54772.9511719
batch	7650	valid_loss	54633.6948242
batch	7680	valid_loss	55158.1074219
batch	7710	valid_loss	54623.1899414
batch	7740	valid_loss	56403.8510742
batch	7770	valid_loss	54497.5498047
batch	7800	valid_loss	54434.4702148
batch	7830	valid_loss	54204.6723633
batch	7860	valid_loss	54218.0581055
batch	7890	valid_loss	54428.8266602
batch	7920	valid_loss	54130.6376953
batch	7950	valid_loss	54450.1884766
batch	7980	valid_loss	53895.3076172
batch	8010	valid_loss	54097.3828125
batch	8040	valid_loss	54744.2285156
batch	8070	valid_loss	53645.4321289
batch	8100	valid_loss	55050.9770508
batch	8130	valid_loss	53547.5297852
batch	8160	valid_loss	53487.9208984
batch	8190	valid_loss	53633.2172852
batch	8220	valid_loss	53401.5327148
batch	8250	valid_loss	53552.84375
batch	8280	valid_loss	53223.8544922
batch	8310	valid_loss	53219.3105469
batch	8340	valid_loss	53805.4091797
batch	8370	valid_loss	53518.1425781
batch	8400	valid_loss	53225.609375
batch	8430	valid_loss	52851.9448242
batch	8460	valid_loss	52832.6953125
batch	8490	valid_loss	55536.0463867
batch	8520	valid_loss	52806.1938477
batch	8550	valid_loss	52692.8793945
batch	8580	valid_loss	53033.171875
batch	8610	valid_loss	52558.5830078
batch	8640	valid_loss	52395.1079102
batch	8670	valid_loss	52421.8432617
batch	8700	valid_loss	53019.5458984
batch	8730	valid_loss	52328.4165039
batch	8760	valid_loss	53875.5551758
batch	8790	valid_loss	52266.1523438
batch	8820	valid_loss	52131.1728516
batch	8850	valid_loss	52044.6611328
batch	8880	valid_loss	52156.2016602
batch	8910	valid_loss	51827.9790039
batch	8940	valid_loss	52315.2294922
batch	8970	valid_loss	52448.2998047
batch	9000	valid_loss	51856.7583008
batch	9030	valid_loss	52294.3833008
batch	9060	valid_loss	51670.7250977
batch	9090	valid_loss	52051.3457031
batch	9120	valid_loss	51602.378418
batch	9150	valid_loss	51946.4453125
batch	9180	valid_loss	51499.9389648
batch	9210	valid_loss	51288.6445312
batch	9240	valid_loss	51546.2578125
batch	9270	valid_loss	51253.0161133
batch	9300	valid_loss	51219.5795898
batch	9330	valid_loss	51142.7041016
batch	9360	valid_loss	51942.9492188
batch	9390	valid_loss	50928.3398438
batch	9420	valid_loss	51434.5693359
batch	9450	valid_loss	51043.7133789
batch	9480	valid_loss	50899.1108398
batch	9510	valid_loss	50854.7416992
batch	9540	valid_loss	51467.1899414
batch	9570	valid_loss	50765.4638672
batch	9600	valid_loss	50945.8598633
batch	9630	valid_loss	50800.7114258
batch	9660	valid_loss	50576.2133789
batch	9690	valid_loss	50525.6870117
batch	9720	valid_loss	50967.890625
batch	9750	valid_loss	50382.7089844
batch	9780	valid_loss	50869.1572266
batch	9810	valid_loss	50425.7729492
batch	9840	valid_loss	50481.9902344
batch	9870	valid_loss	50208.7255859
batch	9900	valid_loss	51281.8623047
batch	9930	valid_loss	50176.0014648
batch	9960	valid_loss	50049.1245117
batch	9990	valid_loss	49983.234375
batch	10020	valid_loss	51167.6767578
batch	10050	valid_loss	49995.9243164
batch	10080	valid_loss	49921.8955078
batch	10110	valid_loss	50373.9682617
batch	10140	valid_loss	50219.3408203
batch	10170	valid_loss	49824.8012695
batch	10200	valid_loss	49681.8725586
batch	10230	valid_loss	49642.605957
batch	10260	valid_loss	49589.5449219
batch	10290	valid_loss	49570.3491211
batch	10320	valid_loss	49764.9008789
batch	10350	valid_loss	49606.277832
batch	10380	valid_loss	49430.1103516
batch	10410	valid_loss	49600.3134766
batch	10440	valid_loss	49405.4663086
batch	10470	valid_loss	49450.0454102
batch	10500	valid_loss	49363.934082
batch	10530	valid_loss	49289.9975586
batch	10560	valid_loss	49696.3369141
batch	10590	valid_loss	49166.7324219
batch	10620	valid_loss	49289.0756836
batch	10650	valid_loss	49617.7124023
batch	10680	valid_loss	49070.7875977
batch	10710	valid_loss	49118.8276367
batch	10740	valid_loss	49378.1083984
batch	10770	valid_loss	50216.9760742
batch	10800	valid_loss	49313.7734375
batch	10830	valid_loss	48980.2587891
batch	10860	valid_loss	48885.7407227
batch	10890	valid_loss	50109.9267578
batch	10920	valid_loss	48788.8745117
batch	10950	valid_loss	48682.2988281
batch	10980	valid_loss	48620.4296875
batch	11010	valid_loss	49160.8798828
batch	11040	valid_loss	48617.7861328
batch	11070	valid_loss	48532.6650391
batch	11100	valid_loss	50146.0756836
batch	11130	valid_loss	48476.9765625
batch	11160	valid_loss	48457.9941406
batch	11190	valid_loss	48477.6704102
batch	11220	valid_loss	48301.2080078
batch	11250	valid_loss	48397.753418
batch	11280	valid_loss	48520.9736328
batch	11310	valid_loss	48332.0019531
batch	11340	valid_loss	48286.4345703
batch	11370	valid_loss	48333.8632812
batch	11400	valid_loss	48196.5571289
batch	11430	valid_loss	48064.0126953
batch	11460	valid_loss	48222.8657227
batch	11490	valid_loss	48220.15625
batch	11520	valid_loss	47930.2072754
batch	11550	valid_loss	47848.5476074
batch	11580	valid_loss	48176.09375
batch	11610	valid_loss	48095.5688477
batch	11640	valid_loss	47830.2565918
batch	11670	valid_loss	48325.1860352
batch	11700	valid_loss	47715.2768555
batch	11730	valid_loss	50857.5297852
batch	11760	valid_loss	47685.7314453
batch	11790	valid_loss	47682.9868164
batch	11820	valid_loss	47655.519043
batch	11850	valid_loss	47685.423584
batch	11880	valid_loss	47742.9772949
batch	11910	valid_loss	47456.4223633
batch	11940	valid_loss	47341.6203613
batch	11970	valid_loss	47316.0830078
batch	12000	valid_loss	47384.2983398
batch	12030	valid_loss	47261.996582
batch	12060	valid_loss	48511.8701172
batch	12090	valid_loss	47326.5888672
batch	12120	valid_loss	47129.3022461
batch	12150	valid_loss	48329.6025391
batch	12180	valid_loss	47056.9436035
batch	12210	valid_loss	47169.895752
batch	12240	valid_loss	48084.1049805
batch	12270	valid_loss	47012.8339844
batch	12300	valid_loss	47019.5
batch	12330	valid_loss	46993.2109375
batch	12360	valid_loss	47673.6765137
batch	12390	valid_loss	46857.7929688
batch	12420	valid_loss	47150.5812988
batch	12450	valid_loss	46819.119873
batch	12480	valid_loss	46871.1872559
batch	12510	valid_loss	46677.5214844
batch	12540	valid_loss	46701.7402344
batch	12570	valid_loss	47463.3164062
batch	12600	valid_loss	46620.5075684
batch	12630	valid_loss	46626.657959
batch	12660	valid_loss	47378.6154785
batch	12690	valid_loss	46571.1430664
batch	12720	valid_loss	46680.5117188
batch	12750	valid_loss	46422.6574707
batch	12780	valid_loss	48228.5556641
batch	12810	valid_loss	46428.9921875
batch	12840	valid_loss	46461.2341309
batch	12870	valid_loss	46333.3654785
batch	12900	valid_loss	48605.5170898
batch	12930	valid_loss	46354.2358398
batch	12960	valid_loss	46287.0556641
batch	12990	valid_loss	46274.0576172
batch	13020	valid_loss	46298.0544434
batch	13050	valid_loss	46247.9255371
batch	13080	valid_loss	46388.2614746
batch	13110	valid_loss	46200.7561035
batch	13140	valid_loss	46120.786377
batch	13170	valid_loss	48093.2890625
batch	13200	valid_loss	46197.0490723
batch	13230	valid_loss	46145.331543
batch	13260	valid_loss	46180.8852539
batch	13290	valid_loss	46085.1669922
batch	13320	valid_loss	46320.2543945
batch	13350	valid_loss	46505.0024414
batch	13380	valid_loss	46038.550293
batch	13410	valid_loss	46952.7822266
batch	13440	valid_loss	45884.7802734
batch	13470	valid_loss	46097.467041
batch	13500	valid_loss	46028.5871582
batch	13530	valid_loss	45821.0461426
batch	13560	valid_loss	45665.1342773
batch	13590	valid_loss	46217.5251465
batch	13620	valid_loss	45828.4726562
batch	13650	valid_loss	46567.0598145
batch	13680	valid_loss	45639.8742676
batch	13710	valid_loss	46405.7399902
batch	13740	valid_loss	45682.4567871
batch	13770	valid_loss	45587.1420898
batch	13800	valid_loss	46896.4023438
batch	13830	valid_loss	45511.4418945
batch	13860	valid_loss	45464.0822754
batch	13890	valid_loss	46252.642334
batch	13920	valid_loss	45416.5214844
batch	13950	valid_loss	45401.1401367
batch	13980	valid_loss	45920.9460449
batch	14010	valid_loss	45401.635498
batch	14040	valid_loss	45911.3337402
batch	14070	valid_loss	45421.5063477
batch	14100	valid_loss	45265.7336426
batch	14130	valid_loss	45355.7900391
batch	14160	valid_loss	46022.9401855
batch	14190	valid_loss	45092.826416
batch	14220	valid_loss	45007.0432129
batch	14250	valid_loss	50856.8095703
batch	14280	valid_loss	45163.5585938
batch	14310	valid_loss	44882.7099609
batch	14340	valid_loss	44898.2961426
batch	14370	valid_loss	45104.434082
batch	14400	valid_loss	44916.9555664
batch	14430	valid_loss	45120.6472168
batch	14460	valid_loss	44862.6474609
batch	14490	valid_loss	44736.3735352
batch	14520	valid_loss	44828.8493652
batch	14550	valid_loss	44785.3083496
batch	14580	valid_loss	44893.1386719
batch	14610	valid_loss	44609.9492188
batch	14640	valid_loss	44651.8867188
batch	14670	valid_loss	44929.0266113
batch	14700	valid_loss	44545.1525879
batch	14730	valid_loss	47387.4108887
batch	14760	valid_loss	44541.8369141
batch	14790	valid_loss	44489.0722656
batch	14820	valid_loss	44510.4516602
batch	14850	valid_loss	44378.9692383
batch	14880	valid_loss	44430.9523926
batch	14910	valid_loss	44663.3867188
batch	14940	valid_loss	44277.2302246
batch	14970	valid_loss	44213.5458984
batch	15000	valid_loss	44320.0996094
batch	15030	valid_loss	44220.5161133
batch	15060	valid_loss	44238.4291992
batch	15090	valid_loss	44064.5268555
batch	15120	valid_loss	43936.5383301
batch	15150	valid_loss	44641.8852539
batch	15180	valid_loss	44055.3308105
batch	15210	valid_loss	45444.1914062
batch	15240	valid_loss	43964.0493164
batch	15270	valid_loss	43891.7507324
batch	15300	valid_loss	44025.1459961
batch	15330	valid_loss	43822.2502441
batch	15360	valid_loss	44380.6647949
batch	15390	valid_loss	43672.6984863
batch	15420	valid_loss	43683.1508789
batch	15450	valid_loss	43766.295166
batch	15480	valid_loss	43580.1247559
batch	15510	valid_loss	43526.0371094
batch	15540	valid_loss	43652.21875
batch	15570	valid_loss	43406.3950195
batch	15600	valid_loss	43685.9804688
batch	15630	valid_loss	43462.9846191
batch	15660	valid_loss	44743.3461914
batch	15690	valid_loss	43381.0319824
batch	15720	valid_loss	43929.0842285
batch	15750	valid_loss	43206.7089844
batch	15780	valid_loss	44589.0151367
batch	15810	valid_loss	43169.6074219
batch	15840	valid_loss	43179.5454102
batch	15870	valid_loss	43172.0759277
batch	15900	valid_loss	43261.5761719
batch	15930	valid_loss	43397.3078613
batch	15960	valid_loss	43124.4616699
batch	15990	valid_loss	44251.3032227
batch	16020	valid_loss	42901.3347168
batch	16050	valid_loss	42731.7878418
batch	16080	valid_loss	43475.970459
batch	16110	valid_loss	42734.0209961
batch	16140	valid_loss	42743.5517578
batch	16170	valid_loss	42619.0754395
batch	16200	valid_loss	42657.3850098
batch	16230	valid_loss	42569.0898438
batch	16260	valid_loss	42716.347168
batch	16290	valid_loss	42445.4375
batch	16320	valid_loss	43011.0285645
batch	16350	valid_loss	42460.1486816
batch	16380	valid_loss	42552.6181641
batch	16410	valid_loss	42509.5683594
batch	16440	valid_loss	42449.2636719
batch	16470	valid_loss	43040.7915039
batch	16500	valid_loss	42264.5905762
batch	16530	valid_loss	42360.7468262
batch	16560	valid_loss	42878.7966309
batch	16590	valid_loss	42154.3527832
batch	16620	valid_loss	42281.0266113
batch	16650	valid_loss	42044.0344238
batch	16680	valid_loss	42083.748291
batch	16710	valid_loss	41849.3928223
batch	16740	valid_loss	41978.0090332
batch	16770	valid_loss	41991.032959
batch	16800	valid_loss	41739.3745117
batch	16830	valid_loss	41684.2902832
batch	16860	valid_loss	42044.2167969
batch	16890	valid_loss	41680.3615723
batch	16920	valid_loss	41525.6520996
batch	16950	valid_loss	41523.0219727
batch	16980	valid_loss	41858.1479492
batch	17010	valid_loss	41650.4973145
batch	17040	valid_loss	42192.1860352
batch	17070	valid_loss	41381.5493164
batch	17100	valid_loss	41294.3867188
batch	17130	valid_loss	41379.9055176
batch	17160	valid_loss	42034.5280762
batch	17190	valid_loss	41346.9020996
batch	17220	valid_loss	41170.4641113
batch	17250	valid_loss	42043.1130371
batch	17280	valid_loss	41123.7443848
batch	17310	valid_loss	41038.9658203
batch	17340	valid_loss	40985.8825684
batch	17370	valid_loss	41577.3447266
batch	17400	valid_loss	41249.0402832
batch	17430	valid_loss	40947.0039062
batch	17460	valid_loss	40896.9240723
batch	17490	valid_loss	41118.6672363
batch	17520	valid_loss	40796.9228516
batch	17550	valid_loss	42709.8918457
batch	17580	valid_loss	40790.2937012
batch	17610	valid_loss	40695.5615234
batch	17640	valid_loss	40655.1813965
batch	17670	valid_loss	40653.7397461
batch	17700	valid_loss	40964.5336914
batch	17730	valid_loss	40559.7575684
batch	17760	valid_loss	40766.5192871
batch	17790	valid_loss	40797.0170898
batch	17820	valid_loss	40471.6523438
batch	17850	valid_loss	40474.1936035
batch	17880	valid_loss	40410.4584961
batch	17910	valid_loss	40602.8962402
batch	17940	valid_loss	40574.0710449
batch	17970	valid_loss	40330.5246582
batch	18000	valid_loss	40257.6618652
batch	18030	valid_loss	40996.6206055
batch	18060	valid_loss	40265.9851074
batch	18090	valid_loss	40423.9675293
batch	18120	valid_loss	40563.8037109
batch	18150	valid_loss	40095.2104492
batch	18180	valid_loss	40996.4038086
batch	18210	valid_loss	40196.958252
batch	18240	valid_loss	40070.543457
batch	18270	valid_loss	40122.1220703
batch	18300	valid_loss	39908.7285156
batch	18330	valid_loss	40454.0473633
batch	18360	valid_loss	39801.973877
batch	18390	valid_loss	39785.230957
batch	18420	valid_loss	39742.4694824
batch	18450	valid_loss	39780.8308105
batch	18480	valid_loss	39778.6582031
batch	18510	valid_loss	40289.2207031
batch	18540	valid_loss	39665.3144531
batch	18570	valid_loss	39589.1928711
batch	18600	valid_loss	39667.3063965
batch	18630	valid_loss	40413.6462402
batch	18660	valid_loss	39526.2583008
batch	18690	valid_loss	39644.4174805
batch	18720	valid_loss	39551.9885254
batch	18750	valid_loss	39344.3415527
batch	18780	valid_loss	39355.6936035
batch	18810	valid_loss	42539.7756348
batch	18840	valid_loss	39358.934082
batch	18870	valid_loss	39185.5671387
batch	18900	valid_loss	39119.0900879
batch	18930	valid_loss	39130.1743164
batch	18960	valid_loss	39135.7248535
batch	18990	valid_loss	39032.1281738
batch	19020	valid_loss	39450.4731445
batch	19050	valid_loss	39182.8979492
batch	19080	valid_loss	39075.9560547
batch	19110	valid_loss	38939.8034668
batch	19140	valid_loss	39423.9033203
batch	19170	valid_loss	38769.2316895
batch	19200	valid_loss	38867.298584
batch	19230	valid_loss	38777.4296875
batch	19260	valid_loss	38956.1037598
batch	19290	valid_loss	38752.5559082
batch	19320	valid_loss	39428.810791
batch	19350	valid_loss	38763.3623047
batch	19380	valid_loss	38542.6970215
batch	19410	valid_loss	38820.2114258
batch	19440	valid_loss	38554.7016602
batch	19470	valid_loss	38513.6801758
batch	19500	valid_loss	38645.4055176
batch	19530	valid_loss	38505.7033691
batch	19560	valid_loss	38902.4956055
batch	19590	valid_loss	38376.6535645
batch	19620	valid_loss	38327.1604004
batch	19650	valid_loss	38229.8198242
batch	19680	valid_loss	39133.9294434
batch	19710	valid_loss	38275.885498
batch	19740	valid_loss	38149.6225586
batch	19770	valid_loss	38964.4760742
batch	19800	valid_loss	38058.6994629
batch	19830	valid_loss	38080.7441406
batch	19860	valid_loss	38004.6972656
batch	19890	valid_loss	38697.8754883
batch	19920	valid_loss	37897.2114258
batch	19950	valid_loss	38458.8308105
batch	19980	valid_loss	38261.559082
batch	20010	valid_loss	37840.7387695
batch	20040	valid_loss	39238.5100098
batch	20070	valid_loss	37882.7182617
batch	20100	valid_loss	37687.4658203
batch	20130	valid_loss	38223.3405762
batch	20160	valid_loss	38084.6091309
batch	20190	valid_loss	37766.621582
batch	20220	valid_loss	37811.0964355
batch	20250	valid_loss	37583.0986328
batch	20280	valid_loss	37901.145752
batch	20310	valid_loss	37451.8371582
batch	20340	valid_loss	37518.0031738
batch	20370	valid_loss	37667.4858398
batch	20400	valid_loss	37646.5180664
batch	20430	valid_loss	37273.6982422
batch	20460	valid_loss	37318.0708008
batch	20490	valid_loss	37235.9880371
batch	20520	valid_loss	37410.3410645
batch	20550	valid_loss	37386.4521484
batch	20580	valid_loss	37198.5300293
batch	20610	valid_loss	37157.3220215
batch	20640	valid_loss	37222.1264648
batch	20670	valid_loss	37158.2260742
batch	20700	valid_loss	37145.7172852
batch	20730	valid_loss	37450.6257324
batch	20760	valid_loss	36943.3359375
batch	20790	valid_loss	36862.2270508
batch	20820	valid_loss	36804.4348145
batch	20850	valid_loss	37044.7663574
batch	20880	valid_loss	36793.3198242
batch	20910	valid_loss	36683.4038086
batch	20940	valid_loss	36630.2624512
batch	20970	valid_loss	36701.092041
batch	21000	valid_loss	36595.7480469
batch	21030	valid_loss	36961.9626465
batch	21060	valid_loss	36522.5612793
batch	21090	valid_loss	37978.5129395
batch	21120	valid_loss	36587.3317871
batch	21150	valid_loss	36432.5229492
batch	21180	valid_loss	36355.3647461
batch	21210	valid_loss	36502.347168
batch	21240	valid_loss	36448.4020996
batch	21270	valid_loss	36291.125
batch	21300	valid_loss	36499.418457
batch	21330	valid_loss	36171.0048828
batch	21360	valid_loss	36616.9916992
batch	21390	valid_loss	36189.5727539
batch	21420	valid_loss	36084.6960449
batch	21450	valid_loss	36051.2895508
batch	21480	valid_loss	36039.3830566
batch	21510	valid_loss	36010.3952637
batch	21540	valid_loss	36329.5285645
batch	21570	valid_loss	35893.1386719
batch	21600	valid_loss	36164.2175293
batch	21630	valid_loss	35859.1169434
batch	21660	valid_loss	35826.5112305
batch	21690	valid_loss	36683.3500977
batch	21720	valid_loss	35671.3857422
batch	21750	valid_loss	35773.7880859
batch	21780	valid_loss	35719.9594727
batch	21810	valid_loss	35627.8984375
batch	21840	valid_loss	35824.4484863
batch	21870	valid_loss	35747.838623
batch	21900	valid_loss	35508.7045898
batch	21930	valid_loss	37014.7407227
batch	21960	valid_loss	35554.4545898
batch	21990	valid_loss	35347.2329102
batch	22020	valid_loss	35381.7927246
batch	22050	valid_loss	35500.2646484
batch	22080	valid_loss	35476.3818359
batch	22110	valid_loss	35250.0974121
batch	22140	valid_loss	35229.310791
batch	22170	valid_loss	35823.1015625
batch	22200	valid_loss	35337.6799316
batch	22230	valid_loss	35235.1091309
batch	22260	valid_loss	35280.5043945
batch	22290	valid_loss	35034.6276855
batch	22320	valid_loss	36672.2080078
batch	22350	valid_loss	34983.3579102
batch	22380	valid_loss	34879.3901367
batch	22410	valid_loss	34899.1079102
batch	22440	valid_loss	34869.8640137
batch	22470	valid_loss	35338.2355957
batch	22500	valid_loss	35150.3688965
batch	22530	valid_loss	34738.1813965
batch	22560	valid_loss	34717.4602051
batch	22590	valid_loss	34706.5637207
batch	22620	valid_loss	34927.9699707
batch	22650	valid_loss	34635.717041
batch	22680	valid_loss	34778.9946289
batch	22710	valid_loss	34590.1171875
batch	22740	valid_loss	34564.7756348
batch	22770	valid_loss	34459.78125
batch	22800	valid_loss	34490.6123047
batch	22830	valid_loss	34409.1411133
batch	22860	valid_loss	34418.3061523
batch	22890	valid_loss	34496.1943359
batch	22920	valid_loss	34505.6765137
batch	22950	valid_loss	34322.310791
batch	22980	valid_loss	34703.7006836
batch	23010	valid_loss	34098.8266602
batch	23040	valid_loss	34110.713623
batch	23070	valid_loss	34121.7746582
batch	23100	valid_loss	34091.614502
batch	23130	valid_loss	34029.4038086
batch	23160	valid_loss	34190.9562988
batch	23190	valid_loss	34012.1987305
batch	23220	valid_loss	33958.1271973
batch	23250	valid_loss	33875.7993164
batch	23280	valid_loss	34107.9506836
batch	23310	valid_loss	34038.8955078
batch	23340	valid_loss	33727.1489258
batch	23370	valid_loss	33750.3198242
batch	23400	valid_loss	34250.8449707
batch	23430	valid_loss	33549.3156738
batch	23460	valid_loss	33671.0881348
batch	23490	valid_loss	33824.5878906
batch	23520	valid_loss	33611.9104004
batch	23550	valid_loss	33462.1928711
batch	23580	valid_loss	33470.2526855
batch	23610	valid_loss	34230.4592285
batch	23640	valid_loss	33557.8972168
batch	23670	valid_loss	33438.4523926
batch	23700	valid_loss	33414.0180664
batch	23730	valid_loss	33542.300293
batch	23760	valid_loss	33198.4040527
batch	23790	valid_loss	33162.668457
batch	23820	valid_loss	33369.1865234
batch	23850	valid_loss	33151.9926758
batch	23880	valid_loss	32963.1220703
batch	23910	valid_loss	33484.7280273
batch	23940	valid_loss	33066.9819336
batch	23970	valid_loss	32849.8359375
batch	24000	valid_loss	32947.9899902
batch	24030	valid_loss	32783.8662109
batch	24060	valid_loss	32722.9111328
batch	24090	valid_loss	32655.4692383
batch	24120	valid_loss	32897.994873
batch	24150	valid_loss	32770.1325684
batch	24180	valid_loss	32803.9082031
batch	24210	valid_loss	32619.3928223
batch	24240	valid_loss	32562.0664062
batch	24270	valid_loss	32589.1906738
batch	24300	valid_loss	32549.3093262
batch	24330	valid_loss	32572.1628418
batch	24360	valid_loss	32529.3083496
batch	24390	valid_loss	32336.2558594
batch	24420	valid_loss	32835.7192383
batch	24450	valid_loss	32353.1872559
batch	24480	valid_loss	32206.4008789
batch	24510	valid_loss	32294.8327637
batch	24540	valid_loss	32321.003418
batch	24570	valid_loss	32173.4865723
batch	24600	valid_loss	32055.9487305
batch	24630	valid_loss	32211.9128418
batch	24660	valid_loss	32001.1672363
batch	24690	valid_loss	32592.8334961
batch	24720	valid_loss	31939.3254395
batch	24750	valid_loss	31994.032959
batch	24780	valid_loss	31807.434082
batch	24810	valid_loss	31811.9804688
batch	24840	valid_loss	31706.940918
batch	24870	valid_loss	32508.2307129
batch	24900	valid_loss	31641.5549316
batch	24930	valid_loss	31656.5969238
batch	24960	valid_loss	31679.0893555
batch	24990	valid_loss	31544.501709
STOP
