START
config	440	1140
batch	0	valid_loss	174107.287109
batch	20	valid_loss	97665.375
batch	40	valid_loss	88584.7358398
batch	60	valid_loss	83245.1689453
batch	80	valid_loss	78027.8769531
batch	100	valid_loss	73195.6855469
batch	120	valid_loss	68017.956543
batch	140	valid_loss	62798.9082031
batch	160	valid_loss	57988.8427734
batch	180	valid_loss	53209.5830078
batch	200	valid_loss	48958.7607422
batch	220	valid_loss	45167.4421387
batch	240	valid_loss	41747.6149902
batch	260	valid_loss	38882.5961914
batch	280	valid_loss	36368.9958496
batch	300	valid_loss	34137.8212891
batch	320	valid_loss	32205.739502
batch	340	valid_loss	30592.927002
batch	360	valid_loss	29146.8132324
batch	380	valid_loss	27946.5786133
batch	400	valid_loss	26868.5932617
batch	420	valid_loss	25915.0280762
batch	440	valid_loss	25077.9736328
batch	460	valid_loss	24371.1323242
batch	480	valid_loss	23669.4208984
batch	500	valid_loss	23090.888916
batch	520	valid_loss	22605.0980225
batch	540	valid_loss	22125.269043
batch	560	valid_loss	21669.4255371
batch	580	valid_loss	21305.7348633
batch	600	valid_loss	20950.7912598
batch	620	valid_loss	20680.6103516
batch	640	valid_loss	20383.112793
batch	660	valid_loss	20153.6203613
batch	680	valid_loss	19890.5148926
batch	700	valid_loss	19734.1623535
batch	720	valid_loss	19562.1940918
batch	740	valid_loss	19429.5913086
batch	760	valid_loss	19214.0733643
batch	780	valid_loss	19107.3071289
batch	800	valid_loss	18987.5924072
batch	820	valid_loss	18884.0080566
batch	840	valid_loss	18782.7952881
batch	860	valid_loss	18701.7664795
batch	880	valid_loss	18626.0811768
batch	900	valid_loss	18564.8857422
batch	920	valid_loss	18500.6717529
batch	940	valid_loss	18447.4239502
batch	960	valid_loss	18381.2141113
batch	980	valid_loss	18313.4958496
batch	1000	valid_loss	18267.6157227
batch	1020	valid_loss	18258.4736328
batch	1040	valid_loss	18235.3479004
batch	1060	valid_loss	18213.4831543
batch	1080	valid_loss	18151.5780029
batch	1100	valid_loss	18129.3856201
batch	1120	valid_loss	18084.2180176
batch	1140	valid_loss	18105.8548584
batch	1160	valid_loss	18077.3790283
batch	1180	valid_loss	18022.1203613
batch	1200	valid_loss	18006.5195312
batch	1220	valid_loss	17980.2716064
batch	1240	valid_loss	17966.0631104
batch	1260	valid_loss	17941.6589355
batch	1280	valid_loss	17911.7044678
batch	1300	valid_loss	17876.0073242
batch	1320	valid_loss	17927.9703369
batch	1340	valid_loss	17908.630127
batch	1360	valid_loss	17947.7061768
batch	1380	valid_loss	17845.1384277
batch	1400	valid_loss	17874.0725098
batch	1420	valid_loss	17853.0407715
batch	1440	valid_loss	17803.7452393
batch	1460	valid_loss	17824.8920898
batch	1480	valid_loss	17840.3024902
batch	1500	valid_loss	17777.8392334
batch	1520	valid_loss	17788.3222656
batch	1540	valid_loss	17785.8582764
batch	1560	valid_loss	17772.151123
batch	1580	valid_loss	17728.1887207
batch	1600	valid_loss	17731.93396
batch	1620	valid_loss	17689.3446045
batch	1640	valid_loss	17742.2319336
batch	1660	valid_loss	17754.9224854
batch	1680	valid_loss	17738.8675537
batch	1700	valid_loss	17678.9301758
batch	1720	valid_loss	17693.0306396
batch	1740	valid_loss	17662.0826416
batch	1760	valid_loss	17679.800293
batch	1780	valid_loss	17685.1090088
batch	1800	valid_loss	17633.0390625
batch	1820	valid_loss	17633.9667969
batch	1840	valid_loss	17645.538208
batch	1860	valid_loss	17580.5977783
batch	1880	valid_loss	17578.7670898
batch	1900	valid_loss	17591.1083984
batch	1920	valid_loss	17554.3754883
batch	1940	valid_loss	17583.5848389
batch	1960	valid_loss	17560.3641357
batch	1980	valid_loss	17559.0838623
batch	2000	valid_loss	17551.0213623
batch	2020	valid_loss	17567.197876
batch	2040	valid_loss	17530.1760254
batch	2060	valid_loss	17488.4437256
batch	2080	valid_loss	17509.5371094
batch	2100	valid_loss	17515.5599365
batch	2120	valid_loss	17481.2132568
batch	2140	valid_loss	17472.7006836
batch	2160	valid_loss	17475.3980713
batch	2180	valid_loss	17486.6408691
batch	2200	valid_loss	17437.6984863
batch	2220	valid_loss	17406.2851562
batch	2240	valid_loss	17402.6896973
batch	2260	valid_loss	17460.4671631
batch	2280	valid_loss	17440.8148193
batch	2300	valid_loss	17485.0671387
batch	2320	valid_loss	17399.0491943
batch	2340	valid_loss	17389.7540283
batch	2360	valid_loss	17380.9014893
batch	2380	valid_loss	17363.7614746
batch	2400	valid_loss	17371.2828369
batch	2420	valid_loss	17389.3696289
batch	2440	valid_loss	17349.960083
batch	2460	valid_loss	17351.6387939
batch	2480	valid_loss	17325.288208
batch	2500	valid_loss	17297.583252
batch	2520	valid_loss	17291.1193848
batch	2540	valid_loss	17266.9804688
batch	2560	valid_loss	17273.4005127
batch	2580	valid_loss	17291.222168
batch	2600	valid_loss	17281.6541748
batch	2620	valid_loss	17263.1307373
batch	2640	valid_loss	17275.3419189
batch	2660	valid_loss	17228.5750732
batch	2680	valid_loss	17216.1696777
batch	2700	valid_loss	17253.9768066
batch	2720	valid_loss	17248.6993408
batch	2740	valid_loss	17175.0112305
batch	2760	valid_loss	17205.5999756
batch	2780	valid_loss	17181.4638672
batch	2800	valid_loss	17167.6263428
batch	2820	valid_loss	17130.7226562
batch	2840	valid_loss	17110.182251
batch	2860	valid_loss	17085.8209229
batch	2880	valid_loss	17180.1760254
batch	2900	valid_loss	17119.3972168
batch	2920	valid_loss	17191.5716553
batch	2940	valid_loss	17098.2167969
batch	2960	valid_loss	17135.8599854
batch	2980	valid_loss	17120.1967773
batch	3000	valid_loss	17044.8076172
batch	3020	valid_loss	17090.237793
batch	3040	valid_loss	17095.53479
batch	3060	valid_loss	17031.4647217
batch	3080	valid_loss	17076.3414307
batch	3100	valid_loss	17050.3702393
batch	3120	valid_loss	17025.677124
batch	3140	valid_loss	16986.7528076
batch	3160	valid_loss	16969.9053955
batch	3180	valid_loss	16951.142334
batch	3200	valid_loss	17019.8674316
batch	3220	valid_loss	17014.6131592
batch	3240	valid_loss	16994.3759766
batch	3260	valid_loss	16964.0473633
batch	3280	valid_loss	16959.8560791
batch	3300	valid_loss	16914.4769287
batch	3320	valid_loss	16934.6768799
batch	3340	valid_loss	16924.8305664
batch	3360	valid_loss	16870.5246582
batch	3380	valid_loss	16921.4702148
batch	3400	valid_loss	16916.5640869
batch	3420	valid_loss	16864.7059326
batch	3440	valid_loss	16859.7757568
batch	3460	valid_loss	16804.5561523
batch	3480	valid_loss	16803.0336914
batch	3500	valid_loss	16845.4820557
batch	3520	valid_loss	16793.4031982
batch	3540	valid_loss	16814.2363281
batch	3560	valid_loss	16804.4807129
batch	3580	valid_loss	16826.7921143
batch	3600	valid_loss	16786.7615967
batch	3620	valid_loss	16747.3198242
batch	3640	valid_loss	16789.545166
batch	3660	valid_loss	16805.255127
batch	3680	valid_loss	16721.194458
batch	3700	valid_loss	16741.1043701
batch	3720	valid_loss	16727.487793
batch	3740	valid_loss	16740.9221191
batch	3760	valid_loss	16690.7351074
batch	3780	valid_loss	16668.6982422
batch	3800	valid_loss	16644.1744385
batch	3820	valid_loss	16724.8222656
batch	3840	valid_loss	16689.9122314
batch	3860	valid_loss	16730.7695312
batch	3880	valid_loss	16630.833252
batch	3900	valid_loss	16664.435791
batch	3920	valid_loss	16670.3917236
batch	3940	valid_loss	16644.7696533
batch	3960	valid_loss	16626.8278809
batch	3980	valid_loss	16655.6937256
batch	4000	valid_loss	16639.7634277
batch	4020	valid_loss	16644.2330322
batch	4040	valid_loss	16612.3306885
batch	4060	valid_loss	16625.4104004
batch	4080	valid_loss	16548.8267822
batch	4100	valid_loss	16543.8033447
batch	4120	valid_loss	16541.5623779
batch	4140	valid_loss	16569.9379883
batch	4160	valid_loss	16527.8289795
batch	4180	valid_loss	16550.4945068
batch	4200	valid_loss	16546.6328125
batch	4220	valid_loss	16514.8724365
batch	4240	valid_loss	16491.5095215
batch	4260	valid_loss	16561.2731934
batch	4280	valid_loss	16532.7803955
batch	4300	valid_loss	16471.6845703
batch	4320	valid_loss	16497.2141113
batch	4340	valid_loss	16469.0228271
batch	4360	valid_loss	16471.0712891
batch	4380	valid_loss	16424.5163574
batch	4400	valid_loss	16409.725708
batch	4420	valid_loss	16389.8208008
batch	4440	valid_loss	16494.520874
batch	4460	valid_loss	16388.2333984
batch	4480	valid_loss	16476.5892334
batch	4500	valid_loss	16404.9022217
batch	4520	valid_loss	16448.4641113
batch	4540	valid_loss	16407.8442383
batch	4560	valid_loss	16359.4165039
batch	4580	valid_loss	16399.640625
batch	4600	valid_loss	16441.677002
batch	4620	valid_loss	16367.7148438
batch	4640	valid_loss	16405.7943115
batch	4660	valid_loss	16366.1728516
batch	4680	valid_loss	16373.4029541
batch	4700	valid_loss	16314.4136963
batch	4720	valid_loss	16316.270752
batch	4740	valid_loss	16284.3730469
batch	4760	valid_loss	16371.3579102
batch	4780	valid_loss	16358.3007812
batch	4800	valid_loss	16346.8098145
batch	4820	valid_loss	16313.1318359
batch	4840	valid_loss	16337.90271
batch	4860	valid_loss	16297.2351074
batch	4880	valid_loss	16307.395752
batch	4900	valid_loss	16300.2563477
batch	4920	valid_loss	16272.1241455
batch	4940	valid_loss	16306.3864746
batch	4960	valid_loss	16343.7009277
batch	4980	valid_loss	16265.7739258
batch	5000	valid_loss	16218.9974365
batch	5020	valid_loss	16195.8675537
batch	5040	valid_loss	16195.5469971
batch	5060	valid_loss	16271.9624023
batch	5080	valid_loss	16219.6761475
batch	5100	valid_loss	16209.1395264
batch	5120	valid_loss	16223.6708984
batch	5140	valid_loss	16241.8395996
batch	5160	valid_loss	16220.3112793
batch	5180	valid_loss	16164.4324951
batch	5200	valid_loss	16236.6193848
batch	5220	valid_loss	16244.1519775
batch	5240	valid_loss	16170.505127
batch	5260	valid_loss	16203.9973145
batch	5280	valid_loss	16168.9619141
batch	5300	valid_loss	16224.7871094
batch	5320	valid_loss	16150.4210205
batch	5340	valid_loss	16155.5026855
batch	5360	valid_loss	16128.1965332
batch	5380	valid_loss	16218.4901123
batch	5400	valid_loss	16162.359375
batch	5420	valid_loss	16220.7727051
batch	5440	valid_loss	16152.684082
batch	5460	valid_loss	16175.4788818
batch	5480	valid_loss	16183.43396
batch	5500	valid_loss	16143.4240723
batch	5520	valid_loss	16152.880249
batch	5540	valid_loss	16178.5073242
batch	5560	valid_loss	16165.217041
batch	5580	valid_loss	16172.0288086
batch	5600	valid_loss	16149.3830566
batch	5620	valid_loss	16129.6866455
batch	5640	valid_loss	16082.7088623
batch	5660	valid_loss	16084.2496338
batch	5680	valid_loss	16104.635498
batch	5700	valid_loss	16138.6240234
batch	5720	valid_loss	16086.6185303
batch	5740	valid_loss	16111.8239746
batch	5760	valid_loss	16118.9760742
batch	5780	valid_loss	16074.2331543
batch	5800	valid_loss	16055.1782227
batch	5820	valid_loss	16128.847168
batch	5840	valid_loss	16110.3708496
batch	5860	valid_loss	16064.8516846
batch	5880	valid_loss	16101.4406738
batch	5900	valid_loss	16068.1185303
batch	5920	valid_loss	16076.6005859
batch	5940	valid_loss	16012.0987549
batch	5960	valid_loss	16002.534668
batch	5980	valid_loss	15999.3505859
batch	6000	valid_loss	16126.5305176
batch	6020	valid_loss	16022.1832275
batch	6040	valid_loss	16135.6402588
batch	6060	valid_loss	16039.3739014
batch	6080	valid_loss	16087.7346191
batch	6100	valid_loss	16070.6783447
batch	6120	valid_loss	16007.9133301
batch	6140	valid_loss	16040.8436279
batch	6160	valid_loss	16097.7770996
batch	6180	valid_loss	16023.5960693
batch	6200	valid_loss	16067.1356201
batch	6220	valid_loss	16041.0290527
batch	6240	valid_loss	16037.5408936
batch	6260	valid_loss	15979.5255127
batch	6280	valid_loss	15986.2178955
batch	6300	valid_loss	15968.307373
batch	6320	valid_loss	16061.2214355
batch	6340	valid_loss	16035.9315186
batch	6360	valid_loss	16026.6679688
batch	6380	valid_loss	16007.479248
batch	6400	valid_loss	16030.2127686
batch	6420	valid_loss	15988.6212158
batch	6440	valid_loss	16009.5227051
batch	6460	valid_loss	16019.4084473
batch	6480	valid_loss	15970.8664551
batch	6500	valid_loss	16029.7524414
batch	6520	valid_loss	16052.8216553
batch	6540	valid_loss	15984.7005615
batch	6560	valid_loss	15946.1619873
batch	6580	valid_loss	15936.9162598
batch	6600	valid_loss	15919.3897705
batch	6620	valid_loss	16008.6499023
batch	6640	valid_loss	15944.1105957
batch	6660	valid_loss	15947.8143311
batch	6680	valid_loss	15961.8468018
batch	6700	valid_loss	15991.9838867
batch	6720	valid_loss	15972.6478271
batch	6740	valid_loss	15920.7821045
batch	6760	valid_loss	15967.5196533
batch	6780	valid_loss	15979.5883789
batch	6800	valid_loss	15934.5554199
batch	6820	valid_loss	15967.2399902
batch	6840	valid_loss	15915.8342285
batch	6860	valid_loss	15983.4251709
batch	6880	valid_loss	15914.4638672
batch	6900	valid_loss	15927.2803955
batch	6920	valid_loss	15901.2191162
batch	6940	valid_loss	16009.7592773
batch	6960	valid_loss	15952.8808594
batch	6980	valid_loss	16003.6566162
batch	7000	valid_loss	15908.3404541
batch	7020	valid_loss	15958.2294922
batch	7040	valid_loss	15962.8411865
batch	7060	valid_loss	15928.8411865
batch	7080	valid_loss	15937.5916748
batch	7100	valid_loss	15959.0046387
batch	7120	valid_loss	15957.314209
batch	7140	valid_loss	15985.8656006
batch	7160	valid_loss	15941.6994629
batch	7180	valid_loss	15913.8498535
batch	7200	valid_loss	15889.4724121
batch	7220	valid_loss	15890.7712402
batch	7240	valid_loss	15902.8201904
batch	7260	valid_loss	15941.602417
batch	7280	valid_loss	15900.2307129
batch	7300	valid_loss	15953.4915771
batch	7320	valid_loss	15929.5987549
batch	7340	valid_loss	15906.2004395
batch	7360	valid_loss	15886.3125
batch	7380	valid_loss	15947.3516846
batch	7400	valid_loss	15930.1168213
batch	7420	valid_loss	15885.9055176
batch	7440	valid_loss	15933.0411377
batch	7460	valid_loss	15882.1486816
batch	7480	valid_loss	15920.5041504
batch	7500	valid_loss	15857.9937744
batch	7520	valid_loss	15833.5072021
batch	7540	valid_loss	15836.4310303
batch	7560	valid_loss	15980.5734863
batch	7580	valid_loss	15857.4084473
batch	7600	valid_loss	15958.2967529
batch	7620	valid_loss	15886.1549072
batch	7640	valid_loss	15921.9859619
batch	7660	valid_loss	15904.2492676
batch	7680	valid_loss	15838.6826172
batch	7700	valid_loss	15889.6480713
batch	7720	valid_loss	15938.3126221
batch	7740	valid_loss	15859.2701416
batch	7760	valid_loss	15925.8232422
batch	7780	valid_loss	15891.7747803
batch	7800	valid_loss	15888.144043
batch	7820	valid_loss	15823.6763916
batch	7840	valid_loss	15846.4561768
batch	7860	valid_loss	15843.1967773
batch	7880	valid_loss	15916.3406982
batch	7900	valid_loss	15903.4281006
batch	7920	valid_loss	15897.3770752
batch	7940	valid_loss	15843.75
batch	7960	valid_loss	15875.940918
batch	7980	valid_loss	15858.921875
batch	8000	valid_loss	15873.2481689
batch	8020	valid_loss	15896.2562256
batch	8040	valid_loss	15836.355835
batch	8060	valid_loss	15915.3249512
batch	8080	valid_loss	15909.5645752
batch	8100	valid_loss	15846.9538574
batch	8120	valid_loss	15824.5145264
batch	8140	valid_loss	15812.0551758
batch	8160	valid_loss	15809.248291
batch	8180	valid_loss	15886.4656982
batch	8200	valid_loss	15828.5938721
batch	8220	valid_loss	15833.5788574
batch	8240	valid_loss	15829.8175049
batch	8260	valid_loss	15889.4537354
batch	8280	valid_loss	15855.1335449
batch	8300	valid_loss	15804.4404297
batch	8320	valid_loss	15861.3616943
batch	8340	valid_loss	15861.8018799
batch	8360	valid_loss	15826.9987793
batch	8380	valid_loss	15867.1151123
batch	8400	valid_loss	15798.3843994
batch	8420	valid_loss	15885.6983643
batch	8440	valid_loss	15805.6092529
batch	8460	valid_loss	15800.9606934
batch	8480	valid_loss	15793.769165
batch	8500	valid_loss	15898.7102051
batch	8520	valid_loss	15846.8432617
batch	8540	valid_loss	15907.0576172
batch	8560	valid_loss	15809.4112549
batch	8580	valid_loss	15860.2954102
batch	8600	valid_loss	15858.7952881
batch	8620	valid_loss	15833.996582
batch	8640	valid_loss	15841.8276367
batch	8660	valid_loss	15864.831665
batch	8680	valid_loss	15867.1574707
batch	8700	valid_loss	15898.9768066
batch	8720	valid_loss	15861.8380127
batch	8740	valid_loss	15826.7318115
batch	8760	valid_loss	15807.9841309
batch	8780	valid_loss	15788.7301025
batch	8800	valid_loss	15838.0881348
batch	8820	valid_loss	15841.8968506
batch	8840	valid_loss	15824.4060059
batch	8860	valid_loss	15848.0809326
batch	8880	valid_loss	15834.6112061
batch	8900	valid_loss	15808.7338867
batch	8920	valid_loss	15796.8272705
batch	8940	valid_loss	15872.2275391
batch	8960	valid_loss	15845.9887695
batch	8980	valid_loss	15784.9216309
batch	9000	valid_loss	15842.7734375
batch	9020	valid_loss	15805.5958252
batch	9040	valid_loss	15832.605835
batch	9060	valid_loss	15762.6348877
batch	9080	valid_loss	15747.1881104
batch	9100	valid_loss	15763.5007324
batch	9120	valid_loss	15896.4492188
batch	9140	valid_loss	15790.3620605
batch	9160	valid_loss	15885.7514648
batch	9180	valid_loss	15798.3579102
batch	9200	valid_loss	15824.5187988
batch	9220	valid_loss	15847.9842529
batch	9240	valid_loss	15790.1639404
batch	9260	valid_loss	15809.0247803
batch	9280	valid_loss	15865.7388916
batch	9300	valid_loss	15796.5062256
batch	9320	valid_loss	15861.2893066
batch	9340	valid_loss	15827.6376953
batch	9360	valid_loss	15829.1143799
batch	9380	valid_loss	15749.0881348
batch	9400	valid_loss	15768.4417725
batch	9420	valid_loss	15778.6547852
batch	9440	valid_loss	15862.6833496
batch	9460	valid_loss	15865.1436768
batch	9480	valid_loss	15832.3198242
batch	9500	valid_loss	15787.4718018
batch	9520	valid_loss	15832.5269775
batch	9540	valid_loss	15793.7630615
batch	9560	valid_loss	15830.2869873
batch	9580	valid_loss	15823.8933105
batch	9600	valid_loss	15770.9058838
batch	9620	valid_loss	15835.350708
batch	9640	valid_loss	15874.0412598
batch	9660	valid_loss	15795.4494629
batch	9680	valid_loss	15768.6378174
batch	9700	valid_loss	15748.6610107
batch	9720	valid_loss	15734.4212646
batch	9740	valid_loss	15821.2872314
batch	9760	valid_loss	15779.1160889
batch	9780	valid_loss	15792.1477051
batch	9800	valid_loss	15780.8261719
batch	9820	valid_loss	15824.5605469
batch	9840	valid_loss	15806.9816895
batch	9860	valid_loss	15758.4425049
batch	9880	valid_loss	15812.3377686
batch	9900	valid_loss	15815.5306396
batch	9920	valid_loss	15777.0551758
batch	9940	valid_loss	15791.9663086
batch	9960	valid_loss	15755.2453613
batch	9980	valid_loss	15831.4991455
batch	10000	valid_loss	15764.5074463
batch	10020	valid_loss	15742.5686035
batch	10040	valid_loss	15765.3620605
batch	10060	valid_loss	15837.2608643
batch	10080	valid_loss	15804.4835205
batch	10100	valid_loss	15849.8928223
batch	10120	valid_loss	15754.2338867
batch	10140	valid_loss	15816.9333496
batch	10160	valid_loss	15819.2886963
batch	10180	valid_loss	15769.9506836
batch	10200	valid_loss	15785.098999
batch	10220	valid_loss	15814.7041016
batch	10240	valid_loss	15818.2169189
batch	10260	valid_loss	15840.6351318
batch	10280	valid_loss	15800.9370117
batch	10300	valid_loss	15772.7283936
batch	10320	valid_loss	15746.1655273
batch	10340	valid_loss	15739.6972656
batch	10360	valid_loss	15783.7930908
batch	10380	valid_loss	15795.319458
batch	10400	valid_loss	15759.487915
batch	10420	valid_loss	15777.5654297
batch	10440	valid_loss	15799.2219238
batch	10460	valid_loss	15780.581665
batch	10480	valid_loss	15769.4499512
batch	10500	valid_loss	15815.3912354
batch	10520	valid_loss	15814.1939697
batch	10540	valid_loss	15745.1826172
batch	10560	valid_loss	15806.4128418
batch	10580	valid_loss	15765.3076172
batch	10600	valid_loss	15805.2703857
batch	10620	valid_loss	15738.3970947
batch	10640	valid_loss	15714.0084229
batch	10660	valid_loss	15707.5374756
batch	10680	valid_loss	15861.3320312
batch	10700	valid_loss	15737.9481201
batch	10720	valid_loss	15842.4017334
batch	10740	valid_loss	15764.2275391
batch	10760	valid_loss	15811.2242432
batch	10780	valid_loss	15781.4099121
batch	10800	valid_loss	15730.9232178
batch	10820	valid_loss	15771.3538818
batch	10840	valid_loss	15807.7294922
batch	10860	valid_loss	15745.8375244
batch	10880	valid_loss	15813.4938965
batch	10900	valid_loss	15777.8383789
batch	10920	valid_loss	15767.564209
batch	10940	valid_loss	15712.1954346
batch	10960	valid_loss	15729.8928223
batch	10980	valid_loss	15745.756958
batch	11000	valid_loss	15825.8166504
batch	11020	valid_loss	15818.6195068
batch	11040	valid_loss	15792.1014404
batch	11060	valid_loss	15746.4802246
batch	11080	valid_loss	15798.7658691
batch	11100	valid_loss	15767.291748
batch	11120	valid_loss	15781.1341553
batch	11140	valid_loss	15779.81604
batch	11160	valid_loss	15736.8535156
batch	11180	valid_loss	15799.4472656
batch	11200	valid_loss	15830.539917
batch	11220	valid_loss	15764.1660156
batch	11240	valid_loss	15723.0163574
batch	11260	valid_loss	15704.8112793
batch	11280	valid_loss	15706.7655029
batch	11300	valid_loss	15789.3902588
batch	11320	valid_loss	15740.4284668
batch	11340	valid_loss	15753.9061279
batch	11360	valid_loss	15757.2235107
batch	11380	valid_loss	15783.401123
batch	11400	valid_loss	15766.2585449
batch	11420	valid_loss	15707.6258545
batch	11440	valid_loss	15766.8758545
batch	11460	valid_loss	15772.5306396
batch	11480	valid_loss	15745.8195801
batch	11500	valid_loss	15765.9300537
batch	11520	valid_loss	15731.888916
batch	11540	valid_loss	15783.2249756
batch	11560	valid_loss	15719.5467529
batch	11580	valid_loss	15710.855835
batch	11600	valid_loss	15733.8049316
batch	11620	valid_loss	15825.4100342
batch	11640	valid_loss	15765.0065918
batch	11660	valid_loss	15798.1298828
batch	11680	valid_loss	15743.6340332
batch	11700	valid_loss	15777.9191895
batch	11720	valid_loss	15782.170166
batch	11740	valid_loss	15769.1689453
batch	11760	valid_loss	15757.512085
batch	11780	valid_loss	15783.5423584
batch	11800	valid_loss	15769.6960449
batch	11820	valid_loss	15809.5656738
batch	11840	valid_loss	15765.4737549
batch	11860	valid_loss	15733.6384277
batch	11880	valid_loss	15730.8193359
batch	11900	valid_loss	15709.0834961
batch	11920	valid_loss	15776.338501
batch	11940	valid_loss	15769.5015869
batch	11960	valid_loss	15737.2122803
batch	11980	valid_loss	15785.0452881
batch	12000	valid_loss	15763.541748
batch	12020	valid_loss	15740.8360596
batch	12040	valid_loss	15725.553833
batch	12060	valid_loss	15807.8406982
batch	12080	valid_loss	15767.8022461
batch	12100	valid_loss	15740.7785645
batch	12120	valid_loss	15782.5673828
batch	12140	valid_loss	15748.1184082
batch	12160	valid_loss	15751.6068115
batch	12180	valid_loss	15679.9309082
batch	12200	valid_loss	15684.0853271
batch	12220	valid_loss	15687.3132324
batch	12240	valid_loss	15832.3574219
batch	12260	valid_loss	15725.0891113
batch	12280	valid_loss	15806.2210693
batch	12300	valid_loss	15740.2260742
batch	12320	valid_loss	15790.0679932
batch	12340	valid_loss	15769.4732666
batch	12360	valid_loss	15724.072876
batch	12380	valid_loss	15752.3990479
batch	12400	valid_loss	15784.7265625
batch	12420	valid_loss	15731.9293213
batch	12440	valid_loss	15795.7932129
batch	12460	valid_loss	15759.1984863
batch	12480	valid_loss	15753.6308594
batch	12500	valid_loss	15682.2327881
batch	12520	valid_loss	15708.2266846
batch	12540	valid_loss	15716.1196289
batch	12560	valid_loss	15788.8071289
batch	12580	valid_loss	15788.0595703
batch	12600	valid_loss	15769.0512695
batch	12620	valid_loss	15735.6519775
batch	12640	valid_loss	15765.1761475
batch	12660	valid_loss	15735.4501953
batch	12680	valid_loss	15748.1640625
batch	12700	valid_loss	15761.0802002
batch	12720	valid_loss	15725.5501709
batch	12740	valid_loss	15783.5841064
batch	12760	valid_loss	15810.1802979
batch	12780	valid_loss	15727.4533691
batch	12800	valid_loss	15696.5300293
batch	12820	valid_loss	15712.6514893
batch	12840	valid_loss	15682.2301025
batch	12860	valid_loss	15771.8746338
batch	12880	valid_loss	15715.5272217
batch	12900	valid_loss	15710.7718506
batch	12920	valid_loss	15731.2071533
batch	12940	valid_loss	15759.671875
batch	12960	valid_loss	15758.4024658
batch	12980	valid_loss	15710.4730225
batch	13000	valid_loss	15755.7041016
batch	13020	valid_loss	15764.4119873
batch	13040	valid_loss	15742.6010742
batch	13060	valid_loss	15749.0305176
batch	13080	valid_loss	15709.5140381
batch	13100	valid_loss	15760.4587402
batch	13120	valid_loss	15706.6600342
batch	13140	valid_loss	15717.4394531
batch	13160	valid_loss	15694.5878906
batch	13180	valid_loss	15777.9202881
batch	13200	valid_loss	15746.6290283
batch	13220	valid_loss	15793.8039551
batch	13240	valid_loss	15721.2746582
batch	13260	valid_loss	15763.6138916
batch	13280	valid_loss	15780.2596436
batch	13300	valid_loss	15743.1086426
batch	13320	valid_loss	15741.6708984
batch	13340	valid_loss	15763.0216064
batch	13360	valid_loss	15744.5513916
batch	13380	valid_loss	15784.3204346
batch	13400	valid_loss	15731.1914062
batch	13420	valid_loss	15727.7341309
batch	13440	valid_loss	15715.5876465
batch	13460	valid_loss	15690.9112549
batch	13480	valid_loss	15742.0354004
batch	13500	valid_loss	15747.3093262
batch	13520	valid_loss	15710.4370117
batch	13540	valid_loss	15755.1691895
batch	13560	valid_loss	15751.664917
batch	13580	valid_loss	15719.9451904
batch	13600	valid_loss	15711.7203369
batch	13620	valid_loss	15787.1173096
batch	13640	valid_loss	15786.1850586
batch	13660	valid_loss	15711.5510254
batch	13680	valid_loss	15766.9089355
batch	13700	valid_loss	15722.8195801
batch	13720	valid_loss	15736.1092529
batch	13740	valid_loss	15670.97229
batch	13760	valid_loss	15654.5864258
batch	13780	valid_loss	15669.3143311
batch	13800	valid_loss	15805.7922363
batch	13820	valid_loss	15702.3398438
batch	13840	valid_loss	15811.3074951
batch	13860	valid_loss	15714.6575928
batch	13880	valid_loss	15759.0861816
batch	13900	valid_loss	15757.7213135
batch	13920	valid_loss	15680.5571289
batch	13940	valid_loss	15729.973999
batch	13960	valid_loss	15773.9671631
batch	13980	valid_loss	15715.2596436
batch	14000	valid_loss	15771.9459229
batch	14020	valid_loss	15737.2080078
batch	14040	valid_loss	15740.2817383
batch	14060	valid_loss	15675.4588623
batch	14080	valid_loss	15710.1466064
batch	14100	valid_loss	15701.0771484
batch	14120	valid_loss	15779.7346191
batch	14140	valid_loss	15782.5549316
batch	14160	valid_loss	15758.8477783
batch	14180	valid_loss	15728.8968506
batch	14200	valid_loss	15749.7630615
batch	14220	valid_loss	15736.1723633
batch	14240	valid_loss	15735.1126709
batch	14260	valid_loss	15743.0953369
batch	14280	valid_loss	15696.6865234
batch	14300	valid_loss	15766.909668
batch	14320	valid_loss	15779.7386475
batch	14340	valid_loss	15724.4257812
batch	14360	valid_loss	15675.8741455
batch	14380	valid_loss	15677.762207
batch	14400	valid_loss	15671.8970947
batch	14420	valid_loss	15757.4385986
batch	14440	valid_loss	15712.5117188
batch	14460	valid_loss	15720.4088135
batch	14480	valid_loss	15723.6604004
batch	14500	valid_loss	15757.8114014
batch	14520	valid_loss	15734.7580566
batch	14540	valid_loss	15660.8438721
batch	14560	valid_loss	15753.5699463
batch	14580	valid_loss	15751.039917
batch	14600	valid_loss	15714.0784912
batch	14620	valid_loss	15749.6607666
batch	14640	valid_loss	15703.5129395
batch	14660	valid_loss	15758.4735107
batch	14680	valid_loss	15694.4462891
batch	14700	valid_loss	15699.9101562
batch	14720	valid_loss	15686.7733154
batch	14740	valid_loss	15782.7177734
batch	14760	valid_loss	15731.8652344
batch	14780	valid_loss	15766.7426758
batch	14800	valid_loss	15705.9431152
batch	14820	valid_loss	15758.4080811
batch	14840	valid_loss	15764.7556152
batch	14860	valid_loss	15730.6103516
batch	14880	valid_loss	15714.8291016
batch	14900	valid_loss	15753.2431641
batch	14920	valid_loss	15755.3251953
batch	14940	valid_loss	15791.5390625
batch	14960	valid_loss	15746.1633301
batch	14980	valid_loss	15702.1331787
batch	15000	valid_loss	15697.8554688
batch	15020	valid_loss	15685.7543945
batch	15040	valid_loss	15714.4451904
batch	15060	valid_loss	15735.7965088
batch	15080	valid_loss	15713.0258789
batch	15100	valid_loss	15749.2763672
batch	15120	valid_loss	15748.838501
batch	15140	valid_loss	15720.6363525
batch	15160	valid_loss	15683.987915
batch	15180	valid_loss	15780.1783447
batch	15200	valid_loss	15760.6965332
batch	15220	valid_loss	15686.9980469
batch	15240	valid_loss	15742.3984375
batch	15260	valid_loss	15711.1046143
batch	15280	valid_loss	15736.7312012
batch	15300	valid_loss	15682.7456055
batch	15320	valid_loss	15657.890625
batch	15340	valid_loss	15683.8358154
batch	15360	valid_loss	15791.4237061
batch	15380	valid_loss	15684.737793
batch	15400	valid_loss	15782.5059814
batch	15420	valid_loss	15695.7719727
batch	15440	valid_loss	15759.4993896
batch	15460	valid_loss	15735.2943115
batch	15480	valid_loss	15700.3255615
batch	15500	valid_loss	15716.831665
batch	15520	valid_loss	15780.7730713
batch	15540	valid_loss	15702.6513672
batch	15560	valid_loss	15766.4249268
batch	15580	valid_loss	15741.791626
batch	15600	valid_loss	15721.3792725
batch	15620	valid_loss	15673.0471191
batch	15640	valid_loss	15669.0905762
batch	15660	valid_loss	15690.0339355
batch	15680	valid_loss	15762.9058838
batch	15700	valid_loss	15765.8922119
batch	15720	valid_loss	15753.2113037
batch	15740	valid_loss	15713.5010986
batch	15760	valid_loss	15740.6409912
batch	15780	valid_loss	15719.2382812
batch	15800	valid_loss	15729.6474609
batch	15820	valid_loss	15712.4075928
batch	15840	valid_loss	15702.6553955
batch	15860	valid_loss	15762.3312988
batch	15880	valid_loss	15794.7746582
batch	15900	valid_loss	15698.883667
batch	15920	valid_loss	15677.4713135
batch	15940	valid_loss	15672.8227539
batch	15960	valid_loss	15660.9714355
batch	15980	valid_loss	15754.6479492
batch	16000	valid_loss	15685.0490723
batch	16020	valid_loss	15698.0667725
batch	16040	valid_loss	15705.0355225
batch	16060	valid_loss	15746.7703857
batch	16080	valid_loss	15716.7996826
batch	16100	valid_loss	15667.9697266
batch	16120	valid_loss	15735.1119385
batch	16140	valid_loss	15732.0078125
batch	16160	valid_loss	15704.1290283
batch	16180	valid_loss	15727.1578369
batch	16200	valid_loss	15683.1895752
batch	16220	valid_loss	15738.6651611
batch	16240	valid_loss	15672.7116699
batch	16260	valid_loss	15704.9638672
batch	16280	valid_loss	15671.3045654
batch	16300	valid_loss	15776.505249
batch	16320	valid_loss	15744.1375732
batch	16340	valid_loss	15772.5581055
batch	16360	valid_loss	15699.2454834
batch	16380	valid_loss	15736.8271484
batch	16400	valid_loss	15771.0792236
batch	16420	valid_loss	15708.7530518
batch	16440	valid_loss	15724.7510986
batch	16460	valid_loss	15749.3299561
batch	16480	valid_loss	15743.9384766
batch	16500	valid_loss	15767.782959
batch	16520	valid_loss	15712.4302979
batch	16540	valid_loss	15706.4567871
batch	16560	valid_loss	15701.2921143
batch	16580	valid_loss	15670.4188232
batch	16600	valid_loss	15713.4934082
batch	16620	valid_loss	15749.0960693
batch	16640	valid_loss	15680.2849121
batch	16660	valid_loss	15736.0842285
batch	16680	valid_loss	15736.6977539
batch	16700	valid_loss	15722.3565674
batch	16720	valid_loss	15690.4976807
batch	16740	valid_loss	15772.425415
batch	16760	valid_loss	15731.0238037
batch	16780	valid_loss	15680.3178711
batch	16800	valid_loss	15723.9743652
batch	16820	valid_loss	15703.4290771
batch	16840	valid_loss	15728.888916
batch	16860	valid_loss	15659.4554443
batch	16880	valid_loss	15650.237793
batch	16900	valid_loss	15664.0270996
batch	16920	valid_loss	15800.3062744
batch	16940	valid_loss	15672.2893066
batch	16960	valid_loss	15769.692627
batch	16980	valid_loss	15697.8303223
batch	17000	valid_loss	15734.6195068
batch	17020	valid_loss	15740.2463379
batch	17040	valid_loss	15681.8509521
batch	17060	valid_loss	15721.7684326
batch	17080	valid_loss	15753.7125244
batch	17100	valid_loss	15687.4473877
batch	17120	valid_loss	15753.2869873
batch	17140	valid_loss	15735.2095947
batch	17160	valid_loss	15718.7141113
batch	17180	valid_loss	15660.8510742
batch	17200	valid_loss	15675.9599609
batch	17220	valid_loss	15678.635498
batch	17240	valid_loss	15765.2198486
batch	17260	valid_loss	15758.1422119
batch	17280	valid_loss	15731.1774902
batch	17300	valid_loss	15696.6987305
batch	17320	valid_loss	15746.0892334
batch	17340	valid_loss	15711.0522461
batch	17360	valid_loss	15725.6330566
batch	17380	valid_loss	15717.3098145
batch	17400	valid_loss	15683.6507568
batch	17420	valid_loss	15752.5424805
batch	17440	valid_loss	15758.8696289
batch	17460	valid_loss	15690.5061035
batch	17480	valid_loss	15673.3012695
batch	17500	valid_loss	15686.496582
batch	17520	valid_loss	15665.3676758
batch	17540	valid_loss	15756.1889648
batch	17560	valid_loss	15678.5765381
batch	17580	valid_loss	15697.9848633
batch	17600	valid_loss	15696.5068359
batch	17620	valid_loss	15736.6518555
batch	17640	valid_loss	15724.5275879
batch	17660	valid_loss	15652.1185303
batch	17680	valid_loss	15731.2807617
batch	17700	valid_loss	15722.9586182
batch	17720	valid_loss	15682.4493408
batch	17740	valid_loss	15731.1295166
batch	17760	valid_loss	15645.2119141
batch	17780	valid_loss	15717.2080078
batch	17800	valid_loss	15678.6693115
batch	17820	valid_loss	15680.2049561
batch	17840	valid_loss	15654.4542236
batch	17860	valid_loss	15759.7391357
batch	17880	valid_loss	15718.0975342
batch	17900	valid_loss	15760.0153809
batch	17920	valid_loss	15702.7055664
batch	17940	valid_loss	15723.9381104
batch	17960	valid_loss	15726.5869141
batch	17980	valid_loss	15702.793335
batch	18000	valid_loss	15700.4394531
batch	18020	valid_loss	15736.0189209
batch	18040	valid_loss	15744.5487061
batch	18060	valid_loss	15761.1802979
batch	18080	valid_loss	15723.9693604
batch	18100	valid_loss	15694.5316162
batch	18120	valid_loss	15670.2037354
batch	18140	valid_loss	15666.0402832
batch	18160	valid_loss	15713.7753906
batch	18180	valid_loss	15747.6320801
batch	18200	valid_loss	15690.7862549
batch	18220	valid_loss	15721.0738525
batch	18240	valid_loss	15738.7580566
batch	18260	valid_loss	15712.0020752
batch	18280	valid_loss	15673.00354
batch	18300	valid_loss	15764.0020752
batch	18320	valid_loss	15753.3121338
batch	18340	valid_loss	15673.3314209
batch	18360	valid_loss	15735.1890869
batch	18380	valid_loss	15694.2120361
batch	18400	valid_loss	15714.9353027
batch	18420	valid_loss	15640.0863037
batch	18440	valid_loss	15639.1594238
batch	18460	valid_loss	15643.2402344
batch	18480	valid_loss	15782.9599609
batch	18500	valid_loss	15668.0334473
batch	18520	valid_loss	15765.3143311
batch	18540	valid_loss	15697.3759766
batch	18560	valid_loss	15728.6571045
batch	18580	valid_loss	15731.8681641
batch	18600	valid_loss	15660.9205322
batch	18620	valid_loss	15700.854248
batch	18640	valid_loss	15741.0742188
batch	18660	valid_loss	15689.4824219
batch	18680	valid_loss	15733.3040771
batch	18700	valid_loss	15724.6503906
batch	18720	valid_loss	15718.3151855
batch	18740	valid_loss	15657.0842285
batch	18760	valid_loss	15671.4841309
batch	18780	valid_loss	15667.6156006
batch	18800	valid_loss	15758.0826416
batch	18820	valid_loss	15762.8161621
batch	18840	valid_loss	15762.1644287
batch	18860	valid_loss	15704.8461914
batch	18880	valid_loss	15723.65271
batch	18900	valid_loss	15694.9995117
batch	18920	valid_loss	15733.9990234
batch	18940	valid_loss	15721.878418
batch	18960	valid_loss	15685.4089355
batch	18980	valid_loss	15746.2756348
batch	19000	valid_loss	15769.3045654
batch	19020	valid_loss	15693.2314453
batch	19040	valid_loss	15664.057373
batch	19060	valid_loss	15657.2628174
batch	19080	valid_loss	15653.4593506
batch	19100	valid_loss	15743.9007568
batch	19120	valid_loss	15687.7716064
batch	19140	valid_loss	15678.1079102
batch	19160	valid_loss	15682.3425293
batch	19180	valid_loss	15733.045166
batch	19200	valid_loss	15723.2398682
batch	19220	valid_loss	15665.1240234
batch	19240	valid_loss	15713.8780518
batch	19260	valid_loss	15733.7995605
batch	19280	valid_loss	15666.3015137
batch	19300	valid_loss	15717.6936035
batch	19320	valid_loss	15670.4378662
batch	19340	valid_loss	15735.34021
batch	19360	valid_loss	15659.2609863
batch	19380	valid_loss	15672.5878906
batch	19400	valid_loss	15669.2342529
batch	19420	valid_loss	15744.8890381
batch	19440	valid_loss	15719.7890625
batch	19460	valid_loss	15743.3012695
batch	19480	valid_loss	15682.9433594
batch	19500	valid_loss	15722.0489502
batch	19520	valid_loss	15732.7794189
batch	19540	valid_loss	15689.1939697
batch	19560	valid_loss	15711.0863037
batch	19580	valid_loss	15723.6975098
batch	19600	valid_loss	15731.862915
batch	19620	valid_loss	15746.3790283
batch	19640	valid_loss	15716.1879883
batch	19660	valid_loss	15692.4586182
batch	19680	valid_loss	15665.9094238
batch	19700	valid_loss	15657.2484131
batch	19720	valid_loss	15709.8797607
batch	19740	valid_loss	15720.5762939
batch	19760	valid_loss	15683.8890381
batch	19780	valid_loss	15728.7530518
batch	19800	valid_loss	15731.4405518
batch	19820	valid_loss	15691.7128906
batch	19840	valid_loss	15681.7398682
batch	19860	valid_loss	15749.039917
batch	19880	valid_loss	15731.4866943
batch	19900	valid_loss	15678.0290527
batch	19920	valid_loss	15737.3100586
batch	19940	valid_loss	15685.357666
batch	19960	valid_loss	15731.1522217
batch	19980	valid_loss	15640.8059082
batch	20000	valid_loss	15624.019043
batch	20020	valid_loss	15640.9073486
batch	20040	valid_loss	15783.7598877
batch	20060	valid_loss	15665.6072998
batch	20080	valid_loss	15756.0073242
batch	20100	valid_loss	15685.7762451
batch	20120	valid_loss	15741.0185547
batch	20140	valid_loss	15721.3137207
batch	20160	valid_loss	15647.3718262
batch	20180	valid_loss	15700.5718994
batch	20200	valid_loss	15747.9719238
batch	20220	valid_loss	15668.7042236
batch	20240	valid_loss	15745.9124756
batch	20260	valid_loss	15719.4257812
batch	20280	valid_loss	15719.864624
batch	20300	valid_loss	15649.5466309
batch	20320	valid_loss	15644.3752441
batch	20340	valid_loss	15670.4144287
batch	20360	valid_loss	15754.4786377
batch	20380	valid_loss	15766.8776855
batch	20400	valid_loss	15723.7674561
batch	20420	valid_loss	15685.9020996
batch	20440	valid_loss	15729.4312744
batch	20460	valid_loss	15697.7374268
batch	20480	valid_loss	15708.8135986
batch	20500	valid_loss	15718.2973633
batch	20520	valid_loss	15670.4960938
batch	20540	valid_loss	15737.8574219
batch	20560	valid_loss	15755.2967529
batch	20580	valid_loss	15691.1647949
batch	20600	valid_loss	15644.0195312
batch	20620	valid_loss	15638.7290039
batch	20640	valid_loss	15647.1134033
batch	20660	valid_loss	15741.5650635
batch	20680	valid_loss	15670.1258545
batch	20700	valid_loss	15676.401001
batch	20720	valid_loss	15671.0084229
batch	20740	valid_loss	15736.0753174
batch	20760	valid_loss	15701.1577148
batch	20780	valid_loss	15648.7821045
batch	20800	valid_loss	15722.3261719
batch	20820	valid_loss	15726.3546143
batch	20840	valid_loss	15684.6784668
batch	20860	valid_loss	15710.9936523
batch	20880	valid_loss	15661.6843262
batch	20900	valid_loss	15716.7969971
batch	20920	valid_loss	15664.5227051
batch	20940	valid_loss	15679.5693359
batch	20960	valid_loss	15654.4705811
batch	20980	valid_loss	15743.1000977
batch	21000	valid_loss	15687.175293
batch	21020	valid_loss	15752.9907227
batch	21040	valid_loss	15688.3016357
batch	21060	valid_loss	15706.6473389
batch	21080	valid_loss	15732.6357422
batch	21100	valid_loss	15709.2246094
batch	21120	valid_loss	15697.6434326
batch	21140	valid_loss	15725.4665527
batch	21160	valid_loss	15730.9063721
batch	21180	valid_loss	15758.2062988
batch	21200	valid_loss	15703.4666748
batch	21220	valid_loss	15690.3951416
batch	21240	valid_loss	15675.8034668
batch	21260	valid_loss	15637.979248
batch	21280	valid_loss	15711.5864258
batch	21300	valid_loss	15736.527832
batch	21320	valid_loss	15688.7290039
batch	21340	valid_loss	15717.8046875
batch	21360	valid_loss	15721.3635254
batch	21380	valid_loss	15707.2407227
batch	21400	valid_loss	15664.6870117
batch	21420	valid_loss	15746.7895508
batch	21440	valid_loss	15746.9353027
batch	21460	valid_loss	15662.2205811
batch	21480	valid_loss	15713.1949463
batch	21500	valid_loss	15680.2347412
batch	21520	valid_loss	15717.4160156
batch	21540	valid_loss	15626.9420166
batch	21560	valid_loss	15623.6274414
batch	21580	valid_loss	15636.2532959
batch	21600	valid_loss	15766.4174805
batch	21620	valid_loss	15669.4151611
batch	21640	valid_loss	15772.1032715
batch	21660	valid_loss	15665.2758789
batch	21680	valid_loss	15731.1629639
batch	21700	valid_loss	15735.5240479
batch	21720	valid_loss	15655.3193359
batch	21740	valid_loss	15695.1628418
batch	21760	valid_loss	15740.8409424
batch	21780	valid_loss	15683.6156006
batch	21800	valid_loss	15736.7855225
batch	21820	valid_loss	15704.5252686
batch	21840	valid_loss	15698.0195312
batch	21860	valid_loss	15646.0983887
batch	21880	valid_loss	15649.9102783
batch	21900	valid_loss	15680.423584
batch	21920	valid_loss	15751.125
batch	21940	valid_loss	15730.9174805
batch	21960	valid_loss	15715.1035156
batch	21980	valid_loss	15674.0919189
batch	22000	valid_loss	15701.154541
batch	22020	valid_loss	15672.397583
batch	22040	valid_loss	15717.6126709
batch	22060	valid_loss	15724.9631348
batch	22080	valid_loss	15667.6560059
batch	22100	valid_loss	15734.3370361
batch	22120	valid_loss	15755.5860596
batch	22140	valid_loss	15691.010498
batch	22160	valid_loss	15651.3778076
batch	22180	valid_loss	15651.3725586
batch	22200	valid_loss	15650.2458496
batch	22220	valid_loss	15741.2807617
batch	22240	valid_loss	15686.8178711
batch	22260	valid_loss	15656.9844971
batch	22280	valid_loss	15690.9641113
batch	22300	valid_loss	15733.3843994
batch	22320	valid_loss	15698.7858887
batch	22340	valid_loss	15633.2895508
batch	22360	valid_loss	15706.2304688
batch	22380	valid_loss	15720.3531494
batch	22400	valid_loss	15663.7855225
batch	22420	valid_loss	15713.2659912
batch	22440	valid_loss	15653.9654541
batch	22460	valid_loss	15707.2683105
batch	22480	valid_loss	15652.6044922
batch	22500	valid_loss	15661.2890625
batch	22520	valid_loss	15660.3114014
batch	22540	valid_loss	15747.2698975
batch	22560	valid_loss	15698.282959
batch	22580	valid_loss	15741.5058594
batch	22600	valid_loss	15669.8468018
batch	22620	valid_loss	15725.7658691
batch	22640	valid_loss	15727.9746094
batch	22660	valid_loss	15685.7689209
batch	22680	valid_loss	15696.1740723
batch	22700	valid_loss	15725.022583
batch	22720	valid_loss	15717.4547119
batch	22740	valid_loss	15751.8212891
batch	22760	valid_loss	15715.9418945
batch	22780	valid_loss	15689.02771
batch	22800	valid_loss	15689.4803467
batch	22820	valid_loss	15651.8729248
batch	22840	valid_loss	15719.8759766
batch	22860	valid_loss	15713.0789795
batch	22880	valid_loss	15673.2557373
batch	22900	valid_loss	15715.2266846
batch	22920	valid_loss	15710.5333252
batch	22940	valid_loss	15702.5931396
batch	22960	valid_loss	15671.5810547
batch	22980	valid_loss	15756.2915039
batch	23000	valid_loss	15746.2545166
batch	23020	valid_loss	15657.2696533
batch	23040	valid_loss	15721.105957
batch	23060	valid_loss	15685.1846924
batch	23080	valid_loss	15706.7763672
batch	23100	valid_loss	15644.9006348
batch	23120	valid_loss	15630.7636719
batch	23140	valid_loss	15632.8505859
batch	23160	valid_loss	15775.3232422
batch	23180	valid_loss	15656.8773193
batch	23200	valid_loss	15761.1625977
batch	23220	valid_loss	15675.5244141
batch	23240	valid_loss	15727.579834
batch	23260	valid_loss	15721.182251
batch	23280	valid_loss	15656.9008789
batch	23300	valid_loss	15694.5587158
batch	23320	valid_loss	15738.8123779
batch	23340	valid_loss	15676.6727295
batch	23360	valid_loss	15734.0408936
batch	23380	valid_loss	15724.1585693
batch	23400	valid_loss	15697.0965576
batch	23420	valid_loss	15646.4569092
batch	23440	valid_loss	15644.2728271
batch	23460	valid_loss	15666.0615234
batch	23480	valid_loss	15755.9960938
batch	23500	valid_loss	15745.5859375
batch	23520	valid_loss	15708.5880127
batch	23540	valid_loss	15682.5751953
batch	23560	valid_loss	15705.1539307
batch	23580	valid_loss	15685.25354
batch	23600	valid_loss	15705.7891846
batch	23620	valid_loss	15705.2191162
batch	23640	valid_loss	15666.1072998
batch	23660	valid_loss	15718.4941406
batch	23680	valid_loss	15749.3648682
batch	23700	valid_loss	15672.1191406
batch	23720	valid_loss	15645.69104
batch	23740	valid_loss	15638.973999
batch	23760	valid_loss	15633.7711182
batch	23780	valid_loss	15717.5820312
batch	23800	valid_loss	15659.2506104
batch	23820	valid_loss	15676.423584
batch	23840	valid_loss	15692.4951172
batch	23860	valid_loss	15737.5695801
batch	23880	valid_loss	15702.4448242
batch	23900	valid_loss	15652.2700195
batch	23920	valid_loss	15706.3360596
batch	23940	valid_loss	15727.6573486
batch	23960	valid_loss	15662.9616699
batch	23980	valid_loss	15724.8426514
batch	24000	valid_loss	15647.1085205
batch	24020	valid_loss	15723.4414062
batch	24040	valid_loss	15650.9024658
batch	24060	valid_loss	15669.5025635
batch	24080	valid_loss	15644.7589111
batch	24100	valid_loss	15755.3250732
batch	24120	valid_loss	15713.5812988
batch	24140	valid_loss	15749.7999268
batch	24160	valid_loss	15665.3256836
batch	24180	valid_loss	15706.9902344
batch	24200	valid_loss	15717.5108643
batch	24220	valid_loss	15711.0212402
batch	24240	valid_loss	15671.802002
batch	24260	valid_loss	15717.5854492
batch	24280	valid_loss	15718.9118652
batch	24300	valid_loss	15751.4367676
batch	24320	valid_loss	15710.8374023
batch	24340	valid_loss	15680.1224365
batch	24360	valid_loss	15655.7581787
batch	24380	valid_loss	15654.8217773
batch	24400	valid_loss	15700.5634766
batch	24420	valid_loss	15703.9849854
batch	24440	valid_loss	15667.6485596
batch	24460	valid_loss	15699.6016846
batch	24480	valid_loss	15718.395874
batch	24500	valid_loss	15702.9661865
batch	24520	valid_loss	15664.8817139
batch	24540	valid_loss	15735.1575928
batch	24560	valid_loss	15718.4066162
batch	24580	valid_loss	15659.4296875
batch	24600	valid_loss	15714.7420654
batch	24620	valid_loss	15669.5402832
batch	24640	valid_loss	15693.7924805
batch	24660	valid_loss	15638.7869873
batch	24680	valid_loss	15620.4753418
batch	24700	valid_loss	15632.9315186
batch	24720	valid_loss	15761.3835449
batch	24740	valid_loss	15670.1558838
batch	24760	valid_loss	15754.0993652
batch	24780	valid_loss	15657.5373535
batch	24800	valid_loss	15737.5175781
batch	24820	valid_loss	15717.6418457
batch	24840	valid_loss	15656.5631104
batch	24860	valid_loss	15680.744873
batch	24880	valid_loss	15749.1164551
batch	24900	valid_loss	15683.199585
batch	24920	valid_loss	15719.232666
batch	24940	valid_loss	15707.0197754
batch	24960	valid_loss	15722.3795166
batch	24980	valid_loss	15634.4534912
STOP
START
config	440	1140
batch	0	valid_loss	174199.865234
batch	20	valid_loss	97348.6015625
batch	40	valid_loss	88541.9155273
batch	60	valid_loss	83183.6621094
batch	80	valid_loss	77921.3989258
batch	100	valid_loss	72939.1347656
batch	120	valid_loss	67850.6264648
batch	140	valid_loss	62588.3759766
batch	160	valid_loss	57677.402832
batch	180	valid_loss	52926.6445312
batch	200	valid_loss	48656.8579102
batch	220	valid_loss	44868.0695801
batch	240	valid_loss	41462.5805664
batch	260	valid_loss	38656.9682617
batch	280	valid_loss	36133.5180664
batch	300	valid_loss	33929.1796875
batch	320	valid_loss	32010.6467285
batch	340	valid_loss	30398.7365723
batch	360	valid_loss	28999.9685059
batch	380	valid_loss	27851.9248047
batch	400	valid_loss	26800.7797852
batch	420	valid_loss	25879.5388184
batch	440	valid_loss	25073.5449219
batch	460	valid_loss	24328.251709
batch	480	valid_loss	23660.7290039
batch	500	valid_loss	23069.4741211
batch	520	valid_loss	22562.5041504
batch	540	valid_loss	22095.4389648
batch	560	valid_loss	21636.9870605
batch	580	valid_loss	21274.7037354
batch	600	valid_loss	20932.8800049
batch	620	valid_loss	20630.1157227
batch	640	valid_loss	20354.5280762
batch	660	valid_loss	20103.0534668
batch	680	valid_loss	19871.7080078
batch	700	valid_loss	19699.6846924
batch	720	valid_loss	19539.5427246
batch	740	valid_loss	19400.541626
batch	760	valid_loss	19197.6242676
batch	780	valid_loss	19096.6986084
batch	800	valid_loss	18986.3652344
batch	820	valid_loss	18849.0119629
batch	840	valid_loss	18770.0349121
batch	860	valid_loss	18682.833374
batch	880	valid_loss	18601.4777832
batch	900	valid_loss	18538.5394287
batch	920	valid_loss	18475.822998
batch	940	valid_loss	18406.6650391
batch	960	valid_loss	18375.7902832
batch	980	valid_loss	18295.6347656
batch	1000	valid_loss	18255.9599609
batch	1020	valid_loss	18245.4202881
batch	1040	valid_loss	18238.5498047
batch	1060	valid_loss	18201.8875732
batch	1080	valid_loss	18162.6706543
batch	1100	valid_loss	18123.8283691
batch	1120	valid_loss	18090.5970459
batch	1140	valid_loss	18136.4039307
batch	1160	valid_loss	18103.7460938
batch	1180	valid_loss	18043.0085449
batch	1200	valid_loss	18031.2949219
batch	1220	valid_loss	17995.7380371
batch	1240	valid_loss	18022.2993164
batch	1260	valid_loss	17978.3637695
batch	1280	valid_loss	17983.432251
batch	1300	valid_loss	17926.6306152
batch	1320	valid_loss	17985.6295166
batch	1340	valid_loss	17950.4395752
batch	1360	valid_loss	17998.9360352
batch	1380	valid_loss	17903.0240479
batch	1400	valid_loss	17915.4500732
batch	1420	valid_loss	17920.1153564
batch	1440	valid_loss	17854.7880859
batch	1460	valid_loss	17891.7646484
batch	1480	valid_loss	17924.6542969
batch	1500	valid_loss	17849.4594727
batch	1520	valid_loss	17862.354126
batch	1540	valid_loss	17847.5283203
batch	1560	valid_loss	17827.9959717
batch	1580	valid_loss	17804.8061523
batch	1600	valid_loss	17801.6947021
batch	1620	valid_loss	17752.7476807
batch	1640	valid_loss	17816.1378174
batch	1660	valid_loss	17819.6237793
batch	1680	valid_loss	17816.7825928
batch	1700	valid_loss	17748.3670654
batch	1720	valid_loss	17748.1953125
batch	1740	valid_loss	17717.3242188
batch	1760	valid_loss	17757.2452393
batch	1780	valid_loss	17774.2784424
batch	1800	valid_loss	17698.97229
batch	1820	valid_loss	17720.3065186
batch	1840	valid_loss	17734.9029541
batch	1860	valid_loss	17682.8557129
batch	1880	valid_loss	17661.6774902
batch	1900	valid_loss	17650.2207031
batch	1920	valid_loss	17614.8511963
batch	1940	valid_loss	17646.0897217
batch	1960	valid_loss	17615.8687744
batch	1980	valid_loss	17627.5358887
batch	2000	valid_loss	17619.8892822
batch	2020	valid_loss	17640.3464355
batch	2040	valid_loss	17611.2613525
batch	2060	valid_loss	17562.8481445
batch	2080	valid_loss	17593.994751
batch	2100	valid_loss	17593.9726562
batch	2120	valid_loss	17536.3129883
batch	2140	valid_loss	17532.5013428
batch	2160	valid_loss	17536.7938232
batch	2180	valid_loss	17544.6932373
batch	2200	valid_loss	17506.538208
batch	2220	valid_loss	17494.7161865
batch	2240	valid_loss	17466.96875
batch	2260	valid_loss	17526.5091553
batch	2280	valid_loss	17511.2038574
batch	2300	valid_loss	17557.0814209
batch	2320	valid_loss	17454.0722656
batch	2340	valid_loss	17474.4329834
batch	2360	valid_loss	17470.4364014
batch	2380	valid_loss	17446.1784668
batch	2400	valid_loss	17435.7104492
batch	2420	valid_loss	17466.314209
batch	2440	valid_loss	17434.8745117
batch	2460	valid_loss	17439.4416504
batch	2480	valid_loss	17404.5046387
batch	2500	valid_loss	17396.7089844
batch	2520	valid_loss	17351.3670654
batch	2540	valid_loss	17313.9776611
batch	2560	valid_loss	17331.6842041
batch	2580	valid_loss	17374.612915
batch	2600	valid_loss	17336.6114502
batch	2620	valid_loss	17355.9587402
batch	2640	valid_loss	17331.7272949
batch	2660	valid_loss	17283.8530273
batch	2680	valid_loss	17260.6400146
batch	2700	valid_loss	17298.5980225
batch	2720	valid_loss	17301.5871582
batch	2740	valid_loss	17234.9238281
batch	2760	valid_loss	17258.5638428
batch	2780	valid_loss	17203.4213867
batch	2800	valid_loss	17235.1126709
batch	2820	valid_loss	17195.4542236
batch	2840	valid_loss	17158.9210205
batch	2860	valid_loss	17137.1781006
batch	2880	valid_loss	17204.286499
batch	2900	valid_loss	17153.3516846
batch	2920	valid_loss	17240.6950684
batch	2940	valid_loss	17134.1296387
batch	2960	valid_loss	17149.7393799
batch	2980	valid_loss	17137.4116211
batch	3000	valid_loss	17093.8897705
batch	3020	valid_loss	17111.9541016
batch	3040	valid_loss	17144.0853271
batch	3060	valid_loss	17051.8579102
batch	3080	valid_loss	17080.6109619
batch	3100	valid_loss	17072.8834229
batch	3120	valid_loss	17057.8756104
batch	3140	valid_loss	17002.4133301
batch	3160	valid_loss	16973.2008057
batch	3180	valid_loss	16958.864624
batch	3200	valid_loss	17028.5274658
batch	3220	valid_loss	17002.956543
batch	3240	valid_loss	16995.5325928
batch	3260	valid_loss	16970.4315186
batch	3280	valid_loss	16976.3812256
batch	3300	valid_loss	16934.5183105
batch	3320	valid_loss	16946.1296387
batch	3340	valid_loss	16944.2166748
batch	3360	valid_loss	16878.2463379
batch	3380	valid_loss	16928.319458
batch	3400	valid_loss	16927.4373779
batch	3420	valid_loss	16880.2341309
batch	3440	valid_loss	16847.2663574
batch	3460	valid_loss	16813.5952148
batch	3480	valid_loss	16797.6704102
batch	3500	valid_loss	16851.4868164
batch	3520	valid_loss	16798.050415
batch	3540	valid_loss	16828.0635986
batch	3560	valid_loss	16812.4770508
batch	3580	valid_loss	16831.2216797
batch	3600	valid_loss	16778.4351807
batch	3620	valid_loss	16757.7401123
batch	3640	valid_loss	16790.6868896
batch	3660	valid_loss	16802.3029785
batch	3680	valid_loss	16715.3496094
batch	3700	valid_loss	16735.7183838
batch	3720	valid_loss	16724.1052246
batch	3740	valid_loss	16754.3690186
batch	3760	valid_loss	16685.3175049
batch	3780	valid_loss	16665.6722412
batch	3800	valid_loss	16669.8433838
batch	3820	valid_loss	16714.3787842
batch	3840	valid_loss	16682.2526855
batch	3860	valid_loss	16731.0814209
batch	3880	valid_loss	16657.3126221
batch	3900	valid_loss	16691.8934326
batch	3920	valid_loss	16665.7241211
batch	3940	valid_loss	16647.2137451
batch	3960	valid_loss	16619.0107422
batch	3980	valid_loss	16646.5163574
batch	4000	valid_loss	16638.2668457
batch	4020	valid_loss	16657.192627
batch	4040	valid_loss	16608.519165
batch	4060	valid_loss	16590.2207031
batch	4080	valid_loss	16560.0024414
batch	4100	valid_loss	16539.6137695
batch	4120	valid_loss	16563.5595703
batch	4140	valid_loss	16566.6723633
batch	4160	valid_loss	16535.6921387
batch	4180	valid_loss	16552.380127
batch	4200	valid_loss	16551.3417969
batch	4220	valid_loss	16518.583374
batch	4240	valid_loss	16504.4451904
batch	4260	valid_loss	16546.7072754
batch	4280	valid_loss	16524.4163818
batch	4300	valid_loss	16471.708374
batch	4320	valid_loss	16508.5477295
batch	4340	valid_loss	16470.324707
batch	4360	valid_loss	16493.4295654
batch	4380	valid_loss	16425.5981445
batch	4400	valid_loss	16406.3342285
batch	4420	valid_loss	16402.1673584
batch	4440	valid_loss	16495.4228516
batch	4460	valid_loss	16417.6480713
batch	4480	valid_loss	16490.1418457
batch	4500	valid_loss	16438.2487793
batch	4520	valid_loss	16459.6933594
batch	4540	valid_loss	16441.8374023
batch	4560	valid_loss	16381.0960693
batch	4580	valid_loss	16416.4978027
batch	4600	valid_loss	16455.1049805
batch	4620	valid_loss	16380.9060059
batch	4640	valid_loss	16413.7150879
batch	4660	valid_loss	16389.5189209
batch	4680	valid_loss	16381.4841309
batch	4700	valid_loss	16309.1933594
batch	4720	valid_loss	16318.2839355
batch	4740	valid_loss	16309.5200195
batch	4760	valid_loss	16375.5706787
batch	4780	valid_loss	16362.0947266
batch	4800	valid_loss	16359.5091553
batch	4820	valid_loss	16326.5731201
batch	4840	valid_loss	16344.0236816
batch	4860	valid_loss	16313.1273193
batch	4880	valid_loss	16327.1097412
batch	4900	valid_loss	16311.8687744
batch	4920	valid_loss	16272.322998
batch	4940	valid_loss	16328.3192139
batch	4960	valid_loss	16342.067627
batch	4980	valid_loss	16294.9555664
batch	5000	valid_loss	16258.6491699
batch	5020	valid_loss	16221.3267822
batch	5040	valid_loss	16230.6522217
batch	5060	valid_loss	16287.7615967
batch	5080	valid_loss	16219.1120605
batch	5100	valid_loss	16225.5440674
batch	5120	valid_loss	16238.2589111
batch	5140	valid_loss	16278.6988525
batch	5160	valid_loss	16229.8857422
batch	5180	valid_loss	16183.8164062
batch	5200	valid_loss	16252.9737549
batch	5220	valid_loss	16251.0865479
batch	5240	valid_loss	16196.1362305
batch	5260	valid_loss	16214.7320557
batch	5280	valid_loss	16197.7597656
batch	5300	valid_loss	16236.4876709
batch	5320	valid_loss	16173.0925293
batch	5340	valid_loss	16148.6741943
batch	5360	valid_loss	16158.52771
batch	5380	valid_loss	16217.2038574
batch	5400	valid_loss	16182.0085449
batch	5420	valid_loss	16222.4171143
batch	5440	valid_loss	16173.5576172
batch	5460	valid_loss	16194.9946289
batch	5480	valid_loss	16182.7608643
batch	5500	valid_loss	16177.9151611
batch	5520	valid_loss	16162.3563232
batch	5540	valid_loss	16166.7521973
batch	5560	valid_loss	16182.8519287
batch	5580	valid_loss	16183.0189209
batch	5600	valid_loss	16153.3492432
batch	5620	valid_loss	16136.8283691
batch	5640	valid_loss	16108.3054199
batch	5660	valid_loss	16095.3010254
batch	5680	valid_loss	16129.5638428
batch	5700	valid_loss	16134.651001
batch	5720	valid_loss	16101.8850098
batch	5740	valid_loss	16136.4342041
batch	5760	valid_loss	16139.3919678
batch	5780	valid_loss	16093.8632812
batch	5800	valid_loss	16062.0723877
batch	5820	valid_loss	16154.8880615
batch	5840	valid_loss	16132.1219482
batch	5860	valid_loss	16077.3894043
batch	5880	valid_loss	16135.8343506
batch	5900	valid_loss	16072.9865723
batch	5920	valid_loss	16089.8244629
batch	5940	valid_loss	16019.1107178
batch	5960	valid_loss	16017.9129639
batch	5980	valid_loss	16018.2728271
batch	6000	valid_loss	16146.9294434
batch	6020	valid_loss	16028.0838623
batch	6040	valid_loss	16133.6928711
batch	6060	valid_loss	16045.8294678
batch	6080	valid_loss	16078.2210693
batch	6100	valid_loss	16083.1329346
batch	6120	valid_loss	16012.564209
batch	6140	valid_loss	16058.5528564
batch	6160	valid_loss	16097.3841553
batch	6180	valid_loss	16022.4104004
batch	6200	valid_loss	16090.0015869
batch	6220	valid_loss	16044.2711182
batch	6240	valid_loss	16051.8135986
batch	6260	valid_loss	15970.5635986
batch	6280	valid_loss	15998.7869873
batch	6300	valid_loss	15997.2362061
batch	6320	valid_loss	16063.8096924
batch	6340	valid_loss	16051.2521973
batch	6360	valid_loss	16039.0838623
batch	6380	valid_loss	16017.6381836
batch	6400	valid_loss	16020.763916
batch	6420	valid_loss	16000.0284424
batch	6440	valid_loss	16023.5894775
batch	6460	valid_loss	16005.345459
batch	6480	valid_loss	15979.6541748
batch	6500	valid_loss	16038.3266602
batch	6520	valid_loss	16066.9608154
batch	6540	valid_loss	15992.9082031
batch	6560	valid_loss	15955.8835449
batch	6580	valid_loss	15938.3928223
batch	6600	valid_loss	15934.7344971
batch	6620	valid_loss	15997.7164307
batch	6640	valid_loss	15946.5142822
batch	6660	valid_loss	15958.956543
batch	6680	valid_loss	15974.9207764
batch	6700	valid_loss	15999.9802246
batch	6720	valid_loss	15994.6992188
batch	6740	valid_loss	15929.005127
batch	6760	valid_loss	15980.498291
batch	6780	valid_loss	15994.5091553
batch	6800	valid_loss	15953.5802002
batch	6820	valid_loss	15969.0042725
batch	6840	valid_loss	15937.5784912
batch	6860	valid_loss	16004.0030518
batch	6880	valid_loss	15919.2189941
batch	6900	valid_loss	15935.5666504
batch	6920	valid_loss	15928.6195068
batch	6940	valid_loss	15990.4949951
batch	6960	valid_loss	15956.3638916
batch	6980	valid_loss	16001.0926514
batch	7000	valid_loss	15945.8165283
batch	7020	valid_loss	15986.5405273
batch	7040	valid_loss	15954.9150391
batch	7060	valid_loss	15938.1799316
batch	7080	valid_loss	15939.3657227
batch	7100	valid_loss	15972.0408936
batch	7120	valid_loss	15949.0266113
batch	7140	valid_loss	15985.7852783
batch	7160	valid_loss	15949.0831299
batch	7180	valid_loss	15928.7973633
batch	7200	valid_loss	15883.3125
batch	7220	valid_loss	15884.4094238
batch	7240	valid_loss	15924.1174316
batch	7260	valid_loss	15952.4191895
batch	7280	valid_loss	15918.5324707
batch	7300	valid_loss	15940.6224365
batch	7320	valid_loss	15934.6500244
batch	7340	valid_loss	15929.2579346
batch	7360	valid_loss	15892.625
batch	7380	valid_loss	15959.7025146
batch	7400	valid_loss	15942.1495361
batch	7420	valid_loss	15898.2392578
batch	7440	valid_loss	15943.2897949
batch	7460	valid_loss	15890.5006104
batch	7480	valid_loss	15923.1221924
batch	7500	valid_loss	15862.7562256
batch	7520	valid_loss	15838.5106201
batch	7540	valid_loss	15834.4509277
batch	7560	valid_loss	15978.7441406
batch	7580	valid_loss	15857.0876465
batch	7600	valid_loss	15950.5357666
batch	7620	valid_loss	15901.1043701
batch	7640	valid_loss	15902.9970703
batch	7660	valid_loss	15921.0164795
batch	7680	valid_loss	15864.0802002
batch	7700	valid_loss	15892.0596924
batch	7720	valid_loss	15931.5532227
batch	7740	valid_loss	15866.1156006
batch	7760	valid_loss	15930.8905029
batch	7780	valid_loss	15893.7062988
batch	7800	valid_loss	15881.1668701
batch	7820	valid_loss	15822.4804688
batch	7840	valid_loss	15824.6231689
batch	7860	valid_loss	15845.4118652
batch	7880	valid_loss	15930.4576416
batch	7900	valid_loss	15898.8515625
batch	7920	valid_loss	15889.3453369
batch	7940	valid_loss	15875.0794678
batch	7960	valid_loss	15904.4262695
batch	7980	valid_loss	15851.947876
batch	8000	valid_loss	15894.7711182
batch	8020	valid_loss	15882.0424805
batch	8040	valid_loss	15823.4866943
batch	8060	valid_loss	15904.8863525
batch	8080	valid_loss	15930.2462158
batch	8100	valid_loss	15871.7006836
batch	8120	valid_loss	15810.8657227
batch	8140	valid_loss	15808.4954834
batch	8160	valid_loss	15808.786499
batch	8180	valid_loss	15896.4909668
batch	8200	valid_loss	15835.506958
batch	8220	valid_loss	15834.9556885
batch	8240	valid_loss	15851.1229248
batch	8260	valid_loss	15867.6226807
batch	8280	valid_loss	15877.5167236
batch	8300	valid_loss	15816.369873
batch	8320	valid_loss	15863.644165
batch	8340	valid_loss	15872.0067139
batch	8360	valid_loss	15821.1896973
batch	8380	valid_loss	15864.2611084
batch	8400	valid_loss	15832.3032227
batch	8420	valid_loss	15881.4538574
batch	8440	valid_loss	15805.8098145
batch	8460	valid_loss	15829.0128174
batch	8480	valid_loss	15802.9240723
batch	8500	valid_loss	15889.5256348
batch	8520	valid_loss	15853.7672119
batch	8540	valid_loss	15888.0406494
batch	8560	valid_loss	15819.0507812
batch	8580	valid_loss	15868.5462646
batch	8600	valid_loss	15860.055542
batch	8620	valid_loss	15835.8343506
batch	8640	valid_loss	15823.3284912
batch	8660	valid_loss	15865.048584
batch	8680	valid_loss	15867.9643555
batch	8700	valid_loss	15879.18396
batch	8720	valid_loss	15831.7160645
batch	8740	valid_loss	15828.8654785
batch	8760	valid_loss	15786.6708984
batch	8780	valid_loss	15784.5269775
batch	8800	valid_loss	15837.4414062
batch	8820	valid_loss	15839.5965576
batch	8840	valid_loss	15818.2738037
batch	8860	valid_loss	15856.3464355
batch	8880	valid_loss	15849.6176758
batch	8900	valid_loss	15826.7900391
batch	8920	valid_loss	15795.5004883
batch	8940	valid_loss	15877.1077881
batch	8960	valid_loss	15843.6268311
batch	8980	valid_loss	15781.9661865
batch	9000	valid_loss	15860.7298584
batch	9020	valid_loss	15812.0423584
batch	9040	valid_loss	15840.9033203
batch	9060	valid_loss	15760.838623
batch	9080	valid_loss	15758.0831299
batch	9100	valid_loss	15760.5700684
batch	9120	valid_loss	15898.836792
batch	9140	valid_loss	15801.4505615
batch	9160	valid_loss	15885.769165
batch	9180	valid_loss	15797.6525879
batch	9200	valid_loss	15855.2943115
batch	9220	valid_loss	15840.0037842
batch	9240	valid_loss	15779.9613037
batch	9260	valid_loss	15820.480835
batch	9280	valid_loss	15858.2658691
batch	9300	valid_loss	15789.5274658
batch	9320	valid_loss	15843.1726074
batch	9340	valid_loss	15820.050293
batch	9360	valid_loss	15814.399292
batch	9380	valid_loss	15745.8135986
batch	9400	valid_loss	15768.3739014
batch	9420	valid_loss	15772.277832
batch	9440	valid_loss	15840.0496826
batch	9460	valid_loss	15837.333374
batch	9480	valid_loss	15851.7557373
batch	9500	valid_loss	15793.3859863
batch	9520	valid_loss	15823.4172363
batch	9540	valid_loss	15791.03125
batch	9560	valid_loss	15816.326416
batch	9580	valid_loss	15810.3684082
batch	9600	valid_loss	15778.7010498
batch	9620	valid_loss	15828.1437988
batch	9640	valid_loss	15859.6053467
batch	9660	valid_loss	15792.6311035
batch	9680	valid_loss	15759.1019287
batch	9700	valid_loss	15756.9124756
batch	9720	valid_loss	15760.371582
batch	9740	valid_loss	15810.3566895
batch	9760	valid_loss	15778.3104248
batch	9780	valid_loss	15782.3115234
batch	9800	valid_loss	15795.3970947
batch	9820	valid_loss	15817.1029053
batch	9840	valid_loss	15805.5893555
batch	9860	valid_loss	15744.8446045
batch	9880	valid_loss	15810.8519287
batch	9900	valid_loss	15814.989502
batch	9920	valid_loss	15752.7019043
batch	9940	valid_loss	15801.4771729
batch	9960	valid_loss	15752.0782471
batch	9980	valid_loss	15812.6992188
batch	10000	valid_loss	15759.3685303
batch	10020	valid_loss	15730.5291748
batch	10040	valid_loss	15770.0759277
batch	10060	valid_loss	15844.6744385
batch	10080	valid_loss	15803.3302002
batch	10100	valid_loss	15855.2288818
batch	10120	valid_loss	15771.7945557
batch	10140	valid_loss	15801.5318604
batch	10160	valid_loss	15827.1148682
batch	10180	valid_loss	15763.4666748
batch	10200	valid_loss	15780.494751
batch	10220	valid_loss	15814.5950928
batch	10240	valid_loss	15793.869751
batch	10260	valid_loss	15836.3361816
batch	10280	valid_loss	15802.989502
batch	10300	valid_loss	15760.041626
batch	10320	valid_loss	15747.4285889
batch	10340	valid_loss	15733.8615723
batch	10360	valid_loss	15781.4731445
batch	10380	valid_loss	15792.7731934
batch	10400	valid_loss	15770.2097168
batch	10420	valid_loss	15801.8540039
batch	10440	valid_loss	15804.1962891
batch	10460	valid_loss	15760.9978027
batch	10480	valid_loss	15766.555542
batch	10500	valid_loss	15805.5869141
batch	10520	valid_loss	15792.9477539
batch	10540	valid_loss	15748.9504395
batch	10560	valid_loss	15807.8365479
batch	10580	valid_loss	15771.8383789
batch	10600	valid_loss	15792.5310059
batch	10620	valid_loss	15714.4747314
batch	10640	valid_loss	15704.2027588
batch	10660	valid_loss	15716.0722656
batch	10680	valid_loss	15851.4884033
batch	10700	valid_loss	15734.3653564
batch	10720	valid_loss	15858.6691895
batch	10740	valid_loss	15760.4692383
batch	10760	valid_loss	15795.5515137
batch	10780	valid_loss	15786.8735352
batch	10800	valid_loss	15735.7219238
batch	10820	valid_loss	15762.026123
batch	10840	valid_loss	15825.401123
batch	10860	valid_loss	15755.4490967
batch	10880	valid_loss	15811.4012451
batch	10900	valid_loss	15778.1853027
batch	10920	valid_loss	15765.8739014
batch	10940	valid_loss	15713.8436279
batch	10960	valid_loss	15720.5429688
batch	10980	valid_loss	15732.9327393
batch	11000	valid_loss	15822.748291
batch	11020	valid_loss	15807.2794189
batch	11040	valid_loss	15789.015625
batch	11060	valid_loss	15765.5255127
batch	11080	valid_loss	15771.6210938
batch	11100	valid_loss	15754.0706787
batch	11120	valid_loss	15775.2926025
batch	11140	valid_loss	15775.9333496
batch	11160	valid_loss	15741.46521
batch	11180	valid_loss	15804.3289795
batch	11200	valid_loss	15808.5789795
batch	11220	valid_loss	15740.8128662
batch	11240	valid_loss	15714.9377441
batch	11260	valid_loss	15697.7370605
batch	11280	valid_loss	15696.4139404
batch	11300	valid_loss	15784.2235107
batch	11320	valid_loss	15741.7022705
batch	11340	valid_loss	15748.3747559
batch	11360	valid_loss	15743.2329102
batch	11380	valid_loss	15787.3074951
batch	11400	valid_loss	15768.5101318
batch	11420	valid_loss	15714.1433105
batch	11440	valid_loss	15784.9017334
batch	11460	valid_loss	15778.4046631
batch	11480	valid_loss	15720.1950684
batch	11500	valid_loss	15785.7922363
batch	11520	valid_loss	15724.3863525
batch	11540	valid_loss	15787.1519775
batch	11560	valid_loss	15715.2972412
batch	11580	valid_loss	15732.859375
batch	11600	valid_loss	15725.0174561
batch	11620	valid_loss	15799.8607178
batch	11640	valid_loss	15757.6887207
batch	11660	valid_loss	15830.335083
batch	11680	valid_loss	15738.4769287
batch	11700	valid_loss	15793.6890869
batch	11720	valid_loss	15779.4859619
batch	11740	valid_loss	15753.6333008
batch	11760	valid_loss	15723.9328613
batch	11780	valid_loss	15774.0134277
batch	11800	valid_loss	15772.4785156
batch	11820	valid_loss	15800.2440186
batch	11840	valid_loss	15761.4937744
batch	11860	valid_loss	15764.1593018
batch	11880	valid_loss	15718.5388184
batch	11900	valid_loss	15704.1593018
batch	11920	valid_loss	15778.1894531
batch	11940	valid_loss	15765.970459
batch	11960	valid_loss	15729.3258057
batch	11980	valid_loss	15774.6623535
batch	12000	valid_loss	15784.2912598
batch	12020	valid_loss	15766.3057861
batch	12040	valid_loss	15711.8364258
batch	12060	valid_loss	15800.2668457
batch	12080	valid_loss	15778.6871338
batch	12100	valid_loss	15709.1748047
batch	12120	valid_loss	15782.7816162
batch	12140	valid_loss	15737.088501
batch	12160	valid_loss	15765.3375244
batch	12180	valid_loss	15687.3890381
batch	12200	valid_loss	15681.7800293
batch	12220	valid_loss	15701.2855225
batch	12240	valid_loss	15837.8200684
batch	12260	valid_loss	15723.9453125
batch	12280	valid_loss	15822.9210205
batch	12300	valid_loss	15746.0870361
batch	12320	valid_loss	15780.213623
batch	12340	valid_loss	15779.2548828
batch	12360	valid_loss	15714.3328857
batch	12380	valid_loss	15752.1567383
batch	12400	valid_loss	15798.1053467
batch	12420	valid_loss	15723.1425781
batch	12440	valid_loss	15789.9799805
batch	12460	valid_loss	15777.8273926
batch	12480	valid_loss	15772.6187744
batch	12500	valid_loss	15674.9294434
batch	12520	valid_loss	15701.0592041
batch	12540	valid_loss	15714.0646973
batch	12560	valid_loss	15819.0654297
batch	12580	valid_loss	15787.7486572
batch	12600	valid_loss	15767.0856934
batch	12620	valid_loss	15734.4833984
batch	12640	valid_loss	15768.3817139
batch	12660	valid_loss	15741.3094482
batch	12680	valid_loss	15748.7832031
batch	12700	valid_loss	15778.5977783
batch	12720	valid_loss	15719.862793
batch	12740	valid_loss	15773.0725098
batch	12760	valid_loss	15803.7501221
batch	12780	valid_loss	15734.9954834
batch	12800	valid_loss	15700.3419189
batch	12820	valid_loss	15676.644043
batch	12840	valid_loss	15691.4632568
batch	12860	valid_loss	15785.9376221
batch	12880	valid_loss	15708.2796631
batch	12900	valid_loss	15716.1031494
batch	12920	valid_loss	15732.180542
batch	12940	valid_loss	15771.1083984
batch	12960	valid_loss	15755.0944824
batch	12980	valid_loss	15713.5079346
batch	13000	valid_loss	15756.7641602
batch	13020	valid_loss	15755.3203125
batch	13040	valid_loss	15708.4367676
batch	13060	valid_loss	15757.0913086
batch	13080	valid_loss	15696.6550293
batch	13100	valid_loss	15776.206665
batch	13120	valid_loss	15705.1918945
batch	13140	valid_loss	15698.0616455
batch	13160	valid_loss	15699.8504639
batch	13180	valid_loss	15799.3139648
batch	13200	valid_loss	15745.3989258
batch	13220	valid_loss	15782.2559814
batch	13240	valid_loss	15723.4443359
batch	13260	valid_loss	15772.3294678
batch	13280	valid_loss	15750.0679932
batch	13300	valid_loss	15723.3170166
batch	13320	valid_loss	15746.6987305
batch	13340	valid_loss	15766.798584
batch	13360	valid_loss	15782.3273926
batch	13380	valid_loss	15798.2915039
batch	13400	valid_loss	15740.0322266
batch	13420	valid_loss	15726.335083
batch	13440	valid_loss	15707.4880371
batch	13460	valid_loss	15697.5233154
batch	13480	valid_loss	15750.9532471
batch	13500	valid_loss	15771.7902832
batch	13520	valid_loss	15719.9302979
batch	13540	valid_loss	15760.6520996
batch	13560	valid_loss	15759.1298828
batch	13580	valid_loss	15741.1542969
batch	13600	valid_loss	15694.5198975
batch	13620	valid_loss	15780.8813477
batch	13640	valid_loss	15775.7579346
batch	13660	valid_loss	15710.1333008
batch	13680	valid_loss	15762.37146
batch	13700	valid_loss	15724.3759766
batch	13720	valid_loss	15728.2731934
batch	13740	valid_loss	15685.5354004
batch	13760	valid_loss	15669.6931152
batch	13780	valid_loss	15685.2696533
batch	13800	valid_loss	15800.4304199
batch	13820	valid_loss	15695.6929932
batch	13840	valid_loss	15775.3282471
batch	13860	valid_loss	15713.9660645
batch	13880	valid_loss	15768.8001709
batch	13900	valid_loss	15757.2254639
batch	13920	valid_loss	15699.9975586
batch	13940	valid_loss	15746.0974121
batch	13960	valid_loss	15794.690918
batch	13980	valid_loss	15713.4611816
batch	14000	valid_loss	15759.9053955
batch	14020	valid_loss	15742.6833496
batch	14040	valid_loss	15740.1762695
batch	14060	valid_loss	15678.9312744
batch	14080	valid_loss	15677.8560791
batch	14100	valid_loss	15700.9473877
batch	14120	valid_loss	15780.8156738
batch	14140	valid_loss	15775.0081787
batch	14160	valid_loss	15740.8516846
batch	14180	valid_loss	15731.7596436
batch	14200	valid_loss	15755.821167
batch	14220	valid_loss	15717.3847656
batch	14240	valid_loss	15748.7568359
batch	14260	valid_loss	15748.3531494
batch	14280	valid_loss	15708.9519043
batch	14300	valid_loss	15756.2653809
batch	14320	valid_loss	15791.8476562
batch	14340	valid_loss	15710.9277344
batch	14360	valid_loss	15687.3361816
batch	14380	valid_loss	15682.5447998
batch	14400	valid_loss	15669.5476074
batch	14420	valid_loss	15735.7824707
batch	14440	valid_loss	15713.479126
batch	14460	valid_loss	15697.1765137
batch	14480	valid_loss	15717.8786621
batch	14500	valid_loss	15765.2849121
batch	14520	valid_loss	15737.4304199
batch	14540	valid_loss	15692.4093018
batch	14560	valid_loss	15743.1219482
batch	14580	valid_loss	15745.2076416
batch	14600	valid_loss	15699.2724609
batch	14620	valid_loss	15738.8499756
batch	14640	valid_loss	15685.4801025
batch	14660	valid_loss	15752.6959229
batch	14680	valid_loss	15697.1057129
batch	14700	valid_loss	15680.1280518
batch	14720	valid_loss	15697.8410645
batch	14740	valid_loss	15783.0889893
batch	14760	valid_loss	15741.5899658
batch	14780	valid_loss	15758.9642334
batch	14800	valid_loss	15705.6425781
batch	14820	valid_loss	15751.99646
batch	14840	valid_loss	15734.161499
batch	14860	valid_loss	15727.3178711
batch	14880	valid_loss	15706.182251
batch	14900	valid_loss	15735.2956543
batch	14920	valid_loss	15745.6530762
batch	14940	valid_loss	15771.0
batch	14960	valid_loss	15728.9281006
batch	14980	valid_loss	15704.6697998
batch	15000	valid_loss	15707.8486328
batch	15020	valid_loss	15679.2215576
batch	15040	valid_loss	15739.967041
batch	15060	valid_loss	15748.4901123
batch	15080	valid_loss	15701.269043
batch	15100	valid_loss	15735.6274414
batch	15120	valid_loss	15745.6436768
batch	15140	valid_loss	15723.625
batch	15160	valid_loss	15687.6816406
batch	15180	valid_loss	15766.2536621
batch	15200	valid_loss	15749.2258301
batch	15220	valid_loss	15687.1264648
batch	15240	valid_loss	15742.7064209
batch	15260	valid_loss	15712.6678467
batch	15280	valid_loss	15732.7745361
batch	15300	valid_loss	15664.0631104
batch	15320	valid_loss	15654.9277344
batch	15340	valid_loss	15658.25354
batch	15360	valid_loss	15794.592041
batch	15380	valid_loss	15701.0770264
batch	15400	valid_loss	15778.5814209
batch	15420	valid_loss	15692.7769775
batch	15440	valid_loss	15752.3529053
batch	15460	valid_loss	15742.3608398
batch	15480	valid_loss	15677.8485107
batch	15500	valid_loss	15707.291626
batch	15520	valid_loss	15769.2553711
batch	15540	valid_loss	15709.1474609
batch	15560	valid_loss	15755.9899902
batch	15580	valid_loss	15722.7351074
batch	15600	valid_loss	15731.0936279
batch	15620	valid_loss	15690.2800293
batch	15640	valid_loss	15675.3834229
batch	15660	valid_loss	15685.7502441
batch	15680	valid_loss	15777.2502441
batch	15700	valid_loss	15759.8887939
batch	15720	valid_loss	15732.55896
batch	15740	valid_loss	15715.1506348
batch	15760	valid_loss	15740.6407471
batch	15780	valid_loss	15705.774292
batch	15800	valid_loss	15724.7507324
batch	15820	valid_loss	15735.8138428
batch	15840	valid_loss	15689.6673584
batch	15860	valid_loss	15732.4443359
batch	15880	valid_loss	15772.2347412
batch	15900	valid_loss	15719.2698975
batch	15920	valid_loss	15660.0877686
batch	15940	valid_loss	15668.572998
batch	15960	valid_loss	15664.0721436
batch	15980	valid_loss	15723.989624
batch	16000	valid_loss	15690.6013184
batch	16020	valid_loss	15689.1342773
batch	16040	valid_loss	15715.9577637
batch	16060	valid_loss	15741.0255127
batch	16080	valid_loss	15718.7370605
batch	16100	valid_loss	15657.5627441
batch	16120	valid_loss	15725.8806152
batch	16140	valid_loss	15716.7734375
batch	16160	valid_loss	15681.52771
batch	16180	valid_loss	15720.0667725
batch	16200	valid_loss	15677.8947754
batch	16220	valid_loss	15740.6921387
batch	16240	valid_loss	15675.1253662
batch	16260	valid_loss	15684.8122559
batch	16280	valid_loss	15674.8925781
batch	16300	valid_loss	15759.8205566
batch	16320	valid_loss	15731.326416
batch	16340	valid_loss	15768.9035645
batch	16360	valid_loss	15688.097168
batch	16380	valid_loss	15754.9608154
batch	16400	valid_loss	15729.9871826
batch	16420	valid_loss	15722.633667
batch	16440	valid_loss	15713.3662109
batch	16460	valid_loss	15730.097168
batch	16480	valid_loss	15748.1520996
batch	16500	valid_loss	15774.2902832
batch	16520	valid_loss	15733.3376465
batch	16540	valid_loss	15704.5772705
batch	16560	valid_loss	15685.3428955
batch	16580	valid_loss	15682.8530273
batch	16600	valid_loss	15729.2998047
batch	16620	valid_loss	15746.0777588
batch	16640	valid_loss	15689.4666748
batch	16660	valid_loss	15721.2567139
batch	16680	valid_loss	15733.269165
batch	16700	valid_loss	15711.7944336
batch	16720	valid_loss	15668.6894531
batch	16740	valid_loss	15764.0426025
batch	16760	valid_loss	15746.9505615
batch	16780	valid_loss	15675.6304932
batch	16800	valid_loss	15736.5366211
batch	16820	valid_loss	15695.5332031
batch	16840	valid_loss	15719.8966064
batch	16860	valid_loss	15649.2618408
batch	16880	valid_loss	15654.4318848
batch	16900	valid_loss	15655.8356934
batch	16920	valid_loss	15809.1212158
batch	16940	valid_loss	15680.7354736
batch	16960	valid_loss	15792.5894775
batch	16980	valid_loss	15694.8027344
batch	17000	valid_loss	15723.6518555
batch	17020	valid_loss	15746.2943115
batch	17040	valid_loss	15687.1021729
batch	17060	valid_loss	15707.3372803
batch	17080	valid_loss	15755.4549561
batch	17100	valid_loss	15683.9720459
batch	17120	valid_loss	15744.402832
batch	17140	valid_loss	15724.9006348
batch	17160	valid_loss	15711.3463135
batch	17180	valid_loss	15670.8098145
batch	17200	valid_loss	15669.0769043
batch	17220	valid_loss	15681.1173096
batch	17240	valid_loss	15764.958252
batch	17260	valid_loss	15759.8486328
batch	17280	valid_loss	15726.7573242
batch	17300	valid_loss	15705.1286621
batch	17320	valid_loss	15743.5970459
batch	17340	valid_loss	15707.6490479
batch	17360	valid_loss	15721.1768799
batch	17380	valid_loss	15719.5019531
batch	17400	valid_loss	15670.7984619
batch	17420	valid_loss	15740.2965088
batch	17440	valid_loss	15755.1119385
batch	17460	valid_loss	15707.0673828
batch	17480	valid_loss	15657.6799316
batch	17500	valid_loss	15670.4608154
batch	17520	valid_loss	15674.9996338
batch	17540	valid_loss	15739.8917236
batch	17560	valid_loss	15677.3885498
batch	17580	valid_loss	15690.7644043
batch	17600	valid_loss	15699.8812256
batch	17620	valid_loss	15739.9645996
batch	17640	valid_loss	15724.1149902
batch	17660	valid_loss	15668.2526855
batch	17680	valid_loss	15716.8532715
batch	17700	valid_loss	15709.359375
batch	17720	valid_loss	15691.5856934
batch	17740	valid_loss	15734.6368408
batch	17760	valid_loss	15661.6008301
batch	17780	valid_loss	15736.243042
batch	17800	valid_loss	15664.989624
batch	17820	valid_loss	15679.2324219
batch	17840	valid_loss	15666.6733398
batch	17860	valid_loss	15765.9794922
batch	17880	valid_loss	15715.7655029
batch	17900	valid_loss	15768.1723633
batch	17920	valid_loss	15699.4404297
batch	17940	valid_loss	15727.6776123
batch	17960	valid_loss	15738.1882324
batch	17980	valid_loss	15696.774292
batch	18000	valid_loss	15708.8131104
batch	18020	valid_loss	15736.0686035
batch	18040	valid_loss	15719.9244385
batch	18060	valid_loss	15757.2233887
batch	18080	valid_loss	15712.211792
batch	18100	valid_loss	15692.8364258
batch	18120	valid_loss	15683.8076172
batch	18140	valid_loss	15662.2679443
batch	18160	valid_loss	15710.5294189
batch	18180	valid_loss	15719.4840088
batch	18200	valid_loss	15699.8677979
batch	18220	valid_loss	15706.9680176
batch	18240	valid_loss	15718.1646729
batch	18260	valid_loss	15695.293335
batch	18280	valid_loss	15661.3037109
batch	18300	valid_loss	15752.7894287
batch	18320	valid_loss	15726.7346191
batch	18340	valid_loss	15667.9268799
batch	18360	valid_loss	15726.3303223
batch	18380	valid_loss	15705.4511719
batch	18400	valid_loss	15701.2719727
batch	18420	valid_loss	15640.2716064
batch	18440	valid_loss	15625.6912842
batch	18460	valid_loss	15644.6467285
batch	18480	valid_loss	15783.3240967
batch	18500	valid_loss	15664.4573975
batch	18520	valid_loss	15776.5430908
batch	18540	valid_loss	15676.3665771
batch	18560	valid_loss	15735.1505127
batch	18580	valid_loss	15738.1573486
batch	18600	valid_loss	15676.3776855
batch	18620	valid_loss	15719.2952881
batch	18640	valid_loss	15747.4316406
batch	18660	valid_loss	15690.392334
batch	18680	valid_loss	15747.9526367
batch	18700	valid_loss	15710.4716797
batch	18720	valid_loss	15705.5544434
batch	18740	valid_loss	15651.5466309
batch	18760	valid_loss	15656.541748
batch	18780	valid_loss	15671.678833
batch	18800	valid_loss	15770.5053711
batch	18820	valid_loss	15743.9822998
batch	18840	valid_loss	15720.5836182
batch	18860	valid_loss	15706.5203857
batch	18880	valid_loss	15733.6359863
batch	18900	valid_loss	15696.2764893
batch	18920	valid_loss	15712.4916992
batch	18940	valid_loss	15717.3125
batch	18960	valid_loss	15685.302002
batch	18980	valid_loss	15749.3148193
batch	19000	valid_loss	15762.6918945
batch	19020	valid_loss	15694.2132568
batch	19040	valid_loss	15664.0174561
batch	19060	valid_loss	15661.4161377
batch	19080	valid_loss	15655.8491211
batch	19100	valid_loss	15744.0480957
batch	19120	valid_loss	15666.8061523
batch	19140	valid_loss	15684.0372314
batch	19160	valid_loss	15683.6687012
batch	19180	valid_loss	15746.6247559
batch	19200	valid_loss	15711.6333008
batch	19220	valid_loss	15672.6635742
batch	19240	valid_loss	15713.4405518
batch	19260	valid_loss	15722.7301025
batch	19280	valid_loss	15668.4060059
batch	19300	valid_loss	15699.0463867
batch	19320	valid_loss	15667.2445068
batch	19340	valid_loss	15720.0714111
batch	19360	valid_loss	15650.1533203
batch	19380	valid_loss	15672.6182861
batch	19400	valid_loss	15668.427002
batch	19420	valid_loss	15769.1099854
batch	19440	valid_loss	15713.411499
batch	19460	valid_loss	15742.3179932
batch	19480	valid_loss	15698.3387451
batch	19500	valid_loss	15733.8242188
batch	19520	valid_loss	15733.8341064
batch	19540	valid_loss	15698.1203613
batch	19560	valid_loss	15700.9915771
batch	19580	valid_loss	15734.5609131
batch	19600	valid_loss	15724.7335205
batch	19620	valid_loss	15738.5667725
batch	19640	valid_loss	15702.6502686
batch	19660	valid_loss	15682.4421387
batch	19680	valid_loss	15670.5426025
batch	19700	valid_loss	15655.7410889
batch	19720	valid_loss	15699.2103271
batch	19740	valid_loss	15722.7918701
batch	19760	valid_loss	15691.0860596
batch	19780	valid_loss	15712.4293213
batch	19800	valid_loss	15727.4050293
batch	19820	valid_loss	15709.425415
batch	19840	valid_loss	15658.5356445
batch	19860	valid_loss	15742.9643555
batch	19880	valid_loss	15732.8945312
batch	19900	valid_loss	15661.6015625
batch	19920	valid_loss	15726.390625
batch	19940	valid_loss	15692.0697021
batch	19960	valid_loss	15709.2386475
batch	19980	valid_loss	15625.420166
batch	20000	valid_loss	15628.2325439
batch	20020	valid_loss	15646.9359131
batch	20040	valid_loss	15784.423584
batch	20060	valid_loss	15675.7303467
batch	20080	valid_loss	15762.0184326
batch	20100	valid_loss	15684.0861816
batch	20120	valid_loss	15728.6968994
batch	20140	valid_loss	15727.5328369
batch	20160	valid_loss	15665.8592529
batch	20180	valid_loss	15699.0518799
batch	20200	valid_loss	15751.6994629
batch	20220	valid_loss	15685.8256836
batch	20240	valid_loss	15743.0661621
batch	20260	valid_loss	15701.3778076
batch	20280	valid_loss	15722.5861816
batch	20300	valid_loss	15633.5174561
batch	20320	valid_loss	15660.8134766
batch	20340	valid_loss	15676.940918
batch	20360	valid_loss	15750.9465332
batch	20380	valid_loss	15741.7922363
batch	20400	valid_loss	15733.2185059
batch	20420	valid_loss	15687.9504395
batch	20440	valid_loss	15733.8531494
batch	20460	valid_loss	15682.1655273
batch	20480	valid_loss	15723.0645752
batch	20500	valid_loss	15725.3031006
batch	20520	valid_loss	15668.2811279
batch	20540	valid_loss	15729.5621338
batch	20560	valid_loss	15748.0437012
batch	20580	valid_loss	15693.0457764
batch	20600	valid_loss	15655.7130127
batch	20620	valid_loss	15647.776123
batch	20640	valid_loss	15639.048584
batch	20660	valid_loss	15728.6289062
batch	20680	valid_loss	15661.9038086
batch	20700	valid_loss	15681.0742188
batch	20720	valid_loss	15682.1066895
batch	20740	valid_loss	15734.2686768
batch	20760	valid_loss	15703.3945312
batch	20780	valid_loss	15641.8470459
batch	20800	valid_loss	15696.6982422
batch	20820	valid_loss	15710.7039795
batch	20840	valid_loss	15666.8280029
batch	20860	valid_loss	15722.0994873
batch	20880	valid_loss	15654.0916748
batch	20900	valid_loss	15717.1630859
batch	20920	valid_loss	15659.2409668
batch	20940	valid_loss	15661.7647705
batch	20960	valid_loss	15648.7875977
batch	20980	valid_loss	15731.0023193
batch	21000	valid_loss	15722.2971191
batch	21020	valid_loss	15753.6479492
batch	21040	valid_loss	15683.5609131
batch	21060	valid_loss	15738.5809326
batch	21080	valid_loss	15706.4071045
batch	21100	valid_loss	15701.3491211
batch	21120	valid_loss	15690.8546143
batch	21140	valid_loss	15732.3203125
batch	21160	valid_loss	15719.4714355
batch	21180	valid_loss	15738.3695068
batch	21200	valid_loss	15711.0267334
batch	21220	valid_loss	15697.4875488
batch	21240	valid_loss	15656.0203857
batch	21260	valid_loss	15643.5354004
batch	21280	valid_loss	15711.1583252
batch	21300	valid_loss	15710.3813477
batch	21320	valid_loss	15663.1246338
batch	21340	valid_loss	15715.1430664
batch	21360	valid_loss	15716.3717041
batch	21380	valid_loss	15689.2250977
batch	21400	valid_loss	15662.2878418
batch	21420	valid_loss	15750.4849854
batch	21440	valid_loss	15710.7738037
batch	21460	valid_loss	15668.3181152
batch	21480	valid_loss	15712.7507324
batch	21500	valid_loss	15661.6790771
batch	21520	valid_loss	15703.4359131
batch	21540	valid_loss	15638.4838867
batch	21560	valid_loss	15640.730835
batch	21580	valid_loss	15642.1593018
batch	21600	valid_loss	15772.0982666
batch	21620	valid_loss	15657.4163818
batch	21640	valid_loss	15759.387207
batch	21660	valid_loss	15687.7810059
batch	21680	valid_loss	15735.6229248
batch	21700	valid_loss	15721.621582
batch	21720	valid_loss	15672.3586426
batch	21740	valid_loss	15708.7314453
batch	21760	valid_loss	15729.822876
batch	21780	valid_loss	15668.1230469
batch	21800	valid_loss	15743.7526855
batch	21820	valid_loss	15721.5996094
batch	21840	valid_loss	15711.3641357
batch	21860	valid_loss	15631.3031006
batch	21880	valid_loss	15661.3525391
batch	21900	valid_loss	15676.1152344
batch	21920	valid_loss	15745.461792
batch	21940	valid_loss	15734.0418701
batch	21960	valid_loss	15722.5565186
batch	21980	valid_loss	15679.7025146
batch	22000	valid_loss	15725.8631592
batch	22020	valid_loss	15690.5454102
batch	22040	valid_loss	15700.6253662
batch	22060	valid_loss	15710.3837891
batch	22080	valid_loss	15651.1568604
batch	22100	valid_loss	15726.6591797
batch	22120	valid_loss	15747.0090332
batch	22140	valid_loss	15681.5584717
batch	22160	valid_loss	15643.0397949
batch	22180	valid_loss	15650.2275391
batch	22200	valid_loss	15643.4069824
batch	22220	valid_loss	15738.5639648
batch	22240	valid_loss	15656.940918
batch	22260	valid_loss	15666.5793457
batch	22280	valid_loss	15678.0179443
batch	22300	valid_loss	15715.5604248
batch	22320	valid_loss	15693.8243408
batch	22340	valid_loss	15637.2457275
batch	22360	valid_loss	15711.3422852
batch	22380	valid_loss	15720.706665
batch	22400	valid_loss	15672.4716797
batch	22420	valid_loss	15718.2347412
batch	22440	valid_loss	15670.8709717
batch	22460	valid_loss	15741.4776611
batch	22480	valid_loss	15663.8757324
batch	22500	valid_loss	15656.1787109
batch	22520	valid_loss	15657.8212891
batch	22540	valid_loss	15741.2952881
batch	22560	valid_loss	15698.8095703
batch	22580	valid_loss	15740.260376
batch	22600	valid_loss	15651.2781982
batch	22620	valid_loss	15729.0910645
batch	22640	valid_loss	15720.3652344
batch	22660	valid_loss	15685.4781494
batch	22680	valid_loss	15693.9158936
batch	22700	valid_loss	15715.2711182
batch	22720	valid_loss	15705.9287109
batch	22740	valid_loss	15754.5147705
batch	22760	valid_loss	15710.4677734
batch	22780	valid_loss	15680.3491211
batch	22800	valid_loss	15655.7301025
batch	22820	valid_loss	15630.2087402
batch	22840	valid_loss	15686.7368164
batch	22860	valid_loss	15712.5023193
batch	22880	valid_loss	15679.7672119
batch	22900	valid_loss	15712.935791
batch	22920	valid_loss	15732.1053467
batch	22940	valid_loss	15684.9313965
batch	22960	valid_loss	15651.3594971
batch	22980	valid_loss	15737.8621826
batch	23000	valid_loss	15736.9257812
batch	23020	valid_loss	15659.2628174
batch	23040	valid_loss	15723.0539551
batch	23060	valid_loss	15680.046875
batch	23080	valid_loss	15695.9598389
batch	23100	valid_loss	15642.15625
batch	23120	valid_loss	15616.3071289
batch	23140	valid_loss	15625.9586182
batch	23160	valid_loss	15772.0762939
batch	23180	valid_loss	15655.0061035
batch	23200	valid_loss	15772.2264404
batch	23220	valid_loss	15696.8012695
batch	23240	valid_loss	15729.8057861
batch	23260	valid_loss	15718.4538574
batch	23280	valid_loss	15656.2386475
batch	23300	valid_loss	15701.4350586
batch	23320	valid_loss	15724.3179932
batch	23340	valid_loss	15668.8592529
batch	23360	valid_loss	15730.9969482
batch	23380	valid_loss	15701.0751953
batch	23400	valid_loss	15695.2226562
batch	23420	valid_loss	15643.1977539
batch	23440	valid_loss	15641.6737061
batch	23460	valid_loss	15654.9622803
batch	23480	valid_loss	15739.1846924
batch	23500	valid_loss	15739.9632568
batch	23520	valid_loss	15713.2175293
batch	23540	valid_loss	15670.623291
batch	23560	valid_loss	15698.3468018
batch	23580	valid_loss	15683.8044434
batch	23600	valid_loss	15718.9555664
batch	23620	valid_loss	15698.1478271
batch	23640	valid_loss	15667.5811768
batch	23660	valid_loss	15720.2856445
batch	23680	valid_loss	15753.6273193
batch	23700	valid_loss	15685.9044189
batch	23720	valid_loss	15651.5206299
batch	23740	valid_loss	15630.6323242
batch	23760	valid_loss	15634.1647949
batch	23780	valid_loss	15721.9782715
batch	23800	valid_loss	15654.164917
batch	23820	valid_loss	15661.9567871
batch	23840	valid_loss	15682.4046631
batch	23860	valid_loss	15724.3673096
batch	23880	valid_loss	15703.5980225
batch	23900	valid_loss	15642.0648193
batch	23920	valid_loss	15711.5966797
batch	23940	valid_loss	15703.1867676
batch	23960	valid_loss	15668.9031982
batch	23980	valid_loss	15692.4714355
batch	24000	valid_loss	15654.7579346
batch	24020	valid_loss	15715.6245117
batch	24040	valid_loss	15665.4399414
batch	24060	valid_loss	15653.8201904
batch	24080	valid_loss	15654.7249756
batch	24100	valid_loss	15755.2036133
batch	24120	valid_loss	15683.7868652
batch	24140	valid_loss	15741.7335205
batch	24160	valid_loss	15667.5922852
batch	24180	valid_loss	15710.5228271
batch	24200	valid_loss	15704.0297852
batch	24220	valid_loss	15672.1704102
batch	24240	valid_loss	15692.9393311
batch	24260	valid_loss	15719.5910645
batch	24280	valid_loss	15713.9647217
batch	24300	valid_loss	15746.609375
batch	24320	valid_loss	15683.8696289
batch	24340	valid_loss	15666.9016113
batch	24360	valid_loss	15660.0006104
batch	24380	valid_loss	15655.569458
batch	24400	valid_loss	15694.5578613
batch	24420	valid_loss	15707.5323486
batch	24440	valid_loss	15688.9782715
batch	24460	valid_loss	15710.9053955
batch	24480	valid_loss	15713.8752441
batch	24500	valid_loss	15691.7567139
batch	24520	valid_loss	15658.5299072
batch	24540	valid_loss	15736.7879639
batch	24560	valid_loss	15726.8616943
batch	24580	valid_loss	15657.5267334
batch	24600	valid_loss	15711.5672607
batch	24620	valid_loss	15672.5968018
batch	24640	valid_loss	15709.2618408
batch	24660	valid_loss	15638.1810303
batch	24680	valid_loss	15629.8815918
batch	24700	valid_loss	15640.8376465
batch	24720	valid_loss	15776.5085449
batch	24740	valid_loss	15656.6550293
batch	24760	valid_loss	15756.5125732
batch	24780	valid_loss	15673.6422119
batch	24800	valid_loss	15702.3651123
batch	24820	valid_loss	15714.5529785
batch	24840	valid_loss	15651.6320801
batch	24860	valid_loss	15688.7994385
batch	24880	valid_loss	15732.4311523
batch	24900	valid_loss	15695.2130127
batch	24920	valid_loss	15740.8562012
batch	24940	valid_loss	15693.3751221
batch	24960	valid_loss	15712.0311279
batch	24980	valid_loss	15645.0704346
STOP
