START
config	780	580	60	580	780	960
batch	0	valid_loss	5611463.90625
batch	30	valid_loss	170190.455078
batch	60	valid_loss	122595.446289
batch	90	valid_loss	120591.517578
batch	120	valid_loss	120526.867188
batch	150	valid_loss	120522.996094
batch	180	valid_loss	120577.469727
batch	210	valid_loss	120686.804688
batch	240	valid_loss	120606.191406
batch	270	valid_loss	120651.44043
batch	300	valid_loss	120621.393555
batch	330	valid_loss	120641.668945
batch	360	valid_loss	120610.714844
batch	390	valid_loss	120611.898438
batch	420	valid_loss	120698.193359
batch	450	valid_loss	120612.378906
batch	480	valid_loss	120371.477539
batch	510	valid_loss	120098.25293
batch	540	valid_loss	119444.507812
batch	570	valid_loss	118429.178711
batch	600	valid_loss	116525.900391
batch	630	valid_loss	113871.415039
batch	660	valid_loss	111979.279297
batch	690	valid_loss	110971.517578
batch	720	valid_loss	110392.851562
batch	750	valid_loss	110229.035156
batch	780	valid_loss	110146.105469
batch	810	valid_loss	109895.621094
batch	840	valid_loss	109737.93457
batch	870	valid_loss	109524.332031
batch	900	valid_loss	109141.72168
batch	930	valid_loss	108759.318359
batch	960	valid_loss	108398.22168
batch	990	valid_loss	107878.981445
batch	1020	valid_loss	107523.522461
batch	1050	valid_loss	107323.805664
batch	1080	valid_loss	107132.742188
batch	1110	valid_loss	106952.446289
batch	1140	valid_loss	106857.144531
batch	1170	valid_loss	106623.902344
batch	1200	valid_loss	106418.777344
batch	1230	valid_loss	106220.071289
batch	1260	valid_loss	106063.160156
batch	1290	valid_loss	105950.959961
batch	1320	valid_loss	105758.743164
batch	1350	valid_loss	105643.230469
batch	1380	valid_loss	105518.912109
batch	1410	valid_loss	105401.042969
batch	1440	valid_loss	105244.636719
batch	1470	valid_loss	105164.825195
batch	1500	valid_loss	105079.692383
batch	1530	valid_loss	104925.381836
batch	1560	valid_loss	104700.330078
batch	1590	valid_loss	104639.768555
batch	1620	valid_loss	104586.650391
batch	1650	valid_loss	104492.585938
batch	1680	valid_loss	104349.547852
batch	1710	valid_loss	104245.333008
batch	1740	valid_loss	104121.700195
batch	1770	valid_loss	104033.391602
batch	1800	valid_loss	103775.429688
batch	1830	valid_loss	103680.929688
batch	1860	valid_loss	103371.966797
batch	1890	valid_loss	103255.824219
batch	1920	valid_loss	102821.917969
batch	1950	valid_loss	102478.557617
batch	1980	valid_loss	102070.186523
batch	2010	valid_loss	101720.450195
batch	2040	valid_loss	101336.34082
batch	2070	valid_loss	100810.459961
batch	2100	valid_loss	100463.012695
batch	2130	valid_loss	100234.571289
batch	2160	valid_loss	100037.871094
batch	2190	valid_loss	99751.3759766
batch	2220	valid_loss	99548.7294922
batch	2250	valid_loss	99148.8115234
batch	2280	valid_loss	98924.7460938
batch	2310	valid_loss	98426.0791016
batch	2340	valid_loss	98330.3984375
batch	2370	valid_loss	99292.8974609
batch	2400	valid_loss	97825.7978516
batch	2430	valid_loss	97578.1455078
batch	2460	valid_loss	97434.2880859
batch	2490	valid_loss	97226.5478516
batch	2520	valid_loss	97004.5703125
batch	2550	valid_loss	97167.5849609
batch	2580	valid_loss	96437.5957031
batch	2610	valid_loss	96021.2851562
batch	2640	valid_loss	96374.5566406
batch	2670	valid_loss	95314.0722656
batch	2700	valid_loss	95019.3671875
batch	2730	valid_loss	94718.2978516
batch	2760	valid_loss	94394.8964844
batch	2790	valid_loss	94416.5878906
batch	2820	valid_loss	93879.2519531
batch	2850	valid_loss	93628.394043
batch	2880	valid_loss	93941.4306641
batch	2910	valid_loss	93103.1074219
batch	2940	valid_loss	93176.4663086
batch	2970	valid_loss	92645.890625
batch	3000	valid_loss	92263.5371094
batch	3030	valid_loss	92247.1708984
batch	3060	valid_loss	92169.6298828
batch	3090	valid_loss	92055.6606445
batch	3120	valid_loss	91332.987793
batch	3150	valid_loss	96478.0947266
batch	3180	valid_loss	90903.7167969
batch	3210	valid_loss	90570.987793
batch	3240	valid_loss	90530.3588867
batch	3270	valid_loss	90296.1293945
batch	3300	valid_loss	90447.2592773
batch	3330	valid_loss	90036.7983398
batch	3360	valid_loss	90192.8442383
batch	3390	valid_loss	90428.9052734
batch	3420	valid_loss	89291.828125
batch	3450	valid_loss	89485.2583008
batch	3480	valid_loss	88998.6850586
batch	3510	valid_loss	88899.2963867
batch	3540	valid_loss	88613.394043
batch	3570	valid_loss	88503.34375
batch	3600	valid_loss	89298.4125977
batch	3630	valid_loss	88097.7875977
batch	3660	valid_loss	88649.2333984
batch	3690	valid_loss	88059.3598633
batch	3720	valid_loss	87480.8242188
batch	3750	valid_loss	88219.609375
batch	3780	valid_loss	87651.4467773
batch	3810	valid_loss	87923.8666992
batch	3840	valid_loss	86819.9169922
batch	3870	valid_loss	87018.4311523
batch	3900	valid_loss	86694.3886719
batch	3930	valid_loss	86822.0664062
batch	3960	valid_loss	86476.0791016
batch	3990	valid_loss	86244.4233398
batch	4020	valid_loss	85908.4365234
batch	4050	valid_loss	85915.5292969
batch	4080	valid_loss	85739.3032227
batch	4110	valid_loss	85856.7280273
batch	4140	valid_loss	86057.8417969
batch	4170	valid_loss	85513.5161133
batch	4200	valid_loss	85780.8837891
batch	4230	valid_loss	85357.1333008
batch	4260	valid_loss	85212.1855469
batch	4290	valid_loss	84900.1601562
batch	4320	valid_loss	84625.3344727
batch	4350	valid_loss	85351.9921875
batch	4380	valid_loss	84604.7338867
batch	4410	valid_loss	84291.9018555
batch	4440	valid_loss	84158.1083984
batch	4470	valid_loss	84055.7880859
batch	4500	valid_loss	83942.4814453
batch	4530	valid_loss	84307.3696289
batch	4560	valid_loss	84745.3764648
batch	4590	valid_loss	83919.9916992
batch	4620	valid_loss	86072.7436523
batch	4650	valid_loss	83434.1098633
batch	4680	valid_loss	83264.4150391
batch	4710	valid_loss	83132.0053711
batch	4740	valid_loss	83211.6772461
batch	4770	valid_loss	83167.2290039
batch	4800	valid_loss	82951.0488281
batch	4830	valid_loss	82819.3583984
batch	4860	valid_loss	82555.7348633
batch	4890	valid_loss	82522.0395508
batch	4920	valid_loss	82277.4804688
batch	4950	valid_loss	83245.0864258
batch	4980	valid_loss	82252.0649414
batch	5010	valid_loss	82095.644043
batch	5040	valid_loss	82177.2626953
batch	5070	valid_loss	81890.0478516
batch	5100	valid_loss	81690.1796875
batch	5130	valid_loss	81628.206543
batch	5160	valid_loss	81510.609375
batch	5190	valid_loss	81354.4213867
batch	5220	valid_loss	81287.8461914
batch	5250	valid_loss	81575.5024414
batch	5280	valid_loss	80944.4956055
batch	5310	valid_loss	80862.3525391
batch	5340	valid_loss	81474.6733398
batch	5370	valid_loss	80633.4951172
batch	5400	valid_loss	81206.4609375
batch	5430	valid_loss	80900.5546875
batch	5460	valid_loss	80444.5166016
batch	5490	valid_loss	80396.4404297
batch	5520	valid_loss	80204.1240234
batch	5550	valid_loss	81019.5668945
batch	5580	valid_loss	79947.7680664
batch	5610	valid_loss	79923.8354492
batch	5640	valid_loss	82118.9360352
batch	5670	valid_loss	79763.668457
batch	5700	valid_loss	79771.5932617
batch	5730	valid_loss	79694.1425781
batch	5760	valid_loss	80678.3183594
batch	5790	valid_loss	79401.4262695
batch	5820	valid_loss	79424.0742188
batch	5850	valid_loss	79702.9111328
batch	5880	valid_loss	79130.4057617
batch	5910	valid_loss	79060.4990234
batch	5940	valid_loss	79032.6635742
batch	5970	valid_loss	79525.8232422
batch	6000	valid_loss	78827.0336914
batch	6030	valid_loss	78724.1787109
batch	6060	valid_loss	78798.840332
batch	6090	valid_loss	78749.6396484
batch	6120	valid_loss	78562.0029297
batch	6150	valid_loss	78581.0219727
batch	6180	valid_loss	78647.0917969
batch	6210	valid_loss	78360.5458984
batch	6240	valid_loss	78184.5654297
batch	6270	valid_loss	81464.2143555
batch	6300	valid_loss	78114.2421875
batch	6330	valid_loss	77929.2329102
batch	6360	valid_loss	77897.4658203
batch	6390	valid_loss	77918.5507812
batch	6420	valid_loss	77906.1293945
batch	6450	valid_loss	79012.7109375
batch	6480	valid_loss	77519.9169922
batch	6510	valid_loss	77411.2290039
batch	6540	valid_loss	77252.4155273
batch	6570	valid_loss	77430.4355469
batch	6600	valid_loss	77286.3461914
batch	6630	valid_loss	77054.1425781
batch	6660	valid_loss	77009.2675781
batch	6690	valid_loss	77088.9897461
batch	6720	valid_loss	76808.4921875
batch	6750	valid_loss	76746.925293
batch	6780	valid_loss	76607.6835938
batch	6810	valid_loss	76732.4448242
batch	6840	valid_loss	76706.21875
batch	6870	valid_loss	76527.996582
batch	6900	valid_loss	76591.4477539
batch	6930	valid_loss	76250.6391602
batch	6960	valid_loss	76055.0825195
batch	6990	valid_loss	76129.7260742
batch	7020	valid_loss	75881.5546875
batch	7050	valid_loss	75836.6357422
batch	7080	valid_loss	75763.0605469
batch	7110	valid_loss	75659.8183594
batch	7140	valid_loss	75585.2114258
batch	7170	valid_loss	75472.2416992
batch	7200	valid_loss	75522.6547852
batch	7230	valid_loss	75239.5063477
batch	7260	valid_loss	75063.722168
batch	7290	valid_loss	75582.7109375
batch	7320	valid_loss	75507.1855469
batch	7350	valid_loss	75226.7675781
batch	7380	valid_loss	75281.152832
batch	7410	valid_loss	74655.1040039
batch	7440	valid_loss	79513.6352539
batch	7470	valid_loss	74454.0454102
batch	7500	valid_loss	74329.6303711
batch	7530	valid_loss	74232.1201172
batch	7560	valid_loss	74334.203125
batch	7590	valid_loss	73961.7958984
batch	7620	valid_loss	73988.5385742
batch	7650	valid_loss	73851.8979492
batch	7680	valid_loss	73666.8798828
batch	7710	valid_loss	74649.1918945
batch	7740	valid_loss	73568.4619141
batch	7770	valid_loss	73430.3842773
batch	7800	valid_loss	73403.7407227
batch	7830	valid_loss	73237.190918
batch	7860	valid_loss	73194.4858398
batch	7890	valid_loss	73488.6083984
batch	7920	valid_loss	72988.2441406
batch	7950	valid_loss	73068.3139648
batch	7980	valid_loss	72703.5332031
batch	8010	valid_loss	74085.8837891
batch	8040	valid_loss	72871.7519531
batch	8070	valid_loss	72473.2744141
batch	8100	valid_loss	72405.1977539
batch	8130	valid_loss	72336.21875
batch	8160	valid_loss	72394.0639648
batch	8190	valid_loss	72242.0878906
batch	8220	valid_loss	72081.144043
batch	8250	valid_loss	72040.0136719
batch	8280	valid_loss	71905.296875
batch	8310	valid_loss	71776.5874023
batch	8340	valid_loss	72076.8798828
batch	8370	valid_loss	72250.2900391
batch	8400	valid_loss	71767.8823242
batch	8430	valid_loss	71555.5424805
batch	8460	valid_loss	75642.6293945
batch	8490	valid_loss	71251.6879883
batch	8520	valid_loss	71148.3320312
batch	8550	valid_loss	71187.1845703
batch	8580	valid_loss	71134.8061523
batch	8610	valid_loss	71045.8774414
batch	8640	valid_loss	70715.4931641
batch	8670	valid_loss	71679.7729492
batch	8700	valid_loss	70789.3647461
batch	8730	valid_loss	70355.7475586
batch	8760	valid_loss	70297.1142578
batch	8790	valid_loss	70206.3842773
batch	8820	valid_loss	71659.7841797
batch	8850	valid_loss	70126.5385742
batch	8880	valid_loss	69889.9423828
batch	8910	valid_loss	69732.5341797
batch	8940	valid_loss	69604.6728516
batch	8970	valid_loss	69549.5878906
batch	9000	valid_loss	69907.3818359
batch	9030	valid_loss	69360.9848633
batch	9060	valid_loss	69560.0141602
batch	9090	valid_loss	69567.8959961
batch	9120	valid_loss	69089.2363281
batch	9150	valid_loss	69015.4306641
batch	9180	valid_loss	71890.2207031
batch	9210	valid_loss	68706.5825195
batch	9240	valid_loss	68514.0859375
batch	9270	valid_loss	68475.0673828
batch	9300	valid_loss	68352.2651367
batch	9330	valid_loss	68203.5439453
batch	9360	valid_loss	68575.5786133
batch	9390	valid_loss	68022.3085938
batch	9420	valid_loss	67944.8813477
batch	9450	valid_loss	67816.0107422
batch	9480	valid_loss	68094.027832
batch	9510	valid_loss	69388.7929688
batch	9540	valid_loss	67515.875
batch	9570	valid_loss	67453.78125
batch	9600	valid_loss	67284.609375
batch	9630	valid_loss	67354.7939453
batch	9660	valid_loss	67595.7148438
batch	9690	valid_loss	67157.3486328
batch	9720	valid_loss	66885.3813477
batch	9750	valid_loss	66904.6801758
batch	9780	valid_loss	67853.5532227
batch	9810	valid_loss	66634.7182617
batch	9840	valid_loss	67045.3344727
batch	9870	valid_loss	66456.8603516
batch	9900	valid_loss	66561.3789062
batch	9930	valid_loss	66241.9672852
batch	9960	valid_loss	66154.6269531
batch	9990	valid_loss	69897.4516602
batch	10020	valid_loss	65911.0048828
batch	10050	valid_loss	65823.6884766
batch	10080	valid_loss	65769.4956055
batch	10110	valid_loss	65897.8583984
batch	10140	valid_loss	65766.0063477
batch	10170	valid_loss	65620.7138672
batch	10200	valid_loss	65402.7397461
batch	10230	valid_loss	66343.2021484
batch	10260	valid_loss	65221.6582031
batch	10290	valid_loss	65173.9794922
batch	10320	valid_loss	64979.7041016
batch	10350	valid_loss	64887.1166992
batch	10380	valid_loss	67564.6484375
batch	10410	valid_loss	64694.3398438
batch	10440	valid_loss	64594.0087891
batch	10470	valid_loss	64621.8442383
batch	10500	valid_loss	64484.9165039
batch	10530	valid_loss	64395.0356445
batch	10560	valid_loss	64417.043457
batch	10590	valid_loss	64320.6826172
batch	10620	valid_loss	64520.6918945
batch	10650	valid_loss	64094.0522461
batch	10680	valid_loss	64019.1796875
batch	10710	valid_loss	63745.2753906
batch	10740	valid_loss	63760.2963867
batch	10770	valid_loss	64213.7807617
batch	10800	valid_loss	63440.3847656
batch	10830	valid_loss	63425.8173828
batch	10860	valid_loss	63516.4384766
batch	10890	valid_loss	63159.0302734
batch	10920	valid_loss	63112.5039062
batch	10950	valid_loss	62978.8041992
batch	10980	valid_loss	62894.9536133
batch	11010	valid_loss	63224.4765625
batch	11040	valid_loss	62767.6132812
batch	11070	valid_loss	63294.0170898
batch	11100	valid_loss	62581.112793
batch	11130	valid_loss	62464.2490234
batch	11160	valid_loss	62361.0107422
batch	11190	valid_loss	62257.4448242
batch	11220	valid_loss	62307.3032227
batch	11250	valid_loss	62041.3842773
batch	11280	valid_loss	62176.4282227
batch	11310	valid_loss	62566.371582
batch	11340	valid_loss	62250.4306641
batch	11370	valid_loss	61568.828125
batch	11400	valid_loss	61726.7744141
batch	11430	valid_loss	61489.4414062
batch	11460	valid_loss	61492.7226562
batch	11490	valid_loss	61238.0625
batch	11520	valid_loss	61487.5146484
batch	11550	valid_loss	61203.8256836
batch	11580	valid_loss	60996.1865234
batch	11610	valid_loss	60874.4384766
batch	11640	valid_loss	60971.5649414
batch	11670	valid_loss	60804.5864258
batch	11700	valid_loss	60674.1201172
batch	11730	valid_loss	60444.5229492
batch	11760	valid_loss	60919.7861328
batch	11790	valid_loss	60278.5327148
batch	11820	valid_loss	60284.3930664
batch	11850	valid_loss	60244.1518555
batch	11880	valid_loss	60065.0947266
batch	11910	valid_loss	60001.0561523
batch	11940	valid_loss	59772.1738281
batch	11970	valid_loss	59776.2412109
batch	12000	valid_loss	59725.921875
batch	12030	valid_loss	59793.84375
batch	12060	valid_loss	59632.612793
batch	12090	valid_loss	59488.6728516
batch	12120	valid_loss	59237.1166992
batch	12150	valid_loss	59609.4873047
batch	12180	valid_loss	59038.6743164
batch	12210	valid_loss	59194.6542969
batch	12240	valid_loss	58919.6948242
batch	12270	valid_loss	58938.2919922
batch	12300	valid_loss	58779.5107422
batch	12330	valid_loss	58698.3759766
batch	12360	valid_loss	58654.5957031
batch	12390	valid_loss	58961.7939453
batch	12420	valid_loss	58381.3515625
batch	12450	valid_loss	58237.7617188
batch	12480	valid_loss	58336.9765625
batch	12510	valid_loss	58094.7695312
batch	12540	valid_loss	58046.1069336
batch	12570	valid_loss	58859.0991211
batch	12600	valid_loss	57924.8422852
batch	12630	valid_loss	58001.6298828
batch	12660	valid_loss	57699.46875
batch	12690	valid_loss	57591.5478516
batch	12720	valid_loss	57436.2680664
batch	12750	valid_loss	57390.7006836
batch	12780	valid_loss	57815.4213867
batch	12810	valid_loss	57262.9780273
batch	12840	valid_loss	57291.2763672
batch	12870	valid_loss	57039.5722656
batch	12900	valid_loss	57440.7788086
batch	12930	valid_loss	56862.6464844
batch	12960	valid_loss	56948.918457
batch	12990	valid_loss	56648.1674805
batch	13020	valid_loss	56739.5820312
batch	13050	valid_loss	56422.7324219
batch	13080	valid_loss	57396.3105469
batch	13110	valid_loss	56298.7050781
batch	13140	valid_loss	56229.1904297
batch	13170	valid_loss	56156.3320312
batch	13200	valid_loss	56027.671875
batch	13230	valid_loss	55936.6850586
batch	13260	valid_loss	55824.2729492
batch	13290	valid_loss	55741.1206055
batch	13320	valid_loss	56745.5473633
batch	13350	valid_loss	55523.7983398
batch	13380	valid_loss	55630.6074219
batch	13410	valid_loss	55651.5361328
batch	13440	valid_loss	55231.8383789
batch	13470	valid_loss	55199.8007812
batch	13500	valid_loss	55081.8769531
batch	13530	valid_loss	54988.9384766
batch	13560	valid_loss	54791.7226562
batch	13590	valid_loss	54878.7675781
batch	13620	valid_loss	54644.2451172
batch	13650	valid_loss	54604.4614258
batch	13680	valid_loss	54497.9287109
batch	13710	valid_loss	54452.3417969
batch	13740	valid_loss	54260.9946289
batch	13770	valid_loss	54215.1557617
batch	13800	valid_loss	54097.9052734
batch	13830	valid_loss	54077.2490234
batch	13860	valid_loss	53902.7348633
batch	13890	valid_loss	54031.4995117
batch	13920	valid_loss	53666.3305664
batch	13950	valid_loss	53813.9970703
batch	13980	valid_loss	53562.9345703
batch	14010	valid_loss	53626.6713867
batch	14040	valid_loss	53580.722168
batch	14070	valid_loss	53259.5073242
batch	14100	valid_loss	53270.5126953
batch	14130	valid_loss	53109.0610352
batch	14160	valid_loss	53024.9887695
batch	14190	valid_loss	52906.3876953
batch	14220	valid_loss	52794.7832031
batch	14250	valid_loss	52706.6337891
batch	14280	valid_loss	52523.8662109
batch	14310	valid_loss	52471.0957031
batch	14340	valid_loss	52530.0952148
batch	14370	valid_loss	52241.3486328
batch	14400	valid_loss	52172.2055664
batch	14430	valid_loss	52119.6064453
batch	14460	valid_loss	52218.0024414
batch	14490	valid_loss	51931.4770508
batch	14520	valid_loss	51986.9135742
batch	14550	valid_loss	51772.1430664
batch	14580	valid_loss	51693.3422852
batch	14610	valid_loss	51490.5439453
batch	14640	valid_loss	51469.2802734
batch	14670	valid_loss	51379.5170898
batch	14700	valid_loss	51238.3217773
batch	14730	valid_loss	51083.2143555
batch	14760	valid_loss	51160.2509766
batch	14790	valid_loss	51074.2421875
batch	14820	valid_loss	50908.8071289
batch	14850	valid_loss	50767.2524414
batch	14880	valid_loss	50703.5742188
batch	14910	valid_loss	50730.1640625
batch	14940	valid_loss	50532.8222656
batch	14970	valid_loss	50524.2866211
batch	15000	valid_loss	50336.8354492
batch	15030	valid_loss	50239.5175781
batch	15060	valid_loss	50314.1860352
batch	15090	valid_loss	50128.9272461
batch	15120	valid_loss	49967.1967773
batch	15150	valid_loss	50043.9350586
batch	15180	valid_loss	49854.0522461
batch	15210	valid_loss	49904.7099609
batch	15240	valid_loss	49778.8149414
batch	15270	valid_loss	49696.7055664
batch	15300	valid_loss	49456.4946289
batch	15330	valid_loss	49527.6264648
batch	15360	valid_loss	49339.0439453
batch	15390	valid_loss	49785.3842773
batch	15420	valid_loss	49149.6665039
batch	15450	valid_loss	49124.3657227
batch	15480	valid_loss	48982.4130859
batch	15510	valid_loss	48915.2563477
batch	15540	valid_loss	48841.8540039
batch	15570	valid_loss	48826.1630859
batch	15600	valid_loss	48867.2324219
batch	15630	valid_loss	48626.0522461
batch	15660	valid_loss	48569.7441406
batch	15690	valid_loss	48612.5483398
batch	15720	valid_loss	48445.3305664
batch	15750	valid_loss	48250.8330078
batch	15780	valid_loss	48201.862793
batch	15810	valid_loss	48155.2954102
batch	15840	valid_loss	48205.8686523
batch	15870	valid_loss	48043.2475586
batch	15900	valid_loss	47849.1459961
batch	15930	valid_loss	47757.3447266
batch	15960	valid_loss	47673.8369141
batch	15990	valid_loss	47622.1225586
batch	16020	valid_loss	47757.9628906
batch	16050	valid_loss	47455.7177734
batch	16080	valid_loss	47322.8168945
batch	16110	valid_loss	47307.2241211
batch	16140	valid_loss	47479.8818359
batch	16170	valid_loss	47048.0849609
batch	16200	valid_loss	47243.2324219
batch	16230	valid_loss	46955.7768555
batch	16260	valid_loss	46916.9360352
batch	16290	valid_loss	46753.7900391
batch	16320	valid_loss	46716.2148438
batch	16350	valid_loss	46834.3286133
batch	16380	valid_loss	46601.5893555
batch	16410	valid_loss	46751.2148438
batch	16440	valid_loss	46518.4956055
batch	16470	valid_loss	46323.3208008
batch	16500	valid_loss	46349.6848145
batch	16530	valid_loss	46324.8654785
batch	16560	valid_loss	46227.3994141
batch	16590	valid_loss	46080.765625
batch	16620	valid_loss	46015.3942871
batch	16650	valid_loss	45920.4929199
batch	16680	valid_loss	45814.3615723
batch	16710	valid_loss	45815.880127
batch	16740	valid_loss	45715.4230957
batch	16770	valid_loss	45643.8908691
batch	16800	valid_loss	45519.3513184
batch	16830	valid_loss	45689.5769043
batch	16860	valid_loss	45462.8259277
batch	16890	valid_loss	45504.2614746
batch	16920	valid_loss	45305.1772461
batch	16950	valid_loss	45325.0913086
batch	16980	valid_loss	45148.6142578
batch	17010	valid_loss	45062.2043457
batch	17040	valid_loss	45057.7941895
batch	17070	valid_loss	45007.9343262
batch	17100	valid_loss	44908.6933594
batch	17130	valid_loss	44987.8491211
batch	17160	valid_loss	45082.0007324
batch	17190	valid_loss	44702.3562012
batch	17220	valid_loss	44638.3525391
batch	17250	valid_loss	44572.5917969
batch	17280	valid_loss	44576.4260254
batch	17310	valid_loss	44427.6560059
batch	17340	valid_loss	44403.9880371
batch	17370	valid_loss	44445.3955078
batch	17400	valid_loss	44322.552002
batch	17430	valid_loss	44157.3359375
batch	17460	valid_loss	44572.3725586
batch	17490	valid_loss	44190.7575684
batch	17520	valid_loss	43966.4609375
batch	17550	valid_loss	44040.6276855
batch	17580	valid_loss	43970.3684082
batch	17610	valid_loss	43802.5178223
batch	17640	valid_loss	43742.8728027
batch	17670	valid_loss	43691.6149902
batch	17700	valid_loss	44203.4343262
batch	17730	valid_loss	43497.4211426
batch	17760	valid_loss	43568.6911621
batch	17790	valid_loss	43719.2192383
batch	17820	valid_loss	43347.9477539
batch	17850	valid_loss	43304.6994629
batch	17880	valid_loss	43400.6052246
batch	17910	valid_loss	43244.909668
batch	17940	valid_loss	43120.567627
batch	17970	valid_loss	43033.0117188
batch	18000	valid_loss	43040.7565918
batch	18030	valid_loss	43168.3837891
batch	18060	valid_loss	42962.5800781
batch	18090	valid_loss	42978.5368652
batch	18120	valid_loss	42717.3696289
batch	18150	valid_loss	42700.4978027
batch	18180	valid_loss	42833.7680664
batch	18210	valid_loss	42553.1945801
batch	18240	valid_loss	42526.3359375
batch	18270	valid_loss	42593.5788574
batch	18300	valid_loss	42499.0871582
batch	18330	valid_loss	42315.359375
batch	18360	valid_loss	42269.2431641
batch	18390	valid_loss	42227.5024414
batch	18420	valid_loss	42186.609375
batch	18450	valid_loss	42170.7529297
batch	18480	valid_loss	42103.4296875
batch	18510	valid_loss	42006.4353027
batch	18540	valid_loss	42099.2487793
batch	18570	valid_loss	41883.1269531
batch	18600	valid_loss	41903.4431152
batch	18630	valid_loss	41823.4699707
batch	18660	valid_loss	41673.5908203
batch	18690	valid_loss	41639.2963867
batch	18720	valid_loss	41709.5009766
batch	18750	valid_loss	41447.2885742
batch	18780	valid_loss	41437.6931152
batch	18810	valid_loss	41429.0935059
batch	18840	valid_loss	41445.4753418
batch	18870	valid_loss	41247.1674805
batch	18900	valid_loss	41302.9543457
batch	18930	valid_loss	41318.8452148
batch	18960	valid_loss	41021.8776855
batch	18990	valid_loss	41046.6870117
batch	19020	valid_loss	41017.2922363
batch	19050	valid_loss	40801.5163574
batch	19080	valid_loss	40843.5737305
batch	19110	valid_loss	40985.8410645
batch	19140	valid_loss	40749.5073242
batch	19170	valid_loss	40659.328125
batch	19200	valid_loss	40650.7365723
batch	19230	valid_loss	40506.8830566
batch	19260	valid_loss	40523.4746094
batch	19290	valid_loss	40371.7924805
batch	19320	valid_loss	40325.0375977
batch	19350	valid_loss	40453.1013184
batch	19380	valid_loss	40195.4440918
batch	19410	valid_loss	40132.0075684
batch	19440	valid_loss	40075.9365234
batch	19470	valid_loss	40373.6262207
batch	19500	valid_loss	40038.2229004
batch	19530	valid_loss	39903.3100586
batch	19560	valid_loss	39827.7431641
batch	19590	valid_loss	39804.7194824
batch	19620	valid_loss	39782.9768066
batch	19650	valid_loss	39697.7512207
batch	19680	valid_loss	39586.626709
batch	19710	valid_loss	39627.7893066
batch	19740	valid_loss	39509.1347656
batch	19770	valid_loss	39396.7009277
batch	19800	valid_loss	39413.0830078
batch	19830	valid_loss	39301.9240723
batch	19860	valid_loss	39318.5549316
batch	19890	valid_loss	39256.5915527
batch	19920	valid_loss	39102.4030762
batch	19950	valid_loss	39016.6010742
batch	19980	valid_loss	38986.8400879
batch	20010	valid_loss	38908.592041
batch	20040	valid_loss	38904.6877441
batch	20070	valid_loss	38885.5246582
batch	20100	valid_loss	38953.3852539
batch	20130	valid_loss	38718.4467773
batch	20160	valid_loss	38683.3898926
batch	20190	valid_loss	38624.1264648
batch	20220	valid_loss	38505.1418457
batch	20250	valid_loss	38402.7944336
batch	20280	valid_loss	38368.3161621
batch	20310	valid_loss	38262.2219238
batch	20340	valid_loss	38288.8327637
batch	20370	valid_loss	38147.6811523
batch	20400	valid_loss	38068.1535645
batch	20430	valid_loss	38063.0725098
batch	20460	valid_loss	38005.1345215
batch	20490	valid_loss	38003.5993652
batch	20520	valid_loss	38013.541748
batch	20550	valid_loss	37777.4885254
batch	20580	valid_loss	37804.7346191
batch	20610	valid_loss	37613.4187012
batch	20640	valid_loss	37639.5588379
batch	20670	valid_loss	37630.0854492
batch	20700	valid_loss	37575.338623
batch	20730	valid_loss	37463.8632812
batch	20760	valid_loss	37377.3039551
batch	20790	valid_loss	37295.3178711
batch	20820	valid_loss	37407.1472168
batch	20850	valid_loss	37153.5986328
batch	20880	valid_loss	37102.7399902
batch	20910	valid_loss	37339.5495605
batch	20940	valid_loss	36986.5280762
batch	20970	valid_loss	36923.4804688
batch	21000	valid_loss	36986.3781738
batch	21030	valid_loss	36868.6618652
batch	21060	valid_loss	36796.3740234
batch	21090	valid_loss	36715.2841797
batch	21120	valid_loss	36637.5476074
batch	21150	valid_loss	36604.8769531
batch	21180	valid_loss	36501.5131836
batch	21210	valid_loss	36463.8642578
batch	21240	valid_loss	36371.498291
batch	21270	valid_loss	36360.0078125
batch	21300	valid_loss	36252.4128418
batch	21330	valid_loss	36196.6652832
batch	21360	valid_loss	36121.6704102
batch	21390	valid_loss	36118.7609863
batch	21420	valid_loss	36037.0964355
batch	21450	valid_loss	36063.7709961
batch	21480	valid_loss	35916.951416
batch	21510	valid_loss	35854.2275391
batch	21540	valid_loss	35975.2609863
batch	21570	valid_loss	35710.9594727
batch	21600	valid_loss	35682.6408691
batch	21630	valid_loss	35734.2341309
batch	21660	valid_loss	35715.208252
batch	21690	valid_loss	35520.697998
batch	21720	valid_loss	35510.8540039
batch	21750	valid_loss	35506.4675293
batch	21780	valid_loss	35468.222168
batch	21810	valid_loss	35304.4406738
batch	21840	valid_loss	35289.5561523
batch	21870	valid_loss	35155.9560547
batch	21900	valid_loss	35253.0007324
batch	21930	valid_loss	35170.1516113
batch	21960	valid_loss	35073.5922852
batch	21990	valid_loss	35034.9460449
batch	22020	valid_loss	34941.8337402
batch	22050	valid_loss	34819.2243652
batch	22080	valid_loss	34816.6276855
batch	22110	valid_loss	34861.0734863
batch	22140	valid_loss	34577.8835449
batch	22170	valid_loss	34607.3303223
batch	22200	valid_loss	34556.7194824
batch	22230	valid_loss	34503.6022949
batch	22260	valid_loss	34602.2104492
batch	22290	valid_loss	34431.5192871
batch	22320	valid_loss	34255.310791
batch	22350	valid_loss	34213.1877441
batch	22380	valid_loss	34280.979248
batch	22410	valid_loss	34179.9331055
batch	22440	valid_loss	34068.1015625
batch	22470	valid_loss	34043.5568848
batch	22500	valid_loss	33946.6594238
batch	22530	valid_loss	33897.3151855
batch	22560	valid_loss	33877.1669922
batch	22590	valid_loss	33831.9306641
batch	22620	valid_loss	33673.1787109
batch	22650	valid_loss	33729.901123
batch	22680	valid_loss	33626.3647461
batch	22710	valid_loss	33691.604248
batch	22740	valid_loss	33565.6252441
batch	22770	valid_loss	33387.3757324
batch	22800	valid_loss	33365.6008301
batch	22830	valid_loss	33325.4758301
batch	22860	valid_loss	33253.2714844
batch	22890	valid_loss	33296.1657715
batch	22920	valid_loss	33148.2382812
batch	22950	valid_loss	33078.5087891
batch	22980	valid_loss	33010.8666992
batch	23010	valid_loss	33049.7749023
batch	23040	valid_loss	32932.7160645
batch	23070	valid_loss	32851.3806152
batch	23100	valid_loss	32881.5808105
batch	23130	valid_loss	32770.4025879
batch	23160	valid_loss	32675.5004883
batch	23190	valid_loss	32693.2998047
batch	23220	valid_loss	32528.579834
batch	23250	valid_loss	32542.7612305
batch	23280	valid_loss	32435.932373
batch	23310	valid_loss	32400.4265137
batch	23340	valid_loss	32401.6896973
batch	23370	valid_loss	32260.3708496
batch	23400	valid_loss	32152.7124023
batch	23430	valid_loss	32211.9287109
batch	23460	valid_loss	32188.2087402
batch	23490	valid_loss	32014.4072266
batch	23520	valid_loss	32078.5480957
batch	23550	valid_loss	31989.1123047
batch	23580	valid_loss	31919.6032715
batch	23610	valid_loss	31808.1704102
batch	23640	valid_loss	31824.1921387
batch	23670	valid_loss	31819.5620117
batch	23700	valid_loss	31606.8857422
batch	23730	valid_loss	31595.7341309
batch	23760	valid_loss	31566.1518555
batch	23790	valid_loss	31549.6394043
batch	23820	valid_loss	31486.3532715
batch	23850	valid_loss	31372.5483398
batch	23880	valid_loss	31376.6523438
batch	23910	valid_loss	31213.5541992
batch	23940	valid_loss	31389.3591309
batch	23970	valid_loss	31183.5991211
batch	24000	valid_loss	31188.2744141
batch	24030	valid_loss	31079.7832031
batch	24060	valid_loss	31015.8549805
batch	24090	valid_loss	30944.0324707
batch	24120	valid_loss	30893.9101562
batch	24150	valid_loss	30901.2141113
batch	24180	valid_loss	30828.3408203
batch	24210	valid_loss	30774.223877
batch	24240	valid_loss	30663.5136719
batch	24270	valid_loss	30615.9821777
batch	24300	valid_loss	30565.0170898
batch	24330	valid_loss	30525.5539551
batch	24360	valid_loss	30441.6018066
batch	24390	valid_loss	30462.7373047
batch	24420	valid_loss	30393.8476562
batch	24450	valid_loss	30376.1113281
batch	24480	valid_loss	30231.8244629
batch	24510	valid_loss	30164.420166
batch	24540	valid_loss	30127.7402344
batch	24570	valid_loss	30077.1062012
batch	24600	valid_loss	30017.0061035
batch	24630	valid_loss	30028.598877
batch	24660	valid_loss	29927.4387207
batch	24690	valid_loss	29816.9919434
batch	24720	valid_loss	29837.5615234
batch	24750	valid_loss	29923.2578125
batch	24780	valid_loss	29816.4013672
batch	24810	valid_loss	29641.9472656
batch	24840	valid_loss	29596.8859863
batch	24870	valid_loss	29609.9072266
batch	24900	valid_loss	29468.3039551
batch	24930	valid_loss	29474.3674316
batch	24960	valid_loss	29392.1064453
batch	24990	valid_loss	29394.828125
STOP
START
config	780	580	60	580	780	960
batch	0	valid_loss	5585868.8125
batch	30	valid_loss	165236.553711
batch	60	valid_loss	122396.373047
batch	90	valid_loss	120580.813477
batch	120	valid_loss	120479.892578
batch	150	valid_loss	120537.640625
batch	180	valid_loss	120550.844727
batch	210	valid_loss	120590.251953
batch	240	valid_loss	120585.682617
batch	270	valid_loss	120596.302734
batch	300	valid_loss	120605.649414
batch	330	valid_loss	120552.71875
batch	360	valid_loss	120384.078125
batch	390	valid_loss	120116.660156
batch	420	valid_loss	119563.822266
batch	450	valid_loss	118493.964844
batch	480	valid_loss	116716.804688
batch	510	valid_loss	113951.288086
batch	540	valid_loss	111751.539062
batch	570	valid_loss	110746.748047
batch	600	valid_loss	110200.914062
batch	630	valid_loss	109896.798828
batch	660	valid_loss	109672.223633
batch	690	valid_loss	109439.584961
batch	720	valid_loss	109027.121094
batch	750	valid_loss	108671.891602
batch	780	valid_loss	108330.72168
batch	810	valid_loss	107847.611328
batch	840	valid_loss	107514.155273
batch	870	valid_loss	107146.231445
batch	900	valid_loss	106943.873047
batch	930	valid_loss	106687.172852
batch	960	valid_loss	106521.529297
batch	990	valid_loss	106421.789062
batch	1020	valid_loss	106224.696289
batch	1050	valid_loss	106027.994141
batch	1080	valid_loss	105841.328125
batch	1110	valid_loss	105738.162109
batch	1140	valid_loss	105603.364258
batch	1170	valid_loss	105445.643555
batch	1200	valid_loss	105280.248047
batch	1230	valid_loss	105102.243164
batch	1260	valid_loss	104989.300781
batch	1290	valid_loss	104990.537109
batch	1320	valid_loss	104851.595703
batch	1350	valid_loss	104697.961914
batch	1380	valid_loss	104600.90332
batch	1410	valid_loss	104456.433594
batch	1440	valid_loss	104391.216797
batch	1470	valid_loss	104315.415039
batch	1500	valid_loss	104242.526367
batch	1530	valid_loss	104132.235352
batch	1560	valid_loss	103927.436523
batch	1590	valid_loss	103867.787109
batch	1620	valid_loss	103900.24707
batch	1650	valid_loss	103619.526367
batch	1680	valid_loss	103384.963867
batch	1710	valid_loss	103147.587891
batch	1740	valid_loss	102806.118164
batch	1770	valid_loss	102551.420898
batch	1800	valid_loss	102148.810547
batch	1830	valid_loss	101776.40918
batch	1860	valid_loss	101298.551758
batch	1890	valid_loss	102116.416992
batch	1920	valid_loss	100551.791016
batch	1950	valid_loss	100125.743164
batch	1980	valid_loss	99882.1972656
batch	2010	valid_loss	99427.234375
batch	2040	valid_loss	98890.1191406
batch	2070	valid_loss	98616.0283203
batch	2100	valid_loss	98562.71875
batch	2130	valid_loss	97899.5087891
batch	2160	valid_loss	97559.3271484
batch	2190	valid_loss	97288.0996094
batch	2220	valid_loss	97170.1757812
batch	2250	valid_loss	97349.3505859
batch	2280	valid_loss	96858.5380859
batch	2310	valid_loss	96778.1347656
batch	2340	valid_loss	97073.2949219
batch	2370	valid_loss	96341.4199219
batch	2400	valid_loss	96775.6064453
batch	2430	valid_loss	95907.0585938
batch	2460	valid_loss	95824.2304688
batch	2490	valid_loss	95809.3203125
batch	2520	valid_loss	95188.0839844
batch	2550	valid_loss	95140.4550781
batch	2580	valid_loss	95034.7617188
batch	2610	valid_loss	94662.3339844
batch	2640	valid_loss	94457.4316406
batch	2670	valid_loss	95689.7285156
batch	2700	valid_loss	94302.2451172
batch	2730	valid_loss	93882.9111328
batch	2760	valid_loss	93676.1918945
batch	2790	valid_loss	93525.2915039
batch	2820	valid_loss	93197.5258789
batch	2850	valid_loss	93273.9462891
batch	2880	valid_loss	92658.7788086
batch	2910	valid_loss	92386.2651367
batch	2940	valid_loss	92209.6503906
batch	2970	valid_loss	91987.4506836
batch	3000	valid_loss	91856.7397461
batch	3030	valid_loss	91625.0092773
batch	3060	valid_loss	91389.9448242
batch	3090	valid_loss	91098.815918
batch	3120	valid_loss	90847.3666992
batch	3150	valid_loss	91055.2387695
batch	3180	valid_loss	90546.7509766
batch	3210	valid_loss	90593.8842773
batch	3240	valid_loss	90478.1630859
batch	3270	valid_loss	90134.0200195
batch	3300	valid_loss	92691.7304688
batch	3330	valid_loss	89725.6479492
batch	3360	valid_loss	89558.9892578
batch	3390	valid_loss	89685.7685547
batch	3420	valid_loss	89168.3544922
batch	3450	valid_loss	89675.5908203
batch	3480	valid_loss	88968.1083984
batch	3510	valid_loss	88799.5654297
batch	3540	valid_loss	88884.3540039
batch	3570	valid_loss	88711.9277344
batch	3600	valid_loss	88682.1396484
batch	3630	valid_loss	88450.9521484
batch	3660	valid_loss	88498.7597656
batch	3690	valid_loss	88378.0419922
batch	3720	valid_loss	87935.5214844
batch	3750	valid_loss	87724.6791992
batch	3780	valid_loss	87805.7753906
batch	3810	valid_loss	87512.2197266
batch	3840	valid_loss	87408.7832031
batch	3870	valid_loss	87350.5976562
batch	3900	valid_loss	89646.8212891
batch	3930	valid_loss	86940.6977539
batch	3960	valid_loss	87131.4125977
batch	3990	valid_loss	86877.2954102
batch	4020	valid_loss	86778.6347656
batch	4050	valid_loss	86569.8769531
batch	4080	valid_loss	86475.5947266
batch	4110	valid_loss	86331.1748047
batch	4140	valid_loss	86144.6591797
batch	4170	valid_loss	87003.9536133
batch	4200	valid_loss	85952.1870117
batch	4230	valid_loss	85712.2265625
batch	4260	valid_loss	85973.8613281
batch	4290	valid_loss	85496.8300781
batch	4320	valid_loss	85545.1772461
batch	4350	valid_loss	88783.2363281
batch	4380	valid_loss	85175.2148438
batch	4410	valid_loss	85054.4448242
batch	4440	valid_loss	84849.6738281
batch	4470	valid_loss	84710.3427734
batch	4500	valid_loss	84917.8061523
batch	4530	valid_loss	86507.7749023
batch	4560	valid_loss	84494.5092773
batch	4590	valid_loss	84515.0615234
batch	4620	valid_loss	86670.4663086
batch	4650	valid_loss	84226.1049805
batch	4680	valid_loss	84080.5854492
batch	4710	valid_loss	85334.3183594
batch	4740	valid_loss	84008.6635742
batch	4770	valid_loss	85137.996582
batch	4800	valid_loss	83949.6049805
batch	4830	valid_loss	83791.4814453
batch	4860	valid_loss	83709.0600586
batch	4890	valid_loss	83749.9599609
batch	4920	valid_loss	84030.5830078
batch	4950	valid_loss	83389.7280273
batch	4980	valid_loss	83250.5776367
batch	5010	valid_loss	83191.6826172
batch	5040	valid_loss	83451.71875
batch	5070	valid_loss	83301.9970703
batch	5100	valid_loss	82926.8632812
batch	5130	valid_loss	83334.2299805
batch	5160	valid_loss	82720.4702148
batch	5190	valid_loss	82684.3291016
batch	5220	valid_loss	82511.1411133
batch	5250	valid_loss	83500.2709961
batch	5280	valid_loss	82352.0664062
batch	5310	valid_loss	82554.8076172
batch	5340	valid_loss	82057.5048828
batch	5370	valid_loss	82877.1474609
batch	5400	valid_loss	81855.5859375
batch	5430	valid_loss	81769.2148438
batch	5460	valid_loss	81754.8183594
batch	5490	valid_loss	81699.3457031
batch	5520	valid_loss	83648.9233398
batch	5550	valid_loss	81438.1992188
batch	5580	valid_loss	81308.6479492
batch	5610	valid_loss	83161.8447266
batch	5640	valid_loss	81324.5429688
batch	5670	valid_loss	81212.7758789
batch	5700	valid_loss	80967.4091797
batch	5730	valid_loss	83709.4858398
batch	5760	valid_loss	80783.703125
batch	5790	valid_loss	80883.2226562
batch	5820	valid_loss	80717.3696289
batch	5850	valid_loss	80506.2504883
batch	5880	valid_loss	80426.5463867
batch	5910	valid_loss	80359.019043
batch	5940	valid_loss	80348.859375
batch	5970	valid_loss	80361.1020508
batch	6000	valid_loss	80167.5576172
batch	6030	valid_loss	79981.8154297
batch	6060	valid_loss	80431.6064453
batch	6090	valid_loss	79765.9121094
batch	6120	valid_loss	80359.9648438
batch	6150	valid_loss	79824.7089844
batch	6180	valid_loss	79601.6191406
batch	6210	valid_loss	79486.9819336
batch	6240	valid_loss	79218.2236328
batch	6270	valid_loss	79561.7304688
batch	6300	valid_loss	80054.3139648
batch	6330	valid_loss	79015.6586914
batch	6360	valid_loss	79825.8740234
batch	6390	valid_loss	78831.6303711
batch	6420	valid_loss	78652.2827148
batch	6450	valid_loss	78644.324707
batch	6480	valid_loss	79655.3100586
batch	6510	valid_loss	78415.8203125
batch	6540	valid_loss	78291.0512695
batch	6570	valid_loss	78198.2324219
batch	6600	valid_loss	78111.2636719
batch	6630	valid_loss	78353.6811523
batch	6660	valid_loss	78045.7128906
batch	6690	valid_loss	78072.3452148
batch	6720	valid_loss	77574.9018555
batch	6750	valid_loss	77557.3017578
batch	6780	valid_loss	78475.0766602
batch	6810	valid_loss	77353.5810547
batch	6840	valid_loss	77166.9267578
batch	6870	valid_loss	77119.1640625
batch	6900	valid_loss	77526.3911133
batch	6930	valid_loss	77156.824707
batch	6960	valid_loss	76671.5371094
batch	6990	valid_loss	76753.7241211
batch	7020	valid_loss	76924.4165039
batch	7050	valid_loss	77319.6665039
batch	7080	valid_loss	76649.355957
batch	7110	valid_loss	76191.6577148
batch	7140	valid_loss	76105.2871094
batch	7170	valid_loss	76599.8867188
batch	7200	valid_loss	75859.5556641
batch	7230	valid_loss	76120.2163086
batch	7260	valid_loss	75594.7299805
batch	7290	valid_loss	75658.7119141
batch	7320	valid_loss	75823.4125977
batch	7350	valid_loss	75618.3500977
batch	7380	valid_loss	75452.0678711
batch	7410	valid_loss	75492.9956055
batch	7440	valid_loss	75223.5136719
batch	7470	valid_loss	76379.1269531
batch	7500	valid_loss	74890.0351562
batch	7530	valid_loss	74809.1655273
batch	7560	valid_loss	74762.5546875
batch	7590	valid_loss	74942.4897461
batch	7620	valid_loss	74538.1523438
batch	7650	valid_loss	74461.4873047
batch	7680	valid_loss	74458.5717773
batch	7710	valid_loss	74471.3491211
batch	7740	valid_loss	74586.1079102
batch	7770	valid_loss	74217.5996094
batch	7800	valid_loss	74011.1337891
batch	7830	valid_loss	73865.1967773
batch	7860	valid_loss	73910.5786133
batch	7890	valid_loss	73824.0229492
batch	7920	valid_loss	73809.3725586
batch	7950	valid_loss	73729.9833984
batch	7980	valid_loss	74711.3588867
batch	8010	valid_loss	73787.0107422
batch	8040	valid_loss	73308.2709961
batch	8070	valid_loss	73666.1660156
batch	8100	valid_loss	73099.440918
batch	8130	valid_loss	73340.1992188
batch	8160	valid_loss	72900.6430664
batch	8190	valid_loss	72748.871582
batch	8220	valid_loss	73161.6010742
batch	8250	valid_loss	72608.1645508
batch	8280	valid_loss	72973.1943359
batch	8310	valid_loss	72734.9506836
batch	8340	valid_loss	72224.0019531
batch	8370	valid_loss	73651.0073242
batch	8400	valid_loss	72016.9516602
batch	8430	valid_loss	71839.5151367
batch	8460	valid_loss	72033.3979492
batch	8490	valid_loss	71772.059082
batch	8520	valid_loss	73407.9677734
batch	8550	valid_loss	71544.234375
batch	8580	valid_loss	71423.4023438
batch	8610	valid_loss	71339.8891602
batch	8640	valid_loss	71270.3632812
batch	8670	valid_loss	71322.1791992
batch	8700	valid_loss	71881.6518555
batch	8730	valid_loss	71212.9135742
batch	8760	valid_loss	70828.0610352
batch	8790	valid_loss	74382.0625
batch	8820	valid_loss	70606.0444336
batch	8850	valid_loss	70816.8115234
batch	8880	valid_loss	70436.3818359
batch	8910	valid_loss	70529.671875
batch	8940	valid_loss	70353.8203125
batch	8970	valid_loss	70686.5395508
batch	9000	valid_loss	70205.1987305
batch	9030	valid_loss	70138.0112305
batch	9060	valid_loss	69865.949707
batch	9090	valid_loss	70051.5839844
batch	9120	valid_loss	69644.9677734
batch	9150	valid_loss	70379.7387695
batch	9180	valid_loss	69392.0375977
batch	9210	valid_loss	69307.8295898
batch	9240	valid_loss	69430.6933594
batch	9270	valid_loss	69243.3642578
batch	9300	valid_loss	68987.6811523
batch	9330	valid_loss	68881.875
batch	9360	valid_loss	68724.5966797
batch	9390	valid_loss	68978.6259766
batch	9420	valid_loss	69006.3701172
batch	9450	valid_loss	68861.6655273
batch	9480	valid_loss	68691.3061523
batch	9510	valid_loss	68224.4833984
batch	9540	valid_loss	68103.8339844
batch	9570	valid_loss	68053.472168
batch	9600	valid_loss	69276.4589844
batch	9630	valid_loss	67828.9267578
batch	9660	valid_loss	67785.7861328
batch	9690	valid_loss	67965.8603516
batch	9720	valid_loss	67659.9301758
batch	9750	valid_loss	67762.9379883
batch	9780	valid_loss	67453.1972656
batch	9810	valid_loss	67116.3237305
batch	9840	valid_loss	67154.9970703
batch	9870	valid_loss	66982.9814453
batch	9900	valid_loss	67040.5883789
batch	9930	valid_loss	66728.5727539
batch	9960	valid_loss	67314.7441406
batch	9990	valid_loss	66738.8496094
batch	10020	valid_loss	67150.4638672
batch	10050	valid_loss	66361.2543945
batch	10080	valid_loss	66380.7197266
batch	10110	valid_loss	66311.4433594
batch	10140	valid_loss	66067.2871094
batch	10170	valid_loss	65966.2084961
batch	10200	valid_loss	65842.6035156
batch	10230	valid_loss	65839.4282227
batch	10260	valid_loss	65623.9038086
batch	10290	valid_loss	65550.5283203
batch	10320	valid_loss	65475.3183594
batch	10350	valid_loss	65460.3886719
batch	10380	valid_loss	65237.6020508
batch	10410	valid_loss	65299.5126953
batch	10440	valid_loss	65120.6801758
batch	10470	valid_loss	65114.8984375
batch	10500	valid_loss	64955.269043
batch	10530	valid_loss	64732.2597656
batch	10560	valid_loss	64874.6181641
batch	10590	valid_loss	64537.2075195
batch	10620	valid_loss	64610.8369141
batch	10650	valid_loss	64433.6166992
batch	10680	valid_loss	64336.2060547
batch	10710	valid_loss	64292.8764648
batch	10740	valid_loss	64404.7314453
batch	10770	valid_loss	63971.2885742
batch	10800	valid_loss	63816.1611328
batch	10830	valid_loss	63975.7119141
batch	10860	valid_loss	63683.534668
batch	10890	valid_loss	63741.1943359
batch	10920	valid_loss	63614.78125
batch	10950	valid_loss	63409.9775391
batch	10980	valid_loss	63343.1308594
batch	11010	valid_loss	63661.9570312
batch	11040	valid_loss	63140.5390625
batch	11070	valid_loss	63038.7910156
batch	11100	valid_loss	63026.3481445
batch	11130	valid_loss	63021.8574219
batch	11160	valid_loss	62776.465332
batch	11190	valid_loss	62684.7626953
batch	11220	valid_loss	62653.1040039
batch	11250	valid_loss	62877.2875977
batch	11280	valid_loss	62418.0053711
batch	11310	valid_loss	62748.5727539
batch	11340	valid_loss	62260.097168
batch	11370	valid_loss	62105.4453125
batch	11400	valid_loss	62079.2978516
batch	11430	valid_loss	62063.9711914
batch	11460	valid_loss	61914.8999023
batch	11490	valid_loss	61732.7783203
batch	11520	valid_loss	61747.9638672
batch	11550	valid_loss	61649.3759766
batch	11580	valid_loss	61576.2177734
batch	11610	valid_loss	61567.3735352
batch	11640	valid_loss	61782.6132812
batch	11670	valid_loss	61381.0415039
batch	11700	valid_loss	61185.1113281
batch	11730	valid_loss	61276.4663086
batch	11760	valid_loss	61077.8344727
batch	11790	valid_loss	60887.2260742
batch	11820	valid_loss	60790.1982422
batch	11850	valid_loss	61216.1396484
batch	11880	valid_loss	60721.5258789
batch	11910	valid_loss	61235.0673828
batch	11940	valid_loss	60440.7373047
batch	11970	valid_loss	60457.3149414
batch	12000	valid_loss	60307.0341797
batch	12030	valid_loss	60363.1767578
batch	12060	valid_loss	60061.7768555
batch	12090	valid_loss	60220.7226562
batch	12120	valid_loss	59861.7285156
batch	12150	valid_loss	59730.6567383
batch	12180	valid_loss	60232.4194336
batch	12210	valid_loss	59716.4331055
batch	12240	valid_loss	59696.3754883
batch	12270	valid_loss	59442.3994141
batch	12300	valid_loss	59306.2514648
batch	12330	valid_loss	59366.1367188
batch	12360	valid_loss	59152.3168945
batch	12390	valid_loss	59038.8666992
batch	12420	valid_loss	58901.7075195
batch	12450	valid_loss	58785.1967773
batch	12480	valid_loss	59184.7783203
batch	12510	valid_loss	58789.9799805
batch	12540	valid_loss	58782.7412109
batch	12570	valid_loss	58324.5986328
batch	12600	valid_loss	58302.6455078
batch	12630	valid_loss	58196.4472656
batch	12660	valid_loss	58152.9389648
batch	12690	valid_loss	58391.0429688
batch	12720	valid_loss	57855.6196289
batch	12750	valid_loss	57800.3383789
batch	12780	valid_loss	57792.2333984
batch	12810	valid_loss	57674.5058594
batch	12840	valid_loss	57521.8393555
batch	12870	valid_loss	57458.8891602
batch	12900	valid_loss	57372.3129883
batch	12930	valid_loss	57199.2714844
batch	12960	valid_loss	57260.1333008
batch	12990	valid_loss	59110.0859375
batch	13020	valid_loss	57092.09375
batch	13050	valid_loss	56843.9179688
batch	13080	valid_loss	56795.4995117
batch	13110	valid_loss	56745.5537109
batch	13140	valid_loss	56734.9760742
batch	13170	valid_loss	56523.1411133
batch	13200	valid_loss	56417.1713867
batch	13230	valid_loss	56333.8974609
batch	13260	valid_loss	56303.7338867
batch	13290	valid_loss	56204.9243164
batch	13320	valid_loss	57115.1367188
batch	13350	valid_loss	55935.8383789
batch	13380	valid_loss	55899.4130859
batch	13410	valid_loss	55775.8706055
batch	13440	valid_loss	55896.4150391
batch	13470	valid_loss	56505.144043
batch	13500	valid_loss	55523.9228516
batch	13530	valid_loss	55452.2495117
batch	13560	valid_loss	55512.4257812
batch	13590	valid_loss	55735.237793
batch	13620	valid_loss	55584.7089844
batch	13650	valid_loss	55274.0664062
batch	13680	valid_loss	55185.0175781
batch	13710	valid_loss	55063.6762695
batch	13740	valid_loss	55089.03125
batch	13770	valid_loss	54828.4858398
batch	13800	valid_loss	54764.1489258
batch	13830	valid_loss	54650.987793
batch	13860	valid_loss	54736.1875
batch	13890	valid_loss	54535.4487305
batch	13920	valid_loss	54451.043457
batch	13950	valid_loss	54389.34375
batch	13980	valid_loss	54341.6708984
batch	14010	valid_loss	54197.4125977
batch	14040	valid_loss	54528.7475586
batch	14070	valid_loss	54000.1337891
batch	14100	valid_loss	54293.8481445
batch	14130	valid_loss	53850.1376953
batch	14160	valid_loss	54350.7675781
batch	14190	valid_loss	53978.7368164
batch	14220	valid_loss	53911.4580078
batch	14250	valid_loss	53653.5878906
batch	14280	valid_loss	53452.6982422
batch	14310	valid_loss	53533.6733398
batch	14340	valid_loss	53547.2744141
batch	14370	valid_loss	53261.7353516
batch	14400	valid_loss	53235.9174805
batch	14430	valid_loss	53124.3115234
batch	14460	valid_loss	53105.4165039
batch	14490	valid_loss	53040.2460938
batch	14520	valid_loss	52914.7670898
batch	14550	valid_loss	52807.340332
batch	14580	valid_loss	52743.7226562
batch	14610	valid_loss	52731.9384766
batch	14640	valid_loss	52636.1645508
batch	14670	valid_loss	52514.5576172
batch	14700	valid_loss	52717.6948242
batch	14730	valid_loss	52508.6367188
batch	14760	valid_loss	52349.0654297
batch	14790	valid_loss	52196.7949219
batch	14820	valid_loss	52159.0180664
batch	14850	valid_loss	52057.4204102
batch	14880	valid_loss	52106.6152344
batch	14910	valid_loss	52286.184082
batch	14940	valid_loss	51907.2148438
batch	14970	valid_loss	52071.9541016
batch	15000	valid_loss	51750.3979492
batch	15030	valid_loss	51795.7773438
batch	15060	valid_loss	51557.7216797
batch	15090	valid_loss	51442.4541016
batch	15120	valid_loss	51587.5273438
batch	15150	valid_loss	51451.2036133
batch	15180	valid_loss	51422.9824219
batch	15210	valid_loss	51308.8193359
batch	15240	valid_loss	51375.6782227
batch	15270	valid_loss	51307.4702148
batch	15300	valid_loss	50971.699707
batch	15330	valid_loss	50901.7060547
batch	15360	valid_loss	50776.6328125
batch	15390	valid_loss	50754.96875
batch	15420	valid_loss	51199.3525391
batch	15450	valid_loss	50623.609375
batch	15480	valid_loss	50610.269043
batch	15510	valid_loss	50513.0712891
batch	15540	valid_loss	50628.9584961
batch	15570	valid_loss	50640.6049805
batch	15600	valid_loss	50604.2124023
batch	15630	valid_loss	50145.5610352
batch	15660	valid_loss	50126.4790039
batch	15690	valid_loss	50063.296875
batch	15720	valid_loss	50079.1333008
batch	15750	valid_loss	50019.7177734
batch	15780	valid_loss	49780.6816406
batch	15810	valid_loss	49874.4438477
batch	15840	valid_loss	49834.4165039
batch	15870	valid_loss	49623.1000977
batch	15900	valid_loss	49652.6503906
batch	15930	valid_loss	49451.1992188
batch	15960	valid_loss	49372.1230469
batch	15990	valid_loss	49342.6884766
batch	16020	valid_loss	49373.1352539
batch	16050	valid_loss	49365.4575195
batch	16080	valid_loss	49206.1982422
batch	16110	valid_loss	49002.2333984
batch	16140	valid_loss	49191.6123047
batch	16170	valid_loss	48952.1977539
batch	16200	valid_loss	49034.2099609
batch	16230	valid_loss	48912.3295898
batch	16260	valid_loss	48673.597168
batch	16290	valid_loss	48613.1586914
batch	16320	valid_loss	48554.2817383
batch	16350	valid_loss	48559.9487305
batch	16380	valid_loss	48405.4360352
batch	16410	valid_loss	48518.0566406
batch	16440	valid_loss	48456.5688477
batch	16470	valid_loss	48341.5092773
batch	16500	valid_loss	48226.0898438
batch	16530	valid_loss	48134.4672852
batch	16560	valid_loss	48001.2207031
batch	16590	valid_loss	47990.1220703
batch	16620	valid_loss	47849.6850586
batch	16650	valid_loss	47761.9301758
batch	16680	valid_loss	47650.1894531
batch	16710	valid_loss	47639.8388672
batch	16740	valid_loss	47618.7548828
batch	16770	valid_loss	47513.1552734
batch	16800	valid_loss	47598.6162109
batch	16830	valid_loss	47517.5576172
batch	16860	valid_loss	47436.7338867
batch	16890	valid_loss	47432.8032227
batch	16920	valid_loss	47259.7070312
batch	16950	valid_loss	47135.0571289
batch	16980	valid_loss	47317.3891602
batch	17010	valid_loss	47194.6289062
batch	17040	valid_loss	46899.9838867
batch	17070	valid_loss	47115.8520508
batch	17100	valid_loss	46904.6162109
batch	17130	valid_loss	47151.2270508
batch	17160	valid_loss	46750.6826172
batch	17190	valid_loss	46610.4707031
batch	17220	valid_loss	46577.0825195
batch	17250	valid_loss	46606.956543
batch	17280	valid_loss	46576.1918945
batch	17310	valid_loss	46404.6276855
batch	17340	valid_loss	46250.4777832
batch	17370	valid_loss	46344.8063965
batch	17400	valid_loss	46236.5930176
batch	17430	valid_loss	46161.6452637
batch	17460	valid_loss	46188.786377
batch	17490	valid_loss	46002.4936523
batch	17520	valid_loss	45954.5317383
batch	17550	valid_loss	45884.8010254
batch	17580	valid_loss	45918.5864258
batch	17610	valid_loss	45791.5495605
batch	17640	valid_loss	45706.1784668
batch	17670	valid_loss	45636.3181152
batch	17700	valid_loss	45601.3710938
batch	17730	valid_loss	45540.5993652
batch	17760	valid_loss	45597.4133301
batch	17790	valid_loss	45471.3796387
batch	17820	valid_loss	45539.2702637
batch	17850	valid_loss	45257.3527832
batch	17880	valid_loss	45354.786377
batch	17910	valid_loss	45171.7844238
batch	17940	valid_loss	45129.109375
batch	17970	valid_loss	45379.5732422
batch	18000	valid_loss	45031.0546875
batch	18030	valid_loss	44962.0617676
batch	18060	valid_loss	44986.2529297
batch	18090	valid_loss	44852.8293457
batch	18120	valid_loss	44721.3041992
batch	18150	valid_loss	44747.4538574
batch	18180	valid_loss	44593.3364258
batch	18210	valid_loss	44537.9182129
batch	18240	valid_loss	44450.878418
batch	18270	valid_loss	44431.3046875
batch	18300	valid_loss	44455.4743652
batch	18330	valid_loss	44424.4304199
batch	18360	valid_loss	44312.6655273
batch	18390	valid_loss	44228.6228027
batch	18420	valid_loss	44127.8959961
batch	18450	valid_loss	44430.1201172
batch	18480	valid_loss	44024.8388672
batch	18510	valid_loss	44039.6726074
batch	18540	valid_loss	43821.4265137
batch	18570	valid_loss	43785.6574707
batch	18600	valid_loss	43931.1333008
batch	18630	valid_loss	43860.8461914
batch	18660	valid_loss	43736.3964844
batch	18690	valid_loss	43655.8483887
batch	18720	valid_loss	43593.8430176
batch	18750	valid_loss	43431.439209
batch	18780	valid_loss	43372.7321777
batch	18810	valid_loss	43252.8400879
batch	18840	valid_loss	43355.3933105
batch	18870	valid_loss	43213.8903809
batch	18900	valid_loss	43138.9794922
batch	18930	valid_loss	43163.7033691
batch	18960	valid_loss	42992.5205078
batch	18990	valid_loss	43017.8757324
batch	19020	valid_loss	42861.232666
batch	19050	valid_loss	42882.4682617
batch	19080	valid_loss	43256.8322754
batch	19110	valid_loss	42681.1816406
batch	19140	valid_loss	42603.0026855
batch	19170	valid_loss	42549.0957031
batch	19200	valid_loss	42461.8305664
batch	19230	valid_loss	42556.5061035
batch	19260	valid_loss	42514.7954102
batch	19290	valid_loss	42324.404541
batch	19320	valid_loss	42293.3103027
batch	19350	valid_loss	42249.2297363
batch	19380	valid_loss	42279.2902832
batch	19410	valid_loss	42100.5712891
batch	19440	valid_loss	41971.671875
batch	19470	valid_loss	42035.4619141
batch	19500	valid_loss	41935.5830078
batch	19530	valid_loss	41969.6945801
batch	19560	valid_loss	41860.2416992
batch	19590	valid_loss	41714.1271973
batch	19620	valid_loss	41709.0861816
batch	19650	valid_loss	41603.8830566
batch	19680	valid_loss	41665.9997559
batch	19710	valid_loss	41562.2546387
batch	19740	valid_loss	41407.4016113
batch	19770	valid_loss	41561.0876465
batch	19800	valid_loss	41238.1977539
batch	19830	valid_loss	41213.3759766
batch	19860	valid_loss	41323.8476562
batch	19890	valid_loss	41117.7348633
batch	19920	valid_loss	41043.3220215
batch	19950	valid_loss	40946.4240723
batch	19980	valid_loss	40962.1730957
batch	20010	valid_loss	41061.5097656
batch	20040	valid_loss	40811.3635254
batch	20070	valid_loss	40771.1245117
batch	20100	valid_loss	40740.5061035
batch	20130	valid_loss	40647.3952637
batch	20160	valid_loss	40642.2355957
batch	20190	valid_loss	40707.6291504
batch	20220	valid_loss	40454.0239258
batch	20250	valid_loss	40428.4411621
batch	20280	valid_loss	40333.1225586
batch	20310	valid_loss	40295.3930664
batch	20340	valid_loss	40270.0810547
batch	20370	valid_loss	40253.1525879
batch	20400	valid_loss	40378.217041
batch	20430	valid_loss	40016.5068359
batch	20460	valid_loss	40056.6711426
batch	20490	valid_loss	40038.6276855
batch	20520	valid_loss	39959.572998
batch	20550	valid_loss	39873.3652344
batch	20580	valid_loss	39867.9191895
batch	20610	valid_loss	39742.7163086
batch	20640	valid_loss	39752.3999023
batch	20670	valid_loss	39667.1113281
batch	20700	valid_loss	39640.2866211
batch	20730	valid_loss	39469.2583008
batch	20760	valid_loss	39406.2177734
batch	20790	valid_loss	39497.3361816
batch	20820	valid_loss	39347.3117676
batch	20850	valid_loss	39269.8684082
batch	20880	valid_loss	39235.2819824
batch	20910	valid_loss	39192.8955078
batch	20940	valid_loss	39110.4584961
batch	20970	valid_loss	39042.5212402
batch	21000	valid_loss	38977.1687012
batch	21030	valid_loss	39067.2924805
batch	21060	valid_loss	38906.2409668
batch	21090	valid_loss	38872.0136719
batch	21120	valid_loss	39024.6791992
batch	21150	valid_loss	38736.263916
batch	21180	valid_loss	38680.4233398
batch	21210	valid_loss	38547.4160156
batch	21240	valid_loss	38631.6669922
batch	21270	valid_loss	38519.2270508
batch	21300	valid_loss	38419.8894043
batch	21330	valid_loss	38572.1682129
batch	21360	valid_loss	38303.3898926
batch	21390	valid_loss	38310.4995117
batch	21420	valid_loss	38321.0070801
batch	21450	valid_loss	38239.9030762
batch	21480	valid_loss	38212.5549316
batch	21510	valid_loss	38099.0710449
batch	21540	valid_loss	38029.0117188
batch	21570	valid_loss	37964.7329102
batch	21600	valid_loss	37961.0895996
batch	21630	valid_loss	37875.1086426
batch	21660	valid_loss	37906.5383301
batch	21690	valid_loss	37736.9458008
batch	21720	valid_loss	37716.177002
batch	21750	valid_loss	37859.4138184
batch	21780	valid_loss	37670.3798828
batch	21810	valid_loss	37530.4433594
batch	21840	valid_loss	37489.8310547
batch	21870	valid_loss	37442.0144043
batch	21900	valid_loss	37355.7490234
batch	21930	valid_loss	37360.9472656
batch	21960	valid_loss	37488.8728027
batch	21990	valid_loss	37214.75
batch	22020	valid_loss	37216.2900391
batch	22050	valid_loss	37176.9570312
batch	22080	valid_loss	37197.4155273
batch	22110	valid_loss	37153.3295898
batch	22140	valid_loss	37017.4448242
batch	22170	valid_loss	36983.0593262
batch	22200	valid_loss	36967.6699219
batch	22230	valid_loss	36887.2075195
batch	22260	valid_loss	36908.6933594
batch	22290	valid_loss	36760.8310547
batch	22320	valid_loss	36695.6967773
batch	22350	valid_loss	36666.2209473
batch	22380	valid_loss	36753.3532715
batch	22410	valid_loss	36700.4487305
batch	22440	valid_loss	36653.8530273
batch	22470	valid_loss	36489.1420898
batch	22500	valid_loss	36444.2915039
batch	22530	valid_loss	36372.0908203
batch	22560	valid_loss	36370.9343262
batch	22590	valid_loss	36448.315918
batch	22620	valid_loss	36408.722168
batch	22650	valid_loss	36155.2341309
batch	22680	valid_loss	36321.2563477
batch	22710	valid_loss	36260.1535645
batch	22740	valid_loss	36188.2607422
batch	22770	valid_loss	36169.6313477
batch	22800	valid_loss	35995.5825195
batch	22830	valid_loss	36043.3510742
batch	22860	valid_loss	36013.8125
batch	22890	valid_loss	35894.3371582
batch	22920	valid_loss	35931.4462891
batch	22950	valid_loss	35751.3081055
batch	22980	valid_loss	35708.4445801
batch	23010	valid_loss	35758.0773926
batch	23040	valid_loss	35666.7460938
batch	23070	valid_loss	35727.300293
batch	23100	valid_loss	35551.5358887
batch	23130	valid_loss	35481.270752
batch	23160	valid_loss	35456.7397461
batch	23190	valid_loss	35441.0268555
batch	23220	valid_loss	35418.4460449
batch	23250	valid_loss	35295.4489746
batch	23280	valid_loss	35350.5761719
batch	23310	valid_loss	35314.0952148
batch	23340	valid_loss	35279.7927246
batch	23370	valid_loss	35126.4016113
batch	23400	valid_loss	35067.2373047
batch	23430	valid_loss	35119.1279297
batch	23460	valid_loss	35022.0163574
batch	23490	valid_loss	35010.3486328
batch	23520	valid_loss	35008.362793
batch	23550	valid_loss	34855.9694824
batch	23580	valid_loss	34884.6723633
batch	23610	valid_loss	34787.1755371
batch	23640	valid_loss	34780.8215332
batch	23670	valid_loss	34741.9355469
batch	23700	valid_loss	34651.7792969
batch	23730	valid_loss	34598.0576172
batch	23760	valid_loss	34604.0864258
batch	23790	valid_loss	34513.3852539
batch	23820	valid_loss	34461.2177734
batch	23850	valid_loss	34509.3918457
batch	23880	valid_loss	34320.2800293
batch	23910	valid_loss	34398.744873
batch	23940	valid_loss	34245.3227539
batch	23970	valid_loss	34232.2724609
batch	24000	valid_loss	34253.9997559
batch	24030	valid_loss	34257.5217285
batch	24060	valid_loss	34075.7924805
batch	24090	valid_loss	33987.3256836
batch	24120	valid_loss	34069.8754883
batch	24150	valid_loss	33946.1933594
batch	24180	valid_loss	33926.7565918
batch	24210	valid_loss	33914.4597168
batch	24240	valid_loss	33966.3200684
batch	24270	valid_loss	33887.1188965
batch	24300	valid_loss	33799.9338379
batch	24330	valid_loss	33840.3088379
batch	24360	valid_loss	33667.8864746
batch	24390	valid_loss	33722.2460938
batch	24420	valid_loss	33675.8752441
batch	24450	valid_loss	33566.3586426
batch	24480	valid_loss	33475.3120117
batch	24510	valid_loss	33455.1713867
batch	24540	valid_loss	33384.5742188
batch	24570	valid_loss	33464.1315918
batch	24600	valid_loss	33406.5500488
batch	24630	valid_loss	33242.5869141
batch	24660	valid_loss	33306.4248047
batch	24690	valid_loss	33242.8754883
batch	24720	valid_loss	33136.892334
batch	24750	valid_loss	33215.3864746
batch	24780	valid_loss	33028.543457
batch	24810	valid_loss	32983.3225098
batch	24840	valid_loss	32984.0661621
batch	24870	valid_loss	33079.0996094
batch	24900	valid_loss	32968.2075195
batch	24930	valid_loss	32912.2058105
batch	24960	valid_loss	32786.2424316
batch	24990	valid_loss	32769.3999023
STOP
