START
config	520	40	520	960
batch	0	valid_loss	7564305.3125
batch	30	valid_loss	222941.78125
batch	60	valid_loss	125693.616211
batch	90	valid_loss	120995.417969
batch	120	valid_loss	120776.112305
batch	150	valid_loss	120768.066406
batch	180	valid_loss	120873.192383
batch	210	valid_loss	120819.086914
batch	240	valid_loss	120745.264648
batch	270	valid_loss	120676.71582
batch	300	valid_loss	120548.873047
batch	330	valid_loss	120319.135742
batch	360	valid_loss	119937.022461
batch	390	valid_loss	119142.5625
batch	420	valid_loss	117926.407227
batch	450	valid_loss	116200.581055
batch	480	valid_loss	114278.27832
batch	510	valid_loss	112528.967773
batch	540	valid_loss	111571.337891
batch	570	valid_loss	110892.515625
batch	600	valid_loss	110360.760742
batch	630	valid_loss	110017.828125
batch	660	valid_loss	109775.185547
batch	690	valid_loss	109343.635742
batch	720	valid_loss	109064.157227
batch	750	valid_loss	108683.597656
batch	780	valid_loss	108262.989258
batch	810	valid_loss	107819.654297
batch	840	valid_loss	107368.280273
batch	870	valid_loss	106840.581055
batch	900	valid_loss	106280.025391
batch	930	valid_loss	105669.921875
batch	960	valid_loss	105301.107422
batch	990	valid_loss	104653.235352
batch	1020	valid_loss	104161.905273
batch	1050	valid_loss	103640.874023
batch	1080	valid_loss	103204.15918
batch	1110	valid_loss	102602.420898
batch	1140	valid_loss	101958.647461
batch	1170	valid_loss	101265.973633
batch	1200	valid_loss	100881.203125
batch	1230	valid_loss	100088.066406
batch	1260	valid_loss	99455.3486328
batch	1290	valid_loss	98916.8867188
batch	1320	valid_loss	98295.0820312
batch	1350	valid_loss	97790.3876953
batch	1380	valid_loss	97099.1240234
batch	1410	valid_loss	96658.2109375
batch	1440	valid_loss	95987.0048828
batch	1470	valid_loss	95412.9970703
batch	1500	valid_loss	94853.6425781
batch	1530	valid_loss	94229.0917969
batch	1560	valid_loss	93697.4697266
batch	1590	valid_loss	93305.6699219
batch	1620	valid_loss	92721.8066406
batch	1650	valid_loss	92188.9765625
batch	1680	valid_loss	91703.6191406
batch	1710	valid_loss	91096.590332
batch	1740	valid_loss	90720.03125
batch	1770	valid_loss	90102.4990234
batch	1800	valid_loss	89642.1079102
batch	1830	valid_loss	89424.9033203
batch	1860	valid_loss	88744.6367188
batch	1890	valid_loss	88375.8554688
batch	1920	valid_loss	87956.9008789
batch	1950	valid_loss	87573.862793
batch	1980	valid_loss	87240.5864258
batch	2010	valid_loss	86934.5874023
batch	2040	valid_loss	86529.7104492
batch	2070	valid_loss	86141.4946289
batch	2100	valid_loss	85793.6665039
batch	2130	valid_loss	85630.7504883
batch	2160	valid_loss	85076.3027344
batch	2190	valid_loss	84944.0263672
batch	2220	valid_loss	84672.4794922
batch	2250	valid_loss	84341.840332
batch	2280	valid_loss	83993.1474609
batch	2310	valid_loss	83700.3818359
batch	2340	valid_loss	83499.8417969
batch	2370	valid_loss	83311.3041992
batch	2400	valid_loss	83109.3544922
batch	2430	valid_loss	82867.9824219
batch	2460	valid_loss	82647.5908203
batch	2490	valid_loss	82269.3212891
batch	2520	valid_loss	82119.6166992
batch	2550	valid_loss	82022.2675781
batch	2580	valid_loss	81659.878418
batch	2610	valid_loss	81504.3037109
batch	2640	valid_loss	81415.7841797
batch	2670	valid_loss	81218.2392578
batch	2700	valid_loss	81193.0625
batch	2730	valid_loss	80813.8574219
batch	2760	valid_loss	80774.7329102
batch	2790	valid_loss	80649.6606445
batch	2820	valid_loss	80448.0219727
batch	2850	valid_loss	80252.5200195
batch	2880	valid_loss	80259.1933594
batch	2910	valid_loss	80174.6108398
batch	2940	valid_loss	79770.5322266
batch	2970	valid_loss	79826.1220703
batch	3000	valid_loss	79595.1152344
batch	3030	valid_loss	79479.8579102
batch	3060	valid_loss	79438.6259766
batch	3090	valid_loss	79252.9707031
batch	3120	valid_loss	79016.8935547
batch	3150	valid_loss	78922.5737305
batch	3180	valid_loss	78927.6420898
batch	3210	valid_loss	78809.6401367
batch	3240	valid_loss	78635.987793
batch	3270	valid_loss	78490.9399414
batch	3300	valid_loss	78470.5600586
batch	3330	valid_loss	78357.5371094
batch	3360	valid_loss	78222.1572266
batch	3390	valid_loss	78184.0805664
batch	3420	valid_loss	78047.8129883
batch	3450	valid_loss	77895.9692383
batch	3480	valid_loss	77857.9462891
batch	3510	valid_loss	77783.9892578
batch	3540	valid_loss	77690.2128906
batch	3570	valid_loss	77543.9555664
batch	3600	valid_loss	77440.9458008
batch	3630	valid_loss	77327.3393555
batch	3660	valid_loss	77281.4824219
batch	3690	valid_loss	77318.8500977
batch	3720	valid_loss	76921.9501953
batch	3750	valid_loss	77040.2167969
batch	3780	valid_loss	76989.1875
batch	3810	valid_loss	77004.9140625
batch	3840	valid_loss	76913.1166992
batch	3870	valid_loss	76666.1791992
batch	3900	valid_loss	76690.9267578
batch	3930	valid_loss	76686.5766602
batch	3960	valid_loss	76650.4116211
batch	3990	valid_loss	76603.9750977
batch	4020	valid_loss	76482.6601562
batch	4050	valid_loss	76374.9902344
batch	4080	valid_loss	76304.8808594
batch	4110	valid_loss	76388.3916016
batch	4140	valid_loss	76317.3618164
batch	4170	valid_loss	76190.640625
batch	4200	valid_loss	76202.8798828
batch	4230	valid_loss	76060.8681641
batch	4260	valid_loss	76189.8085938
batch	4290	valid_loss	76039.0615234
batch	4320	valid_loss	76176.1567383
batch	4350	valid_loss	75989.7792969
batch	4380	valid_loss	75931.5292969
batch	4410	valid_loss	75874.1665039
batch	4440	valid_loss	75911.3842773
batch	4470	valid_loss	76021.0039062
batch	4500	valid_loss	75719.6791992
batch	4530	valid_loss	75756.2285156
batch	4560	valid_loss	75797.3330078
batch	4590	valid_loss	75833.2182617
batch	4620	valid_loss	75854.6342773
batch	4650	valid_loss	75686.6347656
batch	4680	valid_loss	75608.6455078
batch	4710	valid_loss	75677.4316406
batch	4740	valid_loss	75736.4555664
batch	4770	valid_loss	75746.6289062
batch	4800	valid_loss	75588.5546875
batch	4830	valid_loss	75607.6254883
batch	4860	valid_loss	75559.2368164
batch	4890	valid_loss	75539.5791016
batch	4920	valid_loss	75526.9277344
batch	4950	valid_loss	75551.9091797
batch	4980	valid_loss	75510.6313477
batch	5010	valid_loss	75546.8066406
batch	5040	valid_loss	75446.918457
batch	5070	valid_loss	75518.8867188
batch	5100	valid_loss	75369.9125977
batch	5130	valid_loss	75459.7392578
batch	5160	valid_loss	75429.9267578
batch	5190	valid_loss	75341.3886719
batch	5220	valid_loss	75362.5878906
batch	5250	valid_loss	75437.6777344
batch	5280	valid_loss	75305.0239258
batch	5310	valid_loss	75261.300293
batch	5340	valid_loss	75396.230957
batch	5370	valid_loss	75411.8188477
batch	5400	valid_loss	75364.4394531
batch	5430	valid_loss	75224.565918
batch	5460	valid_loss	75314.9194336
batch	5490	valid_loss	75274.5737305
batch	5520	valid_loss	75242.6157227
batch	5550	valid_loss	75301.8398438
batch	5580	valid_loss	75287.8696289
batch	5610	valid_loss	75166.3740234
batch	5640	valid_loss	75167.8691406
batch	5670	valid_loss	75151.1928711
batch	5700	valid_loss	75123.215332
batch	5730	valid_loss	75169.0151367
batch	5760	valid_loss	75148.3066406
batch	5790	valid_loss	75123.8481445
batch	5820	valid_loss	75121.8876953
batch	5850	valid_loss	75054.6240234
batch	5880	valid_loss	75164.5805664
batch	5910	valid_loss	75070.6308594
batch	5940	valid_loss	75016.4746094
batch	5970	valid_loss	75025.5644531
batch	6000	valid_loss	75048.4394531
batch	6030	valid_loss	75131.5454102
batch	6060	valid_loss	75094.4584961
batch	6090	valid_loss	75054.3671875
batch	6120	valid_loss	74991.1357422
batch	6150	valid_loss	75028.9609375
batch	6180	valid_loss	74986.7587891
batch	6210	valid_loss	75056.6777344
batch	6240	valid_loss	74933.7143555
batch	6270	valid_loss	75061.4775391
batch	6300	valid_loss	75000.4824219
batch	6330	valid_loss	75022.2705078
batch	6360	valid_loss	74919.0703125
batch	6390	valid_loss	74975.0864258
batch	6420	valid_loss	74943.5249023
batch	6450	valid_loss	74917.222168
batch	6480	valid_loss	74914.2832031
batch	6510	valid_loss	75002.355957
batch	6540	valid_loss	74943.7797852
batch	6570	valid_loss	74996.7304688
batch	6600	valid_loss	74832.1572266
batch	6630	valid_loss	74961.578125
batch	6660	valid_loss	74872.9482422
batch	6690	valid_loss	74844.5737305
batch	6720	valid_loss	74902.4067383
batch	6750	valid_loss	74834.3520508
batch	6780	valid_loss	74832.7929688
batch	6810	valid_loss	74910.6625977
batch	6840	valid_loss	74882.7788086
batch	6870	valid_loss	74786.6625977
batch	6900	valid_loss	74894.4365234
batch	6930	valid_loss	74840.0180664
batch	6960	valid_loss	74933.0869141
batch	6990	valid_loss	74706.9160156
batch	7020	valid_loss	74803.9370117
batch	7050	valid_loss	74745.8237305
batch	7080	valid_loss	74761.5693359
batch	7110	valid_loss	74900.8276367
batch	7140	valid_loss	74852.1738281
batch	7170	valid_loss	74647.0771484
batch	7200	valid_loss	74743.9272461
batch	7230	valid_loss	74727.590332
batch	7260	valid_loss	74693.3813477
batch	7290	valid_loss	74753.4604492
batch	7320	valid_loss	74697.3334961
batch	7350	valid_loss	74817.0620117
batch	7380	valid_loss	74685.4580078
batch	7410	valid_loss	74720.1123047
batch	7440	valid_loss	74699.7705078
batch	7470	valid_loss	74659.5947266
batch	7500	valid_loss	74600.9594727
batch	7530	valid_loss	74689.7792969
batch	7560	valid_loss	74663.0283203
batch	7590	valid_loss	74626.1806641
batch	7620	valid_loss	74620.7890625
batch	7650	valid_loss	74758.3583984
batch	7680	valid_loss	74636.4628906
batch	7710	valid_loss	74645.5258789
batch	7740	valid_loss	74625.0253906
batch	7770	valid_loss	74644.8730469
batch	7800	valid_loss	74535.0756836
batch	7830	valid_loss	74663.3208008
batch	7860	valid_loss	74578.105957
batch	7890	valid_loss	74629.3256836
batch	7920	valid_loss	74590.2441406
batch	7950	valid_loss	74629.4838867
batch	7980	valid_loss	74594.3344727
batch	8010	valid_loss	74431.9882812
batch	8040	valid_loss	74563.1254883
batch	8070	valid_loss	74661.9150391
batch	8100	valid_loss	74534.2817383
batch	8130	valid_loss	74456.15625
batch	8160	valid_loss	74476.7109375
batch	8190	valid_loss	74481.5664062
batch	8220	valid_loss	74572.6357422
batch	8250	valid_loss	74412.2929688
batch	8280	valid_loss	74504.6455078
batch	8310	valid_loss	74444.6049805
batch	8340	valid_loss	74441.0830078
batch	8370	valid_loss	74487.5517578
batch	8400	valid_loss	74403.7568359
batch	8430	valid_loss	74388.5874023
batch	8460	valid_loss	74467.1450195
batch	8490	valid_loss	74361.6669922
batch	8520	valid_loss	74398.8579102
batch	8550	valid_loss	74284.9130859
batch	8580	valid_loss	74345.8847656
batch	8610	valid_loss	74360.2211914
batch	8640	valid_loss	74374.9125977
batch	8670	valid_loss	74333.8798828
batch	8700	valid_loss	74335.0493164
batch	8730	valid_loss	74270.7734375
batch	8760	valid_loss	74271.6333008
batch	8790	valid_loss	74240.7250977
batch	8820	valid_loss	74264.7568359
batch	8850	valid_loss	74214.3637695
batch	8880	valid_loss	74113.6254883
batch	8910	valid_loss	74214.7548828
batch	8940	valid_loss	74117.9257812
batch	8970	valid_loss	74110.637207
batch	9000	valid_loss	74174.7700195
batch	9030	valid_loss	74162.496582
batch	9060	valid_loss	74042.4165039
batch	9090	valid_loss	74032.5058594
batch	9120	valid_loss	73988.1469727
batch	9150	valid_loss	73983.1025391
batch	9180	valid_loss	73927.6464844
batch	9210	valid_loss	73953.6738281
batch	9240	valid_loss	73939.9936523
batch	9270	valid_loss	73871.3916016
batch	9300	valid_loss	73941.484375
batch	9330	valid_loss	73826.7685547
batch	9360	valid_loss	73776.9355469
batch	9390	valid_loss	73816.5351562
batch	9420	valid_loss	73736.9086914
batch	9450	valid_loss	73792.2456055
batch	9480	valid_loss	73734.9394531
batch	9510	valid_loss	73757.2592773
batch	9540	valid_loss	73697.753418
batch	9570	valid_loss	73603.3637695
batch	9600	valid_loss	73665.3916016
batch	9630	valid_loss	73684.9438477
batch	9660	valid_loss	73622.8208008
batch	9690	valid_loss	73578.8183594
batch	9720	valid_loss	73599.0942383
batch	9750	valid_loss	73631.1523438
batch	9780	valid_loss	73630.0297852
batch	9810	valid_loss	73543.6533203
batch	9840	valid_loss	73550.7382812
batch	9870	valid_loss	73529.9433594
batch	9900	valid_loss	73491.4799805
batch	9930	valid_loss	73545.121582
batch	9960	valid_loss	73523.7734375
batch	9990	valid_loss	73503.7250977
batch	10020	valid_loss	73514.5234375
batch	10050	valid_loss	73490.5522461
batch	10080	valid_loss	73496.4145508
batch	10110	valid_loss	73380.7998047
batch	10140	valid_loss	73461.6845703
batch	10170	valid_loss	73431.8823242
batch	10200	valid_loss	73413.4946289
batch	10230	valid_loss	73433.5551758
batch	10260	valid_loss	73453.7509766
batch	10290	valid_loss	73388.0239258
batch	10320	valid_loss	73348.2338867
batch	10350	valid_loss	73362.6508789
batch	10380	valid_loss	73340.2958984
batch	10410	valid_loss	73387.6293945
batch	10440	valid_loss	73269.2280273
batch	10470	valid_loss	73356.1367188
batch	10500	valid_loss	73264.2104492
batch	10530	valid_loss	73266.7006836
batch	10560	valid_loss	73294.7783203
batch	10590	valid_loss	73325.0073242
batch	10620	valid_loss	73237.2568359
batch	10650	valid_loss	73286.0258789
batch	10680	valid_loss	73189.3901367
batch	10710	valid_loss	73225.0566406
batch	10740	valid_loss	73171.0722656
batch	10770	valid_loss	73181.9160156
batch	10800	valid_loss	73212.0214844
batch	10830	valid_loss	73124.3740234
batch	10860	valid_loss	73145.6479492
batch	10890	valid_loss	73130.7700195
batch	10920	valid_loss	73135.1625977
batch	10950	valid_loss	73105.7329102
batch	10980	valid_loss	73028.7983398
batch	11010	valid_loss	73016.9208984
batch	11040	valid_loss	73080.0996094
batch	11070	valid_loss	73007.7797852
batch	11100	valid_loss	73018.3842773
batch	11130	valid_loss	72929.2958984
batch	11160	valid_loss	72917.9858398
batch	11190	valid_loss	72948.6162109
batch	11220	valid_loss	72915.206543
batch	11250	valid_loss	72845.2958984
batch	11280	valid_loss	72862.6113281
batch	11310	valid_loss	72792.6660156
batch	11340	valid_loss	72789.9682617
batch	11370	valid_loss	72700.6235352
batch	11400	valid_loss	72697.284668
batch	11430	valid_loss	72689.5976562
batch	11460	valid_loss	72609.6699219
batch	11490	valid_loss	72608.2563477
batch	11520	valid_loss	72649.0512695
batch	11550	valid_loss	72524.6162109
batch	11580	valid_loss	72503.5
batch	11610	valid_loss	72440.4052734
batch	11640	valid_loss	72405.1240234
batch	11670	valid_loss	72289.9135742
batch	11700	valid_loss	72276.7519531
batch	11730	valid_loss	72268.7460938
batch	11760	valid_loss	72122.4819336
batch	11790	valid_loss	72088.8286133
batch	11820	valid_loss	72034.5620117
batch	11850	valid_loss	71935.9262695
batch	11880	valid_loss	71847.0541992
batch	11910	valid_loss	71845.8618164
batch	11940	valid_loss	71726.0834961
batch	11970	valid_loss	71683.6879883
batch	12000	valid_loss	71518.0708008
batch	12030	valid_loss	71515.6430664
batch	12060	valid_loss	71394.5058594
batch	12090	valid_loss	71311.6323242
batch	12120	valid_loss	71297.2851562
batch	12150	valid_loss	71212.4052734
batch	12180	valid_loss	71066.293457
batch	12210	valid_loss	70971.2089844
batch	12240	valid_loss	70813.1787109
batch	12270	valid_loss	70778.0288086
batch	12300	valid_loss	70634.8232422
batch	12330	valid_loss	70574.2236328
batch	12360	valid_loss	70497.1987305
batch	12390	valid_loss	70338.6928711
batch	12420	valid_loss	70210.6650391
batch	12450	valid_loss	70120.5336914
batch	12480	valid_loss	70066.5561523
batch	12510	valid_loss	69935.5771484
batch	12540	valid_loss	69800.640625
batch	12570	valid_loss	69654.5068359
batch	12600	valid_loss	69627.605957
batch	12630	valid_loss	69451.2807617
batch	12660	valid_loss	69375.3413086
batch	12690	valid_loss	69216.2495117
batch	12720	valid_loss	69125.1201172
batch	12750	valid_loss	69095.0327148
batch	12780	valid_loss	68941.8544922
batch	12810	valid_loss	68791.9145508
batch	12840	valid_loss	68715.0517578
batch	12870	valid_loss	68506.887207
batch	12900	valid_loss	68534.0410156
batch	12930	valid_loss	68354.2573242
batch	12960	valid_loss	68238.0439453
batch	12990	valid_loss	68102.1245117
batch	13020	valid_loss	68052.203125
batch	13050	valid_loss	67918.0537109
batch	13080	valid_loss	67802.2280273
batch	13110	valid_loss	67737.2983398
batch	13140	valid_loss	67642.2202148
batch	13170	valid_loss	67499.4287109
batch	13200	valid_loss	67430.184082
batch	13230	valid_loss	67227.2333984
batch	13260	valid_loss	67169.9443359
batch	13290	valid_loss	67054.3198242
batch	13320	valid_loss	66892.2807617
batch	13350	valid_loss	66868.8017578
batch	13380	valid_loss	66761.0712891
batch	13410	valid_loss	66562.1928711
batch	13440	valid_loss	66460.7963867
batch	13470	valid_loss	66384.0463867
batch	13500	valid_loss	66234.9257812
batch	13530	valid_loss	66175.9638672
batch	13560	valid_loss	65996.4667969
batch	13590	valid_loss	65976.3325195
batch	13620	valid_loss	65779.1030273
batch	13650	valid_loss	65732.5131836
batch	13680	valid_loss	65616.715332
batch	13710	valid_loss	65557.4208984
batch	13740	valid_loss	65390.9165039
batch	13770	valid_loss	65263.5893555
batch	13800	valid_loss	65103.8740234
batch	13830	valid_loss	65062.0390625
batch	13860	valid_loss	64939.8681641
batch	13890	valid_loss	64872.3271484
batch	13920	valid_loss	64817.6552734
batch	13950	valid_loss	64661.7763672
batch	13980	valid_loss	64578.4492188
batch	14010	valid_loss	64465.8598633
batch	14040	valid_loss	64356.4775391
batch	14070	valid_loss	64262.0917969
batch	14100	valid_loss	64151.652832
batch	14130	valid_loss	64024.4262695
batch	14160	valid_loss	63935.8129883
batch	14190	valid_loss	63852.0146484
batch	14220	valid_loss	63767.6982422
batch	14250	valid_loss	63627.2236328
batch	14280	valid_loss	63567.8574219
batch	14310	valid_loss	63513.1674805
batch	14340	valid_loss	63416.1904297
batch	14370	valid_loss	63244.7407227
batch	14400	valid_loss	63222.7324219
batch	14430	valid_loss	63070.3857422
batch	14460	valid_loss	63072.4155273
batch	14490	valid_loss	62939.1889648
batch	14520	valid_loss	62819.0107422
batch	14550	valid_loss	62699.8510742
batch	14580	valid_loss	62649.0244141
batch	14610	valid_loss	62578.1821289
batch	14640	valid_loss	62510.3901367
batch	14670	valid_loss	62375.6538086
batch	14700	valid_loss	62331.6054688
batch	14730	valid_loss	62230.6777344
batch	14760	valid_loss	62169.3999023
batch	14790	valid_loss	62009.1508789
batch	14820	valid_loss	61941.7504883
batch	14850	valid_loss	61896.03125
batch	14880	valid_loss	61795.9882812
batch	14910	valid_loss	61772.5844727
batch	14940	valid_loss	61659.0756836
batch	14970	valid_loss	61527.4145508
batch	15000	valid_loss	61436.9824219
batch	15030	valid_loss	61351.6972656
batch	15060	valid_loss	61233.5961914
batch	15090	valid_loss	61263.9526367
batch	15120	valid_loss	61086.3764648
batch	15150	valid_loss	61122.2978516
batch	15180	valid_loss	60939.7299805
batch	15210	valid_loss	60861.2836914
batch	15240	valid_loss	60817.6513672
batch	15270	valid_loss	60806.0571289
batch	15300	valid_loss	60666.7861328
batch	15330	valid_loss	60550.1132812
batch	15360	valid_loss	60439.1850586
batch	15390	valid_loss	60407.6342773
batch	15420	valid_loss	60367.4648438
batch	15450	valid_loss	60318.1401367
batch	15480	valid_loss	60226.7836914
batch	15510	valid_loss	60130.8901367
batch	15540	valid_loss	60131.8393555
batch	15570	valid_loss	60011.8647461
batch	15600	valid_loss	59902.027832
batch	15630	valid_loss	59845.7998047
batch	15660	valid_loss	59751.6708984
batch	15690	valid_loss	59650.1171875
batch	15720	valid_loss	59583.8662109
batch	15750	valid_loss	59558.815918
batch	15780	valid_loss	59481.9682617
batch	15810	valid_loss	59349.8837891
batch	15840	valid_loss	59308.4580078
batch	15870	valid_loss	59253.71875
batch	15900	valid_loss	59179.1308594
batch	15930	valid_loss	59063.3789062
batch	15960	valid_loss	59016.3334961
batch	15990	valid_loss	58915.1645508
batch	16020	valid_loss	58937.7211914
batch	16050	valid_loss	58808.6274414
batch	16080	valid_loss	58729.0986328
batch	16110	valid_loss	58637.2202148
batch	16140	valid_loss	58610.9663086
batch	16170	valid_loss	58533.4008789
batch	16200	valid_loss	58484.2314453
batch	16230	valid_loss	58390.9125977
batch	16260	valid_loss	58338.5458984
batch	16290	valid_loss	58266.1318359
batch	16320	valid_loss	58234.7709961
batch	16350	valid_loss	58103.2700195
batch	16380	valid_loss	58031.5727539
batch	16410	valid_loss	58011.8623047
batch	16440	valid_loss	57924.7412109
batch	16470	valid_loss	57902.6630859
batch	16500	valid_loss	57826.8896484
batch	16530	valid_loss	57734.2578125
batch	16560	valid_loss	57657.5292969
batch	16590	valid_loss	57554.4042969
batch	16620	valid_loss	57477.8652344
batch	16650	valid_loss	57496.1918945
batch	16680	valid_loss	57369.4887695
batch	16710	valid_loss	57395.9399414
batch	16740	valid_loss	57245.65625
batch	16770	valid_loss	57189.1777344
batch	16800	valid_loss	57170.2475586
batch	16830	valid_loss	57151.2836914
batch	16860	valid_loss	57044.4082031
batch	16890	valid_loss	56940.128418
batch	16920	valid_loss	56816.8823242
batch	16950	valid_loss	56817.2358398
batch	16980	valid_loss	56782.3974609
batch	17010	valid_loss	56757.6162109
batch	17040	valid_loss	56699.109375
batch	17070	valid_loss	56614.2900391
batch	17100	valid_loss	56636.0966797
batch	17130	valid_loss	56502.0708008
batch	17160	valid_loss	56433.8378906
batch	17190	valid_loss	56410.2026367
batch	17220	valid_loss	56297.7104492
batch	17250	valid_loss	56261.7670898
batch	17280	valid_loss	56205.0151367
batch	17310	valid_loss	56171.465332
batch	17340	valid_loss	56121.1953125
batch	17370	valid_loss	55991.7675781
batch	17400	valid_loss	55963.6132812
batch	17430	valid_loss	55932.671875
batch	17460	valid_loss	55862.1865234
batch	17490	valid_loss	55802.1323242
batch	17520	valid_loss	55729.4726562
batch	17550	valid_loss	55667.3676758
batch	17580	valid_loss	55674.6494141
batch	17610	valid_loss	55605.4169922
batch	17640	valid_loss	55510.9907227
batch	17670	valid_loss	55453.2612305
batch	17700	valid_loss	55425.625
batch	17730	valid_loss	55384.6494141
batch	17760	valid_loss	55395.9238281
batch	17790	valid_loss	55283.2412109
batch	17820	valid_loss	55238.4775391
batch	17850	valid_loss	55190.4462891
batch	17880	valid_loss	55175.0063477
batch	17910	valid_loss	55039.2983398
batch	17940	valid_loss	55029.8886719
batch	17970	valid_loss	54995.7841797
batch	18000	valid_loss	54934.1728516
batch	18030	valid_loss	54914.9848633
batch	18060	valid_loss	54861.7617188
batch	18090	valid_loss	54788.121582
batch	18120	valid_loss	54742.565918
batch	18150	valid_loss	54675.2602539
batch	18180	valid_loss	54613.9970703
batch	18210	valid_loss	54614.1416016
batch	18240	valid_loss	54525.2563477
batch	18270	valid_loss	54570.8691406
batch	18300	valid_loss	54421.0859375
batch	18330	valid_loss	54395.1206055
batch	18360	valid_loss	54371.2382812
batch	18390	valid_loss	54398.4863281
batch	18420	valid_loss	54294.0209961
batch	18450	valid_loss	54220.5527344
batch	18480	valid_loss	54112.5249023
batch	18510	valid_loss	54134.9013672
batch	18540	valid_loss	54107.9921875
batch	18570	valid_loss	54095.2211914
batch	18600	valid_loss	54057.3598633
batch	18630	valid_loss	53975.2841797
batch	18660	valid_loss	53985.8876953
batch	18690	valid_loss	53882.5131836
batch	18720	valid_loss	53860.3828125
batch	18750	valid_loss	53828.9824219
batch	18780	valid_loss	53726.0356445
batch	18810	valid_loss	53700.1328125
batch	18840	valid_loss	53660.8833008
batch	18870	valid_loss	53629.1865234
batch	18900	valid_loss	53633.559082
batch	18930	valid_loss	53511.9985352
batch	18960	valid_loss	53491.8681641
batch	18990	valid_loss	53478.5878906
batch	19020	valid_loss	53408.0600586
batch	19050	valid_loss	53362.9082031
batch	19080	valid_loss	53292.1079102
batch	19110	valid_loss	53238.4492188
batch	19140	valid_loss	53260.1870117
batch	19170	valid_loss	53222.9140625
batch	19200	valid_loss	53142.9316406
batch	19230	valid_loss	53063.2246094
batch	19260	valid_loss	53035.8925781
batch	19290	valid_loss	53038.2436523
batch	19320	valid_loss	53010.4321289
batch	19350	valid_loss	52936.637207
batch	19380	valid_loss	52911.7226562
batch	19410	valid_loss	52869.2792969
batch	19440	valid_loss	52872.1899414
batch	19470	valid_loss	52736.746582
batch	19500	valid_loss	52751.1948242
batch	19530	valid_loss	52713.4584961
batch	19560	valid_loss	52662.0244141
batch	19590	valid_loss	52662.6108398
batch	19620	valid_loss	52596.5688477
batch	19650	valid_loss	52546.6103516
batch	19680	valid_loss	52498.4189453
batch	19710	valid_loss	52453.7246094
batch	19740	valid_loss	52416.2211914
batch	19770	valid_loss	52406.1235352
batch	19800	valid_loss	52338.2119141
batch	19830	valid_loss	52366.7241211
batch	19860	valid_loss	52241.4199219
batch	19890	valid_loss	52223.9609375
batch	19920	valid_loss	52217.6757812
batch	19950	valid_loss	52226.1733398
batch	19980	valid_loss	52126.9169922
batch	20010	valid_loss	52096.5585938
batch	20040	valid_loss	51990.7080078
batch	20070	valid_loss	52014.3618164
batch	20100	valid_loss	51995.324707
batch	20130	valid_loss	51982.565918
batch	20160	valid_loss	51936.4648438
batch	20190	valid_loss	51873.4404297
batch	20220	valid_loss	51873.3671875
batch	20250	valid_loss	51802.027832
batch	20280	valid_loss	51784.7412109
batch	20310	valid_loss	51760.6333008
batch	20340	valid_loss	51678.565918
batch	20370	valid_loss	51638.4589844
batch	20400	valid_loss	51614.824707
batch	20430	valid_loss	51576.671875
batch	20460	valid_loss	51583.6132812
batch	20490	valid_loss	51511.0795898
batch	20520	valid_loss	51475.1396484
batch	20550	valid_loss	51462.8388672
batch	20580	valid_loss	51400.3144531
batch	20610	valid_loss	51353.5400391
batch	20640	valid_loss	51300.5649414
batch	20670	valid_loss	51248.3916016
batch	20700	valid_loss	51273.9858398
batch	20730	valid_loss	51237.9609375
batch	20760	valid_loss	51184.105957
batch	20790	valid_loss	51088.1616211
batch	20820	valid_loss	51064.4375
batch	20850	valid_loss	51074.7573242
batch	20880	valid_loss	51041.7280273
batch	20910	valid_loss	50997.2514648
batch	20940	valid_loss	50966.5751953
batch	20970	valid_loss	50937.9311523
batch	21000	valid_loss	50941.980957
batch	21030	valid_loss	50832.3525391
batch	21060	valid_loss	50826.7983398
batch	21090	valid_loss	50799.125
batch	21120	valid_loss	50744.234375
batch	21150	valid_loss	50747.3999023
batch	21180	valid_loss	50700.777832
batch	21210	valid_loss	50650.628418
batch	21240	valid_loss	50612.105957
batch	21270	valid_loss	50561.5947266
batch	21300	valid_loss	50538.628418
batch	21330	valid_loss	50543.3520508
batch	21360	valid_loss	50474.215332
batch	21390	valid_loss	50471.2368164
batch	21420	valid_loss	50390.4990234
batch	21450	valid_loss	50363.6870117
batch	21480	valid_loss	50351.7939453
batch	21510	valid_loss	50366.4785156
batch	21540	valid_loss	50268.6367188
batch	21570	valid_loss	50247.8974609
batch	21600	valid_loss	50151.7275391
batch	21630	valid_loss	50206.3022461
batch	21660	valid_loss	50171.3110352
batch	21690	valid_loss	50145.7612305
batch	21720	valid_loss	50109.8857422
batch	21750	valid_loss	50038.3574219
batch	21780	valid_loss	50046.6948242
batch	21810	valid_loss	50008.7700195
batch	21840	valid_loss	49974.965332
batch	21870	valid_loss	49959.8710938
batch	21900	valid_loss	49871.3457031
batch	21930	valid_loss	49853.6323242
batch	21960	valid_loss	49822.3823242
batch	21990	valid_loss	49784.2163086
batch	22020	valid_loss	49789.1352539
batch	22050	valid_loss	49749.5053711
batch	22080	valid_loss	49703.2490234
batch	22110	valid_loss	49689.3242188
batch	22140	valid_loss	49632.871582
batch	22170	valid_loss	49593.8637695
batch	22200	valid_loss	49535.9638672
batch	22230	valid_loss	49505.1171875
batch	22260	valid_loss	49539.0507812
batch	22290	valid_loss	49496.0063477
batch	22320	valid_loss	49439.4291992
batch	22350	valid_loss	49347.8183594
batch	22380	valid_loss	49336.3320312
batch	22410	valid_loss	49346.590332
batch	22440	valid_loss	49328.3383789
batch	22470	valid_loss	49279.2158203
batch	22500	valid_loss	49235.8139648
batch	22530	valid_loss	49232.7084961
batch	22560	valid_loss	49241.1381836
batch	22590	valid_loss	49135.8334961
batch	22620	valid_loss	49143.8671875
batch	22650	valid_loss	49104.1352539
batch	22680	valid_loss	49044.9155273
batch	22710	valid_loss	49051.7548828
batch	22740	valid_loss	49025.5947266
batch	22770	valid_loss	48966.6738281
batch	22800	valid_loss	48953.5644531
batch	22830	valid_loss	48898.1347656
batch	22860	valid_loss	48889.3544922
batch	22890	valid_loss	48869.1767578
batch	22920	valid_loss	48877.9819336
batch	22950	valid_loss	48803.5708008
batch	22980	valid_loss	48743.4536133
batch	23010	valid_loss	48724.6196289
batch	23040	valid_loss	48696.5166016
batch	23070	valid_loss	48713.6728516
batch	23100	valid_loss	48636.722168
batch	23130	valid_loss	48626.5048828
batch	23160	valid_loss	48535.6508789
batch	23190	valid_loss	48576.0532227
batch	23220	valid_loss	48577.1630859
batch	23250	valid_loss	48535.7324219
batch	23280	valid_loss	48511.2783203
batch	23310	valid_loss	48434.1030273
batch	23340	valid_loss	48417.9907227
batch	23370	valid_loss	48398.609375
batch	23400	valid_loss	48364.9575195
batch	23430	valid_loss	48368.1020508
batch	23460	valid_loss	48283.215332
batch	23490	valid_loss	48251.6904297
batch	23520	valid_loss	48248.6347656
batch	23550	valid_loss	48232.6464844
batch	23580	valid_loss	48215.5273438
batch	23610	valid_loss	48190.7729492
batch	23640	valid_loss	48128.6674805
batch	23670	valid_loss	48118.9941406
batch	23700	valid_loss	48067.2041016
batch	23730	valid_loss	48037.6650391
batch	23760	valid_loss	47994.2172852
batch	23790	valid_loss	47961.4907227
batch	23820	valid_loss	48012.2636719
batch	23850	valid_loss	47932.0493164
batch	23880	valid_loss	47936.3891602
batch	23910	valid_loss	47836.8706055
batch	23940	valid_loss	47829.09375
batch	23970	valid_loss	47832.0791016
batch	24000	valid_loss	47825.5297852
batch	24030	valid_loss	47764.628418
batch	24060	valid_loss	47718.090332
batch	24090	valid_loss	47734.3481445
batch	24120	valid_loss	47726.0356445
batch	24150	valid_loss	47609.0400391
batch	24180	valid_loss	47624.1762695
batch	24210	valid_loss	47622.0390625
batch	24240	valid_loss	47555.7475586
batch	24270	valid_loss	47569.2304688
batch	24300	valid_loss	47532.7158203
batch	24330	valid_loss	47483.1040039
batch	24360	valid_loss	47494.0708008
batch	24390	valid_loss	47429.8115234
batch	24420	valid_loss	47434.8261719
batch	24450	valid_loss	47392.4199219
batch	24480	valid_loss	47399.2050781
batch	24510	valid_loss	47331.2392578
batch	24540	valid_loss	47321.4003906
batch	24570	valid_loss	47279.0048828
batch	24600	valid_loss	47269.0703125
batch	24630	valid_loss	47266.6025391
batch	24660	valid_loss	47207.0512695
batch	24690	valid_loss	47199.6015625
batch	24720	valid_loss	47100.7797852
batch	24750	valid_loss	47135.5375977
batch	24780	valid_loss	47146.269043
batch	24810	valid_loss	47112.453125
batch	24840	valid_loss	47114.6069336
batch	24870	valid_loss	47029.0566406
batch	24900	valid_loss	46992.6420898
batch	24930	valid_loss	46999.7368164
batch	24960	valid_loss	46969.0200195
batch	24990	valid_loss	46968.5537109
STOP
START
config	520	40	520	960
batch	0	valid_loss	7493269.0625
batch	30	valid_loss	228128.160156
batch	60	valid_loss	125725.946289
batch	90	valid_loss	120998.25293
batch	120	valid_loss	120731.600586
batch	150	valid_loss	120717.283203
batch	180	valid_loss	120614.326172
batch	210	valid_loss	120489.270508
batch	240	valid_loss	120324.814453
batch	270	valid_loss	120055.139648
batch	300	valid_loss	119555.711914
batch	330	valid_loss	118592.037109
batch	360	valid_loss	117304.177734
batch	390	valid_loss	115575.628906
batch	420	valid_loss	113815.696289
batch	450	valid_loss	112270.208984
batch	480	valid_loss	111074.723633
batch	510	valid_loss	110363.634766
batch	540	valid_loss	109696.943359
batch	570	valid_loss	109202.72168
batch	600	valid_loss	108677.959961
batch	630	valid_loss	108202.330078
batch	660	valid_loss	107753.245117
batch	690	valid_loss	107097.708984
batch	720	valid_loss	106685.948242
batch	750	valid_loss	106161.154297
batch	780	valid_loss	105582.948242
batch	810	valid_loss	105034.69043
batch	840	valid_loss	104629.149414
batch	870	valid_loss	104119.74707
batch	900	valid_loss	103586.614258
batch	930	valid_loss	102889.536133
batch	960	valid_loss	102426.253906
batch	990	valid_loss	101889.407227
batch	1020	valid_loss	101204.649414
batch	1050	valid_loss	100621.169922
batch	1080	valid_loss	99960.5917969
batch	1110	valid_loss	99411.1884766
batch	1140	valid_loss	98915.9873047
batch	1170	valid_loss	98342.6289062
batch	1200	valid_loss	97776.1347656
batch	1230	valid_loss	97230.1728516
batch	1260	valid_loss	96631.4453125
batch	1290	valid_loss	95984.3037109
batch	1320	valid_loss	95362.7099609
batch	1350	valid_loss	95034.1904297
batch	1380	valid_loss	94360.4541016
batch	1410	valid_loss	93808.0625
batch	1440	valid_loss	93167.1650391
batch	1470	valid_loss	92759.7998047
batch	1500	valid_loss	92318.5400391
batch	1530	valid_loss	91761.9755859
batch	1560	valid_loss	91181.9169922
batch	1590	valid_loss	90667.1030273
batch	1620	valid_loss	90225.3803711
batch	1650	valid_loss	89773.1831055
batch	1680	valid_loss	89345.1665039
batch	1710	valid_loss	88981.4428711
batch	1740	valid_loss	88569.0673828
batch	1770	valid_loss	88028.7944336
batch	1800	valid_loss	87571.3598633
batch	1830	valid_loss	87399.7900391
batch	1860	valid_loss	86781.4980469
batch	1890	valid_loss	86454.1098633
batch	1920	valid_loss	86127.190918
batch	1950	valid_loss	85839.2524414
batch	1980	valid_loss	85411.6879883
batch	2010	valid_loss	85164.421875
batch	2040	valid_loss	84820.8134766
batch	2070	valid_loss	84473.4799805
batch	2100	valid_loss	84192.8496094
batch	2130	valid_loss	84093.7895508
batch	2160	valid_loss	83575.4663086
batch	2190	valid_loss	83497.8789062
batch	2220	valid_loss	83138.5019531
batch	2250	valid_loss	83069.6801758
batch	2280	valid_loss	82679.3974609
batch	2310	valid_loss	82392.7880859
batch	2340	valid_loss	82247.5048828
batch	2370	valid_loss	82090.5732422
batch	2400	valid_loss	82046.9228516
batch	2430	valid_loss	81724.7797852
batch	2460	valid_loss	81448.7729492
batch	2490	valid_loss	81222.065918
batch	2520	valid_loss	81199.4506836
batch	2550	valid_loss	81096.2573242
batch	2580	valid_loss	80855.3344727
batch	2610	valid_loss	80745.1108398
batch	2640	valid_loss	80601.1044922
batch	2670	valid_loss	80456.7143555
batch	2700	valid_loss	80372.4443359
batch	2730	valid_loss	80148.6040039
batch	2760	valid_loss	80168.6035156
batch	2790	valid_loss	79963.3886719
batch	2820	valid_loss	79740.0102539
batch	2850	valid_loss	79664.7612305
batch	2880	valid_loss	79631.2646484
batch	2910	valid_loss	79582.4204102
batch	2940	valid_loss	79378.0986328
batch	2970	valid_loss	79358.2910156
batch	3000	valid_loss	79096.5830078
batch	3030	valid_loss	79093.2749023
batch	3060	valid_loss	79148.2626953
batch	3090	valid_loss	78914.1655273
batch	3120	valid_loss	78678.1430664
batch	3150	valid_loss	78650.3222656
batch	3180	valid_loss	78701.0947266
batch	3210	valid_loss	78516.9731445
batch	3240	valid_loss	78539.1928711
batch	3270	valid_loss	78471.3276367
batch	3300	valid_loss	78251.0859375
batch	3330	valid_loss	78143.0947266
batch	3360	valid_loss	78109.8798828
batch	3390	valid_loss	78094.4160156
batch	3420	valid_loss	77999.1210938
batch	3450	valid_loss	77910.8095703
batch	3480	valid_loss	77865.3120117
batch	3510	valid_loss	77868.1782227
batch	3540	valid_loss	77837.140625
batch	3570	valid_loss	77726.8242188
batch	3600	valid_loss	77670.7250977
batch	3630	valid_loss	77544.1933594
batch	3660	valid_loss	77451.1425781
batch	3690	valid_loss	77445.387207
batch	3720	valid_loss	77269.2993164
batch	3750	valid_loss	77350.4511719
batch	3780	valid_loss	77216.3183594
batch	3810	valid_loss	77265.2333984
batch	3840	valid_loss	77145.512207
batch	3870	valid_loss	77109.4477539
batch	3900	valid_loss	77097.7138672
batch	3930	valid_loss	77038.4643555
batch	3960	valid_loss	76993.8227539
batch	3990	valid_loss	76941.171875
batch	4020	valid_loss	76939.5717773
batch	4050	valid_loss	76845.487793
batch	4080	valid_loss	76868.0922852
batch	4110	valid_loss	76829.0639648
batch	4140	valid_loss	76692.7866211
batch	4170	valid_loss	76668.5576172
batch	4200	valid_loss	76698.7719727
batch	4230	valid_loss	76643.4360352
batch	4260	valid_loss	76616.1040039
batch	4290	valid_loss	76553.5654297
batch	4320	valid_loss	76624.921875
batch	4350	valid_loss	76448.7436523
batch	4380	valid_loss	76432.1782227
batch	4410	valid_loss	76310.8959961
batch	4440	valid_loss	76343.7724609
batch	4470	valid_loss	76466.0361328
batch	4500	valid_loss	76283.590332
batch	4530	valid_loss	76379.1391602
batch	4560	valid_loss	76292.3129883
batch	4590	valid_loss	76266.9282227
batch	4620	valid_loss	76324.1879883
batch	4650	valid_loss	76189.3959961
batch	4680	valid_loss	76151.0332031
batch	4710	valid_loss	76145.1748047
batch	4740	valid_loss	76246.7973633
batch	4770	valid_loss	76196.5161133
batch	4800	valid_loss	76016.7021484
batch	4830	valid_loss	76149.6083984
batch	4860	valid_loss	75982.6035156
batch	4890	valid_loss	76020.8535156
batch	4920	valid_loss	76020.0463867
batch	4950	valid_loss	76004.065918
batch	4980	valid_loss	75987.6508789
batch	5010	valid_loss	76052.6293945
batch	5040	valid_loss	75976.8061523
batch	5070	valid_loss	76008.6708984
batch	5100	valid_loss	75918.5537109
batch	5130	valid_loss	75980.472168
batch	5160	valid_loss	75951.4575195
batch	5190	valid_loss	75866.6938477
batch	5220	valid_loss	75891.3632812
batch	5250	valid_loss	75856.1723633
batch	5280	valid_loss	75802.5380859
batch	5310	valid_loss	75706.8466797
batch	5340	valid_loss	75818.425293
batch	5370	valid_loss	75830.262207
batch	5400	valid_loss	75743.2431641
batch	5430	valid_loss	75633.7875977
batch	5460	valid_loss	75665.9033203
batch	5490	valid_loss	75692.152832
batch	5520	valid_loss	75597.0820312
batch	5550	valid_loss	75699.0053711
batch	5580	valid_loss	75705.5253906
batch	5610	valid_loss	75549.7104492
batch	5640	valid_loss	75526.4604492
batch	5670	valid_loss	75597.5874023
batch	5700	valid_loss	75506.934082
batch	5730	valid_loss	75588.331543
batch	5760	valid_loss	75506.6162109
batch	5790	valid_loss	75527.7148438
batch	5820	valid_loss	75473.2524414
batch	5850	valid_loss	75427.6972656
batch	5880	valid_loss	75529.5703125
batch	5910	valid_loss	75586.4414062
batch	5940	valid_loss	75395.6870117
batch	5970	valid_loss	75350.956543
batch	6000	valid_loss	75405.734375
batch	6030	valid_loss	75503.137207
batch	6060	valid_loss	75417.0957031
batch	6090	valid_loss	75463.6396484
batch	6120	valid_loss	75330.2802734
batch	6150	valid_loss	75348.0429688
batch	6180	valid_loss	75304.2651367
batch	6210	valid_loss	75286.2670898
batch	6240	valid_loss	75235.2070312
batch	6270	valid_loss	75371.2148438
batch	6300	valid_loss	75310.96875
batch	6330	valid_loss	75273.7436523
batch	6360	valid_loss	75191.543457
batch	6390	valid_loss	75221.4628906
batch	6420	valid_loss	75233.9541016
batch	6450	valid_loss	75113.3295898
batch	6480	valid_loss	75121.1328125
batch	6510	valid_loss	75128.2978516
batch	6540	valid_loss	75097.2871094
batch	6570	valid_loss	75100.4179688
batch	6600	valid_loss	75052.8393555
batch	6630	valid_loss	75101.2119141
batch	6660	valid_loss	75043.2578125
batch	6690	valid_loss	75006.828125
batch	6720	valid_loss	75055.0366211
batch	6750	valid_loss	74962.5820312
batch	6780	valid_loss	74989.7626953
batch	6810	valid_loss	74990.765625
batch	6840	valid_loss	75033.5737305
batch	6870	valid_loss	74899.9736328
batch	6900	valid_loss	74990.2050781
batch	6930	valid_loss	74937.6289062
batch	6960	valid_loss	75000.3334961
batch	6990	valid_loss	74854.2719727
batch	7020	valid_loss	74908.1860352
batch	7050	valid_loss	74831.9980469
batch	7080	valid_loss	74848.5864258
batch	7110	valid_loss	74921.5488281
batch	7140	valid_loss	74912.3427734
batch	7170	valid_loss	74735.1791992
batch	7200	valid_loss	74828.1743164
batch	7230	valid_loss	74795.4438477
batch	7260	valid_loss	74757.0385742
batch	7290	valid_loss	74837.6323242
batch	7320	valid_loss	74768.9467773
batch	7350	valid_loss	74777.1889648
batch	7380	valid_loss	74726.5629883
batch	7410	valid_loss	74747.3530273
batch	7440	valid_loss	74740.5244141
batch	7470	valid_loss	74733.7739258
batch	7500	valid_loss	74653.2094727
batch	7530	valid_loss	74747.7026367
batch	7560	valid_loss	74709.7275391
batch	7590	valid_loss	74683.0029297
batch	7620	valid_loss	74634.5654297
batch	7650	valid_loss	74781.9731445
batch	7680	valid_loss	74689.2392578
batch	7710	valid_loss	74687.3510742
batch	7740	valid_loss	74655.4467773
batch	7770	valid_loss	74646.2270508
batch	7800	valid_loss	74546.7919922
batch	7830	valid_loss	74693.7553711
batch	7860	valid_loss	74587.1259766
batch	7890	valid_loss	74624.5917969
batch	7920	valid_loss	74586.84375
batch	7950	valid_loss	74603.9926758
batch	7980	valid_loss	74631.9228516
batch	8010	valid_loss	74468.5561523
batch	8040	valid_loss	74552.0400391
batch	8070	valid_loss	74614.4628906
batch	8100	valid_loss	74505.0742188
batch	8130	valid_loss	74500.9311523
batch	8160	valid_loss	74452.9487305
batch	8190	valid_loss	74504.6640625
batch	8220	valid_loss	74540.2211914
batch	8250	valid_loss	74381.4194336
batch	8280	valid_loss	74476.984375
batch	8310	valid_loss	74412.3007812
batch	8340	valid_loss	74409.9541016
batch	8370	valid_loss	74465.0458984
batch	8400	valid_loss	74373.2099609
batch	8430	valid_loss	74353.5756836
batch	8460	valid_loss	74382.1645508
batch	8490	valid_loss	74337.4375
batch	8520	valid_loss	74360.3564453
batch	8550	valid_loss	74250.3647461
batch	8580	valid_loss	74277.7832031
batch	8610	valid_loss	74317.3364258
batch	8640	valid_loss	74270.0195312
batch	8670	valid_loss	74249.8666992
batch	8700	valid_loss	74246.4682617
batch	8730	valid_loss	74173.0673828
batch	8760	valid_loss	74190.4975586
batch	8790	valid_loss	74131.0
batch	8820	valid_loss	74116.8535156
batch	8850	valid_loss	74078.8916016
batch	8880	valid_loss	74003.3574219
batch	8910	valid_loss	74084.1723633
batch	8940	valid_loss	73995.3417969
batch	8970	valid_loss	73992.9897461
batch	9000	valid_loss	74009.1953125
batch	9030	valid_loss	73954.5239258
batch	9060	valid_loss	73891.203125
batch	9090	valid_loss	73837.2924805
batch	9120	valid_loss	73838.4609375
batch	9150	valid_loss	73808.4658203
batch	9180	valid_loss	73747.7700195
batch	9210	valid_loss	73769.6469727
batch	9240	valid_loss	73819.3261719
batch	9270	valid_loss	73724.6210938
batch	9300	valid_loss	73743.3413086
batch	9330	valid_loss	73682.5512695
batch	9360	valid_loss	73636.6972656
batch	9390	valid_loss	73644.3413086
batch	9420	valid_loss	73563.4638672
batch	9450	valid_loss	73647.3398438
batch	9480	valid_loss	73573.1469727
batch	9510	valid_loss	73568.6816406
batch	9540	valid_loss	73532.2084961
batch	9570	valid_loss	73476.8598633
batch	9600	valid_loss	73511.5336914
batch	9630	valid_loss	73565.5957031
batch	9660	valid_loss	73476.9086914
batch	9690	valid_loss	73426.7612305
batch	9720	valid_loss	73448.7514648
batch	9750	valid_loss	73419.409668
batch	9780	valid_loss	73468.5830078
batch	9810	valid_loss	73394.4760742
batch	9840	valid_loss	73370.2631836
batch	9870	valid_loss	73339.9404297
batch	9900	valid_loss	73300.4921875
batch	9930	valid_loss	73363.6347656
batch	9960	valid_loss	73313.9379883
batch	9990	valid_loss	73313.1801758
batch	10020	valid_loss	73331.9926758
batch	10050	valid_loss	73267.1899414
batch	10080	valid_loss	73317.1904297
batch	10110	valid_loss	73200.7666016
batch	10140	valid_loss	73252.262207
batch	10170	valid_loss	73231.9765625
batch	10200	valid_loss	73167.5869141
batch	10230	valid_loss	73213.4130859
batch	10260	valid_loss	73195.4462891
batch	10290	valid_loss	73154.753418
batch	10320	valid_loss	73103.8115234
batch	10350	valid_loss	73082.0488281
batch	10380	valid_loss	73059.8671875
batch	10410	valid_loss	73076.6040039
batch	10440	valid_loss	72992.84375
batch	10470	valid_loss	73032.9375
batch	10500	valid_loss	72949.7783203
batch	10530	valid_loss	72934.7602539
batch	10560	valid_loss	72927.4863281
batch	10590	valid_loss	72930.0341797
batch	10620	valid_loss	72858.7084961
batch	10650	valid_loss	72866.328125
batch	10680	valid_loss	72726.53125
batch	10710	valid_loss	72795.578125
batch	10740	valid_loss	72723.0791016
batch	10770	valid_loss	72705.7304688
batch	10800	valid_loss	72709.3920898
batch	10830	valid_loss	72625.4399414
batch	10860	valid_loss	72596.2416992
batch	10890	valid_loss	72580.309082
batch	10920	valid_loss	72550.9248047
batch	10950	valid_loss	72472.7089844
batch	10980	valid_loss	72355.5678711
batch	11010	valid_loss	72372.4541016
batch	11040	valid_loss	72357.9086914
batch	11070	valid_loss	72212.7973633
batch	11100	valid_loss	72185.921875
batch	11130	valid_loss	72101.8149414
batch	11160	valid_loss	72089.3613281
batch	11190	valid_loss	72063.1171875
batch	11220	valid_loss	71963.4848633
batch	11250	valid_loss	71872.7089844
batch	11280	valid_loss	71771.3686523
batch	11310	valid_loss	71707.3623047
batch	11340	valid_loss	71693.5913086
batch	11370	valid_loss	71535.8466797
batch	11400	valid_loss	71471.6240234
batch	11430	valid_loss	71335.8100586
batch	11460	valid_loss	71253.5888672
batch	11490	valid_loss	71199.6889648
batch	11520	valid_loss	71086.3305664
batch	11550	valid_loss	71017.8862305
batch	11580	valid_loss	70965.2792969
batch	11610	valid_loss	70806.3525391
batch	11640	valid_loss	70789.0727539
batch	11670	valid_loss	70577.0957031
batch	11700	valid_loss	70491.5595703
batch	11730	valid_loss	70432.1040039
batch	11760	valid_loss	70280.7788086
batch	11790	valid_loss	70196.5136719
batch	11820	valid_loss	70119.5185547
batch	11850	valid_loss	69977.6669922
batch	11880	valid_loss	69848.5527344
batch	11910	valid_loss	69752.6469727
batch	11940	valid_loss	69670.8164062
batch	11970	valid_loss	69582.5722656
batch	12000	valid_loss	69420.3027344
batch	12030	valid_loss	69396.5161133
batch	12060	valid_loss	69244.6894531
batch	12090	valid_loss	69132.7592773
batch	12120	valid_loss	69050.4575195
batch	12150	valid_loss	68967.9848633
batch	12180	valid_loss	68820.6748047
batch	12210	valid_loss	68794.0200195
batch	12240	valid_loss	68554.1445312
batch	12270	valid_loss	68506.7250977
batch	12300	valid_loss	68374.3193359
batch	12330	valid_loss	68295.9672852
batch	12360	valid_loss	68243.6459961
batch	12390	valid_loss	68065.6044922
batch	12420	valid_loss	67959.1357422
batch	12450	valid_loss	67856.2558594
batch	12480	valid_loss	67730.402832
batch	12510	valid_loss	67628.3188477
batch	12540	valid_loss	67474.4853516
batch	12570	valid_loss	67356.5385742
batch	12600	valid_loss	67303.3710938
batch	12630	valid_loss	67109.9887695
batch	12660	valid_loss	67035.4394531
batch	12690	valid_loss	66872.9506836
batch	12720	valid_loss	66786.4614258
batch	12750	valid_loss	66759.5947266
batch	12780	valid_loss	66593.6083984
batch	12810	valid_loss	66439.0585938
batch	12840	valid_loss	66413.5092773
batch	12870	valid_loss	66172.1948242
batch	12900	valid_loss	66160.9077148
batch	12930	valid_loss	65988.7275391
batch	12960	valid_loss	65870.2280273
batch	12990	valid_loss	65703.890625
batch	13020	valid_loss	65590.5244141
batch	13050	valid_loss	65563.5581055
batch	13080	valid_loss	65405.3432617
batch	13110	valid_loss	65298.5952148
batch	13140	valid_loss	65235.9575195
batch	13170	valid_loss	65074.0722656
batch	13200	valid_loss	65057.4589844
batch	13230	valid_loss	64870.6484375
batch	13260	valid_loss	64777.5234375
batch	13290	valid_loss	64680.7856445
batch	13320	valid_loss	64542.2558594
batch	13350	valid_loss	64461.8325195
batch	13380	valid_loss	64392.3227539
batch	13410	valid_loss	64236.0322266
batch	13440	valid_loss	64105.5668945
batch	13470	valid_loss	64040.043457
batch	13500	valid_loss	63910.0429688
batch	13530	valid_loss	63860.5922852
batch	13560	valid_loss	63674.4467773
batch	13590	valid_loss	63683.3901367
batch	13620	valid_loss	63485.3876953
batch	13650	valid_loss	63413.1303711
batch	13680	valid_loss	63338.3544922
batch	13710	valid_loss	63275.050293
batch	13740	valid_loss	63081.4423828
batch	13770	valid_loss	63018.6367188
batch	13800	valid_loss	62850.5351562
batch	13830	valid_loss	62848.828125
batch	13860	valid_loss	62736.9936523
batch	13890	valid_loss	62648.8168945
batch	13920	valid_loss	62570.3676758
batch	13950	valid_loss	62445.581543
batch	13980	valid_loss	62360.3139648
batch	14010	valid_loss	62283.2104492
batch	14040	valid_loss	62157.3051758
batch	14070	valid_loss	62086.1953125
batch	14100	valid_loss	61960.7832031
batch	14130	valid_loss	61866.9360352
batch	14160	valid_loss	61807.0771484
batch	14190	valid_loss	61690.6796875
batch	14220	valid_loss	61614.9790039
batch	14250	valid_loss	61462.7866211
batch	14280	valid_loss	61406.5634766
batch	14310	valid_loss	61413.3935547
batch	14340	valid_loss	61254.4399414
batch	14370	valid_loss	61130.4599609
batch	14400	valid_loss	61104.9287109
batch	14430	valid_loss	60930.0317383
batch	14460	valid_loss	60924.4902344
batch	14490	valid_loss	60840.7636719
batch	14520	valid_loss	60696.75
batch	14550	valid_loss	60591.8930664
batch	14580	valid_loss	60528.3803711
batch	14610	valid_loss	60506.6816406
batch	14640	valid_loss	60384.9624023
batch	14670	valid_loss	60313.5639648
batch	14700	valid_loss	60273.5605469
batch	14730	valid_loss	60136.3041992
batch	14760	valid_loss	60182.4145508
batch	14790	valid_loss	60022.0366211
batch	14820	valid_loss	59900.7392578
batch	14850	valid_loss	59865.9692383
batch	14880	valid_loss	59763.9506836
batch	14910	valid_loss	59722.9697266
batch	14940	valid_loss	59645.1767578
batch	14970	valid_loss	59535.159668
batch	15000	valid_loss	59458.9926758
batch	15030	valid_loss	59373.9135742
batch	15060	valid_loss	59301.8691406
batch	15090	valid_loss	59268.3994141
batch	15120	valid_loss	59133.7456055
batch	15150	valid_loss	59136.3374023
batch	15180	valid_loss	58986.0356445
batch	15210	valid_loss	58907.7666016
batch	15240	valid_loss	58883.3530273
batch	15270	valid_loss	58825.3520508
batch	15300	valid_loss	58701.2114258
batch	15330	valid_loss	58658.6655273
batch	15360	valid_loss	58523.4111328
batch	15390	valid_loss	58540.8061523
batch	15420	valid_loss	58451.5561523
batch	15450	valid_loss	58401.5571289
batch	15480	valid_loss	58321.8969727
batch	15510	valid_loss	58233.8535156
batch	15540	valid_loss	58162.4697266
batch	15570	valid_loss	58110.6572266
batch	15600	valid_loss	58031.8847656
batch	15630	valid_loss	57973.1782227
batch	15660	valid_loss	57879.71875
batch	15690	valid_loss	57796.5703125
batch	15720	valid_loss	57750.5742188
batch	15750	valid_loss	57686.1660156
batch	15780	valid_loss	57611.5273438
batch	15810	valid_loss	57501.3422852
batch	15840	valid_loss	57470.6704102
batch	15870	valid_loss	57449.0683594
batch	15900	valid_loss	57337.9892578
batch	15930	valid_loss	57236.8457031
batch	15960	valid_loss	57221.8999023
batch	15990	valid_loss	57072.0224609
batch	16020	valid_loss	57101.1582031
batch	16050	valid_loss	57003.1806641
batch	16080	valid_loss	56928.8271484
batch	16110	valid_loss	56825.1572266
batch	16140	valid_loss	56795.1137695
batch	16170	valid_loss	56753.1118164
batch	16200	valid_loss	56679.4692383
batch	16230	valid_loss	56625.2128906
batch	16260	valid_loss	56594.0805664
batch	16290	valid_loss	56489.2993164
batch	16320	valid_loss	56525.9018555
batch	16350	valid_loss	56421.8242188
batch	16380	valid_loss	56301.9492188
batch	16410	valid_loss	56271.6074219
batch	16440	valid_loss	56180.9799805
batch	16470	valid_loss	56152.4213867
batch	16500	valid_loss	56091.4926758
batch	16530	valid_loss	56017.4433594
batch	16560	valid_loss	55957.0327148
batch	16590	valid_loss	55903.456543
batch	16620	valid_loss	55803.8950195
batch	16650	valid_loss	55811.1723633
batch	16680	valid_loss	55698.2475586
batch	16710	valid_loss	55713.8193359
batch	16740	valid_loss	55573.1645508
batch	16770	valid_loss	55538.9829102
batch	16800	valid_loss	55503.3813477
batch	16830	valid_loss	55481.5878906
batch	16860	valid_loss	55387.5629883
batch	16890	valid_loss	55373.0341797
batch	16920	valid_loss	55217.1699219
batch	16950	valid_loss	55222.6630859
batch	16980	valid_loss	55217.8295898
batch	17010	valid_loss	55181.4550781
batch	17040	valid_loss	55107.5029297
batch	17070	valid_loss	55018.9750977
batch	17100	valid_loss	54944.3925781
batch	17130	valid_loss	54936.4360352
batch	17160	valid_loss	54870.8842773
batch	17190	valid_loss	54810.8251953
batch	17220	valid_loss	54737.7856445
batch	17250	valid_loss	54670.3867188
batch	17280	valid_loss	54676.8603516
batch	17310	valid_loss	54583.934082
batch	17340	valid_loss	54565.1333008
batch	17370	valid_loss	54458.9506836
batch	17400	valid_loss	54434.9628906
batch	17430	valid_loss	54453.1601562
batch	17460	valid_loss	54353.3740234
batch	17490	valid_loss	54270.5361328
batch	17520	valid_loss	54262.7626953
batch	17550	valid_loss	54130.0795898
batch	17580	valid_loss	54172.8706055
batch	17610	valid_loss	54096.5351562
batch	17640	valid_loss	54017.453125
batch	17670	valid_loss	53926.0693359
batch	17700	valid_loss	53917.3422852
batch	17730	valid_loss	53899.9599609
batch	17760	valid_loss	53853.9399414
batch	17790	valid_loss	53796.0141602
batch	17820	valid_loss	53757.5947266
batch	17850	valid_loss	53693.1611328
batch	17880	valid_loss	53680.8901367
batch	17910	valid_loss	53572.7172852
batch	17940	valid_loss	53535.2099609
batch	17970	valid_loss	53520.1884766
batch	18000	valid_loss	53453.1738281
batch	18030	valid_loss	53427.4311523
batch	18060	valid_loss	53407.1489258
batch	18090	valid_loss	53326.6572266
batch	18120	valid_loss	53293.2246094
batch	18150	valid_loss	53253.1025391
batch	18180	valid_loss	53162.9008789
batch	18210	valid_loss	53172.3671875
batch	18240	valid_loss	53092.5292969
batch	18270	valid_loss	53098.262207
batch	18300	valid_loss	53002.5620117
batch	18330	valid_loss	52980.3408203
batch	18360	valid_loss	52926.6245117
batch	18390	valid_loss	52953.8598633
batch	18420	valid_loss	52846.3071289
batch	18450	valid_loss	52826.3334961
batch	18480	valid_loss	52694.5556641
batch	18510	valid_loss	52689.7290039
batch	18540	valid_loss	52667.0419922
batch	18570	valid_loss	52655.7387695
batch	18600	valid_loss	52626.644043
batch	18630	valid_loss	52567.7353516
batch	18660	valid_loss	52490.9267578
batch	18690	valid_loss	52483.2177734
batch	18720	valid_loss	52440.6665039
batch	18750	valid_loss	52380.2695312
batch	18780	valid_loss	52313.2890625
batch	18810	valid_loss	52256.3662109
batch	18840	valid_loss	52257.5888672
batch	18870	valid_loss	52181.8706055
batch	18900	valid_loss	52182.1904297
batch	18930	valid_loss	52094.4848633
batch	18960	valid_loss	52080.6074219
batch	18990	valid_loss	52101.8027344
batch	19020	valid_loss	52006.605957
batch	19050	valid_loss	51933.0253906
batch	19080	valid_loss	51928.4775391
batch	19110	valid_loss	51833.0664062
batch	19140	valid_loss	51850.8227539
batch	19170	valid_loss	51786.1708984
batch	19200	valid_loss	51731.2202148
batch	19230	valid_loss	51647.5512695
batch	19260	valid_loss	51645.3447266
batch	19290	valid_loss	51652.1254883
batch	19320	valid_loss	51579.5893555
batch	19350	valid_loss	51539.6132812
batch	19380	valid_loss	51515.1728516
batch	19410	valid_loss	51450.1347656
batch	19440	valid_loss	51454.1606445
batch	19470	valid_loss	51365.4248047
batch	19500	valid_loss	51339.2983398
batch	19530	valid_loss	51299.0444336
batch	19560	valid_loss	51249.9165039
batch	19590	valid_loss	51249.8115234
batch	19620	valid_loss	51225.1855469
batch	19650	valid_loss	51144.5043945
batch	19680	valid_loss	51107.8334961
batch	19710	valid_loss	51076.8149414
batch	19740	valid_loss	51009.8129883
batch	19770	valid_loss	51004.7792969
batch	19800	valid_loss	50906.9912109
batch	19830	valid_loss	50938.3920898
batch	19860	valid_loss	50871.5571289
batch	19890	valid_loss	50882.8681641
batch	19920	valid_loss	50797.5488281
batch	19950	valid_loss	50824.8154297
batch	19980	valid_loss	50728.1347656
batch	20010	valid_loss	50708.7314453
batch	20040	valid_loss	50589.5883789
batch	20070	valid_loss	50605.6572266
batch	20100	valid_loss	50581.1274414
batch	20130	valid_loss	50573.5673828
batch	20160	valid_loss	50540.9624023
batch	20190	valid_loss	50503.6821289
batch	20220	valid_loss	50427.9204102
batch	20250	valid_loss	50411.5893555
batch	20280	valid_loss	50385.9799805
batch	20310	valid_loss	50323.465332
batch	20340	valid_loss	50275.9116211
batch	20370	valid_loss	50219.152832
batch	20400	valid_loss	50218.1245117
batch	20430	valid_loss	50180.8012695
batch	20460	valid_loss	50164.2270508
batch	20490	valid_loss	50095.0693359
batch	20520	valid_loss	50066.9902344
batch	20550	valid_loss	50080.2915039
batch	20580	valid_loss	50003.4731445
batch	20610	valid_loss	49942.0634766
batch	20640	valid_loss	49912.5029297
batch	20670	valid_loss	49860.0576172
batch	20700	valid_loss	49874.0385742
batch	20730	valid_loss	49820.0185547
batch	20760	valid_loss	49781.2407227
batch	20790	valid_loss	49697.7275391
batch	20820	valid_loss	49690.5610352
batch	20850	valid_loss	49718.3706055
batch	20880	valid_loss	49645.894043
batch	20910	valid_loss	49609.3588867
batch	20940	valid_loss	49591.7143555
batch	20970	valid_loss	49533.1323242
batch	21000	valid_loss	49535.6923828
batch	21030	valid_loss	49461.6176758
batch	21060	valid_loss	49445.5439453
batch	21090	valid_loss	49409.3662109
batch	21120	valid_loss	49357.9775391
batch	21150	valid_loss	49373.7919922
batch	21180	valid_loss	49361.887207
batch	21210	valid_loss	49284.9208984
batch	21240	valid_loss	49246.4174805
batch	21270	valid_loss	49209.2407227
batch	21300	valid_loss	49180.1484375
batch	21330	valid_loss	49172.7216797
batch	21360	valid_loss	49079.2324219
batch	21390	valid_loss	49101.2827148
batch	21420	valid_loss	49038.8276367
batch	21450	valid_loss	49097.3706055
batch	21480	valid_loss	48978.4072266
batch	21510	valid_loss	49002.3955078
batch	21540	valid_loss	48920.1298828
batch	21570	valid_loss	48901.5551758
batch	21600	valid_loss	48791.5463867
batch	21630	valid_loss	48828.6762695
batch	21660	valid_loss	48804.5996094
batch	21690	valid_loss	48806.4526367
batch	21720	valid_loss	48765.8647461
batch	21750	valid_loss	48727.0029297
batch	21780	valid_loss	48669.9145508
batch	21810	valid_loss	48650.1347656
batch	21840	valid_loss	48636.984375
batch	21870	valid_loss	48566.8325195
batch	21900	valid_loss	48529.9790039
batch	21930	valid_loss	48519.0615234
batch	21960	valid_loss	48504.8544922
batch	21990	valid_loss	48486.6206055
batch	22020	valid_loss	48464.6123047
batch	22050	valid_loss	48397.234375
batch	22080	valid_loss	48367.7470703
batch	22110	valid_loss	48393.902832
batch	22140	valid_loss	48310.5576172
batch	22170	valid_loss	48266.9394531
batch	22200	valid_loss	48220.4633789
batch	22230	valid_loss	48192.6616211
batch	22260	valid_loss	48224.0893555
batch	22290	valid_loss	48172.4692383
batch	22320	valid_loss	48151.7397461
batch	22350	valid_loss	48050.480957
batch	22380	valid_loss	48057.7358398
batch	22410	valid_loss	48079.7124023
batch	22440	valid_loss	48016.6435547
batch	22470	valid_loss	47984.9291992
batch	22500	valid_loss	47973.6518555
batch	22530	valid_loss	47922.4350586
batch	22560	valid_loss	47928.1118164
batch	22590	valid_loss	47863.1855469
batch	22620	valid_loss	47870.559082
batch	22650	valid_loss	47820.8613281
batch	22680	valid_loss	47782.1621094
batch	22710	valid_loss	47791.5512695
batch	22740	valid_loss	47780.9306641
batch	22770	valid_loss	47725.9389648
batch	22800	valid_loss	47676.1875
batch	22830	valid_loss	47655.3603516
batch	22860	valid_loss	47622.815918
batch	22890	valid_loss	47624.9189453
batch	22920	valid_loss	47547.3071289
batch	22950	valid_loss	47569.3295898
batch	22980	valid_loss	47501.6503906
batch	23010	valid_loss	47560.3969727
batch	23040	valid_loss	47440.2719727
batch	23070	valid_loss	47468.7641602
batch	23100	valid_loss	47403.8642578
batch	23130	valid_loss	47393.3735352
batch	23160	valid_loss	47289.5283203
batch	23190	valid_loss	47323.9575195
batch	23220	valid_loss	47311.0825195
batch	23250	valid_loss	47304.6713867
batch	23280	valid_loss	47264.9985352
batch	23310	valid_loss	47236.5517578
batch	23340	valid_loss	47198.1020508
batch	23370	valid_loss	47181.684082
batch	23400	valid_loss	47174.6982422
batch	23430	valid_loss	47106.7392578
batch	23460	valid_loss	47065.7583008
batch	23490	valid_loss	47073.4975586
batch	23520	valid_loss	47054.0585938
batch	23550	valid_loss	47046.956543
batch	23580	valid_loss	47030.543457
batch	23610	valid_loss	46981.730957
batch	23640	valid_loss	46929.7094727
batch	23670	valid_loss	46963.0229492
batch	23700	valid_loss	46891.78125
batch	23730	valid_loss	46865.2319336
batch	23760	valid_loss	46806.3291016
batch	23790	valid_loss	46792.5532227
batch	23820	valid_loss	46835.6787109
batch	23850	valid_loss	46759.8603516
batch	23880	valid_loss	46764.8447266
batch	23910	valid_loss	46659.9790039
batch	23940	valid_loss	46679.2836914
batch	23970	valid_loss	46695.9472656
batch	24000	valid_loss	46639.7089844
batch	24030	valid_loss	46615.6245117
batch	24060	valid_loss	46614.2861328
batch	24090	valid_loss	46563.4501953
batch	24120	valid_loss	46567.5566406
batch	24150	valid_loss	46502.7011719
batch	24180	valid_loss	46530.1030273
batch	24210	valid_loss	46483.9951172
batch	24240	valid_loss	46441.8115234
batch	24270	valid_loss	46446.0957031
batch	24300	valid_loss	46444.6054688
batch	24330	valid_loss	46389.0024414
batch	24360	valid_loss	46354.0947266
batch	24390	valid_loss	46340.8857422
batch	24420	valid_loss	46306.7268066
batch	24450	valid_loss	46310.4750977
batch	24480	valid_loss	46229.4165039
batch	24510	valid_loss	46263.6289062
batch	24540	valid_loss	46203.7055664
batch	24570	valid_loss	46253.8017578
batch	24600	valid_loss	46143.9194336
batch	24630	valid_loss	46168.7443848
batch	24660	valid_loss	46124.4106445
batch	24690	valid_loss	46109.4807129
batch	24720	valid_loss	46029.2729492
batch	24750	valid_loss	46049.0842285
batch	24780	valid_loss	46055.057373
batch	24810	valid_loss	46029.1103516
batch	24840	valid_loss	45986.8208008
batch	24870	valid_loss	45981.8532715
batch	24900	valid_loss	45937.2214355
batch	24930	valid_loss	45943.7739258
batch	24960	valid_loss	45932.385498
batch	24990	valid_loss	45886.6784668
STOP
