START
config	300	100	300	960
batch	0	valid_loss	8093404.8125
batch	30	valid_loss	204379.794922
batch	60	valid_loss	123978.870117
batch	90	valid_loss	120240.06543
batch	120	valid_loss	119981.426758
batch	150	valid_loss	119852.307617
batch	180	valid_loss	119794.00293
batch	210	valid_loss	119616.589844
batch	240	valid_loss	119431.179688
batch	270	valid_loss	119138.498047
batch	300	valid_loss	118814.647461
batch	330	valid_loss	118103.961914
batch	360	valid_loss	116950.077148
batch	390	valid_loss	115180.658203
batch	420	valid_loss	113245.104492
batch	450	valid_loss	111576.900391
batch	480	valid_loss	110211.464844
batch	510	valid_loss	109259.381836
batch	540	valid_loss	108420.430664
batch	570	valid_loss	107682.225586
batch	600	valid_loss	107074.012695
batch	630	valid_loss	106456.12207
batch	660	valid_loss	105741.588867
batch	690	valid_loss	105076.555664
batch	720	valid_loss	104424.898438
batch	750	valid_loss	103702.005859
batch	780	valid_loss	102953.298828
batch	810	valid_loss	102227.387695
batch	840	valid_loss	101542.135742
batch	870	valid_loss	100711.905273
batch	900	valid_loss	100056.664062
batch	930	valid_loss	99237.9052734
batch	960	valid_loss	98352.2724609
batch	990	valid_loss	97545.1494141
batch	1020	valid_loss	96650.4980469
batch	1050	valid_loss	95736.2460938
batch	1080	valid_loss	94797.6474609
batch	1110	valid_loss	93863.4472656
batch	1140	valid_loss	92933.9594727
batch	1170	valid_loss	92016.4829102
batch	1200	valid_loss	90993.4145508
batch	1230	valid_loss	90099.4750977
batch	1260	valid_loss	89172.9628906
batch	1290	valid_loss	88229.9760742
batch	1320	valid_loss	87335.0708008
batch	1350	valid_loss	86577.5366211
batch	1380	valid_loss	85657.4238281
batch	1410	valid_loss	84843.7563477
batch	1440	valid_loss	84063.5703125
batch	1470	valid_loss	83380.0952148
batch	1500	valid_loss	82592.1191406
batch	1530	valid_loss	81877.0219727
batch	1560	valid_loss	81192.6518555
batch	1590	valid_loss	80375.3051758
batch	1620	valid_loss	79673.8691406
batch	1650	valid_loss	79065.2739258
batch	1680	valid_loss	78407.5126953
batch	1710	valid_loss	77709.1479492
batch	1740	valid_loss	77058.2915039
batch	1770	valid_loss	76526.5668945
batch	1800	valid_loss	75845.3759766
batch	1830	valid_loss	75288.5200195
batch	1860	valid_loss	74659.7475586
batch	1890	valid_loss	74026.9985352
batch	1920	valid_loss	73467.059082
batch	1950	valid_loss	72897.6708984
batch	1980	valid_loss	72336.2592773
batch	2010	valid_loss	71830.4750977
batch	2040	valid_loss	71232.8173828
batch	2070	valid_loss	70832.6328125
batch	2100	valid_loss	70322.2900391
batch	2130	valid_loss	69862.1459961
batch	2160	valid_loss	69353.8920898
batch	2190	valid_loss	68879.6694336
batch	2220	valid_loss	68415.4111328
batch	2250	valid_loss	67964.3041992
batch	2280	valid_loss	67493.277832
batch	2310	valid_loss	67057.2602539
batch	2340	valid_loss	66651.378418
batch	2370	valid_loss	66269.7978516
batch	2400	valid_loss	65798.9692383
batch	2430	valid_loss	65457.0600586
batch	2460	valid_loss	65130.4848633
batch	2490	valid_loss	64794.043457
batch	2520	valid_loss	64409.5566406
batch	2550	valid_loss	63993.6396484
batch	2580	valid_loss	63683.1206055
batch	2610	valid_loss	63292.5097656
batch	2640	valid_loss	62982.1816406
batch	2670	valid_loss	62662.1992188
batch	2700	valid_loss	62388.453125
batch	2730	valid_loss	62045.1650391
batch	2760	valid_loss	61691.8359375
batch	2790	valid_loss	61439.4941406
batch	2820	valid_loss	61083.7416992
batch	2850	valid_loss	60806.2924805
batch	2880	valid_loss	60615.2197266
batch	2910	valid_loss	60290.5527344
batch	2940	valid_loss	60011.0742188
batch	2970	valid_loss	59710.4521484
batch	3000	valid_loss	59398.3862305
batch	3030	valid_loss	59177.8994141
batch	3060	valid_loss	59091.5405273
batch	3090	valid_loss	58689.8168945
batch	3120	valid_loss	58602.0795898
batch	3150	valid_loss	58196.0488281
batch	3180	valid_loss	58147.6899414
batch	3210	valid_loss	57825.5742188
batch	3240	valid_loss	57608.5390625
batch	3270	valid_loss	57390.1191406
batch	3300	valid_loss	57139.5888672
batch	3330	valid_loss	56971.9511719
batch	3360	valid_loss	56773.8237305
batch	3390	valid_loss	56557.2958984
batch	3420	valid_loss	56381.2294922
batch	3450	valid_loss	56178.3295898
batch	3480	valid_loss	55992.0126953
batch	3510	valid_loss	55814.1962891
batch	3540	valid_loss	55724.5317383
batch	3570	valid_loss	55479.9990234
batch	3600	valid_loss	55306.8242188
batch	3630	valid_loss	55236.3554688
batch	3660	valid_loss	55053.7050781
batch	3690	valid_loss	54984.9150391
batch	3720	valid_loss	54798.6132812
batch	3750	valid_loss	54654.0966797
batch	3780	valid_loss	54453.6499023
batch	3810	valid_loss	54412.7841797
batch	3840	valid_loss	54191.8295898
batch	3870	valid_loss	54105.6269531
batch	3900	valid_loss	53921.5424805
batch	3930	valid_loss	53812.2124023
batch	3960	valid_loss	53732.6660156
batch	3990	valid_loss	53716.9116211
batch	4020	valid_loss	53525.6425781
batch	4050	valid_loss	53413.0263672
batch	4080	valid_loss	53324.4985352
batch	4110	valid_loss	53222.0546875
batch	4140	valid_loss	53122.7661133
batch	4170	valid_loss	53077.9995117
batch	4200	valid_loss	52898.4116211
batch	4230	valid_loss	52843.8813477
batch	4260	valid_loss	52945.3178711
batch	4290	valid_loss	52708.9921875
batch	4320	valid_loss	52614.0839844
batch	4350	valid_loss	52605.3696289
batch	4380	valid_loss	52394.7363281
batch	4410	valid_loss	52400.8671875
batch	4440	valid_loss	52335.4794922
batch	4470	valid_loss	52194.4526367
batch	4500	valid_loss	52173.7841797
batch	4530	valid_loss	52073.7875977
batch	4560	valid_loss	52051.859375
batch	4590	valid_loss	51980.4589844
batch	4620	valid_loss	52043.6333008
batch	4650	valid_loss	51847.1269531
batch	4680	valid_loss	51901.9848633
batch	4710	valid_loss	51729.0224609
batch	4740	valid_loss	51758.2895508
batch	4770	valid_loss	51705.6655273
batch	4800	valid_loss	51588.550293
batch	4830	valid_loss	51565.362793
batch	4860	valid_loss	51471.1040039
batch	4890	valid_loss	51529.668457
batch	4920	valid_loss	51400.3427734
batch	4950	valid_loss	51337.2631836
batch	4980	valid_loss	51378.1904297
batch	5010	valid_loss	51321.7539062
batch	5040	valid_loss	51207.3129883
batch	5070	valid_loss	51180.6972656
batch	5100	valid_loss	51262.6513672
batch	5130	valid_loss	51084.8032227
batch	5160	valid_loss	51080.2133789
batch	5190	valid_loss	51052.7358398
batch	5220	valid_loss	51112.0576172
batch	5250	valid_loss	51056.6533203
batch	5280	valid_loss	50953.9360352
batch	5310	valid_loss	50976.8603516
batch	5340	valid_loss	50892.8120117
batch	5370	valid_loss	50873.4038086
batch	5400	valid_loss	50871.5668945
batch	5430	valid_loss	50769.3354492
batch	5460	valid_loss	50786.6533203
batch	5490	valid_loss	50722.5029297
batch	5520	valid_loss	50765.8662109
batch	5550	valid_loss	50800.3701172
batch	5580	valid_loss	50649.6918945
batch	5610	valid_loss	50671.5488281
batch	5640	valid_loss	50693.9604492
batch	5670	valid_loss	50562.7626953
batch	5700	valid_loss	50620.8408203
batch	5730	valid_loss	50558.0063477
batch	5760	valid_loss	50509.8154297
batch	5790	valid_loss	50492.3657227
batch	5820	valid_loss	50598.2333984
batch	5850	valid_loss	50463.6328125
batch	5880	valid_loss	50452.9003906
batch	5910	valid_loss	50440.3041992
batch	5940	valid_loss	50354.9555664
batch	5970	valid_loss	50363.0336914
batch	6000	valid_loss	50374.2094727
batch	6030	valid_loss	50415.2744141
batch	6060	valid_loss	50321.699707
batch	6090	valid_loss	50279.5556641
batch	6120	valid_loss	50304.0209961
batch	6150	valid_loss	50323.5683594
batch	6180	valid_loss	50411.1171875
batch	6210	valid_loss	50204.2231445
batch	6240	valid_loss	50252.6210938
batch	6270	valid_loss	50254.6323242
batch	6300	valid_loss	50256.5322266
batch	6330	valid_loss	50310.5380859
batch	6360	valid_loss	50146.9951172
batch	6390	valid_loss	50194.9775391
batch	6420	valid_loss	50118.2172852
batch	6450	valid_loss	50136.8925781
batch	6480	valid_loss	50141.3857422
batch	6510	valid_loss	50077.71875
batch	6540	valid_loss	50127.1352539
batch	6570	valid_loss	50178.5146484
batch	6600	valid_loss	50058.9331055
batch	6630	valid_loss	50052.0913086
batch	6660	valid_loss	50110.0415039
batch	6690	valid_loss	50043.5356445
batch	6720	valid_loss	50016.6728516
batch	6750	valid_loss	50021.9643555
batch	6780	valid_loss	50038.6469727
batch	6810	valid_loss	50036.2958984
batch	6840	valid_loss	49995.8798828
batch	6870	valid_loss	50032.4716797
batch	6900	valid_loss	49981.0327148
batch	6930	valid_loss	49975.3984375
batch	6960	valid_loss	49970.6191406
batch	6990	valid_loss	49937.5561523
batch	7020	valid_loss	49947.2441406
batch	7050	valid_loss	49889.7514648
batch	7080	valid_loss	49944.1054688
batch	7110	valid_loss	49982.3652344
batch	7140	valid_loss	49843.2260742
batch	7170	valid_loss	49902.5014648
batch	7200	valid_loss	49907.0571289
batch	7230	valid_loss	49875.5415039
batch	7260	valid_loss	49998.4345703
batch	7290	valid_loss	49819.4389648
batch	7320	valid_loss	49864.46875
batch	7350	valid_loss	49810.7089844
batch	7380	valid_loss	49867.96875
batch	7410	valid_loss	49820.9194336
batch	7440	valid_loss	49815.2592773
batch	7470	valid_loss	49787.5253906
batch	7500	valid_loss	49772.090332
batch	7530	valid_loss	49768.7783203
batch	7560	valid_loss	49793.5444336
batch	7590	valid_loss	49807.8642578
batch	7620	valid_loss	49833.0947266
batch	7650	valid_loss	49757.6953125
batch	7680	valid_loss	49831.8105469
batch	7710	valid_loss	49803.2514648
batch	7740	valid_loss	49826.4174805
batch	7770	valid_loss	49753.2148438
batch	7800	valid_loss	49776.355957
batch	7830	valid_loss	49753.675293
batch	7860	valid_loss	49768.1083984
batch	7890	valid_loss	49835.8896484
batch	7920	valid_loss	49687.3745117
batch	7950	valid_loss	49721.949707
batch	7980	valid_loss	49624.8735352
batch	8010	valid_loss	49688.487793
batch	8040	valid_loss	49698.6411133
batch	8070	valid_loss	49669.8183594
batch	8100	valid_loss	49694.5361328
batch	8130	valid_loss	49710.1293945
batch	8160	valid_loss	49661.2236328
batch	8190	valid_loss	49630.4614258
batch	8220	valid_loss	49759.9223633
batch	8250	valid_loss	49621.8618164
batch	8280	valid_loss	49643.059082
batch	8310	valid_loss	49643.8178711
batch	8340	valid_loss	49681.3852539
batch	8370	valid_loss	49675.9521484
batch	8400	valid_loss	49611.6435547
batch	8430	valid_loss	49672.0576172
batch	8460	valid_loss	49651.2368164
batch	8490	valid_loss	49614.9980469
batch	8520	valid_loss	49575.3188477
batch	8550	valid_loss	49605.2705078
batch	8580	valid_loss	49635.0483398
batch	8610	valid_loss	49581.3481445
batch	8640	valid_loss	49646.2587891
batch	8670	valid_loss	49638.9433594
batch	8700	valid_loss	49556.0644531
batch	8730	valid_loss	49579.6166992
batch	8760	valid_loss	49574.690918
batch	8790	valid_loss	49601.5419922
batch	8820	valid_loss	49686.0507812
batch	8850	valid_loss	49532.5429688
batch	8880	valid_loss	49594.7148438
batch	8910	valid_loss	49526.1298828
batch	8940	valid_loss	49590.5068359
batch	8970	valid_loss	49503.2680664
batch	9000	valid_loss	49541.1889648
batch	9030	valid_loss	49499.5302734
batch	9060	valid_loss	49509.2084961
batch	9090	valid_loss	49553.6333008
batch	9120	valid_loss	49541.0551758
batch	9150	valid_loss	49543.2421875
batch	9180	valid_loss	49590.4140625
batch	9210	valid_loss	49523.1625977
batch	9240	valid_loss	49584.081543
batch	9270	valid_loss	49547.6860352
batch	9300	valid_loss	49577.296875
batch	9330	valid_loss	49533.296875
batch	9360	valid_loss	49560.6791992
batch	9390	valid_loss	49533.4863281
batch	9420	valid_loss	49530.8354492
batch	9450	valid_loss	49589.1733398
batch	9480	valid_loss	49457.375
batch	9510	valid_loss	49484.7036133
batch	9540	valid_loss	49423.3193359
batch	9570	valid_loss	49467.9638672
batch	9600	valid_loss	49492.3579102
batch	9630	valid_loss	49475.9697266
batch	9660	valid_loss	49481.4619141
batch	9690	valid_loss	49487.2124023
batch	9720	valid_loss	49486.0229492
batch	9750	valid_loss	49398.828125
batch	9780	valid_loss	49582.8950195
batch	9810	valid_loss	49419.6860352
batch	9840	valid_loss	49447.715332
batch	9870	valid_loss	49480.746582
batch	9900	valid_loss	49500.3549805
batch	9930	valid_loss	49497.6459961
batch	9960	valid_loss	49396.1738281
batch	9990	valid_loss	49452.2861328
batch	10020	valid_loss	49469.4033203
batch	10050	valid_loss	49449.2270508
batch	10080	valid_loss	49398.9204102
batch	10110	valid_loss	49446.894043
batch	10140	valid_loss	49456.6469727
batch	10170	valid_loss	49438.0732422
batch	10200	valid_loss	49467.5351562
batch	10230	valid_loss	49444.3579102
batch	10260	valid_loss	49380.4160156
batch	10290	valid_loss	49404.6850586
batch	10320	valid_loss	49383.0708008
batch	10350	valid_loss	49434.6000977
batch	10380	valid_loss	49518.0991211
batch	10410	valid_loss	49365.9936523
batch	10440	valid_loss	49418.4575195
batch	10470	valid_loss	49343.7143555
batch	10500	valid_loss	49440.7246094
batch	10530	valid_loss	49342.1523438
batch	10560	valid_loss	49390.2797852
batch	10590	valid_loss	49351.1772461
batch	10620	valid_loss	49340.09375
batch	10650	valid_loss	49432.1015625
batch	10680	valid_loss	49404.1367188
batch	10710	valid_loss	49384.3525391
batch	10740	valid_loss	49427.3666992
batch	10770	valid_loss	49357.6337891
batch	10800	valid_loss	49430.2802734
batch	10830	valid_loss	49393.2490234
batch	10860	valid_loss	49444.8544922
batch	10890	valid_loss	49394.7109375
batch	10920	valid_loss	49422.1557617
batch	10950	valid_loss	49390.4116211
batch	10980	valid_loss	49375.5102539
batch	11010	valid_loss	49452.6123047
batch	11040	valid_loss	49348.3149414
batch	11070	valid_loss	49337.7397461
batch	11100	valid_loss	49327.1269531
batch	11130	valid_loss	49330.34375
batch	11160	valid_loss	49367.1030273
batch	11190	valid_loss	49358.4477539
batch	11220	valid_loss	49340.3198242
batch	11250	valid_loss	49341.6333008
batch	11280	valid_loss	49386.546875
batch	11310	valid_loss	49283.8022461
batch	11340	valid_loss	49465.0517578
batch	11370	valid_loss	49295.737793
batch	11400	valid_loss	49317.1513672
batch	11430	valid_loss	49363.7080078
batch	11460	valid_loss	49392.7192383
batch	11490	valid_loss	49375.9570312
batch	11520	valid_loss	49270.2866211
batch	11550	valid_loss	49309.9980469
batch	11580	valid_loss	49322.8774414
batch	11610	valid_loss	49341.5830078
batch	11640	valid_loss	49292.2348633
batch	11670	valid_loss	49332.2192383
batch	11700	valid_loss	49321.2631836
batch	11730	valid_loss	49338.65625
batch	11760	valid_loss	49332.4199219
batch	11790	valid_loss	49312.7490234
batch	11820	valid_loss	49270.0751953
batch	11850	valid_loss	49308.7109375
batch	11880	valid_loss	49269.2485352
batch	11910	valid_loss	49303.734375
batch	11940	valid_loss	49389.3408203
batch	11970	valid_loss	49284.1484375
batch	12000	valid_loss	49297.2587891
batch	12030	valid_loss	49240.6508789
batch	12060	valid_loss	49302.2099609
batch	12090	valid_loss	49237.3364258
batch	12120	valid_loss	49285.6733398
batch	12150	valid_loss	49253.4892578
batch	12180	valid_loss	49227.3745117
batch	12210	valid_loss	49324.1616211
batch	12240	valid_loss	49302.3613281
batch	12270	valid_loss	49256.9150391
batch	12300	valid_loss	49286.0
batch	12330	valid_loss	49246.7182617
batch	12360	valid_loss	49281.0327148
batch	12390	valid_loss	49278.2138672
batch	12420	valid_loss	49334.2158203
batch	12450	valid_loss	49279.7739258
batch	12480	valid_loss	49305.8095703
batch	12510	valid_loss	49268.3354492
batch	12540	valid_loss	49248.5688477
batch	12570	valid_loss	49340.4433594
batch	12600	valid_loss	49265.4619141
batch	12630	valid_loss	49224.4282227
batch	12660	valid_loss	49222.0029297
batch	12690	valid_loss	49229.7880859
batch	12720	valid_loss	49248.2514648
batch	12750	valid_loss	49243.6005859
batch	12780	valid_loss	49214.8359375
batch	12810	valid_loss	49212.2573242
batch	12840	valid_loss	49296.6328125
batch	12870	valid_loss	49166.6640625
batch	12900	valid_loss	49357.9770508
batch	12930	valid_loss	49184.8544922
batch	12960	valid_loss	49191.8183594
batch	12990	valid_loss	49216.284668
batch	13020	valid_loss	49268.7880859
batch	13050	valid_loss	49239.293457
batch	13080	valid_loss	49143.1791992
batch	13110	valid_loss	49168.3745117
batch	13140	valid_loss	49166.0356445
batch	13170	valid_loss	49202.8383789
batch	13200	valid_loss	49147.5083008
batch	13230	valid_loss	49182.7392578
batch	13260	valid_loss	49165.9355469
batch	13290	valid_loss	49198.3432617
batch	13320	valid_loss	49163.1098633
batch	13350	valid_loss	49161.2094727
batch	13380	valid_loss	49120.8076172
batch	13410	valid_loss	49151.6391602
batch	13440	valid_loss	49095.6591797
batch	13470	valid_loss	49114.2451172
batch	13500	valid_loss	49195.215332
batch	13530	valid_loss	49158.8730469
batch	13560	valid_loss	49113.6342773
batch	13590	valid_loss	49042.465332
batch	13620	valid_loss	49083.6328125
batch	13650	valid_loss	49037.7436523
batch	13680	valid_loss	49089.5634766
batch	13710	valid_loss	49036.2460938
batch	13740	valid_loss	49010.0727539
batch	13770	valid_loss	49083.7709961
batch	13800	valid_loss	49080.8432617
batch	13830	valid_loss	49014.965332
batch	13860	valid_loss	49024.6416016
batch	13890	valid_loss	49025.3222656
batch	13920	valid_loss	49001.7548828
batch	13950	valid_loss	49045.6831055
batch	13980	valid_loss	49088.9667969
batch	14010	valid_loss	49024.3222656
batch	14040	valid_loss	49062.3999023
batch	14070	valid_loss	48997.5581055
batch	14100	valid_loss	49004.6464844
batch	14130	valid_loss	49094.9941406
batch	14160	valid_loss	49030.1757812
batch	14190	valid_loss	48974.5332031
batch	14220	valid_loss	48962.8935547
batch	14250	valid_loss	48971.7763672
batch	14280	valid_loss	48971.8984375
batch	14310	valid_loss	48958.2114258
batch	14340	valid_loss	48953.4589844
batch	14370	valid_loss	48918.8969727
batch	14400	valid_loss	49044.9750977
batch	14430	valid_loss	48881.90625
batch	14460	valid_loss	49063.6313477
batch	14490	valid_loss	48930.0097656
batch	14520	valid_loss	48928.9228516
batch	14550	valid_loss	48948.0366211
batch	14580	valid_loss	48988.7993164
batch	14610	valid_loss	48977.7387695
batch	14640	valid_loss	48898.4326172
batch	14670	valid_loss	48901.894043
batch	14700	valid_loss	48900.5009766
batch	14730	valid_loss	48953.6860352
batch	14760	valid_loss	48906.0898438
batch	14790	valid_loss	48931.5336914
batch	14820	valid_loss	48931.8842773
batch	14850	valid_loss	48943.5458984
batch	14880	valid_loss	48924.0878906
batch	14910	valid_loss	48955.7114258
batch	14940	valid_loss	48923.2998047
batch	14970	valid_loss	48935.3496094
batch	15000	valid_loss	48871.3413086
batch	15030	valid_loss	48922.2617188
batch	15060	valid_loss	48965.5449219
batch	15090	valid_loss	48966.9638672
batch	15120	valid_loss	48907.2998047
batch	15150	valid_loss	48846.4819336
batch	15180	valid_loss	48864.112793
batch	15210	valid_loss	48853.0107422
batch	15240	valid_loss	48911.746582
batch	15270	valid_loss	48858.6376953
batch	15300	valid_loss	48833.105957
batch	15330	valid_loss	48886.671875
batch	15360	valid_loss	48900.3261719
batch	15390	valid_loss	48878.8120117
batch	15420	valid_loss	48856.1928711
batch	15450	valid_loss	48878.0727539
batch	15480	valid_loss	48832.9682617
batch	15510	valid_loss	48893.8691406
batch	15540	valid_loss	48931.9042969
batch	15570	valid_loss	48855.3017578
batch	15600	valid_loss	48965.5141602
batch	15630	valid_loss	48864.1787109
batch	15660	valid_loss	48887.0415039
batch	15690	valid_loss	48947.8208008
batch	15720	valid_loss	48905.6357422
batch	15750	valid_loss	48842.1064453
batch	15780	valid_loss	48843.1948242
batch	15810	valid_loss	48842.9462891
batch	15840	valid_loss	48831.1513672
batch	15870	valid_loss	48815.8549805
batch	15900	valid_loss	48836.4848633
batch	15930	valid_loss	48802.5195312
batch	15960	valid_loss	48917.0776367
batch	15990	valid_loss	48750.9682617
batch	16020	valid_loss	48852.2807617
batch	16050	valid_loss	48817.0532227
batch	16080	valid_loss	48808.6630859
batch	16110	valid_loss	48821.2080078
batch	16140	valid_loss	48844.9399414
batch	16170	valid_loss	48874.4150391
batch	16200	valid_loss	48781.5366211
batch	16230	valid_loss	48784.9960938
batch	16260	valid_loss	48778.637207
batch	16290	valid_loss	48831.2412109
batch	16320	valid_loss	48805.7597656
batch	16350	valid_loss	48813.3144531
batch	16380	valid_loss	48822.5751953
batch	16410	valid_loss	48811.0117188
batch	16440	valid_loss	48783.3813477
batch	16470	valid_loss	48844.3725586
batch	16500	valid_loss	48808.6787109
batch	16530	valid_loss	48813.703125
batch	16560	valid_loss	48759.7319336
batch	16590	valid_loss	48798.6904297
batch	16620	valid_loss	48812.3222656
batch	16650	valid_loss	48820.9160156
batch	16680	valid_loss	48786.9731445
batch	16710	valid_loss	48722.7192383
batch	16740	valid_loss	48721.6279297
batch	16770	valid_loss	48734.4658203
batch	16800	valid_loss	48771.3222656
batch	16830	valid_loss	48747.4980469
batch	16860	valid_loss	48717.3491211
batch	16890	valid_loss	48740.2045898
batch	16920	valid_loss	48782.1435547
batch	16950	valid_loss	48751.8901367
batch	16980	valid_loss	48709.4775391
batch	17010	valid_loss	48738.7236328
batch	17040	valid_loss	48706.065918
batch	17070	valid_loss	48746.3344727
batch	17100	valid_loss	48777.7006836
batch	17130	valid_loss	48721.1113281
batch	17160	valid_loss	48834.3886719
batch	17190	valid_loss	48715.4677734
batch	17220	valid_loss	48743.3154297
batch	17250	valid_loss	48760.394043
batch	17280	valid_loss	48750.1850586
batch	17310	valid_loss	48692.4887695
batch	17340	valid_loss	48710.746582
batch	17370	valid_loss	48677.0375977
batch	17400	valid_loss	48659.9091797
batch	17430	valid_loss	48651.5039062
batch	17460	valid_loss	48663.0893555
batch	17490	valid_loss	48641.222168
batch	17520	valid_loss	48704.71875
batch	17550	valid_loss	48588.6333008
batch	17580	valid_loss	48646.5078125
batch	17610	valid_loss	48640.7285156
batch	17640	valid_loss	48643.7734375
batch	17670	valid_loss	48607.6523438
batch	17700	valid_loss	48647.7431641
batch	17730	valid_loss	48690.1621094
batch	17760	valid_loss	48591.7353516
batch	17790	valid_loss	48597.5927734
batch	17820	valid_loss	48588.6220703
batch	17850	valid_loss	48621.9765625
batch	17880	valid_loss	48551.6513672
batch	17910	valid_loss	48574.9501953
batch	17940	valid_loss	48599.527832
batch	17970	valid_loss	48561.8793945
batch	18000	valid_loss	48538.8701172
batch	18030	valid_loss	48595.8535156
batch	18060	valid_loss	48540.1313477
batch	18090	valid_loss	48569.5541992
batch	18120	valid_loss	48484.0512695
batch	18150	valid_loss	48497.2280273
batch	18180	valid_loss	48448.4443359
batch	18210	valid_loss	48508.5668945
batch	18240	valid_loss	48499.0317383
batch	18270	valid_loss	48400.3149414
batch	18300	valid_loss	48378.3007812
batch	18330	valid_loss	48407.0976562
batch	18360	valid_loss	48433.1772461
batch	18390	valid_loss	48409.621582
batch	18420	valid_loss	48353.9746094
batch	18450	valid_loss	48369.246582
batch	18480	valid_loss	48408.9614258
batch	18510	valid_loss	48321.0117188
batch	18540	valid_loss	48287.8808594
batch	18570	valid_loss	48299.9868164
batch	18600	valid_loss	48247.2182617
batch	18630	valid_loss	48263.2583008
batch	18660	valid_loss	48304.5195312
batch	18690	valid_loss	48229.4013672
batch	18720	valid_loss	48319.4804688
batch	18750	valid_loss	48189.328125
batch	18780	valid_loss	48197.2788086
batch	18810	valid_loss	48134.777832
batch	18840	valid_loss	48182.6625977
batch	18870	valid_loss	48123.2104492
batch	18900	valid_loss	48087.9604492
batch	18930	valid_loss	48057.9672852
batch	18960	valid_loss	47992.2661133
batch	18990	valid_loss	47992.7080078
batch	19020	valid_loss	47967.7631836
batch	19050	valid_loss	47960.6665039
batch	19080	valid_loss	47963.2304688
batch	19110	valid_loss	47892.465332
batch	19140	valid_loss	47872.1367188
batch	19170	valid_loss	47887.0537109
batch	19200	valid_loss	47851.4130859
batch	19230	valid_loss	47779.5004883
batch	19260	valid_loss	47833.9707031
batch	19290	valid_loss	47826.793457
batch	19320	valid_loss	47702.0991211
batch	19350	valid_loss	47706.5195312
batch	19380	valid_loss	47689.8061523
batch	19410	valid_loss	47695.8251953
batch	19440	valid_loss	47584.4042969
batch	19470	valid_loss	47623.7993164
batch	19500	valid_loss	47633.3989258
batch	19530	valid_loss	47588.4086914
batch	19560	valid_loss	47602.3227539
batch	19590	valid_loss	47519.2883301
batch	19620	valid_loss	47504.9460449
batch	19650	valid_loss	47522.6972656
batch	19680	valid_loss	47438.2460938
batch	19710	valid_loss	47415.3449707
batch	19740	valid_loss	47353.8317871
batch	19770	valid_loss	47395.0915527
batch	19800	valid_loss	47454.1623535
batch	19830	valid_loss	47292.027832
batch	19860	valid_loss	47237.9816895
batch	19890	valid_loss	47255.9248047
batch	19920	valid_loss	47261.3894043
batch	19950	valid_loss	47219.1018066
batch	19980	valid_loss	47185.3737793
batch	20010	valid_loss	47207.354248
batch	20040	valid_loss	47229.4267578
batch	20070	valid_loss	47092.614502
batch	20100	valid_loss	47097.4638672
batch	20130	valid_loss	47048.7319336
batch	20160	valid_loss	47030.2666016
batch	20190	valid_loss	47041.3852539
batch	20220	valid_loss	47020.9711914
batch	20250	valid_loss	46978.1796875
batch	20280	valid_loss	47011.234375
batch	20310	valid_loss	46913.1035156
batch	20340	valid_loss	46918.3503418
batch	20370	valid_loss	46861.730957
batch	20400	valid_loss	46928.4118652
batch	20430	valid_loss	46933.6728516
batch	20460	valid_loss	46808.1877441
batch	20490	valid_loss	46796.5881348
batch	20520	valid_loss	46732.8605957
batch	20550	valid_loss	46709.3410645
batch	20580	valid_loss	46660.5153809
batch	20610	valid_loss	46687.8449707
batch	20640	valid_loss	46714.3789062
batch	20670	valid_loss	46596.699707
batch	20700	valid_loss	46634.8564453
batch	20730	valid_loss	46692.293457
batch	20760	valid_loss	46580.1311035
batch	20790	valid_loss	46528.4462891
batch	20820	valid_loss	46572.3918457
batch	20850	valid_loss	46540.2050781
batch	20880	valid_loss	46412.6503906
batch	20910	valid_loss	46419.0380859
batch	20940	valid_loss	46444.2492676
batch	20970	valid_loss	46404.0710449
batch	21000	valid_loss	46335.3901367
batch	21030	valid_loss	46394.7045898
batch	21060	valid_loss	46357.9257812
batch	21090	valid_loss	46285.222168
batch	21120	valid_loss	46362.7473145
batch	21150	valid_loss	46269.9289551
batch	21180	valid_loss	46275.2453613
batch	21210	valid_loss	46206.8034668
batch	21240	valid_loss	46249.8525391
batch	21270	valid_loss	46172.7041016
batch	21300	valid_loss	46133.7084961
batch	21330	valid_loss	46192.2512207
batch	21360	valid_loss	46205.0454102
batch	21390	valid_loss	46023.4824219
batch	21420	valid_loss	46018.513916
batch	21450	valid_loss	46006.5422363
batch	21480	valid_loss	46045.2092285
batch	21510	valid_loss	45986.1899414
batch	21540	valid_loss	45977.673584
batch	21570	valid_loss	46073.2233887
batch	21600	valid_loss	45959.7282715
batch	21630	valid_loss	45911.6674805
batch	21660	valid_loss	45917.8430176
batch	21690	valid_loss	45809.223877
batch	21720	valid_loss	45774.998291
batch	21750	valid_loss	45803.7084961
batch	21780	valid_loss	45803.1933594
batch	21810	valid_loss	45767.083252
batch	21840	valid_loss	45742.1618652
batch	21870	valid_loss	45728.7592773
batch	21900	valid_loss	45678.3249512
batch	21930	valid_loss	45663.6220703
batch	21960	valid_loss	45737.3134766
batch	21990	valid_loss	45643.5148926
batch	22020	valid_loss	45576.5292969
batch	22050	valid_loss	45555.9821777
batch	22080	valid_loss	45523.1062012
batch	22110	valid_loss	45501.2661133
batch	22140	valid_loss	45447.8598633
batch	22170	valid_loss	45471.0148926
batch	22200	valid_loss	45493.8200684
batch	22230	valid_loss	45391.7983398
batch	22260	valid_loss	45440.697998
batch	22290	valid_loss	45447.3393555
batch	22320	valid_loss	45382.0847168
batch	22350	valid_loss	45312.552002
batch	22380	valid_loss	45347.6401367
batch	22410	valid_loss	45328.4855957
batch	22440	valid_loss	45217.6550293
batch	22470	valid_loss	45230.0258789
batch	22500	valid_loss	45241.730957
batch	22530	valid_loss	45191.6894531
batch	22560	valid_loss	45153.4370117
batch	22590	valid_loss	45214.1848145
batch	22620	valid_loss	45148.4521484
batch	22650	valid_loss	45091.925293
batch	22680	valid_loss	45151.6333008
batch	22710	valid_loss	45081.296875
batch	22740	valid_loss	45097.03125
batch	22770	valid_loss	45004.5285645
batch	22800	valid_loss	45026.9111328
batch	22830	valid_loss	44962.8520508
batch	22860	valid_loss	44944.9689941
batch	22890	valid_loss	45026.8366699
batch	22920	valid_loss	45040.6259766
batch	22950	valid_loss	44843.7067871
batch	22980	valid_loss	44827.8916016
batch	23010	valid_loss	44830.3051758
batch	23040	valid_loss	44849.1657715
batch	23070	valid_loss	44812.0498047
batch	23100	valid_loss	44765.0771484
batch	23130	valid_loss	44842.4870605
batch	23160	valid_loss	44789.1318359
batch	23190	valid_loss	44714.5595703
batch	23220	valid_loss	44780.1733398
batch	23250	valid_loss	44631.3635254
batch	23280	valid_loss	44615.7932129
batch	23310	valid_loss	44644.9399414
batch	23340	valid_loss	44630.7529297
batch	23370	valid_loss	44628.967041
batch	23400	valid_loss	44613.296875
batch	23430	valid_loss	44545.8725586
batch	23460	valid_loss	44529.440918
batch	23490	valid_loss	44508.7109375
batch	23520	valid_loss	44568.2937012
batch	23550	valid_loss	44565.8413086
batch	23580	valid_loss	44465.0742188
batch	23610	valid_loss	44417.5043945
batch	23640	valid_loss	44401.3754883
batch	23670	valid_loss	44355.4316406
batch	23700	valid_loss	44328.4536133
batch	23730	valid_loss	44298.236084
batch	23760	valid_loss	44310.5974121
batch	23790	valid_loss	44238.25
batch	23820	valid_loss	44268.934082
batch	23850	valid_loss	44326.0256348
batch	23880	valid_loss	44216.9406738
batch	23910	valid_loss	44182.4523926
batch	23940	valid_loss	44215.9709473
batch	23970	valid_loss	44196.6928711
batch	24000	valid_loss	44097.3034668
batch	24030	valid_loss	44145.6623535
batch	24060	valid_loss	44080.7297363
batch	24090	valid_loss	44059.6293945
batch	24120	valid_loss	44033.2980957
batch	24150	valid_loss	44067.5480957
batch	24180	valid_loss	44034.6650391
batch	24210	valid_loss	44010.4758301
batch	24240	valid_loss	44020.434082
batch	24270	valid_loss	43980.1589355
batch	24300	valid_loss	43945.8513184
batch	24330	valid_loss	43891.4199219
batch	24360	valid_loss	43881.0732422
batch	24390	valid_loss	43826.9001465
batch	24420	valid_loss	43831.1943359
batch	24450	valid_loss	43883.0317383
batch	24480	valid_loss	43848.9907227
batch	24510	valid_loss	43754.817627
batch	24540	valid_loss	43723.9829102
batch	24570	valid_loss	43730.1047363
batch	24600	valid_loss	43718.2714844
batch	24630	valid_loss	43697.7490234
batch	24660	valid_loss	43669.6687012
batch	24690	valid_loss	43650.782959
batch	24720	valid_loss	43686.2849121
batch	24750	valid_loss	43575.277832
batch	24780	valid_loss	43622.4003906
batch	24810	valid_loss	43495.1000977
batch	24840	valid_loss	43505.5964355
batch	24870	valid_loss	43522.9279785
batch	24900	valid_loss	43508.3193359
batch	24930	valid_loss	43512.3867188
batch	24960	valid_loss	43506.4321289
batch	24990	valid_loss	43409.6508789
STOP
START
config	300	100	300	960
batch	0	valid_loss	7822519.75
batch	30	valid_loss	208885.007812
batch	60	valid_loss	123632.668945
batch	90	valid_loss	120160.154297
batch	120	valid_loss	119922.306641
batch	150	valid_loss	119812.079102
batch	180	valid_loss	119699.577148
batch	210	valid_loss	119566.00293
batch	240	valid_loss	119274.712891
batch	270	valid_loss	118863.811523
batch	300	valid_loss	118215.150391
batch	330	valid_loss	116939.866211
batch	360	valid_loss	115045.539062
batch	390	valid_loss	112839.554688
batch	420	valid_loss	111083.051758
batch	450	valid_loss	109882.235352
batch	480	valid_loss	108933.600586
batch	510	valid_loss	108343.500977
batch	540	valid_loss	107790.397461
batch	570	valid_loss	107305.400391
batch	600	valid_loss	106761.994141
batch	630	valid_loss	106175.283203
batch	660	valid_loss	105590.777344
batch	690	valid_loss	104899.99707
batch	720	valid_loss	104218.963867
batch	750	valid_loss	103470.197266
batch	780	valid_loss	102691.139648
batch	810	valid_loss	101792.951172
batch	840	valid_loss	101101.417969
batch	870	valid_loss	100315.933594
batch	900	valid_loss	99504.5019531
batch	930	valid_loss	98567.4375
batch	960	valid_loss	97661.3574219
batch	990	valid_loss	96821.5761719
batch	1020	valid_loss	95863.4121094
batch	1050	valid_loss	94907.0292969
batch	1080	valid_loss	93937.5415039
batch	1110	valid_loss	92991.4604492
batch	1140	valid_loss	92103.7104492
batch	1170	valid_loss	91039.4946289
batch	1200	valid_loss	90153.7416992
batch	1230	valid_loss	89209.4130859
batch	1260	valid_loss	88333.8466797
batch	1290	valid_loss	87393.996582
batch	1320	valid_loss	86640.6298828
batch	1350	valid_loss	85839.862793
batch	1380	valid_loss	84987.1567383
batch	1410	valid_loss	84166.800293
batch	1440	valid_loss	83409.1489258
batch	1470	valid_loss	82673.4492188
batch	1500	valid_loss	81902.3569336
batch	1530	valid_loss	81141.7734375
batch	1560	valid_loss	80480.8623047
batch	1590	valid_loss	79687.0820312
batch	1620	valid_loss	79001.940918
batch	1650	valid_loss	78370.1445312
batch	1680	valid_loss	77726.675293
batch	1710	valid_loss	77049.9594727
batch	1740	valid_loss	76442.5869141
batch	1770	valid_loss	75854.7490234
batch	1800	valid_loss	75243.6401367
batch	1830	valid_loss	74601.8476562
batch	1860	valid_loss	74108.0610352
batch	1890	valid_loss	73524.9619141
batch	1920	valid_loss	72891.9306641
batch	1950	valid_loss	72477.5883789
batch	1980	valid_loss	72020.1704102
batch	2010	valid_loss	71377.6508789
batch	2040	valid_loss	70875.0493164
batch	2070	valid_loss	70493.2241211
batch	2100	valid_loss	69979.4179688
batch	2130	valid_loss	69459.7651367
batch	2160	valid_loss	69027.1191406
batch	2190	valid_loss	68655.5424805
batch	2220	valid_loss	68125.359375
batch	2250	valid_loss	67724.1757812
batch	2280	valid_loss	67401.7192383
batch	2310	valid_loss	66929.1943359
batch	2340	valid_loss	66546.1640625
batch	2370	valid_loss	66166.4335938
batch	2400	valid_loss	65738.3139648
batch	2430	valid_loss	65382.4389648
batch	2460	valid_loss	64988.6713867
batch	2490	valid_loss	64703.3657227
batch	2520	valid_loss	64262.3950195
batch	2550	valid_loss	63895.793457
batch	2580	valid_loss	63612.2524414
batch	2610	valid_loss	63282.7602539
batch	2640	valid_loss	62912.1269531
batch	2670	valid_loss	62626.0493164
batch	2700	valid_loss	62317.5078125
batch	2730	valid_loss	61974.9570312
batch	2760	valid_loss	61653.2084961
batch	2790	valid_loss	61444.1977539
batch	2820	valid_loss	61072.6352539
batch	2850	valid_loss	60748.2368164
batch	2880	valid_loss	60597.3041992
batch	2910	valid_loss	60310.6025391
batch	2940	valid_loss	59968.512207
batch	2970	valid_loss	59780.112793
batch	3000	valid_loss	59504.3334961
batch	3030	valid_loss	59212.8085938
batch	3060	valid_loss	59028.4516602
batch	3090	valid_loss	58725.109375
batch	3120	valid_loss	58544.503418
batch	3150	valid_loss	58259.1865234
batch	3180	valid_loss	58061.1420898
batch	3210	valid_loss	57882.1816406
batch	3240	valid_loss	57656.7236328
batch	3270	valid_loss	57453.8754883
batch	3300	valid_loss	57233.1020508
batch	3330	valid_loss	57081.7880859
batch	3360	valid_loss	56808.074707
batch	3390	valid_loss	56569.6723633
batch	3420	valid_loss	56494.7280273
batch	3450	valid_loss	56237.5126953
batch	3480	valid_loss	56082.7963867
batch	3510	valid_loss	55976.8818359
batch	3540	valid_loss	55748.9101562
batch	3570	valid_loss	55612.6704102
batch	3600	valid_loss	55512.1831055
batch	3630	valid_loss	55268.9887695
batch	3660	valid_loss	55109.1992188
batch	3690	valid_loss	55060.4584961
batch	3720	valid_loss	54812.5146484
batch	3750	valid_loss	54759.440918
batch	3780	valid_loss	54558.1137695
batch	3810	valid_loss	54439.3320312
batch	3840	valid_loss	54271.7714844
batch	3870	valid_loss	54114.6459961
batch	3900	valid_loss	54071.0439453
batch	3930	valid_loss	53916.9931641
batch	3960	valid_loss	53841.3588867
batch	3990	valid_loss	53712.140625
batch	4020	valid_loss	53579.0415039
batch	4050	valid_loss	53526.6147461
batch	4080	valid_loss	53355.409668
batch	4110	valid_loss	53224.5595703
batch	4140	valid_loss	53200.9365234
batch	4170	valid_loss	53082.5380859
batch	4200	valid_loss	52927.5717773
batch	4230	valid_loss	52941.5576172
batch	4260	valid_loss	52907.027832
batch	4290	valid_loss	52663.434082
batch	4320	valid_loss	52665.6708984
batch	4350	valid_loss	52576.4755859
batch	4380	valid_loss	52431.5380859
batch	4410	valid_loss	52427.0024414
batch	4440	valid_loss	52339.2265625
batch	4470	valid_loss	52252.1640625
batch	4500	valid_loss	52177.1762695
batch	4530	valid_loss	52061.9633789
batch	4560	valid_loss	51994.2792969
batch	4590	valid_loss	52000.6987305
batch	4620	valid_loss	51978.2036133
batch	4650	valid_loss	51840.7016602
batch	4680	valid_loss	51852.8149414
batch	4710	valid_loss	51770.3076172
batch	4740	valid_loss	51701.2871094
batch	4770	valid_loss	51669.2734375
batch	4800	valid_loss	51614.4916992
batch	4830	valid_loss	51545.6157227
batch	4860	valid_loss	51474.1293945
batch	4890	valid_loss	51537.2651367
batch	4920	valid_loss	51441.0307617
batch	4950	valid_loss	51321.6376953
batch	4980	valid_loss	51367.9140625
batch	5010	valid_loss	51246.1845703
batch	5040	valid_loss	51286.9584961
batch	5070	valid_loss	51247.5366211
batch	5100	valid_loss	51166.6098633
batch	5130	valid_loss	51149.9296875
batch	5160	valid_loss	51106.3183594
batch	5190	valid_loss	51043.034668
batch	5220	valid_loss	51077.3276367
batch	5250	valid_loss	51010.0449219
batch	5280	valid_loss	50937.3808594
batch	5310	valid_loss	50969.9501953
batch	5340	valid_loss	50933.7822266
batch	5370	valid_loss	50890.7011719
batch	5400	valid_loss	50830.6572266
batch	5430	valid_loss	50758.4506836
batch	5460	valid_loss	50789.6293945
batch	5490	valid_loss	50688.8183594
batch	5520	valid_loss	50771.2758789
batch	5550	valid_loss	50797.0541992
batch	5580	valid_loss	50624.1147461
batch	5610	valid_loss	50677.2026367
batch	5640	valid_loss	50639.8789062
batch	5670	valid_loss	50570.3500977
batch	5700	valid_loss	50652.0986328
batch	5730	valid_loss	50571.5205078
batch	5760	valid_loss	50507.5097656
batch	5790	valid_loss	50493.5175781
batch	5820	valid_loss	50555.0258789
batch	5850	valid_loss	50453.8051758
batch	5880	valid_loss	50445.8261719
batch	5910	valid_loss	50425.6640625
batch	5940	valid_loss	50364.3549805
batch	5970	valid_loss	50374.5400391
batch	6000	valid_loss	50394.5429688
batch	6030	valid_loss	50339.6899414
batch	6060	valid_loss	50368.996582
batch	6090	valid_loss	50254.9462891
batch	6120	valid_loss	50231.8896484
batch	6150	valid_loss	50301.8833008
batch	6180	valid_loss	50326.6293945
batch	6210	valid_loss	50231.9633789
batch	6240	valid_loss	50266.1142578
batch	6270	valid_loss	50252.3183594
batch	6300	valid_loss	50217.1586914
batch	6330	valid_loss	50255.4355469
batch	6360	valid_loss	50163.8881836
batch	6390	valid_loss	50151.746582
batch	6420	valid_loss	50124.9287109
batch	6450	valid_loss	50148.4360352
batch	6480	valid_loss	50175.3774414
batch	6510	valid_loss	50057.8461914
batch	6540	valid_loss	50100.300293
batch	6570	valid_loss	50078.8828125
batch	6600	valid_loss	50088.40625
batch	6630	valid_loss	50068.84375
batch	6660	valid_loss	50057.0756836
batch	6690	valid_loss	50062.6323242
batch	6720	valid_loss	50013.1831055
batch	6750	valid_loss	50021.003418
batch	6780	valid_loss	50052.546875
batch	6810	valid_loss	49973.0249023
batch	6840	valid_loss	49945.9301758
batch	6870	valid_loss	49999.6357422
batch	6900	valid_loss	50023.0268555
batch	6930	valid_loss	49997.1582031
batch	6960	valid_loss	49945.3046875
batch	6990	valid_loss	49893.2792969
batch	7020	valid_loss	49944.8959961
batch	7050	valid_loss	49862.3598633
batch	7080	valid_loss	49945.637207
batch	7110	valid_loss	49963.3051758
batch	7140	valid_loss	49827.762207
batch	7170	valid_loss	49858.4082031
batch	7200	valid_loss	49945.1733398
batch	7230	valid_loss	49857.0268555
batch	7260	valid_loss	49910.550293
batch	7290	valid_loss	49825.8300781
batch	7320	valid_loss	49851.8867188
batch	7350	valid_loss	49782.7158203
batch	7380	valid_loss	49872.5693359
batch	7410	valid_loss	49792.2402344
batch	7440	valid_loss	49821.1889648
batch	7470	valid_loss	49752.0209961
batch	7500	valid_loss	49746.6728516
batch	7530	valid_loss	49799.2016602
batch	7560	valid_loss	49808.8964844
batch	7590	valid_loss	49770.3466797
batch	7620	valid_loss	49799.6938477
batch	7650	valid_loss	49765.2202148
batch	7680	valid_loss	49732.5888672
batch	7710	valid_loss	49742.9648438
batch	7740	valid_loss	49742.7661133
batch	7770	valid_loss	49700.675293
batch	7800	valid_loss	49690.3378906
batch	7830	valid_loss	49771.4399414
batch	7860	valid_loss	49729.7524414
batch	7890	valid_loss	49772.8754883
batch	7920	valid_loss	49683.7597656
batch	7950	valid_loss	49729.0078125
batch	7980	valid_loss	49658.1235352
batch	8010	valid_loss	49705.2646484
batch	8040	valid_loss	49706.9868164
batch	8070	valid_loss	49640.9580078
batch	8100	valid_loss	49668.9379883
batch	8130	valid_loss	49657.5205078
batch	8160	valid_loss	49692.3183594
batch	8190	valid_loss	49636.7265625
batch	8220	valid_loss	49651.1665039
batch	8250	valid_loss	49715.6401367
batch	8280	valid_loss	49639.2617188
batch	8310	valid_loss	49642.7460938
batch	8340	valid_loss	49623.2124023
batch	8370	valid_loss	49625.6367188
batch	8400	valid_loss	49610.6855469
batch	8430	valid_loss	49636.3540039
batch	8460	valid_loss	49658.2246094
batch	8490	valid_loss	49624.4038086
batch	8520	valid_loss	49589.2290039
batch	8550	valid_loss	49585.7089844
batch	8580	valid_loss	49691.6293945
batch	8610	valid_loss	49558.3032227
batch	8640	valid_loss	49614.484375
batch	8670	valid_loss	49620.1523438
batch	8700	valid_loss	49527.8232422
batch	8730	valid_loss	49515.5537109
batch	8760	valid_loss	49623.5605469
batch	8790	valid_loss	49578.6245117
batch	8820	valid_loss	49637.1074219
batch	8850	valid_loss	49530.84375
batch	8880	valid_loss	49573.3730469
batch	8910	valid_loss	49491.7314453
batch	8940	valid_loss	49618.5126953
batch	8970	valid_loss	49478.9506836
batch	9000	valid_loss	49557.237793
batch	9030	valid_loss	49466.9321289
batch	9060	valid_loss	49474.4384766
batch	9090	valid_loss	49538.2246094
batch	9120	valid_loss	49540.2744141
batch	9150	valid_loss	49536.0883789
batch	9180	valid_loss	49550.5043945
batch	9210	valid_loss	49529.159668
batch	9240	valid_loss	49528.2402344
batch	9270	valid_loss	49476.4155273
batch	9300	valid_loss	49511.2368164
batch	9330	valid_loss	49489.7705078
batch	9360	valid_loss	49446.6870117
batch	9390	valid_loss	49531.7583008
batch	9420	valid_loss	49517.7509766
batch	9450	valid_loss	49522.9316406
batch	9480	valid_loss	49475.5844727
batch	9510	valid_loss	49488.9404297
batch	9540	valid_loss	49466.4086914
batch	9570	valid_loss	49506.9301758
batch	9600	valid_loss	49514.3623047
batch	9630	valid_loss	49443.6694336
batch	9660	valid_loss	49449.2255859
batch	9690	valid_loss	49445.3310547
batch	9720	valid_loss	49505.6171875
batch	9750	valid_loss	49418.9013672
batch	9780	valid_loss	49437.5913086
batch	9810	valid_loss	49521.5522461
batch	9840	valid_loss	49447.3461914
batch	9870	valid_loss	49447.2529297
batch	9900	valid_loss	49445.9448242
batch	9930	valid_loss	49452.121582
batch	9960	valid_loss	49433.2954102
batch	9990	valid_loss	49449.8720703
batch	10020	valid_loss	49463.8066406
batch	10050	valid_loss	49440.6503906
batch	10080	valid_loss	49436.1694336
batch	10110	valid_loss	49426.5009766
batch	10140	valid_loss	49539.0825195
batch	10170	valid_loss	49405.1914062
batch	10200	valid_loss	49432.8266602
batch	10230	valid_loss	49425.5849609
batch	10260	valid_loss	49370.2944336
batch	10290	valid_loss	49357.0791016
batch	10320	valid_loss	49423.3476562
batch	10350	valid_loss	49402.4394531
batch	10380	valid_loss	49493.8671875
batch	10410	valid_loss	49369.5224609
batch	10440	valid_loss	49414.4570312
batch	10470	valid_loss	49329.0131836
batch	10500	valid_loss	49490.5605469
batch	10530	valid_loss	49337.0092773
batch	10560	valid_loss	49421.6411133
batch	10590	valid_loss	49308.6601562
batch	10620	valid_loss	49320.3686523
batch	10650	valid_loss	49399.0375977
batch	10680	valid_loss	49404.3740234
batch	10710	valid_loss	49378.7246094
batch	10740	valid_loss	49404.6660156
batch	10770	valid_loss	49365.1088867
batch	10800	valid_loss	49396.140625
batch	10830	valid_loss	49348.581543
batch	10860	valid_loss	49398.2924805
batch	10890	valid_loss	49377.0917969
batch	10920	valid_loss	49317.3789062
batch	10950	valid_loss	49394.3125
batch	10980	valid_loss	49381.5844727
batch	11010	valid_loss	49380.515625
batch	11040	valid_loss	49357.5576172
batch	11070	valid_loss	49342.6108398
batch	11100	valid_loss	49331.2924805
batch	11130	valid_loss	49391.6459961
batch	11160	valid_loss	49397.9799805
batch	11190	valid_loss	49335.1826172
batch	11220	valid_loss	49305.3896484
batch	11250	valid_loss	49322.059082
batch	11280	valid_loss	49381.9848633
batch	11310	valid_loss	49292.1821289
batch	11340	valid_loss	49313.1542969
batch	11370	valid_loss	49417.0776367
batch	11400	valid_loss	49344.8378906
batch	11430	valid_loss	49318.5019531
batch	11460	valid_loss	49355.3388672
batch	11490	valid_loss	49351.550293
batch	11520	valid_loss	49295.2255859
batch	11550	valid_loss	49319.8857422
batch	11580	valid_loss	49329.7583008
batch	11610	valid_loss	49330.3056641
batch	11640	valid_loss	49321.109375
batch	11670	valid_loss	49332.6586914
batch	11700	valid_loss	49417.2685547
batch	11730	valid_loss	49313.8969727
batch	11760	valid_loss	49324.7294922
batch	11790	valid_loss	49307.9892578
batch	11820	valid_loss	49277.8378906
batch	11850	valid_loss	49263.6821289
batch	11880	valid_loss	49300.3530273
batch	11910	valid_loss	49278.3691406
batch	11940	valid_loss	49400.4223633
batch	11970	valid_loss	49252.456543
batch	12000	valid_loss	49301.7075195
batch	12030	valid_loss	49217.890625
batch	12060	valid_loss	49350.2094727
batch	12090	valid_loss	49231.9594727
batch	12120	valid_loss	49328.253418
batch	12150	valid_loss	49213.6870117
batch	12180	valid_loss	49221.800293
batch	12210	valid_loss	49300.703125
batch	12240	valid_loss	49312.9086914
batch	12270	valid_loss	49281.4853516
batch	12300	valid_loss	49285.5439453
batch	12330	valid_loss	49259.7124023
batch	12360	valid_loss	49296.050293
batch	12390	valid_loss	49263.4116211
batch	12420	valid_loss	49325.6245117
batch	12450	valid_loss	49278.0410156
batch	12480	valid_loss	49236.8012695
batch	12510	valid_loss	49281.8803711
batch	12540	valid_loss	49298.5703125
batch	12570	valid_loss	49300.8496094
batch	12600	valid_loss	49284.1938477
batch	12630	valid_loss	49248.8369141
batch	12660	valid_loss	49231.5537109
batch	12690	valid_loss	49311.3491211
batch	12720	valid_loss	49296.0527344
batch	12750	valid_loss	49243.8637695
batch	12780	valid_loss	49197.5668945
batch	12810	valid_loss	49227.1811523
batch	12840	valid_loss	49297.7734375
batch	12870	valid_loss	49180.3125
batch	12900	valid_loss	49214.6113281
batch	12930	valid_loss	49321.4477539
batch	12960	valid_loss	49247.9892578
batch	12990	valid_loss	49213.5385742
batch	13020	valid_loss	49263.3413086
batch	13050	valid_loss	49266.4448242
batch	13080	valid_loss	49185.1533203
batch	13110	valid_loss	49208.3330078
batch	13140	valid_loss	49221.1767578
batch	13170	valid_loss	49236.1850586
batch	13200	valid_loss	49200.6259766
batch	13230	valid_loss	49244.1352539
batch	13260	valid_loss	49298.5522461
batch	13290	valid_loss	49238.9663086
batch	13320	valid_loss	49243.8164062
batch	13350	valid_loss	49205.0927734
batch	13380	valid_loss	49228.375
batch	13410	valid_loss	49177.328125
batch	13440	valid_loss	49206.0229492
batch	13470	valid_loss	49195.8955078
batch	13500	valid_loss	49299.9257812
batch	13530	valid_loss	49170.2939453
batch	13560	valid_loss	49229.0112305
batch	13590	valid_loss	49121.3613281
batch	13620	valid_loss	49195.2172852
batch	13650	valid_loss	49139.581543
batch	13680	valid_loss	49199.559082
batch	13710	valid_loss	49129.9741211
batch	13740	valid_loss	49123.9726562
batch	13770	valid_loss	49213.8515625
batch	13800	valid_loss	49226.472168
batch	13830	valid_loss	49162.6918945
batch	13860	valid_loss	49181.8237305
batch	13890	valid_loss	49153.9067383
batch	13920	valid_loss	49198.8217773
batch	13950	valid_loss	49205.4291992
batch	13980	valid_loss	49220.7338867
batch	14010	valid_loss	49201.4243164
batch	14040	valid_loss	49131.1206055
batch	14070	valid_loss	49150.206543
batch	14100	valid_loss	49213.5498047
batch	14130	valid_loss	49253.4755859
batch	14160	valid_loss	49208.6030273
batch	14190	valid_loss	49203.0195312
batch	14220	valid_loss	49112.1469727
batch	14250	valid_loss	49167.4682617
batch	14280	valid_loss	49155.4985352
batch	14310	valid_loss	49121.1337891
batch	14340	valid_loss	49079.8989258
batch	14370	valid_loss	49117.5800781
batch	14400	valid_loss	49178.7006836
batch	14430	valid_loss	49056.8251953
batch	14460	valid_loss	49085.1176758
batch	14490	valid_loss	49134.1298828
batch	14520	valid_loss	49150.28125
batch	14550	valid_loss	49111.3442383
batch	14580	valid_loss	49138.6210938
batch	14610	valid_loss	49106.2441406
batch	14640	valid_loss	49029.3769531
batch	14670	valid_loss	49040.1396484
batch	14700	valid_loss	49052.6025391
batch	14730	valid_loss	49080.1689453
batch	14760	valid_loss	49037.2807617
batch	14790	valid_loss	49054.3979492
batch	14820	valid_loss	49067.6572266
batch	14850	valid_loss	49036.7973633
batch	14880	valid_loss	49046.7329102
batch	14910	valid_loss	49001.7119141
batch	14940	valid_loss	49048.3505859
batch	14970	valid_loss	48961.6489258
batch	15000	valid_loss	48995.5722656
batch	15030	valid_loss	48971.0766602
batch	15060	valid_loss	49050.9741211
batch	15090	valid_loss	48984.0078125
batch	15120	valid_loss	48982.3374023
batch	15150	valid_loss	48895.6220703
batch	15180	valid_loss	48899.1923828
batch	15210	valid_loss	48900.0004883
batch	15240	valid_loss	48943.5063477
batch	15270	valid_loss	48885.8120117
batch	15300	valid_loss	48861.0610352
batch	15330	valid_loss	48968.6821289
batch	15360	valid_loss	48982.3354492
batch	15390	valid_loss	48889.0327148
batch	15420	valid_loss	48897.4389648
batch	15450	valid_loss	48889.6274414
batch	15480	valid_loss	48927.3852539
batch	15510	valid_loss	48926.5014648
batch	15540	valid_loss	48917.5263672
batch	15570	valid_loss	48925.8134766
batch	15600	valid_loss	48837.9624023
batch	15630	valid_loss	48871.402832
batch	15660	valid_loss	48926.7685547
batch	15690	valid_loss	48954.2099609
batch	15720	valid_loss	48920.1674805
batch	15750	valid_loss	48923.6933594
batch	15780	valid_loss	48846.1796875
batch	15810	valid_loss	48869.4614258
batch	15840	valid_loss	48876.4658203
batch	15870	valid_loss	48840.7006836
batch	15900	valid_loss	48809.2709961
batch	15930	valid_loss	48850.1518555
batch	15960	valid_loss	48888.7954102
batch	15990	valid_loss	48821.2905273
batch	16020	valid_loss	48798.5429688
batch	16050	valid_loss	48855.8242188
batch	16080	valid_loss	48873.4799805
batch	16110	valid_loss	48814.1176758
batch	16140	valid_loss	48869.9501953
batch	16170	valid_loss	48855.1420898
batch	16200	valid_loss	48787.5825195
batch	16230	valid_loss	48784.4624023
batch	16260	valid_loss	48780.0136719
batch	16290	valid_loss	48847.1606445
batch	16320	valid_loss	48793.1704102
batch	16350	valid_loss	48814.0083008
batch	16380	valid_loss	48835.4179688
batch	16410	valid_loss	48788.1831055
batch	16440	valid_loss	48802.3686523
batch	16470	valid_loss	48790.7631836
batch	16500	valid_loss	48849.9008789
batch	16530	valid_loss	48756.9775391
batch	16560	valid_loss	48835.5288086
batch	16590	valid_loss	48746.0673828
batch	16620	valid_loss	48769.3291016
batch	16650	valid_loss	48787.9594727
batch	16680	valid_loss	48798.8847656
batch	16710	valid_loss	48703.3310547
batch	16740	valid_loss	48698.3198242
batch	16770	valid_loss	48727.2919922
batch	16800	valid_loss	48736.331543
batch	16830	valid_loss	48724.4819336
batch	16860	valid_loss	48665.3022461
batch	16890	valid_loss	48745.7338867
batch	16920	valid_loss	48825.1054688
batch	16950	valid_loss	48718.465332
batch	16980	valid_loss	48695.4609375
batch	17010	valid_loss	48673.590332
batch	17040	valid_loss	48695.9931641
batch	17070	valid_loss	48710.4145508
batch	17100	valid_loss	48721.7548828
batch	17130	valid_loss	48711.2177734
batch	17160	valid_loss	48639.1503906
batch	17190	valid_loss	48636.6025391
batch	17220	valid_loss	48667.1118164
batch	17250	valid_loss	48680.8295898
batch	17280	valid_loss	48665.1665039
batch	17310	valid_loss	48711.543457
batch	17340	valid_loss	48617.0927734
batch	17370	valid_loss	48613.0981445
batch	17400	valid_loss	48604.878418
batch	17430	valid_loss	48575.7026367
batch	17460	valid_loss	48533.0600586
batch	17490	valid_loss	48559.9609375
batch	17520	valid_loss	48572.2241211
batch	17550	valid_loss	48544.6806641
batch	17580	valid_loss	48489.0634766
batch	17610	valid_loss	48544.9555664
batch	17640	valid_loss	48507.4345703
batch	17670	valid_loss	48455.4506836
batch	17700	valid_loss	48485.5141602
batch	17730	valid_loss	48481.1025391
batch	17760	valid_loss	48395.2299805
batch	17790	valid_loss	48379.9379883
batch	17820	valid_loss	48357.0117188
batch	17850	valid_loss	48377.5917969
batch	17880	valid_loss	48319.7099609
batch	17910	valid_loss	48357.9228516
batch	17940	valid_loss	48361.7470703
batch	17970	valid_loss	48300.7680664
batch	18000	valid_loss	48294.2983398
batch	18030	valid_loss	48284.2373047
batch	18060	valid_loss	48311.4145508
batch	18090	valid_loss	48214.7358398
batch	18120	valid_loss	48276.5620117
batch	18150	valid_loss	48174.8168945
batch	18180	valid_loss	48156.0869141
batch	18210	valid_loss	48205.7993164
batch	18240	valid_loss	48215.2524414
batch	18270	valid_loss	48067.9345703
batch	18300	valid_loss	48069.2163086
batch	18330	valid_loss	48045.5634766
batch	18360	valid_loss	48070.0532227
batch	18390	valid_loss	48042.5791016
batch	18420	valid_loss	47990.3271484
batch	18450	valid_loss	48028.1889648
batch	18480	valid_loss	48115.4243164
batch	18510	valid_loss	47966.3173828
batch	18540	valid_loss	47949.6030273
batch	18570	valid_loss	47941.4765625
batch	18600	valid_loss	47896.1210938
batch	18630	valid_loss	47895.6464844
batch	18660	valid_loss	47943.0791016
batch	18690	valid_loss	47907.2006836
batch	18720	valid_loss	47829.434082
batch	18750	valid_loss	47808.2265625
batch	18780	valid_loss	47826.4365234
batch	18810	valid_loss	47809.8085938
batch	18840	valid_loss	47796.6142578
batch	18870	valid_loss	47909.659668
batch	18900	valid_loss	47725.5732422
batch	18930	valid_loss	47734.1186523
batch	18960	valid_loss	47701.9638672
batch	18990	valid_loss	47640.0844727
batch	19020	valid_loss	47618.3217773
batch	19050	valid_loss	47644.5756836
batch	19080	valid_loss	47641.324707
batch	19110	valid_loss	47653.8686523
batch	19140	valid_loss	47542.7797852
batch	19170	valid_loss	47600.9985352
batch	19200	valid_loss	47573.4150391
batch	19230	valid_loss	47522.939209
batch	19260	valid_loss	47539.7546387
batch	19290	valid_loss	47567.1950684
batch	19320	valid_loss	47440.7980957
batch	19350	valid_loss	47426.9743652
batch	19380	valid_loss	47420.4799805
batch	19410	valid_loss	47391.8476562
batch	19440	valid_loss	47339.1176758
batch	19470	valid_loss	47393.7446289
batch	19500	valid_loss	47404.4387207
batch	19530	valid_loss	47305.6721191
batch	19560	valid_loss	47298.9577637
batch	19590	valid_loss	47291.9204102
batch	19620	valid_loss	47268.9155273
batch	19650	valid_loss	47211.270752
batch	19680	valid_loss	47255.0871582
batch	19710	valid_loss	47172.9030762
batch	19740	valid_loss	47155.7143555
batch	19770	valid_loss	47193.1711426
batch	19800	valid_loss	47195.1386719
batch	19830	valid_loss	47073.4616699
batch	19860	valid_loss	47023.5124512
batch	19890	valid_loss	47011.4755859
batch	19920	valid_loss	47042.3740234
batch	19950	valid_loss	46982.0812988
batch	19980	valid_loss	46948.2016602
batch	20010	valid_loss	46967.7121582
batch	20040	valid_loss	47051.2380371
batch	20070	valid_loss	46917.7512207
batch	20100	valid_loss	46878.1933594
batch	20130	valid_loss	46907.8891602
batch	20160	valid_loss	46859.7241211
batch	20190	valid_loss	46841.1096191
batch	20220	valid_loss	46889.7751465
batch	20250	valid_loss	46817.2229004
batch	20280	valid_loss	46769.7075195
batch	20310	valid_loss	46740.8461914
batch	20340	valid_loss	46791.7978516
batch	20370	valid_loss	46729.1948242
batch	20400	valid_loss	46742.0161133
batch	20430	valid_loss	46887.0844727
batch	20460	valid_loss	46662.6989746
batch	20490	valid_loss	46641.3461914
batch	20520	valid_loss	46636.1181641
batch	20550	valid_loss	46578.9174805
batch	20580	valid_loss	46556.7600098
batch	20610	valid_loss	46578.9345703
batch	20640	valid_loss	46560.3483887
batch	20670	valid_loss	46528.2346191
batch	20700	valid_loss	46479.3310547
batch	20730	valid_loss	46519.2226562
batch	20760	valid_loss	46505.1254883
batch	20790	valid_loss	46451.2995605
batch	20820	valid_loss	46447.119873
batch	20850	valid_loss	46490.3986816
batch	20880	valid_loss	46327.6501465
batch	20910	valid_loss	46350.871582
batch	20940	valid_loss	46352.4750977
batch	20970	valid_loss	46309.1948242
batch	21000	valid_loss	46267.8916016
batch	21030	valid_loss	46313.6262207
batch	21060	valid_loss	46333.8269043
batch	21090	valid_loss	46210.2468262
batch	21120	valid_loss	46210.5976562
batch	21150	valid_loss	46189.3503418
batch	21180	valid_loss	46173.0720215
batch	21210	valid_loss	46128.4077148
batch	21240	valid_loss	46160.1896973
batch	21270	valid_loss	46091.5432129
batch	21300	valid_loss	46028.8430176
batch	21330	valid_loss	46067.369873
batch	21360	valid_loss	46096.8120117
batch	21390	valid_loss	45970.8376465
batch	21420	valid_loss	45914.9401855
batch	21450	valid_loss	45891.0725098
batch	21480	valid_loss	45923.8945312
batch	21510	valid_loss	45850.779541
batch	21540	valid_loss	45837.5695801
batch	21570	valid_loss	45828.9465332
batch	21600	valid_loss	45897.2783203
batch	21630	valid_loss	45778.119873
batch	21660	valid_loss	45727.9133301
batch	21690	valid_loss	45735.2277832
batch	21720	valid_loss	45701.5058594
batch	21750	valid_loss	45678.0791016
batch	21780	valid_loss	45695.1777344
batch	21810	valid_loss	45667.5332031
batch	21840	valid_loss	45577.8200684
batch	21870	valid_loss	45552.9555664
batch	21900	valid_loss	45571.972168
batch	21930	valid_loss	45528.4638672
batch	21960	valid_loss	45537.9580078
batch	21990	valid_loss	45691.2224121
batch	22020	valid_loss	45462.0776367
batch	22050	valid_loss	45411.8171387
batch	22080	valid_loss	45407.2463379
batch	22110	valid_loss	45337.4660645
batch	22140	valid_loss	45325.3432617
batch	22170	valid_loss	45367.1853027
batch	22200	valid_loss	45301.5900879
batch	22230	valid_loss	45258.1044922
batch	22260	valid_loss	45210.7539062
batch	22290	valid_loss	45256.4663086
batch	22320	valid_loss	45240.3088379
batch	22350	valid_loss	45164.284668
batch	22380	valid_loss	45150.6604004
batch	22410	valid_loss	45171.4050293
batch	22440	valid_loss	45046.9816895
batch	22470	valid_loss	45082.3200684
batch	22500	valid_loss	45066.7163086
batch	22530	valid_loss	45028.1804199
batch	22560	valid_loss	44992.4887695
batch	22590	valid_loss	45003.2058105
batch	22620	valid_loss	44995.9326172
batch	22650	valid_loss	44878.0356445
batch	22680	valid_loss	44908.0361328
batch	22710	valid_loss	44867.2861328
batch	22740	valid_loss	44859.9130859
batch	22770	valid_loss	44810.8981934
batch	22800	valid_loss	44867.3215332
batch	22830	valid_loss	44762.6940918
batch	22860	valid_loss	44718.5856934
batch	22890	valid_loss	44756.5212402
batch	22920	valid_loss	44805.0742188
batch	22950	valid_loss	44637.4001465
batch	22980	valid_loss	44615.604248
batch	23010	valid_loss	44575.0246582
batch	23040	valid_loss	44610.9985352
batch	23070	valid_loss	44534.8273926
batch	23100	valid_loss	44564.0012207
batch	23130	valid_loss	44553.2553711
batch	23160	valid_loss	44608.4150391
batch	23190	valid_loss	44456.40625
batch	23220	valid_loss	44413.4016113
batch	23250	valid_loss	44383.1132812
batch	23280	valid_loss	44373.378418
batch	23310	valid_loss	44384.6401367
batch	23340	valid_loss	44373.0495605
batch	23370	valid_loss	44361.7724609
batch	23400	valid_loss	44262.6772461
batch	23430	valid_loss	44238.6901855
batch	23460	valid_loss	44258.5031738
batch	23490	valid_loss	44207.2741699
batch	23520	valid_loss	44223.0327148
batch	23550	valid_loss	44352.8134766
batch	23580	valid_loss	44160.9013672
batch	23610	valid_loss	44105.5869141
batch	23640	valid_loss	44079.4799805
batch	23670	valid_loss	44014.46875
batch	23700	valid_loss	44002.5883789
batch	23730	valid_loss	44038.892334
batch	23760	valid_loss	43989.9812012
batch	23790	valid_loss	43924.8762207
batch	23820	valid_loss	43876.9248047
batch	23850	valid_loss	43919.2282715
batch	23880	valid_loss	43898.6230469
batch	23910	valid_loss	43832.1240234
batch	23940	valid_loss	43832.5935059
batch	23970	valid_loss	43827.8574219
batch	24000	valid_loss	43725.9709473
batch	24030	valid_loss	43755.6135254
batch	24060	valid_loss	43737.4836426
batch	24090	valid_loss	43704.1914062
batch	24120	valid_loss	43658.121582
batch	24150	valid_loss	43680.0058594
batch	24180	valid_loss	43669.5610352
batch	24210	valid_loss	43587.0393066
batch	24240	valid_loss	43610.9768066
batch	24270	valid_loss	43569.2753906
batch	24300	valid_loss	43540.4365234
batch	24330	valid_loss	43530.1762695
batch	24360	valid_loss	43523.5698242
batch	24390	valid_loss	43457.7363281
batch	24420	valid_loss	43448.5407715
batch	24450	valid_loss	43478.6660156
batch	24480	valid_loss	43519.7023926
batch	24510	valid_loss	43361.2790527
batch	24540	valid_loss	43341.9726562
batch	24570	valid_loss	43315.980957
batch	24600	valid_loss	43327.3693848
batch	24630	valid_loss	43276.9819336
batch	24660	valid_loss	43322.2133789
batch	24690	valid_loss	43325.6906738
batch	24720	valid_loss	43368.6159668
batch	24750	valid_loss	43217.7978516
batch	24780	valid_loss	43162.482666
batch	24810	valid_loss	43184.213623
batch	24840	valid_loss	43167.0817871
batch	24870	valid_loss	43176.045166
batch	24900	valid_loss	43143.0375977
batch	24930	valid_loss	43148.3818359
batch	24960	valid_loss	43085.7084961
batch	24990	valid_loss	43054.9006348
STOP
