START
config	640	80	640	960
batch	0	valid_loss	7387429.5625
batch	30	valid_loss	189582.332031
batch	60	valid_loss	103171.379883
batch	90	valid_loss	99379.5341797
batch	120	valid_loss	99220.9101562
batch	150	valid_loss	99195.2783203
batch	180	valid_loss	99183.0673828
batch	210	valid_loss	99072.2441406
batch	240	valid_loss	98997.2001953
batch	270	valid_loss	98834.3925781
batch	300	valid_loss	98551.9013672
batch	330	valid_loss	97936.2617188
batch	360	valid_loss	96701.8046875
batch	390	valid_loss	94882.1025391
batch	420	valid_loss	92846.5605469
batch	450	valid_loss	91562.5512695
batch	480	valid_loss	90692.1601562
batch	510	valid_loss	90116.5073242
batch	540	valid_loss	89796.6767578
batch	570	valid_loss	89393.1743164
batch	600	valid_loss	89017.4404297
batch	630	valid_loss	88608.1831055
batch	660	valid_loss	88143.6455078
batch	690	valid_loss	87616.2519531
batch	720	valid_loss	87045.7211914
batch	750	valid_loss	86383.2338867
batch	780	valid_loss	85694.8681641
batch	810	valid_loss	84993.8046875
batch	840	valid_loss	84094.5507812
batch	870	valid_loss	83457.7670898
batch	900	valid_loss	82686.9853516
batch	930	valid_loss	81920.2436523
batch	960	valid_loss	81009.449707
batch	990	valid_loss	80318.753418
batch	1020	valid_loss	79442.6928711
batch	1050	valid_loss	78588.7412109
batch	1080	valid_loss	77836.0458984
batch	1110	valid_loss	76945.6918945
batch	1140	valid_loss	76131.8959961
batch	1170	valid_loss	75200.3583984
batch	1200	valid_loss	74470.3920898
batch	1230	valid_loss	73535.4091797
batch	1260	valid_loss	72645.3032227
batch	1290	valid_loss	71849.5712891
batch	1320	valid_loss	70905.1791992
batch	1350	valid_loss	70153.3549805
batch	1380	valid_loss	69301.0893555
batch	1410	valid_loss	68444.4921875
batch	1440	valid_loss	67642.6640625
batch	1470	valid_loss	66977.3183594
batch	1500	valid_loss	66155.2514648
batch	1530	valid_loss	65486.4384766
batch	1560	valid_loss	64713.4702148
batch	1590	valid_loss	64047.7387695
batch	1620	valid_loss	63253.4731445
batch	1650	valid_loss	62612.7861328
batch	1680	valid_loss	62122.9853516
batch	1710	valid_loss	61487.4829102
batch	1740	valid_loss	60794.1352539
batch	1770	valid_loss	60308.7207031
batch	1800	valid_loss	59802.987793
batch	1830	valid_loss	59259.8774414
batch	1860	valid_loss	58711.5942383
batch	1890	valid_loss	57999.0141602
batch	1920	valid_loss	57619.2119141
batch	1950	valid_loss	57144.765625
batch	1980	valid_loss	56618.71875
batch	2010	valid_loss	56239.9243164
batch	2040	valid_loss	55738.5014648
batch	2070	valid_loss	55132.7397461
batch	2100	valid_loss	54803.015625
batch	2130	valid_loss	54347.5908203
batch	2160	valid_loss	53990.6660156
batch	2190	valid_loss	53485.956543
batch	2220	valid_loss	53237.5820312
batch	2250	valid_loss	52840.9047852
batch	2280	valid_loss	52473.3774414
batch	2310	valid_loss	52185.0161133
batch	2340	valid_loss	51855.7949219
batch	2370	valid_loss	51484.9541016
batch	2400	valid_loss	51223.503418
batch	2430	valid_loss	50984.4667969
batch	2460	valid_loss	50538.6557617
batch	2490	valid_loss	50193.6977539
batch	2520	valid_loss	50020.4418945
batch	2550	valid_loss	49637.2124023
batch	2580	valid_loss	49441.6108398
batch	2610	valid_loss	49269.9038086
batch	2640	valid_loss	48886.9321289
batch	2670	valid_loss	48640.8144531
batch	2700	valid_loss	48260.0112305
batch	2730	valid_loss	48275.5214844
batch	2760	valid_loss	47885.5068359
batch	2790	valid_loss	47643.0083008
batch	2820	valid_loss	47321.5126953
batch	2850	valid_loss	47043.3344727
batch	2880	valid_loss	47039.5412598
batch	2910	valid_loss	46687.5168457
batch	2940	valid_loss	46473.6779785
batch	2970	valid_loss	46305.986084
batch	3000	valid_loss	46061.4204102
batch	3030	valid_loss	45951.416748
batch	3060	valid_loss	45682.4655762
batch	3090	valid_loss	45524.9023438
batch	3120	valid_loss	45475.2104492
batch	3150	valid_loss	45152.6364746
batch	3180	valid_loss	44963.387207
batch	3210	valid_loss	44938.4370117
batch	3240	valid_loss	44781.3322754
batch	3270	valid_loss	44564.7224121
batch	3300	valid_loss	44499.0292969
batch	3330	valid_loss	44303.4123535
batch	3360	valid_loss	44213.3413086
batch	3390	valid_loss	44008.5539551
batch	3420	valid_loss	43905.2978516
batch	3450	valid_loss	43687.8579102
batch	3480	valid_loss	43686.15625
batch	3510	valid_loss	43549.3930664
batch	3540	valid_loss	43455.2172852
batch	3570	valid_loss	43384.041748
batch	3600	valid_loss	43341.1328125
batch	3630	valid_loss	43088.8054199
batch	3660	valid_loss	43145.5366211
batch	3690	valid_loss	42894.3417969
batch	3720	valid_loss	42853.9145508
batch	3750	valid_loss	42775.3239746
batch	3780	valid_loss	42685.4360352
batch	3810	valid_loss	42675.6574707
batch	3840	valid_loss	42541.4318848
batch	3870	valid_loss	42482.2346191
batch	3900	valid_loss	42413.6044922
batch	3930	valid_loss	42454.0471191
batch	3960	valid_loss	42317.7558594
batch	3990	valid_loss	42270.3273926
batch	4020	valid_loss	42184.9104004
batch	4050	valid_loss	42007.5834961
batch	4080	valid_loss	42066.7348633
batch	4110	valid_loss	41958.6188965
batch	4140	valid_loss	41905.8161621
batch	4170	valid_loss	41911.3383789
batch	4200	valid_loss	41779.5053711
batch	4230	valid_loss	41759.9858398
batch	4260	valid_loss	41600.2822266
batch	4290	valid_loss	41783.2250977
batch	4320	valid_loss	41566.5666504
batch	4350	valid_loss	41499.3737793
batch	4380	valid_loss	41473.2797852
batch	4410	valid_loss	41447.0043945
batch	4440	valid_loss	41447.1225586
batch	4470	valid_loss	41350.8901367
batch	4500	valid_loss	41312.0266113
batch	4530	valid_loss	41274.7717285
batch	4560	valid_loss	41248.5334473
batch	4590	valid_loss	41213.2219238
batch	4620	valid_loss	41126.269043
batch	4650	valid_loss	41018.4665527
batch	4680	valid_loss	41050.560791
batch	4710	valid_loss	41097.9443359
batch	4740	valid_loss	41046.6157227
batch	4770	valid_loss	41093.0876465
batch	4800	valid_loss	41006.2109375
batch	4830	valid_loss	41067.9104004
batch	4860	valid_loss	40852.0200195
batch	4890	valid_loss	40759.6721191
batch	4920	valid_loss	40839.4880371
batch	4950	valid_loss	40930.3476562
batch	4980	valid_loss	40770.4282227
batch	5010	valid_loss	40637.8352051
batch	5040	valid_loss	40624.7941895
batch	5070	valid_loss	40611.6464844
batch	5100	valid_loss	40704.3161621
batch	5130	valid_loss	40598.8916016
batch	5160	valid_loss	40623.973877
batch	5190	valid_loss	40529.6118164
batch	5220	valid_loss	40638.034668
batch	5250	valid_loss	40451.331543
batch	5280	valid_loss	40354.1242676
batch	5310	valid_loss	40324.2685547
batch	5340	valid_loss	40330.3835449
batch	5370	valid_loss	40317.6975098
batch	5400	valid_loss	40247.779541
batch	5430	valid_loss	40258.2138672
batch	5460	valid_loss	40248.0869141
batch	5490	valid_loss	40320.5952148
batch	5520	valid_loss	40161.6662598
batch	5550	valid_loss	40214.6230469
batch	5580	valid_loss	40347.1191406
batch	5610	valid_loss	40118.4353027
batch	5640	valid_loss	40104.2509766
batch	5670	valid_loss	40134.7592773
batch	5700	valid_loss	40168.7177734
batch	5730	valid_loss	40108.409668
batch	5760	valid_loss	39989.9016113
batch	5790	valid_loss	40057.1936035
batch	5820	valid_loss	39931.6311035
batch	5850	valid_loss	40129.4780273
batch	5880	valid_loss	39988.3405762
batch	5910	valid_loss	39816.1918945
batch	5940	valid_loss	39939.0932617
batch	5970	valid_loss	39891.2165527
batch	6000	valid_loss	39922.7226562
batch	6030	valid_loss	39980.251709
batch	6060	valid_loss	39833.7666016
batch	6090	valid_loss	39773.2661133
batch	6120	valid_loss	39735.0368652
batch	6150	valid_loss	39780.5571289
batch	6180	valid_loss	39762.0793457
batch	6210	valid_loss	39731.0661621
batch	6240	valid_loss	39789.121582
batch	6270	valid_loss	39745.206543
batch	6300	valid_loss	39720.7617188
batch	6330	valid_loss	39770.3205566
batch	6360	valid_loss	39779.9909668
batch	6390	valid_loss	39768.6452637
batch	6420	valid_loss	39686.4313965
batch	6450	valid_loss	39650.8383789
batch	6480	valid_loss	39711.7565918
batch	6510	valid_loss	39656.6599121
batch	6540	valid_loss	39671.0483398
batch	6570	valid_loss	39609.8061523
batch	6600	valid_loss	39568.8742676
batch	6630	valid_loss	39694.2844238
batch	6660	valid_loss	39640.8120117
batch	6690	valid_loss	39601.9458008
batch	6720	valid_loss	39622.3632812
batch	6750	valid_loss	39639.3972168
batch	6780	valid_loss	39591.3278809
batch	6810	valid_loss	39594.3676758
batch	6840	valid_loss	39627.1333008
batch	6870	valid_loss	39536.9694824
batch	6900	valid_loss	39442.4101562
batch	6930	valid_loss	39476.9243164
batch	6960	valid_loss	39706.814209
batch	6990	valid_loss	39498.0185547
batch	7020	valid_loss	39495.517334
batch	7050	valid_loss	39510.6328125
batch	7080	valid_loss	39423.1350098
batch	7110	valid_loss	39454.5231934
batch	7140	valid_loss	39506.4946289
batch	7170	valid_loss	39501.9934082
batch	7200	valid_loss	39485.1052246
batch	7230	valid_loss	39508.6625977
batch	7260	valid_loss	39444.5046387
batch	7290	valid_loss	39495.0307617
batch	7320	valid_loss	39441.154541
batch	7350	valid_loss	39457.9926758
batch	7380	valid_loss	39401.277832
batch	7410	valid_loss	39448.0861816
batch	7440	valid_loss	39449.9929199
batch	7470	valid_loss	39398.3862305
batch	7500	valid_loss	39411.7929688
batch	7530	valid_loss	39385.3029785
batch	7560	valid_loss	39382.8510742
batch	7590	valid_loss	39352.6298828
batch	7620	valid_loss	39433.5556641
batch	7650	valid_loss	39310.0664062
batch	7680	valid_loss	39380.3154297
batch	7710	valid_loss	39375.0476074
batch	7740	valid_loss	39263.5224609
batch	7770	valid_loss	39329.8364258
batch	7800	valid_loss	39342.1484375
batch	7830	valid_loss	39357.5314941
batch	7860	valid_loss	39364.0366211
batch	7890	valid_loss	39338.2939453
batch	7920	valid_loss	39332.8640137
batch	7950	valid_loss	39301.713623
batch	7980	valid_loss	39344.7885742
batch	8010	valid_loss	39274.8757324
batch	8040	valid_loss	39336.5981445
batch	8070	valid_loss	39320.3815918
batch	8100	valid_loss	39402.1120605
batch	8130	valid_loss	39336.4470215
batch	8160	valid_loss	39236.3662109
batch	8190	valid_loss	39271.7687988
batch	8220	valid_loss	39333.501709
batch	8250	valid_loss	39302.9868164
batch	8280	valid_loss	39256.9934082
batch	8310	valid_loss	39248.9594727
batch	8340	valid_loss	39168.2741699
batch	8370	valid_loss	39262.6245117
batch	8400	valid_loss	39230.7197266
batch	8430	valid_loss	39294.1186523
batch	8460	valid_loss	39265.0241699
batch	8490	valid_loss	39233.5698242
batch	8520	valid_loss	39374.9501953
batch	8550	valid_loss	39226.300293
batch	8580	valid_loss	39210.4299316
batch	8610	valid_loss	39197.5114746
batch	8640	valid_loss	39153.8630371
batch	8670	valid_loss	39195.3605957
batch	8700	valid_loss	39273.8618164
batch	8730	valid_loss	39247.7893066
batch	8760	valid_loss	39276.5339355
batch	8790	valid_loss	39175.7834473
batch	8820	valid_loss	39164.6760254
batch	8850	valid_loss	39204.4570312
batch	8880	valid_loss	39173.0505371
batch	8910	valid_loss	39168.1657715
batch	8940	valid_loss	39169.293457
batch	8970	valid_loss	39233.2155762
batch	9000	valid_loss	39176.715332
batch	9030	valid_loss	39133.9733887
batch	9060	valid_loss	39268.7561035
batch	9090	valid_loss	39132.0422363
batch	9120	valid_loss	39104.7736816
batch	9150	valid_loss	39259.0644531
batch	9180	valid_loss	39115.1928711
batch	9210	valid_loss	39090.84375
batch	9240	valid_loss	39145.8786621
batch	9270	valid_loss	39175.5166016
batch	9300	valid_loss	39061.9604492
batch	9330	valid_loss	39119.0180664
batch	9360	valid_loss	39174.5737305
batch	9390	valid_loss	39108.0974121
batch	9420	valid_loss	39123.9255371
batch	9450	valid_loss	39085.5563965
batch	9480	valid_loss	39107.3098145
batch	9510	valid_loss	39030.9929199
batch	9540	valid_loss	39037.416748
batch	9570	valid_loss	38991.9399414
batch	9600	valid_loss	39156.6203613
batch	9630	valid_loss	39118.3547363
batch	9660	valid_loss	39178.737793
batch	9690	valid_loss	39087.1591797
batch	9720	valid_loss	39037.4711914
batch	9750	valid_loss	39001.9699707
batch	9780	valid_loss	39162.2697754
batch	9810	valid_loss	39072.8115234
batch	9840	valid_loss	39040.9726562
batch	9870	valid_loss	38960.8686523
batch	9900	valid_loss	39075.2124023
batch	9930	valid_loss	39019.7067871
batch	9960	valid_loss	38978.402832
batch	9990	valid_loss	39055.685791
batch	10020	valid_loss	39016.5922852
batch	10050	valid_loss	39042.1337891
batch	10080	valid_loss	39217.0368652
batch	10110	valid_loss	38960.1972656
batch	10140	valid_loss	38973.3925781
batch	10170	valid_loss	39023.901123
batch	10200	valid_loss	38952.6936035
batch	10230	valid_loss	38970.4838867
batch	10260	valid_loss	39054.9221191
batch	10290	valid_loss	38971.7536621
batch	10320	valid_loss	39029.5576172
batch	10350	valid_loss	38981.338623
batch	10380	valid_loss	38955.7358398
batch	10410	valid_loss	38962.4140625
batch	10440	valid_loss	38997.8571777
batch	10470	valid_loss	38963.2736816
batch	10500	valid_loss	38850.3586426
batch	10530	valid_loss	38967.1293945
batch	10560	valid_loss	38952.2807617
batch	10590	valid_loss	38874.1933594
batch	10620	valid_loss	38923.1320801
batch	10650	valid_loss	38872.4868164
batch	10680	valid_loss	38927.9138184
batch	10710	valid_loss	38912.8591309
batch	10740	valid_loss	38887.0976562
batch	10770	valid_loss	38901.2182617
batch	10800	valid_loss	38828.7568359
batch	10830	valid_loss	38923.5961914
batch	10860	valid_loss	38826.487793
batch	10890	valid_loss	38869.7287598
batch	10920	valid_loss	38885.4084473
batch	10950	valid_loss	38940.3618164
batch	10980	valid_loss	38899.3706055
batch	11010	valid_loss	38838.4194336
batch	11040	valid_loss	38827.6872559
batch	11070	valid_loss	38841.520752
batch	11100	valid_loss	38893.0454102
batch	11130	valid_loss	38797.5944824
batch	11160	valid_loss	38852.7385254
batch	11190	valid_loss	38839.4226074
batch	11220	valid_loss	38827.4489746
batch	11250	valid_loss	38771.7280273
batch	11280	valid_loss	38756.8442383
batch	11310	valid_loss	38771.909668
batch	11340	valid_loss	38921.4714355
batch	11370	valid_loss	38763.3295898
batch	11400	valid_loss	38752.505127
batch	11430	valid_loss	38669.6459961
batch	11460	valid_loss	38777.5576172
batch	11490	valid_loss	38783.7351074
batch	11520	valid_loss	38750.2373047
batch	11550	valid_loss	38713.0532227
batch	11580	valid_loss	38731.5788574
batch	11610	valid_loss	38761.5153809
batch	11640	valid_loss	38972.5012207
batch	11670	valid_loss	38667.6328125
batch	11700	valid_loss	38617.5251465
batch	11730	valid_loss	38597.8557129
batch	11760	valid_loss	38667.7868652
batch	11790	valid_loss	38641.0517578
batch	11820	valid_loss	38710.7202148
batch	11850	valid_loss	38702.5881348
batch	11880	valid_loss	38786.9436035
batch	11910	valid_loss	38646.4714355
batch	11940	valid_loss	38687.4482422
batch	11970	valid_loss	38628.3500977
batch	12000	valid_loss	38635.699707
batch	12030	valid_loss	38554.3903809
batch	12060	valid_loss	38509.871582
batch	12090	valid_loss	38519.9262695
batch	12120	valid_loss	38536.125
batch	12150	valid_loss	38561.005127
batch	12180	valid_loss	38581.5517578
batch	12210	valid_loss	38503.4516602
batch	12240	valid_loss	38459.1845703
batch	12270	valid_loss	38454.421875
batch	12300	valid_loss	38447.4765625
batch	12330	valid_loss	38429.8964844
batch	12360	valid_loss	38310.5881348
batch	12390	valid_loss	38411.9841309
batch	12420	valid_loss	38380.1062012
batch	12450	valid_loss	38395.6425781
batch	12480	valid_loss	38365.4648438
batch	12510	valid_loss	38397.6201172
batch	12540	valid_loss	38383.9030762
batch	12570	valid_loss	38343.7558594
batch	12600	valid_loss	38300.166748
batch	12630	valid_loss	38378.3203125
batch	12660	valid_loss	38379.5908203
batch	12690	valid_loss	38228.6843262
batch	12720	valid_loss	38281.6547852
batch	12750	valid_loss	38255.2421875
batch	12780	valid_loss	38214.7099609
batch	12810	valid_loss	38247.2038574
batch	12840	valid_loss	38154.0319824
batch	12870	valid_loss	38184.2277832
batch	12900	valid_loss	38214.4594727
batch	12930	valid_loss	38088.0664062
batch	12960	valid_loss	38091.0529785
batch	12990	valid_loss	38009.1147461
batch	13020	valid_loss	38083.4816895
batch	13050	valid_loss	38095.7797852
batch	13080	valid_loss	38028.9243164
batch	13110	valid_loss	38048.6867676
batch	13140	valid_loss	37973.8417969
batch	13170	valid_loss	37998.1369629
batch	13200	valid_loss	38134.0549316
batch	13230	valid_loss	37863.1105957
batch	13260	valid_loss	37842.076416
batch	13290	valid_loss	37899.9616699
batch	13320	valid_loss	37864.2421875
batch	13350	valid_loss	37788.2775879
batch	13380	valid_loss	37737.4394531
batch	13410	valid_loss	37725.1787109
batch	13440	valid_loss	37725.8710938
batch	13470	valid_loss	37737.1027832
batch	13500	valid_loss	37708.9169922
batch	13530	valid_loss	37601.659668
batch	13560	valid_loss	37581.9956055
batch	13590	valid_loss	37522.4353027
batch	13620	valid_loss	37464.4462891
batch	13650	valid_loss	37441.5537109
batch	13680	valid_loss	37433.7436523
batch	13710	valid_loss	37334.2114258
batch	13740	valid_loss	37347.0463867
batch	13770	valid_loss	37370.8693848
batch	13800	valid_loss	37305.6816406
batch	13830	valid_loss	37209.4023438
batch	13860	valid_loss	37141.029541
batch	13890	valid_loss	37113.3754883
batch	13920	valid_loss	37024.1469727
batch	13950	valid_loss	37101.4333496
batch	13980	valid_loss	37031.1779785
batch	14010	valid_loss	37051.7543945
batch	14040	valid_loss	36951.5622559
batch	14070	valid_loss	36888.8803711
batch	14100	valid_loss	36873.6184082
batch	14130	valid_loss	36859.1352539
batch	14160	valid_loss	36752.3510742
batch	14190	valid_loss	36684.4245605
batch	14220	valid_loss	36634.9677734
batch	14250	valid_loss	36588.690918
batch	14280	valid_loss	36577.4128418
batch	14310	valid_loss	36541.1706543
batch	14340	valid_loss	36516.5083008
batch	14370	valid_loss	36510.935791
batch	14400	valid_loss	36324.4367676
batch	14430	valid_loss	36339.3640137
batch	14460	valid_loss	36316.0041504
batch	14490	valid_loss	36195.1008301
batch	14520	valid_loss	36236.8603516
batch	14550	valid_loss	36050.4082031
batch	14580	valid_loss	36081.9753418
batch	14610	valid_loss	36057.6677246
batch	14640	valid_loss	35925.4272461
batch	14670	valid_loss	35925.2006836
batch	14700	valid_loss	35819.0217285
batch	14730	valid_loss	35829.9348145
batch	14760	valid_loss	35860.5837402
batch	14790	valid_loss	35661.4196777
batch	14820	valid_loss	35587.96875
batch	14850	valid_loss	35495.0539551
batch	14880	valid_loss	35528.1884766
batch	14910	valid_loss	35481.5075684
batch	14940	valid_loss	35381.2717285
batch	14970	valid_loss	35396.934082
batch	15000	valid_loss	35289.6867676
batch	15030	valid_loss	35225.9863281
batch	15060	valid_loss	35165.4348145
batch	15090	valid_loss	35088.8383789
batch	15120	valid_loss	35027.947998
batch	15150	valid_loss	34978.970459
batch	15180	valid_loss	34902.8652344
batch	15210	valid_loss	34859.0876465
batch	15240	valid_loss	34784.2998047
batch	15270	valid_loss	34698.3149414
batch	15300	valid_loss	34687.1965332
batch	15330	valid_loss	34607.6188965
batch	15360	valid_loss	34588.8100586
batch	15390	valid_loss	34508.7705078
batch	15420	valid_loss	34415.4350586
batch	15450	valid_loss	34372.3376465
batch	15480	valid_loss	34355.4619141
batch	15510	valid_loss	34267.8400879
batch	15540	valid_loss	34280.1894531
batch	15570	valid_loss	34190.612793
batch	15600	valid_loss	34068.3718262
batch	15630	valid_loss	34059.2236328
batch	15660	valid_loss	34107.5505371
batch	15690	valid_loss	33981.1848145
batch	15720	valid_loss	33936.1574707
batch	15750	valid_loss	33937.6838379
batch	15780	valid_loss	33966.8527832
batch	15810	valid_loss	33708.4951172
batch	15840	valid_loss	33676.7807617
batch	15870	valid_loss	33624.1538086
batch	15900	valid_loss	33536.8225098
batch	15930	valid_loss	33483.1611328
batch	15960	valid_loss	33433.9157715
batch	15990	valid_loss	33428.0048828
batch	16020	valid_loss	33388.8852539
batch	16050	valid_loss	33440.7524414
batch	16080	valid_loss	33261.5898438
batch	16110	valid_loss	33196.2695312
batch	16140	valid_loss	33129.5812988
batch	16170	valid_loss	33139.4289551
batch	16200	valid_loss	33005.887207
batch	16230	valid_loss	33031.4179688
batch	16260	valid_loss	32876.036377
batch	16290	valid_loss	32885.3742676
batch	16320	valid_loss	32854.486084
batch	16350	valid_loss	32814.4484863
batch	16380	valid_loss	32788.578125
batch	16410	valid_loss	32645.1733398
batch	16440	valid_loss	32772.8818359
batch	16470	valid_loss	32570.7856445
batch	16500	valid_loss	32528.729248
batch	16530	valid_loss	32508.0097656
batch	16560	valid_loss	32496.53125
batch	16590	valid_loss	32405.517334
batch	16620	valid_loss	32367.8356934
batch	16650	valid_loss	32313.2888184
batch	16680	valid_loss	32276.0231934
batch	16710	valid_loss	32172.6931152
batch	16740	valid_loss	32077.9345703
batch	16770	valid_loss	32130.7998047
batch	16800	valid_loss	32028.1584473
batch	16830	valid_loss	31958.9968262
batch	16860	valid_loss	31965.2197266
batch	16890	valid_loss	31922.328125
batch	16920	valid_loss	31829.842041
batch	16950	valid_loss	31765.2653809
batch	16980	valid_loss	31704.8920898
batch	17010	valid_loss	31796.734375
batch	17040	valid_loss	31578.9685059
batch	17070	valid_loss	31596.3901367
batch	17100	valid_loss	31569.7971191
batch	17130	valid_loss	31478.1262207
batch	17160	valid_loss	31473.1616211
batch	17190	valid_loss	31439.2832031
batch	17220	valid_loss	31372.706543
batch	17250	valid_loss	31341.0761719
batch	17280	valid_loss	31287.4777832
batch	17310	valid_loss	31267.4226074
batch	17340	valid_loss	31131.8005371
batch	17370	valid_loss	31090.0930176
batch	17400	valid_loss	31105.654541
batch	17430	valid_loss	31010.5986328
batch	17460	valid_loss	31059.3388672
batch	17490	valid_loss	30888.5053711
batch	17520	valid_loss	30915.1101074
batch	17550	valid_loss	30861.3044434
batch	17580	valid_loss	30815.7753906
batch	17610	valid_loss	30961.0710449
batch	17640	valid_loss	30726.8413086
batch	17670	valid_loss	30619.0524902
batch	17700	valid_loss	30651.6115723
batch	17730	valid_loss	30640.7167969
batch	17760	valid_loss	30527.7456055
batch	17790	valid_loss	30591.979248
batch	17820	valid_loss	30418.7717285
batch	17850	valid_loss	30390.1716309
batch	17880	valid_loss	30397.7531738
batch	17910	valid_loss	30313.3601074
batch	17940	valid_loss	30283.185791
batch	17970	valid_loss	30196.9575195
batch	18000	valid_loss	30264.9250488
batch	18030	valid_loss	30121.2548828
batch	18060	valid_loss	30087.958252
batch	18090	valid_loss	30070.2321777
batch	18120	valid_loss	30061.4094238
batch	18150	valid_loss	29979.5690918
batch	18180	valid_loss	29958.4396973
batch	18210	valid_loss	29839.4313965
batch	18240	valid_loss	29856.5708008
batch	18270	valid_loss	29780.9370117
batch	18300	valid_loss	29705.1403809
batch	18330	valid_loss	29722.4470215
batch	18360	valid_loss	29663.6889648
batch	18390	valid_loss	29557.6547852
batch	18420	valid_loss	29569.2116699
batch	18450	valid_loss	29513.9047852
batch	18480	valid_loss	29454.5307617
batch	18510	valid_loss	29420.3276367
batch	18540	valid_loss	29359.2663574
batch	18570	valid_loss	29457.8959961
batch	18600	valid_loss	29231.6914062
batch	18630	valid_loss	29229.4741211
batch	18660	valid_loss	29172.3383789
batch	18690	valid_loss	29125.9291992
batch	18720	valid_loss	29160.592041
batch	18750	valid_loss	29040.2731934
batch	18780	valid_loss	29035.8742676
batch	18810	valid_loss	29034.6826172
batch	18840	valid_loss	28981.2980957
batch	18870	valid_loss	28954.8742676
batch	18900	valid_loss	28824.0407715
batch	18930	valid_loss	28761.1262207
batch	18960	valid_loss	28792.4191895
batch	18990	valid_loss	28728.9355469
batch	19020	valid_loss	28762.8034668
batch	19050	valid_loss	28616.4230957
batch	19080	valid_loss	28607.0778809
batch	19110	valid_loss	28609.3527832
batch	19140	valid_loss	28529.5891113
batch	19170	valid_loss	28705.4575195
batch	19200	valid_loss	28552.4550781
batch	19230	valid_loss	28319.7585449
batch	19260	valid_loss	28351.064209
batch	19290	valid_loss	28335.798584
batch	19320	valid_loss	28245.8442383
batch	19350	valid_loss	28327.5219727
batch	19380	valid_loss	28172.1904297
batch	19410	valid_loss	28123.8078613
batch	19440	valid_loss	28170.4428711
batch	19470	valid_loss	28059.1130371
batch	19500	valid_loss	28048.3210449
batch	19530	valid_loss	27924.5068359
batch	19560	valid_loss	27947.4067383
batch	19590	valid_loss	27853.0324707
batch	19620	valid_loss	27880.807373
batch	19650	valid_loss	27833.8562012
batch	19680	valid_loss	27782.1062012
batch	19710	valid_loss	27786.0180664
batch	19740	valid_loss	27731.1188965
batch	19770	valid_loss	27720.8237305
batch	19800	valid_loss	27761.246582
batch	19830	valid_loss	27558.1962891
batch	19860	valid_loss	27495.4597168
batch	19890	valid_loss	27500.6853027
batch	19920	valid_loss	27477.1169434
batch	19950	valid_loss	27371.3076172
batch	19980	valid_loss	27385.0898438
batch	20010	valid_loss	27328.144043
batch	20040	valid_loss	27266.9494629
batch	20070	valid_loss	27261.4667969
batch	20100	valid_loss	27214.3222656
batch	20130	valid_loss	27347.8757324
batch	20160	valid_loss	27088.1513672
batch	20190	valid_loss	27056.2521973
batch	20220	valid_loss	27004.9174805
batch	20250	valid_loss	26982.7958984
batch	20280	valid_loss	26995.6357422
batch	20310	valid_loss	26896.3391113
batch	20340	valid_loss	26922.6054688
batch	20370	valid_loss	26899.1726074
batch	20400	valid_loss	26880.463623
batch	20430	valid_loss	26844.1069336
batch	20460	valid_loss	26706.8435059
batch	20490	valid_loss	26662.7561035
batch	20520	valid_loss	26682.9313965
batch	20550	valid_loss	26608.8591309
batch	20580	valid_loss	26616.8708496
batch	20610	valid_loss	26524.65625
batch	20640	valid_loss	26526.5412598
batch	20670	valid_loss	26539.574707
batch	20700	valid_loss	26523.0151367
batch	20730	valid_loss	26521.0678711
batch	20760	valid_loss	26390.1420898
batch	20790	valid_loss	26281.4553223
batch	20820	valid_loss	26335.0961914
batch	20850	valid_loss	26272.3825684
batch	20880	valid_loss	26205.6811523
batch	20910	valid_loss	26316.4509277
batch	20940	valid_loss	26114.6108398
batch	20970	valid_loss	26139.496582
batch	21000	valid_loss	26196.810791
batch	21030	valid_loss	26020.8791504
batch	21060	valid_loss	26011.279541
batch	21090	valid_loss	25919.7524414
batch	21120	valid_loss	26087.359375
batch	21150	valid_loss	25871.4946289
batch	21180	valid_loss	25948.8046875
batch	21210	valid_loss	25868.4943848
batch	21240	valid_loss	25789.7866211
batch	21270	valid_loss	25841.1201172
batch	21300	valid_loss	25756.8225098
batch	21330	valid_loss	25833.2236328
batch	21360	valid_loss	25762.1931152
batch	21390	valid_loss	25590.8962402
batch	21420	valid_loss	25613.6088867
batch	21450	valid_loss	25564.6347656
batch	21480	valid_loss	25568.4462891
batch	21510	valid_loss	25494.6074219
batch	21540	valid_loss	25469.1333008
batch	21570	valid_loss	25458.885498
batch	21600	valid_loss	25455.1982422
batch	21630	valid_loss	25396.6003418
batch	21660	valid_loss	25322.2734375
batch	21690	valid_loss	25313.3283691
batch	21720	valid_loss	25272.3857422
batch	21750	valid_loss	25229.3999023
batch	21780	valid_loss	25142.7436523
batch	21810	valid_loss	25206.4729004
batch	21840	valid_loss	25176.3850098
batch	21870	valid_loss	25094.286377
batch	21900	valid_loss	25116.2387695
batch	21930	valid_loss	25076.5688477
batch	21960	valid_loss	25071.7687988
batch	21990	valid_loss	25084.2456055
batch	22020	valid_loss	24937.0021973
batch	22050	valid_loss	25039.2900391
batch	22080	valid_loss	24895.3168945
batch	22110	valid_loss	24837.9794922
batch	22140	valid_loss	24846.9841309
batch	22170	valid_loss	24791.8632812
batch	22200	valid_loss	24776.3012695
batch	22230	valid_loss	24742.8537598
batch	22260	valid_loss	24746.3615723
batch	22290	valid_loss	24719.5063477
batch	22320	valid_loss	24656.223877
batch	22350	valid_loss	24566.2053223
batch	22380	valid_loss	24644.7104492
batch	22410	valid_loss	24542.2680664
batch	22440	valid_loss	24521.0932617
batch	22470	valid_loss	24567.8188477
batch	22500	valid_loss	24428.6887207
batch	22530	valid_loss	24428.6113281
batch	22560	valid_loss	24436.8891602
batch	22590	valid_loss	24371.6604004
batch	22620	valid_loss	24300.5444336
batch	22650	valid_loss	24267.8825684
batch	22680	valid_loss	24384.5297852
batch	22710	valid_loss	24207.4614258
batch	22740	valid_loss	24347.9475098
batch	22770	valid_loss	24238.1628418
batch	22800	valid_loss	24170.1069336
batch	22830	valid_loss	24208.3996582
batch	22860	valid_loss	24109.7019043
batch	22890	valid_loss	24151.9729004
batch	22920	valid_loss	24058.0549316
batch	22950	valid_loss	24007.7856445
batch	22980	valid_loss	23998.6506348
batch	23010	valid_loss	23933.9609375
batch	23040	valid_loss	23991.4836426
batch	23070	valid_loss	23921.317627
batch	23100	valid_loss	23896.2961426
batch	23130	valid_loss	23864.9777832
batch	23160	valid_loss	23862.2316895
batch	23190	valid_loss	23798.2302246
batch	23220	valid_loss	23748.4606934
batch	23250	valid_loss	23765.1003418
batch	23280	valid_loss	23708.364502
batch	23310	valid_loss	23654.4130859
batch	23340	valid_loss	23609.3502197
batch	23370	valid_loss	23709.5546875
batch	23400	valid_loss	23628.1062012
batch	23430	valid_loss	23537.6663818
batch	23460	valid_loss	23576.5509033
batch	23490	valid_loss	23545.8513184
batch	23520	valid_loss	23587.086792
batch	23550	valid_loss	23509.6827393
batch	23580	valid_loss	23439.7004395
batch	23610	valid_loss	23386.338623
batch	23640	valid_loss	23372.2456055
batch	23670	valid_loss	23330.909668
batch	23700	valid_loss	23351.44104
batch	23730	valid_loss	23295.6251221
batch	23760	valid_loss	23269.5307617
batch	23790	valid_loss	23238.295166
batch	23820	valid_loss	23237.7730713
batch	23850	valid_loss	23197.8875732
batch	23880	valid_loss	23288.5769043
batch	23910	valid_loss	23092.5101318
batch	23940	valid_loss	23134.3837891
batch	23970	valid_loss	23085.7475586
batch	24000	valid_loss	23110.0561523
batch	24030	valid_loss	23049.3580322
batch	24060	valid_loss	22965.104248
batch	24090	valid_loss	22948.4547119
batch	24120	valid_loss	23004.1791992
batch	24150	valid_loss	22920.1473389
batch	24180	valid_loss	22841.7011719
batch	24210	valid_loss	22855.3305664
batch	24240	valid_loss	23052.689209
batch	24270	valid_loss	22776.8256836
batch	24300	valid_loss	22834.807251
batch	24330	valid_loss	22813.1948242
batch	24360	valid_loss	22741.0305176
batch	24390	valid_loss	22754.3996582
batch	24420	valid_loss	22681.3109131
batch	24450	valid_loss	22716.315918
batch	24480	valid_loss	22607.239502
batch	24510	valid_loss	22595.1121826
batch	24540	valid_loss	22535.0474854
batch	24570	valid_loss	22518.333252
batch	24600	valid_loss	22567.1774902
batch	24630	valid_loss	22510.9174805
batch	24660	valid_loss	22490.4017334
batch	24690	valid_loss	22440.6656494
batch	24720	valid_loss	22429.020874
batch	24750	valid_loss	22409.6838379
batch	24780	valid_loss	22342.3707275
batch	24810	valid_loss	22324.5736084
batch	24840	valid_loss	22286.8665771
batch	24870	valid_loss	22246.3897705
batch	24900	valid_loss	22232.5803223
batch	24930	valid_loss	22342.128418
batch	24960	valid_loss	22213.6018066
batch	24990	valid_loss	22142.4960938
STOP
START
config	640	80	640	960
batch	0	valid_loss	6740492.8125
batch	30	valid_loss	181371.439453
batch	60	valid_loss	103007.904297
batch	90	valid_loss	99407.1474609
batch	120	valid_loss	99179.5175781
batch	150	valid_loss	99165.8935547
batch	180	valid_loss	99066.6523438
batch	210	valid_loss	99010.1533203
batch	240	valid_loss	98706.6191406
batch	270	valid_loss	98303.1875
batch	300	valid_loss	97478.203125
batch	330	valid_loss	96023.2177734
batch	360	valid_loss	94117.3066406
batch	390	valid_loss	92491.1914062
batch	420	valid_loss	91386.6210938
batch	450	valid_loss	90748.9555664
batch	480	valid_loss	90284.1665039
batch	510	valid_loss	89814.8623047
batch	540	valid_loss	89450.9902344
batch	570	valid_loss	89125.2626953
batch	600	valid_loss	88812.8007812
batch	630	valid_loss	88159.7973633
batch	660	valid_loss	87543.0761719
batch	690	valid_loss	86910.4287109
batch	720	valid_loss	86122.9311523
batch	750	valid_loss	85380.3818359
batch	780	valid_loss	84518.0263672
batch	810	valid_loss	83773.6518555
batch	840	valid_loss	82986.3149414
batch	870	valid_loss	82211.6401367
batch	900	valid_loss	81416.6884766
batch	930	valid_loss	80569.0878906
batch	960	valid_loss	79688.2133789
batch	990	valid_loss	78951.9331055
batch	1020	valid_loss	78191.2866211
batch	1050	valid_loss	77413.7207031
batch	1080	valid_loss	76626.9936523
batch	1110	valid_loss	75919.1611328
batch	1140	valid_loss	75039.2768555
batch	1170	valid_loss	74325.402832
batch	1200	valid_loss	73463.6308594
batch	1230	valid_loss	72630.5058594
batch	1260	valid_loss	71852.2773438
batch	1290	valid_loss	71037.8334961
batch	1320	valid_loss	70344.8989258
batch	1350	valid_loss	69655.2753906
batch	1380	valid_loss	68889.0864258
batch	1410	valid_loss	68118.4326172
batch	1440	valid_loss	67555.515625
batch	1470	valid_loss	66850.7216797
batch	1500	valid_loss	66217.8491211
batch	1530	valid_loss	65647.1235352
batch	1560	valid_loss	64778.7163086
batch	1590	valid_loss	64235.3032227
batch	1620	valid_loss	63636.9213867
batch	1650	valid_loss	63138.8227539
batch	1680	valid_loss	62409.0205078
batch	1710	valid_loss	62009.1743164
batch	1740	valid_loss	61353.1264648
batch	1770	valid_loss	60740.1953125
batch	1800	valid_loss	60190.7319336
batch	1830	valid_loss	59697.7646484
batch	1860	valid_loss	59118.0581055
batch	1890	valid_loss	58570.1044922
batch	1920	valid_loss	58177.7529297
batch	1950	valid_loss	57563.2929688
batch	1980	valid_loss	57199.8813477
batch	2010	valid_loss	56533.4169922
batch	2040	valid_loss	56193.1328125
batch	2070	valid_loss	55548.0649414
batch	2100	valid_loss	55150.3984375
batch	2130	valid_loss	54690.3457031
batch	2160	valid_loss	54239.7441406
batch	2190	valid_loss	53792.0444336
batch	2220	valid_loss	53418.9326172
batch	2250	valid_loss	52989.8632812
batch	2280	valid_loss	52648.1538086
batch	2310	valid_loss	52293.1835938
batch	2340	valid_loss	51838.890625
batch	2370	valid_loss	51502.046875
batch	2400	valid_loss	51271.6547852
batch	2430	valid_loss	50943.4648438
batch	2460	valid_loss	50501.6791992
batch	2490	valid_loss	50241.1665039
batch	2520	valid_loss	49942.2900391
batch	2550	valid_loss	49722.597168
batch	2580	valid_loss	49374.340332
batch	2610	valid_loss	49173.871582
batch	2640	valid_loss	49098.3964844
batch	2670	valid_loss	48783.5058594
batch	2700	valid_loss	48469.2695312
batch	2730	valid_loss	48438.5595703
batch	2760	valid_loss	47989.3652344
batch	2790	valid_loss	47735.9536133
batch	2820	valid_loss	47567.7314453
batch	2850	valid_loss	47339.8603516
batch	2880	valid_loss	47267.2685547
batch	2910	valid_loss	47110.029541
batch	2940	valid_loss	46799.8493652
batch	2970	valid_loss	46852.418457
batch	3000	valid_loss	46507.5039062
batch	3030	valid_loss	46588.5317383
batch	3060	valid_loss	46273.1247559
batch	3090	valid_loss	46022.1455078
batch	3120	valid_loss	45976.097168
batch	3150	valid_loss	45859.3769531
batch	3180	valid_loss	45650.7116699
batch	3210	valid_loss	45494.4897461
batch	3240	valid_loss	45365.1303711
batch	3270	valid_loss	45154.7426758
batch	3300	valid_loss	45077.0458984
batch	3330	valid_loss	44902.529541
batch	3360	valid_loss	44971.2072754
batch	3390	valid_loss	44672.3361816
batch	3420	valid_loss	44695.8608398
batch	3450	valid_loss	44394.826416
batch	3480	valid_loss	44348.7416992
batch	3510	valid_loss	44268.5068359
batch	3540	valid_loss	44175.298584
batch	3570	valid_loss	44044.1008301
batch	3600	valid_loss	43871.1193848
batch	3630	valid_loss	43787.4416504
batch	3660	valid_loss	43791.871582
batch	3690	valid_loss	43545.2209473
batch	3720	valid_loss	43496.5634766
batch	3750	valid_loss	43400.6733398
batch	3780	valid_loss	43386.0722656
batch	3810	valid_loss	43207.4729004
batch	3840	valid_loss	43030.2766113
batch	3870	valid_loss	43112.0588379
batch	3900	valid_loss	43037.1657715
batch	3930	valid_loss	42836.2116699
batch	3960	valid_loss	43008.7661133
batch	3990	valid_loss	42775.1984863
batch	4020	valid_loss	42612.9482422
batch	4050	valid_loss	42664.0280762
batch	4080	valid_loss	42531.3146973
batch	4110	valid_loss	42508.215332
batch	4140	valid_loss	42357.7897949
batch	4170	valid_loss	42382.6108398
batch	4200	valid_loss	42157.1213379
batch	4230	valid_loss	42144.682373
batch	4260	valid_loss	42116.4172363
batch	4290	valid_loss	42165.9604492
batch	4320	valid_loss	42009.8366699
batch	4350	valid_loss	41801.7722168
batch	4380	valid_loss	41870.5690918
batch	4410	valid_loss	41780.8947754
batch	4440	valid_loss	41833.0571289
batch	4470	valid_loss	41700.0437012
batch	4500	valid_loss	41672.671875
batch	4530	valid_loss	41624.1166992
batch	4560	valid_loss	41502.7849121
batch	4590	valid_loss	41586.0952148
batch	4620	valid_loss	41514.4382324
batch	4650	valid_loss	41400.8039551
batch	4680	valid_loss	41326.7568359
batch	4710	valid_loss	41325.0612793
batch	4740	valid_loss	41339.623291
batch	4770	valid_loss	41271.3649902
batch	4800	valid_loss	41259.8117676
batch	4830	valid_loss	41232.0820312
batch	4860	valid_loss	41143.5449219
batch	4890	valid_loss	41156.5856934
batch	4920	valid_loss	41155.4387207
batch	4950	valid_loss	41098.0412598
batch	4980	valid_loss	41088.7241211
batch	5010	valid_loss	40969.8693848
batch	5040	valid_loss	41014.1132812
batch	5070	valid_loss	40995.0866699
batch	5100	valid_loss	41105.8520508
batch	5130	valid_loss	40877.8728027
batch	5160	valid_loss	40915.2502441
batch	5190	valid_loss	40795.0644531
batch	5220	valid_loss	40881.6086426
batch	5250	valid_loss	40812.6513672
batch	5280	valid_loss	40625.8361816
batch	5310	valid_loss	40669.7597656
batch	5340	valid_loss	40671.0056152
batch	5370	valid_loss	40811.1982422
batch	5400	valid_loss	40656.4365234
batch	5430	valid_loss	40625.9311523
batch	5460	valid_loss	40584.465332
batch	5490	valid_loss	40569.1867676
batch	5520	valid_loss	40703.166748
batch	5550	valid_loss	40503.8737793
batch	5580	valid_loss	40599.4804688
batch	5610	valid_loss	40442.3325195
batch	5640	valid_loss	40424.9023438
batch	5670	valid_loss	40495.9921875
batch	5700	valid_loss	40438.4150391
batch	5730	valid_loss	40480.0307617
batch	5760	valid_loss	40486.5634766
batch	5790	valid_loss	40365.0068359
batch	5820	valid_loss	40374.2006836
batch	5850	valid_loss	40408.046875
batch	5880	valid_loss	40347.5739746
batch	5910	valid_loss	40155.0209961
batch	5940	valid_loss	40190.7631836
batch	5970	valid_loss	40341.6037598
batch	6000	valid_loss	40292.810791
batch	6030	valid_loss	40238.2687988
batch	6060	valid_loss	40311.4580078
batch	6090	valid_loss	40240.9082031
batch	6120	valid_loss	40175.6472168
batch	6150	valid_loss	40140.4428711
batch	6180	valid_loss	39996.8693848
batch	6210	valid_loss	40212.0915527
batch	6240	valid_loss	40002.5437012
batch	6270	valid_loss	40036.2226562
batch	6300	valid_loss	40476.2116699
batch	6330	valid_loss	40066.0288086
batch	6360	valid_loss	40016.7780762
batch	6390	valid_loss	40025.4963379
batch	6420	valid_loss	39935.3371582
batch	6450	valid_loss	39987.7160645
batch	6480	valid_loss	39973.2592773
batch	6510	valid_loss	40020.9194336
batch	6540	valid_loss	39935.4245605
batch	6570	valid_loss	39860.2792969
batch	6600	valid_loss	39805.8271484
batch	6630	valid_loss	39866.3374023
batch	6660	valid_loss	39893.8493652
batch	6690	valid_loss	40180.5683594
batch	6720	valid_loss	39878.0805664
batch	6750	valid_loss	39798.9001465
batch	6780	valid_loss	39792.4216309
batch	6810	valid_loss	39799.9494629
batch	6840	valid_loss	40087.8376465
batch	6870	valid_loss	39746.5383301
batch	6900	valid_loss	39745.3842773
batch	6930	valid_loss	39657.1437988
batch	6960	valid_loss	39670.0500488
batch	6990	valid_loss	39698.1384277
batch	7020	valid_loss	39617.0825195
batch	7050	valid_loss	39659.6286621
batch	7080	valid_loss	39630.2807617
batch	7110	valid_loss	39616.454834
batch	7140	valid_loss	39640.1616211
batch	7170	valid_loss	39665.28125
batch	7200	valid_loss	39619.0825195
batch	7230	valid_loss	39628.0644531
batch	7260	valid_loss	39615.625
batch	7290	valid_loss	39528.0737305
batch	7320	valid_loss	39602.5375977
batch	7350	valid_loss	39520.3752441
batch	7380	valid_loss	39476.8312988
batch	7410	valid_loss	39577.6318359
batch	7440	valid_loss	39476.3615723
batch	7470	valid_loss	39396.5310059
batch	7500	valid_loss	39469.1496582
batch	7530	valid_loss	39428.1013184
batch	7560	valid_loss	39455.9870605
batch	7590	valid_loss	39403.1210938
batch	7620	valid_loss	39634.605957
batch	7650	valid_loss	39432.6157227
batch	7680	valid_loss	39305.1008301
batch	7710	valid_loss	39439.2341309
batch	7740	valid_loss	39452.5205078
batch	7770	valid_loss	39361.2880859
batch	7800	valid_loss	39447.8132324
batch	7830	valid_loss	39352.0864258
batch	7860	valid_loss	39431.8598633
batch	7890	valid_loss	39441.6391602
batch	7920	valid_loss	39420.4206543
batch	7950	valid_loss	39347.1237793
batch	7980	valid_loss	39333.720459
batch	8010	valid_loss	39311.861084
batch	8040	valid_loss	39353.9140625
batch	8070	valid_loss	39349.5776367
batch	8100	valid_loss	39305.4587402
batch	8130	valid_loss	39235.9462891
batch	8160	valid_loss	39243.5942383
batch	8190	valid_loss	39289.7312012
batch	8220	valid_loss	39296.4294434
batch	8250	valid_loss	39424.2138672
batch	8280	valid_loss	39281.2507324
batch	8310	valid_loss	39182.4692383
batch	8340	valid_loss	39228.611084
batch	8370	valid_loss	39308.5991211
batch	8400	valid_loss	39218.5649414
batch	8430	valid_loss	39232.0646973
batch	8460	valid_loss	39262.4838867
batch	8490	valid_loss	39295.4294434
batch	8520	valid_loss	39236.3686523
batch	8550	valid_loss	39167.498291
batch	8580	valid_loss	39188.4504395
batch	8610	valid_loss	39169.3537598
batch	8640	valid_loss	39155.8469238
batch	8670	valid_loss	39199.6806641
batch	8700	valid_loss	39250.7143555
batch	8730	valid_loss	39312.4604492
batch	8760	valid_loss	39185.7619629
batch	8790	valid_loss	39252.4887695
batch	8820	valid_loss	39271.3869629
batch	8850	valid_loss	39163.8999023
batch	8880	valid_loss	39325.9470215
batch	8910	valid_loss	39148.8308105
batch	8940	valid_loss	39060.4260254
batch	8970	valid_loss	39165.470459
batch	9000	valid_loss	39243.8908691
batch	9030	valid_loss	39049.2558594
batch	9060	valid_loss	39106.3986816
batch	9090	valid_loss	39109.2766113
batch	9120	valid_loss	39144.5808105
batch	9150	valid_loss	39104.1621094
batch	9180	valid_loss	39275.7380371
batch	9210	valid_loss	39103.8459473
batch	9240	valid_loss	39032.046875
batch	9270	valid_loss	39090.7128906
batch	9300	valid_loss	39318.4101562
batch	9330	valid_loss	39108.3869629
batch	9360	valid_loss	39067.213623
batch	9390	valid_loss	39118.5700684
batch	9420	valid_loss	39111.1403809
batch	9450	valid_loss	39124.4145508
batch	9480	valid_loss	39116.6533203
batch	9510	valid_loss	39017.9812012
batch	9540	valid_loss	39034.9487305
batch	9570	valid_loss	39005.7026367
batch	9600	valid_loss	39096.0986328
batch	9630	valid_loss	39118.0219727
batch	9660	valid_loss	39010.5795898
batch	9690	valid_loss	38986.6569824
batch	9720	valid_loss	38999.2800293
batch	9750	valid_loss	38975.5632324
batch	9780	valid_loss	39032.1320801
batch	9810	valid_loss	38996.7746582
batch	9840	valid_loss	38989.7629395
batch	9870	valid_loss	38920.8171387
batch	9900	valid_loss	39005.4428711
batch	9930	valid_loss	39023.7614746
batch	9960	valid_loss	38943.7543945
batch	9990	valid_loss	39007.6520996
batch	10020	valid_loss	39003.2275391
batch	10050	valid_loss	39128.2773438
batch	10080	valid_loss	39004.536377
batch	10110	valid_loss	39032.2365723
batch	10140	valid_loss	38899.6987305
batch	10170	valid_loss	38931.963623
batch	10200	valid_loss	38939.4855957
batch	10230	valid_loss	38963.0046387
batch	10260	valid_loss	38954.1845703
batch	10290	valid_loss	39055.3598633
batch	10320	valid_loss	38921.2346191
batch	10350	valid_loss	39045.6789551
batch	10380	valid_loss	38953.670166
batch	10410	valid_loss	39016.1357422
batch	10440	valid_loss	38950.0947266
batch	10470	valid_loss	38898.375
batch	10500	valid_loss	38843.8803711
batch	10530	valid_loss	38946.9841309
batch	10560	valid_loss	38971.8505859
batch	10590	valid_loss	38831.5620117
batch	10620	valid_loss	38853.84375
batch	10650	valid_loss	38822.7312012
batch	10680	valid_loss	38949.21875
batch	10710	valid_loss	38925.8928223
batch	10740	valid_loss	38823.1203613
batch	10770	valid_loss	38828.0720215
batch	10800	valid_loss	38810.6230469
batch	10830	valid_loss	38851.3720703
batch	10860	valid_loss	39046.3845215
batch	10890	valid_loss	38848.6945801
batch	10920	valid_loss	38791.526123
batch	10950	valid_loss	38841.690918
batch	10980	valid_loss	39001.3762207
batch	11010	valid_loss	38808.0209961
batch	11040	valid_loss	38731.7250977
batch	11070	valid_loss	38715.5090332
batch	11100	valid_loss	38753.9328613
batch	11130	valid_loss	38734.7526855
batch	11160	valid_loss	38752.967041
batch	11190	valid_loss	38921.7861328
batch	11220	valid_loss	38705.4135742
batch	11250	valid_loss	38666.4020996
batch	11280	valid_loss	38713.2553711
batch	11310	valid_loss	38684.1623535
batch	11340	valid_loss	38693.8164062
batch	11370	valid_loss	38610.6237793
batch	11400	valid_loss	38615.315918
batch	11430	valid_loss	38596.6418457
batch	11460	valid_loss	38650.4169922
batch	11490	valid_loss	38797.3122559
batch	11520	valid_loss	38568.0883789
batch	11550	valid_loss	38568.8522949
batch	11580	valid_loss	38535.1616211
batch	11610	valid_loss	38594.2182617
batch	11640	valid_loss	38581.3896484
batch	11670	valid_loss	38500.7541504
batch	11700	valid_loss	38443.1113281
batch	11730	valid_loss	38485.0300293
batch	11760	valid_loss	38486.0422363
batch	11790	valid_loss	38549.8271484
batch	11820	valid_loss	38600.4169922
batch	11850	valid_loss	38475.0192871
batch	11880	valid_loss	38440.4975586
batch	11910	valid_loss	38486.3979492
batch	11940	valid_loss	38540.4287109
batch	11970	valid_loss	38434.1352539
batch	12000	valid_loss	38432.9057617
batch	12030	valid_loss	38393.4072266
batch	12060	valid_loss	38327.0114746
batch	12090	valid_loss	38472.9416504
batch	12120	valid_loss	38428.6931152
batch	12150	valid_loss	38325.4665527
batch	12180	valid_loss	38343.3215332
batch	12210	valid_loss	38302.7028809
batch	12240	valid_loss	38405.6828613
batch	12270	valid_loss	38357.8146973
batch	12300	valid_loss	38263.6896973
batch	12330	valid_loss	38231.7456055
batch	12360	valid_loss	38246.2524414
batch	12390	valid_loss	38335.894043
batch	12420	valid_loss	38365.2272949
batch	12450	valid_loss	38205.9584961
batch	12480	valid_loss	38180.3632812
batch	12510	valid_loss	38204.661377
batch	12540	valid_loss	38409.3847656
batch	12570	valid_loss	38184.2519531
batch	12600	valid_loss	38141.4248047
batch	12630	valid_loss	38083.7470703
batch	12660	valid_loss	38101.5888672
batch	12690	valid_loss	38076.0153809
batch	12720	valid_loss	38067.1550293
batch	12750	valid_loss	38143.5429688
batch	12780	valid_loss	38026.083252
batch	12810	valid_loss	37996.09375
batch	12840	valid_loss	37968.4030762
batch	12870	valid_loss	37999.3410645
batch	12900	valid_loss	38001.5766602
batch	12930	valid_loss	37856.9621582
batch	12960	valid_loss	37887.5131836
batch	12990	valid_loss	37844.6916504
batch	13020	valid_loss	37879.0686035
batch	13050	valid_loss	38061.6340332
batch	13080	valid_loss	37773.6777344
batch	13110	valid_loss	37763.5310059
batch	13140	valid_loss	37704.5688477
batch	13170	valid_loss	37728.1369629
batch	13200	valid_loss	37671.7507324
batch	13230	valid_loss	37622.3803711
batch	13260	valid_loss	37567.6201172
batch	13290	valid_loss	37577.0249023
batch	13320	valid_loss	37553.8044434
batch	13350	valid_loss	37570.6872559
batch	13380	valid_loss	37536.567627
batch	13410	valid_loss	37433.1311035
batch	13440	valid_loss	37418.2541504
batch	13470	valid_loss	37404.0693359
batch	13500	valid_loss	37499.6330566
batch	13530	valid_loss	37342.9645996
batch	13560	valid_loss	37316.4116211
batch	13590	valid_loss	37250.8303223
batch	13620	valid_loss	37152.6555176
batch	13650	valid_loss	37174.0205078
batch	13680	valid_loss	37146.135498
batch	13710	valid_loss	37046.4614258
batch	13740	valid_loss	37050.0095215
batch	13770	valid_loss	36993.3994141
batch	13800	valid_loss	37146.5134277
batch	13830	valid_loss	36907.8562012
batch	13860	valid_loss	36840.9155273
batch	13890	valid_loss	36806.4328613
batch	13920	valid_loss	36768.6591797
batch	13950	valid_loss	36796.1506348
batch	13980	valid_loss	36884.4272461
batch	14010	valid_loss	36725.7888184
batch	14040	valid_loss	36596.0014648
batch	14070	valid_loss	36622.6555176
batch	14100	valid_loss	36675.1960449
batch	14130	valid_loss	36516.1367188
batch	14160	valid_loss	36411.5324707
batch	14190	valid_loss	36383.0615234
batch	14220	valid_loss	36357.753418
batch	14250	valid_loss	36362.229248
batch	14280	valid_loss	36362.5493164
batch	14310	valid_loss	36140.9885254
batch	14340	valid_loss	36125.4733887
batch	14370	valid_loss	36060.5703125
batch	14400	valid_loss	35993.7431641
batch	14430	valid_loss	36001.1508789
batch	14460	valid_loss	35981.3903809
batch	14490	valid_loss	35785.3046875
batch	14520	valid_loss	35799.927002
batch	14550	valid_loss	35693.9694824
batch	14580	valid_loss	35697.96875
batch	14610	valid_loss	35798.5979004
batch	14640	valid_loss	35557.3933105
batch	14670	valid_loss	35477.5205078
batch	14700	valid_loss	35431.4367676
batch	14730	valid_loss	35387.4970703
batch	14760	valid_loss	35295.6503906
batch	14790	valid_loss	35223.7282715
batch	14820	valid_loss	35192.1298828
batch	14850	valid_loss	35124.1777344
batch	14880	valid_loss	35065.1140137
batch	14910	valid_loss	35030.6838379
batch	14940	valid_loss	35005.9428711
batch	14970	valid_loss	34910.4702148
batch	15000	valid_loss	34926.173584
batch	15030	valid_loss	34855.5314941
batch	15060	valid_loss	34845.9560547
batch	15090	valid_loss	34737.7868652
batch	15120	valid_loss	34680.1911621
batch	15150	valid_loss	34734.4228516
batch	15180	valid_loss	34532.2436523
batch	15210	valid_loss	34488.434082
batch	15240	valid_loss	34409.2429199
batch	15270	valid_loss	34350.5864258
batch	15300	valid_loss	34335.0085449
batch	15330	valid_loss	34250.6582031
batch	15360	valid_loss	34234.0366211
batch	15390	valid_loss	34142.7900391
batch	15420	valid_loss	34093.5046387
batch	15450	valid_loss	34050.3010254
batch	15480	valid_loss	33974.2280273
batch	15510	valid_loss	34068.9016113
batch	15540	valid_loss	33903.0014648
batch	15570	valid_loss	33866.3815918
batch	15600	valid_loss	33786.5878906
batch	15630	valid_loss	33736.9428711
batch	15660	valid_loss	33747.4169922
batch	15690	valid_loss	33782.6057129
batch	15720	valid_loss	33699.1230469
batch	15750	valid_loss	33657.1611328
batch	15780	valid_loss	33573.6933594
batch	15810	valid_loss	33425.421875
batch	15840	valid_loss	33421.4631348
batch	15870	valid_loss	33313.1203613
batch	15900	valid_loss	33311.4645996
batch	15930	valid_loss	33266.6008301
batch	15960	valid_loss	33152.5893555
batch	15990	valid_loss	33210.8041992
batch	16020	valid_loss	33242.463623
batch	16050	valid_loss	33073.4831543
batch	16080	valid_loss	33034.0837402
batch	16110	valid_loss	32938.9370117
batch	16140	valid_loss	33124.7993164
batch	16170	valid_loss	32923.7714844
batch	16200	valid_loss	32769.7087402
batch	16230	valid_loss	32775.3564453
batch	16260	valid_loss	32655.032959
batch	16290	valid_loss	32671.1140137
batch	16320	valid_loss	32634.0959473
batch	16350	valid_loss	32519.9199219
batch	16380	valid_loss	32461.6943359
batch	16410	valid_loss	32414.9794922
batch	16440	valid_loss	32399.9755859
batch	16470	valid_loss	32346.0915527
batch	16500	valid_loss	32296.4311523
batch	16530	valid_loss	32282.8151855
batch	16560	valid_loss	32186.6115723
batch	16590	valid_loss	32169.980957
batch	16620	valid_loss	32198.4018555
batch	16650	valid_loss	32113.4665527
batch	16680	valid_loss	32017.7756348
batch	16710	valid_loss	31977.6491699
batch	16740	valid_loss	31839.5905762
batch	16770	valid_loss	31875.7541504
batch	16800	valid_loss	31853.0080566
batch	16830	valid_loss	31725.6594238
batch	16860	valid_loss	31701.1320801
batch	16890	valid_loss	31646.0200195
batch	16920	valid_loss	31641.3513184
batch	16950	valid_loss	31571.2214355
batch	16980	valid_loss	31520.3637695
batch	17010	valid_loss	31480.4099121
batch	17040	valid_loss	31347.9555664
batch	17070	valid_loss	31455.5415039
batch	17100	valid_loss	31323.154541
batch	17130	valid_loss	31256.6081543
batch	17160	valid_loss	31218.3295898
batch	17190	valid_loss	31176.9699707
batch	17220	valid_loss	31232.1313477
batch	17250	valid_loss	31136.1032715
batch	17280	valid_loss	31040.4152832
batch	17310	valid_loss	30993.3591309
batch	17340	valid_loss	30918.7768555
batch	17370	valid_loss	31140.7268066
batch	17400	valid_loss	30844.5717773
batch	17430	valid_loss	30750.5112305
batch	17460	valid_loss	30734.230957
batch	17490	valid_loss	30676.9753418
batch	17520	valid_loss	30596.7919922
batch	17550	valid_loss	30655.1137695
batch	17580	valid_loss	30677.6015625
batch	17610	valid_loss	30485.5861816
batch	17640	valid_loss	30484.4736328
batch	17670	valid_loss	30324.9992676
batch	17700	valid_loss	30490.4707031
batch	17730	valid_loss	30389.3503418
batch	17760	valid_loss	30251.2485352
batch	17790	valid_loss	30236.1757812
batch	17820	valid_loss	30143.1071777
batch	17850	valid_loss	30137.8696289
batch	17880	valid_loss	30069.8452148
batch	17910	valid_loss	29996.175293
batch	17940	valid_loss	29978.0307617
batch	17970	valid_loss	29900.8127441
batch	18000	valid_loss	29944.6079102
batch	18030	valid_loss	29819.6672363
batch	18060	valid_loss	29806.3085938
batch	18090	valid_loss	29799.175293
batch	18120	valid_loss	29700.5751953
batch	18150	valid_loss	29669.2502441
batch	18180	valid_loss	29749.0185547
batch	18210	valid_loss	29620.8068848
batch	18240	valid_loss	29668.2749023
batch	18270	valid_loss	29478.6479492
batch	18300	valid_loss	29417.5527344
batch	18330	valid_loss	29442.4025879
batch	18360	valid_loss	29476.3579102
batch	18390	valid_loss	29254.6135254
batch	18420	valid_loss	29256.706543
batch	18450	valid_loss	29225.114502
batch	18480	valid_loss	29174.8903809
batch	18510	valid_loss	29125.7263184
batch	18540	valid_loss	29115.505127
batch	18570	valid_loss	29052.0083008
batch	18600	valid_loss	29034.9677734
batch	18630	valid_loss	28993.2382812
batch	18660	valid_loss	28913.4091797
batch	18690	valid_loss	28868.6782227
batch	18720	valid_loss	28821.1496582
batch	18750	valid_loss	28782.4560547
batch	18780	valid_loss	28849.4299316
batch	18810	valid_loss	28750.4785156
batch	18840	valid_loss	28667.1269531
batch	18870	valid_loss	28625.1245117
batch	18900	valid_loss	28574.9538574
batch	18930	valid_loss	28508.3127441
batch	18960	valid_loss	28498.0131836
batch	18990	valid_loss	28451.0244141
batch	19020	valid_loss	28388.7355957
batch	19050	valid_loss	28351.1015625
batch	19080	valid_loss	28335.869873
batch	19110	valid_loss	28315.0461426
batch	19140	valid_loss	28346.1950684
batch	19170	valid_loss	28256.1657715
batch	19200	valid_loss	28153.1247559
batch	19230	valid_loss	28037.2209473
batch	19260	valid_loss	28119.9453125
batch	19290	valid_loss	28127.4353027
batch	19320	valid_loss	27998.6740723
batch	19350	valid_loss	27978.1289062
batch	19380	valid_loss	27893.9047852
batch	19410	valid_loss	27876.4838867
batch	19440	valid_loss	27819.0910645
batch	19470	valid_loss	27745.7949219
batch	19500	valid_loss	27768.0402832
batch	19530	valid_loss	27654.4052734
batch	19560	valid_loss	27699.1298828
batch	19590	valid_loss	27626.7224121
batch	19620	valid_loss	27622.578125
batch	19650	valid_loss	27561.5085449
batch	19680	valid_loss	27515.796875
batch	19710	valid_loss	27525.1584473
batch	19740	valid_loss	27499.0720215
batch	19770	valid_loss	27442.4494629
batch	19800	valid_loss	27505.8046875
batch	19830	valid_loss	27352.6809082
batch	19860	valid_loss	27310.9240723
batch	19890	valid_loss	27242.3293457
batch	19920	valid_loss	27366.8879395
batch	19950	valid_loss	27106.4362793
batch	19980	valid_loss	27146.6342773
batch	20010	valid_loss	27089.097168
batch	20040	valid_loss	27099.3891602
batch	20070	valid_loss	27008.4208984
batch	20100	valid_loss	27002.0786133
batch	20130	valid_loss	26974.0444336
batch	20160	valid_loss	26915.6691895
batch	20190	valid_loss	26845.8317871
batch	20220	valid_loss	26842.5473633
batch	20250	valid_loss	26766.5898438
batch	20280	valid_loss	26726.0930176
batch	20310	valid_loss	26730.7150879
batch	20340	valid_loss	26826.0776367
batch	20370	valid_loss	26678.3005371
batch	20400	valid_loss	26621.3710938
batch	20430	valid_loss	26608.9138184
batch	20460	valid_loss	26539.2849121
batch	20490	valid_loss	26559.4116211
batch	20520	valid_loss	26457.3286133
batch	20550	valid_loss	26426.2636719
batch	20580	valid_loss	26361.5939941
batch	20610	valid_loss	26341.4511719
batch	20640	valid_loss	26324.3071289
batch	20670	valid_loss	26277.8459473
batch	20700	valid_loss	26300.8212891
batch	20730	valid_loss	26230.9194336
batch	20760	valid_loss	26229.2167969
batch	20790	valid_loss	26061.0639648
batch	20820	valid_loss	26168.6240234
batch	20850	valid_loss	26129.1125488
batch	20880	valid_loss	26024.5302734
batch	20910	valid_loss	26004.0200195
batch	20940	valid_loss	25937.7331543
batch	20970	valid_loss	25910.5227051
batch	21000	valid_loss	25865.4782715
batch	21030	valid_loss	25815.2038574
batch	21060	valid_loss	25810.0463867
batch	21090	valid_loss	25731.0375977
batch	21120	valid_loss	25758.078125
batch	21150	valid_loss	25707.2058105
batch	21180	valid_loss	25676.7529297
batch	21210	valid_loss	25633.5681152
batch	21240	valid_loss	25584.2463379
batch	21270	valid_loss	25593.7414551
batch	21300	valid_loss	25603.1904297
batch	21330	valid_loss	25623.045166
batch	21360	valid_loss	25535.0019531
batch	21390	valid_loss	25422.2053223
batch	21420	valid_loss	25357.8400879
batch	21450	valid_loss	25355.0097656
batch	21480	valid_loss	25499.8686523
batch	21510	valid_loss	25228.9675293
batch	21540	valid_loss	25265.9882812
batch	21570	valid_loss	25245.4541016
batch	21600	valid_loss	25195.5935059
batch	21630	valid_loss	25194.3808594
batch	21660	valid_loss	25110.9213867
batch	21690	valid_loss	25093.6582031
batch	21720	valid_loss	25036.640625
batch	21750	valid_loss	25055.5039062
batch	21780	valid_loss	25005.3779297
batch	21810	valid_loss	24915.4355469
batch	21840	valid_loss	24918.519043
batch	21870	valid_loss	24921.5844727
batch	21900	valid_loss	24970.4733887
batch	21930	valid_loss	24860.7182617
batch	21960	valid_loss	24816.4492188
batch	21990	valid_loss	24846.286377
batch	22020	valid_loss	24714.5168457
batch	22050	valid_loss	24844.4990234
batch	22080	valid_loss	24708.8339844
batch	22110	valid_loss	24611.1591797
batch	22140	valid_loss	24559.1901855
batch	22170	valid_loss	24565.4040527
batch	22200	valid_loss	24525.2302246
batch	22230	valid_loss	24489.152832
batch	22260	valid_loss	24458.479248
batch	22290	valid_loss	24406.989502
batch	22320	valid_loss	24504.0515137
batch	22350	valid_loss	24292.7648926
batch	22380	valid_loss	24374.4919434
batch	22410	valid_loss	24367.1574707
batch	22440	valid_loss	24257.0305176
batch	22470	valid_loss	24244.4997559
batch	22500	valid_loss	24191.7973633
batch	22530	valid_loss	24188.309082
batch	22560	valid_loss	24131.4914551
batch	22590	valid_loss	24135.512207
batch	22620	valid_loss	24047.9755859
batch	22650	valid_loss	23979.6936035
batch	22680	valid_loss	23993.1018066
batch	22710	valid_loss	23976.3776855
batch	22740	valid_loss	24008.7895508
batch	22770	valid_loss	23911.1083984
batch	22800	valid_loss	23862.0742188
batch	22830	valid_loss	23886.6008301
batch	22860	valid_loss	23873.7983398
batch	22890	valid_loss	23990.0661621
batch	22920	valid_loss	23797.4831543
batch	22950	valid_loss	23677.6694336
batch	22980	valid_loss	23627.0158691
batch	23010	valid_loss	23635.4569092
batch	23040	valid_loss	23704.0563965
batch	23070	valid_loss	23533.4034424
batch	23100	valid_loss	23561.8395996
batch	23130	valid_loss	23579.3127441
batch	23160	valid_loss	23464.3660889
batch	23190	valid_loss	23444.6066895
batch	23220	valid_loss	23423.7543945
batch	23250	valid_loss	23392.0739746
batch	23280	valid_loss	23339.2576904
batch	23310	valid_loss	23373.0593262
batch	23340	valid_loss	23351.7436523
batch	23370	valid_loss	23224.9284668
batch	23400	valid_loss	23237.0390625
batch	23430	valid_loss	23229.9130859
batch	23460	valid_loss	23233.651123
batch	23490	valid_loss	23187.5670166
batch	23520	valid_loss	23160.3179932
batch	23550	valid_loss	23141.8104248
batch	23580	valid_loss	23051.4150391
batch	23610	valid_loss	23095.8448486
batch	23640	valid_loss	23010.5964355
batch	23670	valid_loss	23005.0009766
batch	23700	valid_loss	22916.6010742
batch	23730	valid_loss	22926.3665771
batch	23760	valid_loss	22873.5753174
batch	23790	valid_loss	22833.1987305
batch	23820	valid_loss	22866.0281982
batch	23850	valid_loss	22772.9282227
batch	23880	valid_loss	22889.0229492
batch	23910	valid_loss	22638.3165283
batch	23940	valid_loss	22662.3695068
batch	23970	valid_loss	22706.6079102
batch	24000	valid_loss	22659.3720703
batch	24030	valid_loss	22605.4567871
batch	24060	valid_loss	22611.0294189
batch	24090	valid_loss	22555.0648193
batch	24120	valid_loss	22514.0064697
batch	24150	valid_loss	22507.6357422
batch	24180	valid_loss	22433.4718018
batch	24210	valid_loss	22400.9821777
batch	24240	valid_loss	22422.0491943
batch	24270	valid_loss	22357.4637451
batch	24300	valid_loss	22367.824707
batch	24330	valid_loss	22329.8414307
batch	24360	valid_loss	22293.7904053
batch	24390	valid_loss	22279.0750732
batch	24420	valid_loss	22275.461792
batch	24450	valid_loss	22324.7459717
batch	24480	valid_loss	22227.5096436
batch	24510	valid_loss	22131.3905029
batch	24540	valid_loss	22072.7116699
batch	24570	valid_loss	22040.800293
batch	24600	valid_loss	22103.6270752
batch	24630	valid_loss	22025.6278076
batch	24660	valid_loss	21992.727417
batch	24690	valid_loss	22012.4017334
batch	24720	valid_loss	21926.3314209
batch	24750	valid_loss	21885.6522217
batch	24780	valid_loss	21872.5627441
batch	24810	valid_loss	21843.2041016
batch	24840	valid_loss	21802.2000732
batch	24870	valid_loss	21783.9901123
batch	24900	valid_loss	21849.3182373
batch	24930	valid_loss	21783.486084
batch	24960	valid_loss	21685.9550781
batch	24990	valid_loss	21679.6011963
STOP
