START
config	560	240	560	960
batch	0	valid_loss	7303868.25
batch	30	valid_loss	171755.99707
batch	60	valid_loss	122523.516602
batch	90	valid_loss	119885.348633
batch	120	valid_loss	119754.344727
batch	150	valid_loss	119734.507812
batch	180	valid_loss	119659.994141
batch	210	valid_loss	119529.913086
batch	240	valid_loss	119320.886719
batch	270	valid_loss	119075.576172
batch	300	valid_loss	118640.436523
batch	330	valid_loss	117826.272461
batch	360	valid_loss	116195.620117
batch	390	valid_loss	113999.459961
batch	420	valid_loss	111892.254883
batch	450	valid_loss	110479.880859
batch	480	valid_loss	109333.793945
batch	510	valid_loss	108594.114258
batch	540	valid_loss	107947.527344
batch	570	valid_loss	107460.214844
batch	600	valid_loss	106768.861328
batch	630	valid_loss	105994.96875
batch	660	valid_loss	105216.224609
batch	690	valid_loss	104344.75293
batch	720	valid_loss	103282.186523
batch	750	valid_loss	102172.239258
batch	780	valid_loss	101013.56543
batch	810	valid_loss	99760.1308594
batch	840	valid_loss	98571.6884766
batch	870	valid_loss	97246.7929688
batch	900	valid_loss	95855.1123047
batch	930	valid_loss	94518.7714844
batch	960	valid_loss	93240.0356445
batch	990	valid_loss	91702.371582
batch	1020	valid_loss	90274.347168
batch	1050	valid_loss	88803.7553711
batch	1080	valid_loss	87378.6850586
batch	1110	valid_loss	85976.9243164
batch	1140	valid_loss	84631.1054688
batch	1170	valid_loss	83150.3623047
batch	1200	valid_loss	81672.2763672
batch	1230	valid_loss	80283.840332
batch	1260	valid_loss	78835.4082031
batch	1290	valid_loss	77507.9287109
batch	1320	valid_loss	76092.5161133
batch	1350	valid_loss	74770.4873047
batch	1380	valid_loss	73328.5605469
batch	1410	valid_loss	72061.8925781
batch	1440	valid_loss	70809.0131836
batch	1470	valid_loss	69481.8881836
batch	1500	valid_loss	68281.2441406
batch	1530	valid_loss	66995.2734375
batch	1560	valid_loss	65997.8217773
batch	1590	valid_loss	64819.9804688
batch	1620	valid_loss	63705.6054688
batch	1650	valid_loss	62650.7348633
batch	1680	valid_loss	61611.8139648
batch	1710	valid_loss	60602.8769531
batch	1740	valid_loss	59533.0922852
batch	1770	valid_loss	58594.5864258
batch	1800	valid_loss	57814.9272461
batch	1830	valid_loss	56976.3662109
batch	1860	valid_loss	55926.2495117
batch	1890	valid_loss	55379.6166992
batch	1920	valid_loss	54519.1030273
batch	1950	valid_loss	53673.453125
batch	1980	valid_loss	52912.0732422
batch	2010	valid_loss	52084.6586914
batch	2040	valid_loss	51394.6064453
batch	2070	valid_loss	50728.1157227
batch	2100	valid_loss	49966.8481445
batch	2130	valid_loss	49504.7475586
batch	2160	valid_loss	48911.3779297
batch	2190	valid_loss	48269.6083984
batch	2220	valid_loss	47649.2294922
batch	2250	valid_loss	47180.0556641
batch	2280	valid_loss	46541.0578613
batch	2310	valid_loss	46119.4997559
batch	2340	valid_loss	45482.5668945
batch	2370	valid_loss	44992.2167969
batch	2400	valid_loss	44431.6818848
batch	2430	valid_loss	44052.8032227
batch	2460	valid_loss	43534.1589355
batch	2490	valid_loss	43111.2236328
batch	2520	valid_loss	42686.2102051
batch	2550	valid_loss	42235.7431641
batch	2580	valid_loss	41911.5366211
batch	2610	valid_loss	41386.973877
batch	2640	valid_loss	41036.4501953
batch	2670	valid_loss	40582.4580078
batch	2700	valid_loss	40234.177002
batch	2730	valid_loss	39854.7519531
batch	2760	valid_loss	39566.5151367
batch	2790	valid_loss	39244.347168
batch	2820	valid_loss	38904.4667969
batch	2850	valid_loss	38529.4108887
batch	2880	valid_loss	38174.6079102
batch	2910	valid_loss	37948.7348633
batch	2940	valid_loss	37570.8212891
batch	2970	valid_loss	37241.8579102
batch	3000	valid_loss	36933.6003418
batch	3030	valid_loss	36582.6501465
batch	3060	valid_loss	36470.0759277
batch	3090	valid_loss	36194.0461426
batch	3120	valid_loss	35902.5588379
batch	3150	valid_loss	35737.5212402
batch	3180	valid_loss	35556.8188477
batch	3210	valid_loss	35399.5756836
batch	3240	valid_loss	34833.0095215
batch	3270	valid_loss	34643.5224609
batch	3300	valid_loss	34441.1352539
batch	3330	valid_loss	34119.8710938
batch	3360	valid_loss	33930.4707031
batch	3390	valid_loss	33876.888916
batch	3420	valid_loss	33605.6103516
batch	3450	valid_loss	33352.5070801
batch	3480	valid_loss	33087.7226562
batch	3510	valid_loss	32874.6884766
batch	3540	valid_loss	32632.4018555
batch	3570	valid_loss	32585.4372559
batch	3600	valid_loss	32354.4465332
batch	3630	valid_loss	32204.223877
batch	3660	valid_loss	31901.0114746
batch	3690	valid_loss	31948.720459
batch	3720	valid_loss	31740.6967773
batch	3750	valid_loss	31359.1623535
batch	3780	valid_loss	31234.9763184
batch	3810	valid_loss	31207.8081055
batch	3840	valid_loss	31388.8725586
batch	3870	valid_loss	30771.9584961
batch	3900	valid_loss	30656.8269043
batch	3930	valid_loss	30645.9042969
batch	3960	valid_loss	30425.0390625
batch	3990	valid_loss	30463.2185059
batch	4020	valid_loss	30031.7043457
batch	4050	valid_loss	29939.5085449
batch	4080	valid_loss	29755.3676758
batch	4110	valid_loss	29671.0776367
batch	4140	valid_loss	29582.1530762
batch	4170	valid_loss	29420.090332
batch	4200	valid_loss	29460.6850586
batch	4230	valid_loss	29125.4179688
batch	4260	valid_loss	28882.9243164
batch	4290	valid_loss	28813.6818848
batch	4320	valid_loss	28941.9916992
batch	4350	valid_loss	28714.7260742
batch	4380	valid_loss	28454.5524902
batch	4410	valid_loss	28328.8173828
batch	4440	valid_loss	28187.2814941
batch	4470	valid_loss	28665.7958984
batch	4500	valid_loss	28016.7592773
batch	4530	valid_loss	27935.4768066
batch	4560	valid_loss	27852.8903809
batch	4590	valid_loss	27662.1303711
batch	4620	valid_loss	27539.2145996
batch	4650	valid_loss	27534.276123
batch	4680	valid_loss	27369.753418
batch	4710	valid_loss	27390.2719727
batch	4740	valid_loss	27385.6882324
batch	4770	valid_loss	27359.6748047
batch	4800	valid_loss	27013.223877
batch	4830	valid_loss	26925.0566406
batch	4860	valid_loss	26967.0551758
batch	4890	valid_loss	27107.3117676
batch	4920	valid_loss	26671.5930176
batch	4950	valid_loss	26659.6474609
batch	4980	valid_loss	26515.5410156
batch	5010	valid_loss	26476.9731445
batch	5040	valid_loss	26381.6315918
batch	5070	valid_loss	26242.7492676
batch	5100	valid_loss	26193.2102051
batch	5130	valid_loss	26107.9238281
batch	5160	valid_loss	26749.1469727
batch	5190	valid_loss	26041.1459961
batch	5220	valid_loss	25843.7844238
batch	5250	valid_loss	26136.267334
batch	5280	valid_loss	25736.8896484
batch	5310	valid_loss	25700.994873
batch	5340	valid_loss	25695.6525879
batch	5370	valid_loss	25984.0341797
batch	5400	valid_loss	25530.411377
batch	5430	valid_loss	25350.326416
batch	5460	valid_loss	25414.2724609
batch	5490	valid_loss	25241.1621094
batch	5520	valid_loss	25197.9680176
batch	5550	valid_loss	25525.7072754
batch	5580	valid_loss	25115.065918
batch	5610	valid_loss	25040.8422852
batch	5640	valid_loss	24957.6386719
batch	5670	valid_loss	25035.8393555
batch	5700	valid_loss	24892.7722168
batch	5730	valid_loss	24783.5385742
batch	5760	valid_loss	24758.7412109
batch	5790	valid_loss	24793.0637207
batch	5820	valid_loss	24605.1655273
batch	5850	valid_loss	24784.5178223
batch	5880	valid_loss	24841.798584
batch	5910	valid_loss	24555.732666
batch	5940	valid_loss	24548.331543
batch	5970	valid_loss	24419.8469238
batch	6000	valid_loss	24793.6513672
batch	6030	valid_loss	24424.8308105
batch	6060	valid_loss	24249.9477539
batch	6090	valid_loss	24275.6091309
batch	6120	valid_loss	24135.8317871
batch	6150	valid_loss	24560.5593262
batch	6180	valid_loss	24015.753418
batch	6210	valid_loss	24527.6308594
batch	6240	valid_loss	24308.2363281
batch	6270	valid_loss	24082.3339844
batch	6300	valid_loss	24084.7075195
batch	6330	valid_loss	24373.7001953
batch	6360	valid_loss	23830.7548828
batch	6390	valid_loss	23864.4260254
batch	6420	valid_loss	23814.7358398
batch	6450	valid_loss	23904.2958984
batch	6480	valid_loss	23720.1483154
batch	6510	valid_loss	23729.0974121
batch	6540	valid_loss	23636.862915
batch	6570	valid_loss	23656.0568848
batch	6600	valid_loss	24037.8908691
batch	6630	valid_loss	23515.5074463
batch	6660	valid_loss	23559.6237793
batch	6690	valid_loss	23532.9162598
batch	6720	valid_loss	23615.1929932
batch	6750	valid_loss	23498.8109131
batch	6780	valid_loss	23466.7580566
batch	6810	valid_loss	23375.3195801
batch	6840	valid_loss	23340.5734863
batch	6870	valid_loss	23325.1779785
batch	6900	valid_loss	23469.8985596
batch	6930	valid_loss	23248.7231445
batch	6960	valid_loss	23492.8311768
batch	6990	valid_loss	23257.6929932
batch	7020	valid_loss	23686.5510254
batch	7050	valid_loss	23142.2578125
batch	7080	valid_loss	23075.5043945
batch	7110	valid_loss	24017.0952148
batch	7140	valid_loss	23202.9997559
batch	7170	valid_loss	23119.1407471
batch	7200	valid_loss	23229.1343994
batch	7230	valid_loss	23307.8952637
batch	7260	valid_loss	23009.1228027
batch	7290	valid_loss	22928.0330811
batch	7320	valid_loss	23049.7907715
batch	7350	valid_loss	23071.0108643
batch	7380	valid_loss	22968.4766846
batch	7410	valid_loss	23024.1407471
batch	7440	valid_loss	23134.0812988
batch	7470	valid_loss	23009.7983398
batch	7500	valid_loss	22893.3699951
batch	7530	valid_loss	23637.3125
batch	7560	valid_loss	22788.0681152
batch	7590	valid_loss	22815.3056641
batch	7620	valid_loss	22821.4764404
batch	7650	valid_loss	24496.3188477
batch	7680	valid_loss	22739.0047607
batch	7710	valid_loss	22725.885498
batch	7740	valid_loss	22681.5737305
batch	7770	valid_loss	22831.1108398
batch	7800	valid_loss	22767.1149902
batch	7830	valid_loss	23625.6081543
batch	7860	valid_loss	22715.7840576
batch	7890	valid_loss	22767.713501
batch	7920	valid_loss	22692.2469482
batch	7950	valid_loss	22630.1201172
batch	7980	valid_loss	22602.1014404
batch	8010	valid_loss	22550.1159668
batch	8040	valid_loss	23955.2045898
batch	8070	valid_loss	22621.9802246
batch	8100	valid_loss	22573.8985596
batch	8130	valid_loss	22633.2619629
batch	8160	valid_loss	22552.8127441
batch	8190	valid_loss	23759.0234375
batch	8220	valid_loss	22544.8583984
batch	8250	valid_loss	22471.5828857
batch	8280	valid_loss	22699.9128418
batch	8310	valid_loss	22514.1761475
batch	8340	valid_loss	22461.87854
batch	8370	valid_loss	23606.2924805
batch	8400	valid_loss	22456.3587646
batch	8430	valid_loss	22432.2808838
batch	8460	valid_loss	22518.1141357
batch	8490	valid_loss	22405.8734131
batch	8520	valid_loss	23256.869873
batch	8550	valid_loss	22424.4945068
batch	8580	valid_loss	22452.2125244
batch	8610	valid_loss	22357.8966064
batch	8640	valid_loss	22323.1813965
batch	8670	valid_loss	22420.581665
batch	8700	valid_loss	22401.5283203
batch	8730	valid_loss	22323.55896
batch	8760	valid_loss	22368.546875
batch	8790	valid_loss	22964.3101807
batch	8820	valid_loss	22414.2209473
batch	8850	valid_loss	22270.0136719
batch	8880	valid_loss	22261.0717773
batch	8910	valid_loss	22376.3908691
batch	8940	valid_loss	22981.447876
batch	8970	valid_loss	22231.9439697
batch	9000	valid_loss	22260.664917
batch	9030	valid_loss	22364.4300537
batch	9060	valid_loss	22256.1120605
batch	9090	valid_loss	22753.2478027
batch	9120	valid_loss	22190.8878174
batch	9150	valid_loss	22211.7473145
batch	9180	valid_loss	22422.0216064
batch	9210	valid_loss	22213.7034912
batch	9240	valid_loss	22184.9210205
batch	9270	valid_loss	22256.2591553
batch	9300	valid_loss	22136.3770752
batch	9330	valid_loss	22277.8424072
batch	9360	valid_loss	22179.6722412
batch	9390	valid_loss	22175.5083008
batch	9420	valid_loss	22229.2559814
batch	9450	valid_loss	22128.5290527
batch	9480	valid_loss	22129.1021729
batch	9510	valid_loss	22168.6484375
batch	9540	valid_loss	22173.732666
batch	9570	valid_loss	22652.9841309
batch	9600	valid_loss	22144.6628418
batch	9630	valid_loss	22175.1403809
batch	9660	valid_loss	22192.2089844
batch	9690	valid_loss	22214.3928223
batch	9720	valid_loss	22419.78479
batch	9750	valid_loss	22030.9448242
batch	9780	valid_loss	22092.3460693
batch	9810	valid_loss	22326.3365479
batch	9840	valid_loss	22166.0108643
batch	9870	valid_loss	22031.8461914
batch	9900	valid_loss	22661.5928955
batch	9930	valid_loss	22215.3266602
batch	9960	valid_loss	21991.8359375
batch	9990	valid_loss	22089.5688477
batch	10020	valid_loss	22092.8034668
batch	10050	valid_loss	21971.8820801
batch	10080	valid_loss	22047.0473633
batch	10110	valid_loss	23014.1993408
batch	10140	valid_loss	22123.5179443
batch	10170	valid_loss	22052.8835449
batch	10200	valid_loss	21979.3775635
batch	10230	valid_loss	22819.9190674
batch	10260	valid_loss	22055.5446777
batch	10290	valid_loss	21941.0050049
batch	10320	valid_loss	22198.7287598
batch	10350	valid_loss	22008.5479736
batch	10380	valid_loss	22771.5609131
batch	10410	valid_loss	21950.1383057
batch	10440	valid_loss	21919.5145264
batch	10470	valid_loss	22053.5898438
batch	10500	valid_loss	22012.1092529
batch	10530	valid_loss	21820.0351562
batch	10560	valid_loss	21971.114502
batch	10590	valid_loss	22311.1096191
batch	10620	valid_loss	21923.6131592
batch	10650	valid_loss	22037.020752
batch	10680	valid_loss	21850.9013672
batch	10710	valid_loss	21884.7969971
batch	10740	valid_loss	22033.9776611
batch	10770	valid_loss	22474.0795898
batch	10800	valid_loss	21946.5838623
batch	10830	valid_loss	21846.0999756
batch	10860	valid_loss	21826.9414062
batch	10890	valid_loss	22574.8591309
batch	10920	valid_loss	21780.8713379
batch	10950	valid_loss	21792.4609375
batch	10980	valid_loss	21830.3955078
batch	11010	valid_loss	21829.3552246
batch	11040	valid_loss	21930.7476807
batch	11070	valid_loss	21849.6368408
batch	11100	valid_loss	21853.7816162
batch	11130	valid_loss	22167.7093506
batch	11160	valid_loss	21826.4508057
batch	11190	valid_loss	21796.9248047
batch	11220	valid_loss	22117.1639404
batch	11250	valid_loss	21796.6278076
batch	11280	valid_loss	21852.6896973
batch	11310	valid_loss	22927.928833
batch	11340	valid_loss	21803.4536133
batch	11370	valid_loss	21759.5650635
batch	11400	valid_loss	21781.9321289
batch	11430	valid_loss	21705.2027588
batch	11460	valid_loss	21747.5606689
batch	11490	valid_loss	22150.680542
batch	11520	valid_loss	21816.8355713
batch	11550	valid_loss	21852.0134277
batch	11580	valid_loss	22078.0699463
batch	11610	valid_loss	21719.2758789
batch	11640	valid_loss	21793.2830811
batch	11670	valid_loss	22008.1032715
batch	11700	valid_loss	21813.6290283
batch	11730	valid_loss	21736.381958
batch	11760	valid_loss	21728.5439453
batch	11790	valid_loss	21784.6915283
batch	11820	valid_loss	21985.4591064
batch	11850	valid_loss	21693.6008301
batch	11880	valid_loss	21764.8041992
batch	11910	valid_loss	21782.2702637
batch	11940	valid_loss	21828.868042
batch	11970	valid_loss	21691.2713623
batch	12000	valid_loss	21737.041626
batch	12030	valid_loss	22086.7293701
batch	12060	valid_loss	21703.7387695
batch	12090	valid_loss	21639.0037842
batch	12120	valid_loss	22005.2329102
batch	12150	valid_loss	21725.0327148
batch	12180	valid_loss	21718.4346924
batch	12210	valid_loss	21743.5913086
batch	12240	valid_loss	21717.590332
batch	12270	valid_loss	21930.4006348
batch	12300	valid_loss	21737.4075928
batch	12330	valid_loss	21756.0526123
batch	12360	valid_loss	23275.9698486
batch	12390	valid_loss	21683.9508057
batch	12420	valid_loss	21662.3165283
batch	12450	valid_loss	21801.1390381
batch	12480	valid_loss	21699.8909912
batch	12510	valid_loss	21946.5494385
batch	12540	valid_loss	21726.5246582
batch	12570	valid_loss	21706.2498779
batch	12600	valid_loss	21678.2824707
batch	12630	valid_loss	22115.4053955
batch	12660	valid_loss	21754.7420654
batch	12690	valid_loss	21599.2039795
batch	12720	valid_loss	21667.7911377
batch	12750	valid_loss	21673.8686523
batch	12780	valid_loss	21870.8908691
batch	12810	valid_loss	21646.0854492
batch	12840	valid_loss	21692.6737061
batch	12870	valid_loss	21601.9195557
batch	12900	valid_loss	21726.5500488
batch	12930	valid_loss	21692.2647705
batch	12960	valid_loss	21924.2243652
batch	12990	valid_loss	21687.2939453
batch	13020	valid_loss	22286.6645508
batch	13050	valid_loss	21668.3999023
batch	13080	valid_loss	21656.4645996
batch	13110	valid_loss	21755.9327393
batch	13140	valid_loss	21693.789917
batch	13170	valid_loss	22126.1717529
batch	13200	valid_loss	21503.7840576
batch	13230	valid_loss	21642.7878418
batch	13260	valid_loss	21718.3613281
batch	13290	valid_loss	21698.157959
batch	13320	valid_loss	21651.612915
batch	13350	valid_loss	21573.0021973
batch	13380	valid_loss	21865.3950195
batch	13410	valid_loss	21548.805542
batch	13440	valid_loss	21642.9995117
batch	13470	valid_loss	21649.2827148
batch	13500	valid_loss	21657.8453369
batch	13530	valid_loss	21589.8532715
batch	13560	valid_loss	21770.5141602
batch	13590	valid_loss	21625.1054688
batch	13620	valid_loss	21543.2926025
batch	13650	valid_loss	21595.1864014
batch	13680	valid_loss	21640.7913818
batch	13710	valid_loss	21560.7363281
batch	13740	valid_loss	21531.2237549
batch	13770	valid_loss	21682.6915283
batch	13800	valid_loss	21643.2497559
batch	13830	valid_loss	21588.6947021
batch	13860	valid_loss	21724.0648193
batch	13890	valid_loss	21648.4570312
batch	13920	valid_loss	21548.5493164
batch	13950	valid_loss	21588.7669678
batch	13980	valid_loss	21618.6153564
batch	14010	valid_loss	21718.1573486
batch	14040	valid_loss	21562.295166
batch	14070	valid_loss	21505.7270508
batch	14100	valid_loss	21564.1850586
batch	14130	valid_loss	22468.2508545
batch	14160	valid_loss	21612.2835693
batch	14190	valid_loss	21572.8114014
batch	14220	valid_loss	21930.4978027
batch	14250	valid_loss	21467.6949463
batch	14280	valid_loss	22606.6914062
batch	14310	valid_loss	21553.5803223
batch	14340	valid_loss	21543.2894287
batch	14370	valid_loss	21574.4476318
batch	14400	valid_loss	21580.5844727
batch	14430	valid_loss	22152.7767334
batch	14460	valid_loss	21530.0733643
batch	14490	valid_loss	21527.0345459
batch	14520	valid_loss	21622.2001953
batch	14550	valid_loss	21527.1605225
batch	14580	valid_loss	21464.9887695
batch	14610	valid_loss	22805.9744873
batch	14640	valid_loss	21533.6998291
batch	14670	valid_loss	21454.3409424
batch	14700	valid_loss	21633.8099365
batch	14730	valid_loss	21515.217041
batch	14760	valid_loss	21464.6320801
batch	14790	valid_loss	21562.4366455
batch	14820	valid_loss	22039.0634766
batch	14850	valid_loss	21662.2210693
batch	14880	valid_loss	21478.6307373
batch	14910	valid_loss	21522.2770996
batch	14940	valid_loss	21667.9036865
batch	14970	valid_loss	21509.2559814
batch	15000	valid_loss	21502.7774658
batch	15030	valid_loss	21521.6733398
batch	15060	valid_loss	21455.2747803
batch	15090	valid_loss	21469.5362549
batch	15120	valid_loss	21483.3060303
batch	15150	valid_loss	21519.2243652
batch	15180	valid_loss	21573.9705811
batch	15210	valid_loss	21529.8942871
batch	15240	valid_loss	21518.331665
batch	15270	valid_loss	22222.1879883
batch	15300	valid_loss	21433.0969238
batch	15330	valid_loss	21575.8310547
batch	15360	valid_loss	21618.0610352
batch	15390	valid_loss	21476.8686523
batch	15420	valid_loss	21485.9682617
batch	15450	valid_loss	21573.3717041
batch	15480	valid_loss	21681.3806152
batch	15510	valid_loss	21458.6179199
batch	15540	valid_loss	21560.8574219
batch	15570	valid_loss	21580.5794678
batch	15600	valid_loss	21475.2368164
batch	15630	valid_loss	21789.0461426
batch	15660	valid_loss	21485.8555908
batch	15690	valid_loss	21462.5673828
batch	15720	valid_loss	21498.5975342
batch	15750	valid_loss	22350.3118896
batch	15780	valid_loss	21527.8901367
batch	15810	valid_loss	21381.2718506
batch	15840	valid_loss	21594.092041
batch	15870	valid_loss	21537.241333
batch	15900	valid_loss	21435.6500244
batch	15930	valid_loss	21444.8317871
batch	15960	valid_loss	21786.6802979
batch	15990	valid_loss	21422.8334961
batch	16020	valid_loss	21469.2235107
batch	16050	valid_loss	22378.9831543
batch	16080	valid_loss	21442.3218994
batch	16110	valid_loss	21386.2403564
batch	16140	valid_loss	22326.3989258
batch	16170	valid_loss	21480.4569092
batch	16200	valid_loss	21416.6011963
batch	16230	valid_loss	21507.9621582
batch	16260	valid_loss	21790.5455322
batch	16290	valid_loss	21444.7491455
batch	16320	valid_loss	21490.0270996
batch	16350	valid_loss	21680.5012207
batch	16380	valid_loss	21515.105957
batch	16410	valid_loss	21496.1385498
batch	16440	valid_loss	21457.1643066
batch	16470	valid_loss	21389.1096191
batch	16500	valid_loss	21730.0175781
batch	16530	valid_loss	21392.2736816
batch	16560	valid_loss	21572.8571777
batch	16590	valid_loss	21471.5828857
batch	16620	valid_loss	21388.5291748
batch	16650	valid_loss	21384.9035645
batch	16680	valid_loss	21565.8262939
batch	16710	valid_loss	21462.5355225
batch	16740	valid_loss	21396.0140381
batch	16770	valid_loss	22169.2177734
batch	16800	valid_loss	21425.4886475
batch	16830	valid_loss	21386.3365479
batch	16860	valid_loss	21398.5061035
batch	16890	valid_loss	21644.8948975
batch	16920	valid_loss	21429.2850342
batch	16950	valid_loss	21460.3443604
batch	16980	valid_loss	21390.8192139
batch	17010	valid_loss	23305.3300781
batch	17040	valid_loss	21422.8657227
batch	17070	valid_loss	21388.8370361
batch	17100	valid_loss	21433.925415
batch	17130	valid_loss	21595.4429932
batch	17160	valid_loss	21731.9437256
batch	17190	valid_loss	21413.6876221
batch	17220	valid_loss	21802.2473145
batch	17250	valid_loss	21479.1887207
batch	17280	valid_loss	21459.456543
batch	17310	valid_loss	21407.6478271
batch	17340	valid_loss	21712.7009277
batch	17370	valid_loss	21333.7967529
batch	17400	valid_loss	21487.8007812
batch	17430	valid_loss	21516.506958
batch	17460	valid_loss	21906.8098145
batch	17490	valid_loss	21358.8078613
batch	17520	valid_loss	21485.9956055
batch	17550	valid_loss	21393.3961182
batch	17580	valid_loss	21423.3288574
batch	17610	valid_loss	21423.55896
batch	17640	valid_loss	21584.3135986
batch	17670	valid_loss	21328.2355957
batch	17700	valid_loss	21318.0511475
batch	17730	valid_loss	21690.0635986
batch	17760	valid_loss	21329.3426514
batch	17790	valid_loss	21406.3424072
batch	17820	valid_loss	21408.5877686
batch	17850	valid_loss	22249.5701904
batch	17880	valid_loss	21320.5089111
batch	17910	valid_loss	21430.5892334
batch	17940	valid_loss	21547.3980713
batch	17970	valid_loss	21945.3054199
batch	18000	valid_loss	21310.0322266
batch	18030	valid_loss	21410.6968994
batch	18060	valid_loss	21395.0703125
batch	18090	valid_loss	21576.9287109
batch	18120	valid_loss	21395.3155518
batch	18150	valid_loss	21357.0384521
batch	18180	valid_loss	21545.5157471
batch	18210	valid_loss	21379.6560059
batch	18240	valid_loss	21518.6177979
batch	18270	valid_loss	21426.555542
batch	18300	valid_loss	21348.0887451
batch	18330	valid_loss	21331.2930908
batch	18360	valid_loss	22036.5546875
batch	18390	valid_loss	21340.7824707
batch	18420	valid_loss	21292.4602051
batch	18450	valid_loss	21373.854126
batch	18480	valid_loss	21339.6696777
batch	18510	valid_loss	21463.1282959
batch	18540	valid_loss	21536.0827637
batch	18570	valid_loss	21347.8513184
batch	18600	valid_loss	21349.9829102
batch	18630	valid_loss	21412.1109619
batch	18660	valid_loss	21419.1671143
batch	18690	valid_loss	21470.2322998
batch	18720	valid_loss	21327.5718994
batch	18750	valid_loss	21308.2426758
batch	18780	valid_loss	21374.4829102
batch	18810	valid_loss	21602.1578369
batch	18840	valid_loss	21368.5526123
batch	18870	valid_loss	21675.1054688
batch	18900	valid_loss	21401.7996826
batch	18930	valid_loss	21580.3093262
batch	18960	valid_loss	21491.0477295
batch	18990	valid_loss	21466.7307129
batch	19020	valid_loss	21360.0466309
batch	19050	valid_loss	21289.8134766
batch	19080	valid_loss	21659.0358887
batch	19110	valid_loss	21267.2509766
batch	19140	valid_loss	21454.3128662
batch	19170	valid_loss	21650.4440918
batch	19200	valid_loss	21287.1574707
batch	19230	valid_loss	21279.0656738
batch	19260	valid_loss	21300.3642578
batch	19290	valid_loss	21345.1323242
batch	19320	valid_loss	21636.1278076
batch	19350	valid_loss	21298.12854
batch	19380	valid_loss	21430.9272461
batch	19410	valid_loss	21340.9423828
batch	19440	valid_loss	21623.355957
batch	19470	valid_loss	21319.6802979
batch	19500	valid_loss	21483.5930176
batch	19530	valid_loss	22148.0714111
batch	19560	valid_loss	21265.4212646
batch	19590	valid_loss	21254.44104
batch	19620	valid_loss	21419.3649902
batch	19650	valid_loss	21382.9451904
batch	19680	valid_loss	21328.7558594
batch	19710	valid_loss	21437.2980957
batch	19740	valid_loss	21319.3623047
batch	19770	valid_loss	21654.9708252
batch	19800	valid_loss	21327.9959717
batch	19830	valid_loss	21570.1999512
batch	19860	valid_loss	21307.1844482
batch	19890	valid_loss	22134.9555664
batch	19920	valid_loss	21297.1386719
batch	19950	valid_loss	21235.5782471
batch	19980	valid_loss	21302.4771729
batch	20010	valid_loss	21727.5644531
batch	20040	valid_loss	21296.7391357
batch	20070	valid_loss	21457.3543701
batch	20100	valid_loss	21437.6732178
batch	20130	valid_loss	21376.1270752
batch	20160	valid_loss	21324.1359863
batch	20190	valid_loss	22092.2113037
batch	20220	valid_loss	21269.7612305
batch	20250	valid_loss	21265.4440918
batch	20280	valid_loss	21451.800293
batch	20310	valid_loss	21295.1634521
batch	20340	valid_loss	21563.0183105
batch	20370	valid_loss	21292.817749
batch	20400	valid_loss	21310.5786133
batch	20430	valid_loss	21303.2156982
batch	20460	valid_loss	21337.5163574
batch	20490	valid_loss	21314.7000732
batch	20520	valid_loss	21519.7733154
batch	20550	valid_loss	21283.1893311
batch	20580	valid_loss	21440.6982422
batch	20610	valid_loss	21345.144043
batch	20640	valid_loss	21320.4390869
batch	20670	valid_loss	22250.2624512
batch	20700	valid_loss	21331.3056641
batch	20730	valid_loss	21311.7348633
batch	20760	valid_loss	21256.7353516
batch	20790	valid_loss	21290.9887695
batch	20820	valid_loss	21471.6143799
batch	20850	valid_loss	21351.8780518
batch	20880	valid_loss	21404.6999512
batch	20910	valid_loss	21359.9619141
batch	20940	valid_loss	21323.2664795
batch	20970	valid_loss	21303.710083
batch	21000	valid_loss	21457.6066895
batch	21030	valid_loss	21469.0631104
batch	21060	valid_loss	21371.8110352
batch	21090	valid_loss	21470.0375977
batch	21120	valid_loss	21232.5014648
batch	21150	valid_loss	21590.0515137
batch	21180	valid_loss	21459.7359619
batch	21210	valid_loss	21351.1855469
batch	21240	valid_loss	21340.5598145
batch	21270	valid_loss	21501.8084717
batch	21300	valid_loss	21322.5274658
batch	21330	valid_loss	21291.8970947
batch	21360	valid_loss	21769.1813965
batch	21390	valid_loss	21352.7286377
batch	21420	valid_loss	21250.7349854
batch	21450	valid_loss	21297.8447266
batch	21480	valid_loss	21497.9207764
batch	21510	valid_loss	21206.3590088
batch	21540	valid_loss	21258.8505859
batch	21570	valid_loss	21331.3417969
batch	21600	valid_loss	22551.9910889
batch	21630	valid_loss	21302.1885986
batch	21660	valid_loss	21219.019165
batch	21690	valid_loss	21286.4378662
batch	21720	valid_loss	21405.6629639
batch	21750	valid_loss	21313.3624268
batch	21780	valid_loss	21215.4230957
batch	21810	valid_loss	21575.1964111
batch	21840	valid_loss	21429.739624
batch	21870	valid_loss	21275.6636963
batch	21900	valid_loss	22415.3735352
batch	21930	valid_loss	21310.5994873
batch	21960	valid_loss	21296.572998
batch	21990	valid_loss	21220.8234863
batch	22020	valid_loss	21411.6328125
batch	22050	valid_loss	21234.3481445
batch	22080	valid_loss	21818.487915
batch	22110	valid_loss	21267.5074463
batch	22140	valid_loss	21283.631958
batch	22170	valid_loss	21271.0111084
batch	22200	valid_loss	21470.3516846
batch	22230	valid_loss	21212.3427734
batch	22260	valid_loss	21187.7670898
batch	22290	valid_loss	21257.6240234
batch	22320	valid_loss	21279.5496826
batch	22350	valid_loss	21452.6311035
batch	22380	valid_loss	21252.378418
batch	22410	valid_loss	21286.664917
batch	22440	valid_loss	21623.1156006
batch	22470	valid_loss	21401.2481689
batch	22500	valid_loss	21317.9732666
batch	22530	valid_loss	21272.2246094
batch	22560	valid_loss	21381.4760742
batch	22590	valid_loss	21374.9997559
batch	22620	valid_loss	21323.1740723
batch	22650	valid_loss	21500.8747559
batch	22680	valid_loss	21205.7033691
batch	22710	valid_loss	21462.7558594
batch	22740	valid_loss	21305.3400879
batch	22770	valid_loss	21277.7069092
batch	22800	valid_loss	21276.6346436
batch	22830	valid_loss	21311.5489502
batch	22860	valid_loss	21263.5721436
batch	22890	valid_loss	21300.7685547
batch	22920	valid_loss	21349.2612305
batch	22950	valid_loss	21303.2745361
batch	22980	valid_loss	21289.1518555
batch	23010	valid_loss	21482.4412842
batch	23040	valid_loss	21179.1131592
batch	23070	valid_loss	21195.5935059
batch	23100	valid_loss	21342.5357666
batch	23130	valid_loss	21268.0146484
batch	23160	valid_loss	21478.7889404
batch	23190	valid_loss	21301.1490479
batch	23220	valid_loss	21218.7745361
batch	23250	valid_loss	21245.3337402
batch	23280	valid_loss	22628.1313477
batch	23310	valid_loss	21251.0880127
batch	23340	valid_loss	21172.293335
batch	23370	valid_loss	21169.8619385
batch	23400	valid_loss	21382.7160645
batch	23430	valid_loss	21460.9501953
batch	23460	valid_loss	21641.2940674
batch	23490	valid_loss	21225.3691406
batch	23520	valid_loss	21242.0599365
batch	23550	valid_loss	21201.1473389
batch	23580	valid_loss	21281.9572754
batch	23610	valid_loss	21549.1917725
batch	23640	valid_loss	21296.3531494
batch	23670	valid_loss	21308.295166
batch	23700	valid_loss	21752.802002
batch	23730	valid_loss	21186.8833008
batch	23760	valid_loss	21304.8033447
batch	23790	valid_loss	21276.7038574
batch	23820	valid_loss	21146.1739502
batch	23850	valid_loss	21533.8581543
batch	23880	valid_loss	21232.0683594
batch	23910	valid_loss	21379.635498
batch	23940	valid_loss	21219.5595703
batch	23970	valid_loss	21274.8464355
batch	24000	valid_loss	21257.7280273
batch	24030	valid_loss	21250.973999
batch	24060	valid_loss	21278.2894287
batch	24090	valid_loss	21211.5631104
batch	24120	valid_loss	21136.1470947
batch	24150	valid_loss	21222.0655518
batch	24180	valid_loss	21243.9532471
batch	24210	valid_loss	21252.0401611
batch	24240	valid_loss	21191.5759277
batch	24270	valid_loss	21157.8668213
batch	24300	valid_loss	21269.1240234
batch	24330	valid_loss	21205.5227051
batch	24360	valid_loss	21184.5672607
batch	24390	valid_loss	21338.2772217
batch	24420	valid_loss	21326.0997314
batch	24450	valid_loss	21125.5205078
batch	24480	valid_loss	21150.1705322
batch	24510	valid_loss	21625.7996826
batch	24540	valid_loss	21098.805542
batch	24570	valid_loss	22017.3001709
batch	24600	valid_loss	21133.0549316
batch	24630	valid_loss	21092.4458008
batch	24660	valid_loss	21101.041626
batch	24690	valid_loss	21200.4119873
batch	24720	valid_loss	21409.5546875
batch	24750	valid_loss	21154.8138428
batch	24780	valid_loss	21113.5546875
batch	24810	valid_loss	21398.9121094
batch	24840	valid_loss	21173.7200928
batch	24870	valid_loss	21123.6330566
batch	24900	valid_loss	21343.3271484
batch	24930	valid_loss	21198.9517822
batch	24960	valid_loss	21361.8948975
batch	24990	valid_loss	21146.2684326
STOP
START
config	560	240	560	960
batch	0	valid_loss	7226507.5625
batch	30	valid_loss	176731.744141
batch	60	valid_loss	122611.654297
batch	90	valid_loss	119988.189453
batch	120	valid_loss	119792.84668
batch	150	valid_loss	119724.237305
batch	180	valid_loss	119725.224609
batch	210	valid_loss	119614.042969
batch	240	valid_loss	119421.834961
batch	270	valid_loss	119128.674805
batch	300	valid_loss	118650.734375
batch	330	valid_loss	117756.78125
batch	360	valid_loss	115890.177734
batch	390	valid_loss	113309.419922
batch	420	valid_loss	111158.967773
batch	450	valid_loss	109701.913086
batch	480	valid_loss	108700.936523
batch	510	valid_loss	108085.65918
batch	540	valid_loss	107370.680664
batch	570	valid_loss	106736.5
batch	600	valid_loss	106044.046875
batch	630	valid_loss	105191.208984
batch	660	valid_loss	104372.056641
batch	690	valid_loss	103522.749023
batch	720	valid_loss	102582.420898
batch	750	valid_loss	101562.012695
batch	780	valid_loss	100534.080078
batch	810	valid_loss	99510.3496094
batch	840	valid_loss	98461.6660156
batch	870	valid_loss	97382.9160156
batch	900	valid_loss	96026.9638672
batch	930	valid_loss	94740.5371094
batch	960	valid_loss	93446.3374023
batch	990	valid_loss	92111.8359375
batch	1020	valid_loss	90708.1206055
batch	1050	valid_loss	89296.2641602
batch	1080	valid_loss	87883.8691406
batch	1110	valid_loss	86539.4702148
batch	1140	valid_loss	85125.4404297
batch	1170	valid_loss	83779.4301758
batch	1200	valid_loss	82390.559082
batch	1230	valid_loss	81045.1088867
batch	1260	valid_loss	79751.0361328
batch	1290	valid_loss	78413.3710938
batch	1320	valid_loss	77118.6079102
batch	1350	valid_loss	75882.0458984
batch	1380	valid_loss	74556.1748047
batch	1410	valid_loss	73378.1816406
batch	1440	valid_loss	72218.0849609
batch	1470	valid_loss	70933.2817383
batch	1500	valid_loss	69815.4545898
batch	1530	valid_loss	68640.4296875
batch	1560	valid_loss	67493.4667969
batch	1590	valid_loss	66446.8422852
batch	1620	valid_loss	65390.5268555
batch	1650	valid_loss	64253.046875
batch	1680	valid_loss	63335.0366211
batch	1710	valid_loss	62299.934082
batch	1740	valid_loss	61296.5166016
batch	1770	valid_loss	60310.2353516
batch	1800	valid_loss	59453.652832
batch	1830	valid_loss	58536.0336914
batch	1860	valid_loss	57527.0371094
batch	1890	valid_loss	56707.7250977
batch	1920	valid_loss	55873.8168945
batch	1950	valid_loss	55135.9306641
batch	1980	valid_loss	54346.7749023
batch	2010	valid_loss	53630.7675781
batch	2040	valid_loss	52937.9169922
batch	2070	valid_loss	52129.7729492
batch	2100	valid_loss	51405.4692383
batch	2130	valid_loss	50754.0498047
batch	2160	valid_loss	50055.6499023
batch	2190	valid_loss	49568.2075195
batch	2220	valid_loss	48909.7529297
batch	2250	valid_loss	48206.9863281
batch	2280	valid_loss	47713.9956055
batch	2310	valid_loss	47006.2675781
batch	2340	valid_loss	46522.9863281
batch	2370	valid_loss	45903.6799316
batch	2400	valid_loss	45540.4433594
batch	2430	valid_loss	45075.529541
batch	2460	valid_loss	44548.8710938
batch	2490	valid_loss	43982.6452637
batch	2520	valid_loss	43693.2563477
batch	2550	valid_loss	43155.9755859
batch	2580	valid_loss	42715.215332
batch	2610	valid_loss	42219.2434082
batch	2640	valid_loss	41825.5979004
batch	2670	valid_loss	41466.2670898
batch	2700	valid_loss	41076.4228516
batch	2730	valid_loss	40624.5788574
batch	2760	valid_loss	40308.4904785
batch	2790	valid_loss	40065.9992676
batch	2820	valid_loss	39585.7219238
batch	2850	valid_loss	39410.5771484
batch	2880	valid_loss	38837.9387207
batch	2910	valid_loss	38651.4257812
batch	2940	valid_loss	38320.3947754
batch	2970	valid_loss	38157.4633789
batch	3000	valid_loss	37762.8271484
batch	3030	valid_loss	37369.1601562
batch	3060	valid_loss	37116.1599121
batch	3090	valid_loss	36848.6225586
batch	3120	valid_loss	36563.9436035
batch	3150	valid_loss	36276.177002
batch	3180	valid_loss	36138.8666992
batch	3210	valid_loss	35824.3225098
batch	3240	valid_loss	35411.7978516
batch	3270	valid_loss	35247.0039062
batch	3300	valid_loss	35027.8049316
batch	3330	valid_loss	34869.1464844
batch	3360	valid_loss	34626.5385742
batch	3390	valid_loss	34383.9143066
batch	3420	valid_loss	34067.7807617
batch	3450	valid_loss	33883.3991699
batch	3480	valid_loss	33732.5153809
batch	3510	valid_loss	33452.121582
batch	3540	valid_loss	33209.3354492
batch	3570	valid_loss	33079.9150391
batch	3600	valid_loss	32784.8493652
batch	3630	valid_loss	32843.0222168
batch	3660	valid_loss	32376.0012207
batch	3690	valid_loss	32349.9213867
batch	3720	valid_loss	32137.2375488
batch	3750	valid_loss	32159.5080566
batch	3780	valid_loss	31758.7102051
batch	3810	valid_loss	31545.6569824
batch	3840	valid_loss	31370.796875
batch	3870	valid_loss	31167.8417969
batch	3900	valid_loss	31105.8217773
batch	3930	valid_loss	30955.8244629
batch	3960	valid_loss	30666.4482422
batch	3990	valid_loss	30634.6054688
batch	4020	valid_loss	30528.8137207
batch	4050	valid_loss	30240.2446289
batch	4080	valid_loss	30176.4672852
batch	4110	valid_loss	30094.2231445
batch	4140	valid_loss	29930.657959
batch	4170	valid_loss	29696.2387695
batch	4200	valid_loss	29569.598877
batch	4230	valid_loss	29623.1433105
batch	4260	valid_loss	29338.7512207
batch	4290	valid_loss	29172.2043457
batch	4320	valid_loss	29138.3911133
batch	4350	valid_loss	28964.9812012
batch	4380	valid_loss	28916.2067871
batch	4410	valid_loss	28833.8071289
batch	4440	valid_loss	28498.8352051
batch	4470	valid_loss	28491.9033203
batch	4500	valid_loss	28330.3254395
batch	4530	valid_loss	28591.5805664
batch	4560	valid_loss	28236.7998047
batch	4590	valid_loss	28043.2585449
batch	4620	valid_loss	27953.4667969
batch	4650	valid_loss	27903.3212891
batch	4680	valid_loss	27774.2429199
batch	4710	valid_loss	27739.206543
batch	4740	valid_loss	27609.3532715
batch	4770	valid_loss	27810.9953613
batch	4800	valid_loss	27390.2727051
batch	4830	valid_loss	27283.4416504
batch	4860	valid_loss	27329.9602051
batch	4890	valid_loss	27125.2426758
batch	4920	valid_loss	26997.911377
batch	4950	valid_loss	27533.7817383
batch	4980	valid_loss	26819.0668945
batch	5010	valid_loss	26975.9643555
batch	5040	valid_loss	26594.980957
batch	5070	valid_loss	26645.7272949
batch	5100	valid_loss	26613.7260742
batch	5130	valid_loss	26388.6755371
batch	5160	valid_loss	26456.8713379
batch	5190	valid_loss	26345.2514648
batch	5220	valid_loss	26109.6174316
batch	5250	valid_loss	26080.5400391
batch	5280	valid_loss	25904.9680176
batch	5310	valid_loss	26061.282959
batch	5340	valid_loss	25897.8620605
batch	5370	valid_loss	25978.8806152
batch	5400	valid_loss	25758.0698242
batch	5430	valid_loss	25736.4006348
batch	5460	valid_loss	25685.6081543
batch	5490	valid_loss	25547.1940918
batch	5520	valid_loss	25502.2780762
batch	5550	valid_loss	25391.7854004
batch	5580	valid_loss	25503.0585938
batch	5610	valid_loss	25259.4179688
batch	5640	valid_loss	25365.7937012
batch	5670	valid_loss	25330.4438477
batch	5700	valid_loss	25189.0014648
batch	5730	valid_loss	25082.5515137
batch	5760	valid_loss	24944.4250488
batch	5790	valid_loss	25222.7514648
batch	5820	valid_loss	24823.5598145
batch	5850	valid_loss	24838.2763672
batch	5880	valid_loss	24950.1320801
batch	5910	valid_loss	24969.6586914
batch	5940	valid_loss	24669.1357422
batch	5970	valid_loss	24900.6350098
batch	6000	valid_loss	24501.6450195
batch	6030	valid_loss	24585.4912109
batch	6060	valid_loss	24462.5046387
batch	6090	valid_loss	24681.0700684
batch	6120	valid_loss	24356.1064453
batch	6150	valid_loss	24282.3234863
batch	6180	valid_loss	24813.2294922
batch	6210	valid_loss	24443.0334473
batch	6240	valid_loss	24176.9274902
batch	6270	valid_loss	24240.1916504
batch	6300	valid_loss	24187.7509766
batch	6330	valid_loss	24351.5769043
batch	6360	valid_loss	24137.7915039
batch	6390	valid_loss	24022.182373
batch	6420	valid_loss	24138.4438477
batch	6450	valid_loss	23909.3103027
batch	6480	valid_loss	23949.7900391
batch	6510	valid_loss	23899.9335938
batch	6540	valid_loss	23812.5
batch	6570	valid_loss	23975.7246094
batch	6600	valid_loss	23946.8632812
batch	6630	valid_loss	23870.9182129
batch	6660	valid_loss	24009.3737793
batch	6690	valid_loss	23724.927002
batch	6720	valid_loss	23730.309082
batch	6750	valid_loss	23763.4727783
batch	6780	valid_loss	23544.9453125
batch	6810	valid_loss	23655.7197266
batch	6840	valid_loss	23533.6724854
batch	6870	valid_loss	23429.3841553
batch	6900	valid_loss	23559.8608398
batch	6930	valid_loss	23498.5546875
batch	6960	valid_loss	23405.439209
batch	6990	valid_loss	23366.2070312
batch	7020	valid_loss	23491.8237305
batch	7050	valid_loss	23336.3118896
batch	7080	valid_loss	23354.8505859
batch	7110	valid_loss	23244.4471436
batch	7140	valid_loss	23285.7813721
batch	7170	valid_loss	23189.9050293
batch	7200	valid_loss	23258.0332031
batch	7230	valid_loss	23268.1939697
batch	7260	valid_loss	23205.5773926
batch	7290	valid_loss	22999.4660645
batch	7320	valid_loss	23371.0621338
batch	7350	valid_loss	23133.4692383
batch	7380	valid_loss	22990.2540283
batch	7410	valid_loss	22964.1151123
batch	7440	valid_loss	23417.8613281
batch	7470	valid_loss	23044.2962646
batch	7500	valid_loss	22959.09375
batch	7530	valid_loss	23008.2281494
batch	7560	valid_loss	22932.5518799
batch	7590	valid_loss	23217.5114746
batch	7620	valid_loss	22916.1959229
batch	7650	valid_loss	22958.7872314
batch	7680	valid_loss	23061.6015625
batch	7710	valid_loss	22763.6063232
batch	7740	valid_loss	22776.2020264
batch	7770	valid_loss	23166.5090332
batch	7800	valid_loss	22713.7227783
batch	7830	valid_loss	23306.7131348
batch	7860	valid_loss	22979.3037109
batch	7890	valid_loss	22834.6547852
batch	7920	valid_loss	22917.7271729
batch	7950	valid_loss	22720.7640381
batch	7980	valid_loss	22791.8977051
batch	8010	valid_loss	23035.2912598
batch	8040	valid_loss	22722.1866455
batch	8070	valid_loss	22728.1307373
batch	8100	valid_loss	22716.8223877
batch	8130	valid_loss	22581.0657959
batch	8160	valid_loss	22678.0762939
batch	8190	valid_loss	22907.5404053
batch	8220	valid_loss	22713.897583
batch	8250	valid_loss	22621.2237549
batch	8280	valid_loss	22610.9859619
batch	8310	valid_loss	22692.2524414
batch	8340	valid_loss	22480.4349365
batch	8370	valid_loss	22484.6212158
batch	8400	valid_loss	23001.1733398
batch	8430	valid_loss	22571.3062744
batch	8460	valid_loss	22550.1922607
batch	8490	valid_loss	22475.5023193
batch	8520	valid_loss	22461.4121094
batch	8550	valid_loss	22420.6585693
batch	8580	valid_loss	23312.6136475
batch	8610	valid_loss	22454.4161377
batch	8640	valid_loss	22403.6737061
batch	8670	valid_loss	22513.9057617
batch	8700	valid_loss	22813.8486328
batch	8730	valid_loss	22357.0708008
batch	8760	valid_loss	22374.5869141
batch	8790	valid_loss	22414.7929688
batch	8820	valid_loss	22385.3242188
batch	8850	valid_loss	22280.7897949
batch	8880	valid_loss	22806.439209
batch	8910	valid_loss	22345.8786621
batch	8940	valid_loss	22342.2618408
batch	8970	valid_loss	22331.803833
batch	9000	valid_loss	22744.8625488
batch	9030	valid_loss	22346.8699951
batch	9060	valid_loss	22570.8515625
batch	9090	valid_loss	22470.0421143
batch	9120	valid_loss	22184.5854492
batch	9150	valid_loss	22270.0013428
batch	9180	valid_loss	22275.1586914
batch	9210	valid_loss	22612.4455566
batch	9240	valid_loss	22287.934082
batch	9270	valid_loss	22131.475708
batch	9300	valid_loss	22328.7851562
batch	9330	valid_loss	22175.2987061
batch	9360	valid_loss	22402.0623779
batch	9390	valid_loss	22200.0073242
batch	9420	valid_loss	22296.0533447
batch	9450	valid_loss	22425.973877
batch	9480	valid_loss	22154.064209
batch	9510	valid_loss	22181.7906494
batch	9540	valid_loss	22152.8796387
batch	9570	valid_loss	22123.2340088
batch	9600	valid_loss	22889.4195557
batch	9630	valid_loss	22411.1107178
batch	9660	valid_loss	22260.4544678
batch	9690	valid_loss	22074.4908447
batch	9720	valid_loss	22184.8305664
batch	9750	valid_loss	22979.4006348
batch	9780	valid_loss	22074.6607666
batch	9810	valid_loss	22049.7709961
batch	9840	valid_loss	22105.9770508
batch	9870	valid_loss	22333.4517822
batch	9900	valid_loss	22004.2086182
batch	9930	valid_loss	22005.9517822
batch	9960	valid_loss	22031.4781494
batch	9990	valid_loss	22142.519165
batch	10020	valid_loss	22992.6513672
batch	10050	valid_loss	22074.7840576
batch	10080	valid_loss	22107.5321045
batch	10110	valid_loss	22163.0075684
batch	10140	valid_loss	22217.0025635
batch	10170	valid_loss	22033.1589355
batch	10200	valid_loss	22001.3452148
batch	10230	valid_loss	21973.6977539
batch	10260	valid_loss	22116.5673828
batch	10290	valid_loss	22027.1992188
batch	10320	valid_loss	22120.8248291
batch	10350	valid_loss	22152.7276611
batch	10380	valid_loss	21963.7596436
batch	10410	valid_loss	21854.8673096
batch	10440	valid_loss	22029.4926758
batch	10470	valid_loss	22368.4705811
batch	10500	valid_loss	21861.407959
batch	10530	valid_loss	21924.6710205
batch	10560	valid_loss	22083.3460693
batch	10590	valid_loss	22015.8391113
batch	10620	valid_loss	22028.7009277
batch	10650	valid_loss	22020.526001
batch	10680	valid_loss	21908.5429688
batch	10710	valid_loss	22054.965332
batch	10740	valid_loss	21892.4490967
batch	10770	valid_loss	21990.3909912
batch	10800	valid_loss	21939.7806396
batch	10830	valid_loss	21983.3580322
batch	10860	valid_loss	21852.6308594
batch	10890	valid_loss	21923.0202637
batch	10920	valid_loss	22084.8806152
batch	10950	valid_loss	21920.2833252
batch	10980	valid_loss	21876.1320801
batch	11010	valid_loss	21890.4650879
batch	11040	valid_loss	22177.4658203
batch	11070	valid_loss	21922.0374756
batch	11100	valid_loss	21837.1300049
batch	11130	valid_loss	21814.7855225
batch	11160	valid_loss	21952.8728027
batch	11190	valid_loss	21950.9044189
batch	11220	valid_loss	21929.5429688
batch	11250	valid_loss	21818.3596191
batch	11280	valid_loss	21910.8862305
batch	11310	valid_loss	21789.8640137
batch	11340	valid_loss	21863.7110596
batch	11370	valid_loss	21884.1837158
batch	11400	valid_loss	21806.9710693
batch	11430	valid_loss	23907.8723145
batch	11460	valid_loss	21790.819458
batch	11490	valid_loss	21804.3746338
batch	11520	valid_loss	21959.427002
batch	11550	valid_loss	21844.3973389
batch	11580	valid_loss	21864.0454102
batch	11610	valid_loss	21865.3504639
batch	11640	valid_loss	22830.435791
batch	11670	valid_loss	21807.1950684
batch	11700	valid_loss	21797.6094971
batch	11730	valid_loss	21743.4450684
batch	11760	valid_loss	23168.6442871
batch	11790	valid_loss	21670.5889893
batch	11820	valid_loss	22012.6490479
batch	11850	valid_loss	21987.4224854
batch	11880	valid_loss	21717.6376953
batch	11910	valid_loss	21778.9863281
batch	11940	valid_loss	21769.2987061
batch	11970	valid_loss	21860.0424805
batch	12000	valid_loss	21760.456665
batch	12030	valid_loss	21727.2770996
batch	12060	valid_loss	21752.4119873
batch	12090	valid_loss	21936.5183105
batch	12120	valid_loss	21787.3826904
batch	12150	valid_loss	21769.1413574
batch	12180	valid_loss	21776.288208
batch	12210	valid_loss	21790.8165283
batch	12240	valid_loss	21616.4042969
batch	12270	valid_loss	21775.9671631
batch	12300	valid_loss	21732.7019043
batch	12330	valid_loss	21867.2359619
batch	12360	valid_loss	21762.1210938
batch	12390	valid_loss	21963.4376221
batch	12420	valid_loss	21685.4039307
batch	12450	valid_loss	21993.9348145
batch	12480	valid_loss	21691.0427246
batch	12510	valid_loss	21689.6385498
batch	12540	valid_loss	21770.536377
batch	12570	valid_loss	21740.1967773
batch	12600	valid_loss	21642.3813477
batch	12630	valid_loss	21671.9595947
batch	12660	valid_loss	21698.0246582
batch	12690	valid_loss	21797.2095947
batch	12720	valid_loss	21752.9628906
batch	12750	valid_loss	21869.2559814
batch	12780	valid_loss	21746.0163574
batch	12810	valid_loss	21875.8747559
batch	12840	valid_loss	21890.2641602
batch	12870	valid_loss	21798.1837158
batch	12900	valid_loss	21718.8564453
batch	12930	valid_loss	21779.9857178
batch	12960	valid_loss	21679.5488281
batch	12990	valid_loss	21600.8400879
batch	13020	valid_loss	21612.4458008
batch	13050	valid_loss	21694.6655273
batch	13080	valid_loss	21820.0161133
batch	13110	valid_loss	21713.7141113
batch	13140	valid_loss	21710.7015381
batch	13170	valid_loss	21699.7243652
batch	13200	valid_loss	22515.390625
batch	13230	valid_loss	21576.7724609
batch	13260	valid_loss	21684.6391602
batch	13290	valid_loss	21597.6536865
batch	13320	valid_loss	22910.6287842
batch	13350	valid_loss	21584.6295166
batch	13380	valid_loss	21644.2570801
batch	13410	valid_loss	21810.2015381
batch	13440	valid_loss	21531.9490967
batch	13470	valid_loss	21629.1485596
batch	13500	valid_loss	21810.6790771
batch	13530	valid_loss	21542.7896729
batch	13560	valid_loss	21643.4282227
batch	13590	valid_loss	22454.5174561
batch	13620	valid_loss	21572.1329346
batch	13650	valid_loss	21532.4532471
batch	13680	valid_loss	21612.8355713
batch	13710	valid_loss	21550.3243408
batch	13740	valid_loss	21530.0084229
batch	13770	valid_loss	21623.585083
batch	13800	valid_loss	21728.9801025
batch	13830	valid_loss	21732.9771729
batch	13860	valid_loss	21558.4194336
batch	13890	valid_loss	22418.9006348
batch	13920	valid_loss	21613.4957275
batch	13950	valid_loss	21548.7945557
batch	13980	valid_loss	21701.1885986
batch	14010	valid_loss	21691.5152588
batch	14040	valid_loss	21598.4133301
batch	14070	valid_loss	21992.9036865
batch	14100	valid_loss	21613.46521
batch	14130	valid_loss	21615.7398682
batch	14160	valid_loss	21491.0015869
batch	14190	valid_loss	21631.2207031
batch	14220	valid_loss	21700.0830078
batch	14250	valid_loss	21505.723877
batch	14280	valid_loss	21573.9248047
batch	14310	valid_loss	22373.3955078
batch	14340	valid_loss	21661.8780518
batch	14370	valid_loss	21530.1241455
batch	14400	valid_loss	21651.3746338
batch	14430	valid_loss	21598.0006104
batch	14460	valid_loss	21624.4541016
batch	14490	valid_loss	21561.7995605
batch	14520	valid_loss	21697.8001709
batch	14550	valid_loss	21651.1154785
batch	14580	valid_loss	21472.2984619
batch	14610	valid_loss	21515.6433105
batch	14640	valid_loss	21671.8288574
batch	14670	valid_loss	21641.2680664
batch	14700	valid_loss	21622.543335
batch	14730	valid_loss	21548.0690918
batch	14760	valid_loss	22175.7969971
batch	14790	valid_loss	21479.0895996
batch	14820	valid_loss	21607.3745117
batch	14850	valid_loss	21554.8702393
batch	14880	valid_loss	21572.5114746
batch	14910	valid_loss	21425.4735107
batch	14940	valid_loss	21925.3370361
batch	14970	valid_loss	21719.5400391
batch	15000	valid_loss	21505.1108398
batch	15030	valid_loss	21547.2930908
batch	15060	valid_loss	21701.7155762
batch	15090	valid_loss	21438.7001953
batch	15120	valid_loss	21588.8299561
batch	15150	valid_loss	21783.1929932
batch	15180	valid_loss	21446.7648926
batch	15210	valid_loss	21604.0892334
batch	15240	valid_loss	21967.0698242
batch	15270	valid_loss	21515.322876
batch	15300	valid_loss	21560.1746826
batch	15330	valid_loss	21545.4951172
batch	15360	valid_loss	21431.1328125
batch	15390	valid_loss	21587.1893311
batch	15420	valid_loss	21431.0366211
batch	15450	valid_loss	21526.6942139
batch	15480	valid_loss	21497.4986572
batch	15510	valid_loss	21512.8447266
batch	15540	valid_loss	21472.0997314
batch	15570	valid_loss	21460.8568115
batch	15600	valid_loss	21724.6663818
batch	15630	valid_loss	21601.4597168
batch	15660	valid_loss	21563.3563232
batch	15690	valid_loss	21725.2280273
batch	15720	valid_loss	21471.0042725
batch	15750	valid_loss	22387.4935303
batch	15780	valid_loss	21526.5501709
batch	15810	valid_loss	21465.7741699
batch	15840	valid_loss	21574.5037842
batch	15870	valid_loss	21549.8244629
batch	15900	valid_loss	21482.1107178
batch	15930	valid_loss	21395.5830078
batch	15960	valid_loss	21527.9951172
batch	15990	valid_loss	21546.7941895
batch	16020	valid_loss	21431.934082
batch	16050	valid_loss	21523.2526855
batch	16080	valid_loss	21422.4119873
batch	16110	valid_loss	21686.0941162
batch	16140	valid_loss	21389.0783691
batch	16170	valid_loss	21451.5661621
batch	16200	valid_loss	21442.0517578
batch	16230	valid_loss	22310.6674805
batch	16260	valid_loss	21461.3336182
batch	16290	valid_loss	21401.1702881
batch	16320	valid_loss	21402.9663086
batch	16350	valid_loss	21425.5927734
batch	16380	valid_loss	21505.282959
batch	16410	valid_loss	21440.3239746
batch	16440	valid_loss	21468.2010498
batch	16470	valid_loss	21411.2862549
batch	16500	valid_loss	21670.1435547
batch	16530	valid_loss	21539.7414551
batch	16560	valid_loss	21573.5019531
batch	16590	valid_loss	21433.3579102
batch	16620	valid_loss	21776.3809814
batch	16650	valid_loss	21406.0402832
batch	16680	valid_loss	21484.9338379
batch	16710	valid_loss	21460.4846191
batch	16740	valid_loss	21503.7067871
batch	16770	valid_loss	21498.1547852
batch	16800	valid_loss	21411.9516602
batch	16830	valid_loss	21389.7751465
batch	16860	valid_loss	21679.4577637
batch	16890	valid_loss	21503.8427734
batch	16920	valid_loss	21368.7540283
batch	16950	valid_loss	21780.1047363
batch	16980	valid_loss	21353.7866211
batch	17010	valid_loss	21660.958252
batch	17040	valid_loss	21400.4376221
batch	17070	valid_loss	21350.0144043
batch	17100	valid_loss	21358.5167236
batch	17130	valid_loss	21514.7957764
batch	17160	valid_loss	21613.5479736
batch	17190	valid_loss	21497.0806885
batch	17220	valid_loss	21417.4212646
batch	17250	valid_loss	22068.0065918
batch	17280	valid_loss	21371.0334473
batch	17310	valid_loss	21408.3630371
batch	17340	valid_loss	21479.784668
batch	17370	valid_loss	21338.9255371
batch	17400	valid_loss	21925.480957
batch	17430	valid_loss	21545.9091797
batch	17460	valid_loss	21527.4921875
batch	17490	valid_loss	21549.7542725
batch	17520	valid_loss	21429.9370117
batch	17550	valid_loss	21457.5397949
batch	17580	valid_loss	21387.5805664
batch	17610	valid_loss	21718.1889648
batch	17640	valid_loss	21542.4891357
batch	17670	valid_loss	21498.9007568
batch	17700	valid_loss	21342.7930908
batch	17730	valid_loss	21403.2941895
batch	17760	valid_loss	21406.7335205
batch	17790	valid_loss	21467.9841309
batch	17820	valid_loss	21502.3634033
batch	17850	valid_loss	21395.0452881
batch	17880	valid_loss	21401.8470459
batch	17910	valid_loss	21359.8563232
batch	17940	valid_loss	21791.5296631
batch	17970	valid_loss	21451.8723145
batch	18000	valid_loss	21317.9714355
batch	18030	valid_loss	21321.7873535
batch	18060	valid_loss	21546.1611328
batch	18090	valid_loss	21563.5834961
batch	18120	valid_loss	21453.411377
batch	18150	valid_loss	21388.614502
batch	18180	valid_loss	21495.0024414
batch	18210	valid_loss	21331.9163818
batch	18240	valid_loss	21498.5762939
batch	18270	valid_loss	21518.9287109
batch	18300	valid_loss	21312.7877197
batch	18330	valid_loss	21530.1105957
batch	18360	valid_loss	21441.0106201
batch	18390	valid_loss	21337.3026123
batch	18420	valid_loss	21471.3719482
batch	18450	valid_loss	21370.7531738
batch	18480	valid_loss	21345.5657959
batch	18510	valid_loss	21517.5692139
batch	18540	valid_loss	21311.2353516
batch	18570	valid_loss	21388.0942383
batch	18600	valid_loss	21461.9278564
batch	18630	valid_loss	21446.6928711
batch	18660	valid_loss	21399.2856445
batch	18690	valid_loss	21359.489624
batch	18720	valid_loss	21770.0263672
batch	18750	valid_loss	21344.1551514
batch	18780	valid_loss	21427.4866943
batch	18810	valid_loss	21338.9160156
batch	18840	valid_loss	21660.4118652
batch	18870	valid_loss	21317.7276611
batch	18900	valid_loss	21385.5240479
batch	18930	valid_loss	21346.7530518
batch	18960	valid_loss	21438.946167
batch	18990	valid_loss	21427.0703125
batch	19020	valid_loss	21348.907959
batch	19050	valid_loss	21683.694458
batch	19080	valid_loss	21363.6575928
batch	19110	valid_loss	21563.1831055
batch	19140	valid_loss	21277.2558594
batch	19170	valid_loss	21392.4227295
batch	19200	valid_loss	21454.3154297
batch	19230	valid_loss	21352.244873
batch	19260	valid_loss	21350.9683838
batch	19290	valid_loss	21432.8701172
batch	19320	valid_loss	21480.1439209
batch	19350	valid_loss	21418.3797607
batch	19380	valid_loss	21400.1690674
batch	19410	valid_loss	21379.6108398
batch	19440	valid_loss	21722.3085938
batch	19470	valid_loss	21296.5144043
batch	19500	valid_loss	21481.737915
batch	19530	valid_loss	21410.1318359
batch	19560	valid_loss	21271.7645264
batch	19590	valid_loss	21508.5543213
batch	19620	valid_loss	21692.6174316
batch	19650	valid_loss	21428.1483154
batch	19680	valid_loss	21343.666748
batch	19710	valid_loss	21386.7714844
batch	19740	valid_loss	21425.6337891
batch	19770	valid_loss	21254.7213135
batch	19800	valid_loss	21633.0454102
batch	19830	valid_loss	21367.4897461
batch	19860	valid_loss	21260.8532715
batch	19890	valid_loss	21380.8374023
batch	19920	valid_loss	21932.5206299
batch	19950	valid_loss	21284.6258545
batch	19980	valid_loss	21236.6890869
batch	20010	valid_loss	21321.3482666
batch	20040	valid_loss	21498.458252
batch	20070	valid_loss	21267.0852051
batch	20100	valid_loss	21521.9830322
batch	20130	valid_loss	21352.0505371
batch	20160	valid_loss	21380.1263428
batch	20190	valid_loss	21284.0148926
batch	20220	valid_loss	21669.5024414
batch	20250	valid_loss	21290.1202393
batch	20280	valid_loss	21649.0327148
batch	20310	valid_loss	21343.9344482
batch	20340	valid_loss	21266.7143555
batch	20370	valid_loss	21436.6092529
batch	20400	valid_loss	21258.7709961
batch	20430	valid_loss	21283.9533691
batch	20460	valid_loss	21334.9777832
batch	20490	valid_loss	22436.5404053
batch	20520	valid_loss	21455.0689697
batch	20550	valid_loss	21317.7427979
batch	20580	valid_loss	21280.1184082
batch	20610	valid_loss	21455.8989258
batch	20640	valid_loss	21323.0651855
batch	20670	valid_loss	21334.2792969
batch	20700	valid_loss	21283.2272949
batch	20730	valid_loss	21420.4608154
batch	20760	valid_loss	21328.276001
batch	20790	valid_loss	21290.6486816
batch	20820	valid_loss	21380.3564453
batch	20850	valid_loss	21724.3847656
batch	20880	valid_loss	21288.3135986
batch	20910	valid_loss	21291.4273682
batch	20940	valid_loss	21346.9632568
batch	20970	valid_loss	21337.9680176
batch	21000	valid_loss	21855.6218262
batch	21030	valid_loss	21270.2758789
batch	21060	valid_loss	21354.1621094
batch	21090	valid_loss	21676.2242432
batch	21120	valid_loss	21242.1065674
batch	21150	valid_loss	21250.1835938
batch	21180	valid_loss	22692.1728516
batch	21210	valid_loss	21350.8598633
batch	21240	valid_loss	21322.6699219
batch	21270	valid_loss	21321.5036621
batch	21300	valid_loss	21454.8781738
batch	21330	valid_loss	21196.7366943
batch	21360	valid_loss	21324.0565186
batch	21390	valid_loss	21423.7606201
batch	21420	valid_loss	21201.8325195
batch	21450	valid_loss	21261.5698242
batch	21480	valid_loss	21337.854248
batch	21510	valid_loss	21277.9990234
batch	21540	valid_loss	21474.520752
batch	21570	valid_loss	21273.6114502
batch	21600	valid_loss	21293.0002441
batch	21630	valid_loss	21335.9172363
batch	21660	valid_loss	21235.2797852
batch	21690	valid_loss	21692.5916748
batch	21720	valid_loss	21265.7519531
batch	21750	valid_loss	21252.2838135
batch	21780	valid_loss	21466.7230225
batch	21810	valid_loss	21274.4886475
batch	21840	valid_loss	21246.8499756
batch	21870	valid_loss	21333.5725098
batch	21900	valid_loss	21329.9675293
batch	21930	valid_loss	21627.8280029
batch	21960	valid_loss	21257.6831055
batch	21990	valid_loss	21624.6218262
batch	22020	valid_loss	21462.4296875
batch	22050	valid_loss	21197.9040527
batch	22080	valid_loss	23253.5093994
batch	22110	valid_loss	21231.342041
batch	22140	valid_loss	21199.4074707
batch	22170	valid_loss	21328.7672119
batch	22200	valid_loss	21247.8343506
batch	22230	valid_loss	21279.9766846
batch	22260	valid_loss	21281.0140381
batch	22290	valid_loss	21345.4641113
batch	22320	valid_loss	21294.5279541
batch	22350	valid_loss	21373.6313477
batch	22380	valid_loss	21392.4256592
batch	22410	valid_loss	21308.0576172
batch	22440	valid_loss	21345.9379883
batch	22470	valid_loss	21268.5291748
batch	22500	valid_loss	21282.0308838
batch	22530	valid_loss	21319.0236816
batch	22560	valid_loss	21331.963501
batch	22590	valid_loss	21246.791748
batch	22620	valid_loss	21330.7600098
batch	22650	valid_loss	21438.7885742
batch	22680	valid_loss	21241.1932373
batch	22710	valid_loss	21252.0997314
batch	22740	valid_loss	21624.8502197
batch	22770	valid_loss	21335.5441895
batch	22800	valid_loss	21245.6107178
batch	22830	valid_loss	21240.4945068
batch	22860	valid_loss	21482.2957764
batch	22890	valid_loss	21252.3063965
batch	22920	valid_loss	21251.6318359
batch	22950	valid_loss	21460.1729736
batch	22980	valid_loss	21392.0391846
batch	23010	valid_loss	21380.2729492
batch	23040	valid_loss	21830.5307617
batch	23070	valid_loss	21227.7547607
batch	23100	valid_loss	21401.5853271
batch	23130	valid_loss	21245.3928223
batch	23160	valid_loss	21252.1812744
batch	23190	valid_loss	21225.4615479
batch	23220	valid_loss	21245.0887451
batch	23250	valid_loss	22801.0268555
batch	23280	valid_loss	21186.0506592
batch	23310	valid_loss	21216.6798096
batch	23340	valid_loss	21183.6707764
batch	23370	valid_loss	21239.8498535
batch	23400	valid_loss	21341.3571777
batch	23430	valid_loss	21315.7041016
batch	23460	valid_loss	21250.6115723
batch	23490	valid_loss	21384.6031494
batch	23520	valid_loss	21185.1436768
batch	23550	valid_loss	21788.574585
batch	23580	valid_loss	21300.7078857
batch	23610	valid_loss	21158.1054688
batch	23640	valid_loss	21399.7757568
batch	23670	valid_loss	21280.0953369
batch	23700	valid_loss	21256.6329346
batch	23730	valid_loss	21369.0245361
batch	23760	valid_loss	21186.5402832
batch	23790	valid_loss	21289.828125
batch	23820	valid_loss	21265.0948486
batch	23850	valid_loss	21344.4287109
batch	23880	valid_loss	21257.1445312
batch	23910	valid_loss	21228.0852051
batch	23940	valid_loss	21333.5871582
batch	23970	valid_loss	21406.4812012
batch	24000	valid_loss	21262.0441895
batch	24030	valid_loss	21228.807251
batch	24060	valid_loss	21242.3742676
batch	24090	valid_loss	21249.3496094
batch	24120	valid_loss	21460.8818359
batch	24150	valid_loss	21250.6936035
batch	24180	valid_loss	21572.4511719
batch	24210	valid_loss	21336.4421387
batch	24240	valid_loss	21148.0955811
batch	24270	valid_loss	21317.1096191
batch	24300	valid_loss	21368.8653564
batch	24330	valid_loss	21397.8060303
batch	24360	valid_loss	21240.2049561
batch	24390	valid_loss	21252.6220703
batch	24420	valid_loss	21281.4387207
batch	24450	valid_loss	21219.2695312
batch	24480	valid_loss	21195.5218506
batch	24510	valid_loss	21901.1082764
batch	24540	valid_loss	21186.5407715
batch	24570	valid_loss	21209.9603271
batch	24600	valid_loss	21167.8271484
batch	24630	valid_loss	21196.9240723
batch	24660	valid_loss	21293.6699219
batch	24690	valid_loss	21209.5341797
batch	24720	valid_loss	21248.6062012
batch	24750	valid_loss	21229.1690674
batch	24780	valid_loss	21147.032959
batch	24810	valid_loss	21288.74646
batch	24840	valid_loss	21213.3624268
batch	24870	valid_loss	21220.8074951
batch	24900	valid_loss	21205.1572266
batch	24930	valid_loss	21151.998291
batch	24960	valid_loss	21362.5629883
batch	24990	valid_loss	21256.8282471
STOP
