START
config	620	420	620	960
batch	0	valid_loss	6144502.875
batch	30	valid_loss	144766.792969
batch	60	valid_loss	101879.618164
batch	90	valid_loss	99977.2792969
batch	120	valid_loss	99865.5830078
batch	150	valid_loss	99830.4697266
batch	180	valid_loss	99691.3115234
batch	210	valid_loss	99600.5927734
batch	240	valid_loss	99469.4199219
batch	270	valid_loss	99206.328125
batch	300	valid_loss	98793.9306641
batch	330	valid_loss	97992.2333984
batch	360	valid_loss	96327.2490234
batch	390	valid_loss	93971.2851562
batch	420	valid_loss	91848.6547852
batch	450	valid_loss	90623.0561523
batch	480	valid_loss	89735.2875977
batch	510	valid_loss	89056.2539062
batch	540	valid_loss	88276.4228516
batch	570	valid_loss	87433.125
batch	600	valid_loss	86435.4047852
batch	630	valid_loss	85305.2114258
batch	660	valid_loss	84087.8129883
batch	690	valid_loss	82773.7553711
batch	720	valid_loss	81408.3339844
batch	750	valid_loss	79991.1069336
batch	780	valid_loss	78434.5449219
batch	810	valid_loss	76856.6831055
batch	840	valid_loss	75314.8676758
batch	870	valid_loss	73570.9257812
batch	900	valid_loss	72111.1254883
batch	930	valid_loss	70351.1479492
batch	960	valid_loss	68818.6806641
batch	990	valid_loss	67075.0717773
batch	1020	valid_loss	65556.9042969
batch	1050	valid_loss	63982.3510742
batch	1080	valid_loss	63079.2773438
batch	1110	valid_loss	61111.3569336
batch	1140	valid_loss	59647.7314453
batch	1170	valid_loss	58465.4355469
batch	1200	valid_loss	56962.1630859
batch	1230	valid_loss	55655.1586914
batch	1260	valid_loss	54251.8979492
batch	1290	valid_loss	53097.7802734
batch	1320	valid_loss	51726.7827148
batch	1350	valid_loss	50932.8642578
batch	1380	valid_loss	49266.8979492
batch	1410	valid_loss	48097.8188477
batch	1440	valid_loss	47098.5695801
batch	1470	valid_loss	45967.4782715
batch	1500	valid_loss	44908.3215332
batch	1530	valid_loss	43952.769043
batch	1560	valid_loss	42872.5983887
batch	1590	valid_loss	41913.7548828
batch	1620	valid_loss	41074.8347168
batch	1650	valid_loss	40107.5317383
batch	1680	valid_loss	39214.6713867
batch	1710	valid_loss	38364.3537598
batch	1740	valid_loss	37614.8378906
batch	1770	valid_loss	36663.3588867
batch	1800	valid_loss	35923.8833008
batch	1830	valid_loss	35241.3564453
batch	1860	valid_loss	34618.1445312
batch	1890	valid_loss	33882.4138184
batch	1920	valid_loss	33462.1137695
batch	1950	valid_loss	32568.7834473
batch	1980	valid_loss	32031.7502441
batch	2010	valid_loss	31365.1044922
batch	2040	valid_loss	30873.9082031
batch	2070	valid_loss	30316.6342773
batch	2100	valid_loss	29760.4370117
batch	2130	valid_loss	29579.9677734
batch	2160	valid_loss	28784.876709
batch	2190	valid_loss	28437.8061523
batch	2220	valid_loss	27758.5822754
batch	2250	valid_loss	27423.3479004
batch	2280	valid_loss	27008.1750488
batch	2310	valid_loss	26568.0998535
batch	2340	valid_loss	26263.4536133
batch	2370	valid_loss	25738.770752
batch	2400	valid_loss	25315.2277832
batch	2430	valid_loss	25304.092041
batch	2460	valid_loss	24666.609375
batch	2490	valid_loss	24310.7741699
batch	2520	valid_loss	24055.534668
batch	2550	valid_loss	23557.1656494
batch	2580	valid_loss	23718.1918945
batch	2610	valid_loss	22964.6192627
batch	2640	valid_loss	22739.4112549
batch	2670	valid_loss	22218.3237305
batch	2700	valid_loss	22072.5367432
batch	2730	valid_loss	21720.1160889
batch	2760	valid_loss	21583.2757568
batch	2790	valid_loss	21247.5932617
batch	2820	valid_loss	21053.3198242
batch	2850	valid_loss	20664.6953125
batch	2880	valid_loss	25193.9006348
batch	2910	valid_loss	20214.0527344
batch	2940	valid_loss	20013.8737793
batch	2970	valid_loss	19746.2753906
batch	3000	valid_loss	19649.338501
batch	3030	valid_loss	19453.6148682
batch	3060	valid_loss	19481.8741455
batch	3090	valid_loss	18905.9208984
batch	3120	valid_loss	18940.0285645
batch	3150	valid_loss	18696.4025879
batch	3180	valid_loss	18504.6838379
batch	3210	valid_loss	18273.1335449
batch	3240	valid_loss	17960.397583
batch	3270	valid_loss	20605.8387451
batch	3300	valid_loss	17649.949707
batch	3330	valid_loss	17443.9450684
batch	3360	valid_loss	17321.0708008
batch	3390	valid_loss	17156.3040771
batch	3420	valid_loss	16989.6292725
batch	3450	valid_loss	17476.0803223
batch	3480	valid_loss	16637.0498047
batch	3510	valid_loss	16521.9364014
batch	3540	valid_loss	16485.128418
batch	3570	valid_loss	16209.6501465
batch	3600	valid_loss	16148.1813965
batch	3630	valid_loss	15906.7015381
batch	3660	valid_loss	15782.6168213
batch	3690	valid_loss	16382.017334
batch	3720	valid_loss	15495.3239746
batch	3750	valid_loss	15421.3255615
batch	3780	valid_loss	15684.5756836
batch	3810	valid_loss	15219.7869873
batch	3840	valid_loss	14927.5778809
batch	3870	valid_loss	15233.822998
batch	3900	valid_loss	14858.4732666
batch	3930	valid_loss	14682.1621094
batch	3960	valid_loss	14590.7764893
batch	3990	valid_loss	14599.7875977
batch	4020	valid_loss	14445.9106445
batch	4050	valid_loss	14613.1047363
batch	4080	valid_loss	14076.3237305
batch	4110	valid_loss	14709.4420166
batch	4140	valid_loss	13922.1478271
batch	4170	valid_loss	14080.6915283
batch	4200	valid_loss	13697.1850586
batch	4230	valid_loss	13589.7365723
batch	4260	valid_loss	13752.0715332
batch	4290	valid_loss	13288.9987793
batch	4320	valid_loss	13515.7279053
batch	4350	valid_loss	13527.4908447
batch	4380	valid_loss	13411.932373
batch	4410	valid_loss	13138.3803711
batch	4440	valid_loss	14244.6890869
batch	4470	valid_loss	12883.1730957
batch	4500	valid_loss	12848.010498
batch	4530	valid_loss	12770.0078125
batch	4560	valid_loss	14841.1171875
batch	4590	valid_loss	12593.5148926
batch	4620	valid_loss	12390.2452393
batch	4650	valid_loss	13303.2657471
batch	4680	valid_loss	12371.3752441
batch	4710	valid_loss	12710.0296631
batch	4740	valid_loss	12273.7548828
batch	4770	valid_loss	12199.1890869
batch	4800	valid_loss	12069.7214355
batch	4830	valid_loss	13095.401123
batch	4860	valid_loss	11947.2490234
batch	4890	valid_loss	13395.5349121
batch	4920	valid_loss	11697.1241455
batch	4950	valid_loss	12609.3492432
batch	4980	valid_loss	11708.9130249
batch	5010	valid_loss	11729.828064
batch	5040	valid_loss	11874.1099854
batch	5070	valid_loss	11473.5216064
batch	5100	valid_loss	11415.7185669
batch	5130	valid_loss	11206.8754883
batch	5160	valid_loss	12319.9138184
batch	5190	valid_loss	11169.887085
batch	5220	valid_loss	11714.4050903
batch	5250	valid_loss	11147.1306763
batch	5280	valid_loss	11541.0125122
batch	5310	valid_loss	10984.4417725
batch	5340	valid_loss	11049.1925659
batch	5370	valid_loss	10890.7124023
batch	5400	valid_loss	11193.956665
batch	5430	valid_loss	10773.0932007
batch	5460	valid_loss	13491.1835938
batch	5490	valid_loss	10654.6776733
batch	5520	valid_loss	10644.7076416
batch	5550	valid_loss	10435.1207275
batch	5580	valid_loss	13958.0804443
batch	5610	valid_loss	10515.581604
batch	5640	valid_loss	10299.6251831
batch	5670	valid_loss	10350.7205811
batch	5700	valid_loss	10247.305542
batch	5730	valid_loss	10138.3646851
batch	5760	valid_loss	10474.2133179
batch	5790	valid_loss	10044.9215088
batch	5820	valid_loss	10033.3546753
batch	5850	valid_loss	14360.036499
batch	5880	valid_loss	10185.8842773
batch	5910	valid_loss	9805.59777832
batch	5940	valid_loss	9803.06787109
batch	5970	valid_loss	10651.7490234
batch	6000	valid_loss	9937.66595459
batch	6030	valid_loss	10128.2039795
batch	6060	valid_loss	9737.94812012
batch	6090	valid_loss	9613.98492432
batch	6120	valid_loss	10032.255249
batch	6150	valid_loss	9561.36254883
batch	6180	valid_loss	9986.25183105
batch	6210	valid_loss	9494.97052002
batch	6240	valid_loss	9548.07879639
batch	6270	valid_loss	9478.0291748
batch	6300	valid_loss	9323.27435303
batch	6330	valid_loss	9479.68078613
batch	6360	valid_loss	9349.33850098
batch	6390	valid_loss	9703.47821045
batch	6420	valid_loss	9347.81591797
batch	6450	valid_loss	9169.00976562
batch	6480	valid_loss	10812.992981
batch	6510	valid_loss	9170.08599854
batch	6540	valid_loss	9111.44329834
batch	6570	valid_loss	13124.3548584
batch	6600	valid_loss	8980.21038818
batch	6630	valid_loss	8973.4720459
batch	6660	valid_loss	9033.44512939
batch	6690	valid_loss	9004.96325684
batch	6720	valid_loss	8878.4888916
batch	6750	valid_loss	8936.15716553
batch	6780	valid_loss	9814.27532959
batch	6810	valid_loss	8662.19372559
batch	6840	valid_loss	9249.13250732
batch	6870	valid_loss	8724.24133301
batch	6900	valid_loss	8898.34857178
batch	6930	valid_loss	8617.78155518
batch	6960	valid_loss	8899.86779785
batch	6990	valid_loss	8803.15332031
batch	7020	valid_loss	8596.38873291
batch	7050	valid_loss	8492.18682861
batch	7080	valid_loss	8552.13812256
batch	7110	valid_loss	8950.96807861
batch	7140	valid_loss	8451.90380859
batch	7170	valid_loss	8402.33984375
batch	7200	valid_loss	8551.19464111
batch	7230	valid_loss	8254.378479
batch	7260	valid_loss	9118.7878418
batch	7290	valid_loss	8610.26550293
batch	7320	valid_loss	8270.56451416
batch	7350	valid_loss	13495.5932617
batch	7380	valid_loss	8265.84143066
batch	7410	valid_loss	8099.40905762
batch	7440	valid_loss	8150.82177734
batch	7470	valid_loss	8164.85443115
batch	7500	valid_loss	8119.80963135
batch	7530	valid_loss	8032.62420654
batch	7560	valid_loss	9944.58508301
batch	7590	valid_loss	7975.72644043
batch	7620	valid_loss	8372.20623779
batch	7650	valid_loss	7968.78552246
batch	7680	valid_loss	8545.31115723
batch	7710	valid_loss	8059.67919922
batch	7740	valid_loss	7720.39727783
batch	7770	valid_loss	8027.46899414
batch	7800	valid_loss	7946.5090332
batch	7830	valid_loss	8247.63677979
batch	7860	valid_loss	7868.51574707
batch	7890	valid_loss	7942.01318359
batch	7920	valid_loss	7700.38885498
batch	7950	valid_loss	7708.90478516
batch	7980	valid_loss	9360.90924072
batch	8010	valid_loss	7642.21923828
batch	8040	valid_loss	7549.14501953
batch	8070	valid_loss	8003.82012939
batch	8100	valid_loss	7834.52978516
batch	8130	valid_loss	7505.52038574
batch	8160	valid_loss	7474.16210938
batch	8190	valid_loss	8200.83612061
batch	8220	valid_loss	7492.66943359
batch	8250	valid_loss	7795.19012451
batch	8280	valid_loss	7608.33752441
batch	8310	valid_loss	7335.55944824
batch	8340	valid_loss	9287.76287842
batch	8370	valid_loss	7301.78466797
batch	8400	valid_loss	7816.55633545
batch	8430	valid_loss	7396.99261475
batch	8460	valid_loss	8010.70263672
batch	8490	valid_loss	7320.47192383
batch	8520	valid_loss	7255.14294434
batch	8550	valid_loss	10634.1479492
batch	8580	valid_loss	7269.6918335
batch	8610	valid_loss	7268.26623535
batch	8640	valid_loss	8016.93347168
batch	8670	valid_loss	7166.76208496
batch	8700	valid_loss	7447.49633789
batch	8730	valid_loss	7064.1149292
batch	8760	valid_loss	7081.38739014
batch	8790	valid_loss	7841.53479004
batch	8820	valid_loss	7111.16345215
batch	8850	valid_loss	7016.07165527
batch	8880	valid_loss	7257.88641357
batch	8910	valid_loss	7047.69024658
batch	8940	valid_loss	7152.23626709
batch	8970	valid_loss	7008.64624023
batch	9000	valid_loss	7245.40289307
batch	9030	valid_loss	6893.83221436
batch	9060	valid_loss	6987.20629883
batch	9090	valid_loss	7711.05517578
batch	9120	valid_loss	6854.44024658
batch	9150	valid_loss	6740.22436523
batch	9180	valid_loss	6856.3135376
batch	9210	valid_loss	6839.22302246
batch	9240	valid_loss	6767.46697998
batch	9270	valid_loss	6922.31329346
batch	9300	valid_loss	6732.83959961
batch	9330	valid_loss	6782.12658691
batch	9360	valid_loss	7239.36608887
batch	9390	valid_loss	6755.7467041
batch	9420	valid_loss	7400.49865723
batch	9450	valid_loss	6617.32684326
batch	9480	valid_loss	6694.64154053
batch	9510	valid_loss	6864.19696045
batch	9540	valid_loss	7023.92016602
batch	9570	valid_loss	6610.68426514
batch	9600	valid_loss	6755.9276123
batch	9630	valid_loss	6572.03430176
batch	9660	valid_loss	8173.19519043
batch	9690	valid_loss	6575.60070801
batch	9720	valid_loss	6535.62036133
batch	9750	valid_loss	6760.91534424
batch	9780	valid_loss	6562.51806641
batch	9810	valid_loss	6751.83630371
batch	9840	valid_loss	6708.63317871
batch	9870	valid_loss	6352.55419922
batch	9900	valid_loss	6378.9105835
batch	9930	valid_loss	7904.42449951
batch	9960	valid_loss	6457.99206543
batch	9990	valid_loss	7679.23083496
batch	10020	valid_loss	6446.36645508
batch	10050	valid_loss	6350.8939209
batch	10080	valid_loss	6828.0682373
batch	10110	valid_loss	8056.07855225
batch	10140	valid_loss	6367.29388428
batch	10170	valid_loss	8112.90301514
batch	10200	valid_loss	6311.37683105
batch	10230	valid_loss	7529.68786621
batch	10260	valid_loss	6314.92315674
batch	10290	valid_loss	6606.75494385
batch	10320	valid_loss	6417.12988281
batch	10350	valid_loss	6114.17596436
batch	10380	valid_loss	7399.40698242
batch	10410	valid_loss	6219.7635498
batch	10440	valid_loss	6537.36694336
batch	10470	valid_loss	6281.37689209
batch	10500	valid_loss	6156.01379395
batch	10530	valid_loss	9621.19708252
batch	10560	valid_loss	6177.61303711
batch	10590	valid_loss	6044.53234863
batch	10620	valid_loss	8766.45147705
batch	10650	valid_loss	6112.06188965
batch	10680	valid_loss	6056.27282715
batch	10710	valid_loss	6088.21374512
batch	10740	valid_loss	6360.73876953
batch	10770	valid_loss	5978.50823975
batch	10800	valid_loss	6187.10101318
batch	10830	valid_loss	6062.37561035
batch	10860	valid_loss	5986.74664307
batch	10890	valid_loss	6477.19158936
batch	10920	valid_loss	5949.3270874
batch	10950	valid_loss	5976.73565674
batch	10980	valid_loss	6016.94030762
batch	11010	valid_loss	6130.12701416
batch	11040	valid_loss	5931.86309814
batch	11070	valid_loss	6127.33557129
batch	11100	valid_loss	6079.34753418
batch	11130	valid_loss	5969.14599609
batch	11160	valid_loss	5895.14541626
batch	11190	valid_loss	6149.43444824
batch	11220	valid_loss	5835.38085938
batch	11250	valid_loss	5860.98638916
batch	11280	valid_loss	6594.34527588
batch	11310	valid_loss	5860.2348938
batch	11340	valid_loss	5812.33996582
batch	11370	valid_loss	5899.26016235
batch	11400	valid_loss	6123.6986084
batch	11430	valid_loss	5724.96820068
batch	11460	valid_loss	9575.65631104
batch	11490	valid_loss	5798.01473999
batch	11520	valid_loss	5758.01568604
batch	11550	valid_loss	7011.01055908
batch	11580	valid_loss	5780.43658447
batch	11610	valid_loss	5569.1605835
batch	11640	valid_loss	5995.44567871
batch	11670	valid_loss	5754.18682861
batch	11700	valid_loss	5753.42480469
batch	11730	valid_loss	5941.56591797
batch	11760	valid_loss	5685.64468384
batch	11790	valid_loss	5660.60238647
batch	11820	valid_loss	5996.69482422
batch	11850	valid_loss	5554.48223877
batch	11880	valid_loss	5596.62512207
batch	11910	valid_loss	5684.84896851
batch	11940	valid_loss	5519.99716187
batch	11970	valid_loss	5896.11132812
batch	12000	valid_loss	6370.1472168
batch	12030	valid_loss	5565.26791382
batch	12060	valid_loss	5716.22073364
batch	12090	valid_loss	5644.36932373
batch	12120	valid_loss	5788.57055664
batch	12150	valid_loss	5662.88275146
batch	12180	valid_loss	5635.246521
batch	12210	valid_loss	5736.13082886
batch	12240	valid_loss	5484.27462769
batch	12270	valid_loss	5715.16564941
batch	12300	valid_loss	5548.83636475
batch	12330	valid_loss	5532.97897339
batch	12360	valid_loss	6175.06988525
batch	12390	valid_loss	5467.38369751
batch	12420	valid_loss	5660.52148438
batch	12450	valid_loss	5538.07156372
batch	12480	valid_loss	5967.71893311
batch	12510	valid_loss	5521.62127686
batch	12540	valid_loss	5358.87536621
batch	12570	valid_loss	6192.81402588
batch	12600	valid_loss	5452.42236328
batch	12630	valid_loss	5824.36010742
batch	12660	valid_loss	5366.02264404
batch	12690	valid_loss	5622.93945312
batch	12720	valid_loss	5545.46417236
batch	12750	valid_loss	5390.06143188
batch	12780	valid_loss	6481.14276123
batch	12810	valid_loss	5328.76559448
batch	12840	valid_loss	5641.95932007
batch	12870	valid_loss	5289.63635254
batch	12900	valid_loss	5285.99716187
batch	12930	valid_loss	5822.26376343
batch	12960	valid_loss	5292.96774292
batch	12990	valid_loss	5432.07983398
batch	13020	valid_loss	5391.0491333
batch	13050	valid_loss	5218.80474854
batch	13080	valid_loss	5577.87838745
batch	13110	valid_loss	5222.08352661
batch	13140	valid_loss	7681.00030518
batch	13170	valid_loss	5258.3348999
batch	13200	valid_loss	5366.94369507
batch	13230	valid_loss	5567.89205933
batch	13260	valid_loss	5399.16674805
batch	13290	valid_loss	5208.90148926
batch	13320	valid_loss	6109.63311768
batch	13350	valid_loss	5171.12542725
batch	13380	valid_loss	5446.52597046
batch	13410	valid_loss	5452.08291626
batch	13440	valid_loss	5109.00839233
batch	13470	valid_loss	5999.97119141
batch	13500	valid_loss	5388.1809082
batch	13530	valid_loss	5094.85964966
batch	13560	valid_loss	5123.88604736
batch	13590	valid_loss	5385.71954346
batch	13620	valid_loss	5196.73013306
batch	13650	valid_loss	5148.76037598
batch	13680	valid_loss	5360.82250977
batch	13710	valid_loss	5124.34524536
batch	13740	valid_loss	5520.76745605
batch	13770	valid_loss	5497.83657837
batch	13800	valid_loss	5150.00402832
batch	13830	valid_loss	5169.29931641
batch	13860	valid_loss	5142.58078003
batch	13890	valid_loss	6924.30841064
batch	13920	valid_loss	5020.40673828
batch	13950	valid_loss	5188.37905884
batch	13980	valid_loss	5400.13406372
batch	14010	valid_loss	4988.11834717
batch	14040	valid_loss	5127.64553833
batch	14070	valid_loss	5209.4112854
batch	14100	valid_loss	4931.27603149
batch	14130	valid_loss	6277.13439941
batch	14160	valid_loss	5028.45849609
batch	14190	valid_loss	5094.66278076
batch	14220	valid_loss	5203.68206787
batch	14250	valid_loss	4922.64425659
batch	14280	valid_loss	4921.15420532
batch	14310	valid_loss	5676.04675293
batch	14340	valid_loss	4907.00097656
batch	14370	valid_loss	6333.0345459
batch	14400	valid_loss	4905.61013794
batch	14430	valid_loss	4968.16320801
batch	14460	valid_loss	5959.39471436
batch	14490	valid_loss	4954.10232544
batch	14520	valid_loss	6722.8371582
batch	14550	valid_loss	4887.33181763
batch	14580	valid_loss	5661.15063477
batch	14610	valid_loss	4977.38500977
batch	14640	valid_loss	4860.64706421
batch	14670	valid_loss	6062.11383057
batch	14700	valid_loss	4834.25057983
batch	14730	valid_loss	5073.39935303
batch	14760	valid_loss	5006.2706604
batch	14790	valid_loss	4881.95474243
batch	14820	valid_loss	6347.73822021
batch	14850	valid_loss	4815.63571167
batch	14880	valid_loss	5697.0067749
batch	14910	valid_loss	4959.09719849
batch	14940	valid_loss	4803.85336304
batch	14970	valid_loss	5732.62011719
batch	15000	valid_loss	4797.40823364
batch	15030	valid_loss	5725.79107666
batch	15060	valid_loss	4765.41812134
batch	15090	valid_loss	4921.14193726
batch	15120	valid_loss	4830.37524414
batch	15150	valid_loss	4815.9324646
batch	15180	valid_loss	5652.20385742
batch	15210	valid_loss	4709.0690918
batch	15240	valid_loss	8935.50964355
batch	15270	valid_loss	4737.80288696
batch	15300	valid_loss	4701.99139404
batch	15330	valid_loss	4749.78344727
batch	15360	valid_loss	5959.0227356
batch	15390	valid_loss	4688.04519653
batch	15420	valid_loss	4712.1546936
batch	15450	valid_loss	4736.87747192
batch	15480	valid_loss	5993.41748047
batch	15510	valid_loss	4775.16708374
batch	15540	valid_loss	4601.74917603
batch	15570	valid_loss	4944.6807251
batch	15600	valid_loss	4680.09307861
batch	15630	valid_loss	7672.20013428
batch	15660	valid_loss	4655.39297485
batch	15690	valid_loss	4851.15899658
batch	15720	valid_loss	4686.85064697
batch	15750	valid_loss	5315.36657715
batch	15780	valid_loss	4721.79330444
batch	15810	valid_loss	4646.28790283
batch	15840	valid_loss	6292.46911621
batch	15870	valid_loss	4655.76278687
batch	15900	valid_loss	6265.81829834
batch	15930	valid_loss	4656.72616577
batch	15960	valid_loss	7161.88427734
batch	15990	valid_loss	4599.71417236
batch	16020	valid_loss	4677.09899902
batch	16050	valid_loss	8517.97131348
batch	16080	valid_loss	4653.60101318
batch	16110	valid_loss	4520.82266235
batch	16140	valid_loss	9029.25744629
batch	16170	valid_loss	4591.18209839
batch	16200	valid_loss	4576.47436523
batch	16230	valid_loss	5147.28155518
batch	16260	valid_loss	4773.03494263
batch	16290	valid_loss	4569.4831543
batch	16320	valid_loss	5228.62472534
batch	16350	valid_loss	4552.07574463
batch	16380	valid_loss	6541.21289062
batch	16410	valid_loss	4601.53909302
batch	16440	valid_loss	4651.12802124
batch	16470	valid_loss	5504.70904541
batch	16500	valid_loss	4515.83111572
batch	16530	valid_loss	4559.85317993
batch	16560	valid_loss	4816.8152771
batch	16590	valid_loss	4413.59564209
batch	16620	valid_loss	5146.43737793
batch	16650	valid_loss	4495.81906128
batch	16680	valid_loss	4813.44134521
batch	16710	valid_loss	4552.109375
batch	16740	valid_loss	4570.13812256
batch	16770	valid_loss	4582.03170776
batch	16800	valid_loss	4409.85281372
batch	16830	valid_loss	5379.89358521
batch	16860	valid_loss	4496.30807495
batch	16890	valid_loss	5091.62347412
batch	16920	valid_loss	4436.1958313
batch	16950	valid_loss	4591.11712646
batch	16980	valid_loss	5538.76446533
batch	17010	valid_loss	4465.71777344
batch	17040	valid_loss	4428.85775757
batch	17070	valid_loss	4623.46740723
batch	17100	valid_loss	4533.71273804
batch	17130	valid_loss	4491.79000854
batch	17160	valid_loss	4631.86312866
batch	17190	valid_loss	4428.25637817
batch	17220	valid_loss	5301.71105957
batch	17250	valid_loss	4418.19689941
batch	17280	valid_loss	4754.24331665
batch	17310	valid_loss	4494.95974731
batch	17340	valid_loss	4340.67605591
batch	17370	valid_loss	6356.66394043
batch	17400	valid_loss	4355.57116699
batch	17430	valid_loss	5451.73092651
batch	17460	valid_loss	4413.58306885
batch	17490	valid_loss	4504.56027222
batch	17520	valid_loss	5677.20257568
batch	17550	valid_loss	4338.30279541
batch	17580	valid_loss	5208.36065674
batch	17610	valid_loss	4633.74047852
batch	17640	valid_loss	4312.59249878
batch	17670	valid_loss	4278.43511963
batch	17700	valid_loss	4724.0022583
batch	17730	valid_loss	4319.53509521
batch	17760	valid_loss	4404.24353027
batch	17790	valid_loss	4862.41500854
batch	17820	valid_loss	4280.94143677
batch	17850	valid_loss	4398.51644897
batch	17880	valid_loss	4627.53564453
batch	17910	valid_loss	4233.31140137
batch	17940	valid_loss	4415.58224487
batch	17970	valid_loss	4423.82873535
batch	18000	valid_loss	4292.44750977
batch	18030	valid_loss	5059.99255371
batch	18060	valid_loss	4281.15414429
batch	18090	valid_loss	5873.50973511
batch	18120	valid_loss	4283.97741699
batch	18150	valid_loss	6503.53741455
batch	18180	valid_loss	4233.93719482
batch	18210	valid_loss	4811.65643311
batch	18240	valid_loss	4365.190979
batch	18270	valid_loss	4664.56576538
batch	18300	valid_loss	4233.90817261
batch	18330	valid_loss	4348.08273315
batch	18360	valid_loss	4301.0
batch	18390	valid_loss	6066.46246338
batch	18420	valid_loss	4232.92480469
batch	18450	valid_loss	5502.56851196
batch	18480	valid_loss	4262.75158691
batch	18510	valid_loss	4164.25189209
batch	18540	valid_loss	4464.15460205
batch	18570	valid_loss	4452.08761597
batch	18600	valid_loss	5317.34457397
batch	18630	valid_loss	4170.75198364
batch	18660	valid_loss	4784.22900391
batch	18690	valid_loss	4305.17321777
batch	18720	valid_loss	4587.496521
batch	18750	valid_loss	4334.58056641
batch	18780	valid_loss	4114.81530762
batch	18810	valid_loss	6019.44873047
batch	18840	valid_loss	4189.97384644
batch	18870	valid_loss	4473.49142456
batch	18900	valid_loss	4546.96218872
batch	18930	valid_loss	4141.55578613
batch	18960	valid_loss	5315.95834351
batch	18990	valid_loss	4256.54116821
batch	19020	valid_loss	4217.2946167
batch	19050	valid_loss	4725.72250366
batch	19080	valid_loss	4324.41311646
batch	19110	valid_loss	4137.79269409
batch	19140	valid_loss	4113.89389038
batch	19170	valid_loss	4834.4604187
batch	19200	valid_loss	4259.85549927
batch	19230	valid_loss	4143.4710083
batch	19260	valid_loss	5418.78158569
batch	19290	valid_loss	4124.12036133
batch	19320	valid_loss	5625.88189697
batch	19350	valid_loss	4150.65820312
batch	19380	valid_loss	6519.5279541
batch	19410	valid_loss	4036.64572144
batch	19440	valid_loss	4212.3475647
batch	19470	valid_loss	5932.42349243
batch	19500	valid_loss	4123.85757446
batch	19530	valid_loss	4186.25570679
batch	19560	valid_loss	4540.50875854
batch	19590	valid_loss	4060.39413452
batch	19620	valid_loss	4888.27249146
batch	19650	valid_loss	4208.27383423
batch	19680	valid_loss	5567.36248779
batch	19710	valid_loss	4065.59555054
batch	19740	valid_loss	4944.32150269
batch	19770	valid_loss	4057.71255493
batch	19800	valid_loss	4341.05661011
batch	19830	valid_loss	4861.36856079
batch	19860	valid_loss	4021.0284729
batch	19890	valid_loss	6309.53930664
batch	19920	valid_loss	4145.38357544
batch	19950	valid_loss	3975.53244019
batch	19980	valid_loss	4028.94433594
batch	20010	valid_loss	4409.41958618
batch	20040	valid_loss	4061.58441162
batch	20070	valid_loss	4053.39578247
batch	20100	valid_loss	4358.29626465
batch	20130	valid_loss	4166.14498901
batch	20160	valid_loss	4883.56256104
batch	20190	valid_loss	4021.90316772
batch	20220	valid_loss	4118.19006348
batch	20250	valid_loss	5270.34442139
batch	20280	valid_loss	3979.93377686
batch	20310	valid_loss	6136.1887207
batch	20340	valid_loss	3956.9005127
batch	20370	valid_loss	6221.36120605
batch	20400	valid_loss	4016.03759766
batch	20430	valid_loss	5595.08236694
batch	20460	valid_loss	4014.50363159
batch	20490	valid_loss	5509.43121338
batch	20520	valid_loss	3955.42379761
batch	20550	valid_loss	4495.912323
batch	20580	valid_loss	4204.00024414
batch	20610	valid_loss	4037.11193848
batch	20640	valid_loss	4175.95904541
batch	20670	valid_loss	4049.62954712
batch	20700	valid_loss	4221.65856934
batch	20730	valid_loss	4067.97528076
batch	20760	valid_loss	4088.0324707
batch	20790	valid_loss	4104.64169312
batch	20820	valid_loss	4177.9977417
batch	20850	valid_loss	3947.10888672
batch	20880	valid_loss	5804.62606812
batch	20910	valid_loss	3988.95043945
batch	20940	valid_loss	4119.17398071
batch	20970	valid_loss	4156.88430786
batch	21000	valid_loss	3989.01644897
batch	21030	valid_loss	4158.69424438
batch	21060	valid_loss	4113.57720947
batch	21090	valid_loss	4120.1166687
batch	21120	valid_loss	4032.55831909
batch	21150	valid_loss	3926.91168213
batch	21180	valid_loss	4477.17166138
batch	21210	valid_loss	3929.85018921
batch	21240	valid_loss	3928.31262207
batch	21270	valid_loss	4752.96060181
batch	21300	valid_loss	3893.35003662
batch	21330	valid_loss	4528.81500244
batch	21360	valid_loss	3957.90701294
batch	21390	valid_loss	6098.847229
batch	21420	valid_loss	3845.75744629
batch	21450	valid_loss	3954.23962402
batch	21480	valid_loss	3971.05337524
batch	21510	valid_loss	3847.10351562
batch	21540	valid_loss	4028.57736206
batch	21570	valid_loss	4067.3053894
batch	21600	valid_loss	5979.04742432
batch	21630	valid_loss	3891.06640625
batch	21660	valid_loss	4000.65411377
batch	21690	valid_loss	4347.73956299
batch	21720	valid_loss	4111.2265625
batch	21750	valid_loss	4087.50662231
batch	21780	valid_loss	3937.42816162
batch	21810	valid_loss	4080.72216797
batch	21840	valid_loss	3940.09936523
batch	21870	valid_loss	4066.07720947
batch	21900	valid_loss	3926.79916382
batch	21930	valid_loss	3907.68844604
batch	21960	valid_loss	4838.11416626
batch	21990	valid_loss	3853.71246338
batch	22020	valid_loss	4059.33279419
batch	22050	valid_loss	3954.27352905
batch	22080	valid_loss	3883.38327026
batch	22110	valid_loss	4070.21011353
batch	22140	valid_loss	4415.027771
batch	22170	valid_loss	3905.82965088
batch	22200	valid_loss	3836.78042603
batch	22230	valid_loss	4365.43435669
batch	22260	valid_loss	3808.19943237
batch	22290	valid_loss	4583.30752563
batch	22320	valid_loss	3829.94680786
batch	22350	valid_loss	4285.44314575
batch	22380	valid_loss	3837.15475464
batch	22410	valid_loss	5761.82885742
batch	22440	valid_loss	3812.51443481
batch	22470	valid_loss	4997.81521606
batch	22500	valid_loss	3814.38302612
batch	22530	valid_loss	4194.02246094
batch	22560	valid_loss	3913.21813965
batch	22590	valid_loss	3741.75588989
batch	22620	valid_loss	4383.34872437
batch	22650	valid_loss	4038.63204956
batch	22680	valid_loss	4151.9503479
batch	22710	valid_loss	4701.42636108
batch	22740	valid_loss	3838.50411987
batch	22770	valid_loss	5496.69747925
batch	22800	valid_loss	3757.34191895
batch	22830	valid_loss	4091.16677856
batch	22860	valid_loss	3746.921875
batch	22890	valid_loss	4064.99917603
batch	22920	valid_loss	4369.22354126
batch	22950	valid_loss	3705.19293213
batch	22980	valid_loss	4211.0586853
batch	23010	valid_loss	3743.31768799
batch	23040	valid_loss	4606.7109375
batch	23070	valid_loss	3712.5970459
batch	23100	valid_loss	4853.92004395
batch	23130	valid_loss	3809.83117676
batch	23160	valid_loss	5722.01385498
batch	23190	valid_loss	3693.52114868
batch	23220	valid_loss	4662.45410156
batch	23250	valid_loss	3826.92831421
batch	23280	valid_loss	3718.59844971
batch	23310	valid_loss	4074.12762451
batch	23340	valid_loss	3727.96310425
batch	23370	valid_loss	3863.74865723
batch	23400	valid_loss	5724.00799561
batch	23430	valid_loss	3731.37014771
batch	23460	valid_loss	3905.86151123
batch	23490	valid_loss	3816.59204102
batch	23520	valid_loss	4233.41656494
batch	23550	valid_loss	3833.70141602
batch	23580	valid_loss	3698.57849121
batch	23610	valid_loss	4147.69894409
batch	23640	valid_loss	3843.66311646
batch	23670	valid_loss	3802.68954468
batch	23700	valid_loss	4503.60437012
batch	23730	valid_loss	3836.6473999
batch	23760	valid_loss	3815.38845825
batch	23790	valid_loss	8984.55169678
batch	23820	valid_loss	3803.30297852
batch	23850	valid_loss	3608.25357056
batch	23880	valid_loss	3676.14694214
batch	23910	valid_loss	3669.23303223
batch	23940	valid_loss	3872.6534729
batch	23970	valid_loss	3697.94113159
batch	24000	valid_loss	4691.95950317
batch	24030	valid_loss	3700.99386597
batch	24060	valid_loss	3911.71835327
batch	24090	valid_loss	4188.16995239
batch	24120	valid_loss	3614.51599121
batch	24150	valid_loss	3653.27587891
batch	24180	valid_loss	3948.65335083
batch	24210	valid_loss	3932.90112305
batch	24240	valid_loss	3599.8583374
batch	24270	valid_loss	3932.12496948
batch	24300	valid_loss	3742.43893433
batch	24330	valid_loss	4282.29602051
batch	24360	valid_loss	3631.30200195
batch	24390	valid_loss	3895.93685913
batch	24420	valid_loss	3634.79998779
batch	24450	valid_loss	3876.27325439
batch	24480	valid_loss	3854.4732666
batch	24510	valid_loss	3780.99972534
batch	24540	valid_loss	3666.4836731
batch	24570	valid_loss	3855.1835022
batch	24600	valid_loss	3603.76776123
batch	24630	valid_loss	3677.10577393
batch	24660	valid_loss	4108.92904663
batch	24690	valid_loss	3736.93511963
batch	24720	valid_loss	3604.19961548
batch	24750	valid_loss	4808.24725342
batch	24780	valid_loss	3613.32406616
batch	24810	valid_loss	5291.98629761
batch	24840	valid_loss	3747.81277466
batch	24870	valid_loss	4366.5859375
batch	24900	valid_loss	3632.86935425
batch	24930	valid_loss	3918.13571167
batch	24960	valid_loss	3956.16644287
batch	24990	valid_loss	3755.83056641
STOP
START
config	620	420	620	960
batch	0	valid_loss	7133286.125
batch	30	valid_loss	149095.329102
batch	60	valid_loss	102018.100586
batch	90	valid_loss	99996.2441406
batch	120	valid_loss	99874.8310547
batch	150	valid_loss	99844.0791016
batch	180	valid_loss	99819.4462891
batch	210	valid_loss	99684.1074219
batch	240	valid_loss	99567.0917969
batch	270	valid_loss	99375.4628906
batch	300	valid_loss	98965.0791016
batch	330	valid_loss	98131.9541016
batch	360	valid_loss	96612.7802734
batch	390	valid_loss	94287.0043945
batch	420	valid_loss	92371.0673828
batch	450	valid_loss	91197.8144531
batch	480	valid_loss	90458.2392578
batch	510	valid_loss	89863.1665039
batch	540	valid_loss	89291.3007812
batch	570	valid_loss	88676.2021484
batch	600	valid_loss	88034.7148438
batch	630	valid_loss	87263.2182617
batch	660	valid_loss	86274.1606445
batch	690	valid_loss	85194.8383789
batch	720	valid_loss	83981.8242188
batch	750	valid_loss	82650.5947266
batch	780	valid_loss	81151.5195312
batch	810	valid_loss	79622.2905273
batch	840	valid_loss	78175.5942383
batch	870	valid_loss	76565.3085938
batch	900	valid_loss	74902.3139648
batch	930	valid_loss	73365.1977539
batch	960	valid_loss	71870.4990234
batch	990	valid_loss	70221.2177734
batch	1020	valid_loss	68723.2675781
batch	1050	valid_loss	67228.5541992
batch	1080	valid_loss	65816.3178711
batch	1110	valid_loss	64389.0029297
batch	1140	valid_loss	62890.1435547
batch	1170	valid_loss	61631.8540039
batch	1200	valid_loss	60189.4047852
batch	1230	valid_loss	58834.637207
batch	1260	valid_loss	57501.5390625
batch	1290	valid_loss	56223.7709961
batch	1320	valid_loss	54883.4985352
batch	1350	valid_loss	53601.8891602
batch	1380	valid_loss	52457.9389648
batch	1410	valid_loss	51145.0454102
batch	1440	valid_loss	50447.5083008
batch	1470	valid_loss	48933.7924805
batch	1500	valid_loss	47794.9750977
batch	1530	valid_loss	46601.3793945
batch	1560	valid_loss	45840.3054199
batch	1590	valid_loss	44559.2590332
batch	1620	valid_loss	43586.7905273
batch	1650	valid_loss	42693.2111816
batch	1680	valid_loss	41795.4575195
batch	1710	valid_loss	40870.2099609
batch	1740	valid_loss	39937.7272949
batch	1770	valid_loss	39074.6835938
batch	1800	valid_loss	38230.2980957
batch	1830	valid_loss	37402.4064941
batch	1860	valid_loss	36713.6064453
batch	1890	valid_loss	35896.635498
batch	1920	valid_loss	35355.4221191
batch	1950	valid_loss	34609.8481445
batch	1980	valid_loss	33829.5742188
batch	2010	valid_loss	33172.1726074
batch	2040	valid_loss	32638.057373
batch	2070	valid_loss	32180.333252
batch	2100	valid_loss	31307.1032715
batch	2130	valid_loss	31078.5280762
batch	2160	valid_loss	30346.229248
batch	2190	valid_loss	30070.7138672
batch	2220	valid_loss	29147.4875488
batch	2250	valid_loss	29440.4138184
batch	2280	valid_loss	28370.5822754
batch	2310	valid_loss	27797.0397949
batch	2340	valid_loss	27421.9316406
batch	2370	valid_loss	27004.6279297
batch	2400	valid_loss	26741.7583008
batch	2430	valid_loss	26138.4123535
batch	2460	valid_loss	25900.3696289
batch	2490	valid_loss	25296.0166016
batch	2520	valid_loss	27906.3688965
batch	2550	valid_loss	24664.5571289
batch	2580	valid_loss	24349.7692871
batch	2610	valid_loss	24020.2524414
batch	2640	valid_loss	23601.1574707
batch	2670	valid_loss	23330.909668
batch	2700	valid_loss	23090.3867188
batch	2730	valid_loss	22619.0135498
batch	2760	valid_loss	22449.9991455
batch	2790	valid_loss	22148.947998
batch	2820	valid_loss	21975.5113525
batch	2850	valid_loss	21550.3458252
batch	2880	valid_loss	21615.8348389
batch	2910	valid_loss	21147.1108398
batch	2940	valid_loss	20960.4370117
batch	2970	valid_loss	20737.5029297
batch	3000	valid_loss	20379.8339844
batch	3030	valid_loss	20466.0059814
batch	3060	valid_loss	20152.1693115
batch	3090	valid_loss	19799.1027832
batch	3120	valid_loss	20413.6263428
batch	3150	valid_loss	19282.0874023
batch	3180	valid_loss	20161.9169922
batch	3210	valid_loss	18875.8988037
batch	3240	valid_loss	18651.6235352
batch	3270	valid_loss	18531.7816162
batch	3300	valid_loss	18546.9718018
batch	3330	valid_loss	18008.6385498
batch	3360	valid_loss	21334.7523193
batch	3390	valid_loss	17769.6333008
batch	3420	valid_loss	17637.7825928
batch	3450	valid_loss	17446.3787842
batch	3480	valid_loss	17181.1490479
batch	3510	valid_loss	17620.236084
batch	3540	valid_loss	17001.3225098
batch	3570	valid_loss	16855.4622803
batch	3600	valid_loss	16720.2833252
batch	3630	valid_loss	16727.217041
batch	3660	valid_loss	16312.5076904
batch	3690	valid_loss	16221.1271973
batch	3720	valid_loss	16048.7819824
batch	3750	valid_loss	16051.8972168
batch	3780	valid_loss	15764.2888184
batch	3810	valid_loss	16041.8568115
batch	3840	valid_loss	15609.6496582
batch	3870	valid_loss	15326.5314941
batch	3900	valid_loss	16685.1728516
batch	3930	valid_loss	15152.9416504
batch	3960	valid_loss	15159.9627686
batch	3990	valid_loss	15071.559082
batch	4020	valid_loss	14888.3635254
batch	4050	valid_loss	14820.2802734
batch	4080	valid_loss	14559.8585205
batch	4110	valid_loss	15074.6557617
batch	4140	valid_loss	14346.3890381
batch	4170	valid_loss	14452.3111572
batch	4200	valid_loss	14550.0257568
batch	4230	valid_loss	13998.1082764
batch	4260	valid_loss	13889.267334
batch	4290	valid_loss	13798.253418
batch	4320	valid_loss	15381.2784424
batch	4350	valid_loss	13632.395874
batch	4380	valid_loss	13624.0731201
batch	4410	valid_loss	13432.1069336
batch	4440	valid_loss	13603.1738281
batch	4470	valid_loss	13311.8383789
batch	4500	valid_loss	13344.2996826
batch	4530	valid_loss	13122.3389893
batch	4560	valid_loss	13078.0871582
batch	4590	valid_loss	12947.0888672
batch	4620	valid_loss	13647.8140869
batch	4650	valid_loss	12852.079834
batch	4680	valid_loss	14904.2390137
batch	4710	valid_loss	12690.1116943
batch	4740	valid_loss	12467.1958008
batch	4770	valid_loss	12571.6182861
batch	4800	valid_loss	12317.5009766
batch	4830	valid_loss	13368.6459961
batch	4860	valid_loss	12263.2741699
batch	4890	valid_loss	12529.166626
batch	4920	valid_loss	12144.8461914
batch	4950	valid_loss	12790.0599365
batch	4980	valid_loss	11910.6848145
batch	5010	valid_loss	14067.7592773
batch	5040	valid_loss	11818.053833
batch	5070	valid_loss	11840.3618164
batch	5100	valid_loss	11675.8946533
batch	5130	valid_loss	11751.9785156
batch	5160	valid_loss	11502.8394775
batch	5190	valid_loss	12576.7921143
batch	5220	valid_loss	11424.6937866
batch	5250	valid_loss	11396.2157593
batch	5280	valid_loss	11403.6671753
batch	5310	valid_loss	11254.595459
batch	5340	valid_loss	11533.4578857
batch	5370	valid_loss	11235.7315674
batch	5400	valid_loss	11100.3699341
batch	5430	valid_loss	10892.8189697
batch	5460	valid_loss	13826.8234863
batch	5490	valid_loss	10913.3323975
batch	5520	valid_loss	11040.1912842
batch	5550	valid_loss	11164.4250488
batch	5580	valid_loss	10860.7050171
batch	5610	valid_loss	11754.9506836
batch	5640	valid_loss	10609.6151733
batch	5670	valid_loss	11510.1019897
batch	5700	valid_loss	10482.6523438
batch	5730	valid_loss	10498.1690674
batch	5760	valid_loss	10564.9317017
batch	5790	valid_loss	12996.3851318
batch	5820	valid_loss	10294.2651978
batch	5850	valid_loss	11017.6608276
batch	5880	valid_loss	10423.5772095
batch	5910	valid_loss	10362.9849243
batch	5940	valid_loss	13195.8630371
batch	5970	valid_loss	10022.2588501
batch	6000	valid_loss	10248.0455933
batch	6030	valid_loss	10021.3511963
batch	6060	valid_loss	10359.3817139
batch	6090	valid_loss	10136.8706055
batch	6120	valid_loss	9920.71710205
batch	6150	valid_loss	9737.84216309
batch	6180	valid_loss	9865.16369629
batch	6210	valid_loss	9826.44165039
batch	6240	valid_loss	9671.93756104
batch	6270	valid_loss	9654.03240967
batch	6300	valid_loss	10734.1097412
batch	6330	valid_loss	9560.52105713
batch	6360	valid_loss	9462.6539917
batch	6390	valid_loss	10196.5064697
batch	6420	valid_loss	9399.00604248
batch	6450	valid_loss	11807.3232422
batch	6480	valid_loss	9330.65509033
batch	6510	valid_loss	9327.80474854
batch	6540	valid_loss	10933.8852539
batch	6570	valid_loss	9200.16186523
batch	6600	valid_loss	10495.1970825
batch	6630	valid_loss	9308.86865234
batch	6660	valid_loss	9150.69378662
batch	6690	valid_loss	9198.2276001
batch	6720	valid_loss	10045.5283203
batch	6750	valid_loss	9102.20092773
batch	6780	valid_loss	9106.87713623
batch	6810	valid_loss	8945.02874756
batch	6840	valid_loss	8962.97839355
batch	6870	valid_loss	9151.9987793
batch	6900	valid_loss	8911.58795166
batch	6930	valid_loss	8829.66833496
batch	6960	valid_loss	8758.87268066
batch	6990	valid_loss	13770.078125
batch	7020	valid_loss	8713.83111572
batch	7050	valid_loss	8638.03424072
batch	7080	valid_loss	8746.14764404
batch	7110	valid_loss	9180.15698242
batch	7140	valid_loss	8869.51312256
batch	7170	valid_loss	9271.55273438
batch	7200	valid_loss	8463.19384766
batch	7230	valid_loss	9688.37872314
batch	7260	valid_loss	8485.2911377
batch	7290	valid_loss	9041.00231934
batch	7320	valid_loss	8499.00421143
batch	7350	valid_loss	8481.73345947
batch	7380	valid_loss	9080.66418457
batch	7410	valid_loss	8250.94519043
batch	7440	valid_loss	8364.94091797
batch	7470	valid_loss	8203.69390869
batch	7500	valid_loss	9111.71221924
batch	7530	valid_loss	8191.675354
batch	7560	valid_loss	8129.95568848
batch	7590	valid_loss	8141.0380249
batch	7620	valid_loss	8308.22296143
batch	7650	valid_loss	8111.16033936
batch	7680	valid_loss	8379.56573486
batch	7710	valid_loss	8083.80480957
batch	7740	valid_loss	8842.0612793
batch	7770	valid_loss	8101.18762207
batch	7800	valid_loss	8304.00469971
batch	7830	valid_loss	8230.84313965
batch	7860	valid_loss	7891.22625732
batch	7890	valid_loss	7822.30682373
batch	7920	valid_loss	8882.79101562
batch	7950	valid_loss	7865.2064209
batch	7980	valid_loss	7814.49578857
batch	8010	valid_loss	7909.4553833
batch	8040	valid_loss	8006.00042725
batch	8070	valid_loss	7690.07208252
batch	8100	valid_loss	7690.89752197
batch	8130	valid_loss	8401.64318848
batch	8160	valid_loss	7588.41583252
batch	8190	valid_loss	7621.99005127
batch	8220	valid_loss	11857.3717041
batch	8250	valid_loss	7583.4720459
batch	8280	valid_loss	7561.94177246
batch	8310	valid_loss	7761.78460693
batch	8340	valid_loss	7507.04760742
batch	8370	valid_loss	9020.9776001
batch	8400	valid_loss	7423.45819092
batch	8430	valid_loss	7433.58300781
batch	8460	valid_loss	7532.36737061
batch	8490	valid_loss	7470.84790039
batch	8520	valid_loss	7413.35998535
batch	8550	valid_loss	18550.7739258
batch	8580	valid_loss	7389.73962402
batch	8610	valid_loss	7246.4206543
batch	8640	valid_loss	7365.831604
batch	8670	valid_loss	7258.14398193
batch	8700	valid_loss	7930.90319824
batch	8730	valid_loss	7368.98303223
batch	8760	valid_loss	7174.94708252
batch	8790	valid_loss	8664.75213623
batch	8820	valid_loss	7196.52392578
batch	8850	valid_loss	7300.99847412
batch	8880	valid_loss	7208.20825195
batch	8910	valid_loss	7777.30755615
batch	8940	valid_loss	7118.41625977
batch	8970	valid_loss	7134.38964844
batch	9000	valid_loss	7120.85070801
batch	9030	valid_loss	7733.82653809
batch	9060	valid_loss	6976.52105713
batch	9090	valid_loss	6882.66882324
batch	9120	valid_loss	6948.68914795
batch	9150	valid_loss	6979.62670898
batch	9180	valid_loss	7394.8963623
batch	9210	valid_loss	6938.10308838
batch	9240	valid_loss	7746.32623291
batch	9270	valid_loss	7033.54187012
batch	9300	valid_loss	6864.10040283
batch	9330	valid_loss	7038.60705566
batch	9360	valid_loss	7071.39935303
batch	9390	valid_loss	6818.35241699
batch	9420	valid_loss	8662.40289307
batch	9450	valid_loss	6950.96850586
batch	9480	valid_loss	6792.30999756
batch	9510	valid_loss	6721.04626465
batch	9540	valid_loss	8760.16192627
batch	9570	valid_loss	6741.81829834
batch	9600	valid_loss	6726.30633545
batch	9630	valid_loss	8904.13323975
batch	9660	valid_loss	6691.59881592
batch	9690	valid_loss	6644.67614746
batch	9720	valid_loss	6614.50042725
batch	9750	valid_loss	7562.55444336
batch	9780	valid_loss	6563.57141113
batch	9810	valid_loss	6556.30224609
batch	9840	valid_loss	6557.71179199
batch	9870	valid_loss	8140.31072998
batch	9900	valid_loss	6576.03118896
batch	9930	valid_loss	9191.39587402
batch	9960	valid_loss	6448.65032959
batch	9990	valid_loss	7001.66601562
batch	10020	valid_loss	6561.17480469
batch	10050	valid_loss	6459.66625977
batch	10080	valid_loss	6427.05731201
batch	10110	valid_loss	13980.1207275
batch	10140	valid_loss	6510.68084717
batch	10170	valid_loss	6390.98187256
batch	10200	valid_loss	6382.05010986
batch	10230	valid_loss	8578.8828125
batch	10260	valid_loss	6475.23675537
batch	10290	valid_loss	6361.13140869
batch	10320	valid_loss	8539.78942871
batch	10350	valid_loss	6355.74127197
batch	10380	valid_loss	6323.68017578
batch	10410	valid_loss	6538.43383789
batch	10440	valid_loss	6342.29016113
batch	10470	valid_loss	7046.35241699
batch	10500	valid_loss	6384.69586182
batch	10530	valid_loss	6289.31536865
batch	10560	valid_loss	6533.64770508
batch	10590	valid_loss	6191.23126221
batch	10620	valid_loss	6464.24304199
batch	10650	valid_loss	6390.45184326
batch	10680	valid_loss	6212.29827881
batch	10710	valid_loss	6782.6427002
batch	10740	valid_loss	6206.59020996
batch	10770	valid_loss	6183.32080078
batch	10800	valid_loss	6508.61553955
batch	10830	valid_loss	6060.26873779
batch	10860	valid_loss	7144.6930542
batch	10890	valid_loss	6146.95025635
batch	10920	valid_loss	6116.45489502
batch	10950	valid_loss	6270.96472168
batch	10980	valid_loss	6108.83398438
batch	11010	valid_loss	6535.34881592
batch	11040	valid_loss	6155.98162842
batch	11070	valid_loss	6125.55718994
batch	11100	valid_loss	6358.17163086
batch	11130	valid_loss	5993.84747314
batch	11160	valid_loss	5955.52947998
batch	11190	valid_loss	6276.74456787
batch	11220	valid_loss	5938.70007324
batch	11250	valid_loss	8291.90270996
batch	11280	valid_loss	5971.15441895
batch	11310	valid_loss	6111.54144287
batch	11340	valid_loss	6335.24212646
batch	11370	valid_loss	5884.72470093
batch	11400	valid_loss	6500.28546143
batch	11430	valid_loss	6058.92333984
batch	11460	valid_loss	5832.2590332
batch	11490	valid_loss	7350.13500977
batch	11520	valid_loss	5813.81118774
batch	11550	valid_loss	5859.15057373
batch	11580	valid_loss	8118.49676514
batch	11610	valid_loss	5879.51055908
batch	11640	valid_loss	5782.59133911
batch	11670	valid_loss	7880.79663086
batch	11700	valid_loss	5760.55117798
batch	11730	valid_loss	5759.35650635
batch	11760	valid_loss	5821.71453857
batch	11790	valid_loss	6232.0602417
batch	11820	valid_loss	5868.85934448
batch	11850	valid_loss	7483.75604248
batch	11880	valid_loss	5675.46487427
batch	11910	valid_loss	9847.40093994
batch	11940	valid_loss	5724.95446777
batch	11970	valid_loss	5675.64486694
batch	12000	valid_loss	9698.73126221
batch	12030	valid_loss	5677.76275635
batch	12060	valid_loss	5688.60894775
batch	12090	valid_loss	5724.51272583
batch	12120	valid_loss	5943.57705688
batch	12150	valid_loss	5791.86294556
batch	12180	valid_loss	5765.22088623
batch	12210	valid_loss	5849.2043457
batch	12240	valid_loss	5594.78753662
batch	12270	valid_loss	6862.85717773
batch	12300	valid_loss	5632.33865356
batch	12330	valid_loss	9388.55511475
batch	12360	valid_loss	5574.7171936
batch	12390	valid_loss	5572.86169434
batch	12420	valid_loss	5957.80053711
batch	12450	valid_loss	5550.81552124
batch	12480	valid_loss	6385.74249268
batch	12510	valid_loss	5561.49993896
batch	12540	valid_loss	5612.24008179
batch	12570	valid_loss	6125.20019531
batch	12600	valid_loss	5469.34362793
batch	12630	valid_loss	5543.44613647
batch	12660	valid_loss	5858.0447998
batch	12690	valid_loss	5412.75613403
batch	12720	valid_loss	5446.60247803
batch	12750	valid_loss	6353.54730225
batch	12780	valid_loss	5419.47384644
batch	12810	valid_loss	5745.04138184
batch	12840	valid_loss	5439.13354492
batch	12870	valid_loss	5500.11401367
batch	12900	valid_loss	5458.10598755
batch	12930	valid_loss	7544.1619873
batch	12960	valid_loss	5461.12020874
batch	12990	valid_loss	5802.1255188
batch	13020	valid_loss	5530.14962769
batch	13050	valid_loss	5366.63702393
batch	13080	valid_loss	5529.92221069
batch	13110	valid_loss	5454.80630493
batch	13140	valid_loss	5377.17913818
batch	13170	valid_loss	7586.17633057
batch	13200	valid_loss	5399.90939331
batch	13230	valid_loss	5299.0317688
batch	13260	valid_loss	6330.64318848
batch	13290	valid_loss	5456.54660034
batch	13320	valid_loss	5270.41275024
batch	13350	valid_loss	5283.18255615
batch	13380	valid_loss	7514.30950928
batch	13410	valid_loss	5299.34036255
batch	13440	valid_loss	5261.31951904
batch	13470	valid_loss	9615.64276123
batch	13500	valid_loss	5208.60812378
batch	13530	valid_loss	5268.55679321
batch	13560	valid_loss	5792.9571228
batch	13590	valid_loss	5292.89865112
batch	13620	valid_loss	7017.02990723
batch	13650	valid_loss	5223.07211304
batch	13680	valid_loss	6884.23846436
batch	13710	valid_loss	5257.34136963
batch	13740	valid_loss	5198.45285034
batch	13770	valid_loss	6183.35583496
batch	13800	valid_loss	5198.59631348
batch	13830	valid_loss	5384.94998169
batch	13860	valid_loss	6333.11071777
batch	13890	valid_loss	5192.2442627
batch	13920	valid_loss	5258.86120605
batch	13950	valid_loss	5226.35852051
batch	13980	valid_loss	6169.18664551
batch	14010	valid_loss	5128.58810425
batch	14040	valid_loss	7665.55621338
batch	14070	valid_loss	5098.30169678
batch	14100	valid_loss	5403.97409058
batch	14130	valid_loss	5293.91729736
batch	14160	valid_loss	6252.82568359
batch	14190	valid_loss	5071.41870117
batch	14220	valid_loss	6165.621521
batch	14250	valid_loss	5117.97201538
batch	14280	valid_loss	5448.34173584
batch	14310	valid_loss	5167.12857056
batch	14340	valid_loss	6055.61218262
batch	14370	valid_loss	5059.31289673
batch	14400	valid_loss	5043.7081604
batch	14430	valid_loss	5633.63537598
batch	14460	valid_loss	4981.91091919
batch	14490	valid_loss	5223.921875
batch	14520	valid_loss	5122.11129761
batch	14550	valid_loss	5677.21209717
batch	14580	valid_loss	4963.73696899
batch	14610	valid_loss	5056.92858887
batch	14640	valid_loss	5496.74899292
batch	14670	valid_loss	4977.37591553
batch	14700	valid_loss	4948.28225708
batch	14730	valid_loss	7036.46984863
batch	14760	valid_loss	4918.69595337
batch	14790	valid_loss	6829.27813721
batch	14820	valid_loss	4945.24902344
batch	14850	valid_loss	5716.72167969
batch	14880	valid_loss	4909.71582031
batch	14910	valid_loss	5331.99356079
batch	14940	valid_loss	5424.2144165
batch	14970	valid_loss	4878.94769287
batch	15000	valid_loss	4803.03948975
batch	15030	valid_loss	5119.84625244
batch	15060	valid_loss	4897.88223267
batch	15090	valid_loss	4950.75350952
batch	15120	valid_loss	5187.85870361
batch	15150	valid_loss	4807.55105591
batch	15180	valid_loss	4980.09082031
batch	15210	valid_loss	5222.38708496
batch	15240	valid_loss	4986.80484009
batch	15270	valid_loss	4839.65753174
batch	15300	valid_loss	5271.6758728
batch	15330	valid_loss	5180.95043945
batch	15360	valid_loss	4778.87069702
batch	15390	valid_loss	4701.12179565
batch	15420	valid_loss	5118.57614136
batch	15450	valid_loss	5355.82003784
batch	15480	valid_loss	4959.45144653
batch	15510	valid_loss	4896.11557007
batch	15540	valid_loss	5712.30566406
batch	15570	valid_loss	4774.17660522
batch	15600	valid_loss	5500.43786621
batch	15630	valid_loss	4813.59646606
batch	15660	valid_loss	4836.1411438
batch	15690	valid_loss	5881.87625122
batch	15720	valid_loss	4769.19592285
batch	15750	valid_loss	4625.97335815
batch	15780	valid_loss	4876.53967285
batch	15810	valid_loss	4845.35379028
batch	15840	valid_loss	4788.87860107
batch	15870	valid_loss	4843.73336792
batch	15900	valid_loss	5976.20880127
batch	15930	valid_loss	4701.79162598
batch	15960	valid_loss	4686.0425415
batch	15990	valid_loss	6384.25585938
batch	16020	valid_loss	4717.9390564
batch	16050	valid_loss	4789.08407593
batch	16080	valid_loss	4851.57723999
batch	16110	valid_loss	4750.82589722
batch	16140	valid_loss	5331.43447876
batch	16170	valid_loss	4668.63586426
batch	16200	valid_loss	5726.63049316
batch	16230	valid_loss	4644.69158936
batch	16260	valid_loss	6145.13311768
batch	16290	valid_loss	4808.89187622
batch	16320	valid_loss	4576.99395752
batch	16350	valid_loss	6267.22424316
batch	16380	valid_loss	4593.9486084
batch	16410	valid_loss	6335.64306641
batch	16440	valid_loss	4716.66088867
batch	16470	valid_loss	6491.43231201
batch	16500	valid_loss	4657.04699707
batch	16530	valid_loss	4943.05291748
batch	16560	valid_loss	5436.46810913
batch	16590	valid_loss	4606.73681641
batch	16620	valid_loss	4622.46878052
batch	16650	valid_loss	4837.57058716
batch	16680	valid_loss	4675.99862671
batch	16710	valid_loss	5913.20993042
batch	16740	valid_loss	4667.36282349
batch	16770	valid_loss	4636.80151367
batch	16800	valid_loss	4839.51138306
batch	16830	valid_loss	4533.23135376
batch	16860	valid_loss	8377.27685547
batch	16890	valid_loss	4553.1109314
batch	16920	valid_loss	4496.4564209
batch	16950	valid_loss	5708.0269165
batch	16980	valid_loss	4554.03149414
batch	17010	valid_loss	5729.17758179
batch	17040	valid_loss	4631.45550537
batch	17070	valid_loss	4859.37521362
batch	17100	valid_loss	4528.24261475
batch	17130	valid_loss	4909.4513855
batch	17160	valid_loss	4666.96734619
batch	17190	valid_loss	4460.41552734
batch	17220	valid_loss	5100.40402222
batch	17250	valid_loss	4813.15014648
batch	17280	valid_loss	4464.31454468
batch	17310	valid_loss	5806.0519104
batch	17340	valid_loss	4539.82006836
batch	17370	valid_loss	4476.20077515
batch	17400	valid_loss	4816.57119751
batch	17430	valid_loss	4499.37088013
batch	17460	valid_loss	6578.68811035
batch	17490	valid_loss	4500.55789185
batch	17520	valid_loss	4459.24914551
batch	17550	valid_loss	4797.77636719
batch	17580	valid_loss	4355.20129395
batch	17610	valid_loss	4503.29980469
batch	17640	valid_loss	4972.29171753
batch	17670	valid_loss	4439.99414062
batch	17700	valid_loss	4403.79141235
batch	17730	valid_loss	7610.83953857
batch	17760	valid_loss	4426.81713867
batch	17790	valid_loss	4432.51828003
batch	17820	valid_loss	5394.30639648
batch	17850	valid_loss	4407.25726318
batch	17880	valid_loss	4693.12341309
batch	17910	valid_loss	4370.00570679
batch	17940	valid_loss	5091.00915527
batch	17970	valid_loss	4402.43188477
batch	18000	valid_loss	6778.58856201
batch	18030	valid_loss	4477.38882446
batch	18060	valid_loss	4494.71768188
batch	18090	valid_loss	4668.40170288
batch	18120	valid_loss	4306.81497192
batch	18150	valid_loss	6649.35510254
batch	18180	valid_loss	4380.7102356
batch	18210	valid_loss	4313.81497192
batch	18240	valid_loss	4757.16503906
batch	18270	valid_loss	4385.26699829
batch	18300	valid_loss	6230.88580322
batch	18330	valid_loss	4341.96487427
batch	18360	valid_loss	4409.63421631
batch	18390	valid_loss	5097.15133667
batch	18420	valid_loss	4369.59103394
batch	18450	valid_loss	4356.0737915
batch	18480	valid_loss	4848.32354736
batch	18510	valid_loss	4217.85073853
batch	18540	valid_loss	5266.92971802
batch	18570	valid_loss	4377.94287109
batch	18600	valid_loss	4534.1784668
batch	18630	valid_loss	4245.28164673
batch	18660	valid_loss	7851.09466553
batch	18690	valid_loss	4287.93383789
batch	18720	valid_loss	4368.20010376
batch	18750	valid_loss	4556.79330444
batch	18780	valid_loss	4616.47912598
batch	18810	valid_loss	4327.7383728
batch	18840	valid_loss	4344.60354614
batch	18870	valid_loss	5249.64630127
batch	18900	valid_loss	4320.38894653
batch	18930	valid_loss	4255.60864258
batch	18960	valid_loss	4456.40750122
batch	18990	valid_loss	4319.05368042
batch	19020	valid_loss	4243.69876099
batch	19050	valid_loss	4577.25372314
batch	19080	valid_loss	4203.91137695
batch	19110	valid_loss	5215.62857056
batch	19140	valid_loss	4293.8031311
batch	19170	valid_loss	4268.90689087
batch	19200	valid_loss	4746.28387451
batch	19230	valid_loss	4235.42068481
batch	19260	valid_loss	4247.29330444
batch	19290	valid_loss	5331.43078613
batch	19320	valid_loss	4166.2505188
batch	19350	valid_loss	4171.49813843
batch	19380	valid_loss	4341.10565186
batch	19410	valid_loss	4129.43655396
batch	19440	valid_loss	5590.28204346
batch	19470	valid_loss	4138.82299805
batch	19500	valid_loss	4417.35604858
batch	19530	valid_loss	4641.40628052
batch	19560	valid_loss	4131.55032349
batch	19590	valid_loss	4184.89819336
batch	19620	valid_loss	4212.01376343
batch	19650	valid_loss	4210.85266113
batch	19680	valid_loss	6808.65136719
batch	19710	valid_loss	4123.24331665
batch	19740	valid_loss	4295.81436157
batch	19770	valid_loss	4261.69354248
batch	19800	valid_loss	4137.88861084
batch	19830	valid_loss	6760.92266846
batch	19860	valid_loss	4076.35360718
batch	19890	valid_loss	4128.3421936
batch	19920	valid_loss	4806.11343384
batch	19950	valid_loss	4084.29202271
batch	19980	valid_loss	4117.03900146
batch	20010	valid_loss	5055.60806274
batch	20040	valid_loss	4236.93762207
batch	20070	valid_loss	4015.80990601
batch	20100	valid_loss	4546.18505859
batch	20130	valid_loss	4116.93280029
batch	20160	valid_loss	5010.5925293
batch	20190	valid_loss	4168.92953491
batch	20220	valid_loss	4244.77844238
batch	20250	valid_loss	4217.8336792
batch	20280	valid_loss	4423.25424194
batch	20310	valid_loss	4517.82522583
batch	20340	valid_loss	4037.27038574
batch	20370	valid_loss	4082.19338989
batch	20400	valid_loss	4214.31564331
batch	20430	valid_loss	3972.390625
batch	20460	valid_loss	4600.04187012
batch	20490	valid_loss	4095.12698364
batch	20520	valid_loss	4904.44799805
batch	20550	valid_loss	4077.4644165
batch	20580	valid_loss	4327.13546753
batch	20610	valid_loss	4098.28259277
batch	20640	valid_loss	4112.31741333
batch	20670	valid_loss	4845.31988525
batch	20700	valid_loss	3986.96640015
batch	20730	valid_loss	4807.10183716
batch	20760	valid_loss	3997.37567139
batch	20790	valid_loss	5550.06057739
batch	20820	valid_loss	4026.37390137
batch	20850	valid_loss	5908.66033936
batch	20880	valid_loss	4026.5451355
batch	20910	valid_loss	4301.99206543
batch	20940	valid_loss	4033.18292236
batch	20970	valid_loss	4114.32659912
batch	21000	valid_loss	4054.94125366
batch	21030	valid_loss	4030.45166016
batch	21060	valid_loss	4087.64535522
batch	21090	valid_loss	4026.78421021
batch	21120	valid_loss	4735.90228271
batch	21150	valid_loss	4013.23483276
batch	21180	valid_loss	3964.73294067
batch	21210	valid_loss	7922.66235352
batch	21240	valid_loss	4000.3470459
batch	21270	valid_loss	3962.42977905
batch	21300	valid_loss	4074.8364563
batch	21330	valid_loss	5631.35244751
batch	21360	valid_loss	4117.96829224
batch	21390	valid_loss	4351.22186279
batch	21420	valid_loss	4078.96908569
batch	21450	valid_loss	5216.65255737
batch	21480	valid_loss	4002.39572144
batch	21510	valid_loss	4104.28875732
batch	21540	valid_loss	4266.02355957
batch	21570	valid_loss	3953.25213623
batch	21600	valid_loss	4491.58511353
batch	21630	valid_loss	3854.4201355
batch	21660	valid_loss	4473.22103882
batch	21690	valid_loss	4094.06347656
batch	21720	valid_loss	4641.55700684
batch	21750	valid_loss	3920.9072876
batch	21780	valid_loss	4514.75
batch	21810	valid_loss	4064.69445801
batch	21840	valid_loss	4077.08068848
batch	21870	valid_loss	3873.91583252
batch	21900	valid_loss	4963.53393555
batch	21930	valid_loss	3956.3550415
batch	21960	valid_loss	3874.63677979
batch	21990	valid_loss	6107.97344971
batch	22020	valid_loss	3996.05426025
batch	22050	valid_loss	3891.88034058
batch	22080	valid_loss	4587.43078613
batch	22110	valid_loss	3854.12991333
batch	22140	valid_loss	5318.51831055
batch	22170	valid_loss	3919.93695068
batch	22200	valid_loss	3919.99389648
batch	22230	valid_loss	4235.44177246
batch	22260	valid_loss	3820.13076782
batch	22290	valid_loss	4031.96038818
batch	22320	valid_loss	4181.37182617
batch	22350	valid_loss	3816.05975342
batch	22380	valid_loss	3877.03634644
batch	22410	valid_loss	4361.64971924
batch	22440	valid_loss	3835.10437012
batch	22470	valid_loss	4535.62234497
batch	22500	valid_loss	3887.22155762
batch	22530	valid_loss	3999.35357666
batch	22560	valid_loss	3810.29705811
batch	22590	valid_loss	5841.07922363
batch	22620	valid_loss	3856.88818359
batch	22650	valid_loss	4103.56079102
batch	22680	valid_loss	3899.67623901
batch	22710	valid_loss	6096.13287354
batch	22740	valid_loss	3866.0223999
batch	22770	valid_loss	4597.44482422
batch	22800	valid_loss	3835.70318604
batch	22830	valid_loss	3908.27600098
batch	22860	valid_loss	3947.16421509
batch	22890	valid_loss	3797.23104858
batch	22920	valid_loss	4359.38021851
batch	22950	valid_loss	3815.71044922
batch	22980	valid_loss	3899.22360229
batch	23010	valid_loss	3946.3421936
batch	23040	valid_loss	4091.01937866
batch	23070	valid_loss	3848.41921997
batch	23100	valid_loss	4481.53500366
batch	23130	valid_loss	3897.99136353
batch	23160	valid_loss	3742.73254395
batch	23190	valid_loss	4468.54928589
batch	23220	valid_loss	3842.95324707
batch	23250	valid_loss	4118.5645752
batch	23280	valid_loss	4017.12585449
batch	23310	valid_loss	3753.95632935
batch	23340	valid_loss	4442.49633789
batch	23370	valid_loss	3799.76077271
batch	23400	valid_loss	6307.48858643
batch	23430	valid_loss	3770.87612915
batch	23460	valid_loss	4411.25610352
batch	23490	valid_loss	3912.76318359
batch	23520	valid_loss	5752.02325439
batch	23550	valid_loss	3900.50289917
batch	23580	valid_loss	3764.43447876
batch	23610	valid_loss	5960.53161621
batch	23640	valid_loss	3723.67468262
batch	23670	valid_loss	3787.51559448
batch	23700	valid_loss	4751.61392212
batch	23730	valid_loss	3782.88442993
batch	23760	valid_loss	6917.72540283
batch	23790	valid_loss	3686.82162476
batch	23820	valid_loss	3694.53543091
batch	23850	valid_loss	4125.19390869
batch	23880	valid_loss	3745.20080566
batch	23910	valid_loss	3762.23245239
batch	23940	valid_loss	3989.92584229
batch	23970	valid_loss	3715.34103394
batch	24000	valid_loss	4344.26370239
batch	24030	valid_loss	3855.77050781
batch	24060	valid_loss	3873.56170654
batch	24090	valid_loss	3668.40158081
batch	24120	valid_loss	4184.53488159
batch	24150	valid_loss	3766.58407593
batch	24180	valid_loss	4200.54983521
batch	24210	valid_loss	3743.27764893
batch	24240	valid_loss	4608.13595581
batch	24270	valid_loss	3800.28149414
batch	24300	valid_loss	3719.49658203
batch	24330	valid_loss	3966.93099976
batch	24360	valid_loss	3875.70669556
batch	24390	valid_loss	3710.86013794
batch	24420	valid_loss	4454.00369263
batch	24450	valid_loss	3804.95077515
batch	24480	valid_loss	3970.98855591
batch	24510	valid_loss	3650.50512695
batch	24540	valid_loss	3878.34783936
batch	24570	valid_loss	3672.08355713
batch	24600	valid_loss	3941.01019287
batch	24630	valid_loss	4247.9414978
batch	24660	valid_loss	3768.14682007
batch	24690	valid_loss	3749.90472412
batch	24720	valid_loss	6603.50268555
batch	24750	valid_loss	3582.33377075
batch	24780	valid_loss	3867.63369751
batch	24810	valid_loss	3731.11172485
batch	24840	valid_loss	3785.92160034
batch	24870	valid_loss	4070.16186523
batch	24900	valid_loss	3757.81900024
batch	24930	valid_loss	4578.73461914
batch	24960	valid_loss	3648.22943115
batch	24990	valid_loss	4044.45269775
STOP
