START
config	880	580	140	580	880	960
batch	0	valid_loss	5947326.28125
batch	30	valid_loss	166591.665039
batch	60	valid_loss	122480.009766
batch	90	valid_loss	120504.668945
batch	120	valid_loss	120399.166016
batch	150	valid_loss	120414.010742
batch	180	valid_loss	120456.863281
batch	210	valid_loss	120478.401367
batch	240	valid_loss	120489.240234
batch	270	valid_loss	120442.90625
batch	300	valid_loss	120525.863281
batch	330	valid_loss	120470.28125
batch	360	valid_loss	120558.733398
batch	390	valid_loss	120548.376953
batch	420	valid_loss	120571.552734
batch	450	valid_loss	120569.098633
batch	480	valid_loss	120493.289062
batch	510	valid_loss	120671.025391
batch	540	valid_loss	120570.958008
batch	570	valid_loss	120474.789062
batch	600	valid_loss	120116.587891
batch	630	valid_loss	118876.963867
batch	660	valid_loss	115868.370117
batch	690	valid_loss	112130.727539
batch	720	valid_loss	110584.75
batch	750	valid_loss	109872.541992
batch	780	valid_loss	109499.306641
batch	810	valid_loss	109073.015625
batch	840	valid_loss	108633.984375
batch	870	valid_loss	108062.917969
batch	900	valid_loss	107550.905273
batch	930	valid_loss	107195.806641
batch	960	valid_loss	106982.061523
batch	990	valid_loss	106649.52832
batch	1020	valid_loss	106559.657227
batch	1050	valid_loss	106348.273438
batch	1080	valid_loss	106284.892578
batch	1110	valid_loss	105985.114258
batch	1140	valid_loss	105841.089844
batch	1170	valid_loss	105654.012695
batch	1200	valid_loss	105407.680664
batch	1230	valid_loss	105240.865234
batch	1260	valid_loss	105089.978516
batch	1290	valid_loss	105001.167969
batch	1320	valid_loss	104775.731445
batch	1350	valid_loss	104662.120117
batch	1380	valid_loss	104379.163086
batch	1410	valid_loss	104174.953125
batch	1440	valid_loss	103966.764648
batch	1470	valid_loss	103652.40918
batch	1500	valid_loss	103283.55957
batch	1530	valid_loss	102984.619141
batch	1560	valid_loss	102706.319336
batch	1590	valid_loss	102291.381836
batch	1620	valid_loss	101863.421875
batch	1650	valid_loss	101474.459961
batch	1680	valid_loss	100983.432617
batch	1710	valid_loss	100668.782227
batch	1740	valid_loss	100237.203125
batch	1770	valid_loss	100056.953125
batch	1800	valid_loss	99881.0371094
batch	1830	valid_loss	99546.5507812
batch	1860	valid_loss	99422.9130859
batch	1890	valid_loss	98930.2841797
batch	1920	valid_loss	98549.1787109
batch	1950	valid_loss	98953.7021484
batch	1980	valid_loss	97527.8476562
batch	2010	valid_loss	97221.4716797
batch	2040	valid_loss	96587.9306641
batch	2070	valid_loss	96143.5742188
batch	2100	valid_loss	95886.2431641
batch	2130	valid_loss	95540.6005859
batch	2160	valid_loss	95167.1591797
batch	2190	valid_loss	95068.7177734
batch	2220	valid_loss	94986.3330078
batch	2250	valid_loss	94487.3994141
batch	2280	valid_loss	94276.7871094
batch	2310	valid_loss	93862.8066406
batch	2340	valid_loss	94029.3242188
batch	2370	valid_loss	93196.140625
batch	2400	valid_loss	92776.5454102
batch	2430	valid_loss	92461.1777344
batch	2460	valid_loss	92126.9853516
batch	2490	valid_loss	91772.3271484
batch	2520	valid_loss	91499.4204102
batch	2550	valid_loss	91266.2070312
batch	2580	valid_loss	91016.6079102
batch	2610	valid_loss	90433.2802734
batch	2640	valid_loss	91532.8251953
batch	2670	valid_loss	89686.2124023
batch	2700	valid_loss	91005.3623047
batch	2730	valid_loss	89295.9594727
batch	2760	valid_loss	88692.5986328
batch	2790	valid_loss	92666.9311523
batch	2820	valid_loss	88278.8852539
batch	2850	valid_loss	88031.2080078
batch	2880	valid_loss	87657.3828125
batch	2910	valid_loss	87320.4536133
batch	2940	valid_loss	87930.1455078
batch	2970	valid_loss	87136.0463867
batch	3000	valid_loss	86434.175293
batch	3030	valid_loss	86037.1967773
batch	3060	valid_loss	86011.7841797
batch	3090	valid_loss	85512.5766602
batch	3120	valid_loss	85757.1298828
batch	3150	valid_loss	84977.4785156
batch	3180	valid_loss	88297.2016602
batch	3210	valid_loss	84585.7587891
batch	3240	valid_loss	84067.0834961
batch	3270	valid_loss	83763.2763672
batch	3300	valid_loss	84251.8466797
batch	3330	valid_loss	83320.5405273
batch	3360	valid_loss	84348.0991211
batch	3390	valid_loss	82782.6733398
batch	3420	valid_loss	82502.1162109
batch	3450	valid_loss	83994.8330078
batch	3480	valid_loss	82172.4550781
batch	3510	valid_loss	82005.7299805
batch	3540	valid_loss	81776.8066406
batch	3570	valid_loss	83250.3295898
batch	3600	valid_loss	81366.0166016
batch	3630	valid_loss	81011.3466797
batch	3660	valid_loss	81350.6586914
batch	3690	valid_loss	80799.7265625
batch	3720	valid_loss	80689.6782227
batch	3750	valid_loss	80033.3691406
batch	3780	valid_loss	81707.4101562
batch	3810	valid_loss	79747.7539062
batch	3840	valid_loss	80918.7646484
batch	3870	valid_loss	79150.9750977
batch	3900	valid_loss	78960.6630859
batch	3930	valid_loss	78828.9135742
batch	3960	valid_loss	78669.6577148
batch	3990	valid_loss	78246.7539062
batch	4020	valid_loss	78213.6362305
batch	4050	valid_loss	77919.4204102
batch	4080	valid_loss	78843.4106445
batch	4110	valid_loss	77400.8544922
batch	4140	valid_loss	77486.1870117
batch	4170	valid_loss	77318.2827148
batch	4200	valid_loss	76677.9921875
batch	4230	valid_loss	77152.9575195
batch	4260	valid_loss	76250.7680664
batch	4290	valid_loss	78241.0234375
batch	4320	valid_loss	75812.1962891
batch	4350	valid_loss	75669.0341797
batch	4380	valid_loss	75447.4389648
batch	4410	valid_loss	75414.6166992
batch	4440	valid_loss	75392.9555664
batch	4470	valid_loss	75232.9697266
batch	4500	valid_loss	74551.2016602
batch	4530	valid_loss	74446.359375
batch	4560	valid_loss	76738.3618164
batch	4590	valid_loss	74584.7519531
batch	4620	valid_loss	73957.9990234
batch	4650	valid_loss	75162.0029297
batch	4680	valid_loss	73891.6821289
batch	4710	valid_loss	73634.4863281
batch	4740	valid_loss	73766.3725586
batch	4770	valid_loss	73340.2714844
batch	4800	valid_loss	79398.2568359
batch	4830	valid_loss	73127.6552734
batch	4860	valid_loss	72561.0410156
batch	4890	valid_loss	72461.1796875
batch	4920	valid_loss	73928.7568359
batch	4950	valid_loss	72452.6635742
batch	4980	valid_loss	73427.2290039
batch	5010	valid_loss	72100.184082
batch	5040	valid_loss	71830.6108398
batch	5070	valid_loss	72258.0942383
batch	5100	valid_loss	71488.6606445
batch	5130	valid_loss	71347.3486328
batch	5160	valid_loss	71172.5668945
batch	5190	valid_loss	71137.1323242
batch	5220	valid_loss	70931.3388672
batch	5250	valid_loss	70690.9033203
batch	5280	valid_loss	70365.9868164
batch	5310	valid_loss	70395.2109375
batch	5340	valid_loss	71035.9873047
batch	5370	valid_loss	70359.21875
batch	5400	valid_loss	69903.1679688
batch	5430	valid_loss	70296.8588867
batch	5460	valid_loss	69653.3583984
batch	5490	valid_loss	69947.0029297
batch	5520	valid_loss	69695.8579102
batch	5550	valid_loss	69381.8076172
batch	5580	valid_loss	69165.4433594
batch	5610	valid_loss	69279.2719727
batch	5640	valid_loss	69033.8442383
batch	5670	valid_loss	68999.8764648
batch	5700	valid_loss	68702.0908203
batch	5730	valid_loss	69097.6455078
batch	5760	valid_loss	68431.1411133
batch	5790	valid_loss	68804.3969727
batch	5820	valid_loss	69183.0708008
batch	5850	valid_loss	68129.5898438
batch	5880	valid_loss	68319.28125
batch	5910	valid_loss	67990.6762695
batch	5940	valid_loss	67863.6279297
batch	5970	valid_loss	68530.0410156
batch	6000	valid_loss	67608.0708008
batch	6030	valid_loss	67953.0825195
batch	6060	valid_loss	67353.0517578
batch	6090	valid_loss	67410.3740234
batch	6120	valid_loss	67433.0068359
batch	6150	valid_loss	69627.3354492
batch	6180	valid_loss	67191.8100586
batch	6210	valid_loss	66932.7890625
batch	6240	valid_loss	66958.8867188
batch	6270	valid_loss	69032.9140625
batch	6300	valid_loss	66597.921875
batch	6330	valid_loss	66474.7617188
batch	6360	valid_loss	67956.2700195
batch	6390	valid_loss	66443.5844727
batch	6420	valid_loss	66220.59375
batch	6450	valid_loss	66093.1367188
batch	6480	valid_loss	66047.1552734
batch	6510	valid_loss	68112.4135742
batch	6540	valid_loss	65916.3261719
batch	6570	valid_loss	65823.4418945
batch	6600	valid_loss	65727.418457
batch	6630	valid_loss	68156.7578125
batch	6660	valid_loss	65585.3774414
batch	6690	valid_loss	65396.1479492
batch	6720	valid_loss	65338.9384766
batch	6750	valid_loss	68611.7480469
batch	6780	valid_loss	65234.6577148
batch	6810	valid_loss	65036.1660156
batch	6840	valid_loss	64936.0258789
batch	6870	valid_loss	64866.824707
batch	6900	valid_loss	64807.3149414
batch	6930	valid_loss	64801.9570312
batch	6960	valid_loss	66715.9624023
batch	6990	valid_loss	64526.121582
batch	7020	valid_loss	64450.5644531
batch	7050	valid_loss	66437.9306641
batch	7080	valid_loss	64274.2373047
batch	7110	valid_loss	63918.4975586
batch	7140	valid_loss	63926.277832
batch	7170	valid_loss	63797.1845703
batch	7200	valid_loss	65199.640625
batch	7230	valid_loss	63792.0615234
batch	7260	valid_loss	63675.0390625
batch	7290	valid_loss	63562.0932617
batch	7320	valid_loss	63565.6000977
batch	7350	valid_loss	63225.050293
batch	7380	valid_loss	63231.6074219
batch	7410	valid_loss	62997.8256836
batch	7440	valid_loss	64973.2207031
batch	7470	valid_loss	62844.6518555
batch	7500	valid_loss	62758.6474609
batch	7530	valid_loss	62797.637207
batch	7560	valid_loss	62588.8393555
batch	7590	valid_loss	62851.4125977
batch	7620	valid_loss	62390.2016602
batch	7650	valid_loss	62645.7036133
batch	7680	valid_loss	63230.6176758
batch	7710	valid_loss	62100.5898438
batch	7740	valid_loss	61903.2568359
batch	7770	valid_loss	64012.027832
batch	7800	valid_loss	61974.1743164
batch	7830	valid_loss	62028.4443359
batch	7860	valid_loss	63159.6318359
batch	7890	valid_loss	61632.7817383
batch	7920	valid_loss	61496.144043
batch	7950	valid_loss	61782.0332031
batch	7980	valid_loss	61321.7783203
batch	8010	valid_loss	61697.6523438
batch	8040	valid_loss	61265.4731445
batch	8070	valid_loss	61160.9199219
batch	8100	valid_loss	61079.8374023
batch	8130	valid_loss	61212.5332031
batch	8160	valid_loss	60929.8110352
batch	8190	valid_loss	63909.6049805
batch	8220	valid_loss	60902.0429688
batch	8250	valid_loss	60647.9853516
batch	8280	valid_loss	60792.5239258
batch	8310	valid_loss	61349.2734375
batch	8340	valid_loss	60580.9829102
batch	8370	valid_loss	60333.324707
batch	8400	valid_loss	60401.6279297
batch	8430	valid_loss	60196.4370117
batch	8460	valid_loss	60358.0214844
batch	8490	valid_loss	60268.5161133
batch	8520	valid_loss	60027.1069336
batch	8550	valid_loss	60710.5351562
batch	8580	valid_loss	60067.3706055
batch	8610	valid_loss	59739.7836914
batch	8640	valid_loss	60651.605957
batch	8670	valid_loss	59741.8818359
batch	8700	valid_loss	59524.1557617
batch	8730	valid_loss	59344.8793945
batch	8760	valid_loss	59844.8642578
batch	8790	valid_loss	59292.3925781
batch	8820	valid_loss	59434.2553711
batch	8850	valid_loss	59143.9545898
batch	8880	valid_loss	59535.4355469
batch	8910	valid_loss	58939.2475586
batch	8940	valid_loss	58839.1044922
batch	8970	valid_loss	58812.7773438
batch	9000	valid_loss	59174.8608398
batch	9030	valid_loss	58637.9135742
batch	9060	valid_loss	58514.3208008
batch	9090	valid_loss	58567.1889648
batch	9120	valid_loss	58614.0332031
batch	9150	valid_loss	58304.6503906
batch	9180	valid_loss	58068.5195312
batch	9210	valid_loss	58074.3564453
batch	9240	valid_loss	60042.3603516
batch	9270	valid_loss	57975.609375
batch	9300	valid_loss	57738.3081055
batch	9330	valid_loss	57728.3652344
batch	9360	valid_loss	57704.7060547
batch	9390	valid_loss	58323.4375
batch	9420	valid_loss	57413.3588867
batch	9450	valid_loss	57658.7055664
batch	9480	valid_loss	57251.8120117
batch	9510	valid_loss	57137.2827148
batch	9540	valid_loss	57596.3789062
batch	9570	valid_loss	56993.0693359
batch	9600	valid_loss	56900.5078125
batch	9630	valid_loss	58640.0634766
batch	9660	valid_loss	56685.4511719
batch	9690	valid_loss	56782.7460938
batch	9720	valid_loss	57182.1005859
batch	9750	valid_loss	56437.4902344
batch	9780	valid_loss	56400.4155273
batch	9810	valid_loss	56433.4995117
batch	9840	valid_loss	56509.6342773
batch	9870	valid_loss	56838.5449219
batch	9900	valid_loss	56112.2182617
batch	9930	valid_loss	55917.5639648
batch	9960	valid_loss	58918.1157227
batch	9990	valid_loss	55818.9516602
batch	10020	valid_loss	55771.8925781
batch	10050	valid_loss	55809.9599609
batch	10080	valid_loss	55563.1523438
batch	10110	valid_loss	55368.5024414
batch	10140	valid_loss	55735.1928711
batch	10170	valid_loss	55479.7661133
batch	10200	valid_loss	55502.0195312
batch	10230	valid_loss	55269.4360352
batch	10260	valid_loss	55070.7148438
batch	10290	valid_loss	54886.5458984
batch	10320	valid_loss	55011.6352539
batch	10350	valid_loss	54986.9057617
batch	10380	valid_loss	54978.2119141
batch	10410	valid_loss	54733.7128906
batch	10440	valid_loss	55764.2880859
batch	10470	valid_loss	55155.0131836
batch	10500	valid_loss	54475.4116211
batch	10530	valid_loss	54325.5083008
batch	10560	valid_loss	54263.7333984
batch	10590	valid_loss	54317.090332
batch	10620	valid_loss	54137.0893555
batch	10650	valid_loss	55963.668457
batch	10680	valid_loss	54030.2944336
batch	10710	valid_loss	53961.8740234
batch	10740	valid_loss	53735.7470703
batch	10770	valid_loss	55023.4223633
batch	10800	valid_loss	53625.9223633
batch	10830	valid_loss	53451.0327148
batch	10860	valid_loss	53430.0913086
batch	10890	valid_loss	53347.987793
batch	10920	valid_loss	54428.487793
batch	10950	valid_loss	53221.0708008
batch	10980	valid_loss	52943.9775391
batch	11010	valid_loss	52983.0234375
batch	11040	valid_loss	52958.3720703
batch	11070	valid_loss	53681.5678711
batch	11100	valid_loss	52673.6518555
batch	11130	valid_loss	52579.5898438
batch	11160	valid_loss	52612.9067383
batch	11190	valid_loss	52472.2749023
batch	11220	valid_loss	52637.84375
batch	11250	valid_loss	52280.5849609
batch	11280	valid_loss	52712.2275391
batch	11310	valid_loss	52161.1367188
batch	11340	valid_loss	52053.7768555
batch	11370	valid_loss	51894.5913086
batch	11400	valid_loss	52570.4326172
batch	11430	valid_loss	51721.3774414
batch	11460	valid_loss	51874.3300781
batch	11490	valid_loss	51668.1557617
batch	11520	valid_loss	51944.25
batch	11550	valid_loss	51397.9614258
batch	11580	valid_loss	51654.6630859
batch	11610	valid_loss	51440.5361328
batch	11640	valid_loss	52291.3496094
batch	11670	valid_loss	51211.8037109
batch	11700	valid_loss	51171.0063477
batch	11730	valid_loss	51402.2099609
batch	11760	valid_loss	50991.8530273
batch	11790	valid_loss	50912.5166016
batch	11820	valid_loss	50853.4907227
batch	11850	valid_loss	50888.7519531
batch	11880	valid_loss	51879.28125
batch	11910	valid_loss	50697.1459961
batch	11940	valid_loss	50568.09375
batch	11970	valid_loss	50532.2070312
batch	12000	valid_loss	54259.5185547
batch	12030	valid_loss	50505.2744141
batch	12060	valid_loss	50238.5527344
batch	12090	valid_loss	50206.6660156
batch	12120	valid_loss	50104.6274414
batch	12150	valid_loss	50012.3461914
batch	12180	valid_loss	49967.8432617
batch	12210	valid_loss	50027.8027344
batch	12240	valid_loss	50044.5336914
batch	12270	valid_loss	49806.9521484
batch	12300	valid_loss	49956.6992188
batch	12330	valid_loss	49585.9711914
batch	12360	valid_loss	49659.3061523
batch	12390	valid_loss	51072.675293
batch	12420	valid_loss	49611.6269531
batch	12450	valid_loss	49404.324707
batch	12480	valid_loss	49276.3530273
batch	12510	valid_loss	50817.8120117
batch	12540	valid_loss	49165.1103516
batch	12570	valid_loss	49268.2978516
batch	12600	valid_loss	49165.5244141
batch	12630	valid_loss	48886.0385742
batch	12660	valid_loss	49006.4179688
batch	12690	valid_loss	50543.4775391
batch	12720	valid_loss	48901.3017578
batch	12750	valid_loss	48887.0141602
batch	12780	valid_loss	48556.1489258
batch	12810	valid_loss	50555.5336914
batch	12840	valid_loss	48558.7553711
batch	12870	valid_loss	48368.1811523
batch	12900	valid_loss	48291.8242188
batch	12930	valid_loss	48649.8007812
batch	12960	valid_loss	48347.7290039
batch	12990	valid_loss	48179.5629883
batch	13020	valid_loss	48016.4482422
batch	13050	valid_loss	48155.7861328
batch	13080	valid_loss	47823.7055664
batch	13110	valid_loss	47782.6152344
batch	13140	valid_loss	48218.3286133
batch	13170	valid_loss	47834.6933594
batch	13200	valid_loss	47656.097168
batch	13230	valid_loss	47531.8325195
batch	13260	valid_loss	47953.1494141
batch	13290	valid_loss	47415.4873047
batch	13320	valid_loss	47320.8027344
batch	13350	valid_loss	47325.9848633
batch	13380	valid_loss	47681.3100586
batch	13410	valid_loss	47129.9404297
batch	13440	valid_loss	48058.6816406
batch	13470	valid_loss	47062.9941406
batch	13500	valid_loss	47155.550293
batch	13530	valid_loss	46960.3198242
batch	13560	valid_loss	46789.8803711
batch	13590	valid_loss	46676.6005859
batch	13620	valid_loss	46597.7387695
batch	13650	valid_loss	48628.1879883
batch	13680	valid_loss	46445.574707
batch	13710	valid_loss	46347.3186035
batch	13740	valid_loss	46585.5913086
batch	13770	valid_loss	46559.6977539
batch	13800	valid_loss	46541.2304688
batch	13830	valid_loss	46084.8449707
batch	13860	valid_loss	46208.0749512
batch	13890	valid_loss	46111.2575684
batch	13920	valid_loss	45913.1230469
batch	13950	valid_loss	45878.6835938
batch	13980	valid_loss	45942.9880371
batch	14010	valid_loss	45849.6826172
batch	14040	valid_loss	45686.0917969
batch	14070	valid_loss	46451.1889648
batch	14100	valid_loss	45591.0610352
batch	14130	valid_loss	45518.8376465
batch	14160	valid_loss	45405.6394043
batch	14190	valid_loss	45373.7910156
batch	14220	valid_loss	45713.2062988
batch	14250	valid_loss	45396.4052734
batch	14280	valid_loss	45553.6694336
batch	14310	valid_loss	45261.0866699
batch	14340	valid_loss	45254.361084
batch	14370	valid_loss	45129.579834
batch	14400	valid_loss	45137.776123
batch	14430	valid_loss	45674.7724609
batch	14460	valid_loss	44762.4194336
batch	14490	valid_loss	45161.1245117
batch	14520	valid_loss	44684.1586914
batch	14550	valid_loss	44729.3166504
batch	14580	valid_loss	44691.6196289
batch	14610	valid_loss	44345.0895996
batch	14640	valid_loss	44415.5358887
batch	14670	valid_loss	44374.2629395
batch	14700	valid_loss	44197.9787598
batch	14730	valid_loss	44295.1347656
batch	14760	valid_loss	44081.8151855
batch	14790	valid_loss	44229.1276855
batch	14820	valid_loss	43989.996582
batch	14850	valid_loss	43884.1027832
batch	14880	valid_loss	43829.3930664
batch	14910	valid_loss	43686.8095703
batch	14940	valid_loss	43932.0566406
batch	14970	valid_loss	43960.3891602
batch	15000	valid_loss	43564.7092285
batch	15030	valid_loss	43424.1704102
batch	15060	valid_loss	43352.2573242
batch	15090	valid_loss	43384.3144531
batch	15120	valid_loss	44003.8200684
batch	15150	valid_loss	43156.0959473
batch	15180	valid_loss	43042.4091797
batch	15210	valid_loss	43216.637207
batch	15240	valid_loss	42946.8969727
batch	15270	valid_loss	42871.628418
batch	15300	valid_loss	42906.1950684
batch	15330	valid_loss	42876.9943848
batch	15360	valid_loss	43165.1242676
batch	15390	valid_loss	42764.8195801
batch	15420	valid_loss	42547.9169922
batch	15450	valid_loss	42456.2619629
batch	15480	valid_loss	44589.697998
batch	15510	valid_loss	42397.3369141
batch	15540	valid_loss	42387.4577637
batch	15570	valid_loss	42291.5563965
batch	15600	valid_loss	42387.4157715
batch	15630	valid_loss	42136.4221191
batch	15660	valid_loss	42389.5019531
batch	15690	valid_loss	42445.1555176
batch	15720	valid_loss	42013.3322754
batch	15750	valid_loss	41920.953125
batch	15780	valid_loss	41878.7653809
batch	15810	valid_loss	41789.3679199
batch	15840	valid_loss	41619.7561035
batch	15870	valid_loss	41741.1210938
batch	15900	valid_loss	41623.3076172
batch	15930	valid_loss	41684.0654297
batch	15960	valid_loss	41590.3022461
batch	15990	valid_loss	41352.354248
batch	16020	valid_loss	41303.7089844
batch	16050	valid_loss	41148.1940918
batch	16080	valid_loss	41161.0910645
batch	16110	valid_loss	41794.0917969
batch	16140	valid_loss	41035.4680176
batch	16170	valid_loss	40889.050293
batch	16200	valid_loss	40845.8701172
batch	16230	valid_loss	40844.3984375
batch	16260	valid_loss	40800.8273926
batch	16290	valid_loss	40965.5649414
batch	16320	valid_loss	40659.4521484
batch	16350	valid_loss	40547.0112305
batch	16380	valid_loss	40491.4726562
batch	16410	valid_loss	40514.5683594
batch	16440	valid_loss	40376.8771973
batch	16470	valid_loss	40215.6772461
batch	16500	valid_loss	40231.8027344
batch	16530	valid_loss	40848.9360352
batch	16560	valid_loss	40122.6958008
batch	16590	valid_loss	39969.4921875
batch	16620	valid_loss	39922.2290039
batch	16650	valid_loss	39928.348877
batch	16680	valid_loss	39850.46875
batch	16710	valid_loss	39683.1196289
batch	16740	valid_loss	39747.4780273
batch	16770	valid_loss	39655.9926758
batch	16800	valid_loss	39747.4814453
batch	16830	valid_loss	39601.0913086
batch	16860	valid_loss	39369.7683105
batch	16890	valid_loss	39420.8464355
batch	16920	valid_loss	39848.3916016
batch	16950	valid_loss	39260.5512695
batch	16980	valid_loss	39230.7529297
batch	17010	valid_loss	39098.7368164
batch	17040	valid_loss	39138.0979004
batch	17070	valid_loss	38998.7104492
batch	17100	valid_loss	38998.5383301
batch	17130	valid_loss	38900.0134277
batch	17160	valid_loss	38854.0859375
batch	17190	valid_loss	38735.010498
batch	17220	valid_loss	38772.9177246
batch	17250	valid_loss	38997.0703125
batch	17280	valid_loss	38535.1904297
batch	17310	valid_loss	38465.2077637
batch	17340	valid_loss	38570.9958496
batch	17370	valid_loss	38332.0429688
batch	17400	valid_loss	38415.4714355
batch	17430	valid_loss	38242.213623
batch	17460	valid_loss	38176.5476074
batch	17490	valid_loss	37950.8850098
batch	17520	valid_loss	38074.8781738
batch	17550	valid_loss	37902.7756348
batch	17580	valid_loss	37850.921875
batch	17610	valid_loss	37764.1362305
batch	17640	valid_loss	38509.1855469
batch	17670	valid_loss	37911.8862305
batch	17700	valid_loss	37661.6000977
batch	17730	valid_loss	37539.3522949
batch	17760	valid_loss	37472.6987305
batch	17790	valid_loss	37409.0166016
batch	17820	valid_loss	37314.9086914
batch	17850	valid_loss	37384.0498047
batch	17880	valid_loss	37192.1887207
batch	17910	valid_loss	37169.7937012
batch	17940	valid_loss	37462.513916
batch	17970	valid_loss	37039.8962402
batch	18000	valid_loss	37012.0529785
batch	18030	valid_loss	36847.4570312
batch	18060	valid_loss	36900.8581543
batch	18090	valid_loss	36843.0512695
batch	18120	valid_loss	36654.2749023
batch	18150	valid_loss	37766.3505859
batch	18180	valid_loss	36525.7553711
batch	18210	valid_loss	36498.9570312
batch	18240	valid_loss	36328.9575195
batch	18270	valid_loss	36265.7431641
batch	18300	valid_loss	36381.4494629
batch	18330	valid_loss	36264.8962402
batch	18360	valid_loss	36167.1352539
batch	18390	valid_loss	36104.3422852
batch	18420	valid_loss	36389.8051758
batch	18450	valid_loss	36086.2277832
batch	18480	valid_loss	36531.3908691
batch	18510	valid_loss	35930.5141602
batch	18540	valid_loss	35781.9775391
batch	18570	valid_loss	35713.4379883
batch	18600	valid_loss	35752.5834961
batch	18630	valid_loss	35605.8498535
batch	18660	valid_loss	35556.1049805
batch	18690	valid_loss	35459.3671875
batch	18720	valid_loss	35373.0905762
batch	18750	valid_loss	35676.0515137
batch	18780	valid_loss	35360.1677246
batch	18810	valid_loss	35196.7155762
batch	18840	valid_loss	35280.2419434
batch	18870	valid_loss	35027.4736328
batch	18900	valid_loss	35010.9042969
batch	18930	valid_loss	35359.0664062
batch	18960	valid_loss	34887.3867188
batch	18990	valid_loss	34911.2697754
batch	19020	valid_loss	34974.4450684
batch	19050	valid_loss	34789.2329102
batch	19080	valid_loss	34509.5061035
batch	19110	valid_loss	34547.291748
batch	19140	valid_loss	34483.1723633
batch	19170	valid_loss	34497.4555664
batch	19200	valid_loss	34342.3557129
batch	19230	valid_loss	34774.9135742
batch	19260	valid_loss	34344.1411133
batch	19290	valid_loss	34196.7021484
batch	19320	valid_loss	34115.6132812
batch	19350	valid_loss	34102.4924316
batch	19380	valid_loss	33997.1677246
batch	19410	valid_loss	34017.8903809
batch	19440	valid_loss	33876.4299316
batch	19470	valid_loss	33883.2614746
batch	19500	valid_loss	33730.2565918
batch	19530	valid_loss	33787.6669922
batch	19560	valid_loss	33810.951416
batch	19590	valid_loss	33553.9624023
batch	19620	valid_loss	33545.8481445
batch	19650	valid_loss	33434.4863281
batch	19680	valid_loss	33392.9958496
batch	19710	valid_loss	33359.8828125
batch	19740	valid_loss	33380.8520508
batch	19770	valid_loss	33269.8718262
batch	19800	valid_loss	33182.5627441
batch	19830	valid_loss	33038.9592285
batch	19860	valid_loss	33294.2409668
batch	19890	valid_loss	33169.5388184
batch	19920	valid_loss	32878.717041
batch	19950	valid_loss	32845.0737305
batch	19980	valid_loss	32775.0415039
batch	20010	valid_loss	32775.2055664
batch	20040	valid_loss	32845.6669922
batch	20070	valid_loss	32574.9157715
batch	20100	valid_loss	32549.0478516
batch	20130	valid_loss	32424.5974121
batch	20160	valid_loss	32358.7102051
batch	20190	valid_loss	32345.0922852
batch	20220	valid_loss	32284.2875977
batch	20250	valid_loss	32174.451416
batch	20280	valid_loss	32184.9106445
batch	20310	valid_loss	32043.8251953
batch	20340	valid_loss	32026.7248535
batch	20370	valid_loss	31934.1787109
batch	20400	valid_loss	31945.0493164
batch	20430	valid_loss	31903.220459
batch	20460	valid_loss	31798.2131348
batch	20490	valid_loss	32021.092041
batch	20520	valid_loss	31687.6662598
batch	20550	valid_loss	31563.3413086
batch	20580	valid_loss	31744.2216797
batch	20610	valid_loss	31601.7199707
batch	20640	valid_loss	31326.2700195
batch	20670	valid_loss	31610.380127
batch	20700	valid_loss	31230.8376465
batch	20730	valid_loss	31257.3515625
batch	20760	valid_loss	31173.2661133
batch	20790	valid_loss	31167.8552246
batch	20820	valid_loss	31192.3203125
batch	20850	valid_loss	30978.5751953
batch	20880	valid_loss	30924.9958496
batch	20910	valid_loss	30820.0349121
batch	20940	valid_loss	30726.7438965
batch	20970	valid_loss	30724.0307617
batch	21000	valid_loss	30822.3774414
batch	21030	valid_loss	30726.2983398
batch	21060	valid_loss	30562.6359863
batch	21090	valid_loss	30890.8171387
batch	21120	valid_loss	30424.8686523
batch	21150	valid_loss	30288.6977539
batch	21180	valid_loss	30314.8640137
batch	21210	valid_loss	30169.1286621
batch	21240	valid_loss	30155.9040527
batch	21270	valid_loss	30056.3654785
batch	21300	valid_loss	30173.0742188
batch	21330	valid_loss	30003.1503906
batch	21360	valid_loss	29914.0769043
batch	21390	valid_loss	29844.6062012
batch	21420	valid_loss	29836.1416016
batch	21450	valid_loss	29767.4836426
batch	21480	valid_loss	29739.3310547
batch	21510	valid_loss	29601.0380859
batch	21540	valid_loss	29596.7526855
batch	21570	valid_loss	29432.2746582
batch	21600	valid_loss	29476.5048828
batch	21630	valid_loss	29447.5410156
batch	21660	valid_loss	29354.5463867
batch	21690	valid_loss	29367.8735352
batch	21720	valid_loss	29457.7509766
batch	21750	valid_loss	29269.6086426
batch	21780	valid_loss	29235.0759277
batch	21810	valid_loss	28975.0852051
batch	21840	valid_loss	28950.7338867
batch	21870	valid_loss	28884.5080566
batch	21900	valid_loss	28912.4379883
batch	21930	valid_loss	28797.4638672
batch	21960	valid_loss	28734.5183105
batch	21990	valid_loss	28707.720459
batch	22020	valid_loss	28716.6374512
batch	22050	valid_loss	28678.2209473
batch	22080	valid_loss	28383.8493652
batch	22110	valid_loss	28438.9116211
batch	22140	valid_loss	28382.907959
batch	22170	valid_loss	28367.0979004
batch	22200	valid_loss	28221.206543
batch	22230	valid_loss	28434.0437012
batch	22260	valid_loss	28092.0336914
batch	22290	valid_loss	28055.0632324
batch	22320	valid_loss	28046.880127
batch	22350	valid_loss	28078.3085938
batch	22380	valid_loss	27958.4418945
batch	22410	valid_loss	27848.6687012
batch	22440	valid_loss	27846.328125
batch	22470	valid_loss	27801.2253418
batch	22500	valid_loss	27701.78125
batch	22530	valid_loss	27701.5246582
batch	22560	valid_loss	27498.3115234
batch	22590	valid_loss	27479.8815918
batch	22620	valid_loss	27479.4589844
batch	22650	valid_loss	27526.1062012
batch	22680	valid_loss	27367.7036133
batch	22710	valid_loss	27317.0124512
batch	22740	valid_loss	27245.8066406
batch	22770	valid_loss	27194.355957
batch	22800	valid_loss	27115.7331543
batch	22830	valid_loss	27150.0349121
batch	22860	valid_loss	27269.8156738
batch	22890	valid_loss	26954.8972168
batch	22920	valid_loss	26946.4050293
batch	22950	valid_loss	26913.4816895
batch	22980	valid_loss	26868.4731445
batch	23010	valid_loss	26741.5095215
batch	23040	valid_loss	26822.5458984
batch	23070	valid_loss	26730.7084961
batch	23100	valid_loss	26589.1774902
batch	23130	valid_loss	26532.7263184
batch	23160	valid_loss	26609.4465332
batch	23190	valid_loss	26655.8083496
batch	23220	valid_loss	26318.1435547
batch	23250	valid_loss	26315.4455566
batch	23280	valid_loss	26349.2558594
batch	23310	valid_loss	26375.376709
batch	23340	valid_loss	26255.2697754
batch	23370	valid_loss	26138.2194824
batch	23400	valid_loss	26034.9196777
batch	23430	valid_loss	26034.697998
batch	23460	valid_loss	25951.8962402
batch	23490	valid_loss	25931.9926758
batch	23520	valid_loss	25733.5749512
batch	23550	valid_loss	25784.637207
batch	23580	valid_loss	25794.6791992
batch	23610	valid_loss	25718.0288086
batch	23640	valid_loss	25588.4807129
batch	23670	valid_loss	25595.3261719
batch	23700	valid_loss	25549.2836914
batch	23730	valid_loss	25504.9648438
batch	23760	valid_loss	25420.1420898
batch	23790	valid_loss	25528.0683594
batch	23820	valid_loss	25372.9758301
batch	23850	valid_loss	25186.6374512
batch	23880	valid_loss	25177.8276367
batch	23910	valid_loss	25372.1037598
batch	23940	valid_loss	25099.1682129
batch	23970	valid_loss	25109.4714355
batch	24000	valid_loss	24980.4428711
batch	24030	valid_loss	25087.8010254
batch	24060	valid_loss	24934.6152344
batch	24090	valid_loss	25111.6689453
batch	24120	valid_loss	24864.3657227
batch	24150	valid_loss	24729.7229004
batch	24180	valid_loss	24675.4477539
batch	24210	valid_loss	24752.3566895
batch	24240	valid_loss	24660.9692383
batch	24270	valid_loss	24546.2473145
batch	24300	valid_loss	24465.8588867
batch	24330	valid_loss	24437.3198242
batch	24360	valid_loss	24366.7543945
batch	24390	valid_loss	24320.9125977
batch	24420	valid_loss	24338.8046875
batch	24450	valid_loss	24204.9233398
batch	24480	valid_loss	24218.1730957
batch	24510	valid_loss	24098.3149414
batch	24540	valid_loss	24127.786377
batch	24570	valid_loss	24088.4484863
batch	24600	valid_loss	24120.6848145
batch	24630	valid_loss	23937.1564941
batch	24660	valid_loss	23947.3276367
batch	24690	valid_loss	23831.2944336
batch	24720	valid_loss	23800.4001465
batch	24750	valid_loss	23971.1867676
batch	24780	valid_loss	23594.3300781
batch	24810	valid_loss	23628.8254395
batch	24840	valid_loss	23655.7770996
batch	24870	valid_loss	23535.895752
batch	24900	valid_loss	23546.6572266
batch	24930	valid_loss	23414.3300781
batch	24960	valid_loss	23459.9401855
batch	24990	valid_loss	23363.2646484
STOP
START
config	880	580	140	580	880	960
batch	0	valid_loss	5616447.40625
batch	30	valid_loss	166602.300781
batch	60	valid_loss	122325.482422
batch	90	valid_loss	120558.336914
batch	120	valid_loss	120390.598633
batch	150	valid_loss	120410.362305
batch	180	valid_loss	120424.774414
batch	210	valid_loss	120545.260742
batch	240	valid_loss	120467.976562
batch	270	valid_loss	120481.652344
batch	300	valid_loss	120450.411133
batch	330	valid_loss	120498.50293
batch	360	valid_loss	120525.376953
batch	390	valid_loss	120521.751953
batch	420	valid_loss	120475.543945
batch	450	valid_loss	120520.592773
batch	480	valid_loss	120053.579102
batch	510	valid_loss	119575.009766
batch	540	valid_loss	118228.757812
batch	570	valid_loss	115391.871094
batch	600	valid_loss	112125.265625
batch	630	valid_loss	110547.881836
batch	660	valid_loss	109925.983398
batch	690	valid_loss	109373.291016
batch	720	valid_loss	108957.069336
batch	750	valid_loss	108330.526367
batch	780	valid_loss	107821.297852
batch	810	valid_loss	107299.745117
batch	840	valid_loss	106919.142578
batch	870	valid_loss	106536.589844
batch	900	valid_loss	106345.871094
batch	930	valid_loss	106175.095703
batch	960	valid_loss	106007.192383
batch	990	valid_loss	105757.126953
batch	1020	valid_loss	105589.295898
batch	1050	valid_loss	105365.350586
batch	1080	valid_loss	105213.609375
batch	1110	valid_loss	105044.262695
batch	1140	valid_loss	104912.935547
batch	1170	valid_loss	104835.386719
batch	1200	valid_loss	104665.583008
batch	1230	valid_loss	104510.341797
batch	1260	valid_loss	104423.100586
batch	1290	valid_loss	104310.351562
batch	1320	valid_loss	104136.109375
batch	1350	valid_loss	103933.058594
batch	1380	valid_loss	103486.419922
batch	1410	valid_loss	103208.867188
batch	1440	valid_loss	102946.873047
batch	1470	valid_loss	102584.660156
batch	1500	valid_loss	102414.50293
batch	1530	valid_loss	102108.083984
batch	1560	valid_loss	102039.483398
batch	1590	valid_loss	101824.700195
batch	1620	valid_loss	101654.657227
batch	1650	valid_loss	101506.020508
batch	1680	valid_loss	101088.514648
batch	1710	valid_loss	100781.62207
batch	1740	valid_loss	100389.55957
batch	1770	valid_loss	100029.972656
batch	1800	valid_loss	99667.9707031
batch	1830	valid_loss	99300.5400391
batch	1860	valid_loss	98963.0625
batch	1890	valid_loss	98530.359375
batch	1920	valid_loss	98127.4296875
batch	1950	valid_loss	97985.0166016
batch	1980	valid_loss	97304.7773438
batch	2010	valid_loss	97580.8896484
batch	2040	valid_loss	96363.9091797
batch	2070	valid_loss	96363.5898438
batch	2100	valid_loss	95841.5263672
batch	2130	valid_loss	95462.3925781
batch	2160	valid_loss	95001.8417969
batch	2190	valid_loss	94401.4414062
batch	2220	valid_loss	94123.8798828
batch	2250	valid_loss	93740.9814453
batch	2280	valid_loss	93819.0488281
batch	2310	valid_loss	92867.8193359
batch	2340	valid_loss	92849.5512695
batch	2370	valid_loss	92258.1259766
batch	2400	valid_loss	92096.7641602
batch	2430	valid_loss	91552.265625
batch	2460	valid_loss	92596.3808594
batch	2490	valid_loss	91277.0849609
batch	2520	valid_loss	90923.2285156
batch	2550	valid_loss	90493.5698242
batch	2580	valid_loss	91263.1049805
batch	2610	valid_loss	90113.4667969
batch	2640	valid_loss	89890.1323242
batch	2670	valid_loss	89265.097168
batch	2700	valid_loss	89625.5063477
batch	2730	valid_loss	88707.6010742
batch	2760	valid_loss	88322.4399414
batch	2790	valid_loss	88168.4130859
batch	2820	valid_loss	87834.3740234
batch	2850	valid_loss	87837.2148438
batch	2880	valid_loss	87147.9980469
batch	2910	valid_loss	86917.0727539
batch	2940	valid_loss	86660.1503906
batch	2970	valid_loss	86275.1958008
batch	3000	valid_loss	85912.7861328
batch	3030	valid_loss	86042.0517578
batch	3060	valid_loss	85280.828125
batch	3090	valid_loss	85244.7529297
batch	3120	valid_loss	85258.3408203
batch	3150	valid_loss	84548.7768555
batch	3180	valid_loss	84649.1992188
batch	3210	valid_loss	84316.8515625
batch	3240	valid_loss	85208.5366211
batch	3270	valid_loss	83560.5561523
batch	3300	valid_loss	83486.1162109
batch	3330	valid_loss	83412.574707
batch	3360	valid_loss	82543.7978516
batch	3390	valid_loss	82234.2583008
batch	3420	valid_loss	82049.9604492
batch	3450	valid_loss	81994.7841797
batch	3480	valid_loss	81537.9887695
batch	3510	valid_loss	81244.5351562
batch	3540	valid_loss	80963.2749023
batch	3570	valid_loss	82176.8178711
batch	3600	valid_loss	80491.4106445
batch	3630	valid_loss	80159.1069336
batch	3660	valid_loss	80840.0449219
batch	3690	valid_loss	79760.3310547
batch	3720	valid_loss	79541.7480469
batch	3750	valid_loss	79296.6806641
batch	3780	valid_loss	79694.9057617
batch	3810	valid_loss	78912.9677734
batch	3840	valid_loss	78868.5209961
batch	3870	valid_loss	78339.6513672
batch	3900	valid_loss	78271.8608398
batch	3930	valid_loss	81357.5942383
batch	3960	valid_loss	77822.8569336
batch	3990	valid_loss	77590.6625977
batch	4020	valid_loss	77931.5556641
batch	4050	valid_loss	77284.2363281
batch	4080	valid_loss	77188.5073242
batch	4110	valid_loss	76799.3149414
batch	4140	valid_loss	76739.3608398
batch	4170	valid_loss	76660.2363281
batch	4200	valid_loss	76379.9150391
batch	4230	valid_loss	76093.4208984
batch	4260	valid_loss	75894.0952148
batch	4290	valid_loss	75829.4716797
batch	4320	valid_loss	75759.6904297
batch	4350	valid_loss	75476.7475586
batch	4380	valid_loss	75570.6489258
batch	4410	valid_loss	75489.690918
batch	4440	valid_loss	74945.5170898
batch	4470	valid_loss	74820.015625
batch	4500	valid_loss	74334.9941406
batch	4530	valid_loss	74280.6352539
batch	4560	valid_loss	74276.2661133
batch	4590	valid_loss	74490.7109375
batch	4620	valid_loss	73651.8305664
batch	4650	valid_loss	73495.0107422
batch	4680	valid_loss	73653.3232422
batch	4710	valid_loss	74184.059082
batch	4740	valid_loss	73094.7954102
batch	4770	valid_loss	74498.8242188
batch	4800	valid_loss	72795.8964844
batch	4830	valid_loss	73437.8989258
batch	4860	valid_loss	72396.8012695
batch	4890	valid_loss	72197.4023438
batch	4920	valid_loss	72199.2949219
batch	4950	valid_loss	72421.4423828
batch	4980	valid_loss	71975.2983398
batch	5010	valid_loss	72710.4453125
batch	5040	valid_loss	71593.0634766
batch	5070	valid_loss	76833.6147461
batch	5100	valid_loss	71257.3276367
batch	5130	valid_loss	71133.3720703
batch	5160	valid_loss	72907.487793
batch	5190	valid_loss	71066.2578125
batch	5220	valid_loss	72772.0439453
batch	5250	valid_loss	70702.2988281
batch	5280	valid_loss	72237.0302734
batch	5310	valid_loss	70499.8964844
batch	5340	valid_loss	70291.7416992
batch	5370	valid_loss	70144.2050781
batch	5400	valid_loss	70006.9116211
batch	5430	valid_loss	71022.5991211
batch	5460	valid_loss	70472.6171875
batch	5490	valid_loss	69547.5063477
batch	5520	valid_loss	69566.1098633
batch	5550	valid_loss	69319.9462891
batch	5580	valid_loss	69161.8222656
batch	5610	valid_loss	80092.949707
batch	5640	valid_loss	68960.0058594
batch	5670	valid_loss	68679.8496094
batch	5700	valid_loss	68513.3862305
batch	5730	valid_loss	68416.4624023
batch	5760	valid_loss	68278.9208984
batch	5790	valid_loss	68377.4770508
batch	5820	valid_loss	68018.1157227
batch	5850	valid_loss	71551.7446289
batch	5880	valid_loss	67601.6806641
batch	5910	valid_loss	67575.2021484
batch	5940	valid_loss	67601.7148438
batch	5970	valid_loss	67547.8999023
batch	6000	valid_loss	67126.7182617
batch	6030	valid_loss	68580.2456055
batch	6060	valid_loss	67014.6777344
batch	6090	valid_loss	66697.5166016
batch	6120	valid_loss	66552.7143555
batch	6150	valid_loss	66972.8901367
batch	6180	valid_loss	66513.1616211
batch	6210	valid_loss	66065.1435547
batch	6240	valid_loss	65940.8061523
batch	6270	valid_loss	66035.2963867
batch	6300	valid_loss	65742.1049805
batch	6330	valid_loss	66594.8852539
batch	6360	valid_loss	65400.5532227
batch	6390	valid_loss	65272.9902344
batch	6420	valid_loss	65227.4785156
batch	6450	valid_loss	65620.5327148
batch	6480	valid_loss	65038.9272461
batch	6510	valid_loss	64861.0214844
batch	6540	valid_loss	65082.8911133
batch	6570	valid_loss	64956.5532227
batch	6600	valid_loss	64509.4941406
batch	6630	valid_loss	64380.4272461
batch	6660	valid_loss	64254.4223633
batch	6690	valid_loss	64287.9633789
batch	6720	valid_loss	64061.1015625
batch	6750	valid_loss	65876.4863281
batch	6780	valid_loss	64100.4189453
batch	6810	valid_loss	64499.4345703
batch	6840	valid_loss	64282.7612305
batch	6870	valid_loss	64024.1694336
batch	6900	valid_loss	63679.3378906
batch	6930	valid_loss	63481.6801758
batch	6960	valid_loss	63142.6772461
batch	6990	valid_loss	63151.6411133
batch	7020	valid_loss	63194.0014648
batch	7050	valid_loss	62967.0454102
batch	7080	valid_loss	62752.4858398
batch	7110	valid_loss	62695.7802734
batch	7140	valid_loss	65990.269043
batch	7170	valid_loss	62596.0180664
batch	7200	valid_loss	62427.1040039
batch	7230	valid_loss	62453.2871094
batch	7260	valid_loss	62687.0883789
batch	7290	valid_loss	62187.3740234
batch	7320	valid_loss	62175.3383789
batch	7350	valid_loss	62209.6704102
batch	7380	valid_loss	61990.6162109
batch	7410	valid_loss	61896.4189453
batch	7440	valid_loss	61610.2407227
batch	7470	valid_loss	62688.519043
batch	7500	valid_loss	61570.4121094
batch	7530	valid_loss	61532.40625
batch	7560	valid_loss	61432.4267578
batch	7590	valid_loss	61359.0844727
batch	7620	valid_loss	61204.878418
batch	7650	valid_loss	64270.6889648
batch	7680	valid_loss	61112.7460938
batch	7710	valid_loss	60952.3261719
batch	7740	valid_loss	60758.0854492
batch	7770	valid_loss	60691.3095703
batch	7800	valid_loss	62881.3349609
batch	7830	valid_loss	60656.3105469
batch	7860	valid_loss	60472.9018555
batch	7890	valid_loss	60353.3603516
batch	7920	valid_loss	60788.1245117
batch	7950	valid_loss	60222.9311523
batch	7980	valid_loss	60168.9672852
batch	8010	valid_loss	60009.5209961
batch	8040	valid_loss	59979.7211914
batch	8070	valid_loss	59866.0737305
batch	8100	valid_loss	59822.5385742
batch	8130	valid_loss	60294.0849609
batch	8160	valid_loss	60699.6757812
batch	8190	valid_loss	59565.2514648
batch	8220	valid_loss	59397.4140625
batch	8250	valid_loss	59709.5849609
batch	8280	valid_loss	59355.3237305
batch	8310	valid_loss	60748.6987305
batch	8340	valid_loss	59181.0791016
batch	8370	valid_loss	60301.3662109
batch	8400	valid_loss	59176.8774414
batch	8430	valid_loss	58916.8066406
batch	8460	valid_loss	58856.9677734
batch	8490	valid_loss	59077.5488281
batch	8520	valid_loss	58584.0693359
batch	8550	valid_loss	58573.3164062
batch	8580	valid_loss	58441.7412109
batch	8610	valid_loss	59220.6665039
batch	8640	valid_loss	58273.3867188
batch	8670	valid_loss	58348.9345703
batch	8700	valid_loss	58402.4868164
batch	8730	valid_loss	58184.2060547
batch	8760	valid_loss	58019.6108398
batch	8790	valid_loss	57923.8681641
batch	8820	valid_loss	57801.7016602
batch	8850	valid_loss	60956.0751953
batch	8880	valid_loss	57709.2514648
batch	8910	valid_loss	57521.3227539
batch	8940	valid_loss	58181.5966797
batch	8970	valid_loss	57404.5834961
batch	9000	valid_loss	58610.5766602
batch	9030	valid_loss	57500.2236328
batch	9060	valid_loss	57050.9379883
batch	9090	valid_loss	57200.6845703
batch	9120	valid_loss	56981.890625
batch	9150	valid_loss	56857.9047852
batch	9180	valid_loss	56763.5595703
batch	9210	valid_loss	56556.4360352
batch	9240	valid_loss	56622.0546875
batch	9270	valid_loss	56830.9716797
batch	9300	valid_loss	56709.5771484
batch	9330	valid_loss	56213.8383789
batch	9360	valid_loss	56089.1694336
batch	9390	valid_loss	57209.4238281
batch	9420	valid_loss	56185.4179688
batch	9450	valid_loss	55860.5092773
batch	9480	valid_loss	55731.7460938
batch	9510	valid_loss	55947.7851562
batch	9540	valid_loss	55502.2446289
batch	9570	valid_loss	55476.1796875
batch	9600	valid_loss	55340.3549805
batch	9630	valid_loss	56173.3657227
batch	9660	valid_loss	55276.4956055
batch	9690	valid_loss	55842.6098633
batch	9720	valid_loss	55172.9990234
batch	9750	valid_loss	58018.4960938
batch	9780	valid_loss	54943.1665039
batch	9810	valid_loss	54800.9921875
batch	9840	valid_loss	55004.2363281
batch	9870	valid_loss	55810.4492188
batch	9900	valid_loss	54595.4057617
batch	9930	valid_loss	54556.5258789
batch	9960	valid_loss	54418.168457
batch	9990	valid_loss	54521.918457
batch	10020	valid_loss	54491.371582
batch	10050	valid_loss	54428.2856445
batch	10080	valid_loss	53954.3769531
batch	10110	valid_loss	56452.1196289
batch	10140	valid_loss	53811.3022461
batch	10170	valid_loss	53742.2680664
batch	10200	valid_loss	53724.7133789
batch	10230	valid_loss	53544.2651367
batch	10260	valid_loss	56163.3955078
batch	10290	valid_loss	53398.9116211
batch	10320	valid_loss	53415.3334961
batch	10350	valid_loss	53144.3212891
batch	10380	valid_loss	53391.7749023
batch	10410	valid_loss	53600.331543
batch	10440	valid_loss	54285.9453125
batch	10470	valid_loss	52845.3530273
batch	10500	valid_loss	53110.5708008
batch	10530	valid_loss	53923.074707
batch	10560	valid_loss	52601.796875
batch	10590	valid_loss	52567.6572266
batch	10620	valid_loss	52596.0390625
batch	10650	valid_loss	52575.2524414
batch	10680	valid_loss	52414.2167969
batch	10710	valid_loss	52342.4995117
batch	10740	valid_loss	52208.4106445
batch	10770	valid_loss	52817.0703125
batch	10800	valid_loss	52096.7514648
batch	10830	valid_loss	52066.1704102
batch	10860	valid_loss	51924.7783203
batch	10890	valid_loss	51977.4003906
batch	10920	valid_loss	51860.0883789
batch	10950	valid_loss	51711.0795898
batch	10980	valid_loss	51678.5117188
batch	11010	valid_loss	52320.5976562
batch	11040	valid_loss	51352.0976562
batch	11070	valid_loss	54544.2827148
batch	11100	valid_loss	51162.2919922
batch	11130	valid_loss	51173.8325195
batch	11160	valid_loss	51080.409668
batch	11190	valid_loss	52171.5683594
batch	11220	valid_loss	51017.8120117
batch	11250	valid_loss	50908.5629883
batch	11280	valid_loss	51326.3193359
batch	11310	valid_loss	50779.7993164
batch	11340	valid_loss	50787.4267578
batch	11370	valid_loss	50528.0537109
batch	11400	valid_loss	52879.5380859
batch	11430	valid_loss	50529.9233398
batch	11460	valid_loss	50388.5957031
batch	11490	valid_loss	51382.8618164
batch	11520	valid_loss	50481.8666992
batch	11550	valid_loss	50164.3339844
batch	11580	valid_loss	50168.5986328
batch	11610	valid_loss	50082.9741211
batch	11640	valid_loss	50088.6801758
batch	11670	valid_loss	50366.3686523
batch	11700	valid_loss	49771.7958984
batch	11730	valid_loss	49788.3330078
batch	11760	valid_loss	49664.1967773
batch	11790	valid_loss	49556.390625
batch	11820	valid_loss	49666.2402344
batch	11850	valid_loss	49549.6635742
batch	11880	valid_loss	49719.4609375
batch	11910	valid_loss	49371.2783203
batch	11940	valid_loss	49564.9438477
batch	11970	valid_loss	51485.1069336
batch	12000	valid_loss	49119.4033203
batch	12030	valid_loss	49095.0708008
batch	12060	valid_loss	49077.3984375
batch	12090	valid_loss	49453.7314453
batch	12120	valid_loss	49025.3530273
batch	12150	valid_loss	49106.3574219
batch	12180	valid_loss	48723.8642578
batch	12210	valid_loss	48784.480957
batch	12240	valid_loss	48717.6992188
batch	12270	valid_loss	49594.5332031
batch	12300	valid_loss	48502.3071289
batch	12330	valid_loss	48906.637207
batch	12360	valid_loss	48662.9580078
batch	12390	valid_loss	48362.0141602
batch	12420	valid_loss	48910.234375
batch	12450	valid_loss	48253.8398438
batch	12480	valid_loss	48033.6567383
batch	12510	valid_loss	47988.5268555
batch	12540	valid_loss	47956.8291016
batch	12570	valid_loss	47789.3500977
batch	12600	valid_loss	47741.6176758
batch	12630	valid_loss	47704.1396484
batch	12660	valid_loss	47560.9912109
batch	12690	valid_loss	49176.6054688
batch	12720	valid_loss	47382.3203125
batch	12750	valid_loss	47457.7114258
batch	12780	valid_loss	47349.4428711
batch	12810	valid_loss	47603.4951172
batch	12840	valid_loss	47693.4428711
batch	12870	valid_loss	47214.5336914
batch	12900	valid_loss	47031.5219727
batch	12930	valid_loss	46895.9423828
batch	12960	valid_loss	47251.9077148
batch	12990	valid_loss	46976.0341797
batch	13020	valid_loss	46960.2124023
batch	13050	valid_loss	46733.4238281
batch	13080	valid_loss	46938.7578125
batch	13110	valid_loss	46536.5722656
batch	13140	valid_loss	47144.9921875
batch	13170	valid_loss	46490.0605469
batch	13200	valid_loss	46328.260498
batch	13230	valid_loss	46224.9799805
batch	13260	valid_loss	46152.2988281
batch	13290	valid_loss	46116.0324707
batch	13320	valid_loss	46152.7480469
batch	13350	valid_loss	45972.0998535
batch	13380	valid_loss	46449.4946289
batch	13410	valid_loss	45799.5952148
batch	13440	valid_loss	46849.4189453
batch	13470	valid_loss	45654.1120605
batch	13500	valid_loss	45733.7268066
batch	13530	valid_loss	45670.2817383
batch	13560	valid_loss	45401.6745605
batch	13590	valid_loss	45398.1520996
batch	13620	valid_loss	45370.3647461
batch	13650	valid_loss	45295.4448242
batch	13680	valid_loss	47621.4321289
batch	13710	valid_loss	45138.1518555
batch	13740	valid_loss	45068.9172363
batch	13770	valid_loss	45041.1950684
batch	13800	valid_loss	45009.5070801
batch	13830	valid_loss	44993.8063965
batch	13860	valid_loss	44703.4445801
batch	13890	valid_loss	44704.9013672
batch	13920	valid_loss	44867.6625977
batch	13950	valid_loss	44655.5717773
batch	13980	valid_loss	44566.3813477
batch	14010	valid_loss	44398.7487793
batch	14040	valid_loss	44380.5717773
batch	14070	valid_loss	44288.1984863
batch	14100	valid_loss	44669.9760742
batch	14130	valid_loss	44199.5183105
batch	14160	valid_loss	44088.5869141
batch	14190	valid_loss	44184.2695312
batch	14220	valid_loss	43853.2209473
batch	14250	valid_loss	43852.0800781
batch	14280	valid_loss	43909.7321777
batch	14310	valid_loss	43852.0949707
batch	14340	valid_loss	43616.8813477
batch	14370	valid_loss	43780.7263184
batch	14400	valid_loss	43820.1088867
batch	14430	valid_loss	43586.2646484
batch	14460	valid_loss	43771.302002
batch	14490	valid_loss	43493.5336914
batch	14520	valid_loss	43310.0349121
batch	14550	valid_loss	43239.1455078
batch	14580	valid_loss	43211.251709
batch	14610	valid_loss	44019.8657227
batch	14640	valid_loss	43196.3188477
batch	14670	valid_loss	43205.4511719
batch	14700	valid_loss	42909.9404297
batch	14730	valid_loss	42918.152832
batch	14760	valid_loss	44441.7312012
batch	14790	valid_loss	42747.0114746
batch	14820	valid_loss	42715.4182129
batch	14850	valid_loss	42727.9350586
batch	14880	valid_loss	42557.0559082
batch	14910	valid_loss	42449.4797363
batch	14940	valid_loss	44439.2290039
batch	14970	valid_loss	42455.0866699
batch	15000	valid_loss	42277.5588379
batch	15030	valid_loss	42281.6328125
batch	15060	valid_loss	42263.7436523
batch	15090	valid_loss	42203.9431152
batch	15120	valid_loss	42193.0158691
batch	15150	valid_loss	42037.2331543
batch	15180	valid_loss	42146.1992188
batch	15210	valid_loss	42011.8652344
batch	15240	valid_loss	41979.2175293
batch	15270	valid_loss	41948.71875
batch	15300	valid_loss	41768.0483398
batch	15330	valid_loss	41719.6640625
batch	15360	valid_loss	41926.9291992
batch	15390	valid_loss	41891.8764648
batch	15420	valid_loss	41563.4748535
batch	15450	valid_loss	41537.8933105
batch	15480	valid_loss	41515.0732422
batch	15510	valid_loss	41438.5126953
batch	15540	valid_loss	41351.5463867
batch	15570	valid_loss	41278.0585938
batch	15600	valid_loss	41202.3500977
batch	15630	valid_loss	41832.109375
batch	15660	valid_loss	41425.5500488
batch	15690	valid_loss	41083.994873
batch	15720	valid_loss	41003.8244629
batch	15750	valid_loss	40923.1035156
batch	15780	valid_loss	40804.7548828
batch	15810	valid_loss	40790.7294922
batch	15840	valid_loss	40797.9431152
batch	15870	valid_loss	41406.6447754
batch	15900	valid_loss	40579.3901367
batch	15930	valid_loss	41989.1533203
batch	15960	valid_loss	40698.3232422
batch	15990	valid_loss	40525.5241699
batch	16020	valid_loss	40464.5224609
batch	16050	valid_loss	40422.8481445
batch	16080	valid_loss	40523.8706055
batch	16110	valid_loss	40303.9733887
batch	16140	valid_loss	40891.717041
batch	16170	valid_loss	40255.0192871
batch	16200	valid_loss	40182.0144043
batch	16230	valid_loss	40018.4174805
batch	16260	valid_loss	39989.2036133
batch	16290	valid_loss	39961.3015137
batch	16320	valid_loss	39905.5974121
batch	16350	valid_loss	39872.9848633
batch	16380	valid_loss	39938.0249023
batch	16410	valid_loss	39903.6806641
batch	16440	valid_loss	39671.7270508
batch	16470	valid_loss	40000.5830078
batch	16500	valid_loss	39580.71875
batch	16530	valid_loss	39514.6887207
batch	16560	valid_loss	39819.2128906
batch	16590	valid_loss	39362.0834961
batch	16620	valid_loss	39354.842041
batch	16650	valid_loss	39458.1955566
batch	16680	valid_loss	39247.5646973
batch	16710	valid_loss	39185.5732422
batch	16740	valid_loss	39131.1411133
batch	16770	valid_loss	39345.8439941
batch	16800	valid_loss	39064.5253906
batch	16830	valid_loss	38901.5061035
batch	16860	valid_loss	39034.1550293
batch	16890	valid_loss	38861.364502
batch	16920	valid_loss	38930.3818359
batch	16950	valid_loss	38777.989502
batch	16980	valid_loss	38621.0500488
batch	17010	valid_loss	38826.9880371
batch	17040	valid_loss	38518.3505859
batch	17070	valid_loss	38500.7224121
batch	17100	valid_loss	38528.9133301
batch	17130	valid_loss	38247.3193359
batch	17160	valid_loss	38139.2993164
batch	17190	valid_loss	38365.8820801
batch	17220	valid_loss	38074.4196777
batch	17250	valid_loss	38104.4633789
batch	17280	valid_loss	38201.1791992
batch	17310	valid_loss	38101.7453613
batch	17340	valid_loss	37781.1083984
batch	17370	valid_loss	37797.442627
batch	17400	valid_loss	37643.5395508
batch	17430	valid_loss	37754.2253418
batch	17460	valid_loss	37520.6386719
batch	17490	valid_loss	37577.9606934
batch	17520	valid_loss	37462.8647461
batch	17550	valid_loss	37381.901123
batch	17580	valid_loss	37404.5998535
batch	17610	valid_loss	37227.7434082
batch	17640	valid_loss	37514.7133789
batch	17670	valid_loss	37096.6152344
batch	17700	valid_loss	36977.5222168
batch	17730	valid_loss	37222.7541504
batch	17760	valid_loss	37103.8786621
batch	17790	valid_loss	36903.2963867
batch	17820	valid_loss	36876.1931152
batch	17850	valid_loss	36793.9448242
batch	17880	valid_loss	36607.2277832
batch	17910	valid_loss	36566.5085449
batch	17940	valid_loss	36465.0073242
batch	17970	valid_loss	36577.4746094
batch	18000	valid_loss	36388.9953613
batch	18030	valid_loss	36467.1091309
batch	18060	valid_loss	36270.6455078
batch	18090	valid_loss	36145.3803711
batch	18120	valid_loss	36364.9313965
batch	18150	valid_loss	36022.3669434
batch	18180	valid_loss	35881.1523438
batch	18210	valid_loss	35847.230957
batch	18240	valid_loss	35919.2834473
batch	18270	valid_loss	35742.0202637
batch	18300	valid_loss	35674.4331055
batch	18330	valid_loss	35595.0114746
batch	18360	valid_loss	36056.2480469
batch	18390	valid_loss	35459.8742676
batch	18420	valid_loss	35380.4443359
batch	18450	valid_loss	35366.8837891
batch	18480	valid_loss	35269.112793
batch	18510	valid_loss	36062.1096191
batch	18540	valid_loss	35115.8696289
batch	18570	valid_loss	35071.6020508
batch	18600	valid_loss	35003.0720215
batch	18630	valid_loss	34912.2451172
batch	18660	valid_loss	34853.217041
batch	18690	valid_loss	34846.5805664
batch	18720	valid_loss	34731.340332
batch	18750	valid_loss	34820.2407227
batch	18780	valid_loss	34670.5803223
batch	18810	valid_loss	34644.7480469
batch	18840	valid_loss	34471.5266113
batch	18870	valid_loss	34542.1247559
batch	18900	valid_loss	34279.6896973
batch	18930	valid_loss	34204.1574707
batch	18960	valid_loss	34168.7431641
batch	18990	valid_loss	34229.9775391
batch	19020	valid_loss	34090.2836914
batch	19050	valid_loss	34168.0119629
batch	19080	valid_loss	33893.3015137
batch	19110	valid_loss	33876.6257324
batch	19140	valid_loss	33857.0639648
batch	19170	valid_loss	33985.2827148
batch	19200	valid_loss	33655.8481445
batch	19230	valid_loss	33602.104248
batch	19260	valid_loss	34169.9187012
batch	19290	valid_loss	33565.7241211
batch	19320	valid_loss	33705.8029785
batch	19350	valid_loss	33565.8635254
batch	19380	valid_loss	33413.7155762
batch	19410	valid_loss	33255.2939453
batch	19440	valid_loss	33207.8198242
batch	19470	valid_loss	33119.0544434
batch	19500	valid_loss	33054.8212891
batch	19530	valid_loss	33041.1098633
batch	19560	valid_loss	33055.3139648
batch	19590	valid_loss	32823.8654785
batch	19620	valid_loss	33173.1672363
batch	19650	valid_loss	32797.2478027
batch	19680	valid_loss	33118.2729492
batch	19710	valid_loss	32694.3652344
batch	19740	valid_loss	32643.9162598
batch	19770	valid_loss	32794.6850586
batch	19800	valid_loss	32519.9257812
batch	19830	valid_loss	32394.2585449
batch	19860	valid_loss	32404.401123
batch	19890	valid_loss	32414.1201172
batch	19920	valid_loss	32235.6789551
batch	19950	valid_loss	32187.7678223
batch	19980	valid_loss	32095.5993652
batch	20010	valid_loss	32028.2160645
batch	20040	valid_loss	32002.5959473
batch	20070	valid_loss	32182.0478516
batch	20100	valid_loss	31835.8703613
batch	20130	valid_loss	31830.3232422
batch	20160	valid_loss	31717.0537109
batch	20190	valid_loss	31750.0046387
batch	20220	valid_loss	31645.1638184
batch	20250	valid_loss	31675.6030273
batch	20280	valid_loss	31483.5708008
batch	20310	valid_loss	31432.1245117
batch	20340	valid_loss	31679.2341309
batch	20370	valid_loss	31464.8803711
batch	20400	valid_loss	31356.2956543
batch	20430	valid_loss	31448.2272949
batch	20460	valid_loss	31122.2355957
batch	20490	valid_loss	31073.6176758
batch	20520	valid_loss	31031.3666992
batch	20550	valid_loss	30990.1208496
batch	20580	valid_loss	30966.0610352
batch	20610	valid_loss	30917.5124512
batch	20640	valid_loss	30797.1154785
batch	20670	valid_loss	30780.7138672
batch	20700	valid_loss	31034.8017578
batch	20730	valid_loss	30700.1179199
batch	20760	valid_loss	30533.1418457
batch	20790	valid_loss	30509.7580566
batch	20820	valid_loss	30522.3522949
batch	20850	valid_loss	30449.3103027
batch	20880	valid_loss	30608.3867188
batch	20910	valid_loss	30275.0134277
batch	20940	valid_loss	30226.4660645
batch	20970	valid_loss	30181.7958984
batch	21000	valid_loss	30044.1123047
batch	21030	valid_loss	30269.0231934
batch	21060	valid_loss	30154.7399902
batch	21090	valid_loss	29967.9938965
batch	21120	valid_loss	30001.0019531
batch	21150	valid_loss	29891.6425781
batch	21180	valid_loss	29722.2822266
batch	21210	valid_loss	29690.4807129
batch	21240	valid_loss	30002.4338379
batch	21270	valid_loss	29571.770752
batch	21300	valid_loss	29675.9743652
batch	21330	valid_loss	29659.5212402
batch	21360	valid_loss	29479.3781738
batch	21390	valid_loss	29429.4506836
batch	21420	valid_loss	29365.6477051
batch	21450	valid_loss	29449.7419434
batch	21480	valid_loss	29260.5517578
batch	21510	valid_loss	29197.1975098
batch	21540	valid_loss	29280.6318359
batch	21570	valid_loss	29173.3745117
batch	21600	valid_loss	29186.2854004
batch	21630	valid_loss	29067.0908203
batch	21660	valid_loss	29084.0266113
batch	21690	valid_loss	28990.8647461
batch	21720	valid_loss	28819.2243652
batch	21750	valid_loss	28992.654541
batch	21780	valid_loss	28823.3635254
batch	21810	valid_loss	28682.215332
batch	21840	valid_loss	28587.2932129
batch	21870	valid_loss	28650.2998047
batch	21900	valid_loss	28548.7241211
batch	21930	valid_loss	28549.9528809
batch	21960	valid_loss	28576.9750977
batch	21990	valid_loss	28476.6682129
batch	22020	valid_loss	28363.6186523
batch	22050	valid_loss	28332.5632324
batch	22080	valid_loss	28330.8808594
batch	22110	valid_loss	28176.5671387
batch	22140	valid_loss	28200.0061035
batch	22170	valid_loss	28193.8535156
batch	22200	valid_loss	28012.5107422
batch	22230	valid_loss	28053.9384766
batch	22260	valid_loss	28084.4399414
batch	22290	valid_loss	28197.2661133
batch	22320	valid_loss	27904.5808105
batch	22350	valid_loss	27803.3349609
batch	22380	valid_loss	27860.5280762
batch	22410	valid_loss	27729.7844238
batch	22440	valid_loss	27759.3422852
batch	22470	valid_loss	27732.3498535
batch	22500	valid_loss	27569.5583496
batch	22530	valid_loss	27587.7382812
batch	22560	valid_loss	27686.0805664
batch	22590	valid_loss	27425.7563477
batch	22620	valid_loss	27562.4851074
batch	22650	valid_loss	27359.3308105
batch	22680	valid_loss	27338.845459
batch	22710	valid_loss	27197.1486816
batch	22740	valid_loss	27124.293457
batch	22770	valid_loss	27073.0170898
batch	22800	valid_loss	27093.1311035
batch	22830	valid_loss	27156.2207031
batch	22860	valid_loss	27085.3527832
batch	22890	valid_loss	27062.4257812
batch	22920	valid_loss	26937.0280762
batch	22950	valid_loss	26941.222168
batch	22980	valid_loss	26874.862793
batch	23010	valid_loss	26801.8654785
batch	23040	valid_loss	26756.357666
batch	23070	valid_loss	26709.8259277
batch	23100	valid_loss	26614.7478027
batch	23130	valid_loss	26648.9873047
batch	23160	valid_loss	26579.560791
batch	23190	valid_loss	26696.0063477
batch	23220	valid_loss	26890.7490234
batch	23250	valid_loss	26457.1281738
batch	23280	valid_loss	26321.6254883
batch	23310	valid_loss	26244.7097168
batch	23340	valid_loss	26287.28125
batch	23370	valid_loss	26144.019043
batch	23400	valid_loss	26186.5969238
batch	23430	valid_loss	26216.6152344
batch	23460	valid_loss	26073.5634766
batch	23490	valid_loss	26054.8579102
batch	23520	valid_loss	26043.1208496
batch	23550	valid_loss	25929.5722656
batch	23580	valid_loss	25917.8776855
batch	23610	valid_loss	25860.614502
batch	23640	valid_loss	25715.2766113
batch	23670	valid_loss	25776.7226562
batch	23700	valid_loss	25650.3786621
batch	23730	valid_loss	25725.3320312
batch	23760	valid_loss	25588.5134277
batch	23790	valid_loss	25536.729248
batch	23820	valid_loss	25559.0708008
batch	23850	valid_loss	25783.4274902
batch	23880	valid_loss	25432.7053223
batch	23910	valid_loss	25324.6311035
batch	23940	valid_loss	25311.6318359
batch	23970	valid_loss	25299.8312988
batch	24000	valid_loss	25340.8041992
batch	24030	valid_loss	25152.6140137
batch	24060	valid_loss	25157.4914551
batch	24090	valid_loss	25102.5083008
batch	24120	valid_loss	25027.001709
batch	24150	valid_loss	24914.842041
batch	24180	valid_loss	25114.956543
batch	24210	valid_loss	24919.0249023
batch	24240	valid_loss	24803.3781738
batch	24270	valid_loss	24768.3190918
batch	24300	valid_loss	24646.9492188
batch	24330	valid_loss	24632.543457
batch	24360	valid_loss	24740.2695312
batch	24390	valid_loss	24571.9733887
batch	24420	valid_loss	24547.21875
batch	24450	valid_loss	24458.7805176
batch	24480	valid_loss	24440.3823242
batch	24510	valid_loss	24482.5922852
batch	24540	valid_loss	24324.9108887
batch	24570	valid_loss	24315.4880371
batch	24600	valid_loss	24325.6960449
batch	24630	valid_loss	24138.1762695
batch	24660	valid_loss	24101.8808594
batch	24690	valid_loss	24169.734375
batch	24720	valid_loss	24103.7834473
batch	24750	valid_loss	24030.2888184
batch	24780	valid_loss	24099.0307617
batch	24810	valid_loss	23975.5830078
batch	24840	valid_loss	23945.2116699
batch	24870	valid_loss	23734.3896484
batch	24900	valid_loss	23723.9082031
batch	24930	valid_loss	23599.0959473
batch	24960	valid_loss	23673.546875
batch	24990	valid_loss	23698.1772461
STOP
