START
config	660	460	660	1140
batch	0	valid_loss	7572879.3125
batch	30	valid_loss	148347.675781
batch	60	valid_loss	97891.4072266
batch	90	valid_loss	95753.3994141
batch	120	valid_loss	95647.9296875
batch	150	valid_loss	95620.5371094
batch	180	valid_loss	95556.1220703
batch	210	valid_loss	95511.359375
batch	240	valid_loss	95483.3544922
batch	270	valid_loss	95359.9394531
batch	300	valid_loss	95297.4628906
batch	330	valid_loss	95047.7949219
batch	360	valid_loss	94741.5517578
batch	390	valid_loss	94025.1884766
batch	420	valid_loss	92899.0322266
batch	450	valid_loss	90853.4052734
batch	480	valid_loss	88890.6269531
batch	510	valid_loss	87443.0014648
batch	540	valid_loss	86527.4238281
batch	570	valid_loss	85909.1108398
batch	600	valid_loss	85430.9438477
batch	630	valid_loss	84883.9111328
batch	660	valid_loss	84247.6196289
batch	690	valid_loss	83578.9360352
batch	720	valid_loss	82735.3349609
batch	750	valid_loss	81700.1982422
batch	780	valid_loss	80575.855957
batch	810	valid_loss	79315.7592773
batch	840	valid_loss	77978.6494141
batch	870	valid_loss	76597.3959961
batch	900	valid_loss	75176.5761719
batch	930	valid_loss	73821.4477539
batch	960	valid_loss	72323.1625977
batch	990	valid_loss	70933.8027344
batch	1020	valid_loss	69491.1542969
batch	1050	valid_loss	68123.8999023
batch	1080	valid_loss	66775.5249023
batch	1110	valid_loss	65486.0454102
batch	1140	valid_loss	64460.9301758
batch	1170	valid_loss	63038.6845703
batch	1200	valid_loss	61804.4404297
batch	1230	valid_loss	60652.1938477
batch	1260	valid_loss	59376.3310547
batch	1290	valid_loss	59286.3798828
batch	1320	valid_loss	57031.5283203
batch	1350	valid_loss	55766.5141602
batch	1380	valid_loss	54587.5581055
batch	1410	valid_loss	53469.9790039
batch	1440	valid_loss	53304.0546875
batch	1470	valid_loss	51367.3154297
batch	1500	valid_loss	50252.0776367
batch	1530	valid_loss	49855.0688477
batch	1560	valid_loss	48212.4628906
batch	1590	valid_loss	48900.0498047
batch	1620	valid_loss	46187.7348633
batch	1650	valid_loss	45336.802002
batch	1680	valid_loss	44516.4746094
batch	1710	valid_loss	43469.3642578
batch	1740	valid_loss	42663.6235352
batch	1770	valid_loss	41767.4729004
batch	1800	valid_loss	41018.6472168
batch	1830	valid_loss	40147.7055664
batch	1860	valid_loss	39423.6345215
batch	1890	valid_loss	38718.5046387
batch	1920	valid_loss	37972.4248047
batch	1950	valid_loss	37394.362793
batch	1980	valid_loss	36534.4658203
batch	2010	valid_loss	36214.1367188
batch	2040	valid_loss	35529.5791016
batch	2070	valid_loss	35165.9311523
batch	2100	valid_loss	34075.7312012
batch	2130	valid_loss	33554.9506836
batch	2160	valid_loss	32870.546875
batch	2190	valid_loss	32357.6201172
batch	2220	valid_loss	31886.0124512
batch	2250	valid_loss	31410.111084
batch	2280	valid_loss	31016.097168
batch	2310	valid_loss	30289.3088379
batch	2340	valid_loss	30633.8937988
batch	2370	valid_loss	29459.8203125
batch	2400	valid_loss	30463.8579102
batch	2430	valid_loss	28353.4064941
batch	2460	valid_loss	28098.3745117
batch	2490	valid_loss	27683.5793457
batch	2520	valid_loss	27408.1933594
batch	2550	valid_loss	26768.6235352
batch	2580	valid_loss	26411.0327148
batch	2610	valid_loss	27775.0283203
batch	2640	valid_loss	25834.6989746
batch	2670	valid_loss	25440.527832
batch	2700	valid_loss	25048.4377441
batch	2730	valid_loss	25316.6530762
batch	2760	valid_loss	24278.4904785
batch	2790	valid_loss	24380.5817871
batch	2820	valid_loss	23698.8012695
batch	2850	valid_loss	23453.2355957
batch	2880	valid_loss	23234.3166504
batch	2910	valid_loss	23017.6348877
batch	2940	valid_loss	22557.5478516
batch	2970	valid_loss	22362.3155518
batch	3000	valid_loss	22528.2198486
batch	3030	valid_loss	21750.8393555
batch	3060	valid_loss	21520.3674316
batch	3090	valid_loss	21369.5598145
batch	3120	valid_loss	21292.8052979
batch	3150	valid_loss	20907.3260498
batch	3180	valid_loss	20779.8829346
batch	3210	valid_loss	20357.918335
batch	3240	valid_loss	20680.2076416
batch	3270	valid_loss	19962.8557129
batch	3300	valid_loss	23289.3804932
batch	3330	valid_loss	19521.5234375
batch	3360	valid_loss	19394.4615479
batch	3390	valid_loss	21576.4936523
batch	3420	valid_loss	19101.505249
batch	3450	valid_loss	19060.5797119
batch	3480	valid_loss	18530.6047363
batch	3510	valid_loss	18730.2838135
batch	3540	valid_loss	18362.6950684
batch	3570	valid_loss	17961.9014893
batch	3600	valid_loss	18649.1195068
batch	3630	valid_loss	17844.5372314
batch	3660	valid_loss	17594.8023682
batch	3690	valid_loss	17295.5905762
batch	3720	valid_loss	17500.6027832
batch	3750	valid_loss	17013.2962646
batch	3780	valid_loss	16847.828125
batch	3810	valid_loss	16834.3153076
batch	3840	valid_loss	18144.638916
batch	3870	valid_loss	16533.3702393
batch	3900	valid_loss	16234.4362793
batch	3930	valid_loss	17305.8809814
batch	3960	valid_loss	16302.0780029
batch	3990	valid_loss	15958.0778809
batch	4020	valid_loss	16168.8568115
batch	4050	valid_loss	15832.7852783
batch	4080	valid_loss	15653.095459
batch	4110	valid_loss	15847.7071533
batch	4140	valid_loss	15322.0751953
batch	4170	valid_loss	16051.0993652
batch	4200	valid_loss	15005.8293457
batch	4230	valid_loss	16036.8851318
batch	4260	valid_loss	15191.9838867
batch	4290	valid_loss	14790.9484863
batch	4320	valid_loss	14586.8148193
batch	4350	valid_loss	14485.029541
batch	4380	valid_loss	15232.5766602
batch	4410	valid_loss	14342.6276855
batch	4440	valid_loss	15892.3536377
batch	4470	valid_loss	14155.3829346
batch	4500	valid_loss	15308.7286377
batch	4530	valid_loss	13936.5596924
batch	4560	valid_loss	14323.8167725
batch	4590	valid_loss	13732.8204346
batch	4620	valid_loss	16509.9707031
batch	4650	valid_loss	13476.4782715
batch	4680	valid_loss	13410.8066406
batch	4710	valid_loss	13435.9991455
batch	4740	valid_loss	13882.8580322
batch	4770	valid_loss	13382.7155762
batch	4800	valid_loss	13056.3596191
batch	4830	valid_loss	13194.2927246
batch	4860	valid_loss	13001.0895996
batch	4890	valid_loss	12924.019043
batch	4920	valid_loss	13153.4068604
batch	4950	valid_loss	12693.9313965
batch	4980	valid_loss	12726.489624
batch	5010	valid_loss	12747.3435059
batch	5040	valid_loss	12664.6624756
batch	5070	valid_loss	18747.0115967
batch	5100	valid_loss	12651.8636475
batch	5130	valid_loss	12266.3244629
batch	5160	valid_loss	12286.0806885
batch	5190	valid_loss	12482.6501465
batch	5220	valid_loss	12019.7106934
batch	5250	valid_loss	12491.1477051
batch	5280	valid_loss	11918.4733887
batch	5310	valid_loss	11835.0755615
batch	5340	valid_loss	12867.8389893
batch	5370	valid_loss	11853.9615479
batch	5400	valid_loss	12373.5460205
batch	5430	valid_loss	11636.9945679
batch	5460	valid_loss	11482.1021729
batch	5490	valid_loss	11570.472229
batch	5520	valid_loss	11765.8741455
batch	5550	valid_loss	11324.6258545
batch	5580	valid_loss	11592.5262451
batch	5610	valid_loss	11829.5496826
batch	5640	valid_loss	11797.192627
batch	5670	valid_loss	11164.7589111
batch	5700	valid_loss	11029.6835938
batch	5730	valid_loss	11014.7173462
batch	5760	valid_loss	12017.2512207
batch	5790	valid_loss	10967.0130615
batch	5820	valid_loss	11132.5698242
batch	5850	valid_loss	11044.1994019
batch	5880	valid_loss	10775.7772217
batch	5910	valid_loss	11005.088501
batch	5940	valid_loss	10871.9939575
batch	5970	valid_loss	10608.2225342
batch	6000	valid_loss	10705.2844238
batch	6030	valid_loss	10555.2315063
batch	6060	valid_loss	13515.6976318
batch	6090	valid_loss	10547.9499512
batch	6120	valid_loss	10232.4880981
batch	6150	valid_loss	10503.6716309
batch	6180	valid_loss	10683.2059326
batch	6210	valid_loss	12901.0532227
batch	6240	valid_loss	10378.5057373
batch	6270	valid_loss	10100.137146
batch	6300	valid_loss	10886.331604
batch	6330	valid_loss	10013.5174561
batch	6360	valid_loss	10686.3034058
batch	6390	valid_loss	10061.4735107
batch	6420	valid_loss	9853.86297607
batch	6450	valid_loss	12427.0356445
batch	6480	valid_loss	10124.2849731
batch	6510	valid_loss	9756.54156494
batch	6540	valid_loss	9850.18865967
batch	6570	valid_loss	9893.58520508
batch	6600	valid_loss	10104.4693604
batch	6630	valid_loss	9616.375
batch	6660	valid_loss	9609.16894531
batch	6690	valid_loss	10397.9848633
batch	6720	valid_loss	9490.12194824
batch	6750	valid_loss	10854.7861328
batch	6780	valid_loss	9520.16967773
batch	6810	valid_loss	9366.9934082
batch	6840	valid_loss	9900.68048096
batch	6870	valid_loss	9274.84228516
batch	6900	valid_loss	9789.71081543
batch	6930	valid_loss	9452.47540283
batch	6960	valid_loss	9308.44830322
batch	6990	valid_loss	12086.9726562
batch	7020	valid_loss	9047.87127686
batch	7050	valid_loss	14282.5148926
batch	7080	valid_loss	9079.98321533
batch	7110	valid_loss	9013.47686768
batch	7140	valid_loss	9199.52099609
batch	7170	valid_loss	8919.65252686
batch	7200	valid_loss	13355.3590088
batch	7230	valid_loss	8982.09991455
batch	7260	valid_loss	8758.58306885
batch	7290	valid_loss	8806.8458252
batch	7320	valid_loss	9823.72784424
batch	7350	valid_loss	8761.6206665
batch	7380	valid_loss	8584.00036621
batch	7410	valid_loss	8809.90130615
batch	7440	valid_loss	9085.74060059
batch	7470	valid_loss	8560.14459229
batch	7500	valid_loss	12435.4360352
batch	7530	valid_loss	8586.23736572
batch	7560	valid_loss	8604.7276001
batch	7590	valid_loss	8607.54223633
batch	7620	valid_loss	10929.2501831
batch	7650	valid_loss	8436.81488037
batch	7680	valid_loss	12651.5794678
batch	7710	valid_loss	8501.503479
batch	7740	valid_loss	8382.72393799
batch	7770	valid_loss	10001.1721191
batch	7800	valid_loss	8305.94525146
batch	7830	valid_loss	8832.72851562
batch	7860	valid_loss	8325.46240234
batch	7890	valid_loss	8185.54333496
batch	7920	valid_loss	10773.6082153
batch	7950	valid_loss	8116.9934082
batch	7980	valid_loss	10248.456543
batch	8010	valid_loss	8201.94909668
batch	8040	valid_loss	11342.9055176
batch	8070	valid_loss	8238.63195801
batch	8100	valid_loss	8380.31811523
batch	8130	valid_loss	8085.06005859
batch	8160	valid_loss	21726.8417969
batch	8190	valid_loss	8126.61907959
batch	8220	valid_loss	7826.18121338
batch	8250	valid_loss	7906.00744629
batch	8280	valid_loss	7853.80657959
batch	8310	valid_loss	8422.07617188
batch	8340	valid_loss	7729.20355225
batch	8370	valid_loss	7846.69659424
batch	8400	valid_loss	8175.2019043
batch	8430	valid_loss	7743.40875244
batch	8460	valid_loss	7837.73278809
batch	8490	valid_loss	8287.15692139
batch	8520	valid_loss	7695.30328369
batch	8550	valid_loss	7929.41247559
batch	8580	valid_loss	7660.1673584
batch	8610	valid_loss	8108.91156006
batch	8640	valid_loss	7804.3793335
batch	8670	valid_loss	7524.46026611
batch	8700	valid_loss	9195.36022949
batch	8730	valid_loss	7548.87182617
batch	8760	valid_loss	13555.111084
batch	8790	valid_loss	7534.01348877
batch	8820	valid_loss	7410.69958496
batch	8850	valid_loss	7661.07000732
batch	8880	valid_loss	7897.12554932
batch	8910	valid_loss	7535.82244873
batch	8940	valid_loss	8364.34527588
batch	8970	valid_loss	7470.32049561
batch	9000	valid_loss	8173.30102539
batch	9030	valid_loss	7584.93707275
batch	9060	valid_loss	7422.1776123
batch	9090	valid_loss	7490.47399902
batch	9120	valid_loss	7446.9239502
batch	9150	valid_loss	7225.37023926
batch	9180	valid_loss	10379.4046631
batch	9210	valid_loss	7260.08093262
batch	9240	valid_loss	7712.70806885
batch	9270	valid_loss	7344.48266602
batch	9300	valid_loss	7233.03741455
batch	9330	valid_loss	7235.76538086
batch	9360	valid_loss	11735.0340576
batch	9390	valid_loss	7136.42407227
batch	9420	valid_loss	7144.99499512
batch	9450	valid_loss	8475.63568115
batch	9480	valid_loss	7082.18109131
batch	9510	valid_loss	7032.73309326
batch	9540	valid_loss	7147.10113525
batch	9570	valid_loss	7066.17352295
batch	9600	valid_loss	8399.16595459
batch	9630	valid_loss	7018.18261719
batch	9660	valid_loss	7366.40710449
batch	9690	valid_loss	6998.61883545
batch	9720	valid_loss	7217.37438965
batch	9750	valid_loss	6878.56286621
batch	9780	valid_loss	8998.95678711
batch	9810	valid_loss	7013.78649902
batch	9840	valid_loss	6835.11828613
batch	9870	valid_loss	7841.71331787
batch	9900	valid_loss	6818.36633301
batch	9930	valid_loss	6997.09899902
batch	9960	valid_loss	7178.73522949
batch	9990	valid_loss	6732.47802734
batch	10020	valid_loss	6751.43347168
batch	10050	valid_loss	8795.4151001
batch	10080	valid_loss	6661.87719727
batch	10110	valid_loss	6590.26593018
batch	10140	valid_loss	10653.3016357
batch	10170	valid_loss	6659.18823242
batch	10200	valid_loss	6921.49847412
batch	10230	valid_loss	6790.44592285
batch	10260	valid_loss	6895.68054199
batch	10290	valid_loss	6770.41033936
batch	10320	valid_loss	6611.00646973
batch	10350	valid_loss	7204.50238037
batch	10380	valid_loss	6587.40112305
batch	10410	valid_loss	6538.46936035
batch	10440	valid_loss	7250.42657471
batch	10470	valid_loss	6694.04071045
batch	10500	valid_loss	6468.58764648
batch	10530	valid_loss	8996.82458496
batch	10560	valid_loss	6469.4029541
batch	10590	valid_loss	6475.40649414
batch	10620	valid_loss	8654.54394531
batch	10650	valid_loss	6476.82427979
batch	10680	valid_loss	6412.65032959
batch	10710	valid_loss	6397.7668457
batch	10740	valid_loss	6267.14453125
batch	10770	valid_loss	6835.42242432
batch	10800	valid_loss	6357.0914917
batch	10830	valid_loss	6432.3067627
batch	10860	valid_loss	10031.8060303
batch	10890	valid_loss	6405.84594727
batch	10920	valid_loss	6382.73944092
batch	10950	valid_loss	6991.91369629
batch	10980	valid_loss	6253.4364624
batch	11010	valid_loss	6877.1506958
batch	11040	valid_loss	6226.01727295
batch	11070	valid_loss	6208.65252686
batch	11100	valid_loss	7360.25622559
batch	11130	valid_loss	6221.41564941
batch	11160	valid_loss	6157.79095459
batch	11190	valid_loss	6710.24316406
batch	11220	valid_loss	6418.19152832
batch	11250	valid_loss	6159.02264404
batch	11280	valid_loss	7421.92950439
batch	11310	valid_loss	6546.90118408
batch	11340	valid_loss	6105.62872314
batch	11370	valid_loss	6522.42266846
batch	11400	valid_loss	6553.24121094
batch	11430	valid_loss	6111.30133057
batch	11460	valid_loss	6950.54364014
batch	11490	valid_loss	6224.72296143
batch	11520	valid_loss	7409.37304688
batch	11550	valid_loss	5959.86297607
batch	11580	valid_loss	11094.0983887
batch	11610	valid_loss	6132.1151123
batch	11640	valid_loss	6264.35650635
batch	11670	valid_loss	6189.37084961
batch	11700	valid_loss	6219.81939697
batch	11730	valid_loss	6371.53009033
batch	11760	valid_loss	5968.3427124
batch	11790	valid_loss	5895.51544189
batch	11820	valid_loss	14011.1740723
batch	11850	valid_loss	6036.48352051
batch	11880	valid_loss	5926.83831787
batch	11910	valid_loss	6378.21868896
batch	11940	valid_loss	6161.53094482
batch	11970	valid_loss	5888.35803223
batch	12000	valid_loss	6162.86242676
batch	12030	valid_loss	5935.2890625
batch	12060	valid_loss	5854.50537109
batch	12090	valid_loss	7237.60766602
batch	12120	valid_loss	6103.11895752
batch	12150	valid_loss	5789.98825073
batch	12180	valid_loss	5783.18392944
batch	12210	valid_loss	6767.90905762
batch	12240	valid_loss	5815.53756714
batch	12270	valid_loss	6116.00457764
batch	12300	valid_loss	5886.77230835
batch	12330	valid_loss	5711.54943848
batch	12360	valid_loss	7381.67877197
batch	12390	valid_loss	5926.64471436
batch	12420	valid_loss	5677.40847778
batch	12450	valid_loss	5970.33709717
batch	12480	valid_loss	5935.75164795
batch	12510	valid_loss	5811.12457275
batch	12540	valid_loss	6159.20562744
batch	12570	valid_loss	5618.91418457
batch	12600	valid_loss	5968.01544189
batch	12630	valid_loss	5682.2338562
batch	12660	valid_loss	5665.63830566
batch	12690	valid_loss	7875.09033203
batch	12720	valid_loss	5652.60983276
batch	12750	valid_loss	5577.25521851
batch	12780	valid_loss	6582.25561523
batch	12810	valid_loss	5691.53036499
batch	12840	valid_loss	5865.75921631
batch	12870	valid_loss	5939.47406006
batch	12900	valid_loss	5687.61962891
batch	12930	valid_loss	5550.50241089
batch	12960	valid_loss	6011.0322876
batch	12990	valid_loss	5446.77700806
batch	13020	valid_loss	5488.14105225
batch	13050	valid_loss	8114.50921631
batch	13080	valid_loss	5792.5607605
batch	13110	valid_loss	5418.63687134
batch	13140	valid_loss	5410.98046875
batch	13170	valid_loss	6557.23931885
batch	13200	valid_loss	5485.88580322
batch	13230	valid_loss	13943.0948486
batch	13260	valid_loss	5551.29916382
batch	13290	valid_loss	5392.92993164
batch	13320	valid_loss	5522.9135437
batch	13350	valid_loss	7626.91119385
batch	13380	valid_loss	5505.56771851
batch	13410	valid_loss	5412.9446106
batch	13440	valid_loss	7960.93273926
batch	13470	valid_loss	5564.23446655
batch	13500	valid_loss	5501.12490845
batch	13530	valid_loss	5931.12811279
batch	13560	valid_loss	7312.47625732
batch	13590	valid_loss	5457.89230347
batch	13620	valid_loss	8301.96673584
batch	13650	valid_loss	5437.85726929
batch	13680	valid_loss	7751.7913208
batch	13710	valid_loss	5347.52319336
batch	13740	valid_loss	11196.0646362
batch	13770	valid_loss	5345.06481934
batch	13800	valid_loss	5387.5027771
batch	13830	valid_loss	5279.55944824
batch	13860	valid_loss	5462.36593628
batch	13890	valid_loss	5347.25738525
batch	13920	valid_loss	5455.06008911
batch	13950	valid_loss	5288.43887329
batch	13980	valid_loss	5960.28692627
batch	14010	valid_loss	5572.63259888
batch	14040	valid_loss	5198.54000854
batch	14070	valid_loss	5265.0324707
batch	14100	valid_loss	5617.60610962
batch	14130	valid_loss	5475.98254395
batch	14160	valid_loss	5190.92526245
batch	14190	valid_loss	5483.28665161
batch	14220	valid_loss	5262.8755188
batch	14250	valid_loss	5832.49755859
batch	14280	valid_loss	5133.81695557
batch	14310	valid_loss	5862.66891479
batch	14340	valid_loss	5286.57528687
batch	14370	valid_loss	5150.71002197
batch	14400	valid_loss	5539.71908569
batch	14430	valid_loss	5541.35879517
batch	14460	valid_loss	5091.87808228
batch	14490	valid_loss	5090.118927
batch	14520	valid_loss	7130.37249756
batch	14550	valid_loss	5118.23403931
batch	14580	valid_loss	5139.02105713
batch	14610	valid_loss	6576.1348877
batch	14640	valid_loss	5299.96182251
batch	14670	valid_loss	5900.77838135
batch	14700	valid_loss	5228.83734131
batch	14730	valid_loss	5222.62722778
batch	14760	valid_loss	5901.60379028
batch	14790	valid_loss	5066.22869873
batch	14820	valid_loss	6844.08972168
batch	14850	valid_loss	5116.24737549
batch	14880	valid_loss	6023.76141357
batch	14910	valid_loss	5108.12985229
batch	14940	valid_loss	5343.04266357
batch	14970	valid_loss	5310.61154175
batch	15000	valid_loss	5109.83380127
batch	15030	valid_loss	5333.23150635
batch	15060	valid_loss	5101.18423462
batch	15090	valid_loss	5123.30352783
batch	15120	valid_loss	5191.61212158
batch	15150	valid_loss	5358.78146362
batch	15180	valid_loss	4944.23318481
batch	15210	valid_loss	5091.73861694
batch	15240	valid_loss	5250.67276001
batch	15270	valid_loss	4968.22790527
batch	15300	valid_loss	4933.63803101
batch	15330	valid_loss	6423.68371582
batch	15360	valid_loss	5141.26852417
batch	15390	valid_loss	4869.28012085
batch	15420	valid_loss	4995.19088745
batch	15450	valid_loss	5197.26364136
batch	15480	valid_loss	5424.60119629
batch	15510	valid_loss	4861.45327759
batch	15540	valid_loss	4866.47689819
batch	15570	valid_loss	5503.44592285
batch	15600	valid_loss	4904.74273682
batch	15630	valid_loss	7031.10369873
batch	15660	valid_loss	4915.59307861
batch	15690	valid_loss	6834.54034424
batch	15720	valid_loss	4814.26959229
batch	15750	valid_loss	5663.99801636
batch	15780	valid_loss	5576.8135376
batch	15810	valid_loss	4969.69976807
batch	15840	valid_loss	5643.91677856
batch	15870	valid_loss	4877.7104187
batch	15900	valid_loss	5334.19641113
batch	15930	valid_loss	5584.76361084
batch	15960	valid_loss	4861.87908936
batch	15990	valid_loss	4999.72143555
batch	16020	valid_loss	6745.44049072
batch	16050	valid_loss	4797.8170166
batch	16080	valid_loss	4721.2460022
batch	16110	valid_loss	5477.48913574
batch	16140	valid_loss	4834.8125
batch	16170	valid_loss	5042.48849487
batch	16200	valid_loss	5177.07824707
batch	16230	valid_loss	4722.92510986
batch	16260	valid_loss	5595.58544922
batch	16290	valid_loss	4832.52416992
batch	16320	valid_loss	4842.80435181
batch	16350	valid_loss	5051.20663452
batch	16380	valid_loss	4731.68029785
batch	16410	valid_loss	6953.70275879
batch	16440	valid_loss	4948.25366211
batch	16470	valid_loss	5380.18490601
batch	16500	valid_loss	4738.30273438
batch	16530	valid_loss	4775.32659912
batch	16560	valid_loss	4825.50054932
batch	16590	valid_loss	5164.48022461
batch	16620	valid_loss	4655.94580078
batch	16650	valid_loss	4760.95523071
batch	16680	valid_loss	4760.25405884
batch	16710	valid_loss	4606.32336426
batch	16740	valid_loss	8367.54962158
batch	16770	valid_loss	4832.29852295
batch	16800	valid_loss	4582.45730591
batch	16830	valid_loss	8165.65887451
batch	16860	valid_loss	4735.86791992
batch	16890	valid_loss	4801.49041748
batch	16920	valid_loss	5533.21002197
batch	16950	valid_loss	4582.02536011
batch	16980	valid_loss	5593.35006714
batch	17010	valid_loss	4628.59313965
batch	17040	valid_loss	6253.56982422
batch	17070	valid_loss	4616.79244995
batch	17100	valid_loss	4790.19119263
batch	17130	valid_loss	4905.16372681
batch	17160	valid_loss	4569.59729004
batch	17190	valid_loss	9643.1963501
batch	17220	valid_loss	4768.8117981
batch	17250	valid_loss	4491.84585571
batch	17280	valid_loss	4518.49984741
batch	17310	valid_loss	4836.84686279
batch	17340	valid_loss	4573.18954468
batch	17370	valid_loss	6082.20996094
batch	17400	valid_loss	4635.92630005
batch	17430	valid_loss	8360.34075928
batch	17460	valid_loss	4641.20733643
batch	17490	valid_loss	4623.84014893
batch	17520	valid_loss	5124.88894653
batch	17550	valid_loss	5263.09866333
batch	17580	valid_loss	4490.84237671
batch	17610	valid_loss	6416.25439453
batch	17640	valid_loss	4525.70822144
batch	17670	valid_loss	11952.8083496
batch	17700	valid_loss	4560.73925781
batch	17730	valid_loss	4424.43005371
batch	17760	valid_loss	5319.73202515
batch	17790	valid_loss	4583.6456604
batch	17820	valid_loss	4482.84338379
batch	17850	valid_loss	4904.31222534
batch	17880	valid_loss	4476.07543945
batch	17910	valid_loss	6947.56866455
batch	17940	valid_loss	4471.08282471
batch	17970	valid_loss	5893.47247314
batch	18000	valid_loss	4511.46868896
batch	18030	valid_loss	6088.69281006
batch	18060	valid_loss	4405.64971924
batch	18090	valid_loss	4433.3453064
batch	18120	valid_loss	12164.0556641
batch	18150	valid_loss	4442.63482666
batch	18180	valid_loss	4408.86044312
batch	18210	valid_loss	4691.46478271
batch	18240	valid_loss	4519.94158936
batch	18270	valid_loss	4425.39053345
batch	18300	valid_loss	5053.31658936
batch	18330	valid_loss	4461.09741211
batch	18360	valid_loss	5811.18490601
batch	18390	valid_loss	4578.73043823
batch	18420	valid_loss	4628.30889893
batch	18450	valid_loss	4437.14437866
batch	18480	valid_loss	5299.76220703
batch	18510	valid_loss	4473.3522644
batch	18540	valid_loss	4431.16970825
batch	18570	valid_loss	4349.97348022
batch	18600	valid_loss	6179.69158936
batch	18630	valid_loss	4360.39654541
batch	18660	valid_loss	5320.27618408
batch	18690	valid_loss	4563.34576416
batch	18720	valid_loss	4717.59603882
batch	18750	valid_loss	4413.71109009
batch	18780	valid_loss	4547.41052246
batch	18810	valid_loss	4827.17630005
batch	18840	valid_loss	4278.37731934
batch	18870	valid_loss	6914.69628906
batch	18900	valid_loss	4292.78085327
batch	18930	valid_loss	7512.56402588
batch	18960	valid_loss	4240.26806641
batch	18990	valid_loss	5935.02130127
batch	19020	valid_loss	4376.64117432
batch	19050	valid_loss	4661.86755371
batch	19080	valid_loss	4467.44311523
batch	19110	valid_loss	7071.28125
batch	19140	valid_loss	4426.38323975
batch	19170	valid_loss	4238.23782349
batch	19200	valid_loss	11950.6378174
batch	19230	valid_loss	4334.22558594
batch	19260	valid_loss	4200.25811768
batch	19290	valid_loss	4964.01843262
batch	19320	valid_loss	4335.72348022
batch	19350	valid_loss	4189.00930786
batch	19380	valid_loss	9302.70941162
batch	19410	valid_loss	4309.81045532
batch	19440	valid_loss	4288.13293457
batch	19470	valid_loss	7662.75457764
batch	19500	valid_loss	4310.1184082
batch	19530	valid_loss	4354.6512146
batch	19560	valid_loss	4471.79095459
batch	19590	valid_loss	4357.45025635
batch	19620	valid_loss	4552.87298584
batch	19650	valid_loss	4173.19967651
batch	19680	valid_loss	8711.15106201
batch	19710	valid_loss	4188.69104004
batch	19740	valid_loss	4592.84973145
batch	19770	valid_loss	4371.25259399
batch	19800	valid_loss	6165.92443848
batch	19830	valid_loss	4380.69296265
batch	19860	valid_loss	5583.45599365
batch	19890	valid_loss	4316.0909729
batch	19920	valid_loss	7720.67608643
batch	19950	valid_loss	4270.1137085
batch	19980	valid_loss	4331.73074341
batch	20010	valid_loss	5117.71539307
batch	20040	valid_loss	4260.62979126
batch	20070	valid_loss	4273.32388306
batch	20100	valid_loss	5021.20843506
batch	20130	valid_loss	4130.13531494
batch	20160	valid_loss	4617.88458252
batch	20190	valid_loss	4190.45187378
batch	20220	valid_loss	4991.51226807
batch	20250	valid_loss	4185.33718872
batch	20280	valid_loss	4616.49264526
batch	20310	valid_loss	4278.39584351
batch	20340	valid_loss	4717.12796021
batch	20370	valid_loss	4358.90063477
batch	20400	valid_loss	4236.12774658
batch	20430	valid_loss	4404.29489136
batch	20460	valid_loss	4099.70083618
batch	20490	valid_loss	4745.93441772
batch	20520	valid_loss	4022.80514526
batch	20550	valid_loss	9008.59136963
batch	20580	valid_loss	4091.45306396
batch	20610	valid_loss	4235.85791016
batch	20640	valid_loss	4294.93920898
batch	20670	valid_loss	5249.88919067
batch	20700	valid_loss	4086.11529541
batch	20730	valid_loss	4731.62176514
batch	20760	valid_loss	4074.35739136
batch	20790	valid_loss	4575.48092651
batch	20820	valid_loss	4155.7272644
batch	20850	valid_loss	4164.9046936
batch	20880	valid_loss	4813.92068481
batch	20910	valid_loss	4122.70358276
batch	20940	valid_loss	4139.77941895
batch	20970	valid_loss	6216.42626953
batch	21000	valid_loss	4170.9805603
batch	21030	valid_loss	4215.71118164
batch	21060	valid_loss	4240.2897644
batch	21090	valid_loss	5816.26782227
batch	21120	valid_loss	4096.89212036
batch	21150	valid_loss	3961.2093811
batch	21180	valid_loss	4721.70959473
batch	21210	valid_loss	4035.80908203
batch	21240	valid_loss	5818.14682007
batch	21270	valid_loss	4071.81921387
batch	21300	valid_loss	4528.33410645
batch	21330	valid_loss	4180.31973267
batch	21360	valid_loss	4015.52154541
batch	21390	valid_loss	4294.69546509
batch	21420	valid_loss	3979.20596313
batch	21450	valid_loss	6148.48510742
batch	21480	valid_loss	4122.02371216
batch	21510	valid_loss	4085.3807373
batch	21540	valid_loss	5796.56997681
batch	21570	valid_loss	4116.92425537
batch	21600	valid_loss	8883.54943848
batch	21630	valid_loss	3991.36639404
batch	21660	valid_loss	4164.83279419
batch	21690	valid_loss	3999.80093384
batch	21720	valid_loss	4265.6151123
batch	21750	valid_loss	4079.62106323
batch	21780	valid_loss	4831.25643921
batch	21810	valid_loss	4243.55245972
batch	21840	valid_loss	3922.3515625
batch	21870	valid_loss	5058.8729248
batch	21900	valid_loss	4115.69250488
batch	21930	valid_loss	4204.94363403
batch	21960	valid_loss	4644.10098267
batch	21990	valid_loss	3958.6156311
batch	22020	valid_loss	4895.94610596
batch	22050	valid_loss	3932.42633057
batch	22080	valid_loss	4077.55657959
batch	22110	valid_loss	4221.81549072
batch	22140	valid_loss	3909.17962646
batch	22170	valid_loss	4760.45178223
batch	22200	valid_loss	3965.40240479
batch	22230	valid_loss	4113.98242188
batch	22260	valid_loss	3925.53405762
batch	22290	valid_loss	4724.45053101
batch	22320	valid_loss	5287.49627686
batch	22350	valid_loss	3983.33670044
batch	22380	valid_loss	4187.83798218
batch	22410	valid_loss	4583.34637451
batch	22440	valid_loss	4018.01113892
batch	22470	valid_loss	5470.69308472
batch	22500	valid_loss	4137.20050049
batch	22530	valid_loss	3930.61132812
batch	22560	valid_loss	4612.58337402
batch	22590	valid_loss	3895.00619507
batch	22620	valid_loss	5701.77243042
batch	22650	valid_loss	3888.65325928
batch	22680	valid_loss	6351.94519043
batch	22710	valid_loss	3872.3109436
batch	22740	valid_loss	4179.38394165
batch	22770	valid_loss	3947.34268188
batch	22800	valid_loss	3933.41061401
batch	22830	valid_loss	6227.13867188
batch	22860	valid_loss	3961.5866394
batch	22890	valid_loss	4335.74377441
batch	22920	valid_loss	3786.69113159
batch	22950	valid_loss	7412.97088623
batch	22980	valid_loss	3838.87078857
batch	23010	valid_loss	6823.13568115
batch	23040	valid_loss	3869.50994873
batch	23070	valid_loss	4240.23757935
batch	23100	valid_loss	4102.12365723
batch	23130	valid_loss	3868.01605225
batch	23160	valid_loss	4493.19537354
batch	23190	valid_loss	3832.59991455
batch	23220	valid_loss	3879.15313721
batch	23250	valid_loss	4018.55645752
batch	23280	valid_loss	4338.13214111
batch	23310	valid_loss	3917.30813599
batch	23340	valid_loss	4749.64605713
batch	23370	valid_loss	3910.62359619
batch	23400	valid_loss	3867.1963501
batch	23430	valid_loss	3874.62261963
batch	23460	valid_loss	7099.4564209
batch	23490	valid_loss	3866.41928101
batch	23520	valid_loss	3767.30133057
batch	23550	valid_loss	4457.85693359
batch	23580	valid_loss	3795.60528564
batch	23610	valid_loss	4179.95370483
batch	23640	valid_loss	5370.30877686
batch	23670	valid_loss	3930.92169189
batch	23700	valid_loss	3832.33599854
batch	23730	valid_loss	5603.70144653
batch	23760	valid_loss	3808.0166626
batch	23790	valid_loss	3893.14633179
batch	23820	valid_loss	3814.51489258
batch	23850	valid_loss	5419.90155029
batch	23880	valid_loss	3809.38665771
batch	23910	valid_loss	3909.31704712
batch	23940	valid_loss	4059.70956421
batch	23970	valid_loss	3694.83837891
batch	24000	valid_loss	5514.0256958
batch	24030	valid_loss	3815.65872192
batch	24060	valid_loss	5477.11077881
batch	24090	valid_loss	3809.15921021
batch	24120	valid_loss	3972.37490845
batch	24150	valid_loss	3811.55517578
batch	24180	valid_loss	3971.60772705
batch	24210	valid_loss	3858.21395874
batch	24240	valid_loss	3912.08908081
batch	24270	valid_loss	4335.82174683
batch	24300	valid_loss	3852.14083862
batch	24330	valid_loss	3907.41952515
batch	24360	valid_loss	3868.06661987
batch	24390	valid_loss	4754.39266968
batch	24420	valid_loss	3861.62200928
batch	24450	valid_loss	6365.01989746
batch	24480	valid_loss	3930.42352295
batch	24510	valid_loss	3664.47341919
batch	24540	valid_loss	3937.51187134
batch	24570	valid_loss	3764.97210693
batch	24600	valid_loss	4261.11575317
batch	24630	valid_loss	3729.81036377
batch	24660	valid_loss	3816.73587036
batch	24690	valid_loss	5272.45687866
batch	24720	valid_loss	4068.23876953
batch	24750	valid_loss	3734.03619385
batch	24780	valid_loss	7360.9130249
batch	24810	valid_loss	3732.77941895
batch	24840	valid_loss	3767.59536743
batch	24870	valid_loss	3853.79901123
batch	24900	valid_loss	3716.17221069
batch	24930	valid_loss	3998.28988647
batch	24960	valid_loss	3667.79269409
batch	24990	valid_loss	5763.47543335
STOP
START
config	660	460	660	1140
batch	0	valid_loss	7507551.5
batch	30	valid_loss	150811.114258
batch	60	valid_loss	98246.2109375
batch	90	valid_loss	95764.6679688
batch	120	valid_loss	95598.5224609
batch	150	valid_loss	95563.7441406
batch	180	valid_loss	95515.4179688
batch	210	valid_loss	95432.8564453
batch	240	valid_loss	95407.3398438
batch	270	valid_loss	95154.2382812
batch	300	valid_loss	94880.3300781
batch	330	valid_loss	94400.7060547
batch	360	valid_loss	93455.2700195
batch	390	valid_loss	91788.2128906
batch	420	valid_loss	89776.0341797
batch	450	valid_loss	88100.7709961
batch	480	valid_loss	87007.4624023
batch	510	valid_loss	86229.6499023
batch	540	valid_loss	85693.8696289
batch	570	valid_loss	85254.3642578
batch	600	valid_loss	84661.8481445
batch	630	valid_loss	84049.0551758
batch	660	valid_loss	83235.3769531
batch	690	valid_loss	82411.9165039
batch	720	valid_loss	81537.0429688
batch	750	valid_loss	80612.5893555
batch	780	valid_loss	79645.484375
batch	810	valid_loss	78635.6704102
batch	840	valid_loss	77465.5029297
batch	870	valid_loss	76349.0126953
batch	900	valid_loss	75191.6577148
batch	930	valid_loss	73955.8291016
batch	960	valid_loss	72557.9169922
batch	990	valid_loss	71259.0634766
batch	1020	valid_loss	70153.1464844
batch	1050	valid_loss	68702.5341797
batch	1080	valid_loss	67231.6679688
batch	1110	valid_loss	65972.2265625
batch	1140	valid_loss	64669.6303711
batch	1170	valid_loss	63534.8017578
batch	1200	valid_loss	62574.3266602
batch	1230	valid_loss	61159.5356445
batch	1260	valid_loss	59831.2680664
batch	1290	valid_loss	58848.8837891
batch	1320	valid_loss	57799.7768555
batch	1350	valid_loss	56462.1494141
batch	1380	valid_loss	55550.4951172
batch	1410	valid_loss	54390.625
batch	1440	valid_loss	53245.3554688
batch	1470	valid_loss	53648.581543
batch	1500	valid_loss	51187.5595703
batch	1530	valid_loss	50046.675293
batch	1560	valid_loss	49093.1669922
batch	1590	valid_loss	48258.6679688
batch	1620	valid_loss	47306.2509766
batch	1650	valid_loss	46318.6083984
batch	1680	valid_loss	45928.3769531
batch	1710	valid_loss	44528.6357422
batch	1740	valid_loss	43670.6589355
batch	1770	valid_loss	42873.8352051
batch	1800	valid_loss	41981.6936035
batch	1830	valid_loss	41181.4169922
batch	1860	valid_loss	40545.1899414
batch	1890	valid_loss	39804.9023438
batch	1920	valid_loss	39037.7741699
batch	1950	valid_loss	38277.8596191
batch	1980	valid_loss	37837.9025879
batch	2010	valid_loss	36948.2993164
batch	2040	valid_loss	36362.5170898
batch	2070	valid_loss	35564.611084
batch	2100	valid_loss	35001.7993164
batch	2130	valid_loss	34322.9172363
batch	2160	valid_loss	33774.895752
batch	2190	valid_loss	33282.5236816
batch	2220	valid_loss	32731.5039062
batch	2250	valid_loss	32426.3164062
batch	2280	valid_loss	31644.791748
batch	2310	valid_loss	31201.0595703
batch	2340	valid_loss	30625.4353027
batch	2370	valid_loss	30213.7441406
batch	2400	valid_loss	31570.6044922
batch	2430	valid_loss	29255.9892578
batch	2460	valid_loss	28898.8903809
batch	2490	valid_loss	28340.7834473
batch	2520	valid_loss	28063.2111816
batch	2550	valid_loss	27670.8413086
batch	2580	valid_loss	27180.644043
batch	2610	valid_loss	26881.3374023
batch	2640	valid_loss	26466.0581055
batch	2670	valid_loss	26094.4770508
batch	2700	valid_loss	25723.1843262
batch	2730	valid_loss	25885.4755859
batch	2760	valid_loss	25055.8251953
batch	2790	valid_loss	24896.4929199
batch	2820	valid_loss	25339.9785156
batch	2850	valid_loss	24186.277832
batch	2880	valid_loss	25603.9709473
batch	2910	valid_loss	23644.6413574
batch	2940	valid_loss	23276.378418
batch	2970	valid_loss	25248.560791
batch	3000	valid_loss	22659.710083
batch	3030	valid_loss	22482.8905029
batch	3060	valid_loss	22608.9755859
batch	3090	valid_loss	22176.0216064
batch	3120	valid_loss	21660.713623
batch	3150	valid_loss	21889.0792236
batch	3180	valid_loss	21127.5408936
batch	3210	valid_loss	20899.7434082
batch	3240	valid_loss	20652.2543945
batch	3270	valid_loss	23425.0
batch	3300	valid_loss	20335.9448242
batch	3330	valid_loss	20003.065918
batch	3360	valid_loss	20099.5509033
batch	3390	valid_loss	19548.3028564
batch	3420	valid_loss	20955.5612793
batch	3450	valid_loss	19331.0780029
batch	3480	valid_loss	18965.2547607
batch	3510	valid_loss	19998.5279541
batch	3540	valid_loss	18831.9466553
batch	3570	valid_loss	18463.2711182
batch	3600	valid_loss	18395.9195557
batch	3630	valid_loss	20138.3475342
batch	3660	valid_loss	17880.3221436
batch	3690	valid_loss	20934.2712402
batch	3720	valid_loss	17623.887207
batch	3750	valid_loss	17365.3148193
batch	3780	valid_loss	18680.588623
batch	3810	valid_loss	17132.340332
batch	3840	valid_loss	17463.6395264
batch	3870	valid_loss	17014.8829346
batch	3900	valid_loss	17145.3670654
batch	3930	valid_loss	16773.5280762
batch	3960	valid_loss	17187.7835693
batch	3990	valid_loss	16372.4326172
batch	4020	valid_loss	16831.338623
batch	4050	valid_loss	16215.7611084
batch	4080	valid_loss	17148.1108398
batch	4110	valid_loss	15955.4742432
batch	4140	valid_loss	15643.8922119
batch	4170	valid_loss	15914.5478516
batch	4200	valid_loss	17878.1553955
batch	4230	valid_loss	15279.3626709
batch	4260	valid_loss	15116.5229492
batch	4290	valid_loss	15267.3696289
batch	4320	valid_loss	16781.0317383
batch	4350	valid_loss	14739.7130127
batch	4380	valid_loss	15077.6020508
batch	4410	valid_loss	14543.0889893
batch	4440	valid_loss	19898.5634766
batch	4470	valid_loss	14554.3338623
batch	4500	valid_loss	14206.8043213
batch	4530	valid_loss	14122.1055908
batch	4560	valid_loss	15138.5385742
batch	4590	valid_loss	13979.7196045
batch	4620	valid_loss	14513.9013672
batch	4650	valid_loss	13754.6594238
batch	4680	valid_loss	15878.9545898
batch	4710	valid_loss	13721.1326904
batch	4740	valid_loss	13426.7137451
batch	4770	valid_loss	13362.1757812
batch	4800	valid_loss	13551.7609863
batch	4830	valid_loss	13264.0092773
batch	4860	valid_loss	13113.8338623
batch	4890	valid_loss	13770.2232666
batch	4920	valid_loss	12872.4407959
batch	4950	valid_loss	13098.8006592
batch	4980	valid_loss	13090.168335
batch	5010	valid_loss	12724.6014404
batch	5040	valid_loss	16301.8181152
batch	5070	valid_loss	12529.1245117
batch	5100	valid_loss	12520.5609131
batch	5130	valid_loss	15143.222168
batch	5160	valid_loss	12496.6768799
batch	5190	valid_loss	14566.9316406
batch	5220	valid_loss	12189.6712646
batch	5250	valid_loss	16835.8758545
batch	5280	valid_loss	12186.7156982
batch	5310	valid_loss	11874.4581299
batch	5340	valid_loss	13671.6914062
batch	5370	valid_loss	11820.6011963
batch	5400	valid_loss	11731.0606689
batch	5430	valid_loss	19351.628418
batch	5460	valid_loss	11701.6470947
batch	5490	valid_loss	11634.0866699
batch	5520	valid_loss	11417.7110596
batch	5550	valid_loss	11535.6859131
batch	5580	valid_loss	11498.0028687
batch	5610	valid_loss	11305.7578125
batch	5640	valid_loss	18119.8691406
batch	5670	valid_loss	11366.7286987
batch	5700	valid_loss	11081.5013428
batch	5730	valid_loss	12433.237915
batch	5760	valid_loss	11080.1261597
batch	5790	valid_loss	11534.6536865
batch	5820	valid_loss	11051.4297485
batch	5850	valid_loss	12001.4688721
batch	5880	valid_loss	11029.1143188
batch	5910	valid_loss	10850.7132568
batch	5940	valid_loss	10839.2186279
batch	5970	valid_loss	11636.553772
batch	6000	valid_loss	10611.2993774
batch	6030	valid_loss	10766.7299805
batch	6060	valid_loss	10665.7822266
batch	6090	valid_loss	11080.7084351
batch	6120	valid_loss	10449.9644775
batch	6150	valid_loss	10499.5147095
batch	6180	valid_loss	10579.7545166
batch	6210	valid_loss	14862.8864746
batch	6240	valid_loss	10437.3061523
batch	6270	valid_loss	10173.2875977
batch	6300	valid_loss	10264.5641479
batch	6330	valid_loss	10275.3792114
batch	6360	valid_loss	10007.7398682
batch	6390	valid_loss	9926.43206787
batch	6420	valid_loss	11905.3905029
batch	6450	valid_loss	9877.39367676
batch	6480	valid_loss	9818.72650146
batch	6510	valid_loss	10065.3048096
batch	6540	valid_loss	9839.25140381
batch	6570	valid_loss	10058.5861816
batch	6600	valid_loss	9925.6529541
batch	6630	valid_loss	9704.58514404
batch	6660	valid_loss	11718.8359375
batch	6690	valid_loss	10168.7919312
batch	6720	valid_loss	9600.30761719
batch	6750	valid_loss	9767.7991333
batch	6780	valid_loss	9489.87567139
batch	6810	valid_loss	9773.44610596
batch	6840	valid_loss	9370.03607178
batch	6870	valid_loss	9442.70507812
batch	6900	valid_loss	10266.4902954
batch	6930	valid_loss	9352.5279541
batch	6960	valid_loss	9164.46850586
batch	6990	valid_loss	9188.25006104
batch	7020	valid_loss	11585.3706055
batch	7050	valid_loss	9208.85107422
batch	7080	valid_loss	11688.6680298
batch	7110	valid_loss	9046.11956787
batch	7140	valid_loss	9439.96276855
batch	7170	valid_loss	9476.17175293
batch	7200	valid_loss	8939.14074707
batch	7230	valid_loss	8905.82537842
batch	7260	valid_loss	11461.0710449
batch	7290	valid_loss	8940.94622803
batch	7320	valid_loss	9399.07525635
batch	7350	valid_loss	9002.88525391
batch	7380	valid_loss	9032.7723999
batch	7410	valid_loss	8889.41461182
batch	7440	valid_loss	13002.5518799
batch	7470	valid_loss	8987.7824707
batch	7500	valid_loss	8624.83184814
batch	7530	valid_loss	8662.42236328
batch	7560	valid_loss	11931.3156738
batch	7590	valid_loss	8752.26403809
batch	7620	valid_loss	8642.84570312
batch	7650	valid_loss	8742.39367676
batch	7680	valid_loss	10957.2984619
batch	7710	valid_loss	8479.1496582
batch	7740	valid_loss	8301.15161133
batch	7770	valid_loss	10175.041687
batch	7800	valid_loss	8284.63012695
batch	7830	valid_loss	8403.29766846
batch	7860	valid_loss	8587.84710693
batch	7890	valid_loss	8997.81658936
batch	7920	valid_loss	8512.01416016
batch	7950	valid_loss	8234.92547607
batch	7980	valid_loss	8801.62158203
batch	8010	valid_loss	8490.02142334
batch	8040	valid_loss	8635.29101562
batch	8070	valid_loss	8331.13751221
batch	8100	valid_loss	8218.08911133
batch	8130	valid_loss	9645.43206787
batch	8160	valid_loss	8136.65167236
batch	8190	valid_loss	8297.13494873
batch	8220	valid_loss	8254.88458252
batch	8250	valid_loss	7943.66204834
batch	8280	valid_loss	8174.21209717
batch	8310	valid_loss	10978.227478
batch	8340	valid_loss	7943.21350098
batch	8370	valid_loss	9773.28131104
batch	8400	valid_loss	7831.86254883
batch	8430	valid_loss	7814.69628906
batch	8460	valid_loss	8460.70581055
batch	8490	valid_loss	7773.87994385
batch	8520	valid_loss	7699.05065918
batch	8550	valid_loss	8332.94543457
batch	8580	valid_loss	7595.01654053
batch	8610	valid_loss	8895.04705811
batch	8640	valid_loss	7789.6583252
batch	8670	valid_loss	7614.79656982
batch	8700	valid_loss	7699.94091797
batch	8730	valid_loss	8942.91485596
batch	8760	valid_loss	7575.71807861
batch	8790	valid_loss	7456.84570312
batch	8820	valid_loss	7527.07250977
batch	8850	valid_loss	7815.3046875
batch	8880	valid_loss	7565.16229248
batch	8910	valid_loss	12942.1463623
batch	8940	valid_loss	7336.70654297
batch	8970	valid_loss	7503.36993408
batch	9000	valid_loss	7855.60308838
batch	9030	valid_loss	7329.05773926
batch	9060	valid_loss	8308.25872803
batch	9090	valid_loss	7375.79241943
batch	9120	valid_loss	8350.61029053
batch	9150	valid_loss	7350.4821167
batch	9180	valid_loss	7293.6675415
batch	9210	valid_loss	9049.77758789
batch	9240	valid_loss	7211.85089111
batch	9270	valid_loss	7087.07843018
batch	9300	valid_loss	7126.99731445
batch	9330	valid_loss	8154.54425049
batch	9360	valid_loss	7238.19586182
batch	9390	valid_loss	7074.03192139
batch	9420	valid_loss	7111.31365967
batch	9450	valid_loss	14150.8276367
batch	9480	valid_loss	6998.93334961
batch	9510	valid_loss	6983.27807617
batch	9540	valid_loss	7169.34338379
batch	9570	valid_loss	7054.67425537
batch	9600	valid_loss	7030.02990723
batch	9630	valid_loss	7137.35339355
batch	9660	valid_loss	6965.03619385
batch	9690	valid_loss	12595.4239502
batch	9720	valid_loss	6957.73101807
batch	9750	valid_loss	6808.93261719
batch	9780	valid_loss	11883.0585938
batch	9810	valid_loss	6904.36383057
batch	9840	valid_loss	6917.66418457
batch	9870	valid_loss	7131.78039551
batch	9900	valid_loss	6992.27062988
batch	9930	valid_loss	6849.48883057
batch	9960	valid_loss	6851.67974854
batch	9990	valid_loss	7456.67230225
batch	10020	valid_loss	6755.65344238
batch	10050	valid_loss	6703.14019775
batch	10080	valid_loss	6692.28594971
batch	10110	valid_loss	6892.06298828
batch	10140	valid_loss	6890.98400879
batch	10170	valid_loss	6732.35314941
batch	10200	valid_loss	9523.53735352
batch	10230	valid_loss	6764.21435547
batch	10260	valid_loss	7094.24603271
batch	10290	valid_loss	6660.6663208
batch	10320	valid_loss	8051.93383789
batch	10350	valid_loss	6558.97070312
batch	10380	valid_loss	7149.0536499
batch	10410	valid_loss	6599.28125
batch	10440	valid_loss	6736.93487549
batch	10470	valid_loss	6640.44689941
batch	10500	valid_loss	6656.50311279
batch	10530	valid_loss	6616.22991943
batch	10560	valid_loss	7499.14324951
batch	10590	valid_loss	6506.88452148
batch	10620	valid_loss	7876.99066162
batch	10650	valid_loss	6559.51477051
batch	10680	valid_loss	6361.24169922
batch	10710	valid_loss	6400.97790527
batch	10740	valid_loss	6942.63061523
batch	10770	valid_loss	6745.71856689
batch	10800	valid_loss	6284.28118896
batch	10830	valid_loss	6250.76721191
batch	10860	valid_loss	6631.40527344
batch	10890	valid_loss	6351.78216553
batch	10920	valid_loss	10755.3189087
batch	10950	valid_loss	6344.06152344
batch	10980	valid_loss	6222.06744385
batch	11010	valid_loss	9328.66363525
batch	11040	valid_loss	6172.32855225
batch	11070	valid_loss	8304.35394287
batch	11100	valid_loss	6333.66387939
batch	11130	valid_loss	10934.1956177
batch	11160	valid_loss	6236.75317383
batch	11190	valid_loss	6311.59527588
batch	11220	valid_loss	7144.13995361
batch	11250	valid_loss	6120.6171875
batch	11280	valid_loss	13722.7006836
batch	11310	valid_loss	6154.35968018
batch	11340	valid_loss	6077.18963623
batch	11370	valid_loss	6522.41326904
batch	11400	valid_loss	6318.10784912
batch	11430	valid_loss	6472.94134521
batch	11460	valid_loss	6068.26373291
batch	11490	valid_loss	6032.46081543
batch	11520	valid_loss	9059.02520752
batch	11550	valid_loss	6051.93969727
batch	11580	valid_loss	6127.6138916
batch	11610	valid_loss	6419.13391113
batch	11640	valid_loss	5968.98071289
batch	11670	valid_loss	7172.57769775
batch	11700	valid_loss	6012.10211182
batch	11730	valid_loss	6122.56958008
batch	11760	valid_loss	6382.63085938
batch	11790	valid_loss	5924.23620605
batch	11820	valid_loss	8572.43518066
batch	11850	valid_loss	5917.85986328
batch	11880	valid_loss	5835.53427124
batch	11910	valid_loss	7452.71643066
batch	11940	valid_loss	6039.75402832
batch	11970	valid_loss	5871.51531982
batch	12000	valid_loss	5873.6156311
batch	12030	valid_loss	6603.25408936
batch	12060	valid_loss	5754.96469116
batch	12090	valid_loss	5975.75146484
batch	12120	valid_loss	5846.04220581
batch	12150	valid_loss	5757.29302979
batch	12180	valid_loss	6526.99542236
batch	12210	valid_loss	5829.02618408
batch	12240	valid_loss	5732.69293213
batch	12270	valid_loss	6564.32531738
batch	12300	valid_loss	5817.63198853
batch	12330	valid_loss	8049.78015137
batch	12360	valid_loss	5713.9937439
batch	12390	valid_loss	7935.32287598
batch	12420	valid_loss	5859.95999146
batch	12450	valid_loss	9302.22570801
batch	12480	valid_loss	5675.73876953
batch	12510	valid_loss	5701.54736328
batch	12540	valid_loss	5989.8057251
batch	12570	valid_loss	5679.25146484
batch	12600	valid_loss	5649.50997925
batch	12630	valid_loss	6331.87542725
batch	12660	valid_loss	5574.4914856
batch	12690	valid_loss	5734.97097778
batch	12720	valid_loss	6187.41192627
batch	12750	valid_loss	5938.07800293
batch	12780	valid_loss	5985.97241211
batch	12810	valid_loss	5934.19512939
batch	12840	valid_loss	5517.16030884
batch	12870	valid_loss	5451.59835815
batch	12900	valid_loss	9778.32867432
batch	12930	valid_loss	5578.36618042
batch	12960	valid_loss	5503.86483765
batch	12990	valid_loss	5890.4274292
batch	13020	valid_loss	5622.85928345
batch	13050	valid_loss	5463.89770508
batch	13080	valid_loss	5730.1171875
batch	13110	valid_loss	5492.40155029
batch	13140	valid_loss	5911.16015625
batch	13170	valid_loss	5512.32540894
batch	13200	valid_loss	6058.62280273
batch	13230	valid_loss	5723.40332031
batch	13260	valid_loss	5403.60418701
batch	13290	valid_loss	6535.69433594
batch	13320	valid_loss	5361.56286621
batch	13350	valid_loss	5506.90533447
batch	13380	valid_loss	10131.8013306
batch	13410	valid_loss	5561.87347412
batch	13440	valid_loss	5329.27740479
batch	13470	valid_loss	5704.91986084
batch	13500	valid_loss	5568.91616821
batch	13530	valid_loss	5870.91299438
batch	13560	valid_loss	5487.2649231
batch	13590	valid_loss	5378.52133179
batch	13620	valid_loss	8977.79174805
batch	13650	valid_loss	5421.25305176
batch	13680	valid_loss	5254.10671997
batch	13710	valid_loss	5399.65014648
batch	13740	valid_loss	5709.77606201
batch	13770	valid_loss	5319.09829712
batch	13800	valid_loss	8810.58691406
batch	13830	valid_loss	5340.13314819
batch	13860	valid_loss	5492.96261597
batch	13890	valid_loss	5855.11221313
batch	13920	valid_loss	5303.51708984
batch	13950	valid_loss	9943.08599854
batch	13980	valid_loss	5262.65591431
batch	14010	valid_loss	5237.44406128
batch	14040	valid_loss	7924.65515137
batch	14070	valid_loss	5203.9303894
batch	14100	valid_loss	6022.40270996
batch	14130	valid_loss	5250.34768677
batch	14160	valid_loss	5272.00204468
batch	14190	valid_loss	5451.76220703
batch	14220	valid_loss	5120.5255127
batch	14250	valid_loss	5319.41714478
batch	14280	valid_loss	5454.35461426
batch	14310	valid_loss	5202.42498779
batch	14340	valid_loss	5627.55386353
batch	14370	valid_loss	5087.02603149
batch	14400	valid_loss	12027.3664551
batch	14430	valid_loss	5104.46243286
batch	14460	valid_loss	5130.83599854
batch	14490	valid_loss	5012.66229248
batch	14520	valid_loss	5361.93414307
batch	14550	valid_loss	5395.17156982
batch	14580	valid_loss	5092.82937622
batch	14610	valid_loss	5090.87069702
batch	14640	valid_loss	5496.45532227
batch	14670	valid_loss	5102.29992676
batch	14700	valid_loss	5761.65313721
batch	14730	valid_loss	5060.73379517
batch	14760	valid_loss	8003.50970459
batch	14790	valid_loss	5075.40374756
batch	14820	valid_loss	4994.05960083
batch	14850	valid_loss	5308.42373657
batch	14880	valid_loss	6737.296875
batch	14910	valid_loss	5108.26828003
batch	14940	valid_loss	4980.34664917
batch	14970	valid_loss	4924.52081299
batch	15000	valid_loss	4990.82192993
batch	15030	valid_loss	4943.20645142
batch	15060	valid_loss	8008.6439209
batch	15090	valid_loss	4927.39935303
batch	15120	valid_loss	5751.33734131
batch	15150	valid_loss	5228.84335327
batch	15180	valid_loss	5137.26348877
batch	15210	valid_loss	5195.32125854
batch	15240	valid_loss	5095.34640503
batch	15270	valid_loss	7473.11651611
batch	15300	valid_loss	4968.12213135
batch	15330	valid_loss	4908.26446533
batch	15360	valid_loss	5371.06729126
batch	15390	valid_loss	4924.065979
batch	15420	valid_loss	4926.51571655
batch	15450	valid_loss	5828.70501709
batch	15480	valid_loss	4856.41445923
batch	15510	valid_loss	4889.16671753
batch	15540	valid_loss	5021.95559692
batch	15570	valid_loss	5220.43078613
batch	15600	valid_loss	4921.26376343
batch	15630	valid_loss	5111.66976929
batch	15660	valid_loss	5203.01531982
batch	15690	valid_loss	4856.87088013
batch	15720	valid_loss	4888.17010498
batch	15750	valid_loss	5129.02285767
batch	15780	valid_loss	4848.39825439
batch	15810	valid_loss	6533.73052979
batch	15840	valid_loss	4880.37905884
batch	15870	valid_loss	6065.75134277
batch	15900	valid_loss	4920.2298584
batch	15930	valid_loss	4721.23544312
batch	15960	valid_loss	5155.70935059
batch	15990	valid_loss	5102.26245117
batch	16020	valid_loss	4722.76242065
batch	16050	valid_loss	5897.45812988
batch	16080	valid_loss	4741.00964355
batch	16110	valid_loss	4926.97253418
batch	16140	valid_loss	5439.53942871
batch	16170	valid_loss	4704.60443115
batch	16200	valid_loss	4717.79660034
batch	16230	valid_loss	4709.20010376
batch	16260	valid_loss	5137.25961304
batch	16290	valid_loss	4715.12075806
batch	16320	valid_loss	5383.00231934
batch	16350	valid_loss	4803.06268311
batch	16380	valid_loss	4641.58511353
batch	16410	valid_loss	8067.97277832
batch	16440	valid_loss	4663.22567749
batch	16470	valid_loss	4707.30395508
batch	16500	valid_loss	10271.8693237
batch	16530	valid_loss	4879.66491699
batch	16560	valid_loss	4595.62814331
batch	16590	valid_loss	5403.21594238
batch	16620	valid_loss	4914.63354492
batch	16650	valid_loss	4853.00561523
batch	16680	valid_loss	4590.83108521
batch	16710	valid_loss	13244.5423584
batch	16740	valid_loss	4659.23846436
batch	16770	valid_loss	4592.20748901
batch	16800	valid_loss	4738.96273804
batch	16830	valid_loss	5024.4616394
batch	16860	valid_loss	4552.94067383
batch	16890	valid_loss	7270.58770752
batch	16920	valid_loss	4600.50714111
batch	16950	valid_loss	5519.49874878
batch	16980	valid_loss	4856.8145752
batch	17010	valid_loss	4890.7605896
batch	17040	valid_loss	4690.48370361
batch	17070	valid_loss	5370.31787109
batch	17100	valid_loss	4501.76431274
batch	17130	valid_loss	5037.71087646
batch	17160	valid_loss	4501.94729614
batch	17190	valid_loss	10704.8283691
batch	17220	valid_loss	4569.67254639
batch	17250	valid_loss	4490.98742676
batch	17280	valid_loss	8410.03485107
batch	17310	valid_loss	4545.06542969
batch	17340	valid_loss	4595.9447937
batch	17370	valid_loss	4766.7003479
batch	17400	valid_loss	4497.24362183
batch	17430	valid_loss	5827.13760376
batch	17460	valid_loss	4498.12701416
batch	17490	valid_loss	6158.2935791
batch	17520	valid_loss	4518.93725586
batch	17550	valid_loss	4400.98825073
batch	17580	valid_loss	12194.2370605
batch	17610	valid_loss	4566.03079224
batch	17640	valid_loss	4470.48147583
batch	17670	valid_loss	4911.24697876
batch	17700	valid_loss	5599.44052124
batch	17730	valid_loss	4446.77252197
batch	17760	valid_loss	5459.83810425
batch	17790	valid_loss	4432.28884888
batch	17820	valid_loss	5894.82827759
batch	17850	valid_loss	4544.9694519
batch	17880	valid_loss	4653.13208008
batch	17910	valid_loss	4405.61114502
batch	17940	valid_loss	5416.6913147
batch	17970	valid_loss	4451.26791382
batch	18000	valid_loss	4570.26306152
batch	18030	valid_loss	4569.32095337
batch	18060	valid_loss	4501.30181885
batch	18090	valid_loss	5715.55606079
batch	18120	valid_loss	4416.3901062
batch	18150	valid_loss	4378.98880005
batch	18180	valid_loss	6178.10961914
batch	18210	valid_loss	4423.97113037
batch	18240	valid_loss	4380.91799927
batch	18270	valid_loss	5107.71652222
batch	18300	valid_loss	4361.77236938
batch	18330	valid_loss	7911.00622559
batch	18360	valid_loss	4372.16802979
batch	18390	valid_loss	4572.72439575
batch	18420	valid_loss	4497.00311279
batch	18450	valid_loss	4432.06472778
batch	18480	valid_loss	4635.8586731
batch	18510	valid_loss	4375.30288696
batch	18540	valid_loss	10108.7860718
batch	18570	valid_loss	4405.31384277
batch	18600	valid_loss	4316.20535278
batch	18630	valid_loss	5727.6763916
batch	18660	valid_loss	4433.46566772
batch	18690	valid_loss	4227.07440186
batch	18720	valid_loss	4293.5428772
batch	18750	valid_loss	4744.03500366
batch	18780	valid_loss	4253.14865112
batch	18810	valid_loss	4311.99099731
batch	18840	valid_loss	8306.90270996
batch	18870	valid_loss	4271.67504883
batch	18900	valid_loss	4385.56835938
batch	18930	valid_loss	4540.94351196
batch	18960	valid_loss	4231.35714722
batch	18990	valid_loss	7179.48724365
batch	19020	valid_loss	4266.51205444
batch	19050	valid_loss	5034.35272217
batch	19080	valid_loss	4323.03543091
batch	19110	valid_loss	4593.70880127
batch	19140	valid_loss	4335.63510132
batch	19170	valid_loss	4535.39498901
batch	19200	valid_loss	4362.44647217
batch	19230	valid_loss	4539.46981812
batch	19260	valid_loss	4285.38735962
batch	19290	valid_loss	5413.81164551
batch	19320	valid_loss	4359.59185791
batch	19350	valid_loss	6689.84075928
batch	19380	valid_loss	4217.14489746
batch	19410	valid_loss	6885.46618652
batch	19440	valid_loss	4266.94174194
batch	19470	valid_loss	4282.20419312
batch	19500	valid_loss	4425.06735229
batch	19530	valid_loss	5235.99865723
batch	19560	valid_loss	4165.76333618
batch	19590	valid_loss	6250.25048828
batch	19620	valid_loss	4258.49188232
batch	19650	valid_loss	4257.07800293
batch	19680	valid_loss	6168.90228271
batch	19710	valid_loss	4186.91815186
batch	19740	valid_loss	5154.87277222
batch	19770	valid_loss	4161.97277832
batch	19800	valid_loss	8014.8079834
batch	19830	valid_loss	4292.80911255
batch	19860	valid_loss	5464.42364502
batch	19890	valid_loss	4176.65270996
batch	19920	valid_loss	5266.99859619
batch	19950	valid_loss	4119.9559021
batch	19980	valid_loss	4414.67694092
batch	20010	valid_loss	4322.40249634
batch	20040	valid_loss	4192.24542236
batch	20070	valid_loss	4424.01834106
batch	20100	valid_loss	4174.3656311
batch	20130	valid_loss	5694.121521
batch	20160	valid_loss	4191.90093994
batch	20190	valid_loss	4075.04711914
batch	20220	valid_loss	4675.47598267
batch	20250	valid_loss	4075.96072388
batch	20280	valid_loss	4507.18756104
batch	20310	valid_loss	4171.18450928
batch	20340	valid_loss	4490.71478271
batch	20370	valid_loss	4253.21063232
batch	20400	valid_loss	4030.68005371
batch	20430	valid_loss	4643.71502686
batch	20460	valid_loss	4155.96292114
batch	20490	valid_loss	5743.15426636
batch	20520	valid_loss	4267.41809082
batch	20550	valid_loss	4057.9317627
batch	20580	valid_loss	4851.07339478
batch	20610	valid_loss	4498.88742065
batch	20640	valid_loss	4109.15805054
batch	20670	valid_loss	8940.83569336
batch	20700	valid_loss	4077.88278198
batch	20730	valid_loss	4687.51644897
batch	20760	valid_loss	4186.60974121
batch	20790	valid_loss	4330.86566162
batch	20820	valid_loss	4417.86743164
batch	20850	valid_loss	4049.22744751
batch	20880	valid_loss	4637.59735107
batch	20910	valid_loss	4931.20684814
batch	20940	valid_loss	4138.50598145
batch	20970	valid_loss	4217.94372559
batch	21000	valid_loss	4228.08291626
batch	21030	valid_loss	4067.75610352
batch	21060	valid_loss	4301.67849731
batch	21090	valid_loss	4100.32479858
batch	21120	valid_loss	4053.36047363
batch	21150	valid_loss	4227.65341187
batch	21180	valid_loss	4033.42041016
batch	21210	valid_loss	7483.58624268
batch	21240	valid_loss	4110.38699341
batch	21270	valid_loss	4024.52423096
batch	21300	valid_loss	4700.19143677
batch	21330	valid_loss	3943.50314331
batch	21360	valid_loss	4219.4619751
batch	21390	valid_loss	4329.91009521
batch	21420	valid_loss	4266.1819458
batch	21450	valid_loss	4273.6668396
batch	21480	valid_loss	4000.5090332
batch	21510	valid_loss	4152.9213562
batch	21540	valid_loss	4130.14080811
batch	21570	valid_loss	4077.33218384
batch	21600	valid_loss	4318.25827026
batch	21630	valid_loss	3999.14080811
batch	21660	valid_loss	4914.69049072
batch	21690	valid_loss	4217.39440918
batch	21720	valid_loss	3925.72076416
batch	21750	valid_loss	3920.77340698
batch	21780	valid_loss	4292.54446411
batch	21810	valid_loss	3958.56710815
batch	21840	valid_loss	5559.14941406
batch	21870	valid_loss	3932.47442627
batch	21900	valid_loss	7295.6887207
batch	21930	valid_loss	3944.60061646
batch	21960	valid_loss	3862.27926636
batch	21990	valid_loss	4304.59429932
batch	22020	valid_loss	4070.82086182
batch	22050	valid_loss	4218.68771362
batch	22080	valid_loss	4442.10171509
batch	22110	valid_loss	4137.40197754
batch	22140	valid_loss	4198.4420166
batch	22170	valid_loss	4048.09094238
batch	22200	valid_loss	4099.05563354
batch	22230	valid_loss	3879.2253418
batch	22260	valid_loss	6337.20404053
batch	22290	valid_loss	4293.48370361
batch	22320	valid_loss	4030.68014526
batch	22350	valid_loss	5553.52938843
batch	22380	valid_loss	4002.57241821
batch	22410	valid_loss	3832.79351807
batch	22440	valid_loss	4926.7097168
batch	22470	valid_loss	3908.09310913
batch	22500	valid_loss	4875.70932007
batch	22530	valid_loss	3861.947052
batch	22560	valid_loss	4295.4871521
batch	22590	valid_loss	4107.6451416
batch	22620	valid_loss	3804.92800903
batch	22650	valid_loss	3914.12219238
batch	22680	valid_loss	4414.36001587
batch	22710	valid_loss	3786.18215942
batch	22740	valid_loss	4765.2729187
batch	22770	valid_loss	4177.88760376
batch	22800	valid_loss	3845.86883545
batch	22830	valid_loss	4287.45770264
batch	22860	valid_loss	4454.79580688
batch	22890	valid_loss	4012.5838623
batch	22920	valid_loss	5730.61392212
batch	22950	valid_loss	3884.9526062
batch	22980	valid_loss	4651.83758545
batch	23010	valid_loss	3864.79937744
batch	23040	valid_loss	8235.80749512
batch	23070	valid_loss	3940.86343384
batch	23100	valid_loss	3776.14089966
batch	23130	valid_loss	7173.25482178
batch	23160	valid_loss	3863.97949219
batch	23190	valid_loss	4180.64215088
batch	23220	valid_loss	3854.08670044
batch	23250	valid_loss	5420.24435425
batch	23280	valid_loss	3835.32315063
batch	23310	valid_loss	6858.68109131
batch	23340	valid_loss	3822.82836914
batch	23370	valid_loss	4177.92980957
batch	23400	valid_loss	3825.34692383
batch	23430	valid_loss	5384.30078125
batch	23460	valid_loss	3902.99691772
batch	23490	valid_loss	3872.85821533
batch	23520	valid_loss	3795.50344849
batch	23550	valid_loss	3748.41488647
batch	23580	valid_loss	5451.37713623
batch	23610	valid_loss	3743.99493408
batch	23640	valid_loss	3718.68096924
batch	23670	valid_loss	6786.64782715
batch	23700	valid_loss	3795.50140381
batch	23730	valid_loss	4150.26446533
batch	23760	valid_loss	3866.11621094
batch	23790	valid_loss	4068.47515869
batch	23820	valid_loss	3795.06970215
batch	23850	valid_loss	4754.5302124
batch	23880	valid_loss	3927.5567627
batch	23910	valid_loss	4155.88809204
batch	23940	valid_loss	3703.63967896
batch	23970	valid_loss	5456.67617798
batch	24000	valid_loss	3779.1105957
batch	24030	valid_loss	3972.59094238
batch	24060	valid_loss	4260.88763428
batch	24090	valid_loss	3764.8293457
batch	24120	valid_loss	9489.51446533
batch	24150	valid_loss	3816.41223145
batch	24180	valid_loss	3621.2979126
batch	24210	valid_loss	5544.54272461
batch	24240	valid_loss	3791.89822388
batch	24270	valid_loss	5132.03018188
batch	24300	valid_loss	3779.04364014
batch	24330	valid_loss	4249.66589355
batch	24360	valid_loss	3668.37948608
batch	24390	valid_loss	6031.50341797
batch	24420	valid_loss	3764.57870483
batch	24450	valid_loss	3683.00735474
batch	24480	valid_loss	4163.96606445
batch	24510	valid_loss	3679.61529541
batch	24540	valid_loss	3882.13458252
batch	24570	valid_loss	4151.6857605
batch	24600	valid_loss	3736.66687012
batch	24630	valid_loss	5077.96960449
batch	24660	valid_loss	3796.25244141
batch	24690	valid_loss	6305.93432617
batch	24720	valid_loss	3727.1925354
batch	24750	valid_loss	4832.86312866
batch	24780	valid_loss	3738.93572998
batch	24810	valid_loss	3798.94937134
batch	24840	valid_loss	4196.76370239
batch	24870	valid_loss	6241.46112061
batch	24900	valid_loss	3686.42285156
batch	24930	valid_loss	3575.39810181
batch	24960	valid_loss	3678.85534668
batch	24990	valid_loss	4132.86410522
STOP
