START
config	340	960
batch	0	valid_loss	174056.494141
batch	20	valid_loss	99204.1630859
batch	40	valid_loss	91544.9599609
batch	60	valid_loss	86005.7519531
batch	80	valid_loss	80667.5830078
batch	100	valid_loss	75210.9106445
batch	120	valid_loss	69549.0761719
batch	140	valid_loss	63837.5629883
batch	160	valid_loss	58297.3183594
batch	180	valid_loss	52879.2163086
batch	200	valid_loss	48075.8671875
batch	220	valid_loss	43813.2399902
batch	240	valid_loss	40115.5556641
batch	260	valid_loss	36878.9243164
batch	280	valid_loss	34229.498291
batch	300	valid_loss	31785.333252
batch	320	valid_loss	29778.0012207
batch	340	valid_loss	28068.3737793
batch	360	valid_loss	26597.7524414
batch	380	valid_loss	25351.9848633
batch	400	valid_loss	24254.2128906
batch	420	valid_loss	23281.220459
batch	440	valid_loss	22477.2980957
batch	460	valid_loss	21741.6848145
batch	480	valid_loss	21114.2124023
batch	500	valid_loss	20575.8208008
batch	520	valid_loss	20091.3269043
batch	540	valid_loss	19659.9619141
batch	560	valid_loss	19253.236084
batch	580	valid_loss	18928.5870361
batch	600	valid_loss	18617.9934082
batch	620	valid_loss	18366.5472412
batch	640	valid_loss	18109.2451172
batch	660	valid_loss	17904.0620117
batch	680	valid_loss	17698.5164795
batch	700	valid_loss	17557.4377441
batch	720	valid_loss	17396.7442627
batch	740	valid_loss	17269.1470947
batch	760	valid_loss	17125.3587646
batch	780	valid_loss	17033.7652588
batch	800	valid_loss	16945.7629395
batch	820	valid_loss	16872.7457275
batch	840	valid_loss	16793.0531006
batch	860	valid_loss	16746.583252
batch	880	valid_loss	16705.074707
batch	900	valid_loss	16658.6811523
batch	920	valid_loss	16621.7250977
batch	940	valid_loss	16564.6359863
batch	960	valid_loss	16540.9945068
batch	980	valid_loss	16458.9243164
batch	1000	valid_loss	16482.0539551
batch	1020	valid_loss	16459.4693604
batch	1040	valid_loss	16425.1026611
batch	1060	valid_loss	16397.2218018
batch	1080	valid_loss	16357.8094482
batch	1100	valid_loss	16353.0062256
batch	1120	valid_loss	16316.1495361
batch	1140	valid_loss	16326.5374756
batch	1160	valid_loss	16331.9359131
batch	1180	valid_loss	16305.8077393
batch	1200	valid_loss	16297.2507324
batch	1220	valid_loss	16274.1627197
batch	1240	valid_loss	16295.8927002
batch	1260	valid_loss	16239.5878906
batch	1280	valid_loss	16246.8800049
batch	1300	valid_loss	16218.6982422
batch	1320	valid_loss	16216.5437012
batch	1340	valid_loss	16232.4494629
batch	1360	valid_loss	16234.3647461
batch	1380	valid_loss	16210.8455811
batch	1400	valid_loss	16177.5482178
batch	1420	valid_loss	16191.7177734
batch	1440	valid_loss	16181.4277344
batch	1460	valid_loss	16177.739624
batch	1480	valid_loss	16183.6184082
batch	1500	valid_loss	16180.9261475
batch	1520	valid_loss	16182.6883545
batch	1540	valid_loss	16161.9311523
batch	1560	valid_loss	16169.0587158
batch	1580	valid_loss	16157.760498
batch	1600	valid_loss	16144.3740234
batch	1620	valid_loss	16129.2205811
batch	1640	valid_loss	16163.0332031
batch	1660	valid_loss	16135.3924561
batch	1680	valid_loss	16121.7128906
batch	1700	valid_loss	16100.7381592
batch	1720	valid_loss	16106.4057617
batch	1740	valid_loss	16101.2744141
batch	1760	valid_loss	16113.3240967
batch	1780	valid_loss	16102.8856201
batch	1800	valid_loss	16075.6912842
batch	1820	valid_loss	16101.4619141
batch	1840	valid_loss	16104.4804688
batch	1860	valid_loss	16088.541626
batch	1880	valid_loss	16073.3084717
batch	1900	valid_loss	16080.3339844
batch	1920	valid_loss	16038.6113281
batch	1940	valid_loss	16069.4147949
batch	1960	valid_loss	16054.2320557
batch	1980	valid_loss	16075.199707
batch	2000	valid_loss	16058.2128906
batch	2020	valid_loss	16035.6334229
batch	2040	valid_loss	16054.8105469
batch	2060	valid_loss	16039.9904785
batch	2080	valid_loss	16056.1815186
batch	2100	valid_loss	16052.3520508
batch	2120	valid_loss	16032.6444092
batch	2140	valid_loss	16037.3100586
batch	2160	valid_loss	16016.2115479
batch	2180	valid_loss	16044.0522461
batch	2200	valid_loss	16012.0325928
batch	2220	valid_loss	16030.6801758
batch	2240	valid_loss	15992.6217041
batch	2260	valid_loss	16020.2026367
batch	2280	valid_loss	16027.848999
batch	2300	valid_loss	16007.2811279
batch	2320	valid_loss	15992.1184082
batch	2340	valid_loss	15979.3775635
batch	2360	valid_loss	15987.0070801
batch	2380	valid_loss	15980.8441162
batch	2400	valid_loss	15951.6323242
batch	2420	valid_loss	15946.4537354
batch	2440	valid_loss	15976.8031006
batch	2460	valid_loss	15973.7768555
batch	2480	valid_loss	15979.5455322
batch	2500	valid_loss	15942.815918
batch	2520	valid_loss	15964.9332275
batch	2540	valid_loss	15915.5247803
batch	2560	valid_loss	15961.9963379
batch	2580	valid_loss	15949.7906494
batch	2600	valid_loss	15950.8768311
batch	2620	valid_loss	15938.4246826
batch	2640	valid_loss	15891.7188721
batch	2660	valid_loss	15918.4967041
batch	2680	valid_loss	15909.6898193
batch	2700	valid_loss	15906.8256836
batch	2720	valid_loss	15937.4611816
batch	2740	valid_loss	15861.182373
batch	2760	valid_loss	15879.0043945
batch	2780	valid_loss	15874.480835
batch	2800	valid_loss	15895.8637695
batch	2820	valid_loss	15848.3720703
batch	2840	valid_loss	15851.2919922
batch	2860	valid_loss	15838.7354736
batch	2880	valid_loss	15856.722168
batch	2900	valid_loss	15845.7540283
batch	2920	valid_loss	15852.3757324
batch	2940	valid_loss	15858.8059082
batch	2960	valid_loss	15812.3060303
batch	2980	valid_loss	15820.807251
batch	3000	valid_loss	15803.4095459
batch	3020	valid_loss	15828.7258301
batch	3040	valid_loss	15820.493042
batch	3060	valid_loss	15778.9985352
batch	3080	valid_loss	15792.8430176
batch	3100	valid_loss	15790.9931641
batch	3120	valid_loss	15770.263916
batch	3140	valid_loss	15742.8743896
batch	3160	valid_loss	15744.9790039
batch	3180	valid_loss	15759.6274414
batch	3200	valid_loss	15779.1397705
batch	3220	valid_loss	15751.6158447
batch	3240	valid_loss	15752.5882568
batch	3260	valid_loss	15707.8797607
batch	3280	valid_loss	15725.3388672
batch	3300	valid_loss	15710.730957
batch	3320	valid_loss	15706.0202637
batch	3340	valid_loss	15703.3603516
batch	3360	valid_loss	15670.824585
batch	3380	valid_loss	15699.331543
batch	3400	valid_loss	15689.6491699
batch	3420	valid_loss	15681.1031494
batch	3440	valid_loss	15642.2042236
batch	3460	valid_loss	15673.9959717
batch	3480	valid_loss	15626.6195068
batch	3500	valid_loss	15642.8883057
batch	3520	valid_loss	15630.7719727
batch	3540	valid_loss	15652.8741455
batch	3560	valid_loss	15640.005127
batch	3580	valid_loss	15589.8757324
batch	3600	valid_loss	15612.8845215
batch	3620	valid_loss	15590.3284912
batch	3640	valid_loss	15612.0238037
batch	3660	valid_loss	15635.9562988
batch	3680	valid_loss	15585.3955078
batch	3700	valid_loss	15582.4077148
batch	3720	valid_loss	15578.2648926
batch	3740	valid_loss	15606.8066406
batch	3760	valid_loss	15568.3441162
batch	3780	valid_loss	15567.4439697
batch	3800	valid_loss	15551.7053223
batch	3820	valid_loss	15584.7259521
batch	3840	valid_loss	15576.9753418
batch	3860	valid_loss	15560.4470215
batch	3880	valid_loss	15542.5804443
batch	3900	valid_loss	15527.4382324
batch	3920	valid_loss	15550.3551025
batch	3940	valid_loss	15537.1680908
batch	3960	valid_loss	15510.5157471
batch	3980	valid_loss	15503.1064453
batch	4000	valid_loss	15548.5354004
batch	4020	valid_loss	15526.9237061
batch	4040	valid_loss	15532.3852539
batch	4060	valid_loss	15502.6536865
batch	4080	valid_loss	15545.3778076
batch	4100	valid_loss	15475.0161133
batch	4120	valid_loss	15523.5822754
batch	4140	valid_loss	15532.7928467
batch	4160	valid_loss	15528.1634521
batch	4180	valid_loss	15515.6013184
batch	4200	valid_loss	15453.3739014
batch	4220	valid_loss	15503.4921875
batch	4240	valid_loss	15487.0162354
batch	4260	valid_loss	15469.0598145
batch	4280	valid_loss	15509.6607666
batch	4300	valid_loss	15465.7509766
batch	4320	valid_loss	15487.7789307
batch	4340	valid_loss	15451.6292725
batch	4360	valid_loss	15482.7272949
batch	4380	valid_loss	15434.848877
batch	4400	valid_loss	15477.057251
batch	4420	valid_loss	15443.9274902
batch	4440	valid_loss	15461.145752
batch	4460	valid_loss	15458.9473877
batch	4480	valid_loss	15466.857666
batch	4500	valid_loss	15470.4165039
batch	4520	valid_loss	15442.4863281
batch	4540	valid_loss	15453.1300049
batch	4560	valid_loss	15440.6361084
batch	4580	valid_loss	15475.6119385
batch	4600	valid_loss	15434.5982666
batch	4620	valid_loss	15424.6525879
batch	4640	valid_loss	15457.6420898
batch	4660	valid_loss	15456.5366211
batch	4680	valid_loss	15445.2081299
batch	4700	valid_loss	15431.2524414
batch	4720	valid_loss	15432.6577148
batch	4740	valid_loss	15452.6168213
batch	4760	valid_loss	15476.0643311
batch	4780	valid_loss	15455.1032715
batch	4800	valid_loss	15446.2094727
batch	4820	valid_loss	15412.7896729
batch	4840	valid_loss	15449.854126
batch	4860	valid_loss	15432.6442871
batch	4880	valid_loss	15427.5682373
batch	4900	valid_loss	15447.7852783
batch	4920	valid_loss	15390.5366211
batch	4940	valid_loss	15434.7288818
batch	4960	valid_loss	15446.1031494
batch	4980	valid_loss	15430.3922119
batch	5000	valid_loss	15413.0203857
batch	5020	valid_loss	15421.8928223
batch	5040	valid_loss	15399.987793
batch	5060	valid_loss	15412.2578125
batch	5080	valid_loss	15420.5919189
batch	5100	valid_loss	15454.5701904
batch	5120	valid_loss	15427.0362549
batch	5140	valid_loss	15397.7141113
batch	5160	valid_loss	15411.7862549
batch	5180	valid_loss	15381.0267334
batch	5200	valid_loss	15426.8881836
batch	5220	valid_loss	15420.8634033
batch	5240	valid_loss	15398.0827637
batch	5260	valid_loss	15415.0938721
batch	5280	valid_loss	15412.9293213
batch	5300	valid_loss	15437.6011963
batch	5320	valid_loss	15405.9229736
batch	5340	valid_loss	15417.8057861
batch	5360	valid_loss	15399.5159912
batch	5380	valid_loss	15420.0651855
batch	5400	valid_loss	15410.9729004
batch	5420	valid_loss	15400.2036133
batch	5440	valid_loss	15385.3588867
batch	5460	valid_loss	15404.7431641
batch	5480	valid_loss	15402.0078125
batch	5500	valid_loss	15404.4832764
batch	5520	valid_loss	15372.7716064
batch	5540	valid_loss	15376.31604
batch	5560	valid_loss	15413.7078857
batch	5580	valid_loss	15407.9483643
batch	5600	valid_loss	15418.0507812
batch	5620	valid_loss	15365.036377
batch	5640	valid_loss	15413.5634766
batch	5660	valid_loss	15358.4693604
batch	5680	valid_loss	15394.9102783
batch	5700	valid_loss	15402.3841553
batch	5720	valid_loss	15411.5324707
batch	5740	valid_loss	15410.180542
batch	5760	valid_loss	15355.3233643
batch	5780	valid_loss	15392.3601074
batch	5800	valid_loss	15370.1086426
batch	5820	valid_loss	15378.3414307
batch	5840	valid_loss	15432.5931396
batch	5860	valid_loss	15356.8106689
batch	5880	valid_loss	15382.3779297
batch	5900	valid_loss	15350.6154785
batch	5920	valid_loss	15390.010498
batch	5940	valid_loss	15340.2501221
batch	5960	valid_loss	15377.529541
batch	5980	valid_loss	15370.6595459
batch	6000	valid_loss	15352.9788818
batch	6020	valid_loss	15369.3404541
batch	6040	valid_loss	15374.7412109
batch	6060	valid_loss	15378.4100342
batch	6080	valid_loss	15342.300415
batch	6100	valid_loss	15360.5213623
batch	6120	valid_loss	15364.2678223
batch	6140	valid_loss	15378.9202881
batch	6160	valid_loss	15364.3443604
batch	6180	valid_loss	15354.0375977
batch	6200	valid_loss	15394.769043
batch	6220	valid_loss	15382.5410156
batch	6240	valid_loss	15375.9061279
batch	6260	valid_loss	15343.4763184
batch	6280	valid_loss	15364.7105713
batch	6300	valid_loss	15355.9678955
batch	6320	valid_loss	15365.0863037
batch	6340	valid_loss	15398.1835938
batch	6360	valid_loss	15382.3964844
batch	6380	valid_loss	15328.7849121
batch	6400	valid_loss	15375.3393555
batch	6420	valid_loss	15342.8424072
batch	6440	valid_loss	15363.178833
batch	6460	valid_loss	15357.7814941
batch	6480	valid_loss	15327.0128174
batch	6500	valid_loss	15360.5493164
batch	6520	valid_loss	15361.7332764
batch	6540	valid_loss	15356.1738281
batch	6560	valid_loss	15340.5853271
batch	6580	valid_loss	15375.8410645
batch	6600	valid_loss	15333.2573242
batch	6620	valid_loss	15346.1650391
batch	6640	valid_loss	15331.1470947
batch	6660	valid_loss	15370.4034424
batch	6680	valid_loss	15354.1300049
batch	6700	valid_loss	15339.6472168
batch	6720	valid_loss	15355.3615723
batch	6740	valid_loss	15307.263916
batch	6760	valid_loss	15354.7945557
batch	6780	valid_loss	15380.6118164
batch	6800	valid_loss	15339.5252686
batch	6820	valid_loss	15361.456543
batch	6840	valid_loss	15333.840332
batch	6860	valid_loss	15377.3023682
batch	6880	valid_loss	15340.3238525
batch	6900	valid_loss	15344.4493408
batch	6920	valid_loss	15346.348999
batch	6940	valid_loss	15366.7653809
batch	6960	valid_loss	15361.9650879
batch	6980	valid_loss	15345.928833
batch	7000	valid_loss	15342.7965088
batch	7020	valid_loss	15344.25354
batch	7040	valid_loss	15341.4362793
batch	7060	valid_loss	15344.6606445
batch	7080	valid_loss	15323.3338623
batch	7100	valid_loss	15309.4735107
batch	7120	valid_loss	15338.411377
batch	7140	valid_loss	15349.4700928
batch	7160	valid_loss	15365.8470459
batch	7180	valid_loss	15325.0129395
batch	7200	valid_loss	15368.6203613
batch	7220	valid_loss	15301.7391357
batch	7240	valid_loss	15344.7618408
batch	7260	valid_loss	15352.0062256
batch	7280	valid_loss	15345.7081299
batch	7300	valid_loss	15351.5231934
batch	7320	valid_loss	15292.2189941
batch	7340	valid_loss	15345.1571045
batch	7360	valid_loss	15318.8632812
batch	7380	valid_loss	15324.9371338
batch	7400	valid_loss	15364.1733398
batch	7420	valid_loss	15310.7381592
batch	7440	valid_loss	15334.0302734
batch	7460	valid_loss	15301.1326904
batch	7480	valid_loss	15357.4750977
batch	7500	valid_loss	15296.2458496
batch	7520	valid_loss	15316.6993408
batch	7540	valid_loss	15324.1682129
batch	7560	valid_loss	15317.774292
batch	7580	valid_loss	15337.9346924
batch	7600	valid_loss	15343.1817627
batch	7620	valid_loss	15331.9985352
batch	7640	valid_loss	15292.920166
batch	7660	valid_loss	15339.6478271
batch	7680	valid_loss	15307.6357422
batch	7700	valid_loss	15330.4978027
batch	7720	valid_loss	15315.7479248
batch	7740	valid_loss	15293.1193848
batch	7760	valid_loss	15337.4083252
batch	7780	valid_loss	15341.4267578
batch	7800	valid_loss	15322.3878174
batch	7820	valid_loss	15298.6290283
batch	7840	valid_loss	15332.208374
batch	7860	valid_loss	15331.5839844
batch	7880	valid_loss	15361.4105225
batch	7900	valid_loss	15340.8060303
batch	7920	valid_loss	15339.9814453
batch	7940	valid_loss	15297.2191162
batch	7960	valid_loss	15337.4442139
batch	7980	valid_loss	15318.4996338
batch	8000	valid_loss	15314.0025635
batch	8020	valid_loss	15318.7558594
batch	8040	valid_loss	15295.4349365
batch	8060	valid_loss	15328.2926025
batch	8080	valid_loss	15319.8851318
batch	8100	valid_loss	15332.5544434
batch	8120	valid_loss	15297.1350098
batch	8140	valid_loss	15334.0847168
batch	8160	valid_loss	15297.7426758
batch	8180	valid_loss	15312.6569824
batch	8200	valid_loss	15307.1433105
batch	8220	valid_loss	15338.0583496
batch	8240	valid_loss	15312.3562012
batch	8260	valid_loss	15305.2646484
batch	8280	valid_loss	15321.175415
batch	8300	valid_loss	15285.6740723
batch	8320	valid_loss	15325.1234131
batch	8340	valid_loss	15329.3382568
batch	8360	valid_loss	15307.4016113
batch	8380	valid_loss	15302.9049072
batch	8400	valid_loss	15310.4724121
batch	8420	valid_loss	15345.381958
batch	8440	valid_loss	15307.2458496
batch	8460	valid_loss	15317.4239502
batch	8480	valid_loss	15302.3164062
batch	8500	valid_loss	15333.1245117
batch	8520	valid_loss	15319.9311523
batch	8540	valid_loss	15311.6990967
batch	8560	valid_loss	15307.5740967
batch	8580	valid_loss	15310.9436035
batch	8600	valid_loss	15327.4179688
batch	8620	valid_loss	15304.4433594
batch	8640	valid_loss	15279.6729736
batch	8660	valid_loss	15264.501709
batch	8680	valid_loss	15327.3815918
batch	8700	valid_loss	15308.9526367
batch	8720	valid_loss	15340.5870361
batch	8740	valid_loss	15302.9700928
batch	8760	valid_loss	15323.7958984
batch	8780	valid_loss	15291.6861572
batch	8800	valid_loss	15321.7021484
batch	8820	valid_loss	15321.7398682
batch	8840	valid_loss	15317.5402832
batch	8860	valid_loss	15337.9897461
batch	8880	valid_loss	15253.1585693
batch	8900	valid_loss	15311.7481689
batch	8920	valid_loss	15302.0253906
batch	8940	valid_loss	15295.6363525
batch	8960	valid_loss	15354.3666992
batch	8980	valid_loss	15297.2669678
batch	9000	valid_loss	15321.9537354
batch	9020	valid_loss	15286.1594238
batch	9040	valid_loss	15312.0666504
batch	9060	valid_loss	15273.3929443
batch	9080	valid_loss	15299.5803223
batch	9100	valid_loss	15285.6947021
batch	9120	valid_loss	15283.5137939
batch	9140	valid_loss	15297.7767334
batch	9160	valid_loss	15318.1741943
batch	9180	valid_loss	15293.0526123
batch	9200	valid_loss	15272.9439697
batch	9220	valid_loss	15313.1168213
batch	9240	valid_loss	15298.0633545
batch	9260	valid_loss	15311.4454346
batch	9280	valid_loss	15295.9130859
batch	9300	valid_loss	15274.4146729
batch	9320	valid_loss	15310.0362549
batch	9340	valid_loss	15313.3397217
batch	9360	valid_loss	15296.7056885
batch	9380	valid_loss	15262.4962158
batch	9400	valid_loss	15305.4576416
batch	9420	valid_loss	15311.6677246
batch	9440	valid_loss	15343.0279541
batch	9460	valid_loss	15321.9328613
batch	9480	valid_loss	15313.2554932
batch	9500	valid_loss	15271.7293701
batch	9520	valid_loss	15317.0025635
batch	9540	valid_loss	15283.6713867
batch	9560	valid_loss	15288.9018555
batch	9580	valid_loss	15300.4916992
batch	9600	valid_loss	15266.2042236
batch	9620	valid_loss	15314.9925537
batch	9640	valid_loss	15314.6369629
batch	9660	valid_loss	15310.3673096
batch	9680	valid_loss	15279.0604248
batch	9700	valid_loss	15308.0827637
batch	9720	valid_loss	15277.2116699
batch	9740	valid_loss	15302.6806641
batch	9760	valid_loss	15282.8757324
batch	9780	valid_loss	15313.5240479
batch	9800	valid_loss	15302.9462891
batch	9820	valid_loss	15269.0932617
batch	9840	valid_loss	15305.7641602
batch	9860	valid_loss	15278.5056152
batch	9880	valid_loss	15311.8616943
batch	9900	valid_loss	15323.5299072
batch	9920	valid_loss	15279.9295654
batch	9940	valid_loss	15297.9812012
batch	9960	valid_loss	15284.5336914
batch	9980	valid_loss	15324.4042969
batch	10000	valid_loss	15287.6337891
batch	10020	valid_loss	15313.7705078
batch	10040	valid_loss	15280.5805664
batch	10060	valid_loss	15316.5682373
batch	10080	valid_loss	15320.6971436
batch	10100	valid_loss	15297.7928467
batch	10120	valid_loss	15303.6942139
batch	10140	valid_loss	15293.8468018
batch	10160	valid_loss	15298.5150146
batch	10180	valid_loss	15288.2575684
batch	10200	valid_loss	15269.8175049
batch	10220	valid_loss	15270.8925781
batch	10240	valid_loss	15300.6834717
batch	10260	valid_loss	15314.2479248
batch	10280	valid_loss	15318.2442627
batch	10300	valid_loss	15283.0898438
batch	10320	valid_loss	15315.3435059
batch	10340	valid_loss	15263.9467773
batch	10360	valid_loss	15312.081543
batch	10380	valid_loss	15313.1934814
batch	10400	valid_loss	15309.8356934
batch	10420	valid_loss	15307.2078857
batch	10440	valid_loss	15253.1365967
batch	10460	valid_loss	15299.0266113
batch	10480	valid_loss	15290.6463623
batch	10500	valid_loss	15288.1417236
batch	10520	valid_loss	15338.1257324
batch	10540	valid_loss	15277.7791748
batch	10560	valid_loss	15295.2469482
batch	10580	valid_loss	15271.0133057
batch	10600	valid_loss	15296.5576172
batch	10620	valid_loss	15238.1207275
batch	10640	valid_loss	15298.3781738
batch	10660	valid_loss	15267.3135986
batch	10680	valid_loss	15282.376709
batch	10700	valid_loss	15287.1629639
batch	10720	valid_loss	15305.2286377
batch	10740	valid_loss	15300.2857666
batch	10760	valid_loss	15254.4742432
batch	10780	valid_loss	15280.0493164
batch	10800	valid_loss	15271.5264893
batch	10820	valid_loss	15284.0065918
batch	10840	valid_loss	15268.3215332
batch	10860	valid_loss	15262.2528076
batch	10880	valid_loss	15316.3911133
batch	10900	valid_loss	15288.8394775
batch	10920	valid_loss	15287.1508789
batch	10940	valid_loss	15257.3608398
batch	10960	valid_loss	15284.0090332
batch	10980	valid_loss	15285.730957
batch	11000	valid_loss	15323.0159912
batch	11020	valid_loss	15297.1356201
batch	11040	valid_loss	15298.6428223
batch	11060	valid_loss	15261.5712891
batch	11080	valid_loss	15292.2019043
batch	11100	valid_loss	15276.8557129
batch	11120	valid_loss	15269.0574951
batch	11140	valid_loss	15280.1439209
batch	11160	valid_loss	15261.2061768
batch	11180	valid_loss	15310.5444336
batch	11200	valid_loss	15288.9984131
batch	11220	valid_loss	15300.4887695
batch	11240	valid_loss	15261.8499756
batch	11260	valid_loss	15292.7467041
batch	11280	valid_loss	15266.336792
batch	11300	valid_loss	15288.1470947
batch	11320	valid_loss	15277.9692383
batch	11340	valid_loss	15300.1462402
batch	11360	valid_loss	15277.1126709
batch	11380	valid_loss	15259.7171631
batch	11400	valid_loss	15285.4509277
batch	11420	valid_loss	15253.3901367
batch	11440	valid_loss	15287.9422607
batch	11460	valid_loss	15306.2973633
batch	11480	valid_loss	15271.1262207
batch	11500	valid_loss	15284.9472656
batch	11520	valid_loss	15285.7181396
batch	11540	valid_loss	15298.574585
batch	11560	valid_loss	15270.7230225
batch	11580	valid_loss	15305.8635254
batch	11600	valid_loss	15275.9012451
batch	11620	valid_loss	15295.2716064
batch	11640	valid_loss	15294.9262695
batch	11660	valid_loss	15282.3867188
batch	11680	valid_loss	15278.5861816
batch	11700	valid_loss	15289.8850098
batch	11720	valid_loss	15299.4812012
batch	11740	valid_loss	15279.3619385
batch	11760	valid_loss	15243.2851562
batch	11780	valid_loss	15248.5227051
batch	11800	valid_loss	15307.708252
batch	11820	valid_loss	15298.133667
batch	11840	valid_loss	15308.2926025
batch	11860	valid_loss	15270.8358154
batch	11880	valid_loss	15308.8544922
batch	11900	valid_loss	15258.0709229
batch	11920	valid_loss	15293.8996582
batch	11940	valid_loss	15298.2208252
batch	11960	valid_loss	15290.1635742
batch	11980	valid_loss	15289.1785889
batch	12000	valid_loss	15239.7369385
batch	12020	valid_loss	15288.8937988
batch	12040	valid_loss	15271.2197266
batch	12060	valid_loss	15270.2913818
batch	12080	valid_loss	15318.9742432
batch	12100	valid_loss	15263.8063965
batch	12120	valid_loss	15287.9528809
batch	12140	valid_loss	15249.2542725
batch	12160	valid_loss	15292.1273193
batch	12180	valid_loss	15254.1070557
batch	12200	valid_loss	15278.1929932
batch	12220	valid_loss	15251.1018066
batch	12240	valid_loss	15267.31604
batch	12260	valid_loss	15273.4384766
batch	12280	valid_loss	15304.7178955
batch	12300	valid_loss	15287.6589355
batch	12320	valid_loss	15250.8425293
batch	12340	valid_loss	15273.9143066
batch	12360	valid_loss	15275.206543
batch	12380	valid_loss	15287.2507324
batch	12400	valid_loss	15279.62854
batch	12420	valid_loss	15258.2131348
batch	12440	valid_loss	15304.8616943
batch	12460	valid_loss	15290.9019775
batch	12480	valid_loss	15279.1782227
batch	12500	valid_loss	15241.2357178
batch	12520	valid_loss	15270.4724121
batch	12540	valid_loss	15299.0308838
batch	12560	valid_loss	15319.5394287
batch	12580	valid_loss	15296.3220215
batch	12600	valid_loss	15267.8640137
batch	12620	valid_loss	15258.0159912
batch	12640	valid_loss	15288.4697266
batch	12660	valid_loss	15264.2634277
batch	12680	valid_loss	15267.1051025
batch	12700	valid_loss	15270.0357666
batch	12720	valid_loss	15243.9674072
batch	12740	valid_loss	15288.1595459
batch	12760	valid_loss	15277.1704102
batch	12780	valid_loss	15285.5004883
batch	12800	valid_loss	15249.4801025
batch	12820	valid_loss	15286.8225098
batch	12840	valid_loss	15263.2692871
batch	12860	valid_loss	15256.4020996
batch	12880	valid_loss	15263.7803955
batch	12900	valid_loss	15291.9741211
batch	12920	valid_loss	15276.7459717
batch	12940	valid_loss	15248.715332
batch	12960	valid_loss	15279.2474365
batch	12980	valid_loss	15249.1257324
batch	13000	valid_loss	15286.980835
batch	13020	valid_loss	15296.1022949
batch	13040	valid_loss	15254.739502
batch	13060	valid_loss	15265.5941162
batch	13080	valid_loss	15276.0583496
batch	13100	valid_loss	15301.5238037
batch	13120	valid_loss	15262.4072266
batch	13140	valid_loss	15280.7402344
batch	13160	valid_loss	15265.7800293
batch	13180	valid_loss	15303.9416504
batch	13200	valid_loss	15287.2408447
batch	13220	valid_loss	15276.2271729
batch	13240	valid_loss	15284.2258301
batch	13260	valid_loss	15278.1744385
batch	13280	valid_loss	15277.8383789
batch	13300	valid_loss	15274.7310791
batch	13320	valid_loss	15251.888916
batch	13340	valid_loss	15238.1523438
batch	13360	valid_loss	15291.9699707
batch	13380	valid_loss	15277.8477783
batch	13400	valid_loss	15297.7531738
batch	13420	valid_loss	15269.6143799
batch	13440	valid_loss	15297.1765137
batch	13460	valid_loss	15233.4163818
batch	13480	valid_loss	15284.1566162
batch	13500	valid_loss	15295.4788818
batch	13520	valid_loss	15284.9449463
batch	13540	valid_loss	15279.6409912
batch	13560	valid_loss	15232.894165
batch	13580	valid_loss	15294.2164307
batch	13600	valid_loss	15251.7010498
batch	13620	valid_loss	15259.81604
batch	13640	valid_loss	15301.2670898
batch	13660	valid_loss	15261.62146
batch	13680	valid_loss	15279.7265625
batch	13700	valid_loss	15243.9829102
batch	13720	valid_loss	15286.4766846
batch	13740	valid_loss	15230.135498
batch	13760	valid_loss	15270.810791
batch	13780	valid_loss	15249.8721924
batch	13800	valid_loss	15249.7818604
batch	13820	valid_loss	15271.0148926
batch	13840	valid_loss	15285.7467041
batch	13860	valid_loss	15285.0073242
batch	13880	valid_loss	15243.9990234
batch	13900	valid_loss	15261.699585
batch	13920	valid_loss	15261.3248291
batch	13940	valid_loss	15272.1177979
batch	13960	valid_loss	15265.5147705
batch	13980	valid_loss	15250.026123
batch	14000	valid_loss	15289.5922852
batch	14020	valid_loss	15275.550415
batch	14040	valid_loss	15260.8996582
batch	14060	valid_loss	15227.2270508
batch	14080	valid_loss	15267.7299805
batch	14100	valid_loss	15276.0950928
batch	14120	valid_loss	15301.6472168
batch	14140	valid_loss	15283.7321777
batch	14160	valid_loss	15256.9146729
batch	14180	valid_loss	15248.2512207
batch	14200	valid_loss	15283.2954102
batch	14220	valid_loss	15260.3895264
batch	14240	valid_loss	15250.644043
batch	14260	valid_loss	15275.2268066
batch	14280	valid_loss	15245.9902344
batch	14300	valid_loss	15281.3453369
batch	14320	valid_loss	15285.4698486
batch	14340	valid_loss	15281.5667725
batch	14360	valid_loss	15228.5474854
batch	14380	valid_loss	15282.6905518
batch	14400	valid_loss	15254.3708496
batch	14420	valid_loss	15273.3458252
batch	14440	valid_loss	15254.6800537
batch	14460	valid_loss	15298.7706299
batch	14480	valid_loss	15267.4989014
batch	14500	valid_loss	15253.5787354
batch	14520	valid_loss	15267.7976074
batch	14540	valid_loss	15237.4992676
batch	14560	valid_loss	15267.0157471
batch	14580	valid_loss	15290.6729736
batch	14600	valid_loss	15253.2758789
batch	14620	valid_loss	15266.6811523
batch	14640	valid_loss	15263.3253174
batch	14660	valid_loss	15292.527832
batch	14680	valid_loss	15266.0488281
batch	14700	valid_loss	15278.9396973
batch	14720	valid_loss	15271.2524414
batch	14740	valid_loss	15286.6037598
batch	14760	valid_loss	15283.859375
batch	14780	valid_loss	15270.5477295
batch	14800	valid_loss	15275.1536865
batch	14820	valid_loss	15269.8864746
batch	14840	valid_loss	15279.3215332
batch	14860	valid_loss	15282.9987793
batch	14880	valid_loss	15228.1486816
batch	14900	valid_loss	15228.1027832
batch	14920	valid_loss	15286.0860596
batch	14940	valid_loss	15273.3977051
batch	14960	valid_loss	15296.1567383
batch	14980	valid_loss	15247.1583252
batch	15000	valid_loss	15285.6312256
batch	15020	valid_loss	15221.2521973
batch	15040	valid_loss	15280.4719238
batch	15060	valid_loss	15274.6264648
batch	15080	valid_loss	15274.8544922
batch	15100	valid_loss	15286.37146
batch	15120	valid_loss	15228.5063477
batch	15140	valid_loss	15265.3618164
batch	15160	valid_loss	15232.769165
batch	15180	valid_loss	15253.125
batch	15200	valid_loss	15303.6645508
batch	15220	valid_loss	15237.3284912
batch	15240	valid_loss	15269.590332
batch	15260	valid_loss	15232.8062744
batch	15280	valid_loss	15290.8908691
batch	15300	valid_loss	15242.6379395
batch	15320	valid_loss	15283.9829102
batch	15340	valid_loss	15228.4490967
batch	15360	valid_loss	15248.9521484
batch	15380	valid_loss	15263.9041748
batch	15400	valid_loss	15277.1502686
batch	15420	valid_loss	15266.7220459
batch	15440	valid_loss	15243.5345459
batch	15460	valid_loss	15276.635498
batch	15480	valid_loss	15234.8409424
batch	15500	valid_loss	15256.5600586
batch	15520	valid_loss	15258.0445557
batch	15540	valid_loss	15242.9644775
batch	15560	valid_loss	15274.0975342
batch	15580	valid_loss	15273.2089844
batch	15600	valid_loss	15252.0385742
batch	15620	valid_loss	15232.4638672
batch	15640	valid_loss	15271.8658447
batch	15660	valid_loss	15281.9105225
batch	15680	valid_loss	15298.0390625
batch	15700	valid_loss	15280.5211182
batch	15720	valid_loss	15284.595459
batch	15740	valid_loss	15239.0369873
batch	15760	valid_loss	15265.1038818
batch	15780	valid_loss	15256.668457
batch	15800	valid_loss	15250.4952393
batch	15820	valid_loss	15269.1088867
batch	15840	valid_loss	15228.1103516
batch	15860	valid_loss	15281.2562256
batch	15880	valid_loss	15276.2462158
batch	15900	valid_loss	15282.798584
batch	15920	valid_loss	15246.4012451
batch	15940	valid_loss	15285.2558594
batch	15960	valid_loss	15253.1134033
batch	15980	valid_loss	15263.0255127
batch	16000	valid_loss	15255.1044922
batch	16020	valid_loss	15295.6086426
batch	16040	valid_loss	15254.1654053
batch	16060	valid_loss	15247.6462402
batch	16080	valid_loss	15269.8342285
batch	16100	valid_loss	15225.9484863
batch	16120	valid_loss	15268.677002
batch	16140	valid_loss	15281.7099609
batch	16160	valid_loss	15245.9237061
batch	16180	valid_loss	15273.1622314
batch	16200	valid_loss	15245.6622314
batch	16220	valid_loss	15274.020874
batch	16240	valid_loss	15254.8511963
batch	16260	valid_loss	15278.7044678
batch	16280	valid_loss	15256.2564697
batch	16300	valid_loss	15287.6513672
batch	16320	valid_loss	15270.7462158
batch	16340	valid_loss	15259.0493164
batch	16360	valid_loss	15265.4123535
batch	16380	valid_loss	15259.3034668
batch	16400	valid_loss	15270.6188965
batch	16420	valid_loss	15269.1075439
batch	16440	valid_loss	15222.7321777
batch	16460	valid_loss	15228.1149902
batch	16480	valid_loss	15268.27771
batch	16500	valid_loss	15285.4904785
batch	16520	valid_loss	15281.0166016
batch	16540	valid_loss	15248.6113281
batch	16560	valid_loss	15294.0844727
batch	16580	valid_loss	15217.6967773
batch	16600	valid_loss	15281.4099121
batch	16620	valid_loss	15283.284668
batch	16640	valid_loss	15271.8199463
batch	16660	valid_loss	15262.6541748
batch	16680	valid_loss	15215.899292
batch	16700	valid_loss	15286.3206787
batch	16720	valid_loss	15251.5014648
batch	16740	valid_loss	15246.1304932
batch	16760	valid_loss	15291.4008789
batch	16780	valid_loss	15238.4371338
batch	16800	valid_loss	15264.6094971
batch	16820	valid_loss	15221.0324707
batch	16840	valid_loss	15268.4298096
batch	16860	valid_loss	15218.227417
batch	16880	valid_loss	15247.645752
batch	16900	valid_loss	15223.9952393
batch	16920	valid_loss	15236.5449219
batch	16940	valid_loss	15245.1141357
batch	16960	valid_loss	15269.5922852
batch	16980	valid_loss	15274.3043213
batch	17000	valid_loss	15231.9345703
batch	17020	valid_loss	15262.4830322
batch	17040	valid_loss	15237.9276123
batch	17060	valid_loss	15263.1934814
batch	17080	valid_loss	15248.791748
batch	17100	valid_loss	15234.0203857
batch	17120	valid_loss	15273.2567139
batch	17140	valid_loss	15249.1079102
batch	17160	valid_loss	15250.0708008
batch	17180	valid_loss	15227.2286377
batch	17200	valid_loss	15254.9420166
batch	17220	valid_loss	15273.8360596
batch	17240	valid_loss	15301.7037354
batch	17260	valid_loss	15269.7109375
batch	17280	valid_loss	15279.7374268
batch	17300	valid_loss	15247.1821289
batch	17320	valid_loss	15266.7105713
batch	17340	valid_loss	15238.8878174
batch	17360	valid_loss	15252.1190186
batch	17380	valid_loss	15252.8297119
batch	17400	valid_loss	15233.7709961
batch	17420	valid_loss	15289.7181396
batch	17440	valid_loss	15269.4108887
batch	17460	valid_loss	15261.8812256
batch	17480	valid_loss	15238.1779785
batch	17500	valid_loss	15281.2723389
batch	17520	valid_loss	15240.1878662
batch	17540	valid_loss	15260.8360596
batch	17560	valid_loss	15245.894043
batch	17580	valid_loss	15276.7073975
batch	17600	valid_loss	15243.6207275
batch	17620	valid_loss	15233.1802979
batch	17640	valid_loss	15264.3811035
batch	17660	valid_loss	15227.5709229
batch	17680	valid_loss	15257.9758301
batch	17700	valid_loss	15280.4923096
batch	17720	valid_loss	15256.1975098
batch	17740	valid_loss	15253.3059082
batch	17760	valid_loss	15251.3269043
batch	17780	valid_loss	15267.2781982
batch	17800	valid_loss	15240.5046387
batch	17820	valid_loss	15270.6174316
batch	17840	valid_loss	15246.8114014
batch	17860	valid_loss	15277.697876
batch	17880	valid_loss	15270.3967285
batch	17900	valid_loss	15264.4134521
batch	17920	valid_loss	15251.6580811
batch	17940	valid_loss	15251.6425781
batch	17960	valid_loss	15278.7017822
batch	17980	valid_loss	15274.4140625
batch	18000	valid_loss	15243.8540039
batch	18020	valid_loss	15206.8800049
batch	18040	valid_loss	15259.2285156
batch	18060	valid_loss	15277.1026611
batch	18080	valid_loss	15288.2580566
batch	18100	valid_loss	15242.2912598
batch	18120	valid_loss	15301.7342529
batch	18140	valid_loss	15232.8587646
batch	18160	valid_loss	15280.5633545
batch	18180	valid_loss	15276.9671631
batch	18200	valid_loss	15275.0557861
batch	18220	valid_loss	15256.6184082
batch	18240	valid_loss	15227.130249
batch	18260	valid_loss	15260.5013428
batch	18280	valid_loss	15239.8155518
batch	18300	valid_loss	15238.0981445
batch	18320	valid_loss	15291.5234375
batch	18340	valid_loss	15249.4527588
batch	18360	valid_loss	15266.8240967
batch	18380	valid_loss	15226.4415283
batch	18400	valid_loss	15269.7027588
batch	18420	valid_loss	15230.0410156
batch	18440	valid_loss	15254.7717285
batch	18460	valid_loss	15228.9847412
batch	18480	valid_loss	15252.8643799
batch	18500	valid_loss	15257.1682129
batch	18520	valid_loss	15254.2150879
batch	18540	valid_loss	15257.1337891
batch	18560	valid_loss	15224.1026611
batch	18580	valid_loss	15250.2130127
batch	18600	valid_loss	15243.8919678
batch	18620	valid_loss	15241.7219238
batch	18640	valid_loss	15251.0426025
batch	18660	valid_loss	15223.8674316
batch	18680	valid_loss	15280.5131836
batch	18700	valid_loss	15268.6258545
batch	18720	valid_loss	15236.9868164
batch	18740	valid_loss	15230.2385254
batch	18760	valid_loss	15245.8676758
batch	18780	valid_loss	15270.3800049
batch	18800	valid_loss	15286.8052979
batch	18820	valid_loss	15254.4329834
batch	18840	valid_loss	15265.5748291
batch	18860	valid_loss	15236.487793
batch	18880	valid_loss	15271.5582275
batch	18900	valid_loss	15233.3044434
batch	18920	valid_loss	15245.3591309
batch	18940	valid_loss	15253.5015869
batch	18960	valid_loss	15216.8120117
batch	18980	valid_loss	15270.4698486
batch	19000	valid_loss	15257.972168
batch	19020	valid_loss	15271.0405273
batch	19040	valid_loss	15233.2159424
batch	19060	valid_loss	15282.6080322
batch	19080	valid_loss	15224.3834229
batch	19100	valid_loss	15241.9714355
batch	19120	valid_loss	15237.1218262
batch	19140	valid_loss	15269.842041
batch	19160	valid_loss	15253.0950928
batch	19180	valid_loss	15241.9660645
batch	19200	valid_loss	15258.149292
batch	19220	valid_loss	15237.71875
batch	19240	valid_loss	15268.9487305
batch	19260	valid_loss	15274.5750732
batch	19280	valid_loss	15227.8166504
batch	19300	valid_loss	15264.6195068
batch	19320	valid_loss	15240.3868408
batch	19340	valid_loss	15273.3883057
batch	19360	valid_loss	15252.255127
batch	19380	valid_loss	15257.7344971
batch	19400	valid_loss	15236.4379883
batch	19420	valid_loss	15266.4703369
batch	19440	valid_loss	15264.0522461
batch	19460	valid_loss	15247.0584717
batch	19480	valid_loss	15249.72229
batch	19500	valid_loss	15259.0021973
batch	19520	valid_loss	15248.6494141
batch	19540	valid_loss	15249.7471924
batch	19560	valid_loss	15221.3583984
batch	19580	valid_loss	15213.861084
batch	19600	valid_loss	15263.4564209
batch	19620	valid_loss	15261.2597656
batch	19640	valid_loss	15292.0268555
batch	19660	valid_loss	15221.1885986
batch	19680	valid_loss	15266.7630615
batch	19700	valid_loss	15217.2198486
batch	19720	valid_loss	15275.7412109
batch	19740	valid_loss	15257.0823975
batch	19760	valid_loss	15274.7706299
batch	19780	valid_loss	15264.0373535
batch	19800	valid_loss	15208.8781738
batch	19820	valid_loss	15253.9730225
batch	19840	valid_loss	15226.9866943
batch	19860	valid_loss	15224.5854492
batch	19880	valid_loss	15284.3525391
batch	19900	valid_loss	15245.6790771
batch	19920	valid_loss	15263.7209473
batch	19940	valid_loss	15219.4036865
batch	19960	valid_loss	15265.9365234
batch	19980	valid_loss	15212.9691162
batch	20000	valid_loss	15257.7210693
batch	20020	valid_loss	15221.4239502
batch	20040	valid_loss	15231.6882324
batch	20060	valid_loss	15233.501709
batch	20080	valid_loss	15267.9849854
batch	20100	valid_loss	15267.3734131
batch	20120	valid_loss	15215.7629395
batch	20140	valid_loss	15255.4995117
batch	20160	valid_loss	15221.0917969
batch	20180	valid_loss	15258.583252
batch	20200	valid_loss	15252.8736572
batch	20220	valid_loss	15225.894165
batch	20240	valid_loss	15265.6119385
batch	20260	valid_loss	15252.9162598
batch	20280	valid_loss	15246.9152832
batch	20300	valid_loss	15210.505127
batch	20320	valid_loss	15246.7563477
batch	20340	valid_loss	15271.0290527
batch	20360	valid_loss	15298.4145508
batch	20380	valid_loss	15269.5194092
batch	20400	valid_loss	15245.7318115
batch	20420	valid_loss	15230.2513428
batch	20440	valid_loss	15260.8935547
batch	20460	valid_loss	15235.4373779
batch	20480	valid_loss	15243.4699707
batch	20500	valid_loss	15242.0991211
batch	20520	valid_loss	15240.1425781
batch	20540	valid_loss	15273.302124
batch	20560	valid_loss	15258.4291992
batch	20580	valid_loss	15259.7884521
batch	20600	valid_loss	15226.4001465
batch	20620	valid_loss	15270.1777344
batch	20640	valid_loss	15234.1251221
batch	20660	valid_loss	15252.407959
batch	20680	valid_loss	15247.4450684
batch	20700	valid_loss	15279.7963867
batch	20720	valid_loss	15246.4382324
batch	20740	valid_loss	15238.1228027
batch	20760	valid_loss	15254.8375244
batch	20780	valid_loss	15233.6700439
batch	20800	valid_loss	15270.0390625
batch	20820	valid_loss	15274.0238037
batch	20840	valid_loss	15246.3056641
batch	20860	valid_loss	15246.3820801
batch	20880	valid_loss	15252.0666504
batch	20900	valid_loss	15270.1662598
batch	20920	valid_loss	15232.5544434
batch	20940	valid_loss	15253.2418213
batch	20960	valid_loss	15230.800293
batch	20980	valid_loss	15271.3571777
batch	21000	valid_loss	15259.9150391
batch	21020	valid_loss	15266.7679443
batch	21040	valid_loss	15240.7320557
batch	21060	valid_loss	15247.2714844
batch	21080	valid_loss	15257.2634277
batch	21100	valid_loss	15247.769043
batch	21120	valid_loss	15226.4250488
batch	21140	valid_loss	15205.7143555
batch	21160	valid_loss	15270.949707
batch	21180	valid_loss	15262.4238281
batch	21200	valid_loss	15285.7698975
batch	21220	valid_loss	15228.9202881
batch	21240	valid_loss	15279.5699463
batch	21260	valid_loss	15227.9654541
batch	21280	valid_loss	15264.5435791
batch	21300	valid_loss	15269.5286865
batch	21320	valid_loss	15272.4970703
batch	21340	valid_loss	15264.7105713
batch	21360	valid_loss	15207.2431641
batch	21380	valid_loss	15273.9901123
batch	21400	valid_loss	15241.2757568
batch	21420	valid_loss	15239.2866211
batch	21440	valid_loss	15290.2246094
batch	21460	valid_loss	15233.9500732
batch	21480	valid_loss	15251.4187012
batch	21500	valid_loss	15228.9691162
batch	21520	valid_loss	15256.1241455
batch	21540	valid_loss	15217.7110596
batch	21560	valid_loss	15242.1081543
batch	21580	valid_loss	15222.1600342
batch	21600	valid_loss	15223.8908691
batch	21620	valid_loss	15231.8554688
batch	21640	valid_loss	15257.5489502
batch	21660	valid_loss	15252.7122803
batch	21680	valid_loss	15200.8540039
batch	21700	valid_loss	15239.7390137
batch	21720	valid_loss	15240.970459
batch	21740	valid_loss	15253.3807373
batch	21760	valid_loss	15239.881958
batch	21780	valid_loss	15220.9816895
batch	21800	valid_loss	15278.7105713
batch	21820	valid_loss	15261.0771484
batch	21840	valid_loss	15237.744873
batch	21860	valid_loss	15209.1678467
batch	21880	valid_loss	15248.6829834
batch	21900	valid_loss	15261.8688965
batch	21920	valid_loss	15269.3538818
batch	21940	valid_loss	15260.4759521
batch	21960	valid_loss	15249.0566406
batch	21980	valid_loss	15223.0117188
batch	22000	valid_loss	15256.6025391
batch	22020	valid_loss	15244.1660156
batch	22040	valid_loss	15239.4216309
batch	22060	valid_loss	15258.0811768
batch	22080	valid_loss	15219.2471924
batch	22100	valid_loss	15265.2171631
batch	22120	valid_loss	15259.0223389
batch	22140	valid_loss	15260.7539062
batch	22160	valid_loss	15209.2132568
batch	22180	valid_loss	15267.8409424
batch	22200	valid_loss	15213.8035889
batch	22220	valid_loss	15249.348877
batch	22240	valid_loss	15234.654541
batch	22260	valid_loss	15263.1320801
batch	22280	valid_loss	15244.8415527
batch	22300	valid_loss	15233.1051025
batch	22320	valid_loss	15258.2598877
batch	22340	valid_loss	15228.4898682
batch	22360	valid_loss	15269.6020508
batch	22380	valid_loss	15275.319458
batch	22400	valid_loss	15242.102417
batch	22420	valid_loss	15257.3492432
batch	22440	valid_loss	15241.4466553
batch	22460	valid_loss	15272.7980957
batch	22480	valid_loss	15231.3596191
batch	22500	valid_loss	15258.3613281
batch	22520	valid_loss	15242.5684814
batch	22540	valid_loss	15267.6854248
batch	22560	valid_loss	15270.3952637
batch	22580	valid_loss	15256.838623
batch	22600	valid_loss	15247.9371338
batch	22620	valid_loss	15245.9262695
batch	22640	valid_loss	15251.7969971
batch	22660	valid_loss	15245.3555908
batch	22680	valid_loss	15216.3450928
batch	22700	valid_loss	15213.7423096
batch	22720	valid_loss	15254.4787598
batch	22740	valid_loss	15256.6097412
batch	22760	valid_loss	15277.8027344
batch	22780	valid_loss	15223.2689209
batch	22800	valid_loss	15273.6304932
batch	22820	valid_loss	15228.9725342
batch	22840	valid_loss	15253.3640137
batch	22860	valid_loss	15258.4783936
batch	22880	valid_loss	15262.0206299
batch	22900	valid_loss	15271.6307373
batch	22920	valid_loss	15212.4481201
batch	22940	valid_loss	15261.5535889
batch	22960	valid_loss	15237.5899658
batch	22980	valid_loss	15242.696167
batch	23000	valid_loss	15273.6573486
batch	23020	valid_loss	15226.2160645
batch	23040	valid_loss	15262.0516357
batch	23060	valid_loss	15218.3635254
batch	23080	valid_loss	15256.9506836
batch	23100	valid_loss	15206.5386963
batch	23120	valid_loss	15252.3238525
batch	23140	valid_loss	15227.1392822
batch	23160	valid_loss	15226.348877
batch	23180	valid_loss	15238.8580322
batch	23200	valid_loss	15251.5856934
batch	23220	valid_loss	15246.2803955
batch	23240	valid_loss	15225.684082
batch	23260	valid_loss	15249.7928467
batch	23280	valid_loss	15232.2775879
batch	23300	valid_loss	15257.4227295
batch	23320	valid_loss	15239.0933838
batch	23340	valid_loss	15227.8654785
batch	23360	valid_loss	15266.1889648
batch	23380	valid_loss	15271.3619385
batch	23400	valid_loss	15246.2219238
batch	23420	valid_loss	15206.8381348
batch	23440	valid_loss	15230.2974854
batch	23460	valid_loss	15266.3056641
batch	23480	valid_loss	15275.8834229
batch	23500	valid_loss	15268.4083252
batch	23520	valid_loss	15260.2127686
batch	23540	valid_loss	15222.7044678
batch	23560	valid_loss	15261.2021484
batch	23580	valid_loss	15243.2198486
batch	23600	valid_loss	15247.1203613
batch	23620	valid_loss	15237.2623291
batch	23640	valid_loss	15210.5438232
batch	23660	valid_loss	15262.7269287
batch	23680	valid_loss	15263.9375
batch	23700	valid_loss	15265.0311279
batch	23720	valid_loss	15215.5458984
batch	23740	valid_loss	15256.7224121
batch	23760	valid_loss	15234.600708
batch	23780	valid_loss	15250.8762207
batch	23800	valid_loss	15237.8642578
batch	23820	valid_loss	15267.9129639
batch	23840	valid_loss	15250.9173584
batch	23860	valid_loss	15215.9455566
batch	23880	valid_loss	15257.0632324
batch	23900	valid_loss	15219.9064941
batch	23920	valid_loss	15248.2518311
batch	23940	valid_loss	15264.8820801
batch	23960	valid_loss	15225.1621094
batch	23980	valid_loss	15257.7452393
batch	24000	valid_loss	15248.6630859
batch	24020	valid_loss	15262.1695557
batch	24040	valid_loss	15221.2929688
batch	24060	valid_loss	15246.2398682
batch	24080	valid_loss	15234.9749756
batch	24100	valid_loss	15257.7020264
batch	24120	valid_loss	15263.3591309
batch	24140	valid_loss	15249.5247803
batch	24160	valid_loss	15247.0018311
batch	24180	valid_loss	15232.8061523
batch	24200	valid_loss	15251.8029785
batch	24220	valid_loss	15244.0611572
batch	24240	valid_loss	15210.5706787
batch	24260	valid_loss	15209.2679443
batch	24280	valid_loss	15275.2543945
batch	24300	valid_loss	15252.5406494
batch	24320	valid_loss	15273.5750732
batch	24340	valid_loss	15219.5212402
batch	24360	valid_loss	15262.5042725
batch	24380	valid_loss	15197.2120361
batch	24400	valid_loss	15254.8933105
batch	24420	valid_loss	15262.1740723
batch	24440	valid_loss	15266.381958
batch	24460	valid_loss	15263.9154053
batch	24480	valid_loss	15217.1533203
batch	24500	valid_loss	15261.279541
batch	24520	valid_loss	15224.6616211
batch	24540	valid_loss	15229.0009766
batch	24560	valid_loss	15269.9155273
batch	24580	valid_loss	15228.590332
batch	24600	valid_loss	15252.2167969
batch	24620	valid_loss	15232.4680176
batch	24640	valid_loss	15258.0927734
batch	24660	valid_loss	15221.4354248
batch	24680	valid_loss	15244.9980469
batch	24700	valid_loss	15220.3345947
batch	24720	valid_loss	15223.4599609
batch	24740	valid_loss	15225.3144531
batch	24760	valid_loss	15252.8947754
batch	24780	valid_loss	15265.4034424
batch	24800	valid_loss	15220.7561035
batch	24820	valid_loss	15248.2821045
batch	24840	valid_loss	15228.5332031
batch	24860	valid_loss	15261.0620117
batch	24880	valid_loss	15230.4586182
batch	24900	valid_loss	15231.4700928
batch	24920	valid_loss	15264.2333984
batch	24940	valid_loss	15248.8775635
batch	24960	valid_loss	15242.223999
batch	24980	valid_loss	15211.8397217
STOP
START
config	340	960
batch	0	valid_loss	173280.78125
batch	20	valid_loss	99290.5458984
batch	40	valid_loss	91590.296875
batch	60	valid_loss	85980.1235352
batch	80	valid_loss	80669.2128906
batch	100	valid_loss	75266.5219727
batch	120	valid_loss	69671.8989258
batch	140	valid_loss	63882.2016602
batch	160	valid_loss	58216.4091797
batch	180	valid_loss	52829.8349609
batch	200	valid_loss	47981.3662109
batch	220	valid_loss	43670.2631836
batch	240	valid_loss	39952.015625
batch	260	valid_loss	36698.2521973
batch	280	valid_loss	34065.9575195
batch	300	valid_loss	31622.4675293
batch	320	valid_loss	29586.2106934
batch	340	valid_loss	27877.3945312
batch	360	valid_loss	26398.267334
batch	380	valid_loss	25133.5793457
batch	400	valid_loss	24064.2705078
batch	420	valid_loss	23080.9035645
batch	440	valid_loss	22247.6651611
batch	460	valid_loss	21498.0930176
batch	480	valid_loss	20886.8293457
batch	500	valid_loss	20313.3959961
batch	520	valid_loss	19837.0794678
batch	540	valid_loss	19412.8710938
batch	560	valid_loss	19035.2873535
batch	580	valid_loss	18711.8970947
batch	600	valid_loss	18423.6602783
batch	620	valid_loss	18177.541626
batch	640	valid_loss	17925.7236328
batch	660	valid_loss	17718.1883545
batch	680	valid_loss	17528.2823486
batch	700	valid_loss	17390.9023438
batch	720	valid_loss	17263.1636963
batch	740	valid_loss	17119.9594727
batch	760	valid_loss	16985.4472656
batch	780	valid_loss	16905.3369141
batch	800	valid_loss	16816.2962646
batch	820	valid_loss	16732.5418701
batch	840	valid_loss	16653.8500977
batch	860	valid_loss	16582.2600098
batch	880	valid_loss	16552.7950439
batch	900	valid_loss	16491.5964355
batch	920	valid_loss	16452.0946045
batch	940	valid_loss	16417.5234375
batch	960	valid_loss	16367.0019531
batch	980	valid_loss	16298.0594482
batch	1000	valid_loss	16297.3314209
batch	1020	valid_loss	16283.1497803
batch	1040	valid_loss	16257.6829834
batch	1060	valid_loss	16225.6680908
batch	1080	valid_loss	16164.2230225
batch	1100	valid_loss	16167.2575684
batch	1120	valid_loss	16141.8182373
batch	1140	valid_loss	16142.092041
batch	1160	valid_loss	16143.6529541
batch	1180	valid_loss	16097.840332
batch	1200	valid_loss	16109.5617676
batch	1220	valid_loss	16092.7015381
batch	1240	valid_loss	16103.3270264
batch	1260	valid_loss	16046.2598877
batch	1280	valid_loss	16050.5062256
batch	1300	valid_loss	16023.3988037
batch	1320	valid_loss	16033.1225586
batch	1340	valid_loss	16037.9533691
batch	1360	valid_loss	16032.6673584
batch	1380	valid_loss	16012.2072754
batch	1400	valid_loss	15994.1407471
batch	1420	valid_loss	16004.8106689
batch	1440	valid_loss	15973.0583496
batch	1460	valid_loss	15980.6951904
batch	1480	valid_loss	15985.9592285
batch	1500	valid_loss	15977.0157471
batch	1520	valid_loss	15985.4411621
batch	1540	valid_loss	15963.9411621
batch	1560	valid_loss	15985.8564453
batch	1580	valid_loss	15951.1882324
batch	1600	valid_loss	15962.7254639
batch	1620	valid_loss	15959.8944092
batch	1640	valid_loss	15987.7919922
batch	1660	valid_loss	15964.3355713
batch	1680	valid_loss	15955.3302002
batch	1700	valid_loss	15915.2883301
batch	1720	valid_loss	15936.5904541
batch	1740	valid_loss	15939.2932129
batch	1760	valid_loss	15936.7418213
batch	1780	valid_loss	15946.4141846
batch	1800	valid_loss	15917.8468018
batch	1820	valid_loss	15934.3608398
batch	1840	valid_loss	15949.0461426
batch	1860	valid_loss	15930.5322266
batch	1880	valid_loss	15910.7484131
batch	1900	valid_loss	15921.2174072
batch	1920	valid_loss	15877.854248
batch	1940	valid_loss	15914.2692871
batch	1960	valid_loss	15899.8867188
batch	1980	valid_loss	15925.9559326
batch	2000	valid_loss	15900.8878174
batch	2020	valid_loss	15892.8466797
batch	2040	valid_loss	15899.5828857
batch	2060	valid_loss	15880.9748535
batch	2080	valid_loss	15907.9439697
batch	2100	valid_loss	15915.5336914
batch	2120	valid_loss	15879.9107666
batch	2140	valid_loss	15884.9615479
batch	2160	valid_loss	15850.4066162
batch	2180	valid_loss	15896.6103516
batch	2200	valid_loss	15867.8947754
batch	2220	valid_loss	15859.3619385
batch	2240	valid_loss	15856.7668457
batch	2260	valid_loss	15878.9223633
batch	2280	valid_loss	15873.2294922
batch	2300	valid_loss	15858.5981445
batch	2320	valid_loss	15845.8996582
batch	2340	valid_loss	15839.1407471
batch	2360	valid_loss	15849.1304932
batch	2380	valid_loss	15830.5247803
batch	2400	valid_loss	15825.3939209
batch	2420	valid_loss	15814.5268555
batch	2440	valid_loss	15849.5249023
batch	2460	valid_loss	15856.5631104
batch	2480	valid_loss	15850.8510742
batch	2500	valid_loss	15832.9838867
batch	2520	valid_loss	15836.8050537
batch	2540	valid_loss	15788.927002
batch	2560	valid_loss	15824.4383545
batch	2580	valid_loss	15843.4713135
batch	2600	valid_loss	15821.3348389
batch	2620	valid_loss	15807.0240479
batch	2640	valid_loss	15760.2734375
batch	2660	valid_loss	15807.1226807
batch	2680	valid_loss	15790.864624
batch	2700	valid_loss	15780.4124756
batch	2720	valid_loss	15831.2587891
batch	2740	valid_loss	15758.4057617
batch	2760	valid_loss	15777.616333
batch	2780	valid_loss	15746.4912109
batch	2800	valid_loss	15788.0960693
batch	2820	valid_loss	15745.6317139
batch	2840	valid_loss	15755.8560791
batch	2860	valid_loss	15729.1398926
batch	2880	valid_loss	15757.9422607
batch	2900	valid_loss	15756.4311523
batch	2920	valid_loss	15777.8537598
batch	2940	valid_loss	15753.12854
batch	2960	valid_loss	15716.1347656
batch	2980	valid_loss	15745.2703857
batch	3000	valid_loss	15719.1940918
batch	3020	valid_loss	15729.1933594
batch	3040	valid_loss	15719.6379395
batch	3060	valid_loss	15707.6148682
batch	3080	valid_loss	15724.1481934
batch	3100	valid_loss	15711.2259521
batch	3120	valid_loss	15710.8261719
batch	3140	valid_loss	15680.2686768
batch	3160	valid_loss	15698.347168
batch	3180	valid_loss	15704.2919922
batch	3200	valid_loss	15728.6040039
batch	3220	valid_loss	15686.4979248
batch	3240	valid_loss	15685.9379883
batch	3260	valid_loss	15638.0333252
batch	3280	valid_loss	15662.777832
batch	3300	valid_loss	15653.4697266
batch	3320	valid_loss	15659.4024658
batch	3340	valid_loss	15666.2454834
batch	3360	valid_loss	15615.5305176
batch	3380	valid_loss	15645.5828857
batch	3400	valid_loss	15647.9086914
batch	3420	valid_loss	15631.1502686
batch	3440	valid_loss	15601.4007568
batch	3460	valid_loss	15615.1947021
batch	3480	valid_loss	15607.2655029
batch	3500	valid_loss	15600.3928223
batch	3520	valid_loss	15581.6030273
batch	3540	valid_loss	15624.1140137
batch	3560	valid_loss	15583.2357178
batch	3580	valid_loss	15561.4112549
batch	3600	valid_loss	15593.0767822
batch	3620	valid_loss	15550.9694824
batch	3640	valid_loss	15586.4078369
batch	3660	valid_loss	15593.8706055
batch	3680	valid_loss	15551.9581299
batch	3700	valid_loss	15567.3648682
batch	3720	valid_loss	15550.2769775
batch	3740	valid_loss	15591.2159424
batch	3760	valid_loss	15542.2877197
batch	3780	valid_loss	15551.9282227
batch	3800	valid_loss	15535.4979248
batch	3820	valid_loss	15557.6518555
batch	3840	valid_loss	15554.9018555
batch	3860	valid_loss	15533.9333496
batch	3880	valid_loss	15522.5894775
batch	3900	valid_loss	15512.6774902
batch	3920	valid_loss	15533.8093262
batch	3940	valid_loss	15526.3149414
batch	3960	valid_loss	15493.7181396
batch	3980	valid_loss	15498.6740723
batch	4000	valid_loss	15519.7655029
batch	4020	valid_loss	15523.2805176
batch	4040	valid_loss	15528.8676758
batch	4060	valid_loss	15499.690918
batch	4080	valid_loss	15533.9487305
batch	4100	valid_loss	15460.6951904
batch	4120	valid_loss	15529.84375
batch	4140	valid_loss	15507.3012695
batch	4160	valid_loss	15517.5435791
batch	4180	valid_loss	15510.4046631
batch	4200	valid_loss	15454.1843262
batch	4220	valid_loss	15485.4058838
batch	4240	valid_loss	15473.3052979
batch	4260	valid_loss	15473.0037842
batch	4280	valid_loss	15498.2573242
batch	4300	valid_loss	15458.8475342
batch	4320	valid_loss	15489.7736816
batch	4340	valid_loss	15454.3708496
batch	4360	valid_loss	15499.8884277
batch	4380	valid_loss	15444.7652588
batch	4400	valid_loss	15452.0551758
batch	4420	valid_loss	15440.416748
batch	4440	valid_loss	15452.6489258
batch	4460	valid_loss	15450.5102539
batch	4480	valid_loss	15468.3637695
batch	4500	valid_loss	15455.5881348
batch	4520	valid_loss	15432.480835
batch	4540	valid_loss	15467.6662598
batch	4560	valid_loss	15460.8913574
batch	4580	valid_loss	15466.5174561
batch	4600	valid_loss	15451.519043
batch	4620	valid_loss	15435.6832275
batch	4640	valid_loss	15456.8760986
batch	4660	valid_loss	15462.114624
batch	4680	valid_loss	15451.1503906
batch	4700	valid_loss	15440.8574219
batch	4720	valid_loss	15423.7877197
batch	4740	valid_loss	15457.6098633
batch	4760	valid_loss	15489.3599854
batch	4780	valid_loss	15470.6815186
batch	4800	valid_loss	15455.8277588
batch	4820	valid_loss	15414.9631348
batch	4840	valid_loss	15434.2857666
batch	4860	valid_loss	15427.1052246
batch	4880	valid_loss	15418.0383301
batch	4900	valid_loss	15436.7203369
batch	4920	valid_loss	15403.5183105
batch	4940	valid_loss	15444.2764893
batch	4960	valid_loss	15450.9208984
batch	4980	valid_loss	15433.2878418
batch	5000	valid_loss	15420.1033936
batch	5020	valid_loss	15436.9711914
batch	5040	valid_loss	15405.6761475
batch	5060	valid_loss	15411.2403564
batch	5080	valid_loss	15414.1484375
batch	5100	valid_loss	15449.9101562
batch	5120	valid_loss	15429.402832
batch	5140	valid_loss	15411.5043945
batch	5160	valid_loss	15417.847168
batch	5180	valid_loss	15394.762085
batch	5200	valid_loss	15434.6826172
batch	5220	valid_loss	15429.1340332
batch	5240	valid_loss	15398.6794434
batch	5260	valid_loss	15426.6313477
batch	5280	valid_loss	15400.7565918
batch	5300	valid_loss	15437.663208
batch	5320	valid_loss	15423.1247559
batch	5340	valid_loss	15430.1530762
batch	5360	valid_loss	15401.6085205
batch	5380	valid_loss	15420.767334
batch	5400	valid_loss	15414.1790771
batch	5420	valid_loss	15406.4768066
batch	5440	valid_loss	15426.151001
batch	5460	valid_loss	15403.206543
batch	5480	valid_loss	15412.3094482
batch	5500	valid_loss	15410.1452637
batch	5520	valid_loss	15370.3928223
batch	5540	valid_loss	15368.3148193
batch	5560	valid_loss	15412.9588623
batch	5580	valid_loss	15424.038208
batch	5600	valid_loss	15416.9034424
batch	5620	valid_loss	15386.0458984
batch	5640	valid_loss	15415.9814453
batch	5660	valid_loss	15374.1462402
batch	5680	valid_loss	15391.4505615
batch	5700	valid_loss	15407.1599121
batch	5720	valid_loss	15416.125
batch	5740	valid_loss	15404.4324951
batch	5760	valid_loss	15359.6921387
batch	5780	valid_loss	15379.074707
batch	5800	valid_loss	15386.1734619
batch	5820	valid_loss	15383.9434814
batch	5840	valid_loss	15408.2910156
batch	5860	valid_loss	15366.876709
batch	5880	valid_loss	15397.6713867
batch	5900	valid_loss	15353.2939453
batch	5920	valid_loss	15400.3144531
batch	5940	valid_loss	15351.7487793
batch	5960	valid_loss	15370.2545166
batch	5980	valid_loss	15338.1357422
batch	6000	valid_loss	15391.9177246
batch	6020	valid_loss	15367.0893555
batch	6040	valid_loss	15386.1364746
batch	6060	valid_loss	15373.4144287
batch	6080	valid_loss	15328.605957
batch	6100	valid_loss	15370.9464111
batch	6120	valid_loss	15375.40625
batch	6140	valid_loss	15387.4772949
batch	6160	valid_loss	15374.3148193
batch	6180	valid_loss	15363.7891846
batch	6200	valid_loss	15407.4898682
batch	6220	valid_loss	15382.1932373
batch	6240	valid_loss	15381.0639648
batch	6260	valid_loss	15345.7431641
batch	6280	valid_loss	15347.1383057
batch	6300	valid_loss	15387.5992432
batch	6320	valid_loss	15404.6490479
batch	6340	valid_loss	15367.9177246
batch	6360	valid_loss	15376.6898193
batch	6380	valid_loss	15332.0251465
batch	6400	valid_loss	15375.0062256
batch	6420	valid_loss	15346.1571045
batch	6440	valid_loss	15352.3153076
batch	6460	valid_loss	15361.2325439
batch	6480	valid_loss	15330.7587891
batch	6500	valid_loss	15369.2735596
batch	6520	valid_loss	15357.4451904
batch	6540	valid_loss	15379.5742188
batch	6560	valid_loss	15336.7625732
batch	6580	valid_loss	15380.4267578
batch	6600	valid_loss	15327.6767578
batch	6620	valid_loss	15353.8491211
batch	6640	valid_loss	15347.5754395
batch	6660	valid_loss	15380.5185547
batch	6680	valid_loss	15341.8864746
batch	6700	valid_loss	15338.791626
batch	6720	valid_loss	15353.5593262
batch	6740	valid_loss	15329.350708
batch	6760	valid_loss	15352.6097412
batch	6780	valid_loss	15369.4249268
batch	6800	valid_loss	15343.362793
batch	6820	valid_loss	15354.8269043
batch	6840	valid_loss	15353.21875
batch	6860	valid_loss	15377.8695068
batch	6880	valid_loss	15345.1646729
batch	6900	valid_loss	15363.8603516
batch	6920	valid_loss	15353.2585449
batch	6940	valid_loss	15360.5319824
batch	6960	valid_loss	15365.2158203
batch	6980	valid_loss	15338.8366699
batch	7000	valid_loss	15346.9133301
batch	7020	valid_loss	15346.5571289
batch	7040	valid_loss	15351.9332275
batch	7060	valid_loss	15347.0385742
batch	7080	valid_loss	15320.0327148
batch	7100	valid_loss	15310.3814697
batch	7120	valid_loss	15358.4407959
batch	7140	valid_loss	15358.3782959
batch	7160	valid_loss	15369.8426514
batch	7180	valid_loss	15342.2282715
batch	7200	valid_loss	15365.9283447
batch	7220	valid_loss	15313.3964844
batch	7240	valid_loss	15360.7706299
batch	7260	valid_loss	15357.3869629
batch	7280	valid_loss	15342.6179199
batch	7300	valid_loss	15360.0512695
batch	7320	valid_loss	15303.7781982
batch	7340	valid_loss	15349.6751709
batch	7360	valid_loss	15332.8310547
batch	7380	valid_loss	15334.3660889
batch	7400	valid_loss	15371.1456299
batch	7420	valid_loss	15314.8939209
batch	7440	valid_loss	15339.1290283
batch	7460	valid_loss	15308.0447998
batch	7480	valid_loss	15353.3742676
batch	7500	valid_loss	15313.4752197
batch	7520	valid_loss	15326.1237793
batch	7540	valid_loss	15310.0688477
batch	7560	valid_loss	15335.9619141
batch	7580	valid_loss	15328.1342773
batch	7600	valid_loss	15345.6052246
batch	7620	valid_loss	15329.84021
batch	7640	valid_loss	15309.8638916
batch	7660	valid_loss	15353.5183105
batch	7680	valid_loss	15321.1553955
batch	7700	valid_loss	15337.8173828
batch	7720	valid_loss	15312.9921875
batch	7740	valid_loss	15306.9508057
batch	7760	valid_loss	15360.2819824
batch	7780	valid_loss	15348.0931396
batch	7800	valid_loss	15337.866333
batch	7820	valid_loss	15306.9057617
batch	7840	valid_loss	15321.2137451
batch	7860	valid_loss	15346.6853027
batch	7880	valid_loss	15365.8269043
batch	7900	valid_loss	15337.4246826
batch	7920	valid_loss	15344.729126
batch	7940	valid_loss	15305.9066162
batch	7960	valid_loss	15332.0428467
batch	7980	valid_loss	15324.2788086
batch	8000	valid_loss	15317.3808594
batch	8020	valid_loss	15334.2036133
batch	8040	valid_loss	15296.4158936
batch	8060	valid_loss	15323.5106201
batch	8080	valid_loss	15347.8299561
batch	8100	valid_loss	15325.9122314
batch	8120	valid_loss	15295.9782715
batch	8140	valid_loss	15328.1553955
batch	8160	valid_loss	15296.8677979
batch	8180	valid_loss	15327.6866455
batch	8200	valid_loss	15309.5787354
batch	8220	valid_loss	15349.9359131
batch	8240	valid_loss	15319.7203369
batch	8260	valid_loss	15303.7611084
batch	8280	valid_loss	15321.899292
batch	8300	valid_loss	15283.9920654
batch	8320	valid_loss	15333.1970215
batch	8340	valid_loss	15342.9993896
batch	8360	valid_loss	15318.017334
batch	8380	valid_loss	15328.6380615
batch	8400	valid_loss	15311.0316162
batch	8420	valid_loss	15343.8863525
batch	8440	valid_loss	15309.2529297
batch	8460	valid_loss	15329.7574463
batch	8480	valid_loss	15301.4110107
batch	8500	valid_loss	15353.6896973
batch	8520	valid_loss	15321.9125977
batch	8540	valid_loss	15317.2355957
batch	8560	valid_loss	15318.7227783
batch	8580	valid_loss	15308.1495361
batch	8600	valid_loss	15311.5865479
batch	8620	valid_loss	15324.730835
batch	8640	valid_loss	15276.2327881
batch	8660	valid_loss	15285.3662109
batch	8680	valid_loss	15327.2850342
batch	8700	valid_loss	15335.3271484
batch	8720	valid_loss	15347.4393311
batch	8740	valid_loss	15309.3145752
batch	8760	valid_loss	15342.8656006
batch	8780	valid_loss	15296.4468994
batch	8800	valid_loss	15332.3530273
batch	8820	valid_loss	15331.6920166
batch	8840	valid_loss	15332.8865967
batch	8860	valid_loss	15318.8946533
batch	8880	valid_loss	15271.6929932
batch	8900	valid_loss	15319.5819092
batch	8920	valid_loss	15300.0775146
batch	8940	valid_loss	15297.510498
batch	8960	valid_loss	15343.9289551
batch	8980	valid_loss	15289.4420166
batch	9000	valid_loss	15317.7854004
batch	9020	valid_loss	15290.7580566
batch	9040	valid_loss	15339.8562012
batch	9060	valid_loss	15287.6810303
batch	9080	valid_loss	15310.9111328
batch	9100	valid_loss	15274.3728027
batch	9120	valid_loss	15297.1988525
batch	9140	valid_loss	15298.7642822
batch	9160	valid_loss	15321.1108398
batch	9180	valid_loss	15295.0749512
batch	9200	valid_loss	15280.5075684
batch	9220	valid_loss	15310.4981689
batch	9240	valid_loss	15290.7327881
batch	9260	valid_loss	15321.9130859
batch	9280	valid_loss	15293.6900635
batch	9300	valid_loss	15301.3051758
batch	9320	valid_loss	15322.8029785
batch	9340	valid_loss	15308.6132812
batch	9360	valid_loss	15298.8254395
batch	9380	valid_loss	15287.6589355
batch	9400	valid_loss	15285.2325439
batch	9420	valid_loss	15306.1481934
batch	9440	valid_loss	15344.1665039
batch	9460	valid_loss	15318.7281494
batch	9480	valid_loss	15316.246582
batch	9500	valid_loss	15295.9255371
batch	9520	valid_loss	15310.2510986
batch	9540	valid_loss	15281.0158691
batch	9560	valid_loss	15286.9783936
batch	9580	valid_loss	15306.7584229
batch	9600	valid_loss	15272.8433838
batch	9620	valid_loss	15320.0299072
batch	9640	valid_loss	15318.3031006
batch	9660	valid_loss	15322.8098145
batch	9680	valid_loss	15280.4337158
batch	9700	valid_loss	15318.7739258
batch	9720	valid_loss	15273.6104736
batch	9740	valid_loss	15308.8045654
batch	9760	valid_loss	15303.7338867
batch	9780	valid_loss	15332.7314453
batch	9800	valid_loss	15288.5684814
batch	9820	valid_loss	15291.6164551
batch	9840	valid_loss	15305.9648438
batch	9860	valid_loss	15280.5076904
batch	9880	valid_loss	15305.6984863
batch	9900	valid_loss	15320.3736572
batch	9920	valid_loss	15287.7089844
batch	9940	valid_loss	15300.701416
batch	9960	valid_loss	15281.2402344
batch	9980	valid_loss	15326.3449707
batch	10000	valid_loss	15283.6795654
batch	10020	valid_loss	15303.9887695
batch	10040	valid_loss	15286.1680908
batch	10060	valid_loss	15324.2414551
batch	10080	valid_loss	15317.0206299
batch	10100	valid_loss	15297.7670898
batch	10120	valid_loss	15310.7965088
batch	10140	valid_loss	15299.7790527
batch	10160	valid_loss	15304.3625488
batch	10180	valid_loss	15295.1452637
batch	10200	valid_loss	15272.923584
batch	10220	valid_loss	15256.1751709
batch	10240	valid_loss	15306.5462646
batch	10260	valid_loss	15312.4760742
batch	10280	valid_loss	15317.0761719
batch	10300	valid_loss	15289.7139893
batch	10320	valid_loss	15321.9014893
batch	10340	valid_loss	15263.6479492
batch	10360	valid_loss	15313.2124023
batch	10380	valid_loss	15320.7424316
batch	10400	valid_loss	15316.9263916
batch	10420	valid_loss	15313.1798096
batch	10440	valid_loss	15266.7189941
batch	10460	valid_loss	15303.6539307
batch	10480	valid_loss	15281.9676514
batch	10500	valid_loss	15295.3039551
batch	10520	valid_loss	15335.2224121
batch	10540	valid_loss	15277.5961914
batch	10560	valid_loss	15299.0604248
batch	10580	valid_loss	15263.8236084
batch	10600	valid_loss	15307.3388672
batch	10620	valid_loss	15276.5350342
batch	10640	valid_loss	15295.1124268
batch	10660	valid_loss	15273.4144287
batch	10680	valid_loss	15275.5554199
batch	10700	valid_loss	15290.1374512
batch	10720	valid_loss	15295.0230713
batch	10740	valid_loss	15296.6060791
batch	10760	valid_loss	15266.7579346
batch	10780	valid_loss	15301.2169189
batch	10800	valid_loss	15269.0401611
batch	10820	valid_loss	15289.5047607
batch	10840	valid_loss	15277.2772217
batch	10860	valid_loss	15273.1693115
batch	10880	valid_loss	15327.9370117
batch	10900	valid_loss	15306.9880371
batch	10920	valid_loss	15297.5241699
batch	10940	valid_loss	15268.5662842
batch	10960	valid_loss	15293.9971924
batch	10980	valid_loss	15299.7017822
batch	11000	valid_loss	15339.6049805
batch	11020	valid_loss	15309.4592285
batch	11040	valid_loss	15309.9274902
batch	11060	valid_loss	15273.7020264
batch	11080	valid_loss	15296.5233154
batch	11100	valid_loss	15289.5839844
batch	11120	valid_loss	15285.0970459
batch	11140	valid_loss	15275.8309326
batch	11160	valid_loss	15257.7459717
batch	11180	valid_loss	15297.0552979
batch	11200	valid_loss	15305.6134033
batch	11220	valid_loss	15299.4244385
batch	11240	valid_loss	15278.2205811
batch	11260	valid_loss	15308.6086426
batch	11280	valid_loss	15259.8719482
batch	11300	valid_loss	15298.4575195
batch	11320	valid_loss	15278.7052002
batch	11340	valid_loss	15322.2150879
batch	11360	valid_loss	15294.2944336
batch	11380	valid_loss	15260.678833
batch	11400	valid_loss	15287.6228027
batch	11420	valid_loss	15260.4901123
batch	11440	valid_loss	15291.1722412
batch	11460	valid_loss	15313.729126
batch	11480	valid_loss	15276.0546875
batch	11500	valid_loss	15298.3868408
batch	11520	valid_loss	15280.4342041
batch	11540	valid_loss	15307.4689941
batch	11560	valid_loss	15272.3291016
batch	11580	valid_loss	15293.2922363
batch	11600	valid_loss	15266.7351074
batch	11620	valid_loss	15315.7348633
batch	11640	valid_loss	15296.642334
batch	11660	valid_loss	15279.4632568
batch	11680	valid_loss	15282.4825439
batch	11700	valid_loss	15276.0316162
batch	11720	valid_loss	15288.2346191
batch	11740	valid_loss	15296.7297363
batch	11760	valid_loss	15255.0458984
batch	11780	valid_loss	15254.8033447
batch	11800	valid_loss	15275.2563477
batch	11820	valid_loss	15299.9349365
batch	11840	valid_loss	15317.894043
batch	11860	valid_loss	15255.9012451
batch	11880	valid_loss	15316.8404541
batch	11900	valid_loss	15253.4560547
batch	11920	valid_loss	15278.7674561
batch	11940	valid_loss	15289.6201172
batch	11960	valid_loss	15308.4899902
batch	11980	valid_loss	15290.9230957
batch	12000	valid_loss	15256.050415
batch	12020	valid_loss	15298.5021973
batch	12040	valid_loss	15280.2587891
batch	12060	valid_loss	15287.4902344
batch	12080	valid_loss	15328.2415771
batch	12100	valid_loss	15261.541626
batch	12120	valid_loss	15301.6140137
batch	12140	valid_loss	15257.9951172
batch	12160	valid_loss	15302.4968262
batch	12180	valid_loss	15243.223999
batch	12200	valid_loss	15282.6896973
batch	12220	valid_loss	15248.6387939
batch	12240	valid_loss	15272.7186279
batch	12260	valid_loss	15279.1888428
batch	12280	valid_loss	15287.010376
batch	12300	valid_loss	15277.0983887
batch	12320	valid_loss	15257.059082
batch	12340	valid_loss	15302.704834
batch	12360	valid_loss	15268.901001
batch	12380	valid_loss	15273.7050781
batch	12400	valid_loss	15267.6170654
batch	12420	valid_loss	15249.0620117
batch	12440	valid_loss	15297.2473145
batch	12460	valid_loss	15279.4388428
batch	12480	valid_loss	15283.0482178
batch	12500	valid_loss	15247.8408203
batch	12520	valid_loss	15281.3052979
batch	12540	valid_loss	15289.7537842
batch	12560	valid_loss	15322.2115479
batch	12580	valid_loss	15292.0606689
batch	12600	valid_loss	15289.5578613
batch	12620	valid_loss	15273.5931396
batch	12640	valid_loss	15285.8068848
batch	12660	valid_loss	15273.8752441
batch	12680	valid_loss	15262.3121338
batch	12700	valid_loss	15283.0450439
batch	12720	valid_loss	15258.3822021
batch	12740	valid_loss	15292.3571777
batch	12760	valid_loss	15284.8291016
batch	12780	valid_loss	15269.1988525
batch	12800	valid_loss	15256.4125977
batch	12820	valid_loss	15287.5332031
batch	12840	valid_loss	15257.6169434
batch	12860	valid_loss	15271.2625732
batch	12880	valid_loss	15267.1390381
batch	12900	valid_loss	15301.4016113
batch	12920	valid_loss	15278.0482178
batch	12940	valid_loss	15259.4289551
batch	12960	valid_loss	15272.4267578
batch	12980	valid_loss	15254.0466309
batch	13000	valid_loss	15297.5546875
batch	13020	valid_loss	15298.9589844
batch	13040	valid_loss	15260.616333
batch	13060	valid_loss	15266.2680664
batch	13080	valid_loss	15270.026001
batch	13100	valid_loss	15305.138916
batch	13120	valid_loss	15272.3913574
batch	13140	valid_loss	15272.1099854
batch	13160	valid_loss	15265.1350098
batch	13180	valid_loss	15290.0517578
batch	13200	valid_loss	15285.0640869
batch	13220	valid_loss	15278.9429932
batch	13240	valid_loss	15270.3739014
batch	13260	valid_loss	15280.0472412
batch	13280	valid_loss	15280.2615967
batch	13300	valid_loss	15288.5423584
batch	13320	valid_loss	15253.9227295
batch	13340	valid_loss	15247.321167
batch	13360	valid_loss	15292.0109863
batch	13380	valid_loss	15290.1721191
batch	13400	valid_loss	15310.6872559
batch	13420	valid_loss	15256.211792
batch	13440	valid_loss	15301.8634033
batch	13460	valid_loss	15247.9466553
batch	13480	valid_loss	15277.8902588
batch	13500	valid_loss	15280.7141113
batch	13520	valid_loss	15282.6520996
batch	13540	valid_loss	15289.9211426
batch	13560	valid_loss	15232.0223389
batch	13580	valid_loss	15298.7249756
batch	13600	valid_loss	15259.3001709
batch	13620	valid_loss	15268.4689941
batch	13640	valid_loss	15310.1343994
batch	13660	valid_loss	15257.9892578
batch	13680	valid_loss	15285.9436035
batch	13700	valid_loss	15245.1960449
batch	13720	valid_loss	15298.2441406
batch	13740	valid_loss	15239.8056641
batch	13760	valid_loss	15278.2983398
batch	13780	valid_loss	15248.2315674
batch	13800	valid_loss	15260.0490723
batch	13820	valid_loss	15262.5288086
batch	13840	valid_loss	15282.8797607
batch	13860	valid_loss	15276.5740967
batch	13880	valid_loss	15248.0770264
batch	13900	valid_loss	15270.1787109
batch	13920	valid_loss	15252.3675537
batch	13940	valid_loss	15277.2757568
batch	13960	valid_loss	15262.0627441
batch	13980	valid_loss	15249.4057617
batch	14000	valid_loss	15299.1126709
batch	14020	valid_loss	15289.62146
batch	14040	valid_loss	15266.7545166
batch	14060	valid_loss	15259.9283447
batch	14080	valid_loss	15275.9442139
batch	14100	valid_loss	15274.9838867
batch	14120	valid_loss	15304.8063965
batch	14140	valid_loss	15275.9405518
batch	14160	valid_loss	15279.9794922
batch	14180	valid_loss	15263.5925293
batch	14200	valid_loss	15285.6055908
batch	14220	valid_loss	15253.0981445
batch	14240	valid_loss	15265.0004883
batch	14260	valid_loss	15256.5820312
batch	14280	valid_loss	15244.8369141
batch	14300	valid_loss	15292.026123
batch	14320	valid_loss	15272.3829346
batch	14340	valid_loss	15272.1490479
batch	14360	valid_loss	15245.1846924
batch	14380	valid_loss	15277.2749023
batch	14400	valid_loss	15264.0692139
batch	14420	valid_loss	15283.5773926
batch	14440	valid_loss	15248.8212891
batch	14460	valid_loss	15302.0003662
batch	14480	valid_loss	15259.6781006
batch	14500	valid_loss	15255.0263672
batch	14520	valid_loss	15271.6856689
batch	14540	valid_loss	15243.1171875
batch	14560	valid_loss	15275.2938232
batch	14580	valid_loss	15303.3054199
batch	14600	valid_loss	15232.0566406
batch	14620	valid_loss	15268.6315918
batch	14640	valid_loss	15269.0480957
batch	14660	valid_loss	15290.9315186
batch	14680	valid_loss	15262.6984863
batch	14700	valid_loss	15282.697998
batch	14720	valid_loss	15259.3217773
batch	14740	valid_loss	15285.3112793
batch	14760	valid_loss	15274.3254395
batch	14780	valid_loss	15273.9359131
batch	14800	valid_loss	15278.085083
batch	14820	valid_loss	15269.4698486
batch	14840	valid_loss	15269.5784912
batch	14860	valid_loss	15282.6650391
batch	14880	valid_loss	15224.4573975
batch	14900	valid_loss	15244.1591797
batch	14920	valid_loss	15279.1713867
batch	14940	valid_loss	15281.9866943
batch	14960	valid_loss	15298.6945801
batch	14980	valid_loss	15248.7225342
batch	15000	valid_loss	15290.2487793
batch	15020	valid_loss	15249.3978271
batch	15040	valid_loss	15278.7753906
batch	15060	valid_loss	15288.9663086
batch	15080	valid_loss	15300.2019043
batch	15100	valid_loss	15286.9377441
batch	15120	valid_loss	15226.8763428
batch	15140	valid_loss	15282.4309082
batch	15160	valid_loss	15254.5582275
batch	15180	valid_loss	15255.9168701
batch	15200	valid_loss	15309.5948486
batch	15220	valid_loss	15240.1158447
batch	15240	valid_loss	15264.4499512
batch	15260	valid_loss	15245.6724854
batch	15280	valid_loss	15283.831665
batch	15300	valid_loss	15234.9637451
batch	15320	valid_loss	15270.5489502
batch	15340	valid_loss	15245.5651855
batch	15360	valid_loss	15263.5406494
batch	15380	valid_loss	15264.0548096
batch	15400	valid_loss	15277.0935059
batch	15420	valid_loss	15274.5322266
batch	15440	valid_loss	15232.2664795
batch	15460	valid_loss	15266.4940186
batch	15480	valid_loss	15250.6955566
batch	15500	valid_loss	15271.3679199
batch	15520	valid_loss	15263.5391846
batch	15540	valid_loss	15240.8162842
batch	15560	valid_loss	15293.1518555
batch	15580	valid_loss	15264.9824219
batch	15600	valid_loss	15250.6917725
batch	15620	valid_loss	15256.8122559
batch	15640	valid_loss	15272.2353516
batch	15660	valid_loss	15270.8962402
batch	15680	valid_loss	15319.3153076
batch	15700	valid_loss	15265.4338379
batch	15720	valid_loss	15272.637207
batch	15740	valid_loss	15253.2772217
batch	15760	valid_loss	15269.145874
batch	15780	valid_loss	15254.2531738
batch	15800	valid_loss	15270.7390137
batch	15820	valid_loss	15268.6433105
batch	15840	valid_loss	15246.6618652
batch	15860	valid_loss	15293.1273193
batch	15880	valid_loss	15275.2429199
batch	15900	valid_loss	15295.9613037
batch	15920	valid_loss	15250.130127
batch	15940	valid_loss	15281.7585449
batch	15960	valid_loss	15242.789917
batch	15980	valid_loss	15259.5633545
batch	16000	valid_loss	15257.029541
batch	16020	valid_loss	15312.4694824
batch	16040	valid_loss	15251.1241455
batch	16060	valid_loss	15249.0396729
batch	16080	valid_loss	15271.5067139
batch	16100	valid_loss	15250.1901855
batch	16120	valid_loss	15264.5944824
batch	16140	valid_loss	15276.3095703
batch	16160	valid_loss	15250.2617188
batch	16180	valid_loss	15266.5169678
batch	16200	valid_loss	15254.4880371
batch	16220	valid_loss	15291.171875
batch	16240	valid_loss	15260.8278809
batch	16260	valid_loss	15266.6517334
batch	16280	valid_loss	15253.807251
batch	16300	valid_loss	15283.9880371
batch	16320	valid_loss	15269.057251
batch	16340	valid_loss	15265.0358887
batch	16360	valid_loss	15262.2059326
batch	16380	valid_loss	15266.2321777
batch	16400	valid_loss	15272.7252197
batch	16420	valid_loss	15263.6071777
batch	16440	valid_loss	15240.8751221
batch	16460	valid_loss	15231.6776123
batch	16480	valid_loss	15257.6466064
batch	16500	valid_loss	15274.9680176
batch	16520	valid_loss	15304.5797119
batch	16540	valid_loss	15245.041626
batch	16560	valid_loss	15303.987793
batch	16580	valid_loss	15235.9172363
batch	16600	valid_loss	15270.8618164
batch	16620	valid_loss	15284.9591064
batch	16640	valid_loss	15277.5009766
batch	16660	valid_loss	15276.2694092
batch	16680	valid_loss	15228.1269531
batch	16700	valid_loss	15269.8731689
batch	16720	valid_loss	15235.545166
batch	16740	valid_loss	15260.0690918
batch	16760	valid_loss	15286.8623047
batch	16780	valid_loss	15237.9976807
batch	16800	valid_loss	15269.0998535
batch	16820	valid_loss	15223.4265137
batch	16840	valid_loss	15292.1320801
batch	16860	valid_loss	15227.0147705
batch	16880	valid_loss	15261.9006348
batch	16900	valid_loss	15227.6446533
batch	16920	valid_loss	15249.842041
batch	16940	valid_loss	15263.4782715
batch	16960	valid_loss	15272.9997559
batch	16980	valid_loss	15264.8312988
batch	17000	valid_loss	15233.4061279
batch	17020	valid_loss	15266.3468018
batch	17040	valid_loss	15235.9824219
batch	17060	valid_loss	15271.9291992
batch	17080	valid_loss	15243.7435303
batch	17100	valid_loss	15242.30896
batch	17120	valid_loss	15281.3464355
batch	17140	valid_loss	15265.5087891
batch	17160	valid_loss	15252.1192627
batch	17180	valid_loss	15232.4777832
batch	17200	valid_loss	15256.4191895
batch	17220	valid_loss	15277.3300781
batch	17240	valid_loss	15285.6993408
batch	17260	valid_loss	15268.1291504
batch	17280	valid_loss	15282.2342529
batch	17300	valid_loss	15225.3139648
batch	17320	valid_loss	15256.5843506
batch	17340	valid_loss	15242.8101807
batch	17360	valid_loss	15247.4715576
batch	17380	valid_loss	15264.2644043
batch	17400	valid_loss	15225.098999
batch	17420	valid_loss	15280.7799072
batch	17440	valid_loss	15275.9639893
batch	17460	valid_loss	15265.7263184
batch	17480	valid_loss	15241.8070068
batch	17500	valid_loss	15277.9273682
batch	17520	valid_loss	15245.178833
batch	17540	valid_loss	15262.4229736
batch	17560	valid_loss	15250.9230957
batch	17580	valid_loss	15286.9829102
batch	17600	valid_loss	15270.8052979
batch	17620	valid_loss	15249.3618164
batch	17640	valid_loss	15266.557373
batch	17660	valid_loss	15216.8942871
batch	17680	valid_loss	15266.4654541
batch	17700	valid_loss	15279.4654541
batch	17720	valid_loss	15235.4112549
batch	17740	valid_loss	15268.1125488
batch	17760	valid_loss	15253.5869141
batch	17780	valid_loss	15286.5406494
batch	17800	valid_loss	15241.6477051
batch	17820	valid_loss	15266.2203369
batch	17840	valid_loss	15257.2637939
batch	17860	valid_loss	15272.2416992
batch	17880	valid_loss	15279.5102539
batch	17900	valid_loss	15273.6652832
batch	17920	valid_loss	15265.9924316
batch	17940	valid_loss	15258.946167
batch	17960	valid_loss	15269.4100342
batch	17980	valid_loss	15261.649292
batch	18000	valid_loss	15227.1337891
batch	18020	valid_loss	15221.8254395
batch	18040	valid_loss	15263.3831787
batch	18060	valid_loss	15269.7813721
batch	18080	valid_loss	15283.4406738
batch	18100	valid_loss	15252.9227295
batch	18120	valid_loss	15282.8254395
batch	18140	valid_loss	15222.8918457
batch	18160	valid_loss	15271.9379883
batch	18180	valid_loss	15278.1401367
batch	18200	valid_loss	15278.5975342
batch	18220	valid_loss	15265.4981689
batch	18240	valid_loss	15210.3103027
batch	18260	valid_loss	15271.5596924
batch	18280	valid_loss	15244.7160645
batch	18300	valid_loss	15255.4876709
batch	18320	valid_loss	15293.1158447
batch	18340	valid_loss	15236.6363525
batch	18360	valid_loss	15260.7398682
batch	18380	valid_loss	15240.4805908
batch	18400	valid_loss	15274.4110107
batch	18420	valid_loss	15220.4864502
batch	18440	valid_loss	15247.3253174
batch	18460	valid_loss	15233.2717285
batch	18480	valid_loss	15248.1367188
batch	18500	valid_loss	15256.5440674
batch	18520	valid_loss	15250.2436523
batch	18540	valid_loss	15262.5510254
batch	18560	valid_loss	15233.1207275
batch	18580	valid_loss	15270.2398682
batch	18600	valid_loss	15242.0789795
batch	18620	valid_loss	15256.4526367
batch	18640	valid_loss	15246.5795898
batch	18660	valid_loss	15236.7272949
batch	18680	valid_loss	15274.8280029
batch	18700	valid_loss	15279.5493164
batch	18720	valid_loss	15252.9443359
batch	18740	valid_loss	15238.6107178
batch	18760	valid_loss	15255.489502
batch	18780	valid_loss	15256.3419189
batch	18800	valid_loss	15289.069458
batch	18820	valid_loss	15273.9616699
batch	18840	valid_loss	15268.2282715
batch	18860	valid_loss	15237.4360352
batch	18880	valid_loss	15268.1439209
batch	18900	valid_loss	15245.706543
batch	18920	valid_loss	15247.5213623
batch	18940	valid_loss	15249.2022705
batch	18960	valid_loss	15234.9875488
batch	18980	valid_loss	15268.6563721
batch	19000	valid_loss	15278.4532471
batch	19020	valid_loss	15273.6685791
batch	19040	valid_loss	15243.4840088
batch	19060	valid_loss	15267.012085
batch	19080	valid_loss	15229.0305176
batch	19100	valid_loss	15244.7575684
batch	19120	valid_loss	15236.3969727
batch	19140	valid_loss	15276.911377
batch	19160	valid_loss	15245.9986572
batch	19180	valid_loss	15241.8592529
batch	19200	valid_loss	15271.7303467
batch	19220	valid_loss	15213.81604
batch	19240	valid_loss	15271.4273682
batch	19260	valid_loss	15279.8706055
batch	19280	valid_loss	15235.4572754
batch	19300	valid_loss	15252.3500977
batch	19320	valid_loss	15247.0343018
batch	19340	valid_loss	15263.7653809
batch	19360	valid_loss	15238.1768799
batch	19380	valid_loss	15264.2060547
batch	19400	valid_loss	15236.3065186
batch	19420	valid_loss	15276.8054199
batch	19440	valid_loss	15269.6798096
batch	19460	valid_loss	15251.5407715
batch	19480	valid_loss	15265.6724854
batch	19500	valid_loss	15254.6748047
batch	19520	valid_loss	15257.9101562
batch	19540	valid_loss	15259.9417725
batch	19560	valid_loss	15221.7169189
batch	19580	valid_loss	15215.7764893
batch	19600	valid_loss	15272.9171143
batch	19620	valid_loss	15271.5159912
batch	19640	valid_loss	15284.5583496
batch	19660	valid_loss	15237.2738037
batch	19680	valid_loss	15272.8461914
batch	19700	valid_loss	15220.8503418
batch	19720	valid_loss	15268.5799561
batch	19740	valid_loss	15278.8586426
batch	19760	valid_loss	15275.8703613
batch	19780	valid_loss	15279.6838379
batch	19800	valid_loss	15228.293457
batch	19820	valid_loss	15263.2177734
batch	19840	valid_loss	15243.7004395
batch	19860	valid_loss	15260.3344727
batch	19880	valid_loss	15291.6425781
batch	19900	valid_loss	15232.7161865
batch	19920	valid_loss	15268.0665283
batch	19940	valid_loss	15234.489624
batch	19960	valid_loss	15277.3127441
batch	19980	valid_loss	15230.6286621
batch	20000	valid_loss	15267.3773193
batch	20020	valid_loss	15233.6171875
batch	20040	valid_loss	15231.1270752
batch	20060	valid_loss	15258.1351318
batch	20080	valid_loss	15268.6983643
batch	20100	valid_loss	15260.5080566
batch	20120	valid_loss	15239.6674805
batch	20140	valid_loss	15253.7857666
batch	20160	valid_loss	15239.9940186
batch	20180	valid_loss	15263.651001
batch	20200	valid_loss	15258.2894287
batch	20220	valid_loss	15225.6881104
batch	20240	valid_loss	15275.4157715
batch	20260	valid_loss	15259.8666992
batch	20280	valid_loss	15255.8952637
batch	20300	valid_loss	15222.3665771
batch	20320	valid_loss	15255.9162598
batch	20340	valid_loss	15269.0601807
batch	20360	valid_loss	15298.0288086
batch	20380	valid_loss	15262.4570312
batch	20400	valid_loss	15257.9001465
batch	20420	valid_loss	15245.3881836
batch	20440	valid_loss	15255.2744141
batch	20460	valid_loss	15253.1011963
batch	20480	valid_loss	15242.9119873
batch	20500	valid_loss	15240.2564697
batch	20520	valid_loss	15233.059082
batch	20540	valid_loss	15263.4760742
batch	20560	valid_loss	15262.279541
batch	20580	valid_loss	15266.2073975
batch	20600	valid_loss	15232.8360596
batch	20620	valid_loss	15288.2734375
batch	20640	valid_loss	15234.1829834
batch	20660	valid_loss	15255.2044678
batch	20680	valid_loss	15242.3061523
batch	20700	valid_loss	15274.7580566
batch	20720	valid_loss	15254.3833008
batch	20740	valid_loss	15233.5010986
batch	20760	valid_loss	15261.1320801
batch	20780	valid_loss	15229.3175049
batch	20800	valid_loss	15270.3735352
batch	20820	valid_loss	15249.2216797
batch	20840	valid_loss	15235.8381348
batch	20860	valid_loss	15261.0013428
batch	20880	valid_loss	15248.0427246
batch	20900	valid_loss	15266.6428223
batch	20920	valid_loss	15237.5618896
batch	20940	valid_loss	15266.5672607
batch	20960	valid_loss	15231.8051758
batch	20980	valid_loss	15276.8240967
batch	21000	valid_loss	15260.9943848
batch	21020	valid_loss	15271.3770752
batch	21040	valid_loss	15246.8673096
batch	21060	valid_loss	15251.0147705
batch	21080	valid_loss	15253.8103027
batch	21100	valid_loss	15265.9832764
batch	21120	valid_loss	15209.4433594
batch	21140	valid_loss	15209.897583
batch	21160	valid_loss	15268.9179688
batch	21180	valid_loss	15267.5240479
batch	21200	valid_loss	15273.8652344
batch	21220	valid_loss	15236.5998535
batch	21240	valid_loss	15276.9810791
batch	21260	valid_loss	15214.3916016
batch	21280	valid_loss	15254.8747559
batch	21300	valid_loss	15272.5559082
batch	21320	valid_loss	15273.7307129
batch	21340	valid_loss	15284.1738281
batch	21360	valid_loss	15212.237915
batch	21380	valid_loss	15260.1391602
batch	21400	valid_loss	15219.5933838
batch	21420	valid_loss	15239.2668457
batch	21440	valid_loss	15310.5456543
batch	21460	valid_loss	15239.3153076
batch	21480	valid_loss	15269.4382324
batch	21500	valid_loss	15235.3076172
batch	21520	valid_loss	15269.4840088
batch	21540	valid_loss	15223.0275879
batch	21560	valid_loss	15256.4223633
batch	21580	valid_loss	15232.3608398
batch	21600	valid_loss	15232.6142578
batch	21620	valid_loss	15228.6416016
batch	21640	valid_loss	15256.8831787
batch	21660	valid_loss	15258.907959
batch	21680	valid_loss	15230.2150879
batch	21700	valid_loss	15244.1040039
batch	21720	valid_loss	15235.3668213
batch	21740	valid_loss	15256.9592285
batch	21760	valid_loss	15248.3978271
batch	21780	valid_loss	15220.694458
batch	21800	valid_loss	15284.3548584
batch	21820	valid_loss	15267.1013184
batch	21840	valid_loss	15253.6634521
batch	21860	valid_loss	15218.3916016
batch	21880	valid_loss	15244.7272949
batch	21900	valid_loss	15259.3096924
batch	21920	valid_loss	15286.5109863
batch	21940	valid_loss	15253.112915
batch	21960	valid_loss	15267.586792
batch	21980	valid_loss	15220.8706055
batch	22000	valid_loss	15281.8452148
batch	22020	valid_loss	15252.9291992
batch	22040	valid_loss	15242.0390625
batch	22060	valid_loss	15257.4138184
batch	22080	valid_loss	15224.5349121
batch	22100	valid_loss	15274.1955566
batch	22120	valid_loss	15267.7004395
batch	22140	valid_loss	15263.94104
batch	22160	valid_loss	15228.026001
batch	22180	valid_loss	15278.0351562
batch	22200	valid_loss	15223.6530762
batch	22220	valid_loss	15236.1621094
batch	22240	valid_loss	15231.6257324
batch	22260	valid_loss	15281.7825928
batch	22280	valid_loss	15250.8234863
batch	22300	valid_loss	15226.7818604
batch	22320	valid_loss	15246.0134277
batch	22340	valid_loss	15235.9940186
batch	22360	valid_loss	15268.1188965
batch	22380	valid_loss	15266.9771729
batch	22400	valid_loss	15222.9311523
batch	22420	valid_loss	15272.8204346
batch	22440	valid_loss	15248.3681641
batch	22460	valid_loss	15280.1876221
batch	22480	valid_loss	15226.4299316
batch	22500	valid_loss	15268.8983154
batch	22520	valid_loss	15227.1890869
batch	22540	valid_loss	15253.7565918
batch	22560	valid_loss	15263.6801758
batch	22580	valid_loss	15263.5423584
batch	22600	valid_loss	15247.0046387
batch	22620	valid_loss	15240.2919922
batch	22640	valid_loss	15257.2579346
batch	22660	valid_loss	15254.418457
batch	22680	valid_loss	15208.7982178
batch	22700	valid_loss	15221.4012451
batch	22720	valid_loss	15262.2960205
batch	22740	valid_loss	15255.9643555
batch	22760	valid_loss	15283.7346191
batch	22780	valid_loss	15241.1268311
batch	22800	valid_loss	15264.2011719
batch	22820	valid_loss	15217.5180664
batch	22840	valid_loss	15258.3743896
batch	22860	valid_loss	15259.0043945
batch	22880	valid_loss	15265.4228516
batch	22900	valid_loss	15274.4006348
batch	22920	valid_loss	15210.0440674
batch	22940	valid_loss	15271.9154053
batch	22960	valid_loss	15245.2225342
batch	22980	valid_loss	15241.1672363
batch	23000	valid_loss	15303.0424805
batch	23020	valid_loss	15231.125
batch	23040	valid_loss	15273.3618164
batch	23060	valid_loss	15221.7717285
batch	23080	valid_loss	15267.5947266
batch	23100	valid_loss	15198.8233643
batch	23120	valid_loss	15250.1707764
batch	23140	valid_loss	15217.7733154
batch	23160	valid_loss	15238.9881592
batch	23180	valid_loss	15240.3295898
batch	23200	valid_loss	15247.2528076
batch	23220	valid_loss	15255.8167725
batch	23240	valid_loss	15228.7939453
batch	23260	valid_loss	15258.9237061
batch	23280	valid_loss	15231.3286133
batch	23300	valid_loss	15261.7022705
batch	23320	valid_loss	15231.5371094
batch	23340	valid_loss	15233.0377197
batch	23360	valid_loss	15287.9171143
batch	23380	valid_loss	15259.2436523
batch	23400	valid_loss	15239.7526855
batch	23420	valid_loss	15224.1608887
batch	23440	valid_loss	15234.4431152
batch	23460	valid_loss	15251.7165527
batch	23480	valid_loss	15295.2645264
batch	23500	valid_loss	15259.2539062
batch	23520	valid_loss	15257.1687012
batch	23540	valid_loss	15231.4088135
batch	23560	valid_loss	15271.6949463
batch	23580	valid_loss	15237.6824951
batch	23600	valid_loss	15245.7226562
batch	23620	valid_loss	15235.1652832
batch	23640	valid_loss	15220.7474365
batch	23660	valid_loss	15269.3944092
batch	23680	valid_loss	15257.8782959
batch	23700	valid_loss	15255.8009033
batch	23720	valid_loss	15231.9971924
batch	23740	valid_loss	15251.8651123
batch	23760	valid_loss	15243.1196289
batch	23780	valid_loss	15236.7293701
batch	23800	valid_loss	15238.1097412
batch	23820	valid_loss	15269.4599609
batch	23840	valid_loss	15237.87854
batch	23860	valid_loss	15232.8040771
batch	23880	valid_loss	15242.6147461
batch	23900	valid_loss	15210.9611816
batch	23920	valid_loss	15255.9659424
batch	23940	valid_loss	15266.3240967
batch	23960	valid_loss	15220.3682861
batch	23980	valid_loss	15247.2758789
batch	24000	valid_loss	15239.7802734
batch	24020	valid_loss	15265.8634033
batch	24040	valid_loss	15236.776123
batch	24060	valid_loss	15262.7154541
batch	24080	valid_loss	15234.138916
batch	24100	valid_loss	15258.2421875
batch	24120	valid_loss	15269.9941406
batch	24140	valid_loss	15246.9029541
batch	24160	valid_loss	15256.1566162
batch	24180	valid_loss	15247.2630615
batch	24200	valid_loss	15258.2998047
batch	24220	valid_loss	15270.6567383
batch	24240	valid_loss	15220.1134033
batch	24260	valid_loss	15213.0284424
batch	24280	valid_loss	15280.3291016
batch	24300	valid_loss	15268.3262939
batch	24320	valid_loss	15272.6940918
batch	24340	valid_loss	15238.2817383
batch	24360	valid_loss	15276.9150391
batch	24380	valid_loss	15224.6796875
batch	24400	valid_loss	15253.3668213
batch	24420	valid_loss	15268.2132568
batch	24440	valid_loss	15273.4674072
batch	24460	valid_loss	15267.6251221
batch	24480	valid_loss	15221.5081787
batch	24500	valid_loss	15247.4327393
batch	24520	valid_loss	15227.8511963
batch	24540	valid_loss	15240.4436035
batch	24560	valid_loss	15274.3984375
batch	24580	valid_loss	15222.961792
batch	24600	valid_loss	15263.2092285
batch	24620	valid_loss	15213.1958008
batch	24640	valid_loss	15257.1036377
batch	24660	valid_loss	15200.2579346
batch	24680	valid_loss	15252.2183838
batch	24700	valid_loss	15216.7363281
batch	24720	valid_loss	15238.4781494
batch	24740	valid_loss	15238.6643066
batch	24760	valid_loss	15249.7783203
batch	24780	valid_loss	15245.0894775
batch	24800	valid_loss	15244.9893799
batch	24820	valid_loss	15261.9578857
batch	24840	valid_loss	15238.5970459
batch	24860	valid_loss	15253.5587158
batch	24880	valid_loss	15237.5762939
batch	24900	valid_loss	15213.637085
batch	24920	valid_loss	15275.0480957
batch	24940	valid_loss	15255.5302734
batch	24960	valid_loss	15235.274292
batch	24980	valid_loss	15211.8533936
STOP
