START
config	400	200	400	1140
batch	0	valid_loss	8462898.5
batch	30	valid_loss	167600.110352
batch	60	valid_loss	99184.7939453
batch	90	valid_loss	95964.9941406
batch	120	valid_loss	95762.4423828
batch	150	valid_loss	95725.0869141
batch	180	valid_loss	95668.7792969
batch	210	valid_loss	95634.3623047
batch	240	valid_loss	95497.9140625
batch	270	valid_loss	95436.8857422
batch	300	valid_loss	95243.3710938
batch	330	valid_loss	94973.5634766
batch	360	valid_loss	94547.9003906
batch	390	valid_loss	93812.2792969
batch	420	valid_loss	92556.7822266
batch	450	valid_loss	90679.0039062
batch	480	valid_loss	88947.3852539
batch	510	valid_loss	87799.7944336
batch	540	valid_loss	86968.8310547
batch	570	valid_loss	86440.140625
batch	600	valid_loss	85946.9663086
batch	630	valid_loss	85576.1054688
batch	660	valid_loss	85077.6298828
batch	690	valid_loss	84708.0776367
batch	720	valid_loss	84175.0864258
batch	750	valid_loss	83586.4921875
batch	780	valid_loss	82927.4223633
batch	810	valid_loss	82127.0830078
batch	840	valid_loss	81297.5522461
batch	870	valid_loss	80468.4614258
batch	900	valid_loss	79464.3745117
batch	930	valid_loss	78573.9956055
batch	960	valid_loss	77553.7338867
batch	990	valid_loss	76566.1010742
batch	1020	valid_loss	75641.8369141
batch	1050	valid_loss	74602.7749023
batch	1080	valid_loss	73631.6054688
batch	1110	valid_loss	72608.8144531
batch	1140	valid_loss	71597.8061523
batch	1170	valid_loss	70674.3999023
batch	1200	valid_loss	69645.8374023
batch	1230	valid_loss	68639.7094727
batch	1260	valid_loss	67611.5800781
batch	1290	valid_loss	66572.2387695
batch	1320	valid_loss	65590.5229492
batch	1350	valid_loss	64573.105957
batch	1380	valid_loss	63555.3725586
batch	1410	valid_loss	62521.6162109
batch	1440	valid_loss	61474.5322266
batch	1470	valid_loss	60509.1166992
batch	1500	valid_loss	59540.1586914
batch	1530	valid_loss	58517.6142578
batch	1560	valid_loss	57573.9438477
batch	1590	valid_loss	56625.8847656
batch	1620	valid_loss	55742.2485352
batch	1650	valid_loss	54803.7290039
batch	1680	valid_loss	53914.6181641
batch	1710	valid_loss	53049.6621094
batch	1740	valid_loss	52260.6166992
batch	1770	valid_loss	51350.3540039
batch	1800	valid_loss	50622.4819336
batch	1830	valid_loss	49830.3740234
batch	1860	valid_loss	49168.0751953
batch	1890	valid_loss	48462.409668
batch	1920	valid_loss	47763.8808594
batch	1950	valid_loss	47097.3774414
batch	1980	valid_loss	46480.8422852
batch	2010	valid_loss	45861.9436035
batch	2040	valid_loss	45187.5561523
batch	2070	valid_loss	44607.4570312
batch	2100	valid_loss	44061.6340332
batch	2130	valid_loss	43441.2456055
batch	2160	valid_loss	42955.3625488
batch	2190	valid_loss	42434.1940918
batch	2220	valid_loss	41975.6035156
batch	2250	valid_loss	41486.953125
batch	2280	valid_loss	40954.1855469
batch	2310	valid_loss	40540.1782227
batch	2340	valid_loss	40059.348877
batch	2370	valid_loss	39638.3288574
batch	2400	valid_loss	39090.1335449
batch	2430	valid_loss	38727.8347168
batch	2460	valid_loss	38327.0085449
batch	2490	valid_loss	37913.2670898
batch	2520	valid_loss	37524.5771484
batch	2550	valid_loss	37151.3779297
batch	2580	valid_loss	36841.1918945
batch	2610	valid_loss	36411.3242188
batch	2640	valid_loss	36076.4338379
batch	2670	valid_loss	35712.3747559
batch	2700	valid_loss	35341.8999023
batch	2730	valid_loss	35052.7185059
batch	2760	valid_loss	34736.5402832
batch	2790	valid_loss	34434.0285645
batch	2820	valid_loss	34035.9206543
batch	2850	valid_loss	33827.5708008
batch	2880	valid_loss	33502.4370117
batch	2910	valid_loss	33257.7580566
batch	2940	valid_loss	33011.8076172
batch	2970	valid_loss	32646.6115723
batch	3000	valid_loss	32379.4040527
batch	3030	valid_loss	32073.7006836
batch	3060	valid_loss	31915.1333008
batch	3090	valid_loss	31572.7097168
batch	3120	valid_loss	31246.1599121
batch	3150	valid_loss	31090.5949707
batch	3180	valid_loss	30925.3874512
batch	3210	valid_loss	30575.2424316
batch	3240	valid_loss	30391.9790039
batch	3270	valid_loss	30169.5361328
batch	3300	valid_loss	30004.7468262
batch	3330	valid_loss	29690.6491699
batch	3360	valid_loss	29679.6362305
batch	3390	valid_loss	29389.8483887
batch	3420	valid_loss	29090.5561523
batch	3450	valid_loss	28929.894043
batch	3480	valid_loss	28781.1467285
batch	3510	valid_loss	28439.4350586
batch	3540	valid_loss	28315.0024414
batch	3570	valid_loss	28201.0344238
batch	3600	valid_loss	28027.0114746
batch	3630	valid_loss	27813.5192871
batch	3660	valid_loss	27560.6506348
batch	3690	valid_loss	27421.8500977
batch	3720	valid_loss	27246.4836426
batch	3750	valid_loss	27024.2443848
batch	3780	valid_loss	27076.5270996
batch	3810	valid_loss	26889.6682129
batch	3840	valid_loss	26539.081543
batch	3870	valid_loss	26537.9831543
batch	3900	valid_loss	26267.3076172
batch	3930	valid_loss	26221.1904297
batch	3960	valid_loss	26009.5881348
batch	3990	valid_loss	25971.2851562
batch	4020	valid_loss	25719.5375977
batch	4050	valid_loss	25582.7692871
batch	4080	valid_loss	25540.0693359
batch	4110	valid_loss	25258.7177734
batch	4140	valid_loss	25210.4716797
batch	4170	valid_loss	25038.4245605
batch	4200	valid_loss	24955.3017578
batch	4230	valid_loss	24943.4030762
batch	4260	valid_loss	24615.1716309
batch	4290	valid_loss	24486.7539062
batch	4320	valid_loss	24504.2006836
batch	4350	valid_loss	24297.4929199
batch	4380	valid_loss	24134.9719238
batch	4410	valid_loss	24143.5292969
batch	4440	valid_loss	23936.0085449
batch	4470	valid_loss	23823.026123
batch	4500	valid_loss	24096.5527344
batch	4530	valid_loss	23745.9387207
batch	4560	valid_loss	23493.1831055
batch	4590	valid_loss	23589.4882812
batch	4620	valid_loss	23230.8852539
batch	4650	valid_loss	23204.8685303
batch	4680	valid_loss	23006.7943115
batch	4710	valid_loss	23042.6801758
batch	4740	valid_loss	23036.2189941
batch	4770	valid_loss	22798.350708
batch	4800	valid_loss	22815.0721436
batch	4830	valid_loss	22734.5328369
batch	4860	valid_loss	22744.6300049
batch	4890	valid_loss	22365.5938721
batch	4920	valid_loss	22802.0961914
batch	4950	valid_loss	22331.4938965
batch	4980	valid_loss	22250.9803467
batch	5010	valid_loss	22149.5272217
batch	5040	valid_loss	22013.8911133
batch	5070	valid_loss	21887.7368164
batch	5100	valid_loss	21802.8806152
batch	5130	valid_loss	21778.6435547
batch	5160	valid_loss	21848.4086914
batch	5190	valid_loss	21594.3670654
batch	5220	valid_loss	21712.6716309
batch	5250	valid_loss	21485.5494385
batch	5280	valid_loss	21397.2398682
batch	5310	valid_loss	21310.8463135
batch	5340	valid_loss	21297.4914551
batch	5370	valid_loss	21552.3012695
batch	5400	valid_loss	21055.2178955
batch	5430	valid_loss	21138.4782715
batch	5460	valid_loss	21072.5180664
batch	5490	valid_loss	20976.5404053
batch	5520	valid_loss	20936.2038574
batch	5550	valid_loss	20789.1437988
batch	5580	valid_loss	20768.545166
batch	5610	valid_loss	20785.3359375
batch	5640	valid_loss	20549.0670166
batch	5670	valid_loss	20586.8188477
batch	5700	valid_loss	20411.1009521
batch	5730	valid_loss	20356.0083008
batch	5760	valid_loss	20371.9698486
batch	5790	valid_loss	20301.7313232
batch	5820	valid_loss	20220.5563965
batch	5850	valid_loss	20364.430542
batch	5880	valid_loss	20075.8966064
batch	5910	valid_loss	20043.3424072
batch	5940	valid_loss	19905.3840332
batch	5970	valid_loss	20359.8216553
batch	6000	valid_loss	19838.3138428
batch	6030	valid_loss	19823.4442139
batch	6060	valid_loss	19813.2515869
batch	6090	valid_loss	19727.310791
batch	6120	valid_loss	19690.048584
batch	6150	valid_loss	19587.8056641
batch	6180	valid_loss	19758.1572266
batch	6210	valid_loss	19512.2302246
batch	6240	valid_loss	19410.6435547
batch	6270	valid_loss	19463.3612061
batch	6300	valid_loss	19589.5214844
batch	6330	valid_loss	19326.0305176
batch	6360	valid_loss	19509.3186035
batch	6390	valid_loss	19286.1695557
batch	6420	valid_loss	19742.3408203
batch	6450	valid_loss	19299.4737549
batch	6480	valid_loss	19061.9058838
batch	6510	valid_loss	19154.6043701
batch	6540	valid_loss	19000.6064453
batch	6570	valid_loss	19025.7729492
batch	6600	valid_loss	18947.2702637
batch	6630	valid_loss	18832.9919434
batch	6660	valid_loss	18984.5637207
batch	6690	valid_loss	18805.8195801
batch	6720	valid_loss	18793.7071533
batch	6750	valid_loss	18780.8635254
batch	6780	valid_loss	19357.7506104
batch	6810	valid_loss	18751.9517822
batch	6840	valid_loss	18644.9051514
batch	6870	valid_loss	19124.3359375
batch	6900	valid_loss	18530.326416
batch	6930	valid_loss	18725.9788818
batch	6960	valid_loss	18409.0195312
batch	6990	valid_loss	19113.4730225
batch	7020	valid_loss	18364.4139404
batch	7050	valid_loss	18413.4920654
batch	7080	valid_loss	18486.0777588
batch	7110	valid_loss	18370.4658203
batch	7140	valid_loss	18249.1715088
batch	7170	valid_loss	18203.8693848
batch	7200	valid_loss	18351.37146
batch	7230	valid_loss	18266.3190918
batch	7260	valid_loss	18158.7563477
batch	7290	valid_loss	18106.1306152
batch	7320	valid_loss	18065.2175293
batch	7350	valid_loss	18044.9145508
batch	7380	valid_loss	20272.2940674
batch	7410	valid_loss	17935.7749023
batch	7440	valid_loss	17920.40979
batch	7470	valid_loss	17907.1962891
batch	7500	valid_loss	17835.2911377
batch	7530	valid_loss	17947.9932861
batch	7560	valid_loss	17883.6639404
batch	7590	valid_loss	17816.7792969
batch	7620	valid_loss	18070.8696289
batch	7650	valid_loss	17778.4591064
batch	7680	valid_loss	17696.2012939
batch	7710	valid_loss	17662.7908936
batch	7740	valid_loss	17718.4733887
batch	7770	valid_loss	17650.0953369
batch	7800	valid_loss	17577.0170898
batch	7830	valid_loss	17876.3818359
batch	7860	valid_loss	17577.40271
batch	7890	valid_loss	17488.6347656
batch	7920	valid_loss	17743.8907471
batch	7950	valid_loss	17616.1571045
batch	7980	valid_loss	17419.0270996
batch	8010	valid_loss	17508.317627
batch	8040	valid_loss	17684.0775146
batch	8070	valid_loss	17477.019165
batch	8100	valid_loss	17348.376709
batch	8130	valid_loss	17332.9927979
batch	8160	valid_loss	17388.0626221
batch	8190	valid_loss	17325.8824463
batch	8220	valid_loss	17301.5708008
batch	8250	valid_loss	17289.7490234
batch	8280	valid_loss	17226.2337646
batch	8310	valid_loss	18001.5256348
batch	8340	valid_loss	17255.9295654
batch	8370	valid_loss	17271.8182373
batch	8400	valid_loss	17354.7894287
batch	8430	valid_loss	17167.7570801
batch	8460	valid_loss	17096.4793701
batch	8490	valid_loss	17156.6895752
batch	8520	valid_loss	17010.7481689
batch	8550	valid_loss	17814.2468262
batch	8580	valid_loss	17090.8966064
batch	8610	valid_loss	16973.7459717
batch	8640	valid_loss	17680.0318604
batch	8670	valid_loss	17183.1856689
batch	8700	valid_loss	16965.8498535
batch	8730	valid_loss	16986.1635742
batch	8760	valid_loss	16955.3336182
batch	8790	valid_loss	16941.4256592
batch	8820	valid_loss	16980.2507324
batch	8850	valid_loss	16957.9693604
batch	8880	valid_loss	17083.4016113
batch	8910	valid_loss	16831.9477539
batch	8940	valid_loss	16744.0081787
batch	8970	valid_loss	16809.4257812
batch	9000	valid_loss	16969.4812012
batch	9030	valid_loss	16811.1348877
batch	9060	valid_loss	16725.2492676
batch	9090	valid_loss	16760.8394775
batch	9120	valid_loss	16864.9227295
batch	9150	valid_loss	16763.2121582
batch	9180	valid_loss	16774.4694824
batch	9210	valid_loss	16936.8616943
batch	9240	valid_loss	16657.7200928
batch	9270	valid_loss	16625.7747803
batch	9300	valid_loss	16841.3204346
batch	9330	valid_loss	16700.3370361
batch	9360	valid_loss	16601.3652344
batch	9390	valid_loss	16842.7304688
batch	9420	valid_loss	16624.1834717
batch	9450	valid_loss	16560.9888916
batch	9480	valid_loss	16866.1425781
batch	9510	valid_loss	16574.6657715
batch	9540	valid_loss	16541.3409424
batch	9570	valid_loss	16581.0985107
batch	9600	valid_loss	16747.5908203
batch	9630	valid_loss	16496.0224609
batch	9660	valid_loss	16539.7305908
batch	9690	valid_loss	17010.4962158
batch	9720	valid_loss	16539.7872314
batch	9750	valid_loss	16433.2189941
batch	9780	valid_loss	16459.1519775
batch	9810	valid_loss	16521.1589355
batch	9840	valid_loss	16533.1101074
batch	9870	valid_loss	16471.519165
batch	9900	valid_loss	16445.1713867
batch	9930	valid_loss	16476.6933594
batch	9960	valid_loss	16413.3813477
batch	9990	valid_loss	16679.9041748
batch	10020	valid_loss	16489.4515381
batch	10050	valid_loss	16448.2097168
batch	10080	valid_loss	16334.0805664
batch	10110	valid_loss	17680.270752
batch	10140	valid_loss	16348.4851074
batch	10170	valid_loss	16351.1898193
batch	10200	valid_loss	16346.0942383
batch	10230	valid_loss	17098.8518066
batch	10260	valid_loss	16319.2954102
batch	10290	valid_loss	16365.2686768
batch	10320	valid_loss	16789.5887451
batch	10350	valid_loss	16327.2095947
batch	10380	valid_loss	16401.546875
batch	10410	valid_loss	16769.0605469
batch	10440	valid_loss	16351.9926758
batch	10470	valid_loss	16889.34021
batch	10500	valid_loss	16241.1374512
batch	10530	valid_loss	16250.5802002
batch	10560	valid_loss	16937.1008301
batch	10590	valid_loss	16307.9310303
batch	10620	valid_loss	16217.9284668
batch	10650	valid_loss	16392.6939697
batch	10680	valid_loss	16260.2919922
batch	10710	valid_loss	16391.8425293
batch	10740	valid_loss	16356.2503662
batch	10770	valid_loss	16211.4681396
batch	10800	valid_loss	17167.9129639
batch	10830	valid_loss	16179.1119385
batch	10860	valid_loss	16183.4033203
batch	10890	valid_loss	16309.6973877
batch	10920	valid_loss	16281.2038574
batch	10950	valid_loss	16288.2637939
batch	10980	valid_loss	16215.1983643
batch	11010	valid_loss	16328.1014404
batch	11040	valid_loss	16204.4075928
batch	11070	valid_loss	16432.1904297
batch	11100	valid_loss	16252.0167236
batch	11130	valid_loss	16150.0300293
batch	11160	valid_loss	16220.1517334
batch	11190	valid_loss	16174.1574707
batch	11220	valid_loss	16141.6806641
batch	11250	valid_loss	16200.4312744
batch	11280	valid_loss	16456.3222656
batch	11310	valid_loss	16120.0023193
batch	11340	valid_loss	16512.8851318
batch	11370	valid_loss	16194.7592773
batch	11400	valid_loss	16141.9274902
batch	11430	valid_loss	16322.7421875
batch	11460	valid_loss	16117.1374512
batch	11490	valid_loss	16150.5582275
batch	11520	valid_loss	16096.243042
batch	11550	valid_loss	16163.8234863
batch	11580	valid_loss	16134.1749268
batch	11610	valid_loss	16136.8048096
batch	11640	valid_loss	16031.0067139
batch	11670	valid_loss	16128.4468994
batch	11700	valid_loss	16083.1606445
batch	11730	valid_loss	16135.074585
batch	11760	valid_loss	16403.762207
batch	11790	valid_loss	16109.050293
batch	11820	valid_loss	16097.7526855
batch	11850	valid_loss	16113.7965088
batch	11880	valid_loss	17002.0784912
batch	11910	valid_loss	16115.4240723
batch	11940	valid_loss	16100.3286133
batch	11970	valid_loss	16231.7268066
batch	12000	valid_loss	16065.8925781
batch	12030	valid_loss	16039.5567627
batch	12060	valid_loss	16018.9654541
batch	12090	valid_loss	16934.3544922
batch	12120	valid_loss	15994.5096436
batch	12150	valid_loss	16013.4333496
batch	12180	valid_loss	15979.2248535
batch	12210	valid_loss	16278.7354736
batch	12240	valid_loss	15996.6035156
batch	12270	valid_loss	16584.1341553
batch	12300	valid_loss	16064.0733643
batch	12330	valid_loss	16281.2260742
batch	12360	valid_loss	15976.241333
batch	12390	valid_loss	15982.2137451
batch	12420	valid_loss	16457.8916016
batch	12450	valid_loss	15988.8120117
batch	12480	valid_loss	15962.8503418
batch	12510	valid_loss	16200.5064697
batch	12540	valid_loss	16044.7119141
batch	12570	valid_loss	15988.7762451
batch	12600	valid_loss	16067.5651855
batch	12630	valid_loss	15972.298584
batch	12660	valid_loss	16053.0697021
batch	12690	valid_loss	15977.2485352
batch	12720	valid_loss	15975.5307617
batch	12750	valid_loss	15947.1680908
batch	12780	valid_loss	15984.012207
batch	12810	valid_loss	16232.1729736
batch	12840	valid_loss	15995.8026123
batch	12870	valid_loss	16161.769043
batch	12900	valid_loss	15989.7445068
batch	12930	valid_loss	16319.7421875
batch	12960	valid_loss	16005.635498
batch	12990	valid_loss	15931.1311035
batch	13020	valid_loss	16425.2286377
batch	13050	valid_loss	15988.0578613
batch	13080	valid_loss	15938.2393799
batch	13110	valid_loss	16134.902832
batch	13140	valid_loss	15921.817749
batch	13170	valid_loss	15967.7176514
batch	13200	valid_loss	15911.8216553
batch	13230	valid_loss	16120.6009521
batch	13260	valid_loss	15859.8665771
batch	13290	valid_loss	15930.8376465
batch	13320	valid_loss	15932.463623
batch	13350	valid_loss	15951.6219482
batch	13380	valid_loss	15893.8337402
batch	13410	valid_loss	15939.5148926
batch	13440	valid_loss	15958.470459
batch	13470	valid_loss	15907.7784424
batch	13500	valid_loss	15941.5603027
batch	13530	valid_loss	15990.8088379
batch	13560	valid_loss	16051.3127441
batch	13590	valid_loss	15890.9401855
batch	13620	valid_loss	15911.8432617
batch	13650	valid_loss	16058.0947266
batch	13680	valid_loss	15833.6975098
batch	13710	valid_loss	15869.1586914
batch	13740	valid_loss	15845.3400879
batch	13770	valid_loss	15902.6972656
batch	13800	valid_loss	15950.2019043
batch	13830	valid_loss	15908.1097412
batch	13860	valid_loss	15908.6850586
batch	13890	valid_loss	16394.1414795
batch	13920	valid_loss	15845.0991211
batch	13950	valid_loss	15814.5740967
batch	13980	valid_loss	15932.0704346
batch	14010	valid_loss	15918.4798584
batch	14040	valid_loss	15954.4683838
batch	14070	valid_loss	15959.9416504
batch	14100	valid_loss	15926.480957
batch	14130	valid_loss	15888.1895752
batch	14160	valid_loss	15911.9003906
batch	14190	valid_loss	15839.4678955
batch	14220	valid_loss	16275.4508057
batch	14250	valid_loss	15804.2425537
batch	14280	valid_loss	16106.6778564
batch	14310	valid_loss	15934.4250488
batch	14340	valid_loss	15833.796875
batch	14370	valid_loss	15797.786499
batch	14400	valid_loss	15957.5603027
batch	14430	valid_loss	15838.6362305
batch	14460	valid_loss	16224.8691406
batch	14490	valid_loss	15875.5036621
batch	14520	valid_loss	15986.9024658
batch	14550	valid_loss	15843.9268799
batch	14580	valid_loss	15790.4116211
batch	14610	valid_loss	16263.4768066
batch	14640	valid_loss	15906.3619385
batch	14670	valid_loss	15831.5230713
batch	14700	valid_loss	15835.1455078
batch	14730	valid_loss	15871.0284424
batch	14760	valid_loss	15772.3519287
batch	14790	valid_loss	16379.8217773
batch	14820	valid_loss	15803.9039307
batch	14850	valid_loss	15887.9368896
batch	14880	valid_loss	15884.2484131
batch	14910	valid_loss	15879.7937012
batch	14940	valid_loss	15895.1437988
batch	14970	valid_loss	15918.3659668
batch	15000	valid_loss	15790.4099121
batch	15030	valid_loss	15816.0782471
batch	15060	valid_loss	15897.8297119
batch	15090	valid_loss	15792.3380127
batch	15120	valid_loss	15852.8171387
batch	15150	valid_loss	16047.4067383
batch	15180	valid_loss	15797.7940674
batch	15210	valid_loss	15858.1220703
batch	15240	valid_loss	16068.1035156
batch	15270	valid_loss	15796.5113525
batch	15300	valid_loss	15774.6756592
batch	15330	valid_loss	15874.6646729
batch	15360	valid_loss	15795.9951172
batch	15390	valid_loss	15835.9711914
batch	15420	valid_loss	16143.9465332
batch	15450	valid_loss	15773.6625977
batch	15480	valid_loss	15744.177124
batch	15510	valid_loss	15749.7329102
batch	15540	valid_loss	15813.723999
batch	15570	valid_loss	15834.5961914
batch	15600	valid_loss	15848.1591797
batch	15630	valid_loss	15980.5494385
batch	15660	valid_loss	15788.9127197
batch	15690	valid_loss	15958.8901367
batch	15720	valid_loss	15802.6810303
batch	15750	valid_loss	15723.1922607
batch	15780	valid_loss	15949.8526611
batch	15810	valid_loss	15900.7008057
batch	15840	valid_loss	15894.5831299
batch	15870	valid_loss	15764.8188477
batch	15900	valid_loss	15839.217041
batch	15930	valid_loss	16070.7344971
batch	15960	valid_loss	15779.5396729
batch	15990	valid_loss	15751.9578857
batch	16020	valid_loss	16019.5827637
batch	16050	valid_loss	15837.064209
batch	16080	valid_loss	15760.3023682
batch	16110	valid_loss	15756.9813232
batch	16140	valid_loss	15912.3985596
batch	16170	valid_loss	15762.9580078
batch	16200	valid_loss	15772.8560791
batch	16230	valid_loss	16571.3452148
batch	16260	valid_loss	15736.838501
batch	16290	valid_loss	15779.0574951
batch	16320	valid_loss	15727.7712402
batch	16350	valid_loss	15735.4212646
batch	16380	valid_loss	15693.7803955
batch	16410	valid_loss	15979.4372559
batch	16440	valid_loss	15731.0993652
batch	16470	valid_loss	17252.048584
batch	16500	valid_loss	15801.302124
batch	16530	valid_loss	15766.5177002
batch	16560	valid_loss	15726.9643555
batch	16590	valid_loss	16225.8232422
batch	16620	valid_loss	15784.5053711
batch	16650	valid_loss	15737.6523438
batch	16680	valid_loss	16759.8043213
batch	16710	valid_loss	15741.8607178
batch	16740	valid_loss	15743.8843994
batch	16770	valid_loss	15865.7174072
batch	16800	valid_loss	15876.4825439
batch	16830	valid_loss	15737.1779785
batch	16860	valid_loss	15705.0426025
batch	16890	valid_loss	15864.1884766
batch	16920	valid_loss	15721.4287109
batch	16950	valid_loss	15746.8398438
batch	16980	valid_loss	15885.104248
batch	17010	valid_loss	15770.6356201
batch	17040	valid_loss	15715.2987061
batch	17070	valid_loss	15729.1943359
batch	17100	valid_loss	15915.5651855
batch	17130	valid_loss	15685.4008789
batch	17160	valid_loss	15719.9459229
batch	17190	valid_loss	15893.6403809
batch	17220	valid_loss	15720.8520508
batch	17250	valid_loss	15733.1647949
batch	17280	valid_loss	16319.9957275
batch	17310	valid_loss	15687.2019043
batch	17340	valid_loss	15759.9953613
batch	17370	valid_loss	15801.8433838
batch	17400	valid_loss	15790.7907715
batch	17430	valid_loss	15720.4068604
batch	17460	valid_loss	15735.9044189
batch	17490	valid_loss	16029.3232422
batch	17520	valid_loss	15879.6727295
batch	17550	valid_loss	15722.289917
batch	17580	valid_loss	15974.8907471
batch	17610	valid_loss	15707.6767578
batch	17640	valid_loss	15747.2550049
batch	17670	valid_loss	15707.680542
batch	17700	valid_loss	16297.296875
batch	17730	valid_loss	15830.1439209
batch	17760	valid_loss	15677.7230225
batch	17790	valid_loss	15706.9215088
batch	17820	valid_loss	15913.2561035
batch	17850	valid_loss	15755.7636719
batch	17880	valid_loss	15652.3115234
batch	17910	valid_loss	15821.1710205
batch	17940	valid_loss	15717.6184082
batch	17970	valid_loss	15756.847168
batch	18000	valid_loss	15688.5548096
batch	18030	valid_loss	16755.0297852
batch	18060	valid_loss	15733.7647705
batch	18090	valid_loss	15704.5998535
batch	18120	valid_loss	15663.618042
batch	18150	valid_loss	16224.3005371
batch	18180	valid_loss	15701.3284912
batch	18210	valid_loss	15713.40625
batch	18240	valid_loss	15704.1229248
batch	18270	valid_loss	15680.8643799
batch	18300	valid_loss	15657.6153564
batch	18330	valid_loss	15706.4216309
batch	18360	valid_loss	15814.1422119
batch	18390	valid_loss	15679.6844482
batch	18420	valid_loss	15967.9729004
batch	18450	valid_loss	15783.0477295
batch	18480	valid_loss	15662.8083496
batch	18510	valid_loss	15701.7000732
batch	18540	valid_loss	15678.2094727
batch	18570	valid_loss	15747.3114014
batch	18600	valid_loss	15649.388916
batch	18630	valid_loss	15656.5107422
batch	18660	valid_loss	15746.3996582
batch	18690	valid_loss	15656.0222168
batch	18720	valid_loss	15630.1573486
batch	18750	valid_loss	15894.2589111
batch	18780	valid_loss	15680.203125
batch	18810	valid_loss	15689.067749
batch	18840	valid_loss	16185.6437988
batch	18870	valid_loss	15660.6085205
batch	18900	valid_loss	15668.5557861
batch	18930	valid_loss	15613.5330811
batch	18960	valid_loss	16013.3687744
batch	18990	valid_loss	15675.3465576
batch	19020	valid_loss	15689.3135986
batch	19050	valid_loss	15821.4400635
batch	19080	valid_loss	15931.6066895
batch	19110	valid_loss	15647.3381348
batch	19140	valid_loss	15975.3931885
batch	19170	valid_loss	15723.1920166
batch	19200	valid_loss	15677.3040771
batch	19230	valid_loss	15648.2889404
batch	19260	valid_loss	15664.5914307
batch	19290	valid_loss	16007.0975342
batch	19320	valid_loss	15681.2828369
batch	19350	valid_loss	15658.5429688
batch	19380	valid_loss	16328.416748
batch	19410	valid_loss	15687.5384521
batch	19440	valid_loss	15651.9263916
batch	19470	valid_loss	16439.3658447
batch	19500	valid_loss	15590.3824463
batch	19530	valid_loss	15757.0441895
batch	19560	valid_loss	15719.8452148
batch	19590	valid_loss	15815.1062012
batch	19620	valid_loss	15612.633667
batch	19650	valid_loss	15656.5498047
batch	19680	valid_loss	15766.9053955
batch	19710	valid_loss	16112.4572754
batch	19740	valid_loss	15666.6663818
batch	19770	valid_loss	15672.6292725
batch	19800	valid_loss	15727.8380127
batch	19830	valid_loss	15633.4858398
batch	19860	valid_loss	15602.7329102
batch	19890	valid_loss	15633.0319824
batch	19920	valid_loss	16428.2253418
batch	19950	valid_loss	15650.0321045
batch	19980	valid_loss	15609.3787842
batch	20010	valid_loss	15793.5068359
batch	20040	valid_loss	15708.6242676
batch	20070	valid_loss	15695.4366455
batch	20100	valid_loss	16118.6899414
batch	20130	valid_loss	15633.2572021
batch	20160	valid_loss	15591.0267334
batch	20190	valid_loss	16233.5206299
batch	20220	valid_loss	15727.1643066
batch	20250	valid_loss	15595.9754639
batch	20280	valid_loss	15581.4815674
batch	20310	valid_loss	15662.2131348
batch	20340	valid_loss	15678.2722168
batch	20370	valid_loss	15679.0606689
batch	20400	valid_loss	16015.348999
batch	20430	valid_loss	15589.6663818
batch	20460	valid_loss	15640.2546387
batch	20490	valid_loss	15584.822998
batch	20520	valid_loss	16888.189209
batch	20550	valid_loss	15718.8311768
batch	20580	valid_loss	15603.5600586
batch	20610	valid_loss	15639.7495117
batch	20640	valid_loss	15672.3267822
batch	20670	valid_loss	16070.7286377
batch	20700	valid_loss	15618.7093506
batch	20730	valid_loss	15615.4190674
batch	20760	valid_loss	17469.4578857
batch	20790	valid_loss	15630.3441162
batch	20820	valid_loss	15603.4447021
batch	20850	valid_loss	15661.9395752
batch	20880	valid_loss	15573.8939209
batch	20910	valid_loss	15636.6942139
batch	20940	valid_loss	15993.6470947
batch	20970	valid_loss	15626.0709229
batch	21000	valid_loss	15600.2807617
batch	21030	valid_loss	15673.824707
batch	21060	valid_loss	15573.0270996
batch	21090	valid_loss	15700.7640381
batch	21120	valid_loss	15631.6966553
batch	21150	valid_loss	15692.8165283
batch	21180	valid_loss	15642.2574463
batch	21210	valid_loss	15649.0411377
batch	21240	valid_loss	16116.6416016
batch	21270	valid_loss	15610.0621338
batch	21300	valid_loss	15655.5936279
batch	21330	valid_loss	16405.026123
batch	21360	valid_loss	15585.7543945
batch	21390	valid_loss	15585.2802734
batch	21420	valid_loss	15611.3262939
batch	21450	valid_loss	15678.1247559
batch	21480	valid_loss	15687.9389648
batch	21510	valid_loss	15568.5578613
batch	21540	valid_loss	15595.8248291
batch	21570	valid_loss	15826.3726807
batch	21600	valid_loss	15662.6018066
batch	21630	valid_loss	15671.9996338
batch	21660	valid_loss	15690.1778564
batch	21690	valid_loss	15612.1804199
batch	21720	valid_loss	15547.8157959
batch	21750	valid_loss	15899.3045654
batch	21780	valid_loss	15760.1693115
batch	21810	valid_loss	15671.5220947
batch	21840	valid_loss	15614.5322266
batch	21870	valid_loss	16272.170166
batch	21900	valid_loss	15610.3397217
batch	21930	valid_loss	15629.2937012
batch	21960	valid_loss	15987.4857178
batch	21990	valid_loss	15563.1853027
batch	22020	valid_loss	15664.0228271
batch	22050	valid_loss	16311.7790527
batch	22080	valid_loss	15634.5257568
batch	22110	valid_loss	15566.1455078
batch	22140	valid_loss	15569.2435303
batch	22170	valid_loss	15595.1894531
batch	22200	valid_loss	20194.5133057
batch	22230	valid_loss	15632.5360107
batch	22260	valid_loss	15586.8703613
batch	22290	valid_loss	15539.6656494
batch	22320	valid_loss	15563.425415
batch	22350	valid_loss	15619.6177979
batch	22380	valid_loss	15610.704834
batch	22410	valid_loss	15862.9190674
batch	22440	valid_loss	15556.9971924
batch	22470	valid_loss	15612.4688721
batch	22500	valid_loss	15709.6561279
batch	22530	valid_loss	15605.0220947
batch	22560	valid_loss	15577.6751709
batch	22590	valid_loss	15765.7548828
batch	22620	valid_loss	15529.9859619
batch	22650	valid_loss	15603.3226318
batch	22680	valid_loss	15758.7254639
batch	22710	valid_loss	15614.0577393
batch	22740	valid_loss	15707.7553711
batch	22770	valid_loss	15656.8865967
batch	22800	valid_loss	15576.3222656
batch	22830	valid_loss	15706.5784912
batch	22860	valid_loss	15611.079834
batch	22890	valid_loss	15552.8696289
batch	22920	valid_loss	15553.1901855
batch	22950	valid_loss	15593.5983887
batch	22980	valid_loss	15559.4001465
batch	23010	valid_loss	15598.8065186
batch	23040	valid_loss	15934.5615234
batch	23070	valid_loss	15561.2384033
batch	23100	valid_loss	15809.9963379
batch	23130	valid_loss	15645.9642334
batch	23160	valid_loss	15556.2939453
batch	23190	valid_loss	15603.2133789
batch	23220	valid_loss	15928.2701416
batch	23250	valid_loss	15575.1322021
batch	23280	valid_loss	15617.9143066
batch	23310	valid_loss	15578.9130859
batch	23340	valid_loss	15665.8201904
batch	23370	valid_loss	16184.6102295
batch	23400	valid_loss	15545.6539307
batch	23430	valid_loss	15569.7138672
batch	23460	valid_loss	15815.1671143
batch	23490	valid_loss	15588.5327148
batch	23520	valid_loss	15545.8125
batch	23550	valid_loss	15744.0894775
batch	23580	valid_loss	15605.1898193
batch	23610	valid_loss	15508.7510986
batch	23640	valid_loss	15605.7506104
batch	23670	valid_loss	16216.9068604
batch	23700	valid_loss	15545.4300537
batch	23730	valid_loss	15719.2860107
batch	23760	valid_loss	15839.5541992
batch	23790	valid_loss	15530.6436768
batch	23820	valid_loss	16815.28479
batch	23850	valid_loss	15554.5054932
batch	23880	valid_loss	15527.3592529
batch	23910	valid_loss	15537.4295654
batch	23940	valid_loss	16234.364502
batch	23970	valid_loss	15569.9329834
batch	24000	valid_loss	15512.03479
batch	24030	valid_loss	15586.2947998
batch	24060	valid_loss	15591.0750732
batch	24090	valid_loss	15554.6300049
batch	24120	valid_loss	15619.5758057
batch	24150	valid_loss	15609.4821777
batch	24180	valid_loss	15446.8858643
batch	24210	valid_loss	15534.3875732
batch	24240	valid_loss	15533.496582
batch	24270	valid_loss	15595.7817383
batch	24300	valid_loss	15518.6077881
batch	24330	valid_loss	15545.7562256
batch	24360	valid_loss	15518.3620605
batch	24390	valid_loss	15623.5490723
batch	24420	valid_loss	15587.2532959
batch	24450	valid_loss	15542.2875977
batch	24480	valid_loss	15538.1921387
batch	24510	valid_loss	15469.0843506
batch	24540	valid_loss	15493.4155273
batch	24570	valid_loss	15500.6043701
batch	24600	valid_loss	16158.4287109
batch	24630	valid_loss	15476.6687012
batch	24660	valid_loss	15483.2253418
batch	24690	valid_loss	15745.206543
batch	24720	valid_loss	16001.6643066
batch	24750	valid_loss	15521.3061523
batch	24780	valid_loss	15554.0786133
batch	24810	valid_loss	15508.4152832
batch	24840	valid_loss	15585.3684082
batch	24870	valid_loss	15509.68396
batch	24900	valid_loss	15674.0360107
batch	24930	valid_loss	15531.2460938
batch	24960	valid_loss	15722.6130371
batch	24990	valid_loss	15468.7838135
STOP
START
config	400	200	400	1140
batch	0	valid_loss	9070219.9375
batch	30	valid_loss	172607.459961
batch	60	valid_loss	99359.1796875
batch	90	valid_loss	95969.7324219
batch	120	valid_loss	95729.5810547
batch	150	valid_loss	95733.2900391
batch	180	valid_loss	95620.2558594
batch	210	valid_loss	95531.8251953
batch	240	valid_loss	95340.0273438
batch	270	valid_loss	95192.3125
batch	300	valid_loss	94869.1796875
batch	330	valid_loss	94344.6972656
batch	360	valid_loss	93440.5219727
batch	390	valid_loss	92070.7944336
batch	420	valid_loss	90358.8530273
batch	450	valid_loss	89132.8657227
batch	480	valid_loss	88139.0981445
batch	510	valid_loss	87492.7241211
batch	540	valid_loss	86892.4614258
batch	570	valid_loss	86438.8081055
batch	600	valid_loss	85996.2919922
batch	630	valid_loss	85590.090332
batch	660	valid_loss	85172.2558594
batch	690	valid_loss	84634.675293
batch	720	valid_loss	84148.3720703
batch	750	valid_loss	83598.3334961
batch	780	valid_loss	82755.7636719
batch	810	valid_loss	81967.609375
batch	840	valid_loss	81128.3608398
batch	870	valid_loss	80232.7744141
batch	900	valid_loss	79164.3427734
batch	930	valid_loss	78104.9516602
batch	960	valid_loss	77072.7250977
batch	990	valid_loss	75941.1777344
batch	1020	valid_loss	74941.6743164
batch	1050	valid_loss	73844.1245117
batch	1080	valid_loss	72811.7963867
batch	1110	valid_loss	71714.6796875
batch	1140	valid_loss	70664.2514648
batch	1170	valid_loss	69642.5986328
batch	1200	valid_loss	68622.7792969
batch	1230	valid_loss	67603.2128906
batch	1260	valid_loss	66601.3085938
batch	1290	valid_loss	65569.9985352
batch	1320	valid_loss	64590.5737305
batch	1350	valid_loss	63583.512207
batch	1380	valid_loss	62687.2084961
batch	1410	valid_loss	61666.625
batch	1440	valid_loss	60780.5371094
batch	1470	valid_loss	59786.2280273
batch	1500	valid_loss	58879.9746094
batch	1530	valid_loss	57945.2441406
batch	1560	valid_loss	57148.1264648
batch	1590	valid_loss	56275.9267578
batch	1620	valid_loss	55467.9667969
batch	1650	valid_loss	54617.5083008
batch	1680	valid_loss	53818.1064453
batch	1710	valid_loss	53063.8984375
batch	1740	valid_loss	52274.2319336
batch	1770	valid_loss	51505.1015625
batch	1800	valid_loss	50760.9970703
batch	1830	valid_loss	50016.2436523
batch	1860	valid_loss	49310.7001953
batch	1890	valid_loss	48687.5810547
batch	1920	valid_loss	48049.2993164
batch	1950	valid_loss	47397.5957031
batch	1980	valid_loss	46735.5090332
batch	2010	valid_loss	46182.7185059
batch	2040	valid_loss	45514.0930176
batch	2070	valid_loss	44956.5080566
batch	2100	valid_loss	44338.0759277
batch	2130	valid_loss	43929.5344238
batch	2160	valid_loss	43344.2177734
batch	2190	valid_loss	42815.9331055
batch	2220	valid_loss	42333.4736328
batch	2250	valid_loss	41794.5581055
batch	2280	valid_loss	41341.1999512
batch	2310	valid_loss	40766.8884277
batch	2340	valid_loss	40391.5576172
batch	2370	valid_loss	39967.15625
batch	2400	valid_loss	39542.0893555
batch	2430	valid_loss	39157.6987305
batch	2460	valid_loss	38723.1235352
batch	2490	valid_loss	38277.6108398
batch	2520	valid_loss	37944.9802246
batch	2550	valid_loss	37556.4833984
batch	2580	valid_loss	37189.2421875
batch	2610	valid_loss	36781.2075195
batch	2640	valid_loss	36438.2429199
batch	2670	valid_loss	36107.7751465
batch	2700	valid_loss	35746.888916
batch	2730	valid_loss	35474.5737305
batch	2760	valid_loss	35093.6364746
batch	2790	valid_loss	34891.6652832
batch	2820	valid_loss	34431.3103027
batch	2850	valid_loss	34205.2973633
batch	2880	valid_loss	33861.548584
batch	2910	valid_loss	33564.0402832
batch	2940	valid_loss	33311.1496582
batch	2970	valid_loss	33070.098877
batch	3000	valid_loss	32742.5915527
batch	3030	valid_loss	32482.277832
batch	3060	valid_loss	32291.2438965
batch	3090	valid_loss	31996.1816406
batch	3120	valid_loss	31709.9370117
batch	3150	valid_loss	31493.199707
batch	3180	valid_loss	31263.9101562
batch	3210	valid_loss	30988.597168
batch	3240	valid_loss	30761.3771973
batch	3270	valid_loss	30571.1513672
batch	3300	valid_loss	30304.2995605
batch	3330	valid_loss	30104.5532227
batch	3360	valid_loss	29868.1503906
batch	3390	valid_loss	29691.6416016
batch	3420	valid_loss	29538.8815918
batch	3450	valid_loss	29275.4152832
batch	3480	valid_loss	29079.5825195
batch	3510	valid_loss	28789.4794922
batch	3540	valid_loss	28625.1853027
batch	3570	valid_loss	28425.7092285
batch	3600	valid_loss	28205.8237305
batch	3630	valid_loss	28017.5085449
batch	3660	valid_loss	27962.6037598
batch	3690	valid_loss	27891.0197754
batch	3720	valid_loss	27670.3320312
batch	3750	valid_loss	27572.4008789
batch	3780	valid_loss	27135.4038086
batch	3810	valid_loss	27115.5141602
batch	3840	valid_loss	26772.0449219
batch	3870	valid_loss	26637.7053223
batch	3900	valid_loss	26653.845459
batch	3930	valid_loss	26445.6293945
batch	3960	valid_loss	26570.7922363
batch	3990	valid_loss	26106.0061035
batch	4020	valid_loss	25963.6154785
batch	4050	valid_loss	25785.1738281
batch	4080	valid_loss	25625.8676758
batch	4110	valid_loss	25464.4143066
batch	4140	valid_loss	25368.4987793
batch	4170	valid_loss	25511.2861328
batch	4200	valid_loss	25170.1813965
batch	4230	valid_loss	24985.4626465
batch	4260	valid_loss	24769.0302734
batch	4290	valid_loss	24747.0588379
batch	4320	valid_loss	24513.59375
batch	4350	valid_loss	24529.364502
batch	4380	valid_loss	24677.574707
batch	4410	valid_loss	24196.392334
batch	4440	valid_loss	24290.2028809
batch	4470	valid_loss	24000.9147949
batch	4500	valid_loss	23896.6213379
batch	4530	valid_loss	23910.5368652
batch	4560	valid_loss	23659.2011719
batch	4590	valid_loss	23658.5390625
batch	4620	valid_loss	23413.6960449
batch	4650	valid_loss	23420.1367188
batch	4680	valid_loss	23248.3999023
batch	4710	valid_loss	23160.5418701
batch	4740	valid_loss	23035.3842773
batch	4770	valid_loss	22977.7150879
batch	4800	valid_loss	23012.3525391
batch	4830	valid_loss	22852.3585205
batch	4860	valid_loss	22738.5632324
batch	4890	valid_loss	22470.7283936
batch	4920	valid_loss	23723.3911133
batch	4950	valid_loss	22435.2054443
batch	4980	valid_loss	22278.2836914
batch	5010	valid_loss	22216.107666
batch	5040	valid_loss	22158.6531982
batch	5070	valid_loss	22340.5452881
batch	5100	valid_loss	21903.4282227
batch	5130	valid_loss	21878.9506836
batch	5160	valid_loss	21939.2697754
batch	5190	valid_loss	21680.0549316
batch	5220	valid_loss	21741.6485596
batch	5250	valid_loss	21632.8017578
batch	5280	valid_loss	21485.7457275
batch	5310	valid_loss	21358.2393799
batch	5340	valid_loss	21368.4685059
batch	5370	valid_loss	21348.041748
batch	5400	valid_loss	21148.6325684
batch	5430	valid_loss	21262.2489014
batch	5460	valid_loss	21158.4373779
batch	5490	valid_loss	21004.4361572
batch	5520	valid_loss	20923.8231201
batch	5550	valid_loss	20877.0953369
batch	5580	valid_loss	20704.5789795
batch	5610	valid_loss	20673.3555908
batch	5640	valid_loss	20641.3990479
batch	5670	valid_loss	20591.2833252
batch	5700	valid_loss	20503.7932129
batch	5730	valid_loss	20797.3468018
batch	5760	valid_loss	20478.2607422
batch	5790	valid_loss	20402.6717529
batch	5820	valid_loss	20345.3414307
batch	5850	valid_loss	20197.8964844
batch	5880	valid_loss	20188.8032227
batch	5910	valid_loss	20147.9659424
batch	5940	valid_loss	20463.494751
batch	5970	valid_loss	19965.0206299
batch	6000	valid_loss	19873.6236572
batch	6030	valid_loss	19858.8795166
batch	6060	valid_loss	19818.300293
batch	6090	valid_loss	19809.840332
batch	6120	valid_loss	19773.7587891
batch	6150	valid_loss	19728.9436035
batch	6180	valid_loss	19573.8208008
batch	6210	valid_loss	19637.7539062
batch	6240	valid_loss	19466.0465088
batch	6270	valid_loss	19689.4104004
batch	6300	valid_loss	19599.6751709
batch	6330	valid_loss	19332.7303467
batch	6360	valid_loss	20228.4710693
batch	6390	valid_loss	19320.3431396
batch	6420	valid_loss	19241.1290283
batch	6450	valid_loss	20160.1268311
batch	6480	valid_loss	19131.6674805
batch	6510	valid_loss	19104.0628662
batch	6540	valid_loss	19034.6512451
batch	6570	valid_loss	19016.1673584
batch	6600	valid_loss	19002.4365234
batch	6630	valid_loss	18853.1929932
batch	6660	valid_loss	18828.5054932
batch	6690	valid_loss	18882.5136719
batch	6720	valid_loss	18821.5209961
batch	6750	valid_loss	18669.5419922
batch	6780	valid_loss	18701.5895996
batch	6810	valid_loss	18762.0241699
batch	6840	valid_loss	18646.3626709
batch	6870	valid_loss	18924.1896973
batch	6900	valid_loss	18549.3277588
batch	6930	valid_loss	18705.0921631
batch	6960	valid_loss	18432.1485596
batch	6990	valid_loss	18460.1893311
batch	7020	valid_loss	18456.8745117
batch	7050	valid_loss	18458.7618408
batch	7080	valid_loss	18345.458252
batch	7110	valid_loss	18524.6337891
batch	7140	valid_loss	18436.5721436
batch	7170	valid_loss	18354.6096191
batch	7200	valid_loss	18215.1369629
batch	7230	valid_loss	18462.8409424
batch	7260	valid_loss	18194.2298584
batch	7290	valid_loss	18119.5837402
batch	7320	valid_loss	18165.3203125
batch	7350	valid_loss	18026.5118408
batch	7380	valid_loss	17945.291626
batch	7410	valid_loss	17958.55896
batch	7440	valid_loss	18220.7601318
batch	7470	valid_loss	17891.1734619
batch	7500	valid_loss	18012.9768066
batch	7530	valid_loss	17899.7021484
batch	7560	valid_loss	17997.3686523
batch	7590	valid_loss	17781.1101074
batch	7620	valid_loss	17800.6375732
batch	7650	valid_loss	19177.3596191
batch	7680	valid_loss	17754.4042969
batch	7710	valid_loss	17668.0909424
batch	7740	valid_loss	17624.7036133
batch	7770	valid_loss	17832.3520508
batch	7800	valid_loss	17849.4077148
batch	7830	valid_loss	17579.2661133
batch	7860	valid_loss	17594.7912598
batch	7890	valid_loss	17534.3735352
batch	7920	valid_loss	17690.7890625
batch	7950	valid_loss	17551.2713623
batch	7980	valid_loss	17429.394165
batch	8010	valid_loss	17435.6727295
batch	8040	valid_loss	17585.7526855
batch	8070	valid_loss	17410.7414551
batch	8100	valid_loss	17379.845459
batch	8130	valid_loss	17994.7423096
batch	8160	valid_loss	17475.7518311
batch	8190	valid_loss	17330.4500732
batch	8220	valid_loss	17379.6813965
batch	8250	valid_loss	17249.3172607
batch	8280	valid_loss	18516.8145752
batch	8310	valid_loss	17188.5410156
batch	8340	valid_loss	17263.7406006
batch	8370	valid_loss	17235.5643311
batch	8400	valid_loss	17125.5117188
batch	8430	valid_loss	17383.944458
batch	8460	valid_loss	17140.2474365
batch	8490	valid_loss	17164.8464355
batch	8520	valid_loss	17080.6097412
batch	8550	valid_loss	17092.3913574
batch	8580	valid_loss	17051.161377
batch	8610	valid_loss	16976.9677734
batch	8640	valid_loss	17295.4697266
batch	8670	valid_loss	17091.225708
batch	8700	valid_loss	16938.6644287
batch	8730	valid_loss	16939.6697998
batch	8760	valid_loss	16942.8427734
batch	8790	valid_loss	17747.2429199
batch	8820	valid_loss	16973.8356934
batch	8850	valid_loss	16892.3463135
batch	8880	valid_loss	17657.7980957
batch	8910	valid_loss	16813.0020752
batch	8940	valid_loss	16753.6556396
batch	8970	valid_loss	17697.354248
batch	9000	valid_loss	16817.6495361
batch	9030	valid_loss	16770.3095703
batch	9060	valid_loss	16786.8590088
batch	9090	valid_loss	16760.5860596
batch	9120	valid_loss	17348.2861328
batch	9150	valid_loss	16730.4417725
batch	9180	valid_loss	16708.0264893
batch	9210	valid_loss	16657.3128662
batch	9240	valid_loss	17512.8891602
batch	9270	valid_loss	16784.2628174
batch	9300	valid_loss	16647.0783691
batch	9330	valid_loss	16790.7770996
batch	9360	valid_loss	16615.5001221
batch	9390	valid_loss	17018.1655273
batch	9420	valid_loss	16715.5150146
batch	9450	valid_loss	16751.7017822
batch	9480	valid_loss	16661.9892578
batch	9510	valid_loss	16567.2220459
batch	9540	valid_loss	16596.3831787
batch	9570	valid_loss	16588.8848877
batch	9600	valid_loss	16566.8754883
batch	9630	valid_loss	16584.1772461
batch	9660	valid_loss	16536.0980225
batch	9690	valid_loss	16966.0587158
batch	9720	valid_loss	16502.3320312
batch	9750	valid_loss	16442.5396729
batch	9780	valid_loss	16798.1320801
batch	9810	valid_loss	16478.0966797
batch	9840	valid_loss	16522.4407959
batch	9870	valid_loss	16473.4207764
batch	9900	valid_loss	16632.6582031
batch	9930	valid_loss	16441.0385742
batch	9960	valid_loss	16504.2341309
batch	9990	valid_loss	16452.6275635
batch	10020	valid_loss	16410.4213867
batch	10050	valid_loss	17408.2584229
batch	10080	valid_loss	16406.3442383
batch	10110	valid_loss	16356.7489014
batch	10140	valid_loss	16793.3572998
batch	10170	valid_loss	16326.2287598
batch	10200	valid_loss	16394.928833
batch	10230	valid_loss	17022.9915771
batch	10260	valid_loss	16313.0435791
batch	10290	valid_loss	16368.0516357
batch	10320	valid_loss	16626.6896973
batch	10350	valid_loss	16472.0742188
batch	10380	valid_loss	16401.5385742
batch	10410	valid_loss	16307.31604
batch	10440	valid_loss	16318.578125
batch	10470	valid_loss	16273.5571289
batch	10500	valid_loss	16305.7445068
batch	10530	valid_loss	16236.5039062
batch	10560	valid_loss	16317.2823486
batch	10590	valid_loss	16380.8948975
batch	10620	valid_loss	16263.9200439
batch	10650	valid_loss	16399.7120361
batch	10680	valid_loss	16389.0155029
batch	10710	valid_loss	16269.0297852
batch	10740	valid_loss	16280.7738037
batch	10770	valid_loss	16951.2623291
batch	10800	valid_loss	16209.1514893
batch	10830	valid_loss	16155.0834961
batch	10860	valid_loss	16190.7191162
batch	10890	valid_loss	16241.9543457
batch	10920	valid_loss	16164.0100098
batch	10950	valid_loss	16243.472168
batch	10980	valid_loss	16507.21875
batch	11010	valid_loss	16205.3812256
batch	11040	valid_loss	16292.9741211
batch	11070	valid_loss	16188.7303467
batch	11100	valid_loss	16137.364624
batch	11130	valid_loss	17393.387085
batch	11160	valid_loss	16235.3907471
batch	11190	valid_loss	16135.6085205
batch	11220	valid_loss	16205.0179443
batch	11250	valid_loss	16150.642334
batch	11280	valid_loss	16199.5594482
batch	11310	valid_loss	16664.0178223
batch	11340	valid_loss	16096.9622803
batch	11370	valid_loss	16142.1710205
batch	11400	valid_loss	16160.5703125
batch	11430	valid_loss	16094.4263916
batch	11460	valid_loss	16150.7114258
batch	11490	valid_loss	16100.6674805
batch	11520	valid_loss	16975.7672119
batch	11550	valid_loss	16170.3404541
batch	11580	valid_loss	16091.8936768
batch	11610	valid_loss	16136.5582275
batch	11640	valid_loss	18630.2211914
batch	11670	valid_loss	16083.1573486
batch	11700	valid_loss	16049.3203125
batch	11730	valid_loss	16045.6199951
batch	11760	valid_loss	16091.4367676
batch	11790	valid_loss	16258.5836182
batch	11820	valid_loss	16037.1176758
batch	11850	valid_loss	16097.1531982
batch	11880	valid_loss	16027.4395752
batch	11910	valid_loss	16157.2602539
batch	11940	valid_loss	16325.1234131
batch	11970	valid_loss	16019.5632324
batch	12000	valid_loss	16037.0273438
batch	12030	valid_loss	16068.0085449
batch	12060	valid_loss	16846.2241211
batch	12090	valid_loss	16031.6723633
batch	12120	valid_loss	16016.7591553
batch	12150	valid_loss	16179.4346924
batch	12180	valid_loss	16084.2397461
batch	12210	valid_loss	16055.451416
batch	12240	valid_loss	16023.7303467
batch	12270	valid_loss	16075.9432373
batch	12300	valid_loss	16080.8178711
batch	12330	valid_loss	15977.2115479
batch	12360	valid_loss	16269.175293
batch	12390	valid_loss	15993.8166504
batch	12420	valid_loss	16340.114502
batch	12450	valid_loss	16047.7337646
batch	12480	valid_loss	15972.8510742
batch	12510	valid_loss	16022.5758057
batch	12540	valid_loss	16326.1019287
batch	12570	valid_loss	16111.7637939
batch	12600	valid_loss	15969.9936523
batch	12630	valid_loss	16620.6827393
batch	12660	valid_loss	15981.300293
batch	12690	valid_loss	15933.5710449
batch	12720	valid_loss	16001.8215332
batch	12750	valid_loss	16101.9034424
batch	12780	valid_loss	15964.1251221
batch	12810	valid_loss	16012.8681641
batch	12840	valid_loss	16019.8146973
batch	12870	valid_loss	15917.1254883
batch	12900	valid_loss	15988.3071289
batch	12930	valid_loss	15939.0936279
batch	12960	valid_loss	16002.6262207
batch	12990	valid_loss	16048.4541016
batch	13020	valid_loss	16068.7159424
batch	13050	valid_loss	15943.7901611
batch	13080	valid_loss	15953.6657715
batch	13110	valid_loss	16023.5249023
batch	13140	valid_loss	15950.8831787
batch	13170	valid_loss	15909.6462402
batch	13200	valid_loss	15877.4945068
batch	13230	valid_loss	15881.1383057
batch	13260	valid_loss	16564.6341553
batch	13290	valid_loss	15982.2954102
batch	13320	valid_loss	15869.6398926
batch	13350	valid_loss	15937.0166016
batch	13380	valid_loss	15927.5201416
batch	13410	valid_loss	15916.6405029
batch	13440	valid_loss	16240.5584717
batch	13470	valid_loss	15949.4261475
batch	13500	valid_loss	15956.276123
batch	13530	valid_loss	16189.0874023
batch	13560	valid_loss	15901.2423096
batch	13590	valid_loss	16003.3991699
batch	13620	valid_loss	15870.4505615
batch	13650	valid_loss	16902.4261475
batch	13680	valid_loss	15913.1547852
batch	13710	valid_loss	15883.1330566
batch	13740	valid_loss	15957.0328369
batch	13770	valid_loss	15886.4543457
batch	13800	valid_loss	16323.7340088
batch	13830	valid_loss	15890.8909912
batch	13860	valid_loss	16140.3726807
batch	13890	valid_loss	15896.331665
batch	13920	valid_loss	15855.1566162
batch	13950	valid_loss	16178.7258301
batch	13980	valid_loss	15928.0981445
batch	14010	valid_loss	16048.9475098
batch	14040	valid_loss	15899.7347412
batch	14070	valid_loss	15903.3205566
batch	14100	valid_loss	15902.8074951
batch	14130	valid_loss	16044.2290039
batch	14160	valid_loss	15860.2371826
batch	14190	valid_loss	15982.5528564
batch	14220	valid_loss	16066.5567627
batch	14250	valid_loss	15813.5587158
batch	14280	valid_loss	16290.1563721
batch	14310	valid_loss	15856.5623779
batch	14340	valid_loss	15920.0389404
batch	14370	valid_loss	15888.2608643
batch	14400	valid_loss	15880.6713867
batch	14430	valid_loss	15802.9555664
batch	14460	valid_loss	17808.7764893
batch	14490	valid_loss	15944.260498
batch	14520	valid_loss	15873.8121338
batch	14550	valid_loss	15780.9713135
batch	14580	valid_loss	15771.2904053
batch	14610	valid_loss	16410.7196045
batch	14640	valid_loss	15909.4807129
batch	14670	valid_loss	15825.2741699
batch	14700	valid_loss	15817.5974121
batch	14730	valid_loss	15791.1551514
batch	14760	valid_loss	16500.0822754
batch	14790	valid_loss	15808.8399658
batch	14820	valid_loss	16035.1269531
batch	14850	valid_loss	15862.8161621
batch	14880	valid_loss	16054.6209717
batch	14910	valid_loss	15831.678833
batch	14940	valid_loss	15774.8924561
batch	14970	valid_loss	15821.4702148
batch	15000	valid_loss	15842.5157471
batch	15030	valid_loss	16319.2938232
batch	15060	valid_loss	15867.9858398
batch	15090	valid_loss	15849.9338379
batch	15120	valid_loss	15782.6010742
batch	15150	valid_loss	15866.1706543
batch	15180	valid_loss	15789.5428467
batch	15210	valid_loss	15858.9053955
batch	15240	valid_loss	15785.9285889
batch	15270	valid_loss	16269.4685059
batch	15300	valid_loss	15764.4134521
batch	15330	valid_loss	16114.4361572
batch	15360	valid_loss	15772.5167236
batch	15390	valid_loss	15976.3603516
batch	15420	valid_loss	15796.875
batch	15450	valid_loss	18277.2625732
batch	15480	valid_loss	15806.2198486
batch	15510	valid_loss	15747.4230957
batch	15540	valid_loss	15801.7897949
batch	15570	valid_loss	15717.8856201
batch	15600	valid_loss	16124.6877441
batch	15630	valid_loss	15797.7930908
batch	15660	valid_loss	15783.8266602
batch	15690	valid_loss	16977.3723145
batch	15720	valid_loss	15819.4992676
batch	15750	valid_loss	15730.2989502
batch	15780	valid_loss	15804.3604736
batch	15810	valid_loss	16447.8637695
batch	15840	valid_loss	15775.0633545
batch	15870	valid_loss	15803.1037598
batch	15900	valid_loss	16208.0085449
batch	15930	valid_loss	15778.2159424
batch	15960	valid_loss	15797.5023193
batch	15990	valid_loss	16332.6289062
batch	16020	valid_loss	15787.1832275
batch	16050	valid_loss	15716.996582
batch	16080	valid_loss	15909.7346191
batch	16110	valid_loss	15738.6474609
batch	16140	valid_loss	15777.7305908
batch	16170	valid_loss	16768.8078613
batch	16200	valid_loss	15749.015625
batch	16230	valid_loss	15742.8150635
batch	16260	valid_loss	15729.4890137
batch	16290	valid_loss	15721.4620361
batch	16320	valid_loss	15727.2254639
batch	16350	valid_loss	15877.5860596
batch	16380	valid_loss	15720.8586426
batch	16410	valid_loss	15814.1357422
batch	16440	valid_loss	15921.9572754
batch	16470	valid_loss	15783.9631348
batch	16500	valid_loss	15769.4887695
batch	16530	valid_loss	15944.6871338
batch	16560	valid_loss	15735.6159668
batch	16590	valid_loss	15991.7301025
batch	16620	valid_loss	15779.9648438
batch	16650	valid_loss	15754.4432373
batch	16680	valid_loss	15845.5136719
batch	16710	valid_loss	15704.5252686
batch	16740	valid_loss	17782.4819336
batch	16770	valid_loss	15783.5620117
batch	16800	valid_loss	15703.6414795
batch	16830	valid_loss	15695.3208008
batch	16860	valid_loss	15683.6450195
batch	16890	valid_loss	15716.4399414
batch	16920	valid_loss	15856.3603516
batch	16950	valid_loss	15772.4199219
batch	16980	valid_loss	15995.4689941
batch	17010	valid_loss	15726.463501
batch	17040	valid_loss	15759.6802979
batch	17070	valid_loss	15935.050415
batch	17100	valid_loss	15822.0510254
batch	17130	valid_loss	15696.9429932
batch	17160	valid_loss	15678.2061768
batch	17190	valid_loss	16391.5241699
batch	17220	valid_loss	15723.3930664
batch	17250	valid_loss	15758.6885986
batch	17280	valid_loss	15730.6348877
batch	17310	valid_loss	15888.8161621
batch	17340	valid_loss	15862.6342773
batch	17370	valid_loss	15762.699707
batch	17400	valid_loss	15735.1721191
batch	17430	valid_loss	15742.6002197
batch	17460	valid_loss	16044.9000244
batch	17490	valid_loss	15748.539917
batch	17520	valid_loss	15764.7562256
batch	17550	valid_loss	15705.8458252
batch	17580	valid_loss	15716.6987305
batch	17610	valid_loss	15690.59729
batch	17640	valid_loss	15796.9655762
batch	17670	valid_loss	15742.9375
batch	17700	valid_loss	15692.0032959
batch	17730	valid_loss	16092.2211914
batch	17760	valid_loss	15702.96521
batch	17790	valid_loss	15695.7189941
batch	17820	valid_loss	15676.3696289
batch	17850	valid_loss	15686.381958
batch	17880	valid_loss	15730.9949951
batch	17910	valid_loss	15869.9775391
batch	17940	valid_loss	15645.1318359
batch	17970	valid_loss	15692.3896484
batch	18000	valid_loss	15836.4334717
batch	18030	valid_loss	15737.2562256
batch	18060	valid_loss	15690.3398438
batch	18090	valid_loss	15928.2871094
batch	18120	valid_loss	15817.44104
batch	18150	valid_loss	15670.1530762
batch	18180	valid_loss	17652.2354736
batch	18210	valid_loss	15711.9122314
batch	18240	valid_loss	15680.5498047
batch	18270	valid_loss	15669.2894287
batch	18300	valid_loss	15685.463501
batch	18330	valid_loss	16173.383667
batch	18360	valid_loss	15678.7615967
batch	18390	valid_loss	15664.9625244
batch	18420	valid_loss	15713.6624756
batch	18450	valid_loss	15816.7762451
batch	18480	valid_loss	15668.9637451
batch	18510	valid_loss	15690.8857422
batch	18540	valid_loss	15875.5688477
batch	18570	valid_loss	15715.7918701
batch	18600	valid_loss	15651.2747803
batch	18630	valid_loss	15858.9017334
batch	18660	valid_loss	15778.4002686
batch	18690	valid_loss	15794.3391113
batch	18720	valid_loss	15693.8774414
batch	18750	valid_loss	15692.5109863
batch	18780	valid_loss	16047.4731445
batch	18810	valid_loss	15760.348877
batch	18840	valid_loss	15773.6292725
batch	18870	valid_loss	16049.2429199
batch	18900	valid_loss	15718.5339355
batch	18930	valid_loss	15808.635498
batch	18960	valid_loss	15703.9768066
batch	18990	valid_loss	15680.8868408
batch	19020	valid_loss	15961.0782471
batch	19050	valid_loss	15666.052002
batch	19080	valid_loss	15665.8568115
batch	19110	valid_loss	15618.5255127
batch	19140	valid_loss	17381.2756348
batch	19170	valid_loss	15700.9099121
batch	19200	valid_loss	15650.4504395
batch	19230	valid_loss	15631.2376709
batch	19260	valid_loss	15653.5532227
batch	19290	valid_loss	15798.8978271
batch	19320	valid_loss	15662.0063477
batch	19350	valid_loss	15651.7397461
batch	19380	valid_loss	15623.760376
batch	19410	valid_loss	15775.1585693
batch	19440	valid_loss	15654.12146
batch	19470	valid_loss	15710.1662598
batch	19500	valid_loss	15778.8514404
batch	19530	valid_loss	15693.7069092
batch	19560	valid_loss	15858.6177979
batch	19590	valid_loss	15726.4519043
batch	19620	valid_loss	15681.8730469
batch	19650	valid_loss	15791.9638672
batch	19680	valid_loss	15628.3343506
batch	19710	valid_loss	15638.9105225
batch	19740	valid_loss	15805.2210693
batch	19770	valid_loss	15652.7772217
batch	19800	valid_loss	15646.2038574
batch	19830	valid_loss	15623.2661133
batch	19860	valid_loss	15639.6948242
batch	19890	valid_loss	16854.6072998
batch	19920	valid_loss	15649.5070801
batch	19950	valid_loss	15631.8192139
batch	19980	valid_loss	15686.2600098
batch	20010	valid_loss	15861.9396973
batch	20040	valid_loss	15661.0666504
batch	20070	valid_loss	15654.6575928
batch	20100	valid_loss	15725.5070801
batch	20130	valid_loss	15620.0006104
batch	20160	valid_loss	15612.1829834
batch	20190	valid_loss	15622.7227783
batch	20220	valid_loss	15796.0493164
batch	20250	valid_loss	15782.8607178
batch	20280	valid_loss	15640.9720459
batch	20310	valid_loss	16441.5025635
batch	20340	valid_loss	15642.1405029
batch	20370	valid_loss	15663.6018066
batch	20400	valid_loss	15746.9786377
batch	20430	valid_loss	15585.1464844
batch	20460	valid_loss	15624.0650635
batch	20490	valid_loss	15601.3469238
batch	20520	valid_loss	16219.7163086
batch	20550	valid_loss	15638.2501221
batch	20580	valid_loss	15697.8913574
batch	20610	valid_loss	15609.8046875
batch	20640	valid_loss	15694.9859619
batch	20670	valid_loss	15662.3165283
batch	20700	valid_loss	15613.9122314
batch	20730	valid_loss	16018.3754883
batch	20760	valid_loss	15668.319458
batch	20790	valid_loss	15773.8127441
batch	20820	valid_loss	15623.5905762
batch	20850	valid_loss	16471.0993652
batch	20880	valid_loss	15703.4241943
batch	20910	valid_loss	15746.8140869
batch	20940	valid_loss	15600.4486084
batch	20970	valid_loss	16932.2536621
batch	21000	valid_loss	15642.3789062
batch	21030	valid_loss	15639.208374
batch	21060	valid_loss	15566.5482178
batch	21090	valid_loss	15628.5186768
batch	21120	valid_loss	15606.6948242
batch	21150	valid_loss	15698.263916
batch	21180	valid_loss	15579.0689697
batch	21210	valid_loss	15623.5898438
batch	21240	valid_loss	15605.3272705
batch	21270	valid_loss	15725.4771729
batch	21300	valid_loss	15668.7672119
batch	21330	valid_loss	15944.7313232
batch	21360	valid_loss	15616.0743408
batch	21390	valid_loss	15756.6256104
batch	21420	valid_loss	15750.8660889
batch	21450	valid_loss	15736.4295654
batch	21480	valid_loss	15594.487793
batch	21510	valid_loss	15698.6762695
batch	21540	valid_loss	15627.0996094
batch	21570	valid_loss	15744.8006592
batch	21600	valid_loss	15594.0198975
batch	21630	valid_loss	15616.1837158
batch	21660	valid_loss	15602.730835
batch	21690	valid_loss	15603.286499
batch	21720	valid_loss	15645.394165
batch	21750	valid_loss	16081.1052246
batch	21780	valid_loss	15708.9230957
batch	21810	valid_loss	15579.1723633
batch	21840	valid_loss	15565.9194336
batch	21870	valid_loss	17155.6210938
batch	21900	valid_loss	15612.6379395
batch	21930	valid_loss	15637.4261475
batch	21960	valid_loss	15611.6427002
batch	21990	valid_loss	15680.0340576
batch	22020	valid_loss	15599.8712158
batch	22050	valid_loss	15569.2475586
batch	22080	valid_loss	17052.6638184
batch	22110	valid_loss	15585.6151123
batch	22140	valid_loss	15619.5760498
batch	22170	valid_loss	15592.699585
batch	22200	valid_loss	15756.9602051
batch	22230	valid_loss	15569.4580078
batch	22260	valid_loss	15623.5744629
batch	22290	valid_loss	15590.1491699
batch	22320	valid_loss	15644.0821533
batch	22350	valid_loss	15565.798584
batch	22380	valid_loss	16197.4656982
batch	22410	valid_loss	15664.9067383
batch	22440	valid_loss	15646.7811279
batch	22470	valid_loss	15763.9385986
batch	22500	valid_loss	15631.8028564
batch	22530	valid_loss	15717.5693359
batch	22560	valid_loss	15597.0506592
batch	22590	valid_loss	15674.1478271
batch	22620	valid_loss	15635.0889893
batch	22650	valid_loss	15604.1673584
batch	22680	valid_loss	15610.0792236
batch	22710	valid_loss	15731.3947754
batch	22740	valid_loss	15720.9421387
batch	22770	valid_loss	15652.8887939
batch	22800	valid_loss	15574.4870605
batch	22830	valid_loss	15907.8037109
batch	22860	valid_loss	15671.5594482
batch	22890	valid_loss	15609.5706787
batch	22920	valid_loss	15686.3822021
batch	22950	valid_loss	15622.0008545
batch	22980	valid_loss	15679.2049561
batch	23010	valid_loss	15582.5245361
batch	23040	valid_loss	15945.480957
batch	23070	valid_loss	15574.4163818
batch	23100	valid_loss	15558.8222656
batch	23130	valid_loss	15593.9227295
batch	23160	valid_loss	15559.9775391
batch	23190	valid_loss	15587.0152588
batch	23220	valid_loss	15931.0898438
batch	23250	valid_loss	15568.4047852
batch	23280	valid_loss	15551.7353516
batch	23310	valid_loss	15592.7382812
batch	23340	valid_loss	15729.1046143
batch	23370	valid_loss	15665.2498779
batch	23400	valid_loss	15582.9797363
batch	23430	valid_loss	15844.5805664
batch	23460	valid_loss	15612.6981201
batch	23490	valid_loss	16104.730835
batch	23520	valid_loss	15604.2501221
batch	23550	valid_loss	15682.9572754
batch	23580	valid_loss	15645.6392822
batch	23610	valid_loss	15548.5089111
batch	23640	valid_loss	15980.1298828
batch	23670	valid_loss	15601.399292
batch	23700	valid_loss	15642.1190186
batch	23730	valid_loss	15578.2243652
batch	23760	valid_loss	15948.8314209
batch	23790	valid_loss	15547.2229004
batch	23820	valid_loss	15661.4324951
batch	23850	valid_loss	15573.4816895
batch	23880	valid_loss	15742.9272461
batch	23910	valid_loss	15545.0841064
batch	23940	valid_loss	15608.9090576
batch	23970	valid_loss	15898.1630859
batch	24000	valid_loss	15551.2175293
batch	24030	valid_loss	15652.9482422
batch	24060	valid_loss	15599.8112793
batch	24090	valid_loss	15600.1861572
batch	24120	valid_loss	15578.1811523
batch	24150	valid_loss	15611.3321533
batch	24180	valid_loss	15682.5690918
batch	24210	valid_loss	15568.0280762
batch	24240	valid_loss	15830.8894043
batch	24270	valid_loss	15533.1954346
batch	24300	valid_loss	15508.5577393
batch	24330	valid_loss	15644.157959
batch	24360	valid_loss	15625.2010498
batch	24390	valid_loss	15569.1168213
batch	24420	valid_loss	15581.1282959
batch	24450	valid_loss	15569.2956543
batch	24480	valid_loss	15733.4388428
batch	24510	valid_loss	15846.4265137
batch	24540	valid_loss	15647.6169434
batch	24570	valid_loss	15791.1984863
batch	24600	valid_loss	15597.2250977
batch	24630	valid_loss	15918.0673828
batch	24660	valid_loss	15545.5118408
batch	24690	valid_loss	15622.5773926
batch	24720	valid_loss	15607.2612305
batch	24750	valid_loss	15649.5863037
batch	24780	valid_loss	15590.152832
batch	24810	valid_loss	15579.8660889
batch	24840	valid_loss	15634.9372559
batch	24870	valid_loss	15675.4580078
batch	24900	valid_loss	15756.1291504
batch	24930	valid_loss	15524.5822754
batch	24960	valid_loss	15592.7965088
batch	24990	valid_loss	15583.2105713
STOP
