START
config	620	420	140	420	620	960
batch	0	valid_loss	6322121.125
batch	30	valid_loss	141967.505859
batch	60	valid_loss	101930.479492
batch	90	valid_loss	99829.3623047
batch	120	valid_loss	99753.8359375
batch	150	valid_loss	99815.1347656
batch	180	valid_loss	99763.5712891
batch	210	valid_loss	99749.8056641
batch	240	valid_loss	99832.7617188
batch	270	valid_loss	99816.375
batch	300	valid_loss	99784.1259766
batch	330	valid_loss	99876.6416016
batch	360	valid_loss	99819.4765625
batch	390	valid_loss	99891.125
batch	420	valid_loss	99883.6455078
batch	450	valid_loss	99891.0498047
batch	480	valid_loss	99840.8447266
batch	510	valid_loss	99767.9267578
batch	540	valid_loss	99688.2324219
batch	570	valid_loss	99284.2529297
batch	600	valid_loss	98158.2763672
batch	630	valid_loss	95989.5830078
batch	660	valid_loss	93302.3964844
batch	690	valid_loss	91680.7480469
batch	720	valid_loss	90976.1020508
batch	750	valid_loss	90646.6020508
batch	780	valid_loss	90289.0214844
batch	810	valid_loss	89916.1977539
batch	840	valid_loss	89416.1376953
batch	870	valid_loss	89005.6333008
batch	900	valid_loss	88658.0117188
batch	930	valid_loss	88325.5166016
batch	960	valid_loss	88012.3110352
batch	990	valid_loss	87838.4477539
batch	1020	valid_loss	87704.6142578
batch	1050	valid_loss	87473.1196289
batch	1080	valid_loss	87300.1323242
batch	1110	valid_loss	87081.4433594
batch	1140	valid_loss	86909.3789062
batch	1170	valid_loss	86756.3745117
batch	1200	valid_loss	86490.0693359
batch	1230	valid_loss	86232.722168
batch	1260	valid_loss	85901.7768555
batch	1290	valid_loss	85442.6865234
batch	1320	valid_loss	85058.3193359
batch	1350	valid_loss	84779.3085938
batch	1380	valid_loss	84546.9985352
batch	1410	valid_loss	84331.0810547
batch	1440	valid_loss	84020.5908203
batch	1470	valid_loss	83693.8188477
batch	1500	valid_loss	83388.7241211
batch	1530	valid_loss	83069.534668
batch	1560	valid_loss	82607.0712891
batch	1590	valid_loss	81939.1533203
batch	1620	valid_loss	81328.5664062
batch	1650	valid_loss	80603.6074219
batch	1680	valid_loss	79897.0546875
batch	1710	valid_loss	79277.7202148
batch	1740	valid_loss	78687.996582
batch	1770	valid_loss	78182.7314453
batch	1800	valid_loss	77596.6196289
batch	1830	valid_loss	77096.1269531
batch	1860	valid_loss	76525.1938477
batch	1890	valid_loss	75990.0678711
batch	1920	valid_loss	75460.1484375
batch	1950	valid_loss	74933.3994141
batch	1980	valid_loss	74283.8481445
batch	2010	valid_loss	73893.2348633
batch	2040	valid_loss	73381.6630859
batch	2070	valid_loss	72997.5405273
batch	2100	valid_loss	72432.2910156
batch	2130	valid_loss	71988.9829102
batch	2160	valid_loss	71490.5620117
batch	2190	valid_loss	71470.5913086
batch	2220	valid_loss	70637.5966797
batch	2250	valid_loss	70187.2470703
batch	2280	valid_loss	69823.7456055
batch	2310	valid_loss	69480.2529297
batch	2340	valid_loss	69038.9697266
batch	2370	valid_loss	68579.6347656
batch	2400	valid_loss	68373.4731445
batch	2430	valid_loss	67656.644043
batch	2460	valid_loss	67331.5068359
batch	2490	valid_loss	66970.2929688
batch	2520	valid_loss	66513.8398438
batch	2550	valid_loss	66265.0263672
batch	2580	valid_loss	65814.3481445
batch	2610	valid_loss	65393.2475586
batch	2640	valid_loss	65598.6738281
batch	2670	valid_loss	64714.8637695
batch	2700	valid_loss	64536.5488281
batch	2730	valid_loss	64180.0483398
batch	2760	valid_loss	63985.2949219
batch	2790	valid_loss	63538.684082
batch	2820	valid_loss	63568.1030273
batch	2850	valid_loss	63453.2397461
batch	2880	valid_loss	62888.3681641
batch	2910	valid_loss	63056.1098633
batch	2940	valid_loss	62414.3227539
batch	2970	valid_loss	62137.3461914
batch	3000	valid_loss	61859.0996094
batch	3030	valid_loss	61678.5693359
batch	3060	valid_loss	61308.9472656
batch	3090	valid_loss	61016.5878906
batch	3120	valid_loss	61513.8452148
batch	3150	valid_loss	60960.0253906
batch	3180	valid_loss	60367.5039062
batch	3210	valid_loss	60246.184082
batch	3240	valid_loss	59989.121582
batch	3270	valid_loss	59776.6728516
batch	3300	valid_loss	60466.4018555
batch	3330	valid_loss	59193.8637695
batch	3360	valid_loss	58972.722168
batch	3390	valid_loss	58736.9604492
batch	3420	valid_loss	59258.7568359
batch	3450	valid_loss	58244.4365234
batch	3480	valid_loss	58047.9008789
batch	3510	valid_loss	57779.9570312
batch	3540	valid_loss	57814.7475586
batch	3570	valid_loss	57401.7451172
batch	3600	valid_loss	57161.8422852
batch	3630	valid_loss	57071.8837891
batch	3660	valid_loss	56610.9897461
batch	3690	valid_loss	56411.53125
batch	3720	valid_loss	57207.2724609
batch	3750	valid_loss	56199.3867188
batch	3780	valid_loss	55805.1069336
batch	3810	valid_loss	55587.9282227
batch	3840	valid_loss	55509.8344727
batch	3870	valid_loss	55546.5966797
batch	3900	valid_loss	55123.8647461
batch	3930	valid_loss	56488.2060547
batch	3960	valid_loss	54612.8212891
batch	3990	valid_loss	54710.0512695
batch	4020	valid_loss	54318.644043
batch	4050	valid_loss	54561.8681641
batch	4080	valid_loss	53903.2392578
batch	4110	valid_loss	54368.2880859
batch	4140	valid_loss	53589.3120117
batch	4170	valid_loss	53623.1586914
batch	4200	valid_loss	54228.4257812
batch	4230	valid_loss	53302.046875
batch	4260	valid_loss	52980.9492188
batch	4290	valid_loss	52853.0258789
batch	4320	valid_loss	53181.753418
batch	4350	valid_loss	52301.8842773
batch	4380	valid_loss	52303.6630859
batch	4410	valid_loss	53350.2001953
batch	4440	valid_loss	51940.2431641
batch	4470	valid_loss	51749.0556641
batch	4500	valid_loss	51763.5561523
batch	4530	valid_loss	51441.0390625
batch	4560	valid_loss	51329.972168
batch	4590	valid_loss	51225.793457
batch	4620	valid_loss	51097.1865234
batch	4650	valid_loss	50711.8393555
batch	4680	valid_loss	51783.0327148
batch	4710	valid_loss	50434.0517578
batch	4740	valid_loss	50461.527832
batch	4770	valid_loss	50293.5957031
batch	4800	valid_loss	52982.6069336
batch	4830	valid_loss	50164.4960938
batch	4860	valid_loss	49901.0478516
batch	4890	valid_loss	49842.5009766
batch	4920	valid_loss	50360.3925781
batch	4950	valid_loss	49498.0195312
batch	4980	valid_loss	49357.6054688
batch	5010	valid_loss	50050.2558594
batch	5040	valid_loss	49388.5078125
batch	5070	valid_loss	49032.7773438
batch	5100	valid_loss	48833.7700195
batch	5130	valid_loss	48863.652832
batch	5160	valid_loss	48607.7695312
batch	5190	valid_loss	48971.6381836
batch	5220	valid_loss	48345.1816406
batch	5250	valid_loss	48259.4160156
batch	5280	valid_loss	48658.1767578
batch	5310	valid_loss	48140.3735352
batch	5340	valid_loss	47856.5356445
batch	5370	valid_loss	47757.0053711
batch	5400	valid_loss	47712.2946777
batch	5430	valid_loss	47747.1674805
batch	5460	valid_loss	47471.0637207
batch	5490	valid_loss	47526.2653809
batch	5520	valid_loss	47485.7814941
batch	5550	valid_loss	47632.050293
batch	5580	valid_loss	46992.3103027
batch	5610	valid_loss	46942.8183594
batch	5640	valid_loss	46846.0227051
batch	5670	valid_loss	46843.498291
batch	5700	valid_loss	46662.4963379
batch	5730	valid_loss	46620.2944336
batch	5760	valid_loss	46707.7856445
batch	5790	valid_loss	46355.8603516
batch	5820	valid_loss	46422.5649414
batch	5850	valid_loss	46252.2600098
batch	5880	valid_loss	46397.1057129
batch	5910	valid_loss	46015.4575195
batch	5940	valid_loss	46076.8105469
batch	5970	valid_loss	46345.1967773
batch	6000	valid_loss	45874.359375
batch	6030	valid_loss	45658.0456543
batch	6060	valid_loss	45898.9848633
batch	6090	valid_loss	45538.0288086
batch	6120	valid_loss	45598.7399902
batch	6150	valid_loss	45837.1303711
batch	6180	valid_loss	45334.3850098
batch	6210	valid_loss	45046.2856445
batch	6240	valid_loss	45016.963623
batch	6270	valid_loss	45262.4829102
batch	6300	valid_loss	45604.1884766
batch	6330	valid_loss	44816.6467285
batch	6360	valid_loss	44791.5737305
batch	6390	valid_loss	44898.4946289
batch	6420	valid_loss	44740.5402832
batch	6450	valid_loss	44520.1535645
batch	6480	valid_loss	44425.9401855
batch	6510	valid_loss	44833.4355469
batch	6540	valid_loss	44440.8811035
batch	6570	valid_loss	45306.6308594
batch	6600	valid_loss	44070.7099609
batch	6630	valid_loss	44074.3125
batch	6660	valid_loss	44670.4013672
batch	6690	valid_loss	43964.2634277
batch	6720	valid_loss	43872.7646484
batch	6750	valid_loss	43847.0383301
batch	6780	valid_loss	43896.4436035
batch	6810	valid_loss	44071.5366211
batch	6840	valid_loss	43506.7792969
batch	6870	valid_loss	43507.2722168
batch	6900	valid_loss	44961.5700684
batch	6930	valid_loss	43538.5603027
batch	6960	valid_loss	43255.0004883
batch	6990	valid_loss	43263.8044434
batch	7020	valid_loss	43126.8540039
batch	7050	valid_loss	43242.6914062
batch	7080	valid_loss	44070.2568359
batch	7110	valid_loss	42847.2749023
batch	7140	valid_loss	42768.4748535
batch	7170	valid_loss	43513.1696777
batch	7200	valid_loss	42860.8071289
batch	7230	valid_loss	42945.0583496
batch	7260	valid_loss	42549.5324707
batch	7290	valid_loss	42485.1245117
batch	7320	valid_loss	42909.3479004
batch	7350	valid_loss	42581.6342773
batch	7380	valid_loss	42471.8483887
batch	7410	valid_loss	42715.8227539
batch	7440	valid_loss	42308.8325195
batch	7470	valid_loss	42185.2023926
batch	7500	valid_loss	41984.2878418
batch	7530	valid_loss	41905.7043457
batch	7560	valid_loss	43927.0317383
batch	7590	valid_loss	42091.0097656
batch	7620	valid_loss	41678.3771973
batch	7650	valid_loss	41694.5446777
batch	7680	valid_loss	41821.8493652
batch	7710	valid_loss	44125.769043
batch	7740	valid_loss	41411.6101074
batch	7770	valid_loss	41328.2167969
batch	7800	valid_loss	41354.036377
batch	7830	valid_loss	41814.4570312
batch	7860	valid_loss	41421.6442871
batch	7890	valid_loss	41219.9978027
batch	7920	valid_loss	41153.6340332
batch	7950	valid_loss	41170.7138672
batch	7980	valid_loss	43900.0917969
batch	8010	valid_loss	41150.7282715
batch	8040	valid_loss	40893.7128906
batch	8070	valid_loss	40833.7746582
batch	8100	valid_loss	40723.2155762
batch	8130	valid_loss	40723.8513184
batch	8160	valid_loss	40667.0292969
batch	8190	valid_loss	40746.1877441
batch	8220	valid_loss	41536.0280762
batch	8250	valid_loss	40566.8034668
batch	8280	valid_loss	40500.4770508
batch	8310	valid_loss	41090.40625
batch	8340	valid_loss	40436.5751953
batch	8370	valid_loss	40355.9453125
batch	8400	valid_loss	40301.3662109
batch	8430	valid_loss	40871.748291
batch	8460	valid_loss	41343.9404297
batch	8490	valid_loss	40505.4848633
batch	8520	valid_loss	40116.203125
batch	8550	valid_loss	40484.7631836
batch	8580	valid_loss	40127.605957
batch	8610	valid_loss	40021.2399902
batch	8640	valid_loss	42217.1152344
batch	8670	valid_loss	39817.9648438
batch	8700	valid_loss	39849.309082
batch	8730	valid_loss	40282.9904785
batch	8760	valid_loss	39709.7282715
batch	8790	valid_loss	40596.0600586
batch	8820	valid_loss	39756.5598145
batch	8850	valid_loss	39780.9570312
batch	8880	valid_loss	39814.7358398
batch	8910	valid_loss	39722.6682129
batch	8940	valid_loss	39716.4846191
batch	8970	valid_loss	39584.8466797
batch	9000	valid_loss	39447.8442383
batch	9030	valid_loss	39332.9511719
batch	9060	valid_loss	43411.5805664
batch	9090	valid_loss	39308.4802246
batch	9120	valid_loss	39302.6005859
batch	9150	valid_loss	39125.5563965
batch	9180	valid_loss	39156.5893555
batch	9210	valid_loss	39190.8344727
batch	9240	valid_loss	39074.8010254
batch	9270	valid_loss	38987.2160645
batch	9300	valid_loss	39464.6772461
batch	9330	valid_loss	39076.5085449
batch	9360	valid_loss	38891.2470703
batch	9390	valid_loss	38811.1364746
batch	9420	valid_loss	38840.6574707
batch	9450	valid_loss	38740.5805664
batch	9480	valid_loss	40188.0095215
batch	9510	valid_loss	38821.9797363
batch	9540	valid_loss	38564.2231445
batch	9570	valid_loss	38606.3056641
batch	9600	valid_loss	38552.8642578
batch	9630	valid_loss	38673.8068848
batch	9660	valid_loss	38353.5500488
batch	9690	valid_loss	38516.6801758
batch	9720	valid_loss	38337.454834
batch	9750	valid_loss	39086.559082
batch	9780	valid_loss	38715.7143555
batch	9810	valid_loss	38444.9060059
batch	9840	valid_loss	38336.4736328
batch	9870	valid_loss	38293.6000977
batch	9900	valid_loss	38247.2407227
batch	9930	valid_loss	39043.456543
batch	9960	valid_loss	38003.3469238
batch	9990	valid_loss	37979.0043945
batch	10020	valid_loss	37890.9450684
batch	10050	valid_loss	38219.802002
batch	10080	valid_loss	37977.6916504
batch	10110	valid_loss	37751.2961426
batch	10140	valid_loss	37741.873291
batch	10170	valid_loss	38049.7431641
batch	10200	valid_loss	37643.6948242
batch	10230	valid_loss	38725.8122559
batch	10260	valid_loss	37600.34375
batch	10290	valid_loss	37475.6567383
batch	10320	valid_loss	37379.0766602
batch	10350	valid_loss	37379.4038086
batch	10380	valid_loss	37515.2258301
batch	10410	valid_loss	37314.8366699
batch	10440	valid_loss	37305.215332
batch	10470	valid_loss	37196.6723633
batch	10500	valid_loss	37239.5136719
batch	10530	valid_loss	37911.7944336
batch	10560	valid_loss	37122.1506348
batch	10590	valid_loss	37777.3249512
batch	10620	valid_loss	37020.4755859
batch	10650	valid_loss	37114.7124023
batch	10680	valid_loss	37099.4943848
batch	10710	valid_loss	36870.0737305
batch	10740	valid_loss	37526.25
batch	10770	valid_loss	36795.6723633
batch	10800	valid_loss	36875.0290527
batch	10830	valid_loss	36704.1081543
batch	10860	valid_loss	36707.5996094
batch	10890	valid_loss	36918.7739258
batch	10920	valid_loss	36674.7827148
batch	10950	valid_loss	36585.0114746
batch	10980	valid_loss	36551.1945801
batch	11010	valid_loss	36510.0512695
batch	11040	valid_loss	36984.8798828
batch	11070	valid_loss	36498.0463867
batch	11100	valid_loss	36421.0275879
batch	11130	valid_loss	36429.5732422
batch	11160	valid_loss	36273.7272949
batch	11190	valid_loss	36244.7541504
batch	11220	valid_loss	36148.7492676
batch	11250	valid_loss	36287.411377
batch	11280	valid_loss	36067.7749023
batch	11310	valid_loss	36098.0974121
batch	11340	valid_loss	36051.987793
batch	11370	valid_loss	36413.7587891
batch	11400	valid_loss	36536.4436035
batch	11430	valid_loss	35890.2810059
batch	11460	valid_loss	36336.1716309
batch	11490	valid_loss	35879.2587891
batch	11520	valid_loss	35753.0717773
batch	11550	valid_loss	35701.8095703
batch	11580	valid_loss	35726.4162598
batch	11610	valid_loss	35797.395752
batch	11640	valid_loss	35792.9902344
batch	11670	valid_loss	36773.0734863
batch	11700	valid_loss	35450.4064941
batch	11730	valid_loss	35375.7077637
batch	11760	valid_loss	35481.2456055
batch	11790	valid_loss	35354.4667969
batch	11820	valid_loss	35302.505127
batch	11850	valid_loss	36087.7607422
batch	11880	valid_loss	35146.90625
batch	11910	valid_loss	35192.6950684
batch	11940	valid_loss	35493.2302246
batch	11970	valid_loss	35216.8837891
batch	12000	valid_loss	35010.0263672
batch	12030	valid_loss	35188.779541
batch	12060	valid_loss	35285.4851074
batch	12090	valid_loss	34999.2570801
batch	12120	valid_loss	34852.6464844
batch	12150	valid_loss	34972.9516602
batch	12180	valid_loss	34855.9897461
batch	12210	valid_loss	34638.9084473
batch	12240	valid_loss	34607.4499512
batch	12270	valid_loss	34670.8505859
batch	12300	valid_loss	34570.5419922
batch	12330	valid_loss	34484.5419922
batch	12360	valid_loss	34435.9504395
batch	12390	valid_loss	34295.2407227
batch	12420	valid_loss	35320.9550781
batch	12450	valid_loss	34188.7434082
batch	12480	valid_loss	34344.6928711
batch	12510	valid_loss	34273.5998535
batch	12540	valid_loss	35882.5666504
batch	12570	valid_loss	34166.8535156
batch	12600	valid_loss	33980.2819824
batch	12630	valid_loss	34300.4885254
batch	12660	valid_loss	34123.4831543
batch	12690	valid_loss	33897.385498
batch	12720	valid_loss	34089.4411621
batch	12750	valid_loss	33906.5368652
batch	12780	valid_loss	34037.8894043
batch	12810	valid_loss	33662.7314453
batch	12840	valid_loss	33859.677002
batch	12870	valid_loss	33699.7199707
batch	12900	valid_loss	33466.7258301
batch	12930	valid_loss	34154.2211914
batch	12960	valid_loss	33636.5568848
batch	12990	valid_loss	33732.7392578
batch	13020	valid_loss	33637.7102051
batch	13050	valid_loss	33432.3256836
batch	13080	valid_loss	33762.3183594
batch	13110	valid_loss	33549.2092285
batch	13140	valid_loss	33137.3393555
batch	13170	valid_loss	33236.3708496
batch	13200	valid_loss	33232.7473145
batch	13230	valid_loss	33118.4182129
batch	13260	valid_loss	33004.2529297
batch	13290	valid_loss	33000.3815918
batch	13320	valid_loss	33186.6906738
batch	13350	valid_loss	32835.1208496
batch	13380	valid_loss	33619.1247559
batch	13410	valid_loss	32827.8435059
batch	13440	valid_loss	32930.4477539
batch	13470	valid_loss	33489.2890625
batch	13500	valid_loss	33214.1757812
batch	13530	valid_loss	32807.4030762
batch	13560	valid_loss	33037.6501465
batch	13590	valid_loss	32617.4487305
batch	13620	valid_loss	38629.5200195
batch	13650	valid_loss	32726.6254883
batch	13680	valid_loss	32458.6567383
batch	13710	valid_loss	32406.2141113
batch	13740	valid_loss	32491.2529297
batch	13770	valid_loss	32338.9399414
batch	13800	valid_loss	32590.1152344
batch	13830	valid_loss	32299.7199707
batch	13860	valid_loss	32892.3796387
batch	13890	valid_loss	32624.8962402
batch	13920	valid_loss	32389.8369141
batch	13950	valid_loss	32434.4350586
batch	13980	valid_loss	32113.6789551
batch	14010	valid_loss	32020.0375977
batch	14040	valid_loss	33041.3479004
batch	14070	valid_loss	32012.0209961
batch	14100	valid_loss	31969.1911621
batch	14130	valid_loss	32077.1577148
batch	14160	valid_loss	31901.0466309
batch	14190	valid_loss	32166.3122559
batch	14220	valid_loss	31784.7019043
batch	14250	valid_loss	31761.8374023
batch	14280	valid_loss	31969.6401367
batch	14310	valid_loss	31610.2868652
batch	14340	valid_loss	31920.4284668
batch	14370	valid_loss	31715.9245605
batch	14400	valid_loss	31520.387207
batch	14430	valid_loss	31513.4753418
batch	14460	valid_loss	32255.4863281
batch	14490	valid_loss	31615.9804688
batch	14520	valid_loss	31629.1105957
batch	14550	valid_loss	31469.3312988
batch	14580	valid_loss	31402.8815918
batch	14610	valid_loss	31228.526123
batch	14640	valid_loss	31184.1616211
batch	14670	valid_loss	31216.3171387
batch	14700	valid_loss	31116.1538086
batch	14730	valid_loss	31026.1645508
batch	14760	valid_loss	31049.4912109
batch	14790	valid_loss	34612.0380859
batch	14820	valid_loss	31001.6318359
batch	14850	valid_loss	30840.6940918
batch	14880	valid_loss	30832.1672363
batch	14910	valid_loss	30752.6015625
batch	14940	valid_loss	30884.9365234
batch	14970	valid_loss	30782.6367188
batch	15000	valid_loss	31462.0668945
batch	15030	valid_loss	30686.0283203
batch	15060	valid_loss	33316.8847656
batch	15090	valid_loss	30531.4980469
batch	15120	valid_loss	30531.3908691
batch	15150	valid_loss	30517.5012207
batch	15180	valid_loss	30441.4196777
batch	15210	valid_loss	30775.9665527
batch	15240	valid_loss	30326.2497559
batch	15270	valid_loss	31633.5871582
batch	15300	valid_loss	30399.5053711
batch	15330	valid_loss	30261.465332
batch	15360	valid_loss	30659.3198242
batch	15390	valid_loss	30138.4204102
batch	15420	valid_loss	30461.9929199
batch	15450	valid_loss	30082.9641113
batch	15480	valid_loss	30282.1872559
batch	15510	valid_loss	30266.7270508
batch	15540	valid_loss	30074.8239746
batch	15570	valid_loss	29864.3781738
batch	15600	valid_loss	30016.7578125
batch	15630	valid_loss	29860.8969727
batch	15660	valid_loss	29929.9433594
batch	15690	valid_loss	29791.9384766
batch	15720	valid_loss	29675.5986328
batch	15750	valid_loss	30837.8891602
batch	15780	valid_loss	29578.6269531
batch	15810	valid_loss	29589.5720215
batch	15840	valid_loss	29494.5263672
batch	15870	valid_loss	29417.9829102
batch	15900	valid_loss	29480.2915039
batch	15930	valid_loss	30331.4904785
batch	15960	valid_loss	29450.0585938
batch	15990	valid_loss	29370.342041
batch	16020	valid_loss	29451.4553223
batch	16050	valid_loss	31125.4353027
batch	16080	valid_loss	29279.9594727
batch	16110	valid_loss	29176.8789062
batch	16140	valid_loss	29180.1311035
batch	16170	valid_loss	29174.2568359
batch	16200	valid_loss	29096.7150879
batch	16230	valid_loss	29419.2351074
batch	16260	valid_loss	29045.2045898
batch	16290	valid_loss	29121.8918457
batch	16320	valid_loss	28965.0375977
batch	16350	valid_loss	29014.5859375
batch	16380	valid_loss	29054.3969727
batch	16410	valid_loss	28822.7124023
batch	16440	valid_loss	28857.331543
batch	16470	valid_loss	28823.4472656
batch	16500	valid_loss	28998.2016602
batch	16530	valid_loss	28750.1149902
batch	16560	valid_loss	28881.2277832
batch	16590	valid_loss	29416.717041
batch	16620	valid_loss	28663.9533691
batch	16650	valid_loss	28603.166748
batch	16680	valid_loss	28603.418457
batch	16710	valid_loss	28799.8796387
batch	16740	valid_loss	28614.3776855
batch	16770	valid_loss	28466.9528809
batch	16800	valid_loss	28598.3027344
batch	16830	valid_loss	28536.3969727
batch	16860	valid_loss	28875.0471191
batch	16890	valid_loss	28329.262207
batch	16920	valid_loss	29119.0627441
batch	16950	valid_loss	28314.3710938
batch	16980	valid_loss	28382.5666504
batch	17010	valid_loss	28385.9084473
batch	17040	valid_loss	28213.814209
batch	17070	valid_loss	28510.7294922
batch	17100	valid_loss	28160.5014648
batch	17130	valid_loss	29183.6899414
batch	17160	valid_loss	28149.3737793
batch	17190	valid_loss	28737.2070312
batch	17220	valid_loss	27977.8740234
batch	17250	valid_loss	27972.0463867
batch	17280	valid_loss	27898.6914062
batch	17310	valid_loss	27937.8217773
batch	17340	valid_loss	28052.3510742
batch	17370	valid_loss	27992.5092773
batch	17400	valid_loss	27747.9248047
batch	17430	valid_loss	27647.480957
batch	17460	valid_loss	27671.583252
batch	17490	valid_loss	27789.4936523
batch	17520	valid_loss	27596.9213867
batch	17550	valid_loss	28444.4814453
batch	17580	valid_loss	27545.2722168
batch	17610	valid_loss	27523.4523926
batch	17640	valid_loss	27575.635498
batch	17670	valid_loss	27381.4538574
batch	17700	valid_loss	27949.3032227
batch	17730	valid_loss	27333.8686523
batch	17760	valid_loss	27276.7016602
batch	17790	valid_loss	27439.380127
batch	17820	valid_loss	27202.0036621
batch	17850	valid_loss	29201.7431641
batch	17880	valid_loss	27172.3469238
batch	17910	valid_loss	27144.9946289
batch	17940	valid_loss	27276.9226074
batch	17970	valid_loss	27056.1962891
batch	18000	valid_loss	27137.6496582
batch	18030	valid_loss	27462.6994629
batch	18060	valid_loss	26929.5837402
batch	18090	valid_loss	27061.7080078
batch	18120	valid_loss	26936.5761719
batch	18150	valid_loss	26870.4267578
batch	18180	valid_loss	26759.2248535
batch	18210	valid_loss	26700.6723633
batch	18240	valid_loss	26663.5495605
batch	18270	valid_loss	26803.9199219
batch	18300	valid_loss	26679.7211914
batch	18330	valid_loss	27473.8378906
batch	18360	valid_loss	26709.6765137
batch	18390	valid_loss	26437.2194824
batch	18420	valid_loss	27148.2919922
batch	18450	valid_loss	26367.3071289
batch	18480	valid_loss	26649.826416
batch	18510	valid_loss	26349.0610352
batch	18540	valid_loss	27406.3408203
batch	18570	valid_loss	26270.1713867
batch	18600	valid_loss	26237.7856445
batch	18630	valid_loss	26156.4665527
batch	18660	valid_loss	26496.8078613
batch	18690	valid_loss	26057.3962402
batch	18720	valid_loss	26068.7797852
batch	18750	valid_loss	26075.9733887
batch	18780	valid_loss	26221.5778809
batch	18810	valid_loss	26372.3706055
batch	18840	valid_loss	25883.2490234
batch	18870	valid_loss	26659.3833008
batch	18900	valid_loss	25790.9726562
batch	18930	valid_loss	26678.9743652
batch	18960	valid_loss	25789.7451172
batch	18990	valid_loss	25874.5170898
batch	19020	valid_loss	25947.8017578
batch	19050	valid_loss	25755.8825684
batch	19080	valid_loss	25618.8771973
batch	19110	valid_loss	25530.1586914
batch	19140	valid_loss	25663.6201172
batch	19170	valid_loss	25549.9611816
batch	19200	valid_loss	25384.7019043
batch	19230	valid_loss	26024.7702637
batch	19260	valid_loss	25473.5187988
batch	19290	valid_loss	25360.8769531
batch	19320	valid_loss	25561.1647949
batch	19350	valid_loss	25456.2358398
batch	19380	valid_loss	25317.3508301
batch	19410	valid_loss	25309.7912598
batch	19440	valid_loss	25104.5996094
batch	19470	valid_loss	26125.310791
batch	19500	valid_loss	25375.2736816
batch	19530	valid_loss	25315.2792969
batch	19560	valid_loss	25112.9504395
batch	19590	valid_loss	25166.9794922
batch	19620	valid_loss	25161.4904785
batch	19650	valid_loss	24929.5688477
batch	19680	valid_loss	24876.486084
batch	19710	valid_loss	24916.8391113
batch	19740	valid_loss	24832.0544434
batch	19770	valid_loss	24721.7583008
batch	19800	valid_loss	24701.1467285
batch	19830	valid_loss	24786.182373
batch	19860	valid_loss	24661.9177246
batch	19890	valid_loss	24763.5429688
batch	19920	valid_loss	24893.6904297
batch	19950	valid_loss	24501.9116211
batch	19980	valid_loss	25727.6916504
batch	20010	valid_loss	24404.2717285
batch	20040	valid_loss	24435.9226074
batch	20070	valid_loss	24303.185791
batch	20100	valid_loss	24973.4997559
batch	20130	valid_loss	24361.2841797
batch	20160	valid_loss	24248.1411133
batch	20190	valid_loss	24300.0820312
batch	20220	valid_loss	24467.9177246
batch	20250	valid_loss	24144.4724121
batch	20280	valid_loss	24301.8762207
batch	20310	valid_loss	24291.5405273
batch	20340	valid_loss	24307.0249023
batch	20370	valid_loss	23983.2794189
batch	20400	valid_loss	24060.791626
batch	20430	valid_loss	24049.8623047
batch	20460	valid_loss	24411.829834
batch	20490	valid_loss	23873.0784912
batch	20520	valid_loss	23810.208374
batch	20550	valid_loss	24353.3586426
batch	20580	valid_loss	23848.3880615
batch	20610	valid_loss	23680.9970703
batch	20640	valid_loss	23952.0300293
batch	20670	valid_loss	23701.8363037
batch	20700	valid_loss	23562.5369873
batch	20730	valid_loss	23547.0915527
batch	20760	valid_loss	23494.5965576
batch	20790	valid_loss	23544.3818359
batch	20820	valid_loss	23595.4887695
batch	20850	valid_loss	23405.2977295
batch	20880	valid_loss	23461.71521
batch	20910	valid_loss	23527.7584229
batch	20940	valid_loss	23421.949707
batch	20970	valid_loss	23352.3885498
batch	21000	valid_loss	23312.3273926
batch	21030	valid_loss	23482.473877
batch	21060	valid_loss	23269.0283203
batch	21090	valid_loss	23119.6407471
batch	21120	valid_loss	23100.3516846
batch	21150	valid_loss	23528.5145264
batch	21180	valid_loss	23024.9575195
batch	21210	valid_loss	23046.4281006
batch	21240	valid_loss	23042.1318359
batch	21270	valid_loss	23161.2490234
batch	21300	valid_loss	22916.0913086
batch	21330	valid_loss	22900.6257324
batch	21360	valid_loss	23555.4575195
batch	21390	valid_loss	22851.0765381
batch	21420	valid_loss	22699.8916016
batch	21450	valid_loss	22934.487915
batch	21480	valid_loss	23471.22229
batch	21510	valid_loss	22714.7952881
batch	21540	valid_loss	22709.022583
batch	21570	valid_loss	22622.7436523
batch	21600	valid_loss	22772.1256104
batch	21630	valid_loss	22674.1639404
batch	21660	valid_loss	22590.3569336
batch	21690	valid_loss	22463.3153076
batch	21720	valid_loss	24180.4838867
batch	21750	valid_loss	22456.03479
batch	21780	valid_loss	22404.3571777
batch	21810	valid_loss	22310.6494141
batch	21840	valid_loss	22291.6600342
batch	21870	valid_loss	22216.9217529
batch	21900	valid_loss	22237.55896
batch	21930	valid_loss	22225.1591797
batch	21960	valid_loss	22128.6392822
batch	21990	valid_loss	22214.7442627
batch	22020	valid_loss	22306.5474854
batch	22050	valid_loss	22143.1171875
batch	22080	valid_loss	22140.2521973
batch	22110	valid_loss	21914.3918457
batch	22140	valid_loss	22071.0878906
batch	22170	valid_loss	22033.9077148
batch	22200	valid_loss	21846.3128662
batch	22230	valid_loss	21944.0623779
batch	22260	valid_loss	21884.5836182
batch	22290	valid_loss	21839.6296387
batch	22320	valid_loss	23064.8908691
batch	22350	valid_loss	21826.8338623
batch	22380	valid_loss	21931.157959
batch	22410	valid_loss	21791.4978027
batch	22440	valid_loss	21613.3114014
batch	22470	valid_loss	21657.3170166
batch	22500	valid_loss	21547.0733643
batch	22530	valid_loss	21561.0534668
batch	22560	valid_loss	21925.9140625
batch	22590	valid_loss	21514.6176758
batch	22620	valid_loss	21558.7468262
batch	22650	valid_loss	21667.5765381
batch	22680	valid_loss	21357.2849121
batch	22710	valid_loss	21297.7542725
batch	22740	valid_loss	21427.5961914
batch	22770	valid_loss	21321.9168701
batch	22800	valid_loss	21244.3400879
batch	22830	valid_loss	21230.786377
batch	22860	valid_loss	21302.923584
batch	22890	valid_loss	21357.3178711
batch	22920	valid_loss	21121.0942383
batch	22950	valid_loss	21116.095459
batch	22980	valid_loss	21217.052124
batch	23010	valid_loss	20967.541626
batch	23040	valid_loss	21941.4763184
batch	23070	valid_loss	20944.3476562
batch	23100	valid_loss	21133.7556152
batch	23130	valid_loss	20864.0037842
batch	23160	valid_loss	20881.1595459
batch	23190	valid_loss	21308.253418
batch	23220	valid_loss	20864.802002
batch	23250	valid_loss	20791.3242188
batch	23280	valid_loss	20725.0223389
batch	23310	valid_loss	20702.3459473
batch	23340	valid_loss	20656.074707
batch	23370	valid_loss	20623.3840332
batch	23400	valid_loss	20736.5238037
batch	23430	valid_loss	20579.9422607
batch	23460	valid_loss	20768.7312012
batch	23490	valid_loss	20551.960083
batch	23520	valid_loss	20555.055542
batch	23550	valid_loss	20538.9036865
batch	23580	valid_loss	20818.5721436
batch	23610	valid_loss	20511.6976318
batch	23640	valid_loss	20431.5803223
batch	23670	valid_loss	20367.8937988
batch	23700	valid_loss	20311.9902344
batch	23730	valid_loss	20394.3352051
batch	23760	valid_loss	20306.0111084
batch	23790	valid_loss	20292.8410645
batch	23820	valid_loss	20223.6933594
batch	23850	valid_loss	21924.2635498
batch	23880	valid_loss	20103.8395996
batch	23910	valid_loss	20309.5065918
batch	23940	valid_loss	20273.5452881
batch	23970	valid_loss	20294.9819336
batch	24000	valid_loss	20010.9317627
batch	24030	valid_loss	20115.4379883
batch	24060	valid_loss	20013.9558105
batch	24090	valid_loss	19952.6314697
batch	24120	valid_loss	20017.6195068
batch	24150	valid_loss	19896.3841553
batch	24180	valid_loss	19894.569458
batch	24210	valid_loss	20033.7849121
batch	24240	valid_loss	19889.8034668
batch	24270	valid_loss	19780.5119629
batch	24300	valid_loss	19702.6412354
batch	24330	valid_loss	19716.7008057
batch	24360	valid_loss	19694.9822998
batch	24390	valid_loss	19934.6503906
batch	24420	valid_loss	19913.0540771
batch	24450	valid_loss	19583.522583
batch	24480	valid_loss	19639.8375244
batch	24510	valid_loss	19535.5749512
batch	24540	valid_loss	19569.5134277
batch	24570	valid_loss	19462.2585449
batch	24600	valid_loss	19881.7355957
batch	24630	valid_loss	19392.2636719
batch	24660	valid_loss	21103.8150635
batch	24690	valid_loss	19356.6242676
batch	24720	valid_loss	19329.2150879
batch	24750	valid_loss	19322.2398682
batch	24780	valid_loss	19311.7792969
batch	24810	valid_loss	19764.3409424
batch	24840	valid_loss	19211.0848389
batch	24870	valid_loss	19199.0212402
batch	24900	valid_loss	19104.772583
batch	24930	valid_loss	19105.0366211
batch	24960	valid_loss	19175.8082275
batch	24990	valid_loss	19287.3492432
STOP
START
config	620	420	140	420	620	960
batch	0	valid_loss	6542808.8125
batch	30	valid_loss	144661.166992
batch	60	valid_loss	101898.879883
batch	90	valid_loss	99852.5205078
batch	120	valid_loss	99727.7490234
batch	150	valid_loss	99784.0849609
batch	180	valid_loss	99743.765625
batch	210	valid_loss	99759.2861328
batch	240	valid_loss	99796.9404297
batch	270	valid_loss	99813.2421875
batch	300	valid_loss	99795.953125
batch	330	valid_loss	99868.6796875
batch	360	valid_loss	99762.5166016
batch	390	valid_loss	99719.0068359
batch	420	valid_loss	99588.0683594
batch	450	valid_loss	99407.6162109
batch	480	valid_loss	98961.8408203
batch	510	valid_loss	98019.1865234
batch	540	valid_loss	96624.2460938
batch	570	valid_loss	94630.8520508
batch	600	valid_loss	92739.105957
batch	630	valid_loss	91557.7216797
batch	660	valid_loss	91081.2573242
batch	690	valid_loss	90722.8896484
batch	720	valid_loss	90535.8383789
batch	750	valid_loss	90334.3110352
batch	780	valid_loss	90080.0244141
batch	810	valid_loss	89650.6743164
batch	840	valid_loss	89182.3286133
batch	870	valid_loss	88723.972168
batch	900	valid_loss	88356.9243164
batch	930	valid_loss	88090.2949219
batch	960	valid_loss	87873.1445312
batch	990	valid_loss	87663.8212891
batch	1020	valid_loss	87506.0385742
batch	1050	valid_loss	87345.9584961
batch	1080	valid_loss	87230.5683594
batch	1110	valid_loss	87097.2734375
batch	1140	valid_loss	86886.4755859
batch	1170	valid_loss	86769.8334961
batch	1200	valid_loss	86596.5576172
batch	1230	valid_loss	86426.9189453
batch	1260	valid_loss	86261.7016602
batch	1290	valid_loss	86010.3979492
batch	1320	valid_loss	85623.0126953
batch	1350	valid_loss	85245.9448242
batch	1380	valid_loss	84781.3823242
batch	1410	valid_loss	84378.0708008
batch	1440	valid_loss	83744.2080078
batch	1470	valid_loss	83118.8061523
batch	1500	valid_loss	82551.2060547
batch	1530	valid_loss	81910.815918
batch	1560	valid_loss	81265.2104492
batch	1590	valid_loss	80574.8925781
batch	1620	valid_loss	79838.1713867
batch	1650	valid_loss	79206.4946289
batch	1680	valid_loss	78653.5942383
batch	1710	valid_loss	78027.8481445
batch	1740	valid_loss	77485.1523438
batch	1770	valid_loss	77221.7021484
batch	1800	valid_loss	76504.4433594
batch	1830	valid_loss	76002.9775391
batch	1860	valid_loss	75565.8598633
batch	1890	valid_loss	75163.6196289
batch	1920	valid_loss	74781.1098633
batch	1950	valid_loss	74407.2553711
batch	1980	valid_loss	73885.234375
batch	2010	valid_loss	73612.0888672
batch	2040	valid_loss	73048.7666016
batch	2070	valid_loss	72638.5678711
batch	2100	valid_loss	72309.046875
batch	2130	valid_loss	71636.1313477
batch	2160	valid_loss	71178.8867188
batch	2190	valid_loss	70742.7060547
batch	2220	valid_loss	70229.3583984
batch	2250	valid_loss	69775.4345703
batch	2280	valid_loss	69527.0395508
batch	2310	valid_loss	68977.3491211
batch	2340	valid_loss	68747.9667969
batch	2370	valid_loss	68300.2021484
batch	2400	valid_loss	68536.1196289
batch	2430	valid_loss	67504.703125
batch	2460	valid_loss	67163.9790039
batch	2490	valid_loss	67013.8623047
batch	2520	valid_loss	66492.4941406
batch	2550	valid_loss	66278.78125
batch	2580	valid_loss	66130.5834961
batch	2610	valid_loss	65591.0786133
batch	2640	valid_loss	65252.5849609
batch	2670	valid_loss	64802.5058594
batch	2700	valid_loss	64625.168457
batch	2730	valid_loss	64265.2304688
batch	2760	valid_loss	63950.4946289
batch	2790	valid_loss	63607.5317383
batch	2820	valid_loss	63693.043457
batch	2850	valid_loss	62963.5878906
batch	2880	valid_loss	62740.8618164
batch	2910	valid_loss	62446.1704102
batch	2940	valid_loss	62669.3549805
batch	2970	valid_loss	62026.1542969
batch	3000	valid_loss	61700.4882812
batch	3030	valid_loss	61564.2001953
batch	3060	valid_loss	61119.0244141
batch	3090	valid_loss	61096.8144531
batch	3120	valid_loss	61848.097168
batch	3150	valid_loss	60385.8164062
batch	3180	valid_loss	60125.090332
batch	3210	valid_loss	61590.4711914
batch	3240	valid_loss	59661.534668
batch	3270	valid_loss	59665.0908203
batch	3300	valid_loss	59561.5976562
batch	3330	valid_loss	59077.6601562
batch	3360	valid_loss	59170.940918
batch	3390	valid_loss	58511.0893555
batch	3420	valid_loss	58298.2246094
batch	3450	valid_loss	59990.671875
batch	3480	valid_loss	57987.9819336
batch	3510	valid_loss	57860.4506836
batch	3540	valid_loss	57703.0205078
batch	3570	valid_loss	57380.7260742
batch	3600	valid_loss	57843.2138672
batch	3630	valid_loss	56988.7802734
batch	3660	valid_loss	56657.5473633
batch	3690	valid_loss	56543.1850586
batch	3720	valid_loss	56285.6118164
batch	3750	valid_loss	57198.6503906
batch	3780	valid_loss	55811.5664062
batch	3810	valid_loss	55626.2045898
batch	3840	valid_loss	55507.0585938
batch	3870	valid_loss	55379.0415039
batch	3900	valid_loss	55264.9682617
batch	3930	valid_loss	54933.7519531
batch	3960	valid_loss	55492.7070312
batch	3990	valid_loss	54644.3110352
batch	4020	valid_loss	54534.9262695
batch	4050	valid_loss	54715.5112305
batch	4080	valid_loss	54367.590332
batch	4110	valid_loss	54053.4052734
batch	4140	valid_loss	53859.8110352
batch	4170	valid_loss	53762.9213867
batch	4200	valid_loss	53529.8891602
batch	4230	valid_loss	55813.4394531
batch	4260	valid_loss	53167.1782227
batch	4290	valid_loss	52996.2924805
batch	4320	valid_loss	54480.7226562
batch	4350	valid_loss	52626.1630859
batch	4380	valid_loss	52534.0400391
batch	4410	valid_loss	55173.6308594
batch	4440	valid_loss	52441.472168
batch	4470	valid_loss	52021.6171875
batch	4500	valid_loss	52126.2578125
batch	4530	valid_loss	51940.2373047
batch	4560	valid_loss	51756.8378906
batch	4590	valid_loss	51573.7387695
batch	4620	valid_loss	51929.1015625
batch	4650	valid_loss	51109.1235352
batch	4680	valid_loss	50902.1166992
batch	4710	valid_loss	50887.8491211
batch	4740	valid_loss	51092.7358398
batch	4770	valid_loss	50752.8989258
batch	4800	valid_loss	52472.3911133
batch	4830	valid_loss	50335.8876953
batch	4860	valid_loss	51115.8959961
batch	4890	valid_loss	50267.3173828
batch	4920	valid_loss	49980.53125
batch	4950	valid_loss	49695.6069336
batch	4980	valid_loss	49621.3183594
batch	5010	valid_loss	49540.1879883
batch	5040	valid_loss	49533.8183594
batch	5070	valid_loss	50619.6650391
batch	5100	valid_loss	49403.1171875
batch	5130	valid_loss	49474.3540039
batch	5160	valid_loss	48936.9477539
batch	5190	valid_loss	48932.4492188
batch	5220	valid_loss	48791.1508789
batch	5250	valid_loss	48680.3798828
batch	5280	valid_loss	49241.59375
batch	5310	valid_loss	49566.46875
batch	5340	valid_loss	48686.6206055
batch	5370	valid_loss	48561.4135742
batch	5400	valid_loss	48259.9887695
batch	5430	valid_loss	48608.8447266
batch	5460	valid_loss	48363.4179688
batch	5490	valid_loss	48180.3286133
batch	5520	valid_loss	48001.4291992
batch	5550	valid_loss	50213.6938477
batch	5580	valid_loss	47790.1655273
batch	5610	valid_loss	47695.595459
batch	5640	valid_loss	47649.9108887
batch	5670	valid_loss	47846.9697266
batch	5700	valid_loss	47445.9838867
batch	5730	valid_loss	47297.2929688
batch	5760	valid_loss	48440.0356445
batch	5790	valid_loss	47042.8098145
batch	5820	valid_loss	47040.5319824
batch	5850	valid_loss	47067.6447754
batch	5880	valid_loss	46932.4511719
batch	5910	valid_loss	46775.7902832
batch	5940	valid_loss	46706.5480957
batch	5970	valid_loss	46660.3339844
batch	6000	valid_loss	48079.2104492
batch	6030	valid_loss	46399.3098145
batch	6060	valid_loss	46424.0151367
batch	6090	valid_loss	46454.359375
batch	6120	valid_loss	48302.9638672
batch	6150	valid_loss	46563.6958008
batch	6180	valid_loss	46021.6357422
batch	6210	valid_loss	45853.4169922
batch	6240	valid_loss	45800.3513184
batch	6270	valid_loss	45957.1484375
batch	6300	valid_loss	46147.3671875
batch	6330	valid_loss	45536.2612305
batch	6360	valid_loss	45552.0852051
batch	6390	valid_loss	46374.5500488
batch	6420	valid_loss	45347.8225098
batch	6450	valid_loss	45232.3017578
batch	6480	valid_loss	45143.5847168
batch	6510	valid_loss	45839.4501953
batch	6540	valid_loss	45107.4304199
batch	6570	valid_loss	44889.9914551
batch	6600	valid_loss	46101.0756836
batch	6630	valid_loss	44928.1174316
batch	6660	valid_loss	44603.822998
batch	6690	valid_loss	44704.390625
batch	6720	valid_loss	45629.4501953
batch	6750	valid_loss	44513.6467285
batch	6780	valid_loss	44407.390625
batch	6810	valid_loss	44328.9819336
batch	6840	valid_loss	44258.9589844
batch	6870	valid_loss	44196.7087402
batch	6900	valid_loss	44713.3896484
batch	6930	valid_loss	44105.0891113
batch	6960	valid_loss	43942.4223633
batch	6990	valid_loss	44712.7307129
batch	7020	valid_loss	43749.057373
batch	7050	valid_loss	43744.8962402
batch	7080	valid_loss	43802.644043
batch	7110	valid_loss	43544.7702637
batch	7140	valid_loss	43522.1611328
batch	7170	valid_loss	43780.5649414
batch	7200	valid_loss	43527.1403809
batch	7230	valid_loss	43337.6738281
batch	7260	valid_loss	43172.052002
batch	7290	valid_loss	43179.5627441
batch	7320	valid_loss	44058.9433594
batch	7350	valid_loss	42883.2854004
batch	7380	valid_loss	42831.3093262
batch	7410	valid_loss	42834.3945312
batch	7440	valid_loss	45343.4968262
batch	7470	valid_loss	42740.6967773
batch	7500	valid_loss	42594.723877
batch	7530	valid_loss	42470.6965332
batch	7560	valid_loss	42638.7634277
batch	7590	valid_loss	42359.7336426
batch	7620	valid_loss	42387.3991699
batch	7650	valid_loss	42381.371582
batch	7680	valid_loss	42716.6809082
batch	7710	valid_loss	42420.6391602
batch	7740	valid_loss	42084.4389648
batch	7770	valid_loss	41925.6943359
batch	7800	valid_loss	42298.9633789
batch	7830	valid_loss	42595.3388672
batch	7860	valid_loss	41774.0559082
batch	7890	valid_loss	41656.3312988
batch	7920	valid_loss	41647.2624512
batch	7950	valid_loss	41810.822998
batch	7980	valid_loss	41872.4362793
batch	8010	valid_loss	41418.4746094
batch	8040	valid_loss	41364.9746094
batch	8070	valid_loss	41291.9475098
batch	8100	valid_loss	41229.0961914
batch	8130	valid_loss	42307.447998
batch	8160	valid_loss	41094.295166
batch	8190	valid_loss	41535.8171387
batch	8220	valid_loss	40930.5773926
batch	8250	valid_loss	41119.9960938
batch	8280	valid_loss	41013.3195801
batch	8310	valid_loss	40838.8789062
batch	8340	valid_loss	40814.050293
batch	8370	valid_loss	41791.2263184
batch	8400	valid_loss	40649.4050293
batch	8430	valid_loss	40636.8408203
batch	8460	valid_loss	42210.4672852
batch	8490	valid_loss	40579.6914062
batch	8520	valid_loss	40390.9741211
batch	8550	valid_loss	40603.1335449
batch	8580	valid_loss	41353.0583496
batch	8610	valid_loss	40345.9157715
batch	8640	valid_loss	40261.9716797
batch	8670	valid_loss	42637.7219238
batch	8700	valid_loss	40300.9157715
batch	8730	valid_loss	40220.3757324
batch	8760	valid_loss	39961.8908691
batch	8790	valid_loss	40492.8828125
batch	8820	valid_loss	39991.1435547
batch	8850	valid_loss	39863.8046875
batch	8880	valid_loss	40233.6091309
batch	8910	valid_loss	40001.4580078
batch	8940	valid_loss	40013.2412109
batch	8970	valid_loss	39734.0405273
batch	9000	valid_loss	39667.4824219
batch	9030	valid_loss	39782.1826172
batch	9060	valid_loss	39755.3615723
batch	9090	valid_loss	39618.0322266
batch	9120	valid_loss	39559.3256836
batch	9150	valid_loss	39670.6135254
batch	9180	valid_loss	39481.7167969
batch	9210	valid_loss	39536.5236816
batch	9240	valid_loss	40115.690918
batch	9270	valid_loss	40196.3566895
batch	9300	valid_loss	39419.1098633
batch	9330	valid_loss	40909.2155762
batch	9360	valid_loss	39282.6745605
batch	9390	valid_loss	39034.7893066
batch	9420	valid_loss	39287.956543
batch	9450	valid_loss	39101.0864258
batch	9480	valid_loss	39118.8669434
batch	9510	valid_loss	39103.8674316
batch	9540	valid_loss	38920.6999512
batch	9570	valid_loss	38835.8737793
batch	9600	valid_loss	38835.7226562
batch	9630	valid_loss	38883.0822754
batch	9660	valid_loss	38707.9736328
batch	9690	valid_loss	38672.8930664
batch	9720	valid_loss	45612.2509766
batch	9750	valid_loss	38641.1081543
batch	9780	valid_loss	38501.3347168
batch	9810	valid_loss	38606.9978027
batch	9840	valid_loss	38468.7944336
batch	9870	valid_loss	38451.7885742
batch	9900	valid_loss	38438.6860352
batch	9930	valid_loss	39287.4797363
batch	9960	valid_loss	38294.0793457
batch	9990	valid_loss	38904.3276367
batch	10020	valid_loss	38833.5795898
batch	10050	valid_loss	38582.065918
batch	10080	valid_loss	38211.6625977
batch	10110	valid_loss	39263.1174316
batch	10140	valid_loss	38342.0249023
batch	10170	valid_loss	38117.5227051
batch	10200	valid_loss	38118.0581055
batch	10230	valid_loss	37982.7600098
batch	10260	valid_loss	38241.7502441
batch	10290	valid_loss	38145.0244141
batch	10320	valid_loss	38113.5539551
batch	10350	valid_loss	37787.7963867
batch	10380	valid_loss	39438.4440918
batch	10410	valid_loss	37770.4162598
batch	10440	valid_loss	38005.3684082
batch	10470	valid_loss	37722.644043
batch	10500	valid_loss	37856.6740723
batch	10530	valid_loss	37552.7810059
batch	10560	valid_loss	38682.7653809
batch	10590	valid_loss	37414.5053711
batch	10620	valid_loss	37457.5131836
batch	10650	valid_loss	37929.3342285
batch	10680	valid_loss	37369.0161133
batch	10710	valid_loss	37151.2770996
batch	10740	valid_loss	40647.1030273
batch	10770	valid_loss	37206.7097168
batch	10800	valid_loss	37086.7849121
batch	10830	valid_loss	37128.3398438
batch	10860	valid_loss	37053.4624023
batch	10890	valid_loss	36940.9040527
batch	10920	valid_loss	37138.9716797
batch	10950	valid_loss	37189.876709
batch	10980	valid_loss	37473.7199707
batch	11010	valid_loss	36931.904541
batch	11040	valid_loss	36774.8837891
batch	11070	valid_loss	36850.9814453
batch	11100	valid_loss	39469.9990234
batch	11130	valid_loss	36622.2509766
batch	11160	valid_loss	36703.9348145
batch	11190	valid_loss	36686.440918
batch	11220	valid_loss	36587.5288086
batch	11250	valid_loss	37911.4973145
batch	11280	valid_loss	36438.739502
batch	11310	valid_loss	36647.5610352
batch	11340	valid_loss	36396.5671387
batch	11370	valid_loss	36401.6455078
batch	11400	valid_loss	36722.526123
batch	11430	valid_loss	36567.3034668
batch	11460	valid_loss	36554.8425293
batch	11490	valid_loss	36269.6611328
batch	11520	valid_loss	36248.4924316
batch	11550	valid_loss	37208.4196777
batch	11580	valid_loss	36096.3325195
batch	11610	valid_loss	36065.6586914
batch	11640	valid_loss	36149.6691895
batch	11670	valid_loss	38189.3676758
batch	11700	valid_loss	36133.5471191
batch	11730	valid_loss	35828.0124512
batch	11760	valid_loss	35809.3886719
batch	11790	valid_loss	36067.3671875
batch	11820	valid_loss	36177.8913574
batch	11850	valid_loss	35951.7302246
batch	11880	valid_loss	35853.1513672
batch	11910	valid_loss	36007.0837402
batch	11940	valid_loss	36021.1586914
batch	11970	valid_loss	35628.8220215
batch	12000	valid_loss	35722.9846191
batch	12030	valid_loss	37756.1174316
batch	12060	valid_loss	35545.9533691
batch	12090	valid_loss	35623.8659668
batch	12120	valid_loss	35547.2355957
batch	12150	valid_loss	36109.0527344
batch	12180	valid_loss	35467.7658691
batch	12210	valid_loss	35504.9553223
batch	12240	valid_loss	35882.9960938
batch	12270	valid_loss	35302.9091797
batch	12300	valid_loss	35403.2412109
batch	12330	valid_loss	35324.7922363
batch	12360	valid_loss	35244.6025391
batch	12390	valid_loss	35911.7919922
batch	12420	valid_loss	35206.517334
batch	12450	valid_loss	35094.9050293
batch	12480	valid_loss	35104.5949707
batch	12510	valid_loss	35043.1826172
batch	12540	valid_loss	35069.6757812
batch	12570	valid_loss	35577.0446777
batch	12600	valid_loss	35152.9304199
batch	12630	valid_loss	35055.1413574
batch	12660	valid_loss	34982.5256348
batch	12690	valid_loss	35504.4558105
batch	12720	valid_loss	34954.6657715
batch	12750	valid_loss	34885.9150391
batch	12780	valid_loss	34857.8039551
batch	12810	valid_loss	34812.3078613
batch	12840	valid_loss	34698.8671875
batch	12870	valid_loss	37003.5783691
batch	12900	valid_loss	34810.3400879
batch	12930	valid_loss	34634.8271484
batch	12960	valid_loss	34626.831543
batch	12990	valid_loss	34659.5849609
batch	13020	valid_loss	34990.1550293
batch	13050	valid_loss	34538.4567871
batch	13080	valid_loss	34538.3151855
batch	13110	valid_loss	34650.1730957
batch	13140	valid_loss	34327.6147461
batch	13170	valid_loss	36233.4741211
batch	13200	valid_loss	34340.7397461
batch	13230	valid_loss	34649.666748
batch	13260	valid_loss	34503.0046387
batch	13290	valid_loss	34464.0319824
batch	13320	valid_loss	36100.7133789
batch	13350	valid_loss	34167.5493164
batch	13380	valid_loss	34098.1657715
batch	13410	valid_loss	37548.4438477
batch	13440	valid_loss	34014.6542969
batch	13470	valid_loss	34007.3833008
batch	13500	valid_loss	34220.6599121
batch	13530	valid_loss	33893.800293
batch	13560	valid_loss	34499.6159668
batch	13590	valid_loss	33860.5107422
batch	13620	valid_loss	33867.9150391
batch	13650	valid_loss	33952.2990723
batch	13680	valid_loss	33739.8798828
batch	13710	valid_loss	34346.7143555
batch	13740	valid_loss	33835.2067871
batch	13770	valid_loss	33610.4611816
batch	13800	valid_loss	33632.3518066
batch	13830	valid_loss	33649.3312988
batch	13860	valid_loss	33581.7714844
batch	13890	valid_loss	33550.6472168
batch	13920	valid_loss	33696.4423828
batch	13950	valid_loss	33573.9140625
batch	13980	valid_loss	33468.7468262
batch	14010	valid_loss	33367.8303223
batch	14040	valid_loss	33354.3330078
batch	14070	valid_loss	34162.7807617
batch	14100	valid_loss	33461.6804199
batch	14130	valid_loss	33460.5622559
batch	14160	valid_loss	33304.1950684
batch	14190	valid_loss	33471.1320801
batch	14220	valid_loss	33233.7524414
batch	14250	valid_loss	34323.135498
batch	14280	valid_loss	33132.1662598
batch	14310	valid_loss	33283.6503906
batch	14340	valid_loss	34077.4272461
batch	14370	valid_loss	33033.4995117
batch	14400	valid_loss	33530.5180664
batch	14430	valid_loss	33603.2050781
batch	14460	valid_loss	33001.4775391
batch	14490	valid_loss	35841.2585449
batch	14520	valid_loss	33080.5734863
batch	14550	valid_loss	32899.6872559
batch	14580	valid_loss	33237.9724121
batch	14610	valid_loss	33042.3100586
batch	14640	valid_loss	33862.078125
batch	14670	valid_loss	32790.7636719
batch	14700	valid_loss	33460.8786621
batch	14730	valid_loss	32745.4841309
batch	14760	valid_loss	32747.5664062
batch	14790	valid_loss	32727.2539062
batch	14820	valid_loss	33035.2836914
batch	14850	valid_loss	32606.0473633
batch	14880	valid_loss	32927.1157227
batch	14910	valid_loss	32514.3903809
batch	14940	valid_loss	32664.1508789
batch	14970	valid_loss	32613.7897949
batch	15000	valid_loss	32532.3774414
batch	15030	valid_loss	32537.6252441
batch	15060	valid_loss	32558.894043
batch	15090	valid_loss	32394.5703125
batch	15120	valid_loss	32510.4775391
batch	15150	valid_loss	32474.7995605
batch	15180	valid_loss	32371.2636719
batch	15210	valid_loss	32282.088623
batch	15240	valid_loss	32288.1713867
batch	15270	valid_loss	32318.8081055
batch	15300	valid_loss	32726.9694824
batch	15330	valid_loss	32133.0793457
batch	15360	valid_loss	32161.607666
batch	15390	valid_loss	32110.0136719
batch	15420	valid_loss	32661.1987305
batch	15450	valid_loss	32217.6535645
batch	15480	valid_loss	36775.2165527
batch	15510	valid_loss	32094.795166
batch	15540	valid_loss	32053.0480957
batch	15570	valid_loss	31941.9699707
batch	15600	valid_loss	32194.864502
batch	15630	valid_loss	31866.3713379
batch	15660	valid_loss	32609.4487305
batch	15690	valid_loss	31857.1262207
batch	15720	valid_loss	32010.369873
batch	15750	valid_loss	32263.4338379
batch	15780	valid_loss	31828.9516602
batch	15810	valid_loss	32693.3374023
batch	15840	valid_loss	31894.7084961
batch	15870	valid_loss	31637.2504883
batch	15900	valid_loss	31576.9033203
batch	15930	valid_loss	31601.8063965
batch	15960	valid_loss	31538.2902832
batch	15990	valid_loss	31844.1115723
batch	16020	valid_loss	31484.8266602
batch	16050	valid_loss	31777.6655273
batch	16080	valid_loss	31638.3830566
batch	16110	valid_loss	31394.3833008
batch	16140	valid_loss	31488.2851562
batch	16170	valid_loss	31403.3249512
batch	16200	valid_loss	31375.6391602
batch	16230	valid_loss	31391.2678223
batch	16260	valid_loss	31230.125
batch	16290	valid_loss	31212.814209
batch	16320	valid_loss	31184.458252
batch	16350	valid_loss	36104.574707
batch	16380	valid_loss	31238.7961426
batch	16410	valid_loss	31019.2043457
batch	16440	valid_loss	31006.0942383
batch	16470	valid_loss	30998.4758301
batch	16500	valid_loss	33908.1057129
batch	16530	valid_loss	30998.951416
batch	16560	valid_loss	30882.0827637
batch	16590	valid_loss	31159.4628906
batch	16620	valid_loss	30898.7954102
batch	16650	valid_loss	30949.0285645
batch	16680	valid_loss	30758.2150879
batch	16710	valid_loss	31269.0083008
batch	16740	valid_loss	30685.9016113
batch	16770	valid_loss	30615.8745117
batch	16800	valid_loss	31003.1130371
batch	16830	valid_loss	30537.2626953
batch	16860	valid_loss	30546.3100586
batch	16890	valid_loss	30488.5610352
batch	16920	valid_loss	30475.8864746
batch	16950	valid_loss	30421.4125977
batch	16980	valid_loss	30584.1408691
batch	17010	valid_loss	30366.8833008
batch	17040	valid_loss	30730.0859375
batch	17070	valid_loss	30649.8037109
batch	17100	valid_loss	30251.9257812
batch	17130	valid_loss	30282.767334
batch	17160	valid_loss	31836.6826172
batch	17190	valid_loss	30112.8623047
batch	17220	valid_loss	30186.4953613
batch	17250	valid_loss	30110.7932129
batch	17280	valid_loss	31258.222168
batch	17310	valid_loss	30048.9174805
batch	17340	valid_loss	30215.6257324
batch	17370	valid_loss	29954.234375
batch	17400	valid_loss	29860.2329102
batch	17430	valid_loss	33018.4470215
batch	17460	valid_loss	29867.2336426
batch	17490	valid_loss	29732.4353027
batch	17520	valid_loss	29700.3032227
batch	17550	valid_loss	29676.2595215
batch	17580	valid_loss	29717.4477539
batch	17610	valid_loss	30024.8466797
batch	17640	valid_loss	29662.2792969
batch	17670	valid_loss	29644.869873
batch	17700	valid_loss	29803.4902344
batch	17730	valid_loss	29740.0256348
batch	17760	valid_loss	29463.4443359
batch	17790	valid_loss	29869.1850586
batch	17820	valid_loss	29323.3349609
batch	17850	valid_loss	29309.1228027
batch	17880	valid_loss	29296.0407715
batch	17910	valid_loss	32112.9750977
batch	17940	valid_loss	29265.9929199
batch	17970	valid_loss	29171.1669922
batch	18000	valid_loss	29202.6044922
batch	18030	valid_loss	29346.0834961
batch	18060	valid_loss	29103.6030273
batch	18090	valid_loss	30585.2368164
batch	18120	valid_loss	28935.0993652
batch	18150	valid_loss	29034.7587891
batch	18180	valid_loss	29008.3339844
batch	18210	valid_loss	28928.7475586
batch	18240	valid_loss	28827.8569336
batch	18270	valid_loss	30280.498291
batch	18300	valid_loss	28815.7375488
batch	18330	valid_loss	28738.5170898
batch	18360	valid_loss	28726.9365234
batch	18390	valid_loss	28697.3410645
batch	18420	valid_loss	28647.994873
batch	18450	valid_loss	28587.8015137
batch	18480	valid_loss	30599.302002
batch	18510	valid_loss	28626.0842285
batch	18540	valid_loss	28492.5761719
batch	18570	valid_loss	28744.9372559
batch	18600	valid_loss	28692.2185059
batch	18630	valid_loss	28378.7368164
batch	18660	valid_loss	28419.6240234
batch	18690	valid_loss	28408.3076172
batch	18720	valid_loss	28331.1467285
batch	18750	valid_loss	28243.4472656
batch	18780	valid_loss	28213.9265137
batch	18810	valid_loss	28113.5893555
batch	18840	valid_loss	28775.2753906
batch	18870	valid_loss	28149.2463379
batch	18900	valid_loss	28037.9758301
batch	18930	valid_loss	28427.2614746
batch	18960	valid_loss	28170.8278809
batch	18990	valid_loss	27920.3381348
batch	19020	valid_loss	27900.017334
batch	19050	valid_loss	27864.7524414
batch	19080	valid_loss	27948.3334961
batch	19110	valid_loss	28985.105957
batch	19140	valid_loss	27756.2700195
batch	19170	valid_loss	27751.7436523
batch	19200	valid_loss	27659.7287598
batch	19230	valid_loss	27757.2111816
batch	19260	valid_loss	27608.2104492
batch	19290	valid_loss	28940.2609863
batch	19320	valid_loss	27672.2956543
batch	19350	valid_loss	27546.657959
batch	19380	valid_loss	27479.7587891
batch	19410	valid_loss	27325.1564941
batch	19440	valid_loss	27852.8388672
batch	19470	valid_loss	27393.7851562
batch	19500	valid_loss	27273.2878418
batch	19530	valid_loss	27503.0783691
batch	19560	valid_loss	27300.2565918
batch	19590	valid_loss	27189.6184082
batch	19620	valid_loss	28212.8452148
batch	19650	valid_loss	27166.802002
batch	19680	valid_loss	26971.8989258
batch	19710	valid_loss	27085.645752
batch	19740	valid_loss	27170.5671387
batch	19770	valid_loss	27025.3105469
batch	19800	valid_loss	26957.048584
batch	19830	valid_loss	27252.6931152
batch	19860	valid_loss	26765.7580566
batch	19890	valid_loss	26857.1728516
batch	19920	valid_loss	26723.7229004
batch	19950	valid_loss	26589.7375488
batch	19980	valid_loss	28081.1923828
batch	20010	valid_loss	26578.9316406
batch	20040	valid_loss	26675.5412598
batch	20070	valid_loss	26620.2060547
batch	20100	valid_loss	26597.7089844
batch	20130	valid_loss	26402.8466797
batch	20160	valid_loss	26800.901123
batch	20190	valid_loss	27075.4365234
batch	20220	valid_loss	26320.8317871
batch	20250	valid_loss	26362.2614746
batch	20280	valid_loss	26587.4289551
batch	20310	valid_loss	26194.6547852
batch	20340	valid_loss	26098.6213379
batch	20370	valid_loss	26107.4042969
batch	20400	valid_loss	26187.7734375
batch	20430	valid_loss	26798.4575195
batch	20460	valid_loss	25992.9589844
batch	20490	valid_loss	26250.9892578
batch	20520	valid_loss	26142.1484375
batch	20550	valid_loss	27253.9782715
batch	20580	valid_loss	25805.0043945
batch	20610	valid_loss	25781.2087402
batch	20640	valid_loss	27012.8535156
batch	20670	valid_loss	25796.9309082
batch	20700	valid_loss	25624.230957
batch	20730	valid_loss	25692.7854004
batch	20760	valid_loss	26191.3896484
batch	20790	valid_loss	25644.8615723
batch	20820	valid_loss	25663.2685547
batch	20850	valid_loss	25520.7976074
batch	20880	valid_loss	25512.7717285
batch	20910	valid_loss	25841.0095215
batch	20940	valid_loss	25371.9155273
batch	20970	valid_loss	25277.7897949
batch	21000	valid_loss	25346.3005371
batch	21030	valid_loss	25298.9821777
batch	21060	valid_loss	25226.4482422
batch	21090	valid_loss	25336.717041
batch	21120	valid_loss	25201.3242188
batch	21150	valid_loss	25096.9528809
batch	21180	valid_loss	25114.2878418
batch	21210	valid_loss	25085.0410156
batch	21240	valid_loss	24959.6699219
batch	21270	valid_loss	25108.1975098
batch	21300	valid_loss	24982.1657715
batch	21330	valid_loss	25632.8105469
batch	21360	valid_loss	24915.3706055
batch	21390	valid_loss	25081.9697266
batch	21420	valid_loss	24769.9382324
batch	21450	valid_loss	26993.4038086
batch	21480	valid_loss	24905.1520996
batch	21510	valid_loss	24620.697998
batch	21540	valid_loss	24668.7648926
batch	21570	valid_loss	24590.5500488
batch	21600	valid_loss	24546.2219238
batch	21630	valid_loss	24576.8830566
batch	21660	valid_loss	24616.5039062
batch	21690	valid_loss	24879.7514648
batch	21720	valid_loss	24618.9228516
batch	21750	valid_loss	24835.2810059
batch	21780	valid_loss	24828.3540039
batch	21810	valid_loss	24687.5327148
batch	21840	valid_loss	24802.2080078
batch	21870	valid_loss	24251.845459
batch	21900	valid_loss	24602.6147461
batch	21930	valid_loss	24546.439209
batch	21960	valid_loss	24202.6899414
batch	21990	valid_loss	26276.1088867
batch	22020	valid_loss	24393.8063965
batch	22050	valid_loss	24077.5424805
batch	22080	valid_loss	24017.6951904
batch	22110	valid_loss	23952.3977051
batch	22140	valid_loss	23967.8513184
batch	22170	valid_loss	24083.1845703
batch	22200	valid_loss	24549.798584
batch	22230	valid_loss	23845.7414551
batch	22260	valid_loss	24121.4584961
batch	22290	valid_loss	23838.0097656
batch	22320	valid_loss	23907.3129883
batch	22350	valid_loss	23839.4589844
batch	22380	valid_loss	24611.6132812
batch	22410	valid_loss	23704.9481201
batch	22440	valid_loss	23877.2453613
batch	22470	valid_loss	23628.84021
batch	22500	valid_loss	23596.8966064
batch	22530	valid_loss	23572.1865234
batch	22560	valid_loss	23763.6916504
batch	22590	valid_loss	23668.2581787
batch	22620	valid_loss	23451.8997803
batch	22650	valid_loss	24086.9155273
batch	22680	valid_loss	23388.241333
batch	22710	valid_loss	23484.4678955
batch	22740	valid_loss	23277.5963135
batch	22770	valid_loss	24659.612793
batch	22800	valid_loss	23296.0645752
batch	22830	valid_loss	23269.3919678
batch	22860	valid_loss	23192.394043
batch	22890	valid_loss	23213.2281494
batch	22920	valid_loss	23333.1342773
batch	22950	valid_loss	23179.6508789
batch	22980	valid_loss	23114.2346191
batch	23010	valid_loss	23087.4943848
batch	23040	valid_loss	23030.2145996
batch	23070	valid_loss	23237.7006836
batch	23100	valid_loss	23027.4160156
batch	23130	valid_loss	23736.9671631
batch	23160	valid_loss	22846.1184082
batch	23190	valid_loss	22886.708252
batch	23220	valid_loss	22833.9938965
batch	23250	valid_loss	22852.2209473
batch	23280	valid_loss	23129.6724854
batch	23310	valid_loss	22808.5821533
batch	23340	valid_loss	23578.7514648
batch	23370	valid_loss	22667.0524902
batch	23400	valid_loss	22967.1164551
batch	23430	valid_loss	22743.6746826
batch	23460	valid_loss	22886.3344727
batch	23490	valid_loss	22921.9227295
batch	23520	valid_loss	22663.3602295
batch	23550	valid_loss	22535.4206543
batch	23580	valid_loss	22478.0428467
batch	23610	valid_loss	22748.723877
batch	23640	valid_loss	22426.7213135
batch	23670	valid_loss	22382.2484131
batch	23700	valid_loss	22696.6262207
batch	23730	valid_loss	22455.2301025
batch	23760	valid_loss	22269.130249
batch	23790	valid_loss	22684.2955322
batch	23820	valid_loss	22217.7003174
batch	23850	valid_loss	22359.8948975
batch	23880	valid_loss	22516.2972412
batch	23910	valid_loss	22165.0299072
batch	23940	valid_loss	22104.9318848
batch	23970	valid_loss	22162.8205566
batch	24000	valid_loss	21986.0799561
batch	24030	valid_loss	22580.326416
batch	24060	valid_loss	22266.098999
batch	24090	valid_loss	21955.1781006
batch	24120	valid_loss	21969.7092285
batch	24150	valid_loss	23025.7728271
batch	24180	valid_loss	22008.831665
batch	24210	valid_loss	21812.0515137
batch	24240	valid_loss	22457.4680176
batch	24270	valid_loss	22108.6793213
batch	24300	valid_loss	21763.7410889
batch	24330	valid_loss	21718.6271973
batch	24360	valid_loss	21767.8334961
batch	24390	valid_loss	22064.9542236
batch	24420	valid_loss	21652.1779785
batch	24450	valid_loss	21584.6400146
batch	24480	valid_loss	21820.2230225
batch	24510	valid_loss	21544.4165039
batch	24540	valid_loss	21458.8341064
batch	24570	valid_loss	21432.7349854
batch	24600	valid_loss	21566.4645996
batch	24630	valid_loss	21946.2854004
batch	24660	valid_loss	21568.8608398
batch	24690	valid_loss	21354.2501221
batch	24720	valid_loss	21286.7285156
batch	24750	valid_loss	21283.0405273
batch	24780	valid_loss	22159.7785645
batch	24810	valid_loss	21300.7226562
batch	24840	valid_loss	21242.5168457
batch	24870	valid_loss	21176.8056641
batch	24900	valid_loss	21932.7058105
batch	24930	valid_loss	21099.9820557
batch	24960	valid_loss	21174.6363525
batch	24990	valid_loss	21197.8212891
STOP
