START
config	540	260	540	1140
batch	0	valid_loss	8343146.375
batch	30	valid_loss	155600.152344
batch	60	valid_loss	98781.390625
batch	90	valid_loss	95968.8232422
batch	120	valid_loss	95809.9804688
batch	150	valid_loss	95753.1962891
batch	180	valid_loss	95748.4394531
batch	210	valid_loss	95627.125
batch	240	valid_loss	95569.8066406
batch	270	valid_loss	95465.8535156
batch	300	valid_loss	95380.3847656
batch	330	valid_loss	95155.0791016
batch	360	valid_loss	94800.1777344
batch	390	valid_loss	94193.0283203
batch	420	valid_loss	93132.9667969
batch	450	valid_loss	91447.6342773
batch	480	valid_loss	89623.2060547
batch	510	valid_loss	88221.1772461
batch	540	valid_loss	87166.5620117
batch	570	valid_loss	86521.3173828
batch	600	valid_loss	85942.5776367
batch	630	valid_loss	85436.3452148
batch	660	valid_loss	84939.6196289
batch	690	valid_loss	84291.4628906
batch	720	valid_loss	83629.1196289
batch	750	valid_loss	82852.7045898
batch	780	valid_loss	81937.3144531
batch	810	valid_loss	80956.6660156
batch	840	valid_loss	79911.71875
batch	870	valid_loss	78913.4584961
batch	900	valid_loss	77733.027832
batch	930	valid_loss	76609.0214844
batch	960	valid_loss	75462.5004883
batch	990	valid_loss	74266.8208008
batch	1020	valid_loss	73065.5390625
batch	1050	valid_loss	71846.1606445
batch	1080	valid_loss	70697.6640625
batch	1110	valid_loss	69463.5693359
batch	1140	valid_loss	68228.2167969
batch	1170	valid_loss	67015.9711914
batch	1200	valid_loss	65770.6767578
batch	1230	valid_loss	64561.1347656
batch	1260	valid_loss	63449.612793
batch	1290	valid_loss	62161.4360352
batch	1320	valid_loss	61039.1044922
batch	1350	valid_loss	59944.746582
batch	1380	valid_loss	58786.402832
batch	1410	valid_loss	57672.1166992
batch	1440	valid_loss	56497.3295898
batch	1470	valid_loss	55354.4082031
batch	1500	valid_loss	54319.1621094
batch	1530	valid_loss	53320.8984375
batch	1560	valid_loss	52334.0195312
batch	1590	valid_loss	51391.6567383
batch	1620	valid_loss	50333.5419922
batch	1650	valid_loss	49406.543457
batch	1680	valid_loss	48542.3496094
batch	1710	valid_loss	47693.2255859
batch	1740	valid_loss	46811.0776367
batch	1770	valid_loss	46045.1135254
batch	1800	valid_loss	45223.5163574
batch	1830	valid_loss	44468.9177246
batch	1860	valid_loss	43865.2431641
batch	1890	valid_loss	43015.5441895
batch	1920	valid_loss	42306.2617188
batch	1950	valid_loss	41623.5786133
batch	1980	valid_loss	41062.8562012
batch	2010	valid_loss	40326.2780762
batch	2040	valid_loss	39775.1721191
batch	2070	valid_loss	39080.3291016
batch	2100	valid_loss	38464.1242676
batch	2130	valid_loss	38045.0791016
batch	2160	valid_loss	37395.7246094
batch	2190	valid_loss	36876.6171875
batch	2220	valid_loss	36481.8764648
batch	2250	valid_loss	35850.8522949
batch	2280	valid_loss	35429.7285156
batch	2310	valid_loss	34856.4570312
batch	2340	valid_loss	34663.5866699
batch	2370	valid_loss	34110.8173828
batch	2400	valid_loss	33501.456543
batch	2430	valid_loss	33189.2062988
batch	2460	valid_loss	32944.2595215
batch	2490	valid_loss	32457.9731445
batch	2520	valid_loss	32105.0395508
batch	2550	valid_loss	31641.0461426
batch	2580	valid_loss	31436.09375
batch	2610	valid_loss	30929.8256836
batch	2640	valid_loss	30606.3032227
batch	2670	valid_loss	30219.3513184
batch	2700	valid_loss	29919.9172363
batch	2730	valid_loss	29756.3388672
batch	2760	valid_loss	29260.1040039
batch	2790	valid_loss	29034.6206055
batch	2820	valid_loss	28914.8859863
batch	2850	valid_loss	28528.0666504
batch	2880	valid_loss	28109.984375
batch	2910	valid_loss	28034.3688965
batch	2940	valid_loss	27723.9765625
batch	2970	valid_loss	27251.4326172
batch	3000	valid_loss	27096.2199707
batch	3030	valid_loss	26677.239502
batch	3060	valid_loss	26477.2172852
batch	3090	valid_loss	26512.4470215
batch	3120	valid_loss	25984.263916
batch	3150	valid_loss	25790.0100098
batch	3180	valid_loss	25699.8937988
batch	3210	valid_loss	25456.0561523
batch	3240	valid_loss	25256.6137695
batch	3270	valid_loss	25184.5773926
batch	3300	valid_loss	24784.0151367
batch	3330	valid_loss	24493.4846191
batch	3360	valid_loss	24555.4458008
batch	3390	valid_loss	24199.9208984
batch	3420	valid_loss	23855.2680664
batch	3450	valid_loss	24096.6225586
batch	3480	valid_loss	23721.8334961
batch	3510	valid_loss	23317.1392822
batch	3540	valid_loss	23387.6396484
batch	3570	valid_loss	23032.9741211
batch	3600	valid_loss	22847.9599609
batch	3630	valid_loss	22614.1291504
batch	3660	valid_loss	22541.411499
batch	3690	valid_loss	22267.9051514
batch	3720	valid_loss	22257.0615234
batch	3750	valid_loss	22829.862793
batch	3780	valid_loss	21830.6729736
batch	3810	valid_loss	21844.2752686
batch	3840	valid_loss	21950.6131592
batch	3870	valid_loss	21375.1693115
batch	3900	valid_loss	21454.5740967
batch	3930	valid_loss	21130.4957275
batch	3960	valid_loss	20922.8009033
batch	3990	valid_loss	20865.1921387
batch	4020	valid_loss	21256.1628418
batch	4050	valid_loss	20590.8466797
batch	4080	valid_loss	21195.2539062
batch	4110	valid_loss	20394.822876
batch	4140	valid_loss	20331.3918457
batch	4170	valid_loss	22636.0882568
batch	4200	valid_loss	20028.7213135
batch	4230	valid_loss	19929.6231689
batch	4260	valid_loss	19741.9735107
batch	4290	valid_loss	19932.3178711
batch	4320	valid_loss	19604.1412354
batch	4350	valid_loss	19549.3774414
batch	4380	valid_loss	19345.6369629
batch	4410	valid_loss	20379.3140869
batch	4440	valid_loss	19184.2501221
batch	4470	valid_loss	18958.8129883
batch	4500	valid_loss	18954.9688721
batch	4530	valid_loss	18956.1147461
batch	4560	valid_loss	18794.9512939
batch	4590	valid_loss	18615.0231934
batch	4620	valid_loss	18515.5773926
batch	4650	valid_loss	18600.6514893
batch	4680	valid_loss	18450.1345215
batch	4710	valid_loss	19426.0578613
batch	4740	valid_loss	18163.1831055
batch	4770	valid_loss	18050.0093994
batch	4800	valid_loss	21951.1445312
batch	4830	valid_loss	17880.4442139
batch	4860	valid_loss	17933.9035645
batch	4890	valid_loss	17856.0859375
batch	4920	valid_loss	17874.914917
batch	4950	valid_loss	18429.3674316
batch	4980	valid_loss	17848.7811279
batch	5010	valid_loss	17467.4902344
batch	5040	valid_loss	18017.6756592
batch	5070	valid_loss	17272.9100342
batch	5100	valid_loss	17238.489502
batch	5130	valid_loss	17360.1905518
batch	5160	valid_loss	17039.442627
batch	5190	valid_loss	17371.9379883
batch	5220	valid_loss	16911.5826416
batch	5250	valid_loss	16800.2181396
batch	5280	valid_loss	17379.4735107
batch	5310	valid_loss	16828.0712891
batch	5340	valid_loss	16773.0013428
batch	5370	valid_loss	16618.5581055
batch	5400	valid_loss	16482.753418
batch	5430	valid_loss	16375.3553467
batch	5460	valid_loss	16347.7681885
batch	5490	valid_loss	16423.9554443
batch	5520	valid_loss	16802.6728516
batch	5550	valid_loss	16252.6518555
batch	5580	valid_loss	17146.4445801
batch	5610	valid_loss	16163.3492432
batch	5640	valid_loss	16720.6782227
batch	5670	valid_loss	16214.3468018
batch	5700	valid_loss	15888.1567383
batch	5730	valid_loss	15982.9416504
batch	5760	valid_loss	16024.9810791
batch	5790	valid_loss	15719.161377
batch	5820	valid_loss	15626.2094727
batch	5850	valid_loss	16536.498291
batch	5880	valid_loss	15520.6654053
batch	5910	valid_loss	16653.140625
batch	5940	valid_loss	15521.4620361
batch	5970	valid_loss	15365.0118408
batch	6000	valid_loss	15539.598999
batch	6030	valid_loss	15302.5570068
batch	6060	valid_loss	15390.7763672
batch	6090	valid_loss	15255.3070068
batch	6120	valid_loss	15166.7828369
batch	6150	valid_loss	15150.5201416
batch	6180	valid_loss	15314.5805664
batch	6210	valid_loss	15032.8586426
batch	6240	valid_loss	14973.0218506
batch	6270	valid_loss	14915.510498
batch	6300	valid_loss	14826.552124
batch	6330	valid_loss	15608.97229
batch	6360	valid_loss	14784.6893311
batch	6390	valid_loss	14682.9338379
batch	6420	valid_loss	14838.0167236
batch	6450	valid_loss	14700.9353027
batch	6480	valid_loss	14658.7340088
batch	6510	valid_loss	15955.1159668
batch	6540	valid_loss	14757.4099121
batch	6570	valid_loss	14507.4383545
batch	6600	valid_loss	14516.9301758
batch	6630	valid_loss	14564.2799072
batch	6660	valid_loss	14314.979126
batch	6690	valid_loss	14359.904541
batch	6720	valid_loss	14287.4527588
batch	6750	valid_loss	14248.1253662
batch	6780	valid_loss	14206.9973145
batch	6810	valid_loss	14196.1549072
batch	6840	valid_loss	14213.7641602
batch	6870	valid_loss	14423.5422363
batch	6900	valid_loss	14063.7331543
batch	6930	valid_loss	14005.7872314
batch	6960	valid_loss	14190.6431885
batch	6990	valid_loss	13893.3260498
batch	7020	valid_loss	13850.4420166
batch	7050	valid_loss	13932.7779541
batch	7080	valid_loss	15849.7576904
batch	7110	valid_loss	13777.1750488
batch	7140	valid_loss	13882.887085
batch	7170	valid_loss	13973.0302734
batch	7200	valid_loss	14081.0391846
batch	7230	valid_loss	13661.3436279
batch	7260	valid_loss	13762.0235596
batch	7290	valid_loss	13686.982666
batch	7320	valid_loss	13630.15979
batch	7350	valid_loss	13568.4406738
batch	7380	valid_loss	14300.0057373
batch	7410	valid_loss	13505.1304932
batch	7440	valid_loss	13422.1304932
batch	7470	valid_loss	13750.2189941
batch	7500	valid_loss	13382.6192627
batch	7530	valid_loss	13411.7128906
batch	7560	valid_loss	13345.5705566
batch	7590	valid_loss	13588.8007812
batch	7620	valid_loss	13449.307373
batch	7650	valid_loss	13221.0430908
batch	7680	valid_loss	13183.557373
batch	7710	valid_loss	13448.8314209
batch	7740	valid_loss	13097.9112549
batch	7770	valid_loss	14454.8522949
batch	7800	valid_loss	13132.6281738
batch	7830	valid_loss	13037.7769775
batch	7860	valid_loss	12984.1774902
batch	7890	valid_loss	13811.0875244
batch	7920	valid_loss	13051.2607422
batch	7950	valid_loss	12934.9688721
batch	7980	valid_loss	13112.9594727
batch	8010	valid_loss	13507.9852295
batch	8040	valid_loss	12872.2752686
batch	8070	valid_loss	12913.6474609
batch	8100	valid_loss	13828.9099121
batch	8130	valid_loss	12794.4743652
batch	8160	valid_loss	12723.4849854
batch	8190	valid_loss	13059.5178223
batch	8220	valid_loss	12793.9509277
batch	8250	valid_loss	12775.9921875
batch	8280	valid_loss	12897.046875
batch	8310	valid_loss	12624.6140137
batch	8340	valid_loss	12627.3505859
batch	8370	valid_loss	14456.157959
batch	8400	valid_loss	12642.3642578
batch	8430	valid_loss	12568.0571289
batch	8460	valid_loss	12705.2874756
batch	8490	valid_loss	12595.5977783
batch	8520	valid_loss	12485.8729248
batch	8550	valid_loss	12591.8262939
batch	8580	valid_loss	12756.2796631
batch	8610	valid_loss	12517.5626221
batch	8640	valid_loss	12810.5091553
batch	8670	valid_loss	12522.3703613
batch	8700	valid_loss	12915.3189697
batch	8730	valid_loss	12558.8358154
batch	8760	valid_loss	12417.8294678
batch	8790	valid_loss	12882.8842773
batch	8820	valid_loss	12278.2492676
batch	8850	valid_loss	13027.8586426
batch	8880	valid_loss	12214.1029053
batch	8910	valid_loss	12309.2957764
batch	8940	valid_loss	13021.1452637
batch	8970	valid_loss	12190.5495605
batch	9000	valid_loss	12113.3979492
batch	9030	valid_loss	12430.0046387
batch	9060	valid_loss	12380.7403564
batch	9090	valid_loss	12153.1553955
batch	9120	valid_loss	12585.5008545
batch	9150	valid_loss	12041.1008301
batch	9180	valid_loss	12268.8469238
batch	9210	valid_loss	12334.3392334
batch	9240	valid_loss	12611.0509033
batch	9270	valid_loss	12153.6463623
batch	9300	valid_loss	12377.25
batch	9330	valid_loss	12010.5578613
batch	9360	valid_loss	12018.736084
batch	9390	valid_loss	11947.217041
batch	9420	valid_loss	13857.8748779
batch	9450	valid_loss	11938.3063965
batch	9480	valid_loss	11915.8251953
batch	9510	valid_loss	11880.1695557
batch	9540	valid_loss	12049.6262207
batch	9570	valid_loss	11822.3044434
batch	9600	valid_loss	12100.3846436
batch	9630	valid_loss	11867.5064697
batch	9660	valid_loss	12853.9382324
batch	9690	valid_loss	11766.2572021
batch	9720	valid_loss	12263.1954346
batch	9750	valid_loss	11765.053833
batch	9780	valid_loss	12057.8822021
batch	9810	valid_loss	12062.8428955
batch	9840	valid_loss	11980.5057373
batch	9870	valid_loss	11652.9006958
batch	9900	valid_loss	13975.0251465
batch	9930	valid_loss	11590.5991211
batch	9960	valid_loss	11821.7196045
batch	9990	valid_loss	12260.9986572
batch	10020	valid_loss	11570.3060303
batch	10050	valid_loss	11676.0827026
batch	10080	valid_loss	11987.460083
batch	10110	valid_loss	11632.5780029
batch	10140	valid_loss	12221.013916
batch	10170	valid_loss	11697.9981689
batch	10200	valid_loss	11652.0881348
batch	10230	valid_loss	11685.6386108
batch	10260	valid_loss	11856.6307373
batch	10290	valid_loss	11585.3468018
batch	10320	valid_loss	11474.7736816
batch	10350	valid_loss	12158.9279785
batch	10380	valid_loss	11481.0405884
batch	10410	valid_loss	11474.3250122
batch	10440	valid_loss	11450.6624146
batch	10470	valid_loss	13540.6036377
batch	10500	valid_loss	11467.7946777
batch	10530	valid_loss	11654.6194458
batch	10560	valid_loss	11417.5579224
batch	10590	valid_loss	12013.5786133
batch	10620	valid_loss	11340.6904297
batch	10650	valid_loss	12916.6795654
batch	10680	valid_loss	11452.3306274
batch	10710	valid_loss	11331.1291504
batch	10740	valid_loss	11338.4960938
batch	10770	valid_loss	12422.5539551
batch	10800	valid_loss	11475.6478882
batch	10830	valid_loss	11372.3942261
batch	10860	valid_loss	12382.6773682
batch	10890	valid_loss	11394.4056396
batch	10920	valid_loss	11280.1790161
batch	10950	valid_loss	11265.3562012
batch	10980	valid_loss	11791.6862793
batch	11010	valid_loss	11271.2144165
batch	11040	valid_loss	11313.1148682
batch	11070	valid_loss	13964.7971191
batch	11100	valid_loss	11368.5096436
batch	11130	valid_loss	11153.6699219
batch	11160	valid_loss	11795.737915
batch	11190	valid_loss	11504.9223022
batch	11220	valid_loss	12196.3856201
batch	11250	valid_loss	11143.3502197
batch	11280	valid_loss	11113.8179932
batch	11310	valid_loss	13308.590332
batch	11340	valid_loss	11185.7269287
batch	11370	valid_loss	11105.1599731
batch	11400	valid_loss	11071.7790527
batch	11430	valid_loss	11100.1401978
batch	11460	valid_loss	11211.3552246
batch	11490	valid_loss	11100.6386719
batch	11520	valid_loss	11063.9683228
batch	11550	valid_loss	11816.4846191
batch	11580	valid_loss	11074.9561157
batch	11610	valid_loss	11061.2675171
batch	11640	valid_loss	11037.0234985
batch	11670	valid_loss	11555.1540527
batch	11700	valid_loss	11092.6193848
batch	11730	valid_loss	13655.9844971
batch	11760	valid_loss	11065.2791138
batch	11790	valid_loss	11026.0715942
batch	11820	valid_loss	10995.6817627
batch	11850	valid_loss	11334.59021
batch	11880	valid_loss	10916.3225708
batch	11910	valid_loss	10926.7565918
batch	11940	valid_loss	11654.3629761
batch	11970	valid_loss	10970.9658813
batch	12000	valid_loss	10922.4679565
batch	12030	valid_loss	11043.4849854
batch	12060	valid_loss	11707.1644897
batch	12090	valid_loss	10918.5321045
batch	12120	valid_loss	10847.5463257
batch	12150	valid_loss	10929.0460815
batch	12180	valid_loss	10902.305481
batch	12210	valid_loss	11184.6652832
batch	12240	valid_loss	10923.7319946
batch	12270	valid_loss	10906.9400635
batch	12300	valid_loss	10906.7843628
batch	12330	valid_loss	11652.581543
batch	12360	valid_loss	10869.7116699
batch	12390	valid_loss	10850.1539917
batch	12420	valid_loss	10959.0075684
batch	12450	valid_loss	11023.4932251
batch	12480	valid_loss	13807.2143555
batch	12510	valid_loss	10861.6104126
batch	12540	valid_loss	10826.1932373
batch	12570	valid_loss	10889.4400635
batch	12600	valid_loss	13133.5670166
batch	12630	valid_loss	10921.100647
batch	12660	valid_loss	10872.6055908
batch	12690	valid_loss	11020.4211426
batch	12720	valid_loss	10918.0906982
batch	12750	valid_loss	10813.6010132
batch	12780	valid_loss	11161.4911499
batch	12810	valid_loss	10766.6860962
batch	12840	valid_loss	10748.5088501
batch	12870	valid_loss	14679.2753906
batch	12900	valid_loss	10771.8981934
batch	12930	valid_loss	10735.6231689
batch	12960	valid_loss	10739.8237915
batch	12990	valid_loss	11450.1536255
batch	13020	valid_loss	10783.9472656
batch	13050	valid_loss	10758.2025146
batch	13080	valid_loss	12236.7999268
batch	13110	valid_loss	10959.9974976
batch	13140	valid_loss	10758.8391724
batch	13170	valid_loss	10730.479187
batch	13200	valid_loss	10747.6687012
batch	13230	valid_loss	12062.6295166
batch	13260	valid_loss	10679.4161377
batch	13290	valid_loss	10720.3178101
batch	13320	valid_loss	10705.994812
batch	13350	valid_loss	11461.6185303
batch	13380	valid_loss	10714.6791992
batch	13410	valid_loss	10912.2611084
batch	13440	valid_loss	10746.541687
batch	13470	valid_loss	10747.4907227
batch	13500	valid_loss	10923.824585
batch	13530	valid_loss	10893.1515503
batch	13560	valid_loss	10641.276001
batch	13590	valid_loss	10710.8725586
batch	13620	valid_loss	11241.3068237
batch	13650	valid_loss	10643.9778442
batch	13680	valid_loss	10622.7800903
batch	13710	valid_loss	11250.7012939
batch	13740	valid_loss	10906.2559814
batch	13770	valid_loss	10665.7868042
batch	13800	valid_loss	11131.024231
batch	13830	valid_loss	10851.2852173
batch	13860	valid_loss	10745.9179077
batch	13890	valid_loss	10872.416687
batch	13920	valid_loss	10682.3373413
batch	13950	valid_loss	10660.8997803
batch	13980	valid_loss	12037.8193359
batch	14010	valid_loss	10737.6762085
batch	14040	valid_loss	10591.0385132
batch	14070	valid_loss	10748.8984375
batch	14100	valid_loss	11096.9696045
batch	14130	valid_loss	10644.027832
batch	14160	valid_loss	10680.652832
batch	14190	valid_loss	10740.0007324
batch	14220	valid_loss	12548.3511963
batch	14250	valid_loss	10612.484375
batch	14280	valid_loss	10723.7153931
batch	14310	valid_loss	10657.7318726
batch	14340	valid_loss	10778.2142334
batch	14370	valid_loss	10596.3449707
batch	14400	valid_loss	10745.4171753
batch	14430	valid_loss	10614.7399292
batch	14460	valid_loss	10702.2025757
batch	14490	valid_loss	10644.5516968
batch	14520	valid_loss	10537.6813965
batch	14550	valid_loss	10794.0374146
batch	14580	valid_loss	10573.6523438
batch	14610	valid_loss	10656.7957153
batch	14640	valid_loss	10843.885498
batch	14670	valid_loss	10649.876709
batch	14700	valid_loss	10922.7661743
batch	14730	valid_loss	10621.0465698
batch	14760	valid_loss	10502.1933594
batch	14790	valid_loss	10482.8473511
batch	14820	valid_loss	15656.9388428
batch	14850	valid_loss	10654.1657715
batch	14880	valid_loss	10524.4200439
batch	14910	valid_loss	10592.227356
batch	14940	valid_loss	10520.22229
batch	14970	valid_loss	10778.1564331
batch	15000	valid_loss	10519.7120361
batch	15030	valid_loss	11132.0764771
batch	15060	valid_loss	10579.2286987
batch	15090	valid_loss	10561.4741211
batch	15120	valid_loss	10939.8035889
batch	15150	valid_loss	10634.2424316
batch	15180	valid_loss	13837.4080811
batch	15210	valid_loss	10505.2412109
batch	15240	valid_loss	10467.098877
batch	15270	valid_loss	10515.7922363
batch	15300	valid_loss	10561.2243652
batch	15330	valid_loss	10572.7247925
batch	15360	valid_loss	10850.8660889
batch	15390	valid_loss	10482.4699707
batch	15420	valid_loss	10493.946228
batch	15450	valid_loss	10483.7184448
batch	15480	valid_loss	10863.4205322
batch	15510	valid_loss	10520.1964111
batch	15540	valid_loss	10689.9629517
batch	15570	valid_loss	10783.5040894
batch	15600	valid_loss	10537.0209351
batch	15630	valid_loss	10490.3710327
batch	15660	valid_loss	11297.9745483
batch	15690	valid_loss	10487.1920166
batch	15720	valid_loss	10477.2568359
batch	15750	valid_loss	10482.168396
batch	15780	valid_loss	10954.5097656
batch	15810	valid_loss	10597.2591553
batch	15840	valid_loss	10527.9602051
batch	15870	valid_loss	10778.2809448
batch	15900	valid_loss	10490.1204834
batch	15930	valid_loss	13571.6584473
batch	15960	valid_loss	10452.920166
batch	15990	valid_loss	10433.1439209
batch	16020	valid_loss	10575.3492432
batch	16050	valid_loss	10559.5732422
batch	16080	valid_loss	10964.6755371
batch	16110	valid_loss	10527.324585
batch	16140	valid_loss	11465.4480591
batch	16170	valid_loss	10432.4004517
batch	16200	valid_loss	10447.8457642
batch	16230	valid_loss	10436.3999634
batch	16260	valid_loss	11812.0397949
batch	16290	valid_loss	10503.8461304
batch	16320	valid_loss	10386.7056274
batch	16350	valid_loss	10645.2099609
batch	16380	valid_loss	10413.9530029
batch	16410	valid_loss	10517.5666504
batch	16440	valid_loss	12171.1289062
batch	16470	valid_loss	10631.8201904
batch	16500	valid_loss	10487.1925049
batch	16530	valid_loss	11129.9277954
batch	16560	valid_loss	10425.6133423
batch	16590	valid_loss	11341.7979736
batch	16620	valid_loss	10471.8890381
batch	16650	valid_loss	12039.4182129
batch	16680	valid_loss	10505.8214111
batch	16710	valid_loss	10465.5344238
batch	16740	valid_loss	11944.3220215
batch	16770	valid_loss	10396.0900879
batch	16800	valid_loss	10378.0651855
batch	16830	valid_loss	11138.6296387
batch	16860	valid_loss	10598.0026245
batch	16890	valid_loss	11195.2689819
batch	16920	valid_loss	10458.2175903
batch	16950	valid_loss	11150.5090942
batch	16980	valid_loss	10576.397522
batch	17010	valid_loss	10389.7389526
batch	17040	valid_loss	10794.3378906
batch	17070	valid_loss	10364.2595215
batch	17100	valid_loss	10705.414978
batch	17130	valid_loss	10511.2971191
batch	17160	valid_loss	10650.4025269
batch	17190	valid_loss	10431.5713501
batch	17220	valid_loss	10540.2330933
batch	17250	valid_loss	10432.975647
batch	17280	valid_loss	11345.7626343
batch	17310	valid_loss	10441.6924438
batch	17340	valid_loss	10400.8313599
batch	17370	valid_loss	10518.2207031
batch	17400	valid_loss	10957.866333
batch	17430	valid_loss	10400.8010864
batch	17460	valid_loss	11380.5545044
batch	17490	valid_loss	10388.6604614
batch	17520	valid_loss	10840.2155762
batch	17550	valid_loss	10365.5377197
batch	17580	valid_loss	14644.0227051
batch	17610	valid_loss	10404.5819702
batch	17640	valid_loss	10304.604248
batch	17670	valid_loss	10337.5262451
batch	17700	valid_loss	10435.9209595
batch	17730	valid_loss	10357.5983276
batch	17760	valid_loss	10776.272644
batch	17790	valid_loss	10387.5222168
batch	17820	valid_loss	10352.5917358
batch	17850	valid_loss	12940.4058838
batch	17880	valid_loss	10409.5546875
batch	17910	valid_loss	10262.0074463
batch	17940	valid_loss	10318.199646
batch	17970	valid_loss	10358.4290771
batch	18000	valid_loss	11762.2706299
batch	18030	valid_loss	10560.1549072
batch	18060	valid_loss	10337.5719604
batch	18090	valid_loss	10359.0813599
batch	18120	valid_loss	10330.5058594
batch	18150	valid_loss	10465.6968384
batch	18180	valid_loss	10459.0463257
batch	18210	valid_loss	10368.3358765
batch	18240	valid_loss	12951.7008057
batch	18270	valid_loss	10396.5109863
batch	18300	valid_loss	10353.2579346
batch	18330	valid_loss	11916.6385498
batch	18360	valid_loss	10302.3985596
batch	18390	valid_loss	10443.519165
batch	18420	valid_loss	10567.3334961
batch	18450	valid_loss	10477.8716431
batch	18480	valid_loss	10458.2385864
batch	18510	valid_loss	10315.0378418
batch	18540	valid_loss	10560.1248779
batch	18570	valid_loss	10395.8122559
batch	18600	valid_loss	10349.178833
batch	18630	valid_loss	11160.2481079
batch	18660	valid_loss	10375.7297974
batch	18690	valid_loss	10377.5083618
batch	18720	valid_loss	10297.1953125
batch	18750	valid_loss	10433.2182617
batch	18780	valid_loss	10413.4636841
batch	18810	valid_loss	10322.3955078
batch	18840	valid_loss	10445.2747803
batch	18870	valid_loss	10838.5611572
batch	18900	valid_loss	10438.9884033
batch	18930	valid_loss	10962.9037476
batch	18960	valid_loss	10671.7765503
batch	18990	valid_loss	10734.624939
batch	19020	valid_loss	10537.0377197
batch	19050	valid_loss	10321.4674072
batch	19080	valid_loss	10945.6882324
batch	19110	valid_loss	10275.3543091
batch	19140	valid_loss	10310.6428223
batch	19170	valid_loss	11422.0513306
batch	19200	valid_loss	10317.6246338
batch	19230	valid_loss	10340.0811768
batch	19260	valid_loss	10455.069458
batch	19290	valid_loss	10285.6809692
batch	19320	valid_loss	10821.8883667
batch	19350	valid_loss	10312.032959
batch	19380	valid_loss	10283.5106812
batch	19410	valid_loss	12019.5031738
batch	19440	valid_loss	10263.5245972
batch	19470	valid_loss	10206.2215576
batch	19500	valid_loss	10251.6472168
batch	19530	valid_loss	12258.1517334
batch	19560	valid_loss	10337.4093628
batch	19590	valid_loss	10461.8644409
batch	19620	valid_loss	10296.65979
batch	19650	valid_loss	10830.8585815
batch	19680	valid_loss	10287.2173462
batch	19710	valid_loss	10624.9464111
batch	19740	valid_loss	10395.7948608
batch	19770	valid_loss	10541.753418
batch	19800	valid_loss	10381.2164917
batch	19830	valid_loss	10362.7154541
batch	19860	valid_loss	10266.427002
batch	19890	valid_loss	12351.5706787
batch	19920	valid_loss	10266.2533569
batch	19950	valid_loss	10247.6965942
batch	19980	valid_loss	10288.8423462
batch	20010	valid_loss	10640.6715698
batch	20040	valid_loss	10369.5965576
batch	20070	valid_loss	10271.6189575
batch	20100	valid_loss	10282.5524292
batch	20130	valid_loss	10331.8408203
batch	20160	valid_loss	10962.4388428
batch	20190	valid_loss	10220.4136963
batch	20220	valid_loss	10348.4260864
batch	20250	valid_loss	10617.3130493
batch	20280	valid_loss	10349.5093384
batch	20310	valid_loss	10341.9083252
batch	20340	valid_loss	11146.3275146
batch	20370	valid_loss	10270.972168
batch	20400	valid_loss	10315.6860352
batch	20430	valid_loss	10270.0753784
batch	20460	valid_loss	11923.1494141
batch	20490	valid_loss	10278.2819824
batch	20520	valid_loss	10575.0786133
batch	20550	valid_loss	10315.0969238
batch	20580	valid_loss	10478.7402344
batch	20610	valid_loss	10282.265625
batch	20640	valid_loss	10280.0557251
batch	20670	valid_loss	10369.8774414
batch	20700	valid_loss	11055.0410156
batch	20730	valid_loss	10272.3737183
batch	20760	valid_loss	11386.2459717
batch	20790	valid_loss	10381.0287476
batch	20820	valid_loss	10253.071167
batch	20850	valid_loss	10392.0534058
batch	20880	valid_loss	10262.8690186
batch	20910	valid_loss	10375.1008911
batch	20940	valid_loss	10504.5568237
batch	20970	valid_loss	10518.8639526
batch	21000	valid_loss	10328.8949585
batch	21030	valid_loss	10289.3013916
batch	21060	valid_loss	10386.7236328
batch	21090	valid_loss	10341.5924072
batch	21120	valid_loss	10626.5065918
batch	21150	valid_loss	10260.824585
batch	21180	valid_loss	10627.4929199
batch	21210	valid_loss	10302.5887451
batch	21240	valid_loss	10254.7325439
batch	21270	valid_loss	10298.6135254
batch	21300	valid_loss	10385.46698
batch	21330	valid_loss	10403.5228882
batch	21360	valid_loss	10314.3653564
batch	21390	valid_loss	10319.9378662
batch	21420	valid_loss	10623.7650757
batch	21450	valid_loss	10284.4324341
batch	21480	valid_loss	10344.368042
batch	21510	valid_loss	10337.5880737
batch	21540	valid_loss	10255.0548096
batch	21570	valid_loss	10244.8169556
batch	21600	valid_loss	11636.2073975
batch	21630	valid_loss	10267.5407715
batch	21660	valid_loss	10234.2559204
batch	21690	valid_loss	10290.036377
batch	21720	valid_loss	10817.2489624
batch	21750	valid_loss	10210.7520752
batch	21780	valid_loss	10303.2443237
batch	21810	valid_loss	10488.4507446
batch	21840	valid_loss	10300.7092896
batch	21870	valid_loss	10222.7145386
batch	21900	valid_loss	10372.7922363
batch	21930	valid_loss	10231.2839966
batch	21960	valid_loss	10296.2290649
batch	21990	valid_loss	10652.9179688
batch	22020	valid_loss	10284.3093262
batch	22050	valid_loss	10205.2129517
batch	22080	valid_loss	10628.6177979
batch	22110	valid_loss	10247.477417
batch	22140	valid_loss	12033.381958
batch	22170	valid_loss	10254.3216553
batch	22200	valid_loss	10225.7002563
batch	22230	valid_loss	11202.9220581
batch	22260	valid_loss	10198.9110107
batch	22290	valid_loss	10260.6512451
batch	22320	valid_loss	11436.1879883
batch	22350	valid_loss	10330.0367432
batch	22380	valid_loss	10244.3185425
batch	22410	valid_loss	10383.7945557
batch	22440	valid_loss	10237.4129028
batch	22470	valid_loss	10296.6875
batch	22500	valid_loss	10238.1710815
batch	22530	valid_loss	11125.6004639
batch	22560	valid_loss	10237.5087891
batch	22590	valid_loss	10451.2589722
batch	22620	valid_loss	10234.3262939
batch	22650	valid_loss	10984.7090454
batch	22680	valid_loss	10434.4553223
batch	22710	valid_loss	10375.7362671
batch	22740	valid_loss	10227.3417358
batch	22770	valid_loss	10442.4231567
batch	22800	valid_loss	10200.7329712
batch	22830	valid_loss	10278.1374512
batch	22860	valid_loss	10786.8737793
batch	22890	valid_loss	10325.9377441
batch	22920	valid_loss	10206.366333
batch	22950	valid_loss	11006.2653198
batch	22980	valid_loss	10348.8887329
batch	23010	valid_loss	10257.6681519
batch	23040	valid_loss	10409.0322266
batch	23070	valid_loss	10258.0617065
batch	23100	valid_loss	10255.2937622
batch	23130	valid_loss	10266.5252686
batch	23160	valid_loss	10689.3458252
batch	23190	valid_loss	10211.8314819
batch	23220	valid_loss	10451.1966553
batch	23250	valid_loss	10345.0754395
batch	23280	valid_loss	10461.7672119
batch	23310	valid_loss	10316.4152832
batch	23340	valid_loss	10401.0974731
batch	23370	valid_loss	10274.5672607
batch	23400	valid_loss	10363.8426514
batch	23430	valid_loss	10204.5206909
batch	23460	valid_loss	11045.8844604
batch	23490	valid_loss	10256.87677
batch	23520	valid_loss	10252.5280151
batch	23550	valid_loss	10875.909668
batch	23580	valid_loss	10385.503479
batch	23610	valid_loss	10156.413147
batch	23640	valid_loss	10430.2807007
batch	23670	valid_loss	10497.4962769
batch	23700	valid_loss	10339.7042236
batch	23730	valid_loss	10186.8139648
batch	23760	valid_loss	11835.0760498
batch	23790	valid_loss	10147.3406372
batch	23820	valid_loss	10174.7264404
batch	23850	valid_loss	10198.1825562
batch	23880	valid_loss	10490.3467407
batch	23910	valid_loss	10159.6184082
batch	23940	valid_loss	10234.4408569
batch	23970	valid_loss	10171.3169556
batch	24000	valid_loss	10275.2198486
batch	24030	valid_loss	10282.8251343
batch	24060	valid_loss	10179.2548218
batch	24090	valid_loss	10871.4226074
batch	24120	valid_loss	10258.6019897
batch	24150	valid_loss	10160.6373291
batch	24180	valid_loss	10217.3355103
batch	24210	valid_loss	10388.4450684
batch	24240	valid_loss	10180.6478271
batch	24270	valid_loss	10216.8083496
batch	24300	valid_loss	11680.8494873
batch	24330	valid_loss	10201.7905884
batch	24360	valid_loss	10158.7926636
batch	24390	valid_loss	10733.095459
batch	24420	valid_loss	10354.0853882
batch	24450	valid_loss	10243.147583
batch	24480	valid_loss	10383.6039429
batch	24510	valid_loss	10258.1193237
batch	24540	valid_loss	10582.7529297
batch	24570	valid_loss	10182.0365601
batch	24600	valid_loss	10145.9915771
batch	24630	valid_loss	10717.663208
batch	24660	valid_loss	10485.0775146
batch	24690	valid_loss	10346.7786255
batch	24720	valid_loss	10339.0703735
batch	24750	valid_loss	10249.2220459
batch	24780	valid_loss	10285.9711914
batch	24810	valid_loss	10658.4117432
batch	24840	valid_loss	10216.451416
batch	24870	valid_loss	10958.2191772
batch	24900	valid_loss	10237.9561157
batch	24930	valid_loss	10151.8313599
batch	24960	valid_loss	10581.7932129
batch	24990	valid_loss	10207.3450928
STOP
START
config	540	260	540	1140
batch	0	valid_loss	8285384.125
batch	30	valid_loss	154315.362305
batch	60	valid_loss	98737.1601562
batch	90	valid_loss	95939.7548828
batch	120	valid_loss	95766.9941406
batch	150	valid_loss	95793.1113281
batch	180	valid_loss	95734.8730469
batch	210	valid_loss	95663.5019531
batch	240	valid_loss	95589.3544922
batch	270	valid_loss	95483.0644531
batch	300	valid_loss	95326.7822266
batch	330	valid_loss	95081.7744141
batch	360	valid_loss	94605.4921875
batch	390	valid_loss	93772.175293
batch	420	valid_loss	92115.1225586
batch	450	valid_loss	90090.574707
batch	480	valid_loss	88472.3261719
batch	510	valid_loss	87420.4355469
batch	540	valid_loss	86737.8691406
batch	570	valid_loss	86220.2626953
batch	600	valid_loss	85723.7094727
batch	630	valid_loss	85283.7358398
batch	660	valid_loss	84711.2036133
batch	690	valid_loss	84147.9399414
batch	720	valid_loss	83457.7851562
batch	750	valid_loss	82672.1591797
batch	780	valid_loss	81635.2026367
batch	810	valid_loss	80653.8115234
batch	840	valid_loss	79525.3681641
batch	870	valid_loss	78527.5483398
batch	900	valid_loss	77258.9750977
batch	930	valid_loss	76165.0986328
batch	960	valid_loss	75077.6679688
batch	990	valid_loss	73867.3666992
batch	1020	valid_loss	72778.7817383
batch	1050	valid_loss	71554.0444336
batch	1080	valid_loss	70436.1376953
batch	1110	valid_loss	69205.1416016
batch	1140	valid_loss	68066.4355469
batch	1170	valid_loss	66891.796875
batch	1200	valid_loss	65673.8320312
batch	1230	valid_loss	64549.8452148
batch	1260	valid_loss	63594.4829102
batch	1290	valid_loss	62335.5776367
batch	1320	valid_loss	61345.2602539
batch	1350	valid_loss	60161.8530273
batch	1380	valid_loss	59107.7431641
batch	1410	valid_loss	57987.7753906
batch	1440	valid_loss	56897.2128906
batch	1470	valid_loss	55927.3881836
batch	1500	valid_loss	54950.1694336
batch	1530	valid_loss	53969.7158203
batch	1560	valid_loss	52989.3574219
batch	1590	valid_loss	52002.8432617
batch	1620	valid_loss	51115.0151367
batch	1650	valid_loss	50394.152832
batch	1680	valid_loss	49418.9912109
batch	1710	valid_loss	48864.3847656
batch	1740	valid_loss	47859.8681641
batch	1770	valid_loss	47000.4628906
batch	1800	valid_loss	46170.5991211
batch	1830	valid_loss	45460.309082
batch	1860	valid_loss	44689.395752
batch	1890	valid_loss	44082.0463867
batch	1920	valid_loss	43363.0874023
batch	1950	valid_loss	42611.7854004
batch	1980	valid_loss	42051.7568359
batch	2010	valid_loss	41349.2233887
batch	2040	valid_loss	40745.9538574
batch	2070	valid_loss	40050.909668
batch	2100	valid_loss	39557.7573242
batch	2130	valid_loss	38942.8310547
batch	2160	valid_loss	38353.8684082
batch	2190	valid_loss	37786.3161621
batch	2220	valid_loss	37314.1035156
batch	2250	valid_loss	36765.798584
batch	2280	valid_loss	36248.2631836
batch	2310	valid_loss	35744.3120117
batch	2340	valid_loss	35482.6135254
batch	2370	valid_loss	34851.5007324
batch	2400	valid_loss	34354.5134277
batch	2430	valid_loss	33932.2114258
batch	2460	valid_loss	33501.4804688
batch	2490	valid_loss	33107.1706543
batch	2520	valid_loss	33009.3461914
batch	2550	valid_loss	32272.9064941
batch	2580	valid_loss	31901.3508301
batch	2610	valid_loss	31528.723877
batch	2640	valid_loss	31330.5710449
batch	2670	valid_loss	30906.2751465
batch	2700	valid_loss	30446.1364746
batch	2730	valid_loss	30206.1098633
batch	2760	valid_loss	29826.4936523
batch	2790	valid_loss	30202.5917969
batch	2820	valid_loss	29209.3825684
batch	2850	valid_loss	28788.5922852
batch	2880	valid_loss	28500.0334473
batch	2910	valid_loss	28375.3876953
batch	2940	valid_loss	28066.6071777
batch	2970	valid_loss	27944.8554688
batch	3000	valid_loss	27485.1281738
batch	3030	valid_loss	27137.6166992
batch	3060	valid_loss	26913.6403809
batch	3090	valid_loss	26608.4753418
batch	3120	valid_loss	26477.2832031
batch	3150	valid_loss	26525.7312012
batch	3180	valid_loss	25942.348877
batch	3210	valid_loss	25689.0568848
batch	3240	valid_loss	25564.9675293
batch	3270	valid_loss	25327.4916992
batch	3300	valid_loss	25000.7836914
batch	3330	valid_loss	24702.3337402
batch	3360	valid_loss	25266.2817383
batch	3390	valid_loss	24256.3857422
batch	3420	valid_loss	24208.0727539
batch	3450	valid_loss	24163.5734863
batch	3480	valid_loss	23812.9675293
batch	3510	valid_loss	24795.4428711
batch	3540	valid_loss	23392.2589111
batch	3570	valid_loss	23223.4016113
batch	3600	valid_loss	22986.7369385
batch	3630	valid_loss	22987.9157715
batch	3660	valid_loss	22804.1687012
batch	3690	valid_loss	22453.1729736
batch	3720	valid_loss	22462.1414795
batch	3750	valid_loss	22304.0372314
batch	3780	valid_loss	22099.3415527
batch	3810	valid_loss	21900.3665771
batch	3840	valid_loss	21632.3709717
batch	3870	valid_loss	21637.947876
batch	3900	valid_loss	21842.4515381
batch	3930	valid_loss	21182.8214111
batch	3960	valid_loss	21014.6009521
batch	3990	valid_loss	21265.9986572
batch	4020	valid_loss	20815.6143799
batch	4050	valid_loss	20684.3969727
batch	4080	valid_loss	20577.652832
batch	4110	valid_loss	20556.777832
batch	4140	valid_loss	20319.4123535
batch	4170	valid_loss	20382.6749268
batch	4200	valid_loss	20116.4797363
batch	4230	valid_loss	19987.5802002
batch	4260	valid_loss	19813.3638916
batch	4290	valid_loss	20067.8046875
batch	4320	valid_loss	19519.6644287
batch	4350	valid_loss	19511.0643311
batch	4380	valid_loss	21152.6650391
batch	4410	valid_loss	19330.1542969
batch	4440	valid_loss	19204.6986084
batch	4470	valid_loss	19028.4746094
batch	4500	valid_loss	20455.1048584
batch	4530	valid_loss	18862.5887451
batch	4560	valid_loss	18732.5
batch	4590	valid_loss	18959.0535889
batch	4620	valid_loss	18568.7313232
batch	4650	valid_loss	18509.9105225
batch	4680	valid_loss	18621.7539062
batch	4710	valid_loss	18957.7911377
batch	4740	valid_loss	18172.5533447
batch	4770	valid_loss	18068.5633545
batch	4800	valid_loss	17967.0567627
batch	4830	valid_loss	18943.0374756
batch	4860	valid_loss	17934.9715576
batch	4890	valid_loss	17662.6953125
batch	4920	valid_loss	17624.3254395
batch	4950	valid_loss	17492.6604004
batch	4980	valid_loss	17427.9067383
batch	5010	valid_loss	17392.0437012
batch	5040	valid_loss	17408.1398926
batch	5070	valid_loss	17220.0119629
batch	5100	valid_loss	17383.5664062
batch	5130	valid_loss	17150.8500977
batch	5160	valid_loss	17189.8044434
batch	5190	valid_loss	16954.6208496
batch	5220	valid_loss	16976.7337646
batch	5250	valid_loss	16954.3978271
batch	5280	valid_loss	16781.0323486
batch	5310	valid_loss	16848.6834717
batch	5340	valid_loss	17095.2583008
batch	5370	valid_loss	16571.7567139
batch	5400	valid_loss	17212.2070312
batch	5430	valid_loss	16407.7283936
batch	5460	valid_loss	16290.5627441
batch	5490	valid_loss	17666.128418
batch	5520	valid_loss	16130.902832
batch	5550	valid_loss	16195.980835
batch	5580	valid_loss	17425.7946777
batch	5610	valid_loss	16163.8956299
batch	5640	valid_loss	16066.5306396
batch	5670	valid_loss	16040.3129883
batch	5700	valid_loss	16206.0384521
batch	5730	valid_loss	15950.1166992
batch	5760	valid_loss	15745.7189941
batch	5790	valid_loss	15730.1416016
batch	5820	valid_loss	15704.8040771
batch	5850	valid_loss	15845.7131348
batch	5880	valid_loss	15481.569458
batch	5910	valid_loss	15469.9645996
batch	5940	valid_loss	15507.6346436
batch	5970	valid_loss	15444.0682373
batch	6000	valid_loss	15287.7573242
batch	6030	valid_loss	15196.800415
batch	6060	valid_loss	15370.4185791
batch	6090	valid_loss	15345.5844727
batch	6120	valid_loss	15336.1975098
batch	6150	valid_loss	15126.0279541
batch	6180	valid_loss	15078.2102051
batch	6210	valid_loss	15619.1035156
batch	6240	valid_loss	14947.4179688
batch	6270	valid_loss	14928.918457
batch	6300	valid_loss	14821.7893066
batch	6330	valid_loss	15246.1171875
batch	6360	valid_loss	14734.1114502
batch	6390	valid_loss	14790.7617188
batch	6420	valid_loss	14785.980835
batch	6450	valid_loss	15230.6732178
batch	6480	valid_loss	14770.8150635
batch	6510	valid_loss	14532.1381836
batch	6540	valid_loss	14483.1658936
batch	6570	valid_loss	14679.7077637
batch	6600	valid_loss	14372.4967041
batch	6630	valid_loss	14377.4660645
batch	6660	valid_loss	14643.4229736
batch	6690	valid_loss	14559.079834
batch	6720	valid_loss	14337.6033936
batch	6750	valid_loss	14207.9058838
batch	6780	valid_loss	14242.2918701
batch	6810	valid_loss	14171.614624
batch	6840	valid_loss	14264.7392578
batch	6870	valid_loss	14097.0524902
batch	6900	valid_loss	14051.5172119
batch	6930	valid_loss	14598.050293
batch	6960	valid_loss	13918.12854
batch	6990	valid_loss	13854.6630859
batch	7020	valid_loss	13859.3665771
batch	7050	valid_loss	13927.9306641
batch	7080	valid_loss	17512.8416748
batch	7110	valid_loss	13880.8425293
batch	7140	valid_loss	13757.7259521
batch	7170	valid_loss	13700.3104248
batch	7200	valid_loss	13668.0091553
batch	7230	valid_loss	14098.7319336
batch	7260	valid_loss	13661.8752441
batch	7290	valid_loss	13497.7321777
batch	7320	valid_loss	14960.4932861
batch	7350	valid_loss	13541.0430908
batch	7380	valid_loss	13429.4869385
batch	7410	valid_loss	13378.5102539
batch	7440	valid_loss	13413.7316895
batch	7470	valid_loss	13950.2736816
batch	7500	valid_loss	13314.3017578
batch	7530	valid_loss	13326.9002686
batch	7560	valid_loss	13254.9418945
batch	7590	valid_loss	13316.4144287
batch	7620	valid_loss	13615.083374
batch	7650	valid_loss	13181.0300293
batch	7680	valid_loss	13187.3273926
batch	7710	valid_loss	14117.4104004
batch	7740	valid_loss	13132.9611816
batch	7770	valid_loss	13093.888916
batch	7800	valid_loss	13079.2756348
batch	7830	valid_loss	13756.699707
batch	7860	valid_loss	13059.2000732
batch	7890	valid_loss	13028.9331055
batch	7920	valid_loss	13138.0756836
batch	7950	valid_loss	12986.0845947
batch	7980	valid_loss	12986.2644043
batch	8010	valid_loss	14961.3864746
batch	8040	valid_loss	12860.0167236
batch	8070	valid_loss	12836.4130859
batch	8100	valid_loss	12832.6502686
batch	8130	valid_loss	12933.5455322
batch	8160	valid_loss	13104.6281738
batch	8190	valid_loss	12719.5303955
batch	8220	valid_loss	12781.2893066
batch	8250	valid_loss	13014.6573486
batch	8280	valid_loss	12813.4680176
batch	8310	valid_loss	13036.3260498
batch	8340	valid_loss	12776.8575439
batch	8370	valid_loss	13021.2280273
batch	8400	valid_loss	12580.9451904
batch	8430	valid_loss	12558.3527832
batch	8460	valid_loss	13576.3261719
batch	8490	valid_loss	12562.7757568
batch	8520	valid_loss	12447.7032471
batch	8550	valid_loss	12373.3964844
batch	8580	valid_loss	12423.1312256
batch	8610	valid_loss	13791.460083
batch	8640	valid_loss	12460.8571777
batch	8670	valid_loss	12431.7817383
batch	8700	valid_loss	12390.7926025
batch	8730	valid_loss	12318.0187988
batch	8760	valid_loss	13537.0046387
batch	8790	valid_loss	12359.1152344
batch	8820	valid_loss	12272.5157471
batch	8850	valid_loss	15974.7729492
batch	8880	valid_loss	12229.1547852
batch	8910	valid_loss	12200.1289062
batch	8940	valid_loss	12141.1385498
batch	8970	valid_loss	12639.3757324
batch	9000	valid_loss	12100.6907959
batch	9030	valid_loss	12155.4171143
batch	9060	valid_loss	12399.1744385
batch	9090	valid_loss	12162.057251
batch	9120	valid_loss	12043.5350342
batch	9150	valid_loss	12520.6762695
batch	9180	valid_loss	11944.2033691
batch	9210	valid_loss	11964.6337891
batch	9240	valid_loss	11976.5058594
batch	9270	valid_loss	12580.1053467
batch	9300	valid_loss	11948.024292
batch	9330	valid_loss	11904.3544922
batch	9360	valid_loss	11972.3205566
batch	9390	valid_loss	14126.4669189
batch	9420	valid_loss	11872.4129639
batch	9450	valid_loss	11903.9022217
batch	9480	valid_loss	11848.3669434
batch	9510	valid_loss	11824.9141846
batch	9540	valid_loss	12052.409668
batch	9570	valid_loss	11831.3449707
batch	9600	valid_loss	11747.2055664
batch	9630	valid_loss	11853.1849365
batch	9660	valid_loss	12040.430542
batch	9690	valid_loss	11708.3798828
batch	9720	valid_loss	11672.4118652
batch	9750	valid_loss	11723.710022
batch	9780	valid_loss	14346.065918
batch	9810	valid_loss	11817.0775146
batch	9840	valid_loss	11687.7402954
batch	9870	valid_loss	11642.9414673
batch	9900	valid_loss	12467.0827637
batch	9930	valid_loss	11565.1175537
batch	9960	valid_loss	11709.5994873
batch	9990	valid_loss	11668.6832886
batch	10020	valid_loss	11710.6442871
batch	10050	valid_loss	11659.6245117
batch	10080	valid_loss	11516.1623535
batch	10110	valid_loss	11751.0750732
batch	10140	valid_loss	11652.9554443
batch	10170	valid_loss	11550.9905396
batch	10200	valid_loss	14308.2409668
batch	10230	valid_loss	11609.5877075
batch	10260	valid_loss	11435.2174683
batch	10290	valid_loss	11475.3128052
batch	10320	valid_loss	11984.6977539
batch	10350	valid_loss	11535.4520264
batch	10380	valid_loss	11361.1412964
batch	10410	valid_loss	11447.4885864
batch	10440	valid_loss	11864.7163086
batch	10470	valid_loss	11455.6689453
batch	10500	valid_loss	11320.6752319
batch	10530	valid_loss	11321.984436
batch	10560	valid_loss	11257.343811
batch	10590	valid_loss	14034.5266113
batch	10620	valid_loss	11259.3247681
batch	10650	valid_loss	11315.6397705
batch	10680	valid_loss	11301.2032471
batch	10710	valid_loss	11740.0825195
batch	10740	valid_loss	11347.4567261
batch	10770	valid_loss	11387.8656006
batch	10800	valid_loss	12525.0668945
batch	10830	valid_loss	11281.6650391
batch	10860	valid_loss	11304.1358032
batch	10890	valid_loss	11633.6534424
batch	10920	valid_loss	11307.1419067
batch	10950	valid_loss	11202.2727661
batch	10980	valid_loss	11311.9970093
batch	11010	valid_loss	12162.5070801
batch	11040	valid_loss	11202.5568237
batch	11070	valid_loss	12044.0855713
batch	11100	valid_loss	11334.1129761
batch	11130	valid_loss	11154.6052246
batch	11160	valid_loss	11431.9764404
batch	11190	valid_loss	11174.9535522
batch	11220	valid_loss	11093.8868408
batch	11250	valid_loss	11124.5471191
batch	11280	valid_loss	11507.0881348
batch	11310	valid_loss	11121.744812
batch	11340	valid_loss	11172.0819092
batch	11370	valid_loss	11945.2078857
batch	11400	valid_loss	11140.6470337
batch	11430	valid_loss	11069.4238281
batch	11460	valid_loss	11513.6790161
batch	11490	valid_loss	10987.5636597
batch	11520	valid_loss	11819.0946045
batch	11550	valid_loss	11113.9109497
batch	11580	valid_loss	11096.0114136
batch	11610	valid_loss	11126.2062988
batch	11640	valid_loss	11194.277832
batch	11670	valid_loss	10943.1936646
batch	11700	valid_loss	11051.6312866
batch	11730	valid_loss	11101.0219116
batch	11760	valid_loss	10989.5258789
batch	11790	valid_loss	11160.7374878
batch	11820	valid_loss	11014.2880249
batch	11850	valid_loss	10983.5247803
batch	11880	valid_loss	12952.1394043
batch	11910	valid_loss	10982.1854858
batch	11940	valid_loss	10925.814209
batch	11970	valid_loss	11201.7178955
batch	12000	valid_loss	11660.5754395
batch	12030	valid_loss	11002.5875244
batch	12060	valid_loss	11015.8571167
batch	12090	valid_loss	10996.5582275
batch	12120	valid_loss	11484.4210815
batch	12150	valid_loss	10931.4511108
batch	12180	valid_loss	10877.3817139
batch	12210	valid_loss	11242.6467285
batch	12240	valid_loss	11114.2385254
batch	12270	valid_loss	10889.3502197
batch	12300	valid_loss	10889.5287476
batch	12330	valid_loss	10812.5234375
batch	12360	valid_loss	11347.3045044
batch	12390	valid_loss	10845.0020142
batch	12420	valid_loss	10826.5789185
batch	12450	valid_loss	11076.5608521
batch	12480	valid_loss	10988.7487793
batch	12510	valid_loss	10877.8421631
batch	12540	valid_loss	10906.6742554
batch	12570	valid_loss	11106.9728394
batch	12600	valid_loss	10941.9978027
batch	12630	valid_loss	10951.9078979
batch	12660	valid_loss	11028.5909424
batch	12690	valid_loss	10778.5479126
batch	12720	valid_loss	11268.1691284
batch	12750	valid_loss	10885.9473267
batch	12780	valid_loss	10786.6312866
batch	12810	valid_loss	11007.3236084
batch	12840	valid_loss	10921.822998
batch	12870	valid_loss	10994.8500366
batch	12900	valid_loss	10751.196167
batch	12930	valid_loss	11641.2276001
batch	12960	valid_loss	10807.1327515
batch	12990	valid_loss	11176.088623
batch	13020	valid_loss	10897.1491089
batch	13050	valid_loss	10737.0841064
batch	13080	valid_loss	10945.8255005
batch	13110	valid_loss	10974.0479126
batch	13140	valid_loss	11021.6734619
batch	13170	valid_loss	10745.5306396
batch	13200	valid_loss	11661.3567505
batch	13230	valid_loss	10771.5708008
batch	13260	valid_loss	10723.8604736
batch	13290	valid_loss	12459.8922119
batch	13320	valid_loss	10782.3357544
batch	13350	valid_loss	10724.5360718
batch	13380	valid_loss	10831.2573853
batch	13410	valid_loss	11042.6062012
batch	13440	valid_loss	10723.4900513
batch	13470	valid_loss	10675.9816284
batch	13500	valid_loss	13123.4173584
batch	13530	valid_loss	10779.0413208
batch	13560	valid_loss	10700.2938232
batch	13590	valid_loss	10679.3652344
batch	13620	valid_loss	12033.8365479
batch	13650	valid_loss	10722.7177734
batch	13680	valid_loss	10590.8546143
batch	13710	valid_loss	10691.9555664
batch	13740	valid_loss	11045.0499878
batch	13770	valid_loss	10921.418396
batch	13800	valid_loss	10681.9970703
batch	13830	valid_loss	10934.4127808
batch	13860	valid_loss	10794.7036133
batch	13890	valid_loss	10750.3686523
batch	13920	valid_loss	10713.6271362
batch	13950	valid_loss	10937.8300781
batch	13980	valid_loss	10856.9789429
batch	14010	valid_loss	10654.6674194
batch	14040	valid_loss	10656.616272
batch	14070	valid_loss	11324.3063354
batch	14100	valid_loss	10651.1577148
batch	14130	valid_loss	10653.1068726
batch	14160	valid_loss	10907.7852173
batch	14190	valid_loss	10611.0983887
batch	14220	valid_loss	10658.3175049
batch	14250	valid_loss	10619.6574707
batch	14280	valid_loss	10836.0229492
batch	14310	valid_loss	10842.6699219
batch	14340	valid_loss	10630.5452881
batch	14370	valid_loss	10747.6894531
batch	14400	valid_loss	10842.6934814
batch	14430	valid_loss	10654.7930908
batch	14460	valid_loss	10946.4320679
batch	14490	valid_loss	11238.0614624
batch	14520	valid_loss	10621.1066284
batch	14550	valid_loss	12239.6540527
batch	14580	valid_loss	10608.2545166
batch	14610	valid_loss	10527.8529663
batch	14640	valid_loss	11119.1590576
batch	14670	valid_loss	10851.5384521
batch	14700	valid_loss	10603.1916504
batch	14730	valid_loss	10569.87146
batch	14760	valid_loss	10564.2180786
batch	14790	valid_loss	10832.8695068
batch	14820	valid_loss	10666.8590088
batch	14850	valid_loss	10806.2693481
batch	14880	valid_loss	10671.7471924
batch	14910	valid_loss	10646.8959961
batch	14940	valid_loss	11944.4844971
batch	14970	valid_loss	10560.5111084
batch	15000	valid_loss	10589.5200195
batch	15030	valid_loss	10905.7689209
batch	15060	valid_loss	10723.0565796
batch	15090	valid_loss	10562.3364258
batch	15120	valid_loss	10553.0146484
batch	15150	valid_loss	11189.0184937
batch	15180	valid_loss	10680.524292
batch	15210	valid_loss	10512.0849609
batch	15240	valid_loss	10481.3550415
batch	15270	valid_loss	10562.5137329
batch	15300	valid_loss	10859.8574219
batch	15330	valid_loss	10536.2247314
batch	15360	valid_loss	10553.8417358
batch	15390	valid_loss	10536.2459106
batch	15420	valid_loss	15093.8438721
batch	15450	valid_loss	10576.3583374
batch	15480	valid_loss	10522.9619751
batch	15510	valid_loss	10510.913269
batch	15540	valid_loss	10518.7728882
batch	15570	valid_loss	11915.6593018
batch	15600	valid_loss	10580.1380615
batch	15630	valid_loss	10513.1433716
batch	15660	valid_loss	10543.6217041
batch	15690	valid_loss	10985.0609741
batch	15720	valid_loss	10696.1585083
batch	15750	valid_loss	10482.2224731
batch	15780	valid_loss	10785.1915894
batch	15810	valid_loss	10536.4859009
batch	15840	valid_loss	10759.7822266
batch	15870	valid_loss	10499.1401367
batch	15900	valid_loss	10581.5124512
batch	15930	valid_loss	11705.0941162
batch	15960	valid_loss	10570.8173828
batch	15990	valid_loss	10570.2804565
batch	16020	valid_loss	11903.5778809
batch	16050	valid_loss	10507.8212891
batch	16080	valid_loss	10533.5636597
batch	16110	valid_loss	10573.7902222
batch	16140	valid_loss	10532.6403809
batch	16170	valid_loss	10757.7034912
batch	16200	valid_loss	10668.6885376
batch	16230	valid_loss	10484.7619019
batch	16260	valid_loss	10534.3751831
batch	16290	valid_loss	10708.5668335
batch	16320	valid_loss	10537.708252
batch	16350	valid_loss	10539.0800171
batch	16380	valid_loss	10482.6635132
batch	16410	valid_loss	10873.5603027
batch	16440	valid_loss	10443.4268188
batch	16470	valid_loss	10413.3413086
batch	16500	valid_loss	10471.9038086
batch	16530	valid_loss	10503.8357544
batch	16560	valid_loss	10621.3652954
batch	16590	valid_loss	10558.4936523
batch	16620	valid_loss	10471.809082
batch	16650	valid_loss	12287.196167
batch	16680	valid_loss	10483.0164795
batch	16710	valid_loss	10530.0681763
batch	16740	valid_loss	10567.2087402
batch	16770	valid_loss	10426.7436523
batch	16800	valid_loss	13639.7415771
batch	16830	valid_loss	10557.4314575
batch	16860	valid_loss	10414.8023071
batch	16890	valid_loss	10518.2797241
batch	16920	valid_loss	10468.9071655
batch	16950	valid_loss	11434.4046021
batch	16980	valid_loss	10458.7803345
batch	17010	valid_loss	10497.3966064
batch	17040	valid_loss	10559.7904663
batch	17070	valid_loss	10563.1416016
batch	17100	valid_loss	10789.4192505
batch	17130	valid_loss	10559.6596069
batch	17160	valid_loss	10488.0709229
batch	17190	valid_loss	10488.199585
batch	17220	valid_loss	12757.7716064
batch	17250	valid_loss	10640.0942993
batch	17280	valid_loss	10433.6299438
batch	17310	valid_loss	10420.1572266
batch	17340	valid_loss	10631.1170654
batch	17370	valid_loss	10733.7190552
batch	17400	valid_loss	10451.640686
batch	17430	valid_loss	10482.1200562
batch	17460	valid_loss	10505.2240601
batch	17490	valid_loss	11386.0901489
batch	17520	valid_loss	10468.8845825
batch	17550	valid_loss	10682.5758667
batch	17580	valid_loss	10462.6995239
batch	17610	valid_loss	10416.3161621
batch	17640	valid_loss	10462.8025513
batch	17670	valid_loss	10887.78302
batch	17700	valid_loss	10433.6817627
batch	17730	valid_loss	10453.5298462
batch	17760	valid_loss	11210.2953491
batch	17790	valid_loss	10407.3803711
batch	17820	valid_loss	11887.5803223
batch	17850	valid_loss	10467.7267456
batch	17880	valid_loss	10378.3981323
batch	17910	valid_loss	10482.2110596
batch	17940	valid_loss	10405.913208
batch	17970	valid_loss	11389.6074219
batch	18000	valid_loss	10496.576416
batch	18030	valid_loss	10356.25177
batch	18060	valid_loss	10457.6708984
batch	18090	valid_loss	10428.8192139
batch	18120	valid_loss	11634.6100464
batch	18150	valid_loss	10526.2069702
batch	18180	valid_loss	10363.0654297
batch	18210	valid_loss	10369.460144
batch	18240	valid_loss	10433.8310547
batch	18270	valid_loss	11004.979187
batch	18300	valid_loss	10436.4044189
batch	18330	valid_loss	10517.2258301
batch	18360	valid_loss	10442.6231079
batch	18390	valid_loss	10535.7062988
batch	18420	valid_loss	10414.1283569
batch	18450	valid_loss	10464.1046753
batch	18480	valid_loss	10478.1138306
batch	18510	valid_loss	10413.7169189
batch	18540	valid_loss	10579.9912109
batch	18570	valid_loss	10363.22052
batch	18600	valid_loss	12396.4544678
batch	18630	valid_loss	10356.7643433
batch	18660	valid_loss	10390.2328491
batch	18690	valid_loss	10400.5675659
batch	18720	valid_loss	10908.1016846
batch	18750	valid_loss	10366.5786743
batch	18780	valid_loss	10427.4394531
batch	18810	valid_loss	11775.6843262
batch	18840	valid_loss	10394.8051758
batch	18870	valid_loss	10440.6098633
batch	18900	valid_loss	10597.4177856
batch	18930	valid_loss	10499.8165894
batch	18960	valid_loss	10752.7468872
batch	18990	valid_loss	10376.5759888
batch	19020	valid_loss	10375.3004761
batch	19050	valid_loss	11391.3654785
batch	19080	valid_loss	10426.9428711
batch	19110	valid_loss	10671.5896606
batch	19140	valid_loss	10447.1986084
batch	19170	valid_loss	10351.1437988
batch	19200	valid_loss	10350.5692749
batch	19230	valid_loss	10902.1588135
batch	19260	valid_loss	10381.7266846
batch	19290	valid_loss	10344.5502319
batch	19320	valid_loss	10834.3947754
batch	19350	valid_loss	10428.1543579
batch	19380	valid_loss	10876.0579834
batch	19410	valid_loss	10558.9384766
batch	19440	valid_loss	10312.0200195
batch	19470	valid_loss	10301.8292236
batch	19500	valid_loss	10315.1046753
batch	19530	valid_loss	11079.3835449
batch	19560	valid_loss	10347.2272949
batch	19590	valid_loss	10336.1002808
batch	19620	valid_loss	11082.793457
batch	19650	valid_loss	10357.5422974
batch	19680	valid_loss	10354.2302246
batch	19710	valid_loss	11733.5727539
batch	19740	valid_loss	10329.1930542
batch	19770	valid_loss	10300.7661743
batch	19800	valid_loss	10310.9660034
batch	19830	valid_loss	10383.5494385
batch	19860	valid_loss	10343.2838135
batch	19890	valid_loss	10451.4105225
batch	19920	valid_loss	10327.4970093
batch	19950	valid_loss	15832.5389404
batch	19980	valid_loss	10326.4541626
batch	20010	valid_loss	10301.9466553
batch	20040	valid_loss	10321.177002
batch	20070	valid_loss	10403.868103
batch	20100	valid_loss	10796.6949463
batch	20130	valid_loss	10362.9760742
batch	20160	valid_loss	10348.6976318
batch	20190	valid_loss	10449.513916
batch	20220	valid_loss	10344.7073975
batch	20250	valid_loss	10568.6634521
batch	20280	valid_loss	10400.4176636
batch	20310	valid_loss	10378.7875366
batch	20340	valid_loss	10332.0385132
batch	20370	valid_loss	10354.1306763
batch	20400	valid_loss	11292.5860596
batch	20430	valid_loss	10349.5211792
batch	20460	valid_loss	10865.2926025
batch	20490	valid_loss	10552.2865601
batch	20520	valid_loss	10395.1465454
batch	20550	valid_loss	10308.6921387
batch	20580	valid_loss	10845.7408447
batch	20610	valid_loss	10286.3880005
batch	20640	valid_loss	10335.5465698
batch	20670	valid_loss	10536.0435181
batch	20700	valid_loss	10566.0526733
batch	20730	valid_loss	10321.3286133
batch	20760	valid_loss	10346.8346558
batch	20790	valid_loss	10765.081543
batch	20820	valid_loss	10398.7912598
batch	20850	valid_loss	10280.8886108
batch	20880	valid_loss	17005.4991455
batch	20910	valid_loss	10446.866394
batch	20940	valid_loss	10263.843689
batch	20970	valid_loss	10304.2824097
batch	21000	valid_loss	10278.2808228
batch	21030	valid_loss	10388.5773926
batch	21060	valid_loss	10388.1138916
batch	21090	valid_loss	10408.4517822
batch	21120	valid_loss	10534.7628174
batch	21150	valid_loss	10298.3704834
batch	21180	valid_loss	10364.4649048
batch	21210	valid_loss	10423.4022827
batch	21240	valid_loss	10369.3665771
batch	21270	valid_loss	10388.5876465
batch	21300	valid_loss	10297.5721436
batch	21330	valid_loss	10583.9000854
batch	21360	valid_loss	10276.9241943
batch	21390	valid_loss	10353.0496826
batch	21420	valid_loss	10291.4452515
batch	21450	valid_loss	10321.4957886
batch	21480	valid_loss	10780.0171509
batch	21510	valid_loss	10301.1349487
batch	21540	valid_loss	10316.9978027
batch	21570	valid_loss	10340.916687
batch	21600	valid_loss	10528.3779297
batch	21630	valid_loss	10858.5130005
batch	21660	valid_loss	10505.1599731
batch	21690	valid_loss	10352.1053467
batch	21720	valid_loss	12386.5412598
batch	21750	valid_loss	10300.4718628
batch	21780	valid_loss	10271.8638916
batch	21810	valid_loss	10604.1987915
batch	21840	valid_loss	10307.8615723
batch	21870	valid_loss	10278.1331787
batch	21900	valid_loss	10609.1643677
batch	21930	valid_loss	10438.9364624
batch	21960	valid_loss	10439.9239502
batch	21990	valid_loss	10363.7800903
batch	22020	valid_loss	10282.8352661
batch	22050	valid_loss	10355.9049683
batch	22080	valid_loss	10358.4450684
batch	22110	valid_loss	10918.097229
batch	22140	valid_loss	10320.6439209
batch	22170	valid_loss	10478.9035645
batch	22200	valid_loss	10347.166748
batch	22230	valid_loss	10336.5534668
batch	22260	valid_loss	10365.109375
batch	22290	valid_loss	10417.3895874
batch	22320	valid_loss	10248.6372681
batch	22350	valid_loss	10337.1453247
batch	22380	valid_loss	10359.8250122
batch	22410	valid_loss	10366.1043701
batch	22440	valid_loss	10410.2114868
batch	22470	valid_loss	10310.4637451
batch	22500	valid_loss	10913.9996338
batch	22530	valid_loss	10297.3684692
batch	22560	valid_loss	10280.1896973
batch	22590	valid_loss	10566.3482666
batch	22620	valid_loss	10245.7605591
batch	22650	valid_loss	10336.9799194
batch	22680	valid_loss	10312.5304565
batch	22710	valid_loss	10260.9085083
batch	22740	valid_loss	10312.8551636
batch	22770	valid_loss	10370.8028564
batch	22800	valid_loss	10226.3172607
batch	22830	valid_loss	10304.4448853
batch	22860	valid_loss	10746.1738892
batch	22890	valid_loss	10388.166687
batch	22920	valid_loss	10238.8890381
batch	22950	valid_loss	10349.343811
batch	22980	valid_loss	10552.2161865
batch	23010	valid_loss	10251.6002197
batch	23040	valid_loss	10371.1763306
batch	23070	valid_loss	10383.265564
batch	23100	valid_loss	10311.5913696
batch	23130	valid_loss	10491.7319946
batch	23160	valid_loss	10318.4331055
batch	23190	valid_loss	10530.3432007
batch	23220	valid_loss	10452.9298706
batch	23250	valid_loss	10311.3878174
batch	23280	valid_loss	11750.0168457
batch	23310	valid_loss	10280.291626
batch	23340	valid_loss	10257.6917114
batch	23370	valid_loss	10253.7816162
batch	23400	valid_loss	10848.038147
batch	23430	valid_loss	10243.3444824
batch	23460	valid_loss	10258.9309692
batch	23490	valid_loss	10299.473877
batch	23520	valid_loss	10283.8660889
batch	23550	valid_loss	10329.760498
batch	23580	valid_loss	10400.4185181
batch	23610	valid_loss	10672.0910034
batch	23640	valid_loss	10295.9983521
batch	23670	valid_loss	10227.1557617
batch	23700	valid_loss	10712.1744995
batch	23730	valid_loss	10251.7207031
batch	23760	valid_loss	10395.0863647
batch	23790	valid_loss	10533.0317993
batch	23820	valid_loss	10748.7548828
batch	23850	valid_loss	10503.414856
batch	23880	valid_loss	10255.4234009
batch	23910	valid_loss	10493.7579346
batch	23940	valid_loss	10255.2648926
batch	23970	valid_loss	10209.3771362
batch	24000	valid_loss	11140.6942139
batch	24030	valid_loss	10282.8049927
batch	24060	valid_loss	10256.7220459
batch	24090	valid_loss	10260.4058838
batch	24120	valid_loss	10319.5935059
batch	24150	valid_loss	10277.7264404
batch	24180	valid_loss	10215.6106567
batch	24210	valid_loss	10280.1454468
batch	24240	valid_loss	10619.4190674
batch	24270	valid_loss	10232.4259033
batch	24300	valid_loss	10271.8773804
batch	24330	valid_loss	10416.8483887
batch	24360	valid_loss	10338.21698
batch	24390	valid_loss	10299.1642456
batch	24420	valid_loss	11062.9976807
batch	24450	valid_loss	10307.0340576
batch	24480	valid_loss	10215.5914307
batch	24510	valid_loss	10408.3961792
batch	24540	valid_loss	10474.3712769
batch	24570	valid_loss	10209.5313721
batch	24600	valid_loss	10193.1845093
batch	24630	valid_loss	10364.1873169
batch	24660	valid_loss	10283.6453857
batch	24690	valid_loss	10555.2399292
batch	24720	valid_loss	10234.2999268
batch	24750	valid_loss	10250.3091431
batch	24780	valid_loss	10301.1185913
batch	24810	valid_loss	10483.6144409
batch	24840	valid_loss	10322.7285767
batch	24870	valid_loss	10219.7406616
batch	24900	valid_loss	11549.4033203
batch	24930	valid_loss	10243.567627
batch	24960	valid_loss	10207.4856567
batch	24990	valid_loss	10251.3674927
STOP
