START
config	520	40	520	960
batch	0	valid_loss	6881053.625
batch	30	valid_loss	195248.806641
batch	60	valid_loss	104664.27832
batch	90	valid_loss	100091.714844
batch	120	valid_loss	99926.765625
batch	150	valid_loss	99765.9326172
batch	180	valid_loss	99696.1699219
batch	210	valid_loss	99616.2802734
batch	240	valid_loss	99455.0888672
batch	270	valid_loss	99183.8398438
batch	300	valid_loss	98791.1269531
batch	330	valid_loss	97991.015625
batch	360	valid_loss	96997.8525391
batch	390	valid_loss	95632.7685547
batch	420	valid_loss	94119.3369141
batch	450	valid_loss	92535.449707
batch	480	valid_loss	91426.2724609
batch	510	valid_loss	90702.6162109
batch	540	valid_loss	90364.3149414
batch	570	valid_loss	89967.6582031
batch	600	valid_loss	89691.1035156
batch	630	valid_loss	89174.8071289
batch	660	valid_loss	88732.9052734
batch	690	valid_loss	88425.1953125
batch	720	valid_loss	87905.0400391
batch	750	valid_loss	87406.4204102
batch	780	valid_loss	86922.2924805
batch	810	valid_loss	86333.5683594
batch	840	valid_loss	85686.5947266
batch	870	valid_loss	85291.894043
batch	900	valid_loss	84681.8525391
batch	930	valid_loss	84022.9848633
batch	960	valid_loss	83341.4228516
batch	990	valid_loss	82844.9794922
batch	1020	valid_loss	82123.7255859
batch	1050	valid_loss	81409.0498047
batch	1080	valid_loss	80773.9086914
batch	1110	valid_loss	80031.5834961
batch	1140	valid_loss	79326.003418
batch	1170	valid_loss	78741.4150391
batch	1200	valid_loss	78141.3955078
batch	1230	valid_loss	77533.9077148
batch	1260	valid_loss	76865.2036133
batch	1290	valid_loss	76171.8588867
batch	1320	valid_loss	75639.9716797
batch	1350	valid_loss	74902.0917969
batch	1380	valid_loss	74338.6367188
batch	1410	valid_loss	73796.5
batch	1440	valid_loss	73290.0947266
batch	1470	valid_loss	72632.6118164
batch	1500	valid_loss	72250.128418
batch	1530	valid_loss	71574.5107422
batch	1560	valid_loss	71176.7133789
batch	1590	valid_loss	70635.1162109
batch	1620	valid_loss	70254.2236328
batch	1650	valid_loss	69731.7451172
batch	1680	valid_loss	69352.9438477
batch	1710	valid_loss	69116.5688477
batch	1740	valid_loss	68629.1523438
batch	1770	valid_loss	68283.4033203
batch	1800	valid_loss	67881.6962891
batch	1830	valid_loss	67521.7260742
batch	1860	valid_loss	67281.2382812
batch	1890	valid_loss	66842.1074219
batch	1920	valid_loss	66603.9399414
batch	1950	valid_loss	66303.3574219
batch	1980	valid_loss	66046.480957
batch	2010	valid_loss	65668.4692383
batch	2040	valid_loss	65373.6191406
batch	2070	valid_loss	65257.9560547
batch	2100	valid_loss	65105.6176758
batch	2130	valid_loss	64867.7724609
batch	2160	valid_loss	64393.6220703
batch	2190	valid_loss	64164.1557617
batch	2220	valid_loss	63926.28125
batch	2250	valid_loss	63907.3974609
batch	2280	valid_loss	63550.8261719
batch	2310	valid_loss	63459.7202148
batch	2340	valid_loss	63281.4599609
batch	2370	valid_loss	63006.2041016
batch	2400	valid_loss	62782.125
batch	2430	valid_loss	62664.5742188
batch	2460	valid_loss	62454.828125
batch	2490	valid_loss	62248.9589844
batch	2520	valid_loss	62088.4306641
batch	2550	valid_loss	61978.9799805
batch	2580	valid_loss	61684.355957
batch	2610	valid_loss	61628.6538086
batch	2640	valid_loss	61448.2983398
batch	2670	valid_loss	61140.3491211
batch	2700	valid_loss	61257.0732422
batch	2730	valid_loss	60964.2138672
batch	2760	valid_loss	60920.5581055
batch	2790	valid_loss	60710.9428711
batch	2820	valid_loss	60619.1220703
batch	2850	valid_loss	60565.8491211
batch	2880	valid_loss	60303.8901367
batch	2910	valid_loss	60052.8374023
batch	2940	valid_loss	59964.3666992
batch	2970	valid_loss	60046.3212891
batch	3000	valid_loss	59929.2001953
batch	3030	valid_loss	59743.7294922
batch	3060	valid_loss	59607.7089844
batch	3090	valid_loss	59451.4501953
batch	3120	valid_loss	59387.4277344
batch	3150	valid_loss	59205.2460938
batch	3180	valid_loss	59218.3139648
batch	3210	valid_loss	58971.4389648
batch	3240	valid_loss	58924.0917969
batch	3270	valid_loss	58948.2495117
batch	3300	valid_loss	58775.456543
batch	3330	valid_loss	58726.5795898
batch	3360	valid_loss	58567.0253906
batch	3390	valid_loss	58545.7856445
batch	3420	valid_loss	58524.2089844
batch	3450	valid_loss	58250.621582
batch	3480	valid_loss	58267.206543
batch	3510	valid_loss	58127.1845703
batch	3540	valid_loss	58048.3100586
batch	3570	valid_loss	57959.2519531
batch	3600	valid_loss	57813.2182617
batch	3630	valid_loss	57858.8925781
batch	3660	valid_loss	57946.8383789
batch	3690	valid_loss	57747.8222656
batch	3720	valid_loss	57572.3613281
batch	3750	valid_loss	57527.0961914
batch	3780	valid_loss	57467.4584961
batch	3810	valid_loss	57505.550293
batch	3840	valid_loss	57346.0869141
batch	3870	valid_loss	57345.2373047
batch	3900	valid_loss	57363.5874023
batch	3930	valid_loss	57237.5214844
batch	3960	valid_loss	57220.2421875
batch	3990	valid_loss	57211.1191406
batch	4020	valid_loss	57201.7568359
batch	4050	valid_loss	57105.9155273
batch	4080	valid_loss	57079.6152344
batch	4110	valid_loss	57170.2504883
batch	4140	valid_loss	56988.9873047
batch	4170	valid_loss	56955.4301758
batch	4200	valid_loss	56835.6166992
batch	4230	valid_loss	56798.3359375
batch	4260	valid_loss	56834.9853516
batch	4290	valid_loss	56874.1821289
batch	4320	valid_loss	56856.0219727
batch	4350	valid_loss	56899.8574219
batch	4380	valid_loss	56814.1987305
batch	4410	valid_loss	56827.3842773
batch	4440	valid_loss	56654.3657227
batch	4470	valid_loss	56639.4599609
batch	4500	valid_loss	56595.9985352
batch	4530	valid_loss	56711.7651367
batch	4560	valid_loss	56648.5786133
batch	4590	valid_loss	56638.2368164
batch	4620	valid_loss	56567.3227539
batch	4650	valid_loss	56558.0703125
batch	4680	valid_loss	56609.5610352
batch	4710	valid_loss	56505.7875977
batch	4740	valid_loss	56605.2978516
batch	4770	valid_loss	56520.9179688
batch	4800	valid_loss	56472.4702148
batch	4830	valid_loss	56554.0737305
batch	4860	valid_loss	56447.3125
batch	4890	valid_loss	56522.7910156
batch	4920	valid_loss	56362.6650391
batch	4950	valid_loss	56509.5205078
batch	4980	valid_loss	56529.0825195
batch	5010	valid_loss	56341.4223633
batch	5040	valid_loss	56427.8442383
batch	5070	valid_loss	56359.7583008
batch	5100	valid_loss	56357.890625
batch	5130	valid_loss	56349.8012695
batch	5160	valid_loss	56289.5092773
batch	5190	valid_loss	56404.2089844
batch	5220	valid_loss	56377.9189453
batch	5250	valid_loss	56318.6699219
batch	5280	valid_loss	56345.3798828
batch	5310	valid_loss	56267.1826172
batch	5340	valid_loss	56295.2631836
batch	5370	valid_loss	56253.2114258
batch	5400	valid_loss	56215.6958008
batch	5430	valid_loss	56278.1655273
batch	5460	valid_loss	56245.5810547
batch	5490	valid_loss	56231.2050781
batch	5520	valid_loss	56201.21875
batch	5550	valid_loss	56267.3994141
batch	5580	valid_loss	56157.1850586
batch	5610	valid_loss	56143.8237305
batch	5640	valid_loss	56141.1469727
batch	5670	valid_loss	56208.3798828
batch	5700	valid_loss	56081.1005859
batch	5730	valid_loss	56202.2636719
batch	5760	valid_loss	56136.7290039
batch	5790	valid_loss	56049.5917969
batch	5820	valid_loss	56102.5668945
batch	5850	valid_loss	56072.9790039
batch	5880	valid_loss	56138.46875
batch	5910	valid_loss	56117.3022461
batch	5940	valid_loss	55970.1274414
batch	5970	valid_loss	56033.6801758
batch	6000	valid_loss	55993.1269531
batch	6030	valid_loss	55990.284668
batch	6060	valid_loss	55869.793457
batch	6090	valid_loss	55968.5712891
batch	6120	valid_loss	55956.2670898
batch	6150	valid_loss	55875.5615234
batch	6180	valid_loss	55932.2006836
batch	6210	valid_loss	56013.6484375
batch	6240	valid_loss	55879.2529297
batch	6270	valid_loss	55859.2583008
batch	6300	valid_loss	55800.4785156
batch	6330	valid_loss	55801.5942383
batch	6360	valid_loss	55806.8398438
batch	6390	valid_loss	55727.6254883
batch	6420	valid_loss	55820.8574219
batch	6450	valid_loss	55783.5551758
batch	6480	valid_loss	55717.6801758
batch	6510	valid_loss	55751.0341797
batch	6540	valid_loss	55749.0131836
batch	6570	valid_loss	55742.9379883
batch	6600	valid_loss	55688.3540039
batch	6630	valid_loss	55654.7607422
batch	6660	valid_loss	55641.6748047
batch	6690	valid_loss	55607.7446289
batch	6720	valid_loss	55576.6757812
batch	6750	valid_loss	55625.8388672
batch	6780	valid_loss	55698.3583984
batch	6810	valid_loss	55642.3618164
batch	6840	valid_loss	55636.0092773
batch	6870	valid_loss	55530.762207
batch	6900	valid_loss	55612.2368164
batch	6930	valid_loss	55611.4829102
batch	6960	valid_loss	55564.0166016
batch	6990	valid_loss	55519.8989258
batch	7020	valid_loss	55550.1347656
batch	7050	valid_loss	55611.4067383
batch	7080	valid_loss	55547.4082031
batch	7110	valid_loss	55598.777832
batch	7140	valid_loss	55502.9262695
batch	7170	valid_loss	55533.2441406
batch	7200	valid_loss	55539.6738281
batch	7230	valid_loss	55538.5952148
batch	7260	valid_loss	55418.1025391
batch	7290	valid_loss	55480.3232422
batch	7320	valid_loss	55421.2578125
batch	7350	valid_loss	55450.9467773
batch	7380	valid_loss	55537.7148438
batch	7410	valid_loss	55400.9199219
batch	7440	valid_loss	55490.1113281
batch	7470	valid_loss	55489.7568359
batch	7500	valid_loss	55416.4277344
batch	7530	valid_loss	55469.4589844
batch	7560	valid_loss	55482.003418
batch	7590	valid_loss	55382.3491211
batch	7620	valid_loss	55335.2797852
batch	7650	valid_loss	55412.3442383
batch	7680	valid_loss	55385.5512695
batch	7710	valid_loss	55454.3466797
batch	7740	valid_loss	55398.3598633
batch	7770	valid_loss	55430.4384766
batch	7800	valid_loss	55323.3300781
batch	7830	valid_loss	55377.6513672
batch	7860	valid_loss	55398.4448242
batch	7890	valid_loss	55341.3774414
batch	7920	valid_loss	55346.1430664
batch	7950	valid_loss	55298.3710938
batch	7980	valid_loss	55402.2817383
batch	8010	valid_loss	55342.09375
batch	8040	valid_loss	55283.5039062
batch	8070	valid_loss	55305.7250977
batch	8100	valid_loss	55268.8774414
batch	8130	valid_loss	55286.4726562
batch	8160	valid_loss	55254.6850586
batch	8190	valid_loss	55318.2841797
batch	8220	valid_loss	55249.0532227
batch	8250	valid_loss	55276.171875
batch	8280	valid_loss	55265.28125
batch	8310	valid_loss	55214.8017578
batch	8340	valid_loss	55258.2416992
batch	8370	valid_loss	55244.2089844
batch	8400	valid_loss	55251.8891602
batch	8430	valid_loss	55209.8710938
batch	8460	valid_loss	55314.4755859
batch	8490	valid_loss	55226.7060547
batch	8520	valid_loss	55269.0170898
batch	8550	valid_loss	55188.1811523
batch	8580	valid_loss	55150.9506836
batch	8610	valid_loss	55158.769043
batch	8640	valid_loss	55180.5458984
batch	8670	valid_loss	55169.6308594
batch	8700	valid_loss	55156.7290039
batch	8730	valid_loss	55155.6801758
batch	8760	valid_loss	55138.5825195
batch	8790	valid_loss	55168.859375
batch	8820	valid_loss	55090.2939453
batch	8850	valid_loss	55132.6787109
batch	8880	valid_loss	55041.7973633
batch	8910	valid_loss	55129.684082
batch	8940	valid_loss	55098.0024414
batch	8970	valid_loss	55109.8085938
batch	9000	valid_loss	55122.5810547
batch	9030	valid_loss	55092.2236328
batch	9060	valid_loss	55044.9013672
batch	9090	valid_loss	54997.3452148
batch	9120	valid_loss	55075.8227539
batch	9150	valid_loss	54976.4643555
batch	9180	valid_loss	54998.105957
batch	9210	valid_loss	55033.1772461
batch	9240	valid_loss	54984.1616211
batch	9270	valid_loss	55036.1938477
batch	9300	valid_loss	55018.5371094
batch	9330	valid_loss	54995.4135742
batch	9360	valid_loss	54931.237793
batch	9390	valid_loss	54962.8510742
batch	9420	valid_loss	54954.15625
batch	9450	valid_loss	54923.3193359
batch	9480	valid_loss	54929.4746094
batch	9510	valid_loss	54883.0336914
batch	9540	valid_loss	54876.7333984
batch	9570	valid_loss	54856.9360352
batch	9600	valid_loss	54848.4658203
batch	9630	valid_loss	54809.4638672
batch	9660	valid_loss	54820.5761719
batch	9690	valid_loss	54819.3320312
batch	9720	valid_loss	54788.2246094
batch	9750	valid_loss	54827.0214844
batch	9780	valid_loss	54787.5610352
batch	9810	valid_loss	54750.512207
batch	9840	valid_loss	54726.9438477
batch	9870	valid_loss	54699.1855469
batch	9900	valid_loss	54770.3613281
batch	9930	valid_loss	54731.5541992
batch	9960	valid_loss	54722.1132812
batch	9990	valid_loss	54653.8964844
batch	10020	valid_loss	54643.9418945
batch	10050	valid_loss	54631.0869141
batch	10080	valid_loss	54575.8857422
batch	10110	valid_loss	54584.612793
batch	10140	valid_loss	54498.5292969
batch	10170	valid_loss	54533.0991211
batch	10200	valid_loss	54459.0878906
batch	10230	valid_loss	54526.4443359
batch	10260	valid_loss	54464.7768555
batch	10290	valid_loss	54478.5375977
batch	10320	valid_loss	54396.4233398
batch	10350	valid_loss	54397.4526367
batch	10380	valid_loss	54316.2036133
batch	10410	valid_loss	54352.78125
batch	10440	valid_loss	54267.5795898
batch	10470	valid_loss	54290.2773438
batch	10500	valid_loss	54240.7758789
batch	10530	valid_loss	54194.1845703
batch	10560	valid_loss	54166.1323242
batch	10590	valid_loss	54141.0454102
batch	10620	valid_loss	54143.9125977
batch	10650	valid_loss	54045.4575195
batch	10680	valid_loss	54042.9882812
batch	10710	valid_loss	53980.2568359
batch	10740	valid_loss	53970.1308594
batch	10770	valid_loss	53911.9609375
batch	10800	valid_loss	53839.8354492
batch	10830	valid_loss	53824.4794922
batch	10860	valid_loss	53786.3999023
batch	10890	valid_loss	53710.7329102
batch	10920	valid_loss	53650.75
batch	10950	valid_loss	53618.840332
batch	10980	valid_loss	53604.4238281
batch	11010	valid_loss	53496.0087891
batch	11040	valid_loss	53465.0927734
batch	11070	valid_loss	53362.9316406
batch	11100	valid_loss	53322.9462891
batch	11130	valid_loss	53224.6708984
batch	11160	valid_loss	53227.9272461
batch	11190	valid_loss	53084.8452148
batch	11220	valid_loss	53039.9672852
batch	11250	valid_loss	52939.777832
batch	11280	valid_loss	52902.9990234
batch	11310	valid_loss	52893.9033203
batch	11340	valid_loss	52741.5673828
batch	11370	valid_loss	52647.4755859
batch	11400	valid_loss	52568.7700195
batch	11430	valid_loss	52492.8007812
batch	11460	valid_loss	52524.9794922
batch	11490	valid_loss	52402.418457
batch	11520	valid_loss	52320.4985352
batch	11550	valid_loss	52195.3427734
batch	11580	valid_loss	52141.2192383
batch	11610	valid_loss	52068.8535156
batch	11640	valid_loss	51927.9179688
batch	11670	valid_loss	51904.0317383
batch	11700	valid_loss	51781.9448242
batch	11730	valid_loss	51737.1538086
batch	11760	valid_loss	51618.3457031
batch	11790	valid_loss	51599.5898438
batch	11820	valid_loss	51495.668457
batch	11850	valid_loss	51414.7084961
batch	11880	valid_loss	51313.4423828
batch	11910	valid_loss	51238.7075195
batch	11940	valid_loss	51093.859375
batch	11970	valid_loss	51073.3344727
batch	12000	valid_loss	50924.2915039
batch	12030	valid_loss	50885.3193359
batch	12060	valid_loss	50805.8105469
batch	12090	valid_loss	50668.6210938
batch	12120	valid_loss	50597.9321289
batch	12150	valid_loss	50474.1328125
batch	12180	valid_loss	50408.0996094
batch	12210	valid_loss	50240.324707
batch	12240	valid_loss	50254.8989258
batch	12270	valid_loss	50062.7890625
batch	12300	valid_loss	50003.953125
batch	12330	valid_loss	49889.6806641
batch	12360	valid_loss	49791.6645508
batch	12390	valid_loss	49696.1708984
batch	12420	valid_loss	49597.2651367
batch	12450	valid_loss	49489.5009766
batch	12480	valid_loss	49353.6743164
batch	12510	valid_loss	49270.3452148
batch	12540	valid_loss	49213.8789062
batch	12570	valid_loss	49059.7666016
batch	12600	valid_loss	48980.793457
batch	12630	valid_loss	48850.6538086
batch	12660	valid_loss	48763.5708008
batch	12690	valid_loss	48639.9086914
batch	12720	valid_loss	48589.6850586
batch	12750	valid_loss	48436.3085938
batch	12780	valid_loss	48364.4506836
batch	12810	valid_loss	48233.3486328
batch	12840	valid_loss	48118.953125
batch	12870	valid_loss	48074.5102539
batch	12900	valid_loss	47930.6499023
batch	12930	valid_loss	47809.8320312
batch	12960	valid_loss	47699.5634766
batch	12990	valid_loss	47596.1972656
batch	13020	valid_loss	47627.7470703
batch	13050	valid_loss	47419.3745117
batch	13080	valid_loss	47308.5322266
batch	13110	valid_loss	47214.1411133
batch	13140	valid_loss	47115.9370117
batch	13170	valid_loss	47037.2641602
batch	13200	valid_loss	46922.5175781
batch	13230	valid_loss	46805.059082
batch	13260	valid_loss	46701.2299805
batch	13290	valid_loss	46656.5
batch	13320	valid_loss	46493.4951172
batch	13350	valid_loss	46429.7963867
batch	13380	valid_loss	46320.2397461
batch	13410	valid_loss	46264.0766602
batch	13440	valid_loss	46164.2248535
batch	13470	valid_loss	46080.8942871
batch	13500	valid_loss	45932.871582
batch	13530	valid_loss	45861.5617676
batch	13560	valid_loss	45687.6523438
batch	13590	valid_loss	45685.5720215
batch	13620	valid_loss	45613.2568359
batch	13650	valid_loss	45556.6555176
batch	13680	valid_loss	45386.4162598
batch	13710	valid_loss	45332.6723633
batch	13740	valid_loss	45215.1884766
batch	13770	valid_loss	45091.8181152
batch	13800	valid_loss	45118.5209961
batch	13830	valid_loss	44919.4335938
batch	13860	valid_loss	44893.5263672
batch	13890	valid_loss	44828.0402832
batch	13920	valid_loss	44714.6767578
batch	13950	valid_loss	44667.9875488
batch	13980	valid_loss	44552.0463867
batch	14010	valid_loss	44483.9133301
batch	14040	valid_loss	44366.2380371
batch	14070	valid_loss	44325.2509766
batch	14100	valid_loss	44227.8286133
batch	14130	valid_loss	44132.9658203
batch	14160	valid_loss	44088.0400391
batch	14190	valid_loss	43962.0854492
batch	14220	valid_loss	43903.6896973
batch	14250	valid_loss	43835.2387695
batch	14280	valid_loss	43772.2102051
batch	14310	valid_loss	43653.6955566
batch	14340	valid_loss	43574.7314453
batch	14370	valid_loss	43539.8098145
batch	14400	valid_loss	43420.2866211
batch	14430	valid_loss	43409.697998
batch	14460	valid_loss	43299.6159668
batch	14490	valid_loss	43257.6081543
batch	14520	valid_loss	43137.6464844
batch	14550	valid_loss	43075.9494629
batch	14580	valid_loss	43131.8981934
batch	14610	valid_loss	42972.5009766
batch	14640	valid_loss	42902.5039062
batch	14670	valid_loss	42799.751709
batch	14700	valid_loss	42730.1040039
batch	14730	valid_loss	42668.2299805
batch	14760	valid_loss	42602.154541
batch	14790	valid_loss	42548.326416
batch	14820	valid_loss	42451.0095215
batch	14850	valid_loss	42419.1723633
batch	14880	valid_loss	42331.0651855
batch	14910	valid_loss	42273.5061035
batch	14940	valid_loss	42166.4616699
batch	14970	valid_loss	42140.1665039
batch	15000	valid_loss	42051.0441895
batch	15030	valid_loss	42016.5803223
batch	15060	valid_loss	41898.0776367
batch	15090	valid_loss	41810.8937988
batch	15120	valid_loss	41732.7890625
batch	15150	valid_loss	41716.2250977
batch	15180	valid_loss	41724.9782715
batch	15210	valid_loss	41594.472168
batch	15240	valid_loss	41555.6921387
batch	15270	valid_loss	41509.0795898
batch	15300	valid_loss	41459.795166
batch	15330	valid_loss	41306.7182617
batch	15360	valid_loss	41317.8000488
batch	15390	valid_loss	41151.4833984
batch	15420	valid_loss	41143.5744629
batch	15450	valid_loss	41136.8540039
batch	15480	valid_loss	41069.2067871
batch	15510	valid_loss	40988.5666504
batch	15540	valid_loss	40896.0529785
batch	15570	valid_loss	40867.7514648
batch	15600	valid_loss	40770.8327637
batch	15630	valid_loss	40785.8476562
batch	15660	valid_loss	40642.4189453
batch	15690	valid_loss	40592.651123
batch	15720	valid_loss	40596.5720215
batch	15750	valid_loss	40495.3122559
batch	15780	valid_loss	40482.6953125
batch	15810	valid_loss	40376.8088379
batch	15840	valid_loss	40288.2563477
batch	15870	valid_loss	40249.5693359
batch	15900	valid_loss	40173.4536133
batch	15930	valid_loss	40175.001709
batch	15960	valid_loss	40075.6396484
batch	15990	valid_loss	40059.2768555
batch	16020	valid_loss	39965.9204102
batch	16050	valid_loss	39962.8010254
batch	16080	valid_loss	39871.6762695
batch	16110	valid_loss	39868.1623535
batch	16140	valid_loss	39844.5842285
batch	16170	valid_loss	39724.4648438
batch	16200	valid_loss	39721.661377
batch	16230	valid_loss	39644.6491699
batch	16260	valid_loss	39561.5915527
batch	16290	valid_loss	39493.6386719
batch	16320	valid_loss	39455.876709
batch	16350	valid_loss	39444.5285645
batch	16380	valid_loss	39344.0793457
batch	16410	valid_loss	39331.1320801
batch	16440	valid_loss	39272.0146484
batch	16470	valid_loss	39204.3886719
batch	16500	valid_loss	39155.5097656
batch	16530	valid_loss	39150.2487793
batch	16560	valid_loss	39063.2907715
batch	16590	valid_loss	39003.2111816
batch	16620	valid_loss	38947.1281738
batch	16650	valid_loss	38849.0778809
batch	16680	valid_loss	38816.4592285
batch	16710	valid_loss	38813.5070801
batch	16740	valid_loss	38821.4401855
batch	16770	valid_loss	38669.260498
batch	16800	valid_loss	38696.3146973
batch	16830	valid_loss	38657.5939941
batch	16860	valid_loss	38682.0773926
batch	16890	valid_loss	38470.5275879
batch	16920	valid_loss	38496.4992676
batch	16950	valid_loss	38387.168457
batch	16980	valid_loss	38361.8496094
batch	17010	valid_loss	38372.043457
batch	17040	valid_loss	38321.2905273
batch	17070	valid_loss	38239.4294434
batch	17100	valid_loss	38166.6445312
batch	17130	valid_loss	38155.1201172
batch	17160	valid_loss	38083.1130371
batch	17190	valid_loss	38107.0166016
batch	17220	valid_loss	37976.9936523
batch	17250	valid_loss	37954.6633301
batch	17280	valid_loss	37956.5036621
batch	17310	valid_loss	37868.5454102
batch	17340	valid_loss	37860.9135742
batch	17370	valid_loss	37781.720459
batch	17400	valid_loss	37704.0893555
batch	17430	valid_loss	37665.0981445
batch	17460	valid_loss	37638.9216309
batch	17490	valid_loss	37651.5371094
batch	17520	valid_loss	37530.1984863
batch	17550	valid_loss	37519.4057617
batch	17580	valid_loss	37465.5612793
batch	17610	valid_loss	37447.7258301
batch	17640	valid_loss	37406.0744629
batch	17670	valid_loss	37434.7121582
batch	17700	valid_loss	37358.7070312
batch	17730	valid_loss	37279.1425781
batch	17760	valid_loss	37288.1447754
batch	17790	valid_loss	37262.5187988
batch	17820	valid_loss	37145.7426758
batch	17850	valid_loss	37097.480957
batch	17880	valid_loss	37069.8552246
batch	17910	valid_loss	37064.8916016
batch	17940	valid_loss	36980.8640137
batch	17970	valid_loss	37001.9133301
batch	18000	valid_loss	36939.5910645
batch	18030	valid_loss	36879.7624512
batch	18060	valid_loss	36839.9953613
batch	18090	valid_loss	36870.2617188
batch	18120	valid_loss	36766.4990234
batch	18150	valid_loss	36721.0834961
batch	18180	valid_loss	36685.6337891
batch	18210	valid_loss	36604.7004395
batch	18240	valid_loss	36567.4265137
batch	18270	valid_loss	36602.0217285
batch	18300	valid_loss	36607.4794922
batch	18330	valid_loss	36470.2382812
batch	18360	valid_loss	36511.9145508
batch	18390	valid_loss	36446.4619141
batch	18420	valid_loss	36494.4633789
batch	18450	valid_loss	36306.6508789
batch	18480	valid_loss	36332.9135742
batch	18510	valid_loss	36255.4953613
batch	18540	valid_loss	36241.7902832
batch	18570	valid_loss	36258.7612305
batch	18600	valid_loss	36213.0788574
batch	18630	valid_loss	36162.0231934
batch	18660	valid_loss	36066.6723633
batch	18690	valid_loss	36059.5136719
batch	18720	valid_loss	36031.5244141
batch	18750	valid_loss	36008.8359375
batch	18780	valid_loss	35933.59375
batch	18810	valid_loss	35927.1115723
batch	18840	valid_loss	35911.3234863
batch	18870	valid_loss	35832.3664551
batch	18900	valid_loss	35840.1398926
batch	18930	valid_loss	35775.6665039
batch	18960	valid_loss	35722.2058105
batch	18990	valid_loss	35695.8012695
batch	19020	valid_loss	35663.7819824
batch	19050	valid_loss	35642.1184082
batch	19080	valid_loss	35569.9150391
batch	19110	valid_loss	35581.1838379
batch	19140	valid_loss	35527.9030762
batch	19170	valid_loss	35510.7148438
batch	19200	valid_loss	35490.0454102
batch	19230	valid_loss	35527.7929688
batch	19260	valid_loss	35461.708252
batch	19290	valid_loss	35399.2529297
batch	19320	valid_loss	35376.3981934
batch	19350	valid_loss	35350.1018066
batch	19380	valid_loss	35263.1523438
batch	19410	valid_loss	35239.6760254
batch	19440	valid_loss	35214.2453613
batch	19470	valid_loss	35196.9355469
batch	19500	valid_loss	35136.2287598
batch	19530	valid_loss	35165.1574707
batch	19560	valid_loss	35125.3723145
batch	19590	valid_loss	35059.0102539
batch	19620	valid_loss	35019.9748535
batch	19650	valid_loss	35043.6828613
batch	19680	valid_loss	34961.9848633
batch	19710	valid_loss	34947.0930176
batch	19740	valid_loss	34891.8735352
batch	19770	valid_loss	34835.3681641
batch	19800	valid_loss	34786.536377
batch	19830	valid_loss	34832.3432617
batch	19860	valid_loss	34843.5163574
batch	19890	valid_loss	34720.1577148
batch	19920	valid_loss	34763.111084
batch	19950	valid_loss	34680.2924805
batch	19980	valid_loss	34720.5280762
batch	20010	valid_loss	34580.7104492
batch	20040	valid_loss	34606.9267578
batch	20070	valid_loss	34547.5461426
batch	20100	valid_loss	34527.217041
batch	20130	valid_loss	34550.9875488
batch	20160	valid_loss	34507.3630371
batch	20190	valid_loss	34485.5366211
batch	20220	valid_loss	34377.6826172
batch	20250	valid_loss	34364.1806641
batch	20280	valid_loss	34340.9655762
batch	20310	valid_loss	34334.5290527
batch	20340	valid_loss	34275.5144043
batch	20370	valid_loss	34284.3439941
batch	20400	valid_loss	34233.8679199
batch	20430	valid_loss	34176.2233887
batch	20460	valid_loss	34206.0231934
batch	20490	valid_loss	34141.2895508
batch	20520	valid_loss	34097.6547852
batch	20550	valid_loss	34082.7783203
batch	20580	valid_loss	34031.359375
batch	20610	valid_loss	34018.6130371
batch	20640	valid_loss	33952.2900391
batch	20670	valid_loss	33980.2756348
batch	20700	valid_loss	33928.109375
batch	20730	valid_loss	33908.5061035
batch	20760	valid_loss	33901.090332
batch	20790	valid_loss	33907.0500488
batch	20820	valid_loss	33877.8337402
batch	20850	valid_loss	33804.3083496
batch	20880	valid_loss	33784.5332031
batch	20910	valid_loss	33766.3378906
batch	20940	valid_loss	33691.1774902
batch	20970	valid_loss	33690.4094238
batch	21000	valid_loss	33665.8181152
batch	21030	valid_loss	33629.2512207
batch	21060	valid_loss	33586.673584
batch	21090	valid_loss	33589.7497559
batch	21120	valid_loss	33586.3325195
batch	21150	valid_loss	33522.3950195
batch	21180	valid_loss	33484.2353516
batch	21210	valid_loss	33523.833252
batch	21240	valid_loss	33442.520752
batch	21270	valid_loss	33424.302002
batch	21300	valid_loss	33365.579834
batch	21330	valid_loss	33327.1826172
batch	21360	valid_loss	33272.7265625
batch	21390	valid_loss	33313.9345703
batch	21420	valid_loss	33335.0039062
batch	21450	valid_loss	33207.4223633
batch	21480	valid_loss	33255.4360352
batch	21510	valid_loss	33198.3818359
batch	21540	valid_loss	33215.8283691
batch	21570	valid_loss	33105.3342285
batch	21600	valid_loss	33134.34375
batch	21630	valid_loss	33077.4924316
batch	21660	valid_loss	33054.0717773
batch	21690	valid_loss	33063.213623
batch	21720	valid_loss	33028.0793457
batch	21750	valid_loss	33026.0305176
batch	21780	valid_loss	32922.3991699
batch	21810	valid_loss	32912.6774902
batch	21840	valid_loss	32884.3378906
batch	21870	valid_loss	32891.2116699
batch	21900	valid_loss	32841.423584
batch	21930	valid_loss	32854.0014648
batch	21960	valid_loss	32781.4973145
batch	21990	valid_loss	32738.4243164
batch	22020	valid_loss	32785.2912598
batch	22050	valid_loss	32704.5634766
batch	22080	valid_loss	32671.371582
batch	22110	valid_loss	32665.7585449
batch	22140	valid_loss	32617.2441406
batch	22170	valid_loss	32594.8535156
batch	22200	valid_loss	32550.0283203
batch	22230	valid_loss	32579.5939941
batch	22260	valid_loss	32529.6687012
batch	22290	valid_loss	32497.1953125
batch	22320	valid_loss	32501.4714355
batch	22350	valid_loss	32486.909668
batch	22380	valid_loss	32485.0224609
batch	22410	valid_loss	32422.1242676
batch	22440	valid_loss	32384.6235352
batch	22470	valid_loss	32382.5187988
batch	22500	valid_loss	32315.5048828
batch	22530	valid_loss	32325.7226562
batch	22560	valid_loss	32293.3688965
batch	22590	valid_loss	32248.8442383
batch	22620	valid_loss	32218.7924805
batch	22650	valid_loss	32208.8129883
batch	22680	valid_loss	32212.6474609
batch	22710	valid_loss	32166.1281738
batch	22740	valid_loss	32128.5544434
batch	22770	valid_loss	32165.5717773
batch	22800	valid_loss	32104.9125977
batch	22830	valid_loss	32072.3620605
batch	22860	valid_loss	32010.2119141
batch	22890	valid_loss	31993.550293
batch	22920	valid_loss	31936.7856445
batch	22950	valid_loss	31962.0983887
batch	22980	valid_loss	31997.9926758
batch	23010	valid_loss	31878.7333984
batch	23040	valid_loss	31922.4821777
batch	23070	valid_loss	31866.6896973
batch	23100	valid_loss	31874.6933594
batch	23130	valid_loss	31796.6140137
batch	23160	valid_loss	31812.2824707
batch	23190	valid_loss	31756.1188965
batch	23220	valid_loss	31744.7062988
batch	23250	valid_loss	31742.1542969
batch	23280	valid_loss	31702.8400879
batch	23310	valid_loss	31707.5288086
batch	23340	valid_loss	31613.7219238
batch	23370	valid_loss	31614.8681641
batch	23400	valid_loss	31578.8718262
batch	23430	valid_loss	31598.1245117
batch	23460	valid_loss	31546.2788086
batch	23490	valid_loss	31547.875
batch	23520	valid_loss	31495.284668
batch	23550	valid_loss	31456.3071289
batch	23580	valid_loss	31501.7666016
batch	23610	valid_loss	31412.8574219
batch	23640	valid_loss	31379.5876465
batch	23670	valid_loss	31384.057373
batch	23700	valid_loss	31349.239502
batch	23730	valid_loss	31321.5056152
batch	23760	valid_loss	31287.3857422
batch	23790	valid_loss	31306.1911621
batch	23820	valid_loss	31255.1191406
batch	23850	valid_loss	31229.2797852
batch	23880	valid_loss	31234.2006836
batch	23910	valid_loss	31212.8381348
batch	23940	valid_loss	31221.9165039
batch	23970	valid_loss	31168.5639648
batch	24000	valid_loss	31114.7697754
batch	24030	valid_loss	31127.3994141
batch	24060	valid_loss	31077.8171387
batch	24090	valid_loss	31074.3144531
batch	24120	valid_loss	31030.708252
batch	24150	valid_loss	30997.3806152
batch	24180	valid_loss	30975.364502
batch	24210	valid_loss	30961.1499023
batch	24240	valid_loss	30953.4318848
batch	24270	valid_loss	30934.8757324
batch	24300	valid_loss	30897.921875
batch	24330	valid_loss	30916.5117188
batch	24360	valid_loss	30878.9838867
batch	24390	valid_loss	30827.7392578
batch	24420	valid_loss	30779.059082
batch	24450	valid_loss	30765.0529785
batch	24480	valid_loss	30712.8178711
batch	24510	valid_loss	30726.354248
batch	24540	valid_loss	30768.6801758
batch	24570	valid_loss	30658.0800781
batch	24600	valid_loss	30687.1660156
batch	24630	valid_loss	30650.6696777
batch	24660	valid_loss	30656.9770508
batch	24690	valid_loss	30575.7004395
batch	24720	valid_loss	30577.0671387
batch	24750	valid_loss	30531.8669434
batch	24780	valid_loss	30527.4836426
batch	24810	valid_loss	30511.5905762
batch	24840	valid_loss	30484.4487305
batch	24870	valid_loss	30481.2800293
batch	24900	valid_loss	30415.3422852
batch	24930	valid_loss	30415.0297852
batch	24960	valid_loss	30384.1635742
batch	24990	valid_loss	30401.815918
STOP
START
config	520	40	520	960
batch	0	valid_loss	7515273.0
batch	30	valid_loss	194919.207031
batch	60	valid_loss	104694.064453
batch	90	valid_loss	100100.587891
batch	120	valid_loss	99899.7119141
batch	150	valid_loss	99837.2939453
batch	180	valid_loss	99771.6113281
batch	210	valid_loss	99760.7236328
batch	240	valid_loss	99738.4365234
batch	270	valid_loss	99603.9541016
batch	300	valid_loss	99414.9365234
batch	330	valid_loss	99195.9267578
batch	360	valid_loss	98687.2265625
batch	390	valid_loss	97731.3574219
batch	420	valid_loss	96441.75
batch	450	valid_loss	94688.8730469
batch	480	valid_loss	93097.265625
batch	510	valid_loss	91923.2338867
batch	540	valid_loss	91046.777832
batch	570	valid_loss	90368.8740234
batch	600	valid_loss	89732.5239258
batch	630	valid_loss	89309.0205078
batch	660	valid_loss	88813.8095703
batch	690	valid_loss	88427.965332
batch	720	valid_loss	87834.4799805
batch	750	valid_loss	87404.0571289
batch	780	valid_loss	86873.4228516
batch	810	valid_loss	86341.6103516
batch	840	valid_loss	85792.0722656
batch	870	valid_loss	85397.5561523
batch	900	valid_loss	84727.3032227
batch	930	valid_loss	84110.972168
batch	960	valid_loss	83550.8217773
batch	990	valid_loss	82922.4560547
batch	1020	valid_loss	82215.7363281
batch	1050	valid_loss	81599.1098633
batch	1080	valid_loss	80877.3183594
batch	1110	valid_loss	80318.4790039
batch	1140	valid_loss	79513.9790039
batch	1170	valid_loss	78886.4238281
batch	1200	valid_loss	78318.1704102
batch	1230	valid_loss	77671.234375
batch	1260	valid_loss	77017.3579102
batch	1290	valid_loss	76353.6835938
batch	1320	valid_loss	75758.2700195
batch	1350	valid_loss	75167.9941406
batch	1380	valid_loss	74610.2548828
batch	1410	valid_loss	74165.5595703
batch	1440	valid_loss	73621.8540039
batch	1470	valid_loss	73088.4248047
batch	1500	valid_loss	72616.0073242
batch	1530	valid_loss	72066.2485352
batch	1560	valid_loss	71625.1459961
batch	1590	valid_loss	71123.2817383
batch	1620	valid_loss	70805.5585938
batch	1650	valid_loss	70247.3442383
batch	1680	valid_loss	69830.2924805
batch	1710	valid_loss	69539.5981445
batch	1740	valid_loss	69088.7685547
batch	1770	valid_loss	68669.8149414
batch	1800	valid_loss	68262.6635742
batch	1830	valid_loss	67965.7602539
batch	1860	valid_loss	67538.3994141
batch	1890	valid_loss	67272.5415039
batch	1920	valid_loss	66859.7905273
batch	1950	valid_loss	66532.762207
batch	1980	valid_loss	66164.5424805
batch	2010	valid_loss	65872.0839844
batch	2040	valid_loss	65617.4057617
batch	2070	valid_loss	65309.7490234
batch	2100	valid_loss	65047.9482422
batch	2130	valid_loss	64664.0078125
batch	2160	valid_loss	64415.6723633
batch	2190	valid_loss	64256.4208984
batch	2220	valid_loss	63847.7612305
batch	2250	valid_loss	63635.3842773
batch	2280	valid_loss	63408.7202148
batch	2310	valid_loss	63303.394043
batch	2340	valid_loss	63166.2875977
batch	2370	valid_loss	62792.1015625
batch	2400	valid_loss	62591.3266602
batch	2430	valid_loss	62510.972168
batch	2460	valid_loss	62226.4375
batch	2490	valid_loss	62100.550293
batch	2520	valid_loss	61899.7797852
batch	2550	valid_loss	61805.0458984
batch	2580	valid_loss	61640.0454102
batch	2610	valid_loss	61531.4375
batch	2640	valid_loss	61272.9067383
batch	2670	valid_loss	61228.824707
batch	2700	valid_loss	60953.4433594
batch	2730	valid_loss	60840.2231445
batch	2760	valid_loss	60644.4589844
batch	2790	valid_loss	60654.4692383
batch	2820	valid_loss	60550.1098633
batch	2850	valid_loss	60379.9892578
batch	2880	valid_loss	60203.3544922
batch	2910	valid_loss	60054.1962891
batch	2940	valid_loss	59892.6811523
batch	2970	valid_loss	60005.1137695
batch	3000	valid_loss	59855.5571289
batch	3030	valid_loss	59680.1601562
batch	3060	valid_loss	59661.2475586
batch	3090	valid_loss	59507.0136719
batch	3120	valid_loss	59472.3696289
batch	3150	valid_loss	59229.0175781
batch	3180	valid_loss	59303.3466797
batch	3210	valid_loss	59033.9189453
batch	3240	valid_loss	59131.9492188
batch	3270	valid_loss	59076.2875977
batch	3300	valid_loss	59107.1367188
batch	3330	valid_loss	58886.8007812
batch	3360	valid_loss	58843.4106445
batch	3390	valid_loss	58695.0415039
batch	3420	valid_loss	58634.1982422
batch	3450	valid_loss	58537.4594727
batch	3480	valid_loss	58543.8422852
batch	3510	valid_loss	58450.5844727
batch	3540	valid_loss	58314.2744141
batch	3570	valid_loss	58236.8105469
batch	3600	valid_loss	58262.1308594
batch	3630	valid_loss	58254.2729492
batch	3660	valid_loss	58328.7270508
batch	3690	valid_loss	58079.3110352
batch	3720	valid_loss	58131.4047852
batch	3750	valid_loss	58072.2314453
batch	3780	valid_loss	57857.0893555
batch	3810	valid_loss	58017.3466797
batch	3840	valid_loss	57831.1777344
batch	3870	valid_loss	57899.3256836
batch	3900	valid_loss	57908.5561523
batch	3930	valid_loss	57825.7617188
batch	3960	valid_loss	57773.0009766
batch	3990	valid_loss	57817.8901367
batch	4020	valid_loss	57657.7392578
batch	4050	valid_loss	57717.3144531
batch	4080	valid_loss	57598.8139648
batch	4110	valid_loss	57722.0073242
batch	4140	valid_loss	57569.2128906
batch	4170	valid_loss	57592.4272461
batch	4200	valid_loss	57493.9238281
batch	4230	valid_loss	57549.6425781
batch	4260	valid_loss	57448.890625
batch	4290	valid_loss	57480.4658203
batch	4320	valid_loss	57446.0302734
batch	4350	valid_loss	57576.3491211
batch	4380	valid_loss	57391.8056641
batch	4410	valid_loss	57358.609375
batch	4440	valid_loss	57233.5786133
batch	4470	valid_loss	57328.8334961
batch	4500	valid_loss	57266.5615234
batch	4530	valid_loss	57388.2177734
batch	4560	valid_loss	57325.0595703
batch	4590	valid_loss	57221.1884766
batch	4620	valid_loss	57238.2192383
batch	4650	valid_loss	57157.2426758
batch	4680	valid_loss	57234.3115234
batch	4710	valid_loss	57086.2446289
batch	4740	valid_loss	57132.0332031
batch	4770	valid_loss	57068.7241211
batch	4800	valid_loss	57053.0717773
batch	4830	valid_loss	57188.6923828
batch	4860	valid_loss	57003.65625
batch	4890	valid_loss	57024.9331055
batch	4920	valid_loss	56966.5522461
batch	4950	valid_loss	57152.5249023
batch	4980	valid_loss	57099.3139648
batch	5010	valid_loss	56879.7089844
batch	5040	valid_loss	56977.2973633
batch	5070	valid_loss	56914.340332
batch	5100	valid_loss	56879.8481445
batch	5130	valid_loss	56882.9282227
batch	5160	valid_loss	56855.1796875
batch	5190	valid_loss	56936.0761719
batch	5220	valid_loss	56886.3789062
batch	5250	valid_loss	56806.5522461
batch	5280	valid_loss	56848.4174805
batch	5310	valid_loss	56737.8125
batch	5340	valid_loss	56775.3666992
batch	5370	valid_loss	56621.1708984
batch	5400	valid_loss	56602.7299805
batch	5430	valid_loss	56689.8798828
batch	5460	valid_loss	56705.8251953
batch	5490	valid_loss	56581.6811523
batch	5520	valid_loss	56547.6254883
batch	5550	valid_loss	56642.7944336
batch	5580	valid_loss	56550.3754883
batch	5610	valid_loss	56495.1367188
batch	5640	valid_loss	56406.3125
batch	5670	valid_loss	56509.5766602
batch	5700	valid_loss	56381.362793
batch	5730	valid_loss	56530.4223633
batch	5760	valid_loss	56444.4443359
batch	5790	valid_loss	56384.7661133
batch	5820	valid_loss	56407.3417969
batch	5850	valid_loss	56329.5351562
batch	5880	valid_loss	56423.5791016
batch	5910	valid_loss	56426.6069336
batch	5940	valid_loss	56269.9868164
batch	5970	valid_loss	56336.7041016
batch	6000	valid_loss	56204.4101562
batch	6030	valid_loss	56301.2890625
batch	6060	valid_loss	56193.0195312
batch	6090	valid_loss	56299.7407227
batch	6120	valid_loss	56273.2700195
batch	6150	valid_loss	56194.7270508
batch	6180	valid_loss	56252.1049805
batch	6210	valid_loss	56330.1914062
batch	6240	valid_loss	56241.4638672
batch	6270	valid_loss	56236.9013672
batch	6300	valid_loss	56200.7329102
batch	6330	valid_loss	56142.3212891
batch	6360	valid_loss	56173.0083008
batch	6390	valid_loss	56151.7983398
batch	6420	valid_loss	56178.5258789
batch	6450	valid_loss	56171.065918
batch	6480	valid_loss	56128.8671875
batch	6510	valid_loss	56139.5488281
batch	6540	valid_loss	56180.112793
batch	6570	valid_loss	56156.8994141
batch	6600	valid_loss	56161.534668
batch	6630	valid_loss	56058.2026367
batch	6660	valid_loss	56096.3276367
batch	6690	valid_loss	56062.21875
batch	6720	valid_loss	56057.1010742
batch	6750	valid_loss	56055.6313477
batch	6780	valid_loss	56136.9604492
batch	6810	valid_loss	56067.671875
batch	6840	valid_loss	56193.6489258
batch	6870	valid_loss	56007.7705078
batch	6900	valid_loss	56059.1245117
batch	6930	valid_loss	56026.6977539
batch	6960	valid_loss	56040.0561523
batch	6990	valid_loss	55954.8974609
batch	7020	valid_loss	56000.2607422
batch	7050	valid_loss	56016.9912109
batch	7080	valid_loss	55952.1069336
batch	7110	valid_loss	56094.6772461
batch	7140	valid_loss	55998.4121094
batch	7170	valid_loss	55967.3300781
batch	7200	valid_loss	55987.5732422
batch	7230	valid_loss	56043.7670898
batch	7260	valid_loss	55880.6806641
batch	7290	valid_loss	55967.7353516
batch	7320	valid_loss	55872.175293
batch	7350	valid_loss	55874.9526367
batch	7380	valid_loss	55952.9287109
batch	7410	valid_loss	55839.9775391
batch	7440	valid_loss	55958.6616211
batch	7470	valid_loss	55918.5644531
batch	7500	valid_loss	55873.4897461
batch	7530	valid_loss	55911.706543
batch	7560	valid_loss	55959.6606445
batch	7590	valid_loss	55837.6474609
batch	7620	valid_loss	55833.7753906
batch	7650	valid_loss	55919.1811523
batch	7680	valid_loss	55829.4799805
batch	7710	valid_loss	55896.2075195
batch	7740	valid_loss	55880.5004883
batch	7770	valid_loss	55954.4194336
batch	7800	valid_loss	55831.6865234
batch	7830	valid_loss	55828.2431641
batch	7860	valid_loss	55916.1894531
batch	7890	valid_loss	55788.2021484
batch	7920	valid_loss	55796.2861328
batch	7950	valid_loss	55814.3476562
batch	7980	valid_loss	55861.6455078
batch	8010	valid_loss	55780.7958984
batch	8040	valid_loss	55752.7280273
batch	8070	valid_loss	55806.809082
batch	8100	valid_loss	55754.6220703
batch	8130	valid_loss	55737.3769531
batch	8160	valid_loss	55800.8632812
batch	8190	valid_loss	55765.9716797
batch	8220	valid_loss	55742.6469727
batch	8250	valid_loss	55740.7460938
batch	8280	valid_loss	55756.6669922
batch	8310	valid_loss	55725.3144531
batch	8340	valid_loss	55721.1777344
batch	8370	valid_loss	55788.7412109
batch	8400	valid_loss	55763.7866211
batch	8430	valid_loss	55711.4145508
batch	8460	valid_loss	55744.5791016
batch	8490	valid_loss	55741.1645508
batch	8520	valid_loss	55705.96875
batch	8550	valid_loss	55707.1240234
batch	8580	valid_loss	55658.8046875
batch	8610	valid_loss	55644.8730469
batch	8640	valid_loss	55662.0732422
batch	8670	valid_loss	55663.6098633
batch	8700	valid_loss	55637.2299805
batch	8730	valid_loss	55668.875
batch	8760	valid_loss	55676.144043
batch	8790	valid_loss	55706.3125
batch	8820	valid_loss	55584.0727539
batch	8850	valid_loss	55659.8217773
batch	8880	valid_loss	55555.746582
batch	8910	valid_loss	55661.4609375
batch	8940	valid_loss	55601.1308594
batch	8970	valid_loss	55654.46875
batch	9000	valid_loss	55672.7397461
batch	9030	valid_loss	55596.1313477
batch	9060	valid_loss	55575.2402344
batch	9090	valid_loss	55547.8017578
batch	9120	valid_loss	55632.8852539
batch	9150	valid_loss	55513.7929688
batch	9180	valid_loss	55514.2827148
batch	9210	valid_loss	55620.8803711
batch	9240	valid_loss	55531.7866211
batch	9270	valid_loss	55552.2089844
batch	9300	valid_loss	55519.0063477
batch	9330	valid_loss	55566.4375
batch	9360	valid_loss	55459.2626953
batch	9390	valid_loss	55502.3286133
batch	9420	valid_loss	55592.1948242
batch	9450	valid_loss	55407.309082
batch	9480	valid_loss	55493.9208984
batch	9510	valid_loss	55452.9282227
batch	9540	valid_loss	55503.8100586
batch	9570	valid_loss	55449.1650391
batch	9600	valid_loss	55409.5722656
batch	9630	valid_loss	55375.0683594
batch	9660	valid_loss	55374.4799805
batch	9690	valid_loss	55408.8999023
batch	9720	valid_loss	55352.5615234
batch	9750	valid_loss	55388.6499023
batch	9780	valid_loss	55368.0957031
batch	9810	valid_loss	55314.0117188
batch	9840	valid_loss	55348.6352539
batch	9870	valid_loss	55264.0371094
batch	9900	valid_loss	55328.6557617
batch	9930	valid_loss	55228.0483398
batch	9960	valid_loss	55296.3735352
batch	9990	valid_loss	55223.1601562
batch	10020	valid_loss	55244.0117188
batch	10050	valid_loss	55246.8374023
batch	10080	valid_loss	55160.65625
batch	10110	valid_loss	55167.1972656
batch	10140	valid_loss	55101.6088867
batch	10170	valid_loss	55139.3754883
batch	10200	valid_loss	55056.0454102
batch	10230	valid_loss	55140.2651367
batch	10260	valid_loss	55056.8647461
batch	10290	valid_loss	55077.8920898
batch	10320	valid_loss	55053.46875
batch	10350	valid_loss	55024.8916016
batch	10380	valid_loss	54927.3935547
batch	10410	valid_loss	55006.3457031
batch	10440	valid_loss	54884.0522461
batch	10470	valid_loss	55008.2954102
batch	10500	valid_loss	54910.7739258
batch	10530	valid_loss	54829.5864258
batch	10560	valid_loss	54861.2226562
batch	10590	valid_loss	54832.1572266
batch	10620	valid_loss	54852.4912109
batch	10650	valid_loss	54764.7446289
batch	10680	valid_loss	54792.4160156
batch	10710	valid_loss	54729.1962891
batch	10740	valid_loss	54728.6503906
batch	10770	valid_loss	54741.6777344
batch	10800	valid_loss	54693.0541992
batch	10830	valid_loss	54640.0776367
batch	10860	valid_loss	54660.784668
batch	10890	valid_loss	54614.5732422
batch	10920	valid_loss	54548.3837891
batch	10950	valid_loss	54559.5522461
batch	10980	valid_loss	54578.043457
batch	11010	valid_loss	54448.3657227
batch	11040	valid_loss	54477.2509766
batch	11070	valid_loss	54414.5991211
batch	11100	valid_loss	54403.6601562
batch	11130	valid_loss	54339.0546875
batch	11160	valid_loss	54326.515625
batch	11190	valid_loss	54259.7338867
batch	11220	valid_loss	54254.6191406
batch	11250	valid_loss	54207.1879883
batch	11280	valid_loss	54168.5800781
batch	11310	valid_loss	54259.2583008
batch	11340	valid_loss	54121.4755859
batch	11370	valid_loss	54079.7026367
batch	11400	valid_loss	54031.487793
batch	11430	valid_loss	53965.2548828
batch	11460	valid_loss	54053.3041992
batch	11490	valid_loss	53930.0463867
batch	11520	valid_loss	53953.5327148
batch	11550	valid_loss	53842.9916992
batch	11580	valid_loss	53830.6708984
batch	11610	valid_loss	53808.5478516
batch	11640	valid_loss	53713.2363281
batch	11670	valid_loss	53725.8994141
batch	11700	valid_loss	53616.7407227
batch	11730	valid_loss	53621.7504883
batch	11760	valid_loss	53524.8881836
batch	11790	valid_loss	53488.605957
batch	11820	valid_loss	53460.8803711
batch	11850	valid_loss	53400.9750977
batch	11880	valid_loss	53355.0864258
batch	11910	valid_loss	53248.3774414
batch	11940	valid_loss	53160.4746094
batch	11970	valid_loss	53163.375
batch	12000	valid_loss	53027.4501953
batch	12030	valid_loss	52992.9633789
batch	12060	valid_loss	52920.4838867
batch	12090	valid_loss	52819.5092773
batch	12120	valid_loss	52750.8188477
batch	12150	valid_loss	52662.4003906
batch	12180	valid_loss	52644.6074219
batch	12210	valid_loss	52469.6582031
batch	12240	valid_loss	52552.4707031
batch	12270	valid_loss	52321.5737305
batch	12300	valid_loss	52265.6489258
batch	12330	valid_loss	52187.53125
batch	12360	valid_loss	52040.8798828
batch	12390	valid_loss	51972.2910156
batch	12420	valid_loss	51891.1591797
batch	12450	valid_loss	51816.0991211
batch	12480	valid_loss	51690.9306641
batch	12510	valid_loss	51622.2573242
batch	12540	valid_loss	51547.9614258
batch	12570	valid_loss	51413.1230469
batch	12600	valid_loss	51339.1855469
batch	12630	valid_loss	51217.2104492
batch	12660	valid_loss	51109.3300781
batch	12690	valid_loss	51017.9072266
batch	12720	valid_loss	50923.6777344
batch	12750	valid_loss	50824.9155273
batch	12780	valid_loss	50764.2749023
batch	12810	valid_loss	50632.5083008
batch	12840	valid_loss	50557.3549805
batch	12870	valid_loss	50531.7055664
batch	12900	valid_loss	50431.3745117
batch	12930	valid_loss	50255.2167969
batch	12960	valid_loss	50196.9223633
batch	12990	valid_loss	50058.2407227
batch	13020	valid_loss	50071.8535156
batch	13050	valid_loss	49905.7109375
batch	13080	valid_loss	49871.5390625
batch	13110	valid_loss	49726.8071289
batch	13140	valid_loss	49636.3251953
batch	13170	valid_loss	49568.0664062
batch	13200	valid_loss	49429.034668
batch	13230	valid_loss	49358.3413086
batch	13260	valid_loss	49225.6855469
batch	13290	valid_loss	49177.6411133
batch	13320	valid_loss	49041.3427734
batch	13350	valid_loss	48978.1811523
batch	13380	valid_loss	48945.5229492
batch	13410	valid_loss	48809.9375
batch	13440	valid_loss	48729.347168
batch	13470	valid_loss	48610.4697266
batch	13500	valid_loss	48475.4433594
batch	13530	valid_loss	48430.7861328
batch	13560	valid_loss	48292.3725586
batch	13590	valid_loss	48247.8779297
batch	13620	valid_loss	48177.203125
batch	13650	valid_loss	48075.7216797
batch	13680	valid_loss	47967.2329102
batch	13710	valid_loss	47892.1542969
batch	13740	valid_loss	47824.8876953
batch	13770	valid_loss	47646.4389648
batch	13800	valid_loss	47615.8740234
batch	13830	valid_loss	47477.6313477
batch	13860	valid_loss	47455.5219727
batch	13890	valid_loss	47331.9233398
batch	13920	valid_loss	47236.4814453
batch	13950	valid_loss	47237.5292969
batch	13980	valid_loss	47067.5634766
batch	14010	valid_loss	46941.734375
batch	14040	valid_loss	46847.4462891
batch	14070	valid_loss	46787.831543
batch	14100	valid_loss	46697.234375
batch	14130	valid_loss	46567.6118164
batch	14160	valid_loss	46508.7060547
batch	14190	valid_loss	46429.3613281
batch	14220	valid_loss	46393.3815918
batch	14250	valid_loss	46308.0581055
batch	14280	valid_loss	46215.1616211
batch	14310	valid_loss	46092.2878418
batch	14340	valid_loss	45974.2878418
batch	14370	valid_loss	45915.3806152
batch	14400	valid_loss	45800.317627
batch	14430	valid_loss	45776.234375
batch	14460	valid_loss	45677.0473633
batch	14490	valid_loss	45568.5737305
batch	14520	valid_loss	45500.2280273
batch	14550	valid_loss	45406.8972168
batch	14580	valid_loss	45450.3657227
batch	14610	valid_loss	45307.0681152
batch	14640	valid_loss	45289.4362793
batch	14670	valid_loss	45144.3505859
batch	14700	valid_loss	45034.5183105
batch	14730	valid_loss	44967.8845215
batch	14760	valid_loss	44898.6672363
batch	14790	valid_loss	44808.7602539
batch	14820	valid_loss	44754.3525391
batch	14850	valid_loss	44791.1318359
batch	14880	valid_loss	44571.980957
batch	14910	valid_loss	44526.9816895
batch	14940	valid_loss	44484.0856934
batch	14970	valid_loss	44377.2109375
batch	15000	valid_loss	44309.2617188
batch	15030	valid_loss	44218.7578125
batch	15060	valid_loss	44096.2207031
batch	15090	valid_loss	44064.2546387
batch	15120	valid_loss	43922.2407227
batch	15150	valid_loss	44017.1486816
batch	15180	valid_loss	43894.4443359
batch	15210	valid_loss	43757.8999023
batch	15240	valid_loss	43711.1135254
batch	15270	valid_loss	43664.392334
batch	15300	valid_loss	43565.8752441
batch	15330	valid_loss	43449.6755371
batch	15360	valid_loss	43438.7138672
batch	15390	valid_loss	43325.5634766
batch	15420	valid_loss	43275.9291992
batch	15450	valid_loss	43298.2456055
batch	15480	valid_loss	43152.8901367
batch	15510	valid_loss	43091.4040527
batch	15540	valid_loss	42957.8447266
batch	15570	valid_loss	42921.5090332
batch	15600	valid_loss	42831.435791
batch	15630	valid_loss	42835.4404297
batch	15660	valid_loss	42729.6237793
batch	15690	valid_loss	42648.4577637
batch	15720	valid_loss	42602.7092285
batch	15750	valid_loss	42525.8984375
batch	15780	valid_loss	42472.765625
batch	15810	valid_loss	42409.3320312
batch	15840	valid_loss	42333.9211426
batch	15870	valid_loss	42239.7536621
batch	15900	valid_loss	42144.0825195
batch	15930	valid_loss	42119.5952148
batch	15960	valid_loss	42052.7324219
batch	15990	valid_loss	42022.1586914
batch	16020	valid_loss	41927.6652832
batch	16050	valid_loss	41860.1638184
batch	16080	valid_loss	41840.5864258
batch	16110	valid_loss	41769.0634766
batch	16140	valid_loss	41739.3969727
batch	16170	valid_loss	41627.3527832
batch	16200	valid_loss	41647.6186523
batch	16230	valid_loss	41520.3842773
batch	16260	valid_loss	41439.4697266
batch	16290	valid_loss	41394.2331543
batch	16320	valid_loss	41322.8283691
batch	16350	valid_loss	41266.2788086
batch	16380	valid_loss	41225.0131836
batch	16410	valid_loss	41212.4331055
batch	16440	valid_loss	41081.2661133
batch	16470	valid_loss	41012.5749512
batch	16500	valid_loss	40996.0256348
batch	16530	valid_loss	40920.5661621
batch	16560	valid_loss	40889.2202148
batch	16590	valid_loss	40802.4255371
batch	16620	valid_loss	40680.6535645
batch	16650	valid_loss	40655.6894531
batch	16680	valid_loss	40557.4890137
batch	16710	valid_loss	40582.2268066
batch	16740	valid_loss	40549.2016602
batch	16770	valid_loss	40413.6164551
batch	16800	valid_loss	40409.1401367
batch	16830	valid_loss	40360.7353516
batch	16860	valid_loss	40302.0769043
batch	16890	valid_loss	40209.973877
batch	16920	valid_loss	40173.8527832
batch	16950	valid_loss	40108.046875
batch	16980	valid_loss	40038.6330566
batch	17010	valid_loss	40022.8566895
batch	17040	valid_loss	39939.041748
batch	17070	valid_loss	39972.1552734
batch	17100	valid_loss	39802.9501953
batch	17130	valid_loss	39763.1506348
batch	17160	valid_loss	39705.8122559
batch	17190	valid_loss	39699.638916
batch	17220	valid_loss	39632.4291992
batch	17250	valid_loss	39582.7380371
batch	17280	valid_loss	39535.1228027
batch	17310	valid_loss	39477.6625977
batch	17340	valid_loss	39487.697998
batch	17370	valid_loss	39378.3813477
batch	17400	valid_loss	39336.8688965
batch	17430	valid_loss	39256.7907715
batch	17460	valid_loss	39198.182373
batch	17490	valid_loss	39165.7333984
batch	17520	valid_loss	39116.7072754
batch	17550	valid_loss	39129.0957031
batch	17580	valid_loss	39029.8974609
batch	17610	valid_loss	38963.7871094
batch	17640	valid_loss	38990.0922852
batch	17670	valid_loss	38897.1811523
batch	17700	valid_loss	38891.201416
batch	17730	valid_loss	38819.5959473
batch	17760	valid_loss	38794.4995117
batch	17790	valid_loss	38757.3803711
batch	17820	valid_loss	38648.7541504
batch	17850	valid_loss	38629.7941895
batch	17880	valid_loss	38561.4287109
batch	17910	valid_loss	38542.8183594
batch	17940	valid_loss	38490.9399414
batch	17970	valid_loss	38459.0578613
batch	18000	valid_loss	38402.5974121
batch	18030	valid_loss	38364.9304199
batch	18060	valid_loss	38341.9763184
batch	18090	valid_loss	38298.8449707
batch	18120	valid_loss	38277.8806152
batch	18150	valid_loss	38182.765625
batch	18180	valid_loss	38082.4663086
batch	18210	valid_loss	38072.6008301
batch	18240	valid_loss	37988.1118164
batch	18270	valid_loss	38032.8710938
batch	18300	valid_loss	37990.0019531
batch	18330	valid_loss	37877.3537598
batch	18360	valid_loss	37907.0944824
batch	18390	valid_loss	37848.045166
batch	18420	valid_loss	37847.7080078
batch	18450	valid_loss	37734.5009766
batch	18480	valid_loss	37689.4978027
batch	18510	valid_loss	37625.1582031
batch	18540	valid_loss	37610.456543
batch	18570	valid_loss	37565.4902344
batch	18600	valid_loss	37507.5554199
batch	18630	valid_loss	37533.3852539
batch	18660	valid_loss	37398.9997559
batch	18690	valid_loss	37387.4333496
batch	18720	valid_loss	37330.795166
batch	18750	valid_loss	37356.0334473
batch	18780	valid_loss	37262.2106934
batch	18810	valid_loss	37233.8654785
batch	18840	valid_loss	37182.4992676
batch	18870	valid_loss	37138.8278809
batch	18900	valid_loss	37124.7570801
batch	18930	valid_loss	37063.7145996
batch	18960	valid_loss	37027.0209961
batch	18990	valid_loss	36967.5759277
batch	19020	valid_loss	36918.5646973
batch	19050	valid_loss	36888.3195801
batch	19080	valid_loss	36841.5236816
batch	19110	valid_loss	36867.5981445
batch	19140	valid_loss	36776.2976074
batch	19170	valid_loss	36720.6181641
batch	19200	valid_loss	36726.333252
batch	19230	valid_loss	36665.6040039
batch	19260	valid_loss	36672.2861328
batch	19290	valid_loss	36608.3479004
batch	19320	valid_loss	36572.3669434
batch	19350	valid_loss	36529.1359863
batch	19380	valid_loss	36513.6259766
batch	19410	valid_loss	36441.9685059
batch	19440	valid_loss	36390.9189453
batch	19470	valid_loss	36379.1286621
batch	19500	valid_loss	36308.9890137
batch	19530	valid_loss	36325.5671387
batch	19560	valid_loss	36256.7446289
batch	19590	valid_loss	36243.6982422
batch	19620	valid_loss	36217.5131836
batch	19650	valid_loss	36168.8049316
batch	19680	valid_loss	36132.2131348
batch	19710	valid_loss	36051.4047852
batch	19740	valid_loss	36015.9816895
batch	19770	valid_loss	35980.3168945
batch	19800	valid_loss	35890.0009766
batch	19830	valid_loss	35942.418457
batch	19860	valid_loss	35907.9645996
batch	19890	valid_loss	35812.0500488
batch	19920	valid_loss	35851.6606445
batch	19950	valid_loss	35787.3005371
batch	19980	valid_loss	35803.3266602
batch	20010	valid_loss	35681.2810059
batch	20040	valid_loss	35653.034668
batch	20070	valid_loss	35594.7133789
batch	20100	valid_loss	35597.5380859
batch	20130	valid_loss	35559.5812988
batch	20160	valid_loss	35525.7851562
batch	20190	valid_loss	35518.5866699
batch	20220	valid_loss	35421.4523926
batch	20250	valid_loss	35402.517334
batch	20280	valid_loss	35356.4875488
batch	20310	valid_loss	35372.7126465
batch	20340	valid_loss	35295.9650879
batch	20370	valid_loss	35285.465332
batch	20400	valid_loss	35248.3684082
batch	20430	valid_loss	35208.8227539
batch	20460	valid_loss	35165.4291992
batch	20490	valid_loss	35139.3945312
batch	20520	valid_loss	35089.4052734
batch	20550	valid_loss	35054.3967285
batch	20580	valid_loss	35000.6196289
batch	20610	valid_loss	34995.5803223
batch	20640	valid_loss	34944.5397949
batch	20670	valid_loss	34956.4963379
batch	20700	valid_loss	34910.9296875
batch	20730	valid_loss	34848.9958496
batch	20760	valid_loss	34830.5637207
batch	20790	valid_loss	34790.871582
batch	20820	valid_loss	34767.0644531
batch	20850	valid_loss	34729.2895508
batch	20880	valid_loss	34711.0532227
batch	20910	valid_loss	34671.7836914
batch	20940	valid_loss	34658.505127
batch	20970	valid_loss	34580.206543
batch	21000	valid_loss	34568.6259766
batch	21030	valid_loss	34555.2978516
batch	21060	valid_loss	34478.1225586
batch	21090	valid_loss	34503.4511719
batch	21120	valid_loss	34427.4746094
batch	21150	valid_loss	34423.6025391
batch	21180	valid_loss	34404.7504883
batch	21210	valid_loss	34349.3708496
batch	21240	valid_loss	34324.4545898
batch	21270	valid_loss	34246.8449707
batch	21300	valid_loss	34233.2080078
batch	21330	valid_loss	34181.8786621
batch	21360	valid_loss	34101.1499023
batch	21390	valid_loss	34142.3151855
batch	21420	valid_loss	34106.7006836
batch	21450	valid_loss	34035.1616211
batch	21480	valid_loss	34074.5966797
batch	21510	valid_loss	34011.6911621
batch	21540	valid_loss	34031.190918
batch	21570	valid_loss	33922.3676758
batch	21600	valid_loss	33903.267334
batch	21630	valid_loss	33852.6191406
batch	21660	valid_loss	33848.6816406
batch	21690	valid_loss	33810.0292969
batch	21720	valid_loss	33779.5761719
batch	21750	valid_loss	33763.2436523
batch	21780	valid_loss	33694.1816406
batch	21810	valid_loss	33682.3144531
batch	21840	valid_loss	33633.8527832
batch	21870	valid_loss	33640.4733887
batch	21900	valid_loss	33582.4689941
batch	21930	valid_loss	33596.677002
batch	21960	valid_loss	33544.5395508
batch	21990	valid_loss	33508.2675781
batch	22020	valid_loss	33471.5578613
batch	22050	valid_loss	33442.6838379
batch	22080	valid_loss	33401.2614746
batch	22110	valid_loss	33367.0778809
batch	22140	valid_loss	33313.0004883
batch	22170	valid_loss	33296.6738281
batch	22200	valid_loss	33273.0917969
batch	22230	valid_loss	33279.3200684
batch	22260	valid_loss	33266.4309082
batch	22290	valid_loss	33188.0427246
batch	22320	valid_loss	33162.6943359
batch	22350	valid_loss	33137.2275391
batch	22380	valid_loss	33106.546875
batch	22410	valid_loss	33064.0297852
batch	22440	valid_loss	33047.7973633
batch	22470	valid_loss	33011.2670898
batch	22500	valid_loss	33011.2600098
batch	22530	valid_loss	32942.7902832
batch	22560	valid_loss	32926.8039551
batch	22590	valid_loss	32947.0715332
batch	22620	valid_loss	32852.3847656
batch	22650	valid_loss	32885.6740723
batch	22680	valid_loss	32810.0258789
batch	22710	valid_loss	32797.6452637
batch	22740	valid_loss	32783.9882812
batch	22770	valid_loss	32744.8742676
batch	22800	valid_loss	32695.4465332
batch	22830	valid_loss	32639.8737793
batch	22860	valid_loss	32639.7043457
batch	22890	valid_loss	32588.3745117
batch	22920	valid_loss	32519.4638672
batch	22950	valid_loss	32544.6713867
batch	22980	valid_loss	32531.203125
batch	23010	valid_loss	32461.6113281
batch	23040	valid_loss	32491.2717285
batch	23070	valid_loss	32436.0227051
batch	23100	valid_loss	32459.4558105
batch	23130	valid_loss	32362.8391113
batch	23160	valid_loss	32348.6992188
batch	23190	valid_loss	32302.2436523
batch	23220	valid_loss	32288.3354492
batch	23250	valid_loss	32260.0212402
batch	23280	valid_loss	32223.6606445
batch	23310	valid_loss	32210.7106934
batch	23340	valid_loss	32159.0393066
batch	23370	valid_loss	32143.1350098
batch	23400	valid_loss	32111.2797852
batch	23430	valid_loss	32112.7805176
batch	23460	valid_loss	32071.519043
batch	23490	valid_loss	32071.390625
batch	23520	valid_loss	32032.7709961
batch	23550	valid_loss	31996.8395996
batch	23580	valid_loss	31985.5476074
batch	23610	valid_loss	31931.9050293
batch	23640	valid_loss	31909.0090332
batch	23670	valid_loss	31873.2036133
batch	23700	valid_loss	31814.3903809
batch	23730	valid_loss	31802.3366699
batch	23760	valid_loss	31798.3005371
batch	23790	valid_loss	31795.0532227
batch	23820	valid_loss	31788.6452637
batch	23850	valid_loss	31703.5454102
batch	23880	valid_loss	31694.8374023
batch	23910	valid_loss	31659.8283691
batch	23940	valid_loss	31644.260498
batch	23970	valid_loss	31603.1911621
batch	24000	valid_loss	31596.6677246
batch	24030	valid_loss	31565.6855469
batch	24060	valid_loss	31553.1359863
batch	24090	valid_loss	31507.8842773
batch	24120	valid_loss	31481.5900879
batch	24150	valid_loss	31495.9291992
batch	24180	valid_loss	31418.0812988
batch	24210	valid_loss	31455.8044434
batch	24240	valid_loss	31376.1816406
batch	24270	valid_loss	31349.0759277
batch	24300	valid_loss	31339.6643066
batch	24330	valid_loss	31321.40625
batch	24360	valid_loss	31272.2932129
batch	24390	valid_loss	31229.159668
batch	24420	valid_loss	31222.0627441
batch	24450	valid_loss	31179.5556641
batch	24480	valid_loss	31117.2421875
batch	24510	valid_loss	31139.9819336
batch	24540	valid_loss	31119.8234863
batch	24570	valid_loss	31065.1679688
batch	24600	valid_loss	31081.090332
batch	24630	valid_loss	31045.842041
batch	24660	valid_loss	31061.7976074
batch	24690	valid_loss	30970.9448242
batch	24720	valid_loss	30965.8513184
batch	24750	valid_loss	30922.4091797
batch	24780	valid_loss	30903.171875
batch	24810	valid_loss	30883.3969727
batch	24840	valid_loss	30847.3132324
batch	24870	valid_loss	30840.6281738
batch	24900	valid_loss	30787.6833496
batch	24930	valid_loss	30775.6313477
batch	24960	valid_loss	30765.3376465
batch	24990	valid_loss	30744.244873
STOP
