START
config	300	20	300	1140
batch	0	valid_loss	9729143.6875
batch	30	valid_loss	236619.158203
batch	60	valid_loss	102985.519531
batch	90	valid_loss	96321.3242188
batch	120	valid_loss	95931.3574219
batch	150	valid_loss	95906.4003906
batch	180	valid_loss	95895.6572266
batch	210	valid_loss	95967.4228516
batch	240	valid_loss	95890.1640625
batch	270	valid_loss	95878.0283203
batch	300	valid_loss	95795.8183594
batch	330	valid_loss	95853.9970703
batch	360	valid_loss	95535.3662109
batch	390	valid_loss	95431.3564453
batch	420	valid_loss	95076.8066406
batch	450	valid_loss	94499.734375
batch	480	valid_loss	93731.1245117
batch	510	valid_loss	92541.4189453
batch	540	valid_loss	91343.2666016
batch	570	valid_loss	90344.5185547
batch	600	valid_loss	89514.4536133
batch	630	valid_loss	88897.1552734
batch	660	valid_loss	88298.3261719
batch	690	valid_loss	87893.4677734
batch	720	valid_loss	87457.6098633
batch	750	valid_loss	87128.3525391
batch	780	valid_loss	86845.6098633
batch	810	valid_loss	86586.6914062
batch	840	valid_loss	86274.1850586
batch	870	valid_loss	85989.0541992
batch	900	valid_loss	85744.112793
batch	930	valid_loss	85549.5078125
batch	960	valid_loss	85250.1381836
batch	990	valid_loss	84902.9897461
batch	1020	valid_loss	84637.3022461
batch	1050	valid_loss	84437.6123047
batch	1080	valid_loss	84053.7041016
batch	1110	valid_loss	83847.3535156
batch	1140	valid_loss	83547.4619141
batch	1170	valid_loss	83194.9326172
batch	1200	valid_loss	83016.6049805
batch	1230	valid_loss	82625.9047852
batch	1260	valid_loss	82270.3452148
batch	1290	valid_loss	81842.9360352
batch	1320	valid_loss	81591.3608398
batch	1350	valid_loss	81195.7246094
batch	1380	valid_loss	80818.4931641
batch	1410	valid_loss	80583.0791016
batch	1440	valid_loss	80230.7768555
batch	1470	valid_loss	79859.7353516
batch	1500	valid_loss	79499.7827148
batch	1530	valid_loss	79120.3979492
batch	1560	valid_loss	78851.0092773
batch	1590	valid_loss	78573.7441406
batch	1620	valid_loss	78275.59375
batch	1650	valid_loss	77873.1386719
batch	1680	valid_loss	77609.0385742
batch	1710	valid_loss	77328.0322266
batch	1740	valid_loss	76987.6074219
batch	1770	valid_loss	76750.9711914
batch	1800	valid_loss	76461.4091797
batch	1830	valid_loss	76248.2597656
batch	1860	valid_loss	75983.9555664
batch	1890	valid_loss	75804.0976562
batch	1920	valid_loss	75564.7880859
batch	1950	valid_loss	75345.0878906
batch	1980	valid_loss	75110.2724609
batch	2010	valid_loss	74952.5400391
batch	2040	valid_loss	74701.7739258
batch	2070	valid_loss	74539.0527344
batch	2100	valid_loss	74334.2226562
batch	2130	valid_loss	74172.8876953
batch	2160	valid_loss	73973.7407227
batch	2190	valid_loss	73849.0981445
batch	2220	valid_loss	73664.4951172
batch	2250	valid_loss	73495.3256836
batch	2280	valid_loss	73277.1279297
batch	2310	valid_loss	73174.0146484
batch	2340	valid_loss	72974.3413086
batch	2370	valid_loss	73057.7993164
batch	2400	valid_loss	72777.2329102
batch	2430	valid_loss	72577.2055664
batch	2460	valid_loss	72436.8989258
batch	2490	valid_loss	72321.7954102
batch	2520	valid_loss	72215.7641602
batch	2550	valid_loss	72097.2368164
batch	2580	valid_loss	71924.5854492
batch	2610	valid_loss	71932.078125
batch	2640	valid_loss	71794.3432617
batch	2670	valid_loss	71670.8198242
batch	2700	valid_loss	71518.7626953
batch	2730	valid_loss	71334.9345703
batch	2760	valid_loss	71336.4863281
batch	2790	valid_loss	71188.1816406
batch	2820	valid_loss	71077.3525391
batch	2850	valid_loss	70881.9726562
batch	2880	valid_loss	71013.9023438
batch	2910	valid_loss	70774.2729492
batch	2940	valid_loss	70626.9975586
batch	2970	valid_loss	70542.5556641
batch	3000	valid_loss	70610.6425781
batch	3030	valid_loss	70396.9970703
batch	3060	valid_loss	70300.0410156
batch	3090	valid_loss	70226.3881836
batch	3120	valid_loss	70133.2714844
batch	3150	valid_loss	70030.7749023
batch	3180	valid_loss	69967.9213867
batch	3210	valid_loss	69897.546875
batch	3240	valid_loss	69873.0546875
batch	3270	valid_loss	69706.1723633
batch	3300	valid_loss	69766.8300781
batch	3330	valid_loss	69658.0146484
batch	3360	valid_loss	69545.4584961
batch	3390	valid_loss	69547.8847656
batch	3420	valid_loss	69510.7875977
batch	3450	valid_loss	69309.8149414
batch	3480	valid_loss	69305.6357422
batch	3510	valid_loss	69294.2460938
batch	3540	valid_loss	69198.050293
batch	3570	valid_loss	69128.5244141
batch	3600	valid_loss	69099.9575195
batch	3630	valid_loss	69107.2104492
batch	3660	valid_loss	69095.1953125
batch	3690	valid_loss	68971.3457031
batch	3720	valid_loss	68918.480957
batch	3750	valid_loss	68898.4506836
batch	3780	valid_loss	68841.2280273
batch	3810	valid_loss	68721.0283203
batch	3840	valid_loss	68617.59375
batch	3870	valid_loss	68637.4321289
batch	3900	valid_loss	68635.0283203
batch	3930	valid_loss	68639.796875
batch	3960	valid_loss	68600.2792969
batch	3990	valid_loss	68546.9370117
batch	4020	valid_loss	68472.4116211
batch	4050	valid_loss	68433.0258789
batch	4080	valid_loss	68319.9848633
batch	4110	valid_loss	68395.7133789
batch	4140	valid_loss	68307.1733398
batch	4170	valid_loss	68367.730957
batch	4200	valid_loss	68301.3833008
batch	4230	valid_loss	68333.4780273
batch	4260	valid_loss	68210.46875
batch	4290	valid_loss	68132.4091797
batch	4320	valid_loss	68164.5043945
batch	4350	valid_loss	68108.7016602
batch	4380	valid_loss	68024.3183594
batch	4410	valid_loss	67984.152832
batch	4440	valid_loss	68076.3027344
batch	4470	valid_loss	68031.3310547
batch	4500	valid_loss	67885.2470703
batch	4530	valid_loss	67918.2363281
batch	4560	valid_loss	68046.7885742
batch	4590	valid_loss	67860.3725586
batch	4620	valid_loss	67863.2993164
batch	4650	valid_loss	67768.4438477
batch	4680	valid_loss	67772.1845703
batch	4710	valid_loss	67744.2231445
batch	4740	valid_loss	67680.7958984
batch	4770	valid_loss	67704.8310547
batch	4800	valid_loss	67728.3554688
batch	4830	valid_loss	67609.5825195
batch	4860	valid_loss	67679.2070312
batch	4890	valid_loss	67595.3994141
batch	4920	valid_loss	67594.7407227
batch	4950	valid_loss	67603.2431641
batch	4980	valid_loss	67591.5976562
batch	5010	valid_loss	67472.4990234
batch	5040	valid_loss	67488.7578125
batch	5070	valid_loss	67493.0571289
batch	5100	valid_loss	67463.5634766
batch	5130	valid_loss	67521.9448242
batch	5160	valid_loss	67441.3520508
batch	5190	valid_loss	67528.4160156
batch	5220	valid_loss	67474.2915039
batch	5250	valid_loss	67456.7070312
batch	5280	valid_loss	67421.3984375
batch	5310	valid_loss	67373.0097656
batch	5340	valid_loss	67428.6733398
batch	5370	valid_loss	67313.3657227
batch	5400	valid_loss	67223.9169922
batch	5430	valid_loss	67301.4775391
batch	5460	valid_loss	67287.1572266
batch	5490	valid_loss	67372.097168
batch	5520	valid_loss	67302.1318359
batch	5550	valid_loss	67302.1469727
batch	5580	valid_loss	67226.1494141
batch	5610	valid_loss	67298.6625977
batch	5640	valid_loss	67157.6479492
batch	5670	valid_loss	67199.4619141
batch	5700	valid_loss	67154.5849609
batch	5730	valid_loss	67281.0444336
batch	5760	valid_loss	67201.2792969
batch	5790	valid_loss	67314.7177734
batch	5820	valid_loss	67240.9521484
batch	5850	valid_loss	67152.0581055
batch	5880	valid_loss	67147.9941406
batch	5910	valid_loss	67116.4248047
batch	5940	valid_loss	67068.0966797
batch	5970	valid_loss	67095.0927734
batch	6000	valid_loss	67144.1772461
batch	6030	valid_loss	67135.0761719
batch	6060	valid_loss	67058.6020508
batch	6090	valid_loss	67101.6650391
batch	6120	valid_loss	67212.1342773
batch	6150	valid_loss	67076.4023438
batch	6180	valid_loss	67067.2973633
batch	6210	valid_loss	66980.8212891
batch	6240	valid_loss	67021.6977539
batch	6270	valid_loss	67018.3540039
batch	6300	valid_loss	66980.5463867
batch	6330	valid_loss	66959.5507812
batch	6360	valid_loss	67027.4321289
batch	6390	valid_loss	66980.2749023
batch	6420	valid_loss	67008.9638672
batch	6450	valid_loss	66993.8637695
batch	6480	valid_loss	66952.5449219
batch	6510	valid_loss	66986.9624023
batch	6540	valid_loss	66937.0976562
batch	6570	valid_loss	66922.6362305
batch	6600	valid_loss	66926.4116211
batch	6630	valid_loss	66850.7412109
batch	6660	valid_loss	66925.8041992
batch	6690	valid_loss	66977.3637695
batch	6720	valid_loss	66883.234375
batch	6750	valid_loss	66993.3461914
batch	6780	valid_loss	66923.362793
batch	6810	valid_loss	66912.1992188
batch	6840	valid_loss	66885.340332
batch	6870	valid_loss	66839.340332
batch	6900	valid_loss	66928.5263672
batch	6930	valid_loss	66769.4121094
batch	6960	valid_loss	66726.6289062
batch	6990	valid_loss	66832.2119141
batch	7020	valid_loss	66837.8969727
batch	7050	valid_loss	66880.5673828
batch	7080	valid_loss	66792.7851562
batch	7110	valid_loss	66820.7875977
batch	7140	valid_loss	66774.105957
batch	7170	valid_loss	66916.9018555
batch	7200	valid_loss	66741.0058594
batch	7230	valid_loss	66766.0253906
batch	7260	valid_loss	66711.7177734
batch	7290	valid_loss	66783.6137695
batch	7320	valid_loss	66747.7900391
batch	7350	valid_loss	66875.5234375
batch	7380	valid_loss	66809.0913086
batch	7410	valid_loss	66770.3383789
batch	7440	valid_loss	66710.0209961
batch	7470	valid_loss	66689.421875
batch	7500	valid_loss	66687.3037109
batch	7530	valid_loss	66754.7412109
batch	7560	valid_loss	66738.3754883
batch	7590	valid_loss	66740.9829102
batch	7620	valid_loss	66680.296875
batch	7650	valid_loss	66726.2358398
batch	7680	valid_loss	66795.7607422
batch	7710	valid_loss	66690.5097656
batch	7740	valid_loss	66752.6464844
batch	7770	valid_loss	66639.5239258
batch	7800	valid_loss	66691.3232422
batch	7830	valid_loss	66694.9428711
batch	7860	valid_loss	66625.0541992
batch	7890	valid_loss	66554.9545898
batch	7920	valid_loss	66650.9682617
batch	7950	valid_loss	66608.9462891
batch	7980	valid_loss	66622.7768555
batch	8010	valid_loss	66637.3203125
batch	8040	valid_loss	66618.6069336
batch	8070	valid_loss	66613.4287109
batch	8100	valid_loss	66638.7387695
batch	8130	valid_loss	66586.3959961
batch	8160	valid_loss	66615.5507812
batch	8190	valid_loss	66574.9384766
batch	8220	valid_loss	66669.5
batch	8250	valid_loss	66635.4375
batch	8280	valid_loss	66601.621582
batch	8310	valid_loss	66653.7124023
batch	8340	valid_loss	66521.1367188
batch	8370	valid_loss	66576.8398438
batch	8400	valid_loss	66546.371582
batch	8430	valid_loss	66551.4790039
batch	8460	valid_loss	66623.5595703
batch	8490	valid_loss	66462.5756836
batch	8520	valid_loss	66521.2915039
batch	8550	valid_loss	66552.4272461
batch	8580	valid_loss	66558.7983398
batch	8610	valid_loss	66592.8007812
batch	8640	valid_loss	66459.6328125
batch	8670	valid_loss	66488.7353516
batch	8700	valid_loss	66496.4072266
batch	8730	valid_loss	66585.1665039
batch	8760	valid_loss	66429.1845703
batch	8790	valid_loss	66494.2143555
batch	8820	valid_loss	66431.2558594
batch	8850	valid_loss	66412.4472656
batch	8880	valid_loss	66450.2114258
batch	8910	valid_loss	66534.6875
batch	8940	valid_loss	66478.1533203
batch	8970	valid_loss	66494.8164062
batch	9000	valid_loss	66529.7626953
batch	9030	valid_loss	66407.4038086
batch	9060	valid_loss	66446.2480469
batch	9090	valid_loss	66491.8222656
batch	9120	valid_loss	66455.4799805
batch	9150	valid_loss	66413.4956055
batch	9180	valid_loss	66364.8374023
batch	9210	valid_loss	66395.8085938
batch	9240	valid_loss	66436.3613281
batch	9270	valid_loss	66443.7246094
batch	9300	valid_loss	66478.6010742
batch	9330	valid_loss	66359.984375
batch	9360	valid_loss	66374.2993164
batch	9390	valid_loss	66384.9179688
batch	9420	valid_loss	66319.0610352
batch	9450	valid_loss	66320.8032227
batch	9480	valid_loss	66327.0893555
batch	9510	valid_loss	66363.9477539
batch	9540	valid_loss	66323.3955078
batch	9570	valid_loss	66299.3896484
batch	9600	valid_loss	66315.8212891
batch	9630	valid_loss	66276.7524414
batch	9660	valid_loss	66351.78125
batch	9690	valid_loss	66313.296875
batch	9720	valid_loss	66369.6518555
batch	9750	valid_loss	66324.4790039
batch	9780	valid_loss	66328.796875
batch	9810	valid_loss	66328.1865234
batch	9840	valid_loss	66320.5927734
batch	9870	valid_loss	66393.4941406
batch	9900	valid_loss	66230.3793945
batch	9930	valid_loss	66275.6079102
batch	9960	valid_loss	66220.2919922
batch	9990	valid_loss	66266.2333984
batch	10020	valid_loss	66348.5366211
batch	10050	valid_loss	66205.9033203
batch	10080	valid_loss	66206.237793
batch	10110	valid_loss	66280.6743164
batch	10140	valid_loss	66299.3876953
batch	10170	valid_loss	66307.4755859
batch	10200	valid_loss	66163.9189453
batch	10230	valid_loss	66207.3823242
batch	10260	valid_loss	66204.1499023
batch	10290	valid_loss	66237.9038086
batch	10320	valid_loss	66187.0356445
batch	10350	valid_loss	66233.3681641
batch	10380	valid_loss	66183.9775391
batch	10410	valid_loss	66118.1552734
batch	10440	valid_loss	66119.7402344
batch	10470	valid_loss	66258.5317383
batch	10500	valid_loss	66181.3300781
batch	10530	valid_loss	66176.6489258
batch	10560	valid_loss	66227.7041016
batch	10590	valid_loss	66163.472168
batch	10620	valid_loss	66151.1293945
batch	10650	valid_loss	66144.6396484
batch	10680	valid_loss	66183.371582
batch	10710	valid_loss	66070.519043
batch	10740	valid_loss	66080.1069336
batch	10770	valid_loss	66057.6513672
batch	10800	valid_loss	66129.8305664
batch	10830	valid_loss	66141.7817383
batch	10860	valid_loss	66168.2695312
batch	10890	valid_loss	66030.3256836
batch	10920	valid_loss	66031.2880859
batch	10950	valid_loss	66055.0678711
batch	10980	valid_loss	66012.4008789
batch	11010	valid_loss	66029.4814453
batch	11040	valid_loss	65997.7871094
batch	11070	valid_loss	66036.7226562
batch	11100	valid_loss	65948.7001953
batch	11130	valid_loss	65992.6323242
batch	11160	valid_loss	66039.6040039
batch	11190	valid_loss	65955.3173828
batch	11220	valid_loss	65981.4667969
batch	11250	valid_loss	65995.2587891
batch	11280	valid_loss	65994.8735352
batch	11310	valid_loss	65968.3681641
batch	11340	valid_loss	65987.4077148
batch	11370	valid_loss	65925.9370117
batch	11400	valid_loss	65904.2416992
batch	11430	valid_loss	65950.5507812
batch	11460	valid_loss	65914.9575195
batch	11490	valid_loss	65933.4912109
batch	11520	valid_loss	65817.9970703
batch	11550	valid_loss	65859.7573242
batch	11580	valid_loss	65925.9331055
batch	11610	valid_loss	65861.4389648
batch	11640	valid_loss	65816.0732422
batch	11670	valid_loss	65850.3310547
batch	11700	valid_loss	65902.6420898
batch	11730	valid_loss	65866.9550781
batch	11760	valid_loss	65766.0444336
batch	11790	valid_loss	65791.0185547
batch	11820	valid_loss	65789.0483398
batch	11850	valid_loss	65789.4296875
batch	11880	valid_loss	65779.5981445
batch	11910	valid_loss	65773.7246094
batch	11940	valid_loss	65730.7978516
batch	11970	valid_loss	65664.4174805
batch	12000	valid_loss	65672.722168
batch	12030	valid_loss	65794.7421875
batch	12060	valid_loss	65716.4541016
batch	12090	valid_loss	65661.6728516
batch	12120	valid_loss	65743.4882812
batch	12150	valid_loss	65669.9433594
batch	12180	valid_loss	65644.1953125
batch	12210	valid_loss	65611.1425781
batch	12240	valid_loss	65696.1005859
batch	12270	valid_loss	65567.734375
batch	12300	valid_loss	65578.3452148
batch	12330	valid_loss	65533.6494141
batch	12360	valid_loss	65622.6884766
batch	12390	valid_loss	65575.1132812
batch	12420	valid_loss	65523.9589844
batch	12450	valid_loss	65469.0166016
batch	12480	valid_loss	65462.9921875
batch	12510	valid_loss	65499.7172852
batch	12540	valid_loss	65422.6547852
batch	12570	valid_loss	65409.9257812
batch	12600	valid_loss	65431.8388672
batch	12630	valid_loss	65417.0390625
batch	12660	valid_loss	65304.9082031
batch	12690	valid_loss	65401.3227539
batch	12720	valid_loss	65362.3823242
batch	12750	valid_loss	65324.4482422
batch	12780	valid_loss	65337.5068359
batch	12810	valid_loss	65315.3188477
batch	12840	valid_loss	65323.0488281
batch	12870	valid_loss	65251.3466797
batch	12900	valid_loss	65297.9350586
batch	12930	valid_loss	65203.9448242
batch	12960	valid_loss	65139.8310547
batch	12990	valid_loss	65106.8051758
batch	13020	valid_loss	65148.7006836
batch	13050	valid_loss	65186.0029297
batch	13080	valid_loss	65043.2700195
batch	13110	valid_loss	65061.6816406
batch	13140	valid_loss	65113.8818359
batch	13170	valid_loss	65010.8325195
batch	13200	valid_loss	64972.7597656
batch	13230	valid_loss	64970.0498047
batch	13260	valid_loss	65020.8950195
batch	13290	valid_loss	64929.5683594
batch	13320	valid_loss	64834.2089844
batch	13350	valid_loss	64827.4907227
batch	13380	valid_loss	64817.2802734
batch	13410	valid_loss	64753.8764648
batch	13440	valid_loss	64745.9570312
batch	13470	valid_loss	64751.8476562
batch	13500	valid_loss	64689.1875
batch	13530	valid_loss	64616.4746094
batch	13560	valid_loss	64543.5517578
batch	13590	valid_loss	64639.8276367
batch	13620	valid_loss	64526.4941406
batch	13650	valid_loss	64475.0043945
batch	13680	valid_loss	64536.5405273
batch	13710	valid_loss	64458.1870117
batch	13740	valid_loss	64376.5146484
batch	13770	valid_loss	64370.1694336
batch	13800	valid_loss	64459.2148438
batch	13830	valid_loss	64284.2202148
batch	13860	valid_loss	64278.1845703
batch	13890	valid_loss	64177.0053711
batch	13920	valid_loss	64269.980957
batch	13950	valid_loss	64175.9038086
batch	13980	valid_loss	64089.5712891
batch	14010	valid_loss	64025.4404297
batch	14040	valid_loss	64043.59375
batch	14070	valid_loss	64052.5693359
batch	14100	valid_loss	63956.5761719
batch	14130	valid_loss	63924.2729492
batch	14160	valid_loss	63914.3261719
batch	14190	valid_loss	63863.0639648
batch	14220	valid_loss	63757.8134766
batch	14250	valid_loss	63843.3745117
batch	14280	valid_loss	63776.8515625
batch	14310	valid_loss	63721.387207
batch	14340	valid_loss	63728.5092773
batch	14370	valid_loss	63695.7172852
batch	14400	valid_loss	63719.8579102
batch	14430	valid_loss	63581.5776367
batch	14460	valid_loss	63635.2495117
batch	14490	valid_loss	63523.0717773
batch	14520	valid_loss	63476.3222656
batch	14550	valid_loss	63404.1704102
batch	14580	valid_loss	63406.3461914
batch	14610	valid_loss	63469.4448242
batch	14640	valid_loss	63295.0234375
batch	14670	valid_loss	63334.5620117
batch	14700	valid_loss	63375.9868164
batch	14730	valid_loss	63246.9663086
batch	14760	valid_loss	63203.3007812
batch	14790	valid_loss	63214.1113281
batch	14820	valid_loss	63243.3554688
batch	14850	valid_loss	63164.6899414
batch	14880	valid_loss	63056.8491211
batch	14910	valid_loss	63023.1884766
batch	14940	valid_loss	63033.5058594
batch	14970	valid_loss	62953.5991211
batch	15000	valid_loss	62978.53125
batch	15030	valid_loss	62984.2583008
batch	15060	valid_loss	62892.2172852
batch	15090	valid_loss	62819.5483398
batch	15120	valid_loss	62731.5795898
batch	15150	valid_loss	62815.5439453
batch	15180	valid_loss	62709.71875
batch	15210	valid_loss	62674.5849609
batch	15240	valid_loss	62720.1777344
batch	15270	valid_loss	62680.1015625
batch	15300	valid_loss	62576.2636719
batch	15330	valid_loss	62593.7578125
batch	15360	valid_loss	62626.2236328
batch	15390	valid_loss	62491.7666016
batch	15420	valid_loss	62474.7368164
batch	15450	valid_loss	62356.078125
batch	15480	valid_loss	62451.9316406
batch	15510	valid_loss	62356.3364258
batch	15540	valid_loss	62273.2553711
batch	15570	valid_loss	62205.5053711
batch	15600	valid_loss	62209.9379883
batch	15630	valid_loss	62257.2124023
batch	15660	valid_loss	62116.3535156
batch	15690	valid_loss	62091.5883789
batch	15720	valid_loss	62066.3623047
batch	15750	valid_loss	62016.7167969
batch	15780	valid_loss	61924.6308594
batch	15810	valid_loss	61997.9467773
batch	15840	valid_loss	61923.2900391
batch	15870	valid_loss	61864.0761719
batch	15900	valid_loss	61901.6420898
batch	15930	valid_loss	61846.6821289
batch	15960	valid_loss	61880.8583984
batch	15990	valid_loss	61714.8364258
batch	16020	valid_loss	61782.0004883
batch	16050	valid_loss	61654.847168
batch	16080	valid_loss	61598.996582
batch	16110	valid_loss	61530.2260742
batch	16140	valid_loss	61528.9780273
batch	16170	valid_loss	61623.1977539
batch	16200	valid_loss	61410.1030273
batch	16230	valid_loss	61456.8818359
batch	16260	valid_loss	61497.9697266
batch	16290	valid_loss	61352.7490234
batch	16320	valid_loss	61334.8320312
batch	16350	valid_loss	61338.3232422
batch	16380	valid_loss	61358.5239258
batch	16410	valid_loss	61276.7929688
batch	16440	valid_loss	61161.6044922
batch	16470	valid_loss	61140.7910156
batch	16500	valid_loss	61149.6245117
batch	16530	valid_loss	61055.7490234
batch	16560	valid_loss	61127.5302734
batch	16590	valid_loss	61087.3662109
batch	16620	valid_loss	61000.7739258
batch	16650	valid_loss	60934.3310547
batch	16680	valid_loss	60831.3491211
batch	16710	valid_loss	60912.7817383
batch	16740	valid_loss	60821.5913086
batch	16770	valid_loss	60795.9233398
batch	16800	valid_loss	60818.3413086
batch	16830	valid_loss	60810.7045898
batch	16860	valid_loss	60704.7333984
batch	16890	valid_loss	60713.0029297
batch	16920	valid_loss	60707.7958984
batch	16950	valid_loss	60604.4130859
batch	16980	valid_loss	60592.8720703
batch	17010	valid_loss	60467.6542969
batch	17040	valid_loss	60580.7456055
batch	17070	valid_loss	60488.6972656
batch	17100	valid_loss	60416.9262695
batch	17130	valid_loss	60338.6791992
batch	17160	valid_loss	60362.8994141
batch	17190	valid_loss	60412.4584961
batch	17220	valid_loss	60234.0981445
batch	17250	valid_loss	60233.5327148
batch	17280	valid_loss	60218.8837891
batch	17310	valid_loss	60185.7666016
batch	17340	valid_loss	60060.753418
batch	17370	valid_loss	60185.1040039
batch	17400	valid_loss	60116.1098633
batch	17430	valid_loss	60054.2041016
batch	17460	valid_loss	60097.1293945
batch	17490	valid_loss	60048.7529297
batch	17520	valid_loss	60076.0688477
batch	17550	valid_loss	59922.9682617
batch	17580	valid_loss	59975.3422852
batch	17610	valid_loss	59876.2495117
batch	17640	valid_loss	59812.4492188
batch	17670	valid_loss	59764.5737305
batch	17700	valid_loss	59761.4125977
batch	17730	valid_loss	59882.6469727
batch	17760	valid_loss	59652.9345703
batch	17790	valid_loss	59709.2983398
batch	17820	valid_loss	59758.8393555
batch	17850	valid_loss	59593.2626953
batch	17880	valid_loss	59594.0258789
batch	17910	valid_loss	59598.4160156
batch	17940	valid_loss	59649.5639648
batch	17970	valid_loss	59578.3320312
batch	18000	valid_loss	59431.4521484
batch	18030	valid_loss	59456.4936523
batch	18060	valid_loss	59462.9067383
batch	18090	valid_loss	59384.1083984
batch	18120	valid_loss	59478.1191406
batch	18150	valid_loss	59385.512207
batch	18180	valid_loss	59333.0522461
batch	18210	valid_loss	59282.7597656
batch	18240	valid_loss	59179.0507812
batch	18270	valid_loss	59263.7734375
batch	18300	valid_loss	59191.1279297
batch	18330	valid_loss	59167.5854492
batch	18360	valid_loss	59190.9013672
batch	18390	valid_loss	59214.0205078
batch	18420	valid_loss	59095.4663086
batch	18450	valid_loss	59103.9858398
batch	18480	valid_loss	59111.4511719
batch	18510	valid_loss	59016.2236328
batch	18540	valid_loss	59018.5112305
batch	18570	valid_loss	58898.5083008
batch	18600	valid_loss	59027.3178711
batch	18630	valid_loss	58920.8100586
batch	18660	valid_loss	58884.4360352
batch	18690	valid_loss	58788.4482422
batch	18720	valid_loss	58839.5029297
batch	18750	valid_loss	58881.4013672
batch	18780	valid_loss	58707.4628906
batch	18810	valid_loss	58712.6577148
batch	18840	valid_loss	58716.4189453
batch	18870	valid_loss	58704.7016602
batch	18900	valid_loss	58545.8232422
batch	18930	valid_loss	58684.6904297
batch	18960	valid_loss	58644.2294922
batch	18990	valid_loss	58584.3837891
batch	19020	valid_loss	58630.3149414
batch	19050	valid_loss	58595.3911133
batch	19080	valid_loss	58613.097168
batch	19110	valid_loss	58471.2275391
batch	19140	valid_loss	58535.5507812
batch	19170	valid_loss	58465.5551758
batch	19200	valid_loss	58386.6635742
batch	19230	valid_loss	58337.1064453
batch	19260	valid_loss	58341.7246094
batch	19290	valid_loss	58477.2753906
batch	19320	valid_loss	58244.3413086
batch	19350	valid_loss	58298.7661133
batch	19380	valid_loss	58368.9418945
batch	19410	valid_loss	58193.199707
batch	19440	valid_loss	58198.3793945
batch	19470	valid_loss	58221.9326172
batch	19500	valid_loss	58295.8452148
batch	19530	valid_loss	58236.4003906
batch	19560	valid_loss	58051.4277344
batch	19590	valid_loss	58108.328125
batch	19620	valid_loss	58124.0751953
batch	19650	valid_loss	58051.7548828
batch	19680	valid_loss	58138.1904297
batch	19710	valid_loss	58035.9125977
batch	19740	valid_loss	58008.8144531
batch	19770	valid_loss	57968.7314453
batch	19800	valid_loss	57869.862793
batch	19830	valid_loss	57939.2197266
batch	19860	valid_loss	57901.934082
batch	19890	valid_loss	57871.7246094
batch	19920	valid_loss	57903.3046875
batch	19950	valid_loss	57937.3486328
batch	19980	valid_loss	57805.894043
batch	20010	valid_loss	57813.8105469
batch	20040	valid_loss	57836.7763672
batch	20070	valid_loss	57754.8549805
batch	20100	valid_loss	57755.8828125
batch	20130	valid_loss	57631.8676758
batch	20160	valid_loss	57765.1728516
batch	20190	valid_loss	57675.9960938
batch	20220	valid_loss	57660.2539062
batch	20250	valid_loss	57554.5605469
batch	20280	valid_loss	57617.7163086
batch	20310	valid_loss	57659.7797852
batch	20340	valid_loss	57479.6367188
batch	20370	valid_loss	57490.9785156
batch	20400	valid_loss	57502.1660156
batch	20430	valid_loss	57515.4267578
batch	20460	valid_loss	57338.4716797
batch	20490	valid_loss	57470.3696289
batch	20520	valid_loss	57453.7416992
batch	20550	valid_loss	57391.8613281
batch	20580	valid_loss	57448.4941406
batch	20610	valid_loss	57413.1738281
batch	20640	valid_loss	57422.4975586
batch	20670	valid_loss	57303.3466797
batch	20700	valid_loss	57366.4916992
batch	20730	valid_loss	57315.4204102
batch	20760	valid_loss	57230.4951172
batch	20790	valid_loss	57166.7241211
batch	20820	valid_loss	57180.7915039
batch	20850	valid_loss	57328.6557617
batch	20880	valid_loss	57101.1801758
batch	20910	valid_loss	57139.581543
batch	20940	valid_loss	57231.2080078
batch	20970	valid_loss	57060.3632812
batch	21000	valid_loss	57067.5341797
batch	21030	valid_loss	57110.5737305
batch	21060	valid_loss	57172.5375977
batch	21090	valid_loss	57148.3798828
batch	21120	valid_loss	56926.309082
batch	21150	valid_loss	57007.1166992
batch	21180	valid_loss	57030.027832
batch	21210	valid_loss	56961.4858398
batch	21240	valid_loss	57026.2006836
batch	21270	valid_loss	56941.5141602
batch	21300	valid_loss	56928.1464844
batch	21330	valid_loss	56882.4482422
batch	21360	valid_loss	56795.2182617
batch	21390	valid_loss	56849.2441406
batch	21420	valid_loss	56856.7236328
batch	21450	valid_loss	56812.7675781
batch	21480	valid_loss	56848.8632812
batch	21510	valid_loss	56881.0014648
batch	21540	valid_loss	56746.9960938
batch	21570	valid_loss	56755.190918
batch	21600	valid_loss	56783.8076172
batch	21630	valid_loss	56717.9189453
batch	21660	valid_loss	56714.847168
batch	21690	valid_loss	56592.9912109
batch	21720	valid_loss	56723.4003906
batch	21750	valid_loss	56654.8945312
batch	21780	valid_loss	56647.8217773
batch	21810	valid_loss	56543.894043
batch	21840	valid_loss	56621.9648438
batch	21870	valid_loss	56656.4907227
batch	21900	valid_loss	56468.8461914
batch	21930	valid_loss	56481.0493164
batch	21960	valid_loss	56505.1967773
batch	21990	valid_loss	56538.675293
batch	22020	valid_loss	56353.3974609
batch	22050	valid_loss	56468.0087891
batch	22080	valid_loss	56478.8393555
batch	22110	valid_loss	56408.4228516
batch	22140	valid_loss	56482.1054688
batch	22170	valid_loss	56446.6850586
batch	22200	valid_loss	56455.9262695
batch	22230	valid_loss	56350.5927734
batch	22260	valid_loss	56406.6547852
batch	22290	valid_loss	56366.3012695
batch	22320	valid_loss	56285.9448242
batch	22350	valid_loss	56209.722168
batch	22380	valid_loss	56232.1625977
batch	22410	valid_loss	56384.7973633
batch	22440	valid_loss	56166.6103516
batch	22470	valid_loss	56182.3339844
batch	22500	valid_loss	56300.0922852
batch	22530	valid_loss	56138.2709961
batch	22560	valid_loss	56155.027832
batch	22590	valid_loss	56204.0288086
batch	22620	valid_loss	56251.1425781
batch	22650	valid_loss	56265.362793
batch	22680	valid_loss	56011.2338867
batch	22710	valid_loss	56114.6518555
batch	22740	valid_loss	56140.0341797
batch	22770	valid_loss	56066.4858398
batch	22800	valid_loss	56118.0913086
batch	22830	valid_loss	56050.5483398
batch	22860	valid_loss	56056.7988281
batch	22890	valid_loss	55991.21875
batch	22920	valid_loss	55916.3056641
batch	22950	valid_loss	55955.3120117
batch	22980	valid_loss	56000.9365234
batch	23010	valid_loss	55951.4492188
batch	23040	valid_loss	55991.6513672
batch	23070	valid_loss	56020.4897461
batch	23100	valid_loss	55887.4291992
batch	23130	valid_loss	55897.2583008
batch	23160	valid_loss	55923.4277344
batch	23190	valid_loss	55871.7504883
batch	23220	valid_loss	55862.8452148
batch	23250	valid_loss	55755.2338867
batch	23280	valid_loss	55868.3652344
batch	23310	valid_loss	55825.9887695
batch	23340	valid_loss	55822.7138672
batch	23370	valid_loss	55716.0498047
batch	23400	valid_loss	55812.7539062
batch	23430	valid_loss	55831.5341797
batch	23460	valid_loss	55640.972168
batch	23490	valid_loss	55656.5639648
batch	23520	valid_loss	55693.3344727
batch	23550	valid_loss	55742.8515625
batch	23580	valid_loss	55548.3696289
batch	23610	valid_loss	55649.5410156
batch	23640	valid_loss	55681.7241211
batch	23670	valid_loss	55598.8945312
batch	23700	valid_loss	55683.1821289
batch	23730	valid_loss	55656.09375
batch	23760	valid_loss	55675.8398438
batch	23790	valid_loss	55564.2441406
batch	23820	valid_loss	55621.6831055
batch	23850	valid_loss	55582.6918945
batch	23880	valid_loss	55515.7001953
batch	23910	valid_loss	55428.2661133
batch	23940	valid_loss	55453.1938477
batch	23970	valid_loss	55603.9814453
batch	24000	valid_loss	55397.6875
batch	24030	valid_loss	55393.8632812
batch	24060	valid_loss	55536.6020508
batch	24090	valid_loss	55376.1484375
batch	24120	valid_loss	55407.0253906
batch	24150	valid_loss	55457.1464844
batch	24180	valid_loss	55490.7583008
batch	24210	valid_loss	55530.2817383
batch	24240	valid_loss	55258.1713867
batch	24270	valid_loss	55375.1396484
batch	24300	valid_loss	55400.034668
batch	24330	valid_loss	55319.3632812
batch	24360	valid_loss	55369.6489258
batch	24390	valid_loss	55307.2924805
batch	24420	valid_loss	55330.8828125
batch	24450	valid_loss	55246.7822266
batch	24480	valid_loss	55180.8652344
batch	24510	valid_loss	55210.0024414
batch	24540	valid_loss	55276.5234375
batch	24570	valid_loss	55228.2548828
batch	24600	valid_loss	55271.0449219
batch	24630	valid_loss	55300.2861328
batch	24660	valid_loss	55169.9150391
batch	24690	valid_loss	55184.3334961
batch	24720	valid_loss	55198.6049805
batch	24750	valid_loss	55156.5249023
batch	24780	valid_loss	55140.7314453
batch	24810	valid_loss	55051.0449219
batch	24840	valid_loss	55142.7880859
batch	24870	valid_loss	55126.8417969
batch	24900	valid_loss	55127.6640625
batch	24930	valid_loss	55015.6586914
batch	24960	valid_loss	55121.8623047
batch	24990	valid_loss	55134.2587891
STOP
START
config	300	20	300	1140
batch	0	valid_loss	8876302.625
batch	30	valid_loss	219001.955078
batch	60	valid_loss	102219.173828
batch	90	valid_loss	96266.0810547
batch	120	valid_loss	95982.5761719
batch	150	valid_loss	95935.3525391
batch	180	valid_loss	95955.9658203
batch	210	valid_loss	95984.5458984
batch	240	valid_loss	95937.0625
batch	270	valid_loss	95885.4384766
batch	300	valid_loss	95793.7783203
batch	330	valid_loss	95746.3662109
batch	360	valid_loss	95517.1826172
batch	390	valid_loss	95460.3652344
batch	420	valid_loss	94980.1523438
batch	450	valid_loss	94304.5800781
batch	480	valid_loss	93572.3217773
batch	510	valid_loss	92575.46875
batch	540	valid_loss	91566.5786133
batch	570	valid_loss	90527.9980469
batch	600	valid_loss	89631.8676758
batch	630	valid_loss	88949.6445312
batch	660	valid_loss	88332.0253906
batch	690	valid_loss	87989.6728516
batch	720	valid_loss	87507.7402344
batch	750	valid_loss	87279.4902344
batch	780	valid_loss	86950.7358398
batch	810	valid_loss	86759.1889648
batch	840	valid_loss	86539.7861328
batch	870	valid_loss	86207.703125
batch	900	valid_loss	85983.0205078
batch	930	valid_loss	85848.9516602
batch	960	valid_loss	85609.7241211
batch	990	valid_loss	85270.2729492
batch	1020	valid_loss	84937.4829102
batch	1050	valid_loss	84741.7817383
batch	1080	valid_loss	84427.1025391
batch	1110	valid_loss	84170.6796875
batch	1140	valid_loss	83929.6323242
batch	1170	valid_loss	83680.1630859
batch	1200	valid_loss	83435.9541016
batch	1230	valid_loss	83232.2573242
batch	1260	valid_loss	82985.7612305
batch	1290	valid_loss	82766.5620117
batch	1320	valid_loss	82545.3134766
batch	1350	valid_loss	82193.7949219
batch	1380	valid_loss	81948.3046875
batch	1410	valid_loss	81708.6035156
batch	1440	valid_loss	81507.2651367
batch	1470	valid_loss	81207.5107422
batch	1500	valid_loss	80908.777832
batch	1530	valid_loss	80563.8623047
batch	1560	valid_loss	80361.0463867
batch	1590	valid_loss	80058.34375
batch	1620	valid_loss	79786.9599609
batch	1650	valid_loss	79506.6225586
batch	1680	valid_loss	79245.9848633
batch	1710	valid_loss	78964.1005859
batch	1740	valid_loss	78711.1201172
batch	1770	valid_loss	78465.4165039
batch	1800	valid_loss	78157.4384766
batch	1830	valid_loss	78058.5380859
batch	1860	valid_loss	77766.4057617
batch	1890	valid_loss	77612.1181641
batch	1920	valid_loss	77320.6328125
batch	1950	valid_loss	77195.2192383
batch	1980	valid_loss	76967.8706055
batch	2010	valid_loss	76719.3579102
batch	2040	valid_loss	76543.1552734
batch	2070	valid_loss	76410.5410156
batch	2100	valid_loss	76162.7929688
batch	2130	valid_loss	75906.0864258
batch	2160	valid_loss	75720.4697266
batch	2190	valid_loss	75559.1396484
batch	2220	valid_loss	75392.6425781
batch	2250	valid_loss	75085.0751953
batch	2280	valid_loss	74763.2363281
batch	2310	valid_loss	74599.0263672
batch	2340	valid_loss	74369.5878906
batch	2370	valid_loss	74239.3520508
batch	2400	valid_loss	74008.9848633
batch	2430	valid_loss	73725.7661133
batch	2460	valid_loss	73561.2001953
batch	2490	valid_loss	73365.5546875
batch	2520	valid_loss	73144.8691406
batch	2550	valid_loss	72949.9570312
batch	2580	valid_loss	72720.7299805
batch	2610	valid_loss	72639.2744141
batch	2640	valid_loss	72495.0239258
batch	2670	valid_loss	72281.9213867
batch	2700	valid_loss	72166.3925781
batch	2730	valid_loss	71942.1049805
batch	2760	valid_loss	71845.7089844
batch	2790	valid_loss	71711.9624023
batch	2820	valid_loss	71540.4121094
batch	2850	valid_loss	71370.9179688
batch	2880	valid_loss	71356.7475586
batch	2910	valid_loss	71163.190918
batch	2940	valid_loss	71040.4135742
batch	2970	valid_loss	70994.7734375
batch	3000	valid_loss	71015.2246094
batch	3030	valid_loss	70730.7998047
batch	3060	valid_loss	70713.3618164
batch	3090	valid_loss	70613.2270508
batch	3120	valid_loss	70530.4941406
batch	3150	valid_loss	70500.934082
batch	3180	valid_loss	70291.5478516
batch	3210	valid_loss	70257.3222656
batch	3240	valid_loss	70146.7661133
batch	3270	valid_loss	70044.4990234
batch	3300	valid_loss	70018.784668
batch	3330	valid_loss	69902.3251953
batch	3360	valid_loss	69871.949707
batch	3390	valid_loss	69923.9731445
batch	3420	valid_loss	69679.2949219
batch	3450	valid_loss	69676.1865234
batch	3480	valid_loss	69638.9584961
batch	3510	valid_loss	69557.0795898
batch	3540	valid_loss	69475.4130859
batch	3570	valid_loss	69426.0405273
batch	3600	valid_loss	69338.8203125
batch	3630	valid_loss	69373.3383789
batch	3660	valid_loss	69259.1557617
batch	3690	valid_loss	69204.1220703
batch	3720	valid_loss	69155.5444336
batch	3750	valid_loss	69098.2006836
batch	3780	valid_loss	69056.0585938
batch	3810	valid_loss	68981.7460938
batch	3840	valid_loss	68762.3999023
batch	3870	valid_loss	68873.1762695
batch	3900	valid_loss	68816.1748047
batch	3930	valid_loss	68806.4897461
batch	3960	valid_loss	68774.3149414
batch	3990	valid_loss	68693.0024414
batch	4020	valid_loss	68634.8730469
batch	4050	valid_loss	68665.3217773
batch	4080	valid_loss	68574.3632812
batch	4110	valid_loss	68555.8540039
batch	4140	valid_loss	68449.4423828
batch	4170	valid_loss	68517.7280273
batch	4200	valid_loss	68466.7084961
batch	4230	valid_loss	68459.28125
batch	4260	valid_loss	68378.0444336
batch	4290	valid_loss	68282.8671875
batch	4320	valid_loss	68410.9262695
batch	4350	valid_loss	68279.9882812
batch	4380	valid_loss	68199.612793
batch	4410	valid_loss	68159.0634766
batch	4440	valid_loss	68277.6186523
batch	4470	valid_loss	68193.9023438
batch	4500	valid_loss	68080.9365234
batch	4530	valid_loss	68104.0322266
batch	4560	valid_loss	68218.7050781
batch	4590	valid_loss	68063.8300781
batch	4620	valid_loss	68038.1171875
batch	4650	valid_loss	67997.043457
batch	4680	valid_loss	67987.527832
batch	4710	valid_loss	67976.8798828
batch	4740	valid_loss	67962.2275391
batch	4770	valid_loss	67923.2807617
batch	4800	valid_loss	67947.7001953
batch	4830	valid_loss	67913.0908203
batch	4860	valid_loss	67895.9160156
batch	4890	valid_loss	67854.5
batch	4920	valid_loss	67826.7651367
batch	4950	valid_loss	67933.4091797
batch	4980	valid_loss	67780.5146484
batch	5010	valid_loss	67782.203125
batch	5040	valid_loss	67757.4414062
batch	5070	valid_loss	67709.2431641
batch	5100	valid_loss	67734.3491211
batch	5130	valid_loss	67754.7539062
batch	5160	valid_loss	67697.5961914
batch	5190	valid_loss	67703.972168
batch	5220	valid_loss	67771.3261719
batch	5250	valid_loss	67732.2768555
batch	5280	valid_loss	67677.0556641
batch	5310	valid_loss	67654.1298828
batch	5340	valid_loss	67689.6254883
batch	5370	valid_loss	67642.8637695
batch	5400	valid_loss	67462.6474609
batch	5430	valid_loss	67651.3168945
batch	5460	valid_loss	67572.934082
batch	5490	valid_loss	67601.9804688
batch	5520	valid_loss	67602.2783203
batch	5550	valid_loss	67633.9287109
batch	5580	valid_loss	67541.5825195
batch	5610	valid_loss	67672.5952148
batch	5640	valid_loss	67532.0834961
batch	5670	valid_loss	67543.7070312
batch	5700	valid_loss	67452.3793945
batch	5730	valid_loss	67609.699707
batch	5760	valid_loss	67540.3012695
batch	5790	valid_loss	67571.1132812
batch	5820	valid_loss	67547.5776367
batch	5850	valid_loss	67480.9853516
batch	5880	valid_loss	67557.2885742
batch	5910	valid_loss	67479.2944336
batch	5940	valid_loss	67408.0830078
batch	5970	valid_loss	67426.480957
batch	6000	valid_loss	67498.8818359
batch	6030	valid_loss	67482.3032227
batch	6060	valid_loss	67398.3935547
batch	6090	valid_loss	67460.9345703
batch	6120	valid_loss	67533.7963867
batch	6150	valid_loss	67438.921875
batch	6180	valid_loss	67395.355957
batch	6210	valid_loss	67386.6972656
batch	6240	valid_loss	67409.546875
batch	6270	valid_loss	67385.3901367
batch	6300	valid_loss	67391.2641602
batch	6330	valid_loss	67333.3637695
batch	6360	valid_loss	67364.4506836
batch	6390	valid_loss	67414.9086914
batch	6420	valid_loss	67357.6674805
batch	6450	valid_loss	67396.5107422
batch	6480	valid_loss	67350.3056641
batch	6510	valid_loss	67435.1103516
batch	6540	valid_loss	67294.7827148
batch	6570	valid_loss	67350.8789062
batch	6600	valid_loss	67302.0791016
batch	6630	valid_loss	67234.1118164
batch	6660	valid_loss	67349.2333984
batch	6690	valid_loss	67357.7553711
batch	6720	valid_loss	67266.2626953
batch	6750	valid_loss	67329.2231445
batch	6780	valid_loss	67315.5703125
batch	6810	valid_loss	67318.5698242
batch	6840	valid_loss	67306.9624023
batch	6870	valid_loss	67257.8032227
batch	6900	valid_loss	67273.5537109
batch	6930	valid_loss	67174.8139648
batch	6960	valid_loss	67140.0522461
batch	6990	valid_loss	67281.7026367
batch	7020	valid_loss	67214.9902344
batch	7050	valid_loss	67271.480957
batch	7080	valid_loss	67182.9262695
batch	7110	valid_loss	67228.7392578
batch	7140	valid_loss	67220.8374023
batch	7170	valid_loss	67327.7407227
batch	7200	valid_loss	67144.2436523
batch	7230	valid_loss	67215.203125
batch	7260	valid_loss	67117.871582
batch	7290	valid_loss	67187.6010742
batch	7320	valid_loss	67230.4819336
batch	7350	valid_loss	67238.1821289
batch	7380	valid_loss	67219.0200195
batch	7410	valid_loss	67195.1323242
batch	7440	valid_loss	67217.2753906
batch	7470	valid_loss	67094.9272461
batch	7500	valid_loss	67092.4423828
batch	7530	valid_loss	67140.3779297
batch	7560	valid_loss	67110.7651367
batch	7590	valid_loss	67125.230957
batch	7620	valid_loss	67060.7768555
batch	7650	valid_loss	67125.2104492
batch	7680	valid_loss	67186.019043
batch	7710	valid_loss	67115.7802734
batch	7740	valid_loss	67150.0141602
batch	7770	valid_loss	67064.5117188
batch	7800	valid_loss	67115.5551758
batch	7830	valid_loss	67095.1313477
batch	7860	valid_loss	67054.6821289
batch	7890	valid_loss	67009.8583984
batch	7920	valid_loss	67045.6279297
batch	7950	valid_loss	67069.6386719
batch	7980	valid_loss	67031.9311523
batch	8010	valid_loss	67063.7055664
batch	8040	valid_loss	67039.7041016
batch	8070	valid_loss	67054.652832
batch	8100	valid_loss	67018.0932617
batch	8130	valid_loss	67049.2036133
batch	8160	valid_loss	67080.5805664
batch	8190	valid_loss	66980.5107422
batch	8220	valid_loss	67077.784668
batch	8250	valid_loss	67093.265625
batch	8280	valid_loss	67044.4692383
batch	8310	valid_loss	67088.0942383
batch	8340	valid_loss	67004.5986328
batch	8370	valid_loss	67024.7265625
batch	8400	valid_loss	66998.2768555
batch	8430	valid_loss	67003.9501953
batch	8460	valid_loss	67011.184082
batch	8490	valid_loss	66892.7841797
batch	8520	valid_loss	66924.3188477
batch	8550	valid_loss	66973.90625
batch	8580	valid_loss	66964.0683594
batch	8610	valid_loss	67035.3613281
batch	8640	valid_loss	66878.5249023
batch	8670	valid_loss	66915.2172852
batch	8700	valid_loss	66936.3222656
batch	8730	valid_loss	67014.8237305
batch	8760	valid_loss	66871.269043
batch	8790	valid_loss	66943.75
batch	8820	valid_loss	66846.1313477
batch	8850	valid_loss	66829.3334961
batch	8880	valid_loss	66931.21875
batch	8910	valid_loss	66889.8208008
batch	8940	valid_loss	66881.0869141
batch	8970	valid_loss	66947.7290039
batch	9000	valid_loss	66980.9013672
batch	9030	valid_loss	66833.2055664
batch	9060	valid_loss	66866.0737305
batch	9090	valid_loss	66914.7353516
batch	9120	valid_loss	66859.644043
batch	9150	valid_loss	66780.8198242
batch	9180	valid_loss	66783.8974609
batch	9210	valid_loss	66824.5400391
batch	9240	valid_loss	66824.2050781
batch	9270	valid_loss	66904.7231445
batch	9300	valid_loss	66937.9111328
batch	9330	valid_loss	66775.4667969
batch	9360	valid_loss	66804.3300781
batch	9390	valid_loss	66739.8120117
batch	9420	valid_loss	66771.1083984
batch	9450	valid_loss	66762.7304688
batch	9480	valid_loss	66703.5
batch	9510	valid_loss	66759.9257812
batch	9540	valid_loss	66722.875
batch	9570	valid_loss	66707.8525391
batch	9600	valid_loss	66751.4179688
batch	9630	valid_loss	66713.9868164
batch	9660	valid_loss	66714.1386719
batch	9690	valid_loss	66772.7998047
batch	9720	valid_loss	66810.2978516
batch	9750	valid_loss	66689.0043945
batch	9780	valid_loss	66714.7919922
batch	9810	valid_loss	66753.4277344
batch	9840	valid_loss	66695.7358398
batch	9870	valid_loss	66742.4228516
batch	9900	valid_loss	66685.7148438
batch	9930	valid_loss	66668.315918
batch	9960	valid_loss	66629.7104492
batch	9990	valid_loss	66635.8173828
batch	10020	valid_loss	66680.6918945
batch	10050	valid_loss	66580.7958984
batch	10080	valid_loss	66552.9379883
batch	10110	valid_loss	66614.559082
batch	10140	valid_loss	66612.1298828
batch	10170	valid_loss	66644.0405273
batch	10200	valid_loss	66543.0849609
batch	10230	valid_loss	66558.2592773
batch	10260	valid_loss	66596.6044922
batch	10290	valid_loss	66580.96875
batch	10320	valid_loss	66550.6865234
batch	10350	valid_loss	66570.9179688
batch	10380	valid_loss	66520.765625
batch	10410	valid_loss	66463.5102539
batch	10440	valid_loss	66474.0805664
batch	10470	valid_loss	66510.5292969
batch	10500	valid_loss	66509.7929688
batch	10530	valid_loss	66473.3032227
batch	10560	valid_loss	66526.5087891
batch	10590	valid_loss	66451.1625977
batch	10620	valid_loss	66476.3974609
batch	10650	valid_loss	66485.0683594
batch	10680	valid_loss	66420.8442383
batch	10710	valid_loss	66338.2729492
batch	10740	valid_loss	66380.4672852
batch	10770	valid_loss	66359.0205078
batch	10800	valid_loss	66379.1645508
batch	10830	valid_loss	66398.7202148
batch	10860	valid_loss	66440.425293
batch	10890	valid_loss	66290.1894531
batch	10920	valid_loss	66279.0058594
batch	10950	valid_loss	66288.9506836
batch	10980	valid_loss	66272.0869141
batch	11010	valid_loss	66242.0507812
batch	11040	valid_loss	66175.0444336
batch	11070	valid_loss	66212.7348633
batch	11100	valid_loss	66167.5400391
batch	11130	valid_loss	66205.565918
batch	11160	valid_loss	66202.8818359
batch	11190	valid_loss	66171.6884766
batch	11220	valid_loss	66114.9238281
batch	11250	valid_loss	66182.9741211
batch	11280	valid_loss	66159.3310547
batch	11310	valid_loss	66094.5473633
batch	11340	valid_loss	66124.078125
batch	11370	valid_loss	66062.3193359
batch	11400	valid_loss	66000.7128906
batch	11430	valid_loss	66001.2685547
batch	11460	valid_loss	66011.6494141
batch	11490	valid_loss	66033.6845703
batch	11520	valid_loss	65913.434082
batch	11550	valid_loss	65896.5849609
batch	11580	valid_loss	65940.9780273
batch	11610	valid_loss	65851.7919922
batch	11640	valid_loss	65781.3266602
batch	11670	valid_loss	65805.6132812
batch	11700	valid_loss	65841.7739258
batch	11730	valid_loss	65808.3237305
batch	11760	valid_loss	65770.4726562
batch	11790	valid_loss	65735.1269531
batch	11820	valid_loss	65721.1352539
batch	11850	valid_loss	65674.6469727
batch	11880	valid_loss	65657.8398438
batch	11910	valid_loss	65665.6816406
batch	11940	valid_loss	65591.0473633
batch	11970	valid_loss	65532.8603516
batch	12000	valid_loss	65494.6782227
batch	12030	valid_loss	65543.484375
batch	12060	valid_loss	65520.0898438
batch	12090	valid_loss	65415.9472656
batch	12120	valid_loss	65478.4907227
batch	12150	valid_loss	65381.6289062
batch	12180	valid_loss	65373.2089844
batch	12210	valid_loss	65341.3198242
batch	12240	valid_loss	65312.1098633
batch	12270	valid_loss	65189.6210938
batch	12300	valid_loss	65227.8100586
batch	12330	valid_loss	65169.9140625
batch	12360	valid_loss	65174.0810547
batch	12390	valid_loss	65150.1621094
batch	12420	valid_loss	65073.0043945
batch	12450	valid_loss	64989.5083008
batch	12480	valid_loss	64983.7617188
batch	12510	valid_loss	65011.0219727
batch	12540	valid_loss	64965.7949219
batch	12570	valid_loss	64877.6796875
batch	12600	valid_loss	64822.5253906
batch	12630	valid_loss	64799.2851562
batch	12660	valid_loss	64731.0092773
batch	12690	valid_loss	64827.2456055
batch	12720	valid_loss	64725.3222656
batch	12750	valid_loss	64729.909668
batch	12780	valid_loss	64658.0932617
batch	12810	valid_loss	64680.8862305
batch	12840	valid_loss	64640.4599609
batch	12870	valid_loss	64569.1611328
batch	12900	valid_loss	64622.5136719
batch	12930	valid_loss	64508.3168945
batch	12960	valid_loss	64445.1206055
batch	12990	valid_loss	64377.5048828
batch	13020	valid_loss	64415.1796875
batch	13050	valid_loss	64462.3525391
batch	13080	valid_loss	64288.0512695
batch	13110	valid_loss	64311.4658203
batch	13140	valid_loss	64337.9604492
batch	13170	valid_loss	64197.4990234
batch	13200	valid_loss	64162.1044922
batch	13230	valid_loss	64174.0864258
batch	13260	valid_loss	64183.706543
batch	13290	valid_loss	64161.5292969
batch	13320	valid_loss	64114.1201172
batch	13350	valid_loss	64057.5332031
batch	13380	valid_loss	64026.519043
batch	13410	valid_loss	63970.277832
batch	13440	valid_loss	63994.362793
batch	13470	valid_loss	63984.1772461
batch	13500	valid_loss	63906.8222656
batch	13530	valid_loss	63860.625
batch	13560	valid_loss	63762.4863281
batch	13590	valid_loss	63810.6210938
batch	13620	valid_loss	63768.9208984
batch	13650	valid_loss	63692.5087891
batch	13680	valid_loss	63774.0473633
batch	13710	valid_loss	63699.972168
batch	13740	valid_loss	63638.2055664
batch	13770	valid_loss	63610.4125977
batch	13800	valid_loss	63599.1791992
batch	13830	valid_loss	63498.3989258
batch	13860	valid_loss	63492.1137695
batch	13890	valid_loss	63449.6943359
batch	13920	valid_loss	63475.0375977
batch	13950	valid_loss	63428.3833008
batch	13980	valid_loss	63351.2441406
batch	14010	valid_loss	63264.0083008
batch	14040	valid_loss	63271.7338867
batch	14070	valid_loss	63294.1513672
batch	14100	valid_loss	63188.3154297
batch	14130	valid_loss	63161.2944336
batch	14160	valid_loss	63107.8349609
batch	14190	valid_loss	63054.6381836
batch	14220	valid_loss	63005.109375
batch	14250	valid_loss	63054.4003906
batch	14280	valid_loss	62973.875
batch	14310	valid_loss	62977.465332
batch	14340	valid_loss	62918.4545898
batch	14370	valid_loss	62929.1054688
batch	14400	valid_loss	62861.6611328
batch	14430	valid_loss	62768.4394531
batch	14460	valid_loss	62824.3447266
batch	14490	valid_loss	62730.737793
batch	14520	valid_loss	62661.3017578
batch	14550	valid_loss	62578.3105469
batch	14580	valid_loss	62586.8613281
batch	14610	valid_loss	62624.9819336
batch	14640	valid_loss	62461.5708008
batch	14670	valid_loss	62483.8496094
batch	14700	valid_loss	62500.2182617
batch	14730	valid_loss	62311.5742188
batch	14760	valid_loss	62291.6196289
batch	14790	valid_loss	62294.3232422
batch	14820	valid_loss	62295.7885742
batch	14850	valid_loss	62262.1992188
batch	14880	valid_loss	62160.1459961
batch	14910	valid_loss	62148.7446289
batch	14940	valid_loss	62100.6708984
batch	14970	valid_loss	62024.1289062
batch	15000	valid_loss	62033.6416016
batch	15030	valid_loss	61994.659668
batch	15060	valid_loss	61942.7338867
batch	15090	valid_loss	61885.6455078
batch	15120	valid_loss	61790.5092773
batch	15150	valid_loss	61827.6923828
batch	15180	valid_loss	61751.6328125
batch	15210	valid_loss	61674.3666992
batch	15240	valid_loss	61751.597168
batch	15270	valid_loss	61692.0424805
batch	15300	valid_loss	61620.1235352
batch	15330	valid_loss	61557.512207
batch	15360	valid_loss	61539.8305664
batch	15390	valid_loss	61458.8208008
batch	15420	valid_loss	61446.4780273
batch	15450	valid_loss	61396.3544922
batch	15480	valid_loss	61393.4853516
batch	15510	valid_loss	61365.3364258
batch	15540	valid_loss	61269.1401367
batch	15570	valid_loss	61186.6665039
batch	15600	valid_loss	61183.6845703
batch	15630	valid_loss	61250.1577148
batch	15660	valid_loss	61065.6235352
batch	15690	valid_loss	61058.4853516
batch	15720	valid_loss	61028.4467773
batch	15750	valid_loss	61001.7910156
batch	15780	valid_loss	60927.4545898
batch	15810	valid_loss	60981.5288086
batch	15840	valid_loss	60909.0390625
batch	15870	valid_loss	60895.8837891
batch	15900	valid_loss	60851.2993164
batch	15930	valid_loss	60863.8232422
batch	15960	valid_loss	60805.1191406
batch	15990	valid_loss	60679.0136719
batch	16020	valid_loss	60739.1108398
batch	16050	valid_loss	60713.3173828
batch	16080	valid_loss	60644.3076172
batch	16110	valid_loss	60541.1274414
batch	16140	valid_loss	60555.8642578
batch	16170	valid_loss	60597.8457031
batch	16200	valid_loss	60452.1777344
batch	16230	valid_loss	60489.1474609
batch	16260	valid_loss	60504.4311523
batch	16290	valid_loss	60333.8481445
batch	16320	valid_loss	60298.8105469
batch	16350	valid_loss	60324.5688477
batch	16380	valid_loss	60341.5234375
batch	16410	valid_loss	60298.8125
batch	16440	valid_loss	60221.7348633
batch	16470	valid_loss	60212.5332031
batch	16500	valid_loss	60196.0332031
batch	16530	valid_loss	60115.0844727
batch	16560	valid_loss	60135.7578125
batch	16590	valid_loss	60097.8037109
batch	16620	valid_loss	60050.2592773
batch	16650	valid_loss	60020.2128906
batch	16680	valid_loss	59959.7866211
batch	16710	valid_loss	59964.0556641
batch	16740	valid_loss	59918.8408203
batch	16770	valid_loss	59838.9057617
batch	16800	valid_loss	59913.5703125
batch	16830	valid_loss	59890.6665039
batch	16860	valid_loss	59824.5966797
batch	16890	valid_loss	59757.7807617
batch	16920	valid_loss	59725.5585938
batch	16950	valid_loss	59685.5263672
batch	16980	valid_loss	59704.1318359
batch	17010	valid_loss	59650.2250977
batch	17040	valid_loss	59642.9765625
batch	17070	valid_loss	59625.9248047
batch	17100	valid_loss	59518.6137695
batch	17130	valid_loss	59479.171875
batch	17160	valid_loss	59489.621582
batch	17190	valid_loss	59551.8525391
batch	17220	valid_loss	59355.2338867
batch	17250	valid_loss	59367.5180664
batch	17280	valid_loss	59339.7104492
batch	17310	valid_loss	59341.1972656
batch	17340	valid_loss	59259.7519531
batch	17370	valid_loss	59355.1748047
batch	17400	valid_loss	59259.3710938
batch	17430	valid_loss	59268.9150391
batch	17460	valid_loss	59232.996582
batch	17490	valid_loss	59238.5751953
batch	17520	valid_loss	59205.3583984
batch	17550	valid_loss	59076.3500977
batch	17580	valid_loss	59140.2763672
batch	17610	valid_loss	59148.1987305
batch	17640	valid_loss	59057.7919922
batch	17670	valid_loss	58964.3330078
batch	17700	valid_loss	58958.1899414
batch	17730	valid_loss	59025.456543
batch	17760	valid_loss	58900.394043
batch	17790	valid_loss	58928.09375
batch	17820	valid_loss	58948.980957
batch	17850	valid_loss	58801.5263672
batch	17880	valid_loss	58761.6689453
batch	17910	valid_loss	58799.1586914
batch	17940	valid_loss	58816.5058594
batch	17970	valid_loss	58783.2148438
batch	18000	valid_loss	58700.9404297
batch	18030	valid_loss	58703.7861328
batch	18060	valid_loss	58708.8295898
batch	18090	valid_loss	58636.2431641
batch	18120	valid_loss	58664.6484375
batch	18150	valid_loss	58621.7617188
batch	18180	valid_loss	58578.6503906
batch	18210	valid_loss	58550.3769531
batch	18240	valid_loss	58486.574707
batch	18270	valid_loss	58508.7763672
batch	18300	valid_loss	58500.1557617
batch	18330	valid_loss	58390.7216797
batch	18360	valid_loss	58481.5561523
batch	18390	valid_loss	58448.2470703
batch	18420	valid_loss	58411.5209961
batch	18450	valid_loss	58343.1259766
batch	18480	valid_loss	58302.3540039
batch	18510	valid_loss	58289.2558594
batch	18540	valid_loss	58304.0180664
batch	18570	valid_loss	58262.8398438
batch	18600	valid_loss	58246.8652344
batch	18630	valid_loss	58217.9135742
batch	18660	valid_loss	58142.0639648
batch	18690	valid_loss	58112.9370117
batch	18720	valid_loss	58129.5756836
batch	18750	valid_loss	58195.6679688
batch	18780	valid_loss	57994.4047852
batch	18810	valid_loss	58011.3588867
batch	18840	valid_loss	57992.0283203
batch	18870	valid_loss	57996.953125
batch	18900	valid_loss	57935.3164062
batch	18930	valid_loss	58000.1708984
batch	18960	valid_loss	57942.418457
batch	18990	valid_loss	57958.7529297
batch	19020	valid_loss	57936.0244141
batch	19050	valid_loss	57933.9926758
batch	19080	valid_loss	57908.7675781
batch	19110	valid_loss	57795.6572266
batch	19140	valid_loss	57843.5717773
batch	19170	valid_loss	57853.0424805
batch	19200	valid_loss	57776.8735352
batch	19230	valid_loss	57698.6552734
batch	19260	valid_loss	57678.7197266
batch	19290	valid_loss	57760.8164062
batch	19320	valid_loss	57645.8945312
batch	19350	valid_loss	57669.5874023
batch	19380	valid_loss	57686.8813477
batch	19410	valid_loss	57561.3178711
batch	19440	valid_loss	57531.5170898
batch	19470	valid_loss	57574.8041992
batch	19500	valid_loss	57606.9033203
batch	19530	valid_loss	57566.9663086
batch	19560	valid_loss	57440.25
batch	19590	valid_loss	57498.300293
batch	19620	valid_loss	57505.5297852
batch	19650	valid_loss	57439.203125
batch	19680	valid_loss	57473.6860352
batch	19710	valid_loss	57432.3393555
batch	19740	valid_loss	57404.8139648
batch	19770	valid_loss	57368.434082
batch	19800	valid_loss	57298.5839844
batch	19830	valid_loss	57349.4794922
batch	19860	valid_loss	57346.34375
batch	19890	valid_loss	57223.7670898
batch	19920	valid_loss	57325.293457
batch	19950	valid_loss	57291.5400391
batch	19980	valid_loss	57271.1162109
batch	20010	valid_loss	57205.9887695
batch	20040	valid_loss	57168.4155273
batch	20070	valid_loss	57166.8364258
batch	20100	valid_loss	57179.3652344
batch	20130	valid_loss	57146.3696289
batch	20160	valid_loss	57124.7231445
batch	20190	valid_loss	57106.8999023
batch	20220	valid_loss	57032.8095703
batch	20250	valid_loss	57027.2851562
batch	20280	valid_loss	57029.378418
batch	20310	valid_loss	57102.0874023
batch	20340	valid_loss	56908.2211914
batch	20370	valid_loss	56911.2246094
batch	20400	valid_loss	56913.3012695
batch	20430	valid_loss	56935.7397461
batch	20460	valid_loss	56852.1166992
batch	20490	valid_loss	56885.2299805
batch	20520	valid_loss	56903.1210938
batch	20550	valid_loss	56900.0195312
batch	20580	valid_loss	56878.4770508
batch	20610	valid_loss	56865.5810547
batch	20640	valid_loss	56869.2539062
batch	20670	valid_loss	56769.9130859
batch	20700	valid_loss	56794.6811523
batch	20730	valid_loss	56809.0727539
batch	20760	valid_loss	56737.4750977
batch	20790	valid_loss	56689.2602539
batch	20820	valid_loss	56642.3359375
batch	20850	valid_loss	56737.5893555
batch	20880	valid_loss	56626.2978516
batch	20910	valid_loss	56659.1777344
batch	20940	valid_loss	56664.2758789
batch	20970	valid_loss	56536.7553711
batch	21000	valid_loss	56538.246582
batch	21030	valid_loss	56567.987793
batch	21060	valid_loss	56626.9057617
batch	21090	valid_loss	56577.0981445
batch	21120	valid_loss	56431.8852539
batch	21150	valid_loss	56514.3510742
batch	21180	valid_loss	56514.9165039
batch	21210	valid_loss	56455.5683594
batch	21240	valid_loss	56496.8300781
batch	21270	valid_loss	56438.6118164
batch	21300	valid_loss	56418.8271484
batch	21330	valid_loss	56400.5097656
batch	21360	valid_loss	56328.0908203
batch	21390	valid_loss	56384.1538086
batch	21420	valid_loss	56372.6079102
batch	21450	valid_loss	56272.8452148
batch	21480	valid_loss	56377.3359375
batch	21510	valid_loss	56336.6313477
batch	21540	valid_loss	56310.409668
batch	21570	valid_loss	56268.762207
batch	21600	valid_loss	56248.3876953
batch	21630	valid_loss	56239.0239258
batch	21660	valid_loss	56256.7006836
batch	21690	valid_loss	56212.6538086
batch	21720	valid_loss	56201.9672852
batch	21750	valid_loss	56183.6489258
batch	21780	valid_loss	56111.7260742
batch	21810	valid_loss	56119.2382812
batch	21840	valid_loss	56120.612793
batch	21870	valid_loss	56182.0644531
batch	21900	valid_loss	56001.1411133
batch	21930	valid_loss	55991.7641602
batch	21960	valid_loss	55995.8891602
batch	21990	valid_loss	56045.8598633
batch	22020	valid_loss	55941.984375
batch	22050	valid_loss	55965.6557617
batch	22080	valid_loss	55999.1352539
batch	22110	valid_loss	56005.6459961
batch	22140	valid_loss	55986.7700195
batch	22170	valid_loss	55961.0166016
batch	22200	valid_loss	55980.1376953
batch	22230	valid_loss	55884.0537109
batch	22260	valid_loss	55904.152832
batch	22290	valid_loss	55929.6645508
batch	22320	valid_loss	55854.4003906
batch	22350	valid_loss	55832.2333984
batch	22380	valid_loss	55776.1186523
batch	22410	valid_loss	55883.8168945
batch	22440	valid_loss	55748.9277344
batch	22470	valid_loss	55794.1157227
batch	22500	valid_loss	55802.1186523
batch	22530	valid_loss	55662.1098633
batch	22560	valid_loss	55707.7729492
batch	22590	valid_loss	55710.4897461
batch	22620	valid_loss	55793.1025391
batch	22650	valid_loss	55728.2451172
batch	22680	valid_loss	55594.6928711
batch	22710	valid_loss	55676.2680664
batch	22740	valid_loss	55664.4912109
batch	22770	valid_loss	55621.7944336
batch	22800	valid_loss	55658.9750977
batch	22830	valid_loss	55589.3398438
batch	22860	valid_loss	55559.2060547
batch	22890	valid_loss	55562.3740234
batch	22920	valid_loss	55494.1704102
batch	22950	valid_loss	55553.9506836
batch	22980	valid_loss	55520.1977539
batch	23010	valid_loss	55443.1342773
batch	23040	valid_loss	55538.8305664
batch	23070	valid_loss	55511.6972656
batch	23100	valid_loss	55482.9077148
batch	23130	valid_loss	55458.9746094
batch	23160	valid_loss	55455.7294922
batch	23190	valid_loss	55428.3027344
batch	23220	valid_loss	55463.1079102
batch	23250	valid_loss	55395.5678711
batch	23280	valid_loss	55401.0439453
batch	23310	valid_loss	55386.4306641
batch	23340	valid_loss	55315.5991211
batch	23370	valid_loss	55328.8164062
batch	23400	valid_loss	55322.8505859
batch	23430	valid_loss	55380.4907227
batch	23460	valid_loss	55206.1298828
batch	23490	valid_loss	55196.8481445
batch	23520	valid_loss	55205.0722656
batch	23550	valid_loss	55275.8564453
batch	23580	valid_loss	55150.6235352
batch	23610	valid_loss	55177.0454102
batch	23640	valid_loss	55216.159668
batch	23670	valid_loss	55225.7109375
batch	23700	valid_loss	55209.519043
batch	23730	valid_loss	55184.8837891
batch	23760	valid_loss	55208.3652344
batch	23790	valid_loss	55095.0678711
batch	23820	valid_loss	55125.8642578
batch	23850	valid_loss	55149.3046875
batch	23880	valid_loss	55081.3964844
batch	23910	valid_loss	55072.824707
batch	23940	valid_loss	55019.1503906
batch	23970	valid_loss	55138.456543
batch	24000	valid_loss	54972.6977539
batch	24030	valid_loss	55032.8242188
batch	24060	valid_loss	55052.5361328
batch	24090	valid_loss	54901.7275391
batch	24120	valid_loss	54975.7050781
batch	24150	valid_loss	54958.0170898
batch	24180	valid_loss	55057.7241211
batch	24210	valid_loss	54986.3125
batch	24240	valid_loss	54876.3295898
batch	24270	valid_loss	54950.8706055
batch	24300	valid_loss	54928.9609375
batch	24330	valid_loss	54892.309082
batch	24360	valid_loss	54924.2607422
batch	24390	valid_loss	54846.1298828
batch	24420	valid_loss	54815.7207031
batch	24450	valid_loss	54839.5615234
batch	24480	valid_loss	54765.6069336
batch	24510	valid_loss	54832.597168
batch	24540	valid_loss	54780.1235352
batch	24570	valid_loss	54726.4204102
batch	24600	valid_loss	54801.1762695
batch	24630	valid_loss	54789.9135742
batch	24660	valid_loss	54776.190918
batch	24690	valid_loss	54757.3530273
batch	24720	valid_loss	54757.4155273
batch	24750	valid_loss	54712.1450195
batch	24780	valid_loss	54771.0527344
batch	24810	valid_loss	54678.8193359
batch	24840	valid_loss	54703.2587891
batch	24870	valid_loss	54687.1147461
batch	24900	valid_loss	54618.706543
batch	24930	valid_loss	54634.1303711
batch	24960	valid_loss	54621.1923828
batch	24990	valid_loss	54686.7543945
STOP
