START
config	320	960
batch	0	valid_loss	174593.714844
batch	20	valid_loss	100243.779297
batch	40	valid_loss	92199.3637695
batch	60	valid_loss	86832.9560547
batch	80	valid_loss	81775.3125
batch	100	valid_loss	76456.3007812
batch	120	valid_loss	71046.9755859
batch	140	valid_loss	65418.7651367
batch	160	valid_loss	59882.7045898
batch	180	valid_loss	54545.8242188
batch	200	valid_loss	49605.1884766
batch	220	valid_loss	45204.0849609
batch	240	valid_loss	41315.3757324
batch	260	valid_loss	37952.6765137
batch	280	valid_loss	35136.4296875
batch	300	valid_loss	32629.4804688
batch	320	valid_loss	30519.2290039
batch	340	valid_loss	28713.4023438
batch	360	valid_loss	27190.6201172
batch	380	valid_loss	25846.6474609
batch	400	valid_loss	24701.4484863
batch	420	valid_loss	23701.708252
batch	440	valid_loss	22843.5019531
batch	460	valid_loss	22066.8209229
batch	480	valid_loss	21402.354248
batch	500	valid_loss	20804.5413818
batch	520	valid_loss	20270.7602539
batch	540	valid_loss	19830.7669678
batch	560	valid_loss	19446.5274658
batch	580	valid_loss	19084.0427246
batch	600	valid_loss	18791.1325684
batch	620	valid_loss	18517.8106689
batch	640	valid_loss	18267.8395996
batch	660	valid_loss	18080.2053223
batch	680	valid_loss	17880.9250488
batch	700	valid_loss	17709.331543
batch	720	valid_loss	17551.6842041
batch	740	valid_loss	17445.0753174
batch	760	valid_loss	17356.6917725
batch	780	valid_loss	17244.5249023
batch	800	valid_loss	17180.7006836
batch	820	valid_loss	17100.7133789
batch	840	valid_loss	17031.5661621
batch	860	valid_loss	16992.6074219
batch	880	valid_loss	16960.607666
batch	900	valid_loss	16907.9553223
batch	920	valid_loss	16861.494751
batch	940	valid_loss	16824.8450928
batch	960	valid_loss	16797.9770508
batch	980	valid_loss	16782.1021729
batch	1000	valid_loss	16741.2589111
batch	1020	valid_loss	16738.7287598
batch	1040	valid_loss	16683.1090088
batch	1060	valid_loss	16703.6572266
batch	1080	valid_loss	16665.1348877
batch	1100	valid_loss	16649.1182861
batch	1120	valid_loss	16642.9486084
batch	1140	valid_loss	16616.9591064
batch	1160	valid_loss	16601.4433594
batch	1180	valid_loss	16586.3933105
batch	1200	valid_loss	16578.3682861
batch	1220	valid_loss	16589.2347412
batch	1240	valid_loss	16564.5467529
batch	1260	valid_loss	16573.5800781
batch	1280	valid_loss	16571.0872803
batch	1300	valid_loss	16563.340332
batch	1320	valid_loss	16547.6286621
batch	1340	valid_loss	16505.265625
batch	1360	valid_loss	16503.2111816
batch	1380	valid_loss	16521.8225098
batch	1400	valid_loss	16536.9926758
batch	1420	valid_loss	16520.8580322
batch	1440	valid_loss	16511.15625
batch	1460	valid_loss	16486.5963135
batch	1480	valid_loss	16481.8280029
batch	1500	valid_loss	16517.4313965
batch	1520	valid_loss	16491.1002197
batch	1540	valid_loss	16495.9971924
batch	1560	valid_loss	16473.9541016
batch	1580	valid_loss	16469.6403809
batch	1600	valid_loss	16479.8800049
batch	1620	valid_loss	16426.6690674
batch	1640	valid_loss	16451.8920898
batch	1660	valid_loss	16415.1717529
batch	1680	valid_loss	16452.6046143
batch	1700	valid_loss	16441.3000488
batch	1720	valid_loss	16453.0634766
batch	1740	valid_loss	16444.1895752
batch	1760	valid_loss	16425.3022461
batch	1780	valid_loss	16426.067749
batch	1800	valid_loss	16425.3710938
batch	1820	valid_loss	16423.4206543
batch	1840	valid_loss	16413.8388672
batch	1860	valid_loss	16399.3647461
batch	1880	valid_loss	16405.4156494
batch	1900	valid_loss	16412.2380371
batch	1920	valid_loss	16420.9395752
batch	1940	valid_loss	16383.3406982
batch	1960	valid_loss	16382.6582031
batch	1980	valid_loss	16368.1801758
batch	2000	valid_loss	16374.3804932
batch	2020	valid_loss	16390.795166
batch	2040	valid_loss	16371.897583
batch	2060	valid_loss	16353.4814453
batch	2080	valid_loss	16322.3942871
batch	2100	valid_loss	16331.3170166
batch	2120	valid_loss	16372.7352295
batch	2140	valid_loss	16317.2906494
batch	2160	valid_loss	16355.359375
batch	2180	valid_loss	16351.2456055
batch	2200	valid_loss	16304.4285889
batch	2220	valid_loss	16342.7077637
batch	2240	valid_loss	16298.4095459
batch	2260	valid_loss	16298.3199463
batch	2280	valid_loss	16280.9793701
batch	2300	valid_loss	16283.4962158
batch	2320	valid_loss	16289.2346191
batch	2340	valid_loss	16266.3410645
batch	2360	valid_loss	16273.3970947
batch	2380	valid_loss	16288.7689209
batch	2400	valid_loss	16247.6582031
batch	2420	valid_loss	16260.3242188
batch	2440	valid_loss	16276.2583008
batch	2460	valid_loss	16235.9090576
batch	2480	valid_loss	16235.4300537
batch	2500	valid_loss	16233.6466064
batch	2520	valid_loss	16224.5849609
batch	2540	valid_loss	16234.3005371
batch	2560	valid_loss	16188.8581543
batch	2580	valid_loss	16229.3404541
batch	2600	valid_loss	16174.0991211
batch	2620	valid_loss	16198.1279297
batch	2640	valid_loss	16184.3751221
batch	2660	valid_loss	16183.112915
batch	2680	valid_loss	16175.6320801
batch	2700	valid_loss	16161.2911377
batch	2720	valid_loss	16122.8560791
batch	2740	valid_loss	16137.0413818
batch	2760	valid_loss	16131.7675781
batch	2780	valid_loss	16140.1750488
batch	2800	valid_loss	16128.7475586
batch	2820	valid_loss	16124.3221436
batch	2840	valid_loss	16144.7678223
batch	2860	valid_loss	16136.6466064
batch	2880	valid_loss	16118.154541
batch	2900	valid_loss	16083.3599854
batch	2920	valid_loss	16080.8746338
batch	2940	valid_loss	16099.7922363
batch	2960	valid_loss	16099.7608643
batch	2980	valid_loss	16100.8551025
batch	3000	valid_loss	16094.3212891
batch	3020	valid_loss	16060.5401611
batch	3040	valid_loss	16079.8460693
batch	3060	valid_loss	16120.4810791
batch	3080	valid_loss	16076.5134277
batch	3100	valid_loss	16093.7384033
batch	3120	valid_loss	16081.7434082
batch	3140	valid_loss	16062.2202148
batch	3160	valid_loss	16064.8536377
batch	3180	valid_loss	16030.260498
batch	3200	valid_loss	16050.2910156
batch	3220	valid_loss	16029.9458008
batch	3240	valid_loss	16061.5318604
batch	3260	valid_loss	16025.2962646
batch	3280	valid_loss	16044.2320557
batch	3300	valid_loss	16051.4094238
batch	3320	valid_loss	16039.9525146
batch	3340	valid_loss	16053.2110596
batch	3360	valid_loss	16040.5388184
batch	3380	valid_loss	16054.5404053
batch	3400	valid_loss	16028.5808105
batch	3420	valid_loss	16019.9637451
batch	3440	valid_loss	16040.2030029
batch	3460	valid_loss	16054.1414795
batch	3480	valid_loss	16045.2108154
batch	3500	valid_loss	16030.9002686
batch	3520	valid_loss	16054.9641113
batch	3540	valid_loss	16021.7001953
batch	3560	valid_loss	16018.0533447
batch	3580	valid_loss	16057.9420166
batch	3600	valid_loss	16029.6911621
batch	3620	valid_loss	16020.4901123
batch	3640	valid_loss	16006.1096191
batch	3660	valid_loss	15993.3791504
batch	3680	valid_loss	16048.0748291
batch	3700	valid_loss	16020.503418
batch	3720	valid_loss	16051.916626
batch	3740	valid_loss	16020.6828613
batch	3760	valid_loss	15987.65271
batch	3780	valid_loss	16042.5275879
batch	3800	valid_loss	16004.9711914
batch	3820	valid_loss	16000.7159424
batch	3840	valid_loss	15972.2089844
batch	3860	valid_loss	15994.0102539
batch	3880	valid_loss	16017.7928467
batch	3900	valid_loss	15998.793457
batch	3920	valid_loss	16006.1381836
batch	3940	valid_loss	16006.416626
batch	3960	valid_loss	15984.4820557
batch	3980	valid_loss	16008.8720703
batch	4000	valid_loss	16022.2803955
batch	4020	valid_loss	15990.1298828
batch	4040	valid_loss	15975.2762451
batch	4060	valid_loss	16003.5238037
batch	4080	valid_loss	15993.2667236
batch	4100	valid_loss	15989.2226562
batch	4120	valid_loss	15959.5343018
batch	4140	valid_loss	16024.3133545
batch	4160	valid_loss	15973.8303223
batch	4180	valid_loss	15980.3557129
batch	4200	valid_loss	15989.0908203
batch	4220	valid_loss	15972.0939941
batch	4240	valid_loss	15984.144043
batch	4260	valid_loss	15969.5897217
batch	4280	valid_loss	15960.684082
batch	4300	valid_loss	15973.612793
batch	4320	valid_loss	15965.767334
batch	4340	valid_loss	15974.9498291
batch	4360	valid_loss	15976.8670654
batch	4380	valid_loss	15960.3614502
batch	4400	valid_loss	15990.980957
batch	4420	valid_loss	15985.072876
batch	4440	valid_loss	15995.0280762
batch	4460	valid_loss	15940.4003906
batch	4480	valid_loss	15952.2779541
batch	4500	valid_loss	15967.8012695
batch	4520	valid_loss	15974.8990479
batch	4540	valid_loss	15970.6607666
batch	4560	valid_loss	15968.0644531
batch	4580	valid_loss	15949.2514648
batch	4600	valid_loss	15946.0875244
batch	4620	valid_loss	15973.8549805
batch	4640	valid_loss	15943.2189941
batch	4660	valid_loss	15961.8272705
batch	4680	valid_loss	15964.4796143
batch	4700	valid_loss	15947.1903076
batch	4720	valid_loss	15937.8825684
batch	4740	valid_loss	15898.432373
batch	4760	valid_loss	15937.5866699
batch	4780	valid_loss	15898.137207
batch	4800	valid_loss	15937.791626
batch	4820	valid_loss	15918.0865479
batch	4840	valid_loss	15948.758667
batch	4860	valid_loss	15936.8024902
batch	4880	valid_loss	15941.4224854
batch	4900	valid_loss	15936.4846191
batch	4920	valid_loss	15940.7086182
batch	4940	valid_loss	15961.0111084
batch	4960	valid_loss	15923.4996338
batch	4980	valid_loss	15922.9364014
batch	5000	valid_loss	15933.24646
batch	5020	valid_loss	15951.7918701
batch	5040	valid_loss	15942.7545166
batch	5060	valid_loss	15936.7070312
batch	5080	valid_loss	15951.5844727
batch	5100	valid_loss	15921.6751709
batch	5120	valid_loss	15923.7666016
batch	5140	valid_loss	15962.262085
batch	5160	valid_loss	15957.1246338
batch	5180	valid_loss	15917.5905762
batch	5200	valid_loss	15918.2828369
batch	5220	valid_loss	15898.501709
batch	5240	valid_loss	15941.4287109
batch	5260	valid_loss	15923.3503418
batch	5280	valid_loss	15953.8706055
batch	5300	valid_loss	15940.7554932
batch	5320	valid_loss	15896.9307861
batch	5340	valid_loss	15945.2711182
batch	5360	valid_loss	15905.2227783
batch	5380	valid_loss	15907.5096436
batch	5400	valid_loss	15885.1184082
batch	5420	valid_loss	15914.6696777
batch	5440	valid_loss	15936.833374
batch	5460	valid_loss	15894.7584229
batch	5480	valid_loss	15926.8803711
batch	5500	valid_loss	15912.0906982
batch	5520	valid_loss	15891.3358154
batch	5540	valid_loss	15947.2989502
batch	5560	valid_loss	15939.6132812
batch	5580	valid_loss	15906.072998
batch	5600	valid_loss	15907.7243652
batch	5620	valid_loss	15916.9544678
batch	5640	valid_loss	15896.0006104
batch	5660	valid_loss	15911.0595703
batch	5680	valid_loss	15868.4041748
batch	5700	valid_loss	15929.1229248
batch	5720	valid_loss	15882.9335938
batch	5740	valid_loss	15915.4796143
batch	5760	valid_loss	15901.3101807
batch	5780	valid_loss	15894.6544189
batch	5800	valid_loss	15911.0727539
batch	5820	valid_loss	15901.6448975
batch	5840	valid_loss	15881.5805664
batch	5860	valid_loss	15882.8590088
batch	5880	valid_loss	15882.1022949
batch	5900	valid_loss	15894.9782715
batch	5920	valid_loss	15880.2664795
batch	5940	valid_loss	15897.9320068
batch	5960	valid_loss	15922.786377
batch	5980	valid_loss	15918.206665
batch	6000	valid_loss	15906.2026367
batch	6020	valid_loss	15867.4554443
batch	6040	valid_loss	15864.2536621
batch	6060	valid_loss	15884.7436523
batch	6080	valid_loss	15885.2437744
batch	6100	valid_loss	15898.6544189
batch	6120	valid_loss	15884.6461182
batch	6140	valid_loss	15869.2073975
batch	6160	valid_loss	15874.1561279
batch	6180	valid_loss	15913.8909912
batch	6200	valid_loss	15881.0690918
batch	6220	valid_loss	15905.74646
batch	6240	valid_loss	15899.2670898
batch	6260	valid_loss	15890.197876
batch	6280	valid_loss	15881.7114258
batch	6300	valid_loss	15823.8083496
batch	6320	valid_loss	15859.5811768
batch	6340	valid_loss	15836.7242432
batch	6360	valid_loss	15861.5361328
batch	6380	valid_loss	15845.892334
batch	6400	valid_loss	15877.3515625
batch	6420	valid_loss	15878.078125
batch	6440	valid_loss	15874.8448486
batch	6460	valid_loss	15877.6807861
batch	6480	valid_loss	15867.1838379
batch	6500	valid_loss	15888.15271
batch	6520	valid_loss	15861.7263184
batch	6540	valid_loss	15848.2857666
batch	6560	valid_loss	15871.9556885
batch	6580	valid_loss	15884.7434082
batch	6600	valid_loss	15875.8730469
batch	6620	valid_loss	15880.0582275
batch	6640	valid_loss	15890.8857422
batch	6660	valid_loss	15882.4825439
batch	6680	valid_loss	15850.2443848
batch	6700	valid_loss	15899.0516357
batch	6720	valid_loss	15892.5372314
batch	6740	valid_loss	15885.4633789
batch	6760	valid_loss	15847.9760742
batch	6780	valid_loss	15840.3813477
batch	6800	valid_loss	15898.3397217
batch	6820	valid_loss	15861.7200928
batch	6840	valid_loss	15907.1922607
batch	6860	valid_loss	15873.7625732
batch	6880	valid_loss	15849.8300781
batch	6900	valid_loss	15901.5786133
batch	6920	valid_loss	15865.1032715
batch	6940	valid_loss	15858.1593018
batch	6960	valid_loss	15837.0341797
batch	6980	valid_loss	15854.0557861
batch	7000	valid_loss	15881.6347656
batch	7020	valid_loss	15834.0008545
batch	7040	valid_loss	15871.7164307
batch	7060	valid_loss	15869.536499
batch	7080	valid_loss	15844.9970703
batch	7100	valid_loss	15870.2889404
batch	7120	valid_loss	15888.5393066
batch	7140	valid_loss	15867.3236084
batch	7160	valid_loss	15839.7060547
batch	7180	valid_loss	15861.3282471
batch	7200	valid_loss	15856.2960205
batch	7220	valid_loss	15869.9134521
batch	7240	valid_loss	15822.4001465
batch	7260	valid_loss	15880.1531982
batch	7280	valid_loss	15846.989624
batch	7300	valid_loss	15860.4130859
batch	7320	valid_loss	15871.6887207
batch	7340	valid_loss	15859.4445801
batch	7360	valid_loss	15867.3077393
batch	7380	valid_loss	15870.5390625
batch	7400	valid_loss	15830.4827881
batch	7420	valid_loss	15838.4136963
batch	7440	valid_loss	15842.8605957
batch	7460	valid_loss	15858.6286621
batch	7480	valid_loss	15854.7789307
batch	7500	valid_loss	15835.1113281
batch	7520	valid_loss	15885.807251
batch	7540	valid_loss	15865.7225342
batch	7560	valid_loss	15871.8682861
batch	7580	valid_loss	15833.7263184
batch	7600	valid_loss	15817.9439697
batch	7620	valid_loss	15847.7520752
batch	7640	valid_loss	15849.8442383
batch	7660	valid_loss	15859.9407959
batch	7680	valid_loss	15860.2391357
batch	7700	valid_loss	15825.8343506
batch	7720	valid_loss	15845.6166992
batch	7740	valid_loss	15893.0134277
batch	7760	valid_loss	15841.6834717
batch	7780	valid_loss	15860.4659424
batch	7800	valid_loss	15860.9017334
batch	7820	valid_loss	15840.2270508
batch	7840	valid_loss	15847.4241943
batch	7860	valid_loss	15789.5541992
batch	7880	valid_loss	15841.0339355
batch	7900	valid_loss	15810.5830078
batch	7920	valid_loss	15855.4377441
batch	7940	valid_loss	15814.3464355
batch	7960	valid_loss	15849.7736816
batch	7980	valid_loss	15842.532959
batch	8000	valid_loss	15852.1094971
batch	8020	valid_loss	15828.4290771
batch	8040	valid_loss	15838.6777344
batch	8060	valid_loss	15862.2097168
batch	8080	valid_loss	15830.3266602
batch	8100	valid_loss	15820.8618164
batch	8120	valid_loss	15824.9854736
batch	8140	valid_loss	15855.6809082
batch	8160	valid_loss	15839.6175537
batch	8180	valid_loss	15848.8804932
batch	8200	valid_loss	15860.694458
batch	8220	valid_loss	15836.2619629
batch	8240	valid_loss	15828.6035156
batch	8260	valid_loss	15874.8521729
batch	8280	valid_loss	15862.6005859
batch	8300	valid_loss	15854.1185303
batch	8320	valid_loss	15816.1162109
batch	8340	valid_loss	15814.1793213
batch	8360	valid_loss	15861.2657471
batch	8380	valid_loss	15828.7337646
batch	8400	valid_loss	15877.4016113
batch	8420	valid_loss	15845.0858154
batch	8440	valid_loss	15827.7132568
batch	8460	valid_loss	15874.9240723
batch	8480	valid_loss	15825.2595215
batch	8500	valid_loss	15838.119751
batch	8520	valid_loss	15793.8006592
batch	8540	valid_loss	15828.1329346
batch	8560	valid_loss	15858.7930908
batch	8580	valid_loss	15800.0239258
batch	8600	valid_loss	15864.3182373
batch	8620	valid_loss	15857.3990479
batch	8640	valid_loss	15816.90979
batch	8660	valid_loss	15835.4510498
batch	8680	valid_loss	15869.3349609
batch	8700	valid_loss	15847.7532959
batch	8720	valid_loss	15818.8024902
batch	8740	valid_loss	15836.8071289
batch	8760	valid_loss	15814.901001
batch	8780	valid_loss	15848.0275879
batch	8800	valid_loss	15794.0197754
batch	8820	valid_loss	15883.2332764
batch	8840	valid_loss	15817.8659668
batch	8860	valid_loss	15860.0783691
batch	8880	valid_loss	15837.5610352
batch	8900	valid_loss	15833.5700684
batch	8920	valid_loss	15831.4593506
batch	8940	valid_loss	15825.6766357
batch	8960	valid_loss	15809.4580078
batch	8980	valid_loss	15823.8640137
batch	9000	valid_loss	15818.3868408
batch	9020	valid_loss	15838.1418457
batch	9040	valid_loss	15826.5771484
batch	9060	valid_loss	15826.2016602
batch	9080	valid_loss	15857.2520752
batch	9100	valid_loss	15856.34729
batch	9120	valid_loss	15858.1981201
batch	9140	valid_loss	15803.5606689
batch	9160	valid_loss	15821.6260986
batch	9180	valid_loss	15841.4603271
batch	9200	valid_loss	15827.012207
batch	9220	valid_loss	15845.1374512
batch	9240	valid_loss	15838.7614746
batch	9260	valid_loss	15805.4194336
batch	9280	valid_loss	15844.5344238
batch	9300	valid_loss	15864.6478271
batch	9320	valid_loss	15812.0457764
batch	9340	valid_loss	15835.1069336
batch	9360	valid_loss	15834.2504883
batch	9380	valid_loss	15805.5411377
batch	9400	valid_loss	15826.414917
batch	9420	valid_loss	15787.8334961
batch	9440	valid_loss	15822.1884766
batch	9460	valid_loss	15789.199585
batch	9480	valid_loss	15831.7094727
batch	9500	valid_loss	15802.090332
batch	9520	valid_loss	15825.4569092
batch	9540	valid_loss	15826.6402588
batch	9560	valid_loss	15809.2188721
batch	9580	valid_loss	15810.6240234
batch	9600	valid_loss	15815.3475342
batch	9620	valid_loss	15855.4169922
batch	9640	valid_loss	15808.8171387
batch	9660	valid_loss	15815.0236816
batch	9680	valid_loss	15812.2357178
batch	9700	valid_loss	15840.7406006
batch	9720	valid_loss	15836.2680664
batch	9740	valid_loss	15823.7277832
batch	9760	valid_loss	15843.8288574
batch	9780	valid_loss	15813.2960205
batch	9800	valid_loss	15824.0158691
batch	9820	valid_loss	15842.2451172
batch	9840	valid_loss	15837.9205322
batch	9860	valid_loss	15821.2053223
batch	9880	valid_loss	15791.9119873
batch	9900	valid_loss	15798.7886963
batch	9920	valid_loss	15855.2833252
batch	9940	valid_loss	15816.5667725
batch	9960	valid_loss	15845.5250244
batch	9980	valid_loss	15834.6385498
batch	10000	valid_loss	15801.7283936
batch	10020	valid_loss	15834.9324951
batch	10040	valid_loss	15817.612915
batch	10060	valid_loss	15819.4381104
batch	10080	valid_loss	15788.7351074
batch	10100	valid_loss	15806.7363281
batch	10120	valid_loss	15836.6108398
batch	10140	valid_loss	15794.6767578
batch	10160	valid_loss	15843.1312256
batch	10180	valid_loss	15832.1767578
batch	10200	valid_loss	15800.9116211
batch	10220	valid_loss	15829.524292
batch	10240	valid_loss	15859.9187012
batch	10260	valid_loss	15819.0928955
batch	10280	valid_loss	15806.2915039
batch	10300	valid_loss	15830.0893555
batch	10320	valid_loss	15807.7606201
batch	10340	valid_loss	15816.699585
batch	10360	valid_loss	15774.1925049
batch	10380	valid_loss	15849.6932373
batch	10400	valid_loss	15805.2556152
batch	10420	valid_loss	15822.0705566
batch	10440	valid_loss	15825.0609131
batch	10460	valid_loss	15808.7757568
batch	10480	valid_loss	15835.9672852
batch	10500	valid_loss	15817.9228516
batch	10520	valid_loss	15786.5631104
batch	10540	valid_loss	15801.9077148
batch	10560	valid_loss	15796.3675537
batch	10580	valid_loss	15812.2373047
batch	10600	valid_loss	15817.8105469
batch	10620	valid_loss	15813.5825195
batch	10640	valid_loss	15836.3626709
batch	10660	valid_loss	15838.2344971
batch	10680	valid_loss	15858.7905273
batch	10700	valid_loss	15800.0936279
batch	10720	valid_loss	15800.1851807
batch	10740	valid_loss	15820.2719727
batch	10760	valid_loss	15814.9038086
batch	10780	valid_loss	15830.4371338
batch	10800	valid_loss	15829.9621582
batch	10820	valid_loss	15793.3964844
batch	10840	valid_loss	15802.0657959
batch	10860	valid_loss	15834.3182373
batch	10880	valid_loss	15802.6998291
batch	10900	valid_loss	15828.6431885
batch	10920	valid_loss	15827.6745605
batch	10940	valid_loss	15803.7559814
batch	10960	valid_loss	15802.1124268
batch	10980	valid_loss	15766.1052246
batch	11000	valid_loss	15807.6085205
batch	11020	valid_loss	15765.8565674
batch	11040	valid_loss	15808.5797119
batch	11060	valid_loss	15787.1022949
batch	11080	valid_loss	15823.8492432
batch	11100	valid_loss	15809.8382568
batch	11120	valid_loss	15821.1500244
batch	11140	valid_loss	15807.9263916
batch	11160	valid_loss	15811.5019531
batch	11180	valid_loss	15839.5028076
batch	11200	valid_loss	15803.4556885
batch	11220	valid_loss	15773.1402588
batch	11240	valid_loss	15806.6109619
batch	11260	valid_loss	15820.4240723
batch	11280	valid_loss	15817.8598633
batch	11300	valid_loss	15817.9031982
batch	11320	valid_loss	15822.7615967
batch	11340	valid_loss	15801.4321289
batch	11360	valid_loss	15800.2264404
batch	11380	valid_loss	15829.4556885
batch	11400	valid_loss	15842.0743408
batch	11420	valid_loss	15803.8415527
batch	11440	valid_loss	15771.7668457
batch	11460	valid_loss	15789.1800537
batch	11480	valid_loss	15838.6309814
batch	11500	valid_loss	15791.7487793
batch	11520	valid_loss	15839.9020996
batch	11540	valid_loss	15817.473877
batch	11560	valid_loss	15800.4639893
batch	11580	valid_loss	15829.1988525
batch	11600	valid_loss	15801.9296875
batch	11620	valid_loss	15801.4246826
batch	11640	valid_loss	15787.4251709
batch	11660	valid_loss	15795.3417969
batch	11680	valid_loss	15833.5894775
batch	11700	valid_loss	15794.0493164
batch	11720	valid_loss	15827.1004639
batch	11740	valid_loss	15831.3956299
batch	11760	valid_loss	15791.7990723
batch	11780	valid_loss	15823.4676514
batch	11800	valid_loss	15841.8927002
batch	11820	valid_loss	15817.2346191
batch	11840	valid_loss	15780.0299072
batch	11860	valid_loss	15825.4589844
batch	11880	valid_loss	15802.9654541
batch	11900	valid_loss	15819.4624023
batch	11920	valid_loss	15761.9528809
batch	11940	valid_loss	15841.6004639
batch	11960	valid_loss	15782.5093994
batch	11980	valid_loss	15821.7818604
batch	12000	valid_loss	15803.6480713
batch	12020	valid_loss	15814.2767334
batch	12040	valid_loss	15804.9130859
batch	12060	valid_loss	15791.6636963
batch	12080	valid_loss	15781.6845703
batch	12100	valid_loss	15795.0782471
batch	12120	valid_loss	15785.574707
batch	12140	valid_loss	15814.8723145
batch	12160	valid_loss	15802.5959473
batch	12180	valid_loss	15808.8266602
batch	12200	valid_loss	15820.2376709
batch	12220	valid_loss	15818.1459961
batch	12240	valid_loss	15833.3063965
batch	12260	valid_loss	15788.1253662
batch	12280	valid_loss	15796.6398926
batch	12300	valid_loss	15805.1339111
batch	12320	valid_loss	15801.6989746
batch	12340	valid_loss	15811.4544678
batch	12360	valid_loss	15806.1809082
batch	12380	valid_loss	15779.8768311
batch	12400	valid_loss	15804.208374
batch	12420	valid_loss	15847.5723877
batch	12440	valid_loss	15797.2463379
batch	12460	valid_loss	15805.5811768
batch	12480	valid_loss	15820.1392822
batch	12500	valid_loss	15783.9199219
batch	12520	valid_loss	15801.0623779
batch	12540	valid_loss	15737.0336914
batch	12560	valid_loss	15791.59021
batch	12580	valid_loss	15763.0338135
batch	12600	valid_loss	15799.5515137
batch	12620	valid_loss	15783.5098877
batch	12640	valid_loss	15799.1103516
batch	12660	valid_loss	15806.1817627
batch	12680	valid_loss	15798.5802002
batch	12700	valid_loss	15793.8895264
batch	12720	valid_loss	15793.925415
batch	12740	valid_loss	15815.4152832
batch	12760	valid_loss	15795.5014648
batch	12780	valid_loss	15778.4710693
batch	12800	valid_loss	15787.8959961
batch	12820	valid_loss	15808.762085
batch	12840	valid_loss	15811.6311035
batch	12860	valid_loss	15801.0019531
batch	12880	valid_loss	15830.621582
batch	12900	valid_loss	15807.8580322
batch	12920	valid_loss	15779.9462891
batch	12940	valid_loss	15839.4154053
batch	12960	valid_loss	15825.5645752
batch	12980	valid_loss	15807.0740967
batch	13000	valid_loss	15772.6599121
batch	13020	valid_loss	15775.5522461
batch	13040	valid_loss	15843.8133545
batch	13060	valid_loss	15804.4335938
batch	13080	valid_loss	15838.5194092
batch	13100	valid_loss	15812.4630127
batch	13120	valid_loss	15769.5822754
batch	13140	valid_loss	15831.9554443
batch	13160	valid_loss	15795.5709229
batch	13180	valid_loss	15800.0024414
batch	13200	valid_loss	15777.4434814
batch	13220	valid_loss	15776.4667969
batch	13240	valid_loss	15807.5061035
batch	13260	valid_loss	15783.1680908
batch	13280	valid_loss	15807.4301758
batch	13300	valid_loss	15809.1060791
batch	13320	valid_loss	15780.4681396
batch	13340	valid_loss	15822.229126
batch	13360	valid_loss	15821.8278809
batch	13380	valid_loss	15789.5927734
batch	13400	valid_loss	15784.5446777
batch	13420	valid_loss	15811.3203125
batch	13440	valid_loss	15789.9512939
batch	13460	valid_loss	15809.7976074
batch	13480	valid_loss	15758.6715088
batch	13500	valid_loss	15842.8157959
batch	13520	valid_loss	15781.5981445
batch	13540	valid_loss	15825.1679688
batch	13560	valid_loss	15812.6917725
batch	13580	valid_loss	15806.4217529
batch	13600	valid_loss	15802.6425781
batch	13620	valid_loss	15800.267334
batch	13640	valid_loss	15786.545166
batch	13660	valid_loss	15781.3438721
batch	13680	valid_loss	15786.2019043
batch	13700	valid_loss	15805.8748779
batch	13720	valid_loss	15789.0528564
batch	13740	valid_loss	15790.3771973
batch	13760	valid_loss	15828.2927246
batch	13780	valid_loss	15815.480835
batch	13800	valid_loss	15825.40979
batch	13820	valid_loss	15783.8271484
batch	13840	valid_loss	15785.9440918
batch	13860	valid_loss	15803.4849854
batch	13880	valid_loss	15804.6341553
batch	13900	valid_loss	15808.3522949
batch	13920	valid_loss	15802.7845459
batch	13940	valid_loss	15783.7421875
batch	13960	valid_loss	15789.5705566
batch	13980	valid_loss	15845.7155762
batch	14000	valid_loss	15785.5054932
batch	14020	valid_loss	15798.9250488
batch	14040	valid_loss	15805.2185059
batch	14060	valid_loss	15772.2470703
batch	14080	valid_loss	15788.4112549
batch	14100	valid_loss	15751.5258789
batch	14120	valid_loss	15796.1955566
batch	14140	valid_loss	15760.0899658
batch	14160	valid_loss	15797.9434814
batch	14180	valid_loss	15758.9592285
batch	14200	valid_loss	15797.4204102
batch	14220	valid_loss	15810.2683105
batch	14240	valid_loss	15795.1981201
batch	14260	valid_loss	15782.9422607
batch	14280	valid_loss	15801.7811279
batch	14300	valid_loss	15801.0014648
batch	14320	valid_loss	15781.3017578
batch	14340	valid_loss	15769.1546631
batch	14360	valid_loss	15794.789917
batch	14380	valid_loss	15794.703125
batch	14400	valid_loss	15810.4730225
batch	14420	valid_loss	15791.2840576
batch	14440	valid_loss	15825.8717041
batch	14460	valid_loss	15793.1671143
batch	14480	valid_loss	15778.9123535
batch	14500	valid_loss	15824.2366943
batch	14520	valid_loss	15820.9207764
batch	14540	valid_loss	15795.0003662
batch	14560	valid_loss	15754.2851562
batch	14580	valid_loss	15760.6506348
batch	14600	valid_loss	15833.2686768
batch	14620	valid_loss	15780.932373
batch	14640	valid_loss	15830.4267578
batch	14660	valid_loss	15793.626709
batch	14680	valid_loss	15783.5561523
batch	14700	valid_loss	15830.0174561
batch	14720	valid_loss	15785.2071533
batch	14740	valid_loss	15791.2003174
batch	14760	valid_loss	15764.2283936
batch	14780	valid_loss	15790.6700439
batch	14800	valid_loss	15821.5177002
batch	14820	valid_loss	15765.3459473
batch	14840	valid_loss	15806.1257324
batch	14860	valid_loss	15821.5848389
batch	14880	valid_loss	15772.4820557
batch	14900	valid_loss	15789.0432129
batch	14920	valid_loss	15825.5032959
batch	14940	valid_loss	15785.6490479
batch	14960	valid_loss	15761.336792
batch	14980	valid_loss	15793.4464111
batch	15000	valid_loss	15775.6046143
batch	15020	valid_loss	15798.6883545
batch	15040	valid_loss	15757.989624
batch	15060	valid_loss	15819.5084229
batch	15080	valid_loss	15777.3216553
batch	15100	valid_loss	15804.8076172
batch	15120	valid_loss	15803.0354004
batch	15140	valid_loss	15799.8624268
batch	15160	valid_loss	15803.9233398
batch	15180	valid_loss	15786.9759521
batch	15200	valid_loss	15760.7735596
batch	15220	valid_loss	15774.6938477
batch	15240	valid_loss	15764.5698242
batch	15260	valid_loss	15801.0750732
batch	15280	valid_loss	15799.81604
batch	15300	valid_loss	15780.6124268
batch	15320	valid_loss	15817.4057617
batch	15340	valid_loss	15796.9313965
batch	15360	valid_loss	15818.2730713
batch	15380	valid_loss	15777.2501221
batch	15400	valid_loss	15777.0065918
batch	15420	valid_loss	15808.3231201
batch	15440	valid_loss	15785.3496094
batch	15460	valid_loss	15802.2279053
batch	15480	valid_loss	15802.9727783
batch	15500	valid_loss	15777.7702637
batch	15520	valid_loss	15791.3356934
batch	15540	valid_loss	15842.6618652
batch	15560	valid_loss	15775.8458252
batch	15580	valid_loss	15807.9938965
batch	15600	valid_loss	15804.8343506
batch	15620	valid_loss	15780.5942383
batch	15640	valid_loss	15787.5303955
batch	15660	valid_loss	15751.4038086
batch	15680	valid_loss	15777.1008301
batch	15700	valid_loss	15753.9212646
batch	15720	valid_loss	15783.4454346
batch	15740	valid_loss	15765.5427246
batch	15760	valid_loss	15789.423584
batch	15780	valid_loss	15792.1529541
batch	15800	valid_loss	15784.7736816
batch	15820	valid_loss	15783.1333008
batch	15840	valid_loss	15780.7174072
batch	15860	valid_loss	15798.6948242
batch	15880	valid_loss	15786.2806396
batch	15900	valid_loss	15779.9049072
batch	15920	valid_loss	15770.4324951
batch	15940	valid_loss	15806.9542236
batch	15960	valid_loss	15787.1896973
batch	15980	valid_loss	15795.0997314
batch	16000	valid_loss	15788.5222168
batch	16020	valid_loss	15790.9631348
batch	16040	valid_loss	15774.0593262
batch	16060	valid_loss	15831.7449951
batch	16080	valid_loss	15801.2174072
batch	16100	valid_loss	15796.3643799
batch	16120	valid_loss	15758.5539551
batch	16140	valid_loss	15753.0025635
batch	16160	valid_loss	15815.439209
batch	16180	valid_loss	15790.3422852
batch	16200	valid_loss	15810.850708
batch	16220	valid_loss	15791.3852539
batch	16240	valid_loss	15773.0162354
batch	16260	valid_loss	15820.0582275
batch	16280	valid_loss	15785.1147461
batch	16300	valid_loss	15786.5910645
batch	16320	valid_loss	15768.8453369
batch	16340	valid_loss	15791.8916016
batch	16360	valid_loss	15826.7474365
batch	16380	valid_loss	15768.1235352
batch	16400	valid_loss	15798.357666
batch	16420	valid_loss	15794.6650391
batch	16440	valid_loss	15763.208374
batch	16460	valid_loss	15796.7269287
batch	16480	valid_loss	15835.8116455
batch	16500	valid_loss	15782.2602539
batch	16520	valid_loss	15777.2214355
batch	16540	valid_loss	15781.2275391
batch	16560	valid_loss	15766.8349609
batch	16580	valid_loss	15790.9007568
batch	16600	valid_loss	15736.5959473
batch	16620	valid_loss	15829.1883545
batch	16640	valid_loss	15773.3331299
batch	16660	valid_loss	15798.7879639
batch	16680	valid_loss	15779.8527832
batch	16700	valid_loss	15809.2801514
batch	16720	valid_loss	15793.2612305
batch	16740	valid_loss	15779.4957275
batch	16760	valid_loss	15759.9344482
batch	16780	valid_loss	15776.9390869
batch	16800	valid_loss	15769.5681152
batch	16820	valid_loss	15792.9594727
batch	16840	valid_loss	15772.4681396
batch	16860	valid_loss	15775.8240967
batch	16880	valid_loss	15814.4521484
batch	16900	valid_loss	15784.4526367
batch	16920	valid_loss	15813.2177734
batch	16940	valid_loss	15772.8309326
batch	16960	valid_loss	15771.8599854
batch	16980	valid_loss	15794.8978271
batch	17000	valid_loss	15784.9399414
batch	17020	valid_loss	15789.5134277
batch	17040	valid_loss	15791.0195312
batch	17060	valid_loss	15759.1807861
batch	17080	valid_loss	15778.630127
batch	17100	valid_loss	15836.3297119
batch	17120	valid_loss	15779.9063721
batch	17140	valid_loss	15778.5743408
batch	17160	valid_loss	15787.505249
batch	17180	valid_loss	15771.1491699
batch	17200	valid_loss	15778.8876953
batch	17220	valid_loss	15723.4022217
batch	17240	valid_loss	15786.2755127
batch	17260	valid_loss	15743.5389404
batch	17280	valid_loss	15774.4226074
batch	17300	valid_loss	15736.7115479
batch	17320	valid_loss	15784.7247314
batch	17340	valid_loss	15793.4101562
batch	17360	valid_loss	15782.3535156
batch	17380	valid_loss	15777.5810547
batch	17400	valid_loss	15773.859375
batch	17420	valid_loss	15810.2248535
batch	17440	valid_loss	15791.3342285
batch	17460	valid_loss	15758.5775146
batch	17480	valid_loss	15775.744873
batch	17500	valid_loss	15800.0395508
batch	17520	valid_loss	15791.0750732
batch	17540	valid_loss	15781.925415
batch	17560	valid_loss	15799.5805664
batch	17580	valid_loss	15781.3369141
batch	17600	valid_loss	15775.7163086
batch	17620	valid_loss	15812.8652344
batch	17640	valid_loss	15797.3818359
batch	17660	valid_loss	15792.7236328
batch	17680	valid_loss	15753.0635986
batch	17700	valid_loss	15751.899292
batch	17720	valid_loss	15823.475708
batch	17740	valid_loss	15776.3654785
batch	17760	valid_loss	15814.6090088
batch	17780	valid_loss	15798.2199707
batch	17800	valid_loss	15782.690918
batch	17820	valid_loss	15798.4682617
batch	17840	valid_loss	15766.1298828
batch	17860	valid_loss	15777.1494141
batch	17880	valid_loss	15747.9274902
batch	17900	valid_loss	15764.1453857
batch	17920	valid_loss	15807.1837158
batch	17940	valid_loss	15754.5327148
batch	17960	valid_loss	15776.8972168
batch	17980	valid_loss	15794.2459717
batch	18000	valid_loss	15751.7554932
batch	18020	valid_loss	15813.8729248
batch	18040	valid_loss	15824.1945801
batch	18060	valid_loss	15788.453125
batch	18080	valid_loss	15757.7415771
batch	18100	valid_loss	15786.5324707
batch	18120	valid_loss	15767.6356201
batch	18140	valid_loss	15776.2528076
batch	18160	valid_loss	15723.3521729
batch	18180	valid_loss	15801.7817383
batch	18200	valid_loss	15764.9196777
batch	18220	valid_loss	15796.4090576
batch	18240	valid_loss	15784.4174805
batch	18260	valid_loss	15795.4290771
batch	18280	valid_loss	15792.246582
batch	18300	valid_loss	15772.5028076
batch	18320	valid_loss	15744.8740234
batch	18340	valid_loss	15769.5731201
batch	18360	valid_loss	15767.6043701
batch	18380	valid_loss	15785.5030518
batch	18400	valid_loss	15776.3353271
batch	18420	valid_loss	15772.0333252
batch	18440	valid_loss	15806.958374
batch	18460	valid_loss	15804.392334
batch	18480	valid_loss	15812.1315918
batch	18500	valid_loss	15763.9056396
batch	18520	valid_loss	15765.5648193
batch	18540	valid_loss	15774.6569824
batch	18560	valid_loss	15773.258667
batch	18580	valid_loss	15801.3765869
batch	18600	valid_loss	15813.5136719
batch	18620	valid_loss	15751.8720703
batch	18640	valid_loss	15783.7991943
batch	18660	valid_loss	15819.8098145
batch	18680	valid_loss	15782.5461426
batch	18700	valid_loss	15789.635376
batch	18720	valid_loss	15773.2398682
batch	18740	valid_loss	15781.3387451
batch	18760	valid_loss	15777.2807617
batch	18780	valid_loss	15721.4764404
batch	18800	valid_loss	15782.9147949
batch	18820	valid_loss	15746.8046875
batch	18840	valid_loss	15768.480957
batch	18860	valid_loss	15764.1020508
batch	18880	valid_loss	15785.2436523
batch	18900	valid_loss	15790.2990723
batch	18920	valid_loss	15767.7366943
batch	18940	valid_loss	15766.5405273
batch	18960	valid_loss	15777.293457
batch	18980	valid_loss	15798.3493652
batch	19000	valid_loss	15776.5401611
batch	19020	valid_loss	15761.3289795
batch	19040	valid_loss	15764.6472168
batch	19060	valid_loss	15785.3496094
batch	19080	valid_loss	15799.2894287
batch	19100	valid_loss	15780.9572754
batch	19120	valid_loss	15791.0860596
batch	19140	valid_loss	15773.9732666
batch	19160	valid_loss	15765.7258301
batch	19180	valid_loss	15812.5750732
batch	19200	valid_loss	15796.2791748
batch	19220	valid_loss	15780.9289551
batch	19240	valid_loss	15756.8465576
batch	19260	valid_loss	15752.7054443
batch	19280	valid_loss	15809.7419434
batch	19300	valid_loss	15784.7056885
batch	19320	valid_loss	15808.4536133
batch	19340	valid_loss	15785.0864258
batch	19360	valid_loss	15782.1383057
batch	19380	valid_loss	15795.9660645
batch	19400	valid_loss	15764.7851562
batch	19420	valid_loss	15781.9924316
batch	19440	valid_loss	15744.75354
batch	19460	valid_loss	15768.7087402
batch	19480	valid_loss	15792.7803955
batch	19500	valid_loss	15759.2176514
batch	19520	valid_loss	15786.5334473
batch	19540	valid_loss	15777.2143555
batch	19560	valid_loss	15756.7612305
batch	19580	valid_loss	15800.131958
batch	19600	valid_loss	15796.8590088
batch	19620	valid_loss	15782.5897217
batch	19640	valid_loss	15756.3455811
batch	19660	valid_loss	15777.0944824
batch	19680	valid_loss	15768.7630615
batch	19700	valid_loss	15797.4057617
batch	19720	valid_loss	15741.2314453
batch	19740	valid_loss	15808.993042
batch	19760	valid_loss	15771.5153809
batch	19780	valid_loss	15801.7277832
batch	19800	valid_loss	15788.5031738
batch	19820	valid_loss	15793.3015137
batch	19840	valid_loss	15787.8067627
batch	19860	valid_loss	15769.5612793
batch	19880	valid_loss	15745.7543945
batch	19900	valid_loss	15758.4494629
batch	19920	valid_loss	15755.8095703
batch	19940	valid_loss	15782.6834717
batch	19960	valid_loss	15784.5080566
batch	19980	valid_loss	15774.1409912
batch	20000	valid_loss	15806.564209
batch	20020	valid_loss	15789.9801025
batch	20040	valid_loss	15811.7054443
batch	20060	valid_loss	15761.1402588
batch	20080	valid_loss	15755.6695557
batch	20100	valid_loss	15794.6342773
batch	20120	valid_loss	15775.4764404
batch	20140	valid_loss	15779.0845947
batch	20160	valid_loss	15784.9428711
batch	20180	valid_loss	15757.1350098
batch	20200	valid_loss	15784.380127
batch	20220	valid_loss	15821.4998779
batch	20240	valid_loss	15787.5895996
batch	20260	valid_loss	15799.2642822
batch	20280	valid_loss	15799.0460205
batch	20300	valid_loss	15759.5999756
batch	20320	valid_loss	15784.2230225
batch	20340	valid_loss	15726.5040283
batch	20360	valid_loss	15767.362915
batch	20380	valid_loss	15746.7861328
batch	20400	valid_loss	15779.0197754
batch	20420	valid_loss	15759.2802734
batch	20440	valid_loss	15779.1340332
batch	20460	valid_loss	15785.5552979
batch	20480	valid_loss	15759.4095459
batch	20500	valid_loss	15756.4412842
batch	20520	valid_loss	15772.1994629
batch	20540	valid_loss	15796.9571533
batch	20560	valid_loss	15767.8082275
batch	20580	valid_loss	15751.4199219
batch	20600	valid_loss	15770.2012939
batch	20620	valid_loss	15783.5791016
batch	20640	valid_loss	15789.0272217
batch	20660	valid_loss	15789.8540039
batch	20680	valid_loss	15800.0280762
batch	20700	valid_loss	15767.9368896
batch	20720	valid_loss	15766.5384521
batch	20740	valid_loss	15803.2410889
batch	20760	valid_loss	15779.8682861
batch	20780	valid_loss	15791.5159912
batch	20800	valid_loss	15748.7974854
batch	20820	valid_loss	15752.4051514
batch	20840	valid_loss	15813.5980225
batch	20860	valid_loss	15774.5189209
batch	20880	valid_loss	15806.8841553
batch	20900	valid_loss	15762.7969971
batch	20920	valid_loss	15765.5340576
batch	20940	valid_loss	15810.0233154
batch	20960	valid_loss	15761.7855225
batch	20980	valid_loss	15771.9916992
batch	21000	valid_loss	15740.9591064
batch	21020	valid_loss	15767.5753174
batch	21040	valid_loss	15796.7307129
batch	21060	valid_loss	15753.1690674
batch	21080	valid_loss	15798.503418
batch	21100	valid_loss	15781.8106689
batch	21120	valid_loss	15749.0406494
batch	21140	valid_loss	15780.2521973
batch	21160	valid_loss	15815.0980225
batch	21180	valid_loss	15784.9061279
batch	21200	valid_loss	15754.1982422
batch	21220	valid_loss	15784.4941406
batch	21240	valid_loss	15759.5369873
batch	21260	valid_loss	15783.550293
batch	21280	valid_loss	15738.4306641
batch	21300	valid_loss	15808.335083
batch	21320	valid_loss	15759.7473145
batch	21340	valid_loss	15797.894165
batch	21360	valid_loss	15779.8775635
batch	21380	valid_loss	15792.3082275
batch	21400	valid_loss	15792.9753418
batch	21420	valid_loss	15772.1245117
batch	21440	valid_loss	15750.6414795
batch	21460	valid_loss	15752.4091797
batch	21480	valid_loss	15754.8726807
batch	21500	valid_loss	15791.6838379
batch	21520	valid_loss	15760.6431885
batch	21540	valid_loss	15767.8188477
batch	21560	valid_loss	15798.6782227
batch	21580	valid_loss	15789.9869385
batch	21600	valid_loss	15809.6345215
batch	21620	valid_loss	15774.90271
batch	21640	valid_loss	15761.5096436
batch	21660	valid_loss	15774.6949463
batch	21680	valid_loss	15772.6766357
batch	21700	valid_loss	15772.4628906
batch	21720	valid_loss	15792.2554932
batch	21740	valid_loss	15757.2813721
batch	21760	valid_loss	15767.8288574
batch	21780	valid_loss	15817.1298828
batch	21800	valid_loss	15774.7340088
batch	21820	valid_loss	15778.1834717
batch	21840	valid_loss	15781.9168701
batch	21860	valid_loss	15747.3580322
batch	21880	valid_loss	15776.8533936
batch	21900	valid_loss	15729.1911621
batch	21920	valid_loss	15765.444458
batch	21940	valid_loss	15746.6329346
batch	21960	valid_loss	15776.7132568
batch	21980	valid_loss	15745.1647949
batch	22000	valid_loss	15758.8339844
batch	22020	valid_loss	15775.9525146
batch	22040	valid_loss	15758.8406982
batch	22060	valid_loss	15775.7453613
batch	22080	valid_loss	15783.8173828
batch	22100	valid_loss	15780.3919678
batch	22120	valid_loss	15776.3215332
batch	22140	valid_loss	15744.1695557
batch	22160	valid_loss	15764.9974365
batch	22180	valid_loss	15792.3216553
batch	22200	valid_loss	15780.8220215
batch	22220	valid_loss	15774.8723145
batch	22240	valid_loss	15796.9603271
batch	22260	valid_loss	15769.4503174
batch	22280	valid_loss	15787.5950928
batch	22300	valid_loss	15813.6699219
batch	22320	valid_loss	15799.55896
batch	22340	valid_loss	15774.5914307
batch	22360	valid_loss	15744.4302979
batch	22380	valid_loss	15748.4335938
batch	22400	valid_loss	15802.3986816
batch	22420	valid_loss	15770.9709473
batch	22440	valid_loss	15804.7513428
batch	22460	valid_loss	15784.5092773
batch	22480	valid_loss	15749.979248
batch	22500	valid_loss	15794.572998
batch	22520	valid_loss	15762.3602295
batch	22540	valid_loss	15778.9578857
batch	22560	valid_loss	15740.1658936
batch	22580	valid_loss	15746.8554688
batch	22600	valid_loss	15804.7182617
batch	22620	valid_loss	15751.5455322
batch	22640	valid_loss	15784.6094971
batch	22660	valid_loss	15778.7574463
batch	22680	valid_loss	15761.2102051
batch	22700	valid_loss	15789.3640137
batch	22720	valid_loss	15804.7612305
batch	22740	valid_loss	15793.5610352
batch	22760	valid_loss	15744.1331787
batch	22780	valid_loss	15768.7928467
batch	22800	valid_loss	15778.0650635
batch	22820	valid_loss	15769.4060059
batch	22840	valid_loss	15729.2193604
batch	22860	valid_loss	15803.4614258
batch	22880	valid_loss	15757.7218018
batch	22900	valid_loss	15781.5294189
batch	22920	valid_loss	15781.1606445
batch	22940	valid_loss	15789.8963623
batch	22960	valid_loss	15793.6485596
batch	22980	valid_loss	15755.869873
batch	23000	valid_loss	15752.9544678
batch	23020	valid_loss	15767.4660645
batch	23040	valid_loss	15748.8465576
batch	23060	valid_loss	15784.0804443
batch	23080	valid_loss	15771.7425537
batch	23100	valid_loss	15766.8903809
batch	23120	valid_loss	15800.7067871
batch	23140	valid_loss	15784.4886475
batch	23160	valid_loss	15809.2966309
batch	23180	valid_loss	15765.5306396
batch	23200	valid_loss	15761.9515381
batch	23220	valid_loss	15774.6864014
batch	23240	valid_loss	15774.4388428
batch	23260	valid_loss	15784.9382324
batch	23280	valid_loss	15779.480957
batch	23300	valid_loss	15762.5926514
batch	23320	valid_loss	15766.3465576
batch	23340	valid_loss	15821.5200195
batch	23360	valid_loss	15764.9897461
batch	23380	valid_loss	15784.9829102
batch	23400	valid_loss	15773.1488037
batch	23420	valid_loss	15757.9189453
batch	23440	valid_loss	15780.5291748
batch	23460	valid_loss	15726.0844727
batch	23480	valid_loss	15771.4847412
batch	23500	valid_loss	15740.4094238
batch	23520	valid_loss	15766.4293213
batch	23540	valid_loss	15757.2088623
batch	23560	valid_loss	15777.3878174
batch	23580	valid_loss	15792.9708252
batch	23600	valid_loss	15759.9876709
batch	23620	valid_loss	15756.5229492
batch	23640	valid_loss	15771.2822266
batch	23660	valid_loss	15800.8327637
batch	23680	valid_loss	15771.6112061
batch	23700	valid_loss	15752.5426025
batch	23720	valid_loss	15778.5087891
batch	23740	valid_loss	15792.0559082
batch	23760	valid_loss	15789.6052246
batch	23780	valid_loss	15787.2646484
batch	23800	valid_loss	15792.5968018
batch	23820	valid_loss	15765.8476562
batch	23840	valid_loss	15776.0372314
batch	23860	valid_loss	15816.2095947
batch	23880	valid_loss	15789.1179199
batch	23900	valid_loss	15783.9589844
batch	23920	valid_loss	15750.2344971
batch	23940	valid_loss	15749.8724365
batch	23960	valid_loss	15795.1188965
batch	23980	valid_loss	15758.7781982
batch	24000	valid_loss	15783.989502
batch	24020	valid_loss	15781.392334
batch	24040	valid_loss	15758.8867188
batch	24060	valid_loss	15800.9846191
batch	24080	valid_loss	15765.2497559
batch	24100	valid_loss	15773.9606934
batch	24120	valid_loss	15742.2955322
batch	24140	valid_loss	15770.453125
batch	24160	valid_loss	15771.2426758
batch	24180	valid_loss	15745.5871582
batch	24200	valid_loss	15783.9837646
batch	24220	valid_loss	15782.776001
batch	24240	valid_loss	15757.7037354
batch	24260	valid_loss	15785.0219727
batch	24280	valid_loss	15787.8869629
batch	24300	valid_loss	15785.8519287
batch	24320	valid_loss	15743.8813477
batch	24340	valid_loss	15768.9404297
batch	24360	valid_loss	15759.6234131
batch	24380	valid_loss	15777.0993652
batch	24400	valid_loss	15727.7613525
batch	24420	valid_loss	15823.126709
batch	24440	valid_loss	15751.0010986
batch	24460	valid_loss	15789.4399414
batch	24480	valid_loss	15782.4855957
batch	24500	valid_loss	15781.0378418
batch	24520	valid_loss	15777.7120361
batch	24540	valid_loss	15767.8068848
batch	24560	valid_loss	15736.5100098
batch	24580	valid_loss	15756.6265869
batch	24600	valid_loss	15748.2250977
batch	24620	valid_loss	15770.9641113
batch	24640	valid_loss	15760.5802002
batch	24660	valid_loss	15763.6031494
batch	24680	valid_loss	15784.2724609
batch	24700	valid_loss	15782.3676758
batch	24720	valid_loss	15811.7001953
batch	24740	valid_loss	15745.666626
batch	24760	valid_loss	15758.8170166
batch	24780	valid_loss	15777.6917725
batch	24800	valid_loss	15775.5371094
batch	24820	valid_loss	15775.3717041
batch	24840	valid_loss	15795.3945312
batch	24860	valid_loss	15742.2373047
batch	24880	valid_loss	15768.0240479
batch	24900	valid_loss	15812.4838867
batch	24920	valid_loss	15758.4034424
batch	24940	valid_loss	15769.0499268
batch	24960	valid_loss	15783.3187256
batch	24980	valid_loss	15754.4238281
STOP
START
config	320	960
batch	0	valid_loss	174145.06543
batch	20	valid_loss	99740.25
batch	40	valid_loss	92113.6855469
batch	60	valid_loss	86691.6450195
batch	80	valid_loss	81545.5839844
batch	100	valid_loss	76189.4047852
batch	120	valid_loss	70564.1914062
batch	140	valid_loss	64989.9018555
batch	160	valid_loss	59404.0488281
batch	180	valid_loss	53947.7832031
batch	200	valid_loss	49000.019043
batch	220	valid_loss	44687.7446289
batch	240	valid_loss	40802.3710938
batch	260	valid_loss	37514.2402344
batch	280	valid_loss	34727.293457
batch	300	valid_loss	32254.8039551
batch	320	valid_loss	30167.7358398
batch	340	valid_loss	28389.4733887
batch	360	valid_loss	26850.170166
batch	380	valid_loss	25536.0070801
batch	400	valid_loss	24408.8847656
batch	420	valid_loss	23400.0927734
batch	440	valid_loss	22573.1281738
batch	460	valid_loss	21829.9779053
batch	480	valid_loss	21171.3624268
batch	500	valid_loss	20579.0356445
batch	520	valid_loss	20054.0614014
batch	540	valid_loss	19609.2122803
batch	560	valid_loss	19253.776123
batch	580	valid_loss	18881.6865234
batch	600	valid_loss	18610.3537598
batch	620	valid_loss	18333.9022217
batch	640	valid_loss	18099.654541
batch	660	valid_loss	17917.1662598
batch	680	valid_loss	17708.0147705
batch	700	valid_loss	17570.2493896
batch	720	valid_loss	17420.7249756
batch	740	valid_loss	17327.270874
batch	760	valid_loss	17240.1477051
batch	780	valid_loss	17138.4240723
batch	800	valid_loss	17084.260498
batch	820	valid_loss	17012.4888916
batch	840	valid_loss	16936.251709
batch	860	valid_loss	16895.4519043
batch	880	valid_loss	16866.7202148
batch	900	valid_loss	16819.9976807
batch	920	valid_loss	16786.8535156
batch	940	valid_loss	16749.2169189
batch	960	valid_loss	16703.5158691
batch	980	valid_loss	16701.8586426
batch	1000	valid_loss	16661.9804688
batch	1020	valid_loss	16677.208374
batch	1040	valid_loss	16617.1853027
batch	1060	valid_loss	16624.8754883
batch	1080	valid_loss	16613.2229004
batch	1100	valid_loss	16590.873291
batch	1120	valid_loss	16573.1546631
batch	1140	valid_loss	16556.4870605
batch	1160	valid_loss	16539.8359375
batch	1180	valid_loss	16528.8779297
batch	1200	valid_loss	16528.0705566
batch	1220	valid_loss	16532.5465088
batch	1240	valid_loss	16523.401123
batch	1260	valid_loss	16518.6468506
batch	1280	valid_loss	16502.8487549
batch	1300	valid_loss	16501.1308594
batch	1320	valid_loss	16473.3110352
batch	1340	valid_loss	16462.7022705
batch	1360	valid_loss	16437.7169189
batch	1380	valid_loss	16467.1134033
batch	1400	valid_loss	16452.1186523
batch	1420	valid_loss	16445.7852783
batch	1440	valid_loss	16436.2058105
batch	1460	valid_loss	16400.6673584
batch	1480	valid_loss	16403.1181641
batch	1500	valid_loss	16451.8557129
batch	1520	valid_loss	16411.3120117
batch	1540	valid_loss	16421.1341553
batch	1560	valid_loss	16395.6079102
batch	1580	valid_loss	16379.6159668
batch	1600	valid_loss	16397.7467041
batch	1620	valid_loss	16344.1289062
batch	1640	valid_loss	16359.6437988
batch	1660	valid_loss	16337.3103027
batch	1680	valid_loss	16355.9781494
batch	1700	valid_loss	16352.0770264
batch	1720	valid_loss	16348.401123
batch	1740	valid_loss	16352.4626465
batch	1760	valid_loss	16340.8531494
batch	1780	valid_loss	16333.2186279
batch	1800	valid_loss	16340.9155273
batch	1820	valid_loss	16355.6914062
batch	1840	valid_loss	16328.5505371
batch	1860	valid_loss	16323.3161621
batch	1880	valid_loss	16309.3693848
batch	1900	valid_loss	16330.6207275
batch	1920	valid_loss	16332.9317627
batch	1940	valid_loss	16296.4174805
batch	1960	valid_loss	16310.609375
batch	1980	valid_loss	16278.5739746
batch	2000	valid_loss	16298.9575195
batch	2020	valid_loss	16299.9813232
batch	2040	valid_loss	16300.8729248
batch	2060	valid_loss	16280.4663086
batch	2080	valid_loss	16254.2044678
batch	2100	valid_loss	16240.5126953
batch	2120	valid_loss	16303.6453857
batch	2140	valid_loss	16259.5645752
batch	2160	valid_loss	16285.5455322
batch	2180	valid_loss	16291.6923828
batch	2200	valid_loss	16239.4890137
batch	2220	valid_loss	16274.7913818
batch	2240	valid_loss	16240.9663086
batch	2260	valid_loss	16235.0098877
batch	2280	valid_loss	16213.5750732
batch	2300	valid_loss	16226.4881592
batch	2320	valid_loss	16230.9067383
batch	2340	valid_loss	16220.3458252
batch	2360	valid_loss	16227.2977295
batch	2380	valid_loss	16210.4437256
batch	2400	valid_loss	16193.8155518
batch	2420	valid_loss	16220.5788574
batch	2440	valid_loss	16222.6672363
batch	2460	valid_loss	16173.8282471
batch	2480	valid_loss	16190.861084
batch	2500	valid_loss	16197.2072754
batch	2520	valid_loss	16173.3713379
batch	2540	valid_loss	16187.0410156
batch	2560	valid_loss	16133.401123
batch	2580	valid_loss	16187.8260498
batch	2600	valid_loss	16147.1245117
batch	2620	valid_loss	16169.7697754
batch	2640	valid_loss	16153.5986328
batch	2660	valid_loss	16146.7093506
batch	2680	valid_loss	16141.1846924
batch	2700	valid_loss	16141.482666
batch	2720	valid_loss	16102.0192871
batch	2740	valid_loss	16128.40625
batch	2760	valid_loss	16113.2449951
batch	2780	valid_loss	16117.9350586
batch	2800	valid_loss	16110.8078613
batch	2820	valid_loss	16117.6756592
batch	2840	valid_loss	16134.9119873
batch	2860	valid_loss	16118.7950439
batch	2880	valid_loss	16103.3857422
batch	2900	valid_loss	16082.2808838
batch	2920	valid_loss	16066.8623047
batch	2940	valid_loss	16083.0980225
batch	2960	valid_loss	16089.8400879
batch	2980	valid_loss	16085.2597656
batch	3000	valid_loss	16080.1298828
batch	3020	valid_loss	16043.4681396
batch	3040	valid_loss	16059.0843506
batch	3060	valid_loss	16094.0394287
batch	3080	valid_loss	16064.0472412
batch	3100	valid_loss	16081.3208008
batch	3120	valid_loss	16067.2648926
batch	3140	valid_loss	16057.15625
batch	3160	valid_loss	16072.9016113
batch	3180	valid_loss	16017.8624268
batch	3200	valid_loss	16034.3718262
batch	3220	valid_loss	16026.7930908
batch	3240	valid_loss	16039.0717773
batch	3260	valid_loss	16019.7919922
batch	3280	valid_loss	16034.5219727
batch	3300	valid_loss	16043.8148193
batch	3320	valid_loss	16035.2307129
batch	3340	valid_loss	16041.4632568
batch	3360	valid_loss	16040.237915
batch	3380	valid_loss	16048.0874023
batch	3400	valid_loss	16013.4903564
batch	3420	valid_loss	16011.7696533
batch	3440	valid_loss	16038.5097656
batch	3460	valid_loss	16040.3763428
batch	3480	valid_loss	16027.3671875
batch	3500	valid_loss	16020.6414795
batch	3520	valid_loss	16028.2216797
batch	3540	valid_loss	16010.8153076
batch	3560	valid_loss	16026.0465088
batch	3580	valid_loss	16052.4154053
batch	3600	valid_loss	16029.2755127
batch	3620	valid_loss	16007.6282959
batch	3640	valid_loss	15992.9251709
batch	3660	valid_loss	16001.6258545
batch	3680	valid_loss	16045.958252
batch	3700	valid_loss	16012.3775635
batch	3720	valid_loss	16045.6333008
batch	3740	valid_loss	16021.0142822
batch	3760	valid_loss	15990.1695557
batch	3780	valid_loss	16042.4036865
batch	3800	valid_loss	15996.3046875
batch	3820	valid_loss	16001.3753662
batch	3840	valid_loss	15967.5604248
batch	3860	valid_loss	15991.5957031
batch	3880	valid_loss	16000.7810059
batch	3900	valid_loss	15997.1882324
batch	3920	valid_loss	16022.1938477
batch	3940	valid_loss	16011.227417
batch	3960	valid_loss	15990.6851807
batch	3980	valid_loss	16021.8603516
batch	4000	valid_loss	16030.4855957
batch	4020	valid_loss	15998.69104
batch	4040	valid_loss	15983.2945557
batch	4060	valid_loss	15991.2796631
batch	4080	valid_loss	15976.7232666
batch	4100	valid_loss	15986.178833
batch	4120	valid_loss	15953.0682373
batch	4140	valid_loss	16006.1496582
batch	4160	valid_loss	15952.8400879
batch	4180	valid_loss	15986.1087646
batch	4200	valid_loss	15983.9981689
batch	4220	valid_loss	15980.4057617
batch	4240	valid_loss	15995.1247559
batch	4260	valid_loss	15982.3690186
batch	4280	valid_loss	15955.4003906
batch	4300	valid_loss	15958.2248535
batch	4320	valid_loss	15957.1253662
batch	4340	valid_loss	15980.939209
batch	4360	valid_loss	15964.5366211
batch	4380	valid_loss	15972.7088623
batch	4400	valid_loss	15995.0375977
batch	4420	valid_loss	15985.4614258
batch	4440	valid_loss	15972.934082
batch	4460	valid_loss	15942.3662109
batch	4480	valid_loss	15944.3518066
batch	4500	valid_loss	15960.3928223
batch	4520	valid_loss	15959.5611572
batch	4540	valid_loss	15974.3865967
batch	4560	valid_loss	15944.067749
batch	4580	valid_loss	15934.9208984
batch	4600	valid_loss	15956.817749
batch	4620	valid_loss	15997.4897461
batch	4640	valid_loss	15947.4232178
batch	4660	valid_loss	15971.4249268
batch	4680	valid_loss	15956.9816895
batch	4700	valid_loss	15933.4401855
batch	4720	valid_loss	15963.1975098
batch	4740	valid_loss	15899.6998291
batch	4760	valid_loss	15945.8458252
batch	4780	valid_loss	15921.3681641
batch	4800	valid_loss	15936.1668701
batch	4820	valid_loss	15920.416748
batch	4840	valid_loss	15921.3273926
batch	4860	valid_loss	15948.6118164
batch	4880	valid_loss	15932.0189209
batch	4900	valid_loss	15945.612793
batch	4920	valid_loss	15938.708252
batch	4940	valid_loss	15940.0169678
batch	4960	valid_loss	15925.4138184
batch	4980	valid_loss	15905.9663086
batch	5000	valid_loss	15935.1842041
batch	5020	valid_loss	15940.244751
batch	5040	valid_loss	15940.7801514
batch	5060	valid_loss	15930.3470459
batch	5080	valid_loss	15950.1005859
batch	5100	valid_loss	15941.1212158
batch	5120	valid_loss	15922.2849121
batch	5140	valid_loss	15967.4152832
batch	5160	valid_loss	15950.1166992
batch	5180	valid_loss	15925.2171631
batch	5200	valid_loss	15906.425415
batch	5220	valid_loss	15899.9570312
batch	5240	valid_loss	15955.7088623
batch	5260	valid_loss	15924.8452148
batch	5280	valid_loss	15962.5906982
batch	5300	valid_loss	15932.3198242
batch	5320	valid_loss	15911.6280518
batch	5340	valid_loss	15957.848999
batch	5360	valid_loss	15912.1895752
batch	5380	valid_loss	15914.9477539
batch	5400	valid_loss	15882.7962646
batch	5420	valid_loss	15913.0426025
batch	5440	valid_loss	15931.3179932
batch	5460	valid_loss	15896.199585
batch	5480	valid_loss	15930.381958
batch	5500	valid_loss	15938.9709473
batch	5520	valid_loss	15886.015625
batch	5540	valid_loss	15933.0391846
batch	5560	valid_loss	15946.0350342
batch	5580	valid_loss	15898.5661621
batch	5600	valid_loss	15903.887207
batch	5620	valid_loss	15905.4090576
batch	5640	valid_loss	15905.9744873
batch	5660	valid_loss	15907.9698486
batch	5680	valid_loss	15878.0863037
batch	5700	valid_loss	15936.0024414
batch	5720	valid_loss	15882.203125
batch	5740	valid_loss	15914.5688477
batch	5760	valid_loss	15896.6297607
batch	5780	valid_loss	15925.5285645
batch	5800	valid_loss	15901.7668457
batch	5820	valid_loss	15907.1376953
batch	5840	valid_loss	15878.1516113
batch	5860	valid_loss	15912.5593262
batch	5880	valid_loss	15888.8962402
batch	5900	valid_loss	15898.6912842
batch	5920	valid_loss	15891.1895752
batch	5940	valid_loss	15901.5644531
batch	5960	valid_loss	15920.699707
batch	5980	valid_loss	15912.6352539
batch	6000	valid_loss	15920.677124
batch	6020	valid_loss	15880.2122803
batch	6040	valid_loss	15870.2078857
batch	6060	valid_loss	15906.2546387
batch	6080	valid_loss	15886.8377686
batch	6100	valid_loss	15912.8236084
batch	6120	valid_loss	15905.0
batch	6140	valid_loss	15864.1536865
batch	6160	valid_loss	15871.1507568
batch	6180	valid_loss	15904.835083
batch	6200	valid_loss	15883.5526123
batch	6220	valid_loss	15904.0477295
batch	6240	valid_loss	15909.3894043
batch	6260	valid_loss	15878.5593262
batch	6280	valid_loss	15875.387085
batch	6300	valid_loss	15841.9655762
batch	6320	valid_loss	15864.3045654
batch	6340	valid_loss	15837.0177002
batch	6360	valid_loss	15873.8231201
batch	6380	valid_loss	15848.9476318
batch	6400	valid_loss	15888.8045654
batch	6420	valid_loss	15887.19104
batch	6440	valid_loss	15871.0318604
batch	6460	valid_loss	15877.4438477
batch	6480	valid_loss	15881.012085
batch	6500	valid_loss	15884.0646973
batch	6520	valid_loss	15873.6357422
batch	6540	valid_loss	15852.3446045
batch	6560	valid_loss	15876.7431641
batch	6580	valid_loss	15878.0339355
batch	6600	valid_loss	15885.0026855
batch	6620	valid_loss	15885.8503418
batch	6640	valid_loss	15890.3074951
batch	6660	valid_loss	15865.3907471
batch	6680	valid_loss	15870.2674561
batch	6700	valid_loss	15905.2611084
batch	6720	valid_loss	15882.4161377
batch	6740	valid_loss	15873.4613037
batch	6760	valid_loss	15846.5294189
batch	6780	valid_loss	15834.9147949
batch	6800	valid_loss	15884.588501
batch	6820	valid_loss	15871.4576416
batch	6840	valid_loss	15917.9575195
batch	6860	valid_loss	15870.9560547
batch	6880	valid_loss	15850.4071045
batch	6900	valid_loss	15909.8299561
batch	6920	valid_loss	15861.6459961
batch	6940	valid_loss	15866.1809082
batch	6960	valid_loss	15844.97229
batch	6980	valid_loss	15854.7584229
batch	7000	valid_loss	15878.5712891
batch	7020	valid_loss	15850.5101318
batch	7040	valid_loss	15885.2045898
batch	7060	valid_loss	15881.2019043
batch	7080	valid_loss	15836.770874
batch	7100	valid_loss	15898.7763672
batch	7120	valid_loss	15899.0999756
batch	7140	valid_loss	15868.9315186
batch	7160	valid_loss	15834.0166016
batch	7180	valid_loss	15871.0935059
batch	7200	valid_loss	15860.0606689
batch	7220	valid_loss	15868.8153076
batch	7240	valid_loss	15823.5732422
batch	7260	valid_loss	15888.2609863
batch	7280	valid_loss	15863.9916992
batch	7300	valid_loss	15880.7315674
batch	7320	valid_loss	15855.0780029
batch	7340	valid_loss	15883.0863037
batch	7360	valid_loss	15857.5028076
batch	7380	valid_loss	15859.2172852
batch	7400	valid_loss	15816.5622559
batch	7420	valid_loss	15841.6864014
batch	7440	valid_loss	15843.6956787
batch	7460	valid_loss	15867.0550537
batch	7480	valid_loss	15866.8356934
batch	7500	valid_loss	15870.1057129
batch	7520	valid_loss	15881.7677002
batch	7540	valid_loss	15880.5631104
batch	7560	valid_loss	15881.1568604
batch	7580	valid_loss	15833.0876465
batch	7600	valid_loss	15824.71521
batch	7620	valid_loss	15860.8875732
batch	7640	valid_loss	15848.439209
batch	7660	valid_loss	15865.8175049
batch	7680	valid_loss	15869.4001465
batch	7700	valid_loss	15812.2290039
batch	7720	valid_loss	15847.7462158
batch	7740	valid_loss	15889.4173584
batch	7760	valid_loss	15847.2889404
batch	7780	valid_loss	15853.739502
batch	7800	valid_loss	15862.1519775
batch	7820	valid_loss	15833.5026855
batch	7840	valid_loss	15854.9405518
batch	7860	valid_loss	15800.4272461
batch	7880	valid_loss	15841.1799316
batch	7900	valid_loss	15813.3695068
batch	7920	valid_loss	15839.2412109
batch	7940	valid_loss	15808.5743408
batch	7960	valid_loss	15838.8981934
batch	7980	valid_loss	15859.868042
batch	8000	valid_loss	15847.0045166
batch	8020	valid_loss	15850.1396484
batch	8040	valid_loss	15834.5391846
batch	8060	valid_loss	15855.9287109
batch	8080	valid_loss	15843.8299561
batch	8100	valid_loss	15833.982666
batch	8120	valid_loss	15839.6523438
batch	8140	valid_loss	15863.9267578
batch	8160	valid_loss	15842.1118164
batch	8180	valid_loss	15844.3530273
batch	8200	valid_loss	15863.671875
batch	8220	valid_loss	15841.8487549
batch	8240	valid_loss	15827.491333
batch	8260	valid_loss	15883.3818359
batch	8280	valid_loss	15861.206543
batch	8300	valid_loss	15852.7617188
batch	8320	valid_loss	15826.5760498
batch	8340	valid_loss	15805.9395752
batch	8360	valid_loss	15879.8372803
batch	8380	valid_loss	15845.2348633
batch	8400	valid_loss	15863.1917725
batch	8420	valid_loss	15851.310791
batch	8440	valid_loss	15826.3572998
batch	8460	valid_loss	15859.7329102
batch	8480	valid_loss	15834.0732422
batch	8500	valid_loss	15840.7524414
batch	8520	valid_loss	15808.5537109
batch	8540	valid_loss	15828.9628906
batch	8560	valid_loss	15865.6342773
batch	8580	valid_loss	15814.7944336
batch	8600	valid_loss	15850.3946533
batch	8620	valid_loss	15838.3428955
batch	8640	valid_loss	15812.8201904
batch	8660	valid_loss	15856.8686523
batch	8680	valid_loss	15876.2344971
batch	8700	valid_loss	15829.3851318
batch	8720	valid_loss	15814.7615967
batch	8740	valid_loss	15829.7703857
batch	8760	valid_loss	15827.0997314
batch	8780	valid_loss	15849.7669678
batch	8800	valid_loss	15806.9775391
batch	8820	valid_loss	15862.3565674
batch	8840	valid_loss	15808.2575684
batch	8860	valid_loss	15837.1540527
batch	8880	valid_loss	15832.220459
batch	8900	valid_loss	15843.2281494
batch	8920	valid_loss	15843.2423096
batch	8940	valid_loss	15848.4858398
batch	8960	valid_loss	15796.9835205
batch	8980	valid_loss	15811.286377
batch	9000	valid_loss	15820.1199951
batch	9020	valid_loss	15831.94104
batch	9040	valid_loss	15824.5308838
batch	9060	valid_loss	15836.0979004
batch	9080	valid_loss	15857.8043213
batch	9100	valid_loss	15838.2979736
batch	9120	valid_loss	15850.65271
batch	9140	valid_loss	15804.1220703
batch	9160	valid_loss	15818.1411133
batch	9180	valid_loss	15836.6832275
batch	9200	valid_loss	15822.8640137
batch	9220	valid_loss	15851.1435547
batch	9240	valid_loss	15836.3092041
batch	9260	valid_loss	15803.5345459
batch	9280	valid_loss	15808.2213135
batch	9300	valid_loss	15871.2301025
batch	9320	valid_loss	15842.4594727
batch	9340	valid_loss	15839.1268311
batch	9360	valid_loss	15830.9351807
batch	9380	valid_loss	15823.1973877
batch	9400	valid_loss	15818.0012207
batch	9420	valid_loss	15776.7010498
batch	9440	valid_loss	15814.0460205
batch	9460	valid_loss	15801.9428711
batch	9480	valid_loss	15830.4882812
batch	9500	valid_loss	15799.5935059
batch	9520	valid_loss	15826.4854736
batch	9540	valid_loss	15847.2994385
batch	9560	valid_loss	15831.5354004
batch	9580	valid_loss	15804.9130859
batch	9600	valid_loss	15825.2976074
batch	9620	valid_loss	15842.6417236
batch	9640	valid_loss	15806.4105225
batch	9660	valid_loss	15807.9742432
batch	9680	valid_loss	15834.0375977
batch	9700	valid_loss	15842.2927246
batch	9720	valid_loss	15826.5020752
batch	9740	valid_loss	15831.0574951
batch	9760	valid_loss	15847.1397705
batch	9780	valid_loss	15818.267334
batch	9800	valid_loss	15810.3720703
batch	9820	valid_loss	15852.7857666
batch	9840	valid_loss	15840.3255615
batch	9860	valid_loss	15844.6719971
batch	9880	valid_loss	15811.7791748
batch	9900	valid_loss	15799.1187744
batch	9920	valid_loss	15845.765625
batch	9940	valid_loss	15805.7745361
batch	9960	valid_loss	15858.4217529
batch	9980	valid_loss	15829.394043
batch	10000	valid_loss	15794.5111084
batch	10020	valid_loss	15840.5187988
batch	10040	valid_loss	15826.8535156
batch	10060	valid_loss	15818.671875
batch	10080	valid_loss	15790.5654297
batch	10100	valid_loss	15800.7634277
batch	10120	valid_loss	15828.6397705
batch	10140	valid_loss	15793.166626
batch	10160	valid_loss	15829.0927734
batch	10180	valid_loss	15837.1796875
batch	10200	valid_loss	15802.8428955
batch	10220	valid_loss	15831.6140137
batch	10240	valid_loss	15851.9313965
batch	10260	valid_loss	15831.486084
batch	10280	valid_loss	15791.4587402
batch	10300	valid_loss	15834.0831299
batch	10320	valid_loss	15829.3828125
batch	10340	valid_loss	15825.1517334
batch	10360	valid_loss	15784.0511475
batch	10380	valid_loss	15843.3060303
batch	10400	valid_loss	15804.4313965
batch	10420	valid_loss	15830.5518799
batch	10440	valid_loss	15818.8446045
batch	10460	valid_loss	15841.3829346
batch	10480	valid_loss	15830.1158447
batch	10500	valid_loss	15820.6035156
batch	10520	valid_loss	15787.9354248
batch	10540	valid_loss	15816.482666
batch	10560	valid_loss	15796.9110107
batch	10580	valid_loss	15819.4747314
batch	10600	valid_loss	15808.6191406
batch	10620	valid_loss	15821.3457031
batch	10640	valid_loss	15854.1948242
batch	10660	valid_loss	15823.4066162
batch	10680	valid_loss	15845.814209
batch	10700	valid_loss	15795.8375244
batch	10720	valid_loss	15790.1134033
batch	10740	valid_loss	15828.8387451
batch	10760	valid_loss	15812.0467529
batch	10780	valid_loss	15833.171875
batch	10800	valid_loss	15828.6633301
batch	10820	valid_loss	15798.4328613
batch	10840	valid_loss	15816.9377441
batch	10860	valid_loss	15848.9387207
batch	10880	valid_loss	15812.1950684
batch	10900	valid_loss	15826.321167
batch	10920	valid_loss	15818.5900879
batch	10940	valid_loss	15804.9318848
batch	10960	valid_loss	15818.4702148
batch	10980	valid_loss	15767.3126221
batch	11000	valid_loss	15809.7116699
batch	11020	valid_loss	15775.439209
batch	11040	valid_loss	15822.8616943
batch	11060	valid_loss	15789.7875977
batch	11080	valid_loss	15810.8457031
batch	11100	valid_loss	15805.7614746
batch	11120	valid_loss	15808.838501
batch	11140	valid_loss	15804.4898682
batch	11160	valid_loss	15804.9699707
batch	11180	valid_loss	15820.7662354
batch	11200	valid_loss	15791.1082764
batch	11220	valid_loss	15785.1975098
batch	11240	valid_loss	15812.6340332
batch	11260	valid_loss	15828.5523682
batch	11280	valid_loss	15808.9312744
batch	11300	valid_loss	15818.5635986
batch	11320	valid_loss	15824.9819336
batch	11340	valid_loss	15797.5455322
batch	11360	valid_loss	15801.286377
batch	11380	valid_loss	15841.1795654
batch	11400	valid_loss	15827.1889648
batch	11420	valid_loss	15819.3255615
batch	11440	valid_loss	15798.7730713
batch	11460	valid_loss	15783.2852783
batch	11480	valid_loss	15834.8271484
batch	11500	valid_loss	15810.4460449
batch	11520	valid_loss	15851.8105469
batch	11540	valid_loss	15806.3911133
batch	11560	valid_loss	15783.1517334
batch	11580	valid_loss	15850.4733887
batch	11600	valid_loss	15807.7142334
batch	11620	valid_loss	15810.4216309
batch	11640	valid_loss	15774.2784424
batch	11660	valid_loss	15793.6450195
batch	11680	valid_loss	15837.4477539
batch	11700	valid_loss	15783.8181152
batch	11720	valid_loss	15825.4348145
batch	11740	valid_loss	15823.3999023
batch	11760	valid_loss	15794.5078125
batch	11780	valid_loss	15816.223999
batch	11800	valid_loss	15832.501709
batch	11820	valid_loss	15815.6234131
batch	11840	valid_loss	15783.0831299
batch	11860	valid_loss	15812.3284912
batch	11880	valid_loss	15795.77771
batch	11900	valid_loss	15832.02771
batch	11920	valid_loss	15769.5539551
batch	11940	valid_loss	15827.6257324
batch	11960	valid_loss	15798.5222168
batch	11980	valid_loss	15816.0528564
batch	12000	valid_loss	15819.1538086
batch	12020	valid_loss	15816.619873
batch	12040	valid_loss	15816.1010742
batch	12060	valid_loss	15806.2258301
batch	12080	valid_loss	15778.7775879
batch	12100	valid_loss	15800.1035156
batch	12120	valid_loss	15776.3848877
batch	12140	valid_loss	15808.3190918
batch	12160	valid_loss	15783.5109863
batch	12180	valid_loss	15803.0234375
batch	12200	valid_loss	15827.9578857
batch	12220	valid_loss	15819.0515137
batch	12240	valid_loss	15842.710083
batch	12260	valid_loss	15789.9349365
batch	12280	valid_loss	15783.852417
batch	12300	valid_loss	15807.1583252
batch	12320	valid_loss	15806.9095459
batch	12340	valid_loss	15824.9294434
batch	12360	valid_loss	15818.1081543
batch	12380	valid_loss	15780.2580566
batch	12400	valid_loss	15797.2299805
batch	12420	valid_loss	15846.3215332
batch	12440	valid_loss	15804.237793
batch	12460	valid_loss	15807.2244873
batch	12480	valid_loss	15810.3775635
batch	12500	valid_loss	15797.9489746
batch	12520	valid_loss	15809.3713379
batch	12540	valid_loss	15756.8018799
batch	12560	valid_loss	15787.8520508
batch	12580	valid_loss	15757.2097168
batch	12600	valid_loss	15803.6459961
batch	12620	valid_loss	15777.7583008
batch	12640	valid_loss	15815.5483398
batch	12660	valid_loss	15798.7935791
batch	12680	valid_loss	15783.9597168
batch	12700	valid_loss	15806.1350098
batch	12720	valid_loss	15799.2338867
batch	12740	valid_loss	15811.4063721
batch	12760	valid_loss	15796.0895996
batch	12780	valid_loss	15781.7047119
batch	12800	valid_loss	15799.2589111
batch	12820	valid_loss	15809.6317139
batch	12840	valid_loss	15793.3355713
batch	12860	valid_loss	15802.59729
batch	12880	valid_loss	15828.0709229
batch	12900	valid_loss	15796.8458252
batch	12920	valid_loss	15805.0795898
batch	12940	valid_loss	15831.2692871
batch	12960	valid_loss	15827.5385742
batch	12980	valid_loss	15798.2180176
batch	13000	valid_loss	15786.8671875
batch	13020	valid_loss	15773.5113525
batch	13040	valid_loss	15820.2766113
batch	13060	valid_loss	15809.9882812
batch	13080	valid_loss	15828.2716064
batch	13100	valid_loss	15806.5014648
batch	13120	valid_loss	15782.5865479
batch	13140	valid_loss	15837.3391113
batch	13160	valid_loss	15778.5534668
batch	13180	valid_loss	15807.6455078
batch	13200	valid_loss	15767.0731201
batch	13220	valid_loss	15790.5585938
batch	13240	valid_loss	15829.0517578
batch	13260	valid_loss	15793.8891602
batch	13280	valid_loss	15807.4598389
batch	13300	valid_loss	15790.5998535
batch	13320	valid_loss	15785.2287598
batch	13340	valid_loss	15831.1225586
batch	13360	valid_loss	15825.1169434
batch	13380	valid_loss	15802.7120361
batch	13400	valid_loss	15775.8000488
batch	13420	valid_loss	15801.8540039
batch	13440	valid_loss	15795.9525146
batch	13460	valid_loss	15812.5532227
batch	13480	valid_loss	15754.9395752
batch	13500	valid_loss	15829.2589111
batch	13520	valid_loss	15801.8709717
batch	13540	valid_loss	15806.8059082
batch	13560	valid_loss	15793.3336182
batch	13580	valid_loss	15797.6602783
batch	13600	valid_loss	15804.524292
batch	13620	valid_loss	15807.2938232
batch	13640	valid_loss	15755.6052246
batch	13660	valid_loss	15788.3081055
batch	13680	valid_loss	15760.9973145
batch	13700	valid_loss	15806.7479248
batch	13720	valid_loss	15796.7431641
batch	13740	valid_loss	15791.9372559
batch	13760	valid_loss	15831.4204102
batch	13780	valid_loss	15812.8865967
batch	13800	valid_loss	15832.5024414
batch	13820	valid_loss	15776.0803223
batch	13840	valid_loss	15778.7713623
batch	13860	valid_loss	15800.6558838
batch	13880	valid_loss	15802.0858154
batch	13900	valid_loss	15812.605835
batch	13920	valid_loss	15807.7589111
batch	13940	valid_loss	15773.8852539
batch	13960	valid_loss	15788.0788574
batch	13980	valid_loss	15825.0407715
batch	14000	valid_loss	15805.1257324
batch	14020	valid_loss	15788.701416
batch	14040	valid_loss	15808.1107178
batch	14060	valid_loss	15786.8734131
batch	14080	valid_loss	15792.536377
batch	14100	valid_loss	15753.6380615
batch	14120	valid_loss	15775.1520996
batch	14140	valid_loss	15771.8310547
batch	14160	valid_loss	15788.7871094
batch	14180	valid_loss	15763.3842773
batch	14200	valid_loss	15797.2313232
batch	14220	valid_loss	15794.4472656
batch	14240	valid_loss	15789.090332
batch	14260	valid_loss	15784.868042
batch	14280	valid_loss	15789.6608887
batch	14300	valid_loss	15831.0869141
batch	14320	valid_loss	15799.8775635
batch	14340	valid_loss	15769.0754395
batch	14360	valid_loss	15782.4519043
batch	14380	valid_loss	15809.1898193
batch	14400	valid_loss	15804.9525146
batch	14420	valid_loss	15802.6901855
batch	14440	valid_loss	15814.7591553
batch	14460	valid_loss	15790.21521
batch	14480	valid_loss	15780.9558105
batch	14500	valid_loss	15824.3554688
batch	14520	valid_loss	15802.9857178
batch	14540	valid_loss	15800.4052734
batch	14560	valid_loss	15768.0939941
batch	14580	valid_loss	15773.0274658
batch	14600	valid_loss	15821.7380371
batch	14620	valid_loss	15795.6690674
batch	14640	valid_loss	15825.4613037
batch	14660	valid_loss	15799.7849121
batch	14680	valid_loss	15787.671875
batch	14700	valid_loss	15821.1854248
batch	14720	valid_loss	15795.4822998
batch	14740	valid_loss	15783.0080566
batch	14760	valid_loss	15766.447998
batch	14780	valid_loss	15777.7946777
batch	14800	valid_loss	15812.3912354
batch	14820	valid_loss	15777.9421387
batch	14840	valid_loss	15795.152832
batch	14860	valid_loss	15802.699585
batch	14880	valid_loss	15778.7893066
batch	14900	valid_loss	15813.8099365
batch	14920	valid_loss	15841.8492432
batch	14940	valid_loss	15812.4914551
batch	14960	valid_loss	15768.8535156
batch	14980	valid_loss	15797.3848877
batch	15000	valid_loss	15791.0874023
batch	15020	valid_loss	15819.6762695
batch	15040	valid_loss	15754.8565674
batch	15060	valid_loss	15828.87854
batch	15080	valid_loss	15785.5473633
batch	15100	valid_loss	15812.2670898
batch	15120	valid_loss	15787.5263672
batch	15140	valid_loss	15807.2904053
batch	15160	valid_loss	15786.9040527
batch	15180	valid_loss	15788.4356689
batch	15200	valid_loss	15768.2008057
batch	15220	valid_loss	15781.5117188
batch	15240	valid_loss	15764.7802734
batch	15260	valid_loss	15794.769165
batch	15280	valid_loss	15786.4940186
batch	15300	valid_loss	15790.793335
batch	15320	valid_loss	15817.9820557
batch	15340	valid_loss	15817.6860352
batch	15360	valid_loss	15827.9654541
batch	15380	valid_loss	15763.4625244
batch	15400	valid_loss	15779.234375
batch	15420	valid_loss	15794.3753662
batch	15440	valid_loss	15790.0671387
batch	15460	valid_loss	15806.9355469
batch	15480	valid_loss	15792.8139648
batch	15500	valid_loss	15768.7109375
batch	15520	valid_loss	15781.2770996
batch	15540	valid_loss	15823.3204346
batch	15560	valid_loss	15784.4929199
batch	15580	valid_loss	15794.1461182
batch	15600	valid_loss	15810.1057129
batch	15620	valid_loss	15784.43396
batch	15640	valid_loss	15802.3321533
batch	15660	valid_loss	15749.5056152
batch	15680	valid_loss	15790.2423096
batch	15700	valid_loss	15775.1517334
batch	15720	valid_loss	15787.552002
batch	15740	valid_loss	15766.6768799
batch	15760	valid_loss	15794.1451416
batch	15780	valid_loss	15801.2006836
batch	15800	valid_loss	15780.4500732
batch	15820	valid_loss	15782.1705322
batch	15840	valid_loss	15781.4685059
batch	15860	valid_loss	15796.3024902
batch	15880	valid_loss	15793.1386719
batch	15900	valid_loss	15768.8675537
batch	15920	valid_loss	15784.8804932
batch	15940	valid_loss	15815.40625
batch	15960	valid_loss	15800.0793457
batch	15980	valid_loss	15806.4063721
batch	16000	valid_loss	15799.0424805
batch	16020	valid_loss	15797.0357666
batch	16040	valid_loss	15781.5858154
batch	16060	valid_loss	15810.4731445
batch	16080	valid_loss	15826.6934814
batch	16100	valid_loss	15791.47229
batch	16120	valid_loss	15765.5557861
batch	16140	valid_loss	15773.0782471
batch	16160	valid_loss	15797.6661377
batch	16180	valid_loss	15766.6674805
batch	16200	valid_loss	15818.729248
batch	16220	valid_loss	15798.5843506
batch	16240	valid_loss	15785.37146
batch	16260	valid_loss	15826.7579346
batch	16280	valid_loss	15779.5159912
batch	16300	valid_loss	15772.7171631
batch	16320	valid_loss	15751.1630859
batch	16340	valid_loss	15780.7011719
batch	16360	valid_loss	15816.8643799
batch	16380	valid_loss	15752.1572266
batch	16400	valid_loss	15789.1074219
batch	16420	valid_loss	15791.0435791
batch	16440	valid_loss	15769.0447998
batch	16460	valid_loss	15804.0927734
batch	16480	valid_loss	15819.0310059
batch	16500	valid_loss	15790.0754395
batch	16520	valid_loss	15768.2978516
batch	16540	valid_loss	15788.2886963
batch	16560	valid_loss	15771.9742432
batch	16580	valid_loss	15810.194458
batch	16600	valid_loss	15743.435791
batch	16620	valid_loss	15825.7969971
batch	16640	valid_loss	15772.8034668
batch	16660	valid_loss	15791.0693359
batch	16680	valid_loss	15783.9802246
batch	16700	valid_loss	15789.2218018
batch	16720	valid_loss	15817.0179443
batch	16740	valid_loss	15781.2906494
batch	16760	valid_loss	15752.9932861
batch	16780	valid_loss	15779.5926514
batch	16800	valid_loss	15774.7218018
batch	16820	valid_loss	15790.7263184
batch	16840	valid_loss	15774.942627
batch	16860	valid_loss	15782.3327637
batch	16880	valid_loss	15817.7843018
batch	16900	valid_loss	15802.5968018
batch	16920	valid_loss	15820.484375
batch	16940	valid_loss	15774.6064453
batch	16960	valid_loss	15776.0725098
batch	16980	valid_loss	15790.5015869
batch	17000	valid_loss	15785.5266113
batch	17020	valid_loss	15798.0582275
batch	17040	valid_loss	15790.3994141
batch	17060	valid_loss	15760.9481201
batch	17080	valid_loss	15769.2370605
batch	17100	valid_loss	15836.7424316
batch	17120	valid_loss	15783.140625
batch	17140	valid_loss	15791.4141846
batch	17160	valid_loss	15801.5566406
batch	17180	valid_loss	15750.2967529
batch	17200	valid_loss	15787.5560303
batch	17220	valid_loss	15743.5375977
batch	17240	valid_loss	15783.630249
batch	17260	valid_loss	15746.7613525
batch	17280	valid_loss	15780.7113037
batch	17300	valid_loss	15760.625
batch	17320	valid_loss	15775.8721924
batch	17340	valid_loss	15784.59729
batch	17360	valid_loss	15774.2366943
batch	17380	valid_loss	15773.5422363
batch	17400	valid_loss	15785.944458
batch	17420	valid_loss	15801.0373535
batch	17440	valid_loss	15778.4854736
batch	17460	valid_loss	15757.6674805
batch	17480	valid_loss	15769.0982666
batch	17500	valid_loss	15796.1557617
batch	17520	valid_loss	15786.7059326
batch	17540	valid_loss	15794.3973389
batch	17560	valid_loss	15800.0661621
batch	17580	valid_loss	15789.0462646
batch	17600	valid_loss	15782.8015137
batch	17620	valid_loss	15814.7593994
batch	17640	valid_loss	15796.5389404
batch	17660	valid_loss	15790.2530518
batch	17680	valid_loss	15756.1687012
batch	17700	valid_loss	15757.2862549
batch	17720	valid_loss	15809.9749756
batch	17740	valid_loss	15780.0292969
batch	17760	valid_loss	15818.1574707
batch	17780	valid_loss	15785.3341064
batch	17800	valid_loss	15765.0987549
batch	17820	valid_loss	15807.2407227
batch	17840	valid_loss	15787.0264893
batch	17860	valid_loss	15784.4245605
batch	17880	valid_loss	15745.9620361
batch	17900	valid_loss	15758.2912598
batch	17920	valid_loss	15808.5910645
batch	17940	valid_loss	15761.8719482
batch	17960	valid_loss	15789.0045166
batch	17980	valid_loss	15790.098999
batch	18000	valid_loss	15763.4556885
batch	18020	valid_loss	15798.8912354
batch	18040	valid_loss	15823.6776123
batch	18060	valid_loss	15797.6113281
batch	18080	valid_loss	15752.2364502
batch	18100	valid_loss	15804.5386963
batch	18120	valid_loss	15796.7094727
batch	18140	valid_loss	15806.9423828
batch	18160	valid_loss	15742.5809326
batch	18180	valid_loss	15821.0039062
batch	18200	valid_loss	15768.7657471
batch	18220	valid_loss	15798.3737793
batch	18240	valid_loss	15801.3752441
batch	18260	valid_loss	15799.164917
batch	18280	valid_loss	15794.4093018
batch	18300	valid_loss	15785.8746338
batch	18320	valid_loss	15757.9156494
batch	18340	valid_loss	15768.6005859
batch	18360	valid_loss	15736.9813232
batch	18380	valid_loss	15800.2158203
batch	18400	valid_loss	15765.0301514
batch	18420	valid_loss	15792.9898682
batch	18440	valid_loss	15796.895874
batch	18460	valid_loss	15795.4586182
batch	18480	valid_loss	15829.5895996
batch	18500	valid_loss	15760.8815918
batch	18520	valid_loss	15770.9277344
batch	18540	valid_loss	15794.7451172
batch	18560	valid_loss	15776.0849609
batch	18580	valid_loss	15790.6186523
batch	18600	valid_loss	15778.4061279
batch	18620	valid_loss	15763.6776123
batch	18640	valid_loss	15770.0421143
batch	18660	valid_loss	15816.4475098
batch	18680	valid_loss	15776.4610596
batch	18700	valid_loss	15789.9337158
batch	18720	valid_loss	15800.7197266
batch	18740	valid_loss	15763.6505127
batch	18760	valid_loss	15777.4459229
batch	18780	valid_loss	15732.1274414
batch	18800	valid_loss	15782.8425293
batch	18820	valid_loss	15747.7246094
batch	18840	valid_loss	15770.4898682
batch	18860	valid_loss	15750.1574707
batch	18880	valid_loss	15779.6820068
batch	18900	valid_loss	15784.3931885
batch	18920	valid_loss	15770.3516846
batch	18940	valid_loss	15768.9724121
batch	18960	valid_loss	15781.6077881
batch	18980	valid_loss	15784.864502
batch	19000	valid_loss	15771.048584
batch	19020	valid_loss	15750.4168701
batch	19040	valid_loss	15766.4647217
batch	19060	valid_loss	15804.2758789
batch	19080	valid_loss	15789.9685059
batch	19100	valid_loss	15782.6729736
batch	19120	valid_loss	15803.3616943
batch	19140	valid_loss	15786.6549072
batch	19160	valid_loss	15778.3890381
batch	19180	valid_loss	15801.03479
batch	19200	valid_loss	15800.3631592
batch	19220	valid_loss	15802.6241455
batch	19240	valid_loss	15768.5166016
batch	19260	valid_loss	15757.5664062
batch	19280	valid_loss	15805.8068848
batch	19300	valid_loss	15775.8720703
batch	19320	valid_loss	15797.975708
batch	19340	valid_loss	15790.3919678
batch	19360	valid_loss	15770.9200439
batch	19380	valid_loss	15815.5952148
batch	19400	valid_loss	15770.076416
batch	19420	valid_loss	15772.4842529
batch	19440	valid_loss	15744.6811523
batch	19460	valid_loss	15762.5994873
batch	19480	valid_loss	15793.9086914
batch	19500	valid_loss	15766.5654297
batch	19520	valid_loss	15790.5285645
batch	19540	valid_loss	15791.7451172
batch	19560	valid_loss	15759.8175049
batch	19580	valid_loss	15795.7407227
batch	19600	valid_loss	15821.2253418
batch	19620	valid_loss	15776.9645996
batch	19640	valid_loss	15756.2999268
batch	19660	valid_loss	15775.9239502
batch	19680	valid_loss	15761.050293
batch	19700	valid_loss	15785.4949951
batch	19720	valid_loss	15741.1104736
batch	19740	valid_loss	15809.7432861
batch	19760	valid_loss	15771.3409424
batch	19780	valid_loss	15807.6937256
batch	19800	valid_loss	15772.4984131
batch	19820	valid_loss	15791.3039551
batch	19840	valid_loss	15786.2756348
batch	19860	valid_loss	15772.3742676
batch	19880	valid_loss	15750.2587891
batch	19900	valid_loss	15769.3287354
batch	19920	valid_loss	15756.6665039
batch	19940	valid_loss	15791.3764648
batch	19960	valid_loss	15774.3834229
batch	19980	valid_loss	15777.541748
batch	20000	valid_loss	15801.1154785
batch	20020	valid_loss	15798.9643555
batch	20040	valid_loss	15808.9041748
batch	20060	valid_loss	15757.5716553
batch	20080	valid_loss	15763.2347412
batch	20100	valid_loss	15779.6860352
batch	20120	valid_loss	15777.418457
batch	20140	valid_loss	15782.3909912
batch	20160	valid_loss	15791.9255371
batch	20180	valid_loss	15773.6765137
batch	20200	valid_loss	15780.6965332
batch	20220	valid_loss	15815.557251
batch	20240	valid_loss	15787.9849854
batch	20260	valid_loss	15790.9147949
batch	20280	valid_loss	15808.3342285
batch	20300	valid_loss	15766.5726318
batch	20320	valid_loss	15769.4940186
batch	20340	valid_loss	15728.4903564
batch	20360	valid_loss	15777.4904785
batch	20380	valid_loss	15745.6601562
batch	20400	valid_loss	15776.2957764
batch	20420	valid_loss	15758.0401611
batch	20440	valid_loss	15770.1340332
batch	20460	valid_loss	15776.7653809
batch	20480	valid_loss	15755.623291
batch	20500	valid_loss	15759.6224365
batch	20520	valid_loss	15776.677124
batch	20540	valid_loss	15793.8503418
batch	20560	valid_loss	15765.7203369
batch	20580	valid_loss	15754.3790283
batch	20600	valid_loss	15753.1986084
batch	20620	valid_loss	15796.5599365
batch	20640	valid_loss	15774.9030762
batch	20660	valid_loss	15798.319458
batch	20680	valid_loss	15785.4892578
batch	20700	valid_loss	15772.6540527
batch	20720	valid_loss	15754.8123779
batch	20740	valid_loss	15811.3415527
batch	20760	valid_loss	15802.6390381
batch	20780	valid_loss	15789.980957
batch	20800	valid_loss	15757.4255371
batch	20820	valid_loss	15760.019165
batch	20840	valid_loss	15804.6192627
batch	20860	valid_loss	15767.4255371
batch	20880	valid_loss	15824.3344727
batch	20900	valid_loss	15778.8359375
batch	20920	valid_loss	15761.9197998
batch	20940	valid_loss	15814.1418457
batch	20960	valid_loss	15768.213623
batch	20980	valid_loss	15783.699585
batch	21000	valid_loss	15733.4578857
batch	21020	valid_loss	15769.1484375
batch	21040	valid_loss	15788.6204834
batch	21060	valid_loss	15759.8010254
batch	21080	valid_loss	15792.5523682
batch	21100	valid_loss	15789.914917
batch	21120	valid_loss	15762.973877
batch	21140	valid_loss	15795.230957
batch	21160	valid_loss	15814.069458
batch	21180	valid_loss	15771.6878662
batch	21200	valid_loss	15743.6591797
batch	21220	valid_loss	15785.0968018
batch	21240	valid_loss	15761.2879639
batch	21260	valid_loss	15791.3361816
batch	21280	valid_loss	15746.1877441
batch	21300	valid_loss	15801.0391846
batch	21320	valid_loss	15767.8057861
batch	21340	valid_loss	15793.9750977
batch	21360	valid_loss	15787.7193604
batch	21380	valid_loss	15784.7475586
batch	21400	valid_loss	15784.4136963
batch	21420	valid_loss	15767.9827881
batch	21440	valid_loss	15743.5543213
batch	21460	valid_loss	15761.368042
batch	21480	valid_loss	15744.359375
batch	21500	valid_loss	15779.0897217
batch	21520	valid_loss	15776.3199463
batch	21540	valid_loss	15769.1577148
batch	21560	valid_loss	15806.1751709
batch	21580	valid_loss	15787.8048096
batch	21600	valid_loss	15805.2053223
batch	21620	valid_loss	15756.723877
batch	21640	valid_loss	15744.2006836
batch	21660	valid_loss	15796.6135254
batch	21680	valid_loss	15776.0517578
batch	21700	valid_loss	15792.3557129
batch	21720	valid_loss	15792.9846191
batch	21740	valid_loss	15763.947998
batch	21760	valid_loss	15762.550415
batch	21780	valid_loss	15818.3946533
batch	21800	valid_loss	15783.6304932
batch	21820	valid_loss	15786.3778076
batch	21840	valid_loss	15795.7272949
batch	21860	valid_loss	15754.5065918
batch	21880	valid_loss	15770.3562012
batch	21900	valid_loss	15713.6068115
batch	21920	valid_loss	15777.2731934
batch	21940	valid_loss	15731.4526367
batch	21960	valid_loss	15765.4997559
batch	21980	valid_loss	15759.2280273
batch	22000	valid_loss	15791.8243408
batch	22020	valid_loss	15786.2022705
batch	22040	valid_loss	15766.5493164
batch	22060	valid_loss	15762.0809326
batch	22080	valid_loss	15777.7124023
batch	22100	valid_loss	15797.5336914
batch	22120	valid_loss	15762.8128662
batch	22140	valid_loss	15766.5284424
batch	22160	valid_loss	15762.9577637
batch	22180	valid_loss	15784.8961182
batch	22200	valid_loss	15783.8344727
batch	22220	valid_loss	15791.4765625
batch	22240	valid_loss	15793.1668701
batch	22260	valid_loss	15755.1152344
batch	22280	valid_loss	15768.9317627
batch	22300	valid_loss	15803.2758789
batch	22320	valid_loss	15805.074707
batch	22340	valid_loss	15768.8614502
batch	22360	valid_loss	15766.2194824
batch	22380	valid_loss	15748.2689209
batch	22400	valid_loss	15812.2313232
batch	22420	valid_loss	15775.3447266
batch	22440	valid_loss	15806.6933594
batch	22460	valid_loss	15782.2990723
batch	22480	valid_loss	15763.4058838
batch	22500	valid_loss	15810.0727539
batch	22520	valid_loss	15779.5759277
batch	22540	valid_loss	15778.0477295
batch	22560	valid_loss	15742.7120361
batch	22580	valid_loss	15761.8049316
batch	22600	valid_loss	15777.3397217
batch	22620	valid_loss	15752.5983887
batch	22640	valid_loss	15779.4074707
batch	22660	valid_loss	15778.5169678
batch	22680	valid_loss	15761.3381348
batch	22700	valid_loss	15798.0249023
batch	22720	valid_loss	15810.8442383
batch	22740	valid_loss	15791.7094727
batch	22760	valid_loss	15751.1848145
batch	22780	valid_loss	15775.7250977
batch	22800	valid_loss	15776.7158203
batch	22820	valid_loss	15775.4422607
batch	22840	valid_loss	15731.3189697
batch	22860	valid_loss	15820.8577881
batch	22880	valid_loss	15758.800293
batch	22900	valid_loss	15802.5457764
batch	22920	valid_loss	15767.2824707
batch	22940	valid_loss	15782.0360107
batch	22960	valid_loss	15768.9506836
batch	22980	valid_loss	15780.1243896
batch	23000	valid_loss	15749.2357178
batch	23020	valid_loss	15761.55896
batch	23040	valid_loss	15746.626709
batch	23060	valid_loss	15777.0712891
batch	23080	valid_loss	15775.704834
batch	23100	valid_loss	15760.7159424
batch	23120	valid_loss	15792.0543213
batch	23140	valid_loss	15795.8035889
batch	23160	valid_loss	15806.5821533
batch	23180	valid_loss	15753.1968994
batch	23200	valid_loss	15754.1536865
batch	23220	valid_loss	15798.4440918
batch	23240	valid_loss	15770.1998291
batch	23260	valid_loss	15777.4587402
batch	23280	valid_loss	15782.069458
batch	23300	valid_loss	15756.6005859
batch	23320	valid_loss	15769.0090332
batch	23340	valid_loss	15803.2335205
batch	23360	valid_loss	15769.2702637
batch	23380	valid_loss	15776.7922363
batch	23400	valid_loss	15795.6254883
batch	23420	valid_loss	15755.4785156
batch	23440	valid_loss	15758.4716797
batch	23460	valid_loss	15723.7081299
batch	23480	valid_loss	15771.1000977
batch	23500	valid_loss	15731.6859131
batch	23520	valid_loss	15775.958252
batch	23540	valid_loss	15751.762207
batch	23560	valid_loss	15763.1452637
batch	23580	valid_loss	15775.1557617
batch	23600	valid_loss	15779.2166748
batch	23620	valid_loss	15764.3908691
batch	23640	valid_loss	15780.9337158
batch	23660	valid_loss	15780.7520752
batch	23680	valid_loss	15767.8051758
batch	23700	valid_loss	15736.0848389
batch	23720	valid_loss	15770.6896973
batch	23740	valid_loss	15783.717041
batch	23760	valid_loss	15776.2315674
batch	23780	valid_loss	15786.9796143
batch	23800	valid_loss	15792.3850098
batch	23820	valid_loss	15761.9141846
batch	23840	valid_loss	15771.5308838
batch	23860	valid_loss	15805.0583496
batch	23880	valid_loss	15785.5311279
batch	23900	valid_loss	15782.3450928
batch	23920	valid_loss	15746.7919922
batch	23940	valid_loss	15768.7770996
batch	23960	valid_loss	15793.8425293
batch	23980	valid_loss	15751.6364746
batch	24000	valid_loss	15805.2084961
batch	24020	valid_loss	15792.105835
batch	24040	valid_loss	15773.302124
batch	24060	valid_loss	15787.4364014
batch	24080	valid_loss	15771.2392578
batch	24100	valid_loss	15765.1590576
batch	24120	valid_loss	15743.5213623
batch	24140	valid_loss	15769.951416
batch	24160	valid_loss	15781.2683105
batch	24180	valid_loss	15765.1583252
batch	24200	valid_loss	15794.7142334
batch	24220	valid_loss	15774.4404297
batch	24240	valid_loss	15762.3637695
batch	24260	valid_loss	15794.9047852
batch	24280	valid_loss	15800.7327881
batch	24300	valid_loss	15784.6621094
batch	24320	valid_loss	15733.9083252
batch	24340	valid_loss	15779.2141113
batch	24360	valid_loss	15763.6450195
batch	24380	valid_loss	15792.9119873
batch	24400	valid_loss	15724.340332
batch	24420	valid_loss	15800.0092773
batch	24440	valid_loss	15770.932373
batch	24460	valid_loss	15795.8717041
batch	24480	valid_loss	15763.2739258
batch	24500	valid_loss	15768.8096924
batch	24520	valid_loss	15764.9718018
batch	24540	valid_loss	15769.9974365
batch	24560	valid_loss	15749.5845947
batch	24580	valid_loss	15751.1378174
batch	24600	valid_loss	15752.6568604
batch	24620	valid_loss	15789.7155762
batch	24640	valid_loss	15768.3001709
batch	24660	valid_loss	15770.8309326
batch	24680	valid_loss	15792.2877197
batch	24700	valid_loss	15793.80896
batch	24720	valid_loss	15807.2789307
batch	24740	valid_loss	15752.3846436
batch	24760	valid_loss	15764.2808838
batch	24780	valid_loss	15786.4747314
batch	24800	valid_loss	15770.4338379
batch	24820	valid_loss	15795.029541
batch	24840	valid_loss	15786.2607422
batch	24860	valid_loss	15762.0395508
batch	24880	valid_loss	15769.8811035
batch	24900	valid_loss	15797.8397217
batch	24920	valid_loss	15774.1488037
batch	24940	valid_loss	15784.3326416
batch	24960	valid_loss	15782.286377
batch	24980	valid_loss	15759.7115479
STOP
