START
config	660	180	660	960
batch	0	valid_loss	6716260.375
batch	30	valid_loss	182665.672852
batch	60	valid_loss	122903.929688
batch	90	valid_loss	120140.856445
batch	120	valid_loss	119927.663086
batch	150	valid_loss	119797.336914
batch	180	valid_loss	119658.071289
batch	210	valid_loss	119495.217773
batch	240	valid_loss	119099.270508
batch	270	valid_loss	118463.421875
batch	300	valid_loss	117333.326172
batch	330	valid_loss	115415.75
batch	360	valid_loss	113036.765625
batch	390	valid_loss	111084.182617
batch	420	valid_loss	109936.555664
batch	450	valid_loss	109167.258789
batch	480	valid_loss	108627.039062
batch	510	valid_loss	108127.633789
batch	540	valid_loss	107637.384766
batch	570	valid_loss	107145.798828
batch	600	valid_loss	106498.253906
batch	630	valid_loss	105838.74707
batch	660	valid_loss	104976.112305
batch	690	valid_loss	104132.124023
batch	720	valid_loss	103201.057617
batch	750	valid_loss	102325.922852
batch	780	valid_loss	101391.219727
batch	810	valid_loss	100411.024414
batch	840	valid_loss	99309.2695312
batch	870	valid_loss	98233.5136719
batch	900	valid_loss	97069.2539062
batch	930	valid_loss	95832.6445312
batch	960	valid_loss	94769.0205078
batch	990	valid_loss	93587.6943359
batch	1020	valid_loss	92369.8583984
batch	1050	valid_loss	91069.5351562
batch	1080	valid_loss	89986.0532227
batch	1110	valid_loss	88725.5180664
batch	1140	valid_loss	87540.6499023
batch	1170	valid_loss	86276.7910156
batch	1200	valid_loss	85177.7509766
batch	1230	valid_loss	83981.9287109
batch	1260	valid_loss	82831.8837891
batch	1290	valid_loss	81612.4731445
batch	1320	valid_loss	80480.2700195
batch	1350	valid_loss	79340.3427734
batch	1380	valid_loss	78248.4077148
batch	1410	valid_loss	77178.2451172
batch	1440	valid_loss	76173.1074219
batch	1470	valid_loss	74984.2939453
batch	1500	valid_loss	73928.7280273
batch	1530	valid_loss	72795.0986328
batch	1560	valid_loss	71808.0078125
batch	1590	valid_loss	70992.5786133
batch	1620	valid_loss	69819.6225586
batch	1650	valid_loss	68787.878418
batch	1680	valid_loss	67932.9995117
batch	1710	valid_loss	66942.2895508
batch	1740	valid_loss	65932.0917969
batch	1770	valid_loss	65084.9916992
batch	1800	valid_loss	64218.4677734
batch	1830	valid_loss	63549.4238281
batch	1860	valid_loss	62548.3969727
batch	1890	valid_loss	61776.8823242
batch	1920	valid_loss	60906.128418
batch	1950	valid_loss	60226.9545898
batch	1980	valid_loss	59484.8623047
batch	2010	valid_loss	58852.796875
batch	2040	valid_loss	58092.6411133
batch	2070	valid_loss	57267.9755859
batch	2100	valid_loss	56684.2626953
batch	2130	valid_loss	56020.9882812
batch	2160	valid_loss	55321.4506836
batch	2190	valid_loss	54773.2504883
batch	2220	valid_loss	54129.3266602
batch	2250	valid_loss	53505.8007812
batch	2280	valid_loss	52865.331543
batch	2310	valid_loss	52477.1933594
batch	2340	valid_loss	51854.0888672
batch	2370	valid_loss	51377.2587891
batch	2400	valid_loss	50755.3066406
batch	2430	valid_loss	50304.7128906
batch	2460	valid_loss	49827.1621094
batch	2490	valid_loss	49397.1757812
batch	2520	valid_loss	49125.9433594
batch	2550	valid_loss	48467.434082
batch	2580	valid_loss	48116.1459961
batch	2610	valid_loss	47579.8154297
batch	2640	valid_loss	47381.4760742
batch	2670	valid_loss	47003.2719727
batch	2700	valid_loss	46470.4418945
batch	2730	valid_loss	46066.8078613
batch	2760	valid_loss	45703.4787598
batch	2790	valid_loss	45430.7597656
batch	2820	valid_loss	44980.2434082
batch	2850	valid_loss	44653.2141113
batch	2880	valid_loss	44476.5952148
batch	2910	valid_loss	43954.6296387
batch	2940	valid_loss	43894.5068359
batch	2970	valid_loss	43557.5939941
batch	3000	valid_loss	43213.5749512
batch	3030	valid_loss	42770.333252
batch	3060	valid_loss	42566.9846191
batch	3090	valid_loss	42315.3544922
batch	3120	valid_loss	42084.6035156
batch	3150	valid_loss	41799.7053223
batch	3180	valid_loss	41482.4958496
batch	3210	valid_loss	41382.171875
batch	3240	valid_loss	41160.6743164
batch	3270	valid_loss	40825.7585449
batch	3300	valid_loss	40547.8613281
batch	3330	valid_loss	40375.9348145
batch	3360	valid_loss	40241.3903809
batch	3390	valid_loss	40011.7734375
batch	3420	valid_loss	39767.2597656
batch	3450	valid_loss	39564.8244629
batch	3480	valid_loss	39294.0820312
batch	3510	valid_loss	39229.3068848
batch	3540	valid_loss	38939.5698242
batch	3570	valid_loss	38892.590332
batch	3600	valid_loss	38752.7324219
batch	3630	valid_loss	38535.3239746
batch	3660	valid_loss	38189.5625
batch	3690	valid_loss	38193.5490723
batch	3720	valid_loss	37843.0283203
batch	3750	valid_loss	37897.598877
batch	3780	valid_loss	37689.1201172
batch	3810	valid_loss	37478.338623
batch	3840	valid_loss	37405.7651367
batch	3870	valid_loss	37185.8666992
batch	3900	valid_loss	37019.4785156
batch	3930	valid_loss	37133.8195801
batch	3960	valid_loss	36761.8017578
batch	3990	valid_loss	36675.8984375
batch	4020	valid_loss	36430.2260742
batch	4050	valid_loss	36431.2507324
batch	4080	valid_loss	36598.029541
batch	4110	valid_loss	36201.3378906
batch	4140	valid_loss	36245.2993164
batch	4170	valid_loss	35903.3134766
batch	4200	valid_loss	36305.9987793
batch	4230	valid_loss	35674.6225586
batch	4260	valid_loss	35641.817627
batch	4290	valid_loss	35376.7526855
batch	4320	valid_loss	35378.2875977
batch	4350	valid_loss	35488.451416
batch	4380	valid_loss	35527.2856445
batch	4410	valid_loss	35160.3334961
batch	4440	valid_loss	35098.4829102
batch	4470	valid_loss	34889.4470215
batch	4500	valid_loss	35020.878418
batch	4530	valid_loss	34808.7614746
batch	4560	valid_loss	34824.3535156
batch	4590	valid_loss	34600.2373047
batch	4620	valid_loss	34515.3005371
batch	4650	valid_loss	34424.4191895
batch	4680	valid_loss	34465.6779785
batch	4710	valid_loss	34398.6845703
batch	4740	valid_loss	34226.4780273
batch	4770	valid_loss	34424.9335938
batch	4800	valid_loss	34141.8684082
batch	4830	valid_loss	34234.098877
batch	4860	valid_loss	34184.5510254
batch	4890	valid_loss	34001.9980469
batch	4920	valid_loss	33869.9956055
batch	4950	valid_loss	33731.5649414
batch	4980	valid_loss	33713.5195312
batch	5010	valid_loss	33812.3183594
batch	5040	valid_loss	33643.5544434
batch	5070	valid_loss	33667.8081055
batch	5100	valid_loss	34130.9873047
batch	5130	valid_loss	33593.0983887
batch	5160	valid_loss	33448.6225586
batch	5190	valid_loss	33408.2407227
batch	5220	valid_loss	33245.6291504
batch	5250	valid_loss	33313.7331543
batch	5280	valid_loss	33160.3459473
batch	5310	valid_loss	33305.5654297
batch	5340	valid_loss	33154.0964355
batch	5370	valid_loss	33103.0766602
batch	5400	valid_loss	33081.3354492
batch	5430	valid_loss	33236.2626953
batch	5460	valid_loss	32933.9428711
batch	5490	valid_loss	32918.9943848
batch	5520	valid_loss	32741.1176758
batch	5550	valid_loss	32764.7321777
batch	5580	valid_loss	32711.5683594
batch	5610	valid_loss	32797.8305664
batch	5640	valid_loss	32691.1611328
batch	5670	valid_loss	32771.5876465
batch	5700	valid_loss	32651.1591797
batch	5730	valid_loss	32601.3723145
batch	5760	valid_loss	32616.2219238
batch	5790	valid_loss	32519.1948242
batch	5820	valid_loss	32498.1918945
batch	5850	valid_loss	32260.229248
batch	5880	valid_loss	32518.3581543
batch	5910	valid_loss	32411.4138184
batch	5940	valid_loss	32470.5373535
batch	5970	valid_loss	32161.0600586
batch	6000	valid_loss	32405.7565918
batch	6030	valid_loss	32266.8947754
batch	6060	valid_loss	32161.5627441
batch	6090	valid_loss	32149.6191406
batch	6120	valid_loss	32156.6044922
batch	6150	valid_loss	31965.7629395
batch	6180	valid_loss	32311.0290527
batch	6210	valid_loss	31953.6774902
batch	6240	valid_loss	32006.8415527
batch	6270	valid_loss	32073.5327148
batch	6300	valid_loss	31833.6660156
batch	6330	valid_loss	31907.7834473
batch	6360	valid_loss	31915.3515625
batch	6390	valid_loss	32459.9130859
batch	6420	valid_loss	31901.310791
batch	6450	valid_loss	31781.6760254
batch	6480	valid_loss	31821.9545898
batch	6510	valid_loss	31699.5864258
batch	6540	valid_loss	31836.1791992
batch	6570	valid_loss	31645.0856934
batch	6600	valid_loss	31665.8967285
batch	6630	valid_loss	31910.6447754
batch	6660	valid_loss	32022.0915527
batch	6690	valid_loss	31894.9816895
batch	6720	valid_loss	31635.5178223
batch	6750	valid_loss	31657.2463379
batch	6780	valid_loss	31597.0593262
batch	6810	valid_loss	32022.6726074
batch	6840	valid_loss	31761.3764648
batch	6870	valid_loss	31649.3530273
batch	6900	valid_loss	31549.9643555
batch	6930	valid_loss	31593.1379395
batch	6960	valid_loss	31511.9123535
batch	6990	valid_loss	31485.7587891
batch	7020	valid_loss	31969.4311523
batch	7050	valid_loss	31446.4160156
batch	7080	valid_loss	31397.7568359
batch	7110	valid_loss	31464.8527832
batch	7140	valid_loss	31257.8820801
batch	7170	valid_loss	31566.0927734
batch	7200	valid_loss	31395.342041
batch	7230	valid_loss	31457.4863281
batch	7260	valid_loss	31467.2880859
batch	7290	valid_loss	31322.8884277
batch	7320	valid_loss	31347.8525391
batch	7350	valid_loss	31267.9213867
batch	7380	valid_loss	31421.1437988
batch	7410	valid_loss	31237.6162109
batch	7440	valid_loss	31174.0241699
batch	7470	valid_loss	31444.0090332
batch	7500	valid_loss	31335.6467285
batch	7530	valid_loss	31240.2160645
batch	7560	valid_loss	31252.0063477
batch	7590	valid_loss	31192.4575195
batch	7620	valid_loss	31260.5393066
batch	7650	valid_loss	31212.5859375
batch	7680	valid_loss	31222.9191895
batch	7710	valid_loss	31185.8391113
batch	7740	valid_loss	31297.9050293
batch	7770	valid_loss	31432.1599121
batch	7800	valid_loss	31183.4775391
batch	7830	valid_loss	31219.7839355
batch	7860	valid_loss	31027.3557129
batch	7890	valid_loss	31273.7614746
batch	7920	valid_loss	31133.0878906
batch	7950	valid_loss	31395.5874023
batch	7980	valid_loss	31286.5839844
batch	8010	valid_loss	31112.0930176
batch	8040	valid_loss	31074.5090332
batch	8070	valid_loss	31004.4489746
batch	8100	valid_loss	31357.2553711
batch	8130	valid_loss	31053.7790527
batch	8160	valid_loss	30989.1062012
batch	8190	valid_loss	31163.230957
batch	8220	valid_loss	31088.894043
batch	8250	valid_loss	31216.2219238
batch	8280	valid_loss	30969.3261719
batch	8310	valid_loss	31121.3339844
batch	8340	valid_loss	31004.2265625
batch	8370	valid_loss	31232.8874512
batch	8400	valid_loss	31025.5791016
batch	8430	valid_loss	30956.5861816
batch	8460	valid_loss	30986.4091797
batch	8490	valid_loss	31114.9406738
batch	8520	valid_loss	31171.1428223
batch	8550	valid_loss	30939.8200684
batch	8580	valid_loss	31438.6147461
batch	8610	valid_loss	31003.6274414
batch	8640	valid_loss	31356.1240234
batch	8670	valid_loss	31058.8713379
batch	8700	valid_loss	30753.9677734
batch	8730	valid_loss	30994.7062988
batch	8760	valid_loss	30857.6203613
batch	8790	valid_loss	30921.4501953
batch	8820	valid_loss	31002.282959
batch	8850	valid_loss	30853.4030762
batch	8880	valid_loss	30954.0432129
batch	8910	valid_loss	30981.2900391
batch	8940	valid_loss	30978.0915527
batch	8970	valid_loss	30776.3232422
batch	9000	valid_loss	30864.7712402
batch	9030	valid_loss	30933.184082
batch	9060	valid_loss	30846.0405273
batch	9090	valid_loss	30844.109375
batch	9120	valid_loss	30878.0397949
batch	9150	valid_loss	30783.1958008
batch	9180	valid_loss	30830.5310059
batch	9210	valid_loss	30966.3625488
batch	9240	valid_loss	30808.5527344
batch	9270	valid_loss	30742.3137207
batch	9300	valid_loss	31130.822998
batch	9330	valid_loss	30747.8632812
batch	9360	valid_loss	30890.3913574
batch	9390	valid_loss	30840.2160645
batch	9420	valid_loss	30748.8898926
batch	9450	valid_loss	30958.9326172
batch	9480	valid_loss	30713.4929199
batch	9510	valid_loss	31399.689209
batch	9540	valid_loss	30784.9445801
batch	9570	valid_loss	30799.1420898
batch	9600	valid_loss	30777.1608887
batch	9630	valid_loss	30871.6628418
batch	9660	valid_loss	30822.5126953
batch	9690	valid_loss	30792.3928223
batch	9720	valid_loss	30707.7687988
batch	9750	valid_loss	30767.970459
batch	9780	valid_loss	30831.8947754
batch	9810	valid_loss	30808.263916
batch	9840	valid_loss	30825.6379395
batch	9870	valid_loss	30653.2990723
batch	9900	valid_loss	30642.3425293
batch	9930	valid_loss	30567.4128418
batch	9960	valid_loss	30714.708252
batch	9990	valid_loss	30651.1057129
batch	10020	valid_loss	30629.1494141
batch	10050	valid_loss	30691.8720703
batch	10080	valid_loss	30688.6040039
batch	10110	valid_loss	30613.2341309
batch	10140	valid_loss	30946.2160645
batch	10170	valid_loss	30635.7321777
batch	10200	valid_loss	30666.5744629
batch	10230	valid_loss	30816.4465332
batch	10260	valid_loss	30557.5219727
batch	10290	valid_loss	30686.6345215
batch	10320	valid_loss	30579.5744629
batch	10350	valid_loss	30721.8964844
batch	10380	valid_loss	30762.0751953
batch	10410	valid_loss	30510.7001953
batch	10440	valid_loss	31024.5
batch	10470	valid_loss	30639.7946777
batch	10500	valid_loss	30687.7705078
batch	10530	valid_loss	30573.9250488
batch	10560	valid_loss	31296.3554688
batch	10590	valid_loss	30770.5244141
batch	10620	valid_loss	30585.7080078
batch	10650	valid_loss	30512.440918
batch	10680	valid_loss	30604.5754395
batch	10710	valid_loss	30571.3684082
batch	10740	valid_loss	30620.9038086
batch	10770	valid_loss	30761.8859863
batch	10800	valid_loss	30644.3071289
batch	10830	valid_loss	30597.590332
batch	10860	valid_loss	30632.6801758
batch	10890	valid_loss	30530.7431641
batch	10920	valid_loss	30615.8137207
batch	10950	valid_loss	30660.0869141
batch	10980	valid_loss	30569.2932129
batch	11010	valid_loss	30689.3845215
batch	11040	valid_loss	30519.2719727
batch	11070	valid_loss	30614.6303711
batch	11100	valid_loss	30583.7883301
batch	11130	valid_loss	30618.7353516
batch	11160	valid_loss	30555.6474609
batch	11190	valid_loss	30710.4729004
batch	11220	valid_loss	30593.8891602
batch	11250	valid_loss	30566.7983398
batch	11280	valid_loss	30475.237793
batch	11310	valid_loss	30551.869873
batch	11340	valid_loss	30550.090332
batch	11370	valid_loss	30731.3007812
batch	11400	valid_loss	30700.5400391
batch	11430	valid_loss	30461.8037109
batch	11460	valid_loss	30484.5952148
batch	11490	valid_loss	30833.0595703
batch	11520	valid_loss	30484.4304199
batch	11550	valid_loss	30480.1530762
batch	11580	valid_loss	30678.3537598
batch	11610	valid_loss	30702.1879883
batch	11640	valid_loss	30494.5197754
batch	11670	valid_loss	30438.6477051
batch	11700	valid_loss	30759.0720215
batch	11730	valid_loss	30446.8486328
batch	11760	valid_loss	30536.7692871
batch	11790	valid_loss	30503.7524414
batch	11820	valid_loss	30476.0527344
batch	11850	valid_loss	30517.6445312
batch	11880	valid_loss	30497.2653809
batch	11910	valid_loss	30465.7265625
batch	11940	valid_loss	30536.449707
batch	11970	valid_loss	30442.1650391
batch	12000	valid_loss	30677.0805664
batch	12030	valid_loss	30466.2717285
batch	12060	valid_loss	30516.6740723
batch	12090	valid_loss	30400.1105957
batch	12120	valid_loss	30734.1494141
batch	12150	valid_loss	30701.8286133
batch	12180	valid_loss	30395.7893066
batch	12210	valid_loss	30395.9436035
batch	12240	valid_loss	30491.3862305
batch	12270	valid_loss	30623.0771484
batch	12300	valid_loss	30443.3569336
batch	12330	valid_loss	30568.7177734
batch	12360	valid_loss	30477.2075195
batch	12390	valid_loss	30505.6745605
batch	12420	valid_loss	30422.5114746
batch	12450	valid_loss	30545.1445312
batch	12480	valid_loss	30479.9477539
batch	12510	valid_loss	30459.4621582
batch	12540	valid_loss	30319.2697754
batch	12570	valid_loss	30461.0996094
batch	12600	valid_loss	30348.7434082
batch	12630	valid_loss	30380.3044434
batch	12660	valid_loss	30566.0874023
batch	12690	valid_loss	30380.7055664
batch	12720	valid_loss	30378.8833008
batch	12750	valid_loss	31639.1027832
batch	12780	valid_loss	30409.6914062
batch	12810	valid_loss	30406.5378418
batch	12840	valid_loss	30371.3842773
batch	12870	valid_loss	30370.059082
batch	12900	valid_loss	30339.2949219
batch	12930	valid_loss	30470.046875
batch	12960	valid_loss	30464.6569824
batch	12990	valid_loss	30345.1433105
batch	13020	valid_loss	30374.8942871
batch	13050	valid_loss	30887.9052734
batch	13080	valid_loss	30299.454834
batch	13110	valid_loss	30338.3278809
batch	13140	valid_loss	30391.3881836
batch	13170	valid_loss	30453.3374023
batch	13200	valid_loss	30380.1638184
batch	13230	valid_loss	30411.7209473
batch	13260	valid_loss	30512.5651855
batch	13290	valid_loss	30336.8605957
batch	13320	valid_loss	30417.4746094
batch	13350	valid_loss	30508.8623047
batch	13380	valid_loss	30301.2966309
batch	13410	valid_loss	30283.9714355
batch	13440	valid_loss	30348.4316406
batch	13470	valid_loss	30403.3657227
batch	13500	valid_loss	30485.175293
batch	13530	valid_loss	30372.9189453
batch	13560	valid_loss	30594.6682129
batch	13590	valid_loss	30511.4914551
batch	13620	valid_loss	30326.9758301
batch	13650	valid_loss	30283.875
batch	13680	valid_loss	31172.7626953
batch	13710	valid_loss	30368.6713867
batch	13740	valid_loss	30300.4299316
batch	13770	valid_loss	30310.4133301
batch	13800	valid_loss	30472.1228027
batch	13830	valid_loss	30380.5827637
batch	13860	valid_loss	30493.0715332
batch	13890	valid_loss	30278.659668
batch	13920	valid_loss	30316.9902344
batch	13950	valid_loss	30316.7458496
batch	13980	valid_loss	30325.5100098
batch	14010	valid_loss	30568.407959
batch	14040	valid_loss	30306.0620117
batch	14070	valid_loss	30338.9003906
batch	14100	valid_loss	30231.4963379
batch	14130	valid_loss	30421.2937012
batch	14160	valid_loss	30249.1784668
batch	14190	valid_loss	30571.4592285
batch	14220	valid_loss	30449.5471191
batch	14250	valid_loss	30316.0771484
batch	14280	valid_loss	30286.5834961
batch	14310	valid_loss	30242.6604004
batch	14340	valid_loss	30372.5983887
batch	14370	valid_loss	30303.0983887
batch	14400	valid_loss	30255.855957
batch	14430	valid_loss	30371.2353516
batch	14460	valid_loss	30299.6794434
batch	14490	valid_loss	30317.5959473
batch	14520	valid_loss	30448.0061035
batch	14550	valid_loss	30288.263916
batch	14580	valid_loss	30222.7529297
batch	14610	valid_loss	30216.4748535
batch	14640	valid_loss	30244.543457
batch	14670	valid_loss	30272.9814453
batch	14700	valid_loss	30256.4997559
batch	14730	valid_loss	30288.0161133
batch	14760	valid_loss	30282.5043945
batch	14790	valid_loss	30223.1928711
batch	14820	valid_loss	30375.4648438
batch	14850	valid_loss	30254.2651367
batch	14880	valid_loss	30258.7160645
batch	14910	valid_loss	30196.0510254
batch	14940	valid_loss	30171.7404785
batch	14970	valid_loss	30335.1159668
batch	15000	valid_loss	30270.1994629
batch	15030	valid_loss	30334.2050781
batch	15060	valid_loss	30224.5605469
batch	15090	valid_loss	30222.3208008
batch	15120	valid_loss	30219.1245117
batch	15150	valid_loss	30421.6088867
batch	15180	valid_loss	30232.3894043
batch	15210	valid_loss	30170.2272949
batch	15240	valid_loss	30507.737793
batch	15270	valid_loss	30284.2087402
batch	15300	valid_loss	30230.1564941
batch	15330	valid_loss	30184.2805176
batch	15360	valid_loss	30507.9475098
batch	15390	valid_loss	30320.7365723
batch	15420	valid_loss	30198.2314453
batch	15450	valid_loss	30232.2680664
batch	15480	valid_loss	30210.7077637
batch	15510	valid_loss	30220.0500488
batch	15540	valid_loss	30225.6611328
batch	15570	valid_loss	30084.282959
batch	15600	valid_loss	30210.3840332
batch	15630	valid_loss	30479.1013184
batch	15660	valid_loss	30168.6477051
batch	15690	valid_loss	30292.2138672
batch	15720	valid_loss	30119.1647949
batch	15750	valid_loss	30401.6828613
batch	15780	valid_loss	30219.9064941
batch	15810	valid_loss	30146.4985352
batch	15840	valid_loss	30168.9245605
batch	15870	valid_loss	30134.5776367
batch	15900	valid_loss	30455.3789062
batch	15930	valid_loss	30134.0007324
batch	15960	valid_loss	30194.2214355
batch	15990	valid_loss	30179.3891602
batch	16020	valid_loss	30222.9946289
batch	16050	valid_loss	30321.5595703
batch	16080	valid_loss	30216.9106445
batch	16110	valid_loss	30172.2614746
batch	16140	valid_loss	30089.4697266
batch	16170	valid_loss	30726.1496582
batch	16200	valid_loss	30259.6987305
batch	16230	valid_loss	30186.1604004
batch	16260	valid_loss	30128.5991211
batch	16290	valid_loss	30210.017334
batch	16320	valid_loss	30274.9672852
batch	16350	valid_loss	30206.2988281
batch	16380	valid_loss	30420.6398926
batch	16410	valid_loss	30107.5876465
batch	16440	valid_loss	30090.782959
batch	16470	valid_loss	30071.3742676
batch	16500	valid_loss	30877.2050781
batch	16530	valid_loss	30098.8474121
batch	16560	valid_loss	30110.1274414
batch	16590	valid_loss	30182.2539062
batch	16620	valid_loss	30127.784668
batch	16650	valid_loss	30121.9401855
batch	16680	valid_loss	30059.7099609
batch	16710	valid_loss	30339.7929688
batch	16740	valid_loss	30061.3547363
batch	16770	valid_loss	29990.6098633
batch	16800	valid_loss	30637.9614258
batch	16830	valid_loss	30218.9675293
batch	16860	valid_loss	30033.8085938
batch	16890	valid_loss	30051.5341797
batch	16920	valid_loss	30397.5568848
batch	16950	valid_loss	30166.4123535
batch	16980	valid_loss	30072.8186035
batch	17010	valid_loss	30200.4060059
batch	17040	valid_loss	30030.3603516
batch	17070	valid_loss	30046.111084
batch	17100	valid_loss	30240.5854492
batch	17130	valid_loss	29919.0314941
batch	17160	valid_loss	29990.845459
batch	17190	valid_loss	30071.9277344
batch	17220	valid_loss	30020.638916
batch	17250	valid_loss	30073.5437012
batch	17280	valid_loss	30003.7731934
batch	17310	valid_loss	29948.7033691
batch	17340	valid_loss	30073.8359375
batch	17370	valid_loss	29982.3598633
batch	17400	valid_loss	30072.5327148
batch	17430	valid_loss	30180.5529785
batch	17460	valid_loss	30161.671875
batch	17490	valid_loss	30040.6008301
batch	17520	valid_loss	30028.2470703
batch	17550	valid_loss	29988.4978027
batch	17580	valid_loss	30081.126709
batch	17610	valid_loss	29988.1374512
batch	17640	valid_loss	30083.3300781
batch	17670	valid_loss	29976.3161621
batch	17700	valid_loss	29928.5012207
batch	17730	valid_loss	29914.5976562
batch	17760	valid_loss	29987.5319824
batch	17790	valid_loss	30015.9006348
batch	17820	valid_loss	30209.6938477
batch	17850	valid_loss	30203.84375
batch	17880	valid_loss	30096.1901855
batch	17910	valid_loss	30092.8615723
batch	17940	valid_loss	30155.6181641
batch	17970	valid_loss	29979.3671875
batch	18000	valid_loss	29960.605957
batch	18030	valid_loss	30445.1000977
batch	18060	valid_loss	29930.9711914
batch	18090	valid_loss	29906.0686035
batch	18120	valid_loss	30014.7573242
batch	18150	valid_loss	30049.9179688
batch	18180	valid_loss	30169.8630371
batch	18210	valid_loss	30046.380127
batch	18240	valid_loss	29956.8713379
batch	18270	valid_loss	30186.3666992
batch	18300	valid_loss	29931.0810547
batch	18330	valid_loss	29865.2470703
batch	18360	valid_loss	29916.4421387
batch	18390	valid_loss	30015.0021973
batch	18420	valid_loss	29930.4128418
batch	18450	valid_loss	29916.9111328
batch	18480	valid_loss	30303.2624512
batch	18510	valid_loss	29948.9020996
batch	18540	valid_loss	29939.6223145
batch	18570	valid_loss	29970.7890625
batch	18600	valid_loss	29911.6723633
batch	18630	valid_loss	29906.3920898
batch	18660	valid_loss	30163.6838379
batch	18690	valid_loss	29873.2009277
batch	18720	valid_loss	29927.9677734
batch	18750	valid_loss	29986.8146973
batch	18780	valid_loss	29902.7182617
batch	18810	valid_loss	29944.3852539
batch	18840	valid_loss	29833.0461426
batch	18870	valid_loss	29891.2724609
batch	18900	valid_loss	29975.6965332
batch	18930	valid_loss	29876.2946777
batch	18960	valid_loss	29891.7553711
batch	18990	valid_loss	29879.5429688
batch	19020	valid_loss	30237.4641113
batch	19050	valid_loss	29883.7109375
batch	19080	valid_loss	29932.7370605
batch	19110	valid_loss	29883.4553223
batch	19140	valid_loss	29903.9526367
batch	19170	valid_loss	30033.2470703
batch	19200	valid_loss	30028.6335449
batch	19230	valid_loss	29836.875
batch	19260	valid_loss	29815.4279785
batch	19290	valid_loss	29785.0791016
batch	19320	valid_loss	29902.9250488
batch	19350	valid_loss	29945.3527832
batch	19380	valid_loss	29875.5153809
batch	19410	valid_loss	29866.1132812
batch	19440	valid_loss	29836.1730957
batch	19470	valid_loss	29799.6914062
batch	19500	valid_loss	29843.2290039
batch	19530	valid_loss	29892.0710449
batch	19560	valid_loss	29842.0456543
batch	19590	valid_loss	29810.3691406
batch	19620	valid_loss	29787.4272461
batch	19650	valid_loss	29820.6821289
batch	19680	valid_loss	29975.5070801
batch	19710	valid_loss	29866.5612793
batch	19740	valid_loss	29827.4082031
batch	19770	valid_loss	29814.1140137
batch	19800	valid_loss	29789.2321777
batch	19830	valid_loss	29962.3793945
batch	19860	valid_loss	29897.8032227
batch	19890	valid_loss	29710.2641602
batch	19920	valid_loss	29730.1552734
batch	19950	valid_loss	29874.4897461
batch	19980	valid_loss	29900.295166
batch	20010	valid_loss	29798.1071777
batch	20040	valid_loss	29769.4204102
batch	20070	valid_loss	29713.9460449
batch	20100	valid_loss	29737.963623
batch	20130	valid_loss	29779.0397949
batch	20160	valid_loss	29714.0656738
batch	20190	valid_loss	29748.4753418
batch	20220	valid_loss	29781.8334961
batch	20250	valid_loss	29623.6135254
batch	20280	valid_loss	29847.3398438
batch	20310	valid_loss	29736.8566895
batch	20340	valid_loss	29657.7404785
batch	20370	valid_loss	29697.3913574
batch	20400	valid_loss	29630.4064941
batch	20430	valid_loss	29611.2470703
batch	20460	valid_loss	29877.1486816
batch	20490	valid_loss	29690.4519043
batch	20520	valid_loss	29721.2629395
batch	20550	valid_loss	29729.8967285
batch	20580	valid_loss	29830.128418
batch	20610	valid_loss	29667.9147949
batch	20640	valid_loss	29669.1943359
batch	20670	valid_loss	29606.9763184
batch	20700	valid_loss	29608.6396484
batch	20730	valid_loss	29843.2910156
batch	20760	valid_loss	29781.8032227
batch	20790	valid_loss	29565.1772461
batch	20820	valid_loss	29544.2861328
batch	20850	valid_loss	29553.7751465
batch	20880	valid_loss	29578.6577148
batch	20910	valid_loss	30013.1086426
batch	20940	valid_loss	29616.6518555
batch	20970	valid_loss	29546.487793
batch	21000	valid_loss	29546.8659668
batch	21030	valid_loss	29498.0061035
batch	21060	valid_loss	29619.6210938
batch	21090	valid_loss	29565.8850098
batch	21120	valid_loss	29538.4609375
batch	21150	valid_loss	29708.9343262
batch	21180	valid_loss	29453.1374512
batch	21210	valid_loss	29463.119873
batch	21240	valid_loss	29495.0300293
batch	21270	valid_loss	29537.4956055
batch	21300	valid_loss	29647.451416
batch	21330	valid_loss	29410.0754395
batch	21360	valid_loss	29439.8742676
batch	21390	valid_loss	29581.8679199
batch	21420	valid_loss	29520.0722656
batch	21450	valid_loss	29320.9384766
batch	21480	valid_loss	29446.8950195
batch	21510	valid_loss	29561.5527344
batch	21540	valid_loss	29417.6855469
batch	21570	valid_loss	29467.7490234
batch	21600	valid_loss	29600.2177734
batch	21630	valid_loss	29338.8310547
batch	21660	valid_loss	29315.7648926
batch	21690	valid_loss	29411.0817871
batch	21720	valid_loss	29319.2954102
batch	21750	valid_loss	29336.9755859
batch	21780	valid_loss	29268.4770508
batch	21810	valid_loss	30365.7858887
batch	21840	valid_loss	29226.9873047
batch	21870	valid_loss	29267.4914551
batch	21900	valid_loss	29178.6049805
batch	21930	valid_loss	29313.8112793
batch	21960	valid_loss	29151.3520508
batch	21990	valid_loss	29158.9892578
batch	22020	valid_loss	29203.1040039
batch	22050	valid_loss	29165.7966309
batch	22080	valid_loss	29196.9257812
batch	22110	valid_loss	29255.8320312
batch	22140	valid_loss	29160.1623535
batch	22170	valid_loss	29078.796875
batch	22200	valid_loss	29116.1408691
batch	22230	valid_loss	29067.0942383
batch	22260	valid_loss	29118.822998
batch	22290	valid_loss	29058.6137695
batch	22320	valid_loss	29064.3425293
batch	22350	valid_loss	29006.5124512
batch	22380	valid_loss	29032.1369629
batch	22410	valid_loss	29453.1450195
batch	22440	valid_loss	29016.9018555
batch	22470	valid_loss	29065.8820801
batch	22500	valid_loss	28996.8808594
batch	22530	valid_loss	29024.5998535
batch	22560	valid_loss	29198.9672852
batch	22590	valid_loss	29045.3178711
batch	22620	valid_loss	29070.2624512
batch	22650	valid_loss	29004.0952148
batch	22680	valid_loss	28989.8735352
batch	22710	valid_loss	28948.4069824
batch	22740	valid_loss	29268.1452637
batch	22770	valid_loss	28885.1350098
batch	22800	valid_loss	28902.3110352
batch	22830	valid_loss	28938.7290039
batch	22860	valid_loss	29071.0112305
batch	22890	valid_loss	28822.015625
batch	22920	valid_loss	28923.7365723
batch	22950	valid_loss	28962.1008301
batch	22980	valid_loss	28849.0444336
batch	23010	valid_loss	28778.3393555
batch	23040	valid_loss	28795.3842773
batch	23070	valid_loss	29080.4040527
batch	23100	valid_loss	28849.0686035
batch	23130	valid_loss	28761.6044922
batch	23160	valid_loss	28818.1230469
batch	23190	valid_loss	28811.8266602
batch	23220	valid_loss	28746.5561523
batch	23250	valid_loss	28718.8840332
batch	23280	valid_loss	28715.3803711
batch	23310	valid_loss	28771.6623535
batch	23340	valid_loss	28683.6503906
batch	23370	valid_loss	28567.3654785
batch	23400	valid_loss	28812.7387695
batch	23430	valid_loss	28819.501709
batch	23460	valid_loss	28610.6687012
batch	23490	valid_loss	28701.9099121
batch	23520	valid_loss	28569.4482422
batch	23550	valid_loss	28582.6486816
batch	23580	valid_loss	28665.3327637
batch	23610	valid_loss	28588.1171875
batch	23640	valid_loss	28581.6083984
batch	23670	valid_loss	28552.6943359
batch	23700	valid_loss	29076.7480469
batch	23730	valid_loss	28483.442627
batch	23760	valid_loss	28545.309082
batch	23790	valid_loss	28547.8815918
batch	23820	valid_loss	28524.9140625
batch	23850	valid_loss	28482.4938965
batch	23880	valid_loss	28502.0976562
batch	23910	valid_loss	28439.5895996
batch	23940	valid_loss	28443.1118164
batch	23970	valid_loss	28683.3017578
batch	24000	valid_loss	28482.0898438
batch	24030	valid_loss	28459.71875
batch	24060	valid_loss	28376.7382812
batch	24090	valid_loss	28433.3945312
batch	24120	valid_loss	28646.9455566
batch	24150	valid_loss	28308.0332031
batch	24180	valid_loss	28462.5158691
batch	24210	valid_loss	28355.5085449
batch	24240	valid_loss	28353.3693848
batch	24270	valid_loss	28339.1276855
batch	24300	valid_loss	28466.5251465
batch	24330	valid_loss	28319.6835938
batch	24360	valid_loss	28277.7504883
batch	24390	valid_loss	28262.5214844
batch	24420	valid_loss	28414.2460938
batch	24450	valid_loss	28247.6401367
batch	24480	valid_loss	28231.1347656
batch	24510	valid_loss	28206.1225586
batch	24540	valid_loss	28146.7097168
batch	24570	valid_loss	28016.925293
batch	24600	valid_loss	28064.107666
batch	24630	valid_loss	28081.2941895
batch	24660	valid_loss	28228.4675293
batch	24690	valid_loss	28195.970459
batch	24720	valid_loss	28216.4736328
batch	24750	valid_loss	28070.953125
batch	24780	valid_loss	28003.2319336
batch	24810	valid_loss	27979.2473145
batch	24840	valid_loss	27942.293457
batch	24870	valid_loss	28020.3024902
batch	24900	valid_loss	27938.1508789
batch	24930	valid_loss	27808.0344238
batch	24960	valid_loss	27849.447998
batch	24990	valid_loss	27991.7116699
STOP
START
config	660	180	660	960
batch	0	valid_loss	6259193.25
batch	30	valid_loss	175385.170898
batch	60	valid_loss	122710.933594
batch	90	valid_loss	120106.296875
batch	120	valid_loss	119928.412109
batch	150	valid_loss	119850.738281
batch	180	valid_loss	119737.614258
batch	210	valid_loss	119553.819336
batch	240	valid_loss	119330.017578
batch	270	valid_loss	118879.773438
batch	300	valid_loss	118200.12793
batch	330	valid_loss	116775.584961
batch	360	valid_loss	114565.209961
batch	390	valid_loss	112182.801758
batch	420	valid_loss	110364.333008
batch	450	valid_loss	109299.351562
batch	480	valid_loss	108527.273438
batch	510	valid_loss	108087.458984
batch	540	valid_loss	107477.568359
batch	570	valid_loss	106987.010742
batch	600	valid_loss	106279.124023
batch	630	valid_loss	105544.208984
batch	660	valid_loss	104623.677734
batch	690	valid_loss	103670.891602
batch	720	valid_loss	102676.982422
batch	750	valid_loss	101709.608398
batch	780	valid_loss	100680.070312
batch	810	valid_loss	99567.4960938
batch	840	valid_loss	98414.8027344
batch	870	valid_loss	97168.3623047
batch	900	valid_loss	95854.1914062
batch	930	valid_loss	94512.2070312
batch	960	valid_loss	93144.3857422
batch	990	valid_loss	91686.4560547
batch	1020	valid_loss	90265.7861328
batch	1050	valid_loss	88888.2539062
batch	1080	valid_loss	87523.1630859
batch	1110	valid_loss	86119.6450195
batch	1140	valid_loss	84847.2138672
batch	1170	valid_loss	83480.6103516
batch	1200	valid_loss	82163.6230469
batch	1230	valid_loss	80734.9765625
batch	1260	valid_loss	79518.6445312
batch	1290	valid_loss	78261.2358398
batch	1320	valid_loss	77056.7939453
batch	1350	valid_loss	75764.9594727
batch	1380	valid_loss	74641.7011719
batch	1410	valid_loss	73537.0444336
batch	1440	valid_loss	72359.8652344
batch	1470	valid_loss	71177.8754883
batch	1500	valid_loss	70200.4472656
batch	1530	valid_loss	68988.6289062
batch	1560	valid_loss	68107.1582031
batch	1590	valid_loss	67140.0600586
batch	1620	valid_loss	66133.9790039
batch	1650	valid_loss	65325.6650391
batch	1680	valid_loss	64301.6650391
batch	1710	valid_loss	63398.6621094
batch	1740	valid_loss	62452.9033203
batch	1770	valid_loss	61635.3242188
batch	1800	valid_loss	60879.4287109
batch	1830	valid_loss	60043.8325195
batch	1860	valid_loss	59349.3310547
batch	1890	valid_loss	58651.5024414
batch	1920	valid_loss	57850.7705078
batch	1950	valid_loss	57202.1552734
batch	1980	valid_loss	56403.7524414
batch	2010	valid_loss	55948.0830078
batch	2040	valid_loss	55078.2182617
batch	2070	valid_loss	54564.7382812
batch	2100	valid_loss	54003.1450195
batch	2130	valid_loss	53379.9394531
batch	2160	valid_loss	52843.2001953
batch	2190	valid_loss	52372.300293
batch	2220	valid_loss	51773.1503906
batch	2250	valid_loss	51230.8007812
batch	2280	valid_loss	50656.8769531
batch	2310	valid_loss	50279.2954102
batch	2340	valid_loss	49895.4355469
batch	2370	valid_loss	49469.2895508
batch	2400	valid_loss	48906.9946289
batch	2430	valid_loss	48536.3149414
batch	2460	valid_loss	47987.1577148
batch	2490	valid_loss	47772.9648438
batch	2520	valid_loss	47460.6225586
batch	2550	valid_loss	46939.3149414
batch	2580	valid_loss	46519.9926758
batch	2610	valid_loss	46131.723877
batch	2640	valid_loss	45828.3032227
batch	2670	valid_loss	45427.3615723
batch	2700	valid_loss	45201.4638672
batch	2730	valid_loss	44824.6428223
batch	2760	valid_loss	44327.4084473
batch	2790	valid_loss	44374.8757324
batch	2820	valid_loss	43789.5427246
batch	2850	valid_loss	43625.0671387
batch	2880	valid_loss	43273.1479492
batch	2910	valid_loss	42886.7612305
batch	2940	valid_loss	42766.6115723
batch	2970	valid_loss	42520.1342773
batch	3000	valid_loss	42340.1274414
batch	3030	valid_loss	41980.3322754
batch	3060	valid_loss	41717.4729004
batch	3090	valid_loss	41677.5449219
batch	3120	valid_loss	41726.1435547
batch	3150	valid_loss	41000.0163574
batch	3180	valid_loss	40749.4567871
batch	3210	valid_loss	40711.1049805
batch	3240	valid_loss	40409.8920898
batch	3270	valid_loss	40309.3151855
batch	3300	valid_loss	40065.5476074
batch	3330	valid_loss	39800.5842285
batch	3360	valid_loss	39664.7272949
batch	3390	valid_loss	39476.2351074
batch	3420	valid_loss	39309.9873047
batch	3450	valid_loss	39018.8933105
batch	3480	valid_loss	39042.8754883
batch	3510	valid_loss	38913.6066895
batch	3540	valid_loss	38727.4289551
batch	3570	valid_loss	38469.8928223
batch	3600	valid_loss	38146.0148926
batch	3630	valid_loss	38072.4299316
batch	3660	valid_loss	37968.8479004
batch	3690	valid_loss	37768.7636719
batch	3720	valid_loss	37648.8354492
batch	3750	valid_loss	37564.0056152
batch	3780	valid_loss	37644.7924805
batch	3810	valid_loss	37312.0366211
batch	3840	valid_loss	37022.9816895
batch	3870	valid_loss	37009.6953125
batch	3900	valid_loss	36854.359375
batch	3930	valid_loss	36902.2644043
batch	3960	valid_loss	36577.7475586
batch	3990	valid_loss	36609.9143066
batch	4020	valid_loss	36338.052002
batch	4050	valid_loss	36285.9743652
batch	4080	valid_loss	36654.4614258
batch	4110	valid_loss	36077.0883789
batch	4140	valid_loss	35920.2329102
batch	4170	valid_loss	35830.4587402
batch	4200	valid_loss	35727.2404785
batch	4230	valid_loss	35520.9145508
batch	4260	valid_loss	35835.2768555
batch	4290	valid_loss	35363.800293
batch	4320	valid_loss	35324.8195801
batch	4350	valid_loss	35424.2651367
batch	4380	valid_loss	35521.9130859
batch	4410	valid_loss	35159.7832031
batch	4440	valid_loss	35103.340332
batch	4470	valid_loss	34889.7526855
batch	4500	valid_loss	34923.0646973
batch	4530	valid_loss	34782.3864746
batch	4560	valid_loss	34731.6315918
batch	4590	valid_loss	34636.456543
batch	4620	valid_loss	34524.0795898
batch	4650	valid_loss	34448.8464355
batch	4680	valid_loss	34530.2302246
batch	4710	valid_loss	34428.7839355
batch	4740	valid_loss	34271.0720215
batch	4770	valid_loss	34165.4055176
batch	4800	valid_loss	34180.9941406
batch	4830	valid_loss	34104.7644043
batch	4860	valid_loss	33869.2033691
batch	4890	valid_loss	33882.0341797
batch	4920	valid_loss	33915.1865234
batch	4950	valid_loss	33693.814209
batch	4980	valid_loss	34304.817627
batch	5010	valid_loss	33638.2824707
batch	5040	valid_loss	33596.5678711
batch	5070	valid_loss	33524.6757812
batch	5100	valid_loss	33454.7819824
batch	5130	valid_loss	33425.3706055
batch	5160	valid_loss	33256.2495117
batch	5190	valid_loss	33799.9597168
batch	5220	valid_loss	33263.6762695
batch	5250	valid_loss	33128.9104004
batch	5280	valid_loss	33367.3920898
batch	5310	valid_loss	33222.0026855
batch	5340	valid_loss	33419.2648926
batch	5370	valid_loss	33187.6118164
batch	5400	valid_loss	32966.9033203
batch	5430	valid_loss	33183.4428711
batch	5460	valid_loss	33012.8261719
batch	5490	valid_loss	32881.0900879
batch	5520	valid_loss	32828.2185059
batch	5550	valid_loss	33502.1794434
batch	5580	valid_loss	32690.5822754
batch	5610	valid_loss	32765.7333984
batch	5640	valid_loss	32777.8605957
batch	5670	valid_loss	32601.7841797
batch	5700	valid_loss	32777.8356934
batch	5730	valid_loss	32556.1181641
batch	5760	valid_loss	32627.8640137
batch	5790	valid_loss	32455.6472168
batch	5820	valid_loss	32469.5529785
batch	5850	valid_loss	32471.0305176
batch	5880	valid_loss	32334.0649414
batch	5910	valid_loss	32554.0109863
batch	5940	valid_loss	32641.8369141
batch	5970	valid_loss	32276.4560547
batch	6000	valid_loss	32243.465332
batch	6030	valid_loss	32285.9699707
batch	6060	valid_loss	32701.3684082
batch	6090	valid_loss	32193.3227539
batch	6120	valid_loss	32219.5373535
batch	6150	valid_loss	32246.3696289
batch	6180	valid_loss	32290.4206543
batch	6210	valid_loss	32018.1647949
batch	6240	valid_loss	32117.8549805
batch	6270	valid_loss	32074.953125
batch	6300	valid_loss	31922.4987793
batch	6330	valid_loss	32017.3276367
batch	6360	valid_loss	32163.076416
batch	6390	valid_loss	32020.6855469
batch	6420	valid_loss	31922.9643555
batch	6450	valid_loss	31906.7036133
batch	6480	valid_loss	32296.0217285
batch	6510	valid_loss	31801.1081543
batch	6540	valid_loss	31916.1103516
batch	6570	valid_loss	31763.2773438
batch	6600	valid_loss	31715.3056641
batch	6630	valid_loss	31784.543457
batch	6660	valid_loss	31723.871582
batch	6690	valid_loss	31866.425293
batch	6720	valid_loss	31836.4772949
batch	6750	valid_loss	31726.1201172
batch	6780	valid_loss	31852.557373
batch	6810	valid_loss	31916.96875
batch	6840	valid_loss	31612.5964355
batch	6870	valid_loss	31655.0275879
batch	6900	valid_loss	31760.748291
batch	6930	valid_loss	31623.7763672
batch	6960	valid_loss	31519.9003906
batch	6990	valid_loss	31513.355957
batch	7020	valid_loss	31866.628418
batch	7050	valid_loss	31705.6574707
batch	7080	valid_loss	31401.0
batch	7110	valid_loss	31574.0039062
batch	7140	valid_loss	31502.1398926
batch	7170	valid_loss	31474.1711426
batch	7200	valid_loss	31459.4301758
batch	7230	valid_loss	31529.010498
batch	7260	valid_loss	31598.5288086
batch	7290	valid_loss	31392.9123535
batch	7320	valid_loss	32038.0112305
batch	7350	valid_loss	31431.7915039
batch	7380	valid_loss	31334.5080566
batch	7410	valid_loss	31435.7036133
batch	7440	valid_loss	31281.6120605
batch	7470	valid_loss	31385.1833496
batch	7500	valid_loss	31463.623291
batch	7530	valid_loss	32184.2553711
batch	7560	valid_loss	31288.1738281
batch	7590	valid_loss	31237.3693848
batch	7620	valid_loss	31782.4611816
batch	7650	valid_loss	31252.2226562
batch	7680	valid_loss	31345.1245117
batch	7710	valid_loss	31704.486084
batch	7740	valid_loss	31443.5632324
batch	7770	valid_loss	31180.7004395
batch	7800	valid_loss	31248.1303711
batch	7830	valid_loss	31203.3903809
batch	7860	valid_loss	31140.1323242
batch	7890	valid_loss	31234.6252441
batch	7920	valid_loss	31175.2285156
batch	7950	valid_loss	31240.8752441
batch	7980	valid_loss	31207.1477051
batch	8010	valid_loss	31251.2675781
batch	8040	valid_loss	31369.286377
batch	8070	valid_loss	31111.6047363
batch	8100	valid_loss	31101.6523438
batch	8130	valid_loss	31224.4423828
batch	8160	valid_loss	31026.8464355
batch	8190	valid_loss	31518.9047852
batch	8220	valid_loss	31101.536377
batch	8250	valid_loss	31298.6333008
batch	8280	valid_loss	31219.3244629
batch	8310	valid_loss	31371.7124023
batch	8340	valid_loss	31100.9658203
batch	8370	valid_loss	31046.2561035
batch	8400	valid_loss	31107.2487793
batch	8430	valid_loss	31073.204834
batch	8460	valid_loss	30997.3842773
batch	8490	valid_loss	31292.6569824
batch	8520	valid_loss	31009.2941895
batch	8550	valid_loss	30944.7807617
batch	8580	valid_loss	31089.6201172
batch	8610	valid_loss	31083.9445801
batch	8640	valid_loss	31972.9702148
batch	8670	valid_loss	31103.6547852
batch	8700	valid_loss	30895.8325195
batch	8730	valid_loss	31028.1435547
batch	8760	valid_loss	30983.7807617
batch	8790	valid_loss	30925.8752441
batch	8820	valid_loss	30896.4770508
batch	8850	valid_loss	30850.0778809
batch	8880	valid_loss	31533.3894043
batch	8910	valid_loss	30974.3027344
batch	8940	valid_loss	30888.7106934
batch	8970	valid_loss	31041.6748047
batch	9000	valid_loss	30815.9335938
batch	9030	valid_loss	31300.1572266
batch	9060	valid_loss	30964.8381348
batch	9090	valid_loss	30824.8811035
batch	9120	valid_loss	30923.0559082
batch	9150	valid_loss	30789.4667969
batch	9180	valid_loss	31272.1289062
batch	9210	valid_loss	30840.4228516
batch	9240	valid_loss	31039.4431152
batch	9270	valid_loss	30962.8146973
batch	9300	valid_loss	30872.3217773
batch	9330	valid_loss	30702.6625977
batch	9360	valid_loss	31309.9245605
batch	9390	valid_loss	30861.269043
batch	9420	valid_loss	30747.3254395
batch	9450	valid_loss	30820.661377
batch	9480	valid_loss	30821.5144043
batch	9510	valid_loss	30954.4777832
batch	9540	valid_loss	30877.4663086
batch	9570	valid_loss	30868.3171387
batch	9600	valid_loss	30792.793457
batch	9630	valid_loss	30691.7536621
batch	9660	valid_loss	30732.7045898
batch	9690	valid_loss	30855.5869141
batch	9720	valid_loss	30766.0441895
batch	9750	valid_loss	30883.6276855
batch	9780	valid_loss	30705.9719238
batch	9810	valid_loss	30818.5012207
batch	9840	valid_loss	31098.2895508
batch	9870	valid_loss	30851.7419434
batch	9900	valid_loss	31346.5864258
batch	9930	valid_loss	30665.7756348
batch	9960	valid_loss	30844.5334473
batch	9990	valid_loss	30776.3720703
batch	10020	valid_loss	30785.3725586
batch	10050	valid_loss	30856.296875
batch	10080	valid_loss	30791.9641113
batch	10110	valid_loss	30622.463623
batch	10140	valid_loss	30808.078125
batch	10170	valid_loss	31076.2976074
batch	10200	valid_loss	30819.7026367
batch	10230	valid_loss	30775.5202637
batch	10260	valid_loss	30548.5783691
batch	10290	valid_loss	30753.005127
batch	10320	valid_loss	30739.9162598
batch	10350	valid_loss	31153.2768555
batch	10380	valid_loss	30721.8110352
batch	10410	valid_loss	30582.4348145
batch	10440	valid_loss	30696.534668
batch	10470	valid_loss	30666.6884766
batch	10500	valid_loss	30872.347168
batch	10530	valid_loss	30763.6047363
batch	10560	valid_loss	30568.1569824
batch	10590	valid_loss	30692.2963867
batch	10620	valid_loss	30651.5812988
batch	10650	valid_loss	30985.880127
batch	10680	valid_loss	30645.246582
batch	10710	valid_loss	30526.7514648
batch	10740	valid_loss	30738.1789551
batch	10770	valid_loss	30707.8149414
batch	10800	valid_loss	30660.6328125
batch	10830	valid_loss	30683.9072266
batch	10860	valid_loss	30643.3662109
batch	10890	valid_loss	30538.3027344
batch	10920	valid_loss	30636.5881348
batch	10950	valid_loss	30845.5881348
batch	10980	valid_loss	30569.7067871
batch	11010	valid_loss	30658.4477539
batch	11040	valid_loss	30588.0209961
batch	11070	valid_loss	30737.0688477
batch	11100	valid_loss	30642.8237305
batch	11130	valid_loss	30625.9511719
batch	11160	valid_loss	30538.2265625
batch	11190	valid_loss	30538.4731445
batch	11220	valid_loss	30571.0927734
batch	11250	valid_loss	30617.1005859
batch	11280	valid_loss	31336.1027832
batch	11310	valid_loss	30660.1811523
batch	11340	valid_loss	30496.2062988
batch	11370	valid_loss	30728.1809082
batch	11400	valid_loss	30756.5900879
batch	11430	valid_loss	30565.0041504
batch	11460	valid_loss	30828.6003418
batch	11490	valid_loss	30574.5805664
batch	11520	valid_loss	30625.4873047
batch	11550	valid_loss	30694.1118164
batch	11580	valid_loss	30556.7978516
batch	11610	valid_loss	30593.1508789
batch	11640	valid_loss	30585.0395508
batch	11670	valid_loss	30971.793457
batch	11700	valid_loss	30553.7250977
batch	11730	valid_loss	30596.6157227
batch	11760	valid_loss	30671.8393555
batch	11790	valid_loss	30497.7470703
batch	11820	valid_loss	30411.2089844
batch	11850	valid_loss	30588.3935547
batch	11880	valid_loss	30542.298584
batch	11910	valid_loss	31345.859375
batch	11940	valid_loss	30531.0302734
batch	11970	valid_loss	30390.7641602
batch	12000	valid_loss	30611.2431641
batch	12030	valid_loss	30595.6835938
batch	12060	valid_loss	30552.0427246
batch	12090	valid_loss	30523.4172363
batch	12120	valid_loss	30476.5500488
batch	12150	valid_loss	30830.7583008
batch	12180	valid_loss	30513.6337891
batch	12210	valid_loss	30365.4667969
batch	12240	valid_loss	30684.215332
batch	12270	valid_loss	30488.9812012
batch	12300	valid_loss	30449.651123
batch	12330	valid_loss	30433.25
batch	12360	valid_loss	30653.2504883
batch	12390	valid_loss	31155.4992676
batch	12420	valid_loss	30510.8608398
batch	12450	valid_loss	30401.4755859
batch	12480	valid_loss	30617.986084
batch	12510	valid_loss	30496.3676758
batch	12540	valid_loss	30393.7102051
batch	12570	valid_loss	30726.9182129
batch	12600	valid_loss	30421.0932617
batch	12630	valid_loss	30411.404541
batch	12660	valid_loss	30476.6074219
batch	12690	valid_loss	30506.5512695
batch	12720	valid_loss	30544.5258789
batch	12750	valid_loss	30446.5117188
batch	12780	valid_loss	30502.2907715
batch	12810	valid_loss	30480.40625
batch	12840	valid_loss	30762.0175781
batch	12870	valid_loss	30521.7626953
batch	12900	valid_loss	30369.541748
batch	12930	valid_loss	30455.1879883
batch	12960	valid_loss	30642.140625
batch	12990	valid_loss	30417.652832
batch	13020	valid_loss	31550.1621094
batch	13050	valid_loss	30379.9726562
batch	13080	valid_loss	30470.4785156
batch	13110	valid_loss	30588.5288086
batch	13140	valid_loss	30437.8017578
batch	13170	valid_loss	30446.9829102
batch	13200	valid_loss	30431.8684082
batch	13230	valid_loss	30360.8259277
batch	13260	valid_loss	30931.927002
batch	13290	valid_loss	30455.1245117
batch	13320	valid_loss	30419.1276855
batch	13350	valid_loss	30347.927002
batch	13380	valid_loss	30316.8244629
batch	13410	valid_loss	30368.5129395
batch	13440	valid_loss	30415.6816406
batch	13470	valid_loss	30389.6040039
batch	13500	valid_loss	31166.2722168
batch	13530	valid_loss	30351.7998047
batch	13560	valid_loss	30356.8154297
batch	13590	valid_loss	30371.0317383
batch	13620	valid_loss	30371.1262207
batch	13650	valid_loss	30431.1491699
batch	13680	valid_loss	30503.2565918
batch	13710	valid_loss	30408.2919922
batch	13740	valid_loss	30382.1574707
batch	13770	valid_loss	30330.7177734
batch	13800	valid_loss	30400.541748
batch	13830	valid_loss	30361.0317383
batch	13860	valid_loss	30328.4138184
batch	13890	valid_loss	30357.5593262
batch	13920	valid_loss	30445.1186523
batch	13950	valid_loss	30582.9558105
batch	13980	valid_loss	30297.7141113
batch	14010	valid_loss	30265.6757812
batch	14040	valid_loss	30356.1452637
batch	14070	valid_loss	30379.9020996
batch	14100	valid_loss	30411.1203613
batch	14130	valid_loss	30431.9121094
batch	14160	valid_loss	30303.2751465
batch	14190	valid_loss	30467.1003418
batch	14220	valid_loss	30357.1079102
batch	14250	valid_loss	30294.7324219
batch	14280	valid_loss	30462.0004883
batch	14310	valid_loss	30299.8691406
batch	14340	valid_loss	30391.9606934
batch	14370	valid_loss	30343.4199219
batch	14400	valid_loss	30420.9121094
batch	14430	valid_loss	30357.1105957
batch	14460	valid_loss	30321.3364258
batch	14490	valid_loss	30353.1699219
batch	14520	valid_loss	30463.8820801
batch	14550	valid_loss	30388.4467773
batch	14580	valid_loss	30327.1914062
batch	14610	valid_loss	30225.3771973
batch	14640	valid_loss	30322.3981934
batch	14670	valid_loss	30441.9125977
batch	14700	valid_loss	30313.5119629
batch	14730	valid_loss	30357.7143555
batch	14760	valid_loss	30459.4553223
batch	14790	valid_loss	30351.7407227
batch	14820	valid_loss	30264.1550293
batch	14850	valid_loss	30351.3105469
batch	14880	valid_loss	30297.9848633
batch	14910	valid_loss	30325.1098633
batch	14940	valid_loss	30203.1132812
batch	14970	valid_loss	30333.4155273
batch	15000	valid_loss	30392.137207
batch	15030	valid_loss	30271.2233887
batch	15060	valid_loss	31978.4150391
batch	15090	valid_loss	30361.3178711
batch	15120	valid_loss	30307.7272949
batch	15150	valid_loss	30271.9389648
batch	15180	valid_loss	30270.010498
batch	15210	valid_loss	30331.9790039
batch	15240	valid_loss	30207.7641602
batch	15270	valid_loss	30377.8740234
batch	15300	valid_loss	30251.9711914
batch	15330	valid_loss	30251.1704102
batch	15360	valid_loss	30295.2160645
batch	15390	valid_loss	30329.3066406
batch	15420	valid_loss	30578.0231934
batch	15450	valid_loss	30204.0327148
batch	15480	valid_loss	30285.239502
batch	15510	valid_loss	30526.9140625
batch	15540	valid_loss	30327.1054688
batch	15570	valid_loss	30232.3613281
batch	15600	valid_loss	30280.3859863
batch	15630	valid_loss	30276.6196289
batch	15660	valid_loss	30236.6359863
batch	15690	valid_loss	30245.2241211
batch	15720	valid_loss	30333.8134766
batch	15750	valid_loss	30189.6499023
batch	15780	valid_loss	30286.4353027
batch	15810	valid_loss	30248.9265137
batch	15840	valid_loss	30191.9360352
batch	15870	valid_loss	30250.2106934
batch	15900	valid_loss	30305.7521973
batch	15930	valid_loss	30207.7587891
batch	15960	valid_loss	31060.0170898
batch	15990	valid_loss	30201.3986816
batch	16020	valid_loss	30232.1555176
batch	16050	valid_loss	30219.1103516
batch	16080	valid_loss	30494.6977539
batch	16110	valid_loss	30212.3908691
batch	16140	valid_loss	30633.9177246
batch	16170	valid_loss	30117.7915039
batch	16200	valid_loss	30342.8886719
batch	16230	valid_loss	30401.8835449
batch	16260	valid_loss	30217.0102539
batch	16290	valid_loss	30282.2180176
batch	16320	valid_loss	30205.4189453
batch	16350	valid_loss	30165.8007812
batch	16380	valid_loss	30178.3669434
batch	16410	valid_loss	30219.6943359
batch	16440	valid_loss	30282.1867676
batch	16470	valid_loss	30122.1733398
batch	16500	valid_loss	30112.3161621
batch	16530	valid_loss	30166.5610352
batch	16560	valid_loss	30211.9023438
batch	16590	valid_loss	30317.0654297
batch	16620	valid_loss	30194.7072754
batch	16650	valid_loss	30245.7138672
batch	16680	valid_loss	30300.2998047
batch	16710	valid_loss	30230.7177734
batch	16740	valid_loss	30185.652832
batch	16770	valid_loss	30128.3752441
batch	16800	valid_loss	30109.7026367
batch	16830	valid_loss	30193.8491211
batch	16860	valid_loss	30129.2976074
batch	16890	valid_loss	30086.0686035
batch	16920	valid_loss	30238.71875
batch	16950	valid_loss	30188.4846191
batch	16980	valid_loss	30189.3435059
batch	17010	valid_loss	30207.9125977
batch	17040	valid_loss	30153.8015137
batch	17070	valid_loss	30457.9538574
batch	17100	valid_loss	30096.904541
batch	17130	valid_loss	30090.3840332
batch	17160	valid_loss	30167.409668
batch	17190	valid_loss	30182.0129395
batch	17220	valid_loss	30984.732666
batch	17250	valid_loss	30099.5715332
batch	17280	valid_loss	30095.5881348
batch	17310	valid_loss	30072.7619629
batch	17340	valid_loss	30199.3530273
batch	17370	valid_loss	30100.1308594
batch	17400	valid_loss	30099.5656738
batch	17430	valid_loss	30080.3754883
batch	17460	valid_loss	30363.4116211
batch	17490	valid_loss	30099.0710449
batch	17520	valid_loss	30085.6047363
batch	17550	valid_loss	30304.4558105
batch	17580	valid_loss	30067.3967285
batch	17610	valid_loss	30546.1730957
batch	17640	valid_loss	30015.7753906
batch	17670	valid_loss	30065.7685547
batch	17700	valid_loss	30131.4086914
batch	17730	valid_loss	29976.9829102
batch	17760	valid_loss	30202.1262207
batch	17790	valid_loss	30069.5437012
batch	17820	valid_loss	30086.4812012
batch	17850	valid_loss	30339.6420898
batch	17880	valid_loss	29991.4833984
batch	17910	valid_loss	30060.5
batch	17940	valid_loss	30042.2404785
batch	17970	valid_loss	30032.2580566
batch	18000	valid_loss	30031.9853516
batch	18030	valid_loss	29956.0541992
batch	18060	valid_loss	29954.6044922
batch	18090	valid_loss	29995.0009766
batch	18120	valid_loss	30026.8139648
batch	18150	valid_loss	30095.300293
batch	18180	valid_loss	30134.8552246
batch	18210	valid_loss	30108.9975586
batch	18240	valid_loss	30119.7202148
batch	18270	valid_loss	30129.7800293
batch	18300	valid_loss	29945.2197266
batch	18330	valid_loss	30013.4714355
batch	18360	valid_loss	29900.4541016
batch	18390	valid_loss	29973.3806152
batch	18420	valid_loss	29934.0935059
batch	18450	valid_loss	30002.9362793
batch	18480	valid_loss	30192.0761719
batch	18510	valid_loss	29983.2734375
batch	18540	valid_loss	29963.138916
batch	18570	valid_loss	30117.4733887
batch	18600	valid_loss	29953.2612305
batch	18630	valid_loss	30233.1884766
batch	18660	valid_loss	30034.9509277
batch	18690	valid_loss	29915.8835449
batch	18720	valid_loss	29911.4733887
batch	18750	valid_loss	29956.8647461
batch	18780	valid_loss	30499.2597656
batch	18810	valid_loss	29957.9165039
batch	18840	valid_loss	29866.8322754
batch	18870	valid_loss	29905.2565918
batch	18900	valid_loss	29984.6313477
batch	18930	valid_loss	29926.2939453
batch	18960	valid_loss	29976.5197754
batch	18990	valid_loss	29889.2214355
batch	19020	valid_loss	30004.2497559
batch	19050	valid_loss	29842.5930176
batch	19080	valid_loss	30095.2248535
batch	19110	valid_loss	29983.0351562
batch	19140	valid_loss	29909.1179199
batch	19170	valid_loss	31213.2416992
batch	19200	valid_loss	29896.2216797
batch	19230	valid_loss	29873.7336426
batch	19260	valid_loss	29905.1933594
batch	19290	valid_loss	29839.576416
batch	19320	valid_loss	30006.3500977
batch	19350	valid_loss	29936.6577148
batch	19380	valid_loss	29874.2404785
batch	19410	valid_loss	29959.3625488
batch	19440	valid_loss	29852.8449707
batch	19470	valid_loss	29853.7097168
batch	19500	valid_loss	30015.0966797
batch	19530	valid_loss	29831.0380859
batch	19560	valid_loss	29873.1171875
batch	19590	valid_loss	29768.7224121
batch	19620	valid_loss	29796.2729492
batch	19650	valid_loss	29765.0959473
batch	19680	valid_loss	29789.0629883
batch	19710	valid_loss	29918.0004883
batch	19740	valid_loss	29811.7138672
batch	19770	valid_loss	30464.2780762
batch	19800	valid_loss	29820.9555664
batch	19830	valid_loss	29886.3466797
batch	19860	valid_loss	29706.1755371
batch	19890	valid_loss	29790.0444336
batch	19920	valid_loss	29731.5253906
batch	19950	valid_loss	29746.4106445
batch	19980	valid_loss	29721.7885742
batch	20010	valid_loss	30041.4145508
batch	20040	valid_loss	29902.2514648
batch	20070	valid_loss	29722.4536133
batch	20100	valid_loss	29868.470459
batch	20130	valid_loss	29751.762207
batch	20160	valid_loss	29714.9628906
batch	20190	valid_loss	30048.1599121
batch	20220	valid_loss	29733.2304688
batch	20250	valid_loss	29678.6838379
batch	20280	valid_loss	29963.7756348
batch	20310	valid_loss	29727.2087402
batch	20340	valid_loss	29797.8823242
batch	20370	valid_loss	29621.048584
batch	20400	valid_loss	29638.6557617
batch	20430	valid_loss	29618.6789551
batch	20460	valid_loss	29677.4555664
batch	20490	valid_loss	29650.1513672
batch	20520	valid_loss	29660.8041992
batch	20550	valid_loss	29648.0119629
batch	20580	valid_loss	29614.0251465
batch	20610	valid_loss	29627.1599121
batch	20640	valid_loss	29801.0358887
batch	20670	valid_loss	29798.1447754
batch	20700	valid_loss	29614.7976074
batch	20730	valid_loss	29969.7827148
batch	20760	valid_loss	29566.4226074
batch	20790	valid_loss	29573.7629395
batch	20820	valid_loss	29628.7062988
batch	20850	valid_loss	29551.4240723
batch	20880	valid_loss	29663.902832
batch	20910	valid_loss	29808.5478516
batch	20940	valid_loss	29628.9611816
batch	20970	valid_loss	29602.6787109
batch	21000	valid_loss	29491.1333008
batch	21030	valid_loss	29563.456543
batch	21060	valid_loss	29504.2263184
batch	21090	valid_loss	29488.7463379
batch	21120	valid_loss	29560.8010254
batch	21150	valid_loss	29464.3701172
batch	21180	valid_loss	29477.6887207
batch	21210	valid_loss	29455.1506348
batch	21240	valid_loss	29469.9816895
batch	21270	valid_loss	29497.0378418
batch	21300	valid_loss	29457.3713379
batch	21330	valid_loss	29501.520752
batch	21360	valid_loss	29484.0830078
batch	21390	valid_loss	29523.5368652
batch	21420	valid_loss	29389.9047852
batch	21450	valid_loss	29460.3249512
batch	21480	valid_loss	29454.4836426
batch	21510	valid_loss	29436.262207
batch	21540	valid_loss	29387.0627441
batch	21570	valid_loss	29362.2910156
batch	21600	valid_loss	29627.2373047
batch	21630	valid_loss	29350.855957
batch	21660	valid_loss	29467.4223633
batch	21690	valid_loss	29332.9211426
batch	21720	valid_loss	29337.1135254
batch	21750	valid_loss	29567.6364746
batch	21780	valid_loss	29285.9006348
batch	21810	valid_loss	29262.8557129
batch	21840	valid_loss	29312.0268555
batch	21870	valid_loss	29388.4694824
batch	21900	valid_loss	29403.9968262
batch	21930	valid_loss	29275.8125
batch	21960	valid_loss	29258.4658203
batch	21990	valid_loss	29307.2902832
batch	22020	valid_loss	29261.3918457
batch	22050	valid_loss	29267.8193359
batch	22080	valid_loss	29243.7055664
batch	22110	valid_loss	29278.4633789
batch	22140	valid_loss	29321.2678223
batch	22170	valid_loss	29166.2126465
batch	22200	valid_loss	29273.6855469
batch	22230	valid_loss	29297.4899902
batch	22260	valid_loss	29187.5776367
batch	22290	valid_loss	29598.2587891
batch	22320	valid_loss	29143.3059082
batch	22350	valid_loss	29164.998291
batch	22380	valid_loss	29475.9238281
batch	22410	valid_loss	29187.71875
batch	22440	valid_loss	29227.3708496
batch	22470	valid_loss	29164.9536133
batch	22500	valid_loss	29247.4030762
batch	22530	valid_loss	29207.173584
batch	22560	valid_loss	29042.9897461
batch	22590	valid_loss	29074.7856445
batch	22620	valid_loss	29046.9074707
batch	22650	valid_loss	29074.4086914
batch	22680	valid_loss	29128.8769531
batch	22710	valid_loss	29041.2888184
batch	22740	valid_loss	29070.4748535
batch	22770	valid_loss	28984.7021484
batch	22800	valid_loss	29047.2570801
batch	22830	valid_loss	29338.574707
batch	22860	valid_loss	28984.1679688
batch	22890	valid_loss	29135.0412598
batch	22920	valid_loss	29077.5390625
batch	22950	valid_loss	29078.2246094
batch	22980	valid_loss	28941.1994629
batch	23010	valid_loss	29084.3588867
batch	23040	valid_loss	29055.1096191
batch	23070	valid_loss	28997.2685547
batch	23100	valid_loss	28926.2307129
batch	23130	valid_loss	28897.0808105
batch	23160	valid_loss	29399.097168
batch	23190	valid_loss	28926.2939453
batch	23220	valid_loss	28922.2675781
batch	23250	valid_loss	28939.1030273
batch	23280	valid_loss	28884.7980957
batch	23310	valid_loss	29068.1520996
batch	23340	valid_loss	28828.7419434
batch	23370	valid_loss	28811.7558594
batch	23400	valid_loss	28912.9545898
batch	23430	valid_loss	28883.0300293
batch	23460	valid_loss	28904.9553223
batch	23490	valid_loss	28802.8818359
batch	23520	valid_loss	28758.8447266
batch	23550	valid_loss	28796.3947754
batch	23580	valid_loss	28806.5778809
batch	23610	valid_loss	28775.4431152
batch	23640	valid_loss	28698.0004883
batch	23670	valid_loss	29200.6064453
batch	23700	valid_loss	29050.559082
batch	23730	valid_loss	28771.0476074
batch	23760	valid_loss	28819.4606934
batch	23790	valid_loss	28655.1918945
batch	23820	valid_loss	28671.0456543
batch	23850	valid_loss	28982.769043
batch	23880	valid_loss	28635.8081055
batch	23910	valid_loss	28644.3339844
batch	23940	valid_loss	28698.2365723
batch	23970	valid_loss	28652.1818848
batch	24000	valid_loss	28757.0571289
batch	24030	valid_loss	28681.956543
batch	24060	valid_loss	28663.9099121
batch	24090	valid_loss	28744.2353516
batch	24120	valid_loss	28502.5554199
batch	24150	valid_loss	28566.9873047
batch	24180	valid_loss	28532.8408203
batch	24210	valid_loss	28538.309082
batch	24240	valid_loss	28574.0263672
batch	24270	valid_loss	28648.28125
batch	24300	valid_loss	28509.1679688
batch	24330	valid_loss	28539.1584473
batch	24360	valid_loss	28503.3125
batch	24390	valid_loss	28481.7954102
batch	24420	valid_loss	28657.9516602
batch	24450	valid_loss	28471.3547363
batch	24480	valid_loss	28502.7685547
batch	24510	valid_loss	28482.6376953
batch	24540	valid_loss	28382.7272949
batch	24570	valid_loss	28446.6088867
batch	24600	valid_loss	28471.8100586
batch	24630	valid_loss	28470.2053223
batch	24660	valid_loss	28419.6972656
batch	24690	valid_loss	28345.2753906
batch	24720	valid_loss	28385.5515137
batch	24750	valid_loss	28363.3271484
batch	24780	valid_loss	28436.6064453
batch	24810	valid_loss	28302.3972168
batch	24840	valid_loss	28347.8613281
batch	24870	valid_loss	28379.885498
batch	24900	valid_loss	28257.659668
batch	24930	valid_loss	29018.6523438
batch	24960	valid_loss	28280.7817383
batch	24990	valid_loss	28257.7861328
STOP
