START
config	380	180	380	960
batch	0	valid_loss	8237556.375
batch	30	valid_loss	192054.505859
batch	60	valid_loss	123283.180664
batch	90	valid_loss	119885.516602
batch	120	valid_loss	119664.025391
batch	150	valid_loss	119571.198242
batch	180	valid_loss	119543.283203
batch	210	valid_loss	119389.950195
batch	240	valid_loss	119271.344727
batch	270	valid_loss	118955.004883
batch	300	valid_loss	118591.682617
batch	330	valid_loss	117901.732422
batch	360	valid_loss	116668.419922
batch	390	valid_loss	115034.092773
batch	420	valid_loss	112946.62207
batch	450	valid_loss	110814.644531
batch	480	valid_loss	109127.301758
batch	510	valid_loss	107931.25293
batch	540	valid_loss	107089.186523
batch	570	valid_loss	106287.763672
batch	600	valid_loss	105557.663086
batch	630	valid_loss	104716.679688
batch	660	valid_loss	103892.029297
batch	690	valid_loss	103104.719727
batch	720	valid_loss	102187.064453
batch	750	valid_loss	101402.880859
batch	780	valid_loss	100439.779297
batch	810	valid_loss	99469.7578125
batch	840	valid_loss	98473.7597656
batch	870	valid_loss	97476.0039062
batch	900	valid_loss	96453.4199219
batch	930	valid_loss	95252.015625
batch	960	valid_loss	94123.9335938
batch	990	valid_loss	92971.3569336
batch	1020	valid_loss	91782.8120117
batch	1050	valid_loss	90594.3769531
batch	1080	valid_loss	89393.7114258
batch	1110	valid_loss	88209.2373047
batch	1140	valid_loss	87049.6733398
batch	1170	valid_loss	85967.1088867
batch	1200	valid_loss	84821.9980469
batch	1230	valid_loss	83701.2749023
batch	1260	valid_loss	82596.7177734
batch	1290	valid_loss	81563.0200195
batch	1320	valid_loss	80430.0820312
batch	1350	valid_loss	79435.3847656
batch	1380	valid_loss	78424.0605469
batch	1410	valid_loss	77428.6118164
batch	1440	valid_loss	76410.375
batch	1470	valid_loss	75455.9057617
batch	1500	valid_loss	74510.3540039
batch	1530	valid_loss	73486.1655273
batch	1560	valid_loss	72609.8862305
batch	1590	valid_loss	71694.5053711
batch	1620	valid_loss	70765.5351562
batch	1650	valid_loss	69884.2680664
batch	1680	valid_loss	69127.8393555
batch	1710	valid_loss	68301.2822266
batch	1740	valid_loss	67460.9057617
batch	1770	valid_loss	66692.9956055
batch	1800	valid_loss	66012.9863281
batch	1830	valid_loss	65299.1328125
batch	1860	valid_loss	64571.7231445
batch	1890	valid_loss	63741.9467773
batch	1920	valid_loss	63047.1416016
batch	1950	valid_loss	62374.9438477
batch	1980	valid_loss	61874.3774414
batch	2010	valid_loss	61161.0991211
batch	2040	valid_loss	60619.7714844
batch	2070	valid_loss	59913.3349609
batch	2100	valid_loss	59394.1494141
batch	2130	valid_loss	58710.7573242
batch	2160	valid_loss	58146.4692383
batch	2190	valid_loss	57587.765625
batch	2220	valid_loss	57057.3100586
batch	2250	valid_loss	56519.6655273
batch	2280	valid_loss	55971.684082
batch	2310	valid_loss	55526.3334961
batch	2340	valid_loss	54980.9848633
batch	2370	valid_loss	54453.3183594
batch	2400	valid_loss	54005.2392578
batch	2430	valid_loss	53590.2944336
batch	2460	valid_loss	53101.4702148
batch	2490	valid_loss	52629.1938477
batch	2520	valid_loss	52220.0092773
batch	2550	valid_loss	51798.3222656
batch	2580	valid_loss	51447.2543945
batch	2610	valid_loss	51037.2729492
batch	2640	valid_loss	50615.8999023
batch	2670	valid_loss	50258.8608398
batch	2700	valid_loss	49826.3505859
batch	2730	valid_loss	49513.5341797
batch	2760	valid_loss	49102.8886719
batch	2790	valid_loss	48770.081543
batch	2820	valid_loss	48503.9980469
batch	2850	valid_loss	48093.7075195
batch	2880	valid_loss	47706.2197266
batch	2910	valid_loss	47431.1948242
batch	2940	valid_loss	47215.807373
batch	2970	valid_loss	46878.8427734
batch	3000	valid_loss	46459.4755859
batch	3030	valid_loss	46242.3884277
batch	3060	valid_loss	45931.807373
batch	3090	valid_loss	45527.3759766
batch	3120	valid_loss	45285.236084
batch	3150	valid_loss	44989.3066406
batch	3180	valid_loss	44757.1975098
batch	3210	valid_loss	44461.1271973
batch	3240	valid_loss	44242.4284668
batch	3270	valid_loss	43984.3879395
batch	3300	valid_loss	43737.8825684
batch	3330	valid_loss	43481.6477051
batch	3360	valid_loss	43221.8620605
batch	3390	valid_loss	43072.9213867
batch	3420	valid_loss	42851.892334
batch	3450	valid_loss	42583.1262207
batch	3480	valid_loss	42311.6765137
batch	3510	valid_loss	42104.098877
batch	3540	valid_loss	41926.9943848
batch	3570	valid_loss	41713.5380859
batch	3600	valid_loss	41501.5541992
batch	3630	valid_loss	41287.1201172
batch	3660	valid_loss	41087.4226074
batch	3690	valid_loss	40882.7145996
batch	3720	valid_loss	40765.3881836
batch	3750	valid_loss	40475.0686035
batch	3780	valid_loss	40332.1687012
batch	3810	valid_loss	40178.4870605
batch	3840	valid_loss	39928.559082
batch	3870	valid_loss	39889.4777832
batch	3900	valid_loss	39599.8718262
batch	3930	valid_loss	39395.0773926
batch	3960	valid_loss	39244.3498535
batch	3990	valid_loss	39105.677002
batch	4020	valid_loss	38938.3989258
batch	4050	valid_loss	38768.0197754
batch	4080	valid_loss	38653.8210449
batch	4110	valid_loss	38537.0310059
batch	4140	valid_loss	38361.3759766
batch	4170	valid_loss	38200.2145996
batch	4200	valid_loss	38089.4023438
batch	4230	valid_loss	37893.3271484
batch	4260	valid_loss	37736.1804199
batch	4290	valid_loss	37646.5344238
batch	4320	valid_loss	37537.2102051
batch	4350	valid_loss	37398.1213379
batch	4380	valid_loss	37181.5793457
batch	4410	valid_loss	37145.5136719
batch	4440	valid_loss	36981.3452148
batch	4470	valid_loss	36819.770752
batch	4500	valid_loss	36684.7939453
batch	4530	valid_loss	36591.6794434
batch	4560	valid_loss	36410.1069336
batch	4590	valid_loss	36293.3520508
batch	4620	valid_loss	36265.6623535
batch	4650	valid_loss	36163.9846191
batch	4680	valid_loss	36033.5629883
batch	4710	valid_loss	35895.3305664
batch	4740	valid_loss	35745.4699707
batch	4770	valid_loss	35662.0041504
batch	4800	valid_loss	35581.5229492
batch	4830	valid_loss	35392.7414551
batch	4860	valid_loss	35295.2888184
batch	4890	valid_loss	35231.0949707
batch	4920	valid_loss	35185.8588867
batch	4950	valid_loss	35083.9997559
batch	4980	valid_loss	34985.090332
batch	5010	valid_loss	34872.6479492
batch	5040	valid_loss	34699.3740234
batch	5070	valid_loss	34681.4375
batch	5100	valid_loss	34540.9985352
batch	5130	valid_loss	34520.2001953
batch	5160	valid_loss	34412.0905762
batch	5190	valid_loss	34388.1130371
batch	5220	valid_loss	34229.8474121
batch	5250	valid_loss	34196.2531738
batch	5280	valid_loss	34170.3657227
batch	5310	valid_loss	34072.7893066
batch	5340	valid_loss	33952.8757324
batch	5370	valid_loss	33858.5019531
batch	5400	valid_loss	33778.3146973
batch	5430	valid_loss	33944.7617188
batch	5460	valid_loss	33678.7575684
batch	5490	valid_loss	33596.112793
batch	5520	valid_loss	33546.8161621
batch	5550	valid_loss	33405.3393555
batch	5580	valid_loss	33377.2248535
batch	5610	valid_loss	33286.1469727
batch	5640	valid_loss	33241.2180176
batch	5670	valid_loss	33182.0871582
batch	5700	valid_loss	33193.637207
batch	5730	valid_loss	33170.0812988
batch	5760	valid_loss	33085.1337891
batch	5790	valid_loss	32958.9946289
batch	5820	valid_loss	32923.6606445
batch	5850	valid_loss	32926.1386719
batch	5880	valid_loss	32894.7895508
batch	5910	valid_loss	32901.5644531
batch	5940	valid_loss	32677.5969238
batch	5970	valid_loss	32671.423584
batch	6000	valid_loss	32743.0009766
batch	6030	valid_loss	32622.8825684
batch	6060	valid_loss	32545.4831543
batch	6090	valid_loss	32536.2651367
batch	6120	valid_loss	32495.9394531
batch	6150	valid_loss	32363.2216797
batch	6180	valid_loss	32436.8999023
batch	6210	valid_loss	32308.295166
batch	6240	valid_loss	32320.0983887
batch	6270	valid_loss	32244.8535156
batch	6300	valid_loss	32194.0168457
batch	6330	valid_loss	32277.1958008
batch	6360	valid_loss	32106.6914062
batch	6390	valid_loss	32103.6560059
batch	6420	valid_loss	32114.6804199
batch	6450	valid_loss	32035.5622559
batch	6480	valid_loss	32070.9970703
batch	6510	valid_loss	32002.8666992
batch	6540	valid_loss	31971.2099609
batch	6570	valid_loss	31896.8710938
batch	6600	valid_loss	31950.1628418
batch	6630	valid_loss	31836.9995117
batch	6660	valid_loss	31839.5019531
batch	6690	valid_loss	31802.9536133
batch	6720	valid_loss	32252.9055176
batch	6750	valid_loss	31799.8630371
batch	6780	valid_loss	31670.9848633
batch	6810	valid_loss	31703.5751953
batch	6840	valid_loss	31707.8481445
batch	6870	valid_loss	31651.8398438
batch	6900	valid_loss	31617.5898438
batch	6930	valid_loss	31626.572998
batch	6960	valid_loss	31872.1398926
batch	6990	valid_loss	31552.7375488
batch	7020	valid_loss	31500.5297852
batch	7050	valid_loss	31610.3903809
batch	7080	valid_loss	31559.5646973
batch	7110	valid_loss	31373.333252
batch	7140	valid_loss	31397.784668
batch	7170	valid_loss	31354.8017578
batch	7200	valid_loss	31377.1799316
batch	7230	valid_loss	31398.5358887
batch	7260	valid_loss	31617.1848145
batch	7290	valid_loss	31400.954834
batch	7320	valid_loss	31405.9289551
batch	7350	valid_loss	31420.3840332
batch	7380	valid_loss	31231.3701172
batch	7410	valid_loss	31289.6547852
batch	7440	valid_loss	31351.3745117
batch	7470	valid_loss	31581.4819336
batch	7500	valid_loss	31177.7070312
batch	7530	valid_loss	31172.1872559
batch	7560	valid_loss	31240.7338867
batch	7590	valid_loss	31195.5600586
batch	7620	valid_loss	31170.2751465
batch	7650	valid_loss	31106.5593262
batch	7680	valid_loss	31142.951416
batch	7710	valid_loss	31033.4057617
batch	7740	valid_loss	31139.3308105
batch	7770	valid_loss	31065.3918457
batch	7800	valid_loss	31135.4025879
batch	7830	valid_loss	31031.3186035
batch	7860	valid_loss	30985.9099121
batch	7890	valid_loss	31331.3842773
batch	7920	valid_loss	30930.9360352
batch	7950	valid_loss	30977.6606445
batch	7980	valid_loss	31113.1069336
batch	8010	valid_loss	30938.125
batch	8040	valid_loss	30918.489502
batch	8070	valid_loss	31011.559082
batch	8100	valid_loss	30937.4873047
batch	8130	valid_loss	30856.7680664
batch	8160	valid_loss	30949.8867188
batch	8190	valid_loss	30868.1176758
batch	8220	valid_loss	30861.7429199
batch	8250	valid_loss	31246.6811523
batch	8280	valid_loss	31114.8564453
batch	8310	valid_loss	30904.9365234
batch	8340	valid_loss	30785.1203613
batch	8370	valid_loss	30872.9260254
batch	8400	valid_loss	30831.0168457
batch	8430	valid_loss	30867.6638184
batch	8460	valid_loss	30806.7705078
batch	8490	valid_loss	30712.934082
batch	8520	valid_loss	30773.2456055
batch	8550	valid_loss	30700.9372559
batch	8580	valid_loss	31009.590332
batch	8610	valid_loss	30891.5839844
batch	8640	valid_loss	30736.8337402
batch	8670	valid_loss	30654.9555664
batch	8700	valid_loss	30680.9616699
batch	8730	valid_loss	30632.2856445
batch	8760	valid_loss	30647.1486816
batch	8790	valid_loss	30647.4355469
batch	8820	valid_loss	30769.3295898
batch	8850	valid_loss	30690.2175293
batch	8880	valid_loss	30712.1040039
batch	8910	valid_loss	30715.8618164
batch	8940	valid_loss	30576.0385742
batch	8970	valid_loss	30637.0991211
batch	9000	valid_loss	30767.9707031
batch	9030	valid_loss	30685.1955566
batch	9060	valid_loss	30551.4541016
batch	9090	valid_loss	30541.9291992
batch	9120	valid_loss	30719.2668457
batch	9150	valid_loss	30551.3330078
batch	9180	valid_loss	30572.5371094
batch	9210	valid_loss	30573.1982422
batch	9240	valid_loss	30548.7473145
batch	9270	valid_loss	30442.5183105
batch	9300	valid_loss	30563.5969238
batch	9330	valid_loss	30514.0263672
batch	9360	valid_loss	30596.3676758
batch	9390	valid_loss	30514.0158691
batch	9420	valid_loss	30428.282959
batch	9450	valid_loss	30479.1572266
batch	9480	valid_loss	30406.1652832
batch	9510	valid_loss	30518.8530273
batch	9540	valid_loss	30446.3764648
batch	9570	valid_loss	30402.2749023
batch	9600	valid_loss	30814.6132812
batch	9630	valid_loss	30516.0844727
batch	9660	valid_loss	30447.0429688
batch	9690	valid_loss	30394.1037598
batch	9720	valid_loss	30575.3186035
batch	9750	valid_loss	30418.9438477
batch	9780	valid_loss	30387.4904785
batch	9810	valid_loss	30606.4880371
batch	9840	valid_loss	30541.1994629
batch	9870	valid_loss	30362.8503418
batch	9900	valid_loss	30393.4172363
batch	9930	valid_loss	30445.6401367
batch	9960	valid_loss	30365.8754883
batch	9990	valid_loss	30332.9506836
batch	10020	valid_loss	30377.0385742
batch	10050	valid_loss	30258.2805176
batch	10080	valid_loss	30337.0026855
batch	10110	valid_loss	30292.114502
batch	10140	valid_loss	30300.5947266
batch	10170	valid_loss	30272.6401367
batch	10200	valid_loss	30227.0585938
batch	10230	valid_loss	30281.3757324
batch	10260	valid_loss	30318.3215332
batch	10290	valid_loss	30305.5610352
batch	10320	valid_loss	30288.3364258
batch	10350	valid_loss	30363.6572266
batch	10380	valid_loss	30300.3464355
batch	10410	valid_loss	30305.9787598
batch	10440	valid_loss	30498.5634766
batch	10470	valid_loss	30408.4897461
batch	10500	valid_loss	30220.4953613
batch	10530	valid_loss	30447.838623
batch	10560	valid_loss	30386.8898926
batch	10590	valid_loss	30372.6306152
batch	10620	valid_loss	30225.3742676
batch	10650	valid_loss	30264.4482422
batch	10680	valid_loss	30362.9284668
batch	10710	valid_loss	30258.8959961
batch	10740	valid_loss	30403.9306641
batch	10770	valid_loss	30167.0725098
batch	10800	valid_loss	30219.8747559
batch	10830	valid_loss	30132.4228516
batch	10860	valid_loss	30256.8120117
batch	10890	valid_loss	30259.1306152
batch	10920	valid_loss	30256.6469727
batch	10950	valid_loss	30234.782959
batch	10980	valid_loss	30170.232666
batch	11010	valid_loss	30189.3852539
batch	11040	valid_loss	30231.5964355
batch	11070	valid_loss	30290.5751953
batch	11100	valid_loss	30196.7021484
batch	11130	valid_loss	30156.2321777
batch	11160	valid_loss	30347.4675293
batch	11190	valid_loss	30223.3632812
batch	11220	valid_loss	30206.40625
batch	11250	valid_loss	30143.2749023
batch	11280	valid_loss	30399.8024902
batch	11310	valid_loss	30136.496582
batch	11340	valid_loss	30151.5195312
batch	11370	valid_loss	30248.8078613
batch	11400	valid_loss	30470.0698242
batch	11430	valid_loss	30142.3688965
batch	11460	valid_loss	30180.7541504
batch	11490	valid_loss	30249.012207
batch	11520	valid_loss	30164.0351562
batch	11550	valid_loss	30094.0712891
batch	11580	valid_loss	30147.4931641
batch	11610	valid_loss	30143.3850098
batch	11640	valid_loss	30125.3886719
batch	11670	valid_loss	30239.512207
batch	11700	valid_loss	30119.8417969
batch	11730	valid_loss	30086.3295898
batch	11760	valid_loss	30021.7216797
batch	11790	valid_loss	30091.0693359
batch	11820	valid_loss	30159.5568848
batch	11850	valid_loss	30151.2158203
batch	11880	valid_loss	30116.5559082
batch	11910	valid_loss	30124.017334
batch	11940	valid_loss	30112.3747559
batch	11970	valid_loss	30226.5529785
batch	12000	valid_loss	30114.9831543
batch	12030	valid_loss	30530.4558105
batch	12060	valid_loss	30055.2250977
batch	12090	valid_loss	30214.5251465
batch	12120	valid_loss	30265.1989746
batch	12150	valid_loss	30157.4526367
batch	12180	valid_loss	30052.9880371
batch	12210	valid_loss	30183.2087402
batch	12240	valid_loss	30065.3640137
batch	12270	valid_loss	30128.6899414
batch	12300	valid_loss	30157.0561523
batch	12330	valid_loss	30008.1235352
batch	12360	valid_loss	30081.7858887
batch	12390	valid_loss	29974.3071289
batch	12420	valid_loss	30079.3813477
batch	12450	valid_loss	30083.4692383
batch	12480	valid_loss	30081.4709473
batch	12510	valid_loss	30108.3325195
batch	12540	valid_loss	30000.2617188
batch	12570	valid_loss	30040.4089355
batch	12600	valid_loss	30140.8908691
batch	12630	valid_loss	30091.2995605
batch	12660	valid_loss	30046.3120117
batch	12690	valid_loss	30022.0549316
batch	12720	valid_loss	30092.4929199
batch	12750	valid_loss	30078.7817383
batch	12780	valid_loss	30059.8103027
batch	12810	valid_loss	30006.2641602
batch	12840	valid_loss	30326.6091309
batch	12870	valid_loss	30007.8015137
batch	12900	valid_loss	30042.9187012
batch	12930	valid_loss	30047.8205566
batch	12960	valid_loss	30388.2946777
batch	12990	valid_loss	30020.9807129
batch	13020	valid_loss	30059.6040039
batch	13050	valid_loss	30190.2880859
batch	13080	valid_loss	29977.3649902
batch	13110	valid_loss	29962.8830566
batch	13140	valid_loss	30015.9248047
batch	13170	valid_loss	30022.1870117
batch	13200	valid_loss	30028.2080078
batch	13230	valid_loss	30144.873291
batch	13260	valid_loss	30024.0002441
batch	13290	valid_loss	29971.2509766
batch	13320	valid_loss	29922.0458984
batch	13350	valid_loss	30006.6894531
batch	13380	valid_loss	30095.6337891
batch	13410	valid_loss	30031.7424316
batch	13440	valid_loss	30015.4990234
batch	13470	valid_loss	29994.3076172
batch	13500	valid_loss	30004.8417969
batch	13530	valid_loss	30171.5280762
batch	13560	valid_loss	30007.9189453
batch	13590	valid_loss	30500.8374023
batch	13620	valid_loss	29931.8273926
batch	13650	valid_loss	30111.189209
batch	13680	valid_loss	30132.4685059
batch	13710	valid_loss	30027.6560059
batch	13740	valid_loss	29967.177002
batch	13770	valid_loss	30088.6535645
batch	13800	valid_loss	29943.3222656
batch	13830	valid_loss	30064.7373047
batch	13860	valid_loss	30003.8937988
batch	13890	valid_loss	29949.9926758
batch	13920	valid_loss	29973.5141602
batch	13950	valid_loss	29907.1274414
batch	13980	valid_loss	29966.9587402
batch	14010	valid_loss	29957.2106934
batch	14040	valid_loss	29966.736084
batch	14070	valid_loss	30007.9353027
batch	14100	valid_loss	29968.8212891
batch	14130	valid_loss	29963.9431152
batch	14160	valid_loss	30093.9118652
batch	14190	valid_loss	29982.9672852
batch	14220	valid_loss	30024.2609863
batch	14250	valid_loss	29910.0603027
batch	14280	valid_loss	29956.4145508
batch	14310	valid_loss	30115.6501465
batch	14340	valid_loss	29979.0178223
batch	14370	valid_loss	29974.9785156
batch	14400	valid_loss	29874.9731445
batch	14430	valid_loss	29915.3317871
batch	14460	valid_loss	29945.1169434
batch	14490	valid_loss	30030.6999512
batch	14520	valid_loss	30257.0100098
batch	14550	valid_loss	29976.529541
batch	14580	valid_loss	29932.7602539
batch	14610	valid_loss	30050.0644531
batch	14640	valid_loss	29904.6474609
batch	14670	valid_loss	29871.2756348
batch	14700	valid_loss	29969.2233887
batch	14730	valid_loss	29898.2666016
batch	14760	valid_loss	29948.6101074
batch	14790	valid_loss	29970.4421387
batch	14820	valid_loss	30126.9997559
batch	14850	valid_loss	29883.8979492
batch	14880	valid_loss	29869.1855469
batch	14910	valid_loss	29968.736084
batch	14940	valid_loss	29980.5964355
batch	14970	valid_loss	30019.265625
batch	15000	valid_loss	29960.1347656
batch	15030	valid_loss	30034.3088379
batch	15060	valid_loss	29975.1723633
batch	15090	valid_loss	30054.1611328
batch	15120	valid_loss	29959.1921387
batch	15150	valid_loss	30148.921875
batch	15180	valid_loss	29862.7231445
batch	15210	valid_loss	30186.4030762
batch	15240	valid_loss	29973.4536133
batch	15270	valid_loss	29954.3474121
batch	15300	valid_loss	29885.2390137
batch	15330	valid_loss	30192.3937988
batch	15360	valid_loss	29827.300293
batch	15390	valid_loss	30007.3305664
batch	15420	valid_loss	29939.6574707
batch	15450	valid_loss	29865.114502
batch	15480	valid_loss	29974.9865723
batch	15510	valid_loss	29834.651123
batch	15540	valid_loss	29894.7607422
batch	15570	valid_loss	29912.4401855
batch	15600	valid_loss	29851.9001465
batch	15630	valid_loss	29902.234375
batch	15660	valid_loss	29856.8911133
batch	15690	valid_loss	29904.2563477
batch	15720	valid_loss	29966.03125
batch	15750	valid_loss	29918.3571777
batch	15780	valid_loss	29852.9526367
batch	15810	valid_loss	29842.8925781
batch	15840	valid_loss	30180.7312012
batch	15870	valid_loss	29946.0761719
batch	15900	valid_loss	29909.5410156
batch	15930	valid_loss	29845.3850098
batch	15960	valid_loss	30025.1726074
batch	15990	valid_loss	29845.3823242
batch	16020	valid_loss	29880.4570312
batch	16050	valid_loss	29909.6049805
batch	16080	valid_loss	30254.4726562
batch	16110	valid_loss	29916.1977539
batch	16140	valid_loss	29901.5349121
batch	16170	valid_loss	30042.8330078
batch	16200	valid_loss	29850.3005371
batch	16230	valid_loss	29814.4577637
batch	16260	valid_loss	29916.3640137
batch	16290	valid_loss	29852.2529297
batch	16320	valid_loss	29883.2736816
batch	16350	valid_loss	29932.8103027
batch	16380	valid_loss	29921.0234375
batch	16410	valid_loss	29804.1503906
batch	16440	valid_loss	29794.0146484
batch	16470	valid_loss	29932.5869141
batch	16500	valid_loss	29908.7504883
batch	16530	valid_loss	29992.3669434
batch	16560	valid_loss	29902.8601074
batch	16590	valid_loss	30016.4370117
batch	16620	valid_loss	29918.546875
batch	16650	valid_loss	29970.9926758
batch	16680	valid_loss	29996.0803223
batch	16710	valid_loss	29939.6330566
batch	16740	valid_loss	29849.5522461
batch	16770	valid_loss	30312.7573242
batch	16800	valid_loss	29875.8654785
batch	16830	valid_loss	29877.2922363
batch	16860	valid_loss	29813.3662109
batch	16890	valid_loss	29873.5324707
batch	16920	valid_loss	29798.638916
batch	16950	valid_loss	29931.3027344
batch	16980	valid_loss	29937.7949219
batch	17010	valid_loss	29841.0629883
batch	17040	valid_loss	29852.0036621
batch	17070	valid_loss	29841.0632324
batch	17100	valid_loss	29844.7727051
batch	17130	valid_loss	29868.1938477
batch	17160	valid_loss	29854.6806641
batch	17190	valid_loss	29851.3127441
batch	17220	valid_loss	29822.751709
batch	17250	valid_loss	29861.7084961
batch	17280	valid_loss	30069.1540527
batch	17310	valid_loss	29851.717041
batch	17340	valid_loss	29802.795166
batch	17370	valid_loss	29808.9377441
batch	17400	valid_loss	30062.2104492
batch	17430	valid_loss	29880.3601074
batch	17460	valid_loss	29852.0043945
batch	17490	valid_loss	29790.809082
batch	17520	valid_loss	30006.0952148
batch	17550	valid_loss	29800.7338867
batch	17580	valid_loss	29837.3662109
batch	17610	valid_loss	29825.5561523
batch	17640	valid_loss	30318.2019043
batch	17670	valid_loss	29842.9462891
batch	17700	valid_loss	29946.7387695
batch	17730	valid_loss	30099.9296875
batch	17760	valid_loss	29810.5922852
batch	17790	valid_loss	29869.0388184
batch	17820	valid_loss	29962.7502441
batch	17850	valid_loss	29830.9389648
batch	17880	valid_loss	29834.3198242
batch	17910	valid_loss	29908.2182617
batch	17940	valid_loss	29915.6633301
batch	17970	valid_loss	29748.032959
batch	18000	valid_loss	29794.345459
batch	18030	valid_loss	29827.3708496
batch	18060	valid_loss	29879.6313477
batch	18090	valid_loss	29957.8710938
batch	18120	valid_loss	29852.2751465
batch	18150	valid_loss	29907.2458496
batch	18180	valid_loss	29857.7011719
batch	18210	valid_loss	30091.0292969
batch	18240	valid_loss	29832.6203613
batch	18270	valid_loss	30059.5002441
batch	18300	valid_loss	29781.8322754
batch	18330	valid_loss	30130.3056641
batch	18360	valid_loss	29830.7453613
batch	18390	valid_loss	29839.0314941
batch	18420	valid_loss	29788.3569336
batch	18450	valid_loss	29938.5310059
batch	18480	valid_loss	29753.4650879
batch	18510	valid_loss	29914.2995605
batch	18540	valid_loss	29861.7817383
batch	18570	valid_loss	29853.4104004
batch	18600	valid_loss	29798.9018555
batch	18630	valid_loss	29751.0944824
batch	18660	valid_loss	29815.1091309
batch	18690	valid_loss	29838.1223145
batch	18720	valid_loss	29773.7263184
batch	18750	valid_loss	29817.2854004
batch	18780	valid_loss	29771.7399902
batch	18810	valid_loss	29838.7189941
batch	18840	valid_loss	29974.720459
batch	18870	valid_loss	29818.3227539
batch	18900	valid_loss	29822.1447754
batch	18930	valid_loss	29780.970459
batch	18960	valid_loss	29923.7495117
batch	18990	valid_loss	29910.826416
batch	19020	valid_loss	29808.5415039
batch	19050	valid_loss	29777.7814941
batch	19080	valid_loss	29757.9155273
batch	19110	valid_loss	29753.0480957
batch	19140	valid_loss	29778.4418945
batch	19170	valid_loss	29797.5219727
batch	19200	valid_loss	30107.0595703
batch	19230	valid_loss	29858.4150391
batch	19260	valid_loss	29800.9519043
batch	19290	valid_loss	29963.348877
batch	19320	valid_loss	29780.4887695
batch	19350	valid_loss	29750.5825195
batch	19380	valid_loss	29864.5461426
batch	19410	valid_loss	29787.1716309
batch	19440	valid_loss	29792.7404785
batch	19470	valid_loss	29808.4384766
batch	19500	valid_loss	29865.0263672
batch	19530	valid_loss	29736.6191406
batch	19560	valid_loss	29779.3532715
batch	19590	valid_loss	29832.6948242
batch	19620	valid_loss	29803.7348633
batch	19650	valid_loss	29926.3513184
batch	19680	valid_loss	29770.2644043
batch	19710	valid_loss	29866.8657227
batch	19740	valid_loss	29857.1337891
batch	19770	valid_loss	29930.5493164
batch	19800	valid_loss	29820.454834
batch	19830	valid_loss	29979.0578613
batch	19860	valid_loss	29759.925293
batch	19890	valid_loss	30079.7312012
batch	19920	valid_loss	29837.5825195
batch	19950	valid_loss	29794.8999023
batch	19980	valid_loss	29777.814209
batch	20010	valid_loss	30071.6662598
batch	20040	valid_loss	29719.0922852
batch	20070	valid_loss	29889.5180664
batch	20100	valid_loss	29751.2155762
batch	20130	valid_loss	29768.6848145
batch	20160	valid_loss	29820.177002
batch	20190	valid_loss	29692.5800781
batch	20220	valid_loss	29825.3171387
batch	20250	valid_loss	29835.151123
batch	20280	valid_loss	29747.4882812
batch	20310	valid_loss	29834.8210449
batch	20340	valid_loss	29762.6506348
batch	20370	valid_loss	29786.4147949
batch	20400	valid_loss	29899.4321289
batch	20430	valid_loss	29756.9567871
batch	20460	valid_loss	29754.2253418
batch	20490	valid_loss	29749.0180664
batch	20520	valid_loss	29806.9018555
batch	20550	valid_loss	29908.1281738
batch	20580	valid_loss	29776.956543
batch	20610	valid_loss	29831.1999512
batch	20640	valid_loss	29673.2458496
batch	20670	valid_loss	29720.8723145
batch	20700	valid_loss	29722.5891113
batch	20730	valid_loss	29751.125
batch	20760	valid_loss	29956.8156738
batch	20790	valid_loss	29893.0690918
batch	20820	valid_loss	29798.9250488
batch	20850	valid_loss	29961.779541
batch	20880	valid_loss	29754.6755371
batch	20910	valid_loss	29715.7236328
batch	20940	valid_loss	29816.0708008
batch	20970	valid_loss	29768.1918945
batch	21000	valid_loss	29741.9394531
batch	21030	valid_loss	29765.2595215
batch	21060	valid_loss	29853.0007324
batch	21090	valid_loss	29708.0532227
batch	21120	valid_loss	29752.6030273
batch	21150	valid_loss	29761.2636719
batch	21180	valid_loss	29777.3449707
batch	21210	valid_loss	29898.6450195
batch	21240	valid_loss	29762.3168945
batch	21270	valid_loss	29886.8234863
batch	21300	valid_loss	29797.5788574
batch	21330	valid_loss	29979.2268066
batch	21360	valid_loss	29761.026123
batch	21390	valid_loss	29948.9138184
batch	21420	valid_loss	29721.3886719
batch	21450	valid_loss	30102.1936035
batch	21480	valid_loss	29755.2067871
batch	21510	valid_loss	29774.5761719
batch	21540	valid_loss	29732.1691895
batch	21570	valid_loss	29805.3901367
batch	21600	valid_loss	29700.1992188
batch	21630	valid_loss	29841.2543945
batch	21660	valid_loss	29767.6032715
batch	21690	valid_loss	29765.2770996
batch	21720	valid_loss	29775.9313965
batch	21750	valid_loss	29693.7185059
batch	21780	valid_loss	29774.7131348
batch	21810	valid_loss	29792.8818359
batch	21840	valid_loss	29726.2907715
batch	21870	valid_loss	29783.0927734
batch	21900	valid_loss	29734.9887695
batch	21930	valid_loss	29753.1337891
batch	21960	valid_loss	29930.5969238
batch	21990	valid_loss	29738.0761719
batch	22020	valid_loss	29770.1149902
batch	22050	valid_loss	29721.6191406
batch	22080	valid_loss	29835.4868164
batch	22110	valid_loss	29843.239502
batch	22140	valid_loss	29746.2946777
batch	22170	valid_loss	29748.3344727
batch	22200	valid_loss	29692.8999023
batch	22230	valid_loss	29693.1547852
batch	22260	valid_loss	29720.4772949
batch	22290	valid_loss	29733.1875
batch	22320	valid_loss	30013.6901855
batch	22350	valid_loss	29833.5085449
batch	22380	valid_loss	29719.6601562
batch	22410	valid_loss	29909.638916
batch	22440	valid_loss	29740.5908203
batch	22470	valid_loss	29704.0229492
batch	22500	valid_loss	29832.7749023
batch	22530	valid_loss	29739.2609863
batch	22560	valid_loss	29705.2705078
batch	22590	valid_loss	29757.2290039
batch	22620	valid_loss	30003.0415039
batch	22650	valid_loss	29698.4450684
batch	22680	valid_loss	29720.8896484
batch	22710	valid_loss	29823.5922852
batch	22740	valid_loss	29751.3234863
batch	22770	valid_loss	29860.7236328
batch	22800	valid_loss	29679.4868164
batch	22830	valid_loss	29769.5683594
batch	22860	valid_loss	29805.4504395
batch	22890	valid_loss	29902.2368164
batch	22920	valid_loss	29750.7763672
batch	22950	valid_loss	30021.0559082
batch	22980	valid_loss	29707.5161133
batch	23010	valid_loss	29878.1171875
batch	23040	valid_loss	29755.989502
batch	23070	valid_loss	29743.2543945
batch	23100	valid_loss	29723.1108398
batch	23130	valid_loss	29777.4243164
batch	23160	valid_loss	29688.6550293
batch	23190	valid_loss	29775.9440918
batch	23220	valid_loss	29701.6992188
batch	23250	valid_loss	29700.2561035
batch	23280	valid_loss	29785.1176758
batch	23310	valid_loss	29650.0644531
batch	23340	valid_loss	29809.9250488
batch	23370	valid_loss	29803.8171387
batch	23400	valid_loss	29689.3308105
batch	23430	valid_loss	29752.4912109
batch	23460	valid_loss	29713.472168
batch	23490	valid_loss	29735.5297852
batch	23520	valid_loss	29872.2790527
batch	23550	valid_loss	29711.364502
batch	23580	valid_loss	29733.7802734
batch	23610	valid_loss	29715.3083496
batch	23640	valid_loss	29750.0688477
batch	23670	valid_loss	29849.4060059
batch	23700	valid_loss	29734.1577148
batch	23730	valid_loss	29802.904541
batch	23760	valid_loss	29637.7805176
batch	23790	valid_loss	29676.3210449
batch	23820	valid_loss	29665.3098145
batch	23850	valid_loss	29712.9372559
batch	23880	valid_loss	29879.2373047
batch	23910	valid_loss	29805.0710449
batch	23940	valid_loss	29739.5859375
batch	23970	valid_loss	29873.581543
batch	24000	valid_loss	29720.7133789
batch	24030	valid_loss	29672.6765137
batch	24060	valid_loss	29814.9194336
batch	24090	valid_loss	29711.8439941
batch	24120	valid_loss	29677.1035156
batch	24150	valid_loss	29728.2487793
batch	24180	valid_loss	29800.402832
batch	24210	valid_loss	29661.2263184
batch	24240	valid_loss	29726.8005371
batch	24270	valid_loss	29731.0871582
batch	24300	valid_loss	29720.7087402
batch	24330	valid_loss	29844.8198242
batch	24360	valid_loss	29670.111084
batch	24390	valid_loss	29800.0922852
batch	24420	valid_loss	29758.8647461
batch	24450	valid_loss	29890.5515137
batch	24480	valid_loss	29743.0251465
batch	24510	valid_loss	29936.3596191
batch	24540	valid_loss	29666.838623
batch	24570	valid_loss	29996.9880371
batch	24600	valid_loss	29708.4516602
batch	24630	valid_loss	29719.4787598
batch	24660	valid_loss	29716.0825195
batch	24690	valid_loss	29754.1096191
batch	24720	valid_loss	29688.3886719
batch	24750	valid_loss	29751.6740723
batch	24780	valid_loss	29698.6728516
batch	24810	valid_loss	29680.2023926
batch	24840	valid_loss	29745.5996094
batch	24870	valid_loss	29629.8618164
batch	24900	valid_loss	29778.6855469
batch	24930	valid_loss	29781.1867676
batch	24960	valid_loss	29670.7106934
batch	24990	valid_loss	29746.2453613
STOP
START
config	380	180	380	960
batch	0	valid_loss	7233876.9375
batch	30	valid_loss	176258.696289
batch	60	valid_loss	122552.807617
batch	90	valid_loss	119835.552734
batch	120	valid_loss	119635.53125
batch	150	valid_loss	119588.136719
batch	180	valid_loss	119456.708008
batch	210	valid_loss	119276.984375
batch	240	valid_loss	119056.972656
batch	270	valid_loss	118664.742188
batch	300	valid_loss	118054.586914
batch	330	valid_loss	117016.386719
batch	360	valid_loss	115401.038086
batch	390	valid_loss	113405.548828
batch	420	valid_loss	111636.797852
batch	450	valid_loss	110254.90332
batch	480	valid_loss	109246.756836
batch	510	valid_loss	108537.605469
batch	540	valid_loss	107922.380859
batch	570	valid_loss	107458.888672
batch	600	valid_loss	106956.645508
batch	630	valid_loss	106444.791016
batch	660	valid_loss	105773.978516
batch	690	valid_loss	105137.682617
batch	720	valid_loss	104390.972656
batch	750	valid_loss	103626.814453
batch	780	valid_loss	102729.866211
batch	810	valid_loss	101938.788086
batch	840	valid_loss	101035.942383
batch	870	valid_loss	100079.014648
batch	900	valid_loss	99119.6181641
batch	930	valid_loss	98050.9326172
batch	960	valid_loss	96994.9511719
batch	990	valid_loss	95878.3222656
batch	1020	valid_loss	94704.5087891
batch	1050	valid_loss	93576.5605469
batch	1080	valid_loss	92415.4077148
batch	1110	valid_loss	91198.9736328
batch	1140	valid_loss	89950.8061523
batch	1170	valid_loss	88925.9335938
batch	1200	valid_loss	87750.3994141
batch	1230	valid_loss	86483.9550781
batch	1260	valid_loss	85429.3540039
batch	1290	valid_loss	84266.5864258
batch	1320	valid_loss	83092.9282227
batch	1350	valid_loss	81983.7285156
batch	1380	valid_loss	80884.737793
batch	1410	valid_loss	79831.5957031
batch	1440	valid_loss	78678.4594727
batch	1470	valid_loss	77582.8632812
batch	1500	valid_loss	76468.465332
batch	1530	valid_loss	75462.5839844
batch	1560	valid_loss	74520.6479492
batch	1590	valid_loss	73511.4174805
batch	1620	valid_loss	72556.0126953
batch	1650	valid_loss	71507.4736328
batch	1680	valid_loss	70731.8999023
batch	1710	valid_loss	69799.0195312
batch	1740	valid_loss	68965.2456055
batch	1770	valid_loss	68150.9443359
batch	1800	valid_loss	67369.027832
batch	1830	valid_loss	66597.8442383
batch	1860	valid_loss	65648.0444336
batch	1890	valid_loss	64890.4741211
batch	1920	valid_loss	64232.1289062
batch	1950	valid_loss	63396.9614258
batch	1980	valid_loss	62858.5546875
batch	2010	valid_loss	62163.1547852
batch	2040	valid_loss	61538.5771484
batch	2070	valid_loss	60820.6254883
batch	2100	valid_loss	60159.484375
batch	2130	valid_loss	59637.5444336
batch	2160	valid_loss	58974.2290039
batch	2190	valid_loss	58328.3974609
batch	2220	valid_loss	57847.859375
batch	2250	valid_loss	57265.7246094
batch	2280	valid_loss	56722.140625
batch	2310	valid_loss	56245.7661133
batch	2340	valid_loss	55695.6347656
batch	2370	valid_loss	55226.3378906
batch	2400	valid_loss	54698.0439453
batch	2430	valid_loss	54165.3710938
batch	2460	valid_loss	53806.5180664
batch	2490	valid_loss	53250.4711914
batch	2520	valid_loss	52838.90625
batch	2550	valid_loss	52394.4492188
batch	2580	valid_loss	52041.8530273
batch	2610	valid_loss	51619.4907227
batch	2640	valid_loss	51215.4033203
batch	2670	valid_loss	50827.0522461
batch	2700	valid_loss	50330.5200195
batch	2730	valid_loss	50063.7548828
batch	2760	valid_loss	49746.9106445
batch	2790	valid_loss	49262.6416016
batch	2820	valid_loss	48870.5258789
batch	2850	valid_loss	48566.3359375
batch	2880	valid_loss	48197.5625
batch	2910	valid_loss	47944.8886719
batch	2940	valid_loss	47676.1723633
batch	2970	valid_loss	47281.2207031
batch	3000	valid_loss	47046.0146484
batch	3030	valid_loss	46701.5270996
batch	3060	valid_loss	46466.3500977
batch	3090	valid_loss	46126.9050293
batch	3120	valid_loss	45772.6625977
batch	3150	valid_loss	45559.1206055
batch	3180	valid_loss	45240.5109863
batch	3210	valid_loss	45017.9816895
batch	3240	valid_loss	44805.3513184
batch	3270	valid_loss	44520.2116699
batch	3300	valid_loss	44265.8217773
batch	3330	valid_loss	44048.5751953
batch	3360	valid_loss	43790.387207
batch	3390	valid_loss	43525.1665039
batch	3420	valid_loss	43250.2966309
batch	3450	valid_loss	43077.963623
batch	3480	valid_loss	42814.8979492
batch	3510	valid_loss	42639.0646973
batch	3540	valid_loss	42442.8759766
batch	3570	valid_loss	42233.9780273
batch	3600	valid_loss	42039.4296875
batch	3630	valid_loss	41846.0959473
batch	3660	valid_loss	41621.833252
batch	3690	valid_loss	41417.1113281
batch	3720	valid_loss	41171.6413574
batch	3750	valid_loss	40981.8203125
batch	3780	valid_loss	40876.9196777
batch	3810	valid_loss	40553.0949707
batch	3840	valid_loss	40454.0290527
batch	3870	valid_loss	40430.6574707
batch	3900	valid_loss	40094.564209
batch	3930	valid_loss	39961.0302734
batch	3960	valid_loss	39763.7321777
batch	3990	valid_loss	39551.3476562
batch	4020	valid_loss	39421.2055664
batch	4050	valid_loss	39173.1262207
batch	4080	valid_loss	39165.9848633
batch	4110	valid_loss	38915.7397461
batch	4140	valid_loss	38810.3269043
batch	4170	valid_loss	38682.527832
batch	4200	valid_loss	38439.659668
batch	4230	valid_loss	38369.611084
batch	4260	valid_loss	38220.6538086
batch	4290	valid_loss	38139.8515625
batch	4320	valid_loss	38013.1369629
batch	4350	valid_loss	37798.2722168
batch	4380	valid_loss	37630.5915527
batch	4410	valid_loss	37549.454834
batch	4440	valid_loss	37326.9831543
batch	4470	valid_loss	37304.1643066
batch	4500	valid_loss	37112.220459
batch	4530	valid_loss	37040.8337402
batch	4560	valid_loss	36915.1760254
batch	4590	valid_loss	36800.8537598
batch	4620	valid_loss	36711.1552734
batch	4650	valid_loss	36509.7353516
batch	4680	valid_loss	36399.6599121
batch	4710	valid_loss	36291.3051758
batch	4740	valid_loss	36132.659668
batch	4770	valid_loss	36104.6564941
batch	4800	valid_loss	36028.9873047
batch	4830	valid_loss	35875.5888672
batch	4860	valid_loss	35687.2883301
batch	4890	valid_loss	35622.4179688
batch	4920	valid_loss	35510.5895996
batch	4950	valid_loss	35460.916748
batch	4980	valid_loss	35344.362793
batch	5010	valid_loss	35196.7873535
batch	5040	valid_loss	35150.6782227
batch	5070	valid_loss	35060.3945312
batch	5100	valid_loss	34962.40625
batch	5130	valid_loss	34865.7841797
batch	5160	valid_loss	34714.0307617
batch	5190	valid_loss	34802.9577637
batch	5220	valid_loss	34664.7060547
batch	5250	valid_loss	34619.3325195
batch	5280	valid_loss	34536.8505859
batch	5310	valid_loss	34345.2216797
batch	5340	valid_loss	34416.564209
batch	5370	valid_loss	34141.6477051
batch	5400	valid_loss	34193.0795898
batch	5430	valid_loss	33977.9912109
batch	5460	valid_loss	33985.9094238
batch	5490	valid_loss	33853.2626953
batch	5520	valid_loss	33861.8193359
batch	5550	valid_loss	33801.949707
batch	5580	valid_loss	33648.8989258
batch	5610	valid_loss	33598.8515625
batch	5640	valid_loss	33675.0253906
batch	5670	valid_loss	33473.1359863
batch	5700	valid_loss	33572.3752441
batch	5730	valid_loss	33377.6645508
batch	5760	valid_loss	33295.9091797
batch	5790	valid_loss	33247.1713867
batch	5820	valid_loss	33211.3984375
batch	5850	valid_loss	33199.3083496
batch	5880	valid_loss	33246.4440918
batch	5910	valid_loss	33057.6098633
batch	5940	valid_loss	33037.2307129
batch	5970	valid_loss	32902.4714355
batch	6000	valid_loss	32882.7321777
batch	6030	valid_loss	32854.4987793
batch	6060	valid_loss	32752.8447266
batch	6090	valid_loss	32723.3996582
batch	6120	valid_loss	32782.5693359
batch	6150	valid_loss	32672.732666
batch	6180	valid_loss	32642.6306152
batch	6210	valid_loss	32672.4492188
batch	6240	valid_loss	32541.2268066
batch	6270	valid_loss	32431.8762207
batch	6300	valid_loss	32421.2775879
batch	6330	valid_loss	32450.0039062
batch	6360	valid_loss	32345.8867188
batch	6390	valid_loss	32299.3786621
batch	6420	valid_loss	32285.6940918
batch	6450	valid_loss	32219.0175781
batch	6480	valid_loss	32243.9846191
batch	6510	valid_loss	32149.1586914
batch	6540	valid_loss	32136.5935059
batch	6570	valid_loss	32088.6516113
batch	6600	valid_loss	32078.5390625
batch	6630	valid_loss	32144.6447754
batch	6660	valid_loss	32029.3806152
batch	6690	valid_loss	31979.7109375
batch	6720	valid_loss	31903.751709
batch	6750	valid_loss	31963.3078613
batch	6780	valid_loss	31924.3464355
batch	6810	valid_loss	31887.3254395
batch	6840	valid_loss	31939.2104492
batch	6870	valid_loss	31793.7148438
batch	6900	valid_loss	31822.5983887
batch	6930	valid_loss	31739.1362305
batch	6960	valid_loss	31770.814209
batch	6990	valid_loss	31716.5861816
batch	7020	valid_loss	31636.1848145
batch	7050	valid_loss	31636.5405273
batch	7080	valid_loss	31653.388916
batch	7110	valid_loss	31565.5688477
batch	7140	valid_loss	31599.652832
batch	7170	valid_loss	31503.6557617
batch	7200	valid_loss	31578.4614258
batch	7230	valid_loss	31469.0866699
batch	7260	valid_loss	31599.6459961
batch	7290	valid_loss	31499.3608398
batch	7320	valid_loss	31463.2316895
batch	7350	valid_loss	31432.6037598
batch	7380	valid_loss	31605.5253906
batch	7410	valid_loss	31442.1945801
batch	7440	valid_loss	31541.7060547
batch	7470	valid_loss	31409.4194336
batch	7500	valid_loss	31464.0727539
batch	7530	valid_loss	31281.7324219
batch	7560	valid_loss	31267.3825684
batch	7590	valid_loss	31338.0942383
batch	7620	valid_loss	31346.9221191
batch	7650	valid_loss	31228.1779785
batch	7680	valid_loss	31384.2373047
batch	7710	valid_loss	31218.2575684
batch	7740	valid_loss	31363.9626465
batch	7770	valid_loss	31360.2565918
batch	7800	valid_loss	31186.0749512
batch	7830	valid_loss	31156.4851074
batch	7860	valid_loss	31124.454834
batch	7890	valid_loss	31203.2316895
batch	7920	valid_loss	31170.3894043
batch	7950	valid_loss	31120.8188477
batch	7980	valid_loss	31082.8010254
batch	8010	valid_loss	31090.3979492
batch	8040	valid_loss	31196.112793
batch	8070	valid_loss	31228.4016113
batch	8100	valid_loss	31056.2390137
batch	8130	valid_loss	31067.0305176
batch	8160	valid_loss	31076.5861816
batch	8190	valid_loss	31119.2973633
batch	8220	valid_loss	31027.0769043
batch	8250	valid_loss	31113.9038086
batch	8280	valid_loss	30937.5737305
batch	8310	valid_loss	30979.6547852
batch	8340	valid_loss	30968.3139648
batch	8370	valid_loss	31051.0136719
batch	8400	valid_loss	31185.7158203
batch	8430	valid_loss	30925.0615234
batch	8460	valid_loss	30988.3630371
batch	8490	valid_loss	30930.0026855
batch	8520	valid_loss	30902.6845703
batch	8550	valid_loss	31046.6027832
batch	8580	valid_loss	30829.6430664
batch	8610	valid_loss	30806.8696289
batch	8640	valid_loss	30856.3557129
batch	8670	valid_loss	30892.435791
batch	8700	valid_loss	30839.8654785
batch	8730	valid_loss	30841.0651855
batch	8760	valid_loss	30859.6740723
batch	8790	valid_loss	30745.7770996
batch	8820	valid_loss	30888.7104492
batch	8850	valid_loss	30767.2553711
batch	8880	valid_loss	30818.3408203
batch	8910	valid_loss	30754.3181152
batch	8940	valid_loss	30817.4172363
batch	8970	valid_loss	30764.5205078
batch	9000	valid_loss	31000.1291504
batch	9030	valid_loss	30952.5187988
batch	9060	valid_loss	30779.8344727
batch	9090	valid_loss	30724.7241211
batch	9120	valid_loss	30646.628418
batch	9150	valid_loss	30787.8769531
batch	9180	valid_loss	30692.7543945
batch	9210	valid_loss	30696.4770508
batch	9240	valid_loss	30773.9140625
batch	9270	valid_loss	30629.0134277
batch	9300	valid_loss	31144.407959
batch	9330	valid_loss	30661.9331055
batch	9360	valid_loss	30677.9206543
batch	9390	valid_loss	30640.970459
batch	9420	valid_loss	30608.0913086
batch	9450	valid_loss	30741.1950684
batch	9480	valid_loss	30700.4609375
batch	9510	valid_loss	30648.7126465
batch	9540	valid_loss	30592.0554199
batch	9570	valid_loss	30610.7502441
batch	9600	valid_loss	30584.7695312
batch	9630	valid_loss	30579.048584
batch	9660	valid_loss	30645.4438477
batch	9690	valid_loss	30892.7070312
batch	9720	valid_loss	30587.7734375
batch	9750	valid_loss	30585.5830078
batch	9780	valid_loss	30567.0834961
batch	9810	valid_loss	30592.1188965
batch	9840	valid_loss	30544.6669922
batch	9870	valid_loss	30535.53125
batch	9900	valid_loss	30666.8830566
batch	9930	valid_loss	30577.4082031
batch	9960	valid_loss	30779.7104492
batch	9990	valid_loss	30496.4655762
batch	10020	valid_loss	30567.0354004
batch	10050	valid_loss	30567.782959
batch	10080	valid_loss	30555.1157227
batch	10110	valid_loss	30581.0310059
batch	10140	valid_loss	30478.3742676
batch	10170	valid_loss	30472.1582031
batch	10200	valid_loss	30499.2910156
batch	10230	valid_loss	30491.2182617
batch	10260	valid_loss	30519.2487793
batch	10290	valid_loss	30582.4765625
batch	10320	valid_loss	30510.4362793
batch	10350	valid_loss	30427.5861816
batch	10380	valid_loss	30563.46875
batch	10410	valid_loss	30478.2773438
batch	10440	valid_loss	30502.7114258
batch	10470	valid_loss	30479.3691406
batch	10500	valid_loss	30525.9772949
batch	10530	valid_loss	30463.2736816
batch	10560	valid_loss	30710.4987793
batch	10590	valid_loss	30490.515625
batch	10620	valid_loss	30467.9226074
batch	10650	valid_loss	30419.949707
batch	10680	valid_loss	30375.1164551
batch	10710	valid_loss	30582.1323242
batch	10740	valid_loss	30424.0644531
batch	10770	valid_loss	30392.3979492
batch	10800	valid_loss	30599.5148926
batch	10830	valid_loss	30421.1906738
batch	10860	valid_loss	30429.0839844
batch	10890	valid_loss	30467.8227539
batch	10920	valid_loss	30356.6789551
batch	10950	valid_loss	30409.9155273
batch	10980	valid_loss	30344.6828613
batch	11010	valid_loss	30518.045166
batch	11040	valid_loss	30320.9465332
batch	11070	valid_loss	30386.2592773
batch	11100	valid_loss	30373.8222656
batch	11130	valid_loss	30290.4111328
batch	11160	valid_loss	30488.0217285
batch	11190	valid_loss	30404.5166016
batch	11220	valid_loss	30438.0466309
batch	11250	valid_loss	30407.6789551
batch	11280	valid_loss	30355.1689453
batch	11310	valid_loss	30425.3654785
batch	11340	valid_loss	30391.6977539
batch	11370	valid_loss	30443.3820801
batch	11400	valid_loss	30341.9763184
batch	11430	valid_loss	30379.0725098
batch	11460	valid_loss	30336.098877
batch	11490	valid_loss	30445.1296387
batch	11520	valid_loss	30445.2868652
batch	11550	valid_loss	30331.9956055
batch	11580	valid_loss	30356.9616699
batch	11610	valid_loss	30382.9526367
batch	11640	valid_loss	30397.6794434
batch	11670	valid_loss	30426.7932129
batch	11700	valid_loss	30309.7407227
batch	11730	valid_loss	30263.8964844
batch	11760	valid_loss	30275.2785645
batch	11790	valid_loss	30358.5705566
batch	11820	valid_loss	30328.3144531
batch	11850	valid_loss	30322.4692383
batch	11880	valid_loss	30322.1586914
batch	11910	valid_loss	30279.2373047
batch	11940	valid_loss	30483.6999512
batch	11970	valid_loss	30369.8959961
batch	12000	valid_loss	30258.8493652
batch	12030	valid_loss	30294.8210449
batch	12060	valid_loss	30489.8374023
batch	12090	valid_loss	30247.0646973
batch	12120	valid_loss	30642.8986816
batch	12150	valid_loss	30299.2053223
batch	12180	valid_loss	30300.7145996
batch	12210	valid_loss	30262.5166016
batch	12240	valid_loss	30204.3793945
batch	12270	valid_loss	30401.7961426
batch	12300	valid_loss	30345.4038086
batch	12330	valid_loss	30177.2373047
batch	12360	valid_loss	30298.9299316
batch	12390	valid_loss	30265.5056152
batch	12420	valid_loss	30325.9638672
batch	12450	valid_loss	30348.5505371
batch	12480	valid_loss	30201.984375
batch	12510	valid_loss	30248.6906738
batch	12540	valid_loss	30227.0566406
batch	12570	valid_loss	30351.3449707
batch	12600	valid_loss	30231.4140625
batch	12630	valid_loss	30267.9604492
batch	12660	valid_loss	30214.4816895
batch	12690	valid_loss	30171.387207
batch	12720	valid_loss	30265.1022949
batch	12750	valid_loss	30249.4638672
batch	12780	valid_loss	30280.1459961
batch	12810	valid_loss	30397.6887207
batch	12840	valid_loss	30185.5905762
batch	12870	valid_loss	30300.6337891
batch	12900	valid_loss	30257.6535645
batch	12930	valid_loss	30219.2587891
batch	12960	valid_loss	30224.8034668
batch	12990	valid_loss	30235.732666
batch	13020	valid_loss	30189.1066895
batch	13050	valid_loss	30471.911377
batch	13080	valid_loss	30222.9450684
batch	13110	valid_loss	30188.3603516
batch	13140	valid_loss	30232.6828613
batch	13170	valid_loss	30272.9558105
batch	13200	valid_loss	30331.581543
batch	13230	valid_loss	30296.6904297
batch	13260	valid_loss	30237.7470703
batch	13290	valid_loss	30161.7893066
batch	13320	valid_loss	30125.8017578
batch	13350	valid_loss	30287.362793
batch	13380	valid_loss	30217.8466797
batch	13410	valid_loss	30187.5480957
batch	13440	valid_loss	30219.1489258
batch	13470	valid_loss	30167.1142578
batch	13500	valid_loss	30311.1118164
batch	13530	valid_loss	30380.9155273
batch	13560	valid_loss	30138.519043
batch	13590	valid_loss	30225.269043
batch	13620	valid_loss	30254.9025879
batch	13650	valid_loss	30211.1694336
batch	13680	valid_loss	30424.9291992
batch	13710	valid_loss	30200.5812988
batch	13740	valid_loss	30232.9091797
batch	13770	valid_loss	30145.8845215
batch	13800	valid_loss	30151.595459
batch	13830	valid_loss	30369.0441895
batch	13860	valid_loss	30215.3381348
batch	13890	valid_loss	30353.2714844
batch	13920	valid_loss	30226.8203125
batch	13950	valid_loss	30129.84375
batch	13980	valid_loss	30510.3452148
batch	14010	valid_loss	30189.1645508
batch	14040	valid_loss	30094.0212402
batch	14070	valid_loss	30162.6674805
batch	14100	valid_loss	30131.2612305
batch	14130	valid_loss	30228.5830078
batch	14160	valid_loss	30303.2338867
batch	14190	valid_loss	30121.8762207
batch	14220	valid_loss	30114.0830078
batch	14250	valid_loss	30213.0524902
batch	14280	valid_loss	30102.5205078
batch	14310	valid_loss	30115.8232422
batch	14340	valid_loss	30147.5212402
batch	14370	valid_loss	30264.223877
batch	14400	valid_loss	30091.1074219
batch	14430	valid_loss	30228.6982422
batch	14460	valid_loss	30308.9384766
batch	14490	valid_loss	30115.388916
batch	14520	valid_loss	30121.7248535
batch	14550	valid_loss	30171.7763672
batch	14580	valid_loss	30082.8049316
batch	14610	valid_loss	30215.5529785
batch	14640	valid_loss	30198.8537598
batch	14670	valid_loss	30096.4306641
batch	14700	valid_loss	30124.5668945
batch	14730	valid_loss	30189.0429688
batch	14760	valid_loss	30217.0314941
batch	14790	valid_loss	30155.9099121
batch	14820	valid_loss	30160.8039551
batch	14850	valid_loss	30093.6862793
batch	14880	valid_loss	30073.3916016
batch	14910	valid_loss	30257.840332
batch	14940	valid_loss	30133.0166016
batch	14970	valid_loss	30110.4375
batch	15000	valid_loss	30219.2175293
batch	15030	valid_loss	30119.4208984
batch	15060	valid_loss	30333.6035156
batch	15090	valid_loss	30299.8989258
batch	15120	valid_loss	30103.8330078
batch	15150	valid_loss	30149.0043945
batch	15180	valid_loss	30208.5979004
batch	15210	valid_loss	30067.7595215
batch	15240	valid_loss	30320.6142578
batch	15270	valid_loss	30115.1320801
batch	15300	valid_loss	30210.4484863
batch	15330	valid_loss	30066.9526367
batch	15360	valid_loss	30024.3469238
batch	15390	valid_loss	30289.2531738
batch	15420	valid_loss	30152.2719727
batch	15450	valid_loss	30057.2265625
batch	15480	valid_loss	30185.4846191
batch	15510	valid_loss	30059.2612305
batch	15540	valid_loss	30271.3930664
batch	15570	valid_loss	30470.7155762
batch	15600	valid_loss	30036.3310547
batch	15630	valid_loss	30119.0654297
batch	15660	valid_loss	30084.9936523
batch	15690	valid_loss	30205.1904297
batch	15720	valid_loss	30142.7807617
batch	15750	valid_loss	30088.7145996
batch	15780	valid_loss	30051.28125
batch	15810	valid_loss	30073.6328125
batch	15840	valid_loss	30022.5114746
batch	15870	valid_loss	30078.6057129
batch	15900	valid_loss	30223.0678711
batch	15930	valid_loss	30300.9580078
batch	15960	valid_loss	30037.3598633
batch	15990	valid_loss	30192.0134277
batch	16020	valid_loss	30172.5866699
batch	16050	valid_loss	30142.2231445
batch	16080	valid_loss	30083.9855957
batch	16110	valid_loss	30102.9667969
batch	16140	valid_loss	30036.0786133
batch	16170	valid_loss	30123.1088867
batch	16200	valid_loss	30649.3242188
batch	16230	valid_loss	30021.0141602
batch	16260	valid_loss	30065.7341309
batch	16290	valid_loss	30106.0883789
batch	16320	valid_loss	30247.5991211
batch	16350	valid_loss	30063.324707
batch	16380	valid_loss	30118.4770508
batch	16410	valid_loss	30057.4853516
batch	16440	valid_loss	30007.9589844
batch	16470	valid_loss	30057.8293457
batch	16500	valid_loss	30062.9963379
batch	16530	valid_loss	30073.3041992
batch	16560	valid_loss	30088.376709
batch	16590	valid_loss	30035.2902832
batch	16620	valid_loss	30205.3339844
batch	16650	valid_loss	30203.0307617
batch	16680	valid_loss	30060.0454102
batch	16710	valid_loss	30113.6486816
batch	16740	valid_loss	30119.59375
batch	16770	valid_loss	30010.3190918
batch	16800	valid_loss	30192.8886719
batch	16830	valid_loss	30079.5737305
batch	16860	valid_loss	30092.1833496
batch	16890	valid_loss	30029.3354492
batch	16920	valid_loss	29983.5097656
batch	16950	valid_loss	30214.4697266
batch	16980	valid_loss	30119.4975586
batch	17010	valid_loss	29994.6230469
batch	17040	valid_loss	30154.9389648
batch	17070	valid_loss	30007.9736328
batch	17100	valid_loss	30137.1503906
batch	17130	valid_loss	30294.3649902
batch	17160	valid_loss	29982.0476074
batch	17190	valid_loss	30061.4799805
batch	17220	valid_loss	30049.3796387
batch	17250	valid_loss	30145.248291
batch	17280	valid_loss	30108.0800781
batch	17310	valid_loss	30052.3483887
batch	17340	valid_loss	30049.015625
batch	17370	valid_loss	30087.4213867
batch	17400	valid_loss	29990.8269043
batch	17430	valid_loss	30045.9899902
batch	17460	valid_loss	30085.5161133
batch	17490	valid_loss	30253.9836426
batch	17520	valid_loss	29993.7717285
batch	17550	valid_loss	30173.1164551
batch	17580	valid_loss	30134.9780273
batch	17610	valid_loss	30006.625
batch	17640	valid_loss	30110.5126953
batch	17670	valid_loss	30027.0800781
batch	17700	valid_loss	29987.1660156
batch	17730	valid_loss	30071.7841797
batch	17760	valid_loss	30028.4587402
batch	17790	valid_loss	29958.2387695
batch	17820	valid_loss	30007.5141602
batch	17850	valid_loss	30097.7473145
batch	17880	valid_loss	30144.7944336
batch	17910	valid_loss	30108.7478027
batch	17940	valid_loss	30069.9482422
batch	17970	valid_loss	29993.6069336
batch	18000	valid_loss	29948.4306641
batch	18030	valid_loss	30143.7907715
batch	18060	valid_loss	30033.8156738
batch	18090	valid_loss	30036.1069336
batch	18120	valid_loss	30018.9001465
batch	18150	valid_loss	29996.8881836
batch	18180	valid_loss	30317.2932129
batch	18210	valid_loss	30157.6882324
batch	18240	valid_loss	30085.3442383
batch	18270	valid_loss	30029.6079102
batch	18300	valid_loss	30010.8012695
batch	18330	valid_loss	30017.6599121
batch	18360	valid_loss	30186.5629883
batch	18390	valid_loss	30037.9462891
batch	18420	valid_loss	30065.2785645
batch	18450	valid_loss	29995.3266602
batch	18480	valid_loss	29941.8088379
batch	18510	valid_loss	30154.1311035
batch	18540	valid_loss	30032.0581055
batch	18570	valid_loss	29962.4829102
batch	18600	valid_loss	30095.7402344
batch	18630	valid_loss	29942.3056641
batch	18660	valid_loss	30127.1396484
batch	18690	valid_loss	30244.71875
batch	18720	valid_loss	29947.6777344
batch	18750	valid_loss	30025.5266113
batch	18780	valid_loss	29944.796875
batch	18810	valid_loss	30115.8884277
batch	18840	valid_loss	30219.0854492
batch	18870	valid_loss	30007.638916
batch	18900	valid_loss	29967.0893555
batch	18930	valid_loss	30055.0705566
batch	18960	valid_loss	29926.2971191
batch	18990	valid_loss	30026.1142578
batch	19020	valid_loss	30019.8969727
batch	19050	valid_loss	30098.4362793
batch	19080	valid_loss	29962.5495605
batch	19110	valid_loss	30101.0231934
batch	19140	valid_loss	30040.4196777
batch	19170	valid_loss	30007.9230957
batch	19200	valid_loss	29979.9919434
batch	19230	valid_loss	29966.5117188
batch	19260	valid_loss	30022.6489258
batch	19290	valid_loss	30064.1936035
batch	19320	valid_loss	30030.5461426
batch	19350	valid_loss	29940.5554199
batch	19380	valid_loss	29975.7836914
batch	19410	valid_loss	30010.8276367
batch	19440	valid_loss	30123.3012695
batch	19470	valid_loss	30038.4240723
batch	19500	valid_loss	30027.0236816
batch	19530	valid_loss	29957.152832
batch	19560	valid_loss	29917.3996582
batch	19590	valid_loss	30000.112793
batch	19620	valid_loss	30034.109375
batch	19650	valid_loss	30042.0834961
batch	19680	valid_loss	30130.9106445
batch	19710	valid_loss	29949.2646484
batch	19740	valid_loss	30308.9475098
batch	19770	valid_loss	30112.109375
batch	19800	valid_loss	30095.1069336
batch	19830	valid_loss	30031.0820312
batch	19860	valid_loss	29930.2526855
batch	19890	valid_loss	29961.5864258
batch	19920	valid_loss	30197.630127
batch	19950	valid_loss	29973.7475586
batch	19980	valid_loss	30058.861084
batch	20010	valid_loss	29959.7873535
batch	20040	valid_loss	29911.3950195
batch	20070	valid_loss	30089.1589355
batch	20100	valid_loss	30020.8791504
batch	20130	valid_loss	29915.1481934
batch	20160	valid_loss	30083.5544434
batch	20190	valid_loss	29907.2556152
batch	20220	valid_loss	30060.5087891
batch	20250	valid_loss	30298.0617676
batch	20280	valid_loss	29922.3557129
batch	20310	valid_loss	29975.3391113
batch	20340	valid_loss	29937.4697266
batch	20370	valid_loss	30063.0625
batch	20400	valid_loss	30125.6384277
batch	20430	valid_loss	29962.3613281
batch	20460	valid_loss	29944.7089844
batch	20490	valid_loss	29964.2924805
batch	20520	valid_loss	30054.0275879
batch	20550	valid_loss	30040.7409668
batch	20580	valid_loss	29997.6826172
batch	20610	valid_loss	30082.3845215
batch	20640	valid_loss	29914.8181152
batch	20670	valid_loss	30080.5324707
batch	20700	valid_loss	30051.8239746
batch	20730	valid_loss	29984.9682617
batch	20760	valid_loss	30025.0610352
batch	20790	valid_loss	29999.9658203
batch	20820	valid_loss	29909.9689941
batch	20850	valid_loss	30013.2851562
batch	20880	valid_loss	30023.1481934
batch	20910	valid_loss	29895.7819824
batch	20940	valid_loss	29923.0910645
batch	20970	valid_loss	30038.9421387
batch	21000	valid_loss	30070.9482422
batch	21030	valid_loss	30014.0632324
batch	21060	valid_loss	29983.7370605
batch	21090	valid_loss	29945.2573242
batch	21120	valid_loss	29909.7312012
batch	21150	valid_loss	29992.734375
batch	21180	valid_loss	29933.5229492
batch	21210	valid_loss	30004.6765137
batch	21240	valid_loss	29977.8349609
batch	21270	valid_loss	29940.0253906
batch	21300	valid_loss	30152.642334
batch	21330	valid_loss	30103.9177246
batch	21360	valid_loss	29983.6452637
batch	21390	valid_loss	29969.0686035
batch	21420	valid_loss	29903.590332
batch	21450	valid_loss	30002.154541
batch	21480	valid_loss	29929.9919434
batch	21510	valid_loss	29950.2697754
batch	21540	valid_loss	30020.3342285
batch	21570	valid_loss	29938.7907715
batch	21600	valid_loss	29887.9135742
batch	21630	valid_loss	30053.9482422
batch	21660	valid_loss	29991.4660645
batch	21690	valid_loss	29884.3554688
batch	21720	valid_loss	30043.4296875
batch	21750	valid_loss	29891.3398438
batch	21780	valid_loss	30034.7915039
batch	21810	valid_loss	30217.6516113
batch	21840	valid_loss	29914.9863281
batch	21870	valid_loss	29945.4328613
batch	21900	valid_loss	29899.1242676
batch	21930	valid_loss	30049.6274414
batch	21960	valid_loss	30067.6787109
batch	21990	valid_loss	29926.4985352
batch	22020	valid_loss	29973.8659668
batch	22050	valid_loss	29961.0476074
batch	22080	valid_loss	29866.8706055
batch	22110	valid_loss	30378.6083984
batch	22140	valid_loss	30005.0473633
batch	22170	valid_loss	29989.6835938
batch	22200	valid_loss	29922.4868164
batch	22230	valid_loss	30067.3103027
batch	22260	valid_loss	30008.3598633
batch	22290	valid_loss	29960.9309082
batch	22320	valid_loss	29987.767334
batch	22350	valid_loss	29926.7832031
batch	22380	valid_loss	29881.8596191
batch	22410	valid_loss	30015.8027344
batch	22440	valid_loss	29997.5410156
batch	22470	valid_loss	29862.675293
batch	22500	valid_loss	29888.0715332
batch	22530	valid_loss	29984.1188965
batch	22560	valid_loss	29997.7751465
batch	22590	valid_loss	29974.3710938
batch	22620	valid_loss	29959.0449219
batch	22650	valid_loss	29960.2548828
batch	22680	valid_loss	29916.1630859
batch	22710	valid_loss	29917.7700195
batch	22740	valid_loss	29984.635498
batch	22770	valid_loss	29942.7797852
batch	22800	valid_loss	30061.9189453
batch	22830	valid_loss	29899.2807617
batch	22860	valid_loss	30219.1816406
batch	22890	valid_loss	30004.5964355
batch	22920	valid_loss	30049.8093262
batch	22950	valid_loss	29965.5168457
batch	22980	valid_loss	29889.3139648
batch	23010	valid_loss	29912.3105469
batch	23040	valid_loss	30209.9250488
batch	23070	valid_loss	29960.328125
batch	23100	valid_loss	29961.8125
batch	23130	valid_loss	29907.6601562
batch	23160	valid_loss	29843.1208496
batch	23190	valid_loss	30008.3764648
batch	23220	valid_loss	29955.5083008
batch	23250	valid_loss	29874.1865234
batch	23280	valid_loss	30063.498291
batch	23310	valid_loss	29854.2905273
batch	23340	valid_loss	30172.2827148
batch	23370	valid_loss	30287.5383301
batch	23400	valid_loss	29871.7241211
batch	23430	valid_loss	29900.3979492
batch	23460	valid_loss	29862.3427734
batch	23490	valid_loss	29984.559082
batch	23520	valid_loss	30049.4880371
batch	23550	valid_loss	29911.4758301
batch	23580	valid_loss	29900.8713379
batch	23610	valid_loss	29929.6552734
batch	23640	valid_loss	29939.0483398
batch	23670	valid_loss	29932.5925293
batch	23700	valid_loss	29931.5178223
batch	23730	valid_loss	30053.6066895
batch	23760	valid_loss	29863.0891113
batch	23790	valid_loss	30130.2514648
batch	23820	valid_loss	29944.6142578
batch	23850	valid_loss	29946.8752441
batch	23880	valid_loss	29966.3937988
batch	23910	valid_loss	29902.9018555
batch	23940	valid_loss	29865.6850586
batch	23970	valid_loss	30060.4963379
batch	24000	valid_loss	29994.5915527
batch	24030	valid_loss	29823.4013672
batch	24060	valid_loss	29871.1245117
batch	24090	valid_loss	29937.6904297
batch	24120	valid_loss	29952.0854492
batch	24150	valid_loss	30026.3239746
batch	24180	valid_loss	29954.6518555
batch	24210	valid_loss	29879.2409668
batch	24240	valid_loss	29865.6889648
batch	24270	valid_loss	30219.4296875
batch	24300	valid_loss	29881.6723633
batch	24330	valid_loss	29919.3786621
batch	24360	valid_loss	29864.9211426
batch	24390	valid_loss	29887.9345703
batch	24420	valid_loss	30094.9328613
batch	24450	valid_loss	29970.4916992
batch	24480	valid_loss	30005.128418
batch	24510	valid_loss	29939.314209
batch	24540	valid_loss	29855.9152832
batch	24570	valid_loss	29981.9555664
batch	24600	valid_loss	30015.4665527
batch	24630	valid_loss	29913.3371582
batch	24660	valid_loss	30003.5268555
batch	24690	valid_loss	29900.449707
batch	24720	valid_loss	29859.684082
batch	24750	valid_loss	29946.2734375
batch	24780	valid_loss	29925.2446289
batch	24810	valid_loss	30049.7346191
batch	24840	valid_loss	29961.5349121
batch	24870	valid_loss	29847.017334
batch	24900	valid_loss	30002.4353027
batch	24930	valid_loss	30011.0944824
batch	24960	valid_loss	29839.107666
batch	24990	valid_loss	29877.5012207
STOP
