len	weigths...->
10	205	66	149	213	20	213	149	66	205	360
8	96	75	151	20	151	75	96	360
6	254	211	20	211	254	360
2	20	360
8	242	242	57	20	57	242	242	360
4	76	20	76	360
10	247	334	124	41	20	41	124	334	247	360
2	20	360
8	159	248	222	20	222	248	159	360
10	101	87	296	51	20	51	296	87	101	360
4	191	20	191	360
10	294	282	232	334	20	334	232	282	294	360
6	109	131	20	131	109	360
6	242	169	20	169	242	360
6	343	147	20	147	343	360
8	277	134	155	20	155	134	277	360
2	20	360
10	64	243	210	256	20	256	210	243	64	360
8	306	51	265	20	265	51	306	360
10	300	40	152	177	20	177	152	40	300	360
4	70	20	70	360
6	163	72	20	72	163	360
2	20	360
4	221	20	221	360
6	193	70	20	70	193	360
2	20	360
10	72	133	235	78	20	78	235	133	72	360
4	355	20	355	360
4	195	20	195	360
6	178	145	20	145	178	360
6	216	354	20	354	216	360
2	20	360
10	61	96	176	328	20	328	176	96	61	360
4	183	20	183	360
2	20	360
10	214	212	280	333	20	333	280	212	214	360
6	346	245	20	245	346	360
2	20	360
8	169	89	125	20	125	89	169	360
10	115	295	133	248	20	248	133	295	115	360
