START
config	760	460	180	460	760	960
batch	0	valid_loss	6079038.375
batch	30	valid_loss	146144.761719
batch	60	valid_loss	101566.703125
batch	90	valid_loss	99653.8759766
batch	120	valid_loss	99581.7597656
batch	150	valid_loss	99574.0947266
batch	180	valid_loss	99619.2099609
batch	210	valid_loss	99726.1123047
batch	240	valid_loss	99660.0634766
batch	270	valid_loss	99684.1630859
batch	300	valid_loss	99638.5380859
batch	330	valid_loss	99670.0185547
batch	360	valid_loss	99648.4853516
batch	390	valid_loss	99621.96875
batch	420	valid_loss	99536.578125
batch	450	valid_loss	99417.0683594
batch	480	valid_loss	99024.9785156
batch	510	valid_loss	97868.3769531
batch	540	valid_loss	95722.84375
batch	570	valid_loss	93194.9345703
batch	600	valid_loss	91728.6210938
batch	630	valid_loss	90963.4384766
batch	660	valid_loss	90626.3388672
batch	690	valid_loss	90356.2543945
batch	720	valid_loss	89913.8291016
batch	750	valid_loss	89488.300293
batch	780	valid_loss	89089.8583984
batch	810	valid_loss	88721.8862305
batch	840	valid_loss	88360.5654297
batch	870	valid_loss	88099.7509766
batch	900	valid_loss	87891.9755859
batch	930	valid_loss	87589.5639648
batch	960	valid_loss	87382.0258789
batch	990	valid_loss	87238.3808594
batch	1020	valid_loss	86943.0415039
batch	1050	valid_loss	86754.8681641
batch	1080	valid_loss	86683.9116211
batch	1110	valid_loss	86500.3764648
batch	1140	valid_loss	86354.8857422
batch	1170	valid_loss	86290.6435547
batch	1200	valid_loss	86107.6162109
batch	1230	valid_loss	86026.8364258
batch	1260	valid_loss	85878.3066406
batch	1290	valid_loss	85692.5214844
batch	1320	valid_loss	85525.8476562
batch	1350	valid_loss	85189.7998047
batch	1380	valid_loss	84719.9980469
batch	1410	valid_loss	84300.296875
batch	1440	valid_loss	83738.0068359
batch	1470	valid_loss	83321.4423828
batch	1500	valid_loss	82746.4013672
batch	1530	valid_loss	82041.5131836
batch	1560	valid_loss	81404.6225586
batch	1590	valid_loss	81158.0517578
batch	1620	valid_loss	80666.921875
batch	1650	valid_loss	80148.8374023
batch	1680	valid_loss	79773.9013672
batch	1710	valid_loss	79282.5229492
batch	1740	valid_loss	78923.1420898
batch	1770	valid_loss	78501.8061523
batch	1800	valid_loss	78181.9736328
batch	1830	valid_loss	77687.2919922
batch	1860	valid_loss	77144.5288086
batch	1890	valid_loss	76606.8935547
batch	1920	valid_loss	76116.4707031
batch	1950	valid_loss	75591.2597656
batch	1980	valid_loss	74830.7949219
batch	2010	valid_loss	74137.2978516
batch	2040	valid_loss	73611.3920898
batch	2070	valid_loss	73020.1459961
batch	2100	valid_loss	72525.0375977
batch	2130	valid_loss	72492.9960938
batch	2160	valid_loss	71745.2241211
batch	2190	valid_loss	71346.8168945
batch	2220	valid_loss	70780.9047852
batch	2250	valid_loss	70602.277832
batch	2280	valid_loss	69824.2236328
batch	2310	valid_loss	69916.8833008
batch	2340	valid_loss	69084.347168
batch	2370	valid_loss	68629.2353516
batch	2400	valid_loss	68287.4482422
batch	2430	valid_loss	68469.6049805
batch	2460	valid_loss	67627.5341797
batch	2490	valid_loss	67475.8745117
batch	2520	valid_loss	66872.2978516
batch	2550	valid_loss	66786.9819336
batch	2580	valid_loss	66278.8901367
batch	2610	valid_loss	65638.3139648
batch	2640	valid_loss	65473.4150391
batch	2670	valid_loss	64958.7290039
batch	2700	valid_loss	64628.4814453
batch	2730	valid_loss	64349.9604492
batch	2760	valid_loss	64309.3041992
batch	2790	valid_loss	63564.2211914
batch	2820	valid_loss	63751.9599609
batch	2850	valid_loss	62930.9208984
batch	2880	valid_loss	62634.1713867
batch	2910	valid_loss	62484.3095703
batch	2940	valid_loss	62046.1333008
batch	2970	valid_loss	61885.5068359
batch	3000	valid_loss	61644.0107422
batch	3030	valid_loss	60925.0786133
batch	3060	valid_loss	62552.1381836
batch	3090	valid_loss	60346.4106445
batch	3120	valid_loss	59946.8100586
batch	3150	valid_loss	59797.0161133
batch	3180	valid_loss	59369.5546875
batch	3210	valid_loss	59372.4863281
batch	3240	valid_loss	58762.2695312
batch	3270	valid_loss	58442.5419922
batch	3300	valid_loss	58272.9931641
batch	3330	valid_loss	59145.9492188
batch	3360	valid_loss	57746.9765625
batch	3390	valid_loss	57482.418457
batch	3420	valid_loss	57126.5742188
batch	3450	valid_loss	57346.4658203
batch	3480	valid_loss	56740.8388672
batch	3510	valid_loss	56531.1533203
batch	3540	valid_loss	57271.6352539
batch	3570	valid_loss	55937.2993164
batch	3600	valid_loss	55816.0991211
batch	3630	valid_loss	57467.9736328
batch	3660	valid_loss	55353.3745117
batch	3690	valid_loss	55046.8203125
batch	3720	valid_loss	54854.5375977
batch	3750	valid_loss	55202.0908203
batch	3780	valid_loss	54389.1674805
batch	3810	valid_loss	54379.2861328
batch	3840	valid_loss	53932.8398438
batch	3870	valid_loss	54678.1918945
batch	3900	valid_loss	53631.4326172
batch	3930	valid_loss	53373.8769531
batch	3960	valid_loss	53940.5610352
batch	3990	valid_loss	53062.2216797
batch	4020	valid_loss	52800.9990234
batch	4050	valid_loss	52888.5849609
batch	4080	valid_loss	55812.8208008
batch	4110	valid_loss	52230.8266602
batch	4140	valid_loss	52030.8183594
batch	4170	valid_loss	52748.3505859
batch	4200	valid_loss	51715.0947266
batch	4230	valid_loss	52639.3793945
batch	4260	valid_loss	51254.7163086
batch	4290	valid_loss	51374.7636719
batch	4320	valid_loss	50940.5498047
batch	4350	valid_loss	50760.6049805
batch	4380	valid_loss	50683.9013672
batch	4410	valid_loss	53528.7172852
batch	4440	valid_loss	50348.6435547
batch	4470	valid_loss	50091.3901367
batch	4500	valid_loss	50035.1816406
batch	4530	valid_loss	49927.6450195
batch	4560	valid_loss	51086.6069336
batch	4590	valid_loss	49723.9326172
batch	4620	valid_loss	49314.8842773
batch	4650	valid_loss	49188.2695312
batch	4680	valid_loss	49408.9111328
batch	4710	valid_loss	48974.472168
batch	4740	valid_loss	48754.7885742
batch	4770	valid_loss	48760.9194336
batch	4800	valid_loss	48375.1953125
batch	4830	valid_loss	48246.2529297
batch	4860	valid_loss	48090.6674805
batch	4890	valid_loss	49136.2807617
batch	4920	valid_loss	47978.4179688
batch	4950	valid_loss	47696.3666992
batch	4980	valid_loss	47555.3720703
batch	5010	valid_loss	47518.6513672
batch	5040	valid_loss	49372.0615234
batch	5070	valid_loss	47286.6367188
batch	5100	valid_loss	47110.4033203
batch	5130	valid_loss	46878.8137207
batch	5160	valid_loss	46840.0476074
batch	5190	valid_loss	50807.4350586
batch	5220	valid_loss	46724.6274414
batch	5250	valid_loss	46379.7856445
batch	5280	valid_loss	46271.333252
batch	5310	valid_loss	46231.5361328
batch	5340	valid_loss	46282.3928223
batch	5370	valid_loss	46425.3239746
batch	5400	valid_loss	45829.1459961
batch	5430	valid_loss	46120.4260254
batch	5460	valid_loss	47976.0366211
batch	5490	valid_loss	45519.6523438
batch	5520	valid_loss	47320.6489258
batch	5550	valid_loss	45315.454834
batch	5580	valid_loss	45119.6796875
batch	5610	valid_loss	45278.3947754
batch	5640	valid_loss	45062.0527344
batch	5670	valid_loss	44756.7277832
batch	5700	valid_loss	44740.8691406
batch	5730	valid_loss	45084.2158203
batch	5760	valid_loss	44526.3449707
batch	5790	valid_loss	44350.2954102
batch	5820	valid_loss	47228.0454102
batch	5850	valid_loss	44182.1018066
batch	5880	valid_loss	44018.2265625
batch	5910	valid_loss	43876.3630371
batch	5940	valid_loss	43907.2341309
batch	5970	valid_loss	44018.3635254
batch	6000	valid_loss	43714.317627
batch	6030	valid_loss	43625.2270508
batch	6060	valid_loss	43495.4465332
batch	6090	valid_loss	43573.8388672
batch	6120	valid_loss	43399.5410156
batch	6150	valid_loss	43240.2900391
batch	6180	valid_loss	43617.567627
batch	6210	valid_loss	42971.6086426
batch	6240	valid_loss	43197.6572266
batch	6270	valid_loss	42917.807373
batch	6300	valid_loss	43255.2995605
batch	6330	valid_loss	42615.8217773
batch	6360	valid_loss	42979.8098145
batch	6390	valid_loss	42770.8342285
batch	6420	valid_loss	42868.7084961
batch	6450	valid_loss	42640.4863281
batch	6480	valid_loss	42273.8374023
batch	6510	valid_loss	42461.1247559
batch	6540	valid_loss	42127.7211914
batch	6570	valid_loss	41996.020752
batch	6600	valid_loss	42403.6252441
batch	6630	valid_loss	42108.9355469
batch	6660	valid_loss	41714.4768066
batch	6690	valid_loss	41660.1347656
batch	6720	valid_loss	41776.7817383
batch	6750	valid_loss	41727.4675293
batch	6780	valid_loss	41254.328125
batch	6810	valid_loss	41373.8078613
batch	6840	valid_loss	41658.744873
batch	6870	valid_loss	41183.6184082
batch	6900	valid_loss	41151.1135254
batch	6930	valid_loss	40907.947998
batch	6960	valid_loss	40758.5483398
batch	6990	valid_loss	40693.546875
batch	7020	valid_loss	41284.6591797
batch	7050	valid_loss	40579.1708984
batch	7080	valid_loss	40397.1347656
batch	7110	valid_loss	40398.5083008
batch	7140	valid_loss	40566.0629883
batch	7170	valid_loss	40302.2724609
batch	7200	valid_loss	40150.046875
batch	7230	valid_loss	39977.6264648
batch	7260	valid_loss	42560.6467285
batch	7290	valid_loss	39901.3366699
batch	7320	valid_loss	39788.5246582
batch	7350	valid_loss	39775.8757324
batch	7380	valid_loss	39724.8303223
batch	7410	valid_loss	39727.4274902
batch	7440	valid_loss	39854.3818359
batch	7470	valid_loss	39422.7546387
batch	7500	valid_loss	39496.2387695
batch	7530	valid_loss	39880.8747559
batch	7560	valid_loss	39273.4467773
batch	7590	valid_loss	39107.9770508
batch	7620	valid_loss	44495.9179688
batch	7650	valid_loss	39380.6171875
batch	7680	valid_loss	39112.3654785
batch	7710	valid_loss	38948.3342285
batch	7740	valid_loss	38927.1171875
batch	7770	valid_loss	39616.0603027
batch	7800	valid_loss	38824.9543457
batch	7830	valid_loss	38742.097168
batch	7860	valid_loss	38927.1335449
batch	7890	valid_loss	38582.4047852
batch	7920	valid_loss	38926.8186035
batch	7950	valid_loss	38845.732666
batch	7980	valid_loss	38422.5236816
batch	8010	valid_loss	38338.7927246
batch	8040	valid_loss	38446.5224609
batch	8070	valid_loss	38388.6677246
batch	8100	valid_loss	38185.6262207
batch	8130	valid_loss	38223.9333496
batch	8160	valid_loss	38448.7702637
batch	8190	valid_loss	38203.5964355
batch	8220	valid_loss	37926.5554199
batch	8250	valid_loss	38545.3193359
batch	8280	valid_loss	37941.8688965
batch	8310	valid_loss	37728.1027832
batch	8340	valid_loss	37747.4482422
batch	8370	valid_loss	37771.2575684
batch	8400	valid_loss	37661.3894043
batch	8430	valid_loss	37735.3054199
batch	8460	valid_loss	37915.611084
batch	8490	valid_loss	37454.9575195
batch	8520	valid_loss	37303.3942871
batch	8550	valid_loss	38123.2558594
batch	8580	valid_loss	37395.8044434
batch	8610	valid_loss	37279.1083984
batch	8640	valid_loss	37429.9638672
batch	8670	valid_loss	37119.123291
batch	8700	valid_loss	37666.5593262
batch	8730	valid_loss	37177.1875
batch	8760	valid_loss	40394.2873535
batch	8790	valid_loss	37012.519043
batch	8820	valid_loss	36838.3757324
batch	8850	valid_loss	36870.4855957
batch	8880	valid_loss	37264.3757324
batch	8910	valid_loss	36715.6713867
batch	8940	valid_loss	36671.6140137
batch	8970	valid_loss	36554.171875
batch	9000	valid_loss	36720.4938965
batch	9030	valid_loss	36594.1921387
batch	9060	valid_loss	38118.7258301
batch	9090	valid_loss	36344.9931641
batch	9120	valid_loss	36746.2839355
batch	9150	valid_loss	36160.529541
batch	9180	valid_loss	39583.6882324
batch	9210	valid_loss	36164.2055664
batch	9240	valid_loss	36064.4765625
batch	9270	valid_loss	36047.9440918
batch	9300	valid_loss	36479.1564941
batch	9330	valid_loss	35968.9423828
batch	9360	valid_loss	35858.4682617
batch	9390	valid_loss	36048.4555664
batch	9420	valid_loss	35750.7893066
batch	9450	valid_loss	35761.9350586
batch	9480	valid_loss	37374.0112305
batch	9510	valid_loss	35688.1828613
batch	9540	valid_loss	35661.0151367
batch	9570	valid_loss	35658.6767578
batch	9600	valid_loss	35856.9287109
batch	9630	valid_loss	35448.5334473
batch	9660	valid_loss	37787.5500488
batch	9690	valid_loss	35370.5861816
batch	9720	valid_loss	35270.9279785
batch	9750	valid_loss	35188.8085938
batch	9780	valid_loss	35128.7644043
batch	9810	valid_loss	40714.0410156
batch	9840	valid_loss	35132.326416
batch	9870	valid_loss	34792.4501953
batch	9900	valid_loss	34778.8449707
batch	9930	valid_loss	34828.8061523
batch	9960	valid_loss	34734.6589355
batch	9990	valid_loss	35127.3583984
batch	10020	valid_loss	34624.2446289
batch	10050	valid_loss	34555.800293
batch	10080	valid_loss	34434.5737305
batch	10110	valid_loss	34465.9396973
batch	10140	valid_loss	34489.0559082
batch	10170	valid_loss	35501.9912109
batch	10200	valid_loss	34353.8754883
batch	10230	valid_loss	35077.3803711
batch	10260	valid_loss	34589.8793945
batch	10290	valid_loss	34800.065918
batch	10320	valid_loss	34390.4448242
batch	10350	valid_loss	34218.9462891
batch	10380	valid_loss	34538.5966797
batch	10410	valid_loss	34147.5085449
batch	10440	valid_loss	34464.0424805
batch	10470	valid_loss	33963.3566895
batch	10500	valid_loss	33736.765625
batch	10530	valid_loss	33758.395752
batch	10560	valid_loss	33873.5083008
batch	10590	valid_loss	36519.8549805
batch	10620	valid_loss	33704.8010254
batch	10650	valid_loss	33520.7111816
batch	10680	valid_loss	33491.4130859
batch	10710	valid_loss	34402.1872559
batch	10740	valid_loss	33424.5698242
batch	10770	valid_loss	35239.947998
batch	10800	valid_loss	33392.1611328
batch	10830	valid_loss	33332.4414062
batch	10860	valid_loss	33541.2216797
batch	10890	valid_loss	33175.0285645
batch	10920	valid_loss	35917.0419922
batch	10950	valid_loss	33074.8083496
batch	10980	valid_loss	32979.9804688
batch	11010	valid_loss	33207.6591797
batch	11040	valid_loss	33060.0515137
batch	11070	valid_loss	32828.9665527
batch	11100	valid_loss	33200.1157227
batch	11130	valid_loss	32760.2451172
batch	11160	valid_loss	32670.7866211
batch	11190	valid_loss	32755.1589355
batch	11220	valid_loss	32488.192627
batch	11250	valid_loss	33863.7946777
batch	11280	valid_loss	32730.5102539
batch	11310	valid_loss	32460.2629395
batch	11340	valid_loss	33656.9753418
batch	11370	valid_loss	32524.8178711
batch	11400	valid_loss	32333.9567871
batch	11430	valid_loss	32560.4509277
batch	11460	valid_loss	32477.5974121
batch	11490	valid_loss	32191.2807617
batch	11520	valid_loss	32197.9873047
batch	11550	valid_loss	32073.2138672
batch	11580	valid_loss	32053.5219727
batch	11610	valid_loss	35068.949707
batch	11640	valid_loss	31899.494873
batch	11670	valid_loss	31897.072998
batch	11700	valid_loss	31825.1818848
batch	11730	valid_loss	32484.824707
batch	11760	valid_loss	31799.1787109
batch	11790	valid_loss	32800.8127441
batch	11820	valid_loss	31828.3447266
batch	11850	valid_loss	31532.0847168
batch	11880	valid_loss	31690.199707
batch	11910	valid_loss	32275.9689941
batch	11940	valid_loss	31637.9628906
batch	11970	valid_loss	31684.0639648
batch	12000	valid_loss	31540.8793945
batch	12030	valid_loss	31304.7382812
batch	12060	valid_loss	31285.3051758
batch	12090	valid_loss	31262.9572754
batch	12120	valid_loss	34396.6408691
batch	12150	valid_loss	31149.6091309
batch	12180	valid_loss	31118.7697754
batch	12210	valid_loss	31236.543457
batch	12240	valid_loss	31239.1125488
batch	12270	valid_loss	30940.3378906
batch	12300	valid_loss	30911.0036621
batch	12330	valid_loss	33471.1677246
batch	12360	valid_loss	30883.9780273
batch	12390	valid_loss	30704.357666
batch	12420	valid_loss	30741.0134277
batch	12450	valid_loss	30752.6303711
batch	12480	valid_loss	30646.0368652
batch	12510	valid_loss	30558.0378418
batch	12540	valid_loss	30881.1647949
batch	12570	valid_loss	30524.4941406
batch	12600	valid_loss	30411.1516113
batch	12630	valid_loss	30403.7587891
batch	12660	valid_loss	30978.9528809
batch	12690	valid_loss	30340.3393555
batch	12720	valid_loss	30297.5344238
batch	12750	valid_loss	31495.3806152
batch	12780	valid_loss	30314.6474609
batch	12810	valid_loss	30142.8613281
batch	12840	valid_loss	30201.0385742
batch	12870	valid_loss	30074.1037598
batch	12900	valid_loss	29996.9819336
batch	12930	valid_loss	30211.9570312
batch	12960	valid_loss	29959.2575684
batch	12990	valid_loss	29878.7746582
batch	13020	valid_loss	29931.6123047
batch	13050	valid_loss	29827.2224121
batch	13080	valid_loss	29885.095459
batch	13110	valid_loss	31121.7302246
batch	13140	valid_loss	29878.7524414
batch	13170	valid_loss	30044.4118652
batch	13200	valid_loss	29603.7155762
batch	13230	valid_loss	30212.0014648
batch	13260	valid_loss	29742.7358398
batch	13290	valid_loss	29595.737793
batch	13320	valid_loss	29413.4116211
batch	13350	valid_loss	29491.3605957
batch	13380	valid_loss	30828.3208008
batch	13410	valid_loss	29352.2209473
batch	13440	valid_loss	29407.0422363
batch	13470	valid_loss	29344.7868652
batch	13500	valid_loss	29340.5993652
batch	13530	valid_loss	29640.1801758
batch	13560	valid_loss	29405.6396484
batch	13590	valid_loss	29132.3461914
batch	13620	valid_loss	29203.0041504
batch	13650	valid_loss	29336.0217285
batch	13680	valid_loss	28977.7102051
batch	13710	valid_loss	28987.7211914
batch	13740	valid_loss	29220.1818848
batch	13770	valid_loss	28894.7131348
batch	13800	valid_loss	29269.3742676
batch	13830	valid_loss	28777.0332031
batch	13860	valid_loss	29467.925293
batch	13890	valid_loss	28761.6728516
batch	13920	valid_loss	28694.2880859
batch	13950	valid_loss	28586.515625
batch	13980	valid_loss	31218.3933105
batch	14010	valid_loss	28604.9584961
batch	14040	valid_loss	28490.0727539
batch	14070	valid_loss	28428.9611816
batch	14100	valid_loss	29190.2687988
batch	14130	valid_loss	28473.6184082
batch	14160	valid_loss	28399.5917969
batch	14190	valid_loss	28237.3171387
batch	14220	valid_loss	28131.1367188
batch	14250	valid_loss	28149.279541
batch	14280	valid_loss	29249.3891602
batch	14310	valid_loss	28100.401123
batch	14340	valid_loss	27953.7045898
batch	14370	valid_loss	28286.6516113
batch	14400	valid_loss	28308.2919922
batch	14430	valid_loss	27998.0559082
batch	14460	valid_loss	27742.7849121
batch	14490	valid_loss	27912.1254883
batch	14520	valid_loss	27754.4992676
batch	14550	valid_loss	27735.6318359
batch	14580	valid_loss	28662.4155273
batch	14610	valid_loss	27546.9494629
batch	14640	valid_loss	27634.4504395
batch	14670	valid_loss	27542.1799316
batch	14700	valid_loss	27562.8994141
batch	14730	valid_loss	27385.9016113
batch	14760	valid_loss	27480.6591797
batch	14790	valid_loss	27448.2231445
batch	14820	valid_loss	27279.8051758
batch	14850	valid_loss	27235.3205566
batch	14880	valid_loss	27480.2819824
batch	14910	valid_loss	27345.0756836
batch	14940	valid_loss	27137.0141602
batch	14970	valid_loss	28634.1225586
batch	15000	valid_loss	27046.4609375
batch	15030	valid_loss	26988.2568359
batch	15060	valid_loss	26885.6196289
batch	15090	valid_loss	26886.9855957
batch	15120	valid_loss	27770.2651367
batch	15150	valid_loss	26787.1870117
batch	15180	valid_loss	26698.9436035
batch	15210	valid_loss	26633.9116211
batch	15240	valid_loss	26607.5461426
batch	15270	valid_loss	26598.7822266
batch	15300	valid_loss	26486.9533691
batch	15330	valid_loss	27030.4660645
batch	15360	valid_loss	26691.1293945
batch	15390	valid_loss	26542.5541992
batch	15420	valid_loss	27017.3342285
batch	15450	valid_loss	26405.5703125
batch	15480	valid_loss	26297.0666504
batch	15510	valid_loss	26397.1508789
batch	15540	valid_loss	26412.1635742
batch	15570	valid_loss	26252.7155762
batch	15600	valid_loss	26103.9736328
batch	15630	valid_loss	26278.4624023
batch	15660	valid_loss	26075.2106934
batch	15690	valid_loss	26017.559082
batch	15720	valid_loss	26087.3701172
batch	15750	valid_loss	25996.5625
batch	15780	valid_loss	25839.3818359
batch	15810	valid_loss	26929.2729492
batch	15840	valid_loss	25837.3378906
batch	15870	valid_loss	26004.3232422
batch	15900	valid_loss	26811.59375
batch	15930	valid_loss	25705.0588379
batch	15960	valid_loss	25715.5195312
batch	15990	valid_loss	25575.5649414
batch	16020	valid_loss	25912.8869629
batch	16050	valid_loss	25595.7304688
batch	16080	valid_loss	25526.6506348
batch	16110	valid_loss	25766.8134766
batch	16140	valid_loss	25439.7763672
batch	16170	valid_loss	25251.1455078
batch	16200	valid_loss	25371.2285156
batch	16230	valid_loss	25289.2053223
batch	16260	valid_loss	25388.3647461
batch	16290	valid_loss	25180.3320312
batch	16320	valid_loss	25310.3486328
batch	16350	valid_loss	25232.9790039
batch	16380	valid_loss	25467.6865234
batch	16410	valid_loss	25014.7426758
batch	16440	valid_loss	24948.5825195
batch	16470	valid_loss	24933.4716797
batch	16500	valid_loss	24825.8596191
batch	16530	valid_loss	28096.0715332
batch	16560	valid_loss	24941.9609375
batch	16590	valid_loss	24685.5192871
batch	16620	valid_loss	24631.0063477
batch	16650	valid_loss	24666.9240723
batch	16680	valid_loss	24545.5551758
batch	16710	valid_loss	25043.8059082
batch	16740	valid_loss	24599.4370117
batch	16770	valid_loss	24445.3154297
batch	16800	valid_loss	24623.2216797
batch	16830	valid_loss	24523.8547363
batch	16860	valid_loss	24400.1923828
batch	16890	valid_loss	24324.0761719
batch	16920	valid_loss	24301.9851074
batch	16950	valid_loss	24876.3017578
batch	16980	valid_loss	24079.6162109
batch	17010	valid_loss	24068.7004395
batch	17040	valid_loss	27126.7160645
batch	17070	valid_loss	23946.5771484
batch	17100	valid_loss	23856.7016602
batch	17130	valid_loss	23904.6352539
batch	17160	valid_loss	23828.4506836
batch	17190	valid_loss	23864.1501465
batch	17220	valid_loss	23736.3374023
batch	17250	valid_loss	23735.0390625
batch	17280	valid_loss	24638.4685059
batch	17310	valid_loss	23634.8044434
batch	17340	valid_loss	23481.8640137
batch	17370	valid_loss	23794.7302246
batch	17400	valid_loss	23470.0289307
batch	17430	valid_loss	23504.6975098
batch	17460	valid_loss	23353.6265869
batch	17490	valid_loss	23553.664917
batch	17520	valid_loss	23262.0743408
batch	17550	valid_loss	23432.6932373
batch	17580	valid_loss	23418.8137207
batch	17610	valid_loss	23257.0515137
batch	17640	valid_loss	23210.8187256
batch	17670	valid_loss	23106.5445557
batch	17700	valid_loss	23098.8378906
batch	17730	valid_loss	22929.6694336
batch	17760	valid_loss	22991.760498
batch	17790	valid_loss	22902.6387939
batch	17820	valid_loss	22915.7003174
batch	17850	valid_loss	22838.0541992
batch	17880	valid_loss	22688.6889648
batch	17910	valid_loss	22815.5007324
batch	17940	valid_loss	22715.8413086
batch	17970	valid_loss	23205.4251709
batch	18000	valid_loss	22536.9448242
batch	18030	valid_loss	22461.203125
batch	18060	valid_loss	22568.8060303
batch	18090	valid_loss	22665.486084
batch	18120	valid_loss	22433.8669434
batch	18150	valid_loss	22572.4139404
batch	18180	valid_loss	22634.1623535
batch	18210	valid_loss	23405.0960693
batch	18240	valid_loss	22239.7001953
batch	18270	valid_loss	22195.2091064
batch	18300	valid_loss	22312.4362793
batch	18330	valid_loss	22122.6234131
batch	18360	valid_loss	23110.7607422
batch	18390	valid_loss	22104.4486084
batch	18420	valid_loss	21853.7456055
batch	18450	valid_loss	23475.5880127
batch	18480	valid_loss	21839.3497314
batch	18510	valid_loss	21879.2415771
batch	18540	valid_loss	21838.708252
batch	18570	valid_loss	21676.8391113
batch	18600	valid_loss	21884.7340088
batch	18630	valid_loss	21703.1595459
batch	18660	valid_loss	21570.6539307
batch	18690	valid_loss	21946.6746826
batch	18720	valid_loss	21493.2155762
batch	18750	valid_loss	22586.2633057
batch	18780	valid_loss	21553.21521
batch	18810	valid_loss	21357.3267822
batch	18840	valid_loss	21412.0755615
batch	18870	valid_loss	21204.4063721
batch	18900	valid_loss	21278.5632324
batch	18930	valid_loss	21866.1815186
batch	18960	valid_loss	21437.4906006
batch	18990	valid_loss	21127.7617188
batch	19020	valid_loss	21432.7784424
batch	19050	valid_loss	21143.6647949
batch	19080	valid_loss	21225.3768311
batch	19110	valid_loss	20943.9345703
batch	19140	valid_loss	20914.0423584
batch	19170	valid_loss	21032.0316162
batch	19200	valid_loss	20933.6130371
batch	19230	valid_loss	20796.1273193
batch	19260	valid_loss	21605.8192139
batch	19290	valid_loss	20743.2026367
batch	19320	valid_loss	20879.6175537
batch	19350	valid_loss	20654.5019531
batch	19380	valid_loss	20573.2749023
batch	19410	valid_loss	23431.8061523
batch	19440	valid_loss	20596.0667725
batch	19470	valid_loss	20532.9993896
batch	19500	valid_loss	20398.050415
batch	19530	valid_loss	20446.3179932
batch	19560	valid_loss	20379.7879639
batch	19590	valid_loss	23725.4187012
batch	19620	valid_loss	20286.4040527
batch	19650	valid_loss	20201.3035889
batch	19680	valid_loss	20251.515625
batch	19710	valid_loss	20122.7487793
batch	19740	valid_loss	20384.9084473
batch	19770	valid_loss	20104.8040771
batch	19800	valid_loss	20353.2282715
batch	19830	valid_loss	19965.9483643
batch	19860	valid_loss	20071.8133545
batch	19890	valid_loss	19920.0452881
batch	19920	valid_loss	20001.182373
batch	19950	valid_loss	20651.5089111
batch	19980	valid_loss	19837.0916748
batch	20010	valid_loss	20058.3723145
batch	20040	valid_loss	20156.7836914
batch	20070	valid_loss	19778.6054688
batch	20100	valid_loss	20022.2559814
batch	20130	valid_loss	19695.2327881
batch	20160	valid_loss	20076.3062744
batch	20190	valid_loss	19796.1571045
batch	20220	valid_loss	19694.1745605
batch	20250	valid_loss	19536.9215088
batch	20280	valid_loss	19883.6036377
batch	20310	valid_loss	19428.4389648
batch	20340	valid_loss	19510.5726318
batch	20370	valid_loss	19430.5093994
batch	20400	valid_loss	20330.7084961
batch	20430	valid_loss	19415.7575684
batch	20460	valid_loss	19293.0360107
batch	20490	valid_loss	19315.05896
batch	20520	valid_loss	20176.5432129
batch	20550	valid_loss	19220.651001
batch	20580	valid_loss	19228.3035889
batch	20610	valid_loss	19176.0949707
batch	20640	valid_loss	19129.9759521
batch	20670	valid_loss	19251.8088379
batch	20700	valid_loss	19390.9482422
batch	20730	valid_loss	19030.3352051
batch	20760	valid_loss	18999.3325195
batch	20790	valid_loss	18927.8409424
batch	20820	valid_loss	19336.4398193
batch	20850	valid_loss	18872.0008545
batch	20880	valid_loss	19025.1333008
batch	20910	valid_loss	19728.8179932
batch	20940	valid_loss	18836.4433594
batch	20970	valid_loss	18806.9448242
batch	21000	valid_loss	18877.9155273
batch	21030	valid_loss	18889.3798828
batch	21060	valid_loss	18615.2912598
batch	21090	valid_loss	18662.0716553
batch	21120	valid_loss	18516.6973877
batch	21150	valid_loss	18868.6083984
batch	21180	valid_loss	18593.7585449
batch	21210	valid_loss	18543.2728271
batch	21240	valid_loss	19696.3087158
batch	21270	valid_loss	18448.8128662
batch	21300	valid_loss	18648.4020996
batch	21330	valid_loss	18411.3203125
batch	21360	valid_loss	20148.5675049
batch	21390	valid_loss	18362.8096924
batch	21420	valid_loss	18300.425293
batch	21450	valid_loss	18498.5372314
batch	21480	valid_loss	18274.2647705
batch	21510	valid_loss	18314.3475342
batch	21540	valid_loss	18269.2178955
batch	21570	valid_loss	18105.8032227
batch	21600	valid_loss	18133.1295166
batch	21630	valid_loss	18200.708252
batch	21660	valid_loss	18184.9406738
batch	21690	valid_loss	18041.4484863
batch	21720	valid_loss	18080.6497803
batch	21750	valid_loss	18026.3254395
batch	21780	valid_loss	18196.7698975
batch	21810	valid_loss	17883.3306885
batch	21840	valid_loss	18753.0626221
batch	21870	valid_loss	17791.8953857
batch	21900	valid_loss	17897.1503906
batch	21930	valid_loss	17871.3614502
batch	21960	valid_loss	17830.789917
batch	21990	valid_loss	17727.7856445
batch	22020	valid_loss	17849.0098877
batch	22050	valid_loss	17730.3411865
batch	22080	valid_loss	20063.6234131
batch	22110	valid_loss	17626.5805664
batch	22140	valid_loss	17554.185791
batch	22170	valid_loss	17550.3807373
batch	22200	valid_loss	17954.9268799
batch	22230	valid_loss	17579.9787598
batch	22260	valid_loss	17528.4443359
batch	22290	valid_loss	17627.8873291
batch	22320	valid_loss	17471.1827393
batch	22350	valid_loss	17479.8741455
batch	22380	valid_loss	17364.4259033
batch	22410	valid_loss	17304.0380859
batch	22440	valid_loss	18086.338623
batch	22470	valid_loss	17363.7946777
batch	22500	valid_loss	17161.9677734
batch	22530	valid_loss	17268.1296387
batch	22560	valid_loss	17187.7296143
batch	22590	valid_loss	17677.7001953
batch	22620	valid_loss	17115.0042725
batch	22650	valid_loss	17381.7730713
batch	22680	valid_loss	17353.7249756
batch	22710	valid_loss	17366.3453369
batch	22740	valid_loss	16987.1405029
batch	22770	valid_loss	17007.0195312
batch	22800	valid_loss	17211.3148193
batch	22830	valid_loss	16940.2211914
batch	22860	valid_loss	16958.9692383
batch	22890	valid_loss	17170.4029541
batch	22920	valid_loss	16865.519165
batch	22950	valid_loss	16783.2005615
batch	22980	valid_loss	16832.2758789
batch	23010	valid_loss	16670.1135254
batch	23040	valid_loss	16719.6331787
batch	23070	valid_loss	17029.4490967
batch	23100	valid_loss	16691.5562744
batch	23130	valid_loss	16595.3942871
batch	23160	valid_loss	16670.6947021
batch	23190	valid_loss	17077.7889404
batch	23220	valid_loss	16611.795166
batch	23250	valid_loss	16536.3218994
batch	23280	valid_loss	16653.6536865
batch	23310	valid_loss	16719.9951172
batch	23340	valid_loss	16606.1976318
batch	23370	valid_loss	16375.5239258
batch	23400	valid_loss	17059.1645508
batch	23430	valid_loss	16264.4719238
batch	23460	valid_loss	16357.0301514
batch	23490	valid_loss	16282.470459
batch	23520	valid_loss	16671.3209229
batch	23550	valid_loss	16221.8139648
batch	23580	valid_loss	16226.078125
batch	23610	valid_loss	16524.2072754
batch	23640	valid_loss	16272.6594238
batch	23670	valid_loss	16160.1231689
batch	23700	valid_loss	16858.9816895
batch	23730	valid_loss	16038.2371826
batch	23760	valid_loss	16172.366333
batch	23790	valid_loss	16101.6998291
batch	23820	valid_loss	16141.032959
batch	23850	valid_loss	15994.6182861
batch	23880	valid_loss	16014.7525635
batch	23910	valid_loss	15917.5009766
batch	23940	valid_loss	16480.6832275
batch	23970	valid_loss	15873.3056641
batch	24000	valid_loss	15794.9643555
batch	24030	valid_loss	16124.0128174
batch	24060	valid_loss	15791.90979
batch	24090	valid_loss	15892.8084717
batch	24120	valid_loss	15661.2459717
batch	24150	valid_loss	18470.3048096
batch	24180	valid_loss	15709.2053223
batch	24210	valid_loss	15622.3780518
batch	24240	valid_loss	15568.8378906
batch	24270	valid_loss	15573.8380127
batch	24300	valid_loss	15505.8583984
batch	24330	valid_loss	16069.6099854
batch	24360	valid_loss	15485.5856934
batch	24390	valid_loss	15458.37854
batch	24420	valid_loss	15532.1619873
batch	24450	valid_loss	15468.3300781
batch	24480	valid_loss	15445.2114258
batch	24510	valid_loss	15351.2843018
batch	24540	valid_loss	15443.2138672
batch	24570	valid_loss	15202.6080322
batch	24600	valid_loss	15292.5743408
batch	24630	valid_loss	15184.0463867
batch	24660	valid_loss	15803.3839111
batch	24690	valid_loss	15170.762207
batch	24720	valid_loss	15193.3051758
batch	24750	valid_loss	16267.6209717
batch	24780	valid_loss	15139.873291
batch	24810	valid_loss	15136.2612305
batch	24840	valid_loss	15128.6536865
batch	24870	valid_loss	15073.5108643
batch	24900	valid_loss	15213.0343018
batch	24930	valid_loss	15262.442627
batch	24960	valid_loss	15254.9338379
batch	24990	valid_loss	14928.2348633
STOP
START
config	760	460	180	460	760	960
batch	0	valid_loss	5823052.875
batch	30	valid_loss	146337.30957
batch	60	valid_loss	101755.799805
batch	90	valid_loss	99683.8515625
batch	120	valid_loss	99603.1699219
batch	150	valid_loss	99579.9863281
batch	180	valid_loss	99613.7275391
batch	210	valid_loss	99703.7949219
batch	240	valid_loss	99668.1376953
batch	270	valid_loss	99672.7539062
batch	300	valid_loss	99724.0898438
batch	330	valid_loss	99684.8193359
batch	360	valid_loss	99726.9833984
batch	390	valid_loss	99657.5693359
batch	420	valid_loss	99652.5664062
batch	450	valid_loss	99632.6435547
batch	480	valid_loss	99496.0771484
batch	510	valid_loss	99241.3808594
batch	540	valid_loss	98626.5771484
batch	570	valid_loss	96977.4404297
batch	600	valid_loss	94627.9013672
batch	630	valid_loss	92611.0292969
batch	660	valid_loss	91510.0507812
batch	690	valid_loss	90962.8339844
batch	720	valid_loss	90604.6445312
batch	750	valid_loss	90302.9887695
batch	780	valid_loss	90005.0405273
batch	810	valid_loss	89522.3720703
batch	840	valid_loss	88978.5361328
batch	870	valid_loss	88553.6469727
batch	900	valid_loss	88232.1123047
batch	930	valid_loss	87822.4272461
batch	960	valid_loss	87681.4760742
batch	990	valid_loss	87468.7016602
batch	1020	valid_loss	87208.0458984
batch	1050	valid_loss	87054.5073242
batch	1080	valid_loss	86902.9638672
batch	1110	valid_loss	86707.9633789
batch	1140	valid_loss	86532.387207
batch	1170	valid_loss	86429.5009766
batch	1200	valid_loss	86295.1323242
batch	1230	valid_loss	86042.0258789
batch	1260	valid_loss	85804.2749023
batch	1290	valid_loss	85494.4023438
batch	1320	valid_loss	85080.9067383
batch	1350	valid_loss	84553.7387695
batch	1380	valid_loss	83901.9926758
batch	1410	valid_loss	83260.5395508
batch	1440	valid_loss	82547.0488281
batch	1470	valid_loss	81841.7358398
batch	1500	valid_loss	81218.1894531
batch	1530	valid_loss	80575.4941406
batch	1560	valid_loss	80026.0732422
batch	1590	valid_loss	79517.4619141
batch	1620	valid_loss	78741.4526367
batch	1650	valid_loss	78205.6210938
batch	1680	valid_loss	77636.675293
batch	1710	valid_loss	77054.4375
batch	1740	valid_loss	76538.9287109
batch	1770	valid_loss	76067.574707
batch	1800	valid_loss	75577.7744141
batch	1830	valid_loss	74875.4956055
batch	1860	valid_loss	74248.5410156
batch	1890	valid_loss	73863.4882812
batch	1920	valid_loss	73261.3081055
batch	1950	valid_loss	72777.1035156
batch	1980	valid_loss	72205.9472656
batch	2010	valid_loss	71577.8129883
batch	2040	valid_loss	71275.0356445
batch	2070	valid_loss	70618.0551758
batch	2100	valid_loss	70109.0732422
batch	2130	valid_loss	69618.1430664
batch	2160	valid_loss	69485.8325195
batch	2190	valid_loss	68769.6005859
batch	2220	valid_loss	68346.6826172
batch	2250	valid_loss	67850.0541992
batch	2280	valid_loss	67435.7895508
batch	2310	valid_loss	66978.1503906
batch	2340	valid_loss	66661.6269531
batch	2370	valid_loss	66478.7036133
batch	2400	valid_loss	65732.2250977
batch	2430	valid_loss	65830.8979492
batch	2460	valid_loss	65026.6069336
batch	2490	valid_loss	64556.2768555
batch	2520	valid_loss	64301.4233398
batch	2550	valid_loss	63795.8989258
batch	2580	valid_loss	63614.2275391
batch	2610	valid_loss	62944.8041992
batch	2640	valid_loss	62468.9750977
batch	2670	valid_loss	62161.8178711
batch	2700	valid_loss	61960.1645508
batch	2730	valid_loss	62099.7285156
batch	2760	valid_loss	61107.0737305
batch	2790	valid_loss	61889.7568359
batch	2820	valid_loss	60438.3183594
batch	2850	valid_loss	59999.7670898
batch	2880	valid_loss	59931.5288086
batch	2910	valid_loss	59546.7827148
batch	2940	valid_loss	59200.2084961
batch	2970	valid_loss	59328.809082
batch	3000	valid_loss	58456.1552734
batch	3030	valid_loss	58851.6806641
batch	3060	valid_loss	57954.284668
batch	3090	valid_loss	57716.2119141
batch	3120	valid_loss	57909.65625
batch	3150	valid_loss	57060.0371094
batch	3180	valid_loss	56877.9467773
batch	3210	valid_loss	57743.5556641
batch	3240	valid_loss	56214.8837891
batch	3270	valid_loss	55913.1821289
batch	3300	valid_loss	55627.8300781
batch	3330	valid_loss	55363.4624023
batch	3360	valid_loss	55374.6572266
batch	3390	valid_loss	55111.4150391
batch	3420	valid_loss	54775.9985352
batch	3450	valid_loss	54521.8989258
batch	3480	valid_loss	54350.4379883
batch	3510	valid_loss	54433.0615234
batch	3540	valid_loss	53816.4423828
batch	3570	valid_loss	53669.9399414
batch	3600	valid_loss	53550.8764648
batch	3630	valid_loss	53233.5688477
batch	3660	valid_loss	53239.4160156
batch	3690	valid_loss	53793.1064453
batch	3720	valid_loss	52666.6357422
batch	3750	valid_loss	52611.3769531
batch	3780	valid_loss	52946.4536133
batch	3810	valid_loss	53075.0307617
batch	3840	valid_loss	51670.4003906
batch	3870	valid_loss	51549.7558594
batch	3900	valid_loss	52915.8383789
batch	3930	valid_loss	51361.8491211
batch	3960	valid_loss	51022.5410156
batch	3990	valid_loss	50691.4125977
batch	4020	valid_loss	50659.4975586
batch	4050	valid_loss	50527.4990234
batch	4080	valid_loss	50292.769043
batch	4110	valid_loss	51761.6455078
batch	4140	valid_loss	49859.6835938
batch	4170	valid_loss	49643.2675781
batch	4200	valid_loss	50060.1054688
batch	4230	valid_loss	49237.6865234
batch	4260	valid_loss	49283.7148438
batch	4290	valid_loss	49539.5874023
batch	4320	valid_loss	48831.078125
batch	4350	valid_loss	48522.862793
batch	4380	valid_loss	48453.6665039
batch	4410	valid_loss	48345.0415039
batch	4440	valid_loss	48141.737793
batch	4470	valid_loss	47862.0253906
batch	4500	valid_loss	48937.5141602
batch	4530	valid_loss	47968.7358398
batch	4560	valid_loss	47561.2001953
batch	4590	valid_loss	49187.597168
batch	4620	valid_loss	47159.5649414
batch	4650	valid_loss	47029.3955078
batch	4680	valid_loss	47204.6088867
batch	4710	valid_loss	50686.9599609
batch	4740	valid_loss	46756.4123535
batch	4770	valid_loss	46577.0678711
batch	4800	valid_loss	46582.6083984
batch	4830	valid_loss	46842.182373
batch	4860	valid_loss	46204.0046387
batch	4890	valid_loss	46388.6081543
batch	4920	valid_loss	45888.0380859
batch	4950	valid_loss	45930.2185059
batch	4980	valid_loss	47269.2744141
batch	5010	valid_loss	45642.3059082
batch	5040	valid_loss	45467.9807129
batch	5070	valid_loss	45807.7519531
batch	5100	valid_loss	45414.2922363
batch	5130	valid_loss	45442.7858887
batch	5160	valid_loss	45755.9431152
batch	5190	valid_loss	44856.0344238
batch	5220	valid_loss	45359.4929199
batch	5250	valid_loss	44681.2854004
batch	5280	valid_loss	44629.8222656
batch	5310	valid_loss	45279.3156738
batch	5340	valid_loss	44317.2648926
batch	5370	valid_loss	44309.5063477
batch	5400	valid_loss	44144.798584
batch	5430	valid_loss	44021.3374023
batch	5460	valid_loss	43943.6643066
batch	5490	valid_loss	43797.6560059
batch	5520	valid_loss	43652.902832
batch	5550	valid_loss	44213.9724121
batch	5580	valid_loss	43383.489502
batch	5610	valid_loss	43287.951416
batch	5640	valid_loss	45515.5
batch	5670	valid_loss	43284.583252
batch	5700	valid_loss	42917.2341309
batch	5730	valid_loss	42999.1848145
batch	5760	valid_loss	43299.4609375
batch	5790	valid_loss	42691.892334
batch	5820	valid_loss	43432.4516602
batch	5850	valid_loss	43005.5715332
batch	5880	valid_loss	42400.409668
batch	5910	valid_loss	47157.3027344
batch	5940	valid_loss	42146.7458496
batch	5970	valid_loss	42035.7492676
batch	6000	valid_loss	42450.8896484
batch	6030	valid_loss	42108.0966797
batch	6060	valid_loss	43638.0258789
batch	6090	valid_loss	42015.7087402
batch	6120	valid_loss	41672.5583496
batch	6150	valid_loss	42136.1079102
batch	6180	valid_loss	41503.2705078
batch	6210	valid_loss	41375.4902344
batch	6240	valid_loss	42978.1550293
batch	6270	valid_loss	41234.190918
batch	6300	valid_loss	41380.4899902
batch	6330	valid_loss	41288.0859375
batch	6360	valid_loss	41468.588623
batch	6390	valid_loss	41991.5332031
batch	6420	valid_loss	40891.3945312
batch	6450	valid_loss	41395.5129395
batch	6480	valid_loss	41435.6943359
batch	6510	valid_loss	41034.2961426
batch	6540	valid_loss	40810.7485352
batch	6570	valid_loss	42675.5610352
batch	6600	valid_loss	40366.6843262
batch	6630	valid_loss	41597.8710938
batch	6660	valid_loss	40189.0200195
batch	6690	valid_loss	40614.8544922
batch	6720	valid_loss	40214.7033691
batch	6750	valid_loss	40093.7880859
batch	6780	valid_loss	40003.3295898
batch	6810	valid_loss	39814.5478516
batch	6840	valid_loss	39803.4785156
batch	6870	valid_loss	41765.7058105
batch	6900	valid_loss	39824.2382812
batch	6930	valid_loss	39552.0134277
batch	6960	valid_loss	39393.4020996
batch	6990	valid_loss	39548.1533203
batch	7020	valid_loss	39456.7219238
batch	7050	valid_loss	40264.7141113
batch	7080	valid_loss	39135.3134766
batch	7110	valid_loss	39098.6228027
batch	7140	valid_loss	39058.3693848
batch	7170	valid_loss	38956.894043
batch	7200	valid_loss	38949.5744629
batch	7230	valid_loss	38723.9123535
batch	7260	valid_loss	38744.5141602
batch	7290	valid_loss	38664.0224609
batch	7320	valid_loss	38472.2514648
batch	7350	valid_loss	40803.5898438
batch	7380	valid_loss	38428.5224609
batch	7410	valid_loss	38470.6296387
batch	7440	valid_loss	38080.9382324
batch	7470	valid_loss	38201.1882324
batch	7500	valid_loss	38945.7478027
batch	7530	valid_loss	37870.277832
batch	7560	valid_loss	38627.137207
batch	7590	valid_loss	37818.1547852
batch	7620	valid_loss	37907.5378418
batch	7650	valid_loss	37915.6254883
batch	7680	valid_loss	37627.5283203
batch	7710	valid_loss	39167.7626953
batch	7740	valid_loss	37557.692627
batch	7770	valid_loss	37496.1035156
batch	7800	valid_loss	37383.684082
batch	7830	valid_loss	37276.8337402
batch	7860	valid_loss	37242.0029297
batch	7890	valid_loss	38190.6992188
batch	7920	valid_loss	37064.8552246
batch	7950	valid_loss	37104.1213379
batch	7980	valid_loss	38250.5622559
batch	8010	valid_loss	36885.6677246
batch	8040	valid_loss	36899.809082
batch	8070	valid_loss	36857.2121582
batch	8100	valid_loss	36826.4680176
batch	8130	valid_loss	37223.5400391
batch	8160	valid_loss	37372.0327148
batch	8190	valid_loss	36839.2426758
batch	8220	valid_loss	37796.9746094
batch	8250	valid_loss	36573.684082
batch	8280	valid_loss	36831.635498
batch	8310	valid_loss	36434.390625
batch	8340	valid_loss	36460.0727539
batch	8370	valid_loss	36578.7333984
batch	8400	valid_loss	36449.7875977
batch	8430	valid_loss	36146.1088867
batch	8460	valid_loss	36375.1403809
batch	8490	valid_loss	36196.3054199
batch	8520	valid_loss	35895.2436523
batch	8550	valid_loss	35948.4968262
batch	8580	valid_loss	35942.4838867
batch	8610	valid_loss	35793.9614258
batch	8640	valid_loss	36753.1999512
batch	8670	valid_loss	35861.4047852
batch	8700	valid_loss	35548.8354492
batch	8730	valid_loss	35796.7143555
batch	8760	valid_loss	35668.1071777
batch	8790	valid_loss	35412.4013672
batch	8820	valid_loss	35463.1450195
batch	8850	valid_loss	35293.265625
batch	8880	valid_loss	35299.4580078
batch	8910	valid_loss	35416.9626465
batch	8940	valid_loss	35648.5712891
batch	8970	valid_loss	35704.6018066
batch	9000	valid_loss	35117.0571289
batch	9030	valid_loss	38747.2062988
batch	9060	valid_loss	35091.7858887
batch	9090	valid_loss	34918.8847656
batch	9120	valid_loss	35978.4829102
batch	9150	valid_loss	34868.0544434
batch	9180	valid_loss	34890.3991699
batch	9210	valid_loss	34852.0529785
batch	9240	valid_loss	35030.2553711
batch	9270	valid_loss	34628.0100098
batch	9300	valid_loss	39384.7578125
batch	9330	valid_loss	34498.0251465
batch	9360	valid_loss	34457.916748
batch	9390	valid_loss	34578.7348633
batch	9420	valid_loss	34894.7141113
batch	9450	valid_loss	34372.1992188
batch	9480	valid_loss	34270.307373
batch	9510	valid_loss	34261.6862793
batch	9540	valid_loss	34275.142334
batch	9570	valid_loss	34417.1550293
batch	9600	valid_loss	34210.8813477
batch	9630	valid_loss	34092.9836426
batch	9660	valid_loss	34087.4760742
batch	9690	valid_loss	34197.2478027
batch	9720	valid_loss	33961.9145508
batch	9750	valid_loss	33994.2189941
batch	9780	valid_loss	33854.5068359
batch	9810	valid_loss	34157.5549316
batch	9840	valid_loss	33895.355957
batch	9870	valid_loss	33789.5107422
batch	9900	valid_loss	33667.7731934
batch	9930	valid_loss	33633.0917969
batch	9960	valid_loss	33613.7719727
batch	9990	valid_loss	34452.0471191
batch	10020	valid_loss	33607.4501953
batch	10050	valid_loss	33530.3569336
batch	10080	valid_loss	33693.0949707
batch	10110	valid_loss	33368.7978516
batch	10140	valid_loss	33371.6083984
batch	10170	valid_loss	33354.1784668
batch	10200	valid_loss	37015.6506348
batch	10230	valid_loss	33468.2021484
batch	10260	valid_loss	33139.4404297
batch	10290	valid_loss	33124.4819336
batch	10320	valid_loss	33433.0932617
batch	10350	valid_loss	33909.9729004
batch	10380	valid_loss	33164.9367676
batch	10410	valid_loss	33037.4711914
batch	10440	valid_loss	33138.8735352
batch	10470	valid_loss	33915.2995605
batch	10500	valid_loss	32887.0878906
batch	10530	valid_loss	32967.5986328
batch	10560	valid_loss	32845.0839844
batch	10590	valid_loss	33390.0900879
batch	10620	valid_loss	32873.2282715
batch	10650	valid_loss	32716.7866211
batch	10680	valid_loss	32654.8535156
batch	10710	valid_loss	33005.0605469
batch	10740	valid_loss	32656.107666
batch	10770	valid_loss	32642.0761719
batch	10800	valid_loss	37121.800293
batch	10830	valid_loss	32512.4838867
batch	10860	valid_loss	32394.8427734
batch	10890	valid_loss	32393.3688965
batch	10920	valid_loss	32646.0075684
batch	10950	valid_loss	33630.9538574
batch	10980	valid_loss	32303.0129395
batch	11010	valid_loss	32231.2531738
batch	11040	valid_loss	32694.5686035
batch	11070	valid_loss	32258.9697266
batch	11100	valid_loss	32134.9919434
batch	11130	valid_loss	33169.0058594
batch	11160	valid_loss	32170.2932129
batch	11190	valid_loss	32103.2734375
batch	11220	valid_loss	35505.5
batch	11250	valid_loss	32025.2871094
batch	11280	valid_loss	31994.6645508
batch	11310	valid_loss	31972.6169434
batch	11340	valid_loss	31871.5944824
batch	11370	valid_loss	31913.6218262
batch	11400	valid_loss	31971.4609375
batch	11430	valid_loss	31797.2651367
batch	11460	valid_loss	31676.3164062
batch	11490	valid_loss	31729.9033203
batch	11520	valid_loss	31657.151123
batch	11550	valid_loss	31754.4489746
batch	11580	valid_loss	31619.697998
batch	11610	valid_loss	31763.8964844
batch	11640	valid_loss	31648.1711426
batch	11670	valid_loss	31435.6352539
batch	11700	valid_loss	31377.8369141
batch	11730	valid_loss	31390.2185059
batch	11760	valid_loss	31283.921875
batch	11790	valid_loss	32027.2363281
batch	11820	valid_loss	31247.0473633
batch	11850	valid_loss	31122.4609375
batch	11880	valid_loss	31243.505127
batch	11910	valid_loss	32168.6108398
batch	11940	valid_loss	31111.7978516
batch	11970	valid_loss	33182.3662109
batch	12000	valid_loss	31224.7685547
batch	12030	valid_loss	30995.9084473
batch	12060	valid_loss	30948.5136719
batch	12090	valid_loss	31925.3632812
batch	12120	valid_loss	30928.2514648
batch	12150	valid_loss	31977.4482422
batch	12180	valid_loss	30859.5415039
batch	12210	valid_loss	30755.8151855
batch	12240	valid_loss	30997.9587402
batch	12270	valid_loss	30666.3178711
batch	12300	valid_loss	31204.7646484
batch	12330	valid_loss	30902.0168457
batch	12360	valid_loss	31113.4348145
batch	12390	valid_loss	30838.3547363
batch	12420	valid_loss	30511.8151855
batch	12450	valid_loss	35825.5563965
batch	12480	valid_loss	30596.1845703
batch	12510	valid_loss	30447.3110352
batch	12540	valid_loss	30447.1350098
batch	12570	valid_loss	30423.3583984
batch	12600	valid_loss	30518.8417969
batch	12630	valid_loss	30364.0107422
batch	12660	valid_loss	30904.6281738
batch	12690	valid_loss	30313.1416016
batch	12720	valid_loss	30216.0437012
batch	12750	valid_loss	32337.2426758
batch	12780	valid_loss	30104.1828613
batch	12810	valid_loss	30251.7990723
batch	12840	valid_loss	30463.2724609
batch	12870	valid_loss	30563.9694824
batch	12900	valid_loss	29925.9372559
batch	12930	valid_loss	29976.0039062
batch	12960	valid_loss	29984.6259766
batch	12990	valid_loss	29909.949707
batch	13020	valid_loss	29882.0361328
batch	13050	valid_loss	29813.456543
batch	13080	valid_loss	30051.5852051
batch	13110	valid_loss	29707.5432129
batch	13140	valid_loss	31834.152832
batch	13170	valid_loss	29844.5146484
batch	13200	valid_loss	29582.2001953
batch	13230	valid_loss	29558.9157715
batch	13260	valid_loss	29605.2351074
batch	13290	valid_loss	29587.5554199
batch	13320	valid_loss	30630.8830566
batch	13350	valid_loss	29477.6467285
batch	13380	valid_loss	29409.4484863
batch	13410	valid_loss	29363.5461426
batch	13440	valid_loss	29703.0224609
batch	13470	valid_loss	29339.2805176
batch	13500	valid_loss	30494.208252
batch	13530	valid_loss	29404.7399902
batch	13560	valid_loss	29307.2714844
batch	13590	valid_loss	29482.0671387
batch	13620	valid_loss	29135.2858887
batch	13650	valid_loss	29794.2636719
batch	13680	valid_loss	29134.1691895
batch	13710	valid_loss	28995.668457
batch	13740	valid_loss	29073.2893066
batch	13770	valid_loss	28914.6179199
batch	13800	valid_loss	29955.5986328
batch	13830	valid_loss	28754.3615723
batch	13860	valid_loss	28797.7028809
batch	13890	valid_loss	28824.8149414
batch	13920	valid_loss	28795.951416
batch	13950	valid_loss	29503.8146973
batch	13980	valid_loss	28893.1491699
batch	14010	valid_loss	28617.1787109
batch	14040	valid_loss	28670.5339355
batch	14070	valid_loss	33984.9316406
batch	14100	valid_loss	28544.4804688
batch	14130	valid_loss	28408.1132812
batch	14160	valid_loss	28395.2783203
batch	14190	valid_loss	28381.6391602
batch	14220	valid_loss	29345.8342285
batch	14250	valid_loss	28308.7802734
batch	14280	valid_loss	28306.1918945
batch	14310	valid_loss	28269.2858887
batch	14340	valid_loss	28447.8034668
batch	14370	valid_loss	28210.5317383
batch	14400	valid_loss	28309.8034668
batch	14430	valid_loss	28238.8215332
batch	14460	valid_loss	28005.0473633
batch	14490	valid_loss	28199.623291
batch	14520	valid_loss	28142.9091797
batch	14550	valid_loss	28030.9462891
batch	14580	valid_loss	28357.1721191
batch	14610	valid_loss	27850.027832
batch	14640	valid_loss	27838.6848145
batch	14670	valid_loss	28479.3762207
batch	14700	valid_loss	27769.078125
batch	14730	valid_loss	28026.0959473
batch	14760	valid_loss	27797.5307617
batch	14790	valid_loss	27605.7670898
batch	14820	valid_loss	27599.824707
batch	14850	valid_loss	27614.5432129
batch	14880	valid_loss	27611.5651855
batch	14910	valid_loss	28933.1057129
batch	14940	valid_loss	27558.059082
batch	14970	valid_loss	27471.8562012
batch	15000	valid_loss	27475.0739746
batch	15030	valid_loss	27427.6933594
batch	15060	valid_loss	27355.7749023
batch	15090	valid_loss	27462.473877
batch	15120	valid_loss	27226.3239746
batch	15150	valid_loss	27199.0395508
batch	15180	valid_loss	27473.3415527
batch	15210	valid_loss	27125.5136719
batch	15240	valid_loss	27100.2319336
batch	15270	valid_loss	26973.5007324
batch	15300	valid_loss	27039.1523438
batch	15330	valid_loss	27057.2900391
batch	15360	valid_loss	27663.0683594
batch	15390	valid_loss	26835.1413574
batch	15420	valid_loss	27326.5991211
batch	15450	valid_loss	27003.314209
batch	15480	valid_loss	26861.8623047
batch	15510	valid_loss	26735.9067383
batch	15540	valid_loss	26847.1538086
batch	15570	valid_loss	26812.8708496
batch	15600	valid_loss	26825.8811035
batch	15630	valid_loss	26757.7314453
batch	15660	valid_loss	26608.3867188
batch	15690	valid_loss	27418.0461426
batch	15720	valid_loss	26595.6230469
batch	15750	valid_loss	26432.4174805
batch	15780	valid_loss	26415.4038086
batch	15810	valid_loss	26347.3256836
batch	15840	valid_loss	26377.7346191
batch	15870	valid_loss	26709.1572266
batch	15900	valid_loss	26194.0036621
batch	15930	valid_loss	26303.777832
batch	15960	valid_loss	26221.0625
batch	15990	valid_loss	26189.7111816
batch	16020	valid_loss	26056.3022461
batch	16050	valid_loss	26406.78125
batch	16080	valid_loss	26081.166748
batch	16110	valid_loss	25950.9433594
batch	16140	valid_loss	26125.9221191
batch	16170	valid_loss	25892.6193848
batch	16200	valid_loss	25889.4377441
batch	16230	valid_loss	26691.4870605
batch	16260	valid_loss	25791.6223145
batch	16290	valid_loss	25749.0825195
batch	16320	valid_loss	25617.4216309
batch	16350	valid_loss	25968.7536621
batch	16380	valid_loss	26021.9609375
batch	16410	valid_loss	25710.7219238
batch	16440	valid_loss	25531.0632324
batch	16470	valid_loss	26025.5935059
batch	16500	valid_loss	25725.4750977
batch	16530	valid_loss	25413.7016602
batch	16560	valid_loss	25469.4443359
batch	16590	valid_loss	25366.9072266
batch	16620	valid_loss	25598.6896973
batch	16650	valid_loss	25292.8706055
batch	16680	valid_loss	26376.0219727
batch	16710	valid_loss	25424.4086914
batch	16740	valid_loss	25178.2277832
batch	16770	valid_loss	25187.9853516
batch	16800	valid_loss	25464.1848145
batch	16830	valid_loss	25123.1027832
batch	16860	valid_loss	26813.2373047
batch	16890	valid_loss	25027.5500488
batch	16920	valid_loss	24956.0500488
batch	16950	valid_loss	24964.9152832
batch	16980	valid_loss	24925.6291504
batch	17010	valid_loss	24901.9824219
batch	17040	valid_loss	25002.6425781
batch	17070	valid_loss	24861.4855957
batch	17100	valid_loss	24780.5695801
batch	17130	valid_loss	25271.8740234
batch	17160	valid_loss	24744.8303223
batch	17190	valid_loss	26046.574707
batch	17220	valid_loss	24722.5834961
batch	17250	valid_loss	24567.6738281
batch	17280	valid_loss	24814.7229004
batch	17310	valid_loss	24583.4543457
batch	17340	valid_loss	24577.5722656
batch	17370	valid_loss	24559.3400879
batch	17400	valid_loss	24568.7734375
batch	17430	valid_loss	24377.637207
batch	17460	valid_loss	24421.6225586
batch	17490	valid_loss	24410.5615234
batch	17520	valid_loss	25406.4731445
batch	17550	valid_loss	24271.442627
batch	17580	valid_loss	24459.0444336
batch	17610	valid_loss	25037.9504395
batch	17640	valid_loss	24237.6445312
batch	17670	valid_loss	24187.3354492
batch	17700	valid_loss	24576.293457
batch	17730	valid_loss	24321.6772461
batch	17760	valid_loss	24107.4165039
batch	17790	valid_loss	23965.4387207
batch	17820	valid_loss	24036.6870117
batch	17850	valid_loss	24755.6032715
batch	17880	valid_loss	23939.0839844
batch	17910	valid_loss	23918.0708008
batch	17940	valid_loss	23918.777832
batch	17970	valid_loss	23825.6196289
batch	18000	valid_loss	23934.7331543
batch	18030	valid_loss	24171.6877441
batch	18060	valid_loss	23673.7729492
batch	18090	valid_loss	23615.2924805
batch	18120	valid_loss	23714.052002
batch	18150	valid_loss	23649.0449219
batch	18180	valid_loss	23565.0908203
batch	18210	valid_loss	23775.673584
batch	18240	valid_loss	23447.6296387
batch	18270	valid_loss	24102.1923828
batch	18300	valid_loss	23435.2452393
batch	18330	valid_loss	23700.447998
batch	18360	valid_loss	23435.847168
batch	18390	valid_loss	23309.5355225
batch	18420	valid_loss	23328.0239258
batch	18450	valid_loss	23317.4720459
batch	18480	valid_loss	24274.4536133
batch	18510	valid_loss	23193.0739746
batch	18540	valid_loss	23167.7436523
batch	18570	valid_loss	23115.1719971
batch	18600	valid_loss	26994.2785645
batch	18630	valid_loss	22984.7030029
batch	18660	valid_loss	22971.7655029
batch	18690	valid_loss	22991.366333
batch	18720	valid_loss	22876.8989258
batch	18750	valid_loss	22824.1888428
batch	18780	valid_loss	23063.5018311
batch	18810	valid_loss	22766.098877
batch	18840	valid_loss	22822.4467773
batch	18870	valid_loss	22777.1102295
batch	18900	valid_loss	23647.2316895
batch	18930	valid_loss	22641.1016846
batch	18960	valid_loss	22656.9875488
batch	18990	valid_loss	22516.6064453
batch	19020	valid_loss	22704.2493896
batch	19050	valid_loss	22454.9086914
batch	19080	valid_loss	22552.0524902
batch	19110	valid_loss	22314.4278564
batch	19140	valid_loss	22315.2955322
batch	19170	valid_loss	22419.9776611
batch	19200	valid_loss	22255.7745361
batch	19230	valid_loss	22591.7019043
batch	19260	valid_loss	22189.2957764
batch	19290	valid_loss	22117.2989502
batch	19320	valid_loss	22526.302124
batch	19350	valid_loss	22321.2509766
batch	19380	valid_loss	22086.8896484
batch	19410	valid_loss	23219.3592529
batch	19440	valid_loss	21940.8312988
batch	19470	valid_loss	22214.973999
batch	19500	valid_loss	21922.887085
batch	19530	valid_loss	21933.2196045
batch	19560	valid_loss	21735.803833
batch	19590	valid_loss	21785.5324707
batch	19620	valid_loss	21860.1575928
batch	19650	valid_loss	21715.1525879
batch	19680	valid_loss	21704.4768066
batch	19710	valid_loss	21664.6171875
batch	19740	valid_loss	21543.274292
batch	19770	valid_loss	21530.1168213
batch	19800	valid_loss	21629.5661621
batch	19830	valid_loss	21482.5921631
batch	19860	valid_loss	21649.7180176
batch	19890	valid_loss	21413.682251
batch	19920	valid_loss	21297.59729
batch	19950	valid_loss	21353.5040283
batch	19980	valid_loss	21295.2922363
batch	20010	valid_loss	23141.4682617
batch	20040	valid_loss	21212.6291504
batch	20070	valid_loss	21117.4047852
batch	20100	valid_loss	21151.0491943
batch	20130	valid_loss	21275.4852295
batch	20160	valid_loss	21240.4987793
batch	20190	valid_loss	20961.0284424
batch	20220	valid_loss	21105.2755127
batch	20250	valid_loss	20886.8913574
batch	20280	valid_loss	21341.3043213
batch	20310	valid_loss	21024.064209
batch	20340	valid_loss	21094.6430664
batch	20370	valid_loss	20787.9678955
batch	20400	valid_loss	20849.2506104
batch	20430	valid_loss	20628.336792
batch	20460	valid_loss	22604.9899902
batch	20490	valid_loss	20719.9593506
batch	20520	valid_loss	20744.2130127
batch	20550	valid_loss	20587.0054932
batch	20580	valid_loss	20609.3792725
batch	20610	valid_loss	20548.3710938
batch	20640	valid_loss	20612.8699951
batch	20670	valid_loss	20435.3994141
batch	20700	valid_loss	20391.4810791
batch	20730	valid_loss	20550.614624
batch	20760	valid_loss	20334.5028076
batch	20790	valid_loss	21434.7214355
batch	20820	valid_loss	20183.5513916
batch	20850	valid_loss	20169.159668
batch	20880	valid_loss	20258.7366943
batch	20910	valid_loss	20811.6894531
batch	20940	valid_loss	20115.1212158
batch	20970	valid_loss	20569.5593262
batch	21000	valid_loss	20010.369751
batch	21030	valid_loss	20103.6102295
batch	21060	valid_loss	20188.3103027
batch	21090	valid_loss	19925.2543945
batch	21120	valid_loss	19872.6392822
batch	21150	valid_loss	19845.5444336
batch	21180	valid_loss	19983.2800293
batch	21210	valid_loss	19919.8762207
batch	21240	valid_loss	19868.2746582
batch	21270	valid_loss	19793.7094727
batch	21300	valid_loss	19690.7432861
batch	21330	valid_loss	19697.6812744
batch	21360	valid_loss	19665.8706055
batch	21390	valid_loss	19766.5791016
batch	21420	valid_loss	19575.4541016
batch	21450	valid_loss	19497.932373
batch	21480	valid_loss	19581.857666
batch	21510	valid_loss	19422.1580811
batch	21540	valid_loss	19564.2683105
batch	21570	valid_loss	19792.0794678
batch	21600	valid_loss	19343.22229
batch	21630	valid_loss	19304.3272705
batch	21660	valid_loss	19706.3355713
batch	21690	valid_loss	19342.4545898
batch	21720	valid_loss	19213.434082
batch	21750	valid_loss	19313.0786133
batch	21780	valid_loss	19208.5970459
batch	21810	valid_loss	19323.1977539
batch	21840	valid_loss	19091.3554688
batch	21870	valid_loss	19008.1608887
batch	21900	valid_loss	20027.3059082
batch	21930	valid_loss	18895.3742676
batch	21960	valid_loss	18870.0117188
batch	21990	valid_loss	18809.34021
batch	22020	valid_loss	18858.2718506
batch	22050	valid_loss	18891.4448242
batch	22080	valid_loss	18774.932251
batch	22110	valid_loss	19369.251709
batch	22140	valid_loss	18689.1047363
batch	22170	valid_loss	18715.6990967
batch	22200	valid_loss	18756.0925293
batch	22230	valid_loss	18684.0172119
batch	22260	valid_loss	18708.4624023
batch	22290	valid_loss	18828.9484863
batch	22320	valid_loss	18578.2177734
batch	22350	valid_loss	18582.567749
batch	22380	valid_loss	18443.50354
batch	22410	valid_loss	18947.1072998
batch	22440	valid_loss	18470.8526611
batch	22470	valid_loss	18371.2468262
batch	22500	valid_loss	18416.2359619
batch	22530	valid_loss	18406.6433105
batch	22560	valid_loss	18225.5891113
batch	22590	valid_loss	18276.0979004
batch	22620	valid_loss	18264.2387695
batch	22650	valid_loss	18193.9921875
batch	22680	valid_loss	18113.6679688
batch	22710	valid_loss	18140.4362793
batch	22740	valid_loss	18069.2174072
batch	22770	valid_loss	18241.6712646
batch	22800	valid_loss	18113.2747803
batch	22830	valid_loss	18068.2076416
batch	22860	valid_loss	19847.7225342
batch	22890	valid_loss	17979.4938965
batch	22920	valid_loss	17953.9121094
batch	22950	valid_loss	17867.3905029
batch	22980	valid_loss	17943.7353516
batch	23010	valid_loss	17829.1850586
batch	23040	valid_loss	18012.5164795
batch	23070	valid_loss	17758.4543457
batch	23100	valid_loss	17978.303833
batch	23130	valid_loss	17767.28479
batch	23160	valid_loss	17965.8320312
batch	23190	valid_loss	17629.0771484
batch	23220	valid_loss	17704.2006836
batch	23250	valid_loss	17729.574585
batch	23280	valid_loss	17985.75
batch	23310	valid_loss	17601.8986816
batch	23340	valid_loss	17552.1717529
batch	23370	valid_loss	17452.9799805
batch	23400	valid_loss	17987.807251
batch	23430	valid_loss	17382.3746338
batch	23460	valid_loss	17456.8192139
batch	23490	valid_loss	17364.7293701
batch	23520	valid_loss	17693.7009277
batch	23550	valid_loss	17413.6661377
batch	23580	valid_loss	17383.579834
batch	23610	valid_loss	17851.706543
batch	23640	valid_loss	17330.8638916
batch	23670	valid_loss	17229.4725342
batch	23700	valid_loss	17238.0762939
batch	23730	valid_loss	17273.9699707
batch	23760	valid_loss	17166.1337891
batch	23790	valid_loss	17328.3824463
batch	23820	valid_loss	17160.595459
batch	23850	valid_loss	17055.8592529
batch	23880	valid_loss	17372.5075684
batch	23910	valid_loss	17150.9527588
batch	23940	valid_loss	16929.1673584
batch	23970	valid_loss	17158.7514648
batch	24000	valid_loss	16971.8868408
batch	24030	valid_loss	16884.8681641
batch	24060	valid_loss	17172.3483887
batch	24090	valid_loss	16987.0292969
batch	24120	valid_loss	16812.0272217
batch	24150	valid_loss	16871.5343018
batch	24180	valid_loss	16722.668457
batch	24210	valid_loss	16788.079834
batch	24240	valid_loss	16794.7518311
batch	24270	valid_loss	16678.6318359
batch	24300	valid_loss	16616.6743164
batch	24330	valid_loss	16705.2944336
batch	24360	valid_loss	16619.4110107
batch	24390	valid_loss	16609.0223389
batch	24420	valid_loss	16533.019165
batch	24450	valid_loss	16750.6143799
batch	24480	valid_loss	16488.4523926
batch	24510	valid_loss	16466.8326416
batch	24540	valid_loss	16483.7000732
batch	24570	valid_loss	16420.269043
batch	24600	valid_loss	16433.1142578
batch	24630	valid_loss	16555.2226562
batch	24660	valid_loss	16292.2042236
batch	24690	valid_loss	16251.7503662
batch	24720	valid_loss	16472.2537842
batch	24750	valid_loss	16264.5800781
batch	24780	valid_loss	16263.7252197
batch	24810	valid_loss	16198.5698242
batch	24840	valid_loss	16457.5632324
batch	24870	valid_loss	16148.5825195
batch	24900	valid_loss	16428.6450195
batch	24930	valid_loss	16027.2399902
batch	24960	valid_loss	16020.3497314
batch	24990	valid_loss	16435.7006836
STOP
