START
config	420	1140
batch	0	valid_loss	175880.033203
batch	20	valid_loss	117058.249023
batch	40	valid_loss	109003.764648
batch	60	valid_loss	104555.427734
batch	80	valid_loss	100848.597656
batch	100	valid_loss	97234.4755859
batch	120	valid_loss	94076.7304688
batch	140	valid_loss	90614.0546875
batch	160	valid_loss	87388.359375
batch	180	valid_loss	84243.3125
batch	200	valid_loss	81176.2680664
batch	220	valid_loss	78525.1977539
batch	240	valid_loss	75928.0380859
batch	260	valid_loss	73625.5922852
batch	280	valid_loss	71528.2260742
batch	300	valid_loss	69675.7563477
batch	320	valid_loss	67980.8764648
batch	340	valid_loss	66501.1259766
batch	360	valid_loss	65140.8320312
batch	380	valid_loss	64052.440918
batch	400	valid_loss	63034.5839844
batch	420	valid_loss	62123.1811523
batch	440	valid_loss	61318.1098633
batch	460	valid_loss	60687.1992188
batch	480	valid_loss	60029.8515625
batch	500	valid_loss	59366.3999023
batch	520	valid_loss	58843.4208984
batch	540	valid_loss	58522.4150391
batch	560	valid_loss	57896.4970703
batch	580	valid_loss	57548.6347656
batch	600	valid_loss	57181.2456055
batch	620	valid_loss	56887.5424805
batch	640	valid_loss	56494.0878906
batch	660	valid_loss	56196.421875
batch	680	valid_loss	55743.3291016
batch	700	valid_loss	55582.8110352
batch	720	valid_loss	55320.9995117
batch	740	valid_loss	55147.0307617
batch	760	valid_loss	54840.7392578
batch	780	valid_loss	54875.7373047
batch	800	valid_loss	54639.9897461
batch	820	valid_loss	54394.5947266
batch	840	valid_loss	54289.027832
batch	860	valid_loss	54219.0029297
batch	880	valid_loss	54065.4609375
batch	900	valid_loss	53910.7236328
batch	920	valid_loss	53783.2661133
batch	940	valid_loss	53752.1591797
batch	960	valid_loss	53570.1616211
batch	980	valid_loss	53401.4350586
batch	1000	valid_loss	53274.8613281
batch	1020	valid_loss	53257.9360352
batch	1040	valid_loss	53084.5170898
batch	1060	valid_loss	53072.2519531
batch	1080	valid_loss	53050.8364258
batch	1100	valid_loss	52974.9394531
batch	1120	valid_loss	52834.909668
batch	1140	valid_loss	52804.6010742
batch	1160	valid_loss	52930.5898438
batch	1180	valid_loss	52630.8706055
batch	1200	valid_loss	52761.0463867
batch	1220	valid_loss	52555.6113281
batch	1240	valid_loss	52554.5561523
batch	1260	valid_loss	52573.7543945
batch	1280	valid_loss	52429.8686523
batch	1300	valid_loss	52221.980957
batch	1320	valid_loss	52259.1279297
batch	1340	valid_loss	52168.8168945
batch	1360	valid_loss	52202.1826172
batch	1380	valid_loss	52112.4355469
batch	1400	valid_loss	52195.3525391
batch	1420	valid_loss	52133.1762695
batch	1440	valid_loss	51976.5292969
batch	1460	valid_loss	52012.7250977
batch	1480	valid_loss	52126.6083984
batch	1500	valid_loss	51993.3452148
batch	1520	valid_loss	51993.5820312
batch	1540	valid_loss	51968.6069336
batch	1560	valid_loss	52039.4008789
batch	1580	valid_loss	51924.5527344
batch	1600	valid_loss	51856.8823242
batch	1620	valid_loss	51666.0986328
batch	1640	valid_loss	51719.0571289
batch	1660	valid_loss	51650.125
batch	1680	valid_loss	51680.019043
batch	1700	valid_loss	51644.324707
batch	1720	valid_loss	51695.6049805
batch	1740	valid_loss	51653.5273438
batch	1760	valid_loss	51611.59375
batch	1780	valid_loss	51742.5273438
batch	1800	valid_loss	51630.4350586
batch	1820	valid_loss	51711.8134766
batch	1840	valid_loss	51602.6523438
batch	1860	valid_loss	51579.9345703
batch	1880	valid_loss	51665.2231445
batch	1900	valid_loss	51458.9794922
batch	1920	valid_loss	51379.4892578
batch	1940	valid_loss	51388.6992188
batch	1960	valid_loss	51372.8427734
batch	1980	valid_loss	51344.269043
batch	2000	valid_loss	51375.7338867
batch	2020	valid_loss	51447.7719727
batch	2040	valid_loss	51385.7749023
batch	2060	valid_loss	51291.6923828
batch	2080	valid_loss	51293.0400391
batch	2100	valid_loss	51548.15625
batch	2120	valid_loss	51321.3076172
batch	2140	valid_loss	51443.8408203
batch	2160	valid_loss	51308.0341797
batch	2180	valid_loss	51417.6635742
batch	2200	valid_loss	51379.0351562
batch	2220	valid_loss	51313.9482422
batch	2240	valid_loss	51055.7304688
batch	2260	valid_loss	51181.8842773
batch	2280	valid_loss	51143.4370117
batch	2300	valid_loss	51160.9174805
batch	2320	valid_loss	51067.4882812
batch	2340	valid_loss	51210.1967773
batch	2360	valid_loss	51230.6640625
batch	2380	valid_loss	51082.4248047
batch	2400	valid_loss	51185.199707
batch	2420	valid_loss	51179.815918
batch	2440	valid_loss	51250.9345703
batch	2460	valid_loss	51207.7182617
batch	2480	valid_loss	51118.3769531
batch	2500	valid_loss	51246.3227539
batch	2520	valid_loss	51087.1923828
batch	2540	valid_loss	51043.6064453
batch	2560	valid_loss	51030.328125
batch	2580	valid_loss	51011.8427734
batch	2600	valid_loss	50919.659668
batch	2620	valid_loss	51050.3486328
batch	2640	valid_loss	51074.2792969
batch	2660	valid_loss	51094.9174805
batch	2680	valid_loss	51033.2358398
batch	2700	valid_loss	51020.0864258
batch	2720	valid_loss	51190.8491211
batch	2740	valid_loss	50889.6162109
batch	2760	valid_loss	51142.4921875
batch	2780	valid_loss	50947.284668
batch	2800	valid_loss	51102.6000977
batch	2820	valid_loss	51103.9482422
batch	2840	valid_loss	50961.8964844
batch	2860	valid_loss	50828.4672852
batch	2880	valid_loss	50905.9033203
batch	2900	valid_loss	50855.4931641
batch	2920	valid_loss	50884.2695312
batch	2940	valid_loss	50839.1962891
batch	2960	valid_loss	50962.2553711
batch	2980	valid_loss	50956.5
batch	3000	valid_loss	50816.046875
batch	3020	valid_loss	50866.6655273
batch	3040	valid_loss	50985.0302734
batch	3060	valid_loss	50907.6279297
batch	3080	valid_loss	50915.8383789
batch	3100	valid_loss	50870.8618164
batch	3120	valid_loss	51034.090332
batch	3140	valid_loss	50897.5976562
batch	3160	valid_loss	50850.1201172
batch	3180	valid_loss	50729.3310547
batch	3200	valid_loss	50757.5800781
batch	3220	valid_loss	50750.3955078
batch	3240	valid_loss	50784.784668
batch	3260	valid_loss	50722.6279297
batch	3280	valid_loss	50878.3417969
batch	3300	valid_loss	50847.4287109
batch	3320	valid_loss	50769.2724609
batch	3340	valid_loss	50917.3139648
batch	3360	valid_loss	50802.6625977
batch	3380	valid_loss	50940.7856445
batch	3400	valid_loss	50837.9140625
batch	3420	valid_loss	50842.5654297
batch	3440	valid_loss	50926.9755859
batch	3460	valid_loss	50777.4018555
batch	3480	valid_loss	50691.1894531
batch	3500	valid_loss	50710.6357422
batch	3520	valid_loss	50704.5722656
batch	3540	valid_loss	50669.2475586
batch	3560	valid_loss	50736.5673828
batch	3580	valid_loss	50805.7333984
batch	3600	valid_loss	50736.2436523
batch	3620	valid_loss	50658.3212891
batch	3640	valid_loss	50712.1743164
batch	3660	valid_loss	50980.6479492
batch	3680	valid_loss	50660.3476562
batch	3700	valid_loss	50872.940918
batch	3720	valid_loss	50737.4057617
batch	3740	valid_loss	50911.3198242
batch	3760	valid_loss	50770.140625
batch	3780	valid_loss	50744.5849609
batch	3800	valid_loss	50555.809082
batch	3820	valid_loss	50624.3710938
batch	3840	valid_loss	50663.2836914
batch	3860	valid_loss	50684.9672852
batch	3880	valid_loss	50578.8769531
batch	3900	valid_loss	50769.9033203
batch	3920	valid_loss	50718.6069336
batch	3940	valid_loss	50612.0795898
batch	3960	valid_loss	50717.1611328
batch	3980	valid_loss	50698.8168945
batch	4000	valid_loss	50758.137207
batch	4020	valid_loss	50730.5561523
batch	4040	valid_loss	50680.8999023
batch	4060	valid_loss	50839.3974609
batch	4080	valid_loss	50677.730957
batch	4100	valid_loss	50602.8496094
batch	4120	valid_loss	50599.6762695
batch	4140	valid_loss	50631.2919922
batch	4160	valid_loss	50604.4790039
batch	4180	valid_loss	50636.5512695
batch	4200	valid_loss	50629.3886719
batch	4220	valid_loss	50718.3681641
batch	4240	valid_loss	50643.0429688
batch	4260	valid_loss	50648.7451172
batch	4280	valid_loss	50851.8686523
batch	4300	valid_loss	50608.6953125
batch	4320	valid_loss	50768.3525391
batch	4340	valid_loss	50620.3803711
batch	4360	valid_loss	50751.4042969
batch	4380	valid_loss	50777.3173828
batch	4400	valid_loss	50644.0908203
batch	4420	valid_loss	50444.8950195
batch	4440	valid_loss	50553.3188477
batch	4460	valid_loss	50494.8608398
batch	4480	valid_loss	50568.3608398
batch	4500	valid_loss	50479.9926758
batch	4520	valid_loss	50672.2978516
batch	4540	valid_loss	50624.1806641
batch	4560	valid_loss	50452.6625977
batch	4580	valid_loss	50574.0751953
batch	4600	valid_loss	50694.6279297
batch	4620	valid_loss	50621.7973633
batch	4640	valid_loss	50605.4458008
batch	4660	valid_loss	50621.7714844
batch	4680	valid_loss	50772.2241211
batch	4700	valid_loss	50586.2397461
batch	4720	valid_loss	50549.34375
batch	4740	valid_loss	50377.9511719
batch	4760	valid_loss	50488.1914062
batch	4780	valid_loss	50524.2719727
batch	4800	valid_loss	50549.1699219
batch	4820	valid_loss	50443.4985352
batch	4840	valid_loss	50634.8950195
batch	4860	valid_loss	50604.2548828
batch	4880	valid_loss	50517.6025391
batch	4900	valid_loss	50636.4443359
batch	4920	valid_loss	50538.7329102
batch	4940	valid_loss	50709.4633789
batch	4960	valid_loss	50591.9785156
batch	4980	valid_loss	50606.8222656
batch	5000	valid_loss	50729.8139648
batch	5020	valid_loss	50496.8061523
batch	5040	valid_loss	50440.331543
batch	5060	valid_loss	50472.9760742
batch	5080	valid_loss	50512.8554688
batch	5100	valid_loss	50441.6508789
batch	5120	valid_loss	50482.7290039
batch	5140	valid_loss	50595.5761719
batch	5160	valid_loss	50542.7524414
batch	5180	valid_loss	50476.5078125
batch	5200	valid_loss	50464.0927734
batch	5220	valid_loss	50795.722168
batch	5240	valid_loss	50489.4125977
batch	5260	valid_loss	50618.9433594
batch	5280	valid_loss	50536.828125
batch	5300	valid_loss	50678.984375
batch	5320	valid_loss	50570.253418
batch	5340	valid_loss	50533.6503906
batch	5360	valid_loss	50310.597168
batch	5380	valid_loss	50437.121582
batch	5400	valid_loss	50459.2563477
batch	5420	valid_loss	50477.8808594
batch	5440	valid_loss	50346.9077148
batch	5460	valid_loss	50535.2700195
batch	5480	valid_loss	50539.0253906
batch	5500	valid_loss	50379.8046875
batch	5520	valid_loss	50533.121582
batch	5540	valid_loss	50485.3925781
batch	5560	valid_loss	50644.5742188
batch	5580	valid_loss	50586.3320312
batch	5600	valid_loss	50527.6474609
batch	5620	valid_loss	50671.2749023
batch	5640	valid_loss	50500.9365234
batch	5660	valid_loss	50453.0068359
batch	5680	valid_loss	50428.012207
batch	5700	valid_loss	50489.3686523
batch	5720	valid_loss	50449.8764648
batch	5740	valid_loss	50515.2109375
batch	5760	valid_loss	50468.9970703
batch	5780	valid_loss	50578.2504883
batch	5800	valid_loss	50476.1865234
batch	5820	valid_loss	50517.0581055
batch	5840	valid_loss	50697.3388672
batch	5860	valid_loss	50383.8144531
batch	5880	valid_loss	50633.5048828
batch	5900	valid_loss	50427.5444336
batch	5920	valid_loss	50590.449707
batch	5940	valid_loss	50632.2192383
batch	5960	valid_loss	50467.0151367
batch	5980	valid_loss	50343.4306641
batch	6000	valid_loss	50378.7075195
batch	6020	valid_loss	50402.9599609
batch	6040	valid_loss	50419.3256836
batch	6060	valid_loss	50361.3710938
batch	6080	valid_loss	50531.2666016
batch	6100	valid_loss	50463.2402344
batch	6120	valid_loss	50307.6796875
batch	6140	valid_loss	50416.5083008
batch	6160	valid_loss	50552.3706055
batch	6180	valid_loss	50489.4760742
batch	6200	valid_loss	50509.7426758
batch	6220	valid_loss	50457.875
batch	6240	valid_loss	50621.800293
batch	6260	valid_loss	50481.0244141
batch	6280	valid_loss	50418.7485352
batch	6300	valid_loss	50251.6660156
batch	6320	valid_loss	50378.7338867
batch	6340	valid_loss	50367.7373047
batch	6360	valid_loss	50418.8330078
batch	6380	valid_loss	50317.0854492
batch	6400	valid_loss	50518.9838867
batch	6420	valid_loss	50488.5722656
batch	6440	valid_loss	50367.9702148
batch	6460	valid_loss	50559.2285156
batch	6480	valid_loss	50430.7451172
batch	6500	valid_loss	50604.0009766
batch	6520	valid_loss	50515.4726562
batch	6540	valid_loss	50481.1845703
batch	6560	valid_loss	50553.7041016
batch	6580	valid_loss	50417.355957
batch	6600	valid_loss	50302.8374023
batch	6620	valid_loss	50391.2109375
batch	6640	valid_loss	50376.3588867
batch	6660	valid_loss	50369.6162109
batch	6680	valid_loss	50408.4277344
batch	6700	valid_loss	50498.3359375
batch	6720	valid_loss	50458.0527344
batch	6740	valid_loss	50340.8203125
batch	6760	valid_loss	50359.0224609
batch	6780	valid_loss	50667.3168945
batch	6800	valid_loss	50361.3852539
batch	6820	valid_loss	50592.1489258
batch	6840	valid_loss	50465.628418
batch	6860	valid_loss	50623.2827148
batch	6880	valid_loss	50521.5571289
batch	6900	valid_loss	50460.6479492
batch	6920	valid_loss	50267.5063477
batch	6940	valid_loss	50385.4311523
batch	6960	valid_loss	50369.1704102
batch	6980	valid_loss	50395.6762695
batch	7000	valid_loss	50271.8022461
batch	7020	valid_loss	50502.800293
batch	7040	valid_loss	50451.331543
batch	7060	valid_loss	50305.0844727
batch	7080	valid_loss	50437.5126953
batch	7100	valid_loss	50434.9833984
batch	7120	valid_loss	50545.8862305
batch	7140	valid_loss	50461.7587891
batch	7160	valid_loss	50443.5258789
batch	7180	valid_loss	50607.2324219
batch	7200	valid_loss	50429.7207031
batch	7220	valid_loss	50325.5859375
batch	7240	valid_loss	50334.6279297
batch	7260	valid_loss	50386.9536133
batch	7280	valid_loss	50355.6860352
batch	7300	valid_loss	50421.2084961
batch	7320	valid_loss	50396.3276367
batch	7340	valid_loss	50486.1357422
batch	7360	valid_loss	50371.3149414
batch	7380	valid_loss	50397.3623047
batch	7400	valid_loss	50603.7158203
batch	7420	valid_loss	50349.9804688
batch	7440	valid_loss	50575.5874023
batch	7460	valid_loss	50393.3188477
batch	7480	valid_loss	50557.6962891
batch	7500	valid_loss	50570.277832
batch	7520	valid_loss	50367.9331055
batch	7540	valid_loss	50218.8383789
batch	7560	valid_loss	50311.2456055
batch	7580	valid_loss	50343.1699219
batch	7600	valid_loss	50343.9511719
batch	7620	valid_loss	50293.5332031
batch	7640	valid_loss	50459.5161133
batch	7660	valid_loss	50454.652832
batch	7680	valid_loss	50289.7333984
batch	7700	valid_loss	50383.4667969
batch	7720	valid_loss	50498.5014648
batch	7740	valid_loss	50410.7670898
batch	7760	valid_loss	50479.7084961
batch	7780	valid_loss	50415.7075195
batch	7800	valid_loss	50618.668457
batch	7820	valid_loss	50418.4667969
batch	7840	valid_loss	50371.6738281
batch	7860	valid_loss	50183.8071289
batch	7880	valid_loss	50318.9741211
batch	7900	valid_loss	50331.453125
batch	7920	valid_loss	50393.8300781
batch	7940	valid_loss	50261.4926758
batch	7960	valid_loss	50484.3100586
batch	7980	valid_loss	50442.4155273
batch	8000	valid_loss	50348.0756836
batch	8020	valid_loss	50531.8325195
batch	8040	valid_loss	50365.2910156
batch	8060	valid_loss	50535.0751953
batch	8080	valid_loss	50419.2905273
batch	8100	valid_loss	50451.7177734
batch	8120	valid_loss	50509.1865234
batch	8140	valid_loss	50351.8945312
batch	8160	valid_loss	50281.2675781
batch	8180	valid_loss	50266.9584961
batch	8200	valid_loss	50306.9887695
batch	8220	valid_loss	50305.159668
batch	8240	valid_loss	50379.1269531
batch	8260	valid_loss	50413.3911133
batch	8280	valid_loss	50391.0498047
batch	8300	valid_loss	50275.921875
batch	8320	valid_loss	50344.3305664
batch	8340	valid_loss	50628.1040039
batch	8360	valid_loss	50329.9321289
batch	8380	valid_loss	50528.730957
batch	8400	valid_loss	50385.5957031
batch	8420	valid_loss	50552.5551758
batch	8440	valid_loss	50425.5507812
batch	8460	valid_loss	50386.8535156
batch	8480	valid_loss	50180.5092773
batch	8500	valid_loss	50317.6982422
batch	8520	valid_loss	50346.1689453
batch	8540	valid_loss	50319.6103516
batch	8560	valid_loss	50257.5083008
batch	8580	valid_loss	50449.8310547
batch	8600	valid_loss	50449.0844727
batch	8620	valid_loss	50299.7255859
batch	8640	valid_loss	50421.9897461
batch	8660	valid_loss	50391.640625
batch	8680	valid_loss	50477.8813477
batch	8700	valid_loss	50404.9921875
batch	8720	valid_loss	50353.9262695
batch	8740	valid_loss	50588.4399414
batch	8760	valid_loss	50371.8613281
batch	8780	valid_loss	50317.1328125
batch	8800	valid_loss	50320.4311523
batch	8820	valid_loss	50350.5141602
batch	8840	valid_loss	50307.3881836
batch	8860	valid_loss	50410.2304688
batch	8880	valid_loss	50330.5908203
batch	8900	valid_loss	50449.7216797
batch	8920	valid_loss	50351.4013672
batch	8940	valid_loss	50366.2006836
batch	8960	valid_loss	50601.6801758
batch	8980	valid_loss	50315.421875
batch	9000	valid_loss	50546.5644531
batch	9020	valid_loss	50352.3837891
batch	9040	valid_loss	50470.3227539
batch	9060	valid_loss	50485.5327148
batch	9080	valid_loss	50395.2436523
batch	9100	valid_loss	50198.9038086
batch	9120	valid_loss	50323.8999023
batch	9140	valid_loss	50250.1069336
batch	9160	valid_loss	50318.9125977
batch	9180	valid_loss	50264.6040039
batch	9200	valid_loss	50432.4638672
batch	9220	valid_loss	50378.4394531
batch	9240	valid_loss	50228.4160156
batch	9260	valid_loss	50357.7695312
batch	9280	valid_loss	50424.7651367
batch	9300	valid_loss	50400.1772461
batch	9320	valid_loss	50443.3120117
batch	9340	valid_loss	50411.5009766
batch	9360	valid_loss	50570.0297852
batch	9380	valid_loss	50393.2700195
batch	9400	valid_loss	50353.8603516
batch	9420	valid_loss	50198.3256836
batch	9440	valid_loss	50294.7133789
batch	9460	valid_loss	50296.4086914
batch	9480	valid_loss	50350.6108398
batch	9500	valid_loss	50256.3530273
batch	9520	valid_loss	50401.4731445
batch	9540	valid_loss	50413.8237305
batch	9560	valid_loss	50323.9794922
batch	9580	valid_loss	50482.3798828
batch	9600	valid_loss	50341.3969727
batch	9620	valid_loss	50505.4746094
batch	9640	valid_loss	50429.5493164
batch	9660	valid_loss	50397.2602539
batch	9680	valid_loss	50517.4194336
batch	9700	valid_loss	50353.4570312
batch	9720	valid_loss	50311.8852539
batch	9740	valid_loss	50263.7172852
batch	9760	valid_loss	50299.7407227
batch	9780	valid_loss	50272.2729492
batch	9800	valid_loss	50332.3286133
batch	9820	valid_loss	50403.6948242
batch	9840	valid_loss	50371.6342773
batch	9860	valid_loss	50262.3901367
batch	9880	valid_loss	50276.2280273
batch	9900	valid_loss	50619.559082
batch	9920	valid_loss	50269.3193359
batch	9940	valid_loss	50472.3125
batch	9960	valid_loss	50398.6547852
batch	9980	valid_loss	50503.4091797
batch	10000	valid_loss	50435.9223633
batch	10020	valid_loss	50388.2617188
batch	10040	valid_loss	50148.3417969
batch	10060	valid_loss	50313.2905273
batch	10080	valid_loss	50301.8339844
batch	10100	valid_loss	50292.8359375
batch	10120	valid_loss	50212.3095703
batch	10140	valid_loss	50408.9365234
batch	10160	valid_loss	50401.0449219
batch	10180	valid_loss	50242.9335938
batch	10200	valid_loss	50401.269043
batch	10220	valid_loss	50344.4521484
batch	10240	valid_loss	50490.206543
batch	10260	valid_loss	50417.8486328
batch	10280	valid_loss	50379.7363281
batch	10300	valid_loss	50529.0961914
batch	10320	valid_loss	50343.6557617
batch	10340	valid_loss	50277.2758789
batch	10360	valid_loss	50286.2929688
batch	10380	valid_loss	50340.609375
batch	10400	valid_loss	50256.109375
batch	10420	valid_loss	50338.1342773
batch	10440	valid_loss	50304.7817383
batch	10460	valid_loss	50414.9604492
batch	10480	valid_loss	50331.5180664
batch	10500	valid_loss	50380.5961914
batch	10520	valid_loss	50559.3901367
batch	10540	valid_loss	50289.5595703
batch	10560	valid_loss	50481.6186523
batch	10580	valid_loss	50304.1098633
batch	10600	valid_loss	50442.5146484
batch	10620	valid_loss	50484.9550781
batch	10640	valid_loss	50335.9082031
batch	10660	valid_loss	50188.8383789
batch	10680	valid_loss	50256.590332
batch	10700	valid_loss	50272.6967773
batch	10720	valid_loss	50288.1191406
batch	10740	valid_loss	50234.7749023
batch	10760	valid_loss	50379.8012695
batch	10780	valid_loss	50381.6889648
batch	10800	valid_loss	50196.7475586
batch	10820	valid_loss	50334.184082
batch	10840	valid_loss	50450.4169922
batch	10860	valid_loss	50378.3818359
batch	10880	valid_loss	50411.1425781
batch	10900	valid_loss	50361.9223633
batch	10920	valid_loss	50576.5053711
batch	10940	valid_loss	50385.1948242
batch	10960	valid_loss	50269.2480469
batch	10980	valid_loss	50165.8100586
batch	11000	valid_loss	50266.4140625
batch	11020	valid_loss	50254.2104492
batch	11040	valid_loss	50335.5117188
batch	11060	valid_loss	50220.6108398
batch	11080	valid_loss	50427.0307617
batch	11100	valid_loss	50393.6728516
batch	11120	valid_loss	50359.3286133
batch	11140	valid_loss	50452.1591797
batch	11160	valid_loss	50303.6582031
batch	11180	valid_loss	50481.9951172
batch	11200	valid_loss	50366.3789062
batch	11220	valid_loss	50390.7587891
batch	11240	valid_loss	50469.4555664
batch	11260	valid_loss	50345.9287109
batch	11280	valid_loss	50249.6191406
batch	11300	valid_loss	50300.4116211
batch	11320	valid_loss	50294.1113281
batch	11340	valid_loss	50264.9174805
batch	11360	valid_loss	50306.1850586
batch	11380	valid_loss	50368.7890625
batch	11400	valid_loss	50359.3398438
batch	11420	valid_loss	50275.5253906
batch	11440	valid_loss	50288.5522461
batch	11460	valid_loss	50572.9633789
batch	11480	valid_loss	50309.1484375
batch	11500	valid_loss	50488.5571289
batch	11520	valid_loss	50324.2216797
batch	11540	valid_loss	50470.1064453
batch	11560	valid_loss	50421.7348633
batch	11580	valid_loss	50390.5473633
batch	11600	valid_loss	50155.8500977
batch	11620	valid_loss	50274.8125
batch	11640	valid_loss	50307.1162109
batch	11660	valid_loss	50329.7231445
batch	11680	valid_loss	50178.0839844
batch	11700	valid_loss	50413.7382812
batch	11720	valid_loss	50367.6362305
batch	11740	valid_loss	50245.2827148
batch	11760	valid_loss	50374.1938477
batch	11780	valid_loss	50334.7558594
batch	11800	valid_loss	50439.7109375
batch	11820	valid_loss	50393.0986328
batch	11840	valid_loss	50383.8251953
batch	11860	valid_loss	50520.6044922
batch	11880	valid_loss	50306.5541992
batch	11900	valid_loss	50261.8310547
batch	11920	valid_loss	50232.4829102
batch	11940	valid_loss	50275.2075195
batch	11960	valid_loss	50236.8398438
batch	11980	valid_loss	50354.0932617
batch	12000	valid_loss	50353.3671875
batch	12020	valid_loss	50389.3193359
batch	12040	valid_loss	50310.8164062
batch	12060	valid_loss	50341.5351562
batch	12080	valid_loss	50552.6879883
batch	12100	valid_loss	50237.9970703
batch	12120	valid_loss	50527.2504883
batch	12140	valid_loss	50314.5283203
batch	12160	valid_loss	50391.1875
batch	12180	valid_loss	50459.90625
batch	12200	valid_loss	50297.9570312
batch	12220	valid_loss	50222.0195312
batch	12240	valid_loss	50292.7011719
batch	12260	valid_loss	50253.6557617
batch	12280	valid_loss	50305.453125
batch	12300	valid_loss	50238.059082
batch	12320	valid_loss	50371.4741211
batch	12340	valid_loss	50343.3027344
batch	12360	valid_loss	50207.4829102
batch	12380	valid_loss	50342.4262695
batch	12400	valid_loss	50425.1679688
batch	12420	valid_loss	50381.6411133
batch	12440	valid_loss	50382.9589844
batch	12460	valid_loss	50369.7109375
batch	12480	valid_loss	50547.9389648
batch	12500	valid_loss	50374.7128906
batch	12520	valid_loss	50268.3847656
batch	12540	valid_loss	50152.456543
batch	12560	valid_loss	50226.5649414
batch	12580	valid_loss	50269.5146484
batch	12600	valid_loss	50306.9897461
batch	12620	valid_loss	50187.503418
batch	12640	valid_loss	50399.2075195
batch	12660	valid_loss	50400.8618164
batch	12680	valid_loss	50303.2407227
batch	12700	valid_loss	50449.1069336
batch	12720	valid_loss	50325.7587891
batch	12740	valid_loss	50483.3388672
batch	12760	valid_loss	50397.1787109
batch	12780	valid_loss	50367.3339844
batch	12800	valid_loss	50475.9736328
batch	12820	valid_loss	50318.5546875
batch	12840	valid_loss	50220.7709961
batch	12860	valid_loss	50216.5014648
batch	12880	valid_loss	50325.8852539
batch	12900	valid_loss	50270.421875
batch	12920	valid_loss	50289.1738281
batch	12940	valid_loss	50410.0629883
batch	12960	valid_loss	50314.5834961
batch	12980	valid_loss	50237.7397461
batch	13000	valid_loss	50322.2763672
batch	13020	valid_loss	50563.8442383
batch	13040	valid_loss	50253.1235352
batch	13060	valid_loss	50500.9458008
batch	13080	valid_loss	50318.2441406
batch	13100	valid_loss	50526.7939453
batch	13120	valid_loss	50433.472168
batch	13140	valid_loss	50383.3520508
batch	13160	valid_loss	50143.2109375
batch	13180	valid_loss	50247.0844727
batch	13200	valid_loss	50254.840332
batch	13220	valid_loss	50257.171875
batch	13240	valid_loss	50209.7397461
batch	13260	valid_loss	50394.4643555
batch	13280	valid_loss	50401.4921875
batch	13300	valid_loss	50255.0791016
batch	13320	valid_loss	50364.4838867
batch	13340	valid_loss	50296.3027344
batch	13360	valid_loss	50408.9389648
batch	13380	valid_loss	50375.0629883
batch	13400	valid_loss	50340.6987305
batch	13420	valid_loss	50509.8134766
batch	13440	valid_loss	50323.574707
batch	13460	valid_loss	50272.5449219
batch	13480	valid_loss	50272.3549805
batch	13500	valid_loss	50288.449707
batch	13520	valid_loss	50269.75
batch	13540	valid_loss	50344.1289062
batch	13560	valid_loss	50303.3320312
batch	13580	valid_loss	50402.3222656
batch	13600	valid_loss	50300.2167969
batch	13620	valid_loss	50337.269043
batch	13640	valid_loss	50504.4414062
batch	13660	valid_loss	50275.6337891
batch	13680	valid_loss	50507.1953125
batch	13700	valid_loss	50322.847168
batch	13720	valid_loss	50409.6816406
batch	13740	valid_loss	50453.3574219
batch	13760	valid_loss	50315.3676758
batch	13780	valid_loss	50150.8696289
batch	13800	valid_loss	50254.5336914
batch	13820	valid_loss	50242.9511719
batch	13840	valid_loss	50294.4174805
batch	13860	valid_loss	50239.6113281
batch	13880	valid_loss	50389.7324219
batch	13900	valid_loss	50360.8051758
batch	13920	valid_loss	50216.4267578
batch	13940	valid_loss	50348.2436523
batch	13960	valid_loss	50431.1508789
batch	13980	valid_loss	50344.3413086
batch	14000	valid_loss	50407.9545898
batch	14020	valid_loss	50345.1743164
batch	14040	valid_loss	50533.2719727
batch	14060	valid_loss	50373.7006836
batch	14080	valid_loss	50270.9912109
batch	14100	valid_loss	50180.6074219
batch	14120	valid_loss	50259.0932617
batch	14140	valid_loss	50296.4619141
batch	14160	valid_loss	50272.5810547
batch	14180	valid_loss	50169.550293
batch	14200	valid_loss	50390.3911133
batch	14220	valid_loss	50362.5947266
batch	14240	valid_loss	50321.7299805
batch	14260	valid_loss	50406.2392578
batch	14280	valid_loss	50274.2485352
batch	14300	valid_loss	50445.3613281
batch	14320	valid_loss	50380.6240234
batch	14340	valid_loss	50392.1616211
batch	14360	valid_loss	50475.1831055
batch	14380	valid_loss	50284.5078125
batch	14400	valid_loss	50261.1708984
batch	14420	valid_loss	50228.2299805
batch	14440	valid_loss	50291.6567383
batch	14460	valid_loss	50240.0258789
batch	14480	valid_loss	50306.7817383
batch	14500	valid_loss	50387.0537109
batch	14520	valid_loss	50329.0864258
batch	14540	valid_loss	50236.8603516
batch	14560	valid_loss	50289.8320312
batch	14580	valid_loss	50558.3022461
batch	14600	valid_loss	50309.7744141
batch	14620	valid_loss	50485.0976562
batch	14640	valid_loss	50331.1391602
batch	14660	valid_loss	50506.8276367
batch	14680	valid_loss	50409.4770508
batch	14700	valid_loss	50381.300293
batch	14720	valid_loss	50127.480957
batch	14740	valid_loss	50229.7382812
batch	14760	valid_loss	50263.3129883
batch	14780	valid_loss	50245.5742188
batch	14800	valid_loss	50199.9541016
batch	14820	valid_loss	50355.6381836
batch	14840	valid_loss	50353.1430664
batch	14860	valid_loss	50255.1254883
batch	14880	valid_loss	50329.6870117
batch	14900	valid_loss	50297.4755859
batch	14920	valid_loss	50435.9389648
batch	14940	valid_loss	50373.6376953
batch	14960	valid_loss	50347.6552734
batch	14980	valid_loss	50506.4541016
batch	15000	valid_loss	50342.9770508
batch	15020	valid_loss	50242.7177734
batch	15040	valid_loss	50246.4755859
batch	15060	valid_loss	50301.331543
batch	15080	valid_loss	50269.3217773
batch	15100	valid_loss	50336.2338867
batch	15120	valid_loss	50296.5097656
batch	15140	valid_loss	50391.2470703
batch	15160	valid_loss	50283.9658203
batch	15180	valid_loss	50354.109375
batch	15200	valid_loss	50517.3286133
batch	15220	valid_loss	50252.112793
batch	15240	valid_loss	50467.6064453
batch	15260	valid_loss	50316.1357422
batch	15280	valid_loss	50405.9750977
batch	15300	valid_loss	50434.0317383
batch	15320	valid_loss	50309.1162109
batch	15340	valid_loss	50166.7783203
batch	15360	valid_loss	50276.8583984
batch	15380	valid_loss	50304.1030273
batch	15400	valid_loss	50315.8535156
batch	15420	valid_loss	50226.5791016
batch	15440	valid_loss	50417.40625
batch	15460	valid_loss	50343.9443359
batch	15480	valid_loss	50195.2363281
batch	15500	valid_loss	50309.8193359
batch	15520	valid_loss	50408.9833984
batch	15540	valid_loss	50364.5200195
batch	15560	valid_loss	50349.2749023
batch	15580	valid_loss	50313.7006836
batch	15600	valid_loss	50511.6171875
batch	15620	valid_loss	50357.8896484
batch	15640	valid_loss	50288.6987305
batch	15660	valid_loss	50176.8452148
batch	15680	valid_loss	50237.1938477
batch	15700	valid_loss	50266.418457
batch	15720	valid_loss	50282.3388672
batch	15740	valid_loss	50148.3349609
batch	15760	valid_loss	50369.5839844
batch	15780	valid_loss	50357.0029297
batch	15800	valid_loss	50311.9238281
batch	15820	valid_loss	50420.1796875
batch	15840	valid_loss	50289.5053711
batch	15860	valid_loss	50485.550293
batch	15880	valid_loss	50378.9453125
batch	15900	valid_loss	50377.0126953
batch	15920	valid_loss	50442.1796875
batch	15940	valid_loss	50324.5410156
batch	15960	valid_loss	50215.6640625
batch	15980	valid_loss	50217.7817383
batch	16000	valid_loss	50283.0620117
batch	16020	valid_loss	50230.8256836
batch	16040	valid_loss	50291.9951172
batch	16060	valid_loss	50349.1982422
batch	16080	valid_loss	50314.4331055
batch	16100	valid_loss	50201.3242188
batch	16120	valid_loss	50275.2851562
batch	16140	valid_loss	50561.6621094
batch	16160	valid_loss	50232.9384766
batch	16180	valid_loss	50410.8354492
batch	16200	valid_loss	50292.6391602
batch	16220	valid_loss	50471.4174805
batch	16240	valid_loss	50333.2011719
batch	16260	valid_loss	50359.1899414
batch	16280	valid_loss	50118.2880859
batch	16300	valid_loss	50219.8959961
batch	16320	valid_loss	50231.1523438
batch	16340	valid_loss	50267.3095703
batch	16360	valid_loss	50198.0644531
batch	16380	valid_loss	50385.0874023
batch	16400	valid_loss	50376.1308594
batch	16420	valid_loss	50213.9101562
batch	16440	valid_loss	50346.4707031
batch	16460	valid_loss	50313.8862305
batch	16480	valid_loss	50397.1049805
batch	16500	valid_loss	50376.3203125
batch	16520	valid_loss	50305.5556641
batch	16540	valid_loss	50537.9404297
batch	16560	valid_loss	50315.0917969
batch	16580	valid_loss	50264.9301758
batch	16600	valid_loss	50268.9101562
batch	16620	valid_loss	50274.7866211
batch	16640	valid_loss	50265.7978516
batch	16660	valid_loss	50339.8662109
batch	16680	valid_loss	50327.019043
batch	16700	valid_loss	50437.387207
batch	16720	valid_loss	50276.9130859
batch	16740	valid_loss	50293.2675781
batch	16760	valid_loss	50541.8666992
batch	16780	valid_loss	50243.105957
batch	16800	valid_loss	50455.9785156
batch	16820	valid_loss	50274.8540039
batch	16840	valid_loss	50434.1801758
batch	16860	valid_loss	50403.2709961
batch	16880	valid_loss	50283.7685547
batch	16900	valid_loss	50152.8071289
batch	16920	valid_loss	50262.715332
batch	16940	valid_loss	50253.3344727
batch	16960	valid_loss	50204.9125977
batch	16980	valid_loss	50202.2680664
batch	17000	valid_loss	50391.7954102
batch	17020	valid_loss	50383.9702148
batch	17040	valid_loss	50201.7895508
batch	17060	valid_loss	50322.5834961
batch	17080	valid_loss	50409.4438477
batch	17100	valid_loss	50354.1220703
batch	17120	valid_loss	50346.0380859
batch	17140	valid_loss	50336.6914062
batch	17160	valid_loss	50551.9462891
batch	17180	valid_loss	50347.0253906
batch	17200	valid_loss	50272.1396484
batch	17220	valid_loss	50174.4985352
batch	17240	valid_loss	50258.7143555
batch	17260	valid_loss	50269.6489258
batch	17280	valid_loss	50280.8583984
batch	17300	valid_loss	50192.625
batch	17320	valid_loss	50340.7045898
batch	17340	valid_loss	50350.2871094
batch	17360	valid_loss	50279.4926758
batch	17380	valid_loss	50427.7226562
batch	17400	valid_loss	50245.4428711
batch	17420	valid_loss	50460.2084961
batch	17440	valid_loss	50357.4794922
batch	17460	valid_loss	50332.3623047
batch	17480	valid_loss	50469.3984375
batch	17500	valid_loss	50240.8212891
batch	17520	valid_loss	50184.8129883
batch	17540	valid_loss	50240.565918
batch	17560	valid_loss	50299.9233398
batch	17580	valid_loss	50275.2993164
batch	17600	valid_loss	50315.0922852
batch	17620	valid_loss	50346.3173828
batch	17640	valid_loss	50324.2944336
batch	17660	valid_loss	50243.2358398
batch	17680	valid_loss	50266.90625
batch	17700	valid_loss	50557.3378906
batch	17720	valid_loss	50256.4785156
batch	17740	valid_loss	50467.8364258
batch	17760	valid_loss	50353.0141602
batch	17780	valid_loss	50457.4912109
batch	17800	valid_loss	50372.1899414
batch	17820	valid_loss	50360.5039062
batch	17840	valid_loss	50146.4775391
batch	17860	valid_loss	50243.5683594
batch	17880	valid_loss	50251.8300781
batch	17900	valid_loss	50289.375
batch	17920	valid_loss	50144.2495117
batch	17940	valid_loss	50320.5639648
batch	17960	valid_loss	50388.6494141
batch	17980	valid_loss	50235.0786133
batch	18000	valid_loss	50362.6723633
batch	18020	valid_loss	50311.8149414
batch	18040	valid_loss	50457.84375
batch	18060	valid_loss	50356.940918
batch	18080	valid_loss	50306.855957
batch	18100	valid_loss	50459.2148438
batch	18120	valid_loss	50328.0380859
batch	18140	valid_loss	50251.1816406
batch	18160	valid_loss	50244.1845703
batch	18180	valid_loss	50247.0795898
batch	18200	valid_loss	50241.3579102
batch	18220	valid_loss	50372.9599609
batch	18240	valid_loss	50268.5395508
batch	18260	valid_loss	50389.3344727
batch	18280	valid_loss	50287.3598633
batch	18300	valid_loss	50305.1635742
batch	18320	valid_loss	50491.8720703
batch	18340	valid_loss	50254.5395508
batch	18360	valid_loss	50491.8017578
batch	18380	valid_loss	50248.8139648
batch	18400	valid_loss	50409.2363281
batch	18420	valid_loss	50432.5429688
batch	18440	valid_loss	50303.6523438
batch	18460	valid_loss	50187.9536133
batch	18480	valid_loss	50251.3417969
batch	18500	valid_loss	50264.934082
batch	18520	valid_loss	50265.6484375
batch	18540	valid_loss	50181.8071289
batch	18560	valid_loss	50346.7973633
batch	18580	valid_loss	50362.128418
batch	18600	valid_loss	50157.722168
batch	18620	valid_loss	50293.8642578
batch	18640	valid_loss	50405.402832
batch	18660	valid_loss	50309.4365234
batch	18680	valid_loss	50365.3500977
batch	18700	valid_loss	50326.2226562
batch	18720	valid_loss	50531.3071289
batch	18740	valid_loss	50363.0756836
batch	18760	valid_loss	50274.2836914
batch	18780	valid_loss	50134.8256836
batch	18800	valid_loss	50227.9858398
batch	18820	valid_loss	50259.1181641
batch	18840	valid_loss	50291.9682617
batch	18860	valid_loss	50161.8769531
batch	18880	valid_loss	50386.4790039
batch	18900	valid_loss	50379.3071289
batch	18920	valid_loss	50259.6928711
batch	18940	valid_loss	50438.8393555
batch	18960	valid_loss	50277.4296875
batch	18980	valid_loss	50488.8271484
batch	19000	valid_loss	50364.7353516
batch	19020	valid_loss	50385.5820312
batch	19040	valid_loss	50460.0561523
batch	19060	valid_loss	50256.7402344
batch	19080	valid_loss	50202.765625
batch	19100	valid_loss	50246.6669922
batch	19120	valid_loss	50278.7490234
batch	19140	valid_loss	50247.7382812
batch	19160	valid_loss	50318.1958008
batch	19180	valid_loss	50393.3271484
batch	19200	valid_loss	50309.472168
batch	19220	valid_loss	50251.6757812
batch	19240	valid_loss	50302.1357422
batch	19260	valid_loss	50578.8867188
batch	19280	valid_loss	50221.4526367
batch	19300	valid_loss	50468.0410156
batch	19320	valid_loss	50337.5239258
batch	19340	valid_loss	50506.1352539
batch	19360	valid_loss	50390.6220703
batch	19380	valid_loss	50335.4794922
batch	19400	valid_loss	50123.0917969
batch	19420	valid_loss	50224.0112305
batch	19440	valid_loss	50254.4648438
batch	19460	valid_loss	50282.4091797
batch	19480	valid_loss	50155.3798828
batch	19500	valid_loss	50380.4833984
batch	19520	valid_loss	50365.6967773
batch	19540	valid_loss	50212.1035156
batch	19560	valid_loss	50364.3393555
batch	19580	valid_loss	50337.6689453
batch	19600	valid_loss	50408.5024414
batch	19620	valid_loss	50377.5654297
batch	19640	valid_loss	50342.9624023
batch	19660	valid_loss	50561.4863281
batch	19680	valid_loss	50313.9663086
batch	19700	valid_loss	50229.6289062
batch	19720	valid_loss	50267.6240234
batch	19740	valid_loss	50265.0751953
batch	19760	valid_loss	50246.9526367
batch	19780	valid_loss	50321.7294922
batch	19800	valid_loss	50241.9521484
batch	19820	valid_loss	50395.6791992
batch	19840	valid_loss	50304.9731445
batch	19860	valid_loss	50356.9794922
batch	19880	valid_loss	50497.8564453
batch	19900	valid_loss	50227.5039062
batch	19920	valid_loss	50494.7578125
batch	19940	valid_loss	50303.9902344
batch	19960	valid_loss	50434.6777344
batch	19980	valid_loss	50461.9482422
batch	20000	valid_loss	50288.2416992
batch	20020	valid_loss	50139.7128906
batch	20040	valid_loss	50216.6621094
batch	20060	valid_loss	50248.0922852
batch	20080	valid_loss	50264.9716797
batch	20100	valid_loss	50220.6508789
batch	20120	valid_loss	50371.1352539
batch	20140	valid_loss	50348.2348633
batch	20160	valid_loss	50238.1147461
batch	20180	valid_loss	50311.2739258
batch	20200	valid_loss	50420.0961914
batch	20220	valid_loss	50303.1967773
batch	20240	valid_loss	50366.5732422
batch	20260	valid_loss	50298.9257812
batch	20280	valid_loss	50501.4399414
batch	20300	valid_loss	50301.605957
batch	20320	valid_loss	50225.3461914
batch	20340	valid_loss	50114.1699219
batch	20360	valid_loss	50205.4467773
batch	20380	valid_loss	50246.7573242
batch	20400	valid_loss	50271.1342773
batch	20420	valid_loss	50205.5063477
batch	20440	valid_loss	50414.9179688
batch	20460	valid_loss	50318.3671875
batch	20480	valid_loss	50321.0249023
batch	20500	valid_loss	50443.6235352
batch	20520	valid_loss	50235.3481445
batch	20540	valid_loss	50442.8291016
batch	20560	valid_loss	50321.2797852
batch	20580	valid_loss	50369.1987305
batch	20600	valid_loss	50464.7436523
batch	20620	valid_loss	50248.3989258
batch	20640	valid_loss	50172.9277344
batch	20660	valid_loss	50247.7714844
batch	20680	valid_loss	50277.9287109
batch	20700	valid_loss	50216.440918
batch	20720	valid_loss	50310.4116211
batch	20740	valid_loss	50361.8974609
batch	20760	valid_loss	50308.3422852
batch	20780	valid_loss	50240.6044922
batch	20800	valid_loss	50265.9892578
batch	20820	valid_loss	50554.5253906
batch	20840	valid_loss	50230.5234375
batch	20860	valid_loss	50435.840332
batch	20880	valid_loss	50311.5273438
batch	20900	valid_loss	50461.2954102
batch	20920	valid_loss	50379.2524414
batch	20940	valid_loss	50291.8828125
batch	20960	valid_loss	50105.7338867
batch	20980	valid_loss	50225.3442383
batch	21000	valid_loss	50241.581543
batch	21020	valid_loss	50260.8427734
batch	21040	valid_loss	50178.0654297
batch	21060	valid_loss	50364.9541016
batch	21080	valid_loss	50359.8500977
batch	21100	valid_loss	50198.8569336
batch	21120	valid_loss	50301.5249023
batch	21140	valid_loss	50307.0092773
batch	21160	valid_loss	50415.612793
batch	21180	valid_loss	50347.3208008
batch	21200	valid_loss	50308.465332
batch	21220	valid_loss	50481.2368164
batch	21240	valid_loss	50345.0463867
batch	21260	valid_loss	50235.0922852
batch	21280	valid_loss	50224.4824219
batch	21300	valid_loss	50284.3901367
batch	21320	valid_loss	50232.1801758
batch	21340	valid_loss	50297.4194336
batch	21360	valid_loss	50284.0541992
batch	21380	valid_loss	50367.0771484
batch	21400	valid_loss	50304.6245117
batch	21420	valid_loss	50321.8007812
batch	21440	valid_loss	50513.7373047
batch	21460	valid_loss	50239.5429688
batch	21480	valid_loss	50469.8989258
batch	21500	valid_loss	50249.9477539
batch	21520	valid_loss	50423.9179688
batch	21540	valid_loss	50420.6083984
batch	21560	valid_loss	50289.5317383
batch	21580	valid_loss	50160.0043945
batch	21600	valid_loss	50237.3779297
batch	21620	valid_loss	50244.675293
batch	21640	valid_loss	50252.7919922
batch	21660	valid_loss	50174.8129883
batch	21680	valid_loss	50361.9858398
batch	21700	valid_loss	50360.8735352
batch	21720	valid_loss	50185.625
batch	21740	valid_loss	50298.0180664
batch	21760	valid_loss	50404.2714844
batch	21780	valid_loss	50319.109375
batch	21800	valid_loss	50362.081543
batch	21820	valid_loss	50314.8969727
batch	21840	valid_loss	50508.2460938
batch	21860	valid_loss	50384.2319336
batch	21880	valid_loss	50245.4013672
batch	21900	valid_loss	50109.7089844
batch	21920	valid_loss	50227.5625
batch	21940	valid_loss	50219.0810547
batch	21960	valid_loss	50298.847168
batch	21980	valid_loss	50180.4331055
batch	22000	valid_loss	50394.7910156
batch	22020	valid_loss	50366.6586914
batch	22040	valid_loss	50309.0908203
batch	22060	valid_loss	50368.2524414
batch	22080	valid_loss	50288.2006836
batch	22100	valid_loss	50467.4858398
batch	22120	valid_loss	50346.9335938
batch	22140	valid_loss	50352.6821289
batch	22160	valid_loss	50442.1176758
batch	22180	valid_loss	50282.1943359
batch	22200	valid_loss	50208.1459961
batch	22220	valid_loss	50241.2666016
batch	22240	valid_loss	50305.5615234
batch	22260	valid_loss	50183.8378906
batch	22280	valid_loss	50290.5634766
batch	22300	valid_loss	50349.1391602
batch	22320	valid_loss	50308.4023438
batch	22340	valid_loss	50241.3876953
batch	22360	valid_loss	50272.6049805
batch	22380	valid_loss	50551.6943359
batch	22400	valid_loss	50238.2851562
batch	22420	valid_loss	50396.2050781
batch	22440	valid_loss	50283.1401367
batch	22460	valid_loss	50470.0820312
batch	22480	valid_loss	50386.3837891
batch	22500	valid_loss	50309.4492188
batch	22520	valid_loss	50109.703125
batch	22540	valid_loss	50219.7182617
batch	22560	valid_loss	50234.7011719
batch	22580	valid_loss	50265.6699219
batch	22600	valid_loss	50175.7294922
batch	22620	valid_loss	50339.0708008
batch	22640	valid_loss	50377.7148438
batch	22660	valid_loss	50175.2680664
batch	22680	valid_loss	50331.2211914
batch	22700	valid_loss	50305.746582
batch	22720	valid_loss	50399.9760742
batch	22740	valid_loss	50319.0498047
batch	22760	valid_loss	50318.8984375
batch	22780	valid_loss	50474.4926758
batch	22800	valid_loss	50315.9301758
batch	22820	valid_loss	50251.4155273
batch	22840	valid_loss	50209.8666992
batch	22860	valid_loss	50265.3129883
batch	22880	valid_loss	50223.7661133
batch	22900	valid_loss	50280.6660156
batch	22920	valid_loss	50268.3505859
batch	22940	valid_loss	50378.7358398
batch	22960	valid_loss	50284.7958984
batch	22980	valid_loss	50302.7548828
batch	23000	valid_loss	50495.2216797
batch	23020	valid_loss	50231.4575195
batch	23040	valid_loss	50470.2436523
batch	23060	valid_loss	50289.3129883
batch	23080	valid_loss	50389.5839844
batch	23100	valid_loss	50446.9287109
batch	23120	valid_loss	50315.9448242
batch	23140	valid_loss	50171.6948242
batch	23160	valid_loss	50239.8671875
batch	23180	valid_loss	50271.9145508
batch	23200	valid_loss	50282.9487305
batch	23220	valid_loss	50165.0400391
batch	23240	valid_loss	50362.0063477
batch	23260	valid_loss	50333.6611328
batch	23280	valid_loss	50174.4145508
batch	23300	valid_loss	50273.2338867
batch	23320	valid_loss	50390.8261719
batch	23340	valid_loss	50273.0087891
batch	23360	valid_loss	50350.2485352
batch	23380	valid_loss	50334.5
batch	23400	valid_loss	50527.6162109
batch	23420	valid_loss	50367.3046875
batch	23440	valid_loss	50275.1538086
batch	23460	valid_loss	50144.8706055
batch	23480	valid_loss	50275.9511719
batch	23500	valid_loss	50226.5527344
batch	23520	valid_loss	50285.4770508
batch	23540	valid_loss	50175.5454102
batch	23560	valid_loss	50401.6689453
batch	23580	valid_loss	50368.6567383
batch	23600	valid_loss	50295.3017578
batch	23620	valid_loss	50415.6352539
batch	23640	valid_loss	50259.8930664
batch	23660	valid_loss	50433.9912109
batch	23680	valid_loss	50328.7563477
batch	23700	valid_loss	50352.8579102
batch	23720	valid_loss	50396.1118164
batch	23740	valid_loss	50247.0756836
batch	23760	valid_loss	50155.5126953
batch	23780	valid_loss	50239.6342773
batch	23800	valid_loss	50270.3911133
batch	23820	valid_loss	50187.4194336
batch	23840	valid_loss	50269.8496094
batch	23860	valid_loss	50343.9023438
batch	23880	valid_loss	50326.7475586
batch	23900	valid_loss	50232.84375
batch	23920	valid_loss	50233.1000977
batch	23940	valid_loss	50556.4526367
batch	23960	valid_loss	50224.9760742
batch	23980	valid_loss	50421.5732422
batch	24000	valid_loss	50276.1347656
batch	24020	valid_loss	50474.2973633
batch	24040	valid_loss	50380.6884766
batch	24060	valid_loss	50312.3149414
batch	24080	valid_loss	50079.5561523
batch	24100	valid_loss	50249.4985352
batch	24120	valid_loss	50263.902832
batch	24140	valid_loss	50245.2788086
batch	24160	valid_loss	50186.5263672
batch	24180	valid_loss	50319.3686523
batch	24200	valid_loss	50342.7744141
batch	24220	valid_loss	50255.2944336
batch	24240	valid_loss	50326.5244141
batch	24260	valid_loss	50314.5668945
batch	24280	valid_loss	50398.3198242
batch	24300	valid_loss	50307.8198242
batch	24320	valid_loss	50333.2885742
batch	24340	valid_loss	50515.1430664
batch	24360	valid_loss	50336.9033203
batch	24380	valid_loss	50217.0878906
batch	24400	valid_loss	50279.2026367
batch	24420	valid_loss	50273.5703125
batch	24440	valid_loss	50265.2539062
batch	24460	valid_loss	50340.8652344
batch	24480	valid_loss	50250.6293945
batch	24500	valid_loss	50377.1689453
batch	24520	valid_loss	50282.1713867
batch	24540	valid_loss	50302.6552734
batch	24560	valid_loss	50527.2041016
batch	24580	valid_loss	50232.65625
batch	24600	valid_loss	50446.5952148
batch	24620	valid_loss	50247.7631836
batch	24640	valid_loss	50370.8847656
batch	24660	valid_loss	50465.4267578
batch	24680	valid_loss	50286.7724609
batch	24700	valid_loss	50129.5869141
batch	24720	valid_loss	50224.7172852
batch	24740	valid_loss	50245.3427734
batch	24760	valid_loss	50276.4482422
batch	24780	valid_loss	50180.9838867
batch	24800	valid_loss	50329.6166992
batch	24820	valid_loss	50307.9550781
batch	24840	valid_loss	50174.796875
batch	24860	valid_loss	50286.9150391
batch	24880	valid_loss	50368.5561523
batch	24900	valid_loss	50309.8730469
batch	24920	valid_loss	50346.0004883
batch	24940	valid_loss	50314.1162109
batch	24960	valid_loss	50491.2167969
batch	24980	valid_loss	50308.8144531
STOP
START
config	420	1140
batch	0	valid_loss	176071.990234
batch	20	valid_loss	116942.545898
batch	40	valid_loss	109126.876953
batch	60	valid_loss	104738.960938
batch	80	valid_loss	100870.114258
batch	100	valid_loss	97160.5400391
batch	120	valid_loss	93973.0585938
batch	140	valid_loss	90443.2783203
batch	160	valid_loss	87195.0571289
batch	180	valid_loss	84054.8720703
batch	200	valid_loss	80992.0522461
batch	220	valid_loss	78246.3964844
batch	240	valid_loss	75678.6601562
batch	260	valid_loss	73397.8125
batch	280	valid_loss	71345.8417969
batch	300	valid_loss	69617.9311523
batch	320	valid_loss	67970.5029297
batch	340	valid_loss	66486.9418945
batch	360	valid_loss	65146.9326172
batch	380	valid_loss	64035.1533203
batch	400	valid_loss	63096.7290039
batch	420	valid_loss	62173.7871094
batch	440	valid_loss	61305.8789062
batch	460	valid_loss	60667.6967773
batch	480	valid_loss	60025.5361328
batch	500	valid_loss	59367.8388672
batch	520	valid_loss	58849.3798828
batch	540	valid_loss	58517.4887695
batch	560	valid_loss	57928.9301758
batch	580	valid_loss	57580.0800781
batch	600	valid_loss	57166.8266602
batch	620	valid_loss	56859.3457031
batch	640	valid_loss	56526.8964844
batch	660	valid_loss	56248.7924805
batch	680	valid_loss	55781.6967773
batch	700	valid_loss	55612.6352539
batch	720	valid_loss	55326.0585938
batch	740	valid_loss	55101.4106445
batch	760	valid_loss	54923.8759766
batch	780	valid_loss	54902.0410156
batch	800	valid_loss	54671.3720703
batch	820	valid_loss	54447.6166992
batch	840	valid_loss	54364.887207
batch	860	valid_loss	54259.7304688
batch	880	valid_loss	54154.7080078
batch	900	valid_loss	54010.8339844
batch	920	valid_loss	53897.855957
batch	940	valid_loss	53895.3198242
batch	960	valid_loss	53706.2475586
batch	980	valid_loss	53524.9414062
batch	1000	valid_loss	53438.5786133
batch	1020	valid_loss	53357.934082
batch	1040	valid_loss	53216.0825195
batch	1060	valid_loss	53277.9291992
batch	1080	valid_loss	53238.6757812
batch	1100	valid_loss	53159.3076172
batch	1120	valid_loss	53115.0888672
batch	1140	valid_loss	52985.0644531
batch	1160	valid_loss	53106.222168
batch	1180	valid_loss	52863.4013672
batch	1200	valid_loss	52989.9194336
batch	1220	valid_loss	52769.4570312
batch	1240	valid_loss	52788.8847656
batch	1260	valid_loss	52838.5332031
batch	1280	valid_loss	52702.8881836
batch	1300	valid_loss	52477.5722656
batch	1320	valid_loss	52524.7949219
batch	1340	valid_loss	52401.8125
batch	1360	valid_loss	52423.0117188
batch	1380	valid_loss	52341.4008789
batch	1400	valid_loss	52387.4975586
batch	1420	valid_loss	52383.9931641
batch	1440	valid_loss	52276.5205078
batch	1460	valid_loss	52258.4824219
batch	1480	valid_loss	52329.8891602
batch	1500	valid_loss	52302.5654297
batch	1520	valid_loss	52219.5
batch	1540	valid_loss	52174.6606445
batch	1560	valid_loss	52260.0444336
batch	1580	valid_loss	52151.847168
batch	1600	valid_loss	52026.9150391
batch	1620	valid_loss	51867.1606445
batch	1640	valid_loss	51926.3999023
batch	1660	valid_loss	51874.0957031
batch	1680	valid_loss	51945.4848633
batch	1700	valid_loss	51881.546875
batch	1720	valid_loss	51949.7539062
batch	1740	valid_loss	51945.4833984
batch	1760	valid_loss	51820.5849609
batch	1780	valid_loss	51949.921875
batch	1800	valid_loss	51814.456543
batch	1820	valid_loss	51880.9116211
batch	1840	valid_loss	51795.4506836
batch	1860	valid_loss	51838.7856445
batch	1880	valid_loss	51882.9296875
batch	1900	valid_loss	51706.7910156
batch	1920	valid_loss	51583.7006836
batch	1940	valid_loss	51570.6875
batch	1960	valid_loss	51580.8720703
batch	1980	valid_loss	51542.5366211
batch	2000	valid_loss	51574.6630859
batch	2020	valid_loss	51642.6347656
batch	2040	valid_loss	51578.9545898
batch	2060	valid_loss	51496.2817383
batch	2080	valid_loss	51472.9951172
batch	2100	valid_loss	51748.28125
batch	2120	valid_loss	51463.2807617
batch	2140	valid_loss	51621.4589844
batch	2160	valid_loss	51482.7543945
batch	2180	valid_loss	51538.265625
batch	2200	valid_loss	51527.359375
batch	2220	valid_loss	51464.0600586
batch	2240	valid_loss	51258.355957
batch	2260	valid_loss	51326.7587891
batch	2280	valid_loss	51308.0976562
batch	2300	valid_loss	51300.1777344
batch	2320	valid_loss	51246.0756836
batch	2340	valid_loss	51400.112793
batch	2360	valid_loss	51381.1918945
batch	2380	valid_loss	51221.1420898
batch	2400	valid_loss	51335.6396484
batch	2420	valid_loss	51275.456543
batch	2440	valid_loss	51372.4682617
batch	2460	valid_loss	51283.777832
batch	2480	valid_loss	51300.171875
batch	2500	valid_loss	51412.4746094
batch	2520	valid_loss	51243.7539062
batch	2540	valid_loss	51189.2895508
batch	2560	valid_loss	51180.2666016
batch	2580	valid_loss	51159.4658203
batch	2600	valid_loss	51102.3447266
batch	2620	valid_loss	51208.5625
batch	2640	valid_loss	51162.8979492
batch	2660	valid_loss	51205.1435547
batch	2680	valid_loss	51178.7905273
batch	2700	valid_loss	51143.6279297
batch	2720	valid_loss	51338.175293
batch	2740	valid_loss	51126.300293
batch	2760	valid_loss	51268.2080078
batch	2780	valid_loss	51058.4042969
batch	2800	valid_loss	51188.7983398
batch	2820	valid_loss	51235.0112305
batch	2840	valid_loss	51084.815918
batch	2860	valid_loss	50928.1826172
batch	2880	valid_loss	51016.8295898
batch	2900	valid_loss	50939.7895508
batch	2920	valid_loss	51003.9482422
batch	2940	valid_loss	50951.1694336
batch	2960	valid_loss	51098.203125
batch	2980	valid_loss	51033.0576172
batch	3000	valid_loss	50894.6870117
batch	3020	valid_loss	50964.8061523
batch	3040	valid_loss	51105.1347656
batch	3060	valid_loss	51021.3789062
batch	3080	valid_loss	51016.5463867
batch	3100	valid_loss	51000.9941406
batch	3120	valid_loss	51165.3164062
batch	3140	valid_loss	51007.4091797
batch	3160	valid_loss	50927.1538086
batch	3180	valid_loss	50772.7666016
batch	3200	valid_loss	50833.1083984
batch	3220	valid_loss	50858.9189453
batch	3240	valid_loss	50917.2387695
batch	3260	valid_loss	50801.144043
batch	3280	valid_loss	50953.7709961
batch	3300	valid_loss	50955.3061523
batch	3320	valid_loss	50867.0361328
batch	3340	valid_loss	50993.9521484
batch	3360	valid_loss	50890.4111328
batch	3380	valid_loss	51034.0483398
batch	3400	valid_loss	50896.7973633
batch	3420	valid_loss	50921.6503906
batch	3440	valid_loss	51025.5874023
batch	3460	valid_loss	50823.7163086
batch	3480	valid_loss	50747.4311523
batch	3500	valid_loss	50791.1347656
batch	3520	valid_loss	50768.7832031
batch	3540	valid_loss	50750.9536133
batch	3560	valid_loss	50808.6899414
batch	3580	valid_loss	50871.7080078
batch	3600	valid_loss	50785.1049805
batch	3620	valid_loss	50751.7167969
batch	3640	valid_loss	50739.355957
batch	3660	valid_loss	51056.9741211
batch	3680	valid_loss	50741.7163086
batch	3700	valid_loss	50917.7358398
batch	3720	valid_loss	50802.9208984
batch	3740	valid_loss	50938.2807617
batch	3760	valid_loss	50860.6386719
batch	3780	valid_loss	50808.7250977
batch	3800	valid_loss	50575.8896484
batch	3820	valid_loss	50657.8408203
batch	3840	valid_loss	50697.5595703
batch	3860	valid_loss	50698.284668
batch	3880	valid_loss	50657.1567383
batch	3900	valid_loss	50841.0400391
batch	3920	valid_loss	50780.5478516
batch	3940	valid_loss	50670.7133789
batch	3960	valid_loss	50773.3574219
batch	3980	valid_loss	50700.0136719
batch	4000	valid_loss	50886.9316406
batch	4020	valid_loss	50768.0283203
batch	4040	valid_loss	50763.7734375
batch	4060	valid_loss	50903.4775391
batch	4080	valid_loss	50768.6533203
batch	4100	valid_loss	50665.3183594
batch	4120	valid_loss	50660.5170898
batch	4140	valid_loss	50660.4057617
batch	4160	valid_loss	50629.7119141
batch	4180	valid_loss	50749.0869141
batch	4200	valid_loss	50693.8408203
batch	4220	valid_loss	50727.2700195
batch	4240	valid_loss	50701.6025391
batch	4260	valid_loss	50695.4375
batch	4280	valid_loss	50925.300293
batch	4300	valid_loss	50623.2519531
batch	4320	valid_loss	50906.847168
batch	4340	valid_loss	50618.1030273
batch	4360	valid_loss	50771.0908203
batch	4380	valid_loss	50796.5615234
batch	4400	valid_loss	50652.0039062
batch	4420	valid_loss	50533.8256836
batch	4440	valid_loss	50627.1313477
batch	4460	valid_loss	50569.8613281
batch	4480	valid_loss	50581.546875
batch	4500	valid_loss	50588.6757812
batch	4520	valid_loss	50733.2382812
batch	4540	valid_loss	50704.4750977
batch	4560	valid_loss	50535.8574219
batch	4580	valid_loss	50617.0273438
batch	4600	valid_loss	50736.6762695
batch	4620	valid_loss	50687.4790039
batch	4640	valid_loss	50738.9130859
batch	4660	valid_loss	50667.0883789
batch	4680	valid_loss	50819.328125
batch	4700	valid_loss	50721.1152344
batch	4720	valid_loss	50586.359375
batch	4740	valid_loss	50444.5888672
batch	4760	valid_loss	50518.4248047
batch	4780	valid_loss	50548.5151367
batch	4800	valid_loss	50607.9707031
batch	4820	valid_loss	50519.5029297
batch	4840	valid_loss	50651.4189453
batch	4860	valid_loss	50632.5703125
batch	4880	valid_loss	50557.3793945
batch	4900	valid_loss	50688.6547852
batch	4920	valid_loss	50547.0957031
batch	4940	valid_loss	50769.8618164
batch	4960	valid_loss	50593.9453125
batch	4980	valid_loss	50657.1494141
batch	5000	valid_loss	50742.0883789
batch	5020	valid_loss	50582.5249023
batch	5040	valid_loss	50511.4365234
batch	5060	valid_loss	50486.4042969
batch	5080	valid_loss	50541.7045898
batch	5100	valid_loss	50493.5581055
batch	5120	valid_loss	50536.1582031
batch	5140	valid_loss	50608.7949219
batch	5160	valid_loss	50589.5737305
batch	5180	valid_loss	50509.8950195
batch	5200	valid_loss	50469.1601562
batch	5220	valid_loss	50775.4243164
batch	5240	valid_loss	50536.4511719
batch	5260	valid_loss	50703.3491211
batch	5280	valid_loss	50576.9296875
batch	5300	valid_loss	50729.8666992
batch	5320	valid_loss	50654.2709961
batch	5340	valid_loss	50556.8388672
batch	5360	valid_loss	50361.875
batch	5380	valid_loss	50457.5483398
batch	5400	valid_loss	50495.5136719
batch	5420	valid_loss	50501.855957
batch	5440	valid_loss	50414.1850586
batch	5460	valid_loss	50603.3203125
batch	5480	valid_loss	50566.2382812
batch	5500	valid_loss	50447.3364258
batch	5520	valid_loss	50554.4404297
batch	5540	valid_loss	50542.4824219
batch	5560	valid_loss	50661.3901367
batch	5580	valid_loss	50552.5
batch	5600	valid_loss	50547.7412109
batch	5620	valid_loss	50692.6972656
batch	5640	valid_loss	50546.2236328
batch	5660	valid_loss	50487.5322266
batch	5680	valid_loss	50470.21875
batch	5700	valid_loss	50467.4033203
batch	5720	valid_loss	50456.8569336
batch	5740	valid_loss	50530.2036133
batch	5760	valid_loss	50489.3549805
batch	5780	valid_loss	50607.7460938
batch	5800	valid_loss	50509.6420898
batch	5820	valid_loss	50559.9086914
batch	5840	valid_loss	50710.3505859
batch	5860	valid_loss	50446.409668
batch	5880	valid_loss	50686.4345703
batch	5900	valid_loss	50488.9750977
batch	5920	valid_loss	50608.0288086
batch	5940	valid_loss	50633.3930664
batch	5960	valid_loss	50493.9858398
batch	5980	valid_loss	50363.1572266
batch	6000	valid_loss	50440.5170898
batch	6020	valid_loss	50369.809082
batch	6040	valid_loss	50434.7114258
batch	6060	valid_loss	50397.2519531
batch	6080	valid_loss	50504.4335938
batch	6100	valid_loss	50551.8774414
batch	6120	valid_loss	50389.7050781
batch	6140	valid_loss	50478.7290039
batch	6160	valid_loss	50586.5405273
batch	6180	valid_loss	50560.2246094
batch	6200	valid_loss	50507.2675781
batch	6220	valid_loss	50514.621582
batch	6240	valid_loss	50666.1098633
batch	6260	valid_loss	50537.3676758
batch	6280	valid_loss	50439.7666016
batch	6300	valid_loss	50300.3735352
batch	6320	valid_loss	50410.4228516
batch	6340	valid_loss	50406.5874023
batch	6360	valid_loss	50473.7021484
batch	6380	valid_loss	50366.2744141
batch	6400	valid_loss	50546.2587891
batch	6420	valid_loss	50485.5751953
batch	6440	valid_loss	50452.0288086
batch	6460	valid_loss	50561.5571289
batch	6480	valid_loss	50454.2543945
batch	6500	valid_loss	50598.1782227
batch	6520	valid_loss	50506.0732422
batch	6540	valid_loss	50518.5703125
batch	6560	valid_loss	50567.8774414
batch	6580	valid_loss	50434.5722656
batch	6600	valid_loss	50373.8779297
batch	6620	valid_loss	50387.5756836
batch	6640	valid_loss	50423.2753906
batch	6660	valid_loss	50363.878418
batch	6680	valid_loss	50427.5092773
batch	6700	valid_loss	50467.9570312
batch	6720	valid_loss	50448.9384766
batch	6740	valid_loss	50346.4892578
batch	6760	valid_loss	50380.8154297
batch	6780	valid_loss	50671.7983398
batch	6800	valid_loss	50406.4389648
batch	6820	valid_loss	50562.1713867
batch	6840	valid_loss	50481.0424805
batch	6860	valid_loss	50636.2880859
batch	6880	valid_loss	50532.5493164
batch	6900	valid_loss	50476.8520508
batch	6920	valid_loss	50251.5952148
batch	6940	valid_loss	50363.7929688
batch	6960	valid_loss	50335.6025391
batch	6980	valid_loss	50387.0620117
batch	7000	valid_loss	50342.6582031
batch	7020	valid_loss	50504.5600586
batch	7040	valid_loss	50476.0693359
batch	7060	valid_loss	50364.8671875
batch	7080	valid_loss	50503.8056641
batch	7100	valid_loss	50439.6972656
batch	7120	valid_loss	50582.8681641
batch	7140	valid_loss	50482.7763672
batch	7160	valid_loss	50483.0371094
batch	7180	valid_loss	50636.3984375
batch	7200	valid_loss	50461.8217773
batch	7220	valid_loss	50418.9375
batch	7240	valid_loss	50434.1230469
batch	7260	valid_loss	50432.409668
batch	7280	valid_loss	50346.5859375
batch	7300	valid_loss	50440.1953125
batch	7320	valid_loss	50407.2915039
batch	7340	valid_loss	50486.8071289
batch	7360	valid_loss	50425.5522461
batch	7380	valid_loss	50437.6430664
batch	7400	valid_loss	50617.3632812
batch	7420	valid_loss	50367.3798828
batch	7440	valid_loss	50601.097168
batch	7460	valid_loss	50409.0727539
batch	7480	valid_loss	50548.6357422
batch	7500	valid_loss	50540.2963867
batch	7520	valid_loss	50388.1142578
batch	7540	valid_loss	50258.3481445
batch	7560	valid_loss	50379.1123047
batch	7580	valid_loss	50332.9716797
batch	7600	valid_loss	50339.9785156
batch	7620	valid_loss	50349.3764648
batch	7640	valid_loss	50475.3105469
batch	7660	valid_loss	50413.9946289
batch	7680	valid_loss	50295.8325195
batch	7700	valid_loss	50402.2431641
batch	7720	valid_loss	50509.5620117
batch	7740	valid_loss	50450.4731445
batch	7760	valid_loss	50448.7236328
batch	7780	valid_loss	50409.0419922
batch	7800	valid_loss	50616.8237305
batch	7820	valid_loss	50437.8891602
batch	7840	valid_loss	50367.3681641
batch	7860	valid_loss	50235.7021484
batch	7880	valid_loss	50354.9423828
batch	7900	valid_loss	50378.8808594
batch	7920	valid_loss	50423.2011719
batch	7940	valid_loss	50234.2387695
batch	7960	valid_loss	50453.1289062
batch	7980	valid_loss	50449.0112305
batch	8000	valid_loss	50368.5366211
batch	8020	valid_loss	50514.0742188
batch	8040	valid_loss	50397.6049805
batch	8060	valid_loss	50551.4902344
batch	8080	valid_loss	50397.234375
batch	8100	valid_loss	50437.2978516
batch	8120	valid_loss	50545.8535156
batch	8140	valid_loss	50353.4379883
batch	8160	valid_loss	50255.4985352
batch	8180	valid_loss	50312.0952148
batch	8200	valid_loss	50339.3886719
batch	8220	valid_loss	50301.7558594
batch	8240	valid_loss	50367.4282227
batch	8260	valid_loss	50434.2685547
batch	8280	valid_loss	50384.6230469
batch	8300	valid_loss	50282.8325195
batch	8320	valid_loss	50355.534668
batch	8340	valid_loss	50643.7988281
batch	8360	valid_loss	50348.3232422
batch	8380	valid_loss	50502.7495117
batch	8400	valid_loss	50360.5429688
batch	8420	valid_loss	50522.8735352
batch	8440	valid_loss	50475.5253906
batch	8460	valid_loss	50430.0839844
batch	8480	valid_loss	50146.1772461
batch	8500	valid_loss	50329.1352539
batch	8520	valid_loss	50275.5791016
batch	8540	valid_loss	50280.0566406
batch	8560	valid_loss	50250.4189453
batch	8580	valid_loss	50428.6445312
batch	8600	valid_loss	50384.6044922
batch	8620	valid_loss	50267.1420898
batch	8640	valid_loss	50393.4863281
batch	8660	valid_loss	50411.8305664
batch	8680	valid_loss	50472.6850586
batch	8700	valid_loss	50429.0595703
batch	8720	valid_loss	50373.3144531
batch	8740	valid_loss	50557.6103516
batch	8760	valid_loss	50405.6210938
batch	8780	valid_loss	50296.4682617
batch	8800	valid_loss	50297.0483398
batch	8820	valid_loss	50321.4511719
batch	8840	valid_loss	50329.9746094
batch	8860	valid_loss	50385.1738281
batch	8880	valid_loss	50353.5263672
batch	8900	valid_loss	50443.2758789
batch	8920	valid_loss	50387.3374023
batch	8940	valid_loss	50395.4101562
batch	8960	valid_loss	50611.3857422
batch	8980	valid_loss	50326.9819336
batch	9000	valid_loss	50531.1425781
batch	9020	valid_loss	50313.1767578
batch	9040	valid_loss	50471.2006836
batch	9060	valid_loss	50475.1308594
batch	9080	valid_loss	50337.7504883
batch	9100	valid_loss	50180.2514648
batch	9120	valid_loss	50265.8496094
batch	9140	valid_loss	50272.1049805
batch	9160	valid_loss	50266.418457
batch	9180	valid_loss	50308.3452148
batch	9200	valid_loss	50421.5351562
batch	9220	valid_loss	50392.9487305
batch	9240	valid_loss	50270.2875977
batch	9260	valid_loss	50329.5546875
batch	9280	valid_loss	50461.7197266
batch	9300	valid_loss	50374.2519531
batch	9320	valid_loss	50431.3305664
batch	9340	valid_loss	50372.7333984
batch	9360	valid_loss	50546.9179688
batch	9380	valid_loss	50414.4311523
batch	9400	valid_loss	50318.8305664
batch	9420	valid_loss	50185.2275391
batch	9440	valid_loss	50282.7412109
batch	9460	valid_loss	50285.3725586
batch	9480	valid_loss	50320.6850586
batch	9500	valid_loss	50238.5698242
batch	9520	valid_loss	50423.4829102
batch	9540	valid_loss	50402.2636719
batch	9560	valid_loss	50360.6318359
batch	9580	valid_loss	50478.9624023
batch	9600	valid_loss	50308.6186523
batch	9620	valid_loss	50514.2338867
batch	9640	valid_loss	50381.7666016
batch	9660	valid_loss	50393.1157227
batch	9680	valid_loss	50553.7822266
batch	9700	valid_loss	50335.8442383
batch	9720	valid_loss	50264.4746094
batch	9740	valid_loss	50266.3310547
batch	9760	valid_loss	50316.5976562
batch	9780	valid_loss	50226.9980469
batch	9800	valid_loss	50350.9008789
batch	9820	valid_loss	50403.8032227
batch	9840	valid_loss	50355.9477539
batch	9860	valid_loss	50270.9824219
batch	9880	valid_loss	50279.9243164
batch	9900	valid_loss	50600.6123047
batch	9920	valid_loss	50276.5400391
batch	9940	valid_loss	50484.9765625
batch	9960	valid_loss	50349.5859375
batch	9980	valid_loss	50522.5102539
batch	10000	valid_loss	50419.4321289
batch	10020	valid_loss	50379.1191406
batch	10040	valid_loss	50183.184082
batch	10060	valid_loss	50252.9589844
batch	10080	valid_loss	50275.2753906
batch	10100	valid_loss	50275.8632812
batch	10120	valid_loss	50216.2939453
batch	10140	valid_loss	50376.5136719
batch	10160	valid_loss	50396.8720703
batch	10180	valid_loss	50280.4311523
batch	10200	valid_loss	50404.5668945
batch	10220	valid_loss	50312.7353516
batch	10240	valid_loss	50462.5307617
batch	10260	valid_loss	50390.7807617
batch	10280	valid_loss	50402.8867188
batch	10300	valid_loss	50559.7407227
batch	10320	valid_loss	50305.7397461
batch	10340	valid_loss	50261.2783203
batch	10360	valid_loss	50272.7587891
batch	10380	valid_loss	50304.5332031
batch	10400	valid_loss	50268.1020508
batch	10420	valid_loss	50341.0400391
batch	10440	valid_loss	50296.1865234
batch	10460	valid_loss	50389.8134766
batch	10480	valid_loss	50323.1025391
batch	10500	valid_loss	50354.703125
batch	10520	valid_loss	50523.4360352
batch	10540	valid_loss	50281.980957
batch	10560	valid_loss	50499.590332
batch	10580	valid_loss	50304.8520508
batch	10600	valid_loss	50430.9384766
batch	10620	valid_loss	50504.9492188
batch	10640	valid_loss	50346.5556641
batch	10660	valid_loss	50158.3725586
batch	10680	valid_loss	50282.2768555
batch	10700	valid_loss	50258.6367188
batch	10720	valid_loss	50302.8769531
batch	10740	valid_loss	50231.71875
batch	10760	valid_loss	50379.0483398
batch	10780	valid_loss	50360.1030273
batch	10800	valid_loss	50190.9838867
batch	10820	valid_loss	50306.8051758
batch	10840	valid_loss	50404.894043
batch	10860	valid_loss	50376.4272461
batch	10880	valid_loss	50414.1850586
batch	10900	valid_loss	50346.71875
batch	10920	valid_loss	50570.8725586
batch	10940	valid_loss	50376.2290039
batch	10960	valid_loss	50281.5073242
batch	10980	valid_loss	50142.0703125
batch	11000	valid_loss	50263.7421875
batch	11020	valid_loss	50295.1108398
batch	11040	valid_loss	50321.1967773
batch	11060	valid_loss	50192.2607422
batch	11080	valid_loss	50341.3691406
batch	11100	valid_loss	50324.609375
batch	11120	valid_loss	50327.7026367
batch	11140	valid_loss	50463.8442383
batch	11160	valid_loss	50265.8676758
batch	11180	valid_loss	50468.4018555
batch	11200	valid_loss	50325.2226562
batch	11220	valid_loss	50339.3989258
batch	11240	valid_loss	50458.2382812
batch	11260	valid_loss	50317.2070312
batch	11280	valid_loss	50239.7768555
batch	11300	valid_loss	50233.4760742
batch	11320	valid_loss	50286.0424805
batch	11340	valid_loss	50190.7958984
batch	11360	valid_loss	50346.9345703
batch	11380	valid_loss	50402.3427734
batch	11400	valid_loss	50343.1494141
batch	11420	valid_loss	50249.8881836
batch	11440	valid_loss	50296.6708984
batch	11460	valid_loss	50560.6171875
batch	11480	valid_loss	50293.2548828
batch	11500	valid_loss	50497.1723633
batch	11520	valid_loss	50343.2001953
batch	11540	valid_loss	50530.5761719
batch	11560	valid_loss	50401.5258789
batch	11580	valid_loss	50352.2319336
batch	11600	valid_loss	50112.6547852
batch	11620	valid_loss	50249.6254883
batch	11640	valid_loss	50260.3457031
batch	11660	valid_loss	50301.0058594
batch	11680	valid_loss	50204.3349609
batch	11700	valid_loss	50378.0766602
batch	11720	valid_loss	50366.644043
batch	11740	valid_loss	50267.1313477
batch	11760	valid_loss	50321.9018555
batch	11780	valid_loss	50320.5644531
batch	11800	valid_loss	50466.2148438
batch	11820	valid_loss	50361.671875
batch	11840	valid_loss	50338.0625
batch	11860	valid_loss	50525.2890625
batch	11880	valid_loss	50321.6791992
batch	11900	valid_loss	50267.1479492
batch	11920	valid_loss	50259.7773438
batch	11940	valid_loss	50280.2817383
batch	11960	valid_loss	50256.7915039
batch	11980	valid_loss	50347.3212891
batch	12000	valid_loss	50290.4858398
batch	12020	valid_loss	50380.9228516
batch	12040	valid_loss	50301.7216797
batch	12060	valid_loss	50339.3237305
batch	12080	valid_loss	50583.8657227
batch	12100	valid_loss	50234.609375
batch	12120	valid_loss	50515.9208984
batch	12140	valid_loss	50328.6069336
batch	12160	valid_loss	50405.8447266
batch	12180	valid_loss	50467.6435547
batch	12200	valid_loss	50304.6938477
batch	12220	valid_loss	50158.6313477
batch	12240	valid_loss	50237.6337891
batch	12260	valid_loss	50267.9453125
batch	12280	valid_loss	50314.9799805
batch	12300	valid_loss	50210.7241211
batch	12320	valid_loss	50389.8862305
batch	12340	valid_loss	50352.7958984
batch	12360	valid_loss	50192.8837891
batch	12380	valid_loss	50309.4399414
batch	12400	valid_loss	50427.4707031
batch	12420	valid_loss	50399.8959961
batch	12440	valid_loss	50421.7021484
batch	12460	valid_loss	50333.9702148
batch	12480	valid_loss	50534.534668
batch	12500	valid_loss	50350.7954102
batch	12520	valid_loss	50261.4511719
batch	12540	valid_loss	50112.5776367
batch	12560	valid_loss	50204.3935547
batch	12580	valid_loss	50250.0551758
batch	12600	valid_loss	50287.0947266
batch	12620	valid_loss	50194.1445312
batch	12640	valid_loss	50402.5878906
batch	12660	valid_loss	50361.3598633
batch	12680	valid_loss	50305.5932617
batch	12700	valid_loss	50396.9169922
batch	12720	valid_loss	50295.5131836
batch	12740	valid_loss	50487.4204102
batch	12760	valid_loss	50330.7016602
batch	12780	valid_loss	50317.4375
batch	12800	valid_loss	50435.3134766
batch	12820	valid_loss	50324.6845703
batch	12840	valid_loss	50209.0292969
batch	12860	valid_loss	50200.6811523
batch	12880	valid_loss	50256.7333984
batch	12900	valid_loss	50239.8359375
batch	12920	valid_loss	50298.6484375
batch	12940	valid_loss	50389.9726562
batch	12960	valid_loss	50306.0756836
batch	12980	valid_loss	50234.03125
batch	13000	valid_loss	50307.1455078
batch	13020	valid_loss	50532.0205078
batch	13040	valid_loss	50235.9223633
batch	13060	valid_loss	50428.0419922
batch	13080	valid_loss	50284.6445312
batch	13100	valid_loss	50427.6362305
batch	13120	valid_loss	50362.8515625
batch	13140	valid_loss	50323.9111328
batch	13160	valid_loss	50133.6049805
batch	13180	valid_loss	50262.2109375
batch	13200	valid_loss	50251.3930664
batch	13220	valid_loss	50280.1103516
batch	13240	valid_loss	50200.2373047
batch	13260	valid_loss	50368.0820312
batch	13280	valid_loss	50350.6259766
batch	13300	valid_loss	50248.5693359
batch	13320	valid_loss	50332.6044922
batch	13340	valid_loss	50327.9316406
batch	13360	valid_loss	50436.887207
batch	13380	valid_loss	50355.7001953
batch	13400	valid_loss	50282.1484375
batch	13420	valid_loss	50517.418457
batch	13440	valid_loss	50300.605957
batch	13460	valid_loss	50241.8945312
batch	13480	valid_loss	50275.1157227
batch	13500	valid_loss	50280.4829102
batch	13520	valid_loss	50255.7060547
batch	13540	valid_loss	50301.7827148
batch	13560	valid_loss	50283.1665039
batch	13580	valid_loss	50393.6679688
batch	13600	valid_loss	50323.15625
batch	13620	valid_loss	50339.6479492
batch	13640	valid_loss	50519.1870117
batch	13660	valid_loss	50229.5541992
batch	13680	valid_loss	50459.3095703
batch	13700	valid_loss	50252.5317383
batch	13720	valid_loss	50413.8979492
batch	13740	valid_loss	50471.6474609
batch	13760	valid_loss	50277.9125977
batch	13780	valid_loss	50154.4047852
batch	13800	valid_loss	50250.8349609
batch	13820	valid_loss	50229.1303711
batch	13840	valid_loss	50265.2543945
batch	13860	valid_loss	50208.4165039
batch	13880	valid_loss	50310.612793
batch	13900	valid_loss	50316.8188477
batch	13920	valid_loss	50172.2724609
batch	13940	valid_loss	50301.8232422
batch	13960	valid_loss	50393.6435547
batch	13980	valid_loss	50343.2871094
batch	14000	valid_loss	50413.9946289
batch	14020	valid_loss	50321.1655273
batch	14040	valid_loss	50514.1479492
batch	14060	valid_loss	50357.2954102
batch	14080	valid_loss	50296.5268555
batch	14100	valid_loss	50121.4345703
batch	14120	valid_loss	50261.8666992
batch	14140	valid_loss	50256.4125977
batch	14160	valid_loss	50289.9628906
batch	14180	valid_loss	50209.7421875
batch	14200	valid_loss	50370.6850586
batch	14220	valid_loss	50368.3222656
batch	14240	valid_loss	50273.0942383
batch	14260	valid_loss	50449.640625
batch	14280	valid_loss	50244.6967773
batch	14300	valid_loss	50448.4262695
batch	14320	valid_loss	50359.3759766
batch	14340	valid_loss	50378.8730469
batch	14360	valid_loss	50437.5371094
batch	14380	valid_loss	50263.5991211
batch	14400	valid_loss	50213.3930664
batch	14420	valid_loss	50234.1259766
batch	14440	valid_loss	50259.4443359
batch	14460	valid_loss	50214.0605469
batch	14480	valid_loss	50330.7763672
batch	14500	valid_loss	50356.5820312
batch	14520	valid_loss	50317.5380859
batch	14540	valid_loss	50251.7548828
batch	14560	valid_loss	50274.8139648
batch	14580	valid_loss	50537.796875
batch	14600	valid_loss	50280.1669922
batch	14620	valid_loss	50398.3081055
batch	14640	valid_loss	50294.5185547
batch	14660	valid_loss	50495.5180664
batch	14680	valid_loss	50420.065918
batch	14700	valid_loss	50344.8642578
batch	14720	valid_loss	50135.6381836
batch	14740	valid_loss	50246.9926758
batch	14760	valid_loss	50243.6713867
batch	14780	valid_loss	50259.8388672
batch	14800	valid_loss	50202.3842773
batch	14820	valid_loss	50306.4868164
batch	14840	valid_loss	50340.9516602
batch	14860	valid_loss	50203.6293945
batch	14880	valid_loss	50341.8823242
batch	14900	valid_loss	50313.2895508
batch	14920	valid_loss	50446.715332
batch	14940	valid_loss	50345.1938477
batch	14960	valid_loss	50339.1235352
batch	14980	valid_loss	50541.1113281
batch	15000	valid_loss	50365.6176758
batch	15020	valid_loss	50276.265625
batch	15040	valid_loss	50207.8662109
batch	15060	valid_loss	50269.7954102
batch	15080	valid_loss	50222.8144531
batch	15100	valid_loss	50298.5732422
batch	15120	valid_loss	50269.7871094
batch	15140	valid_loss	50351.7919922
batch	15160	valid_loss	50312.1152344
batch	15180	valid_loss	50320.0439453
batch	15200	valid_loss	50539.9521484
batch	15220	valid_loss	50214.1640625
batch	15240	valid_loss	50481.7729492
batch	15260	valid_loss	50268.2993164
batch	15280	valid_loss	50392.0727539
batch	15300	valid_loss	50450.8652344
batch	15320	valid_loss	50311.0854492
batch	15340	valid_loss	50131.3173828
batch	15360	valid_loss	50258.3183594
batch	15380	valid_loss	50199.7172852
batch	15400	valid_loss	50207.6484375
batch	15420	valid_loss	50209.6152344
batch	15440	valid_loss	50350.0566406
batch	15460	valid_loss	50333.9882812
batch	15480	valid_loss	50189.9677734
batch	15500	valid_loss	50296.2504883
batch	15520	valid_loss	50411.7587891
batch	15540	valid_loss	50339.3408203
batch	15560	valid_loss	50355.4560547
batch	15580	valid_loss	50326.4599609
batch	15600	valid_loss	50506.3027344
batch	15620	valid_loss	50344.4838867
batch	15640	valid_loss	50244.2280273
batch	15660	valid_loss	50132.1225586
batch	15680	valid_loss	50239.8027344
batch	15700	valid_loss	50211.5449219
batch	15720	valid_loss	50288.1586914
batch	15740	valid_loss	50181.7138672
batch	15760	valid_loss	50351.5039062
batch	15780	valid_loss	50348.0991211
batch	15800	valid_loss	50314.4677734
batch	15820	valid_loss	50393.9990234
batch	15840	valid_loss	50293.637207
batch	15860	valid_loss	50461.3881836
batch	15880	valid_loss	50360.4316406
batch	15900	valid_loss	50374.3583984
batch	15920	valid_loss	50457.5224609
batch	15940	valid_loss	50305.0664062
batch	15960	valid_loss	50185.1298828
batch	15980	valid_loss	50219.0429688
batch	16000	valid_loss	50283.144043
batch	16020	valid_loss	50211.6635742
batch	16040	valid_loss	50274.480957
batch	16060	valid_loss	50346.6445312
batch	16080	valid_loss	50282.0292969
batch	16100	valid_loss	50209.7338867
batch	16120	valid_loss	50257.3061523
batch	16140	valid_loss	50562.9633789
batch	16160	valid_loss	50295.2998047
batch	16180	valid_loss	50418.8164062
batch	16200	valid_loss	50275.3813477
batch	16220	valid_loss	50440.5942383
batch	16240	valid_loss	50380.0986328
batch	16260	valid_loss	50306.5703125
batch	16280	valid_loss	50080.4824219
batch	16300	valid_loss	50240.5102539
batch	16320	valid_loss	50268.4790039
batch	16340	valid_loss	50238.2768555
batch	16360	valid_loss	50181.144043
batch	16380	valid_loss	50366.5957031
batch	16400	valid_loss	50327.597168
batch	16420	valid_loss	50224.1245117
batch	16440	valid_loss	50361.449707
batch	16460	valid_loss	50264.2592773
batch	16480	valid_loss	50402.5458984
batch	16500	valid_loss	50368.0068359
batch	16520	valid_loss	50344.0151367
batch	16540	valid_loss	50505.9775391
batch	16560	valid_loss	50294.7089844
batch	16580	valid_loss	50258.5161133
batch	16600	valid_loss	50257.6162109
batch	16620	valid_loss	50289.5664062
batch	16640	valid_loss	50199.0527344
batch	16660	valid_loss	50286.4814453
batch	16680	valid_loss	50284.1884766
batch	16700	valid_loss	50398.097168
batch	16720	valid_loss	50295.9067383
batch	16740	valid_loss	50305.800293
batch	16760	valid_loss	50512.2851562
batch	16780	valid_loss	50243.5683594
batch	16800	valid_loss	50483.3378906
batch	16820	valid_loss	50228.3662109
batch	16840	valid_loss	50421.0390625
batch	16860	valid_loss	50469.2197266
batch	16880	valid_loss	50298.4350586
batch	16900	valid_loss	50183.5170898
batch	16920	valid_loss	50232.8251953
batch	16940	valid_loss	50224.0351562
batch	16960	valid_loss	50263.0849609
batch	16980	valid_loss	50236.3803711
batch	17000	valid_loss	50348.5200195
batch	17020	valid_loss	50361.0473633
batch	17040	valid_loss	50198.7612305
batch	17060	valid_loss	50296.5454102
batch	17080	valid_loss	50387.2436523
batch	17100	valid_loss	50361.1259766
batch	17120	valid_loss	50356.4213867
batch	17140	valid_loss	50303.4389648
batch	17160	valid_loss	50473.7177734
batch	17180	valid_loss	50337.4443359
batch	17200	valid_loss	50288.8212891
batch	17220	valid_loss	50154.5058594
batch	17240	valid_loss	50209.7216797
batch	17260	valid_loss	50224.0751953
batch	17280	valid_loss	50305.7329102
batch	17300	valid_loss	50189.7924805
batch	17320	valid_loss	50371.4785156
batch	17340	valid_loss	50360.262207
batch	17360	valid_loss	50292.84375
batch	17380	valid_loss	50433.7333984
batch	17400	valid_loss	50267.6625977
batch	17420	valid_loss	50458.4179688
batch	17440	valid_loss	50329.8276367
batch	17460	valid_loss	50372.2724609
batch	17480	valid_loss	50499.0771484
batch	17500	valid_loss	50282.9047852
batch	17520	valid_loss	50197.8779297
batch	17540	valid_loss	50259.5424805
batch	17560	valid_loss	50274.2910156
batch	17580	valid_loss	50186.1044922
batch	17600	valid_loss	50294.9238281
batch	17620	valid_loss	50338.3886719
batch	17640	valid_loss	50352.6030273
batch	17660	valid_loss	50224.3305664
batch	17680	valid_loss	50268.1523438
batch	17700	valid_loss	50537.5673828
batch	17720	valid_loss	50238.4160156
batch	17740	valid_loss	50414.559082
batch	17760	valid_loss	50271.2641602
batch	17780	valid_loss	50512.8217773
batch	17800	valid_loss	50361.5244141
batch	17820	valid_loss	50310.8457031
batch	17840	valid_loss	50118.2875977
batch	17860	valid_loss	50186.8129883
batch	17880	valid_loss	50207.2744141
batch	17900	valid_loss	50266.3051758
batch	17920	valid_loss	50207.5219727
batch	17940	valid_loss	50363.6259766
batch	17960	valid_loss	50329.9882812
batch	17980	valid_loss	50204.6699219
batch	18000	valid_loss	50349.9462891
batch	18020	valid_loss	50269.1801758
batch	18040	valid_loss	50373.0458984
batch	18060	valid_loss	50348.9213867
batch	18080	valid_loss	50332.4296875
batch	18100	valid_loss	50491.5004883
batch	18120	valid_loss	50324.402832
batch	18140	valid_loss	50228.2436523
batch	18160	valid_loss	50228.5947266
batch	18180	valid_loss	50271.9887695
batch	18200	valid_loss	50252.4667969
batch	18220	valid_loss	50312.9223633
batch	18240	valid_loss	50286.8813477
batch	18260	valid_loss	50371.1494141
batch	18280	valid_loss	50286.046875
batch	18300	valid_loss	50297.5375977
batch	18320	valid_loss	50530.8222656
batch	18340	valid_loss	50267.621582
batch	18360	valid_loss	50491.6430664
batch	18380	valid_loss	50226.9873047
batch	18400	valid_loss	50381.7480469
batch	18420	valid_loss	50428.5029297
batch	18440	valid_loss	50305.7866211
batch	18460	valid_loss	50177.418457
batch	18480	valid_loss	50246.8505859
batch	18500	valid_loss	50234.8920898
batch	18520	valid_loss	50258.9672852
batch	18540	valid_loss	50233.0405273
batch	18560	valid_loss	50382.4726562
batch	18580	valid_loss	50300.1157227
batch	18600	valid_loss	50182.5947266
batch	18620	valid_loss	50285.5859375
batch	18640	valid_loss	50421.8310547
batch	18660	valid_loss	50346.6494141
batch	18680	valid_loss	50381.4208984
batch	18700	valid_loss	50347.4536133
batch	18720	valid_loss	50545.6523438
batch	18740	valid_loss	50351.9272461
batch	18760	valid_loss	50265.4873047
batch	18780	valid_loss	50116.9160156
batch	18800	valid_loss	50235.8637695
batch	18820	valid_loss	50244.2001953
batch	18840	valid_loss	50234.6645508
batch	18860	valid_loss	50195.7875977
batch	18880	valid_loss	50391.9306641
batch	18900	valid_loss	50357.6494141
batch	18920	valid_loss	50273.1240234
batch	18940	valid_loss	50403.8266602
batch	18960	valid_loss	50296.3720703
batch	18980	valid_loss	50434.7895508
batch	19000	valid_loss	50335.6069336
batch	19020	valid_loss	50376.5566406
batch	19040	valid_loss	50488.8100586
batch	19060	valid_loss	50279.550293
batch	19080	valid_loss	50197.1049805
batch	19100	valid_loss	50251.0639648
batch	19120	valid_loss	50262.5366211
batch	19140	valid_loss	50214.6054688
batch	19160	valid_loss	50290.7265625
batch	19180	valid_loss	50352.0048828
batch	19200	valid_loss	50271.9296875
batch	19220	valid_loss	50190.7563477
batch	19240	valid_loss	50242.1479492
batch	19260	valid_loss	50553.5097656
batch	19280	valid_loss	50267.1826172
batch	19300	valid_loss	50465.8652344
batch	19320	valid_loss	50283.8344727
batch	19340	valid_loss	50455.3374023
batch	19360	valid_loss	50367.152832
batch	19380	valid_loss	50338.7397461
batch	19400	valid_loss	50108.2768555
batch	19420	valid_loss	50266.1132812
batch	19440	valid_loss	50244.359375
batch	19460	valid_loss	50228.9692383
batch	19480	valid_loss	50194.6523438
batch	19500	valid_loss	50350.8295898
batch	19520	valid_loss	50329.3515625
batch	19540	valid_loss	50223.8222656
batch	19560	valid_loss	50359.5336914
batch	19580	valid_loss	50309.2773438
batch	19600	valid_loss	50409.0019531
batch	19620	valid_loss	50364.1416016
batch	19640	valid_loss	50345.0263672
batch	19660	valid_loss	50516.5947266
batch	19680	valid_loss	50279.4814453
batch	19700	valid_loss	50234.4658203
batch	19720	valid_loss	50246.0600586
batch	19740	valid_loss	50260.9174805
batch	19760	valid_loss	50229.9990234
batch	19780	valid_loss	50320.2456055
batch	19800	valid_loss	50322.2919922
batch	19820	valid_loss	50363.2666016
batch	19840	valid_loss	50275.9199219
batch	19860	valid_loss	50323.6860352
batch	19880	valid_loss	50538.2094727
batch	19900	valid_loss	50290.5693359
batch	19920	valid_loss	50445.4160156
batch	19940	valid_loss	50285.0136719
batch	19960	valid_loss	50445.0239258
batch	19980	valid_loss	50450.4443359
batch	20000	valid_loss	50267.8271484
batch	20020	valid_loss	50177.4995117
batch	20040	valid_loss	50233.3349609
batch	20060	valid_loss	50237.9150391
batch	20080	valid_loss	50244.4736328
batch	20100	valid_loss	50188.7163086
batch	20120	valid_loss	50338.0942383
batch	20140	valid_loss	50319.1782227
batch	20160	valid_loss	50164.4975586
batch	20180	valid_loss	50248.3637695
batch	20200	valid_loss	50385.8662109
batch	20220	valid_loss	50326.5136719
batch	20240	valid_loss	50370.3320312
batch	20260	valid_loss	50312.2382812
batch	20280	valid_loss	50481.9482422
batch	20300	valid_loss	50315.0297852
batch	20320	valid_loss	50255.0581055
batch	20340	valid_loss	50125.0800781
batch	20360	valid_loss	50241.4316406
batch	20380	valid_loss	50224.7944336
batch	20400	valid_loss	50289.3574219
batch	20420	valid_loss	50185.1293945
batch	20440	valid_loss	50346.2207031
batch	20460	valid_loss	50314.6049805
batch	20480	valid_loss	50241.6811523
batch	20500	valid_loss	50431.5131836
batch	20520	valid_loss	50289.8320312
batch	20540	valid_loss	50432.8300781
batch	20560	valid_loss	50343.2480469
batch	20580	valid_loss	50371.5439453
batch	20600	valid_loss	50419.8994141
batch	20620	valid_loss	50263.8461914
batch	20640	valid_loss	50223.1533203
batch	20660	valid_loss	50215.6728516
batch	20680	valid_loss	50247.8452148
batch	20700	valid_loss	50217.6743164
batch	20720	valid_loss	50289.6801758
batch	20740	valid_loss	50347.3051758
batch	20760	valid_loss	50315.5620117
batch	20780	valid_loss	50213.3994141
batch	20800	valid_loss	50252.1103516
batch	20820	valid_loss	50506.3950195
batch	20840	valid_loss	50256.3662109
batch	20860	valid_loss	50431.7836914
batch	20880	valid_loss	50280.4472656
batch	20900	valid_loss	50515.809082
batch	20920	valid_loss	50412.8989258
batch	20940	valid_loss	50331.0952148
batch	20960	valid_loss	50089.34375
batch	20980	valid_loss	50249.3540039
batch	21000	valid_loss	50243.0668945
batch	21020	valid_loss	50256.1811523
batch	21040	valid_loss	50187.8579102
batch	21060	valid_loss	50376.5722656
batch	21080	valid_loss	50366.4755859
batch	21100	valid_loss	50239.8183594
batch	21120	valid_loss	50385.8286133
batch	21140	valid_loss	50269.5639648
batch	21160	valid_loss	50444.7490234
batch	21180	valid_loss	50345.2744141
batch	21200	valid_loss	50302.9853516
batch	21220	valid_loss	50505.0498047
batch	21240	valid_loss	50288.2138672
batch	21260	valid_loss	50228.5854492
batch	21280	valid_loss	50252.5141602
batch	21300	valid_loss	50265.2475586
batch	21320	valid_loss	50226.2832031
batch	21340	valid_loss	50353.7050781
batch	21360	valid_loss	50259.4155273
batch	21380	valid_loss	50347.1333008
batch	21400	valid_loss	50261.449707
batch	21420	valid_loss	50370.1074219
batch	21440	valid_loss	50495.6479492
batch	21460	valid_loss	50254.6850586
batch	21480	valid_loss	50477.8530273
batch	21500	valid_loss	50245.7426758
batch	21520	valid_loss	50382.5649414
batch	21540	valid_loss	50429.2841797
batch	21560	valid_loss	50285.7954102
batch	21580	valid_loss	50177.7958984
batch	21600	valid_loss	50250.9833984
batch	21620	valid_loss	50225.7504883
batch	21640	valid_loss	50218.0634766
batch	21660	valid_loss	50219.1821289
batch	21680	valid_loss	50396.9672852
batch	21700	valid_loss	50328.3730469
batch	21720	valid_loss	50182.9169922
batch	21740	valid_loss	50280.6152344
batch	21760	valid_loss	50392.5234375
batch	21780	valid_loss	50318.7006836
batch	21800	valid_loss	50374.2670898
batch	21820	valid_loss	50320.862793
batch	21840	valid_loss	50472.2070312
batch	21860	valid_loss	50341.6459961
batch	21880	valid_loss	50252.7285156
batch	21900	valid_loss	50150.5341797
batch	21920	valid_loss	50228.8242188
batch	21940	valid_loss	50263.2172852
batch	21960	valid_loss	50280.7548828
batch	21980	valid_loss	50183.262207
batch	22000	valid_loss	50387.0693359
batch	22020	valid_loss	50344.1196289
batch	22040	valid_loss	50282.3422852
batch	22060	valid_loss	50373.1489258
batch	22080	valid_loss	50276.2133789
batch	22100	valid_loss	50447.965332
batch	22120	valid_loss	50285.9223633
batch	22140	valid_loss	50343.8974609
batch	22160	valid_loss	50460.2250977
batch	22180	valid_loss	50246.8554688
batch	22200	valid_loss	50176.7055664
batch	22220	valid_loss	50191.2167969
batch	22240	valid_loss	50250.6420898
batch	22260	valid_loss	50229.328125
batch	22280	valid_loss	50302.1474609
batch	22300	valid_loss	50330.9257812
batch	22320	valid_loss	50291.003418
batch	22340	valid_loss	50211.1513672
batch	22360	valid_loss	50250.2675781
batch	22380	valid_loss	50557.6459961
batch	22400	valid_loss	50242.8955078
batch	22420	valid_loss	50417.5332031
batch	22440	valid_loss	50277.3271484
batch	22460	valid_loss	50502.1586914
batch	22480	valid_loss	50377.6381836
batch	22500	valid_loss	50276.4746094
batch	22520	valid_loss	50071.8271484
batch	22540	valid_loss	50227.9760742
batch	22560	valid_loss	50279.144043
batch	22580	valid_loss	50279.3676758
batch	22600	valid_loss	50167.7822266
batch	22620	valid_loss	50371.6884766
batch	22640	valid_loss	50332.6933594
batch	22660	valid_loss	50261.125
batch	22680	valid_loss	50379.3232422
batch	22700	valid_loss	50272.9418945
batch	22720	valid_loss	50422.3056641
batch	22740	valid_loss	50341.3603516
batch	22760	valid_loss	50297.9770508
batch	22780	valid_loss	50504.7998047
batch	22800	valid_loss	50274.9584961
batch	22820	valid_loss	50240.4902344
batch	22840	valid_loss	50234.5795898
batch	22860	valid_loss	50309.4033203
batch	22880	valid_loss	50231.703125
batch	22900	valid_loss	50275.1254883
batch	22920	valid_loss	50223.4736328
batch	22940	valid_loss	50374.1000977
batch	22960	valid_loss	50311.9692383
batch	22980	valid_loss	50336.9306641
batch	23000	valid_loss	50530.0371094
batch	23020	valid_loss	50251.4091797
batch	23040	valid_loss	50469.7998047
batch	23060	valid_loss	50247.5522461
batch	23080	valid_loss	50403.7709961
batch	23100	valid_loss	50425.5649414
batch	23120	valid_loss	50301.1308594
batch	23140	valid_loss	50164.7714844
batch	23160	valid_loss	50220.1577148
batch	23180	valid_loss	50236.972168
batch	23200	valid_loss	50260.1943359
batch	23220	valid_loss	50207.5048828
batch	23240	valid_loss	50348.7285156
batch	23260	valid_loss	50343.8613281
batch	23280	valid_loss	50243.9072266
batch	23300	valid_loss	50309.2929688
batch	23320	valid_loss	50373.4003906
batch	23340	valid_loss	50355.1616211
batch	23360	valid_loss	50408.074707
batch	23380	valid_loss	50319.3125
batch	23400	valid_loss	50517.9418945
batch	23420	valid_loss	50366.1264648
batch	23440	valid_loss	50270.5786133
batch	23460	valid_loss	50144.7426758
batch	23480	valid_loss	50271.0546875
batch	23500	valid_loss	50279.3256836
batch	23520	valid_loss	50248.3139648
batch	23540	valid_loss	50172.6474609
batch	23560	valid_loss	50346.1494141
batch	23580	valid_loss	50306.6655273
batch	23600	valid_loss	50301.3081055
batch	23620	valid_loss	50405.8139648
batch	23640	valid_loss	50263.7128906
batch	23660	valid_loss	50456.3066406
batch	23680	valid_loss	50337.6464844
batch	23700	valid_loss	50376.5048828
batch	23720	valid_loss	50429.5942383
batch	23740	valid_loss	50248.1621094
batch	23760	valid_loss	50200.0371094
batch	23780	valid_loss	50217.0791016
batch	23800	valid_loss	50290.4951172
batch	23820	valid_loss	50219.8242188
batch	23840	valid_loss	50234.137207
batch	23860	valid_loss	50293.7124023
batch	23880	valid_loss	50323.8588867
batch	23900	valid_loss	50225.5678711
batch	23920	valid_loss	50256.2382812
batch	23940	valid_loss	50534.5966797
batch	23960	valid_loss	50270.1669922
batch	23980	valid_loss	50462.2495117
batch	24000	valid_loss	50283.7910156
batch	24020	valid_loss	50478.9257812
batch	24040	valid_loss	50356.6279297
batch	24060	valid_loss	50321.5458984
batch	24080	valid_loss	50127.019043
batch	24100	valid_loss	50248.4321289
batch	24120	valid_loss	50234.4750977
batch	24140	valid_loss	50276.0498047
batch	24160	valid_loss	50147.2080078
batch	24180	valid_loss	50337.8554688
batch	24200	valid_loss	50369.875
batch	24220	valid_loss	50223.4248047
batch	24240	valid_loss	50298.0146484
batch	24260	valid_loss	50290.2636719
batch	24280	valid_loss	50413.3203125
batch	24300	valid_loss	50344.4580078
batch	24320	valid_loss	50309.8833008
batch	24340	valid_loss	50509.6655273
batch	24360	valid_loss	50331.0732422
batch	24380	valid_loss	50280.7841797
batch	24400	valid_loss	50228.097168
batch	24420	valid_loss	50245.9819336
batch	24440	valid_loss	50228.4174805
batch	24460	valid_loss	50288.8398438
batch	24480	valid_loss	50290.2299805
batch	24500	valid_loss	50369.668457
batch	24520	valid_loss	50275.0209961
batch	24540	valid_loss	50311.9121094
batch	24560	valid_loss	50490.6040039
batch	24580	valid_loss	50233.1704102
batch	24600	valid_loss	50421.2836914
batch	24620	valid_loss	50261.5717773
batch	24640	valid_loss	50380.5947266
batch	24660	valid_loss	50475.4384766
batch	24680	valid_loss	50261.284668
batch	24700	valid_loss	50119.3808594
batch	24720	valid_loss	50243.8457031
batch	24740	valid_loss	50210.7133789
batch	24760	valid_loss	50251.9384766
batch	24780	valid_loss	50247.4287109
batch	24800	valid_loss	50359.8369141
batch	24820	valid_loss	50334.6733398
batch	24840	valid_loss	50202.4916992
batch	24860	valid_loss	50295.6191406
batch	24880	valid_loss	50401.2382812
batch	24900	valid_loss	50343.0878906
batch	24920	valid_loss	50385.1166992
batch	24940	valid_loss	50280.5458984
batch	24960	valid_loss	50471.3515625
batch	24980	valid_loss	50353.6005859
STOP
