START
config	620	20	620	960
batch	0	valid_loss	7352879.75
batch	30	valid_loss	218164.917969
batch	60	valid_loss	105329.171875
batch	90	valid_loss	100173.267578
batch	120	valid_loss	100032.760742
batch	150	valid_loss	99937.3623047
batch	180	valid_loss	99898.7871094
batch	210	valid_loss	99827.1611328
batch	240	valid_loss	99792.53125
batch	270	valid_loss	99751.4462891
batch	300	valid_loss	99378.4189453
batch	330	valid_loss	98994.8242188
batch	360	valid_loss	98232.2275391
batch	390	valid_loss	97193.5419922
batch	420	valid_loss	95932.4111328
batch	450	valid_loss	94488.2021484
batch	480	valid_loss	93253.894043
batch	510	valid_loss	92442.1303711
batch	540	valid_loss	91832.2841797
batch	570	valid_loss	91608.6708984
batch	600	valid_loss	91073.6459961
batch	630	valid_loss	90912.4165039
batch	660	valid_loss	90682.4912109
batch	690	valid_loss	90504.6767578
batch	720	valid_loss	90260.6357422
batch	750	valid_loss	89857.7514648
batch	780	valid_loss	89399.4345703
batch	810	valid_loss	88953.7060547
batch	840	valid_loss	88581.815918
batch	870	valid_loss	88445.2524414
batch	900	valid_loss	87979.6845703
batch	930	valid_loss	87647.2983398
batch	960	valid_loss	87193.4536133
batch	990	valid_loss	86941.824707
batch	1020	valid_loss	86539.6943359
batch	1050	valid_loss	86066.2026367
batch	1080	valid_loss	85663.8999023
batch	1110	valid_loss	85140.1699219
batch	1140	valid_loss	84735.3125
batch	1170	valid_loss	84385.4887695
batch	1200	valid_loss	84164.4575195
batch	1230	valid_loss	83795.8486328
batch	1260	valid_loss	83432.4384766
batch	1290	valid_loss	83041.2543945
batch	1320	valid_loss	82830.6582031
batch	1350	valid_loss	82319.0180664
batch	1380	valid_loss	81969.6079102
batch	1410	valid_loss	82036.3808594
batch	1440	valid_loss	81698.0449219
batch	1470	valid_loss	81439.2890625
batch	1500	valid_loss	81276.0039062
batch	1530	valid_loss	80834.7519531
batch	1560	valid_loss	80656.8022461
batch	1590	valid_loss	80331.2314453
batch	1620	valid_loss	80129.1645508
batch	1650	valid_loss	79668.894043
batch	1680	valid_loss	79380.2573242
batch	1710	valid_loss	79269.9365234
batch	1740	valid_loss	78798.3994141
batch	1770	valid_loss	78384.8618164
batch	1800	valid_loss	78169.3579102
batch	1830	valid_loss	77898.2578125
batch	1860	valid_loss	77662.6142578
batch	1890	valid_loss	77456.9619141
batch	1920	valid_loss	77022.8120117
batch	1950	valid_loss	76872.3549805
batch	1980	valid_loss	76547.168457
batch	2010	valid_loss	76189.4287109
batch	2040	valid_loss	75974.862793
batch	2070	valid_loss	75927.7412109
batch	2100	valid_loss	75570.8129883
batch	2130	valid_loss	75445.9233398
batch	2160	valid_loss	75180.940918
batch	2190	valid_loss	75166.7509766
batch	2220	valid_loss	74731.1762695
batch	2250	valid_loss	74691.3364258
batch	2280	valid_loss	74404.3486328
batch	2310	valid_loss	74304.1601562
batch	2340	valid_loss	74377.059082
batch	2370	valid_loss	74002.5410156
batch	2400	valid_loss	73774.1035156
batch	2430	valid_loss	73758.9560547
batch	2460	valid_loss	73603.1040039
batch	2490	valid_loss	73525.5483398
batch	2520	valid_loss	73399.3139648
batch	2550	valid_loss	73453.1362305
batch	2580	valid_loss	73379.4331055
batch	2610	valid_loss	73170.4794922
batch	2640	valid_loss	73148.2099609
batch	2670	valid_loss	73035.8720703
batch	2700	valid_loss	72886.6308594
batch	2730	valid_loss	72748.1582031
batch	2760	valid_loss	72786.0620117
batch	2790	valid_loss	72890.2246094
batch	2820	valid_loss	72840.4487305
batch	2850	valid_loss	72678.3188477
batch	2880	valid_loss	72600.9379883
batch	2910	valid_loss	72516.7177734
batch	2940	valid_loss	72323.7299805
batch	2970	valid_loss	72778.2470703
batch	3000	valid_loss	72609.6259766
batch	3030	valid_loss	72331.4575195
batch	3060	valid_loss	72486.0566406
batch	3090	valid_loss	72321.7329102
batch	3120	valid_loss	72384.8994141
batch	3150	valid_loss	72196.1796875
batch	3180	valid_loss	72391.0922852
batch	3210	valid_loss	72149.1738281
batch	3240	valid_loss	72082.4882812
batch	3270	valid_loss	72264.7875977
batch	3300	valid_loss	72133.6069336
batch	3330	valid_loss	72077.5849609
batch	3360	valid_loss	72043.1333008
batch	3390	valid_loss	72079.3847656
batch	3420	valid_loss	71981.3183594
batch	3450	valid_loss	72040.4047852
batch	3480	valid_loss	72032.0263672
batch	3510	valid_loss	72071.855957
batch	3540	valid_loss	71951.2182617
batch	3570	valid_loss	71856.8359375
batch	3600	valid_loss	71897.3188477
batch	3630	valid_loss	71949.4726562
batch	3660	valid_loss	72013.3007812
batch	3690	valid_loss	72016.1650391
batch	3720	valid_loss	72000.3813477
batch	3750	valid_loss	71868.0527344
batch	3780	valid_loss	71766.4013672
batch	3810	valid_loss	72042.546875
batch	3840	valid_loss	71782.4179688
batch	3870	valid_loss	71730.6572266
batch	3900	valid_loss	71875.5947266
batch	3930	valid_loss	71659.2856445
batch	3960	valid_loss	71629.730957
batch	3990	valid_loss	71683.9506836
batch	4020	valid_loss	71563.6489258
batch	4050	valid_loss	71516.5537109
batch	4080	valid_loss	71578.0170898
batch	4110	valid_loss	71664.7958984
batch	4140	valid_loss	71532.4101562
batch	4170	valid_loss	71397.3344727
batch	4200	valid_loss	71387.0224609
batch	4230	valid_loss	71264.1015625
batch	4260	valid_loss	71240.5068359
batch	4290	valid_loss	71242.3334961
batch	4320	valid_loss	71373.1362305
batch	4350	valid_loss	71364.862793
batch	4380	valid_loss	71321.6391602
batch	4410	valid_loss	71307.1210938
batch	4440	valid_loss	71116.4736328
batch	4470	valid_loss	71055.7578125
batch	4500	valid_loss	70902.7841797
batch	4530	valid_loss	71103.3955078
batch	4560	valid_loss	71037.6923828
batch	4590	valid_loss	70828.0302734
batch	4620	valid_loss	70888.3930664
batch	4650	valid_loss	70754.3256836
batch	4680	valid_loss	70842.7197266
batch	4710	valid_loss	70716.6625977
batch	4740	valid_loss	70859.2587891
batch	4770	valid_loss	70555.7480469
batch	4800	valid_loss	70558.1357422
batch	4830	valid_loss	70684.9091797
batch	4860	valid_loss	70516.8842773
batch	4890	valid_loss	70505.5771484
batch	4920	valid_loss	70506.2236328
batch	4950	valid_loss	70481.2822266
batch	4980	valid_loss	70484.3930664
batch	5010	valid_loss	70507.3779297
batch	5040	valid_loss	70485.9628906
batch	5070	valid_loss	70441.6025391
batch	5100	valid_loss	70272.1386719
batch	5130	valid_loss	70320.6987305
batch	5160	valid_loss	70283.0483398
batch	5190	valid_loss	70205.1142578
batch	5220	valid_loss	70267.8413086
batch	5250	valid_loss	70273.1816406
batch	5280	valid_loss	70226.5952148
batch	5310	valid_loss	70148.3222656
batch	5340	valid_loss	70156.4887695
batch	5370	valid_loss	70128.980957
batch	5400	valid_loss	69977.515625
batch	5430	valid_loss	69972.0703125
batch	5460	valid_loss	70018.8803711
batch	5490	valid_loss	69959.2646484
batch	5520	valid_loss	69811.644043
batch	5550	valid_loss	69948.5341797
batch	5580	valid_loss	69832.5297852
batch	5610	valid_loss	69849.0634766
batch	5640	valid_loss	69743.0761719
batch	5670	valid_loss	69759.3491211
batch	5700	valid_loss	69608.7192383
batch	5730	valid_loss	69692.7768555
batch	5760	valid_loss	69683.9663086
batch	5790	valid_loss	69537.7856445
batch	5820	valid_loss	69537.6289062
batch	5850	valid_loss	69611.9780273
batch	5880	valid_loss	69478.0878906
batch	5910	valid_loss	69614.0708008
batch	5940	valid_loss	69398.5512695
batch	5970	valid_loss	69555.421875
batch	6000	valid_loss	69167.8022461
batch	6030	valid_loss	69191.0161133
batch	6060	valid_loss	69076.996582
batch	6090	valid_loss	69148.3740234
batch	6120	valid_loss	69113.574707
batch	6150	valid_loss	68957.2539062
batch	6180	valid_loss	68952.2285156
batch	6210	valid_loss	68930.269043
batch	6240	valid_loss	68882.2392578
batch	6270	valid_loss	68826.6069336
batch	6300	valid_loss	68824.0595703
batch	6330	valid_loss	68664.609375
batch	6360	valid_loss	68641.0805664
batch	6390	valid_loss	68609.0527344
batch	6420	valid_loss	68628.5805664
batch	6450	valid_loss	68517.6166992
batch	6480	valid_loss	68498.5097656
batch	6510	valid_loss	68619.0947266
batch	6540	valid_loss	68523.3037109
batch	6570	valid_loss	68516.1176758
batch	6600	valid_loss	68367.3740234
batch	6630	valid_loss	68391.5844727
batch	6660	valid_loss	68321.9892578
batch	6690	valid_loss	68405.0947266
batch	6720	valid_loss	68307.7583008
batch	6750	valid_loss	68306.9047852
batch	6780	valid_loss	68313.6274414
batch	6810	valid_loss	68222.3076172
batch	6840	valid_loss	68267.5683594
batch	6870	valid_loss	68172.0297852
batch	6900	valid_loss	68247.0214844
batch	6930	valid_loss	68116.925293
batch	6960	valid_loss	68012.5541992
batch	6990	valid_loss	68100.3886719
batch	7020	valid_loss	68016.8505859
batch	7050	valid_loss	68082.1196289
batch	7080	valid_loss	68001.0976562
batch	7110	valid_loss	68107.6938477
batch	7140	valid_loss	68009.5893555
batch	7170	valid_loss	68011.996582
batch	7200	valid_loss	67953.2954102
batch	7230	valid_loss	68035.7885742
batch	7260	valid_loss	67823.8393555
batch	7290	valid_loss	67989.3354492
batch	7320	valid_loss	67810.7060547
batch	7350	valid_loss	67800.8481445
batch	7380	valid_loss	67916.0976562
batch	7410	valid_loss	67866.2739258
batch	7440	valid_loss	67829.875
batch	7470	valid_loss	67848.5830078
batch	7500	valid_loss	67703.0097656
batch	7530	valid_loss	67724.0952148
batch	7560	valid_loss	67730.706543
batch	7590	valid_loss	67663.7734375
batch	7620	valid_loss	67488.1879883
batch	7650	valid_loss	67612.3623047
batch	7680	valid_loss	67539.609375
batch	7710	valid_loss	67552.5957031
batch	7740	valid_loss	67577.2246094
batch	7770	valid_loss	67584.8364258
batch	7800	valid_loss	67431.5546875
batch	7830	valid_loss	67547.206543
batch	7860	valid_loss	67489.5327148
batch	7890	valid_loss	67461.4106445
batch	7920	valid_loss	67334.5678711
batch	7950	valid_loss	67321.2226562
batch	7980	valid_loss	67419.9667969
batch	8010	valid_loss	67323.0444336
batch	8040	valid_loss	67335.7143555
batch	8070	valid_loss	67267.2915039
batch	8100	valid_loss	67236.9316406
batch	8130	valid_loss	67259.2416992
batch	8160	valid_loss	67207.1098633
batch	8190	valid_loss	67147.4868164
batch	8220	valid_loss	67153.3071289
batch	8250	valid_loss	67156.9941406
batch	8280	valid_loss	67261.9960938
batch	8310	valid_loss	67081.8852539
batch	8340	valid_loss	67053.7211914
batch	8370	valid_loss	67122.956543
batch	8400	valid_loss	67063.4658203
batch	8430	valid_loss	66979.2387695
batch	8460	valid_loss	67079.4804688
batch	8490	valid_loss	67009.4707031
batch	8520	valid_loss	66959.6425781
batch	8550	valid_loss	66924.1811523
batch	8580	valid_loss	66853.9296875
batch	8610	valid_loss	66824.190918
batch	8640	valid_loss	66852.6967773
batch	8670	valid_loss	66822.7773438
batch	8700	valid_loss	66784.0566406
batch	8730	valid_loss	66734.1015625
batch	8760	valid_loss	66794.9663086
batch	8790	valid_loss	66747.3779297
batch	8820	valid_loss	66629.8525391
batch	8850	valid_loss	66632.9301758
batch	8880	valid_loss	66541.8813477
batch	8910	valid_loss	66700.8046875
batch	8940	valid_loss	66582.5820312
batch	8970	valid_loss	66543.0410156
batch	9000	valid_loss	66620.5644531
batch	9030	valid_loss	66465.0478516
batch	9060	valid_loss	66451.4467773
batch	9090	valid_loss	66440.6503906
batch	9120	valid_loss	66449.909668
batch	9150	valid_loss	66256.5976562
batch	9180	valid_loss	66269.1508789
batch	9210	valid_loss	66280.3007812
batch	9240	valid_loss	66170.3276367
batch	9270	valid_loss	66273.9633789
batch	9300	valid_loss	66197.8793945
batch	9330	valid_loss	66146.4155273
batch	9360	valid_loss	65983.7919922
batch	9390	valid_loss	66004.9790039
batch	9420	valid_loss	66031.7597656
batch	9450	valid_loss	65912.5996094
batch	9480	valid_loss	65867.9345703
batch	9510	valid_loss	65817.4741211
batch	9540	valid_loss	65884.487793
batch	9570	valid_loss	65821.9677734
batch	9600	valid_loss	65679.7680664
batch	9630	valid_loss	65679.9389648
batch	9660	valid_loss	65595.8842773
batch	9690	valid_loss	65643.4033203
batch	9720	valid_loss	65566.8408203
batch	9750	valid_loss	65563.5483398
batch	9780	valid_loss	65488.5834961
batch	9810	valid_loss	65512.9692383
batch	9840	valid_loss	65401.4003906
batch	9870	valid_loss	65376.2768555
batch	9900	valid_loss	65356.7695312
batch	9930	valid_loss	65340.8374023
batch	9960	valid_loss	65292.5571289
batch	9990	valid_loss	65214.6723633
batch	10020	valid_loss	65196.3334961
batch	10050	valid_loss	65144.3432617
batch	10080	valid_loss	65075.0327148
batch	10110	valid_loss	65011.7441406
batch	10140	valid_loss	64924.9125977
batch	10170	valid_loss	64896.5146484
batch	10200	valid_loss	64922.4868164
batch	10230	valid_loss	64841.4726562
batch	10260	valid_loss	64727.1054688
batch	10290	valid_loss	64706.7944336
batch	10320	valid_loss	64657.4296875
batch	10350	valid_loss	64609.9682617
batch	10380	valid_loss	64510.6547852
batch	10410	valid_loss	64499.1489258
batch	10440	valid_loss	64359.7578125
batch	10470	valid_loss	64408.046875
batch	10500	valid_loss	64344.5444336
batch	10530	valid_loss	64232.9936523
batch	10560	valid_loss	64159.6713867
batch	10590	valid_loss	64121.5126953
batch	10620	valid_loss	64080.7226562
batch	10650	valid_loss	63967.109375
batch	10680	valid_loss	63963.1328125
batch	10710	valid_loss	63850.1142578
batch	10740	valid_loss	63841.5737305
batch	10770	valid_loss	63799.4790039
batch	10800	valid_loss	63676.9291992
batch	10830	valid_loss	63718.2895508
batch	10860	valid_loss	63634.8842773
batch	10890	valid_loss	63560.9331055
batch	10920	valid_loss	63423.1713867
batch	10950	valid_loss	63394.144043
batch	10980	valid_loss	63389.8334961
batch	11010	valid_loss	63268.2714844
batch	11040	valid_loss	63249.5415039
batch	11070	valid_loss	63167.3930664
batch	11100	valid_loss	63117.9604492
batch	11130	valid_loss	63121.7397461
batch	11160	valid_loss	62937.8969727
batch	11190	valid_loss	62892.7050781
batch	11220	valid_loss	62816.3183594
batch	11250	valid_loss	62821.1635742
batch	11280	valid_loss	62687.6616211
batch	11310	valid_loss	62673.2416992
batch	11340	valid_loss	62587.3188477
batch	11370	valid_loss	62510.7680664
batch	11400	valid_loss	62421.7236328
batch	11430	valid_loss	62439.3876953
batch	11460	valid_loss	62308.8891602
batch	11490	valid_loss	62166.7207031
batch	11520	valid_loss	62133.8901367
batch	11550	valid_loss	62080.5234375
batch	11580	valid_loss	61957.6767578
batch	11610	valid_loss	61886.2290039
batch	11640	valid_loss	61788.8828125
batch	11670	valid_loss	61709.4145508
batch	11700	valid_loss	61592.0175781
batch	11730	valid_loss	61602.0717773
batch	11760	valid_loss	61501.715332
batch	11790	valid_loss	61452.3286133
batch	11820	valid_loss	61390.7841797
batch	11850	valid_loss	61356.8686523
batch	11880	valid_loss	61251.3188477
batch	11910	valid_loss	61183.8012695
batch	11940	valid_loss	61085.1337891
batch	11970	valid_loss	61044.2026367
batch	12000	valid_loss	60880.8100586
batch	12030	valid_loss	60924.4404297
batch	12060	valid_loss	60853.6542969
batch	12090	valid_loss	60714.0688477
batch	12120	valid_loss	60638.581543
batch	12150	valid_loss	60635.8105469
batch	12180	valid_loss	60599.8476562
batch	12210	valid_loss	60420.0756836
batch	12240	valid_loss	60413.8183594
batch	12270	valid_loss	60349.7050781
batch	12300	valid_loss	60276.0512695
batch	12330	valid_loss	60195.8378906
batch	12360	valid_loss	60078.4736328
batch	12390	valid_loss	60049.3481445
batch	12420	valid_loss	60058.2250977
batch	12450	valid_loss	59954.4316406
batch	12480	valid_loss	59826.3842773
batch	12510	valid_loss	59778.7866211
batch	12540	valid_loss	59719.3251953
batch	12570	valid_loss	59660.9506836
batch	12600	valid_loss	59642.1201172
batch	12630	valid_loss	59501.4887695
batch	12660	valid_loss	59437.8828125
batch	12690	valid_loss	59415.1811523
batch	12720	valid_loss	59293.7709961
batch	12750	valid_loss	59224.3901367
batch	12780	valid_loss	59155.8671875
batch	12810	valid_loss	59138.9399414
batch	12840	valid_loss	59019.3232422
batch	12870	valid_loss	59046.7231445
batch	12900	valid_loss	58927.9643555
batch	12930	valid_loss	58843.8691406
batch	12960	valid_loss	58771.9438477
batch	12990	valid_loss	58717.090332
batch	13020	valid_loss	58736.7504883
batch	13050	valid_loss	58581.3125
batch	13080	valid_loss	58541.4804688
batch	13110	valid_loss	58535.6948242
batch	13140	valid_loss	58428.4291992
batch	13170	valid_loss	58350.7231445
batch	13200	valid_loss	58258.3134766
batch	13230	valid_loss	58213.4584961
batch	13260	valid_loss	58118.3916016
batch	13290	valid_loss	58102.7246094
batch	13320	valid_loss	57999.2470703
batch	13350	valid_loss	57974.7451172
batch	13380	valid_loss	57948.96875
batch	13410	valid_loss	57882.0175781
batch	13440	valid_loss	57774.8129883
batch	13470	valid_loss	57744.6767578
batch	13500	valid_loss	57660.5009766
batch	13530	valid_loss	57592.3286133
batch	13560	valid_loss	57465.6845703
batch	13590	valid_loss	57493.3725586
batch	13620	valid_loss	57415.9067383
batch	13650	valid_loss	57284.9018555
batch	13680	valid_loss	57240.8911133
batch	13710	valid_loss	57164.4379883
batch	13740	valid_loss	57165.3764648
batch	13770	valid_loss	57009.684082
batch	13800	valid_loss	56998.0610352
batch	13830	valid_loss	56932.2949219
batch	13860	valid_loss	56894.2954102
batch	13890	valid_loss	56796.9077148
batch	13920	valid_loss	56714.5898438
batch	13950	valid_loss	56642.8681641
batch	13980	valid_loss	56625.230957
batch	14010	valid_loss	56515.7192383
batch	14040	valid_loss	56457.7910156
batch	14070	valid_loss	56417.1289062
batch	14100	valid_loss	56359.8916016
batch	14130	valid_loss	56282.9584961
batch	14160	valid_loss	56262.5048828
batch	14190	valid_loss	56127.6992188
batch	14220	valid_loss	56090.4785156
batch	14250	valid_loss	56045.5844727
batch	14280	valid_loss	55962.4916992
batch	14310	valid_loss	55891.9707031
batch	14340	valid_loss	55807.5532227
batch	14370	valid_loss	55821.078125
batch	14400	valid_loss	55725.6479492
batch	14430	valid_loss	55731.7666016
batch	14460	valid_loss	55638.1123047
batch	14490	valid_loss	55523.5537109
batch	14520	valid_loss	55448.8999023
batch	14550	valid_loss	55415.5405273
batch	14580	valid_loss	55401.0673828
batch	14610	valid_loss	55316.7519531
batch	14640	valid_loss	55258.6411133
batch	14670	valid_loss	55181.7592773
batch	14700	valid_loss	55122.0390625
batch	14730	valid_loss	55064.0175781
batch	14760	valid_loss	55000.9682617
batch	14790	valid_loss	54992.5385742
batch	14820	valid_loss	54869.8056641
batch	14850	valid_loss	54913.8920898
batch	14880	valid_loss	54765.0844727
batch	14910	valid_loss	54722.3852539
batch	14940	valid_loss	54688.0263672
batch	14970	valid_loss	54639.8476562
batch	15000	valid_loss	54559.0288086
batch	15030	valid_loss	54493.75
batch	15060	valid_loss	54444.4057617
batch	15090	valid_loss	54405.7788086
batch	15120	valid_loss	54253.4194336
batch	15150	valid_loss	54293.3666992
batch	15180	valid_loss	54263.3149414
batch	15210	valid_loss	54163.9438477
batch	15240	valid_loss	54095.3139648
batch	15270	valid_loss	54036.8100586
batch	15300	valid_loss	54028.7485352
batch	15330	valid_loss	53911.3198242
batch	15360	valid_loss	53911.9101562
batch	15390	valid_loss	53816.0097656
batch	15420	valid_loss	53785.7695312
batch	15450	valid_loss	53717.2226562
batch	15480	valid_loss	53666.3686523
batch	15510	valid_loss	53615.2290039
batch	15540	valid_loss	53559.8032227
batch	15570	valid_loss	53458.722168
batch	15600	valid_loss	53459.3842773
batch	15630	valid_loss	53397.6928711
batch	15660	valid_loss	53377.7988281
batch	15690	valid_loss	53308.7192383
batch	15720	valid_loss	53279.8232422
batch	15750	valid_loss	53181.8305664
batch	15780	valid_loss	53157.2451172
batch	15810	valid_loss	53107.3354492
batch	15840	valid_loss	53041.9091797
batch	15870	valid_loss	52989.3994141
batch	15900	valid_loss	52911.3095703
batch	15930	valid_loss	52895.9638672
batch	15960	valid_loss	52841.6757812
batch	15990	valid_loss	52878.659668
batch	16020	valid_loss	52801.1826172
batch	16050	valid_loss	52691.2651367
batch	16080	valid_loss	52626.3935547
batch	16110	valid_loss	52599.9975586
batch	16140	valid_loss	52642.925293
batch	16170	valid_loss	52537.5527344
batch	16200	valid_loss	52506.2514648
batch	16230	valid_loss	52394.7744141
batch	16260	valid_loss	52381.0800781
batch	16290	valid_loss	52360.3173828
batch	16320	valid_loss	52276.6538086
batch	16350	valid_loss	52303.7524414
batch	16380	valid_loss	52210.0214844
batch	16410	valid_loss	52187.0629883
batch	16440	valid_loss	52169.3076172
batch	16470	valid_loss	52092.4589844
batch	16500	valid_loss	52075.9179688
batch	16530	valid_loss	52025.7363281
batch	16560	valid_loss	51974.3168945
batch	16590	valid_loss	51929.1416016
batch	16620	valid_loss	51867.9589844
batch	16650	valid_loss	51859.6591797
batch	16680	valid_loss	51739.4848633
batch	16710	valid_loss	51746.6230469
batch	16740	valid_loss	51751.3637695
batch	16770	valid_loss	51686.050293
batch	16800	valid_loss	51638.2084961
batch	16830	valid_loss	51596.4208984
batch	16860	valid_loss	51605.5976562
batch	16890	valid_loss	51499.5786133
batch	16920	valid_loss	51499.9038086
batch	16950	valid_loss	51425.1132812
batch	16980	valid_loss	51403.1689453
batch	17010	valid_loss	51347.8227539
batch	17040	valid_loss	51297.6625977
batch	17070	valid_loss	51289.6757812
batch	17100	valid_loss	51229.9716797
batch	17130	valid_loss	51152.8334961
batch	17160	valid_loss	51163.8334961
batch	17190	valid_loss	51123.8359375
batch	17220	valid_loss	51095.6743164
batch	17250	valid_loss	51048.7314453
batch	17280	valid_loss	51047.5751953
batch	17310	valid_loss	50970.34375
batch	17340	valid_loss	50929.6386719
batch	17370	valid_loss	50911.190918
batch	17400	valid_loss	50892.144043
batch	17430	valid_loss	50815.8676758
batch	17460	valid_loss	50771.8994141
batch	17490	valid_loss	50736.7358398
batch	17520	valid_loss	50697.0
batch	17550	valid_loss	50746.7084961
batch	17580	valid_loss	50681.9624023
batch	17610	valid_loss	50596.987793
batch	17640	valid_loss	50531.1367188
batch	17670	valid_loss	50523.4980469
batch	17700	valid_loss	50609.7832031
batch	17730	valid_loss	50473.5556641
batch	17760	valid_loss	50453.4746094
batch	17790	valid_loss	50368.0693359
batch	17820	valid_loss	50357.5356445
batch	17850	valid_loss	50332.1025391
batch	17880	valid_loss	50252.0107422
batch	17910	valid_loss	50314.6464844
batch	17940	valid_loss	50214.0532227
batch	17970	valid_loss	50223.6518555
batch	18000	valid_loss	50181.6577148
batch	18030	valid_loss	50126.2265625
batch	18060	valid_loss	50112.2612305
batch	18090	valid_loss	50074.2255859
batch	18120	valid_loss	50066.769043
batch	18150	valid_loss	49998.9775391
batch	18180	valid_loss	49945.0600586
batch	18210	valid_loss	49958.4057617
batch	18240	valid_loss	49862.3647461
batch	18270	valid_loss	49864.8374023
batch	18300	valid_loss	49861.7114258
batch	18330	valid_loss	49815.1621094
batch	18360	valid_loss	49784.4560547
batch	18390	valid_loss	49731.3286133
batch	18420	valid_loss	49746.75
batch	18450	valid_loss	49659.449707
batch	18480	valid_loss	49665.9858398
batch	18510	valid_loss	49604.4619141
batch	18540	valid_loss	49566.6855469
batch	18570	valid_loss	49537.3305664
batch	18600	valid_loss	49507.6577148
batch	18630	valid_loss	49486.9584961
batch	18660	valid_loss	49437.7280273
batch	18690	valid_loss	49394.0742188
batch	18720	valid_loss	49383.9741211
batch	18750	valid_loss	49347.2021484
batch	18780	valid_loss	49321.3686523
batch	18810	valid_loss	49291.9038086
batch	18840	valid_loss	49300.1206055
batch	18870	valid_loss	49232.859375
batch	18900	valid_loss	49204.9052734
batch	18930	valid_loss	49175.2553711
batch	18960	valid_loss	49176.4838867
batch	18990	valid_loss	49111.3813477
batch	19020	valid_loss	49081.2592773
batch	19050	valid_loss	49031.0961914
batch	19080	valid_loss	49026.7646484
batch	19110	valid_loss	49076.3457031
batch	19140	valid_loss	49008.2841797
batch	19170	valid_loss	48928.6699219
batch	19200	valid_loss	48881.6142578
batch	19230	valid_loss	48862.9121094
batch	19260	valid_loss	48942.1782227
batch	19290	valid_loss	48830.4990234
batch	19320	valid_loss	48793.1855469
batch	19350	valid_loss	48749.9189453
batch	19380	valid_loss	48741.6640625
batch	19410	valid_loss	48701.40625
batch	19440	valid_loss	48638.6425781
batch	19470	valid_loss	48692.9511719
batch	19500	valid_loss	48613.4291992
batch	19530	valid_loss	48644.9614258
batch	19560	valid_loss	48583.3530273
batch	19590	valid_loss	48522.4101562
batch	19620	valid_loss	48548.2290039
batch	19650	valid_loss	48518.5234375
batch	19680	valid_loss	48495.5512695
batch	19710	valid_loss	48431.6123047
batch	19740	valid_loss	48401.355957
batch	19770	valid_loss	48414.2758789
batch	19800	valid_loss	48334.7290039
batch	19830	valid_loss	48317.8452148
batch	19860	valid_loss	48335.9829102
batch	19890	valid_loss	48288.6474609
batch	19920	valid_loss	48257.9716797
batch	19950	valid_loss	48228.6806641
batch	19980	valid_loss	48232.5810547
batch	20010	valid_loss	48149.2255859
batch	20040	valid_loss	48168.2949219
batch	20070	valid_loss	48117.9980469
batch	20100	valid_loss	48087.7958984
batch	20130	valid_loss	48069.2949219
batch	20160	valid_loss	48046.3837891
batch	20190	valid_loss	48029.9511719
batch	20220	valid_loss	47982.4599609
batch	20250	valid_loss	47943.8012695
batch	20280	valid_loss	47923.7368164
batch	20310	valid_loss	47891.5019531
batch	20340	valid_loss	47865.0693359
batch	20370	valid_loss	47825.0668945
batch	20400	valid_loss	47851.3095703
batch	20430	valid_loss	47791.2211914
batch	20460	valid_loss	47773.2431641
batch	20490	valid_loss	47742.2885742
batch	20520	valid_loss	47747.9467773
batch	20550	valid_loss	47709.28125
batch	20580	valid_loss	47680.137207
batch	20610	valid_loss	47604.2109375
batch	20640	valid_loss	47609.1948242
batch	20670	valid_loss	47656.3759766
batch	20700	valid_loss	47613.9780273
batch	20730	valid_loss	47538.9873047
batch	20760	valid_loss	47504.574707
batch	20790	valid_loss	47471.2905273
batch	20820	valid_loss	47538.2470703
batch	20850	valid_loss	47451.6342773
batch	20880	valid_loss	47432.2011719
batch	20910	valid_loss	47388.6054688
batch	20940	valid_loss	47374.0600586
batch	20970	valid_loss	47335.5805664
batch	21000	valid_loss	47280.5839844
batch	21030	valid_loss	47330.0063477
batch	21060	valid_loss	47253.6333008
batch	21090	valid_loss	47307.0751953
batch	21120	valid_loss	47230.8959961
batch	21150	valid_loss	47178.5722656
batch	21180	valid_loss	47214.0898438
batch	21210	valid_loss	47164.1567383
batch	21240	valid_loss	47166.0820312
batch	21270	valid_loss	47112.1235352
batch	21300	valid_loss	47071.9155273
batch	21330	valid_loss	47098.2260742
batch	21360	valid_loss	47024.0947266
batch	21390	valid_loss	47000.847168
batch	21420	valid_loss	47018.0981445
batch	21450	valid_loss	46971.6362305
batch	21480	valid_loss	46954.1279297
batch	21510	valid_loss	46917.0180664
batch	21540	valid_loss	46924.3891602
batch	21570	valid_loss	46840.7583008
batch	21600	valid_loss	46870.1552734
batch	21630	valid_loss	46835.1870117
batch	21660	valid_loss	46807.7797852
batch	21690	valid_loss	46798.4599609
batch	21720	valid_loss	46784.0654297
batch	21750	valid_loss	46751.5068359
batch	21780	valid_loss	46702.5703125
batch	21810	valid_loss	46680.9248047
batch	21840	valid_loss	46662.7148438
batch	21870	valid_loss	46637.5581055
batch	21900	valid_loss	46608.3793945
batch	21930	valid_loss	46573.4082031
batch	21960	valid_loss	46594.9731445
batch	21990	valid_loss	46547.2333984
batch	22020	valid_loss	46533.0512695
batch	22050	valid_loss	46489.5605469
batch	22080	valid_loss	46498.0834961
batch	22110	valid_loss	46478.8549805
batch	22140	valid_loss	46452.7834473
batch	22170	valid_loss	46376.6342773
batch	22200	valid_loss	46379.3137207
batch	22230	valid_loss	46414.4606934
batch	22260	valid_loss	46396.6677246
batch	22290	valid_loss	46315.7253418
batch	22320	valid_loss	46297.7626953
batch	22350	valid_loss	46255.440918
batch	22380	valid_loss	46315.1791992
batch	22410	valid_loss	46251.911377
batch	22440	valid_loss	46237.2492676
batch	22470	valid_loss	46190.3618164
batch	22500	valid_loss	46175.7998047
batch	22530	valid_loss	46149.4467773
batch	22560	valid_loss	46091.0788574
batch	22590	valid_loss	46135.402832
batch	22620	valid_loss	46072.3752441
batch	22650	valid_loss	46139.4572754
batch	22680	valid_loss	46052.4851074
batch	22710	valid_loss	45999.6086426
batch	22740	valid_loss	46030.3486328
batch	22770	valid_loss	45982.2070312
batch	22800	valid_loss	45992.0720215
batch	22830	valid_loss	45963.317627
batch	22860	valid_loss	45916.9052734
batch	22890	valid_loss	45943.1208496
batch	22920	valid_loss	45886.1806641
batch	22950	valid_loss	45854.8430176
batch	22980	valid_loss	45868.9919434
batch	23010	valid_loss	45824.1779785
batch	23040	valid_loss	45802.309082
batch	23070	valid_loss	45767.1162109
batch	23100	valid_loss	45791.9870605
batch	23130	valid_loss	45708.2736816
batch	23160	valid_loss	45736.8598633
batch	23190	valid_loss	45694.5205078
batch	23220	valid_loss	45684.973877
batch	23250	valid_loss	45683.4785156
batch	23280	valid_loss	45686.3666992
batch	23310	valid_loss	45631.2236328
batch	23340	valid_loss	45577.6196289
batch	23370	valid_loss	45568.0212402
batch	23400	valid_loss	45540.0283203
batch	23430	valid_loss	45555.7668457
batch	23460	valid_loss	45529.6394043
batch	23490	valid_loss	45506.701416
batch	23520	valid_loss	45505.9050293
batch	23550	valid_loss	45431.9975586
batch	23580	valid_loss	45439.2041016
batch	23610	valid_loss	45400.2045898
batch	23640	valid_loss	45413.6828613
batch	23670	valid_loss	45377.0495605
batch	23700	valid_loss	45345.4067383
batch	23730	valid_loss	45292.7705078
batch	23760	valid_loss	45286.5471191
batch	23790	valid_loss	45327.2421875
batch	23820	valid_loss	45319.472168
batch	23850	valid_loss	45228.0637207
batch	23880	valid_loss	45246.5612793
batch	23910	valid_loss	45194.5412598
batch	23940	valid_loss	45243.4345703
batch	23970	valid_loss	45191.6413574
batch	24000	valid_loss	45152.9147949
batch	24030	valid_loss	45122.015625
batch	24060	valid_loss	45125.4038086
batch	24090	valid_loss	45083.0
batch	24120	valid_loss	45043.6271973
batch	24150	valid_loss	45081.3615723
batch	24180	valid_loss	45033.5473633
batch	24210	valid_loss	45087.6638184
batch	24240	valid_loss	45023.4326172
batch	24270	valid_loss	44962.1772461
batch	24300	valid_loss	44977.9416504
batch	24330	valid_loss	44934.6413574
batch	24360	valid_loss	44953.1652832
batch	24390	valid_loss	44907.3417969
batch	24420	valid_loss	44866.0563965
batch	24450	valid_loss	44902.3425293
batch	24480	valid_loss	44851.3830566
batch	24510	valid_loss	44823.3925781
batch	24540	valid_loss	44852.9160156
batch	24570	valid_loss	44810.0654297
batch	24600	valid_loss	44779.3186035
batch	24630	valid_loss	44732.9089355
batch	24660	valid_loss	44777.1674805
batch	24690	valid_loss	44676.5185547
batch	24720	valid_loss	44729.5087891
batch	24750	valid_loss	44677.5842285
batch	24780	valid_loss	44668.6130371
batch	24810	valid_loss	44655.0341797
batch	24840	valid_loss	44660.5187988
batch	24870	valid_loss	44625.7873535
batch	24900	valid_loss	44574.2038574
batch	24930	valid_loss	44567.9187012
batch	24960	valid_loss	44538.2836914
batch	24990	valid_loss	44528.0297852
STOP
START
config	620	20	620	960
batch	0	valid_loss	7463525.0625
batch	30	valid_loss	219492.359375
batch	60	valid_loss	105778.823242
batch	90	valid_loss	100239.141602
batch	120	valid_loss	99929.1103516
batch	150	valid_loss	100017.875977
batch	180	valid_loss	100076.670898
batch	210	valid_loss	100022.741211
batch	240	valid_loss	100144.839844
batch	270	valid_loss	100095.602539
batch	300	valid_loss	100155.600586
batch	330	valid_loss	100379.553711
batch	360	valid_loss	100162.8125
batch	390	valid_loss	100166.548828
batch	420	valid_loss	100166.46875
batch	450	valid_loss	99904.9853516
batch	480	valid_loss	99067.5449219
batch	510	valid_loss	97158.9648438
batch	540	valid_loss	94926.8486328
batch	570	valid_loss	93291.8295898
batch	600	valid_loss	92003.2871094
batch	630	valid_loss	91464.6416016
batch	660	valid_loss	91000.7597656
batch	690	valid_loss	90707.1796875
batch	720	valid_loss	90401.4609375
batch	750	valid_loss	90154.6318359
batch	780	valid_loss	89854.2729492
batch	810	valid_loss	89497.1772461
batch	840	valid_loss	89233.0288086
batch	870	valid_loss	88904.5839844
batch	900	valid_loss	88460.0961914
batch	930	valid_loss	87826.855957
batch	960	valid_loss	87530.7910156
batch	990	valid_loss	87038.1259766
batch	1020	valid_loss	86470.0527344
batch	1050	valid_loss	86090.6298828
batch	1080	valid_loss	85766.2880859
batch	1110	valid_loss	85271.9604492
batch	1140	valid_loss	84875.199707
batch	1170	valid_loss	84416.6635742
batch	1200	valid_loss	84068.3818359
batch	1230	valid_loss	83642.4301758
batch	1260	valid_loss	83586.6445312
batch	1290	valid_loss	83116.8623047
batch	1320	valid_loss	82702.1337891
batch	1350	valid_loss	82331.6621094
batch	1380	valid_loss	81904.8540039
batch	1410	valid_loss	81880.8583984
batch	1440	valid_loss	81546.4643555
batch	1470	valid_loss	81145.7353516
batch	1500	valid_loss	80951.359375
batch	1530	valid_loss	80505.5083008
batch	1560	valid_loss	80201.1674805
batch	1590	valid_loss	79935.9223633
batch	1620	valid_loss	79478.2929688
batch	1650	valid_loss	79261.5307617
batch	1680	valid_loss	78925.3427734
batch	1710	valid_loss	78809.4931641
batch	1740	valid_loss	78419.0380859
batch	1770	valid_loss	78198.3598633
batch	1800	valid_loss	77981.8051758
batch	1830	valid_loss	77712.2416992
batch	1860	valid_loss	77428.6557617
batch	1890	valid_loss	77255.9316406
batch	1920	valid_loss	76993.1777344
batch	1950	valid_loss	76838.5273438
batch	1980	valid_loss	76614.3886719
batch	2010	valid_loss	76319.8183594
batch	2040	valid_loss	76203.9379883
batch	2070	valid_loss	76112.1938477
batch	2100	valid_loss	76020.046875
batch	2130	valid_loss	75663.9072266
batch	2160	valid_loss	75576.9614258
batch	2190	valid_loss	75446.8647461
batch	2220	valid_loss	75137.4194336
batch	2250	valid_loss	75065.2270508
batch	2280	valid_loss	74832.1230469
batch	2310	valid_loss	74703.3271484
batch	2340	valid_loss	74668.8686523
batch	2370	valid_loss	74437.9487305
batch	2400	valid_loss	74199.1132812
batch	2430	valid_loss	74181.5253906
batch	2460	valid_loss	73941.480957
batch	2490	valid_loss	73820.7363281
batch	2520	valid_loss	73740.9863281
batch	2550	valid_loss	73765.980957
batch	2580	valid_loss	73385.5341797
batch	2610	valid_loss	73276.6923828
batch	2640	valid_loss	73100.9296875
batch	2670	valid_loss	73140.8115234
batch	2700	valid_loss	73030.4755859
batch	2730	valid_loss	72757.9711914
batch	2760	valid_loss	72664.7055664
batch	2790	valid_loss	72741.4267578
batch	2820	valid_loss	72691.7294922
batch	2850	valid_loss	72360.0341797
batch	2880	valid_loss	72437.2075195
batch	2910	valid_loss	72160.012207
batch	2940	valid_loss	72071.0253906
batch	2970	valid_loss	72361.0737305
batch	3000	valid_loss	72187.9208984
batch	3030	valid_loss	71992.6376953
batch	3060	valid_loss	72167.7827148
batch	3090	valid_loss	71937.8574219
batch	3120	valid_loss	71816.0644531
batch	3150	valid_loss	71741.4057617
batch	3180	valid_loss	71714.3164062
batch	3210	valid_loss	71551.3222656
batch	3240	valid_loss	71456.184082
batch	3270	valid_loss	71594.7299805
batch	3300	valid_loss	71564.9697266
batch	3330	valid_loss	71355.8759766
batch	3360	valid_loss	71375.2172852
batch	3390	valid_loss	71356.9731445
batch	3420	valid_loss	71179.1977539
batch	3450	valid_loss	71166.5576172
batch	3480	valid_loss	71095.9013672
batch	3510	valid_loss	71041.1987305
batch	3540	valid_loss	71039.7373047
batch	3570	valid_loss	70811.4716797
batch	3600	valid_loss	70770.9672852
batch	3630	valid_loss	70928.0761719
batch	3660	valid_loss	70816.5615234
batch	3690	valid_loss	70816.3930664
batch	3720	valid_loss	70660.3447266
batch	3750	valid_loss	70624.715332
batch	3780	valid_loss	70385.0805664
batch	3810	valid_loss	70633.8740234
batch	3840	valid_loss	70561.8354492
batch	3870	valid_loss	70442.4179688
batch	3900	valid_loss	70536.3828125
batch	3930	valid_loss	70352.2714844
batch	3960	valid_loss	70266.7163086
batch	3990	valid_loss	70406.8618164
batch	4020	valid_loss	70222.0727539
batch	4050	valid_loss	70207.1235352
batch	4080	valid_loss	70168.5141602
batch	4110	valid_loss	70307.1220703
batch	4140	valid_loss	70197.0234375
batch	4170	valid_loss	70112.2319336
batch	4200	valid_loss	69971.628418
batch	4230	valid_loss	70000.8803711
batch	4260	valid_loss	70036.1816406
batch	4290	valid_loss	69908.5205078
batch	4320	valid_loss	69984.3393555
batch	4350	valid_loss	70026.9116211
batch	4380	valid_loss	70037.9287109
batch	4410	valid_loss	69928.2958984
batch	4440	valid_loss	69883.3505859
batch	4470	valid_loss	69719.7314453
batch	4500	valid_loss	69649.5664062
batch	4530	valid_loss	69868.0317383
batch	4560	valid_loss	69953.746582
batch	4590	valid_loss	69791.4116211
batch	4620	valid_loss	69986.3447266
batch	4650	valid_loss	69775.1279297
batch	4680	valid_loss	69818.4638672
batch	4710	valid_loss	69623.6987305
batch	4740	valid_loss	69795.847168
batch	4770	valid_loss	69614.2719727
batch	4800	valid_loss	69599.0625
batch	4830	valid_loss	69734.625
batch	4860	valid_loss	69587.5395508
batch	4890	valid_loss	69617.0229492
batch	4920	valid_loss	69724.777832
batch	4950	valid_loss	69589.5498047
batch	4980	valid_loss	69599.7192383
batch	5010	valid_loss	69661.9838867
batch	5040	valid_loss	69610.7749023
batch	5070	valid_loss	69626.7026367
batch	5100	valid_loss	69487.1274414
batch	5130	valid_loss	69400.487793
batch	5160	valid_loss	69374.5922852
batch	5190	valid_loss	69450.7978516
batch	5220	valid_loss	69590.1704102
batch	5250	valid_loss	69656.847168
batch	5280	valid_loss	69467.6572266
batch	5310	valid_loss	69396.534668
batch	5340	valid_loss	69202.4077148
batch	5370	valid_loss	69540.8632812
batch	5400	valid_loss	69263.0424805
batch	5430	valid_loss	69264.1264648
batch	5460	valid_loss	69452.5927734
batch	5490	valid_loss	69217.1064453
batch	5520	valid_loss	69162.8803711
batch	5550	valid_loss	69287.5
batch	5580	valid_loss	69139.2241211
batch	5610	valid_loss	69186.2592773
batch	5640	valid_loss	69193.2089844
batch	5670	valid_loss	69231.4951172
batch	5700	valid_loss	69041.0454102
batch	5730	valid_loss	68972.9609375
batch	5760	valid_loss	68992.9907227
batch	5790	valid_loss	68823.7626953
batch	5820	valid_loss	68742.734375
batch	5850	valid_loss	68853.2861328
batch	5880	valid_loss	68945.9570312
batch	5910	valid_loss	68895.4003906
batch	5940	valid_loss	68902.3916016
batch	5970	valid_loss	68836.1552734
batch	6000	valid_loss	68651.0703125
batch	6030	valid_loss	68641.2329102
batch	6060	valid_loss	68516.0097656
batch	6090	valid_loss	68660.3662109
batch	6120	valid_loss	68642.2055664
batch	6150	valid_loss	68524.4833984
batch	6180	valid_loss	68555.5151367
batch	6210	valid_loss	68441.7143555
batch	6240	valid_loss	68584.9511719
batch	6270	valid_loss	68389.7124023
batch	6300	valid_loss	68540.1577148
batch	6330	valid_loss	68330.5063477
batch	6360	valid_loss	68263.6049805
batch	6390	valid_loss	68407.0961914
batch	6420	valid_loss	68289.2524414
batch	6450	valid_loss	68317.3334961
batch	6480	valid_loss	68313.1376953
batch	6510	valid_loss	68340.1557617
batch	6540	valid_loss	68278.8681641
batch	6570	valid_loss	68262.4633789
batch	6600	valid_loss	68301.1020508
batch	6630	valid_loss	68193.0610352
batch	6660	valid_loss	68052.362793
batch	6690	valid_loss	68182.5024414
batch	6720	valid_loss	68124.1318359
batch	6750	valid_loss	68061.8569336
batch	6780	valid_loss	68154.8085938
batch	6810	valid_loss	68056.7568359
batch	6840	valid_loss	68080.269043
batch	6870	valid_loss	67978.2729492
batch	6900	valid_loss	68045.4501953
batch	6930	valid_loss	68023.0053711
batch	6960	valid_loss	67869.5610352
batch	6990	valid_loss	67963.21875
batch	7020	valid_loss	68000.8188477
batch	7050	valid_loss	67963.855957
batch	7080	valid_loss	67879.2275391
batch	7110	valid_loss	67986.4277344
batch	7140	valid_loss	67929.8696289
batch	7170	valid_loss	67865.0698242
batch	7200	valid_loss	67777.8569336
batch	7230	valid_loss	67887.019043
batch	7260	valid_loss	67807.5683594
batch	7290	valid_loss	67876.4306641
batch	7320	valid_loss	67913.1337891
batch	7350	valid_loss	67699.6547852
batch	7380	valid_loss	67837.7294922
batch	7410	valid_loss	67733.4892578
batch	7440	valid_loss	67866.7446289
batch	7470	valid_loss	67884.9931641
batch	7500	valid_loss	67716.5493164
batch	7530	valid_loss	67781.5839844
batch	7560	valid_loss	67668.1679688
batch	7590	valid_loss	67785.8276367
batch	7620	valid_loss	67607.1552734
batch	7650	valid_loss	67651.5620117
batch	7680	valid_loss	67748.8149414
batch	7710	valid_loss	67624.7470703
batch	7740	valid_loss	67689.0449219
batch	7770	valid_loss	67807.1787109
batch	7800	valid_loss	67611.6430664
batch	7830	valid_loss	67663.7036133
batch	7860	valid_loss	67627.8081055
batch	7890	valid_loss	67576.1777344
batch	7920	valid_loss	67556.7861328
batch	7950	valid_loss	67528.5805664
batch	7980	valid_loss	67658.2329102
batch	8010	valid_loss	67538.5253906
batch	8040	valid_loss	67560.4501953
batch	8070	valid_loss	67593.2495117
batch	8100	valid_loss	67586.3544922
batch	8130	valid_loss	67605.7392578
batch	8160	valid_loss	67482.9941406
batch	8190	valid_loss	67506.4775391
batch	8220	valid_loss	67474.8178711
batch	8250	valid_loss	67509.449707
batch	8280	valid_loss	67475.5039062
batch	8310	valid_loss	67427.3164062
batch	8340	valid_loss	67465.2875977
batch	8370	valid_loss	67457.7539062
batch	8400	valid_loss	67448.5913086
batch	8430	valid_loss	67335.3476562
batch	8460	valid_loss	67388.0878906
batch	8490	valid_loss	67392.5844727
batch	8520	valid_loss	67295.5576172
batch	8550	valid_loss	67236.3134766
batch	8580	valid_loss	67210.8730469
batch	8610	valid_loss	67310.4179688
batch	8640	valid_loss	67194.0175781
batch	8670	valid_loss	67299.1191406
batch	8700	valid_loss	67222.5722656
batch	8730	valid_loss	67185.6616211
batch	8760	valid_loss	67190.1782227
batch	8790	valid_loss	67199.3022461
batch	8820	valid_loss	67048.0429688
batch	8850	valid_loss	67132.9418945
batch	8880	valid_loss	67010.0117188
batch	8910	valid_loss	67036.7895508
batch	8940	valid_loss	67033.3110352
batch	8970	valid_loss	66950.3144531
batch	9000	valid_loss	67031.8344727
batch	9030	valid_loss	66966.0507812
batch	9060	valid_loss	66924.3789062
batch	9090	valid_loss	66911.5009766
batch	9120	valid_loss	66916.3320312
batch	9150	valid_loss	66803.3481445
batch	9180	valid_loss	66796.6547852
batch	9210	valid_loss	66868.9262695
batch	9240	valid_loss	66729.9931641
batch	9270	valid_loss	66805.8466797
batch	9300	valid_loss	66836.7109375
batch	9330	valid_loss	66771.7861328
batch	9360	valid_loss	66606.6523438
batch	9390	valid_loss	66657.862793
batch	9420	valid_loss	66694.3813477
batch	9450	valid_loss	66555.6293945
batch	9480	valid_loss	66570.2446289
batch	9510	valid_loss	66516.6430664
batch	9540	valid_loss	66599.5727539
batch	9570	valid_loss	66483.9936523
batch	9600	valid_loss	66412.8476562
batch	9630	valid_loss	66396.3413086
batch	9660	valid_loss	66327.4282227
batch	9690	valid_loss	66372.7202148
batch	9720	valid_loss	66274.4716797
batch	9750	valid_loss	66287.2324219
batch	9780	valid_loss	66236.0224609
batch	9810	valid_loss	66242.4550781
batch	9840	valid_loss	66144.2685547
batch	9870	valid_loss	66125.9389648
batch	9900	valid_loss	66132.5615234
batch	9930	valid_loss	66114.3632812
batch	9960	valid_loss	66090.675293
batch	9990	valid_loss	66016.5205078
batch	10020	valid_loss	66004.25
batch	10050	valid_loss	65983.9331055
batch	10080	valid_loss	65919.3969727
batch	10110	valid_loss	65885.2324219
batch	10140	valid_loss	65836.0874023
batch	10170	valid_loss	65813.8686523
batch	10200	valid_loss	65858.1323242
batch	10230	valid_loss	65766.0952148
batch	10260	valid_loss	65695.6489258
batch	10290	valid_loss	65694.5004883
batch	10320	valid_loss	65668.8417969
batch	10350	valid_loss	65619.8803711
batch	10380	valid_loss	65529.9970703
batch	10410	valid_loss	65643.9575195
batch	10440	valid_loss	65483.9082031
batch	10470	valid_loss	65520.3730469
batch	10500	valid_loss	65486.3720703
batch	10530	valid_loss	65416.3735352
batch	10560	valid_loss	65366.394043
batch	10590	valid_loss	65402.637207
batch	10620	valid_loss	65324.6108398
batch	10650	valid_loss	65225.2382812
batch	10680	valid_loss	65234.9477539
batch	10710	valid_loss	65120.1499023
batch	10740	valid_loss	65125.4736328
batch	10770	valid_loss	65123.0302734
batch	10800	valid_loss	65018.8320312
batch	10830	valid_loss	64993.6943359
batch	10860	valid_loss	64968.0717773
batch	10890	valid_loss	64922.7739258
batch	10920	valid_loss	64836.5419922
batch	10950	valid_loss	64796.4555664
batch	10980	valid_loss	64774.2270508
batch	11010	valid_loss	64660.9135742
batch	11040	valid_loss	64667.5737305
batch	11070	valid_loss	64579.8818359
batch	11100	valid_loss	64518.6254883
batch	11130	valid_loss	64449.3886719
batch	11160	valid_loss	64327.4833984
batch	11190	valid_loss	64296.2958984
batch	11220	valid_loss	64202.1479492
batch	11250	valid_loss	64227.0830078
batch	11280	valid_loss	64055.515625
batch	11310	valid_loss	64071.3828125
batch	11340	valid_loss	63941.1699219
batch	11370	valid_loss	63890.4375
batch	11400	valid_loss	63800.7524414
batch	11430	valid_loss	63744.390625
batch	11460	valid_loss	63755.4594727
batch	11490	valid_loss	63587.9194336
batch	11520	valid_loss	63586.4580078
batch	11550	valid_loss	63479.6430664
batch	11580	valid_loss	63382.8134766
batch	11610	valid_loss	63295.4501953
batch	11640	valid_loss	63238.1132812
batch	11670	valid_loss	63123.7890625
batch	11700	valid_loss	63037.2832031
batch	11730	valid_loss	63031.8081055
batch	11760	valid_loss	62915.4379883
batch	11790	valid_loss	62873.6186523
batch	11820	valid_loss	62756.0595703
batch	11850	valid_loss	62730.2026367
batch	11880	valid_loss	62646.0996094
batch	11910	valid_loss	62536.2924805
batch	11940	valid_loss	62430.1904297
batch	11970	valid_loss	62413.2329102
batch	12000	valid_loss	62225.9770508
batch	12030	valid_loss	62277.15625
batch	12060	valid_loss	62176.53125
batch	12090	valid_loss	62012.7709961
batch	12120	valid_loss	61951.2944336
batch	12150	valid_loss	61886.1694336
batch	12180	valid_loss	61831.5195312
batch	12210	valid_loss	61674.6357422
batch	12240	valid_loss	61623.6621094
batch	12270	valid_loss	61528.3574219
batch	12300	valid_loss	61442.7451172
batch	12330	valid_loss	61414.6425781
batch	12360	valid_loss	61279.7036133
batch	12390	valid_loss	61223.140625
batch	12420	valid_loss	61114.3476562
batch	12450	valid_loss	61037.5639648
batch	12480	valid_loss	60968.2036133
batch	12510	valid_loss	60892.284668
batch	12540	valid_loss	60839.2993164
batch	12570	valid_loss	60734.7836914
batch	12600	valid_loss	60688.2353516
batch	12630	valid_loss	60571.3999023
batch	12660	valid_loss	60497.2714844
batch	12690	valid_loss	60413.2382812
batch	12720	valid_loss	60313.8349609
batch	12750	valid_loss	60225.1293945
batch	12780	valid_loss	60156.5268555
batch	12810	valid_loss	60138.9912109
batch	12840	valid_loss	59976.0473633
batch	12870	valid_loss	59996.9277344
batch	12900	valid_loss	59849.4599609
batch	12930	valid_loss	59757.7758789
batch	12960	valid_loss	59687.6831055
batch	12990	valid_loss	59605.0136719
batch	13020	valid_loss	59645.019043
batch	13050	valid_loss	59458.9248047
batch	13080	valid_loss	59447.4140625
batch	13110	valid_loss	59330.2885742
batch	13140	valid_loss	59252.8706055
batch	13170	valid_loss	59180.3530273
batch	13200	valid_loss	59083.9047852
batch	13230	valid_loss	59019.1162109
batch	13260	valid_loss	58910.3574219
batch	13290	valid_loss	58901.7104492
batch	13320	valid_loss	58806.0219727
batch	13350	valid_loss	58751.2495117
batch	13380	valid_loss	58653.1376953
batch	13410	valid_loss	58625.0932617
batch	13440	valid_loss	58545.6533203
batch	13470	valid_loss	58440.0083008
batch	13500	valid_loss	58341.0678711
batch	13530	valid_loss	58326.5385742
batch	13560	valid_loss	58184.6235352
batch	13590	valid_loss	58186.4794922
batch	13620	valid_loss	58098.8422852
batch	13650	valid_loss	57970.8999023
batch	13680	valid_loss	57937.4287109
batch	13710	valid_loss	57877.3071289
batch	13740	valid_loss	57849.5795898
batch	13770	valid_loss	57692.3081055
batch	13800	valid_loss	57666.9819336
batch	13830	valid_loss	57581.75
batch	13860	valid_loss	57517.5825195
batch	13890	valid_loss	57502.4399414
batch	13920	valid_loss	57351.2011719
batch	13950	valid_loss	57322.7856445
batch	13980	valid_loss	57258.0351562
batch	14010	valid_loss	57132.8686523
batch	14040	valid_loss	57117.2978516
batch	14070	valid_loss	57063.9482422
batch	14100	valid_loss	57043.4091797
batch	14130	valid_loss	56935.7983398
batch	14160	valid_loss	56917.2929688
batch	14190	valid_loss	56790.1367188
batch	14220	valid_loss	56749.9995117
batch	14250	valid_loss	56677.7719727
batch	14280	valid_loss	56623.0654297
batch	14310	valid_loss	56524.4301758
batch	14340	valid_loss	56470.7866211
batch	14370	valid_loss	56445.0830078
batch	14400	valid_loss	56321.8891602
batch	14430	valid_loss	56388.6333008
batch	14460	valid_loss	56267.3818359
batch	14490	valid_loss	56143.3720703
batch	14520	valid_loss	56110.6333008
batch	14550	valid_loss	56041.6591797
batch	14580	valid_loss	56084.9970703
batch	14610	valid_loss	55973.0888672
batch	14640	valid_loss	55947.171875
batch	14670	valid_loss	55848.8916016
batch	14700	valid_loss	55830.4853516
batch	14730	valid_loss	55767.2905273
batch	14760	valid_loss	55653.3876953
batch	14790	valid_loss	55654.5981445
batch	14820	valid_loss	55554.3027344
batch	14850	valid_loss	55566.5942383
batch	14880	valid_loss	55478.0952148
batch	14910	valid_loss	55429.065918
batch	14940	valid_loss	55377.9399414
batch	14970	valid_loss	55372.5297852
batch	15000	valid_loss	55307.9291992
batch	15030	valid_loss	55206.8364258
batch	15060	valid_loss	55144.0551758
batch	15090	valid_loss	55122.7563477
batch	15120	valid_loss	55000.0473633
batch	15150	valid_loss	55016.5668945
batch	15180	valid_loss	54947.8398438
batch	15210	valid_loss	54864.5776367
batch	15240	valid_loss	54850.5195312
batch	15270	valid_loss	54804.9199219
batch	15300	valid_loss	54804.1928711
batch	15330	valid_loss	54647.8535156
batch	15360	valid_loss	54652.9624023
batch	15390	valid_loss	54569.8041992
batch	15420	valid_loss	54514.7724609
batch	15450	valid_loss	54485.015625
batch	15480	valid_loss	54393.3051758
batch	15510	valid_loss	54354.3891602
batch	15540	valid_loss	54324.9624023
batch	15570	valid_loss	54229.1767578
batch	15600	valid_loss	54214.03125
batch	15630	valid_loss	54148.5205078
batch	15660	valid_loss	54154.7744141
batch	15690	valid_loss	54079.7397461
batch	15720	valid_loss	54035.0249023
batch	15750	valid_loss	53946.0761719
batch	15780	valid_loss	53910.8188477
batch	15810	valid_loss	53886.1479492
batch	15840	valid_loss	53816.1362305
batch	15870	valid_loss	53753.6582031
batch	15900	valid_loss	53712.5908203
batch	15930	valid_loss	53662.5805664
batch	15960	valid_loss	53554.0288086
batch	15990	valid_loss	53653.5004883
batch	16020	valid_loss	53531.090332
batch	16050	valid_loss	53414.2929688
batch	16080	valid_loss	53396.6162109
batch	16110	valid_loss	53350.8041992
batch	16140	valid_loss	53382.1796875
batch	16170	valid_loss	53282.6225586
batch	16200	valid_loss	53282.5991211
batch	16230	valid_loss	53158.1992188
batch	16260	valid_loss	53137.7314453
batch	16290	valid_loss	53117.6289062
batch	16320	valid_loss	53010.9521484
batch	16350	valid_loss	53004.4316406
batch	16380	valid_loss	52918.6977539
batch	16410	valid_loss	52943.3178711
batch	16440	valid_loss	52844.5751953
batch	16470	valid_loss	52807.4599609
batch	16500	valid_loss	52794.4902344
batch	16530	valid_loss	52762.9716797
batch	16560	valid_loss	52724.5166016
batch	16590	valid_loss	52632.9711914
batch	16620	valid_loss	52582.4394531
batch	16650	valid_loss	52545.6147461
batch	16680	valid_loss	52453.3696289
batch	16710	valid_loss	52444.1967773
batch	16740	valid_loss	52400.0541992
batch	16770	valid_loss	52352.7348633
batch	16800	valid_loss	52342.3999023
batch	16830	valid_loss	52286.0898438
batch	16860	valid_loss	52274.7758789
batch	16890	valid_loss	52143.7133789
batch	16920	valid_loss	52183.0551758
batch	16950	valid_loss	52093.4375
batch	16980	valid_loss	52058.7011719
batch	17010	valid_loss	52026.3515625
batch	17040	valid_loss	51935.3037109
batch	17070	valid_loss	51931.1328125
batch	17100	valid_loss	51900.0214844
batch	17130	valid_loss	51822.7421875
batch	17160	valid_loss	51801.3354492
batch	17190	valid_loss	51752.300293
batch	17220	valid_loss	51757.8276367
batch	17250	valid_loss	51689.2231445
batch	17280	valid_loss	51647.9160156
batch	17310	valid_loss	51592.2177734
batch	17340	valid_loss	51564.6142578
batch	17370	valid_loss	51544.128418
batch	17400	valid_loss	51508.2866211
batch	17430	valid_loss	51445.3061523
batch	17460	valid_loss	51420.1572266
batch	17490	valid_loss	51358.9199219
batch	17520	valid_loss	51270.6240234
batch	17550	valid_loss	51351.0219727
batch	17580	valid_loss	51249.9086914
batch	17610	valid_loss	51176.6113281
batch	17640	valid_loss	51172.0317383
batch	17670	valid_loss	51126.6557617
batch	17700	valid_loss	51173.1333008
batch	17730	valid_loss	51085.2626953
batch	17760	valid_loss	51073.5029297
batch	17790	valid_loss	50968.5883789
batch	17820	valid_loss	50966.1289062
batch	17850	valid_loss	50942.2109375
batch	17880	valid_loss	50831.9165039
batch	17910	valid_loss	50848.2104492
batch	17940	valid_loss	50788.0717773
batch	17970	valid_loss	50826.4985352
batch	18000	valid_loss	50740.4560547
batch	18030	valid_loss	50685.2651367
batch	18060	valid_loss	50692.8916016
batch	18090	valid_loss	50666.9125977
batch	18120	valid_loss	50652.2558594
batch	18150	valid_loss	50571.0883789
batch	18180	valid_loss	50547.8061523
batch	18210	valid_loss	50499.6152344
batch	18240	valid_loss	50422.9902344
batch	18270	valid_loss	50408.5273438
batch	18300	valid_loss	50406.7314453
batch	18330	valid_loss	50363.940918
batch	18360	valid_loss	50344.578125
batch	18390	valid_loss	50317.0410156
batch	18420	valid_loss	50301.1293945
batch	18450	valid_loss	50191.7836914
batch	18480	valid_loss	50225.7314453
batch	18510	valid_loss	50159.6704102
batch	18540	valid_loss	50136.3950195
batch	18570	valid_loss	50096.9619141
batch	18600	valid_loss	50035.1845703
batch	18630	valid_loss	50012.7255859
batch	18660	valid_loss	49977.8203125
batch	18690	valid_loss	49935.862793
batch	18720	valid_loss	49917.3984375
batch	18750	valid_loss	49886.730957
batch	18780	valid_loss	49878.3574219
batch	18810	valid_loss	49821.0170898
batch	18840	valid_loss	49786.4462891
batch	18870	valid_loss	49755.1660156
batch	18900	valid_loss	49745.9516602
batch	18930	valid_loss	49702.824707
batch	18960	valid_loss	49685.4042969
batch	18990	valid_loss	49634.2675781
batch	19020	valid_loss	49613.4985352
batch	19050	valid_loss	49570.4101562
batch	19080	valid_loss	49490.5224609
batch	19110	valid_loss	49558.5996094
batch	19140	valid_loss	49466.8549805
batch	19170	valid_loss	49424.324707
batch	19200	valid_loss	49408.9633789
batch	19230	valid_loss	49355.9179688
batch	19260	valid_loss	49417.5644531
batch	19290	valid_loss	49358.3691406
batch	19320	valid_loss	49318.972168
batch	19350	valid_loss	49246.4946289
batch	19380	valid_loss	49244.4770508
batch	19410	valid_loss	49220.7055664
batch	19440	valid_loss	49132.9296875
batch	19470	valid_loss	49142.6782227
batch	19500	valid_loss	49072.0117188
batch	19530	valid_loss	49114.3935547
batch	19560	valid_loss	49048.5483398
batch	19590	valid_loss	48997.496582
batch	19620	valid_loss	48994.4663086
batch	19650	valid_loss	48974.0825195
batch	19680	valid_loss	48953.2333984
batch	19710	valid_loss	48895.515625
batch	19740	valid_loss	48868.2480469
batch	19770	valid_loss	48834.8305664
batch	19800	valid_loss	48779.9785156
batch	19830	valid_loss	48748.925293
batch	19860	valid_loss	48756.5302734
batch	19890	valid_loss	48725.2373047
batch	19920	valid_loss	48684.605957
batch	19950	valid_loss	48673.3579102
batch	19980	valid_loss	48660.7226562
batch	20010	valid_loss	48588.0786133
batch	20040	valid_loss	48613.9453125
batch	20070	valid_loss	48553.3676758
batch	20100	valid_loss	48540.3271484
batch	20130	valid_loss	48490.5102539
batch	20160	valid_loss	48436.6992188
batch	20190	valid_loss	48426.4121094
batch	20220	valid_loss	48384.8754883
batch	20250	valid_loss	48343.2011719
batch	20280	valid_loss	48311.0483398
batch	20310	valid_loss	48310.4848633
batch	20340	valid_loss	48301.4555664
batch	20370	valid_loss	48236.0634766
batch	20400	valid_loss	48200.1464844
batch	20430	valid_loss	48176.3793945
batch	20460	valid_loss	48181.1748047
batch	20490	valid_loss	48120.4951172
batch	20520	valid_loss	48106.934082
batch	20550	valid_loss	48088.4335938
batch	20580	valid_loss	48060.9077148
batch	20610	valid_loss	48013.0390625
batch	20640	valid_loss	47956.6762695
batch	20670	valid_loss	47985.9589844
batch	20700	valid_loss	47927.3154297
batch	20730	valid_loss	47874.8276367
batch	20760	valid_loss	47870.3022461
batch	20790	valid_loss	47817.6787109
batch	20820	valid_loss	47874.3701172
batch	20850	valid_loss	47815.324707
batch	20880	valid_loss	47780.0483398
batch	20910	valid_loss	47723.9228516
batch	20940	valid_loss	47716.6967773
batch	20970	valid_loss	47689.3051758
batch	21000	valid_loss	47626.6870117
batch	21030	valid_loss	47645.9731445
batch	21060	valid_loss	47569.8823242
batch	21090	valid_loss	47614.4174805
batch	21120	valid_loss	47548.9545898
batch	21150	valid_loss	47493.4658203
batch	21180	valid_loss	47499.2832031
batch	21210	valid_loss	47493.2177734
batch	21240	valid_loss	47447.6982422
batch	21270	valid_loss	47395.7265625
batch	21300	valid_loss	47366.7944336
batch	21330	valid_loss	47350.6826172
batch	21360	valid_loss	47309.2641602
batch	21390	valid_loss	47273.784668
batch	21420	valid_loss	47277.5341797
batch	21450	valid_loss	47260.387207
batch	21480	valid_loss	47204.1904297
batch	21510	valid_loss	47208.1191406
batch	21540	valid_loss	47190.0273438
batch	21570	valid_loss	47138.5327148
batch	21600	valid_loss	47152.8041992
batch	21630	valid_loss	47095.1474609
batch	21660	valid_loss	47071.8842773
batch	21690	valid_loss	47030.4838867
batch	21720	valid_loss	46986.519043
batch	21750	valid_loss	46992.3847656
batch	21780	valid_loss	46944.9570312
batch	21810	valid_loss	46909.5258789
batch	21840	valid_loss	46869.8466797
batch	21870	valid_loss	46876.0522461
batch	21900	valid_loss	46876.262207
batch	21930	valid_loss	46804.9204102
batch	21960	valid_loss	46767.6000977
batch	21990	valid_loss	46756.3935547
batch	22020	valid_loss	46752.6469727
batch	22050	valid_loss	46699.7148438
batch	22080	valid_loss	46688.4477539
batch	22110	valid_loss	46685.190918
batch	22140	valid_loss	46655.1137695
batch	22170	valid_loss	46598.9589844
batch	22200	valid_loss	46578.0947266
batch	22230	valid_loss	46578.7763672
batch	22260	valid_loss	46538.4814453
batch	22290	valid_loss	46490.0048828
batch	22320	valid_loss	46475.7172852
batch	22350	valid_loss	46428.7451172
batch	22380	valid_loss	46455.46875
batch	22410	valid_loss	46424.2089844
batch	22440	valid_loss	46399.2241211
batch	22470	valid_loss	46353.9526367
batch	22500	valid_loss	46334.8222656
batch	22530	valid_loss	46317.2734375
batch	22560	valid_loss	46275.2106934
batch	22590	valid_loss	46282.6894531
batch	22620	valid_loss	46197.9501953
batch	22650	valid_loss	46256.4978027
batch	22680	valid_loss	46180.4736328
batch	22710	valid_loss	46137.7480469
batch	22740	valid_loss	46148.5783691
batch	22770	valid_loss	46154.5253906
batch	22800	valid_loss	46113.1252441
batch	22830	valid_loss	46065.0861816
batch	22860	valid_loss	46022.1940918
batch	22890	valid_loss	46008.5661621
batch	22920	valid_loss	45981.9262695
batch	22950	valid_loss	45941.4372559
batch	22980	valid_loss	45937.6826172
batch	23010	valid_loss	45965.1291504
batch	23040	valid_loss	45880.9858398
batch	23070	valid_loss	45894.1140137
batch	23100	valid_loss	45854.8632812
batch	23130	valid_loss	45831.5358887
batch	23160	valid_loss	45836.0905762
batch	23190	valid_loss	45790.8779297
batch	23220	valid_loss	45766.5537109
batch	23250	valid_loss	45723.2248535
batch	23280	valid_loss	45691.5532227
batch	23310	valid_loss	45730.3554688
batch	23340	valid_loss	45653.8613281
batch	23370	valid_loss	45617.7663574
batch	23400	valid_loss	45610.2927246
batch	23430	valid_loss	45600.4541016
batch	23460	valid_loss	45574.9870605
batch	23490	valid_loss	45545.8352051
batch	23520	valid_loss	45493.0715332
batch	23550	valid_loss	45495.4443359
batch	23580	valid_loss	45475.5744629
batch	23610	valid_loss	45461.6564941
batch	23640	valid_loss	45459.092041
batch	23670	valid_loss	45420.0212402
batch	23700	valid_loss	45391.3806152
batch	23730	valid_loss	45367.784668
batch	23760	valid_loss	45324.338623
batch	23790	valid_loss	45309.2861328
batch	23820	valid_loss	45290.7912598
batch	23850	valid_loss	45256.9440918
batch	23880	valid_loss	45232.1132812
batch	23910	valid_loss	45200.3911133
batch	23940	valid_loss	45236.7412109
batch	23970	valid_loss	45214.6599121
batch	24000	valid_loss	45187.5615234
batch	24030	valid_loss	45130.3596191
batch	24060	valid_loss	45115.5307617
batch	24090	valid_loss	45107.7585449
batch	24120	valid_loss	45060.7277832
batch	24150	valid_loss	45063.8757324
batch	24180	valid_loss	45012.9274902
batch	24210	valid_loss	45048.78125
batch	24240	valid_loss	44976.3059082
batch	24270	valid_loss	44947.4504395
batch	24300	valid_loss	44963.8422852
batch	24330	valid_loss	44948.1069336
batch	24360	valid_loss	44965.5778809
batch	24390	valid_loss	44888.6213379
batch	24420	valid_loss	44834.7783203
batch	24450	valid_loss	44840.041748
batch	24480	valid_loss	44795.817627
batch	24510	valid_loss	44796.1242676
batch	24540	valid_loss	44768.1906738
batch	24570	valid_loss	44767.8623047
batch	24600	valid_loss	44734.0327148
batch	24630	valid_loss	44733.1740723
batch	24660	valid_loss	44759.5170898
batch	24690	valid_loss	44681.1320801
batch	24720	valid_loss	44678.8605957
batch	24750	valid_loss	44637.4489746
batch	24780	valid_loss	44620.1293945
batch	24810	valid_loss	44584.3479004
batch	24840	valid_loss	44560.9956055
batch	24870	valid_loss	44593.4143066
batch	24900	valid_loss	44513.935791
batch	24930	valid_loss	44494.2756348
batch	24960	valid_loss	44506.4179688
batch	24990	valid_loss	44486.7199707
STOP
