START
config	360	1140
batch	0	valid_loss	9120309.625
batch	30	valid_loss	217699.222656
batch	60	valid_loss	103742.80957
batch	90	valid_loss	96654.5644531
batch	120	valid_loss	94956.6582031
batch	150	valid_loss	93403.6645508
batch	180	valid_loss	91742.6445312
batch	210	valid_loss	90068.6948242
batch	240	valid_loss	88268.8603516
batch	270	valid_loss	86469.5214844
batch	300	valid_loss	84686.5424805
batch	330	valid_loss	82860.1411133
batch	360	valid_loss	81170.2275391
batch	390	valid_loss	79541.4301758
batch	420	valid_loss	78108.2568359
batch	450	valid_loss	76637.8803711
batch	480	valid_loss	75248.715332
batch	510	valid_loss	73955.7011719
batch	540	valid_loss	72657.7485352
batch	570	valid_loss	71512.9575195
batch	600	valid_loss	70390.0805664
batch	630	valid_loss	69172.5478516
batch	660	valid_loss	67987.7841797
batch	690	valid_loss	66849.2407227
batch	720	valid_loss	65815.3950195
batch	750	valid_loss	64730.2182617
batch	780	valid_loss	63625.1743164
batch	810	valid_loss	62630.3554688
batch	840	valid_loss	61596.2231445
batch	870	valid_loss	60661.9057617
batch	900	valid_loss	59727.3828125
batch	930	valid_loss	58936.2670898
batch	960	valid_loss	57873.8867188
batch	990	valid_loss	56983.7314453
batch	1020	valid_loss	56173.746582
batch	1050	valid_loss	55422.7890625
batch	1080	valid_loss	54614.2983398
batch	1110	valid_loss	53867.0102539
batch	1140	valid_loss	53140.2890625
batch	1170	valid_loss	52461.737793
batch	1200	valid_loss	51781.2006836
batch	1230	valid_loss	51103.3725586
batch	1260	valid_loss	50491.800293
batch	1290	valid_loss	49795.6826172
batch	1320	valid_loss	49196.2573242
batch	1350	valid_loss	48603.7216797
batch	1380	valid_loss	48150.0297852
batch	1410	valid_loss	47617.0698242
batch	1440	valid_loss	46989.520752
batch	1470	valid_loss	46488.4267578
batch	1500	valid_loss	46039.7961426
batch	1530	valid_loss	45629.6381836
batch	1560	valid_loss	45194.4936523
batch	1590	valid_loss	44724.2841797
batch	1620	valid_loss	44245.8010254
batch	1650	valid_loss	43866.255127
batch	1680	valid_loss	43481.5253906
batch	1710	valid_loss	43128.8845215
batch	1740	valid_loss	42629.986084
batch	1770	valid_loss	42302.5166016
batch	1800	valid_loss	41955.9423828
batch	1830	valid_loss	41716.7619629
batch	1860	valid_loss	41329.998291
batch	1890	valid_loss	40964.8710938
batch	1920	valid_loss	40697.6704102
batch	1950	valid_loss	40316.9064941
batch	1980	valid_loss	40079.1184082
batch	2010	valid_loss	39886.9523926
batch	2040	valid_loss	39563.940918
batch	2070	valid_loss	39209.293457
batch	2100	valid_loss	39021.2399902
batch	2130	valid_loss	38818.5539551
batch	2160	valid_loss	38472.5253906
batch	2190	valid_loss	38333.1582031
batch	2220	valid_loss	38083.3776855
batch	2250	valid_loss	37742.3825684
batch	2280	valid_loss	37681.369873
batch	2310	valid_loss	37472.7578125
batch	2340	valid_loss	37282.0446777
batch	2370	valid_loss	36950.4389648
batch	2400	valid_loss	36796.3283691
batch	2430	valid_loss	36599.7751465
batch	2460	valid_loss	36507.8393555
batch	2490	valid_loss	36310.3500977
batch	2520	valid_loss	36139.8925781
batch	2550	valid_loss	35854.0703125
batch	2580	valid_loss	35647.270752
batch	2610	valid_loss	35626.3095703
batch	2640	valid_loss	35529.4125977
batch	2670	valid_loss	35283.3144531
batch	2700	valid_loss	35131.1418457
batch	2730	valid_loss	35004.2358398
batch	2760	valid_loss	34956.8376465
batch	2790	valid_loss	34725.0266113
batch	2820	valid_loss	34624.0588379
batch	2850	valid_loss	34450.9230957
batch	2880	valid_loss	34219.4050293
batch	2910	valid_loss	34133.1608887
batch	2940	valid_loss	34221.5366211
batch	2970	valid_loss	34009.3093262
batch	3000	valid_loss	33785.4658203
batch	3030	valid_loss	33671.0932617
batch	3060	valid_loss	33639.8522949
batch	3090	valid_loss	33555.2038574
batch	3120	valid_loss	33485.8718262
batch	3150	valid_loss	33328.260498
batch	3180	valid_loss	33192.7150879
batch	3210	valid_loss	33105.3051758
batch	3240	valid_loss	33065.840332
batch	3270	valid_loss	33065.6140137
batch	3300	valid_loss	32745.4543457
batch	3330	valid_loss	32714.4848633
batch	3360	valid_loss	32694.5568848
batch	3390	valid_loss	32711.8395996
batch	3420	valid_loss	32552.03125
batch	3450	valid_loss	32441.7265625
batch	3480	valid_loss	32339.434082
batch	3510	valid_loss	32185.2988281
batch	3540	valid_loss	32170.0722656
batch	3570	valid_loss	32187.098877
batch	3600	valid_loss	32061.5646973
batch	3630	valid_loss	31845.0192871
batch	3660	valid_loss	31895.3947754
batch	3690	valid_loss	31823.1774902
batch	3720	valid_loss	31755.348877
batch	3750	valid_loss	31760.1442871
batch	3780	valid_loss	31618.9050293
batch	3810	valid_loss	31439.9260254
batch	3840	valid_loss	31495.1416016
batch	3870	valid_loss	31454.2963867
batch	3900	valid_loss	31347.4013672
batch	3930	valid_loss	31267.8300781
batch	3960	valid_loss	31265.3789062
batch	3990	valid_loss	31205.3134766
batch	4020	valid_loss	31187.0078125
batch	4050	valid_loss	31167.0004883
batch	4080	valid_loss	31043.614502
batch	4110	valid_loss	30923.7282715
batch	4140	valid_loss	30785.7246094
batch	4170	valid_loss	30899.848877
batch	4200	valid_loss	30765.7902832
batch	4230	valid_loss	30702.8535156
batch	4260	valid_loss	30643.1086426
batch	4290	valid_loss	30665.7050781
batch	4320	valid_loss	30710.9799805
batch	4350	valid_loss	30508.2043457
batch	4380	valid_loss	30566.6269531
batch	4410	valid_loss	30462.4807129
batch	4440	valid_loss	30331.9550781
batch	4470	valid_loss	30276.3496094
batch	4500	valid_loss	30459.2160645
batch	4530	valid_loss	30274.2248535
batch	4560	valid_loss	30119.640625
batch	4590	valid_loss	30145.5524902
batch	4620	valid_loss	30168.4279785
batch	4650	valid_loss	30147.9204102
batch	4680	valid_loss	30167.2580566
batch	4710	valid_loss	29992.5588379
batch	4740	valid_loss	30012.7312012
batch	4770	valid_loss	29878.0415039
batch	4800	valid_loss	29973.029541
batch	4830	valid_loss	30005.0891113
batch	4860	valid_loss	29777.1914062
batch	4890	valid_loss	29716.4584961
batch	4920	valid_loss	29821.5627441
batch	4950	valid_loss	29819.0129395
batch	4980	valid_loss	29785.5930176
batch	5010	valid_loss	29741.0136719
batch	5040	valid_loss	29619.0734863
batch	5070	valid_loss	29515.1765137
batch	5100	valid_loss	29561.3466797
batch	5130	valid_loss	29638.3139648
batch	5160	valid_loss	29525.5144043
batch	5190	valid_loss	29343.2341309
batch	5220	valid_loss	29466.4440918
batch	5250	valid_loss	29463.0576172
batch	5280	valid_loss	29438.232666
batch	5310	valid_loss	29443.576416
batch	5340	valid_loss	29330.8312988
batch	5370	valid_loss	29225.9677734
batch	5400	valid_loss	29260.2421875
batch	5430	valid_loss	29318.5671387
batch	5460	valid_loss	29190.7919922
batch	5490	valid_loss	29141.171875
batch	5520	valid_loss	29202.6838379
batch	5550	valid_loss	29176.0429688
batch	5580	valid_loss	29160.2253418
batch	5610	valid_loss	29212.9929199
batch	5640	valid_loss	29150.3510742
batch	5670	valid_loss	29018.1794434
batch	5700	valid_loss	28912.845459
batch	5730	valid_loss	29055.5739746
batch	5760	valid_loss	28969.4663086
batch	5790	valid_loss	28940.6936035
batch	5820	valid_loss	28832.9243164
batch	5850	valid_loss	28962.0227051
batch	5880	valid_loss	28978.6362305
batch	5910	valid_loss	28871.020752
batch	5940	valid_loss	28878.967041
batch	5970	valid_loss	28813.4677734
batch	6000	valid_loss	28723.9785156
batch	6030	valid_loss	28703.8125
batch	6060	valid_loss	28880.4650879
batch	6090	valid_loss	28732.9768066
batch	6120	valid_loss	28569.8254395
batch	6150	valid_loss	28643.9025879
batch	6180	valid_loss	28698.1672363
batch	6210	valid_loss	28691.0776367
batch	6240	valid_loss	28723.5444336
batch	6270	valid_loss	28582.0773926
batch	6300	valid_loss	28607.3112793
batch	6330	valid_loss	28498.5507812
batch	6360	valid_loss	28595.7006836
batch	6390	valid_loss	28670.5148926
batch	6420	valid_loss	28461.8557129
batch	6450	valid_loss	28389.5551758
batch	6480	valid_loss	28540.5195312
batch	6510	valid_loss	28494.8579102
batch	6540	valid_loss	28523.9382324
batch	6570	valid_loss	28496.3737793
batch	6600	valid_loss	28406.5849609
batch	6630	valid_loss	28299.4929199
batch	6660	valid_loss	28364.0192871
batch	6690	valid_loss	28462.3349609
batch	6720	valid_loss	28389.8112793
batch	6750	valid_loss	28226.2145996
batch	6780	valid_loss	28309.5749512
batch	6810	valid_loss	28345.472168
batch	6840	valid_loss	28348.3457031
batch	6870	valid_loss	28356.9587402
batch	6900	valid_loss	28238.1989746
batch	6930	valid_loss	28141.189209
batch	6960	valid_loss	28190.0874023
batch	6990	valid_loss	28291.0539551
batch	7020	valid_loss	28141.7871094
batch	7050	valid_loss	28106.8486328
batch	7080	valid_loss	28175.4619141
batch	7110	valid_loss	28159.4018555
batch	7140	valid_loss	28181.9343262
batch	7170	valid_loss	28245.6638184
batch	7200	valid_loss	28183.4941406
batch	7230	valid_loss	28056.0812988
batch	7260	valid_loss	27965.4287109
batch	7290	valid_loss	28088.9536133
batch	7320	valid_loss	28054.534668
batch	7350	valid_loss	28049.2783203
batch	7380	valid_loss	27926.6879883
batch	7410	valid_loss	28066.7570801
batch	7440	valid_loss	28070.0153809
batch	7470	valid_loss	28031.2526855
batch	7500	valid_loss	28021.8618164
batch	7530	valid_loss	27984.9584961
batch	7560	valid_loss	27858.4541016
batch	7590	valid_loss	27856.1203613
batch	7620	valid_loss	28058.128418
batch	7650	valid_loss	27914.3151855
batch	7680	valid_loss	27778.298584
batch	7710	valid_loss	27831.7597656
batch	7740	valid_loss	27932.7299805
batch	7770	valid_loss	27909.4206543
batch	7800	valid_loss	27921.1318359
batch	7830	valid_loss	27830.8234863
batch	7860	valid_loss	27859.6972656
batch	7890	valid_loss	27733.0251465
batch	7920	valid_loss	27863.7373047
batch	7950	valid_loss	27922.5810547
batch	7980	valid_loss	27737.4477539
batch	8010	valid_loss	27693.8911133
batch	8040	valid_loss	27844.5366211
batch	8070	valid_loss	27773.7016602
batch	8100	valid_loss	27848.0180664
batch	8130	valid_loss	27782.7192383
batch	8160	valid_loss	27746.2404785
batch	8190	valid_loss	27640.8208008
batch	8220	valid_loss	27682.4030762
batch	8250	valid_loss	27799.0881348
batch	8280	valid_loss	27731.0527344
batch	8310	valid_loss	27590.4802246
batch	8340	valid_loss	27660.9926758
batch	8370	valid_loss	27698.5705566
batch	8400	valid_loss	27730.1447754
batch	8430	valid_loss	27701.5444336
batch	8460	valid_loss	27658.7717285
batch	8490	valid_loss	27494.3891602
batch	8520	valid_loss	27573.8530273
batch	8550	valid_loss	27677.6257324
batch	8580	valid_loss	27528.9658203
batch	8610	valid_loss	27494.6713867
batch	8640	valid_loss	27573.4672852
batch	8670	valid_loss	27558.9338379
batch	8700	valid_loss	27592.6992188
batch	8730	valid_loss	27652.625
batch	8760	valid_loss	27602.5908203
batch	8790	valid_loss	27463.7375488
batch	8820	valid_loss	27372.6708984
batch	8850	valid_loss	27528.3310547
batch	8880	valid_loss	27530.09375
batch	8910	valid_loss	27495.6994629
batch	8940	valid_loss	27372.8251953
batch	8970	valid_loss	27513.9824219
batch	9000	valid_loss	27530.4726562
batch	9030	valid_loss	27521.887207
batch	9060	valid_loss	27476.4663086
batch	9090	valid_loss	27494.1237793
batch	9120	valid_loss	27343.940918
batch	9150	valid_loss	27328.6379395
batch	9180	valid_loss	27558.7287598
batch	9210	valid_loss	27394.4614258
batch	9240	valid_loss	27262.8564453
batch	9270	valid_loss	27343.921875
batch	9300	valid_loss	27465.4423828
batch	9330	valid_loss	27418.5180664
batch	9360	valid_loss	27436.9567871
batch	9390	valid_loss	27359.1875
batch	9420	valid_loss	27385.6933594
batch	9450	valid_loss	27253.284668
batch	9480	valid_loss	27382.8513184
batch	9510	valid_loss	27448.0021973
batch	9540	valid_loss	27255.53125
batch	9570	valid_loss	27243.9001465
batch	9600	valid_loss	27383.1062012
batch	9630	valid_loss	27306.0180664
batch	9660	valid_loss	27425.3269043
batch	9690	valid_loss	27326.6711426
batch	9720	valid_loss	27286.9343262
batch	9750	valid_loss	27207.253418
batch	9780	valid_loss	27252.8823242
batch	9810	valid_loss	27345.0666504
batch	9840	valid_loss	27299.0498047
batch	9870	valid_loss	27155.489502
batch	9900	valid_loss	27236.3999023
batch	9930	valid_loss	27276.0690918
batch	9960	valid_loss	27317.9165039
batch	9990	valid_loss	27262.1965332
batch	10020	valid_loss	27264.4406738
batch	10050	valid_loss	27104.371582
batch	10080	valid_loss	27185.5627441
batch	10110	valid_loss	27253.6601562
batch	10140	valid_loss	27147.4467773
batch	10170	valid_loss	27087.418457
batch	10200	valid_loss	27163.203125
batch	10230	valid_loss	27197.5883789
batch	10260	valid_loss	27214.9108887
batch	10290	valid_loss	27276.4729004
batch	10320	valid_loss	27215.8974609
batch	10350	valid_loss	27102.3051758
batch	10380	valid_loss	26978.019043
batch	10410	valid_loss	27143.5039062
batch	10440	valid_loss	27182.1564941
batch	10470	valid_loss	27117.2658691
batch	10500	valid_loss	27015.6140137
batch	10530	valid_loss	27150.590332
batch	10560	valid_loss	27158.5151367
batch	10590	valid_loss	27158.1638184
batch	10620	valid_loss	27136.2575684
batch	10650	valid_loss	27115.5256348
batch	10680	valid_loss	27017.0061035
batch	10710	valid_loss	26945.6774902
batch	10740	valid_loss	27188.5800781
batch	10770	valid_loss	27046.5695801
batch	10800	valid_loss	26920.7485352
batch	10830	valid_loss	27020.7702637
batch	10860	valid_loss	27130.7976074
batch	10890	valid_loss	27083.5793457
batch	10920	valid_loss	27100.3510742
batch	10950	valid_loss	27015.807373
batch	10980	valid_loss	27061.8447266
batch	11010	valid_loss	26921.3964844
batch	11040	valid_loss	27045.8288574
batch	11070	valid_loss	27113.6594238
batch	11100	valid_loss	26915.1894531
batch	11130	valid_loss	26913.4550781
batch	11160	valid_loss	27049.9804688
batch	11190	valid_loss	27003.6953125
batch	11220	valid_loss	27107.9660645
batch	11250	valid_loss	27013.0307617
batch	11280	valid_loss	26981.2072754
batch	11310	valid_loss	26901.6999512
batch	11340	valid_loss	26947.9487305
batch	11370	valid_loss	27005.2871094
batch	11400	valid_loss	26995.9396973
batch	11430	valid_loss	26836.109375
batch	11460	valid_loss	26939.6176758
batch	11490	valid_loss	26979.2319336
batch	11520	valid_loss	27009.4587402
batch	11550	valid_loss	26976.4099121
batch	11580	valid_loss	26965.4526367
batch	11610	valid_loss	26823.8352051
batch	11640	valid_loss	26892.1022949
batch	11670	valid_loss	26920.7453613
batch	11700	valid_loss	26879.690918
batch	11730	valid_loss	26779.1245117
batch	11760	valid_loss	26851.9958496
batch	11790	valid_loss	26914.9794922
batch	11820	valid_loss	26920.5852051
batch	11850	valid_loss	26978.5974121
batch	11880	valid_loss	26918.1569824
batch	11910	valid_loss	26839.890625
batch	11940	valid_loss	26716.0610352
batch	11970	valid_loss	26862.2849121
batch	12000	valid_loss	26915.4907227
batch	12030	valid_loss	26806.7854004
batch	12060	valid_loss	26721.5646973
batch	12090	valid_loss	26880.6445312
batch	12120	valid_loss	26896.7060547
batch	12150	valid_loss	26864.112793
batch	12180	valid_loss	26907.0842285
batch	12210	valid_loss	26827.7319336
batch	12240	valid_loss	26729.5217285
batch	12270	valid_loss	26675.8818359
batch	12300	valid_loss	26906.1623535
batch	12330	valid_loss	26797.5131836
batch	12360	valid_loss	26638.0151367
batch	12390	valid_loss	26771.1022949
batch	12420	valid_loss	26875.6887207
batch	12450	valid_loss	26824.6843262
batch	12480	valid_loss	26830.9301758
batch	12510	valid_loss	26736.1254883
batch	12540	valid_loss	26783.8474121
batch	12570	valid_loss	26643.6918945
batch	12600	valid_loss	26786.3823242
batch	12630	valid_loss	26829.4702148
batch	12660	valid_loss	26657.3830566
batch	12690	valid_loss	26648.6604004
batch	12720	valid_loss	26766.722168
batch	12750	valid_loss	26752.0063477
batch	12780	valid_loss	26840.2268066
batch	12810	valid_loss	26760.8496094
batch	12840	valid_loss	26726.7868652
batch	12870	valid_loss	26649.9274902
batch	12900	valid_loss	26700.6899414
batch	12930	valid_loss	26726.1298828
batch	12960	valid_loss	26738.065918
batch	12990	valid_loss	26577.6452637
batch	13020	valid_loss	26688.0512695
batch	13050	valid_loss	26727.0583496
batch	13080	valid_loss	26765.9020996
batch	13110	valid_loss	26727.0385742
batch	13140	valid_loss	26717.3815918
batch	13170	valid_loss	26605.8027344
batch	13200	valid_loss	26650.7810059
batch	13230	valid_loss	26664.1391602
batch	13260	valid_loss	26660.6064453
batch	13290	valid_loss	26531.513916
batch	13320	valid_loss	26602.6091309
batch	13350	valid_loss	26683.0878906
batch	13380	valid_loss	26668.4560547
batch	13410	valid_loss	26723.4584961
batch	13440	valid_loss	26672.5957031
batch	13470	valid_loss	26610.847168
batch	13500	valid_loss	26492.0754395
batch	13530	valid_loss	26616.769043
batch	13560	valid_loss	26681.2963867
batch	13590	valid_loss	26575.4162598
batch	13620	valid_loss	26474.8745117
batch	13650	valid_loss	26644.9182129
batch	13680	valid_loss	26678.9736328
batch	13710	valid_loss	26641.0952148
batch	13740	valid_loss	26670.6584473
batch	13770	valid_loss	26586.2536621
batch	13800	valid_loss	26507.6308594
batch	13830	valid_loss	26434.8486328
batch	13860	valid_loss	26659.4243164
batch	13890	valid_loss	26574.8271484
batch	13920	valid_loss	26404.0473633
batch	13950	valid_loss	26541.1176758
batch	13980	valid_loss	26651.6157227
batch	14010	valid_loss	26605.6535645
batch	14040	valid_loss	26608.8378906
batch	14070	valid_loss	26519.6123047
batch	14100	valid_loss	26541.2280273
batch	14130	valid_loss	26421.7573242
batch	14160	valid_loss	26554.1621094
batch	14190	valid_loss	26580.956543
batch	14220	valid_loss	26436.9296875
batch	14250	valid_loss	26418.4790039
batch	14280	valid_loss	26535.6550293
batch	14310	valid_loss	26537.5583496
batch	14340	valid_loss	26620.9169922
batch	14370	valid_loss	26534.4638672
batch	14400	valid_loss	26520.6984863
batch	14430	valid_loss	26434.7060547
batch	14460	valid_loss	26479.9868164
batch	14490	valid_loss	26510.3427734
batch	14520	valid_loss	26540.6137695
batch	14550	valid_loss	26348.9362793
batch	14580	valid_loss	26468.4980469
batch	14610	valid_loss	26524.8369141
batch	14640	valid_loss	26561.5124512
batch	14670	valid_loss	26524.8793945
batch	14700	valid_loss	26519.817627
batch	14730	valid_loss	26380.109375
batch	14760	valid_loss	26444.4804688
batch	14790	valid_loss	26455.8227539
batch	14820	valid_loss	26468.1298828
batch	14850	valid_loss	26324.3720703
batch	14880	valid_loss	26392.7724609
batch	14910	valid_loss	26480.2299805
batch	14940	valid_loss	26451.7207031
batch	14970	valid_loss	26514.4001465
batch	15000	valid_loss	26472.0825195
batch	15030	valid_loss	26420.2172852
batch	15060	valid_loss	26290.8603516
batch	15090	valid_loss	26409.3374023
batch	15120	valid_loss	26480.5327148
batch	15150	valid_loss	26367.2456055
batch	15180	valid_loss	26254.3181152
batch	15210	valid_loss	26445.1804199
batch	15240	valid_loss	26486.3466797
batch	15270	valid_loss	26438.3798828
batch	15300	valid_loss	26477.4287109
batch	15330	valid_loss	26393.1884766
batch	15360	valid_loss	26302.6804199
batch	15390	valid_loss	26244.0778809
batch	15420	valid_loss	26454.3410645
batch	15450	valid_loss	26380.1674805
batch	15480	valid_loss	26193.2053223
batch	15510	valid_loss	26336.395752
batch	15540	valid_loss	26458.8947754
batch	15570	valid_loss	26417.1501465
batch	15600	valid_loss	26415.5390625
batch	15630	valid_loss	26324.5620117
batch	15660	valid_loss	26342.3657227
batch	15690	valid_loss	26237.1359863
batch	15720	valid_loss	26359.005127
batch	15750	valid_loss	26368.9335938
batch	15780	valid_loss	26238.4040527
batch	15810	valid_loss	26225.0024414
batch	15840	valid_loss	26353.5449219
batch	15870	valid_loss	26352.760498
batch	15900	valid_loss	26433.2001953
batch	15930	valid_loss	26353.2636719
batch	15960	valid_loss	26347.2490234
batch	15990	valid_loss	26243.6003418
batch	16020	valid_loss	26295.175293
batch	16050	valid_loss	26325.4814453
batch	16080	valid_loss	26344.2097168
batch	16110	valid_loss	26164.1291504
batch	16140	valid_loss	26298.3605957
batch	16170	valid_loss	26358.190918
batch	16200	valid_loss	26391.7106934
batch	16230	valid_loss	26354.7226562
batch	16260	valid_loss	26419.5183105
batch	16290	valid_loss	26203.5830078
batch	16320	valid_loss	26255.1350098
batch	16350	valid_loss	26289.6264648
batch	16380	valid_loss	26288.4343262
batch	16410	valid_loss	26141.3813477
batch	16440	valid_loss	26209.2160645
batch	16470	valid_loss	26320.1865234
batch	16500	valid_loss	26276.1804199
batch	16530	valid_loss	26352.5578613
batch	16560	valid_loss	26319.2084961
batch	16590	valid_loss	26241.9978027
batch	16620	valid_loss	26118.0944824
batch	16650	valid_loss	26243.8261719
batch	16680	valid_loss	26295.8098145
batch	16710	valid_loss	26192.574707
batch	16740	valid_loss	26071.4880371
batch	16770	valid_loss	26329.4428711
batch	16800	valid_loss	26324.3679199
batch	16830	valid_loss	26244.6257324
batch	16860	valid_loss	26305.7287598
batch	16890	valid_loss	26254.7133789
batch	16920	valid_loss	26132.1184082
batch	16950	valid_loss	26082.0495605
batch	16980	valid_loss	26291.2868652
batch	17010	valid_loss	26211.3457031
batch	17040	valid_loss	26035.6584473
batch	17070	valid_loss	26173.9279785
batch	17100	valid_loss	26302.4929199
batch	17130	valid_loss	26299.298584
batch	17160	valid_loss	26253.4943848
batch	17190	valid_loss	26174.2385254
batch	17220	valid_loss	26182.5534668
batch	17250	valid_loss	26078.1359863
batch	17280	valid_loss	26197.949707
batch	17310	valid_loss	26208.4665527
batch	17340	valid_loss	26080.824707
batch	17370	valid_loss	26057.0737305
batch	17400	valid_loss	26262.345459
batch	17430	valid_loss	26198.5070801
batch	17460	valid_loss	26280.6679688
batch	17490	valid_loss	26202.0117188
batch	17520	valid_loss	26201.0974121
batch	17550	valid_loss	26086.1330566
batch	17580	valid_loss	26138.2272949
batch	17610	valid_loss	26181.1750488
batch	17640	valid_loss	26180.0170898
batch	17670	valid_loss	25991.9555664
batch	17700	valid_loss	26155.0915527
batch	17730	valid_loss	26221.2272949
batch	17760	valid_loss	26239.8691406
batch	17790	valid_loss	26204.0539551
batch	17820	valid_loss	26263.3032227
batch	17850	valid_loss	26062.9436035
batch	17880	valid_loss	26105.729248
batch	17910	valid_loss	26140.1220703
batch	17940	valid_loss	26139.8215332
batch	17970	valid_loss	25985.0986328
batch	18000	valid_loss	26051.2746582
batch	18030	valid_loss	26170.2861328
batch	18060	valid_loss	26123.7392578
batch	18090	valid_loss	26215.4775391
batch	18120	valid_loss	26168.8400879
batch	18150	valid_loss	26095.7905273
batch	18180	valid_loss	25984.8652344
batch	18210	valid_loss	26106.2841797
batch	18240	valid_loss	26150.666748
batch	18270	valid_loss	26047.7941895
batch	18300	valid_loss	25927.03125
batch	18330	valid_loss	26166.5441895
batch	18360	valid_loss	26180.1916504
batch	18390	valid_loss	26103.6047363
batch	18420	valid_loss	26172.5170898
batch	18450	valid_loss	26119.8945312
batch	18480	valid_loss	25998.7160645
batch	18510	valid_loss	25953.7832031
batch	18540	valid_loss	26149.578125
batch	18570	valid_loss	26076.5825195
batch	18600	valid_loss	25911.5253906
batch	18630	valid_loss	26038.2441406
batch	18660	valid_loss	26174.5290527
batch	18690	valid_loss	26167.0324707
batch	18720	valid_loss	26120.2548828
batch	18750	valid_loss	26049.986084
batch	18780	valid_loss	26055.0319824
batch	18810	valid_loss	25955.7624512
batch	18840	valid_loss	26063.6276855
batch	18870	valid_loss	26078.6118164
batch	18900	valid_loss	25959.2658691
batch	18930	valid_loss	25937.9223633
batch	18960	valid_loss	26129.3063965
batch	18990	valid_loss	26060.3549805
batch	19020	valid_loss	26163.8828125
batch	19050	valid_loss	26084.262207
batch	19080	valid_loss	26081.9963379
batch	19110	valid_loss	25965.6386719
batch	19140	valid_loss	26025.6340332
batch	19170	valid_loss	26062.9086914
batch	19200	valid_loss	26055.1469727
batch	19230	valid_loss	25872.2646484
batch	19260	valid_loss	26046.7536621
batch	19290	valid_loss	26104.9970703
batch	19320	valid_loss	26128.9343262
batch	19350	valid_loss	26081.9963379
batch	19380	valid_loss	26156.8300781
batch	19410	valid_loss	25948.1074219
batch	19440	valid_loss	25990.9697266
batch	19470	valid_loss	26023.3544922
batch	19500	valid_loss	26029.2614746
batch	19530	valid_loss	25866.2458496
batch	19560	valid_loss	25936.171875
batch	19590	valid_loss	26052.9824219
batch	19620	valid_loss	26011.2897949
batch	19650	valid_loss	26112.3491211
batch	19680	valid_loss	26057.1359863
batch	19710	valid_loss	25980.6359863
batch	19740	valid_loss	25885.9265137
batch	19770	valid_loss	26012.5849609
batch	19800	valid_loss	26037.8708496
batch	19830	valid_loss	25933.7736816
batch	19860	valid_loss	25824.0925293
batch	19890	valid_loss	26080.4626465
batch	19920	valid_loss	26061.9326172
batch	19950	valid_loss	25989.8068848
batch	19980	valid_loss	26075.8110352
batch	20010	valid_loss	26005.4042969
batch	20040	valid_loss	25908.7209473
batch	20070	valid_loss	25855.1337891
batch	20100	valid_loss	26051.685791
batch	20130	valid_loss	25967.4672852
batch	20160	valid_loss	25800.3967285
batch	20190	valid_loss	25932.3828125
batch	20220	valid_loss	26064.2902832
batch	20250	valid_loss	26052.3837891
batch	20280	valid_loss	26021.130127
batch	20310	valid_loss	25965.293457
batch	20340	valid_loss	25951.46875
batch	20370	valid_loss	25854.6975098
batch	20400	valid_loss	25957.3779297
batch	20430	valid_loss	25970.869873
batch	20460	valid_loss	25849.6520996
batch	20490	valid_loss	25843.8186035
batch	20520	valid_loss	26046.3505859
batch	20550	valid_loss	25968.1452637
batch	20580	valid_loss	26072.0908203
batch	20610	valid_loss	26001.7312012
batch	20640	valid_loss	25971.1567383
batch	20670	valid_loss	25857.7116699
batch	20700	valid_loss	25934.3168945
batch	20730	valid_loss	25974.7565918
batch	20760	valid_loss	25947.1384277
batch	20790	valid_loss	25776.8056641
batch	20820	valid_loss	25965.6137695
batch	20850	valid_loss	26013.3640137
batch	20880	valid_loss	26035.0031738
batch	20910	valid_loss	25993.8999023
batch	20940	valid_loss	26055.8713379
batch	20970	valid_loss	25857.7321777
batch	21000	valid_loss	25901.1843262
batch	21030	valid_loss	25927.001709
batch	21060	valid_loss	25925.7314453
batch	21090	valid_loss	25751.4555664
batch	21120	valid_loss	25857.2297363
batch	21150	valid_loss	25966.1694336
batch	21180	valid_loss	25938.1013184
batch	21210	valid_loss	26049.3278809
batch	21240	valid_loss	25986.1904297
batch	21270	valid_loss	25895.0373535
batch	21300	valid_loss	25803.9963379
batch	21330	valid_loss	25934.598877
batch	21360	valid_loss	25947.4133301
batch	21390	valid_loss	25827.1782227
batch	21420	valid_loss	25741.8796387
batch	21450	valid_loss	26000.2290039
batch	21480	valid_loss	25975.550293
batch	21510	valid_loss	25904.642334
batch	21540	valid_loss	25999.6977539
batch	21570	valid_loss	25908.7939453
batch	21600	valid_loss	25820.4306641
batch	21630	valid_loss	25780.8891602
batch	21660	valid_loss	25968.6755371
batch	21690	valid_loss	25874.871582
batch	21720	valid_loss	25710.9189453
batch	21750	valid_loss	25859.2336426
batch	21780	valid_loss	25984.8955078
batch	21810	valid_loss	25981.1877441
batch	21840	valid_loss	25952.7414551
batch	21870	valid_loss	25893.677002
batch	21900	valid_loss	25876.333252
batch	21930	valid_loss	25781.6789551
batch	21960	valid_loss	25878.2543945
batch	21990	valid_loss	25891.8056641
batch	22020	valid_loss	25755.494873
batch	22050	valid_loss	25770.5979004
batch	22080	valid_loss	25958.6130371
batch	22110	valid_loss	25892.0983887
batch	22140	valid_loss	25999.1740723
batch	22170	valid_loss	25922.2263184
batch	22200	valid_loss	25901.4875488
batch	22230	valid_loss	25781.458252
batch	22260	valid_loss	25869.1196289
batch	22290	valid_loss	25903.8544922
batch	22320	valid_loss	25877.1638184
batch	22350	valid_loss	25707.5419922
batch	22380	valid_loss	25909.027832
batch	22410	valid_loss	25949.6325684
batch	22440	valid_loss	25972.1530762
batch	22470	valid_loss	25930.0212402
batch	22500	valid_loss	25940.2314453
batch	22530	valid_loss	25783.3791504
batch	22560	valid_loss	25835.6193848
batch	22590	valid_loss	25856.5241699
batch	22620	valid_loss	25854.2329102
batch	22650	valid_loss	25669.4125977
batch	22680	valid_loss	25798.0222168
batch	22710	valid_loss	25899.3117676
batch	22740	valid_loss	25874.8725586
batch	22770	valid_loss	25970.6953125
batch	22800	valid_loss	25920.7971191
batch	22830	valid_loss	25830.1860352
batch	22860	valid_loss	25745.6958008
batch	22890	valid_loss	25879.6625977
batch	22920	valid_loss	25882.2980957
batch	22950	valid_loss	25761.3959961
batch	22980	valid_loss	25685.9916992
batch	23010	valid_loss	25952.1523438
batch	23040	valid_loss	25913.4050293
batch	23070	valid_loss	25840.4763184
batch	23100	valid_loss	25948.6972656
batch	23130	valid_loss	25840.4912109
batch	23160	valid_loss	25753.5566406
batch	23190	valid_loss	25726.0014648
batch	23220	valid_loss	25914.2663574
batch	23250	valid_loss	25804.8569336
batch	23280	valid_loss	25642.8476562
batch	23310	valid_loss	25803.0319824
batch	23340	valid_loss	25926.6530762
batch	23370	valid_loss	25920.5935059
batch	23400	valid_loss	25888.6240234
batch	23430	valid_loss	25837.0144043
batch	23460	valid_loss	25824.2702637
batch	23490	valid_loss	25729.7507324
batch	23520	valid_loss	25821.130127
batch	23550	valid_loss	25836.0593262
batch	23580	valid_loss	25697.5683594
batch	23610	valid_loss	25723.394043
batch	23640	valid_loss	25900.6000977
batch	23670	valid_loss	25845.8942871
batch	23700	valid_loss	25948.390625
batch	23730	valid_loss	25877.2932129
batch	23760	valid_loss	25848.2700195
batch	23790	valid_loss	25726.9716797
batch	23820	valid_loss	25820.1313477
batch	23850	valid_loss	25858.1433105
batch	23880	valid_loss	25822.9882812
batch	23910	valid_loss	25653.7255859
batch	23940	valid_loss	25848.46875
batch	23970	valid_loss	25902.6115723
batch	24000	valid_loss	25910.2802734
batch	24030	valid_loss	25879.4904785
batch	24060	valid_loss	25921.9501953
batch	24090	valid_loss	25741.8361816
batch	24120	valid_loss	25787.0578613
batch	24150	valid_loss	25809.6894531
batch	24180	valid_loss	25805.6313477
batch	24210	valid_loss	25617.8022461
batch	24240	valid_loss	25756.9975586
batch	24270	valid_loss	25855.0666504
batch	24300	valid_loss	25841.3032227
batch	24330	valid_loss	25934.5966797
batch	24360	valid_loss	25877.7526855
batch	24390	valid_loss	25777.9697266
batch	24420	valid_loss	25706.8442383
batch	24450	valid_loss	25840.0419922
batch	24480	valid_loss	25834.418457
batch	24510	valid_loss	25710.6228027
batch	24540	valid_loss	25641.6491699
batch	24570	valid_loss	25901.0527344
batch	24600	valid_loss	25864.6870117
batch	24630	valid_loss	25797.4714355
batch	24660	valid_loss	25899.1650391
batch	24690	valid_loss	25795.2971191
batch	24720	valid_loss	25730.5837402
batch	24750	valid_loss	25690.9133301
batch	24780	valid_loss	25874.3188477
batch	24810	valid_loss	25766.4472656
batch	24840	valid_loss	25603.8884277
batch	24870	valid_loss	25769.2963867
batch	24900	valid_loss	25892.7509766
batch	24930	valid_loss	25885.9733887
batch	24960	valid_loss	25850.958252
batch	24990	valid_loss	25788.489502
STOP
START
config	360	1140
batch	0	valid_loss	9675433.625
batch	30	valid_loss	233918.539062
batch	60	valid_loss	103365.018555
batch	90	valid_loss	96256.5654297
batch	120	valid_loss	94467.7480469
batch	150	valid_loss	92681.3925781
batch	180	valid_loss	90862.3818359
batch	210	valid_loss	88917.1206055
batch	240	valid_loss	87001.1132812
batch	270	valid_loss	85155.1772461
batch	300	valid_loss	83407.125
batch	330	valid_loss	81791.2128906
batch	360	valid_loss	80299.8115234
batch	390	valid_loss	78934.6757812
batch	420	valid_loss	77478.953125
batch	450	valid_loss	76181.543457
batch	480	valid_loss	74905.5966797
batch	510	valid_loss	73638.5473633
batch	540	valid_loss	72397.6367188
batch	570	valid_loss	71218.5141602
batch	600	valid_loss	70150.2749023
batch	630	valid_loss	69050.6269531
batch	660	valid_loss	67933.793457
batch	690	valid_loss	66805.8725586
batch	720	valid_loss	65792.6293945
batch	750	valid_loss	64708.4951172
batch	780	valid_loss	63757.9799805
batch	810	valid_loss	62686.4682617
batch	840	valid_loss	61744.40625
batch	870	valid_loss	60766.8149414
batch	900	valid_loss	59801.7602539
batch	930	valid_loss	58975.0527344
batch	960	valid_loss	58004.6557617
batch	990	valid_loss	57148.3188477
batch	1020	valid_loss	56240.6801758
batch	1050	valid_loss	55525.1899414
batch	1080	valid_loss	54711.6943359
batch	1110	valid_loss	54014.4414062
batch	1140	valid_loss	53257.5039062
batch	1170	valid_loss	52591.0185547
batch	1200	valid_loss	51979.4399414
batch	1230	valid_loss	51169.1699219
batch	1260	valid_loss	50535.3833008
batch	1290	valid_loss	49951.2661133
batch	1320	valid_loss	49325.8486328
batch	1350	valid_loss	48750.8828125
batch	1380	valid_loss	48236.1899414
batch	1410	valid_loss	47790.5454102
batch	1440	valid_loss	47162.4499512
batch	1470	valid_loss	46651.6965332
batch	1500	valid_loss	46249.0368652
batch	1530	valid_loss	45815.9436035
batch	1560	valid_loss	45333.682373
batch	1590	valid_loss	44858.8920898
batch	1620	valid_loss	44424.5012207
batch	1650	valid_loss	44027.9462891
batch	1680	valid_loss	43697.1345215
batch	1710	valid_loss	43409.2905273
batch	1740	valid_loss	42810.0495605
batch	1770	valid_loss	42500.6740723
batch	1800	valid_loss	42217.5244141
batch	1830	valid_loss	41935.9606934
batch	1860	valid_loss	41588.3271484
batch	1890	valid_loss	41166.251709
batch	1920	valid_loss	40912.3959961
batch	1950	valid_loss	40558.6008301
batch	1980	valid_loss	40266.4912109
batch	2010	valid_loss	40067.8518066
batch	2040	valid_loss	39814.6171875
batch	2070	valid_loss	39417.7504883
batch	2100	valid_loss	39228.6940918
batch	2130	valid_loss	38996.0117188
batch	2160	valid_loss	38718.9824219
batch	2190	valid_loss	38536.8198242
batch	2220	valid_loss	38232.6853027
batch	2250	valid_loss	38011.2194824
batch	2280	valid_loss	37818.1806641
batch	2310	valid_loss	37712.6201172
batch	2340	valid_loss	37477.6484375
batch	2370	valid_loss	37267.5563965
batch	2400	valid_loss	36958.2648926
batch	2430	valid_loss	36816.5939941
batch	2460	valid_loss	36792.6154785
batch	2490	valid_loss	36563.4360352
batch	2520	valid_loss	36290.9729004
batch	2550	valid_loss	36054.5231934
batch	2580	valid_loss	35854.109375
batch	2610	valid_loss	35844.6665039
batch	2640	valid_loss	35674.0351562
batch	2670	valid_loss	35533.7045898
batch	2700	valid_loss	35345.7636719
batch	2730	valid_loss	35267.0415039
batch	2760	valid_loss	35148.0334473
batch	2790	valid_loss	34905.0939941
batch	2820	valid_loss	34833.8161621
batch	2850	valid_loss	34631.1298828
batch	2880	valid_loss	34463.8161621
batch	2910	valid_loss	34378.3837891
batch	2940	valid_loss	34425.2341309
batch	2970	valid_loss	34150.1599121
batch	3000	valid_loss	33999.5288086
batch	3030	valid_loss	33857.8635254
batch	3060	valid_loss	33809.3955078
batch	3090	valid_loss	33722.2304688
batch	3120	valid_loss	33688.654541
batch	3150	valid_loss	33469.0571289
batch	3180	valid_loss	33362.8583984
batch	3210	valid_loss	33238.8994141
batch	3240	valid_loss	33240.7268066
batch	3270	valid_loss	33188.3125
batch	3300	valid_loss	33008.0852051
batch	3330	valid_loss	32872.0292969
batch	3360	valid_loss	32870.1574707
batch	3390	valid_loss	32903.1645508
batch	3420	valid_loss	32703.2038574
batch	3450	valid_loss	32574.5117188
batch	3480	valid_loss	32440.1767578
batch	3510	valid_loss	32302.1467285
batch	3540	valid_loss	32306.1540527
batch	3570	valid_loss	32305.8737793
batch	3600	valid_loss	32197.4602051
batch	3630	valid_loss	32010.0620117
batch	3660	valid_loss	32009.8837891
batch	3690	valid_loss	31970.7294922
batch	3720	valid_loss	31873.2944336
batch	3750	valid_loss	31880.3239746
batch	3780	valid_loss	31684.3876953
batch	3810	valid_loss	31580.217041
batch	3840	valid_loss	31580.4592285
batch	3870	valid_loss	31597.5939941
batch	3900	valid_loss	31433.4775391
batch	3930	valid_loss	31384.2021484
batch	3960	valid_loss	31348.3525391
batch	3990	valid_loss	31281.0705566
batch	4020	valid_loss	31365.4089355
batch	4050	valid_loss	31289.3400879
batch	4080	valid_loss	31128.1166992
batch	4110	valid_loss	30977.0749512
batch	4140	valid_loss	30919.8623047
batch	4170	valid_loss	30995.5097656
batch	4200	valid_loss	30886.1242676
batch	4230	valid_loss	30829.9846191
batch	4260	valid_loss	30698.7756348
batch	4290	valid_loss	30800.4172363
batch	4320	valid_loss	30843.6628418
batch	4350	valid_loss	30628.4211426
batch	4380	valid_loss	30636.2648926
batch	4410	valid_loss	30546.4526367
batch	4440	valid_loss	30390.9577637
batch	4470	valid_loss	30391.3234863
batch	4500	valid_loss	30521.0063477
batch	4530	valid_loss	30346.75
batch	4560	valid_loss	30204.1086426
batch	4590	valid_loss	30241.263916
batch	4620	valid_loss	30239.5446777
batch	4650	valid_loss	30237.0991211
batch	4680	valid_loss	30248.8356934
batch	4710	valid_loss	30088.6875
batch	4740	valid_loss	30070.6494141
batch	4770	valid_loss	29958.2121582
batch	4800	valid_loss	30029.2163086
batch	4830	valid_loss	30075.8408203
batch	4860	valid_loss	29913.2783203
batch	4890	valid_loss	29780.1506348
batch	4920	valid_loss	29888.9748535
batch	4950	valid_loss	29908.4711914
batch	4980	valid_loss	29837.8391113
batch	5010	valid_loss	29783.6171875
batch	5040	valid_loss	29718.8625488
batch	5070	valid_loss	29569.2258301
batch	5100	valid_loss	29642.6176758
batch	5130	valid_loss	29683.8293457
batch	5160	valid_loss	29613.6420898
batch	5190	valid_loss	29448.2336426
batch	5220	valid_loss	29519.7060547
batch	5250	valid_loss	29566.1071777
batch	5280	valid_loss	29486.111084
batch	5310	valid_loss	29519.3635254
batch	5340	valid_loss	29386.1162109
batch	5370	valid_loss	29278.5014648
batch	5400	valid_loss	29324.659668
batch	5430	valid_loss	29374.0581055
batch	5460	valid_loss	29231.0983887
batch	5490	valid_loss	29219.5344238
batch	5520	valid_loss	29242.237793
batch	5550	valid_loss	29202.3588867
batch	5580	valid_loss	29235.3452148
batch	5610	valid_loss	29276.8569336
batch	5640	valid_loss	29212.3327637
batch	5670	valid_loss	29075.3081055
batch	5700	valid_loss	28991.8134766
batch	5730	valid_loss	29118.8583984
batch	5760	valid_loss	29040.2709961
batch	5790	valid_loss	28989.4309082
batch	5820	valid_loss	28923.4287109
batch	5850	valid_loss	29040.2758789
batch	5880	valid_loss	29059.78125
batch	5910	valid_loss	28948.4360352
batch	5940	valid_loss	28909.8205566
batch	5970	valid_loss	28889.5473633
batch	6000	valid_loss	28747.4748535
batch	6030	valid_loss	28765.199707
batch	6060	valid_loss	28929.9094238
batch	6090	valid_loss	28787.8312988
batch	6120	valid_loss	28656.1750488
batch	6150	valid_loss	28715.9138184
batch	6180	valid_loss	28735.5505371
batch	6210	valid_loss	28743.2397461
batch	6240	valid_loss	28747.5874023
batch	6270	valid_loss	28660.6210938
batch	6300	valid_loss	28644.5175781
batch	6330	valid_loss	28520.7431641
batch	6360	valid_loss	28629.3742676
batch	6390	valid_loss	28721.2319336
batch	6420	valid_loss	28523.9990234
batch	6450	valid_loss	28446.171875
batch	6480	valid_loss	28576.3344727
batch	6510	valid_loss	28529.0029297
batch	6540	valid_loss	28573.0656738
batch	6570	valid_loss	28544.1933594
batch	6600	valid_loss	28469.4719238
batch	6630	valid_loss	28336.1154785
batch	6660	valid_loss	28398.940918
batch	6690	valid_loss	28488.8674316
batch	6720	valid_loss	28426.3395996
batch	6750	valid_loss	28274.9345703
batch	6780	valid_loss	28352.2790527
batch	6810	valid_loss	28398.8088379
batch	6840	valid_loss	28384.5393066
batch	6870	valid_loss	28373.8999023
batch	6900	valid_loss	28291.2287598
batch	6930	valid_loss	28169.0800781
batch	6960	valid_loss	28241.2214355
batch	6990	valid_loss	28300.3752441
batch	7020	valid_loss	28158.8266602
batch	7050	valid_loss	28159.5649414
batch	7080	valid_loss	28210.0410156
batch	7110	valid_loss	28168.2910156
batch	7140	valid_loss	28196.2485352
batch	7170	valid_loss	28278.359375
batch	7200	valid_loss	28208.3210449
batch	7230	valid_loss	28091.3320312
batch	7260	valid_loss	28002.1936035
batch	7290	valid_loss	28119.1635742
batch	7320	valid_loss	28105.7854004
batch	7350	valid_loss	28073.3825684
batch	7380	valid_loss	27987.9399414
batch	7410	valid_loss	28087.3232422
batch	7440	valid_loss	28102.1193848
batch	7470	valid_loss	28065.2602539
batch	7500	valid_loss	28029.689209
batch	7530	valid_loss	28026.0310059
batch	7560	valid_loss	27884.7687988
batch	7590	valid_loss	27892.1843262
batch	7620	valid_loss	28092.6306152
batch	7650	valid_loss	27955.5166016
batch	7680	valid_loss	27818.0715332
batch	7710	valid_loss	27885.7988281
batch	7740	valid_loss	27941.6977539
batch	7770	valid_loss	27945.7573242
batch	7800	valid_loss	27915.0947266
batch	7830	valid_loss	27874.3005371
batch	7860	valid_loss	27859.5834961
batch	7890	valid_loss	27755.7832031
batch	7920	valid_loss	27833.7016602
batch	7950	valid_loss	27909.729248
batch	7980	valid_loss	27774.7907715
batch	8010	valid_loss	27704.3442383
batch	8040	valid_loss	27849.3061523
batch	8070	valid_loss	27781.2922363
batch	8100	valid_loss	27856.4609375
batch	8130	valid_loss	27795.7509766
batch	8160	valid_loss	27741.0493164
batch	8190	valid_loss	27662.2668457
batch	8220	valid_loss	27677.3039551
batch	8250	valid_loss	27804.9765625
batch	8280	valid_loss	27723.8305664
batch	8310	valid_loss	27597.6000977
batch	8340	valid_loss	27673.9897461
batch	8370	valid_loss	27692.449707
batch	8400	valid_loss	27736.2409668
batch	8430	valid_loss	27702.0588379
batch	8460	valid_loss	27669.684082
batch	8490	valid_loss	27505.583252
batch	8520	valid_loss	27596.0166016
batch	8550	valid_loss	27663.9904785
batch	8580	valid_loss	27532.0800781
batch	8610	valid_loss	27504.4084473
batch	8640	valid_loss	27573.6340332
batch	8670	valid_loss	27545.8166504
batch	8700	valid_loss	27595.6376953
batch	8730	valid_loss	27663.5827637
batch	8760	valid_loss	27596.1398926
batch	8790	valid_loss	27492.6340332
batch	8820	valid_loss	27390.9228516
batch	8850	valid_loss	27514.8974609
batch	8880	valid_loss	27531.880127
batch	8910	valid_loss	27507.0427246
batch	8940	valid_loss	27402.4672852
batch	8970	valid_loss	27509.5566406
batch	9000	valid_loss	27531.8063965
batch	9030	valid_loss	27517.6230469
batch	9060	valid_loss	27471.2197266
batch	9090	valid_loss	27474.1984863
batch	9120	valid_loss	27351.5830078
batch	9150	valid_loss	27329.1401367
batch	9180	valid_loss	27555.6689453
batch	9210	valid_loss	27418.1943359
batch	9240	valid_loss	27295.9587402
batch	9270	valid_loss	27353.8413086
batch	9300	valid_loss	27447.7963867
batch	9330	valid_loss	27428.4355469
batch	9360	valid_loss	27423.7365723
batch	9390	valid_loss	27345.4724121
batch	9420	valid_loss	27355.4458008
batch	9450	valid_loss	27245.706543
batch	9480	valid_loss	27345.7075195
batch	9510	valid_loss	27405.8127441
batch	9540	valid_loss	27272.654541
batch	9570	valid_loss	27231.536377
batch	9600	valid_loss	27361.1960449
batch	9630	valid_loss	27298.744873
batch	9660	valid_loss	27424.0380859
batch	9690	valid_loss	27321.1916504
batch	9720	valid_loss	27265.7351074
batch	9750	valid_loss	27206.6574707
batch	9780	valid_loss	27234.5366211
batch	9810	valid_loss	27302.6762695
batch	9840	valid_loss	27275.9526367
batch	9870	valid_loss	27146.4287109
batch	9900	valid_loss	27231.3203125
batch	9930	valid_loss	27241.9204102
batch	9960	valid_loss	27308.1682129
batch	9990	valid_loss	27278.767334
batch	10020	valid_loss	27237.7495117
batch	10050	valid_loss	27082.5942383
batch	10080	valid_loss	27169.2509766
batch	10110	valid_loss	27235.9160156
batch	10140	valid_loss	27127.7998047
batch	10170	valid_loss	27067.048584
batch	10200	valid_loss	27128.9238281
batch	10230	valid_loss	27148.6398926
batch	10260	valid_loss	27182.7089844
batch	10290	valid_loss	27265.980957
batch	10320	valid_loss	27166.9995117
batch	10350	valid_loss	27090.0356445
batch	10380	valid_loss	26972.2033691
batch	10410	valid_loss	27099.2736816
batch	10440	valid_loss	27155.9355469
batch	10470	valid_loss	27101.5837402
batch	10500	valid_loss	27002.0471191
batch	10530	valid_loss	27140.234375
batch	10560	valid_loss	27149.6875
batch	10590	valid_loss	27127.5930176
batch	10620	valid_loss	27110.3901367
batch	10650	valid_loss	27088.4570312
batch	10680	valid_loss	26969.2143555
batch	10710	valid_loss	26934.5800781
batch	10740	valid_loss	27157.2016602
batch	10770	valid_loss	27033.8203125
batch	10800	valid_loss	26924.21875
batch	10830	valid_loss	26994.53125
batch	10860	valid_loss	27113.7834473
batch	10890	valid_loss	27061.3237305
batch	10920	valid_loss	27070.517334
batch	10950	valid_loss	26979.9370117
batch	10980	valid_loss	26991.0700684
batch	11010	valid_loss	26893.029541
batch	11040	valid_loss	27007.1486816
batch	11070	valid_loss	27047.7687988
batch	11100	valid_loss	26917.0773926
batch	11130	valid_loss	26908.9162598
batch	11160	valid_loss	27012.7629395
batch	11190	valid_loss	26972.9121094
batch	11220	valid_loss	27104.7595215
batch	11250	valid_loss	26986.0065918
batch	11280	valid_loss	26929.7700195
batch	11310	valid_loss	26870.5026855
batch	11340	valid_loss	26930.9736328
batch	11370	valid_loss	26951.4758301
batch	11400	valid_loss	26956.8220215
batch	11430	valid_loss	26808.6411133
batch	11460	valid_loss	26919.8581543
batch	11490	valid_loss	26937.9196777
batch	11520	valid_loss	26985.173584
batch	11550	valid_loss	26962.3037109
batch	11580	valid_loss	26924.6083984
batch	11610	valid_loss	26775.6201172
batch	11640	valid_loss	26854.0397949
batch	11670	valid_loss	26890.1599121
batch	11700	valid_loss	26834.3413086
batch	11730	valid_loss	26748.3225098
batch	11760	valid_loss	26803.355957
batch	11790	valid_loss	26864.2304688
batch	11820	valid_loss	26881.215332
batch	11850	valid_loss	26949.8730469
batch	11880	valid_loss	26850.5317383
batch	11910	valid_loss	26811.2661133
batch	11940	valid_loss	26689.8735352
batch	11970	valid_loss	26803.0969238
batch	12000	valid_loss	26877.8952637
batch	12030	valid_loss	26778.670166
batch	12060	valid_loss	26709.4746094
batch	12090	valid_loss	26850.0222168
batch	12120	valid_loss	26867.2260742
batch	12150	valid_loss	26831.9089355
batch	12180	valid_loss	26834.2780762
batch	12210	valid_loss	26783.6889648
batch	12240	valid_loss	26676.6442871
batch	12270	valid_loss	26668.0830078
batch	12300	valid_loss	26858.9765625
batch	12330	valid_loss	26763.3337402
batch	12360	valid_loss	26629.1228027
batch	12390	valid_loss	26727.7680664
batch	12420	valid_loss	26837.9453125
batch	12450	valid_loss	26795.0285645
batch	12480	valid_loss	26799.6672363
batch	12510	valid_loss	26714.7958984
batch	12540	valid_loss	26709.0700684
batch	12570	valid_loss	26629.7966309
batch	12600	valid_loss	26756.0559082
batch	12630	valid_loss	26756.953125
batch	12660	valid_loss	26621.2531738
batch	12690	valid_loss	26640.4001465
batch	12720	valid_loss	26732.532959
batch	12750	valid_loss	26710.2785645
batch	12780	valid_loss	26831.5112305
batch	12810	valid_loss	26728.3649902
batch	12840	valid_loss	26687.3127441
batch	12870	valid_loss	26609.6259766
batch	12900	valid_loss	26700.6337891
batch	12930	valid_loss	26698.6540527
batch	12960	valid_loss	26697.2409668
batch	12990	valid_loss	26549.2272949
batch	13020	valid_loss	26663.1074219
batch	13050	valid_loss	26707.7648926
batch	13080	valid_loss	26743.3459473
batch	13110	valid_loss	26726.3925781
batch	13140	valid_loss	26682.8669434
batch	13170	valid_loss	26539.9985352
batch	13200	valid_loss	26604.8742676
batch	13230	valid_loss	26638.3210449
batch	13260	valid_loss	26601.2080078
batch	13290	valid_loss	26492.326416
batch	13320	valid_loss	26551.2717285
batch	13350	valid_loss	26638.3127441
batch	13380	valid_loss	26620.1096191
batch	13410	valid_loss	26698.2182617
batch	13440	valid_loss	26626.5766602
batch	13470	valid_loss	26591.9594727
batch	13500	valid_loss	26475.7822266
batch	13530	valid_loss	26586.9487305
batch	13560	valid_loss	26639.3718262
batch	13590	valid_loss	26532.1262207
batch	13620	valid_loss	26464.2214355
batch	13650	valid_loss	26617.8903809
batch	13680	valid_loss	26645.7307129
batch	13710	valid_loss	26607.7456055
batch	13740	valid_loss	26626.2617188
batch	13770	valid_loss	26553.5039062
batch	13800	valid_loss	26458.578125
batch	13830	valid_loss	26431.3500977
batch	13860	valid_loss	26636.8288574
batch	13890	valid_loss	26542.3833008
batch	13920	valid_loss	26401.4550781
batch	13950	valid_loss	26496.1604004
batch	13980	valid_loss	26627.4291992
batch	14010	valid_loss	26580.1247559
batch	14040	valid_loss	26588.2392578
batch	14070	valid_loss	26508.0876465
batch	14100	valid_loss	26491.1137695
batch	14130	valid_loss	26438.9538574
batch	14160	valid_loss	26543.1940918
batch	14190	valid_loss	26536.1616211
batch	14220	valid_loss	26395.6486816
batch	14250	valid_loss	26427.5646973
batch	14280	valid_loss	26507.4765625
batch	14310	valid_loss	26520.2763672
batch	14340	valid_loss	26616.815918
batch	14370	valid_loss	26520.8422852
batch	14400	valid_loss	26496.583252
batch	14430	valid_loss	26421.8830566
batch	14460	valid_loss	26498.9550781
batch	14490	valid_loss	26509.6923828
batch	14520	valid_loss	26494.6323242
batch	14550	valid_loss	26329.9836426
batch	14580	valid_loss	26450.3483887
batch	14610	valid_loss	26509.4602051
batch	14640	valid_loss	26547.0737305
batch	14670	valid_loss	26516.9228516
batch	14700	valid_loss	26500.8461914
batch	14730	valid_loss	26346.2412109
batch	14760	valid_loss	26419.1879883
batch	14790	valid_loss	26456.3718262
batch	14820	valid_loss	26418.9921875
batch	14850	valid_loss	26290.0612793
batch	14880	valid_loss	26354.6228027
batch	14910	valid_loss	26448.416748
batch	14940	valid_loss	26426.6142578
batch	14970	valid_loss	26504.1064453
batch	15000	valid_loss	26457.2592773
batch	15030	valid_loss	26415.1643066
batch	15060	valid_loss	26293.0292969
batch	15090	valid_loss	26409.4472656
batch	15120	valid_loss	26446.3093262
batch	15150	valid_loss	26328.7949219
batch	15180	valid_loss	26278.1108398
batch	15210	valid_loss	26431.7202148
batch	15240	valid_loss	26455.5273438
batch	15270	valid_loss	26440.8037109
batch	15300	valid_loss	26443.4255371
batch	15330	valid_loss	26374.0856934
batch	15360	valid_loss	26269.9304199
batch	15390	valid_loss	26253.0915527
batch	15420	valid_loss	26448.4777832
batch	15450	valid_loss	26359.6313477
batch	15480	valid_loss	26216.2626953
batch	15510	valid_loss	26304.6914062
batch	15540	valid_loss	26453.9614258
batch	15570	valid_loss	26401.9162598
batch	15600	valid_loss	26410.8510742
batch	15630	valid_loss	26346.9284668
batch	15660	valid_loss	26324.0786133
batch	15690	valid_loss	26279.6472168
batch	15720	valid_loss	26367.3540039
batch	15750	valid_loss	26368.1567383
batch	15780	valid_loss	26213.0441895
batch	15810	valid_loss	26249.5129395
batch	15840	valid_loss	26337.8979492
batch	15870	valid_loss	26338.7709961
batch	15900	valid_loss	26460.5649414
batch	15930	valid_loss	26337.9467773
batch	15960	valid_loss	26330.8364258
batch	15990	valid_loss	26246.7021484
batch	16020	valid_loss	26311.8640137
batch	16050	valid_loss	26351.0449219
batch	16080	valid_loss	26321.5776367
batch	16110	valid_loss	26148.2790527
batch	16140	valid_loss	26277.8225098
batch	16170	valid_loss	26346.7836914
batch	16200	valid_loss	26377.7023926
batch	16230	valid_loss	26346.5588379
batch	16260	valid_loss	26344.8701172
batch	16290	valid_loss	26188.956543
batch	16320	valid_loss	26257.6091309
batch	16350	valid_loss	26290.0537109
batch	16380	valid_loss	26261.7177734
batch	16410	valid_loss	26120.2836914
batch	16440	valid_loss	26196.3391113
batch	16470	valid_loss	26291.7807617
batch	16500	valid_loss	26260.4375
batch	16530	valid_loss	26349.1943359
batch	16560	valid_loss	26300.0163574
batch	16590	valid_loss	26250.6501465
batch	16620	valid_loss	26143.284668
batch	16650	valid_loss	26260.4777832
batch	16680	valid_loss	26289.4050293
batch	16710	valid_loss	26167.6953125
batch	16740	valid_loss	26119.651123
batch	16770	valid_loss	26283.345459
batch	16800	valid_loss	26301.9318848
batch	16830	valid_loss	26294.6921387
batch	16860	valid_loss	26304.0576172
batch	16890	valid_loss	26229.6833496
batch	16920	valid_loss	26124.9812012
batch	16950	valid_loss	26107.605957
batch	16980	valid_loss	26309.3862305
batch	17010	valid_loss	26204.8007812
batch	17040	valid_loss	26062.4470215
batch	17070	valid_loss	26155.5876465
batch	17100	valid_loss	26306.7832031
batch	17130	valid_loss	26251.0603027
batch	17160	valid_loss	26268.0178223
batch	17190	valid_loss	26192.8679199
batch	17220	valid_loss	26192.9187012
batch	17250	valid_loss	26128.5275879
batch	17280	valid_loss	26219.4387207
batch	17310	valid_loss	26225.1992188
batch	17340	valid_loss	26069.7548828
batch	17370	valid_loss	26098.0681152
batch	17400	valid_loss	26212.9362793
batch	17430	valid_loss	26196.3154297
batch	17460	valid_loss	26330.7805176
batch	17490	valid_loss	26204.1599121
batch	17520	valid_loss	26190.9182129
batch	17550	valid_loss	26092.8701172
batch	17580	valid_loss	26177.7692871
batch	17610	valid_loss	26221.168457
batch	17640	valid_loss	26179.5375977
batch	17670	valid_loss	26006.5632324
batch	17700	valid_loss	26139.027832
batch	17730	valid_loss	26214.7548828
batch	17760	valid_loss	26241.6967773
batch	17790	valid_loss	26207.8259277
batch	17820	valid_loss	26210.3598633
batch	17850	valid_loss	26056.581543
batch	17880	valid_loss	26124.5578613
batch	17910	valid_loss	26160.8405762
batch	17940	valid_loss	26127.8759766
batch	17970	valid_loss	25979.229248
batch	18000	valid_loss	26058.4985352
batch	18030	valid_loss	26155.1396484
batch	18060	valid_loss	26136.0844727
batch	18090	valid_loss	26226.6035156
batch	18120	valid_loss	26170.8813477
batch	18150	valid_loss	26122.2893066
batch	18180	valid_loss	26020.9909668
batch	18210	valid_loss	26153.1574707
batch	18240	valid_loss	26166.2514648
batch	18270	valid_loss	26037.5505371
batch	18300	valid_loss	25991.9526367
batch	18330	valid_loss	26153.9199219
batch	18360	valid_loss	26172.8151855
batch	18390	valid_loss	26153.4501953
batch	18420	valid_loss	26186.4890137
batch	18450	valid_loss	26110.517334
batch	18480	valid_loss	25998.527832
batch	18510	valid_loss	25995.0932617
batch	18540	valid_loss	26193.4216309
batch	18570	valid_loss	26095.2329102
batch	18600	valid_loss	25941.5791016
batch	18630	valid_loss	26029.3317871
batch	18660	valid_loss	26175.284668
batch	18690	valid_loss	26127.3398438
batch	18720	valid_loss	26151.6455078
batch	18750	valid_loss	26069.0825195
batch	18780	valid_loss	26074.5361328
batch	18810	valid_loss	26001.8393555
batch	18840	valid_loss	26105.2043457
batch	18870	valid_loss	26122.5280762
batch	18900	valid_loss	25956.1655273
batch	18930	valid_loss	25972.5480957
batch	18960	valid_loss	26100.6147461
batch	18990	valid_loss	26072.9189453
batch	19020	valid_loss	26209.1672363
batch	19050	valid_loss	26089.2419434
batch	19080	valid_loss	26081.5400391
batch	19110	valid_loss	25970.3374023
batch	19140	valid_loss	26087.6533203
batch	19170	valid_loss	26128.1850586
batch	19200	valid_loss	26071.6176758
batch	19230	valid_loss	25893.9277344
batch	19260	valid_loss	26030.4978027
batch	19290	valid_loss	26105.7150879
batch	19320	valid_loss	26103.3430176
batch	19350	valid_loss	26100.592041
batch	19380	valid_loss	26102.59375
batch	19410	valid_loss	25948.8974609
batch	19440	valid_loss	26021.8820801
batch	19470	valid_loss	26050.7509766
batch	19500	valid_loss	26034.0102539
batch	19530	valid_loss	25863.8503418
batch	19560	valid_loss	25955.6645508
batch	19590	valid_loss	26048.6098633
batch	19620	valid_loss	26035.9975586
batch	19650	valid_loss	26126.1130371
batch	19680	valid_loss	26068.4362793
batch	19710	valid_loss	26009.3571777
batch	19740	valid_loss	25918.3461914
batch	19770	valid_loss	26054.3811035
batch	19800	valid_loss	26071.690918
batch	19830	valid_loss	25935.1242676
batch	19860	valid_loss	25886.5424805
batch	19890	valid_loss	26054.4672852
batch	19920	valid_loss	26070.5949707
batch	19950	valid_loss	26024.0544434
batch	19980	valid_loss	26089.138916
batch	20010	valid_loss	26011.8012695
batch	20040	valid_loss	25903.3850098
batch	20070	valid_loss	25903.6833496
batch	20100	valid_loss	26130.9572754
batch	20130	valid_loss	26003.5
batch	20160	valid_loss	25850.8869629
batch	20190	valid_loss	25936.0026855
batch	20220	valid_loss	26079.5966797
batch	20250	valid_loss	26030.0056152
batch	20280	valid_loss	26034.5615234
batch	20310	valid_loss	25980.7717285
batch	20340	valid_loss	25982.6425781
batch	20370	valid_loss	25915.1955566
batch	20400	valid_loss	26009.2219238
batch	20430	valid_loss	26044.5720215
batch	20460	valid_loss	25866.8820801
batch	20490	valid_loss	25882.9458008
batch	20520	valid_loss	26008.4641113
batch	20550	valid_loss	25981.8312988
batch	20580	valid_loss	26109.2961426
batch	20610	valid_loss	25996.701416
batch	20640	valid_loss	25992.5678711
batch	20670	valid_loss	25881.2971191
batch	20700	valid_loss	26019.484375
batch	20730	valid_loss	26062.7883301
batch	20760	valid_loss	25984.8183594
batch	20790	valid_loss	25805.0991211
batch	20820	valid_loss	25948.9838867
batch	20850	valid_loss	26020.6479492
batch	20880	valid_loss	26011.1713867
batch	20910	valid_loss	26011.3303223
batch	20940	valid_loss	26029.5998535
batch	20970	valid_loss	25870.6469727
batch	21000	valid_loss	25942.3361816
batch	21030	valid_loss	25978.611084
batch	21060	valid_loss	25957.442627
batch	21090	valid_loss	25782.4165039
batch	21120	valid_loss	25883.385498
batch	21150	valid_loss	25971.3952637
batch	21180	valid_loss	25966.9411621
batch	21210	valid_loss	26051.7658691
batch	21240	valid_loss	25988.8791504
batch	21270	valid_loss	25928.3051758
batch	21300	valid_loss	25843.5009766
batch	21330	valid_loss	25991.723877
batch	21360	valid_loss	26006.611084
batch	21390	valid_loss	25862.402832
batch	21420	valid_loss	25804.3671875
batch	21450	valid_loss	25972.3059082
batch	21480	valid_loss	25992.3269043
batch	21510	valid_loss	25929.3840332
batch	21540	valid_loss	26012.1157227
batch	21570	valid_loss	25931.7561035
batch	21600	valid_loss	25828.8220215
batch	21630	valid_loss	25849.7072754
batch	21660	valid_loss	26043.7145996
batch	21690	valid_loss	25937.6274414
batch	21720	valid_loss	25783.3322754
batch	21750	valid_loss	25864.9782715
batch	21780	valid_loss	26010.0932617
batch	21810	valid_loss	25954.5820312
batch	21840	valid_loss	25958.8566895
batch	21870	valid_loss	25912.9914551
batch	21900	valid_loss	25912.2421875
batch	21930	valid_loss	25840.7092285
batch	21960	valid_loss	25942.0705566
batch	21990	valid_loss	25996.7011719
batch	22020	valid_loss	25795.7580566
batch	22050	valid_loss	25814.3522949
batch	22080	valid_loss	25940.2768555
batch	22110	valid_loss	25917.1462402
batch	22140	valid_loss	26027.3945312
batch	22170	valid_loss	25928.2185059
batch	22200	valid_loss	25925.9528809
batch	22230	valid_loss	25810.4924316
batch	22260	valid_loss	25947.1335449
batch	22290	valid_loss	26003.8041992
batch	22320	valid_loss	25921.9191895
batch	22350	valid_loss	25745.4802246
batch	22380	valid_loss	25893.1369629
batch	22410	valid_loss	25959.9980469
batch	22440	valid_loss	25944.4760742
batch	22470	valid_loss	25948.5732422
batch	22500	valid_loss	25962.6330566
batch	22530	valid_loss	25810.8630371
batch	22560	valid_loss	25880.9421387
batch	22590	valid_loss	25921.5046387
batch	22620	valid_loss	25907.6416016
batch	22650	valid_loss	25716.0864258
batch	22680	valid_loss	25827.4128418
batch	22710	valid_loss	25915.6687012
batch	22740	valid_loss	25917.3920898
batch	22770	valid_loss	25998.5336914
batch	22800	valid_loss	25929.2719727
batch	22830	valid_loss	25870.4243164
batch	22860	valid_loss	25791.1179199
batch	22890	valid_loss	25935.6945801
batch	22920	valid_loss	25949.5644531
batch	22950	valid_loss	25803.9682617
batch	22980	valid_loss	25743.237793
batch	23010	valid_loss	25929.9003906
batch	23040	valid_loss	25936.1784668
batch	23070	valid_loss	25867.2006836
batch	23100	valid_loss	25953.3168945
batch	23130	valid_loss	25874.2397461
batch	23160	valid_loss	25780.8496094
batch	23190	valid_loss	25799.2055664
batch	23220	valid_loss	26009.652832
batch	23250	valid_loss	25881.8051758
batch	23280	valid_loss	25729.7963867
batch	23310	valid_loss	25813.2446289
batch	23340	valid_loss	25957.6479492
batch	23370	valid_loss	25900.045166
batch	23400	valid_loss	25903.7836914
batch	23430	valid_loss	25861.3991699
batch	23460	valid_loss	25860.8762207
batch	23490	valid_loss	25794.3408203
batch	23520	valid_loss	25886.9047852
batch	23550	valid_loss	25947.0163574
batch	23580	valid_loss	25737.7658691
batch	23610	valid_loss	25765.4614258
batch	23640	valid_loss	25899.0986328
batch	23670	valid_loss	25872.3024902
batch	23700	valid_loss	25976.8444824
batch	23730	valid_loss	25882.3398438
batch	23760	valid_loss	25877.0375977
batch	23790	valid_loss	25764.4143066
batch	23820	valid_loss	25904.064209
batch	23850	valid_loss	25971.9763184
batch	23880	valid_loss	25878.020752
batch	23910	valid_loss	25703.736084
batch	23940	valid_loss	25855.6608887
batch	23970	valid_loss	25914.328125
batch	24000	valid_loss	25893.9289551
batch	24030	valid_loss	25899.2331543
batch	24060	valid_loss	25917.5825195
batch	24090	valid_loss	25769.6491699
batch	24120	valid_loss	25832.7695312
batch	24150	valid_loss	25887.4248047
batch	24180	valid_loss	25868.6425781
batch	24210	valid_loss	25666.2641602
batch	24240	valid_loss	25786.4406738
batch	24270	valid_loss	25877.2150879
batch	24300	valid_loss	25880.2700195
batch	24330	valid_loss	25963.4055176
batch	24360	valid_loss	25887.2536621
batch	24390	valid_loss	25828.3537598
batch	24420	valid_loss	25757.8098145
batch	24450	valid_loss	25903.748291
batch	24480	valid_loss	25916.2746582
batch	24510	valid_loss	25760.2814941
batch	24540	valid_loss	25703.378418
batch	24570	valid_loss	25889.6369629
batch	24600	valid_loss	25898.5893555
batch	24630	valid_loss	25822.2514648
batch	24660	valid_loss	25911.291748
batch	24690	valid_loss	25834.8295898
batch	24720	valid_loss	25748.2355957
batch	24750	valid_loss	25779.2924805
batch	24780	valid_loss	25961.3696289
batch	24810	valid_loss	25847.0881348
batch	24840	valid_loss	25684.9553223
batch	24870	valid_loss	25780.2573242
batch	24900	valid_loss	25922.1103516
batch	24930	valid_loss	25857.9182129
batch	24960	valid_loss	25869.0124512
batch	24990	valid_loss	25822.953125
STOP
