START
config	840	540	100	540	840	960
batch	0	valid_loss	5857487.90625
batch	30	valid_loss	167535.236328
batch	60	valid_loss	122380.087891
batch	90	valid_loss	120482.6875
batch	120	valid_loss	120410.047852
batch	150	valid_loss	120441.692383
batch	180	valid_loss	120453.546875
batch	210	valid_loss	120488.352539
batch	240	valid_loss	120571.620117
batch	270	valid_loss	120495.869141
batch	300	valid_loss	120531.871094
batch	330	valid_loss	120534.379883
batch	360	valid_loss	120645.365234
batch	390	valid_loss	120596.564453
batch	420	valid_loss	120536.959961
batch	450	valid_loss	120595.772461
batch	480	valid_loss	120588.941406
batch	510	valid_loss	120612.549805
batch	540	valid_loss	120704.146484
batch	570	valid_loss	120652.763672
batch	600	valid_loss	120473.592773
batch	630	valid_loss	120052.305664
batch	660	valid_loss	118772.275391
batch	690	valid_loss	116156.887695
batch	720	valid_loss	112512.337891
batch	750	valid_loss	110641.199219
batch	780	valid_loss	109936.460938
batch	810	valid_loss	109654.603516
batch	840	valid_loss	109261.207031
batch	870	valid_loss	108928.3125
batch	900	valid_loss	108440.101562
batch	930	valid_loss	107909.136719
batch	960	valid_loss	107482.776367
batch	990	valid_loss	107076.037109
batch	1020	valid_loss	106727.508789
batch	1050	valid_loss	106602.326172
batch	1080	valid_loss	106389.323242
batch	1110	valid_loss	106242.212891
batch	1140	valid_loss	105972.325195
batch	1170	valid_loss	105891.905273
batch	1200	valid_loss	105656.335938
batch	1230	valid_loss	105573.427734
batch	1260	valid_loss	105301.148438
batch	1290	valid_loss	105038.363281
batch	1320	valid_loss	104710.458984
batch	1350	valid_loss	104416.904297
batch	1380	valid_loss	104094.417969
batch	1410	valid_loss	103791.946289
batch	1440	valid_loss	103522.71582
batch	1470	valid_loss	103278.049805
batch	1500	valid_loss	103030.97168
batch	1530	valid_loss	102905.051758
batch	1560	valid_loss	102701.333008
batch	1590	valid_loss	102398.067383
batch	1620	valid_loss	102191.779297
batch	1650	valid_loss	101725.432617
batch	1680	valid_loss	101408.332031
batch	1710	valid_loss	100915.960938
batch	1740	valid_loss	100546.927734
batch	1770	valid_loss	100166.211914
batch	1800	valid_loss	99904.7958984
batch	1830	valid_loss	99625.4580078
batch	1860	valid_loss	99272.7470703
batch	1890	valid_loss	98998.1572266
batch	1920	valid_loss	98602.8642578
batch	1950	valid_loss	98159.4394531
batch	1980	valid_loss	97848.9990234
batch	2010	valid_loss	97439.6787109
batch	2040	valid_loss	96984.9492188
batch	2070	valid_loss	96691.6298828
batch	2100	valid_loss	97023.1455078
batch	2130	valid_loss	95983.1806641
batch	2160	valid_loss	95457.2089844
batch	2190	valid_loss	95218.2734375
batch	2220	valid_loss	94582.6679688
batch	2250	valid_loss	94053.3896484
batch	2280	valid_loss	93711.4038086
batch	2310	valid_loss	93464.4467773
batch	2340	valid_loss	92848.4243164
batch	2370	valid_loss	92500.2373047
batch	2400	valid_loss	92414.8071289
batch	2430	valid_loss	91937.5981445
batch	2460	valid_loss	91481.059082
batch	2490	valid_loss	91121.9257812
batch	2520	valid_loss	90839.4506836
batch	2550	valid_loss	90784.2548828
batch	2580	valid_loss	90195.5878906
batch	2610	valid_loss	89893.0395508
batch	2640	valid_loss	89562.8847656
batch	2670	valid_loss	89528.2070312
batch	2700	valid_loss	89056.0180664
batch	2730	valid_loss	88817.1000977
batch	2760	valid_loss	88552.2509766
batch	2790	valid_loss	88025.1816406
batch	2820	valid_loss	88032.9160156
batch	2850	valid_loss	87392.5805664
batch	2880	valid_loss	87044.5112305
batch	2910	valid_loss	87493.4609375
batch	2940	valid_loss	86780.9101562
batch	2970	valid_loss	86217.328125
batch	3000	valid_loss	85895.7128906
batch	3030	valid_loss	85678.4799805
batch	3060	valid_loss	85801.0976562
batch	3090	valid_loss	85694.59375
batch	3120	valid_loss	84976.9482422
batch	3150	valid_loss	84606.7832031
batch	3180	valid_loss	84265.2387695
batch	3210	valid_loss	89252.5009766
batch	3240	valid_loss	83789.184082
batch	3270	valid_loss	83517.5444336
batch	3300	valid_loss	83304.9228516
batch	3330	valid_loss	83279.175293
batch	3360	valid_loss	82800.1000977
batch	3390	valid_loss	82809.0424805
batch	3420	valid_loss	83131.7949219
batch	3450	valid_loss	82200.840332
batch	3480	valid_loss	81961.0610352
batch	3510	valid_loss	82205.9833984
batch	3540	valid_loss	81645.5424805
batch	3570	valid_loss	81258.8144531
batch	3600	valid_loss	83059.9472656
batch	3630	valid_loss	80890.715332
batch	3660	valid_loss	80834.8608398
batch	3690	valid_loss	80683.3989258
batch	3720	valid_loss	80837.3549805
batch	3750	valid_loss	80247.4902344
batch	3780	valid_loss	79945.3105469
batch	3810	valid_loss	79822.9487305
batch	3840	valid_loss	80198.4931641
batch	3870	valid_loss	79547.1977539
batch	3900	valid_loss	79624.4477539
batch	3930	valid_loss	79301.9775391
batch	3960	valid_loss	79562.3852539
batch	3990	valid_loss	78740.7768555
batch	4020	valid_loss	78732.9296875
batch	4050	valid_loss	78369.190918
batch	4080	valid_loss	79904.6494141
batch	4110	valid_loss	78162.019043
batch	4140	valid_loss	77907.8945312
batch	4170	valid_loss	77678.4384766
batch	4200	valid_loss	78480.434082
batch	4230	valid_loss	77411.9716797
batch	4260	valid_loss	77180.0791016
batch	4290	valid_loss	77405.0961914
batch	4320	valid_loss	76915.6118164
batch	4350	valid_loss	76847.8994141
batch	4380	valid_loss	76833.6567383
batch	4410	valid_loss	76857.0107422
batch	4440	valid_loss	76472.7802734
batch	4470	valid_loss	76137.0087891
batch	4500	valid_loss	75924.0620117
batch	4530	valid_loss	76261.4326172
batch	4560	valid_loss	75601.2280273
batch	4590	valid_loss	75464.2856445
batch	4620	valid_loss	81180.0981445
batch	4650	valid_loss	75185.1699219
batch	4680	valid_loss	75088.5957031
batch	4710	valid_loss	74991.8930664
batch	4740	valid_loss	76290.2260742
batch	4770	valid_loss	74465.6992188
batch	4800	valid_loss	75126.8041992
batch	4830	valid_loss	74311.2954102
batch	4860	valid_loss	74159.4916992
batch	4890	valid_loss	74423.2036133
batch	4920	valid_loss	74511.9189453
batch	4950	valid_loss	73620.3222656
batch	4980	valid_loss	76790.4511719
batch	5010	valid_loss	73591.8452148
batch	5040	valid_loss	73121.2553711
batch	5070	valid_loss	73180.328125
batch	5100	valid_loss	72944.184082
batch	5130	valid_loss	81241.7055664
batch	5160	valid_loss	72779.0810547
batch	5190	valid_loss	72464.5517578
batch	5220	valid_loss	72698.9379883
batch	5250	valid_loss	72235.3789062
batch	5280	valid_loss	74780.8178711
batch	5310	valid_loss	72541.1210938
batch	5340	valid_loss	71844.125
batch	5370	valid_loss	71865.5327148
batch	5400	valid_loss	71732.2666016
batch	5430	valid_loss	71396.8837891
batch	5460	valid_loss	71541.8510742
batch	5490	valid_loss	72709.5629883
batch	5520	valid_loss	71094.5415039
batch	5550	valid_loss	71005.9174805
batch	5580	valid_loss	71327.6142578
batch	5610	valid_loss	71673.1645508
batch	5640	valid_loss	70856.0439453
batch	5670	valid_loss	70678.0517578
batch	5700	valid_loss	72564.8505859
batch	5730	valid_loss	70509.8666992
batch	5760	valid_loss	70302.1381836
batch	5790	valid_loss	70458.9111328
batch	5820	valid_loss	70214.3291016
batch	5850	valid_loss	70498.2358398
batch	5880	valid_loss	70017.8066406
batch	5910	valid_loss	71076.0629883
batch	5940	valid_loss	69995.2368164
batch	5970	valid_loss	69602.4819336
batch	6000	valid_loss	69586.9306641
batch	6030	valid_loss	70320.0712891
batch	6060	valid_loss	69220.8618164
batch	6090	valid_loss	73495.043457
batch	6120	valid_loss	69091.8745117
batch	6150	valid_loss	69023.3911133
batch	6180	valid_loss	68923.0854492
batch	6210	valid_loss	69301.2485352
batch	6240	valid_loss	68840.3979492
batch	6270	valid_loss	69035.090332
batch	6300	valid_loss	68516.4765625
batch	6330	valid_loss	68736.3178711
batch	6360	valid_loss	68364.0932617
batch	6390	valid_loss	68312.8168945
batch	6420	valid_loss	68186.3066406
batch	6450	valid_loss	68719.5991211
batch	6480	valid_loss	68038.8417969
batch	6510	valid_loss	68300.1015625
batch	6540	valid_loss	67903.2456055
batch	6570	valid_loss	68381.5839844
batch	6600	valid_loss	67641.5263672
batch	6630	valid_loss	67552.0043945
batch	6660	valid_loss	74820.5483398
batch	6690	valid_loss	67470.8325195
batch	6720	valid_loss	67400.4814453
batch	6750	valid_loss	67239.2861328
batch	6780	valid_loss	67350.0800781
batch	6810	valid_loss	67248.7182617
batch	6840	valid_loss	67042.9648438
batch	6870	valid_loss	67115.4858398
batch	6900	valid_loss	66788.6123047
batch	6930	valid_loss	66734.5068359
batch	6960	valid_loss	66696.6450195
batch	6990	valid_loss	66983.7680664
batch	7020	valid_loss	67538.8154297
batch	7050	valid_loss	66843.7104492
batch	7080	valid_loss	66967.2558594
batch	7110	valid_loss	66953.7875977
batch	7140	valid_loss	66224.6582031
batch	7170	valid_loss	66127.6025391
batch	7200	valid_loss	65933.9321289
batch	7230	valid_loss	66011.1201172
batch	7260	valid_loss	65903.3452148
batch	7290	valid_loss	65872.362793
batch	7320	valid_loss	65858.8828125
batch	7350	valid_loss	65801.5546875
batch	7380	valid_loss	65768.362793
batch	7410	valid_loss	68775.3276367
batch	7440	valid_loss	65384.3208008
batch	7470	valid_loss	65389.965332
batch	7500	valid_loss	65285.1503906
batch	7530	valid_loss	66834.1064453
batch	7560	valid_loss	65094.1079102
batch	7590	valid_loss	65019.9804688
batch	7620	valid_loss	64943.8442383
batch	7650	valid_loss	65208.7441406
batch	7680	valid_loss	64927.3154297
batch	7710	valid_loss	64784.1699219
batch	7740	valid_loss	64713.5585938
batch	7770	valid_loss	64687.3256836
batch	7800	valid_loss	64696.2602539
batch	7830	valid_loss	64601.2172852
batch	7860	valid_loss	64506.1796875
batch	7890	valid_loss	64431.3007812
batch	7920	valid_loss	64417.6279297
batch	7950	valid_loss	64382.4643555
batch	7980	valid_loss	64414.7910156
batch	8010	valid_loss	64828.5654297
batch	8040	valid_loss	64381.6210938
batch	8070	valid_loss	64280.6953125
batch	8100	valid_loss	64147.9213867
batch	8130	valid_loss	64536.6064453
batch	8160	valid_loss	63830.3212891
batch	8190	valid_loss	63866.765625
batch	8220	valid_loss	64116.1254883
batch	8250	valid_loss	63924.4921875
batch	8280	valid_loss	63877.7695312
batch	8310	valid_loss	63800.4248047
batch	8340	valid_loss	63680.9907227
batch	8370	valid_loss	64906.4194336
batch	8400	valid_loss	63382.4160156
batch	8430	valid_loss	63371.6499023
batch	8460	valid_loss	63518.4296875
batch	8490	valid_loss	63208.6831055
batch	8520	valid_loss	63495.1870117
batch	8550	valid_loss	63028.7714844
batch	8580	valid_loss	62966.2958984
batch	8610	valid_loss	63954.1201172
batch	8640	valid_loss	63507.1577148
batch	8670	valid_loss	62867.4047852
batch	8700	valid_loss	62719.8212891
batch	8730	valid_loss	72481.1254883
batch	8760	valid_loss	62964.5444336
batch	8790	valid_loss	62626.3520508
batch	8820	valid_loss	62641.9262695
batch	8850	valid_loss	62556.4926758
batch	8880	valid_loss	62306.7563477
batch	8910	valid_loss	62393.7612305
batch	8940	valid_loss	62350.449707
batch	8970	valid_loss	62443.8789062
batch	9000	valid_loss	63193.6420898
batch	9030	valid_loss	62102.3666992
batch	9060	valid_loss	62140.1176758
batch	9090	valid_loss	62023.6313477
batch	9120	valid_loss	62052.3642578
batch	9150	valid_loss	61986.9770508
batch	9180	valid_loss	61868.1928711
batch	9210	valid_loss	61697.3935547
batch	9240	valid_loss	61634.4462891
batch	9270	valid_loss	61610.2177734
batch	9300	valid_loss	68276.1762695
batch	9330	valid_loss	61624.4169922
batch	9360	valid_loss	61421.7563477
batch	9390	valid_loss	61401.1953125
batch	9420	valid_loss	61278.9926758
batch	9450	valid_loss	61223.7329102
batch	9480	valid_loss	61210.0610352
batch	9510	valid_loss	62103.0327148
batch	9540	valid_loss	61131.2949219
batch	9570	valid_loss	62094.2373047
batch	9600	valid_loss	61003.9399414
batch	9630	valid_loss	61662.5698242
batch	9660	valid_loss	60795.1435547
batch	9690	valid_loss	61414.1552734
batch	9720	valid_loss	61098.9980469
batch	9750	valid_loss	61025.0668945
batch	9780	valid_loss	61069.6914062
batch	9810	valid_loss	61516.0458984
batch	9840	valid_loss	60498.2358398
batch	9870	valid_loss	61020.9707031
batch	9900	valid_loss	60473.5058594
batch	9930	valid_loss	60419.2626953
batch	9960	valid_loss	60263.0673828
batch	9990	valid_loss	60422.0185547
batch	10020	valid_loss	60193.9731445
batch	10050	valid_loss	60304.0527344
batch	10080	valid_loss	60066.074707
batch	10110	valid_loss	59945.4428711
batch	10140	valid_loss	60975.3911133
batch	10170	valid_loss	60035.3291016
batch	10200	valid_loss	60089.3837891
batch	10230	valid_loss	61556.2026367
batch	10260	valid_loss	59948.2983398
batch	10290	valid_loss	59554.7773438
batch	10320	valid_loss	59549.6806641
batch	10350	valid_loss	59759.4682617
batch	10380	valid_loss	60357.1274414
batch	10410	valid_loss	59480.6289062
batch	10440	valid_loss	61737.7993164
batch	10470	valid_loss	59270.7998047
batch	10500	valid_loss	59485.7504883
batch	10530	valid_loss	59107.2763672
batch	10560	valid_loss	60132.4067383
batch	10590	valid_loss	59003.6757812
batch	10620	valid_loss	58973.3569336
batch	10650	valid_loss	58996.6850586
batch	10680	valid_loss	58942.7744141
batch	10710	valid_loss	58782.8857422
batch	10740	valid_loss	61393.8862305
batch	10770	valid_loss	58764.3520508
batch	10800	valid_loss	58511.1723633
batch	10830	valid_loss	58516.2626953
batch	10860	valid_loss	58474.9873047
batch	10890	valid_loss	58451.1918945
batch	10920	valid_loss	58562.6586914
batch	10950	valid_loss	58331.6464844
batch	10980	valid_loss	59152.4428711
batch	11010	valid_loss	58385.6079102
batch	11040	valid_loss	58125.6582031
batch	11070	valid_loss	58223.4760742
batch	11100	valid_loss	58257.8876953
batch	11130	valid_loss	58262.2304688
batch	11160	valid_loss	58149.8852539
batch	11190	valid_loss	58377.4750977
batch	11220	valid_loss	57989.0908203
batch	11250	valid_loss	57611.809082
batch	11280	valid_loss	58055.9541016
batch	11310	valid_loss	57525.7880859
batch	11340	valid_loss	58302.3583984
batch	11370	valid_loss	57432.5771484
batch	11400	valid_loss	58302.1914062
batch	11430	valid_loss	57433.3803711
batch	11460	valid_loss	57370.8183594
batch	11490	valid_loss	57224.9648438
batch	11520	valid_loss	57022.6674805
batch	11550	valid_loss	57522.2124023
batch	11580	valid_loss	57017.730957
batch	11610	valid_loss	56859.7548828
batch	11640	valid_loss	59869.8764648
batch	11670	valid_loss	56749.7226562
batch	11700	valid_loss	56565.3232422
batch	11730	valid_loss	56536.3818359
batch	11760	valid_loss	56558.8720703
batch	11790	valid_loss	57215.862793
batch	11820	valid_loss	56279.8735352
batch	11850	valid_loss	56294.7695312
batch	11880	valid_loss	56123.7519531
batch	11910	valid_loss	59652.3466797
batch	11940	valid_loss	56166.7138672
batch	11970	valid_loss	56029.8574219
batch	12000	valid_loss	55851.1113281
batch	12030	valid_loss	55877.0922852
batch	12060	valid_loss	55767.3955078
batch	12090	valid_loss	56939.1386719
batch	12120	valid_loss	55903.2294922
batch	12150	valid_loss	55567.3208008
batch	12180	valid_loss	55531.2661133
batch	12210	valid_loss	55445.3085938
batch	12240	valid_loss	55426.6982422
batch	12270	valid_loss	55341.003418
batch	12300	valid_loss	55338.8911133
batch	12330	valid_loss	55083.5244141
batch	12360	valid_loss	55345.4399414
batch	12390	valid_loss	54993.1728516
batch	12420	valid_loss	55016.6791992
batch	12450	valid_loss	54830.925293
batch	12480	valid_loss	54923.9902344
batch	12510	valid_loss	54742.3862305
batch	12540	valid_loss	55110.4833984
batch	12570	valid_loss	54520.2583008
batch	12600	valid_loss	54419.4526367
batch	12630	valid_loss	54617.6396484
batch	12660	valid_loss	56689.1948242
batch	12690	valid_loss	54297.5263672
batch	12720	valid_loss	54187.0424805
batch	12750	valid_loss	54220.3681641
batch	12780	valid_loss	54397.4355469
batch	12810	valid_loss	54022.7587891
batch	12840	valid_loss	54063.8574219
batch	12870	valid_loss	54208.3076172
batch	12900	valid_loss	53796.519043
batch	12930	valid_loss	53959.4951172
batch	12960	valid_loss	54124.6025391
batch	12990	valid_loss	53546.3525391
batch	13020	valid_loss	53547.3408203
batch	13050	valid_loss	53605.9638672
batch	13080	valid_loss	53310.1416016
batch	13110	valid_loss	58689.8847656
batch	13140	valid_loss	53220.7114258
batch	13170	valid_loss	53288.6264648
batch	13200	valid_loss	53296.2719727
batch	13230	valid_loss	53092.9287109
batch	13260	valid_loss	53246.3779297
batch	13290	valid_loss	52864.8481445
batch	13320	valid_loss	53124.3408203
batch	13350	valid_loss	52888.5942383
batch	13380	valid_loss	52620.628418
batch	13410	valid_loss	52558.2973633
batch	13440	valid_loss	52672.7006836
batch	13470	valid_loss	52905.0214844
batch	13500	valid_loss	52413.7226562
batch	13530	valid_loss	52937.3657227
batch	13560	valid_loss	52411.1425781
batch	13590	valid_loss	52209.9482422
batch	13620	valid_loss	52101.3388672
batch	13650	valid_loss	54030.0976562
batch	13680	valid_loss	52038.4956055
batch	13710	valid_loss	51899.4179688
batch	13740	valid_loss	51897.4296875
batch	13770	valid_loss	51863.918457
batch	13800	valid_loss	51793.9501953
batch	13830	valid_loss	54461.0864258
batch	13860	valid_loss	51585.9501953
batch	13890	valid_loss	51427.5498047
batch	13920	valid_loss	51492.4355469
batch	13950	valid_loss	51345.5576172
batch	13980	valid_loss	51263.0405273
batch	14010	valid_loss	51194.9663086
batch	14040	valid_loss	51814.6674805
batch	14070	valid_loss	51190.2753906
batch	14100	valid_loss	51014.1274414
batch	14130	valid_loss	50869.3046875
batch	14160	valid_loss	50966.3447266
batch	14190	valid_loss	50835.4057617
batch	14220	valid_loss	50789.6972656
batch	14250	valid_loss	51482.0532227
batch	14280	valid_loss	50805.7709961
batch	14310	valid_loss	50567.8461914
batch	14340	valid_loss	50660.1245117
batch	14370	valid_loss	50589.8754883
batch	14400	valid_loss	50369.5107422
batch	14430	valid_loss	50306.3867188
batch	14460	valid_loss	50416.2036133
batch	14490	valid_loss	50305.8222656
batch	14520	valid_loss	51806.2016602
batch	14550	valid_loss	50005.1396484
batch	14580	valid_loss	50056.1987305
batch	14610	valid_loss	49981.0556641
batch	14640	valid_loss	49935.6342773
batch	14670	valid_loss	49888.5532227
batch	14700	valid_loss	49808.9521484
batch	14730	valid_loss	50290.2963867
batch	14760	valid_loss	49732.7548828
batch	14790	valid_loss	49718.9482422
batch	14820	valid_loss	49479.9506836
batch	14850	valid_loss	49634.5004883
batch	14880	valid_loss	49542.3662109
batch	14910	valid_loss	49594.2646484
batch	14940	valid_loss	49575.8823242
batch	14970	valid_loss	49317.8251953
batch	15000	valid_loss	49228.7275391
batch	15030	valid_loss	49140.4770508
batch	15060	valid_loss	49871.0717773
batch	15090	valid_loss	49021.5576172
batch	15120	valid_loss	48933.8671875
batch	15150	valid_loss	48908.7075195
batch	15180	valid_loss	49032.3076172
batch	15210	valid_loss	49106.043457
batch	15240	valid_loss	48826.7744141
batch	15270	valid_loss	49491.7568359
batch	15300	valid_loss	48655.0546875
batch	15330	valid_loss	48591.3745117
batch	15360	valid_loss	48600.9609375
batch	15390	valid_loss	48607.1357422
batch	15420	valid_loss	48506.1118164
batch	15450	valid_loss	49375.3134766
batch	15480	valid_loss	48665.2724609
batch	15510	valid_loss	48379.7348633
batch	15540	valid_loss	48312.3676758
batch	15570	valid_loss	48702.1464844
batch	15600	valid_loss	48198.1298828
batch	15630	valid_loss	48064.2768555
batch	15660	valid_loss	47996.1376953
batch	15690	valid_loss	47965.421875
batch	15720	valid_loss	47868.3408203
batch	15750	valid_loss	47846.9033203
batch	15780	valid_loss	47905.6855469
batch	15810	valid_loss	47615.7719727
batch	15840	valid_loss	47972.1733398
batch	15870	valid_loss	47683.5629883
batch	15900	valid_loss	47483.784668
batch	15930	valid_loss	47614.0175781
batch	15960	valid_loss	47427.0849609
batch	15990	valid_loss	47622.8022461
batch	16020	valid_loss	47315.3481445
batch	16050	valid_loss	47676.765625
batch	16080	valid_loss	47400.6772461
batch	16110	valid_loss	48101.3920898
batch	16140	valid_loss	47087.1962891
batch	16170	valid_loss	47147.3447266
batch	16200	valid_loss	46921.9086914
batch	16230	valid_loss	47072.1374512
batch	16260	valid_loss	46946.3825684
batch	16290	valid_loss	47957.3916016
batch	16320	valid_loss	46811.9128418
batch	16350	valid_loss	47222.9943848
batch	16380	valid_loss	46682.345459
batch	16410	valid_loss	48524.9379883
batch	16440	valid_loss	46569.2546387
batch	16470	valid_loss	46500.1665039
batch	16500	valid_loss	46447.923584
batch	16530	valid_loss	46442.2592773
batch	16560	valid_loss	46297.845459
batch	16590	valid_loss	46362.111084
batch	16620	valid_loss	46238.7670898
batch	16650	valid_loss	46678.4609375
batch	16680	valid_loss	46300.2875977
batch	16710	valid_loss	46087.3876953
batch	16740	valid_loss	46061.3596191
batch	16770	valid_loss	46049.4287109
batch	16800	valid_loss	46174.7290039
batch	16830	valid_loss	45781.3137207
batch	16860	valid_loss	45777.4887695
batch	16890	valid_loss	45754.5163574
batch	16920	valid_loss	45751.0239258
batch	16950	valid_loss	45942.0874023
batch	16980	valid_loss	46339.9821777
batch	17010	valid_loss	46005.2124023
batch	17040	valid_loss	45647.1066895
batch	17070	valid_loss	45734.7241211
batch	17100	valid_loss	45295.4506836
batch	17130	valid_loss	45237.9404297
batch	17160	valid_loss	45398.359375
batch	17190	valid_loss	45194.923584
batch	17220	valid_loss	45099.2578125
batch	17250	valid_loss	45007.7478027
batch	17280	valid_loss	44985.4362793
batch	17310	valid_loss	45095.8920898
batch	17340	valid_loss	44875.0739746
batch	17370	valid_loss	45145.7536621
batch	17400	valid_loss	44768.2390137
batch	17430	valid_loss	44746.6391602
batch	17460	valid_loss	44551.7763672
batch	17490	valid_loss	44754.2749023
batch	17520	valid_loss	44786.2397461
batch	17550	valid_loss	44471.5688477
batch	17580	valid_loss	44630.7253418
batch	17610	valid_loss	44455.1271973
batch	17640	valid_loss	44582.9125977
batch	17670	valid_loss	44183.3879395
batch	17700	valid_loss	44156.2973633
batch	17730	valid_loss	45191.572998
batch	17760	valid_loss	43989.6176758
batch	17790	valid_loss	44003.65625
batch	17820	valid_loss	43959.0322266
batch	17850	valid_loss	43864.1057129
batch	17880	valid_loss	43883.2912598
batch	17910	valid_loss	43905.6057129
batch	17940	valid_loss	43816.0031738
batch	17970	valid_loss	43706.0349121
batch	18000	valid_loss	43541.5791016
batch	18030	valid_loss	45695.6496582
batch	18060	valid_loss	43478.5654297
batch	18090	valid_loss	43363.9729004
batch	18120	valid_loss	43516.1000977
batch	18150	valid_loss	43297.642334
batch	18180	valid_loss	43183.5351562
batch	18210	valid_loss	43419.5678711
batch	18240	valid_loss	43138.4606934
batch	18270	valid_loss	43148.7697754
batch	18300	valid_loss	43198.4328613
batch	18330	valid_loss	43377.4990234
batch	18360	valid_loss	42944.029541
batch	18390	valid_loss	42900.7189941
batch	18420	valid_loss	43230.2512207
batch	18450	valid_loss	42810.0168457
batch	18480	valid_loss	42846.5053711
batch	18510	valid_loss	43055.902832
batch	18540	valid_loss	42636.9030762
batch	18570	valid_loss	42631.333252
batch	18600	valid_loss	42677.262207
batch	18630	valid_loss	42449.0068359
batch	18660	valid_loss	43495.6687012
batch	18690	valid_loss	42300.7490234
batch	18720	valid_loss	42247.2028809
batch	18750	valid_loss	42334.4025879
batch	18780	valid_loss	42133.6296387
batch	18810	valid_loss	42021.1472168
batch	18840	valid_loss	41936.8808594
batch	18870	valid_loss	42158.2783203
batch	18900	valid_loss	44001.5471191
batch	18930	valid_loss	41838.5212402
batch	18960	valid_loss	41990.7575684
batch	18990	valid_loss	41775.6894531
batch	19020	valid_loss	41655.8771973
batch	19050	valid_loss	41594.2294922
batch	19080	valid_loss	41543.0444336
batch	19110	valid_loss	42025.9606934
batch	19140	valid_loss	41557.1496582
batch	19170	valid_loss	41456.5019531
batch	19200	valid_loss	41456.3662109
batch	19230	valid_loss	41612.0341797
batch	19260	valid_loss	41395.7663574
batch	19290	valid_loss	41216.6003418
batch	19320	valid_loss	41819.0146484
batch	19350	valid_loss	41037.123291
batch	19380	valid_loss	41049.1660156
batch	19410	valid_loss	40884.7143555
batch	19440	valid_loss	40848.1237793
batch	19470	valid_loss	41963.9880371
batch	19500	valid_loss	40840.8505859
batch	19530	valid_loss	40737.9394531
batch	19560	valid_loss	40703.3879395
batch	19590	valid_loss	40609.4033203
batch	19620	valid_loss	41709.0773926
batch	19650	valid_loss	40542.3757324
batch	19680	valid_loss	40546.1445312
batch	19710	valid_loss	40389.0136719
batch	19740	valid_loss	40295.9333496
batch	19770	valid_loss	40209.050293
batch	19800	valid_loss	40411.9428711
batch	19830	valid_loss	40166.6411133
batch	19860	valid_loss	40077.1533203
batch	19890	valid_loss	40345.5393066
batch	19920	valid_loss	40196.677002
batch	19950	valid_loss	39898.8642578
batch	19980	valid_loss	43409.4665527
batch	20010	valid_loss	40041.0412598
batch	20040	valid_loss	39952.2255859
batch	20070	valid_loss	39647.8874512
batch	20100	valid_loss	39609.2250977
batch	20130	valid_loss	39628.4726562
batch	20160	valid_loss	39462.8117676
batch	20190	valid_loss	39504.3203125
batch	20220	valid_loss	39444.923584
batch	20250	valid_loss	39680.2390137
batch	20280	valid_loss	39330.552002
batch	20310	valid_loss	39285.6777344
batch	20340	valid_loss	39237.5783691
batch	20370	valid_loss	39343.9733887
batch	20400	valid_loss	38944.7614746
batch	20430	valid_loss	39065.1552734
batch	20460	valid_loss	39004.3518066
batch	20490	valid_loss	38859.1052246
batch	20520	valid_loss	39098.8532715
batch	20550	valid_loss	38744.7727051
batch	20580	valid_loss	38998.4243164
batch	20610	valid_loss	38693.9443359
batch	20640	valid_loss	38554.2514648
batch	20670	valid_loss	38581.1140137
batch	20700	valid_loss	38498.0534668
batch	20730	valid_loss	38487.6877441
batch	20760	valid_loss	38829.2832031
batch	20790	valid_loss	38368.4089355
batch	20820	valid_loss	38269.2807617
batch	20850	valid_loss	38350.722168
batch	20880	valid_loss	38190.8190918
batch	20910	valid_loss	38166.4692383
batch	20940	valid_loss	38058.4719238
batch	20970	valid_loss	38034.1105957
batch	21000	valid_loss	38041.6828613
batch	21030	valid_loss	37891.5856934
batch	21060	valid_loss	37995.6650391
batch	21090	valid_loss	37953.4025879
batch	21120	valid_loss	37735.723877
batch	21150	valid_loss	37732.7124023
batch	21180	valid_loss	37662.2692871
batch	21210	valid_loss	37817.4892578
batch	21240	valid_loss	37582.8649902
batch	21270	valid_loss	37664.75
batch	21300	valid_loss	37452.378418
batch	21330	valid_loss	37627.2453613
batch	21360	valid_loss	37615.4313965
batch	21390	valid_loss	37345.8374023
batch	21420	valid_loss	37247.9140625
batch	21450	valid_loss	37852.6984863
batch	21480	valid_loss	37414.1318359
batch	21510	valid_loss	37098.519043
batch	21540	valid_loss	37099.2849121
batch	21570	valid_loss	36993.6047363
batch	21600	valid_loss	39173.4304199
batch	21630	valid_loss	36985.8688965
batch	21660	valid_loss	36841.5532227
batch	21690	valid_loss	36808.7194824
batch	21720	valid_loss	36776.6665039
batch	21750	valid_loss	36756.2956543
batch	21780	valid_loss	37108.6896973
batch	21810	valid_loss	36677.5229492
batch	21840	valid_loss	36606.1520996
batch	21870	valid_loss	36522.4294434
batch	21900	valid_loss	36581.6784668
batch	21930	valid_loss	36542.7683105
batch	21960	valid_loss	36310.2973633
batch	21990	valid_loss	36357.9890137
batch	22020	valid_loss	36373.1481934
batch	22050	valid_loss	36242.435791
batch	22080	valid_loss	36857.1179199
batch	22110	valid_loss	36115.810791
batch	22140	valid_loss	36096.4577637
batch	22170	valid_loss	36015.9057617
batch	22200	valid_loss	35887.4064941
batch	22230	valid_loss	35979.2866211
batch	22260	valid_loss	36284.7531738
batch	22290	valid_loss	35791.9929199
batch	22320	valid_loss	35914.5981445
batch	22350	valid_loss	35737.9108887
batch	22380	valid_loss	36051.939209
batch	22410	valid_loss	35693.8359375
batch	22440	valid_loss	35570.923584
batch	22470	valid_loss	35674.3837891
batch	22500	valid_loss	35530.4194336
batch	22530	valid_loss	35470.7041016
batch	22560	valid_loss	35565.4165039
batch	22590	valid_loss	35332.6867676
batch	22620	valid_loss	35310.6564941
batch	22650	valid_loss	35242.3056641
batch	22680	valid_loss	35171.7426758
batch	22710	valid_loss	35659.3913574
batch	22740	valid_loss	35153.8825684
batch	22770	valid_loss	35091.6486816
batch	22800	valid_loss	35046.1594238
batch	22830	valid_loss	34972.6831055
batch	22860	valid_loss	34971.5712891
batch	22890	valid_loss	34873.3417969
batch	22920	valid_loss	34849.9230957
batch	22950	valid_loss	34811.574707
batch	22980	valid_loss	34751.454834
batch	23010	valid_loss	34680.9135742
batch	23040	valid_loss	34778.4990234
batch	23070	valid_loss	34652.9907227
batch	23100	valid_loss	34556.0778809
batch	23130	valid_loss	34507.3796387
batch	23160	valid_loss	34397.3305664
batch	23190	valid_loss	34538.2250977
batch	23220	valid_loss	34306.1875
batch	23250	valid_loss	34294.715332
batch	23280	valid_loss	34265.2878418
batch	23310	valid_loss	34389.7714844
batch	23340	valid_loss	34214.060791
batch	23370	valid_loss	34268.404541
batch	23400	valid_loss	34735.8493652
batch	23430	valid_loss	34052.8813477
batch	23460	valid_loss	34001.6896973
batch	23490	valid_loss	34674.128418
batch	23520	valid_loss	33771.2453613
batch	23550	valid_loss	33882.6103516
batch	23580	valid_loss	33785.0407715
batch	23610	valid_loss	33879.6281738
batch	23640	valid_loss	33718.8457031
batch	23670	valid_loss	33723.1098633
batch	23700	valid_loss	33600.2409668
batch	23730	valid_loss	33537.0817871
batch	23760	valid_loss	33373.4050293
batch	23790	valid_loss	33434.3352051
batch	23820	valid_loss	33339.3608398
batch	23850	valid_loss	33264.4538574
batch	23880	valid_loss	33283.0202637
batch	23910	valid_loss	33301.3261719
batch	23940	valid_loss	33118.9077148
batch	23970	valid_loss	33243.5458984
batch	24000	valid_loss	33071.9128418
batch	24030	valid_loss	33403.1508789
batch	24060	valid_loss	32911.2753906
batch	24090	valid_loss	32822.4907227
batch	24120	valid_loss	32886.4387207
batch	24150	valid_loss	32757.720459
batch	24180	valid_loss	33217.6818848
batch	24210	valid_loss	32655.5737305
batch	24240	valid_loss	32580.7922363
batch	24270	valid_loss	32829.1181641
batch	24300	valid_loss	32499.8725586
batch	24330	valid_loss	32452.3374023
batch	24360	valid_loss	32582.0239258
batch	24390	valid_loss	32630.6374512
batch	24420	valid_loss	32459.2744141
batch	24450	valid_loss	33455.2722168
batch	24480	valid_loss	32168.6882324
batch	24510	valid_loss	32218.8503418
batch	24540	valid_loss	32059.0456543
batch	24570	valid_loss	32065.9260254
batch	24600	valid_loss	32101.109375
batch	24630	valid_loss	31941.3015137
batch	24660	valid_loss	31867.0842285
batch	24690	valid_loss	31963.3381348
batch	24720	valid_loss	31982.4533691
batch	24750	valid_loss	31781.3500977
batch	24780	valid_loss	31660.1677246
batch	24810	valid_loss	31633.7998047
batch	24840	valid_loss	31558.9660645
batch	24870	valid_loss	31838.2758789
batch	24900	valid_loss	31426.7080078
batch	24930	valid_loss	32596.8103027
batch	24960	valid_loss	31363.5388184
batch	24990	valid_loss	31444.3737793
STOP
START
config	840	540	100	540	840	960
batch	0	valid_loss	5546930.0
batch	30	valid_loss	168037.731445
batch	60	valid_loss	122513.583984
batch	90	valid_loss	120527.427734
batch	120	valid_loss	120424.655273
batch	150	valid_loss	120451.821289
batch	180	valid_loss	120480.388672
batch	210	valid_loss	120533.522461
batch	240	valid_loss	120573.899414
batch	270	valid_loss	120532.442383
batch	300	valid_loss	120542.986328
batch	330	valid_loss	120498.233398
batch	360	valid_loss	120564.916992
batch	390	valid_loss	120596.393555
batch	420	valid_loss	120516.777344
batch	450	valid_loss	120579.177734
batch	480	valid_loss	120425.487305
batch	510	valid_loss	119911.480469
batch	540	valid_loss	118775.547852
batch	570	valid_loss	116225.587891
batch	600	valid_loss	112846.985352
batch	630	valid_loss	110987.958984
batch	660	valid_loss	110324.764648
batch	690	valid_loss	109941.742188
batch	720	valid_loss	109740.038086
batch	750	valid_loss	109436.808594
batch	780	valid_loss	109051.620117
batch	810	valid_loss	108596.522461
batch	840	valid_loss	108085.919922
batch	870	valid_loss	107567.854492
batch	900	valid_loss	107228.864258
batch	930	valid_loss	106978.569336
batch	960	valid_loss	106794.611328
batch	990	valid_loss	106593.819336
batch	1020	valid_loss	106411.418945
batch	1050	valid_loss	106290.501953
batch	1080	valid_loss	106014.386719
batch	1110	valid_loss	105882.849609
batch	1140	valid_loss	105563.384766
batch	1170	valid_loss	105433.814453
batch	1200	valid_loss	105252.454102
batch	1230	valid_loss	105076.853516
batch	1260	valid_loss	104926.05957
batch	1290	valid_loss	104793.424805
batch	1320	valid_loss	104485.404297
batch	1350	valid_loss	104208.003906
batch	1380	valid_loss	103943.331055
batch	1410	valid_loss	103540.040039
batch	1440	valid_loss	103182.507812
batch	1470	valid_loss	102866.075195
batch	1500	valid_loss	102694.024414
batch	1530	valid_loss	102469.746094
batch	1560	valid_loss	102290.387695
batch	1590	valid_loss	102021.163086
batch	1620	valid_loss	101644.168945
batch	1650	valid_loss	101284.220703
batch	1680	valid_loss	100898.90918
batch	1710	valid_loss	100441.844727
batch	1740	valid_loss	99933.5683594
batch	1770	valid_loss	99460.0722656
batch	1800	valid_loss	99008.4951172
batch	1830	valid_loss	98743.6835938
batch	1860	valid_loss	98007.4472656
batch	1890	valid_loss	97582.9970703
batch	1920	valid_loss	97086.1699219
batch	1950	valid_loss	96610.2119141
batch	1980	valid_loss	96133.5488281
batch	2010	valid_loss	95712.8613281
batch	2040	valid_loss	95482.2939453
batch	2070	valid_loss	95006.3486328
batch	2100	valid_loss	94635.9238281
batch	2130	valid_loss	94808.5625
batch	2160	valid_loss	93806.9384766
batch	2190	valid_loss	93462.4091797
batch	2220	valid_loss	93302.934082
batch	2250	valid_loss	92914.4003906
batch	2280	valid_loss	93677.0117188
batch	2310	valid_loss	91981.6821289
batch	2340	valid_loss	91667.0805664
batch	2370	valid_loss	91309.1894531
batch	2400	valid_loss	91119.1420898
batch	2430	valid_loss	90809.894043
batch	2460	valid_loss	90288.6782227
batch	2490	valid_loss	90153.6889648
batch	2520	valid_loss	89719.0625
batch	2550	valid_loss	89997.5615234
batch	2580	valid_loss	89003.1352539
batch	2610	valid_loss	88525.4282227
batch	2640	valid_loss	90076.7451172
batch	2670	valid_loss	87890.7695312
batch	2700	valid_loss	87572.5175781
batch	2730	valid_loss	90360.4335938
batch	2760	valid_loss	87195.8857422
batch	2790	valid_loss	86890.2670898
batch	2820	valid_loss	86743.4404297
batch	2850	valid_loss	88311.0751953
batch	2880	valid_loss	86142.09375
batch	2910	valid_loss	85954.8349609
batch	2940	valid_loss	85723.6479492
batch	2970	valid_loss	88670.3540039
batch	3000	valid_loss	85223.0576172
batch	3030	valid_loss	84979.1606445
batch	3060	valid_loss	84950.7138672
batch	3090	valid_loss	86619.8847656
batch	3120	valid_loss	84543.7358398
batch	3150	valid_loss	84368.6660156
batch	3180	valid_loss	84041.9897461
batch	3210	valid_loss	83913.0302734
batch	3240	valid_loss	83829.8632812
batch	3270	valid_loss	83629.078125
batch	3300	valid_loss	83443.3095703
batch	3330	valid_loss	83102.8666992
batch	3360	valid_loss	83964.1176758
batch	3390	valid_loss	82956.3828125
batch	3420	valid_loss	82706.4414062
batch	3450	valid_loss	82568.3271484
batch	3480	valid_loss	82310.8662109
batch	3510	valid_loss	82165.171875
batch	3540	valid_loss	82160.5219727
batch	3570	valid_loss	81983.5014648
batch	3600	valid_loss	81831.6069336
batch	3630	valid_loss	81391.5913086
batch	3660	valid_loss	81278.0668945
batch	3690	valid_loss	81406.4838867
batch	3720	valid_loss	80834.1113281
batch	3750	valid_loss	82468.5913086
batch	3780	valid_loss	80495.925293
batch	3810	valid_loss	80309.6030273
batch	3840	valid_loss	80512.9882812
batch	3870	valid_loss	79841.0229492
batch	3900	valid_loss	80938.1318359
batch	3930	valid_loss	79601.4130859
batch	3960	valid_loss	79838.2299805
batch	3990	valid_loss	79420.3388672
batch	4020	valid_loss	79095.8955078
batch	4050	valid_loss	81906.78125
batch	4080	valid_loss	78827.378418
batch	4110	valid_loss	78675.0039062
batch	4140	valid_loss	78505.6669922
batch	4170	valid_loss	78261.4755859
batch	4200	valid_loss	78050.8930664
batch	4230	valid_loss	78140.65625
batch	4260	valid_loss	77753.7490234
batch	4290	valid_loss	77988.4584961
batch	4320	valid_loss	77668.3398438
batch	4350	valid_loss	77477.9418945
batch	4380	valid_loss	77949.2695312
batch	4410	valid_loss	77161.6162109
batch	4440	valid_loss	76927.6713867
batch	4470	valid_loss	76811.902832
batch	4500	valid_loss	76902.496582
batch	4530	valid_loss	76963.8984375
batch	4560	valid_loss	76412.046875
batch	4590	valid_loss	76316.1113281
batch	4620	valid_loss	76766.6943359
batch	4650	valid_loss	76081.7788086
batch	4680	valid_loss	76235.6201172
batch	4710	valid_loss	75922.6245117
batch	4740	valid_loss	75828.5610352
batch	4770	valid_loss	76735.7246094
batch	4800	valid_loss	75478.3032227
batch	4830	valid_loss	75513.7294922
batch	4860	valid_loss	75218.1289062
batch	4890	valid_loss	75068.7939453
batch	4920	valid_loss	74915.7734375
batch	4950	valid_loss	74852.6621094
batch	4980	valid_loss	74696.90625
batch	5010	valid_loss	74588.0517578
batch	5040	valid_loss	75690.734375
batch	5070	valid_loss	74272.7836914
batch	5100	valid_loss	74205.309082
batch	5130	valid_loss	73954.8876953
batch	5160	valid_loss	75182.4702148
batch	5190	valid_loss	74008.5551758
batch	5220	valid_loss	73788.3222656
batch	5250	valid_loss	73738.6147461
batch	5280	valid_loss	73600.0820312
batch	5310	valid_loss	73412.3496094
batch	5340	valid_loss	73682.402832
batch	5370	valid_loss	73691.4711914
batch	5400	valid_loss	73692.9570312
batch	5430	valid_loss	73595.0634766
batch	5460	valid_loss	72851.8857422
batch	5490	valid_loss	73588.5371094
batch	5520	valid_loss	72663.9179688
batch	5550	valid_loss	72613.4106445
batch	5580	valid_loss	72687.5874023
batch	5610	valid_loss	72355.5708008
batch	5640	valid_loss	72250.4174805
batch	5670	valid_loss	72628.7128906
batch	5700	valid_loss	72274.2329102
batch	5730	valid_loss	71896.7890625
batch	5760	valid_loss	71521.0585938
batch	5790	valid_loss	71737.4082031
batch	5820	valid_loss	72049.5263672
batch	5850	valid_loss	71891.5976562
batch	5880	valid_loss	71189.5205078
batch	5910	valid_loss	71133.2363281
batch	5940	valid_loss	71694.2939453
batch	5970	valid_loss	70822.0019531
batch	6000	valid_loss	70607.9663086
batch	6030	valid_loss	70494.9555664
batch	6060	valid_loss	73273.7363281
batch	6090	valid_loss	70496.0981445
batch	6120	valid_loss	70209.2304688
batch	6150	valid_loss	71185.6591797
batch	6180	valid_loss	70209.4238281
batch	6210	valid_loss	70072.6362305
batch	6240	valid_loss	69913.8334961
batch	6270	valid_loss	69871.8730469
batch	6300	valid_loss	69976.5595703
batch	6330	valid_loss	69682.3686523
batch	6360	valid_loss	69536.46875
batch	6390	valid_loss	69542.8515625
batch	6420	valid_loss	69416.6308594
batch	6450	valid_loss	69193.0976562
batch	6480	valid_loss	69290.5322266
batch	6510	valid_loss	69031.3300781
batch	6540	valid_loss	69368.8071289
batch	6570	valid_loss	68873.3564453
batch	6600	valid_loss	69286.6352539
batch	6630	valid_loss	69228.9208984
batch	6660	valid_loss	69081.6386719
batch	6690	valid_loss	68460.8203125
batch	6720	valid_loss	68477.8291016
batch	6750	valid_loss	68299.0424805
batch	6780	valid_loss	68791.4819336
batch	6810	valid_loss	68417.3173828
batch	6840	valid_loss	68631.2612305
batch	6870	valid_loss	68702.4331055
batch	6900	valid_loss	68009.9902344
batch	6930	valid_loss	68105.7719727
batch	6960	valid_loss	70496.9375
batch	6990	valid_loss	67781.8652344
batch	7020	valid_loss	67720.1264648
batch	7050	valid_loss	67846.3466797
batch	7080	valid_loss	68771.1679688
batch	7110	valid_loss	67697.8798828
batch	7140	valid_loss	67468.887207
batch	7170	valid_loss	67391.9414062
batch	7200	valid_loss	67361.7841797
batch	7230	valid_loss	67361.5268555
batch	7260	valid_loss	68627.8305664
batch	7290	valid_loss	67614.4472656
batch	7320	valid_loss	67052.796875
batch	7350	valid_loss	67061.043457
batch	7380	valid_loss	67255.9287109
batch	7410	valid_loss	66804.7739258
batch	7440	valid_loss	69659.8398438
batch	7470	valid_loss	66748.0717773
batch	7500	valid_loss	66675.0019531
batch	7530	valid_loss	66616.0336914
batch	7560	valid_loss	66512.8935547
batch	7590	valid_loss	67189.7578125
batch	7620	valid_loss	67881.6645508
batch	7650	valid_loss	66263.5737305
batch	7680	valid_loss	70552.4990234
batch	7710	valid_loss	66145.2939453
batch	7740	valid_loss	66189.9726562
batch	7770	valid_loss	66193.6674805
batch	7800	valid_loss	67225.8530273
batch	7830	valid_loss	65925.340332
batch	7860	valid_loss	65758.1870117
batch	7890	valid_loss	68386.0576172
batch	7920	valid_loss	65548.1489258
batch	7950	valid_loss	65615.0761719
batch	7980	valid_loss	65471.4238281
batch	8010	valid_loss	66326.5297852
batch	8040	valid_loss	65316.3427734
batch	8070	valid_loss	65279.8037109
batch	8100	valid_loss	65208.9975586
batch	8130	valid_loss	65396.0947266
batch	8160	valid_loss	64970.9199219
batch	8190	valid_loss	65061.5087891
batch	8220	valid_loss	64847.7583008
batch	8250	valid_loss	65033.0664062
batch	8280	valid_loss	64784.7368164
batch	8310	valid_loss	65387.5366211
batch	8340	valid_loss	64774.0976562
batch	8370	valid_loss	64638.0512695
batch	8400	valid_loss	64654.0039062
batch	8430	valid_loss	64565.1201172
batch	8460	valid_loss	64457.5654297
batch	8490	valid_loss	64322.519043
batch	8520	valid_loss	64230.2617188
batch	8550	valid_loss	65437.0419922
batch	8580	valid_loss	64127.2490234
batch	8610	valid_loss	64180.2509766
batch	8640	valid_loss	65606.5195312
batch	8670	valid_loss	64112.3925781
batch	8700	valid_loss	63984.6274414
batch	8730	valid_loss	63730.1147461
batch	8760	valid_loss	63717.2084961
batch	8790	valid_loss	64680.5146484
batch	8820	valid_loss	63682.296875
batch	8850	valid_loss	63535.1977539
batch	8880	valid_loss	63687.949707
batch	8910	valid_loss	63819.6601562
batch	8940	valid_loss	64309.7324219
batch	8970	valid_loss	63482.4980469
batch	9000	valid_loss	63165.0327148
batch	9030	valid_loss	63267.7456055
batch	9060	valid_loss	63146.9692383
batch	9090	valid_loss	63019.3881836
batch	9120	valid_loss	63080.2480469
batch	9150	valid_loss	62965.6557617
batch	9180	valid_loss	65450.5371094
batch	9210	valid_loss	62781.7651367
batch	9240	valid_loss	62916.2670898
batch	9270	valid_loss	62883.0195312
batch	9300	valid_loss	62946.5795898
batch	9330	valid_loss	62836.8291016
batch	9360	valid_loss	62778.4960938
batch	9390	valid_loss	63641.706543
batch	9420	valid_loss	62618.2016602
batch	9450	valid_loss	62454.6166992
batch	9480	valid_loss	63374.8339844
batch	9510	valid_loss	62254.3813477
batch	9540	valid_loss	62232.3696289
batch	9570	valid_loss	62277.7382812
batch	9600	valid_loss	62125.6166992
batch	9630	valid_loss	62082.9169922
batch	9660	valid_loss	62058.7802734
batch	9690	valid_loss	61930.9838867
batch	9720	valid_loss	62005.4506836
batch	9750	valid_loss	61727.1103516
batch	9780	valid_loss	62594.0537109
batch	9810	valid_loss	61611.7138672
batch	9840	valid_loss	61562.6005859
batch	9870	valid_loss	61951.5136719
batch	9900	valid_loss	61435.7788086
batch	9930	valid_loss	62122.5776367
batch	9960	valid_loss	62288.1313477
batch	9990	valid_loss	61331.4023438
batch	10020	valid_loss	61755.7666016
batch	10050	valid_loss	61158.4345703
batch	10080	valid_loss	61771.7709961
batch	10110	valid_loss	61146.1621094
batch	10140	valid_loss	60830.7680664
batch	10170	valid_loss	61157.9731445
batch	10200	valid_loss	60728.9658203
batch	10230	valid_loss	60646.8984375
batch	10260	valid_loss	60588.2861328
batch	10290	valid_loss	61022.3955078
batch	10320	valid_loss	60422.6870117
batch	10350	valid_loss	60507.7768555
batch	10380	valid_loss	60463.25
batch	10410	valid_loss	60709.3476562
batch	10440	valid_loss	60107.3754883
batch	10470	valid_loss	60116.4814453
batch	10500	valid_loss	60635.1274414
batch	10530	valid_loss	59947.3930664
batch	10560	valid_loss	59851.0039062
batch	10590	valid_loss	61646.0986328
batch	10620	valid_loss	59915.0551758
batch	10650	valid_loss	59714.3681641
batch	10680	valid_loss	59666.0454102
batch	10710	valid_loss	59612.284668
batch	10740	valid_loss	59666.0039062
batch	10770	valid_loss	59583.1523438
batch	10800	valid_loss	59880.4365234
batch	10830	valid_loss	59296.3237305
batch	10860	valid_loss	59251.3081055
batch	10890	valid_loss	59197.3613281
batch	10920	valid_loss	59463.4223633
batch	10950	valid_loss	58993.5458984
batch	10980	valid_loss	59023.625
batch	11010	valid_loss	59006.7861328
batch	11040	valid_loss	58781.3896484
batch	11070	valid_loss	58884.46875
batch	11100	valid_loss	58859.9765625
batch	11130	valid_loss	58986.21875
batch	11160	valid_loss	58784.2758789
batch	11190	valid_loss	58531.378418
batch	11220	valid_loss	58331.1342773
batch	11250	valid_loss	58282.3637695
batch	11280	valid_loss	59096.0688477
batch	11310	valid_loss	58516.0048828
batch	11340	valid_loss	58407.2543945
batch	11370	valid_loss	58338.7573242
batch	11400	valid_loss	58477.8466797
batch	11430	valid_loss	58023.6586914
batch	11460	valid_loss	58169.4614258
batch	11490	valid_loss	57780.6538086
batch	11520	valid_loss	57911.171875
batch	11550	valid_loss	58246.956543
batch	11580	valid_loss	58425.5322266
batch	11610	valid_loss	57748.2861328
batch	11640	valid_loss	57407.6025391
batch	11670	valid_loss	57427.6303711
batch	11700	valid_loss	57233.8071289
batch	11730	valid_loss	57336.8999023
batch	11760	valid_loss	57133.6621094
batch	11790	valid_loss	57059.8188477
batch	11820	valid_loss	56965.3398438
batch	11850	valid_loss	56988.8813477
batch	11880	valid_loss	56750.2436523
batch	11910	valid_loss	57151.1347656
batch	11940	valid_loss	56710.0913086
batch	11970	valid_loss	56624.3852539
batch	12000	valid_loss	56489.1464844
batch	12030	valid_loss	58020.1020508
batch	12060	valid_loss	56964.1083984
batch	12090	valid_loss	56318.5512695
batch	12120	valid_loss	56261.8256836
batch	12150	valid_loss	56198.8076172
batch	12180	valid_loss	56104.9897461
batch	12210	valid_loss	56100.1328125
batch	12240	valid_loss	56068.078125
batch	12270	valid_loss	56003.9555664
batch	12300	valid_loss	56105.4223633
batch	12330	valid_loss	56118.7822266
batch	12360	valid_loss	55825.9804688
batch	12390	valid_loss	55730.1342773
batch	12420	valid_loss	55598.0893555
batch	12450	valid_loss	55673.1152344
batch	12480	valid_loss	55488.1821289
batch	12510	valid_loss	55434.5302734
batch	12540	valid_loss	57255.53125
batch	12570	valid_loss	55189.1992188
batch	12600	valid_loss	55220.840332
batch	12630	valid_loss	55644.0146484
batch	12660	valid_loss	55860.3623047
batch	12690	valid_loss	55239.9414062
batch	12720	valid_loss	54952.9125977
batch	12750	valid_loss	55085.6142578
batch	12780	valid_loss	54794.8579102
batch	12810	valid_loss	54637.2680664
batch	12840	valid_loss	54810.4321289
batch	12870	valid_loss	54679.0361328
batch	12900	valid_loss	54507.203125
batch	12930	valid_loss	54548.7705078
batch	12960	valid_loss	55342.7006836
batch	12990	valid_loss	54221.7666016
batch	13020	valid_loss	54398.8134766
batch	13050	valid_loss	54247.0107422
batch	13080	valid_loss	54030.9267578
batch	13110	valid_loss	53967.6035156
batch	13140	valid_loss	54098.8300781
batch	13170	valid_loss	54025.8222656
batch	13200	valid_loss	53890.230957
batch	13230	valid_loss	53929.0092773
batch	13260	valid_loss	53942.5800781
batch	13290	valid_loss	54200.2539062
batch	13320	valid_loss	53477.847168
batch	13350	valid_loss	53482.9243164
batch	13380	valid_loss	53394.6191406
batch	13410	valid_loss	53344.1015625
batch	13440	valid_loss	53240.7006836
batch	13470	valid_loss	53705.0234375
batch	13500	valid_loss	53174.5405273
batch	13530	valid_loss	53058.175293
batch	13560	valid_loss	53050.3041992
batch	13590	valid_loss	52957.7070312
batch	13620	valid_loss	52844.1938477
batch	13650	valid_loss	53327.1376953
batch	13680	valid_loss	52704.5454102
batch	13710	valid_loss	52547.0527344
batch	13740	valid_loss	53104.7202148
batch	13770	valid_loss	52665.6342773
batch	13800	valid_loss	55705.5332031
batch	13830	valid_loss	52434.434082
batch	13860	valid_loss	52457.5664062
batch	13890	valid_loss	52185.6264648
batch	13920	valid_loss	52112.3837891
batch	13950	valid_loss	52935.2509766
batch	13980	valid_loss	52165.1508789
batch	14010	valid_loss	51995.9594727
batch	14040	valid_loss	51891.9438477
batch	14070	valid_loss	51831.8413086
batch	14100	valid_loss	51801.4814453
batch	14130	valid_loss	51709.6455078
batch	14160	valid_loss	51689.8061523
batch	14190	valid_loss	51672.5800781
batch	14220	valid_loss	52864.0288086
batch	14250	valid_loss	51517.6503906
batch	14280	valid_loss	51410.7915039
batch	14310	valid_loss	51321.4086914
batch	14340	valid_loss	51232.4682617
batch	14370	valid_loss	51236.1977539
batch	14400	valid_loss	51160.6831055
batch	14430	valid_loss	53259.4926758
batch	14460	valid_loss	51109.637207
batch	14490	valid_loss	50964.7636719
batch	14520	valid_loss	53985.7988281
batch	14550	valid_loss	50850.7021484
batch	14580	valid_loss	50836.1708984
batch	14610	valid_loss	51444.4257812
batch	14640	valid_loss	50706.9150391
batch	14670	valid_loss	50683.1054688
batch	14700	valid_loss	50654.2753906
batch	14730	valid_loss	50539.6738281
batch	14760	valid_loss	50623.4604492
batch	14790	valid_loss	51193.503418
batch	14820	valid_loss	50331.1865234
batch	14850	valid_loss	52522.5776367
batch	14880	valid_loss	50461.6733398
batch	14910	valid_loss	50139.4208984
batch	14940	valid_loss	50065.5537109
batch	14970	valid_loss	49993.6938477
batch	15000	valid_loss	51211.8588867
batch	15030	valid_loss	49944.5009766
batch	15060	valid_loss	49870.1914062
batch	15090	valid_loss	49828.6542969
batch	15120	valid_loss	49708.4555664
batch	15150	valid_loss	49812.1313477
batch	15180	valid_loss	49854.6826172
batch	15210	valid_loss	49513.7114258
batch	15240	valid_loss	50172.0698242
batch	15270	valid_loss	49300.9233398
batch	15300	valid_loss	50268.8969727
batch	15330	valid_loss	49972.6308594
batch	15360	valid_loss	49264.3364258
batch	15390	valid_loss	49205.4624023
batch	15420	valid_loss	54317.0703125
batch	15450	valid_loss	49067.9335938
batch	15480	valid_loss	48945.0605469
batch	15510	valid_loss	48963.6811523
batch	15540	valid_loss	48839.5668945
batch	15570	valid_loss	49081.1542969
batch	15600	valid_loss	48698.9833984
batch	15630	valid_loss	49216.1899414
batch	15660	valid_loss	48601.9003906
batch	15690	valid_loss	48574.2910156
batch	15720	valid_loss	48516.3896484
batch	15750	valid_loss	48491.090332
batch	15780	valid_loss	48582.9667969
batch	15810	valid_loss	48424.690918
batch	15840	valid_loss	48220.1098633
batch	15870	valid_loss	48201.9746094
batch	15900	valid_loss	48311.2641602
batch	15930	valid_loss	48044.7080078
batch	15960	valid_loss	49029.109375
batch	15990	valid_loss	48009.6489258
batch	16020	valid_loss	47803.9379883
batch	16050	valid_loss	47803.5205078
batch	16080	valid_loss	47825.4355469
batch	16110	valid_loss	47722.9370117
batch	16140	valid_loss	48210.9077148
batch	16170	valid_loss	47492.3964844
batch	16200	valid_loss	47443.5634766
batch	16230	valid_loss	47557.7734375
batch	16260	valid_loss	47790.4814453
batch	16290	valid_loss	47209.4750977
batch	16320	valid_loss	47234.840332
batch	16350	valid_loss	47600.1142578
batch	16380	valid_loss	47080.5905762
batch	16410	valid_loss	47271.6601562
batch	16440	valid_loss	46944.4875488
batch	16470	valid_loss	46837.2602539
batch	16500	valid_loss	47259.4194336
batch	16530	valid_loss	47101.3674316
batch	16560	valid_loss	47231.2446289
batch	16590	valid_loss	46622.3886719
batch	16620	valid_loss	46634.9428711
batch	16650	valid_loss	46619.6367188
batch	16680	valid_loss	46465.7431641
batch	16710	valid_loss	46493.0229492
batch	16740	valid_loss	46331.6884766
batch	16770	valid_loss	46213.1850586
batch	16800	valid_loss	47540.3422852
batch	16830	valid_loss	46115.3815918
batch	16860	valid_loss	46757.8352051
batch	16890	valid_loss	46070.5837402
batch	16920	valid_loss	46050.9616699
batch	16950	valid_loss	45961.7770996
batch	16980	valid_loss	45938.8986816
batch	17010	valid_loss	45832.2468262
batch	17040	valid_loss	45715.6225586
batch	17070	valid_loss	45638.5375977
batch	17100	valid_loss	45603.2397461
batch	17130	valid_loss	46501.8994141
batch	17160	valid_loss	45550.9157715
batch	17190	valid_loss	46173.3435059
batch	17220	valid_loss	45328.2387695
batch	17250	valid_loss	45552.5947266
batch	17280	valid_loss	45408.5400391
batch	17310	valid_loss	45378.484375
batch	17340	valid_loss	45540.6557617
batch	17370	valid_loss	45599.8918457
batch	17400	valid_loss	45095.7167969
batch	17430	valid_loss	45133.5170898
batch	17460	valid_loss	44887.7116699
batch	17490	valid_loss	44904.6564941
batch	17520	valid_loss	44916.1186523
batch	17550	valid_loss	44734.0927734
batch	17580	valid_loss	44771.3696289
batch	17610	valid_loss	44711.355957
batch	17640	valid_loss	44604.0336914
batch	17670	valid_loss	44665.5837402
batch	17700	valid_loss	44998.9562988
batch	17730	valid_loss	44437.661377
batch	17760	valid_loss	44305.1303711
batch	17790	valid_loss	44484.953125
batch	17820	valid_loss	44263.8605957
batch	17850	valid_loss	44475.1838379
batch	17880	valid_loss	44183.5795898
batch	17910	valid_loss	44340.8833008
batch	17940	valid_loss	44293.4086914
batch	17970	valid_loss	43965.9602051
batch	18000	valid_loss	43959.579834
batch	18030	valid_loss	43941.670166
batch	18060	valid_loss	43775.2194824
batch	18090	valid_loss	43766.4538574
batch	18120	valid_loss	43951.5195312
batch	18150	valid_loss	43913.6044922
batch	18180	valid_loss	43573.3173828
batch	18210	valid_loss	43728.6484375
batch	18240	valid_loss	43490.5666504
batch	18270	valid_loss	43910.958252
batch	18300	valid_loss	43876.5844727
batch	18330	valid_loss	43559.3164062
batch	18360	valid_loss	43350.1984863
batch	18390	valid_loss	43576.4853516
batch	18420	valid_loss	43336.4550781
batch	18450	valid_loss	43130.7351074
batch	18480	valid_loss	43203.2866211
batch	18510	valid_loss	43173.0292969
batch	18540	valid_loss	42927.1115723
batch	18570	valid_loss	43991.3681641
batch	18600	valid_loss	42850.9221191
batch	18630	valid_loss	42697.4763184
batch	18660	valid_loss	42709.2114258
batch	18690	valid_loss	42932.0634766
batch	18720	valid_loss	42824.059082
batch	18750	valid_loss	42683.2121582
batch	18780	valid_loss	42555.083252
batch	18810	valid_loss	42556.8613281
batch	18840	valid_loss	42865.9145508
batch	18870	valid_loss	42414.5554199
batch	18900	valid_loss	42552.4240723
batch	18930	valid_loss	42589.2404785
batch	18960	valid_loss	42316.1462402
batch	18990	valid_loss	42205.2199707
batch	19020	valid_loss	42284.7434082
batch	19050	valid_loss	42303.3085938
batch	19080	valid_loss	41957.0539551
batch	19110	valid_loss	42878.5251465
batch	19140	valid_loss	41970.8884277
batch	19170	valid_loss	41805.3632812
batch	19200	valid_loss	42032.5646973
batch	19230	valid_loss	41817.2167969
batch	19260	valid_loss	41642.7036133
batch	19290	valid_loss	41897.5632324
batch	19320	valid_loss	41428.220459
batch	19350	valid_loss	41447.2734375
batch	19380	valid_loss	41559.0422363
batch	19410	valid_loss	41346.6962891
batch	19440	valid_loss	41495.3151855
batch	19470	valid_loss	41186.6132812
batch	19500	valid_loss	41171.2819824
batch	19530	valid_loss	41163.0314941
batch	19560	valid_loss	41074.4929199
batch	19590	valid_loss	41208.1962891
batch	19620	valid_loss	40993.2177734
batch	19650	valid_loss	41886.9389648
batch	19680	valid_loss	40986.7277832
batch	19710	valid_loss	41025.6333008
batch	19740	valid_loss	40699.7404785
batch	19770	valid_loss	40786.822998
batch	19800	valid_loss	40562.6679688
batch	19830	valid_loss	40755.4130859
batch	19860	valid_loss	40644.8063965
batch	19890	valid_loss	40478.2836914
batch	19920	valid_loss	40732.6291504
batch	19950	valid_loss	40290.3688965
batch	19980	valid_loss	40123.9023438
batch	20010	valid_loss	40235.7060547
batch	20040	valid_loss	40750.6462402
batch	20070	valid_loss	40284.2875977
batch	20100	valid_loss	40003.1213379
batch	20130	valid_loss	39882.395752
batch	20160	valid_loss	39842.4135742
batch	20190	valid_loss	40015.3344727
batch	20220	valid_loss	39940.5683594
batch	20250	valid_loss	39642.9890137
batch	20280	valid_loss	39729.0737305
batch	20310	valid_loss	39588.6435547
batch	20340	valid_loss	39400.2705078
batch	20370	valid_loss	39476.9291992
batch	20400	valid_loss	39741.2387695
batch	20430	valid_loss	39387.5720215
batch	20460	valid_loss	39233.5
batch	20490	valid_loss	39262.7683105
batch	20520	valid_loss	39785.8862305
batch	20550	valid_loss	39062.9318848
batch	20580	valid_loss	38929.0268555
batch	20610	valid_loss	38881.3413086
batch	20640	valid_loss	39055.3105469
batch	20670	valid_loss	38774.918457
batch	20700	valid_loss	39181.0605469
batch	20730	valid_loss	38767.6496582
batch	20760	valid_loss	38600.6367188
batch	20790	valid_loss	39291.9553223
batch	20820	valid_loss	38510.9926758
batch	20850	valid_loss	38392.6125488
batch	20880	valid_loss	38303.7478027
batch	20910	valid_loss	38333.8317871
batch	20940	valid_loss	38268.121582
batch	20970	valid_loss	38193.6970215
batch	21000	valid_loss	38184.1125488
batch	21030	valid_loss	38073.3864746
batch	21060	valid_loss	37987.6181641
batch	21090	valid_loss	37854.0258789
batch	21120	valid_loss	38330.7407227
batch	21150	valid_loss	37772.6103516
batch	21180	valid_loss	37703.6992188
batch	21210	valid_loss	37630.7890625
batch	21240	valid_loss	37584.0700684
batch	21270	valid_loss	37505.7004395
batch	21300	valid_loss	37739.9118652
batch	21330	valid_loss	37809.4169922
batch	21360	valid_loss	37300.277832
batch	21390	valid_loss	37271.1352539
batch	21420	valid_loss	37257.1623535
batch	21450	valid_loss	37214.5117188
batch	21480	valid_loss	37084.8144531
batch	21510	valid_loss	37303.9362793
batch	21540	valid_loss	36949.5407715
batch	21570	valid_loss	37455.9772949
batch	21600	valid_loss	36858.067627
batch	21630	valid_loss	36893.1777344
batch	21660	valid_loss	36774.9431152
batch	21690	valid_loss	36643.895752
batch	21720	valid_loss	37227.6174316
batch	21750	valid_loss	36630.8989258
batch	21780	valid_loss	36618.5837402
batch	21810	valid_loss	36475.244873
batch	21840	valid_loss	36362.8256836
batch	21870	valid_loss	36342.595459
batch	21900	valid_loss	36296.0026855
batch	21930	valid_loss	36296.7915039
batch	21960	valid_loss	36242.2158203
batch	21990	valid_loss	36420.010498
batch	22020	valid_loss	36114.0461426
batch	22050	valid_loss	35956.1853027
batch	22080	valid_loss	35914.1237793
batch	22110	valid_loss	36031.6791992
batch	22140	valid_loss	35846.9016113
batch	22170	valid_loss	36242.2832031
batch	22200	valid_loss	35956.5124512
batch	22230	valid_loss	35760.2263184
batch	22260	valid_loss	35577.1865234
batch	22290	valid_loss	35515.1413574
batch	22320	valid_loss	35962.5
batch	22350	valid_loss	35477.4453125
batch	22380	valid_loss	35408.967041
batch	22410	valid_loss	35376.9331055
batch	22440	valid_loss	35315.9587402
batch	22470	valid_loss	35607.2412109
batch	22500	valid_loss	35253.0280762
batch	22530	valid_loss	35123.763916
batch	22560	valid_loss	35076.3903809
batch	22590	valid_loss	35162.782959
batch	22620	valid_loss	34989.7409668
batch	22650	valid_loss	34918.7768555
batch	22680	valid_loss	35540.9523926
batch	22710	valid_loss	34852.1240234
batch	22740	valid_loss	34826.7150879
batch	22770	valid_loss	34737.1953125
batch	22800	valid_loss	34658.0185547
batch	22830	valid_loss	34970.7497559
batch	22860	valid_loss	34520.6442871
batch	22890	valid_loss	34830.9841309
batch	22920	valid_loss	34360.3120117
batch	22950	valid_loss	34428.2397461
batch	22980	valid_loss	34404.2575684
batch	23010	valid_loss	34382.8876953
batch	23040	valid_loss	34448.7460938
batch	23070	valid_loss	34151.329834
batch	23100	valid_loss	34118.529541
batch	23130	valid_loss	34125.0319824
batch	23160	valid_loss	34160.2609863
batch	23190	valid_loss	33976.2844238
batch	23220	valid_loss	33905.9367676
batch	23250	valid_loss	33843.385498
batch	23280	valid_loss	33835.8303223
batch	23310	valid_loss	33813.4067383
batch	23340	valid_loss	33853.3466797
batch	23370	valid_loss	34266.4399414
batch	23400	valid_loss	33596.1152344
batch	23430	valid_loss	33616.6821289
batch	23460	valid_loss	33730.3125
batch	23490	valid_loss	33408.9870605
batch	23520	valid_loss	33771.8659668
batch	23550	valid_loss	33381.2131348
batch	23580	valid_loss	33635.2885742
batch	23610	valid_loss	33235.0266113
batch	23640	valid_loss	34538.5754395
batch	23670	valid_loss	33161.6828613
batch	23700	valid_loss	33140.9919434
batch	23730	valid_loss	33074.0473633
batch	23760	valid_loss	33047.2832031
batch	23790	valid_loss	33299.5410156
batch	23820	valid_loss	33054.8398438
batch	23850	valid_loss	33003.5656738
batch	23880	valid_loss	32882.2817383
batch	23910	valid_loss	32940.026123
batch	23940	valid_loss	32734.8857422
batch	23970	valid_loss	32698.5632324
batch	24000	valid_loss	32702.5095215
batch	24030	valid_loss	32801.1115723
batch	24060	valid_loss	32423.7734375
batch	24090	valid_loss	32436.4589844
batch	24120	valid_loss	32421.0556641
batch	24150	valid_loss	32408.8327637
batch	24180	valid_loss	32238.4570312
batch	24210	valid_loss	32348.546875
batch	24240	valid_loss	32321.3857422
batch	24270	valid_loss	32127.4499512
batch	24300	valid_loss	32043.331543
batch	24330	valid_loss	32171.7155762
batch	24360	valid_loss	31978.6179199
batch	24390	valid_loss	32025.0756836
batch	24420	valid_loss	31839.5808105
batch	24450	valid_loss	31777.708252
batch	24480	valid_loss	31711.6774902
batch	24510	valid_loss	31777.3833008
batch	24540	valid_loss	31758.5708008
batch	24570	valid_loss	31862.3120117
batch	24600	valid_loss	31746.4328613
batch	24630	valid_loss	31462.4699707
batch	24660	valid_loss	31706.6789551
batch	24690	valid_loss	31454.9460449
batch	24720	valid_loss	31646.1530762
batch	24750	valid_loss	31304.4812012
batch	24780	valid_loss	31245.4338379
batch	24810	valid_loss	32315.6713867
batch	24840	valid_loss	31438.880127
batch	24870	valid_loss	31263.3703613
batch	24900	valid_loss	31052.1696777
batch	24930	valid_loss	31038.4414062
batch	24960	valid_loss	30965.4379883
batch	24990	valid_loss	31063.2165527
STOP
