START
config	40	960
batch	0	valid_loss	9287573.5
batch	30	valid_loss	2786037.8125
batch	60	valid_loss	565142.414062
batch	90	valid_loss	187887.505859
batch	120	valid_loss	131219.279297
batch	150	valid_loss	122330.277344
batch	180	valid_loss	120845.791016
batch	210	valid_loss	120521.499023
batch	240	valid_loss	120379.493164
batch	270	valid_loss	120220.941406
batch	300	valid_loss	120103.967773
batch	330	valid_loss	119920.339844
batch	360	valid_loss	119750.194336
batch	390	valid_loss	119543.693359
batch	420	valid_loss	119314.984375
batch	450	valid_loss	119044.657227
batch	480	valid_loss	118722.580078
batch	510	valid_loss	118335.550781
batch	540	valid_loss	117897.56543
batch	570	valid_loss	117385.560547
batch	600	valid_loss	116819.639648
batch	630	valid_loss	116169.522461
batch	660	valid_loss	115489.189453
batch	690	valid_loss	114774.313477
batch	720	valid_loss	114121.314453
batch	750	valid_loss	113464.379883
batch	780	valid_loss	112828.535156
batch	810	valid_loss	112320.645508
batch	840	valid_loss	111843.078125
batch	870	valid_loss	111417.608398
batch	900	valid_loss	111027.569336
batch	930	valid_loss	110690.572266
batch	960	valid_loss	110417.230469
batch	990	valid_loss	110132.860352
batch	1020	valid_loss	109885.205078
batch	1050	valid_loss	109602.603516
batch	1080	valid_loss	109370.467773
batch	1110	valid_loss	109130.862305
batch	1140	valid_loss	108900.205078
batch	1170	valid_loss	108667.24707
batch	1200	valid_loss	108409.287109
batch	1230	valid_loss	108196.223633
batch	1260	valid_loss	107941.151367
batch	1290	valid_loss	107704.859375
batch	1320	valid_loss	107437.49707
batch	1350	valid_loss	107237.106445
batch	1380	valid_loss	106953.876953
batch	1410	valid_loss	106668.84375
batch	1440	valid_loss	106407.515625
batch	1470	valid_loss	106164.023438
batch	1500	valid_loss	105904.27832
batch	1530	valid_loss	105645.120117
batch	1560	valid_loss	105346.255859
batch	1590	valid_loss	105057.004883
batch	1620	valid_loss	104820.182617
batch	1650	valid_loss	104574.811523
batch	1680	valid_loss	104269.068359
batch	1710	valid_loss	104002.036133
batch	1740	valid_loss	103768.084961
batch	1770	valid_loss	103508.155273
batch	1800	valid_loss	103230.655273
batch	1830	valid_loss	102938.515625
batch	1860	valid_loss	102704.354492
batch	1890	valid_loss	102452.016602
batch	1920	valid_loss	102186.601562
batch	1950	valid_loss	101917.953125
batch	1980	valid_loss	101696.482422
batch	2010	valid_loss	101445.78125
batch	2040	valid_loss	101192.945312
batch	2070	valid_loss	100951.706055
batch	2100	valid_loss	100713.873047
batch	2130	valid_loss	100486.032227
batch	2160	valid_loss	100243.817383
batch	2190	valid_loss	100007.980469
batch	2220	valid_loss	99746.65625
batch	2250	valid_loss	99527.3242188
batch	2280	valid_loss	99339.0820312
batch	2310	valid_loss	99099.3271484
batch	2340	valid_loss	98841.8408203
batch	2370	valid_loss	98623.7099609
batch	2400	valid_loss	98363.5488281
batch	2430	valid_loss	98150.3378906
batch	2460	valid_loss	97905.8134766
batch	2490	valid_loss	97682.0097656
batch	2520	valid_loss	97449.8876953
batch	2550	valid_loss	97221.2890625
batch	2580	valid_loss	97020.0244141
batch	2610	valid_loss	96750.2333984
batch	2640	valid_loss	96523.8447266
batch	2670	valid_loss	96314.78125
batch	2700	valid_loss	96086.8828125
batch	2730	valid_loss	95830.3662109
batch	2760	valid_loss	95601.4072266
batch	2790	valid_loss	95373.1904297
batch	2820	valid_loss	95148.0097656
batch	2850	valid_loss	94899.8974609
batch	2880	valid_loss	94657.0976562
batch	2910	valid_loss	94473.1796875
batch	2940	valid_loss	94207.3652344
batch	2970	valid_loss	93991.4492188
batch	3000	valid_loss	93741.8662109
batch	3030	valid_loss	93530.6132812
batch	3060	valid_loss	93323.4003906
batch	3090	valid_loss	93083.8603516
batch	3120	valid_loss	92829.6064453
batch	3150	valid_loss	92593.6757812
batch	3180	valid_loss	92390.4477539
batch	3210	valid_loss	92159.7705078
batch	3240	valid_loss	91940.7084961
batch	3270	valid_loss	91715.190918
batch	3300	valid_loss	91520.7602539
batch	3330	valid_loss	91310.8217773
batch	3360	valid_loss	91076.7119141
batch	3390	valid_loss	90824.5239258
batch	3420	valid_loss	90626.4658203
batch	3450	valid_loss	90418.2358398
batch	3480	valid_loss	90214.4267578
batch	3510	valid_loss	89984.1503906
batch	3540	valid_loss	89786.4194336
batch	3570	valid_loss	89586.0722656
batch	3600	valid_loss	89383.5014648
batch	3630	valid_loss	89163.1728516
batch	3660	valid_loss	88975.965332
batch	3690	valid_loss	88773.5634766
batch	3720	valid_loss	88572.7358398
batch	3750	valid_loss	88358.3745117
batch	3780	valid_loss	88146.496582
batch	3810	valid_loss	87945.7329102
batch	3840	valid_loss	87780.8056641
batch	3870	valid_loss	87599.3789062
batch	3900	valid_loss	87386.3193359
batch	3930	valid_loss	87193.4589844
batch	3960	valid_loss	86976.9702148
batch	3990	valid_loss	86837.5888672
batch	4020	valid_loss	86617.065918
batch	4050	valid_loss	86435.5800781
batch	4080	valid_loss	86258.15625
batch	4110	valid_loss	86109.090332
batch	4140	valid_loss	85953.046875
batch	4170	valid_loss	85730.6235352
batch	4200	valid_loss	85583.40625
batch	4230	valid_loss	85420.0869141
batch	4260	valid_loss	85269.0249023
batch	4290	valid_loss	85103.3959961
batch	4320	valid_loss	84918.2167969
batch	4350	valid_loss	84778.2402344
batch	4380	valid_loss	84624.78125
batch	4410	valid_loss	84468.4819336
batch	4440	valid_loss	84311.269043
batch	4470	valid_loss	84190.0385742
batch	4500	valid_loss	84013.5576172
batch	4530	valid_loss	83891.1425781
batch	4560	valid_loss	83732.8769531
batch	4590	valid_loss	83620.3276367
batch	4620	valid_loss	83495.7333984
batch	4650	valid_loss	83363.5375977
batch	4680	valid_loss	83208.5048828
batch	4710	valid_loss	83070.9018555
batch	4740	valid_loss	82982.0180664
batch	4770	valid_loss	82843.387207
batch	4800	valid_loss	82715.8554688
batch	4830	valid_loss	82606.0229492
batch	4860	valid_loss	82503.0180664
batch	4890	valid_loss	82408.7314453
batch	4920	valid_loss	82299.6420898
batch	4950	valid_loss	82171.3056641
batch	4980	valid_loss	82074.5292969
batch	5010	valid_loss	81981.3964844
batch	5040	valid_loss	81885.5332031
batch	5070	valid_loss	81786.2373047
batch	5100	valid_loss	81680.2851562
batch	5130	valid_loss	81618.6435547
batch	5160	valid_loss	81527.4482422
batch	5190	valid_loss	81429.5556641
batch	5220	valid_loss	81365.1040039
batch	5250	valid_loss	81281.340332
batch	5280	valid_loss	81212.0058594
batch	5310	valid_loss	81131.6279297
batch	5340	valid_loss	81039.4262695
batch	5370	valid_loss	80974.6669922
batch	5400	valid_loss	80900.4023438
batch	5430	valid_loss	80848.237793
batch	5460	valid_loss	80766.2797852
batch	5490	valid_loss	80698.137207
batch	5520	valid_loss	80624.8237305
batch	5550	valid_loss	80596.9838867
batch	5580	valid_loss	80519.4072266
batch	5610	valid_loss	80449.84375
batch	5640	valid_loss	80407.7080078
batch	5670	valid_loss	80371.0146484
batch	5700	valid_loss	80346.3374023
batch	5730	valid_loss	80227.3989258
batch	5760	valid_loss	80210.1308594
batch	5790	valid_loss	80166.1713867
batch	5820	valid_loss	80133.7568359
batch	5850	valid_loss	80084.0380859
batch	5880	valid_loss	80025.8530273
batch	5910	valid_loss	80002.1118164
batch	5940	valid_loss	79985.1020508
batch	5970	valid_loss	79930.0039062
batch	6000	valid_loss	79895.2607422
batch	6030	valid_loss	79867.2993164
batch	6060	valid_loss	79792.8227539
batch	6090	valid_loss	79770.8242188
batch	6120	valid_loss	79745.4550781
batch	6150	valid_loss	79732.8320312
batch	6180	valid_loss	79699.6137695
batch	6210	valid_loss	79693.762207
batch	6240	valid_loss	79638.8623047
batch	6270	valid_loss	79595.003418
batch	6300	valid_loss	79603.0810547
batch	6330	valid_loss	79563.6005859
batch	6360	valid_loss	79532.6147461
batch	6390	valid_loss	79498.1455078
batch	6420	valid_loss	79491.1000977
batch	6450	valid_loss	79500.6401367
batch	6480	valid_loss	79460.1772461
batch	6510	valid_loss	79423.015625
batch	6540	valid_loss	79405.2822266
batch	6570	valid_loss	79400.7006836
batch	6600	valid_loss	79364.6313477
batch	6630	valid_loss	79362.5810547
batch	6660	valid_loss	79320.1142578
batch	6690	valid_loss	79330.7167969
batch	6720	valid_loss	79310.3012695
batch	6750	valid_loss	79295.1987305
batch	6780	valid_loss	79291.1210938
batch	6810	valid_loss	79262.7880859
batch	6840	valid_loss	79264.4628906
batch	6870	valid_loss	79256.5268555
batch	6900	valid_loss	79216.1489258
batch	6930	valid_loss	79217.1538086
batch	6960	valid_loss	79192.909668
batch	6990	valid_loss	79208.8325195
batch	7020	valid_loss	79157.4702148
batch	7050	valid_loss	79158.1640625
batch	7080	valid_loss	79133.137207
batch	7110	valid_loss	79146.4682617
batch	7140	valid_loss	79130.6113281
batch	7170	valid_loss	79101.1328125
batch	7200	valid_loss	79105.0537109
batch	7230	valid_loss	79110.0195312
batch	7260	valid_loss	79124.9272461
batch	7290	valid_loss	79051.8364258
batch	7320	valid_loss	79064.7099609
batch	7350	valid_loss	79060.6982422
batch	7380	valid_loss	79069.2983398
batch	7410	valid_loss	79044.0087891
batch	7440	valid_loss	79026.2763672
batch	7470	valid_loss	79037.2382812
batch	7500	valid_loss	79047.3071289
batch	7530	valid_loss	79021.2319336
batch	7560	valid_loss	79016.5537109
batch	7590	valid_loss	79022.1074219
batch	7620	valid_loss	78973.9916992
batch	7650	valid_loss	78976.9824219
batch	7680	valid_loss	78972.9428711
batch	7710	valid_loss	78984.0981445
batch	7740	valid_loss	78975.784668
batch	7770	valid_loss	78998.2636719
batch	7800	valid_loss	78955.65625
batch	7830	valid_loss	78931.0551758
batch	7860	valid_loss	78958.1293945
batch	7890	valid_loss	78939.1938477
batch	7920	valid_loss	78934.1953125
batch	7950	valid_loss	78910.4882812
batch	7980	valid_loss	78925.4677734
batch	8010	valid_loss	78950.5786133
batch	8040	valid_loss	78917.1875
batch	8070	valid_loss	78900.8364258
batch	8100	valid_loss	78894.9443359
batch	8130	valid_loss	78915.2299805
batch	8160	valid_loss	78880.0737305
batch	8190	valid_loss	78901.6835938
batch	8220	valid_loss	78870.3535156
batch	8250	valid_loss	78889.0664062
batch	8280	valid_loss	78889.3613281
batch	8310	valid_loss	78881.1542969
batch	8340	valid_loss	78882.5664062
batch	8370	valid_loss	78870.8115234
batch	8400	valid_loss	78882.8813477
batch	8430	valid_loss	78887.7900391
batch	8460	valid_loss	78847.0371094
batch	8490	valid_loss	78857.0229492
batch	8520	valid_loss	78848.4482422
batch	8550	valid_loss	78872.315918
batch	8580	valid_loss	78826.0576172
batch	8610	valid_loss	78844.2353516
batch	8640	valid_loss	78818.2495117
batch	8670	valid_loss	78834.8120117
batch	8700	valid_loss	78835.6113281
batch	8730	valid_loss	78812.0620117
batch	8760	valid_loss	78830.4799805
batch	8790	valid_loss	78829.831543
batch	8820	valid_loss	78848.9960938
batch	8850	valid_loss	78789.5722656
batch	8880	valid_loss	78803.7768555
batch	8910	valid_loss	78815.4335938
batch	8940	valid_loss	78822.4003906
batch	8970	valid_loss	78802.4458008
batch	9000	valid_loss	78791.9257812
batch	9030	valid_loss	78810.3227539
batch	9060	valid_loss	78824.7158203
batch	9090	valid_loss	78799.519043
batch	9120	valid_loss	78798.5541992
batch	9150	valid_loss	78809.8608398
batch	9180	valid_loss	78762.5410156
batch	9210	valid_loss	78774.7539062
batch	9240	valid_loss	78778.9306641
batch	9270	valid_loss	78794.7529297
batch	9300	valid_loss	78783.2841797
batch	9330	valid_loss	78811.8994141
batch	9360	valid_loss	78778.1401367
batch	9390	valid_loss	78756.6088867
batch	9420	valid_loss	78770.7333984
batch	9450	valid_loss	78760.0131836
batch	9480	valid_loss	78762.2910156
batch	9510	valid_loss	78742.1645508
batch	9540	valid_loss	78764.918457
batch	9570	valid_loss	78788.5883789
batch	9600	valid_loss	78763.2509766
batch	9630	valid_loss	78747.3603516
batch	9660	valid_loss	78741.8076172
batch	9690	valid_loss	78769.2924805
batch	9720	valid_loss	78736.2543945
batch	9750	valid_loss	78753.9003906
batch	9780	valid_loss	78728.1455078
batch	9810	valid_loss	78746.5834961
batch	9840	valid_loss	78755.6611328
batch	9870	valid_loss	78747.7211914
batch	9900	valid_loss	78746.9897461
batch	9930	valid_loss	78737.0576172
batch	9960	valid_loss	78752.7553711
batch	9990	valid_loss	78772.3046875
batch	10020	valid_loss	78722.8896484
batch	10050	valid_loss	78729.8686523
batch	10080	valid_loss	78730.3642578
batch	10110	valid_loss	78755.515625
batch	10140	valid_loss	78710.9584961
batch	10170	valid_loss	78734.4467773
batch	10200	valid_loss	78706.1503906
batch	10230	valid_loss	78722.9389648
batch	10260	valid_loss	78718.2504883
batch	10290	valid_loss	78699.2558594
batch	10320	valid_loss	78726.3417969
batch	10350	valid_loss	78724.3242188
batch	10380	valid_loss	78742.6020508
batch	10410	valid_loss	78683.3657227
batch	10440	valid_loss	78697.4692383
batch	10470	valid_loss	78716.3686523
batch	10500	valid_loss	78720.9467773
batch	10530	valid_loss	78701.6396484
batch	10560	valid_loss	78693.9633789
batch	10590	valid_loss	78713.2080078
batch	10620	valid_loss	78735.5024414
batch	10650	valid_loss	78712.0141602
batch	10680	valid_loss	78705.9189453
batch	10710	valid_loss	78717.1948242
batch	10740	valid_loss	78672.5996094
batch	10770	valid_loss	78685.4658203
batch	10800	valid_loss	78692.9365234
batch	10830	valid_loss	78711.9853516
batch	10860	valid_loss	78699.7749023
batch	10890	valid_loss	78728.8510742
batch	10920	valid_loss	78693.03125
batch	10950	valid_loss	78667.690918
batch	10980	valid_loss	78689.1601562
batch	11010	valid_loss	78679.394043
batch	11040	valid_loss	78685.6152344
batch	11070	valid_loss	78662.956543
batch	11100	valid_loss	78685.6962891
batch	11130	valid_loss	78709.0419922
batch	11160	valid_loss	78686.0864258
batch	11190	valid_loss	78671.6860352
batch	11220	valid_loss	78668.5302734
batch	11250	valid_loss	78694.0610352
batch	11280	valid_loss	78668.1992188
batch	11310	valid_loss	78680.3251953
batch	11340	valid_loss	78658.4755859
batch	11370	valid_loss	78671.9716797
batch	11400	valid_loss	78686.8935547
batch	11430	valid_loss	78678.5073242
batch	11460	valid_loss	78678.6054688
batch	11490	valid_loss	78665.6274414
batch	11520	valid_loss	78685.4018555
batch	11550	valid_loss	78711.9536133
batch	11580	valid_loss	78650.9370117
batch	11610	valid_loss	78659.6606445
batch	11640	valid_loss	78669.3491211
batch	11670	valid_loss	78697.0180664
batch	11700	valid_loss	78648.4916992
batch	11730	valid_loss	78673.7910156
batch	11760	valid_loss	78643.1464844
batch	11790	valid_loss	78661.0664062
batch	11820	valid_loss	78654.3427734
batch	11850	valid_loss	78636.6367188
batch	11880	valid_loss	78664.0532227
batch	11910	valid_loss	78664.0043945
batch	11940	valid_loss	78681.7583008
batch	11970	valid_loss	78622.9755859
batch	12000	valid_loss	78637.6875
batch	12030	valid_loss	78658.3330078
batch	12060	valid_loss	78661.3232422
batch	12090	valid_loss	78645.0302734
batch	12120	valid_loss	78635.75
batch	12150	valid_loss	78656.6855469
batch	12180	valid_loss	78684.2900391
batch	12210	valid_loss	78656.0830078
batch	12240	valid_loss	78648.5126953
batch	12270	valid_loss	78662.0727539
batch	12300	valid_loss	78619.1542969
batch	12330	valid_loss	78631.15625
batch	12360	valid_loss	78639.9921875
batch	12390	valid_loss	78658.6474609
batch	12420	valid_loss	78647.7084961
batch	12450	valid_loss	78676.1171875
batch	12480	valid_loss	78636.6459961
batch	12510	valid_loss	78614.9418945
batch	12540	valid_loss	78637.9125977
batch	12570	valid_loss	78626.6289062
batch	12600	valid_loss	78636.0385742
batch	12630	valid_loss	78612.6757812
batch	12660	valid_loss	78635.0625
batch	12690	valid_loss	78658.2006836
batch	12720	valid_loss	78635.4448242
batch	12750	valid_loss	78623.4492188
batch	12780	valid_loss	78620.9824219
batch	12810	valid_loss	78646.15625
batch	12840	valid_loss	78621.7353516
batch	12870	valid_loss	78631.6914062
batch	12900	valid_loss	78612.3266602
batch	12930	valid_loss	78622.7788086
batch	12960	valid_loss	78640.0864258
batch	12990	valid_loss	78632.2128906
batch	13020	valid_loss	78633.0727539
batch	13050	valid_loss	78619.0131836
batch	13080	valid_loss	78639.9829102
batch	13110	valid_loss	78666.1787109
batch	13140	valid_loss	78603.0737305
batch	13170	valid_loss	78613.8666992
batch	13200	valid_loss	78625.234375
batch	13230	valid_loss	78655.6586914
batch	13260	valid_loss	78606.0185547
batch	13290	valid_loss	78630.5175781
batch	13320	valid_loss	78600.3457031
batch	13350	valid_loss	78617.3730469
batch	13380	valid_loss	78610.1704102
batch	13410	valid_loss	78593.6748047
batch	13440	valid_loss	78619.3574219
batch	13470	valid_loss	78622.7792969
batch	13500	valid_loss	78640.890625
batch	13530	valid_loss	78581.0527344
batch	13560	valid_loss	78596.2109375
batch	13590	valid_loss	78617.2304688
batch	13620	valid_loss	78619.5498047
batch	13650	valid_loss	78604.8305664
batch	13680	valid_loss	78595.3681641
batch	13710	valid_loss	78616.8647461
batch	13740	valid_loss	78644.7324219
batch	13770	valid_loss	78617.8676758
batch	13800	valid_loss	78608.8632812
batch	13830	valid_loss	78623.1352539
batch	13860	valid_loss	78581.152832
batch	13890	valid_loss	78592.8686523
batch	13920	valid_loss	78601.7368164
batch	13950	valid_loss	78620.9555664
batch	13980	valid_loss	78609.7080078
batch	14010	valid_loss	78637.7436523
batch	14040	valid_loss	78598.7944336
batch	14070	valid_loss	78577.9897461
batch	14100	valid_loss	78601.6391602
batch	14130	valid_loss	78589.9257812
batch	14160	valid_loss	78599.6171875
batch	14190	valid_loss	78576.546875
batch	14220	valid_loss	78599.0078125
batch	14250	valid_loss	78621.5307617
batch	14280	valid_loss	78599.6870117
batch	14310	valid_loss	78588.7016602
batch	14340	valid_loss	78586.7143555
batch	14370	valid_loss	78611.6088867
batch	14400	valid_loss	78589.0180664
batch	14430	valid_loss	78597.2089844
batch	14460	valid_loss	78579.46875
batch	14490	valid_loss	78589.3583984
batch	14520	valid_loss	78606.8764648
batch	14550	valid_loss	78599.1469727
batch	14580	valid_loss	78600.9013672
batch	14610	valid_loss	78586.0415039
batch	14640	valid_loss	78607.6494141
batch	14670	valid_loss	78634.7016602
batch	14700	valid_loss	78569.6274414
batch	14730	valid_loss	78581.7514648
batch	14760	valid_loss	78594.1259766
batch	14790	valid_loss	78625.8525391
batch	14820	valid_loss	78575.8242188
batch	14850	valid_loss	78599.9785156
batch	14880	valid_loss	78570.6142578
batch	14910	valid_loss	78586.1987305
batch	14940	valid_loss	78579.6220703
batch	14970	valid_loss	78563.875
batch	15000	valid_loss	78588.0522461
batch	15030	valid_loss	78593.7045898
batch	15060	valid_loss	78612.9624023
batch	15090	valid_loss	78552.3881836
batch	15120	valid_loss	78567.2641602
batch	15150	valid_loss	78587.8813477
batch	15180	valid_loss	78590.3530273
batch	15210	valid_loss	78576.8232422
batch	15240	valid_loss	78567.3789062
batch	15270	valid_loss	78588.9067383
batch	15300	valid_loss	78616.1533203
batch	15330	valid_loss	78591.1889648
batch	15360	valid_loss	78581.1923828
batch	15390	valid_loss	78596.3657227
batch	15420	valid_loss	78554.2651367
batch	15450	valid_loss	78566.3613281
batch	15480	valid_loss	78575.3041992
batch	15510	valid_loss	78595.105957
batch	15540	valid_loss	78582.5449219
batch	15570	valid_loss	78611.0810547
batch	15600	valid_loss	78572.9379883
batch	15630	valid_loss	78552.7666016
batch	15660	valid_loss	78576.234375
batch	15690	valid_loss	78564.9775391
batch	15720	valid_loss	78574.8837891
batch	15750	valid_loss	78551.3383789
batch	15780	valid_loss	78574.0083008
batch	15810	valid_loss	78595.9926758
batch	15840	valid_loss	78575.590332
batch	15870	valid_loss	78564.8637695
batch	15900	valid_loss	78563.0712891
batch	15930	valid_loss	78587.3413086
batch	15960	valid_loss	78566.3505859
batch	15990	valid_loss	78573.6767578
batch	16020	valid_loss	78557.015625
batch	16050	valid_loss	78566.1767578
batch	16080	valid_loss	78583.940918
batch	16110	valid_loss	78576.6655273
batch	16140	valid_loss	78579.3842773
batch	16170	valid_loss	78563.8745117
batch	16200	valid_loss	78585.6660156
batch	16230	valid_loss	78612.8720703
batch	16260	valid_loss	78547.2158203
batch	16290	valid_loss	78559.8266602
batch	16320	valid_loss	78572.8530273
batch	16350	valid_loss	78606.0375977
batch	16380	valid_loss	78555.4506836
batch	16410	valid_loss	78578.7338867
batch	16440	valid_loss	78550.7172852
batch	16470	valid_loss	78565.8364258
batch	16500	valid_loss	78559.065918
batch	16530	valid_loss	78543.6708984
batch	16560	valid_loss	78566.6884766
batch	16590	valid_loss	78573.8603516
batch	16620	valid_loss	78594.2832031
batch	16650	valid_loss	78532.6176758
batch	16680	valid_loss	78547.7753906
batch	16710	valid_loss	78567.9770508
batch	16740	valid_loss	78570.5708008
batch	16770	valid_loss	78558.0756836
batch	16800	valid_loss	78548.9956055
batch	16830	valid_loss	78570.28125
batch	16860	valid_loss	78596.875
batch	16890	valid_loss	78573.6826172
batch	16920	valid_loss	78562.8994141
batch	16950	valid_loss	78578.2045898
batch	16980	valid_loss	78536.5732422
batch	17010	valid_loss	78548.6767578
batch	17040	valid_loss	78556.9140625
batch	17070	valid_loss	78578.059082
batch	17100	valid_loss	78564.3803711
batch	17130	valid_loss	78592.7988281
batch	17160	valid_loss	78556.1518555
batch	17190	valid_loss	78535.8828125
batch	17220	valid_loss	78559.4560547
batch	17250	valid_loss	78548.1030273
batch	17280	valid_loss	78558.3447266
batch	17310	valid_loss	78534.3842773
batch	17340	valid_loss	78557.4453125
batch	17370	valid_loss	78579.0776367
batch	17400	valid_loss	78559.8608398
batch	17430	valid_loss	78548.784668
batch	17460	valid_loss	78547.4731445
batch	17490	valid_loss	78570.9262695
batch	17520	valid_loss	78551.784668
batch	17550	valid_loss	78558.3632812
batch	17580	valid_loss	78542.1074219
batch	17610	valid_loss	78550.3110352
batch	17640	valid_loss	78568.5375977
batch	17670	valid_loss	78561.2270508
batch	17700	valid_loss	78564.7036133
batch	17730	valid_loss	78548.871582
batch	17760	valid_loss	78570.8510742
batch	17790	valid_loss	78598.6850586
batch	17820	valid_loss	78532.0942383
batch	17850	valid_loss	78545.2539062
batch	17880	valid_loss	78559.1870117
batch	17910	valid_loss	78593.2255859
batch	17940	valid_loss	78541.8193359
batch	17970	valid_loss	78565.0527344
batch	18000	valid_loss	78537.7216797
batch	18030	valid_loss	78552.0297852
batch	18060	valid_loss	78545.5336914
batch	18090	valid_loss	78530.4477539
batch	18120	valid_loss	78552.6362305
batch	18150	valid_loss	78560.8344727
batch	18180	valid_loss	78582.4663086
batch	18210	valid_loss	78519.9863281
batch	18240	valid_loss	78534.9550781
batch	18270	valid_loss	78554.4755859
batch	18300	valid_loss	78557.519043
batch	18330	valid_loss	78545.9702148
batch	18360	valid_loss	78537.1743164
batch	18390	valid_loss	78557.8452148
batch	18420	valid_loss	78583.8603516
batch	18450	valid_loss	78561.7768555
batch	18480	valid_loss	78550.5678711
batch	18510	valid_loss	78566.246582
batch	18540	valid_loss	78524.2719727
batch	18570	valid_loss	78536.5981445
batch	18600	valid_loss	78545.1298828
batch	18630	valid_loss	78566.7695312
batch	18660	valid_loss	78552.081543
batch	18690	valid_loss	78581.0151367
batch	18720	valid_loss	78544.6894531
batch	18750	valid_loss	78524.7573242
batch	18780	valid_loss	78548.3574219
batch	18810	valid_loss	78537.0883789
batch	18840	valid_loss	78548.0273438
batch	18870	valid_loss	78522.8754883
batch	18900	valid_loss	78546.3056641
batch	18930	valid_loss	78567.652832
batch	18960	valid_loss	78549.8681641
batch	18990	valid_loss	78537.909668
batch	19020	valid_loss	78536.8789062
batch	19050	valid_loss	78559.4414062
batch	19080	valid_loss	78541.6035156
batch	19110	valid_loss	78547.4995117
batch	19140	valid_loss	78532.0820312
batch	19170	valid_loss	78539.1259766
batch	19200	valid_loss	78558.0102539
batch	19230	valid_loss	78551.1000977
batch	19260	valid_loss	78554.90625
batch	19290	valid_loss	78539.0307617
batch	19320	valid_loss	78560.9257812
batch	19350	valid_loss	78588.5693359
batch	19380	valid_loss	78522.2783203
batch	19410	valid_loss	78535.331543
batch	19440	valid_loss	78549.3417969
batch	19470	valid_loss	78584.296875
batch	19500	valid_loss	78532.4926758
batch	19530	valid_loss	78555.2919922
batch	19560	valid_loss	78528.5898438
batch	19590	valid_loss	78542.7314453
batch	19620	valid_loss	78536.184082
batch	19650	valid_loss	78521.1445312
batch	19680	valid_loss	78542.7832031
batch	19710	valid_loss	78551.5668945
batch	19740	valid_loss	78574.4384766
batch	19770	valid_loss	78510.9902344
batch	19800	valid_loss	78526.1469727
batch	19830	valid_loss	78545.2050781
batch	19860	valid_loss	78548.0727539
batch	19890	valid_loss	78537.4926758
batch	19920	valid_loss	78529.0708008
batch	19950	valid_loss	78549.2363281
batch	19980	valid_loss	78574.8256836
batch	20010	valid_loss	78554.0874023
batch	20040	valid_loss	78542.1386719
batch	20070	valid_loss	78557.4628906
batch	20100	valid_loss	78515.6137695
batch	20130	valid_loss	78528.1176758
batch	20160	valid_loss	78536.1513672
batch	20190	valid_loss	78558.6894531
batch	20220	valid_loss	78543.1611328
batch	20250	valid_loss	78572.1767578
batch	20280	valid_loss	78536.9882812
batch	20310	valid_loss	78516.4931641
batch	20340	valid_loss	78540.5800781
batch	20370	valid_loss	78528.8154297
batch	20400	valid_loss	78539.9345703
batch	20430	valid_loss	78514.5600586
batch	20460	valid_loss	78538.5844727
batch	20490	valid_loss	78559.4243164
batch	20520	valid_loss	78542.5981445
batch	20550	valid_loss	78530.0327148
batch	20580	valid_loss	78529.5371094
batch	20610	valid_loss	78551.1401367
batch	20640	valid_loss	78534.9082031
batch	20670	valid_loss	78540.3862305
batch	20700	valid_loss	78525.1416016
batch	20730	valid_loss	78531.3344727
batch	20760	valid_loss	78550.5996094
batch	20790	valid_loss	78543.5957031
batch	20820	valid_loss	78548.1606445
batch	20850	valid_loss	78532.128418
batch	20880	valid_loss	78553.8291016
batch	20910	valid_loss	78581.7817383
batch	20940	valid_loss	78515.1777344
batch	20970	valid_loss	78528.1606445
batch	21000	valid_loss	78542.3916016
batch	21030	valid_loss	78577.3164062
batch	21060	valid_loss	78525.5058594
batch	21090	valid_loss	78548.2446289
batch	21120	valid_loss	78522.1860352
batch	21150	valid_loss	78535.6166992
batch	21180	valid_loss	78529.6113281
batch	21210	valid_loss	78514.6030273
batch	21240	valid_loss	78535.5786133
batch	21270	valid_loss	78544.9746094
batch	21300	valid_loss	78569.0771484
batch	21330	valid_loss	78504.9638672
batch	21360	valid_loss	78519.8569336
batch	21390	valid_loss	78538.1806641
batch	21420	valid_loss	78541.2285156
batch	21450	valid_loss	78531.3442383
batch	21480	valid_loss	78523.0888672
batch	21510	valid_loss	78542.9008789
batch	21540	valid_loss	78568.0166016
batch	21570	valid_loss	78548.0478516
batch	21600	valid_loss	78535.871582
batch	21630	valid_loss	78551.4277344
batch	21660	valid_loss	78508.9379883
batch	21690	valid_loss	78521.6850586
batch	21720	valid_loss	78530.1831055
batch	21750	valid_loss	78552.8500977
batch	21780	valid_loss	78536.3486328
batch	21810	valid_loss	78566.0566406
batch	21840	valid_loss	78531.1801758
batch	21870	valid_loss	78510.6801758
batch	21900	valid_loss	78534.9052734
batch	21930	valid_loss	78523.0043945
batch	21960	valid_loss	78533.9648438
batch	21990	valid_loss	78507.996582
batch	22020	valid_loss	78532.1635742
batch	22050	valid_loss	78552.9033203
batch	22080	valid_loss	78537.2001953
batch	22110	valid_loss	78524.1704102
batch	22140	valid_loss	78523.8076172
batch	22170	valid_loss	78544.5151367
batch	22200	valid_loss	78529.3681641
batch	22230	valid_loss	78534.6181641
batch	22260	valid_loss	78519.8071289
batch	22290	valid_loss	78525.2719727
batch	22320	valid_loss	78544.9204102
batch	22350	valid_loss	78537.8325195
batch	22380	valid_loss	78542.7822266
batch	22410	valid_loss	78526.8554688
batch	22440	valid_loss	78548.190918
batch	22470	valid_loss	78575.8671875
batch	22500	valid_loss	78509.9702148
batch	22530	valid_loss	78522.3496094
batch	22560	valid_loss	78536.7011719
batch	22590	valid_loss	78571.871582
batch	22620	valid_loss	78520.3544922
batch	22650	valid_loss	78542.1103516
batch	22680	valid_loss	78517.027832
batch	22710	valid_loss	78530.3847656
batch	22740	valid_loss	78524.4975586
batch	22770	valid_loss	78509.3745117
batch	22800	valid_loss	78529.8500977
batch	22830	valid_loss	78539.5239258
batch	22860	valid_loss	78564.8730469
batch	22890	valid_loss	78499.706543
batch	22920	valid_loss	78514.6630859
batch	22950	valid_loss	78532.7851562
batch	22980	valid_loss	78535.7553711
batch	23010	valid_loss	78526.734375
batch	23040	valid_loss	78518.5410156
batch	23070	valid_loss	78538.0698242
batch	23100	valid_loss	78562.7392578
batch	23130	valid_loss	78543.5795898
batch	23160	valid_loss	78531.2319336
batch	23190	valid_loss	78546.6743164
batch	23220	valid_loss	78504.0097656
batch	23250	valid_loss	78516.6044922
batch	23280	valid_loss	78524.6767578
batch	23310	valid_loss	78548.222168
batch	23340	valid_loss	78530.902832
batch	23370	valid_loss	78560.7207031
batch	23400	valid_loss	78526.8837891
batch	23430	valid_loss	78505.7836914
batch	23460	valid_loss	78530.5219727
batch	23490	valid_loss	78518.1069336
batch	23520	valid_loss	78528.6152344
batch	23550	valid_loss	78502.7338867
batch	23580	valid_loss	78527.4482422
batch	23610	valid_loss	78547.8476562
batch	23640	valid_loss	78532.6938477
batch	23670	valid_loss	78519.6240234
batch	23700	valid_loss	78519.6049805
batch	23730	valid_loss	78539.3139648
batch	23760	valid_loss	78525.512207
batch	23790	valid_loss	78530.6455078
batch	23820	valid_loss	78515.6328125
batch	23850	valid_loss	78520.6113281
batch	23880	valid_loss	78540.4858398
batch	23910	valid_loss	78532.956543
batch	23940	valid_loss	78538.5966797
batch	23970	valid_loss	78522.5405273
batch	24000	valid_loss	78543.6499023
batch	24030	valid_loss	78571.5195312
batch	24060	valid_loss	78505.6103516
batch	24090	valid_loss	78517.6396484
batch	24120	valid_loss	78532.6713867
batch	24150	valid_loss	78567.4941406
batch	24180	valid_loss	78515.980957
batch	24210	valid_loss	78537.7075195
batch	24240	valid_loss	78513.2861328
batch	24270	valid_loss	78525.8901367
batch	24300	valid_loss	78520.4628906
batch	24330	valid_loss	78505.3833008
batch	24360	valid_loss	78525.2880859
batch	24390	valid_loss	78535.1962891
batch	24420	valid_loss	78561.7192383
batch	24450	valid_loss	78495.9267578
batch	24480	valid_loss	78510.5361328
batch	24510	valid_loss	78528.1142578
batch	24540	valid_loss	78531.2407227
batch	24570	valid_loss	78522.7392578
batch	24600	valid_loss	78514.597168
batch	24630	valid_loss	78534.0571289
batch	24660	valid_loss	78558.0673828
batch	24690	valid_loss	78539.4658203
batch	24720	valid_loss	78527.2036133
batch	24750	valid_loss	78542.8144531
batch	24780	valid_loss	78499.7485352
batch	24810	valid_loss	78512.3032227
batch	24840	valid_loss	78520.5341797
batch	24870	valid_loss	78544.0830078
batch	24900	valid_loss	78526.1464844
batch	24930	valid_loss	78556.6699219
batch	24960	valid_loss	78523.1489258
batch	24990	valid_loss	78501.9355469
STOP
START
config	40	960
batch	0	valid_loss	9033583.375
batch	30	valid_loss	2453967.03125
batch	60	valid_loss	410038.496094
batch	90	valid_loss	148774.265625
batch	120	valid_loss	123300.365234
batch	150	valid_loss	121019.75
batch	180	valid_loss	120708.466797
batch	210	valid_loss	120549.993164
batch	240	valid_loss	120379.459961
batch	270	valid_loss	120234.681641
batch	300	valid_loss	120068.385742
batch	330	valid_loss	119872.144531
batch	360	valid_loss	119667.6875
batch	390	valid_loss	119426.255859
batch	420	valid_loss	119141.399414
batch	450	valid_loss	118805.548828
batch	480	valid_loss	118404.500977
batch	510	valid_loss	117924.929688
batch	540	valid_loss	117379.518555
batch	570	valid_loss	116742.444336
batch	600	valid_loss	116085.253906
batch	630	valid_loss	115360.217773
batch	660	valid_loss	114607.257812
batch	690	valid_loss	113879.416016
batch	720	valid_loss	113222.598633
batch	750	valid_loss	112567.149414
batch	780	valid_loss	111965.336914
batch	810	valid_loss	111450.749023
batch	840	valid_loss	110969.708008
batch	870	valid_loss	110560.678711
batch	900	valid_loss	110195.500977
batch	930	valid_loss	109847.458984
batch	960	valid_loss	109562.632812
batch	990	valid_loss	109289.951172
batch	1020	valid_loss	109035.164062
batch	1050	valid_loss	108775.182617
batch	1080	valid_loss	108551.068359
batch	1110	valid_loss	108346.717773
batch	1140	valid_loss	108131.443359
batch	1170	valid_loss	107912.755859
batch	1200	valid_loss	107700.694336
batch	1230	valid_loss	107492.036133
batch	1260	valid_loss	107294.392578
batch	1290	valid_loss	107052.546875
batch	1320	valid_loss	106826.949219
batch	1350	valid_loss	106616.254883
batch	1380	valid_loss	106363.488281
batch	1410	valid_loss	106145.779297
batch	1440	valid_loss	105868.262695
batch	1470	valid_loss	105615.743164
batch	1500	valid_loss	105363.373047
batch	1530	valid_loss	105124.421875
batch	1560	valid_loss	104835.333984
batch	1590	valid_loss	104573.920898
batch	1620	valid_loss	104323.657227
batch	1650	valid_loss	104049.924805
batch	1680	valid_loss	103787.755859
batch	1710	valid_loss	103516.03418
batch	1740	valid_loss	103258.036133
batch	1770	valid_loss	102993.524414
batch	1800	valid_loss	102727.514648
batch	1830	valid_loss	102440.267578
batch	1860	valid_loss	102210.258789
batch	1890	valid_loss	101932.336914
batch	1920	valid_loss	101666.869141
batch	1950	valid_loss	101387.535156
batch	1980	valid_loss	101151.80957
batch	2010	valid_loss	100925.762695
batch	2040	valid_loss	100661.341797
batch	2070	valid_loss	100395.458984
batch	2100	valid_loss	100128.329102
batch	2130	valid_loss	99880.4335938
batch	2160	valid_loss	99620.5166016
batch	2190	valid_loss	99348.2617188
batch	2220	valid_loss	99097.2705078
batch	2250	valid_loss	98826.1943359
batch	2280	valid_loss	98601.0302734
batch	2310	valid_loss	98339.3916016
batch	2340	valid_loss	98063.0175781
batch	2370	valid_loss	97807.8232422
batch	2400	valid_loss	97528.71875
batch	2430	valid_loss	97295.5839844
batch	2460	valid_loss	97005.6015625
batch	2490	valid_loss	96733.9326172
batch	2520	valid_loss	96511.3007812
batch	2550	valid_loss	96264.4677734
batch	2580	valid_loss	95990.3896484
batch	2610	valid_loss	95720.6621094
batch	2640	valid_loss	95459.8515625
batch	2670	valid_loss	95221.9794922
batch	2700	valid_loss	94968.3417969
batch	2730	valid_loss	94701.8095703
batch	2760	valid_loss	94427.7001953
batch	2790	valid_loss	94180.6162109
batch	2820	valid_loss	93940.3251953
batch	2850	valid_loss	93700.6777344
batch	2880	valid_loss	93440.9384766
batch	2910	valid_loss	93229.8925781
batch	2940	valid_loss	92948.9277344
batch	2970	valid_loss	92736.1474609
batch	3000	valid_loss	92475.168457
batch	3030	valid_loss	92237.7236328
batch	3060	valid_loss	92010.1777344
batch	3090	valid_loss	91777.515625
batch	3120	valid_loss	91526.2001953
batch	3150	valid_loss	91294.4882812
batch	3180	valid_loss	91091.1245117
batch	3210	valid_loss	90844.2973633
batch	3240	valid_loss	90645.7714844
batch	3270	valid_loss	90401.28125
batch	3300	valid_loss	90199.378418
batch	3330	valid_loss	89984.6621094
batch	3360	valid_loss	89752.4467773
batch	3390	valid_loss	89518.6503906
batch	3420	valid_loss	89307.9775391
batch	3450	valid_loss	89114.1958008
batch	3480	valid_loss	88901.3100586
batch	3510	valid_loss	88670.6274414
batch	3540	valid_loss	88468.159668
batch	3570	valid_loss	88295.8686523
batch	3600	valid_loss	88085.8813477
batch	3630	valid_loss	87890.1660156
batch	3660	valid_loss	87690.8110352
batch	3690	valid_loss	87499.5463867
batch	3720	valid_loss	87323.4921875
batch	3750	valid_loss	87111.2631836
batch	3780	valid_loss	86935.1401367
batch	3810	valid_loss	86748.6118164
batch	3840	valid_loss	86584.1254883
batch	3870	valid_loss	86417.2675781
batch	3900	valid_loss	86216.9711914
batch	3930	valid_loss	86055.5444336
batch	3960	valid_loss	85867.8276367
batch	3990	valid_loss	85726.5180664
batch	4020	valid_loss	85532.0356445
batch	4050	valid_loss	85357.6010742
batch	4080	valid_loss	85238.7949219
batch	4110	valid_loss	85073.7851562
batch	4140	valid_loss	84933.765625
batch	4170	valid_loss	84742.8710938
batch	4200	valid_loss	84607.3520508
batch	4230	valid_loss	84480.1298828
batch	4260	valid_loss	84337.0361328
batch	4290	valid_loss	84184.9667969
batch	4320	valid_loss	84017.8754883
batch	4350	valid_loss	83892.0576172
batch	4380	valid_loss	83781.6879883
batch	4410	valid_loss	83631.3564453
batch	4440	valid_loss	83495.5009766
batch	4470	valid_loss	83392.0571289
batch	4500	valid_loss	83223.2924805
batch	4530	valid_loss	83122.6728516
batch	4560	valid_loss	82985.8793945
batch	4590	valid_loss	82893.4008789
batch	4620	valid_loss	82762.3120117
batch	4650	valid_loss	82670.8339844
batch	4680	valid_loss	82520.3505859
batch	4710	valid_loss	82407.7314453
batch	4740	valid_loss	82322.3291016
batch	4770	valid_loss	82197.515625
batch	4800	valid_loss	82109.8476562
batch	4830	valid_loss	81999.7880859
batch	4860	valid_loss	81909.2988281
batch	4890	valid_loss	81830.4619141
batch	4920	valid_loss	81716.206543
batch	4950	valid_loss	81600.3769531
batch	4980	valid_loss	81494.0805664
batch	5010	valid_loss	81447.4272461
batch	5040	valid_loss	81330.3261719
batch	5070	valid_loss	81252.6782227
batch	5100	valid_loss	81168.1625977
batch	5130	valid_loss	81107.5395508
batch	5160	valid_loss	81026.0585938
batch	5190	valid_loss	80942.3583984
batch	5220	valid_loss	80878.0454102
batch	5250	valid_loss	80797.5942383
batch	5280	valid_loss	80754.6582031
batch	5310	valid_loss	80675.9819336
batch	5340	valid_loss	80600.4526367
batch	5370	valid_loss	80544.0268555
batch	5400	valid_loss	80482.2446289
batch	5430	valid_loss	80444.9799805
batch	5460	valid_loss	80356.4716797
batch	5490	valid_loss	80309.5371094
batch	5520	valid_loss	80248.3061523
batch	5550	valid_loss	80218.4926758
batch	5580	valid_loss	80136.2524414
batch	5610	valid_loss	80077.6166992
batch	5640	valid_loss	80073.8251953
batch	5670	valid_loss	80014.9594727
batch	5700	valid_loss	79995.9916992
batch	5730	valid_loss	79907.6987305
batch	5760	valid_loss	79886.5961914
batch	5790	valid_loss	79857.3647461
batch	5820	valid_loss	79831.4731445
batch	5850	valid_loss	79781.9267578
batch	5880	valid_loss	79728.1313477
batch	5910	valid_loss	79719.0844727
batch	5940	valid_loss	79703.8774414
batch	5970	valid_loss	79655.7885742
batch	6000	valid_loss	79626.4282227
batch	6030	valid_loss	79607.3447266
batch	6060	valid_loss	79542.5375977
batch	6090	valid_loss	79529.8984375
batch	6120	valid_loss	79496.7763672
batch	6150	valid_loss	79513.6157227
batch	6180	valid_loss	79467.1264648
batch	6210	valid_loss	79465.6420898
batch	6240	valid_loss	79412.9711914
batch	6270	valid_loss	79381.5771484
batch	6300	valid_loss	79390.1293945
batch	6330	valid_loss	79350.3701172
batch	6360	valid_loss	79342.8706055
batch	6390	valid_loss	79310.1899414
batch	6420	valid_loss	79304.1420898
batch	6450	valid_loss	79315.1303711
batch	6480	valid_loss	79277.6967773
batch	6510	valid_loss	79242.3427734
batch	6540	valid_loss	79218.2480469
batch	6570	valid_loss	79244.453125
batch	6600	valid_loss	79196.4521484
batch	6630	valid_loss	79197.7436523
batch	6660	valid_loss	79175.5195312
batch	6690	valid_loss	79179.1157227
batch	6720	valid_loss	79155.8554688
batch	6750	valid_loss	79153.3486328
batch	6780	valid_loss	79147.3413086
batch	6810	valid_loss	79125.6210938
batch	6840	valid_loss	79128.8212891
batch	6870	valid_loss	79127.9018555
batch	6900	valid_loss	79087.5664062
batch	6930	valid_loss	79086.0952148
batch	6960	valid_loss	79070.1005859
batch	6990	valid_loss	79090.6704102
batch	7020	valid_loss	79042.7182617
batch	7050	valid_loss	79038.9873047
batch	7080	valid_loss	79023.3095703
batch	7110	valid_loss	79032.8920898
batch	7140	valid_loss	79003.5581055
batch	7170	valid_loss	78990.1040039
batch	7200	valid_loss	79003.9604492
batch	7230	valid_loss	78996.7080078
batch	7260	valid_loss	79008.4946289
batch	7290	valid_loss	78955.6113281
batch	7320	valid_loss	78963.140625
batch	7350	valid_loss	78973.2070312
batch	7380	valid_loss	78970.3544922
batch	7410	valid_loss	78948.4702148
batch	7440	valid_loss	78935.0800781
batch	7470	valid_loss	78951.2573242
batch	7500	valid_loss	78956.4033203
batch	7530	valid_loss	78936.9389648
batch	7560	valid_loss	78927.5625
batch	7590	valid_loss	78930.0791016
batch	7620	valid_loss	78877.8178711
batch	7650	valid_loss	78900.2949219
batch	7680	valid_loss	78888.5986328
batch	7710	valid_loss	78917.2060547
batch	7740	valid_loss	78888.2612305
batch	7770	valid_loss	78919.0112305
batch	7800	valid_loss	78872.3105469
batch	7830	valid_loss	78855.1088867
batch	7860	valid_loss	78882.8720703
batch	7890	valid_loss	78852.9375
batch	7920	valid_loss	78863.3544922
batch	7950	valid_loss	78840.1459961
batch	7980	valid_loss	78854.3574219
batch	8010	valid_loss	78875.4345703
batch	8040	valid_loss	78850.6923828
batch	8070	valid_loss	78827.940918
batch	8100	valid_loss	78820.6142578
batch	8130	valid_loss	78859.4399414
batch	8160	valid_loss	78818.3579102
batch	8190	valid_loss	78826.5668945
batch	8220	valid_loss	78816.1904297
batch	8250	valid_loss	78822.5185547
batch	8280	valid_loss	78821.8115234
batch	8310	valid_loss	78825.3618164
batch	8340	valid_loss	78828.7407227
batch	8370	valid_loss	78807.8955078
batch	8400	valid_loss	78830.4077148
batch	8430	valid_loss	78838.1142578
batch	8460	valid_loss	78783.1655273
batch	8490	valid_loss	78795.8623047
batch	8520	valid_loss	78790.2734375
batch	8550	valid_loss	78812.4638672
batch	8580	valid_loss	78774.7241211
batch	8610	valid_loss	78787.9868164
batch	8640	valid_loss	78769.1225586
batch	8670	valid_loss	78778.2988281
batch	8700	valid_loss	78764.5776367
batch	8730	valid_loss	78756.7094727
batch	8760	valid_loss	78774.5639648
batch	8790	valid_loss	78778.6450195
batch	8820	valid_loss	78786.5439453
batch	8850	valid_loss	78736.03125
batch	8880	valid_loss	78752.5195312
batch	8910	valid_loss	78764.8842773
batch	8940	valid_loss	78768.8725586
batch	8970	valid_loss	78751.2871094
batch	9000	valid_loss	78740.6328125
batch	9030	valid_loss	78765.831543
batch	9060	valid_loss	78774.2216797
batch	9090	valid_loss	78755.7519531
batch	9120	valid_loss	78746.5478516
batch	9150	valid_loss	78755.4423828
batch	9180	valid_loss	78705.7216797
batch	9210	valid_loss	78733.109375
batch	9240	valid_loss	78727.402832
batch	9270	valid_loss	78754.0981445
batch	9300	valid_loss	78727.2509766
batch	9330	valid_loss	78761.2924805
batch	9360	valid_loss	78719.5893555
batch	9390	valid_loss	78705.7836914
batch	9420	valid_loss	78728.4550781
batch	9450	valid_loss	78706.3598633
batch	9480	valid_loss	78718.3105469
batch	9510	valid_loss	78701.7709961
batch	9540	valid_loss	78716.090332
batch	9570	valid_loss	78746.4624023
batch	9600	valid_loss	78719.5024414
batch	9630	valid_loss	78698.527832
batch	9660	valid_loss	78695.4672852
batch	9690	valid_loss	78732.4335938
batch	9720	valid_loss	78698.3515625
batch	9750	valid_loss	78706.7529297
batch	9780	valid_loss	78693.9663086
batch	9810	valid_loss	78702.2304688
batch	9840	valid_loss	78713.2587891
batch	9870	valid_loss	78714.0893555
batch	9900	valid_loss	78720.0576172
batch	9930	valid_loss	78694.1826172
batch	9960	valid_loss	78720.6748047
batch	9990	valid_loss	78734.8457031
batch	10020	valid_loss	78677.2236328
batch	10050	valid_loss	78693.144043
batch	10080	valid_loss	78692.7783203
batch	10110	valid_loss	78713.9326172
batch	10140	valid_loss	78681.7651367
batch	10170	valid_loss	78702.0356445
batch	10200	valid_loss	78677.3857422
batch	10230	valid_loss	78685.1547852
batch	10260	valid_loss	78674.6464844
batch	10290	valid_loss	78666.4814453
batch	10320	valid_loss	78685.9633789
batch	10350	valid_loss	78695.3139648
batch	10380	valid_loss	78705.3457031
batch	10410	valid_loss	78650.3227539
batch	10440	valid_loss	78670.340332
batch	10470	valid_loss	78684.2514648
batch	10500	valid_loss	78691.6342773
batch	10530	valid_loss	78675.3725586
batch	10560	valid_loss	78661.1240234
batch	10590	valid_loss	78690.0253906
batch	10620	valid_loss	78698.1240234
batch	10650	valid_loss	78682.4047852
batch	10680	valid_loss	78674.2504883
batch	10710	valid_loss	78680.9057617
batch	10740	valid_loss	78639.5800781
batch	10770	valid_loss	78664.5424805
batch	10800	valid_loss	78661.0273438
batch	10830	valid_loss	78689.3945312
batch	10860	valid_loss	78663.7866211
batch	10890	valid_loss	78694.6230469
batch	10920	valid_loss	78656.6503906
batch	10950	valid_loss	78642.6318359
batch	10980	valid_loss	78665.5229492
batch	11010	valid_loss	78644.6669922
batch	11040	valid_loss	78658.965332
batch	11070	valid_loss	78642.3359375
batch	11100	valid_loss	78657.6196289
batch	11130	valid_loss	78687.2871094
batch	11160	valid_loss	78665.6005859
batch	11190	valid_loss	78641.6821289
batch	11220	valid_loss	78639.5131836
batch	11250	valid_loss	78675.6953125
batch	11280	valid_loss	78645.1660156
batch	11310	valid_loss	78653.4526367
batch	11340	valid_loss	78640.3452148
batch	11370	valid_loss	78647.953125
batch	11400	valid_loss	78664.4946289
batch	11430	valid_loss	78662.8413086
batch	11460	valid_loss	78669.6079102
batch	11490	valid_loss	78641.793457
batch	11520	valid_loss	78669.6665039
batch	11550	valid_loss	78684.5083008
batch	11580	valid_loss	78627.168457
batch	11610	valid_loss	78644.8271484
batch	11640	valid_loss	78646.1977539
batch	11670	valid_loss	78669.0571289
batch	11700	valid_loss	78637.0463867
batch	11730	valid_loss	78653.2333984
batch	11760	valid_loss	78630.5791016
batch	11790	valid_loss	78639.800293
batch	11820	valid_loss	78629.409668
batch	11850	valid_loss	78620.3393555
batch	11880	valid_loss	78642.7958984
batch	11910	valid_loss	78651.1137695
batch	11940	valid_loss	78664.6757812
batch	11970	valid_loss	78608.2080078
batch	12000	valid_loss	78628.5195312
batch	12030	valid_loss	78645.159668
batch	12060	valid_loss	78649.9082031
batch	12090	valid_loss	78634.246582
batch	12120	valid_loss	78619.074707
batch	12150	valid_loss	78649.3237305
batch	12180	valid_loss	78657.6992188
batch	12210	valid_loss	78642.9814453
batch	12240	valid_loss	78635.2402344
batch	12270	valid_loss	78640.5625
batch	12300	valid_loss	78602.6040039
batch	12330	valid_loss	78626.8349609
batch	12360	valid_loss	78622.6933594
batch	12390	valid_loss	78650.4614258
batch	12420	valid_loss	78625.3725586
batch	12450	valid_loss	78656.0561523
batch	12480	valid_loss	78620.0205078
batch	12510	valid_loss	78605.5043945
batch	12540	valid_loss	78629.6835938
batch	12570	valid_loss	78609.2333984
batch	12600	valid_loss	78622.7929688
batch	12630	valid_loss	78606.1826172
batch	12660	valid_loss	78621.7685547
batch	12690	valid_loss	78651.4482422
batch	12720	valid_loss	78629.2363281
batch	12750	valid_loss	78607.1079102
batch	12780	valid_loss	78605.4907227
batch	12810	valid_loss	78639.8823242
batch	12840	valid_loss	78612.1289062
batch	12870	valid_loss	78620.5380859
batch	12900	valid_loss	78606.5263672
batch	12930	valid_loss	78612.9882812
batch	12960	valid_loss	78633.171875
batch	12990	valid_loss	78629.1054688
batch	13020	valid_loss	78635.1699219
batch	13050	valid_loss	78608.6113281
batch	13080	valid_loss	78636.3579102
batch	13110	valid_loss	78652.0839844
batch	13140	valid_loss	78594.4360352
batch	13170	valid_loss	78612.9243164
batch	13200	valid_loss	78614.9179688
batch	13230	valid_loss	78637.6386719
batch	13260	valid_loss	78607.9458008
batch	13290	valid_loss	78619.6757812
batch	13320	valid_loss	78600.4477539
batch	13350	valid_loss	78608.1010742
batch	13380	valid_loss	78599.1479492
batch	13410	valid_loss	78589.4907227
batch	13440	valid_loss	78612.815918
batch	13470	valid_loss	78619.7231445
batch	13500	valid_loss	78635.9291992
batch	13530	valid_loss	78578.8334961
batch	13560	valid_loss	78598.2407227
batch	13590	valid_loss	78616.0493164
batch	13620	valid_loss	78619.8779297
batch	13650	valid_loss	78604.6342773
batch	13680	valid_loss	78589.9921875
batch	13710	valid_loss	78619.8847656
batch	13740	valid_loss	78628.9169922
batch	13770	valid_loss	78614.6855469
batch	13800	valid_loss	78606.3754883
batch	13830	valid_loss	78612.4501953
batch	13860	valid_loss	78574.3461914
batch	13890	valid_loss	78599.2387695
batch	13920	valid_loss	78594.5864258
batch	13950	valid_loss	78622.0517578
batch	13980	valid_loss	78596.8740234
batch	14010	valid_loss	78627.5825195
batch	14040	valid_loss	78593.1201172
batch	14070	valid_loss	78577.8007812
batch	14100	valid_loss	78603.3168945
batch	14130	valid_loss	78582.6245117
batch	14160	valid_loss	78596.2451172
batch	14190	valid_loss	78579.2260742
batch	14220	valid_loss	78595.4174805
batch	14250	valid_loss	78624.2836914
batch	14280	valid_loss	78602.7587891
batch	14310	valid_loss	78581.2016602
batch	14340	valid_loss	78580.21875
batch	14370	valid_loss	78613.1020508
batch	14400	valid_loss	78586.4179688
batch	14430	valid_loss	78595.0556641
batch	14460	valid_loss	78581.6660156
batch	14490	valid_loss	78586.6206055
batch	14520	valid_loss	78609.0239258
batch	14550	valid_loss	78603.3183594
batch	14580	valid_loss	78610.2402344
batch	14610	valid_loss	78583.1943359
batch	14640	valid_loss	78610.2592773
batch	14670	valid_loss	78626.6889648
batch	14700	valid_loss	78568.8745117
batch	14730	valid_loss	78588.1743164
batch	14760	valid_loss	78589.8798828
batch	14790	valid_loss	78613.5029297
batch	14820	valid_loss	78584.7089844
batch	14850	valid_loss	78595.3701172
batch	14880	valid_loss	78577.4746094
batch	14910	valid_loss	78583.9326172
batch	14940	valid_loss	78575.5058594
batch	14970	valid_loss	78565.5351562
batch	15000	valid_loss	78589.559082
batch	15030	valid_loss	78595.7197266
batch	15060	valid_loss	78613.1162109
batch	15090	valid_loss	78555.565918
batch	15120	valid_loss	78574.7587891
batch	15150	valid_loss	78593.8818359
batch	15180	valid_loss	78596.7402344
batch	15210	valid_loss	78581.9599609
batch	15240	valid_loss	78567.1376953
batch	15270	valid_loss	78596.378418
batch	15300	valid_loss	78605.6884766
batch	15330	valid_loss	78592.6601562
batch	15360	valid_loss	78583.8115234
batch	15390	valid_loss	78590.1401367
batch	15420	valid_loss	78552.3276367
batch	15450	valid_loss	78577.0952148
batch	15480	valid_loss	78572.4838867
batch	15510	valid_loss	78599.7602539
batch	15540	valid_loss	78574.6723633
batch	15570	valid_loss	78605.1162109
batch	15600	valid_loss	78571.9633789
batch	15630	valid_loss	78555.7329102
batch	15660	valid_loss	78582.3847656
batch	15690	valid_loss	78561.3183594
batch	15720	valid_loss	78574.6245117
batch	15750	valid_loss	78557.8115234
batch	15780	valid_loss	78573.5483398
batch	15810	valid_loss	78602.0693359
batch	15840	valid_loss	78582.1152344
batch	15870	valid_loss	78560.5439453
batch	15900	valid_loss	78559.9345703
batch	15930	valid_loss	78591.4746094
batch	15960	valid_loss	78565.9863281
batch	15990	valid_loss	78574.6005859
batch	16020	valid_loss	78561.8823242
batch	16050	valid_loss	78565.1044922
batch	16080	valid_loss	78589.2709961
batch	16110	valid_loss	78582.3300781
batch	16140	valid_loss	78589.9775391
batch	16170	valid_loss	78562.7314453
batch	16200	valid_loss	78588.9658203
batch	16230	valid_loss	78606.4516602
batch	16260	valid_loss	78548.359375
batch	16290	valid_loss	78568.3110352
batch	16320	valid_loss	78569.796875
batch	16350	valid_loss	78593.921875
batch	16380	valid_loss	78565.8085938
batch	16410	valid_loss	78575.4306641
batch	16440	valid_loss	78558.296875
batch	16470	valid_loss	78564.6806641
batch	16500	valid_loss	78556.6196289
batch	16530	valid_loss	78546.2714844
batch	16560	valid_loss	78571.003418
batch	16590	valid_loss	78575.8588867
batch	16620	valid_loss	78594.75
batch	16650	valid_loss	78536.637207
batch	16680	valid_loss	78555.5620117
batch	16710	valid_loss	78574.6987305
batch	16740	valid_loss	78577.5932617
batch	16770	valid_loss	78563.1235352
batch	16800	valid_loss	78548.3842773
batch	16830	valid_loss	78577.0332031
batch	16860	valid_loss	78587.0375977
batch	16890	valid_loss	78574.6025391
batch	16920	valid_loss	78565.3554688
batch	16950	valid_loss	78572.6367188
batch	16980	valid_loss	78534.1796875
batch	17010	valid_loss	78559.0332031
batch	17040	valid_loss	78554.3085938
batch	17070	valid_loss	78581.8740234
batch	17100	valid_loss	78556.800293
batch	17130	valid_loss	78586.7631836
batch	17160	valid_loss	78554.5493164
batch	17190	valid_loss	78537.5322266
batch	17220	valid_loss	78565.315918
batch	17250	valid_loss	78544.1342773
batch	17280	valid_loss	78557.3476562
batch	17310	valid_loss	78540.3564453
batch	17340	valid_loss	78556.2177734
batch	17370	valid_loss	78584.1557617
batch	17400	valid_loss	78565.4082031
batch	17430	valid_loss	78543.8613281
batch	17460	valid_loss	78543.7631836
batch	17490	valid_loss	78574.0966797
batch	17520	valid_loss	78549.2514648
batch	17550	valid_loss	78557.9790039
batch	17580	valid_loss	78545.7988281
batch	17610	valid_loss	78547.7539062
batch	17640	valid_loss	78573.0263672
batch	17670	valid_loss	78565.590332
batch	17700	valid_loss	78573.9262695
batch	17730	valid_loss	78546.1445312
batch	17760	valid_loss	78571.5712891
batch	17790	valid_loss	78589.4414062
batch	17820	valid_loss	78531.7026367
batch	17850	valid_loss	78552.0834961
batch	17880	valid_loss	78552.9472656
batch	17910	valid_loss	78577.8999023
batch	17940	valid_loss	78550.2050781
batch	17970	valid_loss	78560.1542969
batch	18000	valid_loss	78543.0756836
batch	18030	valid_loss	78549.0693359
batch	18060	valid_loss	78541.3520508
batch	18090	valid_loss	78530.6811523
batch	18120	valid_loss	78556.0629883
batch	18150	valid_loss	78559.7822266
batch	18180	valid_loss	78579.7324219
batch	18210	valid_loss	78520.9814453
batch	18240	valid_loss	78539.8828125
batch	18270	valid_loss	78559.8930664
batch	18300	valid_loss	78562.3959961
batch	18330	valid_loss	78548.0395508
batch	18360	valid_loss	78533.4023438
batch	18390	valid_loss	78561.3632812
batch	18420	valid_loss	78571.4238281
batch	18450	valid_loss	78560.2587891
batch	18480	valid_loss	78550.5117188
batch	18510	valid_loss	78558.059082
batch	18540	valid_loss	78519.3579102
batch	18570	valid_loss	78544.0795898
batch	18600	valid_loss	78539.1889648
batch	18630	valid_loss	78567.1547852
batch	18660	valid_loss	78542.1499023
batch	18690	valid_loss	78571.715332
batch	18720	valid_loss	78540.2944336
batch	18750	valid_loss	78522.7441406
batch	18780	valid_loss	78551.7167969
batch	18810	valid_loss	78529.9067383
batch	18840	valid_loss	78543.0229492
batch	18870	valid_loss	78526.1889648
batch	18900	valid_loss	78541.5585938
batch	18930	valid_loss	78569.1542969
batch	18960	valid_loss	78551.8789062
batch	18990	valid_loss	78530.434082
batch	19020	valid_loss	78530.3623047
batch	19050	valid_loss	78559.7348633
batch	19080	valid_loss	78535.9628906
batch	19110	valid_loss	78544.6000977
batch	19140	valid_loss	78532.6259766
batch	19170	valid_loss	78533.3623047
batch	19200	valid_loss	78559.5864258
batch	19230	valid_loss	78551.4746094
batch	19260	valid_loss	78560.550293
batch	19290	valid_loss	78532.4765625
batch	19320	valid_loss	78557.246582
batch	19350	valid_loss	78575.878418
batch	19380	valid_loss	78518.1337891
batch	19410	valid_loss	78538.9140625
batch	19440	valid_loss	78539.3881836
batch	19470	valid_loss	78564.5341797
batch	19500	valid_loss	78537.46875
batch	19530	valid_loss	78545.8950195
batch	19560	valid_loss	78530.550293
batch	19590	valid_loss	78536.2397461
batch	19620	valid_loss	78528.6210938
batch	19650	valid_loss	78517.7856445
batch	19680	valid_loss	78543.7563477
batch	19710	valid_loss	78546.293457
batch	19740	valid_loss	78567.2075195
batch	19770	valid_loss	78508.3330078
batch	19800	valid_loss	78526.7749023
batch	19830	valid_loss	78546.921875
batch	19860	valid_loss	78549.6484375
batch	19890	valid_loss	78535.3549805
batch	19920	valid_loss	78521.1054688
batch	19950	valid_loss	78548.418457
batch	19980	valid_loss	78558.9365234
batch	20010	valid_loss	78548.324707
batch	20040	valid_loss	78538.1640625
batch	20070	valid_loss	78546.5185547
batch	20100	valid_loss	78506.855957
batch	20130	valid_loss	78531.7924805
batch	20160	valid_loss	78526.9321289
batch	20190	valid_loss	78554.9731445
batch	20220	valid_loss	78530.0942383
batch	20250	valid_loss	78559.4541016
batch	20280	valid_loss	78528.4833984
batch	20310	valid_loss	78510.527832
batch	20340	valid_loss	78540.3623047
batch	20370	valid_loss	78518.175293
batch	20400	valid_loss	78531.324707
batch	20430	valid_loss	78514.2763672
batch	20460	valid_loss	78529.9433594
batch	20490	valid_loss	78556.9375
batch	20520	valid_loss	78540.8354492
batch	20550	valid_loss	78519.5996094
batch	20580	valid_loss	78519.7358398
batch	20610	valid_loss	78548.0942383
batch	20640	valid_loss	78524.8134766
batch	20670	valid_loss	78533.4829102
batch	20700	valid_loss	78521.7167969
batch	20730	valid_loss	78521.6660156
batch	20760	valid_loss	78548.5283203
batch	20790	valid_loss	78540.1342773
batch	20820	valid_loss	78549.6948242
batch	20850	valid_loss	78521.5068359
batch	20880	valid_loss	78545.4643555
batch	20910	valid_loss	78564.1816406
batch	20940	valid_loss	78507.0976562
batch	20970	valid_loss	78528.0224609
batch	21000	valid_loss	78527.7978516
batch	21030	valid_loss	78553.5737305
batch	21060	valid_loss	78526.8022461
batch	21090	valid_loss	78534.8154297
batch	21120	valid_loss	78520.6801758
batch	21150	valid_loss	78525.7119141
batch	21180	valid_loss	78517.8613281
batch	21210	valid_loss	78506.9072266
batch	21240	valid_loss	78533.6469727
batch	21270	valid_loss	78535.4916992
batch	21300	valid_loss	78556.6645508
batch	21330	valid_loss	78497.9033203
batch	21360	valid_loss	78516.21875
batch	21390	valid_loss	78537.1601562
batch	21420	valid_loss	78539.4477539
batch	21450	valid_loss	78525.0888672
batch	21480	valid_loss	78511.0478516
batch	21510	valid_loss	78537.8696289
batch	21540	valid_loss	78548.4301758
batch	21570	valid_loss	78538.9790039
batch	21600	valid_loss	78528.2807617
batch	21630	valid_loss	78536.7900391
batch	21660	valid_loss	78496.9155273
batch	21690	valid_loss	78521.5869141
batch	21720	valid_loss	78516.9897461
batch	21750	valid_loss	78545.1171875
batch	21780	valid_loss	78520.3193359
batch	21810	valid_loss	78549.418457
batch	21840	valid_loss	78519.0595703
batch	21870	valid_loss	78500.6591797
batch	21900	valid_loss	78531.4326172
batch	21930	valid_loss	78508.7578125
batch	21960	valid_loss	78521.5146484
batch	21990	valid_loss	78504.7973633
batch	22020	valid_loss	78519.8789062
batch	22050	valid_loss	78546.7304688
batch	22080	valid_loss	78531.7739258
batch	22110	valid_loss	78510.4174805
batch	22140	valid_loss	78510.7294922
batch	22170	valid_loss	78538.1811523
batch	22200	valid_loss	78515.9326172
batch	22230	valid_loss	78524.5161133
batch	22260	valid_loss	78512.9121094
batch	22290	valid_loss	78511.7431641
batch	22320	valid_loss	78539.3730469
batch	22350	valid_loss	78530.3496094
batch	22380	valid_loss	78540.7319336
batch	22410	valid_loss	78512.3691406
batch	22440	valid_loss	78535.5854492
batch	22470	valid_loss	78554.8583984
batch	22500	valid_loss	78498.0063477
batch	22530	valid_loss	78519.09375
batch	22560	valid_loss	78518.515625
batch	22590	valid_loss	78544.2456055
batch	22620	valid_loss	78518.0888672
batch	22650	valid_loss	78525.4619141
batch	22680	valid_loss	78512.0693359
batch	22710	valid_loss	78517.0620117
batch	22740	valid_loss	78509.5268555
batch	22770	valid_loss	78498.2753906
batch	22800	valid_loss	78525.4975586
batch	22830	valid_loss	78526.3911133
batch	22860	valid_loss	78548.2426758
batch	22890	valid_loss	78489.3183594
batch	22920	valid_loss	78507.1791992
batch	22950	valid_loss	78527.9604492
batch	22980	valid_loss	78530.5273438
batch	23010	valid_loss	78516.2817383
batch	23040	valid_loss	78502.8754883
batch	23070	valid_loss	78529.0678711
batch	23100	valid_loss	78539.956543
batch	23130	valid_loss	78530.9248047
batch	23160	valid_loss	78519.8603516
batch	23190	valid_loss	78529.1630859
batch	23220	valid_loss	78488.4672852
batch	23250	valid_loss	78513.2788086
batch	23280	valid_loss	78508.6743164
batch	23310	valid_loss	78536.5742188
batch	23340	valid_loss	78512.0385742
batch	23370	valid_loss	78541.0292969
batch	23400	valid_loss	78511.1147461
batch	23430	valid_loss	78492.2973633
batch	23460	valid_loss	78523.9140625
batch	23490	valid_loss	78500.8432617
batch	23520	valid_loss	78513.4580078
batch	23550	valid_loss	78496.6464844
batch	23580	valid_loss	78512.0371094
batch	23610	valid_loss	78538.2739258
batch	23640	valid_loss	78524.4506836
batch	23670	valid_loss	78503.0786133
batch	23700	valid_loss	78503.4643555
batch	23730	valid_loss	78530.1108398
batch	23760	valid_loss	78508.6518555
batch	23790	valid_loss	78516.9311523
batch	23820	valid_loss	78505.7563477
batch	23850	valid_loss	78503.7504883
batch	23880	valid_loss	78531.8222656
batch	23910	valid_loss	78522.5551758
batch	23940	valid_loss	78533.4418945
batch	23970	valid_loss	78504.8637695
batch	24000	valid_loss	78527.5029297
batch	24030	valid_loss	78546.8710938
batch	24060	valid_loss	78490.6166992
batch	24090	valid_loss	78511.7592773
batch	24120	valid_loss	78510.5317383
batch	24150	valid_loss	78536.8032227
batch	24180	valid_loss	78510.8461914
batch	24210	valid_loss	78518.1948242
batch	24240	valid_loss	78505.4492188
batch	24270	valid_loss	78509.7392578
batch	24300	valid_loss	78502.027832
batch	24330	valid_loss	78490.9453125
batch	24360	valid_loss	78518.6870117
batch	24390	valid_loss	78518.9526367
batch	24420	valid_loss	78540.8706055
batch	24450	valid_loss	78482.2075195
batch	24480	valid_loss	78499.862793
batch	24510	valid_loss	78521.0493164
batch	24540	valid_loss	78523.6030273
batch	24570	valid_loss	78509.15625
batch	24600	valid_loss	78496.0629883
batch	24630	valid_loss	78521.8657227
batch	24660	valid_loss	78532.7290039
batch	24690	valid_loss	78524.675293
batch	24720	valid_loss	78513.2080078
batch	24750	valid_loss	78522.6625977
batch	24780	valid_loss	78481.5878906
batch	24810	valid_loss	78506.3203125
batch	24840	valid_loss	78501.7314453
batch	24870	valid_loss	78529.859375
batch	24900	valid_loss	78505.0585938
batch	24930	valid_loss	78534.0673828
batch	24960	valid_loss	78504.6191406
batch	24990	valid_loss	78485.4750977
STOP
