START
config	400	40	400	960
batch	0	valid_loss	8115267.0625
batch	30	valid_loss	221101.244141
batch	60	valid_loss	125439.991211
batch	90	valid_loss	120870.010742
batch	120	valid_loss	120644.331055
batch	150	valid_loss	120637.038086
batch	180	valid_loss	120638.262695
batch	210	valid_loss	120494.999023
batch	240	valid_loss	120407.420898
batch	270	valid_loss	120241.941406
batch	300	valid_loss	120076.796875
batch	330	valid_loss	119761.695312
batch	360	valid_loss	119293.628906
batch	390	valid_loss	118418.514648
batch	420	valid_loss	117018.456055
batch	450	valid_loss	115286.675781
batch	480	valid_loss	113460.426758
batch	510	valid_loss	111872.136719
batch	540	valid_loss	110669.523438
batch	570	valid_loss	109940.503906
batch	600	valid_loss	109461.130859
batch	630	valid_loss	109000.570312
batch	660	valid_loss	108803.227539
batch	690	valid_loss	108207.008789
batch	720	valid_loss	107835.397461
batch	750	valid_loss	107407.572266
batch	780	valid_loss	106978.330078
batch	810	valid_loss	106521.294922
batch	840	valid_loss	105899.360352
batch	870	valid_loss	105442.318359
batch	900	valid_loss	104958.12207
batch	930	valid_loss	104248.989258
batch	960	valid_loss	103803.729492
batch	990	valid_loss	103112.53418
batch	1020	valid_loss	102494.741211
batch	1050	valid_loss	101936.571289
batch	1080	valid_loss	101273.326172
batch	1110	valid_loss	100708.767578
batch	1140	valid_loss	99956.7167969
batch	1170	valid_loss	99351.765625
batch	1200	valid_loss	98880.5507812
batch	1230	valid_loss	98195.4990234
batch	1260	valid_loss	97590.6953125
batch	1290	valid_loss	96972.5126953
batch	1320	valid_loss	96470.3876953
batch	1350	valid_loss	95984.2851562
batch	1380	valid_loss	95277.6123047
batch	1410	valid_loss	94737.2480469
batch	1440	valid_loss	93993.9550781
batch	1470	valid_loss	93428.5888672
batch	1500	valid_loss	92866.5112305
batch	1530	valid_loss	92389.2998047
batch	1560	valid_loss	91747.9819336
batch	1590	valid_loss	91278.2866211
batch	1620	valid_loss	90843.9638672
batch	1650	valid_loss	90294.1704102
batch	1680	valid_loss	89787.9204102
batch	1710	valid_loss	89308.9570312
batch	1740	valid_loss	88865.2036133
batch	1770	valid_loss	88293.5258789
batch	1800	valid_loss	87967.5966797
batch	1830	valid_loss	87565.6459961
batch	1860	valid_loss	87028.2348633
batch	1890	valid_loss	86637.6938477
batch	1920	valid_loss	86243.3081055
batch	1950	valid_loss	85927.1767578
batch	1980	valid_loss	85546.5058594
batch	2010	valid_loss	85181.3837891
batch	2040	valid_loss	84840.6538086
batch	2070	valid_loss	84398.1240234
batch	2100	valid_loss	84095.1552734
batch	2130	valid_loss	83909.2744141
batch	2160	valid_loss	83310.3613281
batch	2190	valid_loss	83117.6650391
batch	2220	valid_loss	82843.4326172
batch	2250	valid_loss	82614.2529297
batch	2280	valid_loss	82262.4082031
batch	2310	valid_loss	82004.9770508
batch	2340	valid_loss	81773.1044922
batch	2370	valid_loss	81553.6049805
batch	2400	valid_loss	81307.7900391
batch	2430	valid_loss	81135.2021484
batch	2460	valid_loss	80831.5
batch	2490	valid_loss	80564.703125
batch	2520	valid_loss	80428.543457
batch	2550	valid_loss	80257.6191406
batch	2580	valid_loss	79998.9975586
batch	2610	valid_loss	79819.4794922
batch	2640	valid_loss	79542.4121094
batch	2670	valid_loss	79596.1484375
batch	2700	valid_loss	79280.1254883
batch	2730	valid_loss	79216.5161133
batch	2760	valid_loss	79127.465332
batch	2790	valid_loss	78832.5766602
batch	2820	valid_loss	78686.1674805
batch	2850	valid_loss	78569.8168945
batch	2880	valid_loss	78544.7182617
batch	2910	valid_loss	78454.5273438
batch	2940	valid_loss	78190.4145508
batch	2970	valid_loss	78179.3217773
batch	3000	valid_loss	77985.1547852
batch	3030	valid_loss	77942.4404297
batch	3060	valid_loss	77925.1499023
batch	3090	valid_loss	77728.8867188
batch	3120	valid_loss	77565.2480469
batch	3150	valid_loss	77591.3334961
batch	3180	valid_loss	77497.6386719
batch	3210	valid_loss	77476.0126953
batch	3240	valid_loss	77286.3916016
batch	3270	valid_loss	77262.800293
batch	3300	valid_loss	77188.5952148
batch	3330	valid_loss	77047.1567383
batch	3360	valid_loss	77008.5834961
batch	3390	valid_loss	77028.2060547
batch	3420	valid_loss	76837.203125
batch	3450	valid_loss	76876.190918
batch	3480	valid_loss	76687.9716797
batch	3510	valid_loss	76793.0986328
batch	3540	valid_loss	76718.9077148
batch	3570	valid_loss	76567.4946289
batch	3600	valid_loss	76572.9868164
batch	3630	valid_loss	76440.8383789
batch	3660	valid_loss	76490.6259766
batch	3690	valid_loss	76525.9946289
batch	3720	valid_loss	76348.4614258
batch	3750	valid_loss	76289.8071289
batch	3780	valid_loss	76373.2475586
batch	3810	valid_loss	76354.4370117
batch	3840	valid_loss	76332.8291016
batch	3870	valid_loss	76111.9516602
batch	3900	valid_loss	76117.1499023
batch	3930	valid_loss	76107.7612305
batch	3960	valid_loss	76108.2285156
batch	3990	valid_loss	76122.3671875
batch	4020	valid_loss	76062.2880859
batch	4050	valid_loss	75951.3632812
batch	4080	valid_loss	75863.612793
batch	4110	valid_loss	75907.2495117
batch	4140	valid_loss	75866.2036133
batch	4170	valid_loss	75831.2358398
batch	4200	valid_loss	75882.1899414
batch	4230	valid_loss	75781.4985352
batch	4260	valid_loss	75707.953125
batch	4290	valid_loss	75707.5893555
batch	4320	valid_loss	75838.8549805
batch	4350	valid_loss	75718.1708984
batch	4380	valid_loss	75661.5795898
batch	4410	valid_loss	75641.2426758
batch	4440	valid_loss	75670.8413086
batch	4470	valid_loss	75614.2714844
batch	4500	valid_loss	75567.1391602
batch	4530	valid_loss	75635.0878906
batch	4560	valid_loss	75497.1948242
batch	4590	valid_loss	75517.0253906
batch	4620	valid_loss	75519.2182617
batch	4650	valid_loss	75522.1992188
batch	4680	valid_loss	75422.7177734
batch	4710	valid_loss	75585.0288086
batch	4740	valid_loss	75507.0683594
batch	4770	valid_loss	75509.9794922
batch	4800	valid_loss	75308.0834961
batch	4830	valid_loss	75465.3754883
batch	4860	valid_loss	75350.1196289
batch	4890	valid_loss	75283.7890625
batch	4920	valid_loss	75317.2773438
batch	4950	valid_loss	75347.972168
batch	4980	valid_loss	75371.4047852
batch	5010	valid_loss	75371.597168
batch	5040	valid_loss	75277.2475586
batch	5070	valid_loss	75348.637207
batch	5100	valid_loss	75217.4023438
batch	5130	valid_loss	75216.8730469
batch	5160	valid_loss	75292.496582
batch	5190	valid_loss	75193.5644531
batch	5220	valid_loss	75228.7734375
batch	5250	valid_loss	75254.5268555
batch	5280	valid_loss	75333.8652344
batch	5310	valid_loss	75111.0673828
batch	5340	valid_loss	75242.0961914
batch	5370	valid_loss	75302.1074219
batch	5400	valid_loss	75213.3061523
batch	5430	valid_loss	75057.9101562
batch	5460	valid_loss	75159.9453125
batch	5490	valid_loss	75035.1870117
batch	5520	valid_loss	75114.5205078
batch	5550	valid_loss	75192.3178711
batch	5580	valid_loss	75224.2456055
batch	5610	valid_loss	75098.6611328
batch	5640	valid_loss	75055.347168
batch	5670	valid_loss	75030.5507812
batch	5700	valid_loss	75031.5800781
batch	5730	valid_loss	75037.2163086
batch	5760	valid_loss	75063.418457
batch	5790	valid_loss	74992.1513672
batch	5820	valid_loss	74976.6152344
batch	5850	valid_loss	74969.6948242
batch	5880	valid_loss	75020.675293
batch	5910	valid_loss	75021.6977539
batch	5940	valid_loss	74934.7758789
batch	5970	valid_loss	74945.784668
batch	6000	valid_loss	74963.2666016
batch	6030	valid_loss	74961.3168945
batch	6060	valid_loss	74910.1958008
batch	6090	valid_loss	75059.0605469
batch	6120	valid_loss	74890.4072266
batch	6150	valid_loss	74929.8979492
batch	6180	valid_loss	74865.9243164
batch	6210	valid_loss	74947.0131836
batch	6240	valid_loss	74835.3974609
batch	6270	valid_loss	74958.0800781
batch	6300	valid_loss	74868.1679688
batch	6330	valid_loss	74917.8896484
batch	6360	valid_loss	74773.1142578
batch	6390	valid_loss	74905.8549805
batch	6420	valid_loss	74843.8583984
batch	6450	valid_loss	74796.2612305
batch	6480	valid_loss	74828.4667969
batch	6510	valid_loss	74949.1337891
batch	6540	valid_loss	74850.3374023
batch	6570	valid_loss	74813.0751953
batch	6600	valid_loss	74778.168457
batch	6630	valid_loss	74886.9438477
batch	6660	valid_loss	74798.15625
batch	6690	valid_loss	74728.8154297
batch	6720	valid_loss	74797.3969727
batch	6750	valid_loss	74750.4765625
batch	6780	valid_loss	74814.3779297
batch	6810	valid_loss	74838.543457
batch	6840	valid_loss	74788.8852539
batch	6870	valid_loss	74706.1733398
batch	6900	valid_loss	74861.0449219
batch	6930	valid_loss	74748.6772461
batch	6960	valid_loss	74819.3823242
batch	6990	valid_loss	74667.8442383
batch	7020	valid_loss	74742.140625
batch	7050	valid_loss	74733.6860352
batch	7080	valid_loss	74712.0483398
batch	7110	valid_loss	74819.8417969
batch	7140	valid_loss	74756.0371094
batch	7170	valid_loss	74637.4155273
batch	7200	valid_loss	74746.1503906
batch	7230	valid_loss	74674.8237305
batch	7260	valid_loss	74668.2392578
batch	7290	valid_loss	74667.8774414
batch	7320	valid_loss	74645.2460938
batch	7350	valid_loss	74739.0888672
batch	7380	valid_loss	74607.9291992
batch	7410	valid_loss	74717.6748047
batch	7440	valid_loss	74668.2436523
batch	7470	valid_loss	74671.8964844
batch	7500	valid_loss	74587.2143555
batch	7530	valid_loss	74655.1635742
batch	7560	valid_loss	74667.9277344
batch	7590	valid_loss	74589.7617188
batch	7620	valid_loss	74560.9370117
batch	7650	valid_loss	74696.956543
batch	7680	valid_loss	74618.6621094
batch	7710	valid_loss	74592.0019531
batch	7740	valid_loss	74611.4458008
batch	7770	valid_loss	74641.2675781
batch	7800	valid_loss	74520.5014648
batch	7830	valid_loss	74642.2290039
batch	7860	valid_loss	74522.7402344
batch	7890	valid_loss	74587.465332
batch	7920	valid_loss	74567.6435547
batch	7950	valid_loss	74605.1171875
batch	7980	valid_loss	74558.3681641
batch	8010	valid_loss	74469.4306641
batch	8040	valid_loss	74534.7983398
batch	8070	valid_loss	74638.9575195
batch	8100	valid_loss	74519.78125
batch	8130	valid_loss	74479.2797852
batch	8160	valid_loss	74487.277832
batch	8190	valid_loss	74508.7670898
batch	8220	valid_loss	74569.515625
batch	8250	valid_loss	74432.7675781
batch	8280	valid_loss	74459.5703125
batch	8310	valid_loss	74468.3007812
batch	8340	valid_loss	74453.7602539
batch	8370	valid_loss	74506.5063477
batch	8400	valid_loss	74434.8984375
batch	8430	valid_loss	74422.2084961
batch	8460	valid_loss	74473.7807617
batch	8490	valid_loss	74502.6513672
batch	8520	valid_loss	74452.1137695
batch	8550	valid_loss	74352.0175781
batch	8580	valid_loss	74440.5932617
batch	8610	valid_loss	74419.8554688
batch	8640	valid_loss	74361.9555664
batch	8670	valid_loss	74389.7216797
batch	8700	valid_loss	74431.1469727
batch	8730	valid_loss	74360.1015625
batch	8760	valid_loss	74395.8720703
batch	8790	valid_loss	74388.1162109
batch	8820	valid_loss	74356.4033203
batch	8850	valid_loss	74373.8876953
batch	8880	valid_loss	74304.3754883
batch	8910	valid_loss	74375.1191406
batch	8940	valid_loss	74255.8022461
batch	8970	valid_loss	74314.1225586
batch	9000	valid_loss	74385.2431641
batch	9030	valid_loss	74352.3745117
batch	9060	valid_loss	74296.5126953
batch	9090	valid_loss	74263.9609375
batch	9120	valid_loss	74236.5771484
batch	9150	valid_loss	74281.6821289
batch	9180	valid_loss	74229.8740234
batch	9210	valid_loss	74230.4882812
batch	9240	valid_loss	74252.9619141
batch	9270	valid_loss	74225.3056641
batch	9300	valid_loss	74266.0263672
batch	9330	valid_loss	74197.2802734
batch	9360	valid_loss	74192.4570312
batch	9390	valid_loss	74206.0986328
batch	9420	valid_loss	74137.6865234
batch	9450	valid_loss	74135.8598633
batch	9480	valid_loss	74158.2578125
batch	9510	valid_loss	74134.0288086
batch	9540	valid_loss	74118.9887695
batch	9570	valid_loss	74022.3217773
batch	9600	valid_loss	74064.7163086
batch	9630	valid_loss	74092.1162109
batch	9660	valid_loss	74033.6625977
batch	9690	valid_loss	73953.9233398
batch	9720	valid_loss	73996.9643555
batch	9750	valid_loss	73946.6933594
batch	9780	valid_loss	73952.2456055
batch	9810	valid_loss	73889.2514648
batch	9840	valid_loss	73855.8271484
batch	9870	valid_loss	73809.2324219
batch	9900	valid_loss	73782.519043
batch	9930	valid_loss	73832.3369141
batch	9960	valid_loss	73777.4189453
batch	9990	valid_loss	73794.6762695
batch	10020	valid_loss	73786.7475586
batch	10050	valid_loss	73719.1821289
batch	10080	valid_loss	73776.0029297
batch	10110	valid_loss	73654.8549805
batch	10140	valid_loss	73722.5131836
batch	10170	valid_loss	73671.390625
batch	10200	valid_loss	73596.8286133
batch	10230	valid_loss	73652.4130859
batch	10260	valid_loss	73654.8881836
batch	10290	valid_loss	73596.3291016
batch	10320	valid_loss	73557.2539062
batch	10350	valid_loss	73537.4414062
batch	10380	valid_loss	73523.2426758
batch	10410	valid_loss	73550.4765625
batch	10440	valid_loss	73450.5844727
batch	10470	valid_loss	73488.6552734
batch	10500	valid_loss	73415.8168945
batch	10530	valid_loss	73392.3344727
batch	10560	valid_loss	73420.3461914
batch	10590	valid_loss	73391.6630859
batch	10620	valid_loss	73370.2705078
batch	10650	valid_loss	73327.9365234
batch	10680	valid_loss	73235.0302734
batch	10710	valid_loss	73314.1728516
batch	10740	valid_loss	73210.1196289
batch	10770	valid_loss	73231.0302734
batch	10800	valid_loss	73250.3081055
batch	10830	valid_loss	73154.0483398
batch	10860	valid_loss	73161.03125
batch	10890	valid_loss	73122.6040039
batch	10920	valid_loss	73135.5283203
batch	10950	valid_loss	73099.4985352
batch	10980	valid_loss	72989.2333984
batch	11010	valid_loss	72964.921875
batch	11040	valid_loss	73015.3798828
batch	11070	valid_loss	72948.3632812
batch	11100	valid_loss	72963.2456055
batch	11130	valid_loss	72863.7089844
batch	11160	valid_loss	72839.909668
batch	11190	valid_loss	72864.6318359
batch	11220	valid_loss	72816.2695312
batch	11250	valid_loss	72741.8623047
batch	11280	valid_loss	72722.3930664
batch	11310	valid_loss	72656.8291016
batch	11340	valid_loss	72680.2841797
batch	11370	valid_loss	72587.6557617
batch	11400	valid_loss	72571.2592773
batch	11430	valid_loss	72511.2407227
batch	11460	valid_loss	72474.862793
batch	11490	valid_loss	72463.7104492
batch	11520	valid_loss	72398.5957031
batch	11550	valid_loss	72413.2797852
batch	11580	valid_loss	72381.3183594
batch	11610	valid_loss	72323.8393555
batch	11640	valid_loss	72311.7495117
batch	11670	valid_loss	72212.3540039
batch	11700	valid_loss	72206.5683594
batch	11730	valid_loss	72165.6049805
batch	11760	valid_loss	72065.8271484
batch	11790	valid_loss	72073.4956055
batch	11820	valid_loss	72026.4033203
batch	11850	valid_loss	71967.4140625
batch	11880	valid_loss	71903.2871094
batch	11910	valid_loss	71852.9243164
batch	11940	valid_loss	71840.1523438
batch	11970	valid_loss	71840.1152344
batch	12000	valid_loss	71723.996582
batch	12030	valid_loss	71706.6254883
batch	12060	valid_loss	71628.7485352
batch	12090	valid_loss	71559.1381836
batch	12120	valid_loss	71517.5400391
batch	12150	valid_loss	71529.940918
batch	12180	valid_loss	71449.8769531
batch	12210	valid_loss	71401.746582
batch	12240	valid_loss	71276.9106445
batch	12270	valid_loss	71318.3901367
batch	12300	valid_loss	71210.4521484
batch	12330	valid_loss	71181.2304688
batch	12360	valid_loss	71148.3056641
batch	12390	valid_loss	71033.4682617
batch	12420	valid_loss	71021.5029297
batch	12450	valid_loss	70973.3623047
batch	12480	valid_loss	70920.1035156
batch	12510	valid_loss	70856.0292969
batch	12540	valid_loss	70723.6000977
batch	12570	valid_loss	70672.4897461
batch	12600	valid_loss	70666.9033203
batch	12630	valid_loss	70590.4072266
batch	12660	valid_loss	70545.6958008
batch	12690	valid_loss	70427.0644531
batch	12720	valid_loss	70349.6694336
batch	12750	valid_loss	70368.4204102
batch	12780	valid_loss	70268.1899414
batch	12810	valid_loss	70169.1328125
batch	12840	valid_loss	70101.0678711
batch	12870	valid_loss	69989.418457
batch	12900	valid_loss	70002.0424805
batch	12930	valid_loss	69867.7050781
batch	12960	valid_loss	69816.1835938
batch	12990	valid_loss	69721.3671875
batch	13020	valid_loss	69656.0708008
batch	13050	valid_loss	69599.0932617
batch	13080	valid_loss	69528.1396484
batch	13110	valid_loss	69468.4863281
batch	13140	valid_loss	69413.3081055
batch	13170	valid_loss	69313.3227539
batch	13200	valid_loss	69251.7597656
batch	13230	valid_loss	69148.4575195
batch	13260	valid_loss	69081.7817383
batch	13290	valid_loss	69022.5180664
batch	13320	valid_loss	68878.4140625
batch	13350	valid_loss	68846.3676758
batch	13380	valid_loss	68736.762207
batch	13410	valid_loss	68630.9741211
batch	13440	valid_loss	68546.4350586
batch	13470	valid_loss	68445.309082
batch	13500	valid_loss	68390.5322266
batch	13530	valid_loss	68335.84375
batch	13560	valid_loss	68180.4604492
batch	13590	valid_loss	68117.0371094
batch	13620	valid_loss	68014.6030273
batch	13650	valid_loss	67879.9399414
batch	13680	valid_loss	67795.3696289
batch	13710	valid_loss	67750.703125
batch	13740	valid_loss	67632.4082031
batch	13770	valid_loss	67525.4692383
batch	13800	valid_loss	67349.2294922
batch	13830	valid_loss	67363.2275391
batch	13860	valid_loss	67219.5136719
batch	13890	valid_loss	67165.0283203
batch	13920	valid_loss	67063.9833984
batch	13950	valid_loss	66937.9267578
batch	13980	valid_loss	66866.5996094
batch	14010	valid_loss	66747.5068359
batch	14040	valid_loss	66694.7973633
batch	14070	valid_loss	66567.9272461
batch	14100	valid_loss	66435.3012695
batch	14130	valid_loss	66341.4003906
batch	14160	valid_loss	66302.1347656
batch	14190	valid_loss	66155.6142578
batch	14220	valid_loss	66134.5063477
batch	14250	valid_loss	65976.0141602
batch	14280	valid_loss	65903.421875
batch	14310	valid_loss	65837.5458984
batch	14340	valid_loss	65745.5673828
batch	14370	valid_loss	65615.7124023
batch	14400	valid_loss	65565.4516602
batch	14430	valid_loss	65449.5615234
batch	14460	valid_loss	65410.2231445
batch	14490	valid_loss	65297.2094727
batch	14520	valid_loss	65210.9267578
batch	14550	valid_loss	65105.4990234
batch	14580	valid_loss	65017.8125
batch	14610	valid_loss	64992.9921875
batch	14640	valid_loss	64863.3007812
batch	14670	valid_loss	64850.7929688
batch	14700	valid_loss	64779.3930664
batch	14730	valid_loss	64643.9702148
batch	14760	valid_loss	64611.2319336
batch	14790	valid_loss	64470.8461914
batch	14820	valid_loss	64454.7495117
batch	14850	valid_loss	64360.1835938
batch	14880	valid_loss	64272.4838867
batch	14910	valid_loss	64262.7084961
batch	14940	valid_loss	64159.6337891
batch	14970	valid_loss	64041.2382812
batch	15000	valid_loss	63973.4755859
batch	15030	valid_loss	63895.4628906
batch	15060	valid_loss	63830.6259766
batch	15090	valid_loss	63799.9770508
batch	15120	valid_loss	63682.9301758
batch	15150	valid_loss	63649.6748047
batch	15180	valid_loss	63560.7583008
batch	15210	valid_loss	63483.7836914
batch	15240	valid_loss	63401.6801758
batch	15270	valid_loss	63411.6347656
batch	15300	valid_loss	63285.6982422
batch	15330	valid_loss	63207.1162109
batch	15360	valid_loss	63061.6865234
batch	15390	valid_loss	63117.1953125
batch	15420	valid_loss	62991.3969727
batch	15450	valid_loss	62989.8583984
batch	15480	valid_loss	62908.4125977
batch	15510	valid_loss	62837.9487305
batch	15540	valid_loss	62810.5405273
batch	15570	valid_loss	62708.0859375
batch	15600	valid_loss	62655.2802734
batch	15630	valid_loss	62562.3911133
batch	15660	valid_loss	62462.9716797
batch	15690	valid_loss	62383.2905273
batch	15720	valid_loss	62371.8774414
batch	15750	valid_loss	62273.1166992
batch	15780	valid_loss	62238.5561523
batch	15810	valid_loss	62124.3076172
batch	15840	valid_loss	62066.7851562
batch	15870	valid_loss	62045.4223633
batch	15900	valid_loss	61939.1191406
batch	15930	valid_loss	61849.3452148
batch	15960	valid_loss	61836.1083984
batch	15990	valid_loss	61688.1777344
batch	16020	valid_loss	61672.90625
batch	16050	valid_loss	61602.3916016
batch	16080	valid_loss	61511.6040039
batch	16110	valid_loss	61425.0883789
batch	16140	valid_loss	61368.3520508
batch	16170	valid_loss	61371.9785156
batch	16200	valid_loss	61230.6123047
batch	16230	valid_loss	61195.3847656
batch	16260	valid_loss	61189.9321289
batch	16290	valid_loss	61079.9560547
batch	16320	valid_loss	60999.1362305
batch	16350	valid_loss	60900.7114258
batch	16380	valid_loss	60863.7172852
batch	16410	valid_loss	60798.2719727
batch	16440	valid_loss	60740.5209961
batch	16470	valid_loss	60743.5322266
batch	16500	valid_loss	60636.5195312
batch	16530	valid_loss	60500.4355469
batch	16560	valid_loss	60464.8388672
batch	16590	valid_loss	60408.0566406
batch	16620	valid_loss	60297.215332
batch	16650	valid_loss	60321.855957
batch	16680	valid_loss	60178.4589844
batch	16710	valid_loss	60142.3134766
batch	16740	valid_loss	60021.0693359
batch	16770	valid_loss	59984.6831055
batch	16800	valid_loss	59924.7329102
batch	16830	valid_loss	59901.7641602
batch	16860	valid_loss	59792.6166992
batch	16890	valid_loss	59715.6552734
batch	16920	valid_loss	59589.8007812
batch	16950	valid_loss	59609.7875977
batch	16980	valid_loss	59535.1352539
batch	17010	valid_loss	59517.3364258
batch	17040	valid_loss	59403.456543
batch	17070	valid_loss	59358.8515625
batch	17100	valid_loss	59311.3227539
batch	17130	valid_loss	59233.3491211
batch	17160	valid_loss	59163.8920898
batch	17190	valid_loss	59104.9052734
batch	17220	valid_loss	59005.0283203
batch	17250	valid_loss	58914.6381836
batch	17280	valid_loss	58902.9360352
batch	17310	valid_loss	58847.6274414
batch	17340	valid_loss	58782.2050781
batch	17370	valid_loss	58679.1972656
batch	17400	valid_loss	58632.9204102
batch	17430	valid_loss	58617.3242188
batch	17460	valid_loss	58526.3344727
batch	17490	valid_loss	58441.6875
batch	17520	valid_loss	58428.3798828
batch	17550	valid_loss	58298.9355469
batch	17580	valid_loss	58291.6728516
batch	17610	valid_loss	58221.6728516
batch	17640	valid_loss	58139.9619141
batch	17670	valid_loss	58065.6401367
batch	17700	valid_loss	58040.6533203
batch	17730	valid_loss	58017.965332
batch	17760	valid_loss	57921.3222656
batch	17790	valid_loss	57874.9003906
batch	17820	valid_loss	57888.5112305
batch	17850	valid_loss	57767.1547852
batch	17880	valid_loss	57704.8139648
batch	17910	valid_loss	57602.4614258
batch	17940	valid_loss	57582.203125
batch	17970	valid_loss	57534.5458984
batch	18000	valid_loss	57503.9643555
batch	18030	valid_loss	57508.1606445
batch	18060	valid_loss	57403.9599609
batch	18090	valid_loss	57309.1308594
batch	18120	valid_loss	57258.699707
batch	18150	valid_loss	57276.7612305
batch	18180	valid_loss	57143.5556641
batch	18210	valid_loss	57138.7651367
batch	18240	valid_loss	57047.5756836
batch	18270	valid_loss	57050.8964844
batch	18300	valid_loss	56922.019043
batch	18330	valid_loss	56903.1245117
batch	18360	valid_loss	56856.671875
batch	18390	valid_loss	56869.171875
batch	18420	valid_loss	56772.6098633
batch	18450	valid_loss	56726.5883789
batch	18480	valid_loss	56574.3017578
batch	18510	valid_loss	56609.8413086
batch	18540	valid_loss	56554.9848633
batch	18570	valid_loss	56578.9755859
batch	18600	valid_loss	56479.8999023
batch	18630	valid_loss	56443.4663086
batch	18660	valid_loss	56407.262207
batch	18690	valid_loss	56332.6323242
batch	18720	valid_loss	56313.9589844
batch	18750	valid_loss	56271.7753906
batch	18780	valid_loss	56183.4272461
batch	18810	valid_loss	56114.1611328
batch	18840	valid_loss	56101.1186523
batch	18870	valid_loss	56094.5800781
batch	18900	valid_loss	56027.1811523
batch	18930	valid_loss	55933.9199219
batch	18960	valid_loss	55909.5566406
batch	18990	valid_loss	55895.2084961
batch	19020	valid_loss	55831.9189453
batch	19050	valid_loss	55744.1523438
batch	19080	valid_loss	55747.9179688
batch	19110	valid_loss	55615.8916016
batch	19140	valid_loss	55665.3081055
batch	19170	valid_loss	55589.8452148
batch	19200	valid_loss	55595.7055664
batch	19230	valid_loss	55472.7802734
batch	19260	valid_loss	55470.1430664
batch	19290	valid_loss	55442.1098633
batch	19320	valid_loss	55360.9667969
batch	19350	valid_loss	55350.0991211
batch	19380	valid_loss	55339.9277344
batch	19410	valid_loss	55261.2358398
batch	19440	valid_loss	55238.6083984
batch	19470	valid_loss	55115.6142578
batch	19500	valid_loss	55139.769043
batch	19530	valid_loss	55112.9125977
batch	19560	valid_loss	55056.4931641
batch	19590	valid_loss	55059.5795898
batch	19620	valid_loss	54984.3066406
batch	19650	valid_loss	54905.0083008
batch	19680	valid_loss	54878.8374023
batch	19710	valid_loss	54885.722168
batch	19740	valid_loss	54792.2563477
batch	19770	valid_loss	54771.7548828
batch	19800	valid_loss	54738.5795898
batch	19830	valid_loss	54772.246582
batch	19860	valid_loss	54632.8237305
batch	19890	valid_loss	54592.0522461
batch	19920	valid_loss	54577.0727539
batch	19950	valid_loss	54593.1616211
batch	19980	valid_loss	54485.5249023
batch	20010	valid_loss	54531.5991211
batch	20040	valid_loss	54337.8276367
batch	20070	valid_loss	54389.0737305
batch	20100	valid_loss	54343.0893555
batch	20130	valid_loss	54365.4306641
batch	20160	valid_loss	54304.6469727
batch	20190	valid_loss	54268.0854492
batch	20220	valid_loss	54224.0576172
batch	20250	valid_loss	54161.512207
batch	20280	valid_loss	54143.7851562
batch	20310	valid_loss	54137.300293
batch	20340	valid_loss	54066.4125977
batch	20370	valid_loss	54007.4375
batch	20400	valid_loss	53992.8720703
batch	20430	valid_loss	54004.8256836
batch	20460	valid_loss	53928.640625
batch	20490	valid_loss	53842.3657227
batch	20520	valid_loss	53816.9814453
batch	20550	valid_loss	53806.0883789
batch	20580	valid_loss	53756.8999023
batch	20610	valid_loss	53694.1513672
batch	20640	valid_loss	53712.3344727
batch	20670	valid_loss	53595.2231445
batch	20700	valid_loss	53642.9926758
batch	20730	valid_loss	53578.2641602
batch	20760	valid_loss	53585.965332
batch	20790	valid_loss	53471.1108398
batch	20820	valid_loss	53468.8710938
batch	20850	valid_loss	53460.9599609
batch	20880	valid_loss	53382.6040039
batch	20910	valid_loss	53385.2617188
batch	20940	valid_loss	53372.8994141
batch	20970	valid_loss	53308.6889648
batch	21000	valid_loss	53288.8349609
batch	21030	valid_loss	53192.7353516
batch	21060	valid_loss	53198.0161133
batch	21090	valid_loss	53185.8066406
batch	21120	valid_loss	53131.0107422
batch	21150	valid_loss	53123.3930664
batch	21180	valid_loss	53080.2211914
batch	21210	valid_loss	53000.3540039
batch	21240	valid_loss	52991.6206055
batch	21270	valid_loss	53007.9707031
batch	21300	valid_loss	52908.5878906
batch	21330	valid_loss	52900.137207
batch	21360	valid_loss	52870.3105469
batch	21390	valid_loss	52872.3491211
batch	21420	valid_loss	52763.0761719
batch	21450	valid_loss	52741.9360352
batch	21480	valid_loss	52733.5307617
batch	21510	valid_loss	52743.9331055
batch	21540	valid_loss	52645.4355469
batch	21570	valid_loss	52686.7192383
batch	21600	valid_loss	52540.9018555
batch	21630	valid_loss	52568.2392578
batch	21660	valid_loss	52538.0712891
batch	21690	valid_loss	52543.5742188
batch	21720	valid_loss	52492.4863281
batch	21750	valid_loss	52453.6342773
batch	21780	valid_loss	52425.5087891
batch	21810	valid_loss	52386.4926758
batch	21840	valid_loss	52371.1323242
batch	21870	valid_loss	52358.5600586
batch	21900	valid_loss	52289.097168
batch	21930	valid_loss	52243.3413086
batch	21960	valid_loss	52238.4394531
batch	21990	valid_loss	52241.6450195
batch	22020	valid_loss	52214.0366211
batch	22050	valid_loss	52120.8105469
batch	22080	valid_loss	52093.480957
batch	22110	valid_loss	52094.8881836
batch	22140	valid_loss	52042.9482422
batch	22170	valid_loss	51988.2490234
batch	22200	valid_loss	52002.4243164
batch	22230	valid_loss	51927.480957
batch	22260	valid_loss	51971.1704102
batch	22290	valid_loss	51896.7602539
batch	22320	valid_loss	51871.762207
batch	22350	valid_loss	51783.987793
batch	22380	valid_loss	51797.0546875
batch	22410	valid_loss	51828.1743164
batch	22440	valid_loss	51751.7724609
batch	22470	valid_loss	51745.3491211
batch	22500	valid_loss	51749.6889648
batch	22530	valid_loss	51686.03125
batch	22560	valid_loss	51669.9667969
batch	22590	valid_loss	51566.8618164
batch	22620	valid_loss	51587.7338867
batch	22650	valid_loss	51574.7524414
batch	22680	valid_loss	51534.6665039
batch	22710	valid_loss	51540.050293
batch	22740	valid_loss	51503.1767578
batch	22770	valid_loss	51425.159668
batch	22800	valid_loss	51432.1723633
batch	22830	valid_loss	51436.1513672
batch	22860	valid_loss	51362.2275391
batch	22890	valid_loss	51364.3051758
batch	22920	valid_loss	51314.6831055
batch	22950	valid_loss	51322.0234375
batch	22980	valid_loss	51236.6132812
batch	23010	valid_loss	51218.5117188
batch	23040	valid_loss	51216.0136719
batch	23070	valid_loss	51233.1132812
batch	23100	valid_loss	51153.9887695
batch	23130	valid_loss	51165.7988281
batch	23160	valid_loss	51056.7783203
batch	23190	valid_loss	51088.2412109
batch	23220	valid_loss	51068.7788086
batch	23250	valid_loss	51058.9135742
batch	23280	valid_loss	51030.9624023
batch	23310	valid_loss	50991.9350586
batch	23340	valid_loss	50973.6987305
batch	23370	valid_loss	50947.3393555
batch	23400	valid_loss	50920.4033203
batch	23430	valid_loss	50927.0336914
batch	23460	valid_loss	50866.3828125
batch	23490	valid_loss	50810.0927734
batch	23520	valid_loss	50804.1938477
batch	23550	valid_loss	50820.9047852
batch	23580	valid_loss	50783.1889648
batch	23610	valid_loss	50727.0395508
batch	23640	valid_loss	50703.6791992
batch	23670	valid_loss	50701.3793945
batch	23700	valid_loss	50662.9599609
batch	23730	valid_loss	50611.5625
batch	23760	valid_loss	50619.0917969
batch	23790	valid_loss	50548.6699219
batch	23820	valid_loss	50598.5786133
batch	23850	valid_loss	50523.9902344
batch	23880	valid_loss	50488.5405273
batch	23910	valid_loss	50427.828125
batch	23940	valid_loss	50452.4873047
batch	23970	valid_loss	50484.1899414
batch	24000	valid_loss	50424.340332
batch	24030	valid_loss	50406.4130859
batch	24060	valid_loss	50421.5483398
batch	24090	valid_loss	50354.7114258
batch	24120	valid_loss	50359.7177734
batch	24150	valid_loss	50259.112793
batch	24180	valid_loss	50281.2719727
batch	24210	valid_loss	50263.4467773
batch	24240	valid_loss	50241.0024414
batch	24270	valid_loss	50249.6293945
batch	24300	valid_loss	50209.9902344
batch	24330	valid_loss	50140.8481445
batch	24360	valid_loss	50160.565918
batch	24390	valid_loss	50161.234375
batch	24420	valid_loss	50094.8105469
batch	24450	valid_loss	50100.0009766
batch	24480	valid_loss	50044.0410156
batch	24510	valid_loss	50059.0810547
batch	24540	valid_loss	49994.4438477
batch	24570	valid_loss	49963.565918
batch	24600	valid_loss	49956.625
batch	24630	valid_loss	50000.3222656
batch	24660	valid_loss	49919.6855469
batch	24690	valid_loss	49915.222168
batch	24720	valid_loss	49820.1206055
batch	24750	valid_loss	49865.637207
batch	24780	valid_loss	49839.2265625
batch	24810	valid_loss	49827.4951172
batch	24840	valid_loss	49827.7290039
batch	24870	valid_loss	49780.9594727
batch	24900	valid_loss	49759.512207
batch	24930	valid_loss	49734.7348633
batch	24960	valid_loss	49704.0878906
batch	24990	valid_loss	49722.8330078
STOP
START
config	400	40	400	960
batch	0	valid_loss	7753401.8125
batch	30	valid_loss	218426.337891
batch	60	valid_loss	125410.882812
batch	90	valid_loss	120837.881836
batch	120	valid_loss	120590.609375
batch	150	valid_loss	120546.931641
batch	180	valid_loss	120416.87793
batch	210	valid_loss	120336.782227
batch	240	valid_loss	120138.995117
batch	270	valid_loss	119854.791016
batch	300	valid_loss	119472.233398
batch	330	valid_loss	118871.40332
batch	360	valid_loss	117795.737305
batch	390	valid_loss	116346.313477
batch	420	valid_loss	114592.227539
batch	450	valid_loss	112896.672852
batch	480	valid_loss	111601.175781
batch	510	valid_loss	110831.924805
batch	540	valid_loss	110001.795898
batch	570	valid_loss	109462.577148
batch	600	valid_loss	108993.021484
batch	630	valid_loss	108585.198242
batch	660	valid_loss	108179.508789
batch	690	valid_loss	107592.259766
batch	720	valid_loss	107076.44043
batch	750	valid_loss	106522.530273
batch	780	valid_loss	105977.358398
batch	810	valid_loss	105413.004883
batch	840	valid_loss	104884.363281
batch	870	valid_loss	104324.321289
batch	900	valid_loss	103880.813477
batch	930	valid_loss	103212.755859
batch	960	valid_loss	102714.439453
batch	990	valid_loss	102009.707031
batch	1020	valid_loss	101412.599609
batch	1050	valid_loss	100838.336914
batch	1080	valid_loss	100131.68457
batch	1110	valid_loss	99596.234375
batch	1140	valid_loss	98912.0478516
batch	1170	valid_loss	98271.4111328
batch	1200	valid_loss	97750.9316406
batch	1230	valid_loss	97087.1904297
batch	1260	valid_loss	96455.0068359
batch	1290	valid_loss	95930.3583984
batch	1320	valid_loss	95159.7460938
batch	1350	valid_loss	94775.4091797
batch	1380	valid_loss	94034.5791016
batch	1410	valid_loss	93516.3632812
batch	1440	valid_loss	92866.0014648
batch	1470	valid_loss	92326.7514648
batch	1500	valid_loss	91873.3066406
batch	1530	valid_loss	91269.2915039
batch	1560	valid_loss	90759.9584961
batch	1590	valid_loss	90312.3833008
batch	1620	valid_loss	89881.1391602
batch	1650	valid_loss	89415.0068359
batch	1680	valid_loss	88821.6220703
batch	1710	valid_loss	88454.3256836
batch	1740	valid_loss	88010.3950195
batch	1770	valid_loss	87464.1884766
batch	1800	valid_loss	87189.4521484
batch	1830	valid_loss	86767.8852539
batch	1860	valid_loss	86315.0161133
batch	1890	valid_loss	85838.0883789
batch	1920	valid_loss	85469.019043
batch	1950	valid_loss	85079.831543
batch	1980	valid_loss	84849.7382812
batch	2010	valid_loss	84398.5922852
batch	2040	valid_loss	84075.8798828
batch	2070	valid_loss	83672.5888672
batch	2100	valid_loss	83437.5498047
batch	2130	valid_loss	83168.4619141
batch	2160	valid_loss	82715.1850586
batch	2190	valid_loss	82459.2612305
batch	2220	valid_loss	82250.515625
batch	2250	valid_loss	82062.0688477
batch	2280	valid_loss	81670.6801758
batch	2310	valid_loss	81384.5683594
batch	2340	valid_loss	81197.9995117
batch	2370	valid_loss	80898.4536133
batch	2400	valid_loss	80668.4277344
batch	2430	valid_loss	80584.6689453
batch	2460	valid_loss	80216.9594727
batch	2490	valid_loss	79939.5014648
batch	2520	valid_loss	79895.4321289
batch	2550	valid_loss	79569.5883789
batch	2580	valid_loss	79306.0874023
batch	2610	valid_loss	79324.9985352
batch	2640	valid_loss	79099.5327148
batch	2670	valid_loss	78957.6186523
batch	2700	valid_loss	78778.0976562
batch	2730	valid_loss	78648.6391602
batch	2760	valid_loss	78566.9550781
batch	2790	valid_loss	78267.6098633
batch	2820	valid_loss	78212.2504883
batch	2850	valid_loss	78077.6694336
batch	2880	valid_loss	78063.7822266
batch	2910	valid_loss	77967.0810547
batch	2940	valid_loss	77775.7280273
batch	2970	valid_loss	77770.4946289
batch	3000	valid_loss	77561.8359375
batch	3030	valid_loss	77550.425293
batch	3060	valid_loss	77409.96875
batch	3090	valid_loss	77334.9619141
batch	3120	valid_loss	77244.0556641
batch	3150	valid_loss	77261.1005859
batch	3180	valid_loss	77159.9833984
batch	3210	valid_loss	77077.449707
batch	3240	valid_loss	76930.0546875
batch	3270	valid_loss	77082.9194336
batch	3300	valid_loss	76909.3720703
batch	3330	valid_loss	76782.362793
batch	3360	valid_loss	76788.4790039
batch	3390	valid_loss	76749.7319336
batch	3420	valid_loss	76674.909668
batch	3450	valid_loss	76639.7202148
batch	3480	valid_loss	76600.0195312
batch	3510	valid_loss	76570.1655273
batch	3540	valid_loss	76561.7802734
batch	3570	valid_loss	76495.3232422
batch	3600	valid_loss	76468.5112305
batch	3630	valid_loss	76271.5727539
batch	3660	valid_loss	76374.0566406
batch	3690	valid_loss	76322.7412109
batch	3720	valid_loss	76248.8242188
batch	3750	valid_loss	76168.6469727
batch	3780	valid_loss	76306.3540039
batch	3810	valid_loss	76260.2524414
batch	3840	valid_loss	76180.5522461
batch	3870	valid_loss	76021.2407227
batch	3900	valid_loss	76130.8710938
batch	3930	valid_loss	76076.9013672
batch	3960	valid_loss	76009.6176758
batch	3990	valid_loss	76017.722168
batch	4020	valid_loss	76019.4614258
batch	4050	valid_loss	75869.5234375
batch	4080	valid_loss	75936.1484375
batch	4110	valid_loss	75873.7685547
batch	4140	valid_loss	75806.730957
batch	4170	valid_loss	75854.2954102
batch	4200	valid_loss	75880.6640625
batch	4230	valid_loss	75783.2226562
batch	4260	valid_loss	75721.7578125
batch	4290	valid_loss	75699.3271484
batch	4320	valid_loss	75850.8212891
batch	4350	valid_loss	75722.2299805
batch	4380	valid_loss	75672.1040039
batch	4410	valid_loss	75631.5800781
batch	4440	valid_loss	75619.940918
batch	4470	valid_loss	75795.3183594
batch	4500	valid_loss	75614.5991211
batch	4530	valid_loss	75646.4101562
batch	4560	valid_loss	75539.2202148
batch	4590	valid_loss	75592.762207
batch	4620	valid_loss	75511.4130859
batch	4650	valid_loss	75537.2270508
batch	4680	valid_loss	75439.5825195
batch	4710	valid_loss	75572.737793
batch	4740	valid_loss	75593.9423828
batch	4770	valid_loss	75532.0288086
batch	4800	valid_loss	75390.4428711
batch	4830	valid_loss	75520.7963867
batch	4860	valid_loss	75357.9785156
batch	4890	valid_loss	75352.8178711
batch	4920	valid_loss	75357.8398438
batch	4950	valid_loss	75410.612793
batch	4980	valid_loss	75403.871582
batch	5010	valid_loss	75473.652832
batch	5040	valid_loss	75366.5600586
batch	5070	valid_loss	75412.8168945
batch	5100	valid_loss	75254.9365234
batch	5130	valid_loss	75326.9047852
batch	5160	valid_loss	75398.2397461
batch	5190	valid_loss	75239.5834961
batch	5220	valid_loss	75285.8100586
batch	5250	valid_loss	75298.1523438
batch	5280	valid_loss	75297.4536133
batch	5310	valid_loss	75212.9697266
batch	5340	valid_loss	75300.2895508
batch	5370	valid_loss	75258.4873047
batch	5400	valid_loss	75309.5732422
batch	5430	valid_loss	75149.4282227
batch	5460	valid_loss	75191.5874023
batch	5490	valid_loss	75165.6376953
batch	5520	valid_loss	75158.8828125
batch	5550	valid_loss	75241.3007812
batch	5580	valid_loss	75223.3896484
batch	5610	valid_loss	75077.5087891
batch	5640	valid_loss	75092.2124023
batch	5670	valid_loss	75046.2211914
batch	5700	valid_loss	75024.5849609
batch	5730	valid_loss	75198.5297852
batch	5760	valid_loss	75120.1826172
batch	5790	valid_loss	75073.4931641
batch	5820	valid_loss	75002.1542969
batch	5850	valid_loss	75036.8779297
batch	5880	valid_loss	75062.9770508
batch	5910	valid_loss	75066.7392578
batch	5940	valid_loss	75010.6020508
batch	5970	valid_loss	75020.3823242
batch	6000	valid_loss	75012.0146484
batch	6030	valid_loss	75058.0791016
batch	6060	valid_loss	74981.6704102
batch	6090	valid_loss	75083.4780273
batch	6120	valid_loss	74954.4628906
batch	6150	valid_loss	74997.9956055
batch	6180	valid_loss	74966.6484375
batch	6210	valid_loss	75005.1811523
batch	6240	valid_loss	74924.6850586
batch	6270	valid_loss	75050.0849609
batch	6300	valid_loss	74927.6137695
batch	6330	valid_loss	74987.8300781
batch	6360	valid_loss	74881.996582
batch	6390	valid_loss	74940.6411133
batch	6420	valid_loss	74926.6523438
batch	6450	valid_loss	74831.1240234
batch	6480	valid_loss	74856.7548828
batch	6510	valid_loss	74975.0708008
batch	6540	valid_loss	74889.4589844
batch	6570	valid_loss	74878.0600586
batch	6600	valid_loss	74828.0336914
batch	6630	valid_loss	74893.3618164
batch	6660	valid_loss	74906.0444336
batch	6690	valid_loss	74782.4165039
batch	6720	valid_loss	74861.8959961
batch	6750	valid_loss	74810.4248047
batch	6780	valid_loss	74811.0439453
batch	6810	valid_loss	74854.0800781
batch	6840	valid_loss	74835.8774414
batch	6870	valid_loss	74740.3203125
batch	6900	valid_loss	74883.5327148
batch	6930	valid_loss	74763.3647461
batch	6960	valid_loss	74831.1728516
batch	6990	valid_loss	74678.0063477
batch	7020	valid_loss	74716.527832
batch	7050	valid_loss	74753.0859375
batch	7080	valid_loss	74772.3154297
batch	7110	valid_loss	74810.6157227
batch	7140	valid_loss	74761.5639648
batch	7170	valid_loss	74732.4926758
batch	7200	valid_loss	74775.496582
batch	7230	valid_loss	74731.9790039
batch	7260	valid_loss	74708.668457
batch	7290	valid_loss	74721.5834961
batch	7320	valid_loss	74703.9760742
batch	7350	valid_loss	74744.7905273
batch	7380	valid_loss	74633.4824219
batch	7410	valid_loss	74709.6538086
batch	7440	valid_loss	74706.4526367
batch	7470	valid_loss	74714.940918
batch	7500	valid_loss	74654.9399414
batch	7530	valid_loss	74659.4916992
batch	7560	valid_loss	74650.4248047
batch	7590	valid_loss	74661.1816406
batch	7620	valid_loss	74616.1401367
batch	7650	valid_loss	74698.2485352
batch	7680	valid_loss	74670.8237305
batch	7710	valid_loss	74667.1860352
batch	7740	valid_loss	74666.9960938
batch	7770	valid_loss	74654.2739258
batch	7800	valid_loss	74577.5805664
batch	7830	valid_loss	74645.7060547
batch	7860	valid_loss	74550.5654297
batch	7890	valid_loss	74588.8134766
batch	7920	valid_loss	74613.171875
batch	7950	valid_loss	74620.4389648
batch	7980	valid_loss	74584.378418
batch	8010	valid_loss	74539.7490234
batch	8040	valid_loss	74602.4570312
batch	8070	valid_loss	74618.5297852
batch	8100	valid_loss	74543.6787109
batch	8130	valid_loss	74510.012207
batch	8160	valid_loss	74518.3178711
batch	8190	valid_loss	74517.7128906
batch	8220	valid_loss	74601.7338867
batch	8250	valid_loss	74515.230957
batch	8280	valid_loss	74499.6875
batch	8310	valid_loss	74488.3212891
batch	8340	valid_loss	74500.2871094
batch	8370	valid_loss	74549.2578125
batch	8400	valid_loss	74525.0473633
batch	8430	valid_loss	74463.0166016
batch	8460	valid_loss	74512.6162109
batch	8490	valid_loss	74470.2275391
batch	8520	valid_loss	74499.3808594
batch	8550	valid_loss	74403.7539062
batch	8580	valid_loss	74484.652832
batch	8610	valid_loss	74460.1967773
batch	8640	valid_loss	74439.7773438
batch	8670	valid_loss	74454.230957
batch	8700	valid_loss	74508.875
batch	8730	valid_loss	74457.0517578
batch	8760	valid_loss	74465.2480469
batch	8790	valid_loss	74427.2792969
batch	8820	valid_loss	74389.8818359
batch	8850	valid_loss	74459.6611328
batch	8880	valid_loss	74380.5053711
batch	8910	valid_loss	74438.1005859
batch	8940	valid_loss	74345.7250977
batch	8970	valid_loss	74369.8339844
batch	9000	valid_loss	74467.8515625
batch	9030	valid_loss	74433.40625
batch	9060	valid_loss	74360.9375
batch	9090	valid_loss	74380.1254883
batch	9120	valid_loss	74316.7836914
batch	9150	valid_loss	74364.0874023
batch	9180	valid_loss	74364.0229492
batch	9210	valid_loss	74334.4858398
batch	9240	valid_loss	74387.440918
batch	9270	valid_loss	74325.355957
batch	9300	valid_loss	74353.418457
batch	9330	valid_loss	74321.4819336
batch	9360	valid_loss	74356.0463867
batch	9390	valid_loss	74353.7705078
batch	9420	valid_loss	74272.0810547
batch	9450	valid_loss	74281.8276367
batch	9480	valid_loss	74326.4472656
batch	9510	valid_loss	74269.5898438
batch	9540	valid_loss	74293.0102539
batch	9570	valid_loss	74239.5307617
batch	9600	valid_loss	74280.3378906
batch	9630	valid_loss	74292.4472656
batch	9660	valid_loss	74280.5458984
batch	9690	valid_loss	74233.7197266
batch	9720	valid_loss	74208.190918
batch	9750	valid_loss	74190.0268555
batch	9780	valid_loss	74235.9365234
batch	9810	valid_loss	74158.0371094
batch	9840	valid_loss	74169.4077148
batch	9870	valid_loss	74128.203125
batch	9900	valid_loss	74139.7319336
batch	9930	valid_loss	74215.6333008
batch	9960	valid_loss	74149.1489258
batch	9990	valid_loss	74172.6796875
batch	10020	valid_loss	74180.3686523
batch	10050	valid_loss	74121.2075195
batch	10080	valid_loss	74122.3925781
batch	10110	valid_loss	74082.0922852
batch	10140	valid_loss	74084.3417969
batch	10170	valid_loss	74083.6347656
batch	10200	valid_loss	74048.5893555
batch	10230	valid_loss	74081.4194336
batch	10260	valid_loss	74080.6923828
batch	10290	valid_loss	73987.0737305
batch	10320	valid_loss	74024.4946289
batch	10350	valid_loss	73956.0654297
batch	10380	valid_loss	74021.5620117
batch	10410	valid_loss	73989.0512695
batch	10440	valid_loss	73884.8310547
batch	10470	valid_loss	73930.4614258
batch	10500	valid_loss	73881.6835938
batch	10530	valid_loss	73827.4882812
batch	10560	valid_loss	73861.1499023
batch	10590	valid_loss	73848.3901367
batch	10620	valid_loss	73815.515625
batch	10650	valid_loss	73809.8999023
batch	10680	valid_loss	73711.0014648
batch	10710	valid_loss	73763.5644531
batch	10740	valid_loss	73702.5488281
batch	10770	valid_loss	73699.4541016
batch	10800	valid_loss	73738.0112305
batch	10830	valid_loss	73620.3686523
batch	10860	valid_loss	73607.6894531
batch	10890	valid_loss	73630.0014648
batch	10920	valid_loss	73667.1137695
batch	10950	valid_loss	73623.4848633
batch	10980	valid_loss	73523.6225586
batch	11010	valid_loss	73504.1904297
batch	11040	valid_loss	73568.9790039
batch	11070	valid_loss	73500.1196289
batch	11100	valid_loss	73533.2089844
batch	11130	valid_loss	73479.6328125
batch	11160	valid_loss	73442.5952148
batch	11190	valid_loss	73494.8530273
batch	11220	valid_loss	73441.0239258
batch	11250	valid_loss	73408.1977539
batch	11280	valid_loss	73359.9433594
batch	11310	valid_loss	73345.0029297
batch	11340	valid_loss	73367.6015625
batch	11370	valid_loss	73251.7719727
batch	11400	valid_loss	73273.6459961
batch	11430	valid_loss	73246.121582
batch	11460	valid_loss	73222.6938477
batch	11490	valid_loss	73246.4746094
batch	11520	valid_loss	73196.8583984
batch	11550	valid_loss	73182.8969727
batch	11580	valid_loss	73180.2695312
batch	11610	valid_loss	73160.7451172
batch	11640	valid_loss	73081.3427734
batch	11670	valid_loss	73100.5224609
batch	11700	valid_loss	73017.5053711
batch	11730	valid_loss	73039.9521484
batch	11760	valid_loss	72965.2617188
batch	11790	valid_loss	72963.8227539
batch	11820	valid_loss	72942.0415039
batch	11850	valid_loss	72874.456543
batch	11880	valid_loss	72893.0507812
batch	11910	valid_loss	72771.972168
batch	11940	valid_loss	72806.6030273
batch	11970	valid_loss	72792.9667969
batch	12000	valid_loss	72676.7636719
batch	12030	valid_loss	72681.6518555
batch	12060	valid_loss	72630.4814453
batch	12090	valid_loss	72512.862793
batch	12120	valid_loss	72523.3823242
batch	12150	valid_loss	72537.5551758
batch	12180	valid_loss	72457.6044922
batch	12210	valid_loss	72400.5268555
batch	12240	valid_loss	72297.9213867
batch	12270	valid_loss	72294.0668945
batch	12300	valid_loss	72229.6074219
batch	12330	valid_loss	72185.6118164
batch	12360	valid_loss	72163.6333008
batch	12390	valid_loss	71997.6704102
batch	12420	valid_loss	71929.3422852
batch	12450	valid_loss	71931.6083984
batch	12480	valid_loss	71895.8818359
batch	12510	valid_loss	71826.769043
batch	12540	valid_loss	71634.5776367
batch	12570	valid_loss	71576.1264648
batch	12600	valid_loss	71564.9897461
batch	12630	valid_loss	71451.7294922
batch	12660	valid_loss	71408.4458008
batch	12690	valid_loss	71256.9086914
batch	12720	valid_loss	71132.3999023
batch	12750	valid_loss	71117.7387695
batch	12780	valid_loss	70977.2211914
batch	12810	valid_loss	70888.6035156
batch	12840	valid_loss	70762.3842773
batch	12870	valid_loss	70657.3320312
batch	12900	valid_loss	70558.4853516
batch	12930	valid_loss	70394.7490234
batch	12960	valid_loss	70315.2124023
batch	12990	valid_loss	70216.8242188
batch	13020	valid_loss	70090.1376953
batch	13050	valid_loss	70066.5561523
batch	13080	valid_loss	69892.6162109
batch	13110	valid_loss	69782.2929688
batch	13140	valid_loss	69739.0366211
batch	13170	valid_loss	69599.9023438
batch	13200	valid_loss	69441.8188477
batch	13230	valid_loss	69347.5029297
batch	13260	valid_loss	69242.9658203
batch	13290	valid_loss	69164.9335938
batch	13320	valid_loss	69011.1025391
batch	13350	valid_loss	68928.675293
batch	13380	valid_loss	68843.0131836
batch	13410	valid_loss	68708.8486328
batch	13440	valid_loss	68642.6269531
batch	13470	valid_loss	68496.5
batch	13500	valid_loss	68412.4306641
batch	13530	valid_loss	68342.9545898
batch	13560	valid_loss	68191.7041016
batch	13590	valid_loss	68122.6645508
batch	13620	valid_loss	68017.9233398
batch	13650	valid_loss	67857.4404297
batch	13680	valid_loss	67805.8149414
batch	13710	valid_loss	67742.0678711
batch	13740	valid_loss	67635.4633789
batch	13770	valid_loss	67533.6298828
batch	13800	valid_loss	67359.0712891
batch	13830	valid_loss	67324.6147461
batch	13860	valid_loss	67195.7543945
batch	13890	valid_loss	67100.3676758
batch	13920	valid_loss	67060.4038086
batch	13950	valid_loss	66904.5195312
batch	13980	valid_loss	66780.6464844
batch	14010	valid_loss	66723.7988281
batch	14040	valid_loss	66696.394043
batch	14070	valid_loss	66609.753418
batch	14100	valid_loss	66410.2495117
batch	14130	valid_loss	66303.6669922
batch	14160	valid_loss	66302.9272461
batch	14190	valid_loss	66110.4677734
batch	14220	valid_loss	66066.6293945
batch	14250	valid_loss	65951.6777344
batch	14280	valid_loss	65841.6704102
batch	14310	valid_loss	65867.15625
batch	14340	valid_loss	65709.9042969
batch	14370	valid_loss	65609.8774414
batch	14400	valid_loss	65515.4765625
batch	14430	valid_loss	65408.3881836
batch	14460	valid_loss	65341.5317383
batch	14490	valid_loss	65215.4755859
batch	14520	valid_loss	65146.6748047
batch	14550	valid_loss	65036.4790039
batch	14580	valid_loss	64932.9311523
batch	14610	valid_loss	64942.5581055
batch	14640	valid_loss	64781.1826172
batch	14670	valid_loss	64732.1782227
batch	14700	valid_loss	64726.7524414
batch	14730	valid_loss	64566.8027344
batch	14760	valid_loss	64513.2260742
batch	14790	valid_loss	64385.9052734
batch	14820	valid_loss	64298.6396484
batch	14850	valid_loss	64244.8774414
batch	14880	valid_loss	64118.3027344
batch	14910	valid_loss	64081.7290039
batch	14940	valid_loss	64044.2558594
batch	14970	valid_loss	63893.8374023
batch	15000	valid_loss	63802.4926758
batch	15030	valid_loss	63784.7226562
batch	15060	valid_loss	63680.8881836
batch	15090	valid_loss	63641.5336914
batch	15120	valid_loss	63508.527832
batch	15150	valid_loss	63484.0986328
batch	15180	valid_loss	63385.3369141
batch	15210	valid_loss	63271.6259766
batch	15240	valid_loss	63189.4501953
batch	15270	valid_loss	63208.8417969
batch	15300	valid_loss	63047.1826172
batch	15330	valid_loss	62996.4501953
batch	15360	valid_loss	62871.1162109
batch	15390	valid_loss	62867.2329102
batch	15420	valid_loss	62769.4711914
batch	15450	valid_loss	62717.9106445
batch	15480	valid_loss	62694.1518555
batch	15510	valid_loss	62564.7856445
batch	15540	valid_loss	62487.4956055
batch	15570	valid_loss	62493.1196289
batch	15600	valid_loss	62394.0859375
batch	15630	valid_loss	62349.7006836
batch	15660	valid_loss	62205.5166016
batch	15690	valid_loss	62140.4199219
batch	15720	valid_loss	62134.9194336
batch	15750	valid_loss	62002.7792969
batch	15780	valid_loss	61966.0009766
batch	15810	valid_loss	61893.40625
batch	15840	valid_loss	61803.184082
batch	15870	valid_loss	61824.6738281
batch	15900	valid_loss	61779.2055664
batch	15930	valid_loss	61617.3515625
batch	15960	valid_loss	61596.7587891
batch	15990	valid_loss	61504.675293
batch	16020	valid_loss	61432.0947266
batch	16050	valid_loss	61362.4760742
batch	16080	valid_loss	61323.0302734
batch	16110	valid_loss	61221.6318359
batch	16140	valid_loss	61127.4985352
batch	16170	valid_loss	61132.9575195
batch	16200	valid_loss	61046.5820312
batch	16230	valid_loss	60985.7456055
batch	16260	valid_loss	60969.6020508
batch	16290	valid_loss	60870.8125
batch	16320	valid_loss	60816.5117188
batch	16350	valid_loss	60713.449707
batch	16380	valid_loss	60677.8242188
batch	16410	valid_loss	60628.9916992
batch	16440	valid_loss	60538.2958984
batch	16470	valid_loss	60501.4682617
batch	16500	valid_loss	60467.8110352
batch	16530	valid_loss	60369.9350586
batch	16560	valid_loss	60274.4667969
batch	16590	valid_loss	60292.0488281
batch	16620	valid_loss	60173.7055664
batch	16650	valid_loss	60151.581543
batch	16680	valid_loss	60038.3452148
batch	16710	valid_loss	60107.2509766
batch	16740	valid_loss	59936.3974609
batch	16770	valid_loss	59859.6196289
batch	16800	valid_loss	59795.6293945
batch	16830	valid_loss	59799.612793
batch	16860	valid_loss	59674.0620117
batch	16890	valid_loss	59637.5737305
batch	16920	valid_loss	59540.5756836
batch	16950	valid_loss	59507.2119141
batch	16980	valid_loss	59450.9897461
batch	17010	valid_loss	59396.6010742
batch	17040	valid_loss	59379.2504883
batch	17070	valid_loss	59271.2705078
batch	17100	valid_loss	59207.2553711
batch	17130	valid_loss	59205.581543
batch	17160	valid_loss	59148.4277344
batch	17190	valid_loss	59064.2729492
batch	17220	valid_loss	58948.1728516
batch	17250	valid_loss	58896.5732422
batch	17280	valid_loss	58904.8979492
batch	17310	valid_loss	58806.4609375
batch	17340	valid_loss	58777.4628906
batch	17370	valid_loss	58687.6616211
batch	17400	valid_loss	58630.4204102
batch	17430	valid_loss	58625.4853516
batch	17460	valid_loss	58631.1333008
batch	17490	valid_loss	58454.2646484
batch	17520	valid_loss	58431.7402344
batch	17550	valid_loss	58363.7612305
batch	17580	valid_loss	58299.1318359
batch	17610	valid_loss	58254.2055664
batch	17640	valid_loss	58204.4291992
batch	17670	valid_loss	58091.8759766
batch	17700	valid_loss	58046.9980469
batch	17730	valid_loss	58065.8447266
batch	17760	valid_loss	57983.0175781
batch	17790	valid_loss	57911.46875
batch	17820	valid_loss	57894.4384766
batch	17850	valid_loss	57833.8999023
batch	17880	valid_loss	57784.6425781
batch	17910	valid_loss	57694.8476562
batch	17940	valid_loss	57661.699707
batch	17970	valid_loss	57631.6240234
batch	18000	valid_loss	57550.1982422
batch	18030	valid_loss	57509.1508789
batch	18060	valid_loss	57507.4243164
batch	18090	valid_loss	57412.4145508
batch	18120	valid_loss	57352.1499023
batch	18150	valid_loss	57332.6655273
batch	18180	valid_loss	57254.1015625
batch	18210	valid_loss	57238.3486328
batch	18240	valid_loss	57141.4550781
batch	18270	valid_loss	57205.4692383
batch	18300	valid_loss	57058.6035156
batch	18330	valid_loss	56996.4619141
batch	18360	valid_loss	56961.3637695
batch	18390	valid_loss	56960.5014648
batch	18420	valid_loss	56866.6074219
batch	18450	valid_loss	56826.1401367
batch	18480	valid_loss	56754.9560547
batch	18510	valid_loss	56755.7397461
batch	18540	valid_loss	56666.8945312
batch	18570	valid_loss	56657.7939453
batch	18600	valid_loss	56623.5732422
batch	18630	valid_loss	56549.1733398
batch	18660	valid_loss	56491.6206055
batch	18690	valid_loss	56476.640625
batch	18720	valid_loss	56471.8461914
batch	18750	valid_loss	56376.237793
batch	18780	valid_loss	56283.3012695
batch	18810	valid_loss	56251.0712891
batch	18840	valid_loss	56252.3320312
batch	18870	valid_loss	56169.7177734
batch	18900	valid_loss	56142.9418945
batch	18930	valid_loss	56068.4414062
batch	18960	valid_loss	56048.9838867
batch	18990	valid_loss	56034.1298828
batch	19020	valid_loss	56022.9511719
batch	19050	valid_loss	55892.6918945
batch	19080	valid_loss	55869.7119141
batch	19110	valid_loss	55808.6416016
batch	19140	valid_loss	55764.8369141
batch	19170	valid_loss	55740.28125
batch	19200	valid_loss	55706.1513672
batch	19230	valid_loss	55592.2509766
batch	19260	valid_loss	55585.0112305
batch	19290	valid_loss	55585.3369141
batch	19320	valid_loss	55517.8154297
batch	19350	valid_loss	55461.8632812
batch	19380	valid_loss	55446.4829102
batch	19410	valid_loss	55408.4536133
batch	19440	valid_loss	55369.019043
batch	19470	valid_loss	55245.3188477
batch	19500	valid_loss	55253.8725586
batch	19530	valid_loss	55227.8862305
batch	19560	valid_loss	55157.0361328
batch	19590	valid_loss	55132.7260742
batch	19620	valid_loss	55124.421875
batch	19650	valid_loss	55048.6293945
batch	19680	valid_loss	55016.5083008
batch	19710	valid_loss	54978.2304688
batch	19740	valid_loss	54912.6235352
batch	19770	valid_loss	54910.1767578
batch	19800	valid_loss	54816.3500977
batch	19830	valid_loss	54852.840332
batch	19860	valid_loss	54752.2143555
batch	19890	valid_loss	54684.3081055
batch	19920	valid_loss	54678.4125977
batch	19950	valid_loss	54663.9448242
batch	19980	valid_loss	54594.9208984
batch	20010	valid_loss	54574.4658203
batch	20040	valid_loss	54484.7211914
batch	20070	valid_loss	54501.2612305
batch	20100	valid_loss	54415.7094727
batch	20130	valid_loss	54414.8237305
batch	20160	valid_loss	54386.2446289
batch	20190	valid_loss	54309.2456055
batch	20220	valid_loss	54263.2260742
batch	20250	valid_loss	54229.2133789
batch	20280	valid_loss	54235.84375
batch	20310	valid_loss	54164.4204102
batch	20340	valid_loss	54088.5268555
batch	20370	valid_loss	54062.5639648
batch	20400	valid_loss	54035.8085938
batch	20430	valid_loss	53979.6386719
batch	20460	valid_loss	53959.3603516
batch	20490	valid_loss	53885.9042969
batch	20520	valid_loss	53858.1054688
batch	20550	valid_loss	53869.0761719
batch	20580	valid_loss	53821.4116211
batch	20610	valid_loss	53721.6953125
batch	20640	valid_loss	53712.1923828
batch	20670	valid_loss	53636.5942383
batch	20700	valid_loss	53633.418457
batch	20730	valid_loss	53597.7363281
batch	20760	valid_loss	53567.8623047
batch	20790	valid_loss	53465.7070312
batch	20820	valid_loss	53476.0239258
batch	20850	valid_loss	53481.2324219
batch	20880	valid_loss	53391.472168
batch	20910	valid_loss	53350.2592773
batch	20940	valid_loss	53364.8696289
batch	20970	valid_loss	53293.0507812
batch	21000	valid_loss	53293.5180664
batch	21030	valid_loss	53146.9560547
batch	21060	valid_loss	53179.1342773
batch	21090	valid_loss	53158.5537109
batch	21120	valid_loss	53095.0400391
batch	21150	valid_loss	53078.4941406
batch	21180	valid_loss	53053.9711914
batch	21210	valid_loss	52996.5014648
batch	21240	valid_loss	52981.6943359
batch	21270	valid_loss	52936.6118164
batch	21300	valid_loss	52869.7714844
batch	21330	valid_loss	52884.7368164
batch	21360	valid_loss	52783.3383789
batch	21390	valid_loss	52789.9887695
batch	21420	valid_loss	52737.034668
batch	21450	valid_loss	52683.5292969
batch	21480	valid_loss	52693.5605469
batch	21510	valid_loss	52670.3652344
batch	21540	valid_loss	52614.5942383
batch	21570	valid_loss	52602.4941406
batch	21600	valid_loss	52500.6074219
batch	21630	valid_loss	52525.8452148
batch	21660	valid_loss	52449.0610352
batch	21690	valid_loss	52436.9052734
batch	21720	valid_loss	52457.7539062
batch	21750	valid_loss	52369.2963867
batch	21780	valid_loss	52329.2285156
batch	21810	valid_loss	52290.3369141
batch	21840	valid_loss	52295.1972656
batch	21870	valid_loss	52240.7709961
batch	21900	valid_loss	52183.3828125
batch	21930	valid_loss	52158.2363281
batch	21960	valid_loss	52120.7172852
batch	21990	valid_loss	52075.4707031
batch	22020	valid_loss	52087.6040039
batch	22050	valid_loss	52019.7485352
batch	22080	valid_loss	51979.5336914
batch	22110	valid_loss	52003.6787109
batch	22140	valid_loss	51939.237793
batch	22170	valid_loss	51870.4394531
batch	22200	valid_loss	51871.3535156
batch	22230	valid_loss	51805.8779297
batch	22260	valid_loss	51812.9160156
batch	22290	valid_loss	51752.8632812
batch	22320	valid_loss	51746.4013672
batch	22350	valid_loss	51658.1811523
batch	22380	valid_loss	51657.6240234
batch	22410	valid_loss	51673.3081055
batch	22440	valid_loss	51600.4189453
batch	22470	valid_loss	51559.0209961
batch	22500	valid_loss	51597.953125
batch	22530	valid_loss	51517.359375
batch	22560	valid_loss	51512.1918945
batch	22590	valid_loss	51380.9770508
batch	22620	valid_loss	51423.2563477
batch	22650	valid_loss	51400.0307617
batch	22680	valid_loss	51344.1850586
batch	22710	valid_loss	51356.3671875
batch	22740	valid_loss	51310.9848633
batch	22770	valid_loss	51268.2421875
batch	22800	valid_loss	51265.7548828
batch	22830	valid_loss	51228.918457
batch	22860	valid_loss	51160.1870117
batch	22890	valid_loss	51184.9824219
batch	22920	valid_loss	51081.7768555
batch	22950	valid_loss	51071.3706055
batch	22980	valid_loss	51049.027832
batch	23010	valid_loss	51013.1782227
batch	23040	valid_loss	51028.1665039
batch	23070	valid_loss	51004.7285156
batch	23100	valid_loss	50947.793457
batch	23130	valid_loss	50950.109375
batch	23160	valid_loss	50846.9541016
batch	23190	valid_loss	50881.7734375
batch	23220	valid_loss	50797.5229492
batch	23250	valid_loss	50800.1591797
batch	23280	valid_loss	50813.6191406
batch	23310	valid_loss	50732.3916016
batch	23340	valid_loss	50705.0170898
batch	23370	valid_loss	50682.6552734
batch	23400	valid_loss	50673.6298828
batch	23430	valid_loss	50634.9477539
batch	23460	valid_loss	50577.6665039
batch	23490	valid_loss	50548.6132812
batch	23520	valid_loss	50507.5332031
batch	23550	valid_loss	50474.9375
batch	23580	valid_loss	50505.7202148
batch	23610	valid_loss	50444.6689453
batch	23640	valid_loss	50402.8393555
batch	23670	valid_loss	50424.7290039
batch	23700	valid_loss	50364.300293
batch	23730	valid_loss	50305.2041016
batch	23760	valid_loss	50307.6538086
batch	23790	valid_loss	50251.7568359
batch	23820	valid_loss	50253.0043945
batch	23850	valid_loss	50199.9174805
batch	23880	valid_loss	50201.6293945
batch	23910	valid_loss	50134.7089844
batch	23940	valid_loss	50123.9399414
batch	23970	valid_loss	50155.065918
batch	24000	valid_loss	50089.7094727
batch	24030	valid_loss	50044.0615234
batch	24060	valid_loss	50067.2236328
batch	24090	valid_loss	50006.0742188
batch	24120	valid_loss	49981.1948242
batch	24150	valid_loss	49889.1635742
batch	24180	valid_loss	49932.0141602
batch	24210	valid_loss	49898.065918
batch	24240	valid_loss	49851.8061523
batch	24270	valid_loss	49882.4272461
batch	24300	valid_loss	49831.6196289
batch	24330	valid_loss	49797.7758789
batch	24360	valid_loss	49786.6704102
batch	24390	valid_loss	49769.6318359
batch	24420	valid_loss	49696.5229492
batch	24450	valid_loss	49724.0786133
batch	24480	valid_loss	49629.4023438
batch	24510	valid_loss	49626.7382812
batch	24540	valid_loss	49617.6323242
batch	24570	valid_loss	49585.3740234
batch	24600	valid_loss	49570.5200195
batch	24630	valid_loss	49607.0634766
batch	24660	valid_loss	49514.453125
batch	24690	valid_loss	49535.5854492
batch	24720	valid_loss	49409.4311523
batch	24750	valid_loss	49449.7231445
batch	24780	valid_loss	49394.3583984
batch	24810	valid_loss	49386.4643555
batch	24840	valid_loss	49406.9726562
batch	24870	valid_loss	49324.3051758
batch	24900	valid_loss	49319.5854492
batch	24930	valid_loss	49302.8608398
batch	24960	valid_loss	49290.625
batch	24990	valid_loss	49260.2724609
STOP
