START
config	620	180	620	960
batch	0	valid_loss	6435857.375
batch	30	valid_loss	181693.213867
batch	60	valid_loss	122789.180664
batch	90	valid_loss	120200.738281
batch	120	valid_loss	120075.044922
batch	150	valid_loss	119975.689453
batch	180	valid_loss	119898.563477
batch	210	valid_loss	119806.744141
batch	240	valid_loss	119564.514648
batch	270	valid_loss	119108.428711
batch	300	valid_loss	118207.806641
batch	330	valid_loss	116341.229492
batch	360	valid_loss	113661.40625
batch	390	valid_loss	111440.017578
batch	420	valid_loss	110117.069336
batch	450	valid_loss	109360.03125
batch	480	valid_loss	108781.545898
batch	510	valid_loss	108333.673828
batch	540	valid_loss	107857.883789
batch	570	valid_loss	107300.579102
batch	600	valid_loss	106787.948242
batch	630	valid_loss	106094.765625
batch	660	valid_loss	105490.605469
batch	690	valid_loss	104782.998047
batch	720	valid_loss	103926.746094
batch	750	valid_loss	103207.692383
batch	780	valid_loss	102200.3125
batch	810	valid_loss	101155.685547
batch	840	valid_loss	100047.691406
batch	870	valid_loss	98728.5566406
batch	900	valid_loss	97405.8769531
batch	930	valid_loss	96050.8242188
batch	960	valid_loss	94884.0917969
batch	990	valid_loss	93321.2998047
batch	1020	valid_loss	91955.2509766
batch	1050	valid_loss	90552.5058594
batch	1080	valid_loss	89149.6259766
batch	1110	valid_loss	87865.2548828
batch	1140	valid_loss	86479.4282227
batch	1170	valid_loss	85119.2202148
batch	1200	valid_loss	83864.5683594
batch	1230	valid_loss	82577.4345703
batch	1260	valid_loss	81339.2880859
batch	1290	valid_loss	80041.6845703
batch	1320	valid_loss	78767.8549805
batch	1350	valid_loss	77594.2231445
batch	1380	valid_loss	76417.2548828
batch	1410	valid_loss	75165.4003906
batch	1440	valid_loss	74026.3579102
batch	1470	valid_loss	72899.1206055
batch	1500	valid_loss	71799.2548828
batch	1530	valid_loss	70698.4052734
batch	1560	valid_loss	69658.5839844
batch	1590	valid_loss	68765.6269531
batch	1620	valid_loss	67674.3769531
batch	1650	valid_loss	66805.8320312
batch	1680	valid_loss	65869.1328125
batch	1710	valid_loss	65028.1923828
batch	1740	valid_loss	64090.5351562
batch	1770	valid_loss	63177.5458984
batch	1800	valid_loss	62496.6635742
batch	1830	valid_loss	61679.3447266
batch	1860	valid_loss	60802.2578125
batch	1890	valid_loss	60113.6035156
batch	1920	valid_loss	59422.1474609
batch	1950	valid_loss	58690.9604492
batch	1980	valid_loss	57893.3833008
batch	2010	valid_loss	57214.9150391
batch	2040	valid_loss	56612.9506836
batch	2070	valid_loss	55836.5014648
batch	2100	valid_loss	55279.9536133
batch	2130	valid_loss	54742.8022461
batch	2160	valid_loss	54022.8798828
batch	2190	valid_loss	53455.3422852
batch	2220	valid_loss	52933.1879883
batch	2250	valid_loss	52392.8920898
batch	2280	valid_loss	51891.1484375
batch	2310	valid_loss	51232.2729492
batch	2340	valid_loss	50825.2250977
batch	2370	valid_loss	50435.1650391
batch	2400	valid_loss	49959.237793
batch	2430	valid_loss	49427.3935547
batch	2460	valid_loss	48944.4931641
batch	2490	valid_loss	48452.4648438
batch	2520	valid_loss	48085.265625
batch	2550	valid_loss	47703.9326172
batch	2580	valid_loss	47428.3510742
batch	2610	valid_loss	46953.0292969
batch	2640	valid_loss	46585.2756348
batch	2670	valid_loss	46107.9465332
batch	2700	valid_loss	45806.6884766
batch	2730	valid_loss	45432.2333984
batch	2760	valid_loss	44893.298584
batch	2790	valid_loss	44786.9389648
batch	2820	valid_loss	44238.9418945
batch	2850	valid_loss	44070.543457
batch	2880	valid_loss	43748.7182617
batch	2910	valid_loss	43390.4306641
batch	2940	valid_loss	43157.5253906
batch	2970	valid_loss	42800.6577148
batch	3000	valid_loss	42560.6333008
batch	3030	valid_loss	42283.3781738
batch	3060	valid_loss	41955.2451172
batch	3090	valid_loss	41675.0053711
batch	3120	valid_loss	41423.9375
batch	3150	valid_loss	41299.1643066
batch	3180	valid_loss	41006.9328613
batch	3210	valid_loss	40715.0327148
batch	3240	valid_loss	40464.6809082
batch	3270	valid_loss	40382.6147461
batch	3300	valid_loss	40141.8088379
batch	3330	valid_loss	39965.572998
batch	3360	valid_loss	39665.532959
batch	3390	valid_loss	39399.7922363
batch	3420	valid_loss	39258.2248535
batch	3450	valid_loss	39101.4489746
batch	3480	valid_loss	38951.3520508
batch	3510	valid_loss	38850.8781738
batch	3540	valid_loss	38530.6794434
batch	3570	valid_loss	38468.911377
batch	3600	valid_loss	38087.7583008
batch	3630	valid_loss	37936.8383789
batch	3660	valid_loss	37956.2480469
batch	3690	valid_loss	37751.5856934
batch	3720	valid_loss	37493.2119141
batch	3750	valid_loss	37419.657959
batch	3780	valid_loss	37233.1862793
batch	3810	valid_loss	37118.4414062
batch	3840	valid_loss	36738.4831543
batch	3870	valid_loss	36657.217041
batch	3900	valid_loss	36621.8530273
batch	3930	valid_loss	36522.2749023
batch	3960	valid_loss	36306.2490234
batch	3990	valid_loss	36466.8779297
batch	4020	valid_loss	36004.3720703
batch	4050	valid_loss	35802.1513672
batch	4080	valid_loss	35885.2990723
batch	4110	valid_loss	35779.7172852
batch	4140	valid_loss	35559.0969238
batch	4170	valid_loss	35392.4265137
batch	4200	valid_loss	35510.6064453
batch	4230	valid_loss	35228.361084
batch	4260	valid_loss	35158.3220215
batch	4290	valid_loss	35168.0236816
batch	4320	valid_loss	34831.5539551
batch	4350	valid_loss	34878.2128906
batch	4380	valid_loss	34699.092041
batch	4410	valid_loss	34654.9436035
batch	4440	valid_loss	34490.5019531
batch	4470	valid_loss	34420.3452148
batch	4500	valid_loss	34444.6171875
batch	4530	valid_loss	34453.4929199
batch	4560	valid_loss	34219.9575195
batch	4590	valid_loss	34172.9399414
batch	4620	valid_loss	34053.0388184
batch	4650	valid_loss	33909.345459
batch	4680	valid_loss	33878.548584
batch	4710	valid_loss	33985.6328125
batch	4740	valid_loss	34477.3071289
batch	4770	valid_loss	33691.8728027
batch	4800	valid_loss	33657.7785645
batch	4830	valid_loss	33644.5646973
batch	4860	valid_loss	33440.5532227
batch	4890	valid_loss	33651.5817871
batch	4920	valid_loss	33677.2905273
batch	4950	valid_loss	33241.6230469
batch	4980	valid_loss	33385.6538086
batch	5010	valid_loss	33198.7285156
batch	5040	valid_loss	33169.2685547
batch	5070	valid_loss	33365.487793
batch	5100	valid_loss	33115.7263184
batch	5130	valid_loss	33204.5568848
batch	5160	valid_loss	33274.8063965
batch	5190	valid_loss	33019.9162598
batch	5220	valid_loss	32908.3303223
batch	5250	valid_loss	32861.885498
batch	5280	valid_loss	32872.2521973
batch	5310	valid_loss	32798.1728516
batch	5340	valid_loss	32771.1325684
batch	5370	valid_loss	33018.3586426
batch	5400	valid_loss	32653.0803223
batch	5430	valid_loss	32669.7302246
batch	5460	valid_loss	32572.4780273
batch	5490	valid_loss	32607.8144531
batch	5520	valid_loss	32603.7963867
batch	5550	valid_loss	32693.3083496
batch	5580	valid_loss	32349.0871582
batch	5610	valid_loss	32521.901123
batch	5640	valid_loss	32335.4140625
batch	5670	valid_loss	32442.1071777
batch	5700	valid_loss	32318.675293
batch	5730	valid_loss	32125.2478027
batch	5760	valid_loss	32304.2475586
batch	5790	valid_loss	32416.9282227
batch	5820	valid_loss	32268.4467773
batch	5850	valid_loss	32097.784668
batch	5880	valid_loss	32091.3305664
batch	5910	valid_loss	32177.0270996
batch	5940	valid_loss	32227.5629883
batch	5970	valid_loss	32071.1477051
batch	6000	valid_loss	32009.2751465
batch	6030	valid_loss	32014.8278809
batch	6060	valid_loss	31909.8256836
batch	6090	valid_loss	32386.4265137
batch	6120	valid_loss	31946.4348145
batch	6150	valid_loss	31905.3964844
batch	6180	valid_loss	31971.0175781
batch	6210	valid_loss	31803.2851562
batch	6240	valid_loss	31805.9770508
batch	6270	valid_loss	32040.2150879
batch	6300	valid_loss	31797.8674316
batch	6330	valid_loss	31813.0036621
batch	6360	valid_loss	31878.4304199
batch	6390	valid_loss	31775.7236328
batch	6420	valid_loss	31656.0810547
batch	6450	valid_loss	31701.1599121
batch	6480	valid_loss	31644.5375977
batch	6510	valid_loss	31604.8491211
batch	6540	valid_loss	31735.78125
batch	6570	valid_loss	31640.3806152
batch	6600	valid_loss	31510.8249512
batch	6630	valid_loss	31660.2404785
batch	6660	valid_loss	31571.3537598
batch	6690	valid_loss	31688.300293
batch	6720	valid_loss	31624.4191895
batch	6750	valid_loss	31935.8149414
batch	6780	valid_loss	31478.6745605
batch	6810	valid_loss	31405.5705566
batch	6840	valid_loss	31456.2458496
batch	6870	valid_loss	31592.204834
batch	6900	valid_loss	31380.3076172
batch	6930	valid_loss	31554.3146973
batch	6960	valid_loss	31392.0476074
batch	6990	valid_loss	31443.828125
batch	7020	valid_loss	31507.223877
batch	7050	valid_loss	31568.8217773
batch	7080	valid_loss	31526.7893066
batch	7110	valid_loss	31457.9108887
batch	7140	valid_loss	31198.5541992
batch	7170	valid_loss	31436.4099121
batch	7200	valid_loss	31209.6010742
batch	7230	valid_loss	31357.3010254
batch	7260	valid_loss	31483.3933105
batch	7290	valid_loss	31046.4558105
batch	7320	valid_loss	31377.7258301
batch	7350	valid_loss	31186.2978516
batch	7380	valid_loss	31456.0588379
batch	7410	valid_loss	31141.666748
batch	7440	valid_loss	31096.3740234
batch	7470	valid_loss	31197.2087402
batch	7500	valid_loss	31181.2834473
batch	7530	valid_loss	31452.1286621
batch	7560	valid_loss	31179.9768066
batch	7590	valid_loss	31210.3266602
batch	7620	valid_loss	31136.6257324
batch	7650	valid_loss	31100.1574707
batch	7680	valid_loss	31521.5634766
batch	7710	valid_loss	31111.2563477
batch	7740	valid_loss	31170.4501953
batch	7770	valid_loss	30969.4265137
batch	7800	valid_loss	31402.416748
batch	7830	valid_loss	31126.5332031
batch	7860	valid_loss	30938.1289062
batch	7890	valid_loss	31071.307373
batch	7920	valid_loss	31078.9707031
batch	7950	valid_loss	31133.1169434
batch	7980	valid_loss	31059.7119141
batch	8010	valid_loss	31016.0515137
batch	8040	valid_loss	30900.6279297
batch	8070	valid_loss	30908.9963379
batch	8100	valid_loss	31079.546875
batch	8130	valid_loss	31035.2402344
batch	8160	valid_loss	30927.0393066
batch	8190	valid_loss	31160.6889648
batch	8220	valid_loss	30898.6555176
batch	8250	valid_loss	31265.973877
batch	8280	valid_loss	30952.1274414
batch	8310	valid_loss	31034.5898438
batch	8340	valid_loss	30904.6003418
batch	8370	valid_loss	30820.1157227
batch	8400	valid_loss	30967.159668
batch	8430	valid_loss	31003.7199707
batch	8460	valid_loss	31145.685791
batch	8490	valid_loss	30906.064209
batch	8520	valid_loss	30894.3288574
batch	8550	valid_loss	30865.4282227
batch	8580	valid_loss	30919.0812988
batch	8610	valid_loss	30919.7502441
batch	8640	valid_loss	30892.9169922
batch	8670	valid_loss	30918.4069824
batch	8700	valid_loss	30702.1447754
batch	8730	valid_loss	31292.5742188
batch	8760	valid_loss	30795.3034668
batch	8790	valid_loss	30848.925293
batch	8820	valid_loss	30949.0422363
batch	8850	valid_loss	30689.9914551
batch	8880	valid_loss	30910.8383789
batch	8910	valid_loss	30839.7158203
batch	8940	valid_loss	30738.046875
batch	8970	valid_loss	30765.2072754
batch	9000	valid_loss	30775.9824219
batch	9030	valid_loss	30759.5551758
batch	9060	valid_loss	30766.6020508
batch	9090	valid_loss	30970.8789062
batch	9120	valid_loss	30745.5991211
batch	9150	valid_loss	30799.5456543
batch	9180	valid_loss	30874.6870117
batch	9210	valid_loss	30719.3266602
batch	9240	valid_loss	31246.2827148
batch	9270	valid_loss	30708.5825195
batch	9300	valid_loss	30872.0432129
batch	9330	valid_loss	30607.4472656
batch	9360	valid_loss	30737.2651367
batch	9390	valid_loss	30797.6130371
batch	9420	valid_loss	30743.1804199
batch	9450	valid_loss	30822.3757324
batch	9480	valid_loss	30941.0646973
batch	9510	valid_loss	30697.8317871
batch	9540	valid_loss	30811.6213379
batch	9570	valid_loss	30700.1323242
batch	9600	valid_loss	30597.4777832
batch	9630	valid_loss	30649.2294922
batch	9660	valid_loss	30816.6801758
batch	9690	valid_loss	30739.6223145
batch	9720	valid_loss	30618.7177734
batch	9750	valid_loss	30807.5947266
batch	9780	valid_loss	30620.9650879
batch	9810	valid_loss	30983.2875977
batch	9840	valid_loss	30673.1516113
batch	9870	valid_loss	30570.3115234
batch	9900	valid_loss	30651.7919922
batch	9930	valid_loss	30611.0322266
batch	9960	valid_loss	30675.6408691
batch	9990	valid_loss	30728.2907715
batch	10020	valid_loss	31044.0522461
batch	10050	valid_loss	30672.581543
batch	10080	valid_loss	30635.1796875
batch	10110	valid_loss	30547.4458008
batch	10140	valid_loss	30595.8769531
batch	10170	valid_loss	30868.6276855
batch	10200	valid_loss	30817.0852051
batch	10230	valid_loss	30723.6523438
batch	10260	valid_loss	30602.315918
batch	10290	valid_loss	30731.0073242
batch	10320	valid_loss	30560.2998047
batch	10350	valid_loss	30610.878418
batch	10380	valid_loss	30704.6096191
batch	10410	valid_loss	30558.736084
batch	10440	valid_loss	30552.6303711
batch	10470	valid_loss	30635.5524902
batch	10500	valid_loss	30621.8991699
batch	10530	valid_loss	30526.4155273
batch	10560	valid_loss	30529.8508301
batch	10590	valid_loss	30523.2692871
batch	10620	valid_loss	30469.017334
batch	10650	valid_loss	30589.2060547
batch	10680	valid_loss	30567.703125
batch	10710	valid_loss	30585.7722168
batch	10740	valid_loss	30788.3986816
batch	10770	valid_loss	30461.9165039
batch	10800	valid_loss	31060.197998
batch	10830	valid_loss	30554.2248535
batch	10860	valid_loss	30693.8181152
batch	10890	valid_loss	30412.190918
batch	10920	valid_loss	30572.8764648
batch	10950	valid_loss	30577.1687012
batch	10980	valid_loss	30563.1335449
batch	11010	valid_loss	30570.6464844
batch	11040	valid_loss	30900.0083008
batch	11070	valid_loss	30465.9089355
batch	11100	valid_loss	30515.4765625
batch	11130	valid_loss	30580.2023926
batch	11160	valid_loss	30431.7929688
batch	11190	valid_loss	30458.6335449
batch	11220	valid_loss	30658.9870605
batch	11250	valid_loss	30565.3359375
batch	11280	valid_loss	30513.8894043
batch	11310	valid_loss	30584.4055176
batch	11340	valid_loss	30507.1079102
batch	11370	valid_loss	30641.7084961
batch	11400	valid_loss	30469.9919434
batch	11430	valid_loss	30473.925293
batch	11460	valid_loss	30495.9348145
batch	11490	valid_loss	30455.4296875
batch	11520	valid_loss	30492.3078613
batch	11550	valid_loss	30516.4123535
batch	11580	valid_loss	31086.8225098
batch	11610	valid_loss	30571.0983887
batch	11640	valid_loss	30461.7087402
batch	11670	valid_loss	30492.5412598
batch	11700	valid_loss	30441.059082
batch	11730	valid_loss	30775.4138184
batch	11760	valid_loss	30603.1923828
batch	11790	valid_loss	30519.607666
batch	11820	valid_loss	30458.9003906
batch	11850	valid_loss	30469.248291
batch	11880	valid_loss	30508.8481445
batch	11910	valid_loss	30472.6074219
batch	11940	valid_loss	30513.6848145
batch	11970	valid_loss	30507.5600586
batch	12000	valid_loss	30402.3947754
batch	12030	valid_loss	30490.0065918
batch	12060	valid_loss	30479.9042969
batch	12090	valid_loss	30385.4506836
batch	12120	valid_loss	30365.8234863
batch	12150	valid_loss	30387.6003418
batch	12180	valid_loss	30322.3513184
batch	12210	valid_loss	30380.907959
batch	12240	valid_loss	30409.1728516
batch	12270	valid_loss	30437.9494629
batch	12300	valid_loss	30698.1958008
batch	12330	valid_loss	30339.6433105
batch	12360	valid_loss	30693.7385254
batch	12390	valid_loss	30436.5700684
batch	12420	valid_loss	30499.3215332
batch	12450	valid_loss	30291.2646484
batch	12480	valid_loss	30392.9943848
batch	12510	valid_loss	30437.7070312
batch	12540	valid_loss	30476.5187988
batch	12570	valid_loss	30520.401123
batch	12600	valid_loss	30793.7365723
batch	12630	valid_loss	30315.7194824
batch	12660	valid_loss	30450.2543945
batch	12690	valid_loss	30432.4487305
batch	12720	valid_loss	30321.9326172
batch	12750	valid_loss	30333.1057129
batch	12780	valid_loss	30564.7634277
batch	12810	valid_loss	30410.3037109
batch	12840	valid_loss	30423.2268066
batch	12870	valid_loss	30395.5339355
batch	12900	valid_loss	30355.9353027
batch	12930	valid_loss	30371.4765625
batch	12960	valid_loss	30318.3249512
batch	12990	valid_loss	30387.4963379
batch	13020	valid_loss	30333.0563965
batch	13050	valid_loss	30403.3793945
batch	13080	valid_loss	30400.029541
batch	13110	valid_loss	30434.2275391
batch	13140	valid_loss	30575.6428223
batch	13170	valid_loss	30423.9240723
batch	13200	valid_loss	30347.2612305
batch	13230	valid_loss	30284.7353516
batch	13260	valid_loss	30295.6269531
batch	13290	valid_loss	30492.703125
batch	13320	valid_loss	30466.1193848
batch	13350	valid_loss	30400.817627
batch	13380	valid_loss	30271.4128418
batch	13410	valid_loss	30529.8693848
batch	13440	valid_loss	30347.5593262
batch	13470	valid_loss	30408.8278809
batch	13500	valid_loss	30385.927002
batch	13530	valid_loss	30395.2177734
batch	13560	valid_loss	30277.7316895
batch	13590	valid_loss	30426.4064941
batch	13620	valid_loss	30362.2019043
batch	13650	valid_loss	30268.8840332
batch	13680	valid_loss	30270.0969238
batch	13710	valid_loss	30334.157959
batch	13740	valid_loss	30234.8222656
batch	13770	valid_loss	30269.4528809
batch	13800	valid_loss	30354.829834
batch	13830	valid_loss	30307.3864746
batch	13860	valid_loss	30501.6228027
batch	13890	valid_loss	30226.1179199
batch	13920	valid_loss	30708.3051758
batch	13950	valid_loss	30305.151123
batch	13980	valid_loss	30481.1193848
batch	14010	valid_loss	30179.3498535
batch	14040	valid_loss	30307.2946777
batch	14070	valid_loss	30433.6674805
batch	14100	valid_loss	30378.6169434
batch	14130	valid_loss	30343.6838379
batch	14160	valid_loss	30463.6618652
batch	14190	valid_loss	30209.8051758
batch	14220	valid_loss	30295.3117676
batch	14250	valid_loss	30371.447998
batch	14280	valid_loss	30230.8911133
batch	14310	valid_loss	30287.482666
batch	14340	valid_loss	30492.5053711
batch	14370	valid_loss	30269.7514648
batch	14400	valid_loss	30316.4760742
batch	14430	valid_loss	30320.8117676
batch	14460	valid_loss	30308.1845703
batch	14490	valid_loss	30260.5336914
batch	14520	valid_loss	30217.1962891
batch	14550	valid_loss	30222.4035645
batch	14580	valid_loss	30209.3930664
batch	14610	valid_loss	30338.3771973
batch	14640	valid_loss	30267.4868164
batch	14670	valid_loss	30329.1992188
batch	14700	valid_loss	30445.0217285
batch	14730	valid_loss	30304.0441895
batch	14760	valid_loss	30275.3984375
batch	14790	valid_loss	30193.6516113
batch	14820	valid_loss	30179.0222168
batch	14850	valid_loss	30467.984375
batch	14880	valid_loss	30350.9042969
batch	14910	valid_loss	30310.8012695
batch	14940	valid_loss	30224.052002
batch	14970	valid_loss	30301.3774414
batch	15000	valid_loss	30263.4050293
batch	15030	valid_loss	30282.048584
batch	15060	valid_loss	30286.1269531
batch	15090	valid_loss	30283.9433594
batch	15120	valid_loss	30195.3310547
batch	15150	valid_loss	30340.2600098
batch	15180	valid_loss	30223.4135742
batch	15210	valid_loss	30153.9511719
batch	15240	valid_loss	30168.0505371
batch	15270	valid_loss	30320.302002
batch	15300	valid_loss	30186.8151855
batch	15330	valid_loss	30146.0390625
batch	15360	valid_loss	30250.7929688
batch	15390	valid_loss	30207.3835449
batch	15420	valid_loss	30396.6206055
batch	15450	valid_loss	30165.4221191
batch	15480	valid_loss	30601.0700684
batch	15510	valid_loss	30203.432373
batch	15540	valid_loss	30365.1408691
batch	15570	valid_loss	30100.3842773
batch	15600	valid_loss	30174.5817871
batch	15630	valid_loss	30297.810791
batch	15660	valid_loss	30301.3161621
batch	15690	valid_loss	30304.5605469
batch	15720	valid_loss	30532.7915039
batch	15750	valid_loss	30119.7319336
batch	15780	valid_loss	30238.9108887
batch	15810	valid_loss	30276.0151367
batch	15840	valid_loss	30132.4135742
batch	15870	valid_loss	30188.7145996
batch	15900	valid_loss	30433.8095703
batch	15930	valid_loss	30184.4338379
batch	15960	valid_loss	30221.9504395
batch	15990	valid_loss	30194.2888184
batch	16020	valid_loss	30176.3688965
batch	16050	valid_loss	30367.8764648
batch	16080	valid_loss	30140.1269531
batch	16110	valid_loss	30125.9179688
batch	16140	valid_loss	30115.1247559
batch	16170	valid_loss	30255.0324707
batch	16200	valid_loss	30159.0134277
batch	16230	valid_loss	30233.5930176
batch	16260	valid_loss	30385.1572266
batch	16290	valid_loss	30201.0744629
batch	16320	valid_loss	30117.5432129
batch	16350	valid_loss	30107.375
batch	16380	valid_loss	30088.2407227
batch	16410	valid_loss	30304.4567871
batch	16440	valid_loss	30224.2978516
batch	16470	valid_loss	30215.7768555
batch	16500	valid_loss	30109.2460938
batch	16530	valid_loss	30361.7092285
batch	16560	valid_loss	30158.0639648
batch	16590	valid_loss	30146.1838379
batch	16620	valid_loss	30182.6193848
batch	16650	valid_loss	30181.2841797
batch	16680	valid_loss	30122.7844238
batch	16710	valid_loss	30309.6882324
batch	16740	valid_loss	30146.7458496
batch	16770	valid_loss	30045.013916
batch	16800	valid_loss	30079.8034668
batch	16830	valid_loss	30190.4316406
batch	16860	valid_loss	30061.9851074
batch	16890	valid_loss	30042.2099609
batch	16920	valid_loss	30155.7844238
batch	16950	valid_loss	30123.0742188
batch	16980	valid_loss	30314.385498
batch	17010	valid_loss	30051.7573242
batch	17040	valid_loss	30352.6716309
batch	17070	valid_loss	30089.1169434
batch	17100	valid_loss	30105.5241699
batch	17130	valid_loss	30020.4821777
batch	17160	valid_loss	30067.9443359
batch	17190	valid_loss	30119.9243164
batch	17220	valid_loss	30142.0783691
batch	17250	valid_loss	30192.7424316
batch	17280	valid_loss	30264.5827637
batch	17310	valid_loss	29998.2189941
batch	17340	valid_loss	30087.0957031
batch	17370	valid_loss	30174.270752
batch	17400	valid_loss	29980.480957
batch	17430	valid_loss	30090.0266113
batch	17460	valid_loss	30330.0395508
batch	17490	valid_loss	30010.1791992
batch	17520	valid_loss	30041.1801758
batch	17550	valid_loss	29979.7175293
batch	17580	valid_loss	30023.6755371
batch	17610	valid_loss	30114.1201172
batch	17640	valid_loss	29969.8862305
batch	17670	valid_loss	29912.6694336
batch	17700	valid_loss	29945.3950195
batch	17730	valid_loss	30088.5998535
batch	17760	valid_loss	29973.0908203
batch	17790	valid_loss	30020.2834473
batch	17820	valid_loss	30217.9125977
batch	17850	valid_loss	30002.6938477
batch	17880	valid_loss	29954.9619141
batch	17910	valid_loss	29912.4104004
batch	17940	valid_loss	29900.5246582
batch	17970	valid_loss	30172.1435547
batch	18000	valid_loss	29993.9455566
batch	18030	valid_loss	30019.7802734
batch	18060	valid_loss	29928.1088867
batch	18090	valid_loss	30031.2150879
batch	18120	valid_loss	29924.605957
batch	18150	valid_loss	29952.9260254
batch	18180	valid_loss	29939.9125977
batch	18210	valid_loss	29898.2912598
batch	18240	valid_loss	30264.0715332
batch	18270	valid_loss	30091.8273926
batch	18300	valid_loss	29865.3137207
batch	18330	valid_loss	29820.5546875
batch	18360	valid_loss	29839.6462402
batch	18390	valid_loss	29990.1166992
batch	18420	valid_loss	29859.8408203
batch	18450	valid_loss	29800.9008789
batch	18480	valid_loss	29925.1679688
batch	18510	valid_loss	29858.1982422
batch	18540	valid_loss	29941.2553711
batch	18570	valid_loss	29829.104248
batch	18600	valid_loss	29848.934082
batch	18630	valid_loss	29852.3632812
batch	18660	valid_loss	29892.5524902
batch	18690	valid_loss	29777.1118164
batch	18720	valid_loss	29828.4992676
batch	18750	valid_loss	29889.0808105
batch	18780	valid_loss	29910.357666
batch	18810	valid_loss	29947.567627
batch	18840	valid_loss	29914.2529297
batch	18870	valid_loss	29774.7966309
batch	18900	valid_loss	29868.8381348
batch	18930	valid_loss	29905.2851562
batch	18960	valid_loss	29744.6950684
batch	18990	valid_loss	29828.9882812
batch	19020	valid_loss	30084.8098145
batch	19050	valid_loss	29748.484375
batch	19080	valid_loss	29825.083252
batch	19110	valid_loss	29801.1218262
batch	19140	valid_loss	29783.8847656
batch	19170	valid_loss	30207.3215332
batch	19200	valid_loss	29755.3620605
batch	19230	valid_loss	29772.1054688
batch	19260	valid_loss	29751.0793457
batch	19290	valid_loss	29933.3200684
batch	19320	valid_loss	29708.9348145
batch	19350	valid_loss	29785.0388184
batch	19380	valid_loss	30049.8728027
batch	19410	valid_loss	29806.4553223
batch	19440	valid_loss	29741.4372559
batch	19470	valid_loss	29720.5007324
batch	19500	valid_loss	29719.8222656
batch	19530	valid_loss	30272.6335449
batch	19560	valid_loss	29732.7675781
batch	19590	valid_loss	29756.5930176
batch	19620	valid_loss	29770.2978516
batch	19650	valid_loss	29692.0603027
batch	19680	valid_loss	29741.3322754
batch	19710	valid_loss	29727.376709
batch	19740	valid_loss	29755.2294922
batch	19770	valid_loss	29705.1369629
batch	19800	valid_loss	29879.9689941
batch	19830	valid_loss	29917.6665039
batch	19860	valid_loss	29659.4909668
batch	19890	valid_loss	29648.713623
batch	19920	valid_loss	29718.1953125
batch	19950	valid_loss	29718.4777832
batch	19980	valid_loss	29677.6901855
batch	20010	valid_loss	29623.6677246
batch	20040	valid_loss	29720.1376953
batch	20070	valid_loss	29664.8132324
batch	20100	valid_loss	29737.7224121
batch	20130	valid_loss	29706.2871094
batch	20160	valid_loss	29587.0751953
batch	20190	valid_loss	29658.5910645
batch	20220	valid_loss	29718.9880371
batch	20250	valid_loss	29571.144043
batch	20280	valid_loss	29619.6430664
batch	20310	valid_loss	29702.9282227
batch	20340	valid_loss	29693.8710938
batch	20370	valid_loss	29723.1157227
batch	20400	valid_loss	29603.2302246
batch	20430	valid_loss	29705.4743652
batch	20460	valid_loss	29617.2768555
batch	20490	valid_loss	29663.7993164
batch	20520	valid_loss	29544.864502
batch	20550	valid_loss	29622.6547852
batch	20580	valid_loss	29900.9245605
batch	20610	valid_loss	29531.3557129
batch	20640	valid_loss	29668.5285645
batch	20670	valid_loss	29602.8039551
batch	20700	valid_loss	29588.3225098
batch	20730	valid_loss	30197.1633301
batch	20760	valid_loss	29569.4287109
batch	20790	valid_loss	29556.5004883
batch	20820	valid_loss	29564.7626953
batch	20850	valid_loss	29764.0708008
batch	20880	valid_loss	29548.7370605
batch	20910	valid_loss	29593.112793
batch	20940	valid_loss	29872.5942383
batch	20970	valid_loss	29641.0217285
batch	21000	valid_loss	29547.5625
batch	21030	valid_loss	29549.1499023
batch	21060	valid_loss	29502.1938477
batch	21090	valid_loss	29823.9328613
batch	21120	valid_loss	29569.6047363
batch	21150	valid_loss	29661.1640625
batch	21180	valid_loss	29524.4238281
batch	21210	valid_loss	29540.3759766
batch	21240	valid_loss	29508.6164551
batch	21270	valid_loss	29592.6218262
batch	21300	valid_loss	29545.4162598
batch	21330	valid_loss	29513.8022461
batch	21360	valid_loss	29485.0166016
batch	21390	valid_loss	29727.7578125
batch	21420	valid_loss	29459.7072754
batch	21450	valid_loss	29431.8903809
batch	21480	valid_loss	29556.3381348
batch	21510	valid_loss	29524.6130371
batch	21540	valid_loss	29470.5795898
batch	21570	valid_loss	29419.4589844
batch	21600	valid_loss	29525.7236328
batch	21630	valid_loss	29497.8461914
batch	21660	valid_loss	29713.1738281
batch	21690	valid_loss	29459.4755859
batch	21720	valid_loss	29550.7614746
batch	21750	valid_loss	29453.4675293
batch	21780	valid_loss	29629.8288574
batch	21810	valid_loss	29402.0234375
batch	21840	valid_loss	29445.8835449
batch	21870	valid_loss	29505.447998
batch	21900	valid_loss	29535.3510742
batch	21930	valid_loss	29449.3452148
batch	21960	valid_loss	29416.9399414
batch	21990	valid_loss	29386.7272949
batch	22020	valid_loss	29426.1257324
batch	22050	valid_loss	29482.6350098
batch	22080	valid_loss	29338.8334961
batch	22110	valid_loss	29443.3757324
batch	22140	valid_loss	29633.4042969
batch	22170	valid_loss	29374.6589355
batch	22200	valid_loss	29523.2175293
batch	22230	valid_loss	29481.9350586
batch	22260	valid_loss	29427.4919434
batch	22290	valid_loss	29420.4506836
batch	22320	valid_loss	29390.3713379
batch	22350	valid_loss	29437.9755859
batch	22380	valid_loss	29360.9624023
batch	22410	valid_loss	29617.5302734
batch	22440	valid_loss	29397.3818359
batch	22470	valid_loss	29404.1889648
batch	22500	valid_loss	29592.0673828
batch	22530	valid_loss	29575.536377
batch	22560	valid_loss	29347.9309082
batch	22590	valid_loss	29570.2805176
batch	22620	valid_loss	29295.159668
batch	22650	valid_loss	29862.5224609
batch	22680	valid_loss	29325.4304199
batch	22710	valid_loss	29398.3081055
batch	22740	valid_loss	29281.0651855
batch	22770	valid_loss	29358.6474609
batch	22800	valid_loss	29285.685791
batch	22830	valid_loss	29593.2746582
batch	22860	valid_loss	29332.9550781
batch	22890	valid_loss	29262.1518555
batch	22920	valid_loss	29252.501709
batch	22950	valid_loss	29543.5698242
batch	22980	valid_loss	29282.5720215
batch	23010	valid_loss	29160.3811035
batch	23040	valid_loss	29310.1799316
batch	23070	valid_loss	29265.7541504
batch	23100	valid_loss	29186.5280762
batch	23130	valid_loss	29242.7595215
batch	23160	valid_loss	29389.2861328
batch	23190	valid_loss	29174.0629883
batch	23220	valid_loss	29188.2524414
batch	23250	valid_loss	29213.9711914
batch	23280	valid_loss	29189.2770996
batch	23310	valid_loss	29132.1503906
batch	23340	valid_loss	29138.1376953
batch	23370	valid_loss	29166.1669922
batch	23400	valid_loss	29077.1323242
batch	23430	valid_loss	29249.3137207
batch	23460	valid_loss	29040.0268555
batch	23490	valid_loss	29127.9133301
batch	23520	valid_loss	29019.5500488
batch	23550	valid_loss	29018.3132324
batch	23580	valid_loss	29033.0310059
batch	23610	valid_loss	29046.4995117
batch	23640	valid_loss	28946.7260742
batch	23670	valid_loss	29121.9802246
batch	23700	valid_loss	29010.3818359
batch	23730	valid_loss	28923.2612305
batch	23760	valid_loss	29007.8093262
batch	23790	valid_loss	28934.6547852
batch	23820	valid_loss	28915.5649414
batch	23850	valid_loss	28887.4528809
batch	23880	valid_loss	28854.6630859
batch	23910	valid_loss	28862.3725586
batch	23940	valid_loss	28814.8710938
batch	23970	valid_loss	29156.8603516
batch	24000	valid_loss	28880.7094727
batch	24030	valid_loss	28858.744873
batch	24060	valid_loss	28973.2675781
batch	24090	valid_loss	28927.2775879
batch	24120	valid_loss	28831.2548828
batch	24150	valid_loss	28871.8513184
batch	24180	valid_loss	28718.6235352
batch	24210	valid_loss	29031.7978516
batch	24240	valid_loss	28691.557373
batch	24270	valid_loss	28733.8818359
batch	24300	valid_loss	28661.9921875
batch	24330	valid_loss	28697.2451172
batch	24360	valid_loss	28650.8103027
batch	24390	valid_loss	28914.9562988
batch	24420	valid_loss	28583.1413574
batch	24450	valid_loss	28546.9118652
batch	24480	valid_loss	28573.4975586
batch	24510	valid_loss	28734.2036133
batch	24540	valid_loss	28551.8076172
batch	24570	valid_loss	28432.7775879
batch	24600	valid_loss	28531.661377
batch	24630	valid_loss	28486.6630859
batch	24660	valid_loss	28440.095459
batch	24690	valid_loss	28562.1054688
batch	24720	valid_loss	28682.3137207
batch	24750	valid_loss	28433.276123
batch	24780	valid_loss	28428.1777344
batch	24810	valid_loss	28406.7731934
batch	24840	valid_loss	28436.5615234
batch	24870	valid_loss	28333.4921875
batch	24900	valid_loss	28320.1826172
batch	24930	valid_loss	28284.7597656
batch	24960	valid_loss	28250.7504883
batch	24990	valid_loss	28430.059082
STOP
START
config	620	180	620	960
batch	0	valid_loss	6607654.125
batch	30	valid_loss	177527.418945
batch	60	valid_loss	122793.862305
batch	90	valid_loss	120152.546875
batch	120	valid_loss	120005.301758
batch	150	valid_loss	119930.751953
batch	180	valid_loss	119793.615234
batch	210	valid_loss	119625.529297
batch	240	valid_loss	119381.875977
batch	270	valid_loss	118914.517578
batch	300	valid_loss	118173.652344
batch	330	valid_loss	116733.109375
batch	360	valid_loss	114661.798828
batch	390	valid_loss	112596.541992
batch	420	valid_loss	110963.939453
batch	450	valid_loss	109897.706055
batch	480	valid_loss	109104.762695
batch	510	valid_loss	108540.074219
batch	540	valid_loss	107987.789062
batch	570	valid_loss	107603.957031
batch	600	valid_loss	107012.352539
batch	630	valid_loss	106480.814453
batch	660	valid_loss	105783.463867
batch	690	valid_loss	105096.226562
batch	720	valid_loss	104195.911133
batch	750	valid_loss	103240.767578
batch	780	valid_loss	102297.860352
batch	810	valid_loss	101137.514648
batch	840	valid_loss	100074.478516
batch	870	valid_loss	98881.1044922
batch	900	valid_loss	97769.6210938
batch	930	valid_loss	96516.0898438
batch	960	valid_loss	95481.0908203
batch	990	valid_loss	94383.3945312
batch	1020	valid_loss	93152.4799805
batch	1050	valid_loss	91950.894043
batch	1080	valid_loss	90758.8569336
batch	1110	valid_loss	89530.7988281
batch	1140	valid_loss	88146.3012695
batch	1170	valid_loss	86855.53125
batch	1200	valid_loss	85639.8432617
batch	1230	valid_loss	84405.2348633
batch	1260	valid_loss	83092.8740234
batch	1290	valid_loss	81861.2680664
batch	1320	valid_loss	80650.9897461
batch	1350	valid_loss	79390.190918
batch	1380	valid_loss	78186.8603516
batch	1410	valid_loss	77046.9296875
batch	1440	valid_loss	75994.9931641
batch	1470	valid_loss	74656.3764648
batch	1500	valid_loss	73653.5302734
batch	1530	valid_loss	72500.0732422
batch	1560	valid_loss	71389.1391602
batch	1590	valid_loss	70476.5439453
batch	1620	valid_loss	69272.9160156
batch	1650	valid_loss	68149.5932617
batch	1680	valid_loss	67307.144043
batch	1710	valid_loss	66452.8110352
batch	1740	valid_loss	65387.8862305
batch	1770	valid_loss	64550.2084961
batch	1800	valid_loss	63590.109375
batch	1830	valid_loss	62672.7685547
batch	1860	valid_loss	61837.3720703
batch	1890	valid_loss	60970.0942383
batch	1920	valid_loss	60280.7802734
batch	1950	valid_loss	59524.4794922
batch	1980	valid_loss	58848.9604492
batch	2010	valid_loss	58112.8198242
batch	2040	valid_loss	57305.6088867
batch	2070	valid_loss	56762.4707031
batch	2100	valid_loss	56004.6240234
batch	2130	valid_loss	55374.3066406
batch	2160	valid_loss	54782.9023438
batch	2190	valid_loss	54122.7802734
batch	2220	valid_loss	53542.4438477
batch	2250	valid_loss	52819.9257812
batch	2280	valid_loss	52307.5756836
batch	2310	valid_loss	51866.8325195
batch	2340	valid_loss	51389.40625
batch	2370	valid_loss	50897.956543
batch	2400	valid_loss	50376.2651367
batch	2430	valid_loss	49954.8911133
batch	2460	valid_loss	49405.0058594
batch	2490	valid_loss	48998.2705078
batch	2520	valid_loss	48574.4047852
batch	2550	valid_loss	48096.3115234
batch	2580	valid_loss	47777.5146484
batch	2610	valid_loss	47343.2011719
batch	2640	valid_loss	47029.0253906
batch	2670	valid_loss	46551.1394043
batch	2700	valid_loss	46397.3759766
batch	2730	valid_loss	45791.1750488
batch	2760	valid_loss	45466.847168
batch	2790	valid_loss	45082.4404297
batch	2820	valid_loss	44702.5722656
batch	2850	valid_loss	44406.4904785
batch	2880	valid_loss	44253.6879883
batch	2910	valid_loss	43916.894043
batch	2940	valid_loss	43516.4006348
batch	2970	valid_loss	43258.9387207
batch	3000	valid_loss	42967.7717285
batch	3030	valid_loss	42649.831543
batch	3060	valid_loss	42322.2004395
batch	3090	valid_loss	42073.1518555
batch	3120	valid_loss	41771.4226074
batch	3150	valid_loss	41641.8786621
batch	3180	valid_loss	41197.9951172
batch	3210	valid_loss	41105.1542969
batch	3240	valid_loss	40845.1896973
batch	3270	valid_loss	40694.3491211
batch	3300	valid_loss	40342.4631348
batch	3330	valid_loss	40099.7460938
batch	3360	valid_loss	39874.720459
batch	3390	valid_loss	39580.0231934
batch	3420	valid_loss	39472.2333984
batch	3450	valid_loss	39307.8310547
batch	3480	valid_loss	39043.6662598
batch	3510	valid_loss	38967.5202637
batch	3540	valid_loss	38660.2021484
batch	3570	valid_loss	38627.1000977
batch	3600	valid_loss	38481.2814941
batch	3630	valid_loss	38242.4289551
batch	3660	valid_loss	37926.9584961
batch	3690	valid_loss	37871.640625
batch	3720	valid_loss	37652.2553711
batch	3750	valid_loss	37505.7810059
batch	3780	valid_loss	37324.1550293
batch	3810	valid_loss	37258.9492188
batch	3840	valid_loss	37094.2436523
batch	3870	valid_loss	36956.7893066
batch	3900	valid_loss	36763.0996094
batch	3930	valid_loss	36693.8500977
batch	3960	valid_loss	36483.017334
batch	3990	valid_loss	36512.3579102
batch	4020	valid_loss	36182.5405273
batch	4050	valid_loss	36111.6208496
batch	4080	valid_loss	36097.9968262
batch	4110	valid_loss	35803.6450195
batch	4140	valid_loss	35733.9116211
batch	4170	valid_loss	35614.6794434
batch	4200	valid_loss	35670.046875
batch	4230	valid_loss	35515.4641113
batch	4260	valid_loss	35469.7770996
batch	4290	valid_loss	35298.291748
batch	4320	valid_loss	35167.777832
batch	4350	valid_loss	35114.168457
batch	4380	valid_loss	34939.3193359
batch	4410	valid_loss	34825.8371582
batch	4440	valid_loss	34702.8369141
batch	4470	valid_loss	34669.3051758
batch	4500	valid_loss	34660.7910156
batch	4530	valid_loss	34375.7587891
batch	4560	valid_loss	34583.560791
batch	4590	valid_loss	34347.9116211
batch	4620	valid_loss	34434.4694824
batch	4650	valid_loss	34192.869873
batch	4680	valid_loss	34069.4763184
batch	4710	valid_loss	34170.9299316
batch	4740	valid_loss	33912.3930664
batch	4770	valid_loss	33891.0153809
batch	4800	valid_loss	33757.4194336
batch	4830	valid_loss	33797.2949219
batch	4860	valid_loss	33733.7963867
batch	4890	valid_loss	33747.6621094
batch	4920	valid_loss	33691.0439453
batch	4950	valid_loss	33535.407959
batch	4980	valid_loss	33506.6313477
batch	5010	valid_loss	33461.361084
batch	5040	valid_loss	33301.173584
batch	5070	valid_loss	33407.7927246
batch	5100	valid_loss	33348.8066406
batch	5130	valid_loss	33431.322998
batch	5160	valid_loss	33242.0136719
batch	5190	valid_loss	33248.6728516
batch	5220	valid_loss	33046.4213867
batch	5250	valid_loss	33093.027832
batch	5280	valid_loss	32964.286377
batch	5310	valid_loss	33011.434082
batch	5340	valid_loss	33149.8837891
batch	5370	valid_loss	33098.0759277
batch	5400	valid_loss	32857.2226562
batch	5430	valid_loss	32726.4414062
batch	5460	valid_loss	32852.0144043
batch	5490	valid_loss	33475.6069336
batch	5520	valid_loss	32767.3730469
batch	5550	valid_loss	32851.9064941
batch	5580	valid_loss	32567.7607422
batch	5610	valid_loss	32621.6982422
batch	5640	valid_loss	32784.769043
batch	5670	valid_loss	32488.373291
batch	5700	valid_loss	33320.5625
batch	5730	valid_loss	32418.5153809
batch	5760	valid_loss	32541.8701172
batch	5790	valid_loss	32337.7346191
batch	5820	valid_loss	32579.6491699
batch	5850	valid_loss	32528.010498
batch	5880	valid_loss	32380.0654297
batch	5910	valid_loss	32464.2324219
batch	5940	valid_loss	32414.604248
batch	5970	valid_loss	32325.3876953
batch	6000	valid_loss	32325.6208496
batch	6030	valid_loss	32282.690918
batch	6060	valid_loss	32413.5522461
batch	6090	valid_loss	32220.8635254
batch	6120	valid_loss	32224.5466309
batch	6150	valid_loss	32236.0888672
batch	6180	valid_loss	33072.4934082
batch	6210	valid_loss	32019.8701172
batch	6240	valid_loss	32067.223877
batch	6270	valid_loss	32109.9277344
batch	6300	valid_loss	31972.0009766
batch	6330	valid_loss	32160.5551758
batch	6360	valid_loss	31997.3312988
batch	6390	valid_loss	32158.0424805
batch	6420	valid_loss	32068.8977051
batch	6450	valid_loss	32184.7402344
batch	6480	valid_loss	32199.5212402
batch	6510	valid_loss	31841.7971191
batch	6540	valid_loss	31895.0412598
batch	6570	valid_loss	31873.2783203
batch	6600	valid_loss	31944.7080078
batch	6630	valid_loss	31927.2805176
batch	6660	valid_loss	31789.7441406
batch	6690	valid_loss	31990.0581055
batch	6720	valid_loss	32066.3076172
batch	6750	valid_loss	31834.2910156
batch	6780	valid_loss	31780.1315918
batch	6810	valid_loss	31766.0505371
batch	6840	valid_loss	31673.4118652
batch	6870	valid_loss	31736.5126953
batch	6900	valid_loss	31748.3217773
batch	6930	valid_loss	32366.4458008
batch	6960	valid_loss	31692.748291
batch	6990	valid_loss	31605.472168
batch	7020	valid_loss	31741.5998535
batch	7050	valid_loss	31815.6943359
batch	7080	valid_loss	31603.0998535
batch	7110	valid_loss	32532.8879395
batch	7140	valid_loss	31587.1828613
batch	7170	valid_loss	31565.9216309
batch	7200	valid_loss	31635.4926758
batch	7230	valid_loss	31637.9702148
batch	7260	valid_loss	31720.4152832
batch	7290	valid_loss	31452.972168
batch	7320	valid_loss	31517.442627
batch	7350	valid_loss	31394.1137695
batch	7380	valid_loss	31573.6347656
batch	7410	valid_loss	31495.0356445
batch	7440	valid_loss	31554.7021484
batch	7470	valid_loss	31492.5893555
batch	7500	valid_loss	31855.4030762
batch	7530	valid_loss	31606.6013184
batch	7560	valid_loss	31417.0446777
batch	7590	valid_loss	31920.6738281
batch	7620	valid_loss	31493.8371582
batch	7650	valid_loss	31400.7282715
batch	7680	valid_loss	31440.769043
batch	7710	valid_loss	31461.2553711
batch	7740	valid_loss	31683.4848633
batch	7770	valid_loss	31226.3850098
batch	7800	valid_loss	31349.7099609
batch	7830	valid_loss	31372.1767578
batch	7860	valid_loss	31242.6091309
batch	7890	valid_loss	31470.8105469
batch	7920	valid_loss	31307.1455078
batch	7950	valid_loss	31405.9785156
batch	7980	valid_loss	31438.387207
batch	8010	valid_loss	31410.5754395
batch	8040	valid_loss	31568.8911133
batch	8070	valid_loss	31283.2492676
batch	8100	valid_loss	31315.9089355
batch	8130	valid_loss	31268.8066406
batch	8160	valid_loss	31155.5517578
batch	8190	valid_loss	31281.9353027
batch	8220	valid_loss	31147.1682129
batch	8250	valid_loss	31312.2685547
batch	8280	valid_loss	31346.510498
batch	8310	valid_loss	31217.1296387
batch	8340	valid_loss	32057.6289062
batch	8370	valid_loss	31156.1079102
batch	8400	valid_loss	31119.5144043
batch	8430	valid_loss	31156.8037109
batch	8460	valid_loss	31440.7736816
batch	8490	valid_loss	31266.380127
batch	8520	valid_loss	31572.1057129
batch	8550	valid_loss	31076.8803711
batch	8580	valid_loss	31223.3415527
batch	8610	valid_loss	31179.4462891
batch	8640	valid_loss	31212.5876465
batch	8670	valid_loss	31569.2797852
batch	8700	valid_loss	31075.4597168
batch	8730	valid_loss	31116.796875
batch	8760	valid_loss	31146.0783691
batch	8790	valid_loss	31154.0874023
batch	8820	valid_loss	31177.9260254
batch	8850	valid_loss	31039.4399414
batch	8880	valid_loss	31063.2573242
batch	8910	valid_loss	31093.5317383
batch	8940	valid_loss	31143.092041
batch	8970	valid_loss	31056.2578125
batch	9000	valid_loss	30970.0004883
batch	9030	valid_loss	31153.6826172
batch	9060	valid_loss	31468.4597168
batch	9090	valid_loss	31176.3718262
batch	9120	valid_loss	30984.4179688
batch	9150	valid_loss	31002.9621582
batch	9180	valid_loss	31208.2053223
batch	9210	valid_loss	31069.1003418
batch	9240	valid_loss	31071.9516602
batch	9270	valid_loss	31141.0847168
batch	9300	valid_loss	31119.182373
batch	9330	valid_loss	31104.2712402
batch	9360	valid_loss	31018.394043
batch	9390	valid_loss	31061.5568848
batch	9420	valid_loss	31058.560791
batch	9450	valid_loss	31021.6806641
batch	9480	valid_loss	30930.307373
batch	9510	valid_loss	31036.8796387
batch	9540	valid_loss	31078.8442383
batch	9570	valid_loss	31022.5397949
batch	9600	valid_loss	31043.7001953
batch	9630	valid_loss	30867.815918
batch	9660	valid_loss	30933.0759277
batch	9690	valid_loss	30981.3703613
batch	9720	valid_loss	30837.0756836
batch	9750	valid_loss	31007.3811035
batch	9780	valid_loss	30807.1516113
batch	9810	valid_loss	30967.869873
batch	9840	valid_loss	31459.8730469
batch	9870	valid_loss	30957.6083984
batch	9900	valid_loss	30996.2250977
batch	9930	valid_loss	30812.9018555
batch	9960	valid_loss	30946.9780273
batch	9990	valid_loss	30948.6140137
batch	10020	valid_loss	30951.5947266
batch	10050	valid_loss	30982.5212402
batch	10080	valid_loss	31424.8806152
batch	10110	valid_loss	30785.9128418
batch	10140	valid_loss	30894.9230957
batch	10170	valid_loss	30879.4716797
batch	10200	valid_loss	31039.4711914
batch	10230	valid_loss	30926.0500488
batch	10260	valid_loss	30785.4067383
batch	10290	valid_loss	31169.8652344
batch	10320	valid_loss	30826.0419922
batch	10350	valid_loss	30807.9140625
batch	10380	valid_loss	31237.6003418
batch	10410	valid_loss	30767.3154297
batch	10440	valid_loss	30804.2080078
batch	10470	valid_loss	30935.9538574
batch	10500	valid_loss	30937.0432129
batch	10530	valid_loss	30823.8222656
batch	10560	valid_loss	30902.7392578
batch	10590	valid_loss	30788.9523926
batch	10620	valid_loss	30870.6257324
batch	10650	valid_loss	30874.0788574
batch	10680	valid_loss	30739.5612793
batch	10710	valid_loss	30791.3666992
batch	10740	valid_loss	30758.8361816
batch	10770	valid_loss	30755.041748
batch	10800	valid_loss	30819.970459
batch	10830	valid_loss	31034.8503418
batch	10860	valid_loss	30879.7038574
batch	10890	valid_loss	30915.0202637
batch	10920	valid_loss	30753.9013672
batch	10950	valid_loss	30810.0561523
batch	10980	valid_loss	30789.3447266
batch	11010	valid_loss	30869.3334961
batch	11040	valid_loss	30690.9606934
batch	11070	valid_loss	30789.4260254
batch	11100	valid_loss	30878.0356445
batch	11130	valid_loss	30738.8891602
batch	11160	valid_loss	30849.9812012
batch	11190	valid_loss	30640.7780762
batch	11220	valid_loss	30884.3757324
batch	11250	valid_loss	30753.4611816
batch	11280	valid_loss	30696.1159668
batch	11310	valid_loss	30987.4338379
batch	11340	valid_loss	30624.1699219
batch	11370	valid_loss	30681.4987793
batch	11400	valid_loss	31155.9584961
batch	11430	valid_loss	30676.6398926
batch	11460	valid_loss	30771.3105469
batch	11490	valid_loss	30749.9226074
batch	11520	valid_loss	30829.0800781
batch	11550	valid_loss	30789.1274414
batch	11580	valid_loss	30726.4492188
batch	11610	valid_loss	30797.5068359
batch	11640	valid_loss	30826.8186035
batch	11670	valid_loss	30678.4760742
batch	11700	valid_loss	30826.1853027
batch	11730	valid_loss	30751.7924805
batch	11760	valid_loss	30712.6750488
batch	11790	valid_loss	30713.5959473
batch	11820	valid_loss	30606.8510742
batch	11850	valid_loss	30649.3464355
batch	11880	valid_loss	30700.776123
batch	11910	valid_loss	30717.8173828
batch	11940	valid_loss	31230.4785156
batch	11970	valid_loss	30624.3339844
batch	12000	valid_loss	30658.326416
batch	12030	valid_loss	30763.1672363
batch	12060	valid_loss	30752.9750977
batch	12090	valid_loss	30704.2780762
batch	12120	valid_loss	30648.5229492
batch	12150	valid_loss	30593.6936035
batch	12180	valid_loss	30594.8088379
batch	12210	valid_loss	30664.4274902
batch	12240	valid_loss	30719.041748
batch	12270	valid_loss	30959.3195801
batch	12300	valid_loss	30627.590332
batch	12330	valid_loss	30562.9650879
batch	12360	valid_loss	30667.2946777
batch	12390	valid_loss	30615.7119141
batch	12420	valid_loss	30602.6645508
batch	12450	valid_loss	30644.4675293
batch	12480	valid_loss	30602.5102539
batch	12510	valid_loss	30679.1027832
batch	12540	valid_loss	30666.9934082
batch	12570	valid_loss	30647.8630371
batch	12600	valid_loss	30569.0483398
batch	12630	valid_loss	30623.4160156
batch	12660	valid_loss	30822.8718262
batch	12690	valid_loss	30649.012207
batch	12720	valid_loss	30700.3654785
batch	12750	valid_loss	30528.2668457
batch	12780	valid_loss	30813.9189453
batch	12810	valid_loss	30659.798584
batch	12840	valid_loss	30601.3535156
batch	12870	valid_loss	30618.0024414
batch	12900	valid_loss	30566.7250977
batch	12930	valid_loss	30541.9689941
batch	12960	valid_loss	30611.9187012
batch	12990	valid_loss	30526.2875977
batch	13020	valid_loss	30577.6279297
batch	13050	valid_loss	30714.8127441
batch	13080	valid_loss	30502.2185059
batch	13110	valid_loss	30697.8444824
batch	13140	valid_loss	30554.3791504
batch	13170	valid_loss	30601.5854492
batch	13200	valid_loss	30595.1369629
batch	13230	valid_loss	30587.9313965
batch	13260	valid_loss	30521.7626953
batch	13290	valid_loss	30572.255127
batch	13320	valid_loss	30757.1010742
batch	13350	valid_loss	30524.123291
batch	13380	valid_loss	30456.7900391
batch	13410	valid_loss	30576.640625
batch	13440	valid_loss	30527.7687988
batch	13470	valid_loss	31280.3581543
batch	13500	valid_loss	30578.0771484
batch	13530	valid_loss	30618.956543
batch	13560	valid_loss	30498.4921875
batch	13590	valid_loss	30625.9057617
batch	13620	valid_loss	30498.2998047
batch	13650	valid_loss	30496.5700684
batch	13680	valid_loss	30415.6513672
batch	13710	valid_loss	30551.5119629
batch	13740	valid_loss	30417.5991211
batch	13770	valid_loss	30523.3093262
batch	13800	valid_loss	30561.4316406
batch	13830	valid_loss	30568.7209473
batch	13860	valid_loss	30467.0454102
batch	13890	valid_loss	30413.0769043
batch	13920	valid_loss	30507.4946289
batch	13950	valid_loss	30485.4741211
batch	13980	valid_loss	30431.2749023
batch	14010	valid_loss	30953.0727539
batch	14040	valid_loss	30510.6662598
batch	14070	valid_loss	30510.2067871
batch	14100	valid_loss	30577.6184082
batch	14130	valid_loss	30528.2626953
batch	14160	valid_loss	30820.4677734
batch	14190	valid_loss	30455.7102051
batch	14220	valid_loss	30432.4343262
batch	14250	valid_loss	30625.4382324
batch	14280	valid_loss	30468.7602539
batch	14310	valid_loss	30376.6894531
batch	14340	valid_loss	30546.1130371
batch	14370	valid_loss	30411.8723145
batch	14400	valid_loss	30412.0576172
batch	14430	valid_loss	30584.8457031
batch	14460	valid_loss	30461.8432617
batch	14490	valid_loss	30407.7932129
batch	14520	valid_loss	30529.8601074
batch	14550	valid_loss	30431.1503906
batch	14580	valid_loss	30397.6660156
batch	14610	valid_loss	30336.7150879
batch	14640	valid_loss	30370.690918
batch	14670	valid_loss	30537.8950195
batch	14700	valid_loss	30596.114502
batch	14730	valid_loss	30396.2438965
batch	14760	valid_loss	30381.8139648
batch	14790	valid_loss	30385.9396973
batch	14820	valid_loss	30341.7556152
batch	14850	valid_loss	30439.263916
batch	14880	valid_loss	30571.0854492
batch	14910	valid_loss	30381.3798828
batch	14940	valid_loss	30316.6801758
batch	14970	valid_loss	30467.2409668
batch	15000	valid_loss	30504.1394043
batch	15030	valid_loss	30393.9287109
batch	15060	valid_loss	30431.6760254
batch	15090	valid_loss	30388.0185547
batch	15120	valid_loss	31293.5109863
batch	15150	valid_loss	30329.9985352
batch	15180	valid_loss	30318.3005371
batch	15210	valid_loss	30285.2050781
batch	15240	valid_loss	30251.3398438
batch	15270	valid_loss	30317.5178223
batch	15300	valid_loss	30307.7443848
batch	15330	valid_loss	30270.6103516
batch	15360	valid_loss	30699.4958496
batch	15390	valid_loss	30317.4616699
batch	15420	valid_loss	30381.8374023
batch	15450	valid_loss	30267.3994141
batch	15480	valid_loss	30957.1159668
batch	15510	valid_loss	30338.7336426
batch	15540	valid_loss	30242.888916
batch	15570	valid_loss	30258.5385742
batch	15600	valid_loss	30241.2880859
batch	15630	valid_loss	30435.3271484
batch	15660	valid_loss	30279.5400391
batch	15690	valid_loss	31148.576416
batch	15720	valid_loss	30355.8510742
batch	15750	valid_loss	30323.4343262
batch	15780	valid_loss	30242.5581055
batch	15810	valid_loss	30276.1074219
batch	15840	valid_loss	30312.1032715
batch	15870	valid_loss	30399.4199219
batch	15900	valid_loss	30510.8664551
batch	15930	valid_loss	30228.6381836
batch	15960	valid_loss	30248.0361328
batch	15990	valid_loss	30242.8024902
batch	16020	valid_loss	30209.9697266
batch	16050	valid_loss	30209.5085449
batch	16080	valid_loss	30372.9255371
batch	16110	valid_loss	30263.4401855
batch	16140	valid_loss	30276.6564941
batch	16170	valid_loss	30329.5185547
batch	16200	valid_loss	30253.619873
batch	16230	valid_loss	30416.4116211
batch	16260	valid_loss	30234.1616211
batch	16290	valid_loss	30298.3334961
batch	16320	valid_loss	30199.1416016
batch	16350	valid_loss	30224.6982422
batch	16380	valid_loss	30180.2941895
batch	16410	valid_loss	30248.8537598
batch	16440	valid_loss	30276.4033203
batch	16470	valid_loss	30188.9450684
batch	16500	valid_loss	30628.8374023
batch	16530	valid_loss	30138.5915527
batch	16560	valid_loss	30332.720459
batch	16590	valid_loss	30294.1535645
batch	16620	valid_loss	30400.4226074
batch	16650	valid_loss	30375.7883301
batch	16680	valid_loss	30217.5712891
batch	16710	valid_loss	30184.5400391
batch	16740	valid_loss	30392.8330078
batch	16770	valid_loss	30138.282959
batch	16800	valid_loss	30287.2036133
batch	16830	valid_loss	30248.3063965
batch	16860	valid_loss	30156.2424316
batch	16890	valid_loss	30228.8532715
batch	16920	valid_loss	30284.9025879
batch	16950	valid_loss	30828.5581055
batch	16980	valid_loss	30201.3730469
batch	17010	valid_loss	30141.612793
batch	17040	valid_loss	30221.442627
batch	17070	valid_loss	30149.0480957
batch	17100	valid_loss	30147.9016113
batch	17130	valid_loss	30072.6914062
batch	17160	valid_loss	30234.6904297
batch	17190	valid_loss	30187.9765625
batch	17220	valid_loss	30156.0551758
batch	17250	valid_loss	30462.9248047
batch	17280	valid_loss	30106.2956543
batch	17310	valid_loss	30209.6364746
batch	17340	valid_loss	30135.473877
batch	17370	valid_loss	30328.7783203
batch	17400	valid_loss	30252.8522949
batch	17430	valid_loss	30297.1467285
batch	17460	valid_loss	30119.5256348
batch	17490	valid_loss	30091.8591309
batch	17520	valid_loss	30188.697998
batch	17550	valid_loss	30232.1604004
batch	17580	valid_loss	30058.4538574
batch	17610	valid_loss	30077.1845703
batch	17640	valid_loss	30217.6052246
batch	17670	valid_loss	30137.767334
batch	17700	valid_loss	30066.6970215
batch	17730	valid_loss	30212.1337891
batch	17760	valid_loss	30065.1008301
batch	17790	valid_loss	30168.5131836
batch	17820	valid_loss	30106.5427246
batch	17850	valid_loss	30154.7697754
batch	17880	valid_loss	30069.9108887
batch	17910	valid_loss	30292.7297363
batch	17940	valid_loss	30020.0092773
batch	17970	valid_loss	30068.1181641
batch	18000	valid_loss	30095.0800781
batch	18030	valid_loss	30064.1525879
batch	18060	valid_loss	30285.2563477
batch	18090	valid_loss	29955.3911133
batch	18120	valid_loss	30093.5869141
batch	18150	valid_loss	30036.2817383
batch	18180	valid_loss	30131.6931152
batch	18210	valid_loss	30187.715332
batch	18240	valid_loss	30032.7609863
batch	18270	valid_loss	30077.8684082
batch	18300	valid_loss	29964.2119141
batch	18330	valid_loss	29935.3415527
batch	18360	valid_loss	30247.3239746
batch	18390	valid_loss	29971.0874023
batch	18420	valid_loss	29949.7958984
batch	18450	valid_loss	29990.732666
batch	18480	valid_loss	30002.0439453
batch	18510	valid_loss	29973.6850586
batch	18540	valid_loss	29970.6071777
batch	18570	valid_loss	29898.0517578
batch	18600	valid_loss	29922.5900879
batch	18630	valid_loss	29962.2487793
batch	18660	valid_loss	30016.6879883
batch	18690	valid_loss	29842.3225098
batch	18720	valid_loss	29936.3415527
batch	18750	valid_loss	29942.3156738
batch	18780	valid_loss	29885.9375
batch	18810	valid_loss	30925.885498
batch	18840	valid_loss	29847.7028809
batch	18870	valid_loss	29933.3659668
batch	18900	valid_loss	29954.9731445
batch	18930	valid_loss	30005.0725098
batch	18960	valid_loss	29940.1594238
batch	18990	valid_loss	29937.2011719
batch	19020	valid_loss	29872.387207
batch	19050	valid_loss	29831.284668
batch	19080	valid_loss	29924.9814453
batch	19110	valid_loss	29849.0722656
batch	19140	valid_loss	29846.8198242
batch	19170	valid_loss	29862.4301758
batch	19200	valid_loss	30001.4360352
batch	19230	valid_loss	29934.4733887
batch	19260	valid_loss	29854.8388672
batch	19290	valid_loss	30154.0888672
batch	19320	valid_loss	29928.9052734
batch	19350	valid_loss	29896.8317871
batch	19380	valid_loss	29842.6362305
batch	19410	valid_loss	30132.423584
batch	19440	valid_loss	29814.8554688
batch	19470	valid_loss	30353.2541504
batch	19500	valid_loss	29771.4772949
batch	19530	valid_loss	29839.7421875
batch	19560	valid_loss	30005.1362305
batch	19590	valid_loss	29846.6914062
batch	19620	valid_loss	30161.222168
batch	19650	valid_loss	29751.6259766
batch	19680	valid_loss	29863.2033691
batch	19710	valid_loss	29969.0058594
batch	19740	valid_loss	29856.2121582
batch	19770	valid_loss	29865.3208008
batch	19800	valid_loss	29907.1066895
batch	19830	valid_loss	29916.3239746
batch	19860	valid_loss	29794.2827148
batch	19890	valid_loss	29773.9631348
batch	19920	valid_loss	29794.4453125
batch	19950	valid_loss	29809.2773438
batch	19980	valid_loss	29782.1481934
batch	20010	valid_loss	29799.3500977
batch	20040	valid_loss	29852.2768555
batch	20070	valid_loss	29780.3884277
batch	20100	valid_loss	29781.4533691
batch	20130	valid_loss	29727.095459
batch	20160	valid_loss	29803.9372559
batch	20190	valid_loss	29953.9873047
batch	20220	valid_loss	29948.5556641
batch	20250	valid_loss	29760.1784668
batch	20280	valid_loss	29783.9904785
batch	20310	valid_loss	29784.8288574
batch	20340	valid_loss	30036.6972656
batch	20370	valid_loss	29808.6918945
batch	20400	valid_loss	29821.7575684
batch	20430	valid_loss	29834.0603027
batch	20460	valid_loss	29778.0361328
batch	20490	valid_loss	29922.0498047
batch	20520	valid_loss	29915.2529297
batch	20550	valid_loss	29789.8757324
batch	20580	valid_loss	29748.7512207
batch	20610	valid_loss	29724.6740723
batch	20640	valid_loss	29773.4267578
batch	20670	valid_loss	29736.0095215
batch	20700	valid_loss	29736.5058594
batch	20730	valid_loss	29729.6711426
batch	20760	valid_loss	29752.1240234
batch	20790	valid_loss	29818.7341309
batch	20820	valid_loss	29708.8825684
batch	20850	valid_loss	29936.7463379
batch	20880	valid_loss	29774.1757812
batch	20910	valid_loss	29787.7583008
batch	20940	valid_loss	29696.862793
batch	20970	valid_loss	29852.4528809
batch	21000	valid_loss	29730.7595215
batch	21030	valid_loss	29744.4953613
batch	21060	valid_loss	29645.2436523
batch	21090	valid_loss	29730.451416
batch	21120	valid_loss	29718.0300293
batch	21150	valid_loss	29776.9255371
batch	21180	valid_loss	29767.972168
batch	21210	valid_loss	29667.9267578
batch	21240	valid_loss	29706.6074219
batch	21270	valid_loss	29745.5559082
batch	21300	valid_loss	29804.0666504
batch	21330	valid_loss	29782.4082031
batch	21360	valid_loss	29711.689209
batch	21390	valid_loss	29640.5126953
batch	21420	valid_loss	29669.0617676
batch	21450	valid_loss	29609.6577148
batch	21480	valid_loss	29699.6486816
batch	21510	valid_loss	29612.979248
batch	21540	valid_loss	29625.2207031
batch	21570	valid_loss	29659.3811035
batch	21600	valid_loss	29907.3400879
batch	21630	valid_loss	29737.7380371
batch	21660	valid_loss	29790.7314453
batch	21690	valid_loss	29694.7016602
batch	21720	valid_loss	29628.8964844
batch	21750	valid_loss	29768.5356445
batch	21780	valid_loss	29731.458252
batch	21810	valid_loss	29535.2497559
batch	21840	valid_loss	29623.3967285
batch	21870	valid_loss	29572.7849121
batch	21900	valid_loss	29723.5625
batch	21930	valid_loss	29603.3964844
batch	21960	valid_loss	29646.4326172
batch	21990	valid_loss	29594.6408691
batch	22020	valid_loss	29530.1635742
batch	22050	valid_loss	29689.3427734
batch	22080	valid_loss	29640.8056641
batch	22110	valid_loss	29555.4558105
batch	22140	valid_loss	29650.0429688
batch	22170	valid_loss	29493.3154297
batch	22200	valid_loss	29629.4921875
batch	22230	valid_loss	29545.9196777
batch	22260	valid_loss	29579.8615723
batch	22290	valid_loss	29473.3051758
batch	22320	valid_loss	29630.8942871
batch	22350	valid_loss	29535.3676758
batch	22380	valid_loss	29440.0107422
batch	22410	valid_loss	29599.8220215
batch	22440	valid_loss	29457.2443848
batch	22470	valid_loss	29466.3850098
batch	22500	valid_loss	29449.2402344
batch	22530	valid_loss	29449.7854004
batch	22560	valid_loss	29423.6220703
batch	22590	valid_loss	29497.9277344
batch	22620	valid_loss	29323.5102539
batch	22650	valid_loss	29449.4423828
batch	22680	valid_loss	29452.987793
batch	22710	valid_loss	29397.9423828
batch	22740	valid_loss	29664.1467285
batch	22770	valid_loss	29353.7353516
batch	22800	valid_loss	29381.0593262
batch	22830	valid_loss	29339.911377
batch	22860	valid_loss	30519.9606934
batch	22890	valid_loss	29426.8566895
batch	22920	valid_loss	29321.4267578
batch	22950	valid_loss	29345.5163574
batch	22980	valid_loss	29259.4067383
batch	23010	valid_loss	29222.3798828
batch	23040	valid_loss	29291.6777344
batch	23070	valid_loss	29293.6889648
batch	23100	valid_loss	29288.5178223
batch	23130	valid_loss	29269.416748
batch	23160	valid_loss	29260.0961914
batch	23190	valid_loss	29819.2365723
batch	23220	valid_loss	29266.8017578
batch	23250	valid_loss	29139.7277832
batch	23280	valid_loss	29166.4067383
batch	23310	valid_loss	29171.9445801
batch	23340	valid_loss	29202.0554199
batch	23370	valid_loss	29305.7468262
batch	23400	valid_loss	29239.0986328
batch	23430	valid_loss	29122.0446777
batch	23460	valid_loss	29064.6169434
batch	23490	valid_loss	29364.4870605
batch	23520	valid_loss	29014.1420898
batch	23550	valid_loss	29020.5668945
batch	23580	valid_loss	29061.8171387
batch	23610	valid_loss	29075.6164551
batch	23640	valid_loss	29176.020752
batch	23670	valid_loss	29011.0065918
batch	23700	valid_loss	29077.7116699
batch	23730	valid_loss	28941.079834
batch	23760	valid_loss	28959.9445801
batch	23790	valid_loss	29016.2399902
batch	23820	valid_loss	28873.1083984
batch	23850	valid_loss	28885.6547852
batch	23880	valid_loss	28904.6623535
batch	23910	valid_loss	28875.5100098
batch	23940	valid_loss	28807.6726074
batch	23970	valid_loss	28963.4172363
batch	24000	valid_loss	28855.1831055
batch	24030	valid_loss	28941.7028809
batch	24060	valid_loss	28791.5805664
batch	24090	valid_loss	28691.3798828
batch	24120	valid_loss	29074.6369629
batch	24150	valid_loss	28686.9907227
batch	24180	valid_loss	28671.8129883
batch	24210	valid_loss	28771.8325195
batch	24240	valid_loss	28673.1318359
batch	24270	valid_loss	28673.3059082
batch	24300	valid_loss	29127.3046875
batch	24330	valid_loss	28585.7165527
batch	24360	valid_loss	28632.3334961
batch	24390	valid_loss	28567.0449219
batch	24420	valid_loss	29793.4440918
batch	24450	valid_loss	28524.3493652
batch	24480	valid_loss	28523.1086426
batch	24510	valid_loss	28582.8327637
batch	24540	valid_loss	28469.9157715
batch	24570	valid_loss	28475.2971191
batch	24600	valid_loss	28487.2155762
batch	24630	valid_loss	28455.3625488
batch	24660	valid_loss	28421.7346191
batch	24690	valid_loss	28416.6040039
batch	24720	valid_loss	28414.9553223
batch	24750	valid_loss	28589.1130371
batch	24780	valid_loss	28367.3916016
batch	24810	valid_loss	28298.2241211
batch	24840	valid_loss	28395.3579102
batch	24870	valid_loss	28432.7089844
batch	24900	valid_loss	28402.657959
batch	24930	valid_loss	28415.9907227
batch	24960	valid_loss	28382.5236816
batch	24990	valid_loss	28237.6113281
STOP
