START
config	80	960
batch	0	valid_loss	178360.90625
batch	20	valid_loss	122584.476562
batch	40	valid_loss	115292.067383
batch	60	valid_loss	111120.628906
batch	80	valid_loss	108725.383789
batch	100	valid_loss	106755.333008
batch	120	valid_loss	104545.891602
batch	140	valid_loss	102153.621094
batch	160	valid_loss	99659.0322266
batch	180	valid_loss	97047.9667969
batch	200	valid_loss	94329.7519531
batch	220	valid_loss	91728.3364258
batch	240	valid_loss	89076.5761719
batch	260	valid_loss	86528.6376953
batch	280	valid_loss	84128.8666992
batch	300	valid_loss	81857.6640625
batch	320	valid_loss	79825.3071289
batch	340	valid_loss	77930.472168
batch	360	valid_loss	76246.6547852
batch	380	valid_loss	74803.8740234
batch	400	valid_loss	73543.4082031
batch	420	valid_loss	72472.9887695
batch	440	valid_loss	71475.6557617
batch	460	valid_loss	70728.175293
batch	480	valid_loss	70087.6777344
batch	500	valid_loss	69549.8945312
batch	520	valid_loss	69190.4614258
batch	540	valid_loss	68817.9731445
batch	560	valid_loss	68506.3833008
batch	580	valid_loss	68308.0390625
batch	600	valid_loss	68130.2412109
batch	620	valid_loss	67984.309082
batch	640	valid_loss	67859.1376953
batch	660	valid_loss	67773.8408203
batch	680	valid_loss	67697.2011719
batch	700	valid_loss	67663.5263672
batch	720	valid_loss	67667.6245117
batch	740	valid_loss	67570.6230469
batch	760	valid_loss	67502.1806641
batch	780	valid_loss	67478.0595703
batch	800	valid_loss	67441.3344727
batch	820	valid_loss	67356.5996094
batch	840	valid_loss	67355.1381836
batch	860	valid_loss	67282.3916016
batch	880	valid_loss	67264.9487305
batch	900	valid_loss	67265.7231445
batch	920	valid_loss	67216.7407227
batch	940	valid_loss	67191.2998047
batch	960	valid_loss	67215.6000977
batch	980	valid_loss	67167.0239258
batch	1000	valid_loss	67177.0083008
batch	1020	valid_loss	67198.3574219
batch	1040	valid_loss	67238.7919922
batch	1060	valid_loss	67192.8227539
batch	1080	valid_loss	67188.6411133
batch	1100	valid_loss	67170.4804688
batch	1120	valid_loss	67169.5776367
batch	1140	valid_loss	67144.3120117
batch	1160	valid_loss	67143.90625
batch	1180	valid_loss	67083.3525391
batch	1200	valid_loss	67118.8012695
batch	1220	valid_loss	67123.1367188
batch	1240	valid_loss	67066.5966797
batch	1260	valid_loss	67102.5839844
batch	1280	valid_loss	67128.4570312
batch	1300	valid_loss	67078.9594727
batch	1320	valid_loss	67136.9082031
batch	1340	valid_loss	67178.9707031
batch	1360	valid_loss	67172.65625
batch	1380	valid_loss	67119.34375
batch	1400	valid_loss	67148.0693359
batch	1420	valid_loss	67119.4086914
batch	1440	valid_loss	67108.6660156
batch	1460	valid_loss	67138.0322266
batch	1480	valid_loss	67066.1850586
batch	1500	valid_loss	67085.6396484
batch	1520	valid_loss	67101.1040039
batch	1540	valid_loss	67081.7636719
batch	1560	valid_loss	67077.5239258
batch	1580	valid_loss	67107.9375
batch	1600	valid_loss	67078.6835938
batch	1620	valid_loss	67097.8178711
batch	1640	valid_loss	67130.4477539
batch	1660	valid_loss	67193.0888672
batch	1680	valid_loss	67136.2797852
batch	1700	valid_loss	67169.1137695
batch	1720	valid_loss	67132.4345703
batch	1740	valid_loss	67135.1147461
batch	1760	valid_loss	67117.3681641
batch	1780	valid_loss	67115.3837891
batch	1800	valid_loss	67050.0209961
batch	1820	valid_loss	67139.5039062
batch	1840	valid_loss	67111.6586914
batch	1860	valid_loss	67077.9125977
batch	1880	valid_loss	67105.6547852
batch	1900	valid_loss	67129.5683594
batch	1920	valid_loss	67071.546875
batch	1940	valid_loss	67124.0205078
batch	1960	valid_loss	67148.1645508
batch	1980	valid_loss	67182.5307617
batch	2000	valid_loss	67132.7753906
batch	2020	valid_loss	67167.9321289
batch	2040	valid_loss	67125.7744141
batch	2060	valid_loss	67131.2993164
batch	2080	valid_loss	67153.4394531
batch	2100	valid_loss	67097.2426758
batch	2120	valid_loss	67088.6860352
batch	2140	valid_loss	67144.5292969
batch	2160	valid_loss	67142.9907227
batch	2180	valid_loss	67090.3100586
batch	2200	valid_loss	67117.3955078
batch	2220	valid_loss	67117.0200195
batch	2240	valid_loss	67109.1303711
batch	2260	valid_loss	67137.7333984
batch	2280	valid_loss	67245.0126953
batch	2300	valid_loss	67181.3623047
batch	2320	valid_loss	67150.5600586
batch	2340	valid_loss	67149.0258789
batch	2360	valid_loss	67179.8920898
batch	2380	valid_loss	67111.1606445
batch	2400	valid_loss	67139.8452148
batch	2420	valid_loss	67076.340332
batch	2440	valid_loss	67120.6826172
batch	2460	valid_loss	67158.894043
batch	2480	valid_loss	67100.8139648
batch	2500	valid_loss	67095.9140625
batch	2520	valid_loss	67146.0751953
batch	2540	valid_loss	67067.3354492
batch	2560	valid_loss	67122.8911133
batch	2580	valid_loss	67163.1503906
batch	2600	valid_loss	67217.9804688
batch	2620	valid_loss	67169.6191406
batch	2640	valid_loss	67170.7939453
batch	2660	valid_loss	67136.3149414
batch	2680	valid_loss	67164.112793
batch	2700	valid_loss	67159.2128906
batch	2720	valid_loss	67140.4599609
batch	2740	valid_loss	67079.3735352
batch	2760	valid_loss	67173.2592773
batch	2780	valid_loss	67141.2250977
batch	2800	valid_loss	67092.7412109
batch	2820	valid_loss	67135.6704102
batch	2840	valid_loss	67143.284668
batch	2860	valid_loss	67103.6147461
batch	2880	valid_loss	67165.0249023
batch	2900	valid_loss	67217.0488281
batch	2920	valid_loss	67195.1254883
batch	2940	valid_loss	67144.4267578
batch	2960	valid_loss	67181.1386719
batch	2980	valid_loss	67141.8583984
batch	3000	valid_loss	67143.2421875
batch	3020	valid_loss	67182.2866211
batch	3040	valid_loss	67108.8759766
batch	3060	valid_loss	67128.3276367
batch	3080	valid_loss	67143.6967773
batch	3100	valid_loss	67131.4316406
batch	3120	valid_loss	67114.0678711
batch	3140	valid_loss	67148.2607422
batch	3160	valid_loss	67097.1967773
batch	3180	valid_loss	67145.3476562
batch	3200	valid_loss	67163.2050781
batch	3220	valid_loss	67243.9013672
batch	3240	valid_loss	67177.546875
batch	3260	valid_loss	67185.6416016
batch	3280	valid_loss	67137.4692383
batch	3300	valid_loss	67161.6118164
batch	3320	valid_loss	67155.918457
batch	3340	valid_loss	67163.1552734
batch	3360	valid_loss	67090.0776367
batch	3380	valid_loss	67168.0556641
batch	3400	valid_loss	67171.7397461
batch	3420	valid_loss	67087.9648438
batch	3440	valid_loss	67137.1166992
batch	3460	valid_loss	67161.8876953
batch	3480	valid_loss	67102.3950195
batch	3500	valid_loss	67165.1157227
batch	3520	valid_loss	67171.6191406
batch	3540	valid_loss	67206.3017578
batch	3560	valid_loss	67139.8745117
batch	3580	valid_loss	67189.6201172
batch	3600	valid_loss	67151.5532227
batch	3620	valid_loss	67163.5283203
batch	3640	valid_loss	67163.7597656
batch	3660	valid_loss	67127.0786133
batch	3680	valid_loss	67099.6508789
batch	3700	valid_loss	67169.1054688
batch	3720	valid_loss	67157.8442383
batch	3740	valid_loss	67107.2753906
batch	3760	valid_loss	67135.2524414
batch	3780	valid_loss	67120.3271484
batch	3800	valid_loss	67126.8085938
batch	3820	valid_loss	67160.0327148
batch	3840	valid_loss	67263.0390625
batch	3860	valid_loss	67191.3178711
batch	3880	valid_loss	67169.5180664
batch	3900	valid_loss	67159.0424805
batch	3920	valid_loss	67179.8476562
batch	3940	valid_loss	67136.8203125
batch	3960	valid_loss	67173.5820312
batch	3980	valid_loss	67077.2583008
batch	4000	valid_loss	67131.7905273
batch	4020	valid_loss	67165.0366211
batch	4040	valid_loss	67102.9477539
batch	4060	valid_loss	67107.0932617
batch	4080	valid_loss	67163.5517578
batch	4100	valid_loss	67091.7441406
batch	4120	valid_loss	67144.2036133
batch	4140	valid_loss	67164.503418
batch	4160	valid_loss	67220.4804688
batch	4180	valid_loss	67176.2363281
batch	4200	valid_loss	67184.1704102
batch	4220	valid_loss	67141.3515625
batch	4240	valid_loss	67159.5356445
batch	4260	valid_loss	67157.9111328
batch	4280	valid_loss	67150.0073242
batch	4300	valid_loss	67085.6069336
batch	4320	valid_loss	67169.043457
batch	4340	valid_loss	67161.9946289
batch	4360	valid_loss	67105.5473633
batch	4380	valid_loss	67141.1035156
batch	4400	valid_loss	67151.9892578
batch	4420	valid_loss	67097.8417969
batch	4440	valid_loss	67177.9897461
batch	4460	valid_loss	67206.4418945
batch	4480	valid_loss	67191.8447266
batch	4500	valid_loss	67142.3632812
batch	4520	valid_loss	67168.6328125
batch	4540	valid_loss	67162.6625977
batch	4560	valid_loss	67129.699707
batch	4580	valid_loss	67163.9067383
batch	4600	valid_loss	67101.8833008
batch	4620	valid_loss	67135.4614258
batch	4640	valid_loss	67153.9423828
batch	4660	valid_loss	67153.0229492
batch	4680	valid_loss	67126.2402344
batch	4700	valid_loss	67141.2138672
batch	4720	valid_loss	67103.2680664
batch	4740	valid_loss	67142.6918945
batch	4760	valid_loss	67176.4350586
batch	4780	valid_loss	67238.265625
batch	4800	valid_loss	67173.7246094
batch	4820	valid_loss	67180.1811523
batch	4840	valid_loss	67152.65625
batch	4860	valid_loss	67171.2080078
batch	4880	valid_loss	67147.3930664
batch	4900	valid_loss	67141.0507812
batch	4920	valid_loss	67072.8496094
batch	4940	valid_loss	67164.3217773
batch	4960	valid_loss	67169.2089844
batch	4980	valid_loss	67079.637207
batch	5000	valid_loss	67144.2236328
batch	5020	valid_loss	67174.331543
batch	5040	valid_loss	67093.6416016
batch	5060	valid_loss	67162.4003906
batch	5080	valid_loss	67193.0639648
batch	5100	valid_loss	67222.0380859
batch	5120	valid_loss	67141.5727539
batch	5140	valid_loss	67194.8891602
batch	5160	valid_loss	67147.1767578
batch	5180	valid_loss	67159.0610352
batch	5200	valid_loss	67172.2416992
batch	5220	valid_loss	67127.828125
batch	5240	valid_loss	67111.9472656
batch	5260	valid_loss	67167.4257812
batch	5280	valid_loss	67154.6254883
batch	5300	valid_loss	67100.1098633
batch	5320	valid_loss	67148.4125977
batch	5340	valid_loss	67131.2397461
batch	5360	valid_loss	67121.5205078
batch	5380	valid_loss	67164.9208984
batch	5400	valid_loss	67245.2758789
batch	5420	valid_loss	67184.199707
batch	5440	valid_loss	67163.5126953
batch	5460	valid_loss	67152.8310547
batch	5480	valid_loss	67180.0849609
batch	5500	valid_loss	67142.6542969
batch	5520	valid_loss	67178.5126953
batch	5540	valid_loss	67082.8012695
batch	5560	valid_loss	67158.6918945
batch	5580	valid_loss	67191.0517578
batch	5600	valid_loss	67117.4521484
batch	5620	valid_loss	67128.6210938
batch	5640	valid_loss	67158.5576172
batch	5660	valid_loss	67088.3256836
batch	5680	valid_loss	67150.1450195
batch	5700	valid_loss	67178.7563477
batch	5720	valid_loss	67226.9960938
batch	5740	valid_loss	67162.9414062
batch	5760	valid_loss	67187.2773438
batch	5780	valid_loss	67155.5161133
batch	5800	valid_loss	67153.9394531
batch	5820	valid_loss	67162.9174805
batch	5840	valid_loss	67148.5043945
batch	5860	valid_loss	67092.5825195
batch	5880	valid_loss	67175.5478516
batch	5900	valid_loss	67172.1669922
batch	5920	valid_loss	67101.7348633
batch	5940	valid_loss	67147.1381836
batch	5960	valid_loss	67159.1870117
batch	5980	valid_loss	67097.3295898
batch	6000	valid_loss	67171.7744141
batch	6020	valid_loss	67218.9350586
batch	6040	valid_loss	67205.0756836
batch	6060	valid_loss	67139.2739258
batch	6080	valid_loss	67176.0419922
batch	6100	valid_loss	67143.6621094
batch	6120	valid_loss	67122.6943359
batch	6140	valid_loss	67170.7529297
batch	6160	valid_loss	67099.8017578
batch	6180	valid_loss	67135.1748047
batch	6200	valid_loss	67160.9702148
batch	6220	valid_loss	67154.956543
batch	6240	valid_loss	67138.8769531
batch	6260	valid_loss	67151.1240234
batch	6280	valid_loss	67108.9013672
batch	6300	valid_loss	67141.3876953
batch	6320	valid_loss	67174.4677734
batch	6340	valid_loss	67245.1767578
batch	6360	valid_loss	67175.5146484
batch	6380	valid_loss	67174.3105469
batch	6400	valid_loss	67153.0478516
batch	6420	valid_loss	67177.0727539
batch	6440	valid_loss	67147.8125
batch	6460	valid_loss	67144.9633789
batch	6480	valid_loss	67088.6269531
batch	6500	valid_loss	67163.7114258
batch	6520	valid_loss	67176.4960938
batch	6540	valid_loss	67090.6704102
batch	6560	valid_loss	67144.4863281
batch	6580	valid_loss	67162.9716797
batch	6600	valid_loss	67089.1567383
batch	6620	valid_loss	67163.5512695
batch	6640	valid_loss	67193.012207
batch	6660	valid_loss	67220.8188477
batch	6680	valid_loss	67149.9296875
batch	6700	valid_loss	67194.9155273
batch	6720	valid_loss	67149.5097656
batch	6740	valid_loss	67157.6601562
batch	6760	valid_loss	67177.7631836
batch	6780	valid_loss	67123.5537109
batch	6800	valid_loss	67117.2998047
batch	6820	valid_loss	67170.1762695
batch	6840	valid_loss	67172.9365234
batch	6860	valid_loss	67123.840332
batch	6880	valid_loss	67158.0878906
batch	6900	valid_loss	67128.6254883
batch	6920	valid_loss	67120.7661133
batch	6940	valid_loss	67158.1118164
batch	6960	valid_loss	67237.7641602
batch	6980	valid_loss	67172.7324219
batch	7000	valid_loss	67170.9291992
batch	7020	valid_loss	67148.8339844
batch	7040	valid_loss	67181.2724609
batch	7060	valid_loss	67130.8027344
batch	7080	valid_loss	67164.965332
batch	7100	valid_loss	67090.1455078
batch	7120	valid_loss	67157.3789062
batch	7140	valid_loss	67185.1162109
batch	7160	valid_loss	67101.8339844
batch	7180	valid_loss	67135.8911133
batch	7200	valid_loss	67153.2788086
batch	7220	valid_loss	67097.3945312
batch	7240	valid_loss	67158.3959961
batch	7260	valid_loss	67170.6582031
batch	7280	valid_loss	67239.559082
batch	7300	valid_loss	67163.2841797
batch	7320	valid_loss	67193.2490234
batch	7340	valid_loss	67145.9936523
batch	7360	valid_loss	67165.6064453
batch	7380	valid_loss	67163.4003906
batch	7400	valid_loss	67141.2695312
batch	7420	valid_loss	67101.8374023
batch	7440	valid_loss	67171.527832
batch	7460	valid_loss	67160.6835938
batch	7480	valid_loss	67094.0146484
batch	7500	valid_loss	67157.0722656
batch	7520	valid_loss	67155.9130859
batch	7540	valid_loss	67092.8320312
batch	7560	valid_loss	67168.9404297
batch	7580	valid_loss	67205.3959961
batch	7600	valid_loss	67195.3417969
batch	7620	valid_loss	67147.7553711
batch	7640	valid_loss	67186.2045898
batch	7660	valid_loss	67142.4458008
batch	7680	valid_loss	67139.0039062
batch	7700	valid_loss	67166.0268555
batch	7720	valid_loss	67087.5947266
batch	7740	valid_loss	67138.1621094
batch	7760	valid_loss	67160.7504883
batch	7780	valid_loss	67145.7509766
batch	7800	valid_loss	67134.2001953
batch	7820	valid_loss	67158.1577148
batch	7840	valid_loss	67097.1196289
batch	7860	valid_loss	67149.4482422
batch	7880	valid_loss	67167.8896484
batch	7900	valid_loss	67243.5874023
batch	7920	valid_loss	67168.8349609
batch	7940	valid_loss	67180.2978516
batch	7960	valid_loss	67151.9326172
batch	7980	valid_loss	67165.765625
batch	8000	valid_loss	67155.5551758
batch	8020	valid_loss	67146.402832
batch	8040	valid_loss	67083.2001953
batch	8060	valid_loss	67164.4541016
batch	8080	valid_loss	67178.8251953
batch	8100	valid_loss	67083.5029297
batch	8120	valid_loss	67156.9326172
batch	8140	valid_loss	67167.4804688
batch	8160	valid_loss	67090.6298828
batch	8180	valid_loss	67158.0410156
batch	8200	valid_loss	67183.4868164
batch	8220	valid_loss	67209.8955078
batch	8240	valid_loss	67155.1577148
batch	8260	valid_loss	67205.4443359
batch	8280	valid_loss	67129.1757812
batch	8300	valid_loss	67143.8549805
batch	8320	valid_loss	67157.1401367
batch	8340	valid_loss	67110.1542969
batch	8360	valid_loss	67110.8525391
batch	8380	valid_loss	67161.277832
batch	8400	valid_loss	67162.1679688
batch	8420	valid_loss	67099.0483398
batch	8440	valid_loss	67138.8632812
batch	8460	valid_loss	67130.3393555
batch	8480	valid_loss	67122.0932617
batch	8500	valid_loss	67153.9506836
batch	8520	valid_loss	67244.4770508
batch	8540	valid_loss	67199.4575195
batch	8560	valid_loss	67174.4594727
batch	8580	valid_loss	67158.28125
batch	8600	valid_loss	67157.4316406
batch	8620	valid_loss	67126.5097656
batch	8640	valid_loss	67165.8476562
batch	8660	valid_loss	67081.5249023
batch	8680	valid_loss	67162.6943359
batch	8700	valid_loss	67183.6743164
batch	8720	valid_loss	67124.5668945
batch	8740	valid_loss	67138.7641602
batch	8760	valid_loss	67139.9985352
batch	8780	valid_loss	67093.9628906
batch	8800	valid_loss	67150.0654297
batch	8820	valid_loss	67173.0830078
batch	8840	valid_loss	67232.2617188
batch	8860	valid_loss	67139.8320312
batch	8880	valid_loss	67196.2583008
batch	8900	valid_loss	67146.871582
batch	8920	valid_loss	67153.2792969
batch	8940	valid_loss	67154.1655273
batch	8960	valid_loss	67136.8696289
batch	8980	valid_loss	67089.0053711
batch	9000	valid_loss	67178.4702148
batch	9020	valid_loss	67172.7983398
batch	9040	valid_loss	67087.9594727
batch	9060	valid_loss	67163.3862305
batch	9080	valid_loss	67160.9433594
batch	9100	valid_loss	67093.3842773
batch	9120	valid_loss	67149.7939453
batch	9140	valid_loss	67211.0966797
batch	9160	valid_loss	67197.0004883
batch	9180	valid_loss	67136.0380859
batch	9200	valid_loss	67176.0322266
batch	9220	valid_loss	67147.6391602
batch	9240	valid_loss	67136.5839844
batch	9260	valid_loss	67180.449707
batch	9280	valid_loss	67101.8681641
batch	9300	valid_loss	67132.9570312
batch	9320	valid_loss	67148.1201172
batch	9340	valid_loss	67141.3798828
batch	9360	valid_loss	67131.699707
batch	9380	valid_loss	67166.9018555
batch	9400	valid_loss	67097.6914062
batch	9420	valid_loss	67132.2026367
batch	9440	valid_loss	67158.0830078
batch	9460	valid_loss	67256.2397461
batch	9480	valid_loss	67163.0341797
batch	9500	valid_loss	67170.5561523
batch	9520	valid_loss	67138.9746094
batch	9540	valid_loss	67152.1801758
batch	9560	valid_loss	67136.9077148
batch	9580	valid_loss	67154.2905273
batch	9600	valid_loss	67096.0219727
batch	9620	valid_loss	67177.2910156
batch	9640	valid_loss	67167.2944336
batch	9660	valid_loss	67074.6015625
batch	9680	valid_loss	67145.503418
batch	9700	valid_loss	67165.5566406
batch	9720	valid_loss	67096.4648438
batch	9740	valid_loss	67161.9091797
batch	9760	valid_loss	67176.4501953
batch	9780	valid_loss	67205.0395508
batch	9800	valid_loss	67138.3095703
batch	9820	valid_loss	67196.387207
batch	9840	valid_loss	67145.9057617
batch	9860	valid_loss	67150.1289062
batch	9880	valid_loss	67178.7363281
batch	9900	valid_loss	67118.7568359
batch	9920	valid_loss	67095.8442383
batch	9940	valid_loss	67162.8286133
batch	9960	valid_loss	67171.6713867
batch	9980	valid_loss	67101.6948242
batch	10000	valid_loss	67147.3374023
batch	10020	valid_loss	67129.8862305
batch	10040	valid_loss	67115.0605469
batch	10060	valid_loss	67150.6206055
batch	10080	valid_loss	67248.3925781
batch	10100	valid_loss	67179.3203125
batch	10120	valid_loss	67166.793457
batch	10140	valid_loss	67138.0947266
batch	10160	valid_loss	67170.8813477
batch	10180	valid_loss	67140.3242188
batch	10200	valid_loss	67164.9853516
batch	10220	valid_loss	67088.4462891
batch	10240	valid_loss	67156.7436523
batch	10260	valid_loss	67184.6582031
batch	10280	valid_loss	67111.6191406
batch	10300	valid_loss	67135.3613281
batch	10320	valid_loss	67152.5405273
batch	10340	valid_loss	67086.0893555
batch	10360	valid_loss	67143.6875
batch	10380	valid_loss	67169.3671875
batch	10400	valid_loss	67227.1308594
batch	10420	valid_loss	67152.5625
batch	10440	valid_loss	67179.4643555
batch	10460	valid_loss	67143.2709961
batch	10480	valid_loss	67154.2236328
batch	10500	valid_loss	67157.6484375
batch	10520	valid_loss	67147.0
batch	10540	valid_loss	67087.9355469
batch	10560	valid_loss	67171.8959961
batch	10580	valid_loss	67169.9331055
batch	10600	valid_loss	67095.8930664
batch	10620	valid_loss	67151.6835938
batch	10640	valid_loss	67152.3710938
batch	10660	valid_loss	67087.0336914
batch	10680	valid_loss	67165.4379883
batch	10700	valid_loss	67214.9145508
batch	10720	valid_loss	67192.5322266
batch	10740	valid_loss	67137.2021484
batch	10760	valid_loss	67170.8022461
batch	10780	valid_loss	67136.7060547
batch	10800	valid_loss	67124.5473633
batch	10820	valid_loss	67163.2402344
batch	10840	valid_loss	67092.1074219
batch	10860	valid_loss	67136.7822266
batch	10880	valid_loss	67154.2373047
batch	10900	valid_loss	67140.4775391
batch	10920	valid_loss	67124.6064453
batch	10940	valid_loss	67156.0976562
batch	10960	valid_loss	67086.2265625
batch	10980	valid_loss	67133.2705078
batch	11000	valid_loss	67155.890625
batch	11020	valid_loss	67246.5166016
batch	11040	valid_loss	67164.034668
batch	11060	valid_loss	67174.8671875
batch	11080	valid_loss	67153.0244141
batch	11100	valid_loss	67159.440918
batch	11120	valid_loss	67139.1352539
batch	11140	valid_loss	67139.3847656
batch	11160	valid_loss	67080.7685547
batch	11180	valid_loss	67173.2060547
batch	11200	valid_loss	67168.6230469
batch	11220	valid_loss	67075.3671875
batch	11240	valid_loss	67143.7099609
batch	11260	valid_loss	67155.206543
batch	11280	valid_loss	67097.9697266
batch	11300	valid_loss	67159.0498047
batch	11320	valid_loss	67186.3852539
batch	11340	valid_loss	67209.6079102
batch	11360	valid_loss	67125.6298828
batch	11380	valid_loss	67201.2446289
batch	11400	valid_loss	67136.9848633
batch	11420	valid_loss	67141.1757812
batch	11440	valid_loss	67166.3603516
batch	11460	valid_loss	67112.96875
batch	11480	valid_loss	67108.5058594
batch	11500	valid_loss	67148.0161133
batch	11520	valid_loss	67158.0522461
batch	11540	valid_loss	67109.0410156
batch	11560	valid_loss	67152.6918945
batch	11580	valid_loss	67117.8950195
batch	11600	valid_loss	67111.8295898
batch	11620	valid_loss	67147.6040039
batch	11640	valid_loss	67238.0615234
batch	11660	valid_loss	67174.1000977
batch	11680	valid_loss	67158.7529297
batch	11700	valid_loss	67143.8564453
batch	11720	valid_loss	67166.0014648
batch	11740	valid_loss	67132.065918
batch	11760	valid_loss	67150.3662109
batch	11780	valid_loss	67068.4223633
batch	11800	valid_loss	67142.8232422
batch	11820	valid_loss	67169.4453125
batch	11840	valid_loss	67112.815918
batch	11860	valid_loss	67127.7143555
batch	11880	valid_loss	67142.6616211
batch	11900	valid_loss	67083.7592773
batch	11920	valid_loss	67142.2573242
batch	11940	valid_loss	67183.4667969
batch	11960	valid_loss	67230.6650391
batch	11980	valid_loss	67140.6259766
batch	12000	valid_loss	67172.6005859
batch	12020	valid_loss	67145.8730469
batch	12040	valid_loss	67136.2431641
batch	12060	valid_loss	67161.7617188
batch	12080	valid_loss	67129.2949219
batch	12100	valid_loss	67084.6308594
batch	12120	valid_loss	67164.1831055
batch	12140	valid_loss	67160.6787109
batch	12160	valid_loss	67082.7382812
batch	12180	valid_loss	67155.2216797
batch	12200	valid_loss	67156.4086914
batch	12220	valid_loss	67077.0351562
batch	12240	valid_loss	67159.3457031
batch	12260	valid_loss	67208.3989258
batch	12280	valid_loss	67195.1176758
batch	12300	valid_loss	67137.2631836
batch	12320	valid_loss	67171.9296875
batch	12340	valid_loss	67140.3242188
batch	12360	valid_loss	67118.109375
batch	12380	valid_loss	67153.8203125
batch	12400	valid_loss	67086.9067383
batch	12420	valid_loss	67120.8129883
batch	12440	valid_loss	67154.7807617
batch	12460	valid_loss	67136.3320312
batch	12480	valid_loss	67122.640625
batch	12500	valid_loss	67149.4047852
batch	12520	valid_loss	67083.2275391
batch	12540	valid_loss	67126.9692383
batch	12560	valid_loss	67150.3066406
batch	12580	valid_loss	67243.1582031
batch	12600	valid_loss	67152.0463867
batch	12620	valid_loss	67161.7426758
batch	12640	valid_loss	67146.390625
batch	12660	valid_loss	67155.5209961
batch	12680	valid_loss	67131.2133789
batch	12700	valid_loss	67132.3828125
batch	12720	valid_loss	67077.8862305
batch	12740	valid_loss	67166.4619141
batch	12760	valid_loss	67161.3242188
batch	12780	valid_loss	67075.9936523
batch	12800	valid_loss	67136.1762695
batch	12820	valid_loss	67149.2851562
batch	12840	valid_loss	67094.3339844
batch	12860	valid_loss	67149.6557617
batch	12880	valid_loss	67176.8295898
batch	12900	valid_loss	67208.4677734
batch	12920	valid_loss	67115.0532227
batch	12940	valid_loss	67186.3994141
batch	12960	valid_loss	67136.7900391
batch	12980	valid_loss	67131.4013672
batch	13000	valid_loss	67171.0932617
batch	13020	valid_loss	67111.3745117
batch	13040	valid_loss	67109.9838867
batch	13060	valid_loss	67151.3178711
batch	13080	valid_loss	67159.7460938
batch	13100	valid_loss	67097.6342773
batch	13120	valid_loss	67149.5683594
batch	13140	valid_loss	67115.6035156
batch	13160	valid_loss	67114.7612305
batch	13180	valid_loss	67140.0288086
batch	13200	valid_loss	67239.3598633
batch	13220	valid_loss	67175.4990234
batch	13240	valid_loss	67145.0830078
batch	13260	valid_loss	67154.3989258
batch	13280	valid_loss	67170.6606445
batch	13300	valid_loss	67116.40625
batch	13320	valid_loss	67149.8632812
batch	13340	valid_loss	67084.265625
batch	13360	valid_loss	67148.4023438
batch	13380	valid_loss	67160.315918
batch	13400	valid_loss	67089.6884766
batch	13420	valid_loss	67117.8911133
batch	13440	valid_loss	67149.5449219
batch	13460	valid_loss	67084.5703125
batch	13480	valid_loss	67144.9370117
batch	13500	valid_loss	67162.5244141
batch	13520	valid_loss	67231.7021484
batch	13540	valid_loss	67132.394043
batch	13560	valid_loss	67175.3862305
batch	13580	valid_loss	67140.4335938
batch	13600	valid_loss	67140.6582031
batch	13620	valid_loss	67156.4584961
batch	13640	valid_loss	67129.1455078
batch	13660	valid_loss	67082.3286133
batch	13680	valid_loss	67153.6586914
batch	13700	valid_loss	67157.3369141
batch	13720	valid_loss	67084.4702148
batch	13740	valid_loss	67155.2578125
batch	13760	valid_loss	67149.0649414
batch	13780	valid_loss	67095.0917969
batch	13800	valid_loss	67156.7294922
batch	13820	valid_loss	67202.4799805
batch	13840	valid_loss	67185.4609375
batch	13860	valid_loss	67115.862793
batch	13880	valid_loss	67158.7041016
batch	13900	valid_loss	67134.0776367
batch	13920	valid_loss	67119.5097656
batch	13940	valid_loss	67161.3193359
batch	13960	valid_loss	67093.1416016
batch	13980	valid_loss	67119.7265625
batch	14000	valid_loss	67137.1787109
batch	14020	valid_loss	67121.8564453
batch	14040	valid_loss	67108.71875
batch	14060	valid_loss	67146.4394531
batch	14080	valid_loss	67087.3720703
batch	14100	valid_loss	67125.4956055
batch	14120	valid_loss	67157.6777344
batch	14140	valid_loss	67241.8764648
batch	14160	valid_loss	67153.5483398
batch	14180	valid_loss	67166.2368164
batch	14200	valid_loss	67135.6523438
batch	14220	valid_loss	67139.8466797
batch	14240	valid_loss	67128.1000977
batch	14260	valid_loss	67130.7822266
batch	14280	valid_loss	67081.4550781
batch	14300	valid_loss	67172.1386719
batch	14320	valid_loss	67163.8134766
batch	14340	valid_loss	67077.4174805
batch	14360	valid_loss	67140.5878906
batch	14380	valid_loss	67155.9316406
batch	14400	valid_loss	67079.7246094
batch	14420	valid_loss	67153.8520508
batch	14440	valid_loss	67182.4746094
batch	14460	valid_loss	67190.7768555
batch	14480	valid_loss	67126.5996094
batch	14500	valid_loss	67183.1591797
batch	14520	valid_loss	67125.331543
batch	14540	valid_loss	67137.7783203
batch	14560	valid_loss	67165.3164062
batch	14580	valid_loss	67103.1103516
batch	14600	valid_loss	67103.6450195
batch	14620	valid_loss	67141.0908203
batch	14640	valid_loss	67157.9394531
batch	14660	valid_loss	67102.4291992
batch	14680	valid_loss	67146.9008789
batch	14700	valid_loss	67101.0883789
batch	14720	valid_loss	67102.3798828
batch	14740	valid_loss	67141.7875977
batch	14760	valid_loss	67252.137207
batch	14780	valid_loss	67181.1459961
batch	14800	valid_loss	67162.1235352
batch	14820	valid_loss	67161.1567383
batch	14840	valid_loss	67168.144043
batch	14860	valid_loss	67126.9116211
batch	14880	valid_loss	67160.9238281
batch	14900	valid_loss	67083.8935547
batch	14920	valid_loss	67144.0805664
batch	14940	valid_loss	67175.1005859
batch	14960	valid_loss	67102.3916016
batch	14980	valid_loss	67106.78125
batch	15000	valid_loss	67133.6699219
batch	15020	valid_loss	67073.4208984
batch	15040	valid_loss	67129.5043945
batch	15060	valid_loss	67158.1665039
batch	15080	valid_loss	67217.8051758
batch	15100	valid_loss	67138.5332031
batch	15120	valid_loss	67174.637207
batch	15140	valid_loss	67138.1333008
batch	15160	valid_loss	67131.3359375
batch	15180	valid_loss	67140.8066406
batch	15200	valid_loss	67123.7573242
batch	15220	valid_loss	67076.4287109
batch	15240	valid_loss	67165.8735352
batch	15260	valid_loss	67156.1655273
batch	15280	valid_loss	67079.8608398
batch	15300	valid_loss	67134.362793
batch	15320	valid_loss	67127.7084961
batch	15340	valid_loss	67070.8061523
batch	15360	valid_loss	67150.4326172
batch	15380	valid_loss	67197.5478516
batch	15400	valid_loss	67182.1762695
batch	15420	valid_loss	67122.9121094
batch	15440	valid_loss	67167.6879883
batch	15460	valid_loss	67142.2382812
batch	15480	valid_loss	67110.222168
batch	15500	valid_loss	67157.7167969
batch	15520	valid_loss	67086.418457
batch	15540	valid_loss	67119.7763672
batch	15560	valid_loss	67133.5576172
batch	15580	valid_loss	67118.8837891
batch	15600	valid_loss	67122.5
batch	15620	valid_loss	67139.6098633
batch	15640	valid_loss	67079.6181641
batch	15660	valid_loss	67110.3422852
batch	15680	valid_loss	67160.3251953
batch	15700	valid_loss	67235.8139648
batch	15720	valid_loss	67135.5888672
batch	15740	valid_loss	67158.4262695
batch	15760	valid_loss	67134.5561523
batch	15780	valid_loss	67150.703125
batch	15800	valid_loss	67127.9555664
batch	15820	valid_loss	67136.0673828
batch	15840	valid_loss	67077.2182617
batch	15860	valid_loss	67163.2060547
batch	15880	valid_loss	67168.8525391
batch	15900	valid_loss	67072.5273438
batch	15920	valid_loss	67130.9130859
batch	15940	valid_loss	67144.6699219
batch	15960	valid_loss	67082.4545898
batch	15980	valid_loss	67151.1103516
batch	16000	valid_loss	67176.3798828
batch	16020	valid_loss	67197.6572266
batch	16040	valid_loss	67112.3862305
batch	16060	valid_loss	67180.9511719
batch	16080	valid_loss	67123.4599609
batch	16100	valid_loss	67131.2231445
batch	16120	valid_loss	67171.1591797
batch	16140	valid_loss	67107.3271484
batch	16160	valid_loss	67103.5976562
batch	16180	valid_loss	67135.4169922
batch	16200	valid_loss	67151.078125
batch	16220	valid_loss	67098.2543945
batch	16240	valid_loss	67140.190918
batch	16260	valid_loss	67123.1850586
batch	16280	valid_loss	67102.6367188
batch	16300	valid_loss	67142.0932617
batch	16320	valid_loss	67237.8935547
batch	16340	valid_loss	67173.355957
batch	16360	valid_loss	67147.7197266
batch	16380	valid_loss	67139.0073242
batch	16400	valid_loss	67158.8276367
batch	16420	valid_loss	67119.9736328
batch	16440	valid_loss	67148.7744141
batch	16460	valid_loss	67073.4257812
batch	16480	valid_loss	67138.3271484
batch	16500	valid_loss	67158.4199219
batch	16520	valid_loss	67087.9946289
batch	16540	valid_loss	67110.6020508
batch	16560	valid_loss	67146.0297852
batch	16580	valid_loss	67072.9580078
batch	16600	valid_loss	67139.4199219
batch	16620	valid_loss	67155.4467773
batch	16640	valid_loss	67229.1147461
batch	16660	valid_loss	67152.3657227
batch	16680	valid_loss	67170.8066406
batch	16700	valid_loss	67136.0527344
batch	16720	valid_loss	67139.0458984
batch	16740	valid_loss	67156.0195312
batch	16760	valid_loss	67127.6967773
batch	16780	valid_loss	67089.2177734
batch	16800	valid_loss	67162.5371094
batch	16820	valid_loss	67156.5791016
batch	16840	valid_loss	67087.6396484
batch	16860	valid_loss	67151.5317383
batch	16880	valid_loss	67147.4614258
batch	16900	valid_loss	67076.7324219
batch	16920	valid_loss	67148.4570312
batch	16940	valid_loss	67206.7641602
batch	16960	valid_loss	67173.6137695
batch	16980	valid_loss	67135.9902344
batch	17000	valid_loss	67169.6601562
batch	17020	valid_loss	67125.3442383
batch	17040	valid_loss	67111.0703125
batch	17060	valid_loss	67142.2236328
batch	17080	valid_loss	67089.859375
batch	17100	valid_loss	67122.9453125
batch	17120	valid_loss	67140.9799805
batch	17140	valid_loss	67124.4257812
batch	17160	valid_loss	67120.6938477
batch	17180	valid_loss	67136.3325195
batch	17200	valid_loss	67066.9379883
batch	17220	valid_loss	67127.0405273
batch	17240	valid_loss	67155.6782227
batch	17260	valid_loss	67232.6728516
batch	17280	valid_loss	67146.4335938
batch	17300	valid_loss	67162.2524414
batch	17320	valid_loss	67123.265625
batch	17340	valid_loss	67152.4243164
batch	17360	valid_loss	67135.5537109
batch	17380	valid_loss	67117.1333008
batch	17400	valid_loss	67078.5961914
batch	17420	valid_loss	67157.9702148
batch	17440	valid_loss	67144.7456055
batch	17460	valid_loss	67071.7001953
batch	17480	valid_loss	67124.6000977
batch	17500	valid_loss	67137.2275391
batch	17520	valid_loss	67075.5302734
batch	17540	valid_loss	67150.90625
batch	17560	valid_loss	67169.3867188
batch	17580	valid_loss	67191.1518555
batch	17600	valid_loss	67120.4716797
batch	17620	valid_loss	67184.3950195
batch	17640	valid_loss	67127.1987305
batch	17660	valid_loss	67127.9375
batch	17680	valid_loss	67164.6430664
batch	17700	valid_loss	67104.9833984
batch	17720	valid_loss	67094.4389648
batch	17740	valid_loss	67152.4189453
batch	17760	valid_loss	67148.1435547
batch	17780	valid_loss	67103.6308594
batch	17800	valid_loss	67129.2353516
batch	17820	valid_loss	67104.0454102
batch	17840	valid_loss	67095.3149414
batch	17860	valid_loss	67149.7817383
batch	17880	valid_loss	67236.8813477
batch	17900	valid_loss	67174.621582
batch	17920	valid_loss	67154.2192383
batch	17940	valid_loss	67141.1362305
batch	17960	valid_loss	67160.5561523
batch	17980	valid_loss	67116.9521484
batch	18000	valid_loss	67140.7016602
batch	18020	valid_loss	67068.4389648
batch	18040	valid_loss	67130.3979492
batch	18060	valid_loss	67158.2319336
batch	18080	valid_loss	67099.8266602
batch	18100	valid_loss	67110.4614258
batch	18120	valid_loss	67127.8662109
batch	18140	valid_loss	67061.7265625
batch	18160	valid_loss	67134.734375
batch	18180	valid_loss	67156.8525391
batch	18200	valid_loss	67225.2578125
batch	18220	valid_loss	67139.4677734
batch	18240	valid_loss	67177.784668
batch	18260	valid_loss	67125.9321289
batch	18280	valid_loss	67134.2866211
batch	18300	valid_loss	67138.3554688
batch	18320	valid_loss	67095.7075195
batch	18340	valid_loss	67079.6611328
batch	18360	valid_loss	67153.0878906
batch	18380	valid_loss	67154.3886719
batch	18400	valid_loss	67076.1845703
batch	18420	valid_loss	67138.9077148
batch	18440	valid_loss	67139.5581055
batch	18460	valid_loss	67075.4526367
batch	18480	valid_loss	67143.2558594
batch	18500	valid_loss	67202.1264648
batch	18520	valid_loss	67183.6669922
batch	18540	valid_loss	67110.2861328
batch	18560	valid_loss	67173.4511719
batch	18580	valid_loss	67120.5400391
batch	18600	valid_loss	67104.1264648
batch	18620	valid_loss	67151.0146484
batch	18640	valid_loss	67082.4741211
batch	18660	valid_loss	67118.449707
batch	18680	valid_loss	67138.3339844
batch	18700	valid_loss	67127.3828125
batch	18720	valid_loss	67115.2197266
batch	18740	valid_loss	67143.6464844
batch	18760	valid_loss	67080.1455078
batch	18780	valid_loss	67107.4272461
batch	18800	valid_loss	67144.7348633
batch	18820	valid_loss	67235.5043945
batch	18840	valid_loss	67154.4267578
batch	18860	valid_loss	67163.7788086
batch	18880	valid_loss	67121.2294922
batch	18900	valid_loss	67137.1186523
batch	18920	valid_loss	67128.9101562
batch	18940	valid_loss	67125.6196289
batch	18960	valid_loss	67067.449707
batch	18980	valid_loss	67165.2988281
batch	19000	valid_loss	67150.1977539
batch	19020	valid_loss	67076.53125
batch	19040	valid_loss	67119.8457031
batch	19060	valid_loss	67136.546875
batch	19080	valid_loss	67082.9018555
batch	19100	valid_loss	67139.8432617
batch	19120	valid_loss	67170.3881836
batch	19140	valid_loss	67190.5458984
batch	19160	valid_loss	67123.0595703
batch	19180	valid_loss	67174.1157227
batch	19200	valid_loss	67123.3481445
batch	19220	valid_loss	67125.4931641
batch	19240	valid_loss	67153.2485352
batch	19260	valid_loss	67099.9208984
batch	19280	valid_loss	67102.3061523
batch	19300	valid_loss	67143.7797852
batch	19320	valid_loss	67148.9033203
batch	19340	valid_loss	67086.2338867
batch	19360	valid_loss	67137.6152344
batch	19380	valid_loss	67107.3334961
batch	19400	valid_loss	67103.8925781
batch	19420	valid_loss	67137.2973633
batch	19440	valid_loss	67236.1748047
batch	19460	valid_loss	67173.3916016
batch	19480	valid_loss	67144.6416016
batch	19500	valid_loss	67145.5151367
batch	19520	valid_loss	67142.9892578
batch	19540	valid_loss	67107.9365234
batch	19560	valid_loss	67139.4609375
batch	19580	valid_loss	67071.3955078
batch	19600	valid_loss	67133.7089844
batch	19620	valid_loss	67158.4472656
batch	19640	valid_loss	67105.3330078
batch	19660	valid_loss	67108.3925781
batch	19680	valid_loss	67124.4848633
batch	19700	valid_loss	67068.6875
batch	19720	valid_loss	67124.0356445
batch	19740	valid_loss	67158.4916992
batch	19760	valid_loss	67233.2314453
batch	19780	valid_loss	67142.0561523
batch	19800	valid_loss	67177.9960938
batch	19820	valid_loss	67121.9946289
batch	19840	valid_loss	67127.53125
batch	19860	valid_loss	67148.3110352
batch	19880	valid_loss	67119.2636719
batch	19900	valid_loss	67081.5126953
batch	19920	valid_loss	67159.1147461
batch	19940	valid_loss	67135.8432617
batch	19960	valid_loss	67072.0185547
batch	19980	valid_loss	67133.9418945
batch	20000	valid_loss	67141.4135742
batch	20020	valid_loss	67065.7407227
batch	20040	valid_loss	67151.8383789
batch	20060	valid_loss	67199.7783203
batch	20080	valid_loss	67180.003418
batch	20100	valid_loss	67126.7709961
batch	20120	valid_loss	67159.9399414
batch	20140	valid_loss	67115.7324219
batch	20160	valid_loss	67101.7172852
batch	20180	valid_loss	67148.5507812
batch	20200	valid_loss	67074.5288086
batch	20220	valid_loss	67110.152832
batch	20240	valid_loss	67134.4111328
batch	20260	valid_loss	67123.9013672
batch	20280	valid_loss	67103.1630859
batch	20300	valid_loss	67137.8310547
batch	20320	valid_loss	67074.7529297
batch	20340	valid_loss	67113.8061523
batch	20360	valid_loss	67151.8696289
batch	20380	valid_loss	67234.2851562
batch	20400	valid_loss	67147.046875
batch	20420	valid_loss	67155.8808594
batch	20440	valid_loss	67137.215332
batch	20460	valid_loss	67137.6923828
batch	20480	valid_loss	67129.296875
batch	20500	valid_loss	67122.7768555
batch	20520	valid_loss	67072.21875
batch	20540	valid_loss	67152.7329102
batch	20560	valid_loss	67138.1621094
batch	20580	valid_loss	67066.6806641
batch	20600	valid_loss	67122.230957
batch	20620	valid_loss	67140.2192383
batch	20640	valid_loss	67074.1977539
batch	20660	valid_loss	67145.7070312
batch	20680	valid_loss	67164.6064453
batch	20700	valid_loss	67200.5898438
batch	20720	valid_loss	67121.5961914
batch	20740	valid_loss	67180.4921875
batch	20760	valid_loss	67118.3422852
batch	20780	valid_loss	67126.1459961
batch	20800	valid_loss	67157.3588867
batch	20820	valid_loss	67088.6352539
batch	20840	valid_loss	67092.6831055
batch	20860	valid_loss	67145.5292969
batch	20880	valid_loss	67148.9082031
batch	20900	valid_loss	67094.5063477
batch	20920	valid_loss	67132.4921875
batch	20940	valid_loss	67094.2226562
batch	20960	valid_loss	67096.9174805
batch	20980	valid_loss	67142.2368164
batch	21000	valid_loss	67229.0805664
batch	21020	valid_loss	67165.6381836
batch	21040	valid_loss	67147.6801758
batch	21060	valid_loss	67138.9282227
batch	21080	valid_loss	67152.9536133
batch	21100	valid_loss	67121.5356445
batch	21120	valid_loss	67142.8076172
batch	21140	valid_loss	67058.5556641
batch	21160	valid_loss	67125.425293
batch	21180	valid_loss	67144.331543
batch	21200	valid_loss	67094.3374023
batch	21220	valid_loss	67099.8374023
batch	21240	valid_loss	67135.1503906
batch	21260	valid_loss	67062.1083984
batch	21280	valid_loss	67122.1860352
batch	21300	valid_loss	67145.1083984
batch	21320	valid_loss	67216.4550781
batch	21340	valid_loss	67136.0981445
batch	21360	valid_loss	67165.6166992
batch	21380	valid_loss	67134.9726562
batch	21400	valid_loss	67128.7792969
batch	21420	valid_loss	67144.0605469
batch	21440	valid_loss	67122.7314453
batch	21460	valid_loss	67070.3251953
batch	21480	valid_loss	67153.184082
batch	21500	valid_loss	67147.09375
batch	21520	valid_loss	67072.0639648
batch	21540	valid_loss	67147.2348633
batch	21560	valid_loss	67130.1386719
batch	21580	valid_loss	67069.7036133
batch	21600	valid_loss	67144.5771484
batch	21620	valid_loss	67200.0126953
batch	21640	valid_loss	67188.0449219
batch	21660	valid_loss	67129.902832
batch	21680	valid_loss	67165.8359375
batch	21700	valid_loss	67129.515625
batch	21720	valid_loss	67103.0058594
batch	21740	valid_loss	67153.1235352
batch	21760	valid_loss	67075.0942383
batch	21780	valid_loss	67108.5341797
batch	21800	valid_loss	67139.4448242
batch	21820	valid_loss	67124.7192383
batch	21840	valid_loss	67105.0859375
batch	21860	valid_loss	67139.6176758
batch	21880	valid_loss	67080.8198242
batch	21900	valid_loss	67110.8178711
batch	21920	valid_loss	67148.9804688
batch	21940	valid_loss	67235.1381836
batch	21960	valid_loss	67156.1206055
batch	21980	valid_loss	67162.9633789
batch	22000	valid_loss	67127.0532227
batch	22020	valid_loss	67133.8071289
batch	22040	valid_loss	67131.534668
batch	22060	valid_loss	67129.9213867
batch	22080	valid_loss	67068.1538086
batch	22100	valid_loss	67166.0439453
batch	22120	valid_loss	67154.1289062
batch	22140	valid_loss	67055.3291016
batch	22160	valid_loss	67116.1816406
batch	22180	valid_loss	67139.0634766
batch	22200	valid_loss	67071.5229492
batch	22220	valid_loss	67145.4970703
batch	22240	valid_loss	67165.9423828
batch	22260	valid_loss	67193.9462891
batch	22280	valid_loss	67110.5322266
batch	22300	valid_loss	67178.8139648
batch	22320	valid_loss	67121.9301758
batch	22340	valid_loss	67125.9462891
batch	22360	valid_loss	67159.7460938
batch	22380	valid_loss	67088.0068359
batch	22400	valid_loss	67073.8666992
batch	22420	valid_loss	67139.9882812
batch	22440	valid_loss	67150.7797852
batch	22460	valid_loss	67088.6142578
batch	22480	valid_loss	67139.3564453
batch	22500	valid_loss	67107.7939453
batch	22520	valid_loss	67101.1464844
batch	22540	valid_loss	67142.6791992
batch	22560	valid_loss	67234.4160156
batch	22580	valid_loss	67169.4316406
batch	22600	valid_loss	67148.5893555
batch	22620	valid_loss	67131.184082
batch	22640	valid_loss	67139.8227539
batch	22660	valid_loss	67117.0927734
batch	22680	valid_loss	67139.6958008
batch	22700	valid_loss	67062.4428711
batch	22720	valid_loss	67126.2988281
batch	22740	valid_loss	67137.0600586
batch	22760	valid_loss	67082.9042969
batch	22780	valid_loss	67110.0717773
batch	22800	valid_loss	67123.3774414
batch	22820	valid_loss	67063.137207
batch	22840	valid_loss	67123.237793
batch	22860	valid_loss	67154.3427734
batch	22880	valid_loss	67226.5395508
batch	22900	valid_loss	67132.3457031
batch	22920	valid_loss	67150.8862305
batch	22940	valid_loss	67125.6914062
batch	22960	valid_loss	67124.4902344
batch	22980	valid_loss	67136.8237305
batch	23000	valid_loss	67118.0336914
batch	23020	valid_loss	67077.9936523
batch	23040	valid_loss	67157.5249023
batch	23060	valid_loss	67151.9472656
batch	23080	valid_loss	67081.5605469
batch	23100	valid_loss	67139.1352539
batch	23120	valid_loss	67127.3769531
batch	23140	valid_loss	67063.7260742
batch	23160	valid_loss	67142.0634766
batch	23180	valid_loss	67199.0600586
batch	23200	valid_loss	67167.0961914
batch	23220	valid_loss	67116.6293945
batch	23240	valid_loss	67156.2167969
batch	23260	valid_loss	67134.9492188
batch	23280	valid_loss	67113.6098633
batch	23300	valid_loss	67152.0444336
batch	23320	valid_loss	67081.0810547
batch	23340	valid_loss	67107.1791992
batch	23360	valid_loss	67136.7651367
batch	23380	valid_loss	67122.8920898
batch	23400	valid_loss	67106.2138672
batch	23420	valid_loss	67128.9746094
batch	23440	valid_loss	67065.1948242
batch	23460	valid_loss	67117.2475586
batch	23480	valid_loss	67150.1689453
batch	23500	valid_loss	67237.387207
batch	23520	valid_loss	67145.621582
batch	23540	valid_loss	67146.7543945
batch	23560	valid_loss	67121.703125
batch	23580	valid_loss	67141.6547852
batch	23600	valid_loss	67141.3544922
batch	23620	valid_loss	67121.5898438
batch	23640	valid_loss	67061.7138672
batch	23660	valid_loss	67139.3212891
batch	23680	valid_loss	67140.4755859
batch	23700	valid_loss	67068.5722656
batch	23720	valid_loss	67115.1782227
batch	23740	valid_loss	67131.6899414
batch	23760	valid_loss	67072.934082
batch	23780	valid_loss	67144.480957
batch	23800	valid_loss	67174.3110352
batch	23820	valid_loss	67183.2998047
batch	23840	valid_loss	67113.9067383
batch	23860	valid_loss	67177.5151367
batch	23880	valid_loss	67111.8081055
batch	23900	valid_loss	67121.5253906
batch	23920	valid_loss	67147.3881836
batch	23940	valid_loss	67098.081543
batch	23960	valid_loss	67097.2192383
batch	23980	valid_loss	67135.1552734
batch	24000	valid_loss	67137.3149414
batch	24020	valid_loss	67075.1523438
batch	24040	valid_loss	67118.6499023
batch	24060	valid_loss	67096.9682617
batch	24080	valid_loss	67096.5004883
batch	24100	valid_loss	67128.1474609
batch	24120	valid_loss	67229.331543
batch	24140	valid_loss	67155.7045898
batch	24160	valid_loss	67138.019043
batch	24180	valid_loss	67137.8466797
batch	24200	valid_loss	67149.2124023
batch	24220	valid_loss	67105.5571289
batch	24240	valid_loss	67132.6655273
batch	24260	valid_loss	67065.6303711
batch	24280	valid_loss	67134.3696289
batch	24300	valid_loss	67144.4584961
batch	24320	valid_loss	67094.1435547
batch	24340	valid_loss	67115.3579102
batch	24360	valid_loss	67133.1005859
batch	24380	valid_loss	67060.7416992
batch	24400	valid_loss	67121.3271484
batch	24420	valid_loss	67149.4658203
batch	24440	valid_loss	67206.3105469
batch	24460	valid_loss	67126.8393555
batch	24480	valid_loss	67161.6420898
batch	24500	valid_loss	67127.7324219
batch	24520	valid_loss	67135.4536133
batch	24540	valid_loss	67147.6508789
batch	24560	valid_loss	67097.9428711
batch	24580	valid_loss	67075.0322266
batch	24600	valid_loss	67147.7470703
batch	24620	valid_loss	67143.4892578
batch	24640	valid_loss	67074.3632812
batch	24660	valid_loss	67141.1303711
batch	24680	valid_loss	67130.293457
batch	24700	valid_loss	67057.1801758
batch	24720	valid_loss	67143.418457
batch	24740	valid_loss	67192.7421875
batch	24760	valid_loss	67173.3120117
batch	24780	valid_loss	67115.0986328
batch	24800	valid_loss	67149.0146484
batch	24820	valid_loss	67122.6591797
batch	24840	valid_loss	67097.7070312
batch	24860	valid_loss	67141.8803711
batch	24880	valid_loss	67073.1040039
batch	24900	valid_loss	67105.1318359
batch	24920	valid_loss	67133.8154297
batch	24940	valid_loss	67115.3549805
batch	24960	valid_loss	67100.9243164
batch	24980	valid_loss	67122.5507812
STOP
START
config	80	960
batch	0	valid_loss	178267.720703
batch	20	valid_loss	122288.544922
batch	40	valid_loss	115411.542969
batch	60	valid_loss	111250.982422
batch	80	valid_loss	108591.134766
batch	100	valid_loss	106509.548828
batch	120	valid_loss	104152.538086
batch	140	valid_loss	101738.580078
batch	160	valid_loss	99218.8183594
batch	180	valid_loss	96620.0488281
batch	200	valid_loss	93898.2587891
batch	220	valid_loss	91279.2294922
batch	240	valid_loss	88658.6914062
batch	260	valid_loss	86109.4501953
batch	280	valid_loss	83744.0839844
batch	300	valid_loss	81450.3105469
batch	320	valid_loss	79386.3691406
batch	340	valid_loss	77500.8242188
batch	360	valid_loss	75837.6108398
batch	380	valid_loss	74367.8227539
batch	400	valid_loss	73134.1943359
batch	420	valid_loss	72096.5776367
batch	440	valid_loss	71124.25
batch	460	valid_loss	70409.6005859
batch	480	valid_loss	69775.5922852
batch	500	valid_loss	69283.6704102
batch	520	valid_loss	68918.1411133
batch	540	valid_loss	68565.6259766
batch	560	valid_loss	68283.9648438
batch	580	valid_loss	68120.1376953
batch	600	valid_loss	67961.0185547
batch	620	valid_loss	67808.4111328
batch	640	valid_loss	67697.793457
batch	660	valid_loss	67645.3374023
batch	680	valid_loss	67554.9643555
batch	700	valid_loss	67515.3081055
batch	720	valid_loss	67556.4106445
batch	740	valid_loss	67453.3608398
batch	760	valid_loss	67392.5712891
batch	780	valid_loss	67369.5864258
batch	800	valid_loss	67329.8964844
batch	820	valid_loss	67260.8837891
batch	840	valid_loss	67261.0102539
batch	860	valid_loss	67182.137207
batch	880	valid_loss	67191.1835938
batch	900	valid_loss	67207.3427734
batch	920	valid_loss	67153.5751953
batch	940	valid_loss	67134.5351562
batch	960	valid_loss	67157.8344727
batch	980	valid_loss	67105.230957
batch	1000	valid_loss	67139.8466797
batch	1020	valid_loss	67164.1318359
batch	1040	valid_loss	67208.4311523
batch	1060	valid_loss	67164.050293
batch	1080	valid_loss	67151.234375
batch	1100	valid_loss	67125.21875
batch	1120	valid_loss	67135.8579102
batch	1140	valid_loss	67111.1279297
batch	1160	valid_loss	67113.3730469
batch	1180	valid_loss	67045.1982422
batch	1200	valid_loss	67091.7885742
batch	1220	valid_loss	67106.2822266
batch	1240	valid_loss	67060.4130859
batch	1260	valid_loss	67082.6313477
batch	1280	valid_loss	67099.2426758
batch	1300	valid_loss	67057.6499023
batch	1320	valid_loss	67126.0
batch	1340	valid_loss	67157.6962891
batch	1360	valid_loss	67150.9536133
batch	1380	valid_loss	67111.0708008
batch	1400	valid_loss	67127.4277344
batch	1420	valid_loss	67091.8457031
batch	1440	valid_loss	67086.9863281
batch	1460	valid_loss	67100.921875
batch	1480	valid_loss	67039.8813477
batch	1500	valid_loss	67052.5688477
batch	1520	valid_loss	67096.0415039
batch	1540	valid_loss	67082.206543
batch	1560	valid_loss	67063.0214844
batch	1580	valid_loss	67085.1416016
batch	1600	valid_loss	67054.0058594
batch	1620	valid_loss	67095.081543
batch	1640	valid_loss	67105.7543945
batch	1660	valid_loss	67168.1289062
batch	1680	valid_loss	67119.0668945
batch	1700	valid_loss	67119.9716797
batch	1720	valid_loss	67101.6743164
batch	1740	valid_loss	67094.4311523
batch	1760	valid_loss	67068.9560547
batch	1780	valid_loss	67088.5922852
STOP
