START
config	520	80	520	1140
batch	0	valid_loss	8036268.75
batch	30	valid_loss	184373.486328
batch	60	valid_loss	99803.0595703
batch	90	valid_loss	95716.7324219
batch	120	valid_loss	95512.6533203
batch	150	valid_loss	95505.6142578
batch	180	valid_loss	95433.1318359
batch	210	valid_loss	95414.5527344
batch	240	valid_loss	95220.8994141
batch	270	valid_loss	94912.1425781
batch	300	valid_loss	94413.7827148
batch	330	valid_loss	93354.324707
batch	360	valid_loss	91790.3686523
batch	390	valid_loss	89977.1289062
batch	420	valid_loss	88768.1547852
batch	450	valid_loss	88137.0419922
batch	480	valid_loss	87514.8574219
batch	510	valid_loss	87284.5380859
batch	540	valid_loss	86955.2885742
batch	570	valid_loss	86698.8486328
batch	600	valid_loss	86370.378418
batch	630	valid_loss	86037.6850586
batch	660	valid_loss	85685.675293
batch	690	valid_loss	85417.921875
batch	720	valid_loss	84936.4892578
batch	750	valid_loss	84554.1079102
batch	780	valid_loss	84068.5507812
batch	810	valid_loss	83693.7021484
batch	840	valid_loss	83237.5244141
batch	870	valid_loss	82551.5712891
batch	900	valid_loss	82152.0595703
batch	930	valid_loss	81602.3046875
batch	960	valid_loss	81058.121582
batch	990	valid_loss	80512.7661133
batch	1020	valid_loss	79967.2773438
batch	1050	valid_loss	79429.2695312
batch	1080	valid_loss	78674.109375
batch	1110	valid_loss	78227.5400391
batch	1140	valid_loss	77725.5463867
batch	1170	valid_loss	77224.6660156
batch	1200	valid_loss	76625.625
batch	1230	valid_loss	76082.0737305
batch	1260	valid_loss	75578.0390625
batch	1290	valid_loss	75113.3857422
batch	1320	valid_loss	74689.878418
batch	1350	valid_loss	74168.0205078
batch	1380	valid_loss	73695.1557617
batch	1410	valid_loss	73288.4663086
batch	1440	valid_loss	72957.0488281
batch	1470	valid_loss	72540.7480469
batch	1500	valid_loss	71970.7866211
batch	1530	valid_loss	71734.0634766
batch	1560	valid_loss	71294.6889648
batch	1590	valid_loss	70873.8466797
batch	1620	valid_loss	70516.9790039
batch	1650	valid_loss	70167.1547852
batch	1680	valid_loss	69717.2324219
batch	1710	valid_loss	69285.6264648
batch	1740	valid_loss	69002.0053711
batch	1770	valid_loss	68757.8569336
batch	1800	valid_loss	68261.1376953
batch	1830	valid_loss	67861.8481445
batch	1860	valid_loss	67506.5048828
batch	1890	valid_loss	67195.5048828
batch	1920	valid_loss	66743.0048828
batch	1950	valid_loss	66559.3828125
batch	1980	valid_loss	66192.9248047
batch	2010	valid_loss	65684.2114258
batch	2040	valid_loss	65375.9868164
batch	2070	valid_loss	65174.9321289
batch	2100	valid_loss	64939.4594727
batch	2130	valid_loss	64458.277832
batch	2160	valid_loss	64203.265625
batch	2190	valid_loss	63968.1123047
batch	2220	valid_loss	63517.6748047
batch	2250	valid_loss	63381.355957
batch	2280	valid_loss	62960.8164062
batch	2310	valid_loss	62656.5283203
batch	2340	valid_loss	62438.1108398
batch	2370	valid_loss	62167.1855469
batch	2400	valid_loss	62106.9272461
batch	2430	valid_loss	61775.3500977
batch	2460	valid_loss	61449.109375
batch	2490	valid_loss	61237.3422852
batch	2520	valid_loss	60876.1142578
batch	2550	valid_loss	60836.8769531
batch	2580	valid_loss	60504.9350586
batch	2610	valid_loss	60251.1142578
batch	2640	valid_loss	59995.4794922
batch	2670	valid_loss	59778.5175781
batch	2700	valid_loss	59676.6547852
batch	2730	valid_loss	59518.2592773
batch	2760	valid_loss	59150.5507812
batch	2790	valid_loss	58860.2441406
batch	2820	valid_loss	58723.0878906
batch	2850	valid_loss	58643.5053711
batch	2880	valid_loss	58545.3686523
batch	2910	valid_loss	58235.9560547
batch	2940	valid_loss	57926.8291016
batch	2970	valid_loss	57784.2817383
batch	3000	valid_loss	57679.0581055
batch	3030	valid_loss	57614.7470703
batch	3060	valid_loss	57294.8979492
batch	3090	valid_loss	57141.9863281
batch	3120	valid_loss	57034.5014648
batch	3150	valid_loss	56830.1298828
batch	3180	valid_loss	56776.2495117
batch	3210	valid_loss	56512.3129883
batch	3240	valid_loss	56377.6992188
batch	3270	valid_loss	56132.8632812
batch	3300	valid_loss	56057.9741211
batch	3330	valid_loss	56054.0258789
batch	3360	valid_loss	55941.1962891
batch	3390	valid_loss	55634.6777344
batch	3420	valid_loss	55507.6147461
batch	3450	valid_loss	55295.2041016
batch	3480	valid_loss	55304.2651367
batch	3510	valid_loss	55278.3710938
batch	3540	valid_loss	55025.3251953
batch	3570	valid_loss	54847.894043
batch	3600	valid_loss	54725.7729492
batch	3630	valid_loss	54733.722168
batch	3660	valid_loss	54770.5673828
batch	3690	valid_loss	54456.8349609
batch	3720	valid_loss	54428.7333984
batch	3750	valid_loss	54241.5854492
batch	3780	valid_loss	54192.8369141
batch	3810	valid_loss	54032.9765625
batch	3840	valid_loss	53946.7612305
batch	3870	valid_loss	53727.4545898
batch	3900	valid_loss	53831.9833984
batch	3930	valid_loss	53538.2368164
batch	3960	valid_loss	53662.7724609
batch	3990	valid_loss	53518.5444336
batch	4020	valid_loss	53350.0253906
batch	4050	valid_loss	53299.8242188
batch	4080	valid_loss	53178.159668
batch	4110	valid_loss	53252.9707031
batch	4140	valid_loss	53073.4790039
batch	4170	valid_loss	52941.0322266
batch	4200	valid_loss	52780.8134766
batch	4230	valid_loss	52759.4956055
batch	4260	valid_loss	52826.6455078
batch	4290	valid_loss	52862.9501953
batch	4320	valid_loss	52578.527832
batch	4350	valid_loss	52435.9555664
batch	4380	valid_loss	52307.140625
batch	4410	valid_loss	52417.7539062
batch	4440	valid_loss	52429.706543
batch	4470	valid_loss	52218.7446289
batch	4500	valid_loss	52078.9189453
batch	4530	valid_loss	52095.2675781
batch	4560	valid_loss	52245.0009766
batch	4590	valid_loss	52132.2451172
batch	4620	valid_loss	51874.9477539
batch	4650	valid_loss	51931.5009766
batch	4680	valid_loss	51888.7988281
batch	4710	valid_loss	51764.1914062
batch	4740	valid_loss	51924.2514648
batch	4770	valid_loss	51665.1274414
batch	4800	valid_loss	51591.5253906
batch	4830	valid_loss	51495.7124023
batch	4860	valid_loss	51445.6494141
batch	4890	valid_loss	51631.1269531
batch	4920	valid_loss	51707.1005859
batch	4950	valid_loss	51337.559082
batch	4980	valid_loss	51342.2636719
batch	5010	valid_loss	51312.9169922
batch	5040	valid_loss	51237.9091797
batch	5070	valid_loss	51230.1660156
batch	5100	valid_loss	51190.7949219
batch	5130	valid_loss	51098.0634766
batch	5160	valid_loss	51010.2890625
batch	5190	valid_loss	51070.8847656
batch	5220	valid_loss	51201.5419922
batch	5250	valid_loss	51142.7753906
batch	5280	valid_loss	50933.0380859
batch	5310	valid_loss	50861.2758789
batch	5340	valid_loss	50907.3950195
batch	5370	valid_loss	50883.6240234
batch	5400	valid_loss	50850.2900391
batch	5430	valid_loss	50696.9614258
batch	5460	valid_loss	50876.7026367
batch	5490	valid_loss	50632.347168
batch	5520	valid_loss	50649.9418945
batch	5550	valid_loss	50719.5805664
batch	5580	valid_loss	50557.5668945
batch	5610	valid_loss	50700.0776367
batch	5640	valid_loss	50544.2226562
batch	5670	valid_loss	50541.7402344
batch	5700	valid_loss	50511.5581055
batch	5730	valid_loss	50447.9399414
batch	5760	valid_loss	50302.7763672
batch	5790	valid_loss	50395.4711914
batch	5820	valid_loss	50410.815918
batch	5850	valid_loss	50569.4902344
batch	5880	valid_loss	50296.7670898
batch	5910	valid_loss	50272.1123047
batch	5940	valid_loss	50144.2158203
batch	5970	valid_loss	50204.4555664
batch	6000	valid_loss	50234.2871094
batch	6030	valid_loss	50140.2236328
batch	6060	valid_loss	50051.9282227
batch	6090	valid_loss	49995.7094727
batch	6120	valid_loss	50315.7807617
batch	6150	valid_loss	50160.3012695
batch	6180	valid_loss	49996.4663086
batch	6210	valid_loss	50090.6430664
batch	6240	valid_loss	50131.3046875
batch	6270	valid_loss	49868.375
batch	6300	valid_loss	50181.7373047
batch	6330	valid_loss	49985.4794922
batch	6360	valid_loss	49816.3203125
batch	6390	valid_loss	49797.9111328
batch	6420	valid_loss	49796.6782227
batch	6450	valid_loss	50012.0913086
batch	6480	valid_loss	50268.3237305
batch	6510	valid_loss	49695.4545898
batch	6540	valid_loss	49790.7592773
batch	6570	valid_loss	49772.4814453
batch	6600	valid_loss	49735.53125
batch	6630	valid_loss	49743.4501953
batch	6660	valid_loss	49714.4833984
batch	6690	valid_loss	49639.7109375
batch	6720	valid_loss	49586.859375
batch	6750	valid_loss	49606.0708008
batch	6780	valid_loss	49744.0556641
batch	6810	valid_loss	49737.5317383
batch	6840	valid_loss	49595.796875
batch	6870	valid_loss	49465.1816406
batch	6900	valid_loss	49516.347168
batch	6930	valid_loss	49574.3662109
batch	6960	valid_loss	49646.3168945
batch	6990	valid_loss	49437.6606445
batch	7020	valid_loss	49511.0981445
batch	7050	valid_loss	49368.6298828
batch	7080	valid_loss	49390.4189453
batch	7110	valid_loss	49439.5288086
batch	7140	valid_loss	49347.8334961
batch	7170	valid_loss	49426.9902344
batch	7200	valid_loss	49329.2436523
batch	7230	valid_loss	49354.7421875
batch	7260	valid_loss	49391.6503906
batch	7290	valid_loss	49237.6064453
batch	7320	valid_loss	49136.078125
batch	7350	valid_loss	49208.5849609
batch	7380	valid_loss	49281.6337891
batch	7410	valid_loss	49455.3481445
batch	7440	valid_loss	49133.8056641
batch	7470	valid_loss	49167.8227539
batch	7500	valid_loss	49019.9501953
batch	7530	valid_loss	49099.6958008
batch	7560	valid_loss	49099.3051758
batch	7590	valid_loss	49104.6953125
batch	7620	valid_loss	48986.730957
batch	7650	valid_loss	48946.2724609
batch	7680	valid_loss	49003.9941406
batch	7710	valid_loss	49099.6831055
batch	7740	valid_loss	48897.1801758
batch	7770	valid_loss	48991.5483398
batch	7800	valid_loss	49083.7802734
batch	7830	valid_loss	48883.8442383
batch	7860	valid_loss	49042.9575195
batch	7890	valid_loss	48996.3188477
batch	7920	valid_loss	48779.2397461
batch	7950	valid_loss	48795.7875977
batch	7980	valid_loss	48893.0761719
batch	8010	valid_loss	49152.0991211
batch	8040	valid_loss	49191.6220703
batch	8070	valid_loss	48731.3027344
batch	8100	valid_loss	48850.8037109
batch	8130	valid_loss	48830.9291992
batch	8160	valid_loss	48759.8969727
batch	8190	valid_loss	48812.6459961
batch	8220	valid_loss	48762.277832
batch	8250	valid_loss	48746.8105469
batch	8280	valid_loss	48670.6000977
batch	8310	valid_loss	48693.8251953
batch	8340	valid_loss	48728.5019531
batch	8370	valid_loss	48786.4287109
batch	8400	valid_loss	48702.0576172
batch	8430	valid_loss	48551.5683594
batch	8460	valid_loss	48632.0239258
batch	8490	valid_loss	48687.3139648
batch	8520	valid_loss	48723.6474609
batch	8550	valid_loss	48665.4780273
batch	8580	valid_loss	48590.5517578
batch	8610	valid_loss	48504.7495117
batch	8640	valid_loss	48645.7993164
batch	8670	valid_loss	48529.6772461
batch	8700	valid_loss	48612.8452148
batch	8730	valid_loss	48551.1166992
batch	8760	valid_loss	48513.378418
batch	8790	valid_loss	48587.2373047
batch	8820	valid_loss	48574.1269531
batch	8850	valid_loss	48480.3525391
batch	8880	valid_loss	48366.0161133
batch	8910	valid_loss	48490.8867188
batch	8940	valid_loss	48531.4624023
batch	8970	valid_loss	48715.8164062
batch	9000	valid_loss	48381.7983398
batch	9030	valid_loss	48424.8115234
batch	9060	valid_loss	48303.8212891
batch	9090	valid_loss	48422.1420898
batch	9120	valid_loss	48348.012207
batch	9150	valid_loss	48360.7807617
batch	9180	valid_loss	48322.6376953
batch	9210	valid_loss	48227.2954102
batch	9240	valid_loss	48238.0883789
batch	9270	valid_loss	48315.8149414
batch	9300	valid_loss	48185.6044922
batch	9330	valid_loss	48315.3857422
batch	9360	valid_loss	48333.1591797
batch	9390	valid_loss	48219.6508789
batch	9420	valid_loss	48339.1401367
batch	9450	valid_loss	48238.2460938
batch	9480	valid_loss	48156.8286133
batch	9510	valid_loss	48154.9130859
batch	9540	valid_loss	48233.4819336
batch	9570	valid_loss	48271.0517578
batch	9600	valid_loss	48489.546875
batch	9630	valid_loss	48078.4511719
batch	9660	valid_loss	48167.2807617
batch	9690	valid_loss	48167.5756836
batch	9720	valid_loss	48062.7050781
batch	9750	valid_loss	48163.8466797
batch	9780	valid_loss	48109.6923828
batch	9810	valid_loss	48118.4501953
batch	9840	valid_loss	48070.4116211
batch	9870	valid_loss	48035.793457
batch	9900	valid_loss	48025.1171875
batch	9930	valid_loss	48068.4331055
batch	9960	valid_loss	48032.5957031
batch	9990	valid_loss	47882.8774414
batch	10020	valid_loss	47940.2104492
batch	10050	valid_loss	48089.0693359
batch	10080	valid_loss	47961.4003906
batch	10110	valid_loss	48113.8818359
batch	10140	valid_loss	47917.9057617
batch	10170	valid_loss	48032.4335938
batch	10200	valid_loss	47967.7978516
batch	10230	valid_loss	47920.3168945
batch	10260	valid_loss	47985.9370117
batch	10290	valid_loss	47929.9057617
batch	10320	valid_loss	47908.0458984
batch	10350	valid_loss	47908.9121094
batch	10380	valid_loss	47852.8227539
batch	10410	valid_loss	47826.6889648
batch	10440	valid_loss	47769.003418
batch	10470	valid_loss	48009.9672852
batch	10500	valid_loss	47879.8149414
batch	10530	valid_loss	47907.4829102
batch	10560	valid_loss	47766.6430664
batch	10590	valid_loss	47888.8061523
batch	10620	valid_loss	47708.0800781
batch	10650	valid_loss	47757.1591797
batch	10680	valid_loss	47728.9941406
batch	10710	valid_loss	47748.8100586
batch	10740	valid_loss	47824.1323242
batch	10770	valid_loss	47836.5551758
batch	10800	valid_loss	47619.0444336
batch	10830	valid_loss	47699.5317383
batch	10860	valid_loss	47783.5654297
batch	10890	valid_loss	47799.0566406
batch	10920	valid_loss	47673.4052734
batch	10950	valid_loss	47618.2675781
batch	10980	valid_loss	47793.465332
batch	11010	valid_loss	47677.1469727
batch	11040	valid_loss	47674.5136719
batch	11070	valid_loss	47645.8320312
batch	11100	valid_loss	47589.8061523
batch	11130	valid_loss	47616.2680664
batch	11160	valid_loss	47618.1630859
batch	11190	valid_loss	47534.3964844
batch	11220	valid_loss	47584.5825195
batch	11250	valid_loss	47588.6176758
batch	11280	valid_loss	47485.4785156
batch	11310	valid_loss	47605.3969727
batch	11340	valid_loss	47621.1806641
batch	11370	valid_loss	47622.2890625
batch	11400	valid_loss	47518.7519531
batch	11430	valid_loss	47486.5483398
batch	11460	valid_loss	47481.5288086
batch	11490	valid_loss	47549.4716797
batch	11520	valid_loss	47506.9897461
batch	11550	valid_loss	47379.2832031
batch	11580	valid_loss	47417.59375
batch	11610	valid_loss	47454.9931641
batch	11640	valid_loss	47403.3122559
batch	11670	valid_loss	47482.9277344
batch	11700	valid_loss	47351.7541504
batch	11730	valid_loss	47322.4780273
batch	11760	valid_loss	47422.9282227
batch	11790	valid_loss	47437.7172852
batch	11820	valid_loss	47417.8295898
batch	11850	valid_loss	47363.3508301
batch	11880	valid_loss	47370.2578125
batch	11910	valid_loss	47356.2060547
batch	11940	valid_loss	47336.0124512
batch	11970	valid_loss	47268.6379395
batch	12000	valid_loss	47318.4797363
batch	12030	valid_loss	47285.96875
batch	12060	valid_loss	47285.3251953
batch	12090	valid_loss	47303.673584
batch	12120	valid_loss	47230.6394043
batch	12150	valid_loss	47297.2016602
batch	12180	valid_loss	47202.7419434
batch	12210	valid_loss	47224.0029297
batch	12240	valid_loss	47173.3540039
batch	12270	valid_loss	47189.0029297
batch	12300	valid_loss	47216.6357422
batch	12330	valid_loss	47154.8188477
batch	12360	valid_loss	47329.5488281
batch	12390	valid_loss	47165.9250488
batch	12420	valid_loss	47228.0786133
batch	12450	valid_loss	47181.9655762
batch	12480	valid_loss	47122.7307129
batch	12510	valid_loss	47083.0805664
batch	12540	valid_loss	47256.8723145
batch	12570	valid_loss	47121.9169922
batch	12600	valid_loss	47109.4414062
batch	12630	valid_loss	47087.5795898
batch	12660	valid_loss	47018.8198242
batch	12690	valid_loss	47008.8295898
batch	12720	valid_loss	47214.3540039
batch	12750	valid_loss	47021.1887207
batch	12780	valid_loss	47131.484375
batch	12810	valid_loss	47054.5961914
batch	12840	valid_loss	46946.5324707
batch	12870	valid_loss	47035.576416
batch	12900	valid_loss	47005.6940918
batch	12930	valid_loss	46996.3552246
batch	12960	valid_loss	46954.8046875
batch	12990	valid_loss	47000.6328125
batch	13020	valid_loss	46921.541748
batch	13050	valid_loss	47068.182373
batch	13080	valid_loss	47104.5002441
batch	13110	valid_loss	46883.7197266
batch	13140	valid_loss	46893.4064941
batch	13170	valid_loss	46961.552002
batch	13200	valid_loss	46891.7915039
batch	13230	valid_loss	46936.2956543
batch	13260	valid_loss	46867.5070801
batch	13290	valid_loss	46769.5734863
batch	13320	valid_loss	46883.1535645
batch	13350	valid_loss	46903.1782227
batch	13380	valid_loss	46878.1328125
batch	13410	valid_loss	46810.986084
batch	13440	valid_loss	46822.2412109
batch	13470	valid_loss	46822.3474121
batch	13500	valid_loss	46800.6247559
batch	13530	valid_loss	46731.6867676
batch	13560	valid_loss	46801.154541
batch	13590	valid_loss	46740.0454102
batch	13620	valid_loss	46710.1340332
batch	13650	valid_loss	46739.2783203
batch	13680	valid_loss	46660.467041
batch	13710	valid_loss	46777.8972168
batch	13740	valid_loss	46686.2785645
batch	13770	valid_loss	46678.8974609
batch	13800	valid_loss	46619.4968262
batch	13830	valid_loss	46681.7087402
batch	13860	valid_loss	46632.9001465
batch	13890	valid_loss	46592.6203613
batch	13920	valid_loss	46673.8869629
batch	13950	valid_loss	46620.6557617
batch	13980	valid_loss	46693.8679199
batch	14010	valid_loss	46577.4099121
batch	14040	valid_loss	46553.980957
batch	14070	valid_loss	46543.8747559
batch	14100	valid_loss	46614.1025391
batch	14130	valid_loss	46532.5771484
batch	14160	valid_loss	46573.5610352
batch	14190	valid_loss	46497.185791
batch	14220	valid_loss	46422.9353027
batch	14250	valid_loss	46461.9223633
batch	14280	valid_loss	46622.4550781
batch	14310	valid_loss	46414.0393066
batch	14340	valid_loss	46522.6120605
batch	14370	valid_loss	46469.7675781
batch	14400	valid_loss	46367.8466797
batch	14430	valid_loss	46458.6591797
batch	14460	valid_loss	46437.8991699
batch	14490	valid_loss	46402.0415039
batch	14520	valid_loss	46392.6191406
batch	14550	valid_loss	46446.248291
batch	14580	valid_loss	46334.347168
batch	14610	valid_loss	46489.1516113
batch	14640	valid_loss	46448.1503906
batch	14670	valid_loss	46327.2307129
batch	14700	valid_loss	46325.0974121
batch	14730	valid_loss	46365.362793
batch	14760	valid_loss	46289.5568848
batch	14790	valid_loss	46321.8066406
batch	14820	valid_loss	46297.7883301
batch	14850	valid_loss	46215.8598633
batch	14880	valid_loss	46319.8188477
batch	14910	valid_loss	46324.6928711
batch	14940	valid_loss	46240.1018066
batch	14970	valid_loss	46196.3198242
batch	15000	valid_loss	46193.0825195
batch	15030	valid_loss	46260.302002
batch	15060	valid_loss	46241.3898926
batch	15090	valid_loss	46179.7514648
batch	15120	valid_loss	46248.0339355
batch	15150	valid_loss	46147.2763672
batch	15180	valid_loss	46148.0568848
batch	15210	valid_loss	46144.8408203
batch	15240	valid_loss	46104.8464355
batch	15270	valid_loss	46135.5820312
batch	15300	valid_loss	46098.4365234
batch	15330	valid_loss	46089.2077637
batch	15360	valid_loss	46035.4431152
batch	15390	valid_loss	46113.6916504
batch	15420	valid_loss	46027.3461914
batch	15450	valid_loss	45985.7958984
batch	15480	valid_loss	46223.6652832
batch	15510	valid_loss	46062.2067871
batch	15540	valid_loss	46123.3391113
batch	15570	valid_loss	46006.5395508
batch	15600	valid_loss	46027.2104492
batch	15630	valid_loss	45976.6079102
batch	15660	valid_loss	45989.7734375
batch	15690	valid_loss	45969.9711914
batch	15720	valid_loss	45963.7089844
batch	15750	valid_loss	45917.0024414
batch	15780	valid_loss	45828.4226074
batch	15810	valid_loss	45959.0075684
batch	15840	valid_loss	45990.9155273
batch	15870	valid_loss	45790.1784668
batch	15900	valid_loss	45886.9511719
batch	15930	valid_loss	45858.1225586
batch	15960	valid_loss	45826.067627
batch	15990	valid_loss	45833.574707
batch	16020	valid_loss	45805.625
batch	16050	valid_loss	45731.0085449
batch	16080	valid_loss	45768.4997559
batch	16110	valid_loss	45819.1230469
batch	16140	valid_loss	45705.230957
batch	16170	valid_loss	45825.137207
batch	16200	valid_loss	45806.0019531
batch	16230	valid_loss	45710.921875
batch	16260	valid_loss	45676.682373
batch	16290	valid_loss	45681.0605469
batch	16320	valid_loss	45634.3491211
batch	16350	valid_loss	45673.1225586
batch	16380	valid_loss	45621.7875977
batch	16410	valid_loss	45579.5795898
batch	16440	valid_loss	45673.4782715
batch	16470	valid_loss	45540.0053711
batch	16500	valid_loss	45509.3422852
batch	16530	valid_loss	45476.8554688
batch	16560	valid_loss	45489.901123
batch	16590	valid_loss	45600.7751465
batch	16620	valid_loss	45479.1774902
batch	16650	valid_loss	45431.6879883
batch	16680	valid_loss	45499.3977051
batch	16710	valid_loss	45399.5
batch	16740	valid_loss	45398.3276367
batch	16770	valid_loss	45422.1005859
batch	16800	valid_loss	45374.1010742
batch	16830	valid_loss	45426.1608887
batch	16860	valid_loss	45324.425293
batch	16890	valid_loss	45349.5771484
batch	16920	valid_loss	45286.6806641
batch	16950	valid_loss	45274.331543
batch	16980	valid_loss	45239.4663086
batch	17010	valid_loss	45210.4785156
batch	17040	valid_loss	45200.967041
batch	17070	valid_loss	45251.15625
batch	17100	valid_loss	45188.9519043
batch	17130	valid_loss	45362.9331055
batch	17160	valid_loss	45112.1430664
batch	17190	valid_loss	45133.605957
batch	17220	valid_loss	45141.661377
batch	17250	valid_loss	45109.1772461
batch	17280	valid_loss	45072.0778809
batch	17310	valid_loss	45071.0510254
batch	17340	valid_loss	44950.0209961
batch	17370	valid_loss	45060.5014648
batch	17400	valid_loss	45122.8171387
batch	17430	valid_loss	44873.3195801
batch	17460	valid_loss	44957.6757812
batch	17490	valid_loss	44929.1726074
batch	17520	valid_loss	44939.3928223
batch	17550	valid_loss	44877.2839355
batch	17580	valid_loss	44865.8811035
batch	17610	valid_loss	44790.876709
batch	17640	valid_loss	44816.2421875
batch	17670	valid_loss	44760.439209
batch	17700	valid_loss	44781.3256836
batch	17730	valid_loss	44885.7180176
batch	17760	valid_loss	44793.888916
batch	17790	valid_loss	44738.1323242
batch	17820	valid_loss	44692.0053711
batch	17850	valid_loss	44665.1687012
batch	17880	valid_loss	44645.2216797
batch	17910	valid_loss	44651.1420898
batch	17940	valid_loss	44745.682373
batch	17970	valid_loss	44543.7338867
batch	18000	valid_loss	44710.0395508
batch	18030	valid_loss	44593.8779297
batch	18060	valid_loss	44478.9255371
batch	18090	valid_loss	44440.6516113
batch	18120	valid_loss	44471.7460938
batch	18150	valid_loss	44567.2687988
batch	18180	valid_loss	44377.8461914
batch	18210	valid_loss	44344.0002441
batch	18240	valid_loss	44452.8496094
batch	18270	valid_loss	44323.9003906
batch	18300	valid_loss	44350.1816406
batch	18330	valid_loss	44429.373291
batch	18360	valid_loss	44382.6833496
batch	18390	valid_loss	44267.6831055
batch	18420	valid_loss	44207.0163574
batch	18450	valid_loss	44241.5737305
batch	18480	valid_loss	44184.1286621
batch	18510	valid_loss	44141.7033691
batch	18540	valid_loss	44128.5583496
batch	18570	valid_loss	44103.28125
batch	18600	valid_loss	44024.4350586
batch	18630	valid_loss	44109.0395508
batch	18660	valid_loss	44079.276123
batch	18690	valid_loss	44116.505127
batch	18720	valid_loss	43972.0449219
batch	18750	valid_loss	43963.9956055
batch	18780	valid_loss	43943.4602051
batch	18810	valid_loss	43928.3037109
batch	18840	valid_loss	43880.6977539
batch	18870	valid_loss	43900.550293
batch	18900	valid_loss	43732.6157227
batch	18930	valid_loss	43807.2561035
batch	18960	valid_loss	43850.9995117
batch	18990	valid_loss	43701.5427246
batch	19020	valid_loss	43709.6359863
batch	19050	valid_loss	43727.6833496
batch	19080	valid_loss	43702.0004883
batch	19110	valid_loss	43626.4873047
batch	19140	valid_loss	43620.0600586
batch	19170	valid_loss	43572.8166504
batch	19200	valid_loss	43557.2927246
batch	19230	valid_loss	43465.9970703
batch	19260	valid_loss	43594.9870605
batch	19290	valid_loss	43643.4619141
batch	19320	valid_loss	43506.3339844
batch	19350	valid_loss	43491.8815918
batch	19380	valid_loss	43403.8635254
batch	19410	valid_loss	43364.545166
batch	19440	valid_loss	43326.1152344
batch	19470	valid_loss	43365.5864258
batch	19500	valid_loss	43416.15625
batch	19530	valid_loss	43204.8110352
batch	19560	valid_loss	43361.2336426
batch	19590	valid_loss	43309.2351074
batch	19620	valid_loss	43112.7355957
batch	19650	valid_loss	43079.1633301
batch	19680	valid_loss	43163.5197754
batch	19710	valid_loss	43229.5754395
batch	19740	valid_loss	43047.1096191
batch	19770	valid_loss	42977.7800293
batch	19800	valid_loss	43101.3898926
batch	19830	valid_loss	42967.9150391
batch	19860	valid_loss	42893.0092773
batch	19890	valid_loss	43011.947998
batch	19920	valid_loss	42933.7714844
batch	19950	valid_loss	42945.4094238
batch	19980	valid_loss	42884.1994629
batch	20010	valid_loss	42843.3444824
batch	20040	valid_loss	42780.4038086
batch	20070	valid_loss	42795.0437012
batch	20100	valid_loss	42793.7172852
batch	20130	valid_loss	42740.2844238
batch	20160	valid_loss	42737.6564941
batch	20190	valid_loss	42745.9301758
batch	20220	valid_loss	42853.8410645
batch	20250	valid_loss	42665.1513672
batch	20280	valid_loss	42671.8256836
batch	20310	valid_loss	42614.3015137
batch	20340	valid_loss	42562.7609863
batch	20370	valid_loss	42605.8464355
batch	20400	valid_loss	42533.5957031
batch	20430	valid_loss	42555.7756348
batch	20460	valid_loss	42351.6164551
batch	20490	valid_loss	42459.744873
batch	20520	valid_loss	42548.230957
batch	20550	valid_loss	42300.1862793
batch	20580	valid_loss	42366.8613281
batch	20610	valid_loss	42418.3237305
batch	20640	valid_loss	42364.8154297
batch	20670	valid_loss	42340.8684082
batch	20700	valid_loss	42264.6169434
batch	20730	valid_loss	42287.3737793
batch	20760	valid_loss	42179.6501465
batch	20790	valid_loss	42119.7893066
batch	20820	valid_loss	42181.5615234
batch	20850	valid_loss	42367.59375
batch	20880	valid_loss	42193.8234863
batch	20910	valid_loss	42159.7265625
batch	20940	valid_loss	42119.7189941
batch	20970	valid_loss	42070.2375488
batch	21000	valid_loss	42011.0476074
batch	21030	valid_loss	42076.0666504
batch	21060	valid_loss	42088.564209
batch	21090	valid_loss	42017.4355469
batch	21120	valid_loss	42049.6374512
batch	21150	valid_loss	42106.7507324
batch	21180	valid_loss	41823.800293
batch	21210	valid_loss	41823.5151367
batch	21240	valid_loss	41900.6687012
batch	21270	valid_loss	41971.4160156
batch	21300	valid_loss	41750.2661133
batch	21330	valid_loss	41702.0615234
batch	21360	valid_loss	41839.0424805
batch	21390	valid_loss	41686.9328613
batch	21420	valid_loss	41634.9885254
batch	21450	valid_loss	41774.5058594
batch	21480	valid_loss	41699.1982422
batch	21510	valid_loss	41692.777832
batch	21540	valid_loss	41652.7770996
batch	21570	valid_loss	41584.5922852
batch	21600	valid_loss	41527.5568848
batch	21630	valid_loss	41612.7155762
batch	21660	valid_loss	41549.3581543
batch	21690	valid_loss	41516.1271973
batch	21720	valid_loss	41491.3466797
batch	21750	valid_loss	41518.7888184
batch	21780	valid_loss	41623.0561523
batch	21810	valid_loss	41452.8586426
batch	21840	valid_loss	41431.2548828
batch	21870	valid_loss	41418.9213867
batch	21900	valid_loss	41364.0563965
batch	21930	valid_loss	41421.3972168
batch	21960	valid_loss	41327.0817871
batch	21990	valid_loss	41349.7373047
batch	22020	valid_loss	41134.2145996
batch	22050	valid_loss	41285.4296875
batch	22080	valid_loss	41328.6704102
batch	22110	valid_loss	41094.6730957
batch	22140	valid_loss	41171.0249023
batch	22170	valid_loss	41251.074707
batch	22200	valid_loss	41189.5424805
batch	22230	valid_loss	41197.2216797
batch	22260	valid_loss	41113.939209
batch	22290	valid_loss	41098.7287598
batch	22320	valid_loss	41005.736084
batch	22350	valid_loss	40996.845459
batch	22380	valid_loss	41046.8674316
batch	22410	valid_loss	41265.0949707
batch	22440	valid_loss	41022.3659668
batch	22470	valid_loss	41075.8735352
batch	22500	valid_loss	40951.0859375
batch	22530	valid_loss	40893.2004395
batch	22560	valid_loss	40879.6179199
batch	22590	valid_loss	40955.4846191
batch	22620	valid_loss	40939.2546387
batch	22650	valid_loss	40778.8151855
batch	22680	valid_loss	40917.6257324
batch	22710	valid_loss	41048.4680176
batch	22740	valid_loss	40644.4333496
batch	22770	valid_loss	40658.1848145
batch	22800	valid_loss	40790.0668945
batch	22830	valid_loss	41031.1015625
batch	22860	valid_loss	40626.6000977
batch	22890	valid_loss	40588.0100098
batch	22920	valid_loss	40830.8422852
batch	22950	valid_loss	40743.8117676
batch	22980	valid_loss	40517.1296387
batch	23010	valid_loss	40691.5578613
batch	23040	valid_loss	40630.3569336
batch	23070	valid_loss	40623.1184082
batch	23100	valid_loss	40541.3305664
batch	23130	valid_loss	40505.0617676
batch	23160	valid_loss	40448.8239746
batch	23190	valid_loss	40490.2199707
batch	23220	valid_loss	40449.9890137
batch	23250	valid_loss	40484.0490723
batch	23280	valid_loss	40329.3151855
batch	23310	valid_loss	40438.8769531
batch	23340	valid_loss	40513.9575195
batch	23370	valid_loss	40412.8815918
batch	23400	valid_loss	40352.0178223
batch	23430	valid_loss	40312.489502
batch	23460	valid_loss	40409.6862793
batch	23490	valid_loss	40336.6437988
batch	23520	valid_loss	40305.3405762
batch	23550	valid_loss	40350.9326172
batch	23580	valid_loss	40220.0327148
batch	23610	valid_loss	40278.6018066
batch	23640	valid_loss	40247.4750977
batch	23670	valid_loss	40049.215332
batch	23700	valid_loss	40137.8413086
batch	23730	valid_loss	40199.2185059
batch	23760	valid_loss	40151.7890625
batch	23790	valid_loss	40171.7270508
batch	23820	valid_loss	40151.4650879
batch	23850	valid_loss	40076.0769043
batch	23880	valid_loss	39976.1906738
batch	23910	valid_loss	39883.111084
batch	23940	valid_loss	40054.3950195
batch	23970	valid_loss	40276.2978516
batch	24000	valid_loss	40017.8034668
batch	24030	valid_loss	40065.2282715
batch	24060	valid_loss	39976.2033691
batch	24090	valid_loss	39880.9611816
batch	24120	valid_loss	39922.519043
batch	24150	valid_loss	39921.0534668
batch	24180	valid_loss	39896.0969238
batch	24210	valid_loss	39862.2402344
batch	24240	valid_loss	39924.1401367
batch	24270	valid_loss	40056.6738281
batch	24300	valid_loss	39677.541748
batch	24330	valid_loss	39684.5095215
batch	24360	valid_loss	39829.0598145
batch	24390	valid_loss	40017.8344727
batch	24420	valid_loss	39657.385498
batch	24450	valid_loss	39646.3669434
batch	24480	valid_loss	39830.7868652
batch	24510	valid_loss	39718.0664062
batch	24540	valid_loss	39603.217041
batch	24570	valid_loss	39731.7075195
batch	24600	valid_loss	39659.6584473
batch	24630	valid_loss	39681.9985352
batch	24660	valid_loss	39609.3820801
batch	24690	valid_loss	39577.1716309
batch	24720	valid_loss	39534.4421387
batch	24750	valid_loss	39541.3425293
batch	24780	valid_loss	39501.7912598
batch	24810	valid_loss	39533.7265625
batch	24840	valid_loss	39419.6601562
batch	24870	valid_loss	39505.3125
batch	24900	valid_loss	39617.1894531
batch	24930	valid_loss	39482.0952148
batch	24960	valid_loss	39435.1777344
batch	24990	valid_loss	39394.7775879
STOP
START
config	520	80	520	1140
batch	0	valid_loss	8124413.75
batch	30	valid_loss	191007.685547
batch	60	valid_loss	99789.6904297
batch	90	valid_loss	95726.5898438
batch	120	valid_loss	95566.1757812
batch	150	valid_loss	95518.0380859
batch	180	valid_loss	95506.2109375
batch	210	valid_loss	95522.0009766
batch	240	valid_loss	95427.7988281
batch	270	valid_loss	95308.6298828
batch	300	valid_loss	95219.8330078
batch	330	valid_loss	95047.2871094
batch	360	valid_loss	94753.8320312
batch	390	valid_loss	94088.6010742
batch	420	valid_loss	93363.4287109
batch	450	valid_loss	92160.5844727
batch	480	valid_loss	90725.7768555
batch	510	valid_loss	89467.2094727
batch	540	valid_loss	88430.9785156
batch	570	valid_loss	87794.90625
batch	600	valid_loss	87501.737793
batch	630	valid_loss	87026.7504883
batch	660	valid_loss	86799.9282227
batch	690	valid_loss	86581.2988281
batch	720	valid_loss	86296.4936523
batch	750	valid_loss	86100.71875
batch	780	valid_loss	85863.4121094
batch	810	valid_loss	85514.2197266
batch	840	valid_loss	85188.3676758
batch	870	valid_loss	84762.5078125
batch	900	valid_loss	84272.199707
batch	930	valid_loss	83718.3461914
batch	960	valid_loss	83063.5136719
batch	990	valid_loss	82449.4389648
batch	1020	valid_loss	81824.9077148
batch	1050	valid_loss	81201.9208984
batch	1080	valid_loss	80657.1591797
batch	1110	valid_loss	80172.9760742
batch	1140	valid_loss	79732.1147461
batch	1170	valid_loss	79150.3818359
batch	1200	valid_loss	78470.0864258
batch	1230	valid_loss	77830.1992188
batch	1260	valid_loss	77244.4282227
batch	1290	valid_loss	76638.3833008
batch	1320	valid_loss	76060.4379883
batch	1350	valid_loss	75527.1928711
batch	1380	valid_loss	74976.6264648
batch	1410	valid_loss	74438.7490234
batch	1440	valid_loss	73967.3183594
batch	1470	valid_loss	73588.9018555
batch	1500	valid_loss	73080.1538086
batch	1530	valid_loss	72677.6000977
batch	1560	valid_loss	72162.3452148
batch	1590	valid_loss	71789.0268555
batch	1620	valid_loss	71374.3779297
batch	1650	valid_loss	70949.2050781
batch	1680	valid_loss	70522.5273438
batch	1710	valid_loss	70047.1645508
batch	1740	valid_loss	69720.3959961
batch	1770	valid_loss	69422.0292969
batch	1800	valid_loss	68989.9868164
batch	1830	valid_loss	68543.0024414
batch	1860	valid_loss	68143.7109375
batch	1890	valid_loss	67818.7392578
batch	1920	valid_loss	67436.8203125
batch	1950	valid_loss	67065.2841797
batch	1980	valid_loss	66775.2416992
batch	2010	valid_loss	66273.3212891
batch	2040	valid_loss	65857.1166992
batch	2070	valid_loss	65643.2060547
batch	2100	valid_loss	65370.168457
batch	2130	valid_loss	64959.3837891
batch	2160	valid_loss	64629.4658203
batch	2190	valid_loss	64354.5664062
batch	2220	valid_loss	63966.5
batch	2250	valid_loss	63715.9550781
batch	2280	valid_loss	63293.4350586
batch	2310	valid_loss	62993.5532227
batch	2340	valid_loss	62773.0957031
batch	2370	valid_loss	62414.6621094
batch	2400	valid_loss	62243.0644531
batch	2430	valid_loss	61846.0068359
batch	2460	valid_loss	61618.4301758
batch	2490	valid_loss	61357.1425781
batch	2520	valid_loss	60983.3696289
batch	2550	valid_loss	60894.8027344
batch	2580	valid_loss	60568.953125
batch	2610	valid_loss	60344.9765625
batch	2640	valid_loss	60022.3652344
batch	2670	valid_loss	59845.8276367
batch	2700	valid_loss	59734.0195312
batch	2730	valid_loss	59459.9897461
batch	2760	valid_loss	59144.5009766
batch	2790	valid_loss	59022.3510742
batch	2820	valid_loss	58754.4057617
batch	2850	valid_loss	58694.1650391
batch	2880	valid_loss	58378.1860352
batch	2910	valid_loss	58289.0014648
batch	2940	valid_loss	57887.6279297
batch	2970	valid_loss	57686.1289062
batch	3000	valid_loss	57652.7055664
batch	3030	valid_loss	57512.3613281
batch	3060	valid_loss	57323.4121094
batch	3090	valid_loss	57078.3759766
batch	3120	valid_loss	57014.7944336
batch	3150	valid_loss	56715.5458984
batch	3180	valid_loss	56617.6557617
batch	3210	valid_loss	56407.03125
batch	3240	valid_loss	56248.4013672
batch	3270	valid_loss	56022.4208984
batch	3300	valid_loss	55920.277832
batch	3330	valid_loss	55930.7797852
batch	3360	valid_loss	55718.5253906
batch	3390	valid_loss	55490.1777344
batch	3420	valid_loss	55357.1757812
batch	3450	valid_loss	55258.1591797
batch	3480	valid_loss	55171.9404297
batch	3510	valid_loss	55131.2436523
batch	3540	valid_loss	54876.2651367
batch	3570	valid_loss	54684.9326172
batch	3600	valid_loss	54564.6396484
batch	3630	valid_loss	54417.7426758
batch	3660	valid_loss	54558.3305664
batch	3690	valid_loss	54244.6884766
batch	3720	valid_loss	54143.3291016
batch	3750	valid_loss	54096.4682617
batch	3780	valid_loss	53930.7358398
batch	3810	valid_loss	53761.1108398
batch	3840	valid_loss	53721.7568359
batch	3870	valid_loss	53455.9770508
batch	3900	valid_loss	53401.9296875
batch	3930	valid_loss	53288.6030273
batch	3960	valid_loss	53356.3295898
batch	3990	valid_loss	53209.2509766
batch	4020	valid_loss	53108.4379883
batch	4050	valid_loss	52982.1264648
batch	4080	valid_loss	52842.6269531
batch	4110	valid_loss	52813.2368164
batch	4140	valid_loss	52879.0727539
batch	4170	valid_loss	52564.9921875
batch	4200	valid_loss	52351.6137695
batch	4230	valid_loss	52354.2109375
batch	4260	valid_loss	52380.3334961
batch	4290	valid_loss	52374.5844727
batch	4320	valid_loss	52048.4262695
batch	4350	valid_loss	52150.0576172
batch	4380	valid_loss	51961.7133789
batch	4410	valid_loss	51996.4897461
batch	4440	valid_loss	51936.8959961
batch	4470	valid_loss	51771.2358398
batch	4500	valid_loss	51520.2329102
batch	4530	valid_loss	51554.5600586
batch	4560	valid_loss	51588.96875
batch	4590	valid_loss	51581.4384766
batch	4620	valid_loss	51430.5263672
batch	4650	valid_loss	51310.5932617
batch	4680	valid_loss	51346.9414062
batch	4710	valid_loss	51264.1660156
batch	4740	valid_loss	51228.0913086
batch	4770	valid_loss	51165.4619141
batch	4800	valid_loss	51009.4550781
batch	4830	valid_loss	50898.668457
batch	4860	valid_loss	50869.1318359
batch	4890	valid_loss	51028.0703125
batch	4920	valid_loss	51125.8696289
batch	4950	valid_loss	50742.0610352
batch	4980	valid_loss	50837.4555664
batch	5010	valid_loss	50611.9970703
batch	5040	valid_loss	50672.2368164
batch	5070	valid_loss	50891.784668
batch	5100	valid_loss	50588.9169922
batch	5130	valid_loss	50523.284668
batch	5160	valid_loss	50480.7329102
batch	5190	valid_loss	50469.1669922
batch	5220	valid_loss	50616.4667969
batch	5250	valid_loss	50382.387207
batch	5280	valid_loss	50407.6582031
batch	5310	valid_loss	50337.7944336
batch	5340	valid_loss	50237.0610352
batch	5370	valid_loss	50259.6411133
batch	5400	valid_loss	50266.1044922
batch	5430	valid_loss	50086.5908203
batch	5460	valid_loss	50024.8974609
batch	5490	valid_loss	50035.7011719
batch	5520	valid_loss	50158.5864258
batch	5550	valid_loss	50249.1650391
batch	5580	valid_loss	50075.940918
batch	5610	valid_loss	49953.1391602
batch	5640	valid_loss	49951.5473633
batch	5670	valid_loss	50071.28125
batch	5700	valid_loss	50494.9370117
batch	5730	valid_loss	49887.7841797
batch	5760	valid_loss	49779.8623047
batch	5790	valid_loss	49781.9458008
batch	5820	valid_loss	49890.5400391
batch	5850	valid_loss	50138.140625
batch	5880	valid_loss	49700.9829102
batch	5910	valid_loss	50089.6064453
batch	5940	valid_loss	49649.4907227
batch	5970	valid_loss	49731.4682617
batch	6000	valid_loss	49749.2900391
batch	6030	valid_loss	49646.5048828
batch	6060	valid_loss	49523.5649414
batch	6090	valid_loss	49489.5058594
batch	6120	valid_loss	49606.6933594
batch	6150	valid_loss	49628.6450195
batch	6180	valid_loss	49536.6748047
batch	6210	valid_loss	49573.6508789
batch	6240	valid_loss	49538.7138672
batch	6270	valid_loss	49458.3803711
batch	6300	valid_loss	49582.7895508
batch	6330	valid_loss	49530.4511719
batch	6360	valid_loss	49354.3867188
batch	6390	valid_loss	49278.7211914
batch	6420	valid_loss	49326.9995117
batch	6450	valid_loss	49457.9887695
batch	6480	valid_loss	49627.1723633
batch	6510	valid_loss	49279.9731445
batch	6540	valid_loss	49424.2558594
batch	6570	valid_loss	49276.5639648
batch	6600	valid_loss	49309.4287109
batch	6630	valid_loss	49531.6611328
batch	6660	valid_loss	49318.0112305
batch	6690	valid_loss	49285.277832
batch	6720	valid_loss	49190.6733398
batch	6750	valid_loss	49127.3334961
batch	6780	valid_loss	49312.684082
batch	6810	valid_loss	49181.2080078
batch	6840	valid_loss	49176.734375
batch	6870	valid_loss	49110.0859375
batch	6900	valid_loss	49064.0908203
batch	6930	valid_loss	49199.5571289
batch	6960	valid_loss	49138.9960938
batch	6990	valid_loss	49119.7583008
batch	7020	valid_loss	48952.7329102
batch	7050	valid_loss	49048.0371094
batch	7080	valid_loss	49051.984375
batch	7110	valid_loss	49188.4995117
batch	7140	valid_loss	49038.2910156
batch	7170	valid_loss	49029.4541016
batch	7200	valid_loss	48989.2578125
batch	7230	valid_loss	49098.7045898
batch	7260	valid_loss	49088.5117188
batch	7290	valid_loss	48921.5151367
batch	7320	valid_loss	48911.2412109
batch	7350	valid_loss	48875.3964844
batch	7380	valid_loss	48941.2324219
batch	7410	valid_loss	49245.0302734
batch	7440	valid_loss	48852.3447266
batch	7470	valid_loss	49081.2822266
batch	7500	valid_loss	48789.5146484
batch	7530	valid_loss	48854.4897461
batch	7560	valid_loss	48810.7016602
batch	7590	valid_loss	48871.6567383
batch	7620	valid_loss	48817.2636719
batch	7650	valid_loss	48662.8505859
batch	7680	valid_loss	48705.6303711
batch	7710	valid_loss	48743.8725586
batch	7740	valid_loss	48790.9199219
batch	7770	valid_loss	48761.1791992
batch	7800	valid_loss	48711.1987305
batch	7830	valid_loss	48681.2563477
batch	7860	valid_loss	48728.7705078
batch	7890	valid_loss	48851.3120117
batch	7920	valid_loss	48644.2280273
batch	7950	valid_loss	48616.90625
batch	7980	valid_loss	48563.125
batch	8010	valid_loss	48694.1225586
batch	8040	valid_loss	48697.1621094
batch	8070	valid_loss	48596.1748047
batch	8100	valid_loss	48613.8466797
batch	8130	valid_loss	48532.9570312
batch	8160	valid_loss	48586.565918
batch	8190	valid_loss	49117.1801758
batch	8220	valid_loss	48602.3789062
batch	8250	valid_loss	48506.1772461
batch	8280	valid_loss	48473.8979492
batch	8310	valid_loss	48439.1694336
batch	8340	valid_loss	48579.9995117
batch	8370	valid_loss	48550.5913086
batch	8400	valid_loss	48482.1367188
batch	8430	valid_loss	48394.6977539
batch	8460	valid_loss	48406.5991211
batch	8490	valid_loss	48442.7753906
batch	8520	valid_loss	48419.5742188
batch	8550	valid_loss	48456.7675781
batch	8580	valid_loss	48309.3686523
batch	8610	valid_loss	48318.387207
batch	8640	valid_loss	48399.8525391
batch	8670	valid_loss	48302.6186523
batch	8700	valid_loss	48331.0942383
batch	8730	valid_loss	48343.3242188
batch	8760	valid_loss	48355.309082
batch	8790	valid_loss	48460.5415039
batch	8820	valid_loss	48955.1113281
batch	8850	valid_loss	48324.0068359
batch	8880	valid_loss	48231.7416992
batch	8910	valid_loss	48275.137207
batch	8940	valid_loss	48277.6704102
batch	8970	valid_loss	48370.3505859
batch	9000	valid_loss	48146.8183594
batch	9030	valid_loss	48355.7250977
batch	9060	valid_loss	48119.359375
batch	9090	valid_loss	48162.4897461
batch	9120	valid_loss	48169.394043
batch	9150	valid_loss	48201.0673828
batch	9180	valid_loss	48140.3579102
batch	9210	valid_loss	48025.6401367
batch	9240	valid_loss	48017.9858398
batch	9270	valid_loss	48079.7167969
batch	9300	valid_loss	48097.9365234
batch	9330	valid_loss	48084.0708008
batch	9360	valid_loss	48035.9814453
batch	9390	valid_loss	48097.7094727
batch	9420	valid_loss	48134.0385742
batch	9450	valid_loss	48636.8842773
batch	9480	valid_loss	47996.9033203
batch	9510	valid_loss	47959.4013672
batch	9540	valid_loss	47946.1235352
batch	9570	valid_loss	48007.3676758
batch	9600	valid_loss	48084.8930664
batch	9630	valid_loss	47947.2182617
batch	9660	valid_loss	48086.730957
batch	9690	valid_loss	47880.4848633
batch	9720	valid_loss	47959.3398438
batch	9750	valid_loss	48079.0449219
batch	9780	valid_loss	47917.3662109
batch	9810	valid_loss	47908.2426758
batch	9840	valid_loss	47821.3168945
batch	9870	valid_loss	47846.1020508
batch	9900	valid_loss	47862.559082
batch	9930	valid_loss	47862.637207
batch	9960	valid_loss	47834.4243164
batch	9990	valid_loss	47765.8466797
batch	10020	valid_loss	47803.1713867
batch	10050	valid_loss	47803.0478516
batch	10080	valid_loss	47852.4155273
batch	10110	valid_loss	47800.6206055
batch	10140	valid_loss	47696.1425781
batch	10170	valid_loss	47698.0786133
batch	10200	valid_loss	47769.8339844
batch	10230	valid_loss	47674.9750977
batch	10260	valid_loss	47676.0551758
batch	10290	valid_loss	47751.8681641
batch	10320	valid_loss	47809.7304688
batch	10350	valid_loss	47813.5268555
batch	10380	valid_loss	47854.8867188
batch	10410	valid_loss	47645.2651367
batch	10440	valid_loss	47685.3222656
batch	10470	valid_loss	47657.8237305
batch	10500	valid_loss	47689.9150391
batch	10530	valid_loss	47755.2880859
batch	10560	valid_loss	47551.9936523
batch	10590	valid_loss	47748.4755859
batch	10620	valid_loss	47565.4399414
batch	10650	valid_loss	47665.2036133
batch	10680	valid_loss	47747.9931641
batch	10710	valid_loss	47678.4091797
batch	10740	valid_loss	47608.3222656
batch	10770	valid_loss	47488.3481445
batch	10800	valid_loss	47445.4418945
batch	10830	valid_loss	47569.3325195
batch	10860	valid_loss	47479.3598633
batch	10890	valid_loss	47518.4257812
batch	10920	valid_loss	47514.4614258
batch	10950	valid_loss	47554.940918
batch	10980	valid_loss	47654.7280273
batch	11010	valid_loss	47708.3730469
batch	11040	valid_loss	47506.9345703
batch	11070	valid_loss	47501.3242188
batch	11100	valid_loss	47523.1132812
batch	11130	valid_loss	47492.8417969
batch	11160	valid_loss	47528.8891602
batch	11190	valid_loss	47446.6298828
batch	11220	valid_loss	47566.425293
batch	11250	valid_loss	47418.1704102
batch	11280	valid_loss	47455.4145508
batch	11310	valid_loss	47525.4902344
batch	11340	valid_loss	47451.1689453
batch	11370	valid_loss	47529.1943359
batch	11400	valid_loss	47378.0776367
batch	11430	valid_loss	47445.4912109
batch	11460	valid_loss	47409.0888672
batch	11490	valid_loss	47417.409668
batch	11520	valid_loss	47414.6040039
batch	11550	valid_loss	47353.3190918
batch	11580	valid_loss	47382.4042969
batch	11610	valid_loss	47407.7182617
batch	11640	valid_loss	47395.7861328
batch	11670	valid_loss	47383.1435547
batch	11700	valid_loss	47264.5849609
batch	11730	valid_loss	47319.9440918
batch	11760	valid_loss	47386.8422852
batch	11790	valid_loss	47284.3825684
batch	11820	valid_loss	47283.5722656
batch	11850	valid_loss	47332.736084
batch	11880	valid_loss	47403.3686523
batch	11910	valid_loss	47406.90625
batch	11940	valid_loss	47408.0117188
batch	11970	valid_loss	47232.1696777
batch	12000	valid_loss	47306.6723633
batch	12030	valid_loss	47239.7961426
batch	12060	valid_loss	47295.1394043
batch	12090	valid_loss	47318.7932129
batch	12120	valid_loss	47157.4282227
batch	12150	valid_loss	47333.6364746
batch	12180	valid_loss	47221.4311523
batch	12210	valid_loss	47267.6135254
batch	12240	valid_loss	47285.0021973
batch	12270	valid_loss	47222.5930176
batch	12300	valid_loss	47223.0168457
batch	12330	valid_loss	47091.8835449
batch	12360	valid_loss	47091.3845215
batch	12390	valid_loss	47183.0427246
batch	12420	valid_loss	47084.3684082
batch	12450	valid_loss	47160.5651855
batch	12480	valid_loss	47100.0405273
batch	12510	valid_loss	47157.3989258
batch	12540	valid_loss	47222.4035645
batch	12570	valid_loss	47160.2536621
batch	12600	valid_loss	47117.2460938
batch	12630	valid_loss	47086.1364746
batch	12660	valid_loss	47055.7365723
batch	12690	valid_loss	47041.871582
batch	12720	valid_loss	47106.4978027
batch	12750	valid_loss	46987.1164551
batch	12780	valid_loss	47085.6557617
batch	12810	valid_loss	47047.2248535
batch	12840	valid_loss	47007.5610352
batch	12870	valid_loss	47055.015625
batch	12900	valid_loss	46989.1645508
batch	12930	valid_loss	47056.0979004
batch	12960	valid_loss	46973.8696289
batch	12990	valid_loss	47017.7150879
batch	13020	valid_loss	46948.1350098
batch	13050	valid_loss	46978.1352539
batch	13080	valid_loss	47011.6623535
batch	13110	valid_loss	46948.8950195
batch	13140	valid_loss	46981.407959
batch	13170	valid_loss	46985.2700195
batch	13200	valid_loss	46877.9318848
batch	13230	valid_loss	46954.2102051
batch	13260	valid_loss	46859.2316895
batch	13290	valid_loss	46904.4753418
batch	13320	valid_loss	46951.0270996
batch	13350	valid_loss	46850.1660156
batch	13380	valid_loss	46949.5549316
batch	13410	valid_loss	46860.267334
batch	13440	valid_loss	46984.1896973
batch	13470	valid_loss	47023.0412598
batch	13500	valid_loss	46900.0002441
batch	13530	valid_loss	46805.0251465
batch	13560	valid_loss	46897.3271484
batch	13590	valid_loss	46788.1384277
batch	13620	valid_loss	46775.5837402
batch	13650	valid_loss	46852.8056641
batch	13680	valid_loss	46743.7961426
batch	13710	valid_loss	46825.9824219
batch	13740	valid_loss	46820.0180664
batch	13770	valid_loss	46952.1809082
batch	13800	valid_loss	46734.6550293
batch	13830	valid_loss	46749.5771484
batch	13860	valid_loss	46785.0856934
batch	13890	valid_loss	46601.1921387
batch	13920	valid_loss	46706.3696289
batch	13950	valid_loss	46720.9536133
batch	13980	valid_loss	46643.1040039
batch	14010	valid_loss	46626.7814941
batch	14040	valid_loss	46717.2497559
batch	14070	valid_loss	46696.0847168
batch	14100	valid_loss	46717.5869141
batch	14130	valid_loss	46759.0783691
batch	14160	valid_loss	46643.5930176
batch	14190	valid_loss	46600.7258301
batch	14220	valid_loss	46652.3552246
batch	14250	valid_loss	46560.7253418
batch	14280	valid_loss	46641.0283203
batch	14310	valid_loss	46548.0625
batch	14340	valid_loss	46559.7543945
batch	14370	valid_loss	46657.8842773
batch	14400	valid_loss	46582.9145508
batch	14430	valid_loss	46632.7866211
batch	14460	valid_loss	46511.7028809
batch	14490	valid_loss	46640.0361328
batch	14520	valid_loss	46478.5185547
batch	14550	valid_loss	46573.748291
batch	14580	valid_loss	46481.6652832
batch	14610	valid_loss	46554.5844727
batch	14640	valid_loss	46610.1970215
batch	14670	valid_loss	46496.8862305
batch	14700	valid_loss	46518.0117188
batch	14730	valid_loss	46527.1582031
batch	14760	valid_loss	46467.3493652
batch	14790	valid_loss	46472.7902832
batch	14820	valid_loss	46425.1611328
batch	14850	valid_loss	46435.267334
batch	14880	valid_loss	46480.7651367
batch	14910	valid_loss	46408.4941406
batch	14940	valid_loss	46352.1503906
batch	14970	valid_loss	46375.4875488
batch	15000	valid_loss	46474.5231934
batch	15030	valid_loss	46410.1604004
batch	15060	valid_loss	46408.1665039
batch	15090	valid_loss	46319.7446289
batch	15120	valid_loss	46501.3320312
batch	15150	valid_loss	46318.3759766
batch	15180	valid_loss	46346.2214355
batch	15210	valid_loss	46408.1821289
batch	15240	valid_loss	46245.7114258
batch	15270	valid_loss	46330.7651367
batch	15300	valid_loss	46391.1342773
batch	15330	valid_loss	46334.9714355
batch	15360	valid_loss	46453.7666016
batch	15390	valid_loss	46334.859375
batch	15420	valid_loss	46250.7526855
batch	15450	valid_loss	46123.470459
batch	15480	valid_loss	46175.4887695
batch	15510	valid_loss	46234.4443359
batch	15540	valid_loss	46137.229248
batch	15570	valid_loss	46158.2861328
batch	15600	valid_loss	46222.3725586
batch	15630	valid_loss	46173.2822266
batch	15660	valid_loss	46222.3720703
batch	15690	valid_loss	46193.8300781
batch	15720	valid_loss	46144.2880859
batch	15750	valid_loss	46085.8063965
batch	15780	valid_loss	46157.0236816
batch	15810	valid_loss	46025.0788574
batch	15840	valid_loss	46148.105957
batch	15870	valid_loss	45986.5839844
batch	15900	valid_loss	46062.0083008
batch	15930	valid_loss	46126.0236816
batch	15960	valid_loss	46014.4521484
batch	15990	valid_loss	46196.8291016
batch	16020	valid_loss	45987.6755371
batch	16050	valid_loss	46079.3903809
batch	16080	valid_loss	45887.7385254
batch	16110	valid_loss	45961.0756836
batch	16140	valid_loss	46005.2844238
batch	16170	valid_loss	46011.4179688
batch	16200	valid_loss	45965.8991699
batch	16230	valid_loss	45883.0661621
batch	16260	valid_loss	45939.8601074
batch	16290	valid_loss	45937.543457
batch	16320	valid_loss	45816.1994629
batch	16350	valid_loss	45845.8222656
batch	16380	valid_loss	45803.6662598
batch	16410	valid_loss	45772.3361816
batch	16440	valid_loss	45891.2578125
batch	16470	valid_loss	45772.9960938
batch	16500	valid_loss	45737.276123
batch	16530	valid_loss	45711.6982422
batch	16560	valid_loss	45747.751709
batch	16590	valid_loss	45751.8762207
batch	16620	valid_loss	45709.447998
batch	16650	valid_loss	45661.404541
batch	16680	valid_loss	45804.7128906
batch	16710	valid_loss	45646.4694824
batch	16740	valid_loss	45640.776123
batch	16770	valid_loss	45610.4277344
batch	16800	valid_loss	45566.3684082
batch	16830	valid_loss	45615.2023926
batch	16860	valid_loss	45572.5507812
batch	16890	valid_loss	45565.9118652
batch	16920	valid_loss	45779.9052734
batch	16950	valid_loss	45524.2260742
batch	16980	valid_loss	45477.0385742
batch	17010	valid_loss	45357.157959
batch	17040	valid_loss	45418.612793
batch	17070	valid_loss	45425.9279785
batch	17100	valid_loss	45402.236084
batch	17130	valid_loss	45463.5280762
batch	17160	valid_loss	45364.0603027
batch	17190	valid_loss	45388.7338867
batch	17220	valid_loss	45396.0292969
batch	17250	valid_loss	45355.9433594
batch	17280	valid_loss	45321.206543
batch	17310	valid_loss	45219.0700684
batch	17340	valid_loss	45289.3674316
batch	17370	valid_loss	45198.7666016
batch	17400	valid_loss	45253.2919922
batch	17430	valid_loss	45142.6530762
batch	17460	valid_loss	45204.2634277
batch	17490	valid_loss	45314.3322754
batch	17520	valid_loss	45162.2895508
batch	17550	valid_loss	45384.3491211
batch	17580	valid_loss	45072.829834
batch	17610	valid_loss	45154.0878906
batch	17640	valid_loss	44970.9458008
batch	17670	valid_loss	44996.2041016
batch	17700	valid_loss	45048.0695801
batch	17730	valid_loss	45031.6953125
batch	17760	valid_loss	45004.7788086
batch	17790	valid_loss	44909.9519043
batch	17820	valid_loss	44933.4797363
batch	17850	valid_loss	44972.3527832
batch	17880	valid_loss	44821.3850098
batch	17910	valid_loss	44837.4362793
batch	17940	valid_loss	44783.8652344
batch	17970	valid_loss	44756.1306152
batch	18000	valid_loss	44864.2600098
batch	18030	valid_loss	44740.5600586
batch	18060	valid_loss	44748.8232422
batch	18090	valid_loss	44677.9614258
batch	18120	valid_loss	44714.9287109
batch	18150	valid_loss	44698.1130371
batch	18180	valid_loss	44686.4123535
batch	18210	valid_loss	44588.0532227
batch	18240	valid_loss	44707.0087891
batch	18270	valid_loss	44554.5581055
batch	18300	valid_loss	44514.7929688
batch	18330	valid_loss	44505.0393066
batch	18360	valid_loss	44414.8798828
batch	18390	valid_loss	44468.4206543
batch	18420	valid_loss	44399.7543945
batch	18450	valid_loss	44433.0559082
batch	18480	valid_loss	44389.907959
batch	18510	valid_loss	44314.6574707
batch	18540	valid_loss	44316.3361816
batch	18570	valid_loss	44181.456543
batch	18600	valid_loss	44213.9367676
batch	18630	valid_loss	44257.7368164
batch	18660	valid_loss	44233.6835938
batch	18690	valid_loss	44277.3049316
batch	18720	valid_loss	44145.8823242
batch	18750	valid_loss	44151.2556152
batch	18780	valid_loss	44201.4160156
batch	18810	valid_loss	44117.2077637
batch	18840	valid_loss	44117.2160645
batch	18870	valid_loss	43957.0888672
batch	18900	valid_loss	44031.2753906
batch	18930	valid_loss	43937.3991699
batch	18960	valid_loss	43969.3554688
batch	18990	valid_loss	43870.2617188
batch	19020	valid_loss	43938.4211426
batch	19050	valid_loss	44060.5864258
batch	19080	valid_loss	43873.7175293
batch	19110	valid_loss	43962.2224121
batch	19140	valid_loss	43786.4160156
batch	19170	valid_loss	43795.3442383
batch	19200	valid_loss	43684.4604492
batch	19230	valid_loss	43645.7954102
batch	19260	valid_loss	43663.2976074
batch	19290	valid_loss	43724.4404297
batch	19320	valid_loss	43669.265625
batch	19350	valid_loss	43576.432373
batch	19380	valid_loss	43590.9511719
batch	19410	valid_loss	43619.8054199
batch	19440	valid_loss	43464.2600098
batch	19470	valid_loss	43521.2675781
batch	19500	valid_loss	43433.4665527
batch	19530	valid_loss	43470.6486816
batch	19560	valid_loss	43489.904541
batch	19590	valid_loss	43435.470459
batch	19620	valid_loss	43357.7783203
batch	19650	valid_loss	43290.8137207
batch	19680	valid_loss	43391.9838867
batch	19710	valid_loss	43358.1430664
batch	19740	valid_loss	43286.9089355
batch	19770	valid_loss	43213.8674316
batch	19800	valid_loss	43287.8237305
batch	19830	valid_loss	43173.3081055
batch	19860	valid_loss	43177.1889648
batch	19890	valid_loss	43144.4118652
batch	19920	valid_loss	43047.746582
batch	19950	valid_loss	43111.1535645
batch	19980	valid_loss	43044.7675781
batch	20010	valid_loss	43075.3520508
batch	20040	valid_loss	43008.9284668
batch	20070	valid_loss	42927.4848633
batch	20100	valid_loss	42920.2587891
batch	20130	valid_loss	42834.927002
batch	20160	valid_loss	42825.6257324
batch	20190	valid_loss	42927.7612305
batch	20220	valid_loss	42883.4775391
batch	20250	valid_loss	42783.2814941
batch	20280	valid_loss	42758.0922852
batch	20310	valid_loss	42732.3066406
batch	20340	valid_loss	42774.932373
batch	20370	valid_loss	42760.0681152
batch	20400	valid_loss	42729.1679688
batch	20430	valid_loss	42588.5944824
batch	20460	valid_loss	42678.1276855
batch	20490	valid_loss	42599.0498047
batch	20520	valid_loss	42588.5888672
batch	20550	valid_loss	42512.5043945
batch	20580	valid_loss	42497.854248
batch	20610	valid_loss	42532.5368652
batch	20640	valid_loss	42493.9985352
batch	20670	valid_loss	42474.0002441
batch	20700	valid_loss	42411.597168
batch	20730	valid_loss	42449.7246094
batch	20760	valid_loss	42314.1611328
batch	20790	valid_loss	42258.4462891
batch	20820	valid_loss	42276.1096191
batch	20850	valid_loss	42469.5151367
batch	20880	valid_loss	42314.6306152
batch	20910	valid_loss	42268.9343262
batch	20940	valid_loss	42226.8710938
batch	20970	valid_loss	42236.3339844
batch	21000	valid_loss	42172.9934082
batch	21030	valid_loss	42118.0527344
batch	21060	valid_loss	42318.4008789
batch	21090	valid_loss	42053.2463379
batch	21120	valid_loss	42143.4660645
batch	21150	valid_loss	42151.0910645
batch	21180	valid_loss	41908.5949707
batch	21210	valid_loss	42012.1621094
batch	21240	valid_loss	42041.1176758
batch	21270	valid_loss	42041.4733887
batch	21300	valid_loss	41949.0471191
batch	21330	valid_loss	41901.9575195
batch	21360	valid_loss	41997.612793
batch	21390	valid_loss	41899.065918
batch	21420	valid_loss	41853.3034668
batch	21450	valid_loss	41809.7539062
batch	21480	valid_loss	41757.739502
batch	21510	valid_loss	41799.1428223
batch	21540	valid_loss	41754.5410156
batch	21570	valid_loss	41774.0732422
batch	21600	valid_loss	41627.2194824
batch	21630	valid_loss	41643.3317871
batch	21660	valid_loss	41586.2893066
batch	21690	valid_loss	41565.3615723
batch	21720	valid_loss	41487.1313477
batch	21750	valid_loss	41545.9938965
batch	21780	valid_loss	41690.9055176
batch	21810	valid_loss	41473.9780273
batch	21840	valid_loss	41537.1455078
batch	21870	valid_loss	41460.0163574
batch	21900	valid_loss	41475.2661133
batch	21930	valid_loss	41530.4216309
batch	21960	valid_loss	41512.1733398
batch	21990	valid_loss	41561.5214844
batch	22020	valid_loss	41302.2631836
batch	22050	valid_loss	41329.4367676
batch	22080	valid_loss	41335.1333008
batch	22110	valid_loss	41228.3461914
batch	22140	valid_loss	41258.9990234
batch	22170	valid_loss	41314.6899414
batch	22200	valid_loss	41276.7766113
batch	22230	valid_loss	41286.0117188
batch	22260	valid_loss	41231.9135742
batch	22290	valid_loss	41184.010498
batch	22320	valid_loss	41065.2316895
batch	22350	valid_loss	41040.6057129
batch	22380	valid_loss	41052.3503418
batch	22410	valid_loss	41253.6787109
batch	22440	valid_loss	41077.815918
batch	22470	valid_loss	41034.8242188
batch	22500	valid_loss	41013.7038574
batch	22530	valid_loss	40971.3952637
batch	22560	valid_loss	40996.2294922
batch	22590	valid_loss	40963.8945312
batch	22620	valid_loss	41105.9143066
batch	22650	valid_loss	40856.9040527
batch	22680	valid_loss	40957.7475586
batch	22710	valid_loss	40986.0209961
batch	22740	valid_loss	40784.8276367
batch	22770	valid_loss	40707.7751465
batch	22800	valid_loss	40898.1999512
batch	22830	valid_loss	40866.8271484
batch	22860	valid_loss	40788.9926758
batch	22890	valid_loss	40742.4101562
batch	22920	valid_loss	40765.6022949
batch	22950	valid_loss	40689.4121094
batch	22980	valid_loss	40693.2094727
batch	23010	valid_loss	40703.8208008
batch	23040	valid_loss	40605.7121582
batch	23070	valid_loss	40686.515625
batch	23100	valid_loss	40665.3266602
batch	23130	valid_loss	40669.8395996
batch	23160	valid_loss	40541.4533691
batch	23190	valid_loss	40522.1774902
batch	23220	valid_loss	40510.2727051
batch	23250	valid_loss	40427.8552246
batch	23280	valid_loss	40386.0529785
batch	23310	valid_loss	40460.6577148
batch	23340	valid_loss	40712.0771484
batch	23370	valid_loss	40383.6936035
batch	23400	valid_loss	40414.5380859
batch	23430	valid_loss	40386.9985352
batch	23460	valid_loss	40361.6245117
batch	23490	valid_loss	40512.1164551
batch	23520	valid_loss	40370.9780273
batch	23550	valid_loss	40279.5224609
batch	23580	valid_loss	40353.1889648
batch	23610	valid_loss	40273.5393066
batch	23640	valid_loss	40252.0876465
batch	23670	valid_loss	40158.1547852
batch	23700	valid_loss	40221.8947754
batch	23730	valid_loss	40265.2385254
batch	23760	valid_loss	40231.1564941
batch	23790	valid_loss	40288.0932617
batch	23820	valid_loss	40157.2646484
batch	23850	valid_loss	40153.0273438
batch	23880	valid_loss	40038.2634277
batch	23910	valid_loss	40009.78125
batch	23940	valid_loss	40103.5327148
batch	23970	valid_loss	40219.453125
batch	24000	valid_loss	40074.3703613
batch	24030	valid_loss	40025.6433105
batch	24060	valid_loss	40034.9960938
batch	24090	valid_loss	39949.8583984
batch	24120	valid_loss	39978.8027344
batch	24150	valid_loss	39924.6044922
batch	24180	valid_loss	39905.8212891
batch	24210	valid_loss	39870.5014648
batch	24240	valid_loss	39917.9763184
batch	24270	valid_loss	40042.590332
batch	24300	valid_loss	39720.8200684
batch	24330	valid_loss	39729.5942383
batch	24360	valid_loss	39914.958252
batch	24390	valid_loss	39918.1818848
batch	24420	valid_loss	39802.9257812
batch	24450	valid_loss	39748.2026367
batch	24480	valid_loss	39774.2338867
batch	24510	valid_loss	39726.0368652
batch	24540	valid_loss	39694.8991699
batch	24570	valid_loss	39747.0773926
batch	24600	valid_loss	39650.786377
batch	24630	valid_loss	39717.0310059
batch	24660	valid_loss	39673.4245605
batch	24690	valid_loss	39695.0717773
batch	24720	valid_loss	39579.3674316
batch	24750	valid_loss	39589.1352539
batch	24780	valid_loss	39599.7978516
batch	24810	valid_loss	39515.7172852
batch	24840	valid_loss	39472.9111328
batch	24870	valid_loss	39533.8508301
batch	24900	valid_loss	39799.3632812
batch	24930	valid_loss	39460.9455566
batch	24960	valid_loss	39470.130127
batch	24990	valid_loss	39432.6337891
STOP
