START
config	820	420	60	420	820	960
batch	0	valid_loss	5661088.3125
batch	30	valid_loss	168701.069336
batch	60	valid_loss	122630.914062
batch	90	valid_loss	120594.597656
batch	120	valid_loss	120494.500977
batch	150	valid_loss	120492.134766
batch	180	valid_loss	120584.232422
batch	210	valid_loss	120666.634766
batch	240	valid_loss	120541.610352
batch	270	valid_loss	120583.886719
batch	300	valid_loss	120576.347656
batch	330	valid_loss	120536.053711
batch	360	valid_loss	120458.106445
batch	390	valid_loss	120283.366211
batch	420	valid_loss	120064.074219
batch	450	valid_loss	119397.564453
batch	480	valid_loss	117810.682617
batch	510	valid_loss	115212.279297
batch	540	valid_loss	112615.225586
batch	570	valid_loss	111364.233398
batch	600	valid_loss	110595.276367
batch	630	valid_loss	110220.955078
batch	660	valid_loss	110020.844727
batch	690	valid_loss	109773.742188
batch	720	valid_loss	109446.632812
batch	750	valid_loss	109189.802734
batch	780	valid_loss	108900.931641
batch	810	valid_loss	108398.449219
batch	840	valid_loss	108110.796875
batch	870	valid_loss	107693.018555
batch	900	valid_loss	107398.836914
batch	930	valid_loss	107091.150391
batch	960	valid_loss	106996.572266
batch	990	valid_loss	106924.748047
batch	1020	valid_loss	106684.134766
batch	1050	valid_loss	106517.356445
batch	1080	valid_loss	106404.256836
batch	1110	valid_loss	106188.743164
batch	1140	valid_loss	106078.922852
batch	1170	valid_loss	105909.607422
batch	1200	valid_loss	105693.985352
batch	1230	valid_loss	105487.356445
batch	1260	valid_loss	105364.977539
batch	1290	valid_loss	105320.53125
batch	1320	valid_loss	105155.545898
batch	1350	valid_loss	105071.75293
batch	1380	valid_loss	105037.636719
batch	1410	valid_loss	104844.125
batch	1440	valid_loss	104606.242188
batch	1470	valid_loss	104605.9375
batch	1500	valid_loss	104498.926758
batch	1530	valid_loss	104326.15332
batch	1560	valid_loss	103945.251953
batch	1590	valid_loss	103793.080078
batch	1620	valid_loss	103434.333984
batch	1650	valid_loss	102995.87793
batch	1680	valid_loss	102637.657227
batch	1710	valid_loss	102267.831055
batch	1740	valid_loss	101862.556641
batch	1770	valid_loss	101629.985352
batch	1800	valid_loss	101311.693359
batch	1830	valid_loss	100929.046875
batch	1860	valid_loss	100545.211914
batch	1890	valid_loss	100165.334961
batch	1920	valid_loss	99724.7509766
batch	1950	valid_loss	99259.5722656
batch	1980	valid_loss	98973.3691406
batch	2010	valid_loss	98636.8564453
batch	2040	valid_loss	98415.1210938
batch	2070	valid_loss	98129.7880859
batch	2100	valid_loss	97898.9746094
batch	2130	valid_loss	97727.9335938
batch	2160	valid_loss	97493.6689453
batch	2190	valid_loss	97180.8271484
batch	2220	valid_loss	96910.5087891
batch	2250	valid_loss	96845.5791016
batch	2280	valid_loss	96404.0078125
batch	2310	valid_loss	96194.8076172
batch	2340	valid_loss	95975.2558594
batch	2370	valid_loss	96056.6083984
batch	2400	valid_loss	95319.0205078
batch	2430	valid_loss	95098.9541016
batch	2460	valid_loss	94548.2578125
batch	2490	valid_loss	94263.0878906
batch	2520	valid_loss	94216.4941406
batch	2550	valid_loss	93548.1591797
batch	2580	valid_loss	93621.5927734
batch	2610	valid_loss	92982.0883789
batch	2640	valid_loss	93182.4423828
batch	2670	valid_loss	92370.7729492
batch	2700	valid_loss	92358.5112305
batch	2730	valid_loss	92036.4589844
batch	2760	valid_loss	91760.2456055
batch	2790	valid_loss	91752.1064453
batch	2820	valid_loss	91403.2006836
batch	2850	valid_loss	92203.5810547
batch	2880	valid_loss	91022.4145508
batch	2910	valid_loss	90686.8671875
batch	2940	valid_loss	90639.1196289
batch	2970	valid_loss	90352.7421875
batch	3000	valid_loss	90199.2124023
batch	3030	valid_loss	90082.3500977
batch	3060	valid_loss	89820.9614258
batch	3090	valid_loss	90782.0483398
batch	3120	valid_loss	89423.2802734
batch	3150	valid_loss	89164.5737305
batch	3180	valid_loss	89056.8901367
batch	3210	valid_loss	89199.6313477
batch	3240	valid_loss	88835.9145508
batch	3270	valid_loss	88561.0253906
batch	3300	valid_loss	88192.7504883
batch	3330	valid_loss	88107.3652344
batch	3360	valid_loss	88203.1171875
batch	3390	valid_loss	88057.2255859
batch	3420	valid_loss	87531.9047852
batch	3450	valid_loss	87810.0981445
batch	3480	valid_loss	87478.90625
batch	3510	valid_loss	87137.6499023
batch	3540	valid_loss	86969.7895508
batch	3570	valid_loss	86792.5078125
batch	3600	valid_loss	86774.8334961
batch	3630	valid_loss	86312.71875
batch	3660	valid_loss	86489.5385742
batch	3690	valid_loss	86064.0737305
batch	3720	valid_loss	86669.4458008
batch	3750	valid_loss	86029.1772461
batch	3780	valid_loss	85814.8686523
batch	3810	valid_loss	85501.3417969
batch	3840	valid_loss	85551.0908203
batch	3870	valid_loss	85095.3764648
batch	3900	valid_loss	85274.2773438
batch	3930	valid_loss	85568.4243164
batch	3960	valid_loss	84789.4106445
batch	3990	valid_loss	84917.2587891
batch	4020	valid_loss	84512.40625
batch	4050	valid_loss	84432.3549805
batch	4080	valid_loss	84302.3730469
batch	4110	valid_loss	84208.3500977
batch	4140	valid_loss	84008.5712891
batch	4170	valid_loss	84215.8349609
batch	4200	valid_loss	83915.1196289
batch	4230	valid_loss	83766.4848633
batch	4260	valid_loss	83783.2749023
batch	4290	valid_loss	83770.53125
batch	4320	valid_loss	86166.2016602
batch	4350	valid_loss	83292.0195312
batch	4380	valid_loss	83291.7514648
batch	4410	valid_loss	83138.8916016
batch	4440	valid_loss	83148.5908203
batch	4470	valid_loss	82969.0517578
batch	4500	valid_loss	85772.0742188
batch	4530	valid_loss	82795.8388672
batch	4560	valid_loss	82652.6855469
batch	4590	valid_loss	82874.9038086
batch	4620	valid_loss	82662.4853516
batch	4650	valid_loss	82523.7290039
batch	4680	valid_loss	83215.9755859
batch	4710	valid_loss	82271.3115234
batch	4740	valid_loss	82207.894043
batch	4770	valid_loss	82263.6499023
batch	4800	valid_loss	82271.4399414
batch	4830	valid_loss	82726.1640625
batch	4860	valid_loss	81963.9702148
batch	4890	valid_loss	81816.4506836
batch	4920	valid_loss	81783.9570312
batch	4950	valid_loss	81799.8769531
batch	4980	valid_loss	81562.3017578
batch	5010	valid_loss	81757.3051758
batch	5040	valid_loss	82431.0209961
batch	5070	valid_loss	81202.7143555
batch	5100	valid_loss	82855.8842773
batch	5130	valid_loss	81328.1342773
batch	5160	valid_loss	81030.8769531
batch	5190	valid_loss	80952.7319336
batch	5220	valid_loss	81076.4829102
batch	5250	valid_loss	80788.1225586
batch	5280	valid_loss	80839.8574219
batch	5310	valid_loss	81325.6391602
batch	5340	valid_loss	80739.4946289
batch	5370	valid_loss	80447.0693359
batch	5400	valid_loss	80907.65625
batch	5430	valid_loss	80499.9384766
batch	5460	valid_loss	80296.4204102
batch	5490	valid_loss	80252.2626953
batch	5520	valid_loss	80056.8837891
batch	5550	valid_loss	80298.7324219
batch	5580	valid_loss	79960.9335938
batch	5610	valid_loss	79879.3725586
batch	5640	valid_loss	79909.9526367
batch	5670	valid_loss	80006.1518555
batch	5700	valid_loss	79636.9213867
batch	5730	valid_loss	79557.074707
batch	5760	valid_loss	79544.0795898
batch	5790	valid_loss	79371.3486328
batch	5820	valid_loss	79338.7270508
batch	5850	valid_loss	79333.2509766
batch	5880	valid_loss	79088.3847656
batch	5910	valid_loss	80172.8041992
batch	5940	valid_loss	79041.0703125
batch	5970	valid_loss	78855.0092773
batch	6000	valid_loss	78743.2045898
batch	6030	valid_loss	78701.1918945
batch	6060	valid_loss	78667.9370117
batch	6090	valid_loss	78770.9902344
batch	6120	valid_loss	78520.8544922
batch	6150	valid_loss	78526.9633789
batch	6180	valid_loss	81526.3032227
batch	6210	valid_loss	78471.690918
batch	6240	valid_loss	78179.409668
batch	6270	valid_loss	78089.9448242
batch	6300	valid_loss	78273.8896484
batch	6330	valid_loss	78221.2763672
batch	6360	valid_loss	78156.2338867
batch	6390	valid_loss	77771.0766602
batch	6420	valid_loss	77659.1645508
batch	6450	valid_loss	78184.3950195
batch	6480	valid_loss	77549.9594727
batch	6510	valid_loss	78624.1235352
batch	6540	valid_loss	77389.7475586
batch	6570	valid_loss	77326.3530273
batch	6600	valid_loss	77223.4663086
batch	6630	valid_loss	77181.003418
batch	6660	valid_loss	77125.3959961
batch	6690	valid_loss	77302.5874023
batch	6720	valid_loss	77132.9155273
batch	6750	valid_loss	77351.9174805
batch	6780	valid_loss	77086.8828125
batch	6810	valid_loss	76821.1123047
batch	6840	valid_loss	77090.6860352
batch	6870	valid_loss	76642.6513672
batch	6900	valid_loss	76570.8862305
batch	6930	valid_loss	77042.5161133
batch	6960	valid_loss	76435.2387695
batch	6990	valid_loss	76289.940918
batch	7020	valid_loss	76237.5712891
batch	7050	valid_loss	76171.6831055
batch	7080	valid_loss	77451.4682617
batch	7110	valid_loss	76089.3305664
batch	7140	valid_loss	76859.7705078
batch	7170	valid_loss	75859.8076172
batch	7200	valid_loss	75945.3706055
batch	7230	valid_loss	75943.7260742
batch	7260	valid_loss	75722.8417969
batch	7290	valid_loss	75599.6040039
batch	7320	valid_loss	78285.6132812
batch	7350	valid_loss	75465.1508789
batch	7380	valid_loss	75425.878418
batch	7410	valid_loss	75262.1552734
batch	7440	valid_loss	77962.1499023
batch	7470	valid_loss	75367.0541992
batch	7500	valid_loss	75137.5908203
batch	7530	valid_loss	74952.2397461
batch	7560	valid_loss	74931.5849609
batch	7590	valid_loss	74830.2871094
batch	7620	valid_loss	74783.9672852
batch	7650	valid_loss	74715.7495117
batch	7680	valid_loss	74592.5131836
batch	7710	valid_loss	74728.0742188
batch	7740	valid_loss	74640.9775391
batch	7770	valid_loss	74596.5791016
batch	7800	valid_loss	75754.3193359
batch	7830	valid_loss	74304.3647461
batch	7860	valid_loss	74389.7519531
batch	7890	valid_loss	74205.284668
batch	7920	valid_loss	74338.5283203
batch	7950	valid_loss	74823.559082
batch	7980	valid_loss	74266.9433594
batch	8010	valid_loss	74829.0014648
batch	8040	valid_loss	74016.8056641
batch	8070	valid_loss	73938.5498047
batch	8100	valid_loss	74078.3583984
batch	8130	valid_loss	74712.3476562
batch	8160	valid_loss	74057.6811523
batch	8190	valid_loss	73821.4023438
batch	8220	valid_loss	73711.7509766
batch	8250	valid_loss	73614.0332031
batch	8280	valid_loss	73479.8686523
batch	8310	valid_loss	73716.347168
batch	8340	valid_loss	73382.3217773
batch	8370	valid_loss	73414.0361328
batch	8400	valid_loss	75355.1108398
batch	8430	valid_loss	73243.8071289
batch	8460	valid_loss	73227.9492188
batch	8490	valid_loss	73608.203125
batch	8520	valid_loss	73373.2158203
batch	8550	valid_loss	73009.1513672
batch	8580	valid_loss	73764.7797852
batch	8610	valid_loss	72933.9946289
batch	8640	valid_loss	72864.2973633
batch	8670	valid_loss	72859.9462891
batch	8700	valid_loss	72898.1000977
batch	8730	valid_loss	72680.3144531
batch	8760	valid_loss	72712.2148438
batch	8790	valid_loss	73531.9697266
batch	8820	valid_loss	72480.4672852
batch	8850	valid_loss	72731.4614258
batch	8880	valid_loss	72308.4301758
batch	8910	valid_loss	72515.5151367
batch	8940	valid_loss	72388.3901367
batch	8970	valid_loss	72645.1489258
batch	9000	valid_loss	72046.9003906
batch	9030	valid_loss	71968.1362305
batch	9060	valid_loss	72099.3447266
batch	9090	valid_loss	71901.3081055
batch	9120	valid_loss	71825.6376953
batch	9150	valid_loss	72277.3354492
batch	9180	valid_loss	71897.6494141
batch	9210	valid_loss	71769.7358398
batch	9240	valid_loss	71919.4174805
batch	9270	valid_loss	71647.4624023
batch	9300	valid_loss	72242.1098633
batch	9330	valid_loss	71569.6289062
batch	9360	valid_loss	71750.3818359
batch	9390	valid_loss	71567.9267578
batch	9420	valid_loss	71770.3657227
batch	9450	valid_loss	72054.1030273
batch	9480	valid_loss	71248.8603516
batch	9510	valid_loss	71866.1884766
batch	9540	valid_loss	71074.9848633
batch	9570	valid_loss	71243.5419922
batch	9600	valid_loss	71140.6123047
batch	9630	valid_loss	71533.9316406
batch	9660	valid_loss	70947.0830078
batch	9690	valid_loss	72712.8476562
batch	9720	valid_loss	70910.0649414
batch	9750	valid_loss	70919.9643555
batch	9780	valid_loss	70840.4453125
batch	9810	valid_loss	71131.7631836
batch	9840	valid_loss	70616.6469727
batch	9870	valid_loss	70663.5078125
batch	9900	valid_loss	70590.7070312
batch	9930	valid_loss	70908.6660156
batch	9960	valid_loss	70611.6362305
batch	9990	valid_loss	70543.0366211
batch	10020	valid_loss	70889.574707
batch	10050	valid_loss	70244.6938477
batch	10080	valid_loss	70791.1308594
batch	10110	valid_loss	70338.8706055
batch	10140	valid_loss	70818.4257812
batch	10170	valid_loss	70011.6958008
batch	10200	valid_loss	70140.0463867
batch	10230	valid_loss	70158.9306641
batch	10260	valid_loss	70087.7485352
batch	10290	valid_loss	69913.7211914
batch	10320	valid_loss	70266.2636719
batch	10350	valid_loss	69668.480957
batch	10380	valid_loss	69548.2285156
batch	10410	valid_loss	69630.8911133
batch	10440	valid_loss	69518.3818359
batch	10470	valid_loss	69421.515625
batch	10500	valid_loss	69348.8764648
batch	10530	valid_loss	69289.1982422
batch	10560	valid_loss	69373.2260742
batch	10590	valid_loss	69261.1206055
batch	10620	valid_loss	69922.8447266
batch	10650	valid_loss	69182.6411133
batch	10680	valid_loss	68955.8720703
batch	10710	valid_loss	69790.6411133
batch	10740	valid_loss	68825.0976562
batch	10770	valid_loss	68918.2744141
batch	10800	valid_loss	68656.0727539
batch	10830	valid_loss	68956.1845703
batch	10860	valid_loss	69793.1298828
batch	10890	valid_loss	68524.5258789
batch	10920	valid_loss	68573.7753906
batch	10950	valid_loss	70474.5800781
batch	10980	valid_loss	69328.6733398
batch	11010	valid_loss	68293.8222656
batch	11040	valid_loss	68212.0170898
batch	11070	valid_loss	68779.3027344
batch	11100	valid_loss	68060.8334961
batch	11130	valid_loss	68259.9204102
batch	11160	valid_loss	69300.2758789
batch	11190	valid_loss	68078.6347656
batch	11220	valid_loss	67870.0668945
batch	11250	valid_loss	68211.3017578
batch	11280	valid_loss	67705.8481445
batch	11310	valid_loss	68331.5366211
batch	11340	valid_loss	68411.387207
batch	11370	valid_loss	67558.9228516
batch	11400	valid_loss	67673.3710938
batch	11430	valid_loss	67376.1855469
batch	11460	valid_loss	67427.4707031
batch	11490	valid_loss	67870.4960938
batch	11520	valid_loss	67104.4575195
batch	11550	valid_loss	67156.2529297
batch	11580	valid_loss	67156.4365234
batch	11610	valid_loss	67364.6523438
batch	11640	valid_loss	67110.6777344
batch	11670	valid_loss	66759.7353516
batch	11700	valid_loss	67740.0688477
batch	11730	valid_loss	66626.4765625
batch	11760	valid_loss	66556.7114258
batch	11790	valid_loss	66697.9946289
batch	11820	valid_loss	66450.7983398
batch	11850	valid_loss	66383.7558594
batch	11880	valid_loss	66345.9438477
batch	11910	valid_loss	67555.2241211
batch	11940	valid_loss	66207.4462891
batch	11970	valid_loss	66024.8203125
batch	12000	valid_loss	66119.6015625
batch	12030	valid_loss	66047.9897461
batch	12060	valid_loss	65912.347168
batch	12090	valid_loss	65901.9150391
batch	12120	valid_loss	65674.7011719
batch	12150	valid_loss	65780.1669922
batch	12180	valid_loss	66241.6274414
batch	12210	valid_loss	65520.5927734
batch	12240	valid_loss	65451.0424805
batch	12270	valid_loss	65373.4594727
batch	12300	valid_loss	65293.1259766
batch	12330	valid_loss	65240.2954102
batch	12360	valid_loss	65128.4111328
batch	12390	valid_loss	65199.4760742
batch	12420	valid_loss	65654.1948242
batch	12450	valid_loss	64905.3486328
batch	12480	valid_loss	65419.4814453
batch	12510	valid_loss	65132.2983398
batch	12540	valid_loss	64782.8164062
batch	12570	valid_loss	64636.9379883
batch	12600	valid_loss	64633.0463867
batch	12630	valid_loss	65022.4907227
batch	12660	valid_loss	64398.7597656
batch	12690	valid_loss	64604.9663086
batch	12720	valid_loss	64459.1801758
batch	12750	valid_loss	64209.3085938
batch	12780	valid_loss	64075.5209961
batch	12810	valid_loss	64356.2128906
batch	12840	valid_loss	63920.3334961
batch	12870	valid_loss	64607.7724609
batch	12900	valid_loss	63983.4301758
batch	12930	valid_loss	63785.215332
batch	12960	valid_loss	63642.5131836
batch	12990	valid_loss	64010.3242188
batch	13020	valid_loss	63740.1430664
batch	13050	valid_loss	63413.1376953
batch	13080	valid_loss	63366.9594727
batch	13110	valid_loss	63288.7954102
batch	13140	valid_loss	63651.6586914
batch	13170	valid_loss	63182.4194336
batch	13200	valid_loss	63638.5205078
batch	13230	valid_loss	63643.3193359
batch	13260	valid_loss	62978.1191406
batch	13290	valid_loss	64716.003418
batch	13320	valid_loss	62768.1982422
batch	13350	valid_loss	62669.3432617
batch	13380	valid_loss	62693.074707
batch	13410	valid_loss	64214.4067383
batch	13440	valid_loss	63192.3217773
batch	13470	valid_loss	63335.8183594
batch	13500	valid_loss	62416.8657227
batch	13530	valid_loss	62579.5239258
batch	13560	valid_loss	62715.6269531
batch	13590	valid_loss	62205.9223633
batch	13620	valid_loss	62273.1640625
batch	13650	valid_loss	61972.0151367
batch	13680	valid_loss	67383.3583984
batch	13710	valid_loss	61989.7163086
batch	13740	valid_loss	61740.7128906
batch	13770	valid_loss	61746.765625
batch	13800	valid_loss	61649.8271484
batch	13830	valid_loss	61706.8955078
batch	13860	valid_loss	61518.6313477
batch	13890	valid_loss	61496.7768555
batch	13920	valid_loss	61430.1474609
batch	13950	valid_loss	61861.487793
batch	13980	valid_loss	61286.4042969
batch	14010	valid_loss	61406.4672852
batch	14040	valid_loss	61123.1308594
batch	14070	valid_loss	61036.9785156
batch	14100	valid_loss	61243.875
batch	14130	valid_loss	61339.59375
batch	14160	valid_loss	61087.5004883
batch	14190	valid_loss	61428.5307617
batch	14220	valid_loss	60617.546875
batch	14250	valid_loss	60653.8081055
batch	14280	valid_loss	60556.4633789
batch	14310	valid_loss	62277.4458008
batch	14340	valid_loss	60545.9970703
batch	14370	valid_loss	60378.0761719
batch	14400	valid_loss	61503.0546875
batch	14430	valid_loss	60547.7275391
batch	14460	valid_loss	60334.543457
batch	14490	valid_loss	60181.3798828
batch	14520	valid_loss	60115.355957
batch	14550	valid_loss	59955.7387695
batch	14580	valid_loss	60039.4936523
batch	14610	valid_loss	60612.8901367
batch	14640	valid_loss	59845.2460938
batch	14670	valid_loss	60080.8530273
batch	14700	valid_loss	59848.2788086
batch	14730	valid_loss	60112.3945312
batch	14760	valid_loss	59550.4936523
batch	14790	valid_loss	60457.0717773
batch	14820	valid_loss	59435.1904297
batch	14850	valid_loss	59324.9790039
batch	14880	valid_loss	59322.5205078
batch	14910	valid_loss	59248.0952148
batch	14940	valid_loss	59367.918457
batch	14970	valid_loss	58998.0634766
batch	15000	valid_loss	59209.3632812
batch	15030	valid_loss	59097.128418
batch	15060	valid_loss	58973.0556641
batch	15090	valid_loss	58746.6694336
batch	15120	valid_loss	59059.8725586
batch	15150	valid_loss	58792.7270508
batch	15180	valid_loss	58583.4311523
batch	15210	valid_loss	58912.5888672
batch	15240	valid_loss	58603.3725586
batch	15270	valid_loss	58905.5322266
batch	15300	valid_loss	58307.484375
batch	15330	valid_loss	58243.3823242
batch	15360	valid_loss	58188.6635742
batch	15390	valid_loss	58719.1875
batch	15420	valid_loss	58874.3242188
batch	15450	valid_loss	58310.6586914
batch	15480	valid_loss	58087.074707
batch	15510	valid_loss	58583.3461914
batch	15540	valid_loss	58154.0786133
batch	15570	valid_loss	57823.3608398
batch	15600	valid_loss	57611.3901367
batch	15630	valid_loss	58176.9443359
batch	15660	valid_loss	57528.3847656
batch	15690	valid_loss	58103.0517578
batch	15720	valid_loss	57549.6328125
batch	15750	valid_loss	57438.3510742
batch	15780	valid_loss	57231.7753906
batch	15810	valid_loss	57512.5678711
batch	15840	valid_loss	57333.0009766
batch	15870	valid_loss	57369.409668
batch	15900	valid_loss	57387.8007812
batch	15930	valid_loss	57030.1650391
batch	15960	valid_loss	57601.7099609
batch	15990	valid_loss	57047.2216797
batch	16020	valid_loss	56862.7382812
batch	16050	valid_loss	56930.9506836
batch	16080	valid_loss	56678.175293
batch	16110	valid_loss	56597.6757812
batch	16140	valid_loss	56749.6191406
batch	16170	valid_loss	56460.9863281
batch	16200	valid_loss	56497.7983398
batch	16230	valid_loss	56828.5893555
batch	16260	valid_loss	56620.2314453
batch	16290	valid_loss	56442.4609375
batch	16320	valid_loss	56398.7602539
batch	16350	valid_loss	56151.2529297
batch	16380	valid_loss	56103.659668
batch	16410	valid_loss	55962.3891602
batch	16440	valid_loss	55887.4570312
batch	16470	valid_loss	55875.5019531
batch	16500	valid_loss	56655.5737305
batch	16530	valid_loss	55600.3242188
batch	16560	valid_loss	55797.9663086
batch	16590	valid_loss	55592.0786133
batch	16620	valid_loss	55859.6147461
batch	16650	valid_loss	55469.6533203
batch	16680	valid_loss	55573.4814453
batch	16710	valid_loss	55679.4370117
batch	16740	valid_loss	55303.3330078
batch	16770	valid_loss	55285.359375
batch	16800	valid_loss	57521.0161133
batch	16830	valid_loss	55051.8735352
batch	16860	valid_loss	55318.1826172
batch	16890	valid_loss	56319.4638672
batch	16920	valid_loss	54865.2919922
batch	16950	valid_loss	54785.6958008
batch	16980	valid_loss	55991.2290039
batch	17010	valid_loss	55017.5068359
batch	17040	valid_loss	54685.8378906
batch	17070	valid_loss	54965.9995117
batch	17100	valid_loss	54500.9013672
batch	17130	valid_loss	55059.9819336
batch	17160	valid_loss	54696.7744141
batch	17190	valid_loss	54497.7871094
batch	17220	valid_loss	54301.4663086
batch	17250	valid_loss	54552.2456055
batch	17280	valid_loss	54466.4760742
batch	17310	valid_loss	54445.2592773
batch	17340	valid_loss	53987.0878906
batch	17370	valid_loss	54684.0888672
batch	17400	valid_loss	53841.1333008
batch	17430	valid_loss	53839.6298828
batch	17460	valid_loss	54944.3378906
batch	17490	valid_loss	54105.6884766
batch	17520	valid_loss	53611.2167969
batch	17550	valid_loss	53831.3691406
batch	17580	valid_loss	53701.0996094
batch	17610	valid_loss	53598.7719727
batch	17640	valid_loss	53457.9545898
batch	17670	valid_loss	53442.8896484
batch	17700	valid_loss	53373.4311523
batch	17730	valid_loss	53174.9868164
batch	17760	valid_loss	53385.3706055
batch	17790	valid_loss	53343.7626953
batch	17820	valid_loss	53003.1669922
batch	17850	valid_loss	53069.3837891
batch	17880	valid_loss	53019.4838867
batch	17910	valid_loss	52923.1328125
batch	17940	valid_loss	53352.722168
batch	17970	valid_loss	52853.9243164
batch	18000	valid_loss	53686.5014648
batch	18030	valid_loss	52610.0561523
batch	18060	valid_loss	52930.3735352
batch	18090	valid_loss	52808.109375
batch	18120	valid_loss	52523.2255859
batch	18150	valid_loss	52682.5302734
batch	18180	valid_loss	53049.5605469
batch	18210	valid_loss	52592.6884766
batch	18240	valid_loss	52254.0654297
batch	18270	valid_loss	52474.8964844
batch	18300	valid_loss	52146.7915039
batch	18330	valid_loss	52464.5078125
batch	18360	valid_loss	52186.8637695
batch	18390	valid_loss	52075.2871094
batch	18420	valid_loss	52380.6030273
batch	18450	valid_loss	51901.7719727
batch	18480	valid_loss	51839.0166016
batch	18510	valid_loss	51855.2768555
batch	18540	valid_loss	52435.703125
batch	18570	valid_loss	51686.7895508
batch	18600	valid_loss	51725.737793
batch	18630	valid_loss	52448.9941406
batch	18660	valid_loss	51530.2958984
batch	18690	valid_loss	51576.9667969
batch	18720	valid_loss	51534.3222656
batch	18750	valid_loss	55538.2724609
batch	18780	valid_loss	51760.3305664
batch	18810	valid_loss	51291.3891602
batch	18840	valid_loss	51305.2119141
batch	18870	valid_loss	51244.1557617
batch	18900	valid_loss	51223.6000977
batch	18930	valid_loss	51108.7202148
batch	18960	valid_loss	50986.4672852
batch	18990	valid_loss	51056.0107422
batch	19020	valid_loss	50982.5761719
batch	19050	valid_loss	50848.2089844
batch	19080	valid_loss	51664.2241211
batch	19110	valid_loss	51152.1489258
batch	19140	valid_loss	50724.9384766
batch	19170	valid_loss	51890.9091797
batch	19200	valid_loss	50653.3076172
batch	19230	valid_loss	50614.2246094
batch	19260	valid_loss	50732.0009766
batch	19290	valid_loss	50538.6650391
batch	19320	valid_loss	50539.6796875
batch	19350	valid_loss	50339.2250977
batch	19380	valid_loss	51839.7993164
batch	19410	valid_loss	50394.8920898
batch	19440	valid_loss	50173.9868164
batch	19470	valid_loss	50229.3188477
batch	19500	valid_loss	50230.4506836
batch	19530	valid_loss	49994.2270508
batch	19560	valid_loss	50114.5947266
batch	19590	valid_loss	50246.5410156
batch	19620	valid_loss	50644.9868164
batch	19650	valid_loss	50185.1669922
batch	19680	valid_loss	50545.859375
batch	19710	valid_loss	50228.0610352
batch	19740	valid_loss	49930.3447266
batch	19770	valid_loss	49682.546875
batch	19800	valid_loss	49610.0527344
batch	19830	valid_loss	49617.8525391
batch	19860	valid_loss	49515.9838867
batch	19890	valid_loss	49431.1713867
batch	19920	valid_loss	50291.0957031
batch	19950	valid_loss	49685.1303711
batch	19980	valid_loss	49533.0947266
batch	20010	valid_loss	49427.3398438
batch	20040	valid_loss	49249.3310547
batch	20070	valid_loss	49507.6958008
batch	20100	valid_loss	49195.065918
batch	20130	valid_loss	49062.7670898
batch	20160	valid_loss	49135.5175781
batch	20190	valid_loss	49294.8520508
batch	20220	valid_loss	49020.4536133
batch	20250	valid_loss	49456.7109375
batch	20280	valid_loss	48783.1694336
batch	20310	valid_loss	48755.6015625
batch	20340	valid_loss	48709.6875
batch	20370	valid_loss	48686.6069336
batch	20400	valid_loss	48648.2587891
batch	20430	valid_loss	48968.6796875
batch	20460	valid_loss	48470.1176758
batch	20490	valid_loss	48948.0942383
batch	20520	valid_loss	48648.7236328
batch	20550	valid_loss	48419.1992188
batch	20580	valid_loss	48549.7802734
batch	20610	valid_loss	49186.6953125
batch	20640	valid_loss	48225.2729492
batch	20670	valid_loss	48655.7758789
batch	20700	valid_loss	48125.3520508
batch	20730	valid_loss	48345.7514648
batch	20760	valid_loss	48431.7255859
batch	20790	valid_loss	48291.3613281
batch	20820	valid_loss	48020.4350586
batch	20850	valid_loss	47955.8789062
batch	20880	valid_loss	47863.8007812
batch	20910	valid_loss	47882.8696289
batch	20940	valid_loss	47963.4765625
batch	20970	valid_loss	47803.5576172
batch	21000	valid_loss	47713.3999023
batch	21030	valid_loss	47702.112793
batch	21060	valid_loss	47785.5209961
batch	21090	valid_loss	47458.4838867
batch	21120	valid_loss	47439.3261719
batch	21150	valid_loss	47475.9375
batch	21180	valid_loss	47448.8378906
batch	21210	valid_loss	47274.0498047
batch	21240	valid_loss	47893.0488281
batch	21270	valid_loss	47556.4121094
batch	21300	valid_loss	47743.8227539
batch	21330	valid_loss	47183.4707031
batch	21360	valid_loss	47629.4594727
batch	21390	valid_loss	47196.684082
batch	21420	valid_loss	46992.5014648
batch	21450	valid_loss	47143.6171875
batch	21480	valid_loss	47439.1933594
batch	21510	valid_loss	46941.9160156
batch	21540	valid_loss	46944.625
batch	21570	valid_loss	47007.7802734
batch	21600	valid_loss	46750.9345703
batch	21630	valid_loss	46753.2294922
batch	21660	valid_loss	46618.3925781
batch	21690	valid_loss	46674.4882812
batch	21720	valid_loss	46633.8632812
batch	21750	valid_loss	46685.7446289
batch	21780	valid_loss	46820.6499023
batch	21810	valid_loss	46514.4985352
batch	21840	valid_loss	46521.5058594
batch	21870	valid_loss	46505.8476562
batch	21900	valid_loss	46351.894043
batch	21930	valid_loss	46210.4272461
batch	21960	valid_loss	46312.1955566
batch	21990	valid_loss	47916.3735352
batch	22020	valid_loss	46279.1157227
batch	22050	valid_loss	46095.1459961
batch	22080	valid_loss	46078.2478027
batch	22110	valid_loss	46100.6640625
batch	22140	valid_loss	45966.1022949
batch	22170	valid_loss	47012.4428711
batch	22200	valid_loss	45892.2319336
batch	22230	valid_loss	45864.6533203
batch	22260	valid_loss	45731.9545898
batch	22290	valid_loss	47582.487793
batch	22320	valid_loss	45643.3132324
batch	22350	valid_loss	45610.6264648
batch	22380	valid_loss	45519.9880371
batch	22410	valid_loss	45569.0126953
batch	22440	valid_loss	45484.0222168
batch	22470	valid_loss	45398.5493164
batch	22500	valid_loss	45348.1552734
batch	22530	valid_loss	45278.8974609
batch	22560	valid_loss	45408.470459
batch	22590	valid_loss	45192.8886719
batch	22620	valid_loss	45493.3662109
batch	22650	valid_loss	45067.9890137
batch	22680	valid_loss	45109.6125488
batch	22710	valid_loss	45000.0307617
batch	22740	valid_loss	44968.8759766
batch	22770	valid_loss	44962.2438965
batch	22800	valid_loss	44989.2138672
batch	22830	valid_loss	44918.347168
batch	22860	valid_loss	45052.7722168
batch	22890	valid_loss	44860.5083008
batch	22920	valid_loss	46220.2072754
batch	22950	valid_loss	44683.6875
batch	22980	valid_loss	44687.8798828
batch	23010	valid_loss	44530.7709961
batch	23040	valid_loss	44480.4023438
batch	23070	valid_loss	44426.7595215
batch	23100	valid_loss	44580.3530273
batch	23130	valid_loss	44374.6618652
batch	23160	valid_loss	44300.0563965
batch	23190	valid_loss	44396.2214355
batch	23220	valid_loss	44381.5378418
batch	23250	valid_loss	44386.918457
batch	23280	valid_loss	44148.7719727
batch	23310	valid_loss	44091.0007324
batch	23340	valid_loss	44442.1264648
batch	23370	valid_loss	43973.4086914
batch	23400	valid_loss	44027.8149414
batch	23430	valid_loss	43978.1726074
batch	23460	valid_loss	43882.5356445
batch	23490	valid_loss	44177.5947266
batch	23520	valid_loss	44425.8439941
batch	23550	valid_loss	43736.7133789
batch	23580	valid_loss	43763.4338379
batch	23610	valid_loss	43696.4379883
batch	23640	valid_loss	43522.3666992
batch	23670	valid_loss	43843.6625977
batch	23700	valid_loss	43521.9077148
batch	23730	valid_loss	43560.1784668
batch	23760	valid_loss	43928.9338379
batch	23790	valid_loss	43478.2329102
batch	23820	valid_loss	43337.2683105
batch	23850	valid_loss	43236.0644531
batch	23880	valid_loss	43132.6540527
batch	23910	valid_loss	43201.4782715
batch	23940	valid_loss	43330.9650879
batch	23970	valid_loss	43293.8613281
batch	24000	valid_loss	43026.3422852
batch	24030	valid_loss	43046.9873047
batch	24060	valid_loss	42889.7087402
batch	24090	valid_loss	42883.5754395
batch	24120	valid_loss	42825.2526855
batch	24150	valid_loss	43254.0339355
batch	24180	valid_loss	42931.7883301
batch	24210	valid_loss	42699.2910156
batch	24240	valid_loss	42685.0881348
batch	24270	valid_loss	42562.6711426
batch	24300	valid_loss	42659.5080566
batch	24330	valid_loss	42505.1437988
batch	24360	valid_loss	42726.190918
batch	24390	valid_loss	42662.0754395
batch	24420	valid_loss	42394.0063477
batch	24450	valid_loss	42366.1254883
batch	24480	valid_loss	42900.9445801
batch	24510	valid_loss	42244.2438965
batch	24540	valid_loss	42256.0327148
batch	24570	valid_loss	42539.6435547
batch	24600	valid_loss	42239.3669434
batch	24630	valid_loss	42088.6066895
batch	24660	valid_loss	42183.3034668
batch	24690	valid_loss	42131.9724121
batch	24720	valid_loss	42130.3442383
batch	24750	valid_loss	42342.3476562
batch	24780	valid_loss	42364.2006836
batch	24810	valid_loss	41786.901123
batch	24840	valid_loss	41769.1721191
batch	24870	valid_loss	41876.0336914
batch	24900	valid_loss	42044.8237305
batch	24930	valid_loss	41700.5888672
batch	24960	valid_loss	41715.8349609
batch	24990	valid_loss	41600.9753418
STOP
START
config	820	420	60	420	820	960
batch	0	valid_loss	6580647.75
batch	30	valid_loss	174698.113281
batch	60	valid_loss	123032.646484
batch	90	valid_loss	120603.733398
batch	120	valid_loss	120488.84375
batch	150	valid_loss	120493.741211
batch	180	valid_loss	120576.813477
batch	210	valid_loss	120665.848633
batch	240	valid_loss	120543.125977
batch	270	valid_loss	120558.762695
batch	300	valid_loss	120622.111328
batch	330	valid_loss	120580.623047
batch	360	valid_loss	120555.571289
batch	390	valid_loss	120559.568359
batch	420	valid_loss	120439.219727
batch	450	valid_loss	120380.833008
batch	480	valid_loss	119950.931641
batch	510	valid_loss	118986.606445
batch	540	valid_loss	116943.136719
batch	570	valid_loss	114056.076172
batch	600	valid_loss	111902.311523
batch	630	valid_loss	110810.108398
batch	660	valid_loss	110356.289062
batch	690	valid_loss	109991.599609
batch	720	valid_loss	109689.275391
batch	750	valid_loss	109411.777344
batch	780	valid_loss	109140.103516
batch	810	valid_loss	108686.207031
batch	840	valid_loss	108357.304688
batch	870	valid_loss	107831.550781
batch	900	valid_loss	107554.311523
batch	930	valid_loss	107240.731445
batch	960	valid_loss	106988.236328
batch	990	valid_loss	106837.991211
batch	1020	valid_loss	106721.660156
batch	1050	valid_loss	106456.955078
batch	1080	valid_loss	106347.564453
batch	1110	valid_loss	106174.086914
batch	1140	valid_loss	106039.181641
batch	1170	valid_loss	105893.887695
batch	1200	valid_loss	105660.712891
batch	1230	valid_loss	105523.256836
batch	1260	valid_loss	105381.772461
batch	1290	valid_loss	105366.956055
batch	1320	valid_loss	105198.239258
batch	1350	valid_loss	105047.512695
batch	1380	valid_loss	104969.482422
batch	1410	valid_loss	104921.783203
batch	1440	valid_loss	104667.646484
batch	1470	valid_loss	104526.90332
batch	1500	valid_loss	104266.614258
batch	1530	valid_loss	104039.006836
batch	1560	valid_loss	103680.132812
batch	1590	valid_loss	103452.173828
batch	1620	valid_loss	103169.246094
batch	1650	valid_loss	102880.793945
batch	1680	valid_loss	102652.671875
batch	1710	valid_loss	102453.540039
batch	1740	valid_loss	102256.860352
batch	1770	valid_loss	101955.455078
batch	1800	valid_loss	101707.012695
batch	1830	valid_loss	101403.917969
batch	1860	valid_loss	100948.373047
batch	1890	valid_loss	100593.228516
batch	1920	valid_loss	100065.711914
batch	1950	valid_loss	99486.7529297
batch	1980	valid_loss	98934.2861328
batch	2010	valid_loss	98375.1591797
batch	2040	valid_loss	97963.7138672
batch	2070	valid_loss	97385.0195312
batch	2100	valid_loss	97012.6757812
batch	2130	valid_loss	96617.7509766
batch	2160	valid_loss	96051.1289062
batch	2190	valid_loss	95651.4658203
batch	2220	valid_loss	95359.4423828
batch	2250	valid_loss	95064.8046875
batch	2280	valid_loss	94626.5498047
batch	2310	valid_loss	94349.2675781
batch	2340	valid_loss	94155.3837891
batch	2370	valid_loss	93679.1005859
batch	2400	valid_loss	93925.5048828
batch	2430	valid_loss	93189.7915039
batch	2460	valid_loss	92941.3520508
batch	2490	valid_loss	92719.3242188
batch	2520	valid_loss	92484.8359375
batch	2550	valid_loss	92148.6254883
batch	2580	valid_loss	91913.4711914
batch	2610	valid_loss	91958.125
batch	2640	valid_loss	91638.4716797
batch	2670	valid_loss	91124.3325195
batch	2700	valid_loss	91336.0463867
batch	2730	valid_loss	90760.1030273
batch	2760	valid_loss	90692.4384766
batch	2790	valid_loss	90316.5991211
batch	2820	valid_loss	90165.7148438
batch	2850	valid_loss	89994.7861328
batch	2880	valid_loss	89713.5786133
batch	2910	valid_loss	92995.3803711
batch	2940	valid_loss	89299.7099609
batch	2970	valid_loss	89280.7744141
batch	3000	valid_loss	88908.0913086
batch	3030	valid_loss	88804.0561523
batch	3060	valid_loss	88890.1582031
batch	3090	valid_loss	88614.3149414
batch	3120	valid_loss	89023.0419922
batch	3150	valid_loss	88118.8173828
batch	3180	valid_loss	87898.0791016
batch	3210	valid_loss	87751.5693359
batch	3240	valid_loss	87889.6674805
batch	3270	valid_loss	87478.1494141
batch	3300	valid_loss	87444.0991211
batch	3330	valid_loss	87489.1904297
batch	3360	valid_loss	87057.722168
batch	3390	valid_loss	86914.3149414
batch	3420	valid_loss	86728.2275391
batch	3450	valid_loss	86616.6103516
batch	3480	valid_loss	86504.578125
batch	3510	valid_loss	86274.0830078
batch	3540	valid_loss	86492.472168
batch	3570	valid_loss	86104.6381836
batch	3600	valid_loss	86424.2250977
batch	3630	valid_loss	86121.1474609
batch	3660	valid_loss	85605.1088867
batch	3690	valid_loss	85600.3583984
batch	3720	valid_loss	85369.5786133
batch	3750	valid_loss	85322.9521484
batch	3780	valid_loss	85100.703125
batch	3810	valid_loss	85184.0834961
batch	3840	valid_loss	84757.5698242
batch	3870	valid_loss	84700.8764648
batch	3900	valid_loss	84603.1650391
batch	3930	valid_loss	84309.6420898
batch	3960	valid_loss	84369.953125
batch	3990	valid_loss	84537.1098633
batch	4020	valid_loss	83987.3388672
batch	4050	valid_loss	86102.8989258
batch	4080	valid_loss	83689.5239258
batch	4110	valid_loss	83670.6142578
batch	4140	valid_loss	83429.1333008
batch	4170	valid_loss	83617.4404297
batch	4200	valid_loss	83338.1850586
batch	4230	valid_loss	83375.7670898
batch	4260	valid_loss	83313.6157227
batch	4290	valid_loss	82828.8862305
batch	4320	valid_loss	82806.0473633
batch	4350	valid_loss	82874.3828125
batch	4380	valid_loss	83448.487793
batch	4410	valid_loss	82420.5458984
batch	4440	valid_loss	82139.0708008
batch	4470	valid_loss	82407.1962891
batch	4500	valid_loss	82298.7236328
batch	4530	valid_loss	82215.8740234
batch	4560	valid_loss	81876.5805664
batch	4590	valid_loss	81743.7602539
batch	4620	valid_loss	81603.1450195
batch	4650	valid_loss	81518.4604492
batch	4680	valid_loss	81761.7246094
batch	4710	valid_loss	81410.6499023
batch	4740	valid_loss	81181.3305664
batch	4770	valid_loss	80996.753418
batch	4800	valid_loss	81244.8017578
batch	4830	valid_loss	81109.6567383
batch	4860	valid_loss	81509.4677734
batch	4890	valid_loss	80974.4296875
batch	4920	valid_loss	81290.0795898
batch	4950	valid_loss	80418.1811523
batch	4980	valid_loss	80399.9741211
batch	5010	valid_loss	80623.1303711
batch	5040	valid_loss	80446.605957
batch	5070	valid_loss	80413.6743164
batch	5100	valid_loss	80781.5610352
batch	5130	valid_loss	81344.0131836
batch	5160	valid_loss	80118.0004883
batch	5190	valid_loss	79750.1308594
batch	5220	valid_loss	79928.5356445
batch	5250	valid_loss	79802.8491211
batch	5280	valid_loss	79543.296875
batch	5310	valid_loss	79793.7841797
batch	5340	valid_loss	79753.6611328
batch	5370	valid_loss	79430.9794922
batch	5400	valid_loss	79609.9404297
batch	5430	valid_loss	79318.6123047
batch	5460	valid_loss	79402.9682617
batch	5490	valid_loss	79041.1557617
batch	5520	valid_loss	78991.5556641
batch	5550	valid_loss	78948.3706055
batch	5580	valid_loss	78849.6206055
batch	5610	valid_loss	78846.1630859
batch	5640	valid_loss	78671.2080078
batch	5670	valid_loss	78761.0756836
batch	5700	valid_loss	78669.6748047
batch	5730	valid_loss	78553.5390625
batch	5760	valid_loss	78531.8959961
batch	5790	valid_loss	78393.3525391
batch	5820	valid_loss	78335.5654297
batch	5850	valid_loss	78324.5498047
batch	5880	valid_loss	78274.5717773
batch	5910	valid_loss	78628.2973633
batch	5940	valid_loss	78052.1484375
batch	5970	valid_loss	77909.7407227
batch	6000	valid_loss	77918.3203125
batch	6030	valid_loss	77738.5195312
batch	6060	valid_loss	78181.3647461
batch	6090	valid_loss	77840.8701172
batch	6120	valid_loss	77588.4091797
batch	6150	valid_loss	77929.5117188
batch	6180	valid_loss	77507.8398438
batch	6210	valid_loss	78298.7128906
batch	6240	valid_loss	77395.5429688
batch	6270	valid_loss	77154.1816406
batch	6300	valid_loss	77211.1938477
batch	6330	valid_loss	77323.0874023
batch	6360	valid_loss	77590.9624023
batch	6390	valid_loss	77157.9438477
batch	6420	valid_loss	76913.8144531
batch	6450	valid_loss	76884.4428711
batch	6480	valid_loss	76853.2944336
batch	6510	valid_loss	76724.5410156
batch	6540	valid_loss	77161.4985352
batch	6570	valid_loss	77782.5053711
batch	6600	valid_loss	76582.0727539
batch	6630	valid_loss	77201.9575195
batch	6660	valid_loss	76467.0742188
batch	6690	valid_loss	76990.840332
batch	6720	valid_loss	76318.7407227
batch	6750	valid_loss	76288.269043
batch	6780	valid_loss	76650.8745117
batch	6810	valid_loss	77380.1762695
batch	6840	valid_loss	76735.6367188
batch	6870	valid_loss	76104.8442383
batch	6900	valid_loss	76059.7128906
batch	6930	valid_loss	76041.4599609
batch	6960	valid_loss	77169.9296875
batch	6990	valid_loss	76034.7509766
batch	7020	valid_loss	75918.6455078
batch	7050	valid_loss	75860.0986328
batch	7080	valid_loss	77904.847168
batch	7110	valid_loss	75751.5
batch	7140	valid_loss	75828.6166992
batch	7170	valid_loss	75649.2895508
batch	7200	valid_loss	75808.0737305
batch	7230	valid_loss	76173.4638672
batch	7260	valid_loss	75463.8686523
batch	7290	valid_loss	75543.1376953
batch	7320	valid_loss	75551.6777344
batch	7350	valid_loss	75360.8447266
batch	7380	valid_loss	75612.1147461
batch	7410	valid_loss	75479.0996094
batch	7440	valid_loss	75193.9370117
batch	7470	valid_loss	75145.8334961
batch	7500	valid_loss	75270.1474609
batch	7530	valid_loss	75094.2797852
batch	7560	valid_loss	75083.8256836
batch	7590	valid_loss	74996.2866211
batch	7620	valid_loss	75086.2763672
batch	7650	valid_loss	74976.4794922
batch	7680	valid_loss	74927.0610352
batch	7710	valid_loss	74945.8818359
batch	7740	valid_loss	74912.3813477
batch	7770	valid_loss	74866.8608398
batch	7800	valid_loss	74820.5576172
batch	7830	valid_loss	74986.0771484
batch	7860	valid_loss	74769.5205078
batch	7890	valid_loss	75049.3964844
batch	7920	valid_loss	74761.0512695
batch	7950	valid_loss	75334.5117188
batch	7980	valid_loss	74521.7192383
batch	8010	valid_loss	75302.6938477
batch	8040	valid_loss	74985.3764648
batch	8070	valid_loss	74602.5014648
batch	8100	valid_loss	74717.6103516
batch	8130	valid_loss	75256.1674805
batch	8160	valid_loss	74457.9799805
batch	8190	valid_loss	74916.2119141
batch	8220	valid_loss	74345.9155273
batch	8250	valid_loss	74307.6474609
batch	8280	valid_loss	74430.5678711
batch	8310	valid_loss	74259.644043
batch	8340	valid_loss	74362.9990234
batch	8370	valid_loss	74517.6157227
batch	8400	valid_loss	74216.4418945
batch	8430	valid_loss	74341.8334961
batch	8460	valid_loss	74257.4697266
batch	8490	valid_loss	74110.8212891
batch	8520	valid_loss	74249.4155273
batch	8550	valid_loss	73952.480957
batch	8580	valid_loss	74238.2060547
batch	8610	valid_loss	74118.8408203
batch	8640	valid_loss	74589.8071289
batch	8670	valid_loss	74024.1132812
batch	8700	valid_loss	73742.4829102
batch	8730	valid_loss	74156.9291992
batch	8760	valid_loss	74318.8598633
batch	8790	valid_loss	73853.3691406
batch	8820	valid_loss	73857.8852539
batch	8850	valid_loss	74566.8632812
batch	8880	valid_loss	73624.3461914
batch	8910	valid_loss	73819.9931641
batch	8940	valid_loss	74359.1337891
batch	8970	valid_loss	73649.0864258
batch	9000	valid_loss	73689.9418945
batch	9030	valid_loss	73388.0766602
batch	9060	valid_loss	73442.4047852
batch	9090	valid_loss	73587.7685547
batch	9120	valid_loss	73521.0107422
batch	9150	valid_loss	73343.3530273
batch	9180	valid_loss	73847.3027344
batch	9210	valid_loss	73300.2861328
batch	9240	valid_loss	73535.7226562
batch	9270	valid_loss	73774.8041992
batch	9300	valid_loss	73251.1904297
batch	9330	valid_loss	73154.6938477
batch	9360	valid_loss	73106.7841797
batch	9390	valid_loss	72964.2734375
batch	9420	valid_loss	73230.2338867
batch	9450	valid_loss	73165.7958984
batch	9480	valid_loss	72937.8652344
batch	9510	valid_loss	73136.90625
batch	9540	valid_loss	72861.7250977
batch	9570	valid_loss	72835.7114258
batch	9600	valid_loss	72713.4521484
batch	9630	valid_loss	72673.6347656
batch	9660	valid_loss	72984.1171875
batch	9690	valid_loss	72538.6108398
batch	9720	valid_loss	72538.0986328
batch	9750	valid_loss	73083.8085938
batch	9780	valid_loss	72617.4335938
batch	9810	valid_loss	72345.3251953
batch	9840	valid_loss	72227.5068359
batch	9870	valid_loss	72325.6435547
batch	9900	valid_loss	72255.2700195
batch	9930	valid_loss	72394.1279297
batch	9960	valid_loss	72966.3759766
batch	9990	valid_loss	72023.9331055
batch	10020	valid_loss	72045.9404297
batch	10050	valid_loss	71879.8823242
batch	10080	valid_loss	71877.081543
batch	10110	valid_loss	71918.8579102
batch	10140	valid_loss	72311.605957
batch	10170	valid_loss	71854.012207
batch	10200	valid_loss	72048.0888672
batch	10230	valid_loss	71886.4882812
batch	10260	valid_loss	71568.5629883
batch	10290	valid_loss	72282.862793
batch	10320	valid_loss	71449.0249023
batch	10350	valid_loss	72085.4018555
batch	10380	valid_loss	71329.2089844
batch	10410	valid_loss	71395.9814453
batch	10440	valid_loss	71606.5991211
batch	10470	valid_loss	71438.6967773
batch	10500	valid_loss	73126.8813477
batch	10530	valid_loss	71365.1513672
batch	10560	valid_loss	71052.5732422
batch	10590	valid_loss	71622.5712891
batch	10620	valid_loss	70940.0756836
batch	10650	valid_loss	71836.0112305
batch	10680	valid_loss	70809.1269531
batch	10710	valid_loss	70677.6723633
batch	10740	valid_loss	70630.394043
batch	10770	valid_loss	71049.5419922
batch	10800	valid_loss	71693.7744141
batch	10830	valid_loss	70674.7329102
batch	10860	valid_loss	70530.5131836
batch	10890	valid_loss	70405.8901367
batch	10920	valid_loss	70298.0844727
batch	10950	valid_loss	70141.9121094
batch	10980	valid_loss	70067.8505859
batch	11010	valid_loss	70162.4101562
batch	11040	valid_loss	69969.9614258
batch	11070	valid_loss	70102.9726562
batch	11100	valid_loss	69879.6464844
batch	11130	valid_loss	71279.9736328
batch	11160	valid_loss	69951.9042969
batch	11190	valid_loss	69541.3408203
batch	11220	valid_loss	69930.6708984
batch	11250	valid_loss	70152.7451172
batch	11280	valid_loss	69365.8950195
batch	11310	valid_loss	69327.1787109
batch	11340	valid_loss	69218.5195312
batch	11370	valid_loss	69799.9658203
batch	11400	valid_loss	71347.8457031
batch	11430	valid_loss	69873.2983398
batch	11460	valid_loss	69056.3974609
batch	11490	valid_loss	68854.449707
batch	11520	valid_loss	69170.1279297
batch	11550	valid_loss	69360.0449219
batch	11580	valid_loss	68730.5336914
batch	11610	valid_loss	68627.2744141
batch	11640	valid_loss	69933.2216797
batch	11670	valid_loss	68451.0795898
batch	11700	valid_loss	68408.4711914
batch	11730	valid_loss	68293.5976562
batch	11760	valid_loss	68384.8291016
batch	11790	valid_loss	68347.5908203
batch	11820	valid_loss	68230.3271484
batch	11850	valid_loss	68803.0146484
batch	11880	valid_loss	68072.2290039
batch	11910	valid_loss	68109.3984375
batch	11940	valid_loss	67896.9482422
batch	11970	valid_loss	67914.2553711
batch	12000	valid_loss	68789.5107422
batch	12030	valid_loss	67717.8486328
batch	12060	valid_loss	67649.015625
batch	12090	valid_loss	67515.9047852
batch	12120	valid_loss	68055.6489258
batch	12150	valid_loss	67394.0429688
batch	12180	valid_loss	67308.0644531
batch	12210	valid_loss	67395.855957
batch	12240	valid_loss	67359.3974609
batch	12270	valid_loss	67117.4267578
batch	12300	valid_loss	67025.1401367
batch	12330	valid_loss	66998.519043
batch	12360	valid_loss	67392.7299805
batch	12390	valid_loss	66958.3320312
batch	12420	valid_loss	66906.0444336
batch	12450	valid_loss	67427.7143555
batch	12480	valid_loss	66881.7294922
batch	12510	valid_loss	67332.9946289
batch	12540	valid_loss	66562.9248047
batch	12570	valid_loss	66894.9746094
batch	12600	valid_loss	66302.0649414
batch	12630	valid_loss	66337.4306641
batch	12660	valid_loss	66236.7402344
batch	12690	valid_loss	66578.0957031
batch	12720	valid_loss	66006.7832031
batch	12750	valid_loss	65970.3574219
batch	12780	valid_loss	65925.2919922
batch	12810	valid_loss	67023.8652344
batch	12840	valid_loss	65702.6806641
batch	12870	valid_loss	65674.0366211
batch	12900	valid_loss	65558.2299805
batch	12930	valid_loss	65898.6054688
batch	12960	valid_loss	65432.0356445
batch	12990	valid_loss	66296.5253906
batch	13020	valid_loss	65295.9306641
batch	13050	valid_loss	67895.503418
batch	13080	valid_loss	65334.2988281
batch	13110	valid_loss	64948.1904297
batch	13140	valid_loss	65576.6455078
batch	13170	valid_loss	64859.3789062
batch	13200	valid_loss	64777.9746094
batch	13230	valid_loss	64911.2260742
batch	13260	valid_loss	65464.7167969
batch	13290	valid_loss	64617.1679688
batch	13320	valid_loss	64541.8637695
batch	13350	valid_loss	64491.4223633
batch	13380	valid_loss	64339.1518555
batch	13410	valid_loss	64297.4560547
batch	13440	valid_loss	64798.3632812
batch	13470	valid_loss	64662.9541016
batch	13500	valid_loss	64111.8359375
batch	13530	valid_loss	64007.1538086
batch	13560	valid_loss	63917.9897461
batch	13590	valid_loss	63903.1655273
batch	13620	valid_loss	64363.0126953
batch	13650	valid_loss	63741.715332
batch	13680	valid_loss	64267.5092773
batch	13710	valid_loss	63999.0117188
batch	13740	valid_loss	64734.8579102
batch	13770	valid_loss	63475.2915039
batch	13800	valid_loss	64096.5551758
batch	13830	valid_loss	63801.1762695
batch	13860	valid_loss	63616.6098633
batch	13890	valid_loss	63689.0991211
batch	13920	valid_loss	63993.2158203
batch	13950	valid_loss	63196.269043
batch	13980	valid_loss	63144.5737305
batch	14010	valid_loss	63047.765625
batch	14040	valid_loss	62779.3671875
batch	14070	valid_loss	63427.2670898
batch	14100	valid_loss	62765.5180664
batch	14130	valid_loss	62592.9916992
batch	14160	valid_loss	65469.3666992
batch	14190	valid_loss	62526.3466797
batch	14220	valid_loss	62377.1259766
batch	14250	valid_loss	62680.7709961
batch	14280	valid_loss	62336.8496094
batch	14310	valid_loss	62474.2895508
batch	14340	valid_loss	62156.2392578
batch	14370	valid_loss	62132.3139648
batch	14400	valid_loss	62093.6831055
batch	14430	valid_loss	62394.0170898
batch	14460	valid_loss	62200.5708008
batch	14490	valid_loss	62130.5678711
batch	14520	valid_loss	61895.4794922
batch	14550	valid_loss	61886.2841797
batch	14580	valid_loss	61627.8149414
batch	14610	valid_loss	61553.9912109
batch	14640	valid_loss	61636.5698242
batch	14670	valid_loss	61801.7666016
batch	14700	valid_loss	61794.4125977
batch	14730	valid_loss	61382.2177734
batch	14760	valid_loss	61235.6298828
batch	14790	valid_loss	61214.0170898
batch	14820	valid_loss	61294.0117188
batch	14850	valid_loss	62121.3051758
batch	14880	valid_loss	61165.1152344
batch	14910	valid_loss	61414.5585938
batch	14940	valid_loss	60901.0458984
batch	14970	valid_loss	60930.7924805
batch	15000	valid_loss	61399.9946289
batch	15030	valid_loss	61963.2290039
batch	15060	valid_loss	60646.9482422
batch	15090	valid_loss	60669.1748047
batch	15120	valid_loss	60472.0341797
batch	15150	valid_loss	60482.1274414
batch	15180	valid_loss	62643.5795898
batch	15210	valid_loss	60321.8540039
batch	15240	valid_loss	60315.1220703
batch	15270	valid_loss	60495.0854492
batch	15300	valid_loss	60419.9926758
batch	15330	valid_loss	60524.8232422
batch	15360	valid_loss	60043.2319336
batch	15390	valid_loss	59922.3535156
batch	15420	valid_loss	60228.5722656
batch	15450	valid_loss	59918.4589844
batch	15480	valid_loss	60214.2519531
batch	15510	valid_loss	59741.0605469
batch	15540	valid_loss	60338.8808594
batch	15570	valid_loss	59635.206543
batch	15600	valid_loss	59852.3510742
batch	15630	valid_loss	59562.1005859
batch	15660	valid_loss	59351.5146484
batch	15690	valid_loss	59772.09375
batch	15720	valid_loss	59419.0200195
batch	15750	valid_loss	59578.9946289
batch	15780	valid_loss	59402.5375977
batch	15810	valid_loss	60956.503418
batch	15840	valid_loss	59212.7485352
batch	15870	valid_loss	59022.1694336
batch	15900	valid_loss	58857.6293945
batch	15930	valid_loss	58824.9946289
batch	15960	valid_loss	58777.1318359
batch	15990	valid_loss	59019.1113281
batch	16020	valid_loss	59592.902832
batch	16050	valid_loss	58822.9355469
batch	16080	valid_loss	58509.5786133
batch	16110	valid_loss	58769.2709961
batch	16140	valid_loss	58966.5332031
batch	16170	valid_loss	58277.1323242
batch	16200	valid_loss	59079.1313477
batch	16230	valid_loss	58180.175293
batch	16260	valid_loss	58282.0849609
batch	16290	valid_loss	59214.3408203
batch	16320	valid_loss	58137.5253906
batch	16350	valid_loss	58914.0688477
batch	16380	valid_loss	58597.1621094
batch	16410	valid_loss	58421.5463867
batch	16440	valid_loss	58132.1162109
batch	16470	valid_loss	57581.1362305
batch	16500	valid_loss	57550.1923828
batch	16530	valid_loss	57486.8325195
batch	16560	valid_loss	57643.5820312
batch	16590	valid_loss	57867.5214844
batch	16620	valid_loss	57729.8520508
batch	16650	valid_loss	57325.2714844
batch	16680	valid_loss	57284.5859375
batch	16710	valid_loss	57256.6025391
batch	16740	valid_loss	57237.628418
batch	16770	valid_loss	57047.8173828
batch	16800	valid_loss	57093.1396484
batch	16830	valid_loss	56909.6279297
batch	16860	valid_loss	57267.7182617
batch	16890	valid_loss	57894.9804688
batch	16920	valid_loss	56871.7192383
batch	16950	valid_loss	56734.203125
batch	16980	valid_loss	56803.9741211
batch	17010	valid_loss	56819.1308594
batch	17040	valid_loss	56613.1665039
batch	17070	valid_loss	56576.5708008
batch	17100	valid_loss	56442.0874023
batch	17130	valid_loss	56499.3295898
batch	17160	valid_loss	56451.7543945
batch	17190	valid_loss	56995.2397461
batch	17220	valid_loss	56810.9277344
batch	17250	valid_loss	56632.3334961
batch	17280	valid_loss	56119.7626953
batch	17310	valid_loss	56086.3203125
batch	17340	valid_loss	57140.3999023
batch	17370	valid_loss	56439.4042969
batch	17400	valid_loss	56176.3046875
batch	17430	valid_loss	55939.425293
batch	17460	valid_loss	55790.7426758
batch	17490	valid_loss	56157.0444336
batch	17520	valid_loss	55838.8833008
batch	17550	valid_loss	56678.2470703
batch	17580	valid_loss	55520.0419922
batch	17610	valid_loss	56242.8266602
batch	17640	valid_loss	55469.0527344
batch	17670	valid_loss	55673.4912109
batch	17700	valid_loss	55387.9472656
batch	17730	valid_loss	55346.7817383
batch	17760	valid_loss	55470.7807617
batch	17790	valid_loss	55126.703125
batch	17820	valid_loss	55267.1586914
batch	17850	valid_loss	55034.2319336
batch	17880	valid_loss	55591.8041992
batch	17910	valid_loss	55806.6938477
batch	17940	valid_loss	55125.625
batch	17970	valid_loss	54855.9306641
batch	18000	valid_loss	55093.6083984
batch	18030	valid_loss	54672.2421875
batch	18060	valid_loss	54676.5507812
batch	18090	valid_loss	54977.4921875
batch	18120	valid_loss	54641.206543
batch	18150	valid_loss	54513.6943359
batch	18180	valid_loss	55276.8227539
batch	18210	valid_loss	54757.1870117
batch	18240	valid_loss	54384.9399414
batch	18270	valid_loss	54733.387207
batch	18300	valid_loss	54234.1015625
batch	18330	valid_loss	54307.3334961
batch	18360	valid_loss	55121.7133789
batch	18390	valid_loss	54576.7104492
batch	18420	valid_loss	54121.2460938
batch	18450	valid_loss	54017.4467773
batch	18480	valid_loss	54031.4506836
batch	18510	valid_loss	53835.3891602
batch	18540	valid_loss	54726.5258789
batch	18570	valid_loss	53800.5195312
batch	18600	valid_loss	53706.9633789
batch	18630	valid_loss	53656.2294922
batch	18660	valid_loss	53806.2607422
batch	18690	valid_loss	53587.3964844
batch	18720	valid_loss	54602.4165039
batch	18750	valid_loss	53853.0058594
batch	18780	valid_loss	53353.7607422
batch	18810	valid_loss	53330.8930664
batch	18840	valid_loss	53535.4628906
batch	18870	valid_loss	53541.3623047
batch	18900	valid_loss	53086.0839844
batch	18930	valid_loss	53210.5458984
batch	18960	valid_loss	52979.9399414
batch	18990	valid_loss	53010.7402344
batch	19020	valid_loss	52954.9086914
batch	19050	valid_loss	52917.5810547
batch	19080	valid_loss	52892.8208008
batch	19110	valid_loss	54966.2861328
batch	19140	valid_loss	52985.3774414
batch	19170	valid_loss	52648.3168945
batch	19200	valid_loss	52595.3364258
batch	19230	valid_loss	52457.3740234
batch	19260	valid_loss	52603.4482422
batch	19290	valid_loss	52344.0522461
batch	19320	valid_loss	52425.152832
batch	19350	valid_loss	52437.5239258
batch	19380	valid_loss	52359.2788086
batch	19410	valid_loss	52456.6342773
batch	19440	valid_loss	52620.9697266
batch	19470	valid_loss	52079.7675781
batch	19500	valid_loss	52185.7299805
batch	19530	valid_loss	51941.3300781
batch	19560	valid_loss	52012.222168
batch	19590	valid_loss	52048.2797852
batch	19620	valid_loss	51857.5361328
batch	19650	valid_loss	51919.1816406
batch	19680	valid_loss	51861.7075195
batch	19710	valid_loss	52370.0791016
batch	19740	valid_loss	51665.0854492
batch	19770	valid_loss	51528.5478516
batch	19800	valid_loss	51423.4238281
batch	19830	valid_loss	51611.4125977
batch	19860	valid_loss	51358.03125
batch	19890	valid_loss	51309.1323242
batch	19920	valid_loss	55689.3710938
batch	19950	valid_loss	51433.0356445
batch	19980	valid_loss	51142.5351562
batch	20010	valid_loss	51112.472168
batch	20040	valid_loss	51231.0541992
batch	20070	valid_loss	51038.253418
batch	20100	valid_loss	50963.9462891
batch	20130	valid_loss	50935.4467773
batch	20160	valid_loss	50958.940918
batch	20190	valid_loss	51255.7924805
batch	20220	valid_loss	50871.2290039
batch	20250	valid_loss	51127.8330078
batch	20280	valid_loss	50898.3271484
batch	20310	valid_loss	50512.6352539
batch	20340	valid_loss	50777.7509766
batch	20370	valid_loss	50603.2929688
batch	20400	valid_loss	50730.4472656
batch	20430	valid_loss	50370.8408203
batch	20460	valid_loss	50395.8789062
batch	20490	valid_loss	50466.027832
batch	20520	valid_loss	50641.4121094
batch	20550	valid_loss	50448.3051758
batch	20580	valid_loss	50170.1865234
batch	20610	valid_loss	50180.796875
batch	20640	valid_loss	50003.6738281
batch	20670	valid_loss	50297.4238281
batch	20700	valid_loss	49899.793457
batch	20730	valid_loss	49981.7661133
batch	20760	valid_loss	49725.3232422
batch	20790	valid_loss	49640.2514648
batch	20820	valid_loss	49754.390625
batch	20850	valid_loss	49547.0483398
batch	20880	valid_loss	49569.503418
batch	20910	valid_loss	49534.222168
batch	20940	valid_loss	49359.3481445
batch	20970	valid_loss	50074.3920898
batch	21000	valid_loss	49722.7197266
batch	21030	valid_loss	49252.4995117
batch	21060	valid_loss	49233.5
batch	21090	valid_loss	49113.0463867
batch	21120	valid_loss	49145.5068359
batch	21150	valid_loss	49039.1542969
batch	21180	valid_loss	48955.0371094
batch	21210	valid_loss	49708.2104492
batch	21240	valid_loss	48958.1459961
batch	21270	valid_loss	49219.953125
batch	21300	valid_loss	48806.2724609
batch	21330	valid_loss	48687.043457
batch	21360	valid_loss	48613.4174805
batch	21390	valid_loss	49130.5478516
batch	21420	valid_loss	48602.2011719
batch	21450	valid_loss	49141.1855469
batch	21480	valid_loss	48583.0996094
batch	21510	valid_loss	48382.7353516
batch	21540	valid_loss	48374.0908203
batch	21570	valid_loss	48568.987793
batch	21600	valid_loss	48273.6914062
batch	21630	valid_loss	48230.0390625
batch	21660	valid_loss	48266.9697266
batch	21690	valid_loss	48193.3886719
batch	21720	valid_loss	48147.4360352
batch	21750	valid_loss	49218.9375
batch	21780	valid_loss	48462.9707031
batch	21810	valid_loss	48101.199707
batch	21840	valid_loss	48011.9189453
batch	21870	valid_loss	47789.2011719
batch	21900	valid_loss	47754.2841797
batch	21930	valid_loss	48022.3520508
batch	21960	valid_loss	47673.5458984
batch	21990	valid_loss	47629.3466797
batch	22020	valid_loss	47531.0668945
batch	22050	valid_loss	47512.5737305
batch	22080	valid_loss	48398.9702148
batch	22110	valid_loss	47384.2949219
batch	22140	valid_loss	47423.8369141
batch	22170	valid_loss	47356.2543945
batch	22200	valid_loss	47246.2070312
batch	22230	valid_loss	47364.559082
batch	22260	valid_loss	47197.4047852
batch	22290	valid_loss	47063.128418
batch	22320	valid_loss	47413.2998047
batch	22350	valid_loss	47120.4350586
batch	22380	valid_loss	47567.5600586
batch	22410	valid_loss	47420.0507812
batch	22440	valid_loss	47439.3354492
batch	22470	valid_loss	47000.7612305
batch	22500	valid_loss	46835.7490234
batch	22530	valid_loss	46732.6538086
batch	22560	valid_loss	46884.9477539
batch	22590	valid_loss	46643.4750977
batch	22620	valid_loss	46727.605957
batch	22650	valid_loss	46603.5126953
batch	22680	valid_loss	46385.145752
batch	22710	valid_loss	46493.4614258
batch	22740	valid_loss	46469.376709
batch	22770	valid_loss	46270.8864746
batch	22800	valid_loss	46298.9821777
batch	22830	valid_loss	47115.1254883
batch	22860	valid_loss	46208.4389648
batch	22890	valid_loss	46146.2512207
batch	22920	valid_loss	46139.4379883
batch	22950	valid_loss	46190.9052734
batch	22980	valid_loss	46048.9882812
batch	23010	valid_loss	45887.8022461
batch	23040	valid_loss	45939.498291
batch	23070	valid_loss	45835.2097168
batch	23100	valid_loss	45882.4865723
batch	23130	valid_loss	45695.869873
batch	23160	valid_loss	45815.5114746
batch	23190	valid_loss	45904.1210938
batch	23220	valid_loss	45577.1550293
batch	23250	valid_loss	45534.4086914
batch	23280	valid_loss	45787.5837402
batch	23310	valid_loss	45560.6921387
batch	23340	valid_loss	45622.3464355
batch	23370	valid_loss	45418.1303711
batch	23400	valid_loss	45325.5673828
batch	23430	valid_loss	45283.8442383
batch	23460	valid_loss	45386.2033691
batch	23490	valid_loss	45367.8666992
batch	23520	valid_loss	45204.5285645
batch	23550	valid_loss	46059.2463379
batch	23580	valid_loss	45041.1713867
batch	23610	valid_loss	45167.855957
batch	23640	valid_loss	45174.4450684
batch	23670	valid_loss	44869.9511719
batch	23700	valid_loss	44878.6899414
batch	23730	valid_loss	45037.7072754
batch	23760	valid_loss	44807.6379395
batch	23790	valid_loss	44704.6791992
batch	23820	valid_loss	44663.2548828
batch	23850	valid_loss	44593.887207
batch	23880	valid_loss	45300.7971191
batch	23910	valid_loss	44759.7019043
batch	23940	valid_loss	44801.675293
batch	23970	valid_loss	44415.685791
batch	24000	valid_loss	44604.5900879
batch	24030	valid_loss	44557.8662109
batch	24060	valid_loss	44297.3186035
batch	24090	valid_loss	44306.2353516
batch	24120	valid_loss	44154.8723145
batch	24150	valid_loss	44356.9382324
batch	24180	valid_loss	44166.3215332
batch	24210	valid_loss	44064.7941895
batch	24240	valid_loss	44081.5458984
batch	24270	valid_loss	44032.1057129
batch	24300	valid_loss	43872.5788574
batch	24330	valid_loss	43834.2893066
batch	24360	valid_loss	43794.0112305
batch	24390	valid_loss	43794.3476562
batch	24420	valid_loss	43716.1176758
batch	24450	valid_loss	43653.701416
batch	24480	valid_loss	43560.9291992
batch	24510	valid_loss	43643.2980957
batch	24540	valid_loss	43533.234375
batch	24570	valid_loss	43445.7299805
batch	24600	valid_loss	43541.1755371
batch	24630	valid_loss	43346.6196289
batch	24660	valid_loss	43347.1176758
batch	24690	valid_loss	43445.3122559
batch	24720	valid_loss	43177.0334473
batch	24750	valid_loss	43226.9306641
batch	24780	valid_loss	43427.8046875
batch	24810	valid_loss	43346.1320801
batch	24840	valid_loss	43144.230957
batch	24870	valid_loss	43053.7932129
batch	24900	valid_loss	43080.9899902
batch	24930	valid_loss	43100.1501465
batch	24960	valid_loss	42913.7114258
batch	24990	valid_loss	43041.876709
STOP
