START
config	620	20	620	1140
batch	0	valid_loss	8121113.875
batch	30	valid_loss	227843.388672
batch	60	valid_loss	102772.167969
batch	90	valid_loss	96321.1630859
batch	120	valid_loss	95986.3359375
batch	150	valid_loss	96008.8125
batch	180	valid_loss	95961.6923828
batch	210	valid_loss	95969.5507812
batch	240	valid_loss	95790.9257812
batch	270	valid_loss	95669.7333984
batch	300	valid_loss	95357.6113281
batch	330	valid_loss	94963.5351562
batch	360	valid_loss	94257.9091797
batch	390	valid_loss	93450.5859375
batch	420	valid_loss	92489.1376953
batch	450	valid_loss	91412.387207
batch	480	valid_loss	90470.8486328
batch	510	valid_loss	89886.0854492
batch	540	valid_loss	89185.8378906
batch	570	valid_loss	88647.4814453
batch	600	valid_loss	88196.5996094
batch	630	valid_loss	87864.7685547
batch	660	valid_loss	87565.152832
batch	690	valid_loss	87487.5932617
batch	720	valid_loss	87072.7841797
batch	750	valid_loss	86991.2094727
batch	780	valid_loss	86767.2753906
batch	810	valid_loss	86642.5576172
batch	840	valid_loss	86420.0249023
batch	870	valid_loss	86066.8359375
batch	900	valid_loss	85645.2739258
batch	930	valid_loss	85586.7060547
batch	960	valid_loss	85335.9697266
batch	990	valid_loss	85219.7548828
batch	1020	valid_loss	84690.4335938
batch	1050	valid_loss	84353.4111328
batch	1080	valid_loss	84113.8046875
batch	1110	valid_loss	83769.859375
batch	1140	valid_loss	83543.2138672
batch	1170	valid_loss	83338.7060547
batch	1200	valid_loss	82975.675293
batch	1230	valid_loss	82792.9462891
batch	1260	valid_loss	82542.0849609
batch	1290	valid_loss	82235.9008789
batch	1320	valid_loss	81893.0532227
batch	1350	valid_loss	81605.3193359
batch	1380	valid_loss	81343.6748047
batch	1410	valid_loss	80975.8637695
batch	1440	valid_loss	80721.9116211
batch	1470	valid_loss	80335.965332
batch	1500	valid_loss	80155.6665039
batch	1530	valid_loss	79945.2944336
batch	1560	valid_loss	79739.1616211
batch	1590	valid_loss	79527.9355469
batch	1620	valid_loss	79279.2749023
batch	1650	valid_loss	79020.0463867
batch	1680	valid_loss	78741.1337891
batch	1710	valid_loss	78401.1708984
batch	1740	valid_loss	78291.8828125
batch	1770	valid_loss	78002.6743164
batch	1800	valid_loss	77899.0786133
batch	1830	valid_loss	77783.1806641
batch	1860	valid_loss	77609.5058594
batch	1890	valid_loss	77476.2138672
batch	1920	valid_loss	77420.5253906
batch	1950	valid_loss	77104.8242188
batch	1980	valid_loss	76823.3164062
batch	2010	valid_loss	76765.1064453
batch	2040	valid_loss	76497.1235352
batch	2070	valid_loss	76281.3833008
batch	2100	valid_loss	76459.5449219
batch	2130	valid_loss	76076.315918
batch	2160	valid_loss	76011.1796875
batch	2190	valid_loss	75638.0029297
batch	2220	valid_loss	75849.4570312
batch	2250	valid_loss	75623.6435547
batch	2280	valid_loss	75399.4609375
batch	2310	valid_loss	75426.3847656
batch	2340	valid_loss	75155.1464844
batch	2370	valid_loss	75160.2011719
batch	2400	valid_loss	74885.1542969
batch	2430	valid_loss	74923.6264648
batch	2460	valid_loss	74797.9882812
batch	2490	valid_loss	74925.9350586
batch	2520	valid_loss	74642.6796875
batch	2550	valid_loss	74836.0351562
batch	2580	valid_loss	74560.4819336
batch	2610	valid_loss	74353.347168
batch	2640	valid_loss	74208.9135742
batch	2670	valid_loss	74310.1601562
batch	2700	valid_loss	74105.7563477
batch	2730	valid_loss	74152.2768555
batch	2760	valid_loss	73875.4262695
batch	2790	valid_loss	73830.0454102
batch	2820	valid_loss	73591.4038086
batch	2850	valid_loss	73595.3037109
batch	2880	valid_loss	73421.1123047
batch	2910	valid_loss	73313.1801758
batch	2940	valid_loss	73356.8564453
batch	2970	valid_loss	73110.0551758
batch	3000	valid_loss	73019.1542969
batch	3030	valid_loss	72830.6474609
batch	3060	valid_loss	72829.6513672
batch	3090	valid_loss	72867.5649414
batch	3120	valid_loss	72840.9208984
batch	3150	valid_loss	72722.6020508
batch	3180	valid_loss	72512.1318359
batch	3210	valid_loss	72427.1293945
batch	3240	valid_loss	72452.6196289
batch	3270	valid_loss	72141.0859375
batch	3300	valid_loss	72241.7036133
batch	3330	valid_loss	72120.9287109
batch	3360	valid_loss	71975.0859375
batch	3390	valid_loss	72007.1567383
batch	3420	valid_loss	71827.8154297
batch	3450	valid_loss	71835.328125
batch	3480	valid_loss	71959.7939453
batch	3510	valid_loss	71707.6113281
batch	3540	valid_loss	71622.6381836
batch	3570	valid_loss	71620.9584961
batch	3600	valid_loss	71500.7294922
batch	3630	valid_loss	71444.1923828
batch	3660	valid_loss	71492.4155273
batch	3690	valid_loss	71307.5405273
batch	3720	valid_loss	71296.0102539
batch	3750	valid_loss	71169.5849609
batch	3780	valid_loss	71320.9350586
batch	3810	valid_loss	71249.5439453
batch	3840	valid_loss	71021.4804688
batch	3870	valid_loss	71141.1235352
batch	3900	valid_loss	70941.0043945
batch	3930	valid_loss	71019.8647461
batch	3960	valid_loss	70928.8081055
batch	3990	valid_loss	70934.4111328
batch	4020	valid_loss	70889.3662109
batch	4050	valid_loss	71144.5698242
batch	4080	valid_loss	70998.8461914
batch	4110	valid_loss	71128.1933594
batch	4140	valid_loss	70788.487793
batch	4170	valid_loss	70732.7836914
batch	4200	valid_loss	70823.1689453
batch	4230	valid_loss	70764.668457
batch	4260	valid_loss	70636.5400391
batch	4290	valid_loss	70722.9868164
batch	4320	valid_loss	70732.0957031
batch	4350	valid_loss	70682.3256836
batch	4380	valid_loss	70568.8862305
batch	4410	valid_loss	70749.206543
batch	4440	valid_loss	70600.8896484
batch	4470	valid_loss	70481.0341797
batch	4500	valid_loss	70641.4716797
batch	4530	valid_loss	70432.9023438
batch	4560	valid_loss	70421.8623047
batch	4590	valid_loss	70406.7900391
batch	4620	valid_loss	70428.3671875
batch	4650	valid_loss	70403.6362305
batch	4680	valid_loss	70444.3706055
batch	4710	valid_loss	70465.2050781
batch	4740	valid_loss	70335.1611328
batch	4770	valid_loss	70221.5239258
batch	4800	valid_loss	70327.3696289
batch	4830	valid_loss	70153.4306641
batch	4860	valid_loss	70132.8212891
batch	4890	valid_loss	70224.5087891
batch	4920	valid_loss	70191.703125
batch	4950	valid_loss	70191.7070312
batch	4980	valid_loss	70184.1811523
batch	5010	valid_loss	70063.9853516
batch	5040	valid_loss	70205.8891602
batch	5070	valid_loss	70065.1030273
batch	5100	valid_loss	69930.0351562
batch	5130	valid_loss	69910.9204102
batch	5160	valid_loss	69837.6772461
batch	5190	valid_loss	69900.1777344
batch	5220	valid_loss	70004.2509766
batch	5250	valid_loss	69791.9023438
batch	5280	valid_loss	69926.8569336
batch	5310	valid_loss	69752.6083984
batch	5340	valid_loss	69966.5449219
batch	5370	valid_loss	69706.6411133
batch	5400	valid_loss	69696.6826172
batch	5430	valid_loss	69655.1181641
batch	5460	valid_loss	69650.1552734
batch	5490	valid_loss	69622.2294922
batch	5520	valid_loss	69697.4389648
batch	5550	valid_loss	69631.3129883
batch	5580	valid_loss	69579.9008789
batch	5610	valid_loss	69776.6123047
batch	5640	valid_loss	69695.4418945
batch	5670	valid_loss	69601.1816406
batch	5700	valid_loss	69637.7788086
batch	5730	valid_loss	69516.0009766
batch	5760	valid_loss	69596.0
batch	5790	valid_loss	69575.8041992
batch	5820	valid_loss	69542.9345703
batch	5850	valid_loss	69676.8637695
batch	5880	valid_loss	69451.902832
batch	5910	valid_loss	69476.8076172
batch	5940	valid_loss	69489.6821289
batch	5970	valid_loss	69500.9946289
batch	6000	valid_loss	69469.5849609
batch	6030	valid_loss	69527.8999023
batch	6060	valid_loss	69554.5546875
batch	6090	valid_loss	69329.6523438
batch	6120	valid_loss	69556.6225586
batch	6150	valid_loss	69360.4379883
batch	6180	valid_loss	69289.3066406
batch	6210	valid_loss	69367.9770508
batch	6240	valid_loss	69368.9970703
batch	6270	valid_loss	69471.1850586
batch	6300	valid_loss	69264.5639648
batch	6330	valid_loss	69434.7319336
batch	6360	valid_loss	69401.1147461
batch	6390	valid_loss	69187.0649414
batch	6420	valid_loss	69246.2714844
batch	6450	valid_loss	69231.5498047
batch	6480	valid_loss	69280.0961914
batch	6510	valid_loss	69437.3105469
batch	6540	valid_loss	69409.5327148
batch	6570	valid_loss	69283.1669922
batch	6600	valid_loss	69197.1191406
batch	6630	valid_loss	69316.7695312
batch	6660	valid_loss	69262.7666016
batch	6690	valid_loss	69246.4350586
batch	6720	valid_loss	69209.8027344
batch	6750	valid_loss	69228.4116211
batch	6780	valid_loss	69205.2939453
batch	6810	valid_loss	69173.9321289
batch	6840	valid_loss	69272.2241211
batch	6870	valid_loss	69197.7768555
batch	6900	valid_loss	69233.1137695
batch	6930	valid_loss	69150.0317383
batch	6960	valid_loss	69094.3569336
batch	6990	valid_loss	69154.5200195
batch	7020	valid_loss	69101.0322266
batch	7050	valid_loss	69164.5151367
batch	7080	valid_loss	69121.2548828
batch	7110	valid_loss	69037.2319336
batch	7140	valid_loss	69135.590332
batch	7170	valid_loss	69192.246582
batch	7200	valid_loss	69117.0224609
batch	7230	valid_loss	69038.3432617
batch	7260	valid_loss	69076.8012695
batch	7290	valid_loss	69172.7529297
batch	7320	valid_loss	69078.9931641
batch	7350	valid_loss	69048.6225586
batch	7380	valid_loss	69032.3286133
batch	7410	valid_loss	68973.0898438
batch	7440	valid_loss	69004.0966797
batch	7470	valid_loss	68969.8666992
batch	7500	valid_loss	68908.4326172
batch	7530	valid_loss	69019.3984375
batch	7560	valid_loss	69137.675293
batch	7590	valid_loss	69002.0297852
batch	7620	valid_loss	68980.2924805
batch	7650	valid_loss	68933.8569336
batch	7680	valid_loss	69070.4301758
batch	7710	valid_loss	68936.222168
batch	7740	valid_loss	68995.3305664
batch	7770	valid_loss	68964.2265625
batch	7800	valid_loss	68962.3603516
batch	7830	valid_loss	69069.6123047
batch	7860	valid_loss	68904.2114258
batch	7890	valid_loss	68945.4243164
batch	7920	valid_loss	68927.3110352
batch	7950	valid_loss	68864.8291016
batch	7980	valid_loss	68795.8183594
batch	8010	valid_loss	68766.7709961
batch	8040	valid_loss	68830.1860352
batch	8070	valid_loss	68989.2275391
batch	8100	valid_loss	68835.175293
batch	8130	valid_loss	68872.8969727
batch	8160	valid_loss	68763.7851562
batch	8190	valid_loss	68760.3789062
batch	8220	valid_loss	68831.1328125
batch	8250	valid_loss	68817.4331055
batch	8280	valid_loss	68779.9335938
batch	8310	valid_loss	68760.8168945
batch	8340	valid_loss	68741.0581055
batch	8370	valid_loss	68708.4799805
batch	8400	valid_loss	68863.8945312
batch	8430	valid_loss	68773.6225586
batch	8460	valid_loss	68746.2026367
batch	8490	valid_loss	68618.296875
batch	8520	valid_loss	68655.7641602
batch	8550	valid_loss	68700.7924805
batch	8580	valid_loss	68701.0991211
batch	8610	valid_loss	68749.5019531
batch	8640	valid_loss	68653.0678711
batch	8670	valid_loss	68676.4838867
batch	8700	valid_loss	68620.6640625
batch	8730	valid_loss	68801.328125
batch	8760	valid_loss	68756.6767578
batch	8790	valid_loss	68576.6831055
batch	8820	valid_loss	68501.8261719
batch	8850	valid_loss	68596.8374023
batch	8880	valid_loss	68495.3637695
batch	8910	valid_loss	68583.3393555
batch	8940	valid_loss	68601.9672852
batch	8970	valid_loss	68559.9912109
batch	9000	valid_loss	68522.7675781
batch	9030	valid_loss	68509.2670898
batch	9060	valid_loss	68552.7246094
batch	9090	valid_loss	68495.8330078
batch	9120	valid_loss	68500.6088867
batch	9150	valid_loss	68528.2021484
batch	9180	valid_loss	68496.1967773
batch	9210	valid_loss	68511.0205078
batch	9240	valid_loss	68527.2436523
batch	9270	valid_loss	68515.5341797
batch	9300	valid_loss	68541.7729492
batch	9330	valid_loss	68422.0859375
batch	9360	valid_loss	68424.3227539
batch	9390	valid_loss	68470.7314453
batch	9420	valid_loss	68333.3369141
batch	9450	valid_loss	68350.453125
batch	9480	valid_loss	68292.1899414
batch	9510	valid_loss	68222.9423828
batch	9540	valid_loss	68276.7768555
batch	9570	valid_loss	68270.609375
batch	9600	valid_loss	68263.0244141
batch	9630	valid_loss	68290.8701172
batch	9660	valid_loss	68270.3408203
batch	9690	valid_loss	68286.9384766
batch	9720	valid_loss	68237.5351562
batch	9750	valid_loss	68193.9072266
batch	9780	valid_loss	68217.7783203
batch	9810	valid_loss	68159.3525391
batch	9840	valid_loss	68247.34375
batch	9870	valid_loss	68177.6318359
batch	9900	valid_loss	68036.1835938
batch	9930	valid_loss	68091.7773438
batch	9960	valid_loss	68147.3261719
batch	9990	valid_loss	68074.300293
batch	10020	valid_loss	68026.6333008
batch	10050	valid_loss	67941.199707
batch	10080	valid_loss	68052.1157227
batch	10110	valid_loss	68061.2128906
batch	10140	valid_loss	68068.4873047
batch	10170	valid_loss	68156.0639648
batch	10200	valid_loss	67978.3847656
batch	10230	valid_loss	67916.0224609
batch	10260	valid_loss	67912.0683594
batch	10290	valid_loss	68034.0952148
batch	10320	valid_loss	67908.4638672
batch	10350	valid_loss	67888.0527344
batch	10380	valid_loss	67792.1401367
batch	10410	valid_loss	67753.0458984
batch	10440	valid_loss	67770.3129883
batch	10470	valid_loss	67729.8852539
batch	10500	valid_loss	67740.3706055
batch	10530	valid_loss	67812.7607422
batch	10560	valid_loss	67800.8105469
batch	10590	valid_loss	67666.5639648
batch	10620	valid_loss	67761.0869141
batch	10650	valid_loss	67649.831543
batch	10680	valid_loss	67715.199707
batch	10710	valid_loss	67606.7768555
batch	10740	valid_loss	67612.1806641
batch	10770	valid_loss	67552.6269531
batch	10800	valid_loss	67482.1713867
batch	10830	valid_loss	67564.9350586
batch	10860	valid_loss	67583.5073242
batch	10890	valid_loss	67466.5498047
batch	10920	valid_loss	67408.253418
batch	10950	valid_loss	67383.2138672
batch	10980	valid_loss	67350.5844727
batch	11010	valid_loss	67378.8349609
batch	11040	valid_loss	67310.6152344
batch	11070	valid_loss	67300.1533203
batch	11100	valid_loss	67206.6079102
batch	11130	valid_loss	67205.0097656
batch	11160	valid_loss	67219.9316406
batch	11190	valid_loss	67209.7963867
batch	11220	valid_loss	67188.940918
batch	11250	valid_loss	67176.7856445
batch	11280	valid_loss	67153.359375
batch	11310	valid_loss	67024.9458008
batch	11340	valid_loss	67002.2783203
batch	11370	valid_loss	66929.3291016
batch	11400	valid_loss	66890.359375
batch	11430	valid_loss	66835.3027344
batch	11460	valid_loss	66800.0761719
batch	11490	valid_loss	66716.9848633
batch	11520	valid_loss	66744.3735352
batch	11550	valid_loss	66693.2836914
batch	11580	valid_loss	66616.3466797
batch	11610	valid_loss	66577.9931641
batch	11640	valid_loss	66551.5063477
batch	11670	valid_loss	66561.9375
batch	11700	valid_loss	66541.2084961
batch	11730	valid_loss	66487.8828125
batch	11760	valid_loss	66345.0893555
batch	11790	valid_loss	66259.5766602
batch	11820	valid_loss	66225.3774414
batch	11850	valid_loss	66235.144043
batch	11880	valid_loss	66206.9360352
batch	11910	valid_loss	66050.5693359
batch	11940	valid_loss	65988.5927734
batch	11970	valid_loss	65912.6899414
batch	12000	valid_loss	65853.9365234
batch	12030	valid_loss	65782.5341797
batch	12060	valid_loss	65741.7329102
batch	12090	valid_loss	65702.3149414
batch	12120	valid_loss	65679.7075195
batch	12150	valid_loss	65589.2524414
batch	12180	valid_loss	65598.8945312
batch	12210	valid_loss	65396.890625
batch	12240	valid_loss	65440.1303711
batch	12270	valid_loss	65256.3154297
batch	12300	valid_loss	65290.0092773
batch	12330	valid_loss	65110.8666992
batch	12360	valid_loss	65042.0380859
batch	12390	valid_loss	65049.5390625
batch	12420	valid_loss	65056.9311523
batch	12450	valid_loss	64945.8369141
batch	12480	valid_loss	64856.7338867
batch	12510	valid_loss	64810.8530273
batch	12540	valid_loss	64659.6293945
batch	12570	valid_loss	64785.8833008
batch	12600	valid_loss	64621.0297852
batch	12630	valid_loss	64583.1845703
batch	12660	valid_loss	64489.8671875
batch	12690	valid_loss	64419.1982422
batch	12720	valid_loss	64386.0947266
batch	12750	valid_loss	64368.4057617
batch	12780	valid_loss	64298.3662109
batch	12810	valid_loss	64372.9316406
batch	12840	valid_loss	64249.7270508
batch	12870	valid_loss	64113.5307617
batch	12900	valid_loss	64162.4511719
batch	12930	valid_loss	63987.4238281
batch	12960	valid_loss	63936.3183594
batch	12990	valid_loss	63873.5976562
batch	13020	valid_loss	63802.5429688
batch	13050	valid_loss	63757.1953125
batch	13080	valid_loss	63821.3432617
batch	13110	valid_loss	63639.4394531
batch	13140	valid_loss	63593.4213867
batch	13170	valid_loss	63564.0761719
batch	13200	valid_loss	63540.2192383
batch	13230	valid_loss	63569.6386719
batch	13260	valid_loss	63532.1621094
batch	13290	valid_loss	63460.097168
batch	13320	valid_loss	63319.3164062
batch	13350	valid_loss	63274.6352539
batch	13380	valid_loss	63227.2983398
batch	13410	valid_loss	63210.1757812
batch	13440	valid_loss	63257.8530273
batch	13470	valid_loss	63081.9926758
batch	13500	valid_loss	63013.7089844
batch	13530	valid_loss	62980.449707
batch	13560	valid_loss	62899.003418
batch	13590	valid_loss	62848.2753906
batch	13620	valid_loss	62850.7041016
batch	13650	valid_loss	62780.4326172
batch	13680	valid_loss	62803.621582
batch	13710	valid_loss	62685.2368164
batch	13740	valid_loss	62720.7070312
batch	13770	valid_loss	62578.3144531
batch	13800	valid_loss	62562.7407227
batch	13830	valid_loss	62439.5014648
batch	13860	valid_loss	62511.1977539
batch	13890	valid_loss	62351.0957031
batch	13920	valid_loss	62360.1733398
batch	13950	valid_loss	62279.0498047
batch	13980	valid_loss	62320.1279297
batch	14010	valid_loss	62198.4575195
batch	14040	valid_loss	62088.0263672
batch	14070	valid_loss	62146.7373047
batch	14100	valid_loss	61974.1904297
batch	14130	valid_loss	62098.8862305
batch	14160	valid_loss	62018.0439453
batch	14190	valid_loss	61993.3764648
batch	14220	valid_loss	61816.7685547
batch	14250	valid_loss	61785.3012695
batch	14280	valid_loss	61743.0268555
batch	14310	valid_loss	61797.0239258
batch	14340	valid_loss	61678.1201172
batch	14370	valid_loss	61787.9775391
batch	14400	valid_loss	61667.7890625
batch	14430	valid_loss	61558.8730469
batch	14460	valid_loss	61633.1923828
batch	14490	valid_loss	61433.4160156
batch	14520	valid_loss	61374.1269531
batch	14550	valid_loss	61324.7578125
batch	14580	valid_loss	61276.6376953
batch	14610	valid_loss	61288.6630859
batch	14640	valid_loss	61308.7172852
batch	14670	valid_loss	61109.0449219
batch	14700	valid_loss	61128.9980469
batch	14730	valid_loss	61152.1201172
batch	14760	valid_loss	61045.3452148
batch	14790	valid_loss	61163.4033203
batch	14820	valid_loss	61173.5595703
batch	14850	valid_loss	61063.0844727
batch	14880	valid_loss	60966.5869141
batch	14910	valid_loss	60932.7348633
batch	14940	valid_loss	60909.9306641
batch	14970	valid_loss	60865.6948242
batch	15000	valid_loss	60945.1923828
batch	15030	valid_loss	60807.9594727
batch	15060	valid_loss	60750.9345703
batch	15090	valid_loss	60750.2402344
batch	15120	valid_loss	60657.5927734
batch	15150	valid_loss	60638.3901367
batch	15180	valid_loss	60599.3525391
batch	15210	valid_loss	60622.4291992
batch	15240	valid_loss	60604.1474609
batch	15270	valid_loss	60527.7211914
batch	15300	valid_loss	60601.7983398
batch	15330	valid_loss	60482.1806641
batch	15360	valid_loss	60482.6967773
batch	15390	valid_loss	60382.2133789
batch	15420	valid_loss	60502.8110352
batch	15450	valid_loss	60343.1342773
batch	15480	valid_loss	60265.0029297
batch	15510	valid_loss	60248.3979492
batch	15540	valid_loss	60262.4921875
batch	15570	valid_loss	60228.487793
batch	15600	valid_loss	60160.684082
batch	15630	valid_loss	60220.9160156
batch	15660	valid_loss	60090.0771484
batch	15690	valid_loss	60229.0805664
batch	15720	valid_loss	60121.1303711
batch	15750	valid_loss	60054.0375977
batch	15780	valid_loss	59982.0664062
batch	15810	valid_loss	59998.2978516
batch	15840	valid_loss	59960.480957
batch	15870	valid_loss	60034.6635742
batch	15900	valid_loss	59916.0727539
batch	15930	valid_loss	60029.9130859
batch	15960	valid_loss	59935.8427734
batch	15990	valid_loss	59794.6953125
batch	16020	valid_loss	59900.6293945
batch	16050	valid_loss	59744.9926758
batch	16080	valid_loss	59683.4775391
batch	16110	valid_loss	59641.5600586
batch	16140	valid_loss	59627.0761719
batch	16170	valid_loss	59681.4731445
batch	16200	valid_loss	59670.1679688
batch	16230	valid_loss	59532.0620117
batch	16260	valid_loss	59548.4316406
batch	16290	valid_loss	59529.0751953
batch	16320	valid_loss	59456.2055664
batch	16350	valid_loss	59617.253418
batch	16380	valid_loss	59651.6577148
batch	16410	valid_loss	59520.9233398
batch	16440	valid_loss	59489.6591797
batch	16470	valid_loss	59405.4736328
batch	16500	valid_loss	59396.987793
batch	16530	valid_loss	59339.6484375
batch	16560	valid_loss	59484.6323242
batch	16590	valid_loss	59295.6157227
batch	16620	valid_loss	59264.6435547
batch	16650	valid_loss	59282.4482422
batch	16680	valid_loss	59175.9589844
batch	16710	valid_loss	59183.2553711
batch	16740	valid_loss	59105.9379883
batch	16770	valid_loss	59178.1879883
batch	16800	valid_loss	59170.2045898
batch	16830	valid_loss	59108.8193359
batch	16860	valid_loss	59153.546875
batch	16890	valid_loss	59075.2114258
batch	16920	valid_loss	59064.7197266
batch	16950	valid_loss	58944.4204102
batch	16980	valid_loss	59116.6367188
batch	17010	valid_loss	58933.0048828
batch	17040	valid_loss	58861.543457
batch	17070	valid_loss	58838.496582
batch	17100	valid_loss	58868.5341797
batch	17130	valid_loss	58873.6015625
batch	17160	valid_loss	58748.4589844
batch	17190	valid_loss	58869.0229492
batch	17220	valid_loss	58702.0473633
batch	17250	valid_loss	58872.628418
batch	17280	valid_loss	58767.1450195
batch	17310	valid_loss	58659.4199219
batch	17340	valid_loss	58621.1533203
batch	17370	valid_loss	58650.300293
batch	17400	valid_loss	58564.6875
batch	17430	valid_loss	58725.7509766
batch	17460	valid_loss	58596.4213867
batch	17490	valid_loss	58705.3242188
batch	17520	valid_loss	58599.7797852
batch	17550	valid_loss	58411.2470703
batch	17580	valid_loss	58600.7094727
batch	17610	valid_loss	58405.1772461
batch	17640	valid_loss	58386.3583984
batch	17670	valid_loss	58312.5
batch	17700	valid_loss	58278.6762695
batch	17730	valid_loss	58367.6523438
batch	17760	valid_loss	58348.1333008
batch	17790	valid_loss	58238.5991211
batch	17820	valid_loss	58253.8022461
batch	17850	valid_loss	58193.5014648
batch	17880	valid_loss	58121.2861328
batch	17910	valid_loss	58349.3862305
batch	17940	valid_loss	58334.7592773
batch	17970	valid_loss	58225.8120117
batch	18000	valid_loss	58212.668457
batch	18030	valid_loss	58108.5927734
batch	18060	valid_loss	58083.7480469
batch	18090	valid_loss	58029.1982422
batch	18120	valid_loss	58219.2719727
batch	18150	valid_loss	57983.472168
batch	18180	valid_loss	58039.8500977
batch	18210	valid_loss	58021.7446289
batch	18240	valid_loss	57891.8588867
batch	18270	valid_loss	57898.8886719
batch	18300	valid_loss	57817.8481445
batch	18330	valid_loss	57886.2167969
batch	18360	valid_loss	57952.5708008
batch	18390	valid_loss	57863.5664062
batch	18420	valid_loss	57887.6958008
batch	18450	valid_loss	57858.3623047
batch	18480	valid_loss	57805.9262695
batch	18510	valid_loss	57679.9521484
batch	18540	valid_loss	57874.3803711
batch	18570	valid_loss	57695.7329102
batch	18600	valid_loss	57623.4570312
batch	18630	valid_loss	57569.7597656
batch	18660	valid_loss	57637.1103516
batch	18690	valid_loss	57671.644043
batch	18720	valid_loss	57525.6806641
batch	18750	valid_loss	57698.6123047
batch	18780	valid_loss	57501.6669922
batch	18810	valid_loss	57678.5219727
batch	18840	valid_loss	57585.1796875
batch	18870	valid_loss	57451.9609375
batch	18900	valid_loss	57424.0161133
batch	18930	valid_loss	57435.2670898
batch	18960	valid_loss	57365.6293945
batch	18990	valid_loss	57526.1489258
batch	19020	valid_loss	57451.5322266
batch	19050	valid_loss	57533.0024414
batch	19080	valid_loss	57422.3862305
batch	19110	valid_loss	57236.8994141
batch	19140	valid_loss	57376.9116211
batch	19170	valid_loss	57223.7260742
batch	19200	valid_loss	57232.9482422
batch	19230	valid_loss	57120.5849609
batch	19260	valid_loss	57096.3496094
batch	19290	valid_loss	57168.0087891
batch	19320	valid_loss	57167.6762695
batch	19350	valid_loss	57084.2265625
batch	19380	valid_loss	57144.4506836
batch	19410	valid_loss	57056.0952148
batch	19440	valid_loss	56954.7329102
batch	19470	valid_loss	57204.262207
batch	19500	valid_loss	57190.0336914
batch	19530	valid_loss	57092.137207
batch	19560	valid_loss	57062.3271484
batch	19590	valid_loss	56945.7998047
batch	19620	valid_loss	56917.40625
batch	19650	valid_loss	56886.5917969
batch	19680	valid_loss	57107.418457
batch	19710	valid_loss	56853.3813477
batch	19740	valid_loss	56918.0317383
batch	19770	valid_loss	56886.7290039
batch	19800	valid_loss	56758.8686523
batch	19830	valid_loss	56780.5664062
batch	19860	valid_loss	56692.1230469
batch	19890	valid_loss	56716.5268555
batch	19920	valid_loss	56832.1098633
batch	19950	valid_loss	56758.4438477
batch	19980	valid_loss	56777.6923828
batch	20010	valid_loss	56771.953125
batch	20040	valid_loss	56689.3657227
batch	20070	valid_loss	56551.3183594
batch	20100	valid_loss	56743.3266602
batch	20130	valid_loss	56587.309082
batch	20160	valid_loss	56510.7055664
batch	20190	valid_loss	56446.7485352
batch	20220	valid_loss	56533.3476562
batch	20250	valid_loss	56590.5874023
batch	20280	valid_loss	56422.4458008
batch	20310	valid_loss	56629.4023438
batch	20340	valid_loss	56397.6977539
batch	20370	valid_loss	56541.2817383
batch	20400	valid_loss	56517.2597656
batch	20430	valid_loss	56335.2119141
batch	20460	valid_loss	56319.6010742
batch	20490	valid_loss	56326.2797852
batch	20520	valid_loss	56260.8266602
batch	20550	valid_loss	56409.1748047
batch	20580	valid_loss	56360.6079102
batch	20610	valid_loss	56437.6513672
batch	20640	valid_loss	56338.4838867
batch	20670	valid_loss	56121.0732422
batch	20700	valid_loss	56253.8779297
batch	20730	valid_loss	56133.605957
batch	20760	valid_loss	56109.152832
batch	20790	valid_loss	56034.6865234
batch	20820	valid_loss	55990.3193359
batch	20850	valid_loss	56065.7402344
batch	20880	valid_loss	56045.3901367
batch	20910	valid_loss	55990.1879883
batch	20940	valid_loss	56033.1132812
batch	20970	valid_loss	55955.4130859
batch	21000	valid_loss	55839.2446289
batch	21030	valid_loss	56104.3730469
batch	21060	valid_loss	56117.253418
batch	21090	valid_loss	56001.9790039
batch	21120	valid_loss	55955.6855469
batch	21150	valid_loss	55841.0498047
batch	21180	valid_loss	55806.8588867
batch	21210	valid_loss	55778.0429688
batch	21240	valid_loss	55956.5322266
batch	21270	valid_loss	55753.3100586
batch	21300	valid_loss	55804.2387695
batch	21330	valid_loss	55785.4057617
batch	21360	valid_loss	55662.8486328
batch	21390	valid_loss	55693.0229492
batch	21420	valid_loss	55601.1914062
batch	21450	valid_loss	55615.7626953
batch	21480	valid_loss	55761.7885742
batch	21510	valid_loss	55675.8188477
batch	21540	valid_loss	55702.2143555
batch	21570	valid_loss	55694.5483398
batch	21600	valid_loss	55615.2456055
batch	21630	valid_loss	55495.4985352
batch	21660	valid_loss	55646.9072266
batch	21690	valid_loss	55502.7514648
batch	21720	valid_loss	55424.7666016
batch	21750	valid_loss	55377.2167969
batch	21780	valid_loss	55486.9951172
batch	21810	valid_loss	55569.434082
batch	21840	valid_loss	55373.5273438
batch	21870	valid_loss	55590.8359375
batch	21900	valid_loss	55396.0703125
batch	21930	valid_loss	55458.0170898
batch	21960	valid_loss	55501.4858398
batch	21990	valid_loss	55303.0410156
batch	22020	valid_loss	55275.3374023
batch	22050	valid_loss	55276.1479492
batch	22080	valid_loss	55210.3525391
batch	22110	valid_loss	55363.8359375
batch	22140	valid_loss	55363.902832
batch	22170	valid_loss	55443.1655273
batch	22200	valid_loss	55338.769043
batch	22230	valid_loss	55115.4570312
batch	22260	valid_loss	55279.6362305
batch	22290	valid_loss	55173.0322266
batch	22320	valid_loss	55106.6669922
batch	22350	valid_loss	55075.9746094
batch	22380	valid_loss	55015.8535156
batch	22410	valid_loss	55073.953125
batch	22440	valid_loss	55049.8149414
batch	22470	valid_loss	55025.6953125
batch	22500	valid_loss	55081.9819336
batch	22530	valid_loss	54990.8833008
batch	22560	valid_loss	54867.0834961
batch	22590	valid_loss	55164.7250977
batch	22620	valid_loss	55204.4697266
batch	22650	valid_loss	55076.4951172
batch	22680	valid_loss	55020.565918
batch	22710	valid_loss	54923.7836914
batch	22740	valid_loss	54886.565918
batch	22770	valid_loss	54861.1132812
batch	22800	valid_loss	55034.8510742
batch	22830	valid_loss	54877.9125977
batch	22860	valid_loss	54896.1435547
batch	22890	valid_loss	54884.0869141
batch	22920	valid_loss	54762.2988281
batch	22950	valid_loss	54815.1787109
batch	22980	valid_loss	54707.8818359
batch	23010	valid_loss	54733.6938477
batch	23040	valid_loss	54888.1489258
batch	23070	valid_loss	54817.4375
batch	23100	valid_loss	54862.5595703
batch	23130	valid_loss	54874.703125
batch	23160	valid_loss	54757.6674805
batch	23190	valid_loss	54668.5605469
batch	23220	valid_loss	54778.1870117
batch	23250	valid_loss	54644.3212891
batch	23280	valid_loss	54565.2783203
batch	23310	valid_loss	54574.7836914
batch	23340	valid_loss	54640.2177734
batch	23370	valid_loss	54775.980957
batch	23400	valid_loss	54573.8022461
batch	23430	valid_loss	54823.1884766
batch	23460	valid_loss	54630.6171875
batch	23490	valid_loss	54606.5424805
batch	23520	valid_loss	54753.8657227
batch	23550	valid_loss	54512.8847656
batch	23580	valid_loss	54464.6035156
batch	23610	valid_loss	54471.512207
batch	23640	valid_loss	54382.3793945
batch	23670	valid_loss	54547.2163086
batch	23700	valid_loss	54594.753418
batch	23730	valid_loss	54683.4580078
batch	23760	valid_loss	54576.1298828
batch	23790	valid_loss	54337.5014648
batch	23820	valid_loss	54491.1210938
batch	23850	valid_loss	54430.972168
batch	23880	valid_loss	54355.0864258
batch	23910	valid_loss	54353.2026367
batch	23940	valid_loss	54240.0058594
batch	23970	valid_loss	54313.972168
batch	24000	valid_loss	54287.4013672
batch	24030	valid_loss	54294.1450195
batch	24060	valid_loss	54357.0864258
batch	24090	valid_loss	54212.296875
batch	24120	valid_loss	54127.4907227
batch	24150	valid_loss	54446.1879883
batch	24180	valid_loss	54487.9848633
batch	24210	valid_loss	54353.6791992
batch	24240	valid_loss	54296.7768555
batch	24270	valid_loss	54237.8896484
batch	24300	valid_loss	54178.6918945
batch	24330	valid_loss	54136.7094727
batch	24360	valid_loss	54337.7177734
batch	24390	valid_loss	54121.0849609
batch	24420	valid_loss	54172.7861328
batch	24450	valid_loss	54215.7333984
batch	24480	valid_loss	54049.6640625
batch	24510	valid_loss	54107.597168
batch	24540	valid_loss	54000.1787109
batch	24570	valid_loss	54038.0556641
batch	24600	valid_loss	54225.6801758
batch	24630	valid_loss	54148.7294922
batch	24660	valid_loss	54204.1762695
batch	24690	valid_loss	54207.3535156
batch	24720	valid_loss	54046.1337891
batch	24750	valid_loss	53996.0883789
batch	24780	valid_loss	54104.7480469
batch	24810	valid_loss	53958.9423828
batch	24840	valid_loss	53885.8930664
batch	24870	valid_loss	53901.3369141
batch	24900	valid_loss	53964.6152344
batch	24930	valid_loss	54127.8769531
batch	24960	valid_loss	53963.6206055
batch	24990	valid_loss	54172.9921875
STOP
START
config	620	20	620	1140
batch	0	valid_loss	7614896.1875
batch	30	valid_loss	216322.929688
batch	60	valid_loss	101722.3125
batch	90	valid_loss	96263.5234375
batch	120	valid_loss	96093.2226562
batch	150	valid_loss	96073.5986328
batch	180	valid_loss	96056.4794922
batch	210	valid_loss	96124.7587891
batch	240	valid_loss	96098.0761719
batch	270	valid_loss	96169.125
batch	300	valid_loss	95941.3125
batch	330	valid_loss	95880.5458984
batch	360	valid_loss	95620.6533203
batch	390	valid_loss	95465.4287109
batch	420	valid_loss	94832.7294922
batch	450	valid_loss	93961.0976562
batch	480	valid_loss	93055.1914062
batch	510	valid_loss	92061.1552734
batch	540	valid_loss	90927.9790039
batch	570	valid_loss	89921.8569336
batch	600	valid_loss	89321.8134766
batch	630	valid_loss	88768.4326172
batch	660	valid_loss	88462.0908203
batch	690	valid_loss	88190.0566406
batch	720	valid_loss	87939.5844727
batch	750	valid_loss	87878.793457
batch	780	valid_loss	87639.3881836
batch	810	valid_loss	87559.3642578
batch	840	valid_loss	87377.315918
batch	870	valid_loss	87362.3256836
batch	900	valid_loss	87191.8544922
batch	930	valid_loss	87164.4423828
batch	960	valid_loss	86969.1943359
batch	990	valid_loss	86779.8740234
batch	1020	valid_loss	86738.6870117
batch	1050	valid_loss	86410.6196289
batch	1080	valid_loss	86095.3398438
batch	1110	valid_loss	85990.4560547
batch	1140	valid_loss	85687.112793
batch	1170	valid_loss	85414.6728516
batch	1200	valid_loss	85209.1132812
batch	1230	valid_loss	84966.1699219
batch	1260	valid_loss	84666.8647461
batch	1290	valid_loss	84386.6938477
batch	1320	valid_loss	84188.0717773
batch	1350	valid_loss	83901.5327148
batch	1380	valid_loss	83852.3701172
batch	1410	valid_loss	83475.4321289
batch	1440	valid_loss	83335.0927734
batch	1470	valid_loss	83044.3598633
batch	1500	valid_loss	82906.8251953
batch	1530	valid_loss	82712.6933594
batch	1560	valid_loss	82629.1835938
batch	1590	valid_loss	82176.871582
batch	1620	valid_loss	82051.6044922
batch	1650	valid_loss	81889.4199219
batch	1680	valid_loss	81882.7138672
batch	1710	valid_loss	81485.1347656
batch	1740	valid_loss	81508.5654297
batch	1770	valid_loss	81136.7685547
batch	1800	valid_loss	81062.5117188
batch	1830	valid_loss	81053.2514648
batch	1860	valid_loss	80771.7543945
batch	1890	valid_loss	80786.8037109
batch	1920	valid_loss	80553.4897461
batch	1950	valid_loss	80234.1831055
batch	1980	valid_loss	79985.3325195
batch	2010	valid_loss	79902.8583984
batch	2040	valid_loss	79621.4707031
batch	2070	valid_loss	79336.8901367
batch	2100	valid_loss	79230.453125
batch	2130	valid_loss	79101.0317383
batch	2160	valid_loss	78980.003418
batch	2190	valid_loss	78865.3823242
batch	2220	valid_loss	78765.2866211
batch	2250	valid_loss	78718.1733398
batch	2280	valid_loss	78488.1679688
batch	2310	valid_loss	78598.3217773
batch	2340	valid_loss	78318.8491211
batch	2370	valid_loss	78230.859375
batch	2400	valid_loss	78207.4013672
batch	2430	valid_loss	78149.9116211
batch	2460	valid_loss	77976.5673828
batch	2490	valid_loss	78206.8642578
batch	2520	valid_loss	77975.5888672
batch	2550	valid_loss	78015.2255859
batch	2580	valid_loss	77853.4814453
batch	2610	valid_loss	77621.6958008
batch	2640	valid_loss	77747.9804688
batch	2670	valid_loss	77681.3110352
batch	2700	valid_loss	77489.6791992
batch	2730	valid_loss	77476.206543
batch	2760	valid_loss	77376.7192383
batch	2790	valid_loss	77348.1767578
batch	2820	valid_loss	77256.1362305
batch	2850	valid_loss	77229.5595703
batch	2880	valid_loss	77161.378418
batch	2910	valid_loss	77018.0493164
batch	2940	valid_loss	77040.8623047
batch	2970	valid_loss	76893.0131836
batch	3000	valid_loss	76778.3032227
batch	3030	valid_loss	76705.0527344
batch	3060	valid_loss	76810.0390625
batch	3090	valid_loss	76521.3120117
batch	3120	valid_loss	76875.5351562
batch	3150	valid_loss	76556.2260742
batch	3180	valid_loss	76377.5351562
batch	3210	valid_loss	76423.1240234
batch	3240	valid_loss	76393.4550781
batch	3270	valid_loss	76250.9067383
batch	3300	valid_loss	76090.2255859
batch	3330	valid_loss	76162.0878906
batch	3360	valid_loss	76185.2954102
batch	3390	valid_loss	76189.8740234
batch	3420	valid_loss	76047.3032227
batch	3450	valid_loss	75993.7651367
batch	3480	valid_loss	76045.2397461
batch	3510	valid_loss	76004.0493164
batch	3540	valid_loss	75831.0053711
batch	3570	valid_loss	75858.7978516
batch	3600	valid_loss	75778.6357422
batch	3630	valid_loss	75720.6967773
batch	3660	valid_loss	75725.4692383
batch	3690	valid_loss	75485.5566406
batch	3720	valid_loss	75624.9106445
batch	3750	valid_loss	75410.8642578
batch	3780	valid_loss	75393.496582
batch	3810	valid_loss	75231.4599609
batch	3840	valid_loss	75207.4785156
batch	3870	valid_loss	75244.3867188
batch	3900	valid_loss	75021.6420898
batch	3930	valid_loss	74998.4501953
batch	3960	valid_loss	75063.1157227
batch	3990	valid_loss	74991.9052734
batch	4020	valid_loss	75009.1879883
batch	4050	valid_loss	75170.7783203
batch	4080	valid_loss	74936.0581055
batch	4110	valid_loss	74932.1665039
batch	4140	valid_loss	74900.3984375
batch	4170	valid_loss	74859.4702148
batch	4200	valid_loss	74913.5322266
batch	4230	valid_loss	74809.5922852
batch	4260	valid_loss	74719.1674805
batch	4290	valid_loss	74791.6708984
batch	4320	valid_loss	74707.6894531
batch	4350	valid_loss	74689.1538086
batch	4380	valid_loss	74652.6152344
batch	4410	valid_loss	74656.4711914
batch	4440	valid_loss	74717.4926758
batch	4470	valid_loss	74729.8554688
batch	4500	valid_loss	74706.9770508
batch	4530	valid_loss	74502.3305664
batch	4560	valid_loss	74693.362793
batch	4590	valid_loss	74438.9257812
batch	4620	valid_loss	74465.6987305
batch	4650	valid_loss	74410.1171875
batch	4680	valid_loss	74454.6171875
batch	4710	valid_loss	74466.706543
batch	4740	valid_loss	74343.5917969
batch	4770	valid_loss	74419.8984375
batch	4800	valid_loss	74375.6499023
batch	4830	valid_loss	74093.7246094
batch	4860	valid_loss	74110.3027344
batch	4890	valid_loss	74118.0522461
batch	4920	valid_loss	74091.0219727
batch	4950	valid_loss	74185.9760742
batch	4980	valid_loss	74027.0058594
batch	5010	valid_loss	73987.5380859
batch	5040	valid_loss	73824.1708984
batch	5070	valid_loss	73882.1928711
batch	5100	valid_loss	73830.6967773
batch	5130	valid_loss	73765.9194336
batch	5160	valid_loss	73718.1918945
batch	5190	valid_loss	73819.074707
batch	5220	valid_loss	73750.1269531
batch	5250	valid_loss	73597.5175781
batch	5280	valid_loss	73671.4677734
batch	5310	valid_loss	73629.4506836
batch	5340	valid_loss	73598.9121094
batch	5370	valid_loss	73583.065918
batch	5400	valid_loss	73495.7714844
batch	5430	valid_loss	73559.4648438
batch	5460	valid_loss	73453.5688477
batch	5490	valid_loss	73540.5151367
batch	5520	valid_loss	73435.0610352
batch	5550	valid_loss	73421.2695312
batch	5580	valid_loss	73424.6791992
batch	5610	valid_loss	73530.1796875
batch	5640	valid_loss	73392.6464844
batch	5670	valid_loss	73363.9907227
batch	5700	valid_loss	73343.2749023
batch	5730	valid_loss	73421.5039062
batch	5760	valid_loss	73336.7602539
batch	5790	valid_loss	73366.4619141
batch	5820	valid_loss	73366.9770508
batch	5850	valid_loss	73267.4824219
batch	5880	valid_loss	73281.5717773
batch	5910	valid_loss	73281.1230469
batch	5940	valid_loss	73216.9423828
batch	5970	valid_loss	73266.4824219
batch	6000	valid_loss	73392.0341797
batch	6030	valid_loss	73304.855957
batch	6060	valid_loss	73280.7729492
batch	6090	valid_loss	73200.9550781
batch	6120	valid_loss	73350.0776367
batch	6150	valid_loss	73199.5083008
batch	6180	valid_loss	73234.840332
batch	6210	valid_loss	73193.2011719
batch	6240	valid_loss	73302.4770508
batch	6270	valid_loss	73287.8359375
batch	6300	valid_loss	73199.1113281
batch	6330	valid_loss	73217.1357422
batch	6360	valid_loss	73171.7446289
batch	6390	valid_loss	73118.4355469
batch	6420	valid_loss	73101.956543
batch	6450	valid_loss	73113.1791992
batch	6480	valid_loss	73102.7304688
batch	6510	valid_loss	73267.2133789
batch	6540	valid_loss	73075.3925781
batch	6570	valid_loss	73147.4033203
batch	6600	valid_loss	73055.8730469
batch	6630	valid_loss	73018.4648438
batch	6660	valid_loss	73084.5893555
batch	6690	valid_loss	73079.637207
batch	6720	valid_loss	73101.0825195
batch	6750	valid_loss	73066.7207031
batch	6780	valid_loss	73008.9599609
batch	6810	valid_loss	72970.2192383
batch	6840	valid_loss	73133.4780273
batch	6870	valid_loss	73031.1972656
batch	6900	valid_loss	73032.4589844
batch	6930	valid_loss	72909.7407227
batch	6960	valid_loss	72982.1621094
batch	6990	valid_loss	72978.2988281
batch	7020	valid_loss	72930.034668
batch	7050	valid_loss	73067.6137695
batch	7080	valid_loss	72908.1020508
batch	7110	valid_loss	72950.1264648
batch	7140	valid_loss	72977.6767578
batch	7170	valid_loss	73088.8759766
batch	7200	valid_loss	73001.859375
batch	7230	valid_loss	72902.3134766
batch	7260	valid_loss	72818.7924805
batch	7290	valid_loss	72833.9926758
batch	7320	valid_loss	72856.71875
batch	7350	valid_loss	72893.9331055
batch	7380	valid_loss	72889.7949219
batch	7410	valid_loss	72874.0102539
batch	7440	valid_loss	72840.9790039
batch	7470	valid_loss	72803.3212891
batch	7500	valid_loss	72783.5932617
batch	7530	valid_loss	72803.4106445
batch	7560	valid_loss	72811.9804688
batch	7590	valid_loss	72806.7426758
batch	7620	valid_loss	72701.2158203
batch	7650	valid_loss	72696.4594727
batch	7680	valid_loss	72855.8554688
batch	7710	valid_loss	72711.7421875
batch	7740	valid_loss	72719.3691406
batch	7770	valid_loss	72757.0024414
batch	7800	valid_loss	72691.0439453
batch	7830	valid_loss	72639.7866211
batch	7860	valid_loss	72532.2407227
batch	7890	valid_loss	72599.0727539
batch	7920	valid_loss	72391.8300781
batch	7950	valid_loss	72281.3032227
batch	7980	valid_loss	72288.2792969
batch	8010	valid_loss	72298.6035156
batch	8040	valid_loss	72264.6425781
batch	8070	valid_loss	72297.3393555
batch	8100	valid_loss	72238.8984375
batch	8130	valid_loss	72156.5820312
batch	8160	valid_loss	72298.9472656
batch	8190	valid_loss	72042.2905273
batch	8220	valid_loss	72016.730957
batch	8250	valid_loss	71979.3256836
batch	8280	valid_loss	72032.5541992
batch	8310	valid_loss	71948.7348633
batch	8340	valid_loss	71779.5869141
batch	8370	valid_loss	71779.7827148
batch	8400	valid_loss	71851.1513672
batch	8430	valid_loss	71686.8125
batch	8460	valid_loss	71690.4702148
batch	8490	valid_loss	71571.6704102
batch	8520	valid_loss	71617.5732422
batch	8550	valid_loss	71607.1279297
batch	8580	valid_loss	71555.703125
batch	8610	valid_loss	71718.9365234
batch	8640	valid_loss	71456.1098633
batch	8670	valid_loss	71380.2260742
batch	8700	valid_loss	71379.4213867
batch	8730	valid_loss	71447.2211914
batch	8760	valid_loss	71361.9038086
batch	8790	valid_loss	71244.6479492
batch	8820	valid_loss	71180.8623047
batch	8850	valid_loss	71148.7485352
batch	8880	valid_loss	71087.75
batch	8910	valid_loss	71045.0268555
batch	8940	valid_loss	71099.137207
batch	8970	valid_loss	71021.4741211
batch	9000	valid_loss	71005.8637695
batch	9030	valid_loss	70899.6904297
batch	9060	valid_loss	70917.4956055
batch	9090	valid_loss	70824.0214844
batch	9120	valid_loss	70849.2250977
batch	9150	valid_loss	70772.5761719
batch	9180	valid_loss	70692.4584961
batch	9210	valid_loss	70637.2329102
batch	9240	valid_loss	70668.8442383
batch	9270	valid_loss	70707.2905273
batch	9300	valid_loss	70679.4848633
batch	9330	valid_loss	70550.9477539
batch	9360	valid_loss	70711.7939453
batch	9390	valid_loss	70493.2475586
batch	9420	valid_loss	70437.9643555
batch	9450	valid_loss	70444.425293
batch	9480	valid_loss	70394.9726562
batch	9510	valid_loss	70451.2304688
batch	9540	valid_loss	70286.9848633
batch	9570	valid_loss	70258.7675781
batch	9600	valid_loss	70220.9609375
batch	9630	valid_loss	70283.5371094
batch	9660	valid_loss	70179.9580078
batch	9690	valid_loss	70179.6171875
batch	9720	valid_loss	70176.0839844
batch	9750	valid_loss	70093.0654297
batch	9780	valid_loss	70043.0717773
batch	9810	valid_loss	69936.4331055
batch	9840	valid_loss	69944.6796875
batch	9870	valid_loss	69916.0986328
batch	9900	valid_loss	69808.0405273
batch	9930	valid_loss	69809.9731445
batch	9960	valid_loss	69901.277832
batch	9990	valid_loss	69757.3481445
batch	10020	valid_loss	69747.7353516
batch	10050	valid_loss	69676.121582
batch	10080	valid_loss	69696.3369141
batch	10110	valid_loss	69681.078125
batch	10140	valid_loss	69650.1391602
batch	10170	valid_loss	69596.1806641
batch	10200	valid_loss	69561.1933594
batch	10230	valid_loss	69418.9428711
batch	10260	valid_loss	69425.1870117
batch	10290	valid_loss	69426.5195312
batch	10320	valid_loss	69446.5942383
batch	10350	valid_loss	69320.8457031
batch	10380	valid_loss	69315.2836914
batch	10410	valid_loss	69202.3520508
batch	10440	valid_loss	69175.2016602
batch	10470	valid_loss	69179.9077148
batch	10500	valid_loss	69186.9760742
batch	10530	valid_loss	69085.4233398
batch	10560	valid_loss	69079.2602539
batch	10590	valid_loss	69003.6630859
batch	10620	valid_loss	69024.4223633
batch	10650	valid_loss	68886.9072266
batch	10680	valid_loss	68941.5117188
batch	10710	valid_loss	68846.2138672
batch	10740	valid_loss	68806.4755859
batch	10770	valid_loss	68698.0507812
batch	10800	valid_loss	68668.605957
batch	10830	valid_loss	68712.753418
batch	10860	valid_loss	68703.6298828
batch	10890	valid_loss	68586.7685547
batch	10920	valid_loss	68565.675293
batch	10950	valid_loss	68515.7617188
batch	10980	valid_loss	68462.9443359
batch	11010	valid_loss	68514.0986328
batch	11040	valid_loss	68422.5888672
batch	11070	valid_loss	68295.203125
batch	11100	valid_loss	68216.8051758
batch	11130	valid_loss	68233.9716797
batch	11160	valid_loss	68252.1923828
batch	11190	valid_loss	68198.9511719
batch	11220	valid_loss	68086.2895508
batch	11250	valid_loss	68157.6210938
batch	11280	valid_loss	68130.0878906
batch	11310	valid_loss	67961.7885742
batch	11340	valid_loss	68001.0869141
batch	11370	valid_loss	67837.0302734
batch	11400	valid_loss	67743.0712891
batch	11430	valid_loss	67722.9443359
batch	11460	valid_loss	67682.8725586
batch	11490	valid_loss	67685.6884766
batch	11520	valid_loss	67651.1396484
batch	11550	valid_loss	67546.3251953
batch	11580	valid_loss	67601.3330078
batch	11610	valid_loss	67525.5097656
batch	11640	valid_loss	67443.8491211
batch	11670	valid_loss	67485.7182617
batch	11700	valid_loss	67432.8217773
batch	11730	valid_loss	67362.8432617
batch	11760	valid_loss	67335.0253906
batch	11790	valid_loss	67209.090332
batch	11820	valid_loss	67208.9799805
batch	11850	valid_loss	67161.7475586
batch	11880	valid_loss	67257.6679688
batch	11910	valid_loss	67094.0170898
batch	11940	valid_loss	67017.5517578
batch	11970	valid_loss	66926.6694336
batch	12000	valid_loss	66944.9858398
batch	12030	valid_loss	66871.4243164
batch	12060	valid_loss	66856.8564453
batch	12090	valid_loss	66792.6611328
batch	12120	valid_loss	66794.0717773
batch	12150	valid_loss	66702.2495117
batch	12180	valid_loss	66842.1000977
batch	12210	valid_loss	66632.2890625
batch	12240	valid_loss	66647.7993164
batch	12270	valid_loss	66554.621582
batch	12300	valid_loss	66620.6708984
batch	12330	valid_loss	66440.9306641
batch	12360	valid_loss	66370.7109375
batch	12390	valid_loss	66402.0009766
batch	12420	valid_loss	66388.8330078
batch	12450	valid_loss	66308.3505859
batch	12480	valid_loss	66262.1850586
batch	12510	valid_loss	66338.1337891
batch	12540	valid_loss	66182.3569336
batch	12570	valid_loss	66277.6796875
batch	12600	valid_loss	66134.8974609
batch	12630	valid_loss	66073.5976562
batch	12660	valid_loss	65995.9008789
batch	12690	valid_loss	66023.0595703
batch	12720	valid_loss	65972.6552734
batch	12750	valid_loss	66008.2329102
batch	12780	valid_loss	65938.1748047
batch	12810	valid_loss	65969.4594727
batch	12840	valid_loss	65907.8725586
batch	12870	valid_loss	65771.503418
batch	12900	valid_loss	65818.65625
batch	12930	valid_loss	65683.2299805
batch	12960	valid_loss	65598.1640625
batch	12990	valid_loss	65562.4248047
batch	13020	valid_loss	65557.9360352
batch	13050	valid_loss	65542.3476562
batch	13080	valid_loss	65511.609375
batch	13110	valid_loss	65423.1630859
batch	13140	valid_loss	65451.9414062
batch	13170	valid_loss	65400.1469727
batch	13200	valid_loss	65346.4760742
batch	13230	valid_loss	65353.4008789
batch	13260	valid_loss	65376.8251953
batch	13290	valid_loss	65246.6113281
batch	13320	valid_loss	65235.9726562
batch	13350	valid_loss	65133.9628906
batch	13380	valid_loss	65126.246582
batch	13410	valid_loss	65103.4780273
batch	13440	valid_loss	65123.2304688
batch	13470	valid_loss	65040.6904297
batch	13500	valid_loss	65035.6416016
batch	13530	valid_loss	64940.1777344
batch	13560	valid_loss	64863.3505859
batch	13590	valid_loss	64826.0654297
batch	13620	valid_loss	64817.4501953
batch	13650	valid_loss	64783.9106445
batch	13680	valid_loss	64791.5195312
batch	13710	valid_loss	64692.2114258
batch	13740	valid_loss	64754.0673828
batch	13770	valid_loss	64647.5253906
batch	13800	valid_loss	64655.9819336
batch	13830	valid_loss	64536.8286133
batch	13860	valid_loss	64575.3129883
batch	13890	valid_loss	64464.5947266
batch	13920	valid_loss	64376.2924805
batch	13950	valid_loss	64399.4746094
batch	13980	valid_loss	64375.8129883
batch	14010	valid_loss	64343.6435547
batch	14040	valid_loss	64369.3442383
batch	14070	valid_loss	64362.3623047
batch	14100	valid_loss	64219.5336914
batch	14130	valid_loss	64366.3310547
batch	14160	valid_loss	64181.3383789
batch	14190	valid_loss	64064.5151367
batch	14220	valid_loss	64075.3754883
batch	14250	valid_loss	64058.2890625
batch	14280	valid_loss	64028.7094727
batch	14310	valid_loss	64115.2089844
batch	14340	valid_loss	64010.6123047
batch	14370	valid_loss	64015.8393555
batch	14400	valid_loss	64009.7138672
batch	14430	valid_loss	63828.7783203
batch	14460	valid_loss	63952.5854492
batch	14490	valid_loss	63768.6982422
batch	14520	valid_loss	63680.1689453
batch	14550	valid_loss	63666.5888672
batch	14580	valid_loss	63657.7724609
batch	14610	valid_loss	63660.5351562
batch	14640	valid_loss	63639.2451172
batch	14670	valid_loss	63532.9287109
batch	14700	valid_loss	63621.3378906
batch	14730	valid_loss	63517.2978516
batch	14760	valid_loss	63493.2636719
batch	14790	valid_loss	63540.4243164
batch	14820	valid_loss	63550.8452148
batch	14850	valid_loss	63398.831543
batch	14880	valid_loss	63417.8520508
batch	14910	valid_loss	63313.9829102
batch	14940	valid_loss	63310.7456055
batch	14970	valid_loss	63290.3623047
batch	15000	valid_loss	63325.8823242
batch	15030	valid_loss	63207.8203125
batch	15060	valid_loss	63326.8754883
batch	15090	valid_loss	63162.9594727
batch	15120	valid_loss	63111.7436523
batch	15150	valid_loss	63096.5112305
batch	15180	valid_loss	63107.6650391
batch	15210	valid_loss	63061.7241211
batch	15240	valid_loss	63045.8852539
batch	15270	valid_loss	63012.6030273
batch	15300	valid_loss	63057.8129883
batch	15330	valid_loss	62955.1816406
batch	15360	valid_loss	62996.0839844
batch	15390	valid_loss	62870.2817383
batch	15420	valid_loss	62933.0415039
batch	15450	valid_loss	62824.2124023
batch	15480	valid_loss	62777.3994141
batch	15510	valid_loss	62771.1552734
batch	15540	valid_loss	62747.9121094
batch	15570	valid_loss	62794.0874023
batch	15600	valid_loss	62683.6303711
batch	15630	valid_loss	62827.6918945
batch	15660	valid_loss	62598.9819336
batch	15690	valid_loss	62785.6162109
batch	15720	valid_loss	62620.8349609
batch	15750	valid_loss	62527.7148438
batch	15780	valid_loss	62509.3369141
batch	15810	valid_loss	62580.8066406
batch	15840	valid_loss	62505.1362305
batch	15870	valid_loss	62615.4726562
batch	15900	valid_loss	62535.2939453
batch	15930	valid_loss	62542.5131836
batch	15960	valid_loss	62526.496582
batch	15990	valid_loss	62317.7119141
batch	16020	valid_loss	62506.0976562
batch	16050	valid_loss	62304.1069336
batch	16080	valid_loss	62264.0776367
batch	16110	valid_loss	62250.6704102
batch	16140	valid_loss	62239.8666992
batch	16170	valid_loss	62217.2197266
batch	16200	valid_loss	62196.7226562
batch	16230	valid_loss	62194.2338867
batch	16260	valid_loss	62149.7602539
batch	16290	valid_loss	62099.4106445
batch	16320	valid_loss	62101.6425781
batch	16350	valid_loss	62154.7861328
batch	16380	valid_loss	62175.2138672
batch	16410	valid_loss	62043.4829102
batch	16440	valid_loss	62094.9882812
batch	16470	valid_loss	61973.9399414
batch	16500	valid_loss	61954.0810547
batch	16530	valid_loss	61944.9223633
batch	16560	valid_loss	62034.6342773
batch	16590	valid_loss	61884.2724609
batch	16620	valid_loss	62045.6274414
batch	16650	valid_loss	61856.4042969
batch	16680	valid_loss	61820.3676758
batch	16710	valid_loss	61777.0864258
batch	16740	valid_loss	61763.2026367
batch	16770	valid_loss	61781.0668945
batch	16800	valid_loss	61771.9023438
batch	16830	valid_loss	61750.3583984
batch	16860	valid_loss	61814.8188477
batch	16890	valid_loss	61698.9287109
batch	16920	valid_loss	61729.1884766
batch	16950	valid_loss	61612.0629883
batch	16980	valid_loss	61668.7568359
batch	17010	valid_loss	61584.2216797
batch	17040	valid_loss	61519.0517578
batch	17070	valid_loss	61506.2402344
batch	17100	valid_loss	61504.3422852
batch	17130	valid_loss	61559.2856445
batch	17160	valid_loss	61429.0546875
batch	17190	valid_loss	61625.3920898
batch	17220	valid_loss	61354.3925781
batch	17250	valid_loss	61554.5820312
batch	17280	valid_loss	61418.234375
batch	17310	valid_loss	61314.3920898
batch	17340	valid_loss	61275.6928711
batch	17370	valid_loss	61333.6806641
batch	17400	valid_loss	61288.8217773
batch	17430	valid_loss	61393.3500977
batch	17460	valid_loss	61340.7563477
batch	17490	valid_loss	61352.465332
batch	17520	valid_loss	61334.921875
batch	17550	valid_loss	61094.1484375
batch	17580	valid_loss	61308.300293
batch	17610	valid_loss	61117.7226562
batch	17640	valid_loss	61067.6025391
batch	17670	valid_loss	61069.3217773
batch	17700	valid_loss	61019.7788086
batch	17730	valid_loss	61019.5263672
batch	17760	valid_loss	61006.7744141
batch	17790	valid_loss	60972.2509766
batch	17820	valid_loss	60979.7929688
batch	17850	valid_loss	60919.7397461
batch	17880	valid_loss	60924.0004883
batch	17910	valid_loss	60953.0131836
batch	17940	valid_loss	61065.7797852
batch	17970	valid_loss	60911.0014648
batch	18000	valid_loss	60948.4614258
batch	18030	valid_loss	60830.7416992
batch	18060	valid_loss	60789.1337891
batch	18090	valid_loss	60801.5844727
batch	18120	valid_loss	60938.2006836
batch	18150	valid_loss	60768.9545898
batch	18180	valid_loss	60917.9125977
batch	18210	valid_loss	60745.6381836
batch	18240	valid_loss	60699.8056641
batch	18270	valid_loss	60686.1479492
batch	18300	valid_loss	60650.9926758
batch	18330	valid_loss	60720.9672852
batch	18360	valid_loss	60697.0175781
batch	18390	valid_loss	60666.5859375
batch	18420	valid_loss	60703.6225586
batch	18450	valid_loss	60609.5795898
batch	18480	valid_loss	60647.5332031
batch	18510	valid_loss	60568.953125
batch	18540	valid_loss	60576.128418
batch	18570	valid_loss	60511.2978516
batch	18600	valid_loss	60472.9160156
batch	18630	valid_loss	60442.6132812
batch	18660	valid_loss	60444.4536133
batch	18690	valid_loss	60492.034668
batch	18720	valid_loss	60416.5302734
batch	18750	valid_loss	60572.362793
batch	18780	valid_loss	60302.9672852
batch	18810	valid_loss	60466.5888672
batch	18840	valid_loss	60404.2963867
batch	18870	valid_loss	60289.090332
batch	18900	valid_loss	60223.2006836
batch	18930	valid_loss	60303.5756836
batch	18960	valid_loss	60223.3862305
batch	18990	valid_loss	60347.9106445
batch	19020	valid_loss	60315.4682617
batch	19050	valid_loss	60317.7993164
batch	19080	valid_loss	60284.4111328
batch	19110	valid_loss	60062.5625
batch	19140	valid_loss	60280.2124023
batch	19170	valid_loss	60122.9458008
batch	19200	valid_loss	60057.0039062
batch	19230	valid_loss	60035.9423828
batch	19260	valid_loss	59985.9204102
batch	19290	valid_loss	60014.7304688
batch	19320	valid_loss	60010.7514648
batch	19350	valid_loss	59956.9423828
batch	19380	valid_loss	59984.5419922
batch	19410	valid_loss	59926.2895508
batch	19440	valid_loss	59901.4536133
batch	19470	valid_loss	59948.3388672
batch	19500	valid_loss	60074.5439453
batch	19530	valid_loss	59926.2905273
batch	19560	valid_loss	59969.402832
batch	19590	valid_loss	59865.9516602
batch	19620	valid_loss	59782.1376953
batch	19650	valid_loss	59788.2548828
batch	19680	valid_loss	59962.5634766
batch	19710	valid_loss	59793.4335938
batch	19740	valid_loss	59925.8422852
batch	19770	valid_loss	59763.3388672
batch	19800	valid_loss	59707.0966797
batch	19830	valid_loss	59715.2763672
batch	19860	valid_loss	59693.8950195
batch	19890	valid_loss	59795.4711914
batch	19920	valid_loss	59709.2998047
batch	19950	valid_loss	59681.5898438
batch	19980	valid_loss	59744.8222656
batch	20010	valid_loss	59663.8496094
batch	20040	valid_loss	59676.9257812
batch	20070	valid_loss	59655.0620117
batch	20100	valid_loss	59620.3276367
batch	20130	valid_loss	59540.1518555
batch	20160	valid_loss	59528.9785156
batch	20190	valid_loss	59532.065918
batch	20220	valid_loss	59506.8881836
batch	20250	valid_loss	59582.0834961
batch	20280	valid_loss	59474.6298828
batch	20310	valid_loss	59643.7680664
batch	20340	valid_loss	59408.5307617
batch	20370	valid_loss	59504.1884766
batch	20400	valid_loss	59517.9125977
batch	20430	valid_loss	59398.7734375
batch	20460	valid_loss	59309.1884766
batch	20490	valid_loss	59438.6069336
batch	20520	valid_loss	59296.2792969
batch	20550	valid_loss	59397.4526367
batch	20580	valid_loss	59428.6220703
batch	20610	valid_loss	59424.4248047
batch	20640	valid_loss	59405.1137695
batch	20670	valid_loss	59196.1669922
batch	20700	valid_loss	59397.8833008
batch	20730	valid_loss	59233.7856445
batch	20760	valid_loss	59199.9770508
batch	20790	valid_loss	59170.6420898
batch	20820	valid_loss	59125.2548828
batch	20850	valid_loss	59137.9970703
batch	20880	valid_loss	59114.4316406
batch	20910	valid_loss	59076.5605469
batch	20940	valid_loss	59106.6455078
batch	20970	valid_loss	59083.2626953
batch	21000	valid_loss	59048.8637695
batch	21030	valid_loss	59107.2529297
batch	21060	valid_loss	59232.8901367
batch	21090	valid_loss	59105.097168
batch	21120	valid_loss	59163.8466797
batch	21150	valid_loss	59029.7890625
batch	21180	valid_loss	58930.3647461
batch	21210	valid_loss	58934.859375
batch	21240	valid_loss	59145.5424805
batch	21270	valid_loss	58955.875
batch	21300	valid_loss	59127.2905273
batch	21330	valid_loss	58960.2548828
batch	21360	valid_loss	58886.9365234
batch	21390	valid_loss	58894.0288086
batch	21420	valid_loss	58833.9091797
batch	21450	valid_loss	59008.0463867
batch	21480	valid_loss	58903.5009766
batch	21510	valid_loss	58859.9667969
batch	21540	valid_loss	58950.9482422
batch	21570	valid_loss	58879.6533203
batch	21600	valid_loss	58859.3085938
batch	21630	valid_loss	58901.0957031
batch	21660	valid_loss	58855.2797852
batch	21690	valid_loss	58742.6269531
batch	21720	valid_loss	58749.1328125
batch	21750	valid_loss	58729.1054688
batch	21780	valid_loss	58723.3867188
batch	21810	valid_loss	58818.5854492
batch	21840	valid_loss	58702.5483398
batch	21870	valid_loss	58852.4833984
batch	21900	valid_loss	58655.5869141
batch	21930	valid_loss	58721.9580078
batch	21960	valid_loss	58784.1894531
batch	21990	valid_loss	58618.8251953
batch	22020	valid_loss	58549.5244141
batch	22050	valid_loss	58686.5195312
batch	22080	valid_loss	58520.1264648
batch	22110	valid_loss	58600.4990234
batch	22140	valid_loss	58666.03125
batch	22170	valid_loss	58670.6162109
batch	22200	valid_loss	58663.7641602
batch	22230	valid_loss	58444.3051758
batch	22260	valid_loss	58646.2509766
batch	22290	valid_loss	58495.9150391
batch	22320	valid_loss	58472.0249023
batch	22350	valid_loss	58447.0571289
batch	22380	valid_loss	58365.831543
batch	22410	valid_loss	58391.9980469
batch	22440	valid_loss	58362.7885742
batch	22470	valid_loss	58329.9702148
batch	22500	valid_loss	58366.9833984
batch	22530	valid_loss	58352.9091797
batch	22560	valid_loss	58304.2109375
batch	22590	valid_loss	58380.5424805
batch	22620	valid_loss	58516.0507812
batch	22650	valid_loss	58386.1557617
batch	22680	valid_loss	58427.3984375
batch	22710	valid_loss	58306.0463867
batch	22740	valid_loss	58196.6147461
batch	22770	valid_loss	58209.6083984
batch	22800	valid_loss	58430.8647461
batch	22830	valid_loss	58224.2216797
batch	22860	valid_loss	58390.1333008
batch	22890	valid_loss	58249.6533203
batch	22920	valid_loss	58160.0400391
batch	22950	valid_loss	58178.4277344
batch	22980	valid_loss	58115.4873047
batch	23010	valid_loss	58311.9282227
batch	23040	valid_loss	58196.9790039
batch	23070	valid_loss	58149.699707
batch	23100	valid_loss	58245.6542969
batch	23130	valid_loss	58185.956543
batch	23160	valid_loss	58160.7944336
batch	23190	valid_loss	58216.6420898
batch	23220	valid_loss	58164.8466797
batch	23250	valid_loss	58041.5913086
batch	23280	valid_loss	58044.3120117
batch	23310	valid_loss	58021.9960938
batch	23340	valid_loss	58054.1357422
batch	23370	valid_loss	58141.4487305
batch	23400	valid_loss	58024.1137695
batch	23430	valid_loss	58154.2866211
batch	23460	valid_loss	57981.0063477
batch	23490	valid_loss	58002.5874023
batch	23520	valid_loss	58116.6279297
batch	23550	valid_loss	57926.0786133
batch	23580	valid_loss	57866.5639648
batch	23610	valid_loss	58020.6762695
batch	23640	valid_loss	57839.293457
batch	23670	valid_loss	57882.9321289
batch	23700	valid_loss	57980.8789062
batch	23730	valid_loss	57994.8725586
batch	23760	valid_loss	57998.824707
batch	23790	valid_loss	57767.1655273
batch	23820	valid_loss	57958.5629883
batch	23850	valid_loss	57807.6918945
batch	23880	valid_loss	57815.4472656
batch	23910	valid_loss	57785.1342773
batch	23940	valid_loss	57708.7871094
batch	23970	valid_loss	57713.3823242
batch	24000	valid_loss	57691.3100586
batch	24030	valid_loss	57654.8994141
batch	24060	valid_loss	57690.5581055
batch	24090	valid_loss	57687.9628906
batch	24120	valid_loss	57629.1567383
batch	24150	valid_loss	57718.671875
batch	24180	valid_loss	57880.3911133
batch	24210	valid_loss	57740.0454102
batch	24240	valid_loss	57788.2822266
batch	24270	valid_loss	57668.043457
batch	24300	valid_loss	57555.3310547
batch	24330	valid_loss	57567.4160156
batch	24360	valid_loss	57788.4057617
batch	24390	valid_loss	57560.6884766
batch	24420	valid_loss	57750.6044922
batch	24450	valid_loss	57606.6123047
batch	24480	valid_loss	57501.5263672
batch	24510	valid_loss	57547.6748047
batch	24540	valid_loss	57481.5351562
batch	24570	valid_loss	57676.9614258
batch	24600	valid_loss	57578.0136719
batch	24630	valid_loss	57550.4448242
batch	24660	valid_loss	57619.2919922
batch	24690	valid_loss	57577.2807617
batch	24720	valid_loss	57555.5317383
batch	24750	valid_loss	57601.8886719
batch	24780	valid_loss	57544.2495117
batch	24810	valid_loss	57426.2993164
batch	24840	valid_loss	57414.9599609
batch	24870	valid_loss	57380.6748047
batch	24900	valid_loss	57475.3549805
batch	24930	valid_loss	57544.3999023
batch	24960	valid_loss	57419.4321289
batch	24990	valid_loss	57540.1225586
STOP
