54535.0	13954.6	0.8973823615373374	0.3528605874616396	0.8958643869647815	0.34568171854449803	120	360
54572.6	13960.5	0.8981440888499196	0.35581981587023237	0.8964708461201227	0.34816600906035367	120	360
53556.0	13708.9	0.9017627502557358	0.36900847581470114	0.8995908227385649	0.36131813532076573	122	360
53416.5	13662.9	0.9006996200496858	0.3667251205611574	0.8993204734765454	0.3572994300745287	122	360
52610.5	13468.0	0.9039474645623264	0.3768997515709484	0.9019655122022505	0.3708899605436212	124	360
52828.5	13532.1	0.9041831068244922	0.37872643577378345	0.9017536168347217	0.369940084758147	124	360
51646.7	13224.7	0.9078876223878416	0.39233523308490426	0.9059476837644308	0.3853572994300745	126	360
51469.1	13177.3	0.9074967119684348	0.39354084465877537	0.9055165862925617	0.3872570510010229	126	360
50785.8	13003.7	0.9117419260558235	0.410894344585708	0.909798334064007	0.40267426567295045	128	360
50733.1	12997.5	0.9097636270641531	0.401085050416484	0.9075040187052462	0.39076428467046614	128	360
50101.1	12827.5	0.9145623264650007	0.42486847873739586	0.9124433727897121	0.41531492035656875	130	360
49888.6	12785.4	0.9129548443665059	0.41469384772760487	0.9110258658483121	0.4086657898582493	130	360
49008.9	12574.1	0.9185481513955868	0.4391896828876224	0.9167032003507234	0.42934385503434164	132	360
48850.0	12509.7	0.9159579131959666	0.4267682303083443	0.9137805056261873	0.41794534560865115	132	360
47920.6	12296.8	0.92086986701739	0.45294461493497007	0.9191217302352769	0.442715183399094	134	360
48276.8	12377.8	0.9204625164401579	0.4485240391641093	0.9186321788689171	0.44176530761361976	134	360
47444.4	12174.4	0.9218690632763408	0.4549174338740319	0.9199254712845243	0.4469530907496712	136	360
47287.5	12141.0	0.9228098056408008	0.4606897559549905	0.9203931024404501	0.4492912465293	136	360
46297.7	11884.3	0.9252429489989771	0.4743533537921964	0.9234034780067222	0.46668128014028937	138	360
46392.9	11905.4	0.9262238784158995	0.47990647376881485	0.9242072190559696	0.46967704223293877	138	360
45577.2	11712.4	0.9284359929855327	0.49024550635686104	0.9262238784158995	0.4789565979833406	140	360
45901.8	11794.5	0.9283939792488675	0.4896061668858688	0.9263115592576355	0.479395002192021	140	360
45004.2	11573.7	0.9308727897121146	0.501461347362268	0.9288031565103025	0.49101271372205174	142	360
44877.2	11527.5	0.9302681572409762	0.5008220078912757	0.9282478445126406	0.4896975010960105	142	360
44155.3	11364.4	0.932971649861172	0.5129694578401286	0.9307613619757417	0.5006576063130206	144	360
44230.2	11379.1	0.9321423352330849	0.5115994446880023	0.9303741049247406	0.499634663159433	144	360
43316.5	11157.4	0.9355125675873155	0.527856934093234	0.9335671489112962	0.5182668420283502	146	360
43345.9	11153.9	0.9345809586438697	0.5211164693847727	0.9326318865994447	0.5130059915241852	146	360
42559.7	10964.6	0.9363254420575771	0.5334283209118807	0.9346412392225633	0.5236738272687418	148	360
42535.8	10954.8	0.9383841151541722	0.541319596668128	0.9359637585854158	0.5274733304106386	148	360
42257.2	10901.8	0.9379274441034634	0.53974864825369	0.9355838082712261	0.5255735788396902	150	360
41786.3	10775.9	0.938142992839398	0.5419772029811486	0.9358103171123776	0.5300306882946076	150	360
41167.6	10623.8	0.940998100248429	0.5566272102878854	0.9390033610989332	0.5427444103463394	152	360
41195.8	10631.7	0.9405122022504749	0.5548187929270788	0.9385503434166301	0.5428905450825662	152	360
40439.1	10447.4	0.94411077013006	0.5752959228408593	0.9424375274002631	0.5675142481367821	154	360
40419.4	10441.8	0.9435700716060208	0.5705100102294315	0.9422621657167909	0.5579424229139266	154	360
39778.1	10285.2	0.943800233815578	0.5708205465439135	0.9421379511909981	0.5645915534122461	156	360
39785.8	10285.1	0.94599225485898	0.5870049685810317	0.944286131813532	0.577159140727751	156	360
39084.1	10121.6	0.9458680403331872	0.5832967996492766	0.9437527400263043	0.5734327049539676	158	360
39213.3	10143.8	0.9442989186029519	0.5746748502118953	0.942393686979395	0.5634224755224316	158	360
38379.7	9933.66	0.9456579716498612	0.5835160017536168	0.9440742364460032	0.5710214818062254	160	360
38593.9	9988.08	0.9446131082858396	0.5787483559842175	0.9432193482390764	0.5686833260265965	160	360
37734.2	9761.38	0.9483340640070145	0.6015088411515417	0.9468727166447465	0.5887037848896682	162	360
37789.7	9774.88	0.9476600175361684	0.5989514832675727	0.9458132398071022	0.5884115154172147	162	360
37397.9	9679.3	0.9495816893175508	0.6091443811193921	0.947786058746164	0.5947683764430806	164	360
37348.5	9678.22	0.9489131228993132	0.6047238053485313	0.9470042379073506	0.5918456817185445	164	360
36530.7	9472.8	0.9492674996346632	0.6063312874470261	0.9476472307467485	0.5918456817185445	166	360
36636.7	9499.71	0.9491195382142336	0.6049430074528716	0.9472526669589362	0.5897997954113693	166	360
35870.5	9306.35	0.9531619903551074	0.6302973841882216	0.9514686540990793	0.6194651468654099	168	360
35955.0	9317.01	0.9525171708315067	0.6268449510448634	0.9510813970480784	0.6157387110916265	168	360
35493.8	9209.21	0.954018705246237	0.6360514394271518	0.9526961858833844	0.6257489405231623	170	360
35538.9	9224.15	0.9538561303521848	0.6365446441619173	0.9521335671489113	0.6232646500073067	170	360
34828.3	9036.48	0.9551494227677919	0.6433947099225485	0.9539675580885576	0.6358322373228116	172	360
34770.5	9037.69	0.9547694724536022	0.6401980125675873	0.9530322957767061	0.6269180184129768	172	360
34238.3	8898.75	0.95742912465293	0.658026450387257	0.9561157387110917	0.6478883530615227	174	360
34150.4	8864.23	0.957328657021774	0.6579533830191436	0.9563203273418092	0.6462808709630279	174	360
33845.2	8792.92	0.9588758585415753	0.6685664182376151	0.9575697793365483	0.6613327487943884	176	360
33834.6	8787.95	0.958061157387111	0.6619720882653807	0.9572117492327926	0.6554873593453164	176	360
33227.6	8635.77	0.9608431974280286	0.6803850650299577	0.959454917433874	0.6703200350723367	178	360
33379.6	8679.31	0.9599115884845828	0.6736263334794681	0.9585634955428906	0.6633786351015637	178	360
32711.1	8506.02	0.9606988893760047	0.6776450387257051	0.9596887330118369	0.6709045740172439	180	360
32580.1	8474.28	0.9608431974280286	0.6817733450241122	0.9599736957474791	0.6749963466315944	180	360
32168.8	8368.8	0.9615428174777144	0.6838740318573725	0.9603244191144235	0.6763846266257489	182	360
32378.9	8419.57	0.9614770568464124	0.6853171123776122	0.9602440450094988	0.6756539529446149	182	360
31589.6	8218.69	0.9629840713137513	0.6937381265526815	0.96166885868771	0.6831068244921817	184	360
31521.5	8215.33	0.9670721905596961	0.7247186906327634	0.9662063422475522	0.7172292854011398	184	360
31189.6	8123.26	0.9638992400993717	0.7012457986263335	0.9627137220517317	0.6930439865556043	186	360
31278.8	8132.31	0.9648454625164402	0.7086621364898437	0.964116615519509	0.7006429928393979	186	360
30665.0	7983.77	0.9660218471430659	0.714781528569341	0.9650299576209265	0.7086073359637586	188	360
30786.4	8026.81	0.965976180037995	0.7138133859418384	0.9645988601490574	0.7012275317843051	188	360
30115.8	7846.68	0.9660017536168347	0.7142517901505188	0.9650591845681719	0.7083150664913049	190	360
30127.0	7839.64	0.9670740172438989	0.723184275902382	0.9658117784597399	0.7172292854011398	190	360
29837.6	7770.78	0.9666209995615958	0.7208095864386965	0.9653003068829461	0.712333771737542	192	360
29847.2	7780.57	0.9670192167178139	0.722818939061815	0.9659652199327781	0.7135759169954698	192	360
29382.1	7658.07	0.9687965804471723	0.7359345316381704	0.9674484875054801	0.7257051001022943	194	360
29358.3	7655.37	0.9705355838082712	0.7469311705392372	0.9698158702323543	0.7419260558234693	194	360
28810.9	7497.68	0.9694286131813532	0.7396975010960105	0.9688075405523893	0.7357153295338302	196	360
28775.9	7515.9	0.9730746748502119	0.7674813678211311	0.9724609089580594	0.7628233231039018	196	360
28346.4	7395.66	0.9705903843343563	0.7489222563203274	0.9698304837059769	0.7439719421306444	198	360
28460.4	7416.63	0.9707145988601491	0.7510594768376443	0.9695455209703346	0.7429489989770568	198	360
28032.0	7310.1	0.97170100832968	0.7590055531199766	0.9709191874908666	0.7528861610404793	200	360
28026.7	7303.38	0.9711456963320181	0.754384042086804	0.9702688879146573	0.7486482536899021	200	360
27656.3	7206.9	0.9712315504895513	0.7531784305129329	0.9703857957036388	0.7485751863217887	202	360
27535.0	7175.73	0.9719366505918456	0.7582383457547859	0.9711749232792635	0.7537629694578402	202	360
27241.9	7104.66	0.9727951921671781	0.7648509425690486	0.9724024550635686	0.7587315504895513	204	360
27138.4	7076.7	0.9727038579570364	0.7647230746748502	0.971679088119246	0.7596083589069121	204	360
26779.1	6981.29	0.9727440450094987	0.7652710799357008	0.9721613327487943	0.7592430220663452	206	360
26769.6	6988.15	0.973914949583516	0.7748794388426129	0.9730892883238346	0.767791904135613	206	360
26273.8	6867.44	0.9776815724097618	0.8015307613619758	0.9771737542013736	0.7959959082273856	208	360
26513.0	6916.88	0.9735879731112085	0.7708059330702908	0.9727750986409469	0.7649422767791905	208	360
26062.3	6802.48	0.9747552243168202	0.779318281455502	0.9739734034780068	0.7740026304252521	210	360
25972.0	6780.83	0.9740683910565542	0.774258366213649	0.9734765453748356	0.7693993862341079	210	360
25610.6	6697.04	0.9788597837205903	0.8115227239514833	0.9784305129329242	0.8077597544936431	212	360
