START
config	500	300	500	960
batch	0	valid_loss	6726554.0
batch	30	valid_loss	167192.083984
batch	60	valid_loss	121893.395508
batch	90	valid_loss	119793.774414
batch	120	valid_loss	119655.283203
batch	150	valid_loss	119559.648438
batch	180	valid_loss	119443.836914
batch	210	valid_loss	119256.328125
batch	240	valid_loss	119008.144531
batch	270	valid_loss	118422.673828
batch	300	valid_loss	117484.583008
batch	330	valid_loss	115805.454102
batch	360	valid_loss	113357.5625
batch	390	valid_loss	111052.744141
batch	420	valid_loss	109499.845703
batch	450	valid_loss	108650.760742
batch	480	valid_loss	108132.224609
batch	510	valid_loss	107604.353516
batch	540	valid_loss	107153.115234
batch	570	valid_loss	106672.874023
batch	600	valid_loss	106002.900391
batch	630	valid_loss	105191.347656
batch	660	valid_loss	104240.34668
batch	690	valid_loss	103210.729492
batch	720	valid_loss	102070.010742
batch	750	valid_loss	100971.603516
batch	780	valid_loss	99759.1240234
batch	810	valid_loss	98514.8007812
batch	840	valid_loss	97159.8710938
batch	870	valid_loss	95913.3476562
batch	900	valid_loss	94501.8261719
batch	930	valid_loss	93051.0048828
batch	960	valid_loss	91680.8413086
batch	990	valid_loss	90155.4848633
batch	1020	valid_loss	88607.9858398
batch	1050	valid_loss	87162.7470703
batch	1080	valid_loss	85582.9624023
batch	1110	valid_loss	84183.9750977
batch	1140	valid_loss	82677.2143555
batch	1170	valid_loss	81221.324707
batch	1200	valid_loss	79724.3061523
batch	1230	valid_loss	78306.0117188
batch	1260	valid_loss	76993.3374023
batch	1290	valid_loss	75517.175293
batch	1320	valid_loss	74246.9921875
batch	1350	valid_loss	72869.2138672
batch	1380	valid_loss	71649.6787109
batch	1410	valid_loss	70244.3852539
batch	1440	valid_loss	69143.1201172
batch	1470	valid_loss	67851.4384766
batch	1500	valid_loss	66508.21875
batch	1530	valid_loss	65406.7231445
batch	1560	valid_loss	64272.7568359
batch	1590	valid_loss	63024.1733398
batch	1620	valid_loss	62024.746582
batch	1650	valid_loss	60983.1572266
batch	1680	valid_loss	59907.8774414
batch	1710	valid_loss	58908.2636719
batch	1740	valid_loss	57924.5600586
batch	1770	valid_loss	57003.2998047
batch	1800	valid_loss	56109.6206055
batch	1830	valid_loss	55183.4946289
batch	1860	valid_loss	54446.4672852
batch	1890	valid_loss	53510.7558594
batch	1920	valid_loss	52749.2998047
batch	1950	valid_loss	52082.7592773
batch	1980	valid_loss	51245.1962891
batch	2010	valid_loss	50505.1015625
batch	2040	valid_loss	49782.8569336
batch	2070	valid_loss	49254.8154297
batch	2100	valid_loss	48453.78125
batch	2130	valid_loss	47810.2788086
batch	2160	valid_loss	47214.6435547
batch	2190	valid_loss	46530.067627
batch	2220	valid_loss	46038.1665039
batch	2250	valid_loss	45445.1262207
batch	2280	valid_loss	44890.4692383
batch	2310	valid_loss	44404.220459
batch	2340	valid_loss	43780.7661133
batch	2370	valid_loss	43322.5981445
batch	2400	valid_loss	42761.8405762
batch	2430	valid_loss	42380.4008789
batch	2460	valid_loss	41888.0300293
batch	2490	valid_loss	41280.1027832
batch	2520	valid_loss	40885.6330566
batch	2550	valid_loss	40501.4299316
batch	2580	valid_loss	40179.3015137
batch	2610	valid_loss	39600.8383789
batch	2640	valid_loss	39278.3879395
batch	2670	valid_loss	38847.345459
batch	2700	valid_loss	38639.4414062
batch	2730	valid_loss	38119.3955078
batch	2760	valid_loss	37781.9094238
batch	2790	valid_loss	37452.9824219
batch	2820	valid_loss	37066.2675781
batch	2850	valid_loss	36770.3476562
batch	2880	valid_loss	36464.4753418
batch	2910	valid_loss	36102.9846191
batch	2940	valid_loss	35786.9316406
batch	2970	valid_loss	35492.019043
batch	3000	valid_loss	35292.8925781
batch	3030	valid_loss	34819.3725586
batch	3060	valid_loss	34485.2243652
batch	3090	valid_loss	34253.7651367
batch	3120	valid_loss	34118.5888672
batch	3150	valid_loss	33736.4790039
batch	3180	valid_loss	33477.6730957
batch	3210	valid_loss	33270.9819336
batch	3240	valid_loss	33012.6459961
batch	3270	valid_loss	32753.7089844
batch	3300	valid_loss	32705.6274414
batch	3330	valid_loss	32400.5192871
batch	3360	valid_loss	32402.2409668
batch	3390	valid_loss	31794.8144531
batch	3420	valid_loss	31655.4987793
batch	3450	valid_loss	31374.2668457
batch	3480	valid_loss	31336.1608887
batch	3510	valid_loss	31012.4074707
batch	3540	valid_loss	30691.6711426
batch	3570	valid_loss	30638.2009277
batch	3600	valid_loss	30418.3566895
batch	3630	valid_loss	30313.3508301
batch	3660	valid_loss	30650.1928711
batch	3690	valid_loss	29822.0793457
batch	3720	valid_loss	29588.7043457
batch	3750	valid_loss	29382.6289062
batch	3780	valid_loss	29332.9663086
batch	3810	valid_loss	29073.484375
batch	3840	valid_loss	28949.935791
batch	3870	valid_loss	28737.2409668
batch	3900	valid_loss	28637.2114258
batch	3930	valid_loss	28504.0944824
batch	3960	valid_loss	28216.6313477
batch	3990	valid_loss	28273.654541
batch	4020	valid_loss	28000.5356445
batch	4050	valid_loss	28050.3156738
batch	4080	valid_loss	27662.5615234
batch	4110	valid_loss	27388.802002
batch	4140	valid_loss	27368.7150879
batch	4170	valid_loss	27124.9433594
batch	4200	valid_loss	26935.7734375
batch	4230	valid_loss	26977.0212402
batch	4260	valid_loss	26864.1872559
batch	4290	valid_loss	26756.8972168
batch	4320	valid_loss	26561.8696289
batch	4350	valid_loss	26428.7011719
batch	4380	valid_loss	26207.703125
batch	4410	valid_loss	26220.7924805
batch	4440	valid_loss	26098.1655273
batch	4470	valid_loss	25929.5622559
batch	4500	valid_loss	25854.722168
batch	4530	valid_loss	25621.3515625
batch	4560	valid_loss	25574.7958984
batch	4590	valid_loss	25472.6708984
batch	4620	valid_loss	25392.7521973
batch	4650	valid_loss	25386.1535645
batch	4680	valid_loss	25035.8962402
batch	4710	valid_loss	25034.7485352
batch	4740	valid_loss	24901.6005859
batch	4770	valid_loss	24884.3669434
batch	4800	valid_loss	24737.7248535
batch	4830	valid_loss	24789.3188477
batch	4860	valid_loss	24794.1765137
batch	4890	valid_loss	24542.5319824
batch	4920	valid_loss	24328.1325684
batch	4950	valid_loss	25513.2871094
batch	4980	valid_loss	24138.9494629
batch	5010	valid_loss	23991.4189453
batch	5040	valid_loss	23868.0510254
batch	5070	valid_loss	23826.1328125
batch	5100	valid_loss	23710.060791
batch	5130	valid_loss	23601.4608154
batch	5160	valid_loss	24098.8640137
batch	5190	valid_loss	23631.6645508
batch	5220	valid_loss	23380.5623779
batch	5250	valid_loss	23318.7429199
batch	5280	valid_loss	23387.0631104
batch	5310	valid_loss	23118.2080078
batch	5340	valid_loss	23322.1065674
batch	5370	valid_loss	22921.440918
batch	5400	valid_loss	23251.5913086
batch	5430	valid_loss	22888.0505371
batch	5460	valid_loss	22644.9107666
batch	5490	valid_loss	22835.5961914
batch	5520	valid_loss	22618.7755127
batch	5550	valid_loss	22678.7067871
batch	5580	valid_loss	22601.9614258
batch	5610	valid_loss	22330.5883789
batch	5640	valid_loss	22212.1448975
batch	5670	valid_loss	22163.2440186
batch	5700	valid_loss	22160.4105225
batch	5730	valid_loss	22034.0910645
batch	5760	valid_loss	22239.5689697
batch	5790	valid_loss	22012.5570068
batch	5820	valid_loss	21971.8356934
batch	5850	valid_loss	21882.7583008
batch	5880	valid_loss	21750.3118896
batch	5910	valid_loss	22730.9979248
batch	5940	valid_loss	21591.7670898
batch	5970	valid_loss	21659.083252
batch	6000	valid_loss	21860.1452637
batch	6030	valid_loss	21409.5467529
batch	6060	valid_loss	21334.9931641
batch	6090	valid_loss	21803.6116943
batch	6120	valid_loss	21307.3682861
batch	6150	valid_loss	21136.9328613
batch	6180	valid_loss	21066.9238281
batch	6210	valid_loss	21061.7526855
batch	6240	valid_loss	20980.5228271
batch	6270	valid_loss	21108.5539551
batch	6300	valid_loss	20923.6369629
batch	6330	valid_loss	21039.286499
batch	6360	valid_loss	20989.0897217
batch	6390	valid_loss	20753.5267334
batch	6420	valid_loss	21298.4949951
batch	6450	valid_loss	20733.4698486
batch	6480	valid_loss	20691.869873
batch	6510	valid_loss	20704.5114746
batch	6540	valid_loss	20670.9234619
batch	6570	valid_loss	20456.4331055
batch	6600	valid_loss	20383.7507324
batch	6630	valid_loss	20625.4777832
batch	6660	valid_loss	20305.0534668
batch	6690	valid_loss	20582.2443848
batch	6720	valid_loss	20238.4831543
batch	6750	valid_loss	20245.5583496
batch	6780	valid_loss	20037.2220459
batch	6810	valid_loss	20308.4852295
batch	6840	valid_loss	20202.5576172
batch	6870	valid_loss	19895.8552246
batch	6900	valid_loss	20088.1430664
batch	6930	valid_loss	19757.1276855
batch	6960	valid_loss	19782.3006592
batch	6990	valid_loss	20016.8743896
batch	7020	valid_loss	19696.6253662
batch	7050	valid_loss	19775.2664795
batch	7080	valid_loss	19795.2929688
batch	7110	valid_loss	19727.7744141
batch	7140	valid_loss	19947.1595459
batch	7170	valid_loss	19633.1628418
batch	7200	valid_loss	19474.2580566
batch	7230	valid_loss	19518.0515137
batch	7260	valid_loss	19583.8240967
batch	7290	valid_loss	19302.651001
batch	7320	valid_loss	19810.4764404
batch	7350	valid_loss	19330.4332275
batch	7380	valid_loss	19635.8712158
batch	7410	valid_loss	19299.0622559
batch	7440	valid_loss	19469.6734619
batch	7470	valid_loss	19286.0096436
batch	7500	valid_loss	19028.307251
batch	7530	valid_loss	19099.5606689
batch	7560	valid_loss	19122.2279053
batch	7590	valid_loss	19006.072998
batch	7620	valid_loss	18956.3931885
batch	7650	valid_loss	18934.2666016
batch	7680	valid_loss	18943.1088867
batch	7710	valid_loss	19280.5935059
batch	7740	valid_loss	18998.3552246
batch	7770	valid_loss	18793.8948975
batch	7800	valid_loss	18688.5782471
batch	7830	valid_loss	18997.6243896
batch	7860	valid_loss	18624.2163086
batch	7890	valid_loss	18649.1956787
batch	7920	valid_loss	19198.4667969
batch	7950	valid_loss	18686.8311768
batch	7980	valid_loss	18638.0469971
batch	8010	valid_loss	18659.3529053
batch	8040	valid_loss	18615.5045166
batch	8070	valid_loss	18553.4044189
batch	8100	valid_loss	18527.8432617
batch	8130	valid_loss	18551.8609619
batch	8160	valid_loss	18472.4550781
batch	8190	valid_loss	18390.5710449
batch	8220	valid_loss	18249.9145508
batch	8250	valid_loss	19447.439209
batch	8280	valid_loss	18323.3100586
batch	8310	valid_loss	18348.2144775
batch	8340	valid_loss	18177.4812012
batch	8370	valid_loss	18611.5141602
batch	8400	valid_loss	18213.8137207
batch	8430	valid_loss	18170.6552734
batch	8460	valid_loss	18363.8087158
batch	8490	valid_loss	18165.4415283
batch	8520	valid_loss	18002.802002
batch	8550	valid_loss	18045.560791
batch	8580	valid_loss	18006.5028076
batch	8610	valid_loss	18035.210083
batch	8640	valid_loss	18023.6439209
batch	8670	valid_loss	18788.3057861
batch	8700	valid_loss	17872.1914062
batch	8730	valid_loss	17841.9754639
batch	8760	valid_loss	18421.2095947
batch	8790	valid_loss	17829.6002197
batch	8820	valid_loss	18386.0922852
batch	8850	valid_loss	17742.7470703
batch	8880	valid_loss	17730.3555908
batch	8910	valid_loss	17748.3883057
batch	8940	valid_loss	17796.5335693
batch	8970	valid_loss	17692.3521729
batch	9000	valid_loss	17811.701416
batch	9030	valid_loss	17686.7528076
batch	9060	valid_loss	17564.3293457
batch	9090	valid_loss	17705.1376953
batch	9120	valid_loss	17504.6068115
batch	9150	valid_loss	17567.3642578
batch	9180	valid_loss	17747.9449463
batch	9210	valid_loss	17603.8189697
batch	9240	valid_loss	17544.8625488
batch	9270	valid_loss	17656.3647461
batch	9300	valid_loss	17379.7382812
batch	9330	valid_loss	17422.3372803
batch	9360	valid_loss	17335.8547363
batch	9390	valid_loss	17428.6906738
batch	9420	valid_loss	17500.6556396
batch	9450	valid_loss	17275.8425293
batch	9480	valid_loss	17246.7813721
batch	9510	valid_loss	17344.2861328
batch	9540	valid_loss	17363.227417
batch	9570	valid_loss	17250.1535645
batch	9600	valid_loss	17455.84375
batch	9630	valid_loss	17154.3460693
batch	9660	valid_loss	17135.6199951
batch	9690	valid_loss	17341.7064209
batch	9720	valid_loss	17092.1381836
batch	9750	valid_loss	17073.159668
batch	9780	valid_loss	17296.7139893
batch	9810	valid_loss	17091.1226807
batch	9840	valid_loss	17494.5250244
batch	9870	valid_loss	17114.9440918
batch	9900	valid_loss	17178.9309082
batch	9930	valid_loss	16954.1461182
batch	9960	valid_loss	16962.5708008
batch	9990	valid_loss	17654.4956055
batch	10020	valid_loss	16905.9447021
batch	10050	valid_loss	16833.6090088
batch	10080	valid_loss	18559.0057373
batch	10110	valid_loss	16929.1463623
batch	10140	valid_loss	16848.5629883
batch	10170	valid_loss	16916.8016357
batch	10200	valid_loss	16989.7386475
batch	10230	valid_loss	16840.5335693
batch	10260	valid_loss	16818.4765625
batch	10290	valid_loss	17134.4764404
batch	10320	valid_loss	16787.6783447
batch	10350	valid_loss	16677.6854248
batch	10380	valid_loss	16842.3742676
batch	10410	valid_loss	16685.2950439
batch	10440	valid_loss	16691.927124
batch	10470	valid_loss	16747.180542
batch	10500	valid_loss	16610.2181396
batch	10530	valid_loss	16730.6124268
batch	10560	valid_loss	16629.5780029
batch	10590	valid_loss	16636.4309082
batch	10620	valid_loss	16591.8944092
batch	10650	valid_loss	16576.9058838
batch	10680	valid_loss	16570.0891113
batch	10710	valid_loss	16621.4659424
batch	10740	valid_loss	16553.6439209
batch	10770	valid_loss	16475.4945068
batch	10800	valid_loss	16566.1812744
batch	10830	valid_loss	16475.5461426
batch	10860	valid_loss	16538.1837158
batch	10890	valid_loss	16450.8953857
batch	10920	valid_loss	16845.1745605
batch	10950	valid_loss	16526.4283447
batch	10980	valid_loss	16488.5740967
batch	11010	valid_loss	16335.7857666
batch	11040	valid_loss	16341.2722168
batch	11070	valid_loss	16421.6929932
batch	11100	valid_loss	16499.6879883
batch	11130	valid_loss	16582.3989258
batch	11160	valid_loss	16280.6264648
batch	11190	valid_loss	16272.4592285
batch	11220	valid_loss	16287.5716553
batch	11250	valid_loss	16350.8469238
batch	11280	valid_loss	16203.8043213
batch	11310	valid_loss	16201.2095947
batch	11340	valid_loss	16460.1325684
batch	11370	valid_loss	16268.84375
batch	11400	valid_loss	16269.0009766
batch	11430	valid_loss	16308.456543
batch	11460	valid_loss	16131.0518799
batch	11490	valid_loss	16627.1600342
batch	11520	valid_loss	16191.527832
batch	11550	valid_loss	16193.4958496
batch	11580	valid_loss	16141.012207
batch	11610	valid_loss	17303.1799316
batch	11640	valid_loss	16087.0262451
batch	11670	valid_loss	16091.4134521
batch	11700	valid_loss	16479.0731201
batch	11730	valid_loss	16121.5476074
batch	11760	valid_loss	16847.7769775
batch	11790	valid_loss	16121.4229736
batch	11820	valid_loss	16015.4050293
batch	11850	valid_loss	17401.1383057
batch	11880	valid_loss	15993.513916
batch	11910	valid_loss	15910.730957
batch	11940	valid_loss	15950.6999512
batch	11970	valid_loss	15979.8005371
batch	12000	valid_loss	18163.6463623
batch	12030	valid_loss	16043.3775635
batch	12060	valid_loss	15989.3400879
batch	12090	valid_loss	16024.3552246
batch	12120	valid_loss	16089.6306152
batch	12150	valid_loss	16001.598999
batch	12180	valid_loss	16217.1800537
batch	12210	valid_loss	15880.2969971
batch	12240	valid_loss	15877.0257568
batch	12270	valid_loss	15958.583374
batch	12300	valid_loss	16758.1154785
batch	12330	valid_loss	15865.713501
batch	12360	valid_loss	15886.034668
batch	12390	valid_loss	16142.9445801
batch	12420	valid_loss	15794.5548096
batch	12450	valid_loss	16203.4537354
batch	12480	valid_loss	15769.2373047
batch	12510	valid_loss	15871.909668
batch	12540	valid_loss	15763.6314697
batch	12570	valid_loss	15992.9990234
batch	12600	valid_loss	15751.3670654
batch	12630	valid_loss	15860.071167
batch	12660	valid_loss	16654.5487061
batch	12690	valid_loss	15781.4873047
batch	12720	valid_loss	15711.7700195
batch	12750	valid_loss	15751.869751
batch	12780	valid_loss	16135.5517578
batch	12810	valid_loss	15809.1485596
batch	12840	valid_loss	15635.6060791
batch	12870	valid_loss	15596.9006348
batch	12900	valid_loss	15662.5339355
batch	12930	valid_loss	15894.0684814
batch	12960	valid_loss	15960.3144531
batch	12990	valid_loss	15866.241333
batch	13020	valid_loss	15631.8156738
batch	13050	valid_loss	16142.6002197
batch	13080	valid_loss	15831.5720215
batch	13110	valid_loss	15583.8604736
batch	13140	valid_loss	15640.6512451
batch	13170	valid_loss	16339.1878662
batch	13200	valid_loss	15633.4584961
batch	13230	valid_loss	15601.31604
batch	13260	valid_loss	15728.5229492
batch	13290	valid_loss	15577.5316162
batch	13320	valid_loss	15669.7803955
batch	13350	valid_loss	15639.1932373
batch	13380	valid_loss	15634.1437988
batch	13410	valid_loss	15527.7634277
batch	13440	valid_loss	15491.5968018
batch	13470	valid_loss	15628.7416992
batch	13500	valid_loss	15607.8027344
batch	13530	valid_loss	15446.105957
batch	13560	valid_loss	15767.8349609
batch	13590	valid_loss	15576.0349121
batch	13620	valid_loss	15585.862915
batch	13650	valid_loss	15580.5860596
batch	13680	valid_loss	16988.6899414
batch	13710	valid_loss	15565.3240967
batch	13740	valid_loss	15485.760498
batch	13770	valid_loss	15490.982666
batch	13800	valid_loss	15654.5283203
batch	13830	valid_loss	15639.7175293
batch	13860	valid_loss	15488.3212891
batch	13890	valid_loss	15596.44104
batch	13920	valid_loss	15477.0078125
batch	13950	valid_loss	15358.5360107
batch	13980	valid_loss	16275.3262939
batch	14010	valid_loss	15595.5358887
batch	14040	valid_loss	15557.4802246
batch	14070	valid_loss	15457.7056885
batch	14100	valid_loss	15377.3336182
batch	14130	valid_loss	15367.7687988
batch	14160	valid_loss	15581.8098145
batch	14190	valid_loss	15469.385498
batch	14220	valid_loss	15770.3764648
batch	14250	valid_loss	15403.6431885
batch	14280	valid_loss	15341.4577637
batch	14310	valid_loss	17228.7947998
batch	14340	valid_loss	15408.1004639
batch	14370	valid_loss	15331.5429688
batch	14400	valid_loss	15291.5797119
batch	14430	valid_loss	15395.8026123
batch	14460	valid_loss	15315.0646973
batch	14490	valid_loss	15397.7607422
batch	14520	valid_loss	15518.9553223
batch	14550	valid_loss	15434.1282959
batch	14580	valid_loss	15374.130127
batch	14610	valid_loss	15424.5117188
batch	14640	valid_loss	15484.3293457
batch	14670	valid_loss	15320.949585
batch	14700	valid_loss	15322.9880371
batch	14730	valid_loss	15750.3577881
batch	14760	valid_loss	15288.7435303
batch	14790	valid_loss	15221.8155518
batch	14820	valid_loss	15806.8409424
batch	14850	valid_loss	15305.2794189
batch	14880	valid_loss	15513.3468018
batch	14910	valid_loss	15310.1062012
batch	14940	valid_loss	15388.1713867
batch	14970	valid_loss	15447.3305664
batch	15000	valid_loss	15182.5009766
batch	15030	valid_loss	15181.9338379
batch	15060	valid_loss	15498.2733154
batch	15090	valid_loss	15214.9185791
batch	15120	valid_loss	15860.6229248
batch	15150	valid_loss	15260.7545166
batch	15180	valid_loss	15383.2971191
batch	15210	valid_loss	15406.2163086
batch	15240	valid_loss	15357.2670898
batch	15270	valid_loss	15650.9979248
batch	15300	valid_loss	15270.9451904
batch	15330	valid_loss	15271.2545166
batch	15360	valid_loss	15649.3826904
batch	15390	valid_loss	15258.6922607
batch	15420	valid_loss	15606.3306885
batch	15450	valid_loss	15174.2724609
batch	15480	valid_loss	15409.4346924
batch	15510	valid_loss	15099.944458
batch	15540	valid_loss	15208.8218994
batch	15570	valid_loss	15541.4754639
batch	15600	valid_loss	15121.8327637
batch	15630	valid_loss	15974.7958984
batch	15660	valid_loss	15018.7827148
batch	15690	valid_loss	15752.5396729
batch	15720	valid_loss	15212.0507812
batch	15750	valid_loss	15183.8728027
batch	15780	valid_loss	15347.8560791
batch	15810	valid_loss	15136.118042
batch	15840	valid_loss	15121.0021973
batch	15870	valid_loss	15336.87146
batch	15900	valid_loss	15258.5313721
batch	15930	valid_loss	15123.0744629
batch	15960	valid_loss	15177.8913574
batch	15990	valid_loss	15215.911377
batch	16020	valid_loss	15213.9666748
batch	16050	valid_loss	15171.0769043
batch	16080	valid_loss	15087.637085
batch	16110	valid_loss	15218.6108398
batch	16140	valid_loss	15821.326416
batch	16170	valid_loss	15214.2611084
batch	16200	valid_loss	15272.7449951
batch	16230	valid_loss	15056.9291992
batch	16260	valid_loss	15297.0284424
batch	16290	valid_loss	14990.3220215
batch	16320	valid_loss	15075.5750732
batch	16350	valid_loss	15078.6281738
batch	16380	valid_loss	15723.1595459
batch	16410	valid_loss	15133.8743896
batch	16440	valid_loss	15123.9472656
batch	16470	valid_loss	15170.5754395
batch	16500	valid_loss	15340.2750244
batch	16530	valid_loss	15044.0887451
batch	16560	valid_loss	15391.763916
batch	16590	valid_loss	15038.7717285
batch	16620	valid_loss	15168.7774658
batch	16650	valid_loss	15068.3632812
batch	16680	valid_loss	15274.670166
batch	16710	valid_loss	14992.2030029
batch	16740	valid_loss	15100.6812744
batch	16770	valid_loss	15147.6785889
batch	16800	valid_loss	15274.9213867
batch	16830	valid_loss	15285.1998291
batch	16860	valid_loss	15044.4554443
batch	16890	valid_loss	17857.2901611
batch	16920	valid_loss	15024.1347656
batch	16950	valid_loss	15018.463501
batch	16980	valid_loss	15138.7303467
batch	17010	valid_loss	15015.402832
batch	17040	valid_loss	15698.5527344
batch	17070	valid_loss	14978.7487793
batch	17100	valid_loss	15007.6208496
batch	17130	valid_loss	15405.1602783
batch	17160	valid_loss	14967.7064209
batch	17190	valid_loss	15144.557251
batch	17220	valid_loss	14956.0023193
batch	17250	valid_loss	15550.3735352
batch	17280	valid_loss	14945.6505127
batch	17310	valid_loss	15671.3010254
batch	17340	valid_loss	15065.9951172
batch	17370	valid_loss	15281.397583
batch	17400	valid_loss	14996.7966309
batch	17430	valid_loss	15129.6824951
batch	17460	valid_loss	15284.6733398
batch	17490	valid_loss	14963.0319824
batch	17520	valid_loss	14932.3515625
batch	17550	valid_loss	15016.9849854
batch	17580	valid_loss	15011.7143555
batch	17610	valid_loss	15011.630127
batch	17640	valid_loss	15902.4608154
batch	17670	valid_loss	15038.1130371
batch	17700	valid_loss	14966.0966797
batch	17730	valid_loss	15537.6563721
batch	17760	valid_loss	15016.213623
batch	17790	valid_loss	14950.3330078
batch	17820	valid_loss	15053.8431396
batch	17850	valid_loss	14901.8691406
batch	17880	valid_loss	15012.9451904
batch	17910	valid_loss	15392.6549072
batch	17940	valid_loss	14961.9749756
batch	17970	valid_loss	15049.5498047
batch	18000	valid_loss	15030.3712158
batch	18030	valid_loss	15242.6831055
batch	18060	valid_loss	15017.7172852
batch	18090	valid_loss	14898.3499756
batch	18120	valid_loss	16375.2128906
batch	18150	valid_loss	14942.434082
batch	18180	valid_loss	14884.319458
batch	18210	valid_loss	14992.4893799
batch	18240	valid_loss	14953.1257324
batch	18270	valid_loss	15246.3326416
batch	18300	valid_loss	14962.1064453
batch	18330	valid_loss	15053.1801758
batch	18360	valid_loss	15128.5821533
batch	18390	valid_loss	15009.5100098
batch	18420	valid_loss	14929.3057861
batch	18450	valid_loss	15738.4299316
batch	18480	valid_loss	14904.8017578
batch	18510	valid_loss	14997.3001709
batch	18540	valid_loss	14945.4868164
batch	18570	valid_loss	14973.4376221
batch	18600	valid_loss	15877.8876953
batch	18630	valid_loss	15014.1972656
batch	18660	valid_loss	14893.9970703
batch	18690	valid_loss	15429.2003174
batch	18720	valid_loss	14944.7589111
batch	18750	valid_loss	14945.8554688
batch	18780	valid_loss	15062.7563477
batch	18810	valid_loss	14921.3763428
batch	18840	valid_loss	15083.0712891
batch	18870	valid_loss	14945.8399658
batch	18900	valid_loss	15449.0625
batch	18930	valid_loss	14915.3547363
batch	18960	valid_loss	14889.2166748
batch	18990	valid_loss	16820.1986084
batch	19020	valid_loss	14902.4537354
batch	19050	valid_loss	14946.5699463
batch	19080	valid_loss	14900.7766113
batch	19110	valid_loss	15019.8220215
batch	19140	valid_loss	15004.1623535
batch	19170	valid_loss	15004.4981689
batch	19200	valid_loss	14891.7137451
batch	19230	valid_loss	15025.8041992
batch	19260	valid_loss	14894.0195312
batch	19290	valid_loss	15038.1796875
batch	19320	valid_loss	15017.7767334
batch	19350	valid_loss	14822.3831787
batch	19380	valid_loss	14990.9277344
batch	19410	valid_loss	15086.9030762
batch	19440	valid_loss	14868.0950928
batch	19470	valid_loss	15042.237793
batch	19500	valid_loss	15029.7215576
batch	19530	valid_loss	14905.7307129
batch	19560	valid_loss	14923.9492188
batch	19590	valid_loss	14929.1254883
batch	19620	valid_loss	15074.0847168
batch	19650	valid_loss	14841.3631592
batch	19680	valid_loss	15137.2687988
batch	19710	valid_loss	14886.4864502
batch	19740	valid_loss	15317.5556641
batch	19770	valid_loss	14845.2099609
batch	19800	valid_loss	15399.3905029
batch	19830	valid_loss	14936.0004883
batch	19860	valid_loss	15126.8199463
batch	19890	valid_loss	14970.2304688
batch	19920	valid_loss	15620.2233887
batch	19950	valid_loss	14920.2480469
batch	19980	valid_loss	14866.7976074
batch	20010	valid_loss	15008.269043
batch	20040	valid_loss	14816.5079346
batch	20070	valid_loss	14986.9915771
batch	20100	valid_loss	14918.0948486
batch	20130	valid_loss	14804.7401123
batch	20160	valid_loss	16014.7097168
batch	20190	valid_loss	14907.5507812
batch	20220	valid_loss	14842.954834
batch	20250	valid_loss	15337.0158691
batch	20280	valid_loss	14791.4459229
batch	20310	valid_loss	15097.8822021
batch	20340	valid_loss	15026.7143555
batch	20370	valid_loss	14824.0230713
batch	20400	valid_loss	14782.1456299
batch	20430	valid_loss	14982.4890137
batch	20460	valid_loss	15021.1790771
batch	20490	valid_loss	14848.3808594
batch	20520	valid_loss	14872.3408203
batch	20550	valid_loss	15711.9727783
batch	20580	valid_loss	14870.5062256
batch	20610	valid_loss	14981.5809326
batch	20640	valid_loss	14923.1363525
batch	20670	valid_loss	14903.2744141
batch	20700	valid_loss	15076.2097168
batch	20730	valid_loss	14899.3029785
batch	20760	valid_loss	14884.4152832
batch	20790	valid_loss	15046.2514648
batch	20820	valid_loss	14822.1710205
batch	20850	valid_loss	15263.7391357
batch	20880	valid_loss	14793.5339355
batch	20910	valid_loss	14814.2520752
batch	20940	valid_loss	14960.6925049
batch	20970	valid_loss	14781.791626
batch	21000	valid_loss	14901.3955078
batch	21030	valid_loss	15754.4521484
batch	21060	valid_loss	14793.8291016
batch	21090	valid_loss	14960.2089844
batch	21120	valid_loss	14918.7454834
batch	21150	valid_loss	14922.0804443
batch	21180	valid_loss	16144.2833252
batch	21210	valid_loss	14773.2663574
batch	21240	valid_loss	14829.3098145
batch	21270	valid_loss	14837.5994873
batch	21300	valid_loss	14899.9688721
batch	21330	valid_loss	14761.6881104
batch	21360	valid_loss	15297.3320312
batch	21390	valid_loss	14950.6469727
batch	21420	valid_loss	15055.4885254
batch	21450	valid_loss	14850.6368408
batch	21480	valid_loss	15261.2471924
batch	21510	valid_loss	14847.6955566
batch	21540	valid_loss	15073.1955566
batch	21570	valid_loss	14777.6763916
batch	21600	valid_loss	14746.7941895
batch	21630	valid_loss	14882.9002686
batch	21660	valid_loss	14777.793457
batch	21690	valid_loss	14845.9401855
batch	21720	valid_loss	15240.6749268
batch	21750	valid_loss	14799.7897949
batch	21780	valid_loss	14731.6014404
batch	21810	valid_loss	14972.6065674
batch	21840	valid_loss	14769.572876
batch	21870	valid_loss	15262.8527832
batch	21900	valid_loss	14743.6556396
batch	21930	valid_loss	14908.5119629
batch	21960	valid_loss	14786.227417
batch	21990	valid_loss	14898.5341797
batch	22020	valid_loss	15118.1549072
batch	22050	valid_loss	14964.668457
batch	22080	valid_loss	14768.0177002
batch	22110	valid_loss	14970.7650146
batch	22140	valid_loss	14946.0161133
batch	22170	valid_loss	14792.2150879
batch	22200	valid_loss	14828.3577881
batch	22230	valid_loss	14910.5428467
batch	22260	valid_loss	14720.8638916
batch	22290	valid_loss	14799.6422119
batch	22320	valid_loss	14845.4752197
batch	22350	valid_loss	15078.4368896
batch	22380	valid_loss	14822.5024414
batch	22410	valid_loss	15047.6799316
batch	22440	valid_loss	15202.8549805
batch	22470	valid_loss	14724.6055908
batch	22500	valid_loss	15147.1456299
batch	22530	valid_loss	14860.8322754
batch	22560	valid_loss	14814.2436523
batch	22590	valid_loss	14886.5985107
batch	22620	valid_loss	14846.1217041
batch	22650	valid_loss	15515.2514648
batch	22680	valid_loss	14813.076416
batch	22710	valid_loss	14851.0474854
batch	22740	valid_loss	16948.671875
batch	22770	valid_loss	14752.803833
batch	22800	valid_loss	14747.5279541
batch	22830	valid_loss	14772.840332
batch	22860	valid_loss	15643.8034668
batch	22890	valid_loss	14743.7237549
batch	22920	valid_loss	14739.7763672
batch	22950	valid_loss	14960.5473633
batch	22980	valid_loss	15707.8618164
batch	23010	valid_loss	14786.7678223
batch	23040	valid_loss	15024.8598633
batch	23070	valid_loss	14935.9869385
batch	23100	valid_loss	14812.5266113
batch	23130	valid_loss	14777.7248535
batch	23160	valid_loss	14788.267334
batch	23190	valid_loss	14972.7119141
batch	23220	valid_loss	14755.9260254
batch	23250	valid_loss	14769.8647461
batch	23280	valid_loss	15177.7642822
batch	23310	valid_loss	14794.5860596
batch	23340	valid_loss	14765.4874268
batch	23370	valid_loss	15203.8128662
batch	23400	valid_loss	14720.5344238
batch	23430	valid_loss	15591.8636475
batch	23460	valid_loss	14657.4824219
batch	23490	valid_loss	15030.5942383
batch	23520	valid_loss	14966.2236328
batch	23550	valid_loss	14723.9462891
batch	23580	valid_loss	14836.6939697
batch	23610	valid_loss	15100.3405762
batch	23640	valid_loss	14689.5339355
batch	23670	valid_loss	14718.9202881
batch	23700	valid_loss	14726.5189209
batch	23730	valid_loss	14904.3518066
batch	23760	valid_loss	14727.3397217
batch	23790	valid_loss	14849.451416
batch	23820	valid_loss	15066.2806396
batch	23850	valid_loss	14836.0727539
batch	23880	valid_loss	14759.6654053
batch	23910	valid_loss	14814.0123291
batch	23940	valid_loss	15078.7575684
batch	23970	valid_loss	14866.3934326
batch	24000	valid_loss	14805.4992676
batch	24030	valid_loss	14738.321167
batch	24060	valid_loss	14900.0828857
batch	24090	valid_loss	14735.0762939
batch	24120	valid_loss	15134.6160889
batch	24150	valid_loss	14702.0421143
batch	24180	valid_loss	14718.7720947
batch	24210	valid_loss	15087.5864258
batch	24240	valid_loss	14790.2781982
batch	24270	valid_loss	14960.0068359
batch	24300	valid_loss	15232.791626
batch	24330	valid_loss	14732.5892334
batch	24360	valid_loss	14998.4875488
batch	24390	valid_loss	14656.7938232
batch	24420	valid_loss	14856.2261963
batch	24450	valid_loss	14756.767334
batch	24480	valid_loss	14879.8060303
batch	24510	valid_loss	15034.4338379
batch	24540	valid_loss	14872.1324463
batch	24570	valid_loss	14819.5209961
batch	24600	valid_loss	15555.861084
batch	24630	valid_loss	14786.6043701
batch	24660	valid_loss	14729.090332
batch	24690	valid_loss	14706.7167969
batch	24720	valid_loss	14837.72229
batch	24750	valid_loss	14828.0633545
batch	24780	valid_loss	14718.3935547
batch	24810	valid_loss	14765.7441406
batch	24840	valid_loss	15079.3262939
batch	24870	valid_loss	14717.3825684
batch	24900	valid_loss	14716.6516113
batch	24930	valid_loss	15281.0610352
batch	24960	valid_loss	14684.5548096
batch	24990	valid_loss	15098.6981201
STOP
START
config	500	300	500	960
batch	0	valid_loss	6858303.5
batch	30	valid_loss	168550.253906
batch	60	valid_loss	122258.113281
batch	90	valid_loss	119822.710938
batch	120	valid_loss	119674.076172
batch	150	valid_loss	119607.276367
batch	180	valid_loss	119495.392578
batch	210	valid_loss	119297.416016
batch	240	valid_loss	119083.042969
batch	270	valid_loss	118623.4375
batch	300	valid_loss	117763.882812
batch	330	valid_loss	116219.607422
batch	360	valid_loss	113913.307617
batch	390	valid_loss	112022.785156
batch	420	valid_loss	110313.777344
batch	450	valid_loss	109212.624023
batch	480	valid_loss	108296.058594
batch	510	valid_loss	107615.951172
batch	540	valid_loss	106987.369141
batch	570	valid_loss	106336.025391
batch	600	valid_loss	105610.758789
batch	630	valid_loss	104804.705078
batch	660	valid_loss	103868.051758
batch	690	valid_loss	102861.741211
batch	720	valid_loss	101745.224609
batch	750	valid_loss	100558.419922
batch	780	valid_loss	99316.1191406
batch	810	valid_loss	97927.7333984
batch	840	valid_loss	96463.7460938
batch	870	valid_loss	95107.8925781
batch	900	valid_loss	93504.0517578
batch	930	valid_loss	91847.9116211
batch	960	valid_loss	90400.2036133
batch	990	valid_loss	88736.3530273
batch	1020	valid_loss	87225.7905273
batch	1050	valid_loss	85616.9516602
batch	1080	valid_loss	84096.3022461
batch	1110	valid_loss	82594.2231445
batch	1140	valid_loss	81083.7490234
batch	1170	valid_loss	79466.5024414
batch	1200	valid_loss	77917.9819336
batch	1230	valid_loss	76438.7329102
batch	1260	valid_loss	74994.2739258
batch	1290	valid_loss	73591.7583008
batch	1320	valid_loss	72172.5952148
batch	1350	valid_loss	70797.762207
batch	1380	valid_loss	69490.690918
batch	1410	valid_loss	68195.5302734
batch	1440	valid_loss	66992.6601562
batch	1470	valid_loss	65684.1826172
batch	1500	valid_loss	64586.2475586
batch	1530	valid_loss	63407.8056641
batch	1560	valid_loss	62367.8056641
batch	1590	valid_loss	61402.8056641
batch	1620	valid_loss	60247.3017578
batch	1650	valid_loss	59174.8676758
batch	1680	valid_loss	58319.8632812
batch	1710	valid_loss	57339.6479492
batch	1740	valid_loss	56460.9179688
batch	1770	valid_loss	55591.3686523
batch	1800	valid_loss	54696.1967773
batch	1830	valid_loss	53794.2426758
batch	1860	valid_loss	53001.9541016
batch	1890	valid_loss	52306.8227539
batch	1920	valid_loss	51456.0024414
batch	1950	valid_loss	50742.9208984
batch	1980	valid_loss	49985.9692383
batch	2010	valid_loss	49430.8798828
batch	2040	valid_loss	48756.1577148
batch	2070	valid_loss	48098.6181641
batch	2100	valid_loss	47425.5073242
batch	2130	valid_loss	46814.2351074
batch	2160	valid_loss	46353.3120117
batch	2190	valid_loss	45622.8706055
batch	2220	valid_loss	45181.7189941
batch	2250	valid_loss	44635.4997559
batch	2280	valid_loss	44085.7587891
batch	2310	valid_loss	43591.2333984
batch	2340	valid_loss	43111.5651855
batch	2370	valid_loss	42618.9914551
batch	2400	valid_loss	42190.8520508
batch	2430	valid_loss	41733.8127441
batch	2460	valid_loss	41271.0690918
batch	2490	valid_loss	40829.6713867
batch	2520	valid_loss	40363.7866211
batch	2550	valid_loss	39882.4453125
batch	2580	valid_loss	39652.6252441
batch	2610	valid_loss	39190.3129883
batch	2640	valid_loss	38864.5341797
batch	2670	valid_loss	38461.2099609
batch	2700	valid_loss	38259.0314941
batch	2730	valid_loss	37708.7050781
batch	2760	valid_loss	37442.1889648
batch	2790	valid_loss	37095.3825684
batch	2820	valid_loss	36764.9870605
batch	2850	valid_loss	36326.0776367
batch	2880	valid_loss	36087.5119629
batch	2910	valid_loss	35786.2719727
batch	2940	valid_loss	35650.9221191
batch	2970	valid_loss	35214.5529785
batch	3000	valid_loss	34977.6040039
batch	3030	valid_loss	34634.4775391
batch	3060	valid_loss	34324.9902344
batch	3090	valid_loss	34339.4729004
batch	3120	valid_loss	33898.612793
batch	3150	valid_loss	33607.3720703
batch	3180	valid_loss	33326.4157715
batch	3210	valid_loss	33125.7509766
batch	3240	valid_loss	32959.2854004
batch	3270	valid_loss	32632.420166
batch	3300	valid_loss	32561.916748
batch	3330	valid_loss	32285.8317871
batch	3360	valid_loss	32007.0927734
batch	3390	valid_loss	31850.7287598
batch	3420	valid_loss	31542.3276367
batch	3450	valid_loss	31390.2770996
batch	3480	valid_loss	31085.7316895
batch	3510	valid_loss	30938.6567383
batch	3540	valid_loss	30692.2763672
batch	3570	valid_loss	30600.9633789
batch	3600	valid_loss	30285.7165527
batch	3630	valid_loss	30247.7666016
batch	3660	valid_loss	30414.3781738
batch	3690	valid_loss	29775.6992188
batch	3720	valid_loss	29586.1376953
batch	3750	valid_loss	29608.380127
batch	3780	valid_loss	29375.0881348
batch	3810	valid_loss	29186.6799316
batch	3840	valid_loss	28926.7050781
batch	3870	valid_loss	28950.0837402
batch	3900	valid_loss	28685.8674316
batch	3930	valid_loss	28507.1994629
batch	3960	valid_loss	28371.2255859
batch	3990	valid_loss	28192.4541016
batch	4020	valid_loss	27992.5187988
batch	4050	valid_loss	27958.7456055
batch	4080	valid_loss	27767.3669434
batch	4110	valid_loss	27511.967041
batch	4140	valid_loss	27337.3083496
batch	4170	valid_loss	27254.5085449
batch	4200	valid_loss	27207.2507324
batch	4230	valid_loss	27083.2270508
batch	4260	valid_loss	27155.5556641
batch	4290	valid_loss	26780.6757812
batch	4320	valid_loss	26589.6794434
batch	4350	valid_loss	26676.5927734
batch	4380	valid_loss	27041.0136719
batch	4410	valid_loss	26308.5048828
batch	4440	valid_loss	26055.081543
batch	4470	valid_loss	26003.1411133
batch	4500	valid_loss	25826.4663086
batch	4530	valid_loss	25785.1245117
batch	4560	valid_loss	25845.1723633
batch	4590	valid_loss	25464.9077148
batch	4620	valid_loss	25396.9724121
batch	4650	valid_loss	25457.5437012
batch	4680	valid_loss	25245.7980957
batch	4710	valid_loss	25112.6164551
batch	4740	valid_loss	24965.2749023
batch	4770	valid_loss	25019.5219727
batch	4800	valid_loss	24755.4750977
batch	4830	valid_loss	24684.9802246
batch	4860	valid_loss	25013.2902832
batch	4890	valid_loss	24578.8154297
batch	4920	valid_loss	24468.4436035
batch	4950	valid_loss	24434.3291016
batch	4980	valid_loss	24351.0292969
batch	5010	valid_loss	24063.692627
batch	5040	valid_loss	23976.5524902
batch	5070	valid_loss	24272.8898926
batch	5100	valid_loss	23836.3500977
batch	5130	valid_loss	23722.6934814
batch	5160	valid_loss	23673.3619385
batch	5190	valid_loss	23792.3686523
batch	5220	valid_loss	23741.1679688
batch	5250	valid_loss	23550.2536621
batch	5280	valid_loss	23432.8867188
batch	5310	valid_loss	23477.0722656
batch	5340	valid_loss	23123.9667969
batch	5370	valid_loss	23173.203125
batch	5400	valid_loss	23172.869751
batch	5430	valid_loss	22892.2457275
batch	5460	valid_loss	22822.246582
batch	5490	valid_loss	22858.7089844
batch	5520	valid_loss	22894.9372559
batch	5550	valid_loss	22755.2554932
batch	5580	valid_loss	22597.585083
batch	5610	valid_loss	22491.1296387
batch	5640	valid_loss	22701.9205322
batch	5670	valid_loss	22246.9863281
batch	5700	valid_loss	23140.036377
batch	5730	valid_loss	22184.5952148
batch	5760	valid_loss	22320.1895752
batch	5790	valid_loss	22087.855957
batch	5820	valid_loss	22061.4526367
batch	5850	valid_loss	22206.7574463
batch	5880	valid_loss	22120.5179443
batch	5910	valid_loss	22018.2962646
batch	5940	valid_loss	21919.5441895
batch	5970	valid_loss	21603.7128906
batch	6000	valid_loss	22182.7242432
batch	6030	valid_loss	21750.4399414
batch	6060	valid_loss	21520.2116699
batch	6090	valid_loss	21520.0230713
batch	6120	valid_loss	21635.822998
batch	6150	valid_loss	21344.4509277
batch	6180	valid_loss	21349.2159424
batch	6210	valid_loss	21338.8289795
batch	6240	valid_loss	21503.8551025
batch	6270	valid_loss	21190.5853271
batch	6300	valid_loss	21006.7767334
batch	6330	valid_loss	22140.3360596
batch	6360	valid_loss	20899.1533203
batch	6390	valid_loss	21049.0560303
batch	6420	valid_loss	20969.503418
batch	6450	valid_loss	22651.4802246
batch	6480	valid_loss	20810.8729248
batch	6510	valid_loss	20632.6690674
batch	6540	valid_loss	20550.5952148
batch	6570	valid_loss	20634.1040039
batch	6600	valid_loss	20512.4088135
batch	6630	valid_loss	20545.7196045
batch	6660	valid_loss	20561.6170654
batch	6690	valid_loss	20498.8760986
batch	6720	valid_loss	20328.7474365
batch	6750	valid_loss	20315.5272217
batch	6780	valid_loss	20819.3198242
batch	6810	valid_loss	20202.9858398
batch	6840	valid_loss	20141.3837891
batch	6870	valid_loss	20082.1865234
batch	6900	valid_loss	20275.0665283
batch	6930	valid_loss	19980.1938477
batch	6960	valid_loss	20017.7242432
batch	6990	valid_loss	21839.59729
batch	7020	valid_loss	20095.9779053
batch	7050	valid_loss	19836.963501
batch	7080	valid_loss	19773.1499023
batch	7110	valid_loss	19731.3830566
batch	7140	valid_loss	19728.7926025
batch	7170	valid_loss	19691.4320068
batch	7200	valid_loss	20071.7497559
batch	7230	valid_loss	19524.8035889
batch	7260	valid_loss	19480.2012939
batch	7290	valid_loss	19428.4555664
batch	7320	valid_loss	19560.043335
batch	7350	valid_loss	19547.4487305
batch	7380	valid_loss	19423.6688232
batch	7410	valid_loss	20083.9272461
batch	7440	valid_loss	19319.546875
batch	7470	valid_loss	19329.5574951
batch	7500	valid_loss	19239.550293
batch	7530	valid_loss	19159.5021973
batch	7560	valid_loss	19074.2729492
batch	7590	valid_loss	19339.0102539
batch	7620	valid_loss	19179.9986572
batch	7650	valid_loss	19046.4578857
batch	7680	valid_loss	19217.1674805
batch	7710	valid_loss	18945.8120117
batch	7740	valid_loss	19424.8693848
batch	7770	valid_loss	18966.7386475
batch	7800	valid_loss	18827.1727295
batch	7830	valid_loss	19445.489624
batch	7860	valid_loss	18755.8510742
batch	7890	valid_loss	18717.0267334
batch	7920	valid_loss	18801.4693604
batch	7950	valid_loss	18669.8305664
batch	7980	valid_loss	19194.1727295
batch	8010	valid_loss	18858.4538574
batch	8040	valid_loss	18688.664917
batch	8070	valid_loss	18560.7337646
batch	8100	valid_loss	18564.9870605
batch	8130	valid_loss	18583.5566406
batch	8160	valid_loss	18398.3977051
batch	8190	valid_loss	18633.9232178
batch	8220	valid_loss	18423.0196533
batch	8250	valid_loss	18379.4682617
batch	8280	valid_loss	18481.1835938
batch	8310	valid_loss	18314.6009521
batch	8340	valid_loss	18204.7716064
batch	8370	valid_loss	18216.6190186
batch	8400	valid_loss	18229.8946533
batch	8430	valid_loss	18373.1669922
batch	8460	valid_loss	18156.0822754
batch	8490	valid_loss	19573.6940918
batch	8520	valid_loss	18103.4538574
batch	8550	valid_loss	18115.6329346
batch	8580	valid_loss	18031.2601318
batch	8610	valid_loss	18124.1348877
batch	8640	valid_loss	18012.8355713
batch	8670	valid_loss	18029.2592773
batch	8700	valid_loss	18269.2796631
batch	8730	valid_loss	17904.2783203
batch	8760	valid_loss	17959.1921387
batch	8790	valid_loss	18055.4572754
batch	8820	valid_loss	17944.6229248
batch	8850	valid_loss	17775.4752197
batch	8880	valid_loss	18049.2197266
batch	8910	valid_loss	17878.9171143
batch	8940	valid_loss	17732.4492188
batch	8970	valid_loss	17829.6085205
batch	9000	valid_loss	17730.4265137
batch	9030	valid_loss	17917.3863525
batch	9060	valid_loss	17674.4243164
batch	9090	valid_loss	17571.6479492
batch	9120	valid_loss	18212.1079102
batch	9150	valid_loss	17801.0737305
batch	9180	valid_loss	17649.0316162
batch	9210	valid_loss	17590.2298584
batch	9240	valid_loss	18379.1702881
batch	9270	valid_loss	17411.7852783
batch	9300	valid_loss	17666.4515381
batch	9330	valid_loss	17539.2584229
batch	9360	valid_loss	17597.1384277
batch	9390	valid_loss	17681.6126709
batch	9420	valid_loss	17557.2161865
batch	9450	valid_loss	17532.479126
batch	9480	valid_loss	17931.2954102
batch	9510	valid_loss	17340.0640869
batch	9540	valid_loss	17442.4906006
batch	9570	valid_loss	17487.4498291
batch	9600	valid_loss	17300.7666016
batch	9630	valid_loss	17233.1507568
batch	9660	valid_loss	18194.0308838
batch	9690	valid_loss	17220.7979736
batch	9720	valid_loss	17164.2973633
batch	9750	valid_loss	17066.6419678
batch	9780	valid_loss	17248.5404053
batch	9810	valid_loss	17093.5273438
batch	9840	valid_loss	17341.4836426
batch	9870	valid_loss	17115.2077637
batch	9900	valid_loss	17177.826416
batch	9930	valid_loss	17043.0187988
batch	9960	valid_loss	17037.6992188
batch	9990	valid_loss	16956.9482422
batch	10020	valid_loss	16930.1551514
batch	10050	valid_loss	17001.0635986
batch	10080	valid_loss	17350.7530518
batch	10110	valid_loss	16914.4036865
batch	10140	valid_loss	18765.8795166
batch	10170	valid_loss	16907.5032959
batch	10200	valid_loss	16818.2038574
batch	10230	valid_loss	17393.8348389
batch	10260	valid_loss	16880.4211426
batch	10290	valid_loss	16826.6444092
batch	10320	valid_loss	17552.0161133
batch	10350	valid_loss	16719.1328125
batch	10380	valid_loss	16686.8994141
batch	10410	valid_loss	16841.7434082
batch	10440	valid_loss	16704.385498
batch	10470	valid_loss	17119.6842041
batch	10500	valid_loss	16681.25354
batch	10530	valid_loss	17060.3635254
batch	10560	valid_loss	16761.4853516
batch	10590	valid_loss	16701.1500244
batch	10620	valid_loss	16991.3479004
batch	10650	valid_loss	16562.9273682
batch	10680	valid_loss	16500.8399658
batch	10710	valid_loss	17589.2080078
batch	10740	valid_loss	16513.1879883
batch	10770	valid_loss	16565.7436523
batch	10800	valid_loss	16779.43396
batch	10830	valid_loss	16466.3200684
batch	10860	valid_loss	16479.5822754
batch	10890	valid_loss	16491.1456299
batch	10920	valid_loss	16661.0689697
batch	10950	valid_loss	16513.8289795
batch	10980	valid_loss	17917.190918
batch	11010	valid_loss	16466.0004883
batch	11040	valid_loss	16394.8012695
batch	11070	valid_loss	16692.9622803
batch	11100	valid_loss	16373.4260254
batch	11130	valid_loss	16575.6468506
batch	11160	valid_loss	16312.4813232
batch	11190	valid_loss	16333.190918
batch	11220	valid_loss	16713.5817871
batch	11250	valid_loss	16268.8952637
batch	11280	valid_loss	16269.487915
batch	11310	valid_loss	16359.3215332
batch	11340	valid_loss	16282.0152588
batch	11370	valid_loss	16386.9718018
batch	11400	valid_loss	16289.244751
batch	11430	valid_loss	16256.6542969
batch	11460	valid_loss	18614.3925781
batch	11490	valid_loss	16319.5314941
batch	11520	valid_loss	16194.8880615
batch	11550	valid_loss	16152.1794434
batch	11580	valid_loss	16125.2365723
batch	11610	valid_loss	17003.2109375
batch	11640	valid_loss	16064.7741699
batch	11670	valid_loss	16067.6481934
batch	11700	valid_loss	16702.1168213
batch	11730	valid_loss	16129.7984619
batch	11760	valid_loss	16241.291626
batch	11790	valid_loss	16294.300415
batch	11820	valid_loss	16037.0864258
batch	11850	valid_loss	16903.9417725
batch	11880	valid_loss	16063.9171143
batch	11910	valid_loss	16236.1165771
batch	11940	valid_loss	15931.1019287
batch	11970	valid_loss	16411.3244629
batch	12000	valid_loss	16178.0959473
batch	12030	valid_loss	15952.3460693
batch	12060	valid_loss	17535.8095703
batch	12090	valid_loss	15924.5727539
batch	12120	valid_loss	16004.5786133
batch	12150	valid_loss	16387.0247803
batch	12180	valid_loss	15986.1262207
batch	12210	valid_loss	15931.8095703
batch	12240	valid_loss	15971.869751
batch	12270	valid_loss	15871.9324951
batch	12300	valid_loss	16070.4228516
batch	12330	valid_loss	15900.5872803
batch	12360	valid_loss	15824.7528076
batch	12390	valid_loss	15756.6379395
batch	12420	valid_loss	15815.6563721
batch	12450	valid_loss	15937.0057373
batch	12480	valid_loss	16422.887085
batch	12510	valid_loss	15906.1328125
batch	12540	valid_loss	15711.9974365
batch	12570	valid_loss	15794.0821533
batch	12600	valid_loss	16282.8022461
batch	12630	valid_loss	15847.9296875
batch	12660	valid_loss	15755.6362305
batch	12690	valid_loss	16105.1265869
batch	12720	valid_loss	15703.2036133
batch	12750	valid_loss	15737.3243408
batch	12780	valid_loss	15814.1837158
batch	12810	valid_loss	15913.0943604
batch	12840	valid_loss	15687.512085
batch	12870	valid_loss	15661.4300537
batch	12900	valid_loss	15707.4890137
batch	12930	valid_loss	16304.8010254
batch	12960	valid_loss	15753.7138672
batch	12990	valid_loss	15771.970459
batch	13020	valid_loss	15786.9775391
batch	13050	valid_loss	15693.3393555
batch	13080	valid_loss	16010.7186279
batch	13110	valid_loss	15724.0751953
batch	13140	valid_loss	15903.1350098
batch	13170	valid_loss	15589.7915039
batch	13200	valid_loss	16119.1923828
batch	13230	valid_loss	15604.9370117
batch	13260	valid_loss	15600.8828125
batch	13290	valid_loss	15737.5168457
batch	13320	valid_loss	15511.7744141
batch	13350	valid_loss	15755.3155518
batch	13380	valid_loss	15562.0352783
batch	13410	valid_loss	15868.6663818
batch	13440	valid_loss	15654.8807373
batch	13470	valid_loss	15447.2773438
batch	13500	valid_loss	15521.7191162
batch	13530	valid_loss	15828.6447754
batch	13560	valid_loss	15509.7330322
batch	13590	valid_loss	15552.9599609
batch	13620	valid_loss	15601.5593262
batch	13650	valid_loss	15513.7130127
batch	13680	valid_loss	15577.4298096
batch	13710	valid_loss	15523.4106445
batch	13740	valid_loss	15552.0744629
batch	13770	valid_loss	15426.2921143
batch	13800	valid_loss	15493.7486572
batch	13830	valid_loss	15503.6936035
batch	13860	valid_loss	15624.5700684
batch	13890	valid_loss	16173.7813721
batch	13920	valid_loss	15477.3452148
batch	13950	valid_loss	15435.2471924
batch	13980	valid_loss	15543.0393066
batch	14010	valid_loss	15513.7740479
batch	14040	valid_loss	15472.7042236
batch	14070	valid_loss	15485.5426025
batch	14100	valid_loss	15431.0778809
batch	14130	valid_loss	15738.395874
batch	14160	valid_loss	15440.8192139
batch	14190	valid_loss	15376.8497314
batch	14220	valid_loss	15394.8150635
batch	14250	valid_loss	15654.5053711
batch	14280	valid_loss	15275.1196289
batch	14310	valid_loss	15351.5124512
batch	14340	valid_loss	15343.1464844
batch	14370	valid_loss	15573.3950195
batch	14400	valid_loss	15321.8699951
batch	14430	valid_loss	15285.9389648
batch	14460	valid_loss	16100.5957031
batch	14490	valid_loss	15307.7520752
batch	14520	valid_loss	15298.6931152
batch	14550	valid_loss	15415.8380127
batch	14580	valid_loss	15401.9008789
batch	14610	valid_loss	15521.0001221
batch	14640	valid_loss	15269.8786621
batch	14670	valid_loss	18106.7399902
batch	14700	valid_loss	15248.4100342
batch	14730	valid_loss	15285.0289307
batch	14760	valid_loss	15271.3438721
batch	14790	valid_loss	15343.8415527
batch	14820	valid_loss	15440.5314941
batch	14850	valid_loss	15250.8305664
batch	14880	valid_loss	15281.3377686
batch	14910	valid_loss	15357.7592773
batch	14940	valid_loss	15239.4085693
batch	14970	valid_loss	15376.2028809
batch	15000	valid_loss	15488.942749
batch	15030	valid_loss	15324.5113525
batch	15060	valid_loss	15173.9669189
batch	15090	valid_loss	15694.5639648
batch	15120	valid_loss	15195.2949219
batch	15150	valid_loss	15188.9871826
batch	15180	valid_loss	15328.1589355
batch	15210	valid_loss	15451.7982178
batch	15240	valid_loss	16699.6009521
batch	15270	valid_loss	15190.104126
batch	15300	valid_loss	15301.8588867
batch	15330	valid_loss	15255.6413574
batch	15360	valid_loss	15349.3935547
batch	15390	valid_loss	15201.4542236
batch	15420	valid_loss	15191.7053223
batch	15450	valid_loss	15346.3996582
batch	15480	valid_loss	15316.3076172
batch	15510	valid_loss	15096.6555176
batch	15540	valid_loss	16245.3830566
batch	15570	valid_loss	15206.9017334
batch	15600	valid_loss	15120.5136719
batch	15630	valid_loss	15254.8946533
batch	15660	valid_loss	15216.3432617
batch	15690	valid_loss	15219.3514404
batch	15720	valid_loss	15327.1019287
batch	15750	valid_loss	15113.2097168
batch	15780	valid_loss	15319.9230957
batch	15810	valid_loss	15127.7935791
batch	15840	valid_loss	15333.0007324
batch	15870	valid_loss	15203.9422607
batch	15900	valid_loss	15129.8426514
batch	15930	valid_loss	15747.427002
batch	15960	valid_loss	15148.2768555
batch	15990	valid_loss	15115.4041748
batch	16020	valid_loss	15318.1854248
batch	16050	valid_loss	15346.3525391
batch	16080	valid_loss	15145.4842529
batch	16110	valid_loss	15221.963623
batch	16140	valid_loss	15148.7929688
batch	16170	valid_loss	15294.6837158
batch	16200	valid_loss	15076.2893066
batch	16230	valid_loss	15257.9683838
batch	16260	valid_loss	15087.2629395
batch	16290	valid_loss	15212.7049561
batch	16320	valid_loss	15247.5072021
batch	16350	valid_loss	15483.1446533
batch	16380	valid_loss	15215.7835693
batch	16410	valid_loss	15086.2247314
batch	16440	valid_loss	16147.3526611
batch	16470	valid_loss	15225.9693604
batch	16500	valid_loss	15164.1174316
batch	16530	valid_loss	15102.2719727
batch	16560	valid_loss	15067.4907227
batch	16590	valid_loss	15545.369873
batch	16620	valid_loss	15104.635498
batch	16650	valid_loss	15078.6639404
batch	16680	valid_loss	16206.1529541
batch	16710	valid_loss	15160.414917
batch	16740	valid_loss	15026.1793213
batch	16770	valid_loss	15122.6431885
batch	16800	valid_loss	15132.6341553
batch	16830	valid_loss	15156.435791
batch	16860	valid_loss	15098.7192383
batch	16890	valid_loss	15237.4299316
batch	16920	valid_loss	14974.6922607
batch	16950	valid_loss	15144.4919434
batch	16980	valid_loss	15011.6278076
batch	17010	valid_loss	15203.060791
batch	17040	valid_loss	15052.5947266
batch	17070	valid_loss	15062.395874
batch	17100	valid_loss	15130.682373
batch	17130	valid_loss	15002.6556396
batch	17160	valid_loss	15161.6722412
batch	17190	valid_loss	15080.0218506
batch	17220	valid_loss	15262.9859619
batch	17250	valid_loss	15029.2869873
batch	17280	valid_loss	15158.9040527
batch	17310	valid_loss	15224.6789551
batch	17340	valid_loss	15074.4586182
batch	17370	valid_loss	14993.4665527
batch	17400	valid_loss	15185.4561768
batch	17430	valid_loss	15046.197998
batch	17460	valid_loss	15070.4001465
batch	17490	valid_loss	15277.7160645
batch	17520	valid_loss	15049.0979004
batch	17550	valid_loss	14956.2819824
batch	17580	valid_loss	15151.0025635
batch	17610	valid_loss	14991.2366943
batch	17640	valid_loss	15249.5458984
batch	17670	valid_loss	15008.3886719
batch	17700	valid_loss	15031.5202637
batch	17730	valid_loss	15093.5175781
batch	17760	valid_loss	14940.3568115
batch	17790	valid_loss	15585.8774414
batch	17820	valid_loss	14927.3806152
batch	17850	valid_loss	15713.6518555
batch	17880	valid_loss	14934.8485107
batch	17910	valid_loss	15566.2441406
batch	17940	valid_loss	15277.5238037
batch	17970	valid_loss	14981.4675293
batch	18000	valid_loss	15737.2630615
batch	18030	valid_loss	15193.0651855
batch	18060	valid_loss	14949.1674805
batch	18090	valid_loss	15729.7636719
batch	18120	valid_loss	15013.078125
batch	18150	valid_loss	15121.7203369
batch	18180	valid_loss	14900.5455322
batch	18210	valid_loss	14950.0246582
batch	18240	valid_loss	16449.8006592
batch	18270	valid_loss	15046.5646973
batch	18300	valid_loss	14960.5845947
batch	18330	valid_loss	15168.0236816
batch	18360	valid_loss	15079.8948975
batch	18390	valid_loss	14973.3643799
batch	18420	valid_loss	15368.5478516
batch	18450	valid_loss	14893.3208008
batch	18480	valid_loss	16158.746582
batch	18510	valid_loss	14979.7052002
batch	18540	valid_loss	14972.4151611
batch	18570	valid_loss	15600.3320312
batch	18600	valid_loss	14935.1029053
batch	18630	valid_loss	15527.5979004
batch	18660	valid_loss	15045.6639404
batch	18690	valid_loss	14921.739624
batch	18720	valid_loss	15175.5977783
batch	18750	valid_loss	14938.137207
batch	18780	valid_loss	15205.4285889
batch	18810	valid_loss	14983.2359619
batch	18840	valid_loss	15168.3209229
batch	18870	valid_loss	15026.6351318
batch	18900	valid_loss	14866.1998291
batch	18930	valid_loss	14944.5235596
batch	18960	valid_loss	14980.0505371
batch	18990	valid_loss	16117.8023682
batch	19020	valid_loss	15011.9699707
batch	19050	valid_loss	14941.9643555
batch	19080	valid_loss	15012.7374268
batch	19110	valid_loss	15402.0091553
batch	19140	valid_loss	14861.4455566
batch	19170	valid_loss	14855.9539795
batch	19200	valid_loss	15150.4078369
batch	19230	valid_loss	14928.5247803
batch	19260	valid_loss	15398.6079102
batch	19290	valid_loss	14928.6855469
batch	19320	valid_loss	15445.3165283
batch	19350	valid_loss	14877.5297852
batch	19380	valid_loss	14974.2341309
batch	19410	valid_loss	14920.71875
batch	19440	valid_loss	15227.4312744
batch	19470	valid_loss	14929.1993408
batch	19500	valid_loss	14885.3632812
batch	19530	valid_loss	14893.7305908
batch	19560	valid_loss	14965.7119141
batch	19590	valid_loss	15135.161377
batch	19620	valid_loss	14882.0817871
batch	19650	valid_loss	14881.3099365
batch	19680	valid_loss	16632.2591553
batch	19710	valid_loss	14836.0249023
batch	19740	valid_loss	14812.4986572
batch	19770	valid_loss	14937.3741455
batch	19800	valid_loss	14943.0863037
batch	19830	valid_loss	14953.7086182
batch	19860	valid_loss	14878.2271729
batch	19890	valid_loss	15015.2556152
batch	19920	valid_loss	14929.4370117
batch	19950	valid_loss	15664.7706299
batch	19980	valid_loss	14901.2663574
batch	20010	valid_loss	15190.7365723
batch	20040	valid_loss	14854.7752686
batch	20070	valid_loss	14885.067749
batch	20100	valid_loss	15468.4532471
batch	20130	valid_loss	14874.1680908
batch	20160	valid_loss	14874.934082
batch	20190	valid_loss	14889.6102295
batch	20220	valid_loss	15330.538208
batch	20250	valid_loss	14816.0321045
batch	20280	valid_loss	15018.3433838
batch	20310	valid_loss	14966.09375
batch	20340	valid_loss	15383.7960205
batch	20370	valid_loss	14835.3256836
batch	20400	valid_loss	15019.4694824
batch	20430	valid_loss	14907.1239014
batch	20460	valid_loss	14858.65625
batch	20490	valid_loss	14979.5319824
batch	20520	valid_loss	14855.2382812
batch	20550	valid_loss	15002.5909424
batch	20580	valid_loss	15408.3900146
batch	20610	valid_loss	14966.5715332
batch	20640	valid_loss	14883.4729004
batch	20670	valid_loss	14958.4354248
batch	20700	valid_loss	14992.9256592
batch	20730	valid_loss	14843.7250977
batch	20760	valid_loss	14881.1072998
batch	20790	valid_loss	14874.9516602
batch	20820	valid_loss	16304.5725098
batch	20850	valid_loss	14860.2752686
batch	20880	valid_loss	14820.2792969
batch	20910	valid_loss	15061.6877441
batch	20940	valid_loss	14831.1474609
batch	20970	valid_loss	15119.9411621
batch	21000	valid_loss	14852.1950684
batch	21030	valid_loss	15258.494873
batch	21060	valid_loss	14802.0209961
batch	21090	valid_loss	14768.1619873
batch	21120	valid_loss	14863.7614746
batch	21150	valid_loss	14943.1311035
batch	21180	valid_loss	14856.2402344
batch	21210	valid_loss	14904.1560059
batch	21240	valid_loss	15200.2456055
batch	21270	valid_loss	14711.5407715
batch	21300	valid_loss	14736.7336426
batch	21330	valid_loss	14806.2332764
batch	21360	valid_loss	14811.2451172
batch	21390	valid_loss	15225.1223145
batch	21420	valid_loss	14844.3082275
batch	21450	valid_loss	15333.5631104
batch	21480	valid_loss	14908.9611816
batch	21510	valid_loss	15490.1181641
batch	21540	valid_loss	14918.9848633
batch	21570	valid_loss	15011.1433105
batch	21600	valid_loss	14905.9262695
batch	21630	valid_loss	14885.0549316
batch	21660	valid_loss	14815.7911377
batch	21690	valid_loss	14902.2293701
batch	21720	valid_loss	15115.6152344
batch	21750	valid_loss	14736.2543945
batch	21780	valid_loss	16431.7321777
batch	21810	valid_loss	14830.6628418
batch	21840	valid_loss	14751.0683594
batch	21870	valid_loss	14848.0859375
batch	21900	valid_loss	15318.9206543
batch	21930	valid_loss	14821.0290527
batch	21960	valid_loss	14788.4798584
batch	21990	valid_loss	14769.6386719
batch	22020	valid_loss	15382.7652588
batch	22050	valid_loss	14785.744873
batch	22080	valid_loss	14919.5761719
batch	22110	valid_loss	14785.5605469
batch	22140	valid_loss	15182.5350342
batch	22170	valid_loss	14948.6165771
batch	22200	valid_loss	14793.4248047
batch	22230	valid_loss	14898.8342285
batch	22260	valid_loss	14778.1143799
batch	22290	valid_loss	15075.1334229
batch	22320	valid_loss	14789.1130371
batch	22350	valid_loss	14825.3443604
batch	22380	valid_loss	15038.8594971
batch	22410	valid_loss	14909.9842529
batch	22440	valid_loss	14795.6940918
batch	22470	valid_loss	14956.9318848
batch	22500	valid_loss	14772.1757812
batch	22530	valid_loss	14757.0603027
batch	22560	valid_loss	14815.324707
batch	22590	valid_loss	16298.989502
batch	22620	valid_loss	14756.9161377
batch	22650	valid_loss	14720.5739746
batch	22680	valid_loss	15111.8389893
batch	22710	valid_loss	15280.8222656
batch	22740	valid_loss	14739.1346436
batch	22770	valid_loss	15072.4853516
batch	22800	valid_loss	14789.4742432
batch	22830	valid_loss	14963.4143066
batch	22860	valid_loss	14719.6375732
batch	22890	valid_loss	14787.7669678
batch	22920	valid_loss	15522.2034912
batch	22950	valid_loss	14741.5026855
batch	22980	valid_loss	14776.270874
batch	23010	valid_loss	15677.6376953
batch	23040	valid_loss	14841.0217285
batch	23070	valid_loss	14783.3280029
batch	23100	valid_loss	15180.4240723
batch	23130	valid_loss	14698.5603027
batch	23160	valid_loss	14811.4523926
batch	23190	valid_loss	15010.1711426
batch	23220	valid_loss	14765.0667725
batch	23250	valid_loss	14780.6094971
batch	23280	valid_loss	15719.8101807
batch	23310	valid_loss	14714.7434082
batch	23340	valid_loss	14771.7133789
batch	23370	valid_loss	14743.0218506
batch	23400	valid_loss	14759.9713135
batch	23430	valid_loss	14776.9544678
batch	23460	valid_loss	15174.1208496
batch	23490	valid_loss	14849.692627
batch	23520	valid_loss	15029.6363525
batch	23550	valid_loss	14744.6447754
batch	23580	valid_loss	15192.0419922
batch	23610	valid_loss	14748.0957031
batch	23640	valid_loss	14945.8544922
batch	23670	valid_loss	15690.1575928
batch	23700	valid_loss	14800.6977539
batch	23730	valid_loss	14747.0996094
batch	23760	valid_loss	14827.1607666
batch	23790	valid_loss	14973.2241211
batch	23820	valid_loss	14884.0612793
batch	23850	valid_loss	15329.2561035
batch	23880	valid_loss	14819.1433105
batch	23910	valid_loss	14733.0307617
batch	23940	valid_loss	14863.0408936
batch	23970	valid_loss	15416.5404053
batch	24000	valid_loss	14731.1072998
batch	24030	valid_loss	14903.5584717
batch	24060	valid_loss	14743.427124
batch	24090	valid_loss	14932.2116699
batch	24120	valid_loss	14901.1783447
batch	24150	valid_loss	14863.4567871
batch	24180	valid_loss	14809.0592041
batch	24210	valid_loss	14744.6988525
batch	24240	valid_loss	15501.6741943
batch	24270	valid_loss	14896.7404785
batch	24300	valid_loss	14758.9072266
batch	24330	valid_loss	15181.8586426
batch	24360	valid_loss	14814.7113037
batch	24390	valid_loss	15836.9233398
batch	24420	valid_loss	14699.5214844
batch	24450	valid_loss	14769.9470215
batch	24480	valid_loss	14839.7806396
batch	24510	valid_loss	14698.9765625
batch	24540	valid_loss	15267.5960693
batch	24570	valid_loss	14747.8460693
batch	24600	valid_loss	14915.6120605
batch	24630	valid_loss	14842.7868652
batch	24660	valid_loss	14927.5102539
batch	24690	valid_loss	14712.0162354
batch	24720	valid_loss	14677.649292
batch	24750	valid_loss	16668.7572021
batch	24780	valid_loss	14709.3641357
batch	24810	valid_loss	14640.7619629
batch	24840	valid_loss	14722.9483643
batch	24870	valid_loss	14823.1708984
batch	24900	valid_loss	14807.5045166
batch	24930	valid_loss	14778.0126953
batch	24960	valid_loss	14795.4351807
batch	24990	valid_loss	14750.2999268
STOP
