START
config	460	100	460	1140
batch	0	valid_loss	8808853.0
batch	30	valid_loss	183702.658203
batch	60	valid_loss	100227.02832
batch	90	valid_loss	96028.9931641
batch	120	valid_loss	95824.6474609
batch	150	valid_loss	95816.8154297
batch	180	valid_loss	95765.046875
batch	210	valid_loss	95760.7919922
batch	240	valid_loss	95740.4150391
batch	270	valid_loss	95732.2734375
batch	300	valid_loss	95641.5839844
batch	330	valid_loss	95526.3349609
batch	360	valid_loss	95422.2792969
batch	390	valid_loss	95248.6865234
batch	420	valid_loss	94893.5908203
batch	450	valid_loss	94333.6669922
batch	480	valid_loss	93259.3979492
batch	510	valid_loss	91852.2460938
batch	540	valid_loss	90126.6542969
batch	570	valid_loss	88728.4243164
batch	600	valid_loss	87754.2651367
batch	630	valid_loss	87267.5883789
batch	660	valid_loss	86968.5541992
batch	690	valid_loss	86694.2382812
batch	720	valid_loss	86445.7558594
batch	750	valid_loss	86206.8525391
batch	780	valid_loss	86044.7773438
batch	810	valid_loss	85788.0566406
batch	840	valid_loss	85437.1967773
batch	870	valid_loss	85127.5888672
batch	900	valid_loss	84671.4941406
batch	930	valid_loss	84259.4824219
batch	960	valid_loss	83608.7407227
batch	990	valid_loss	83084.1025391
batch	1020	valid_loss	82522.2270508
batch	1050	valid_loss	81904.9101562
batch	1080	valid_loss	81384.3896484
batch	1110	valid_loss	80773.3256836
batch	1140	valid_loss	80242.0771484
batch	1170	valid_loss	79737.6518555
batch	1200	valid_loss	79246.4521484
batch	1230	valid_loss	78605.0610352
batch	1260	valid_loss	78161.8647461
batch	1290	valid_loss	77653.3222656
batch	1320	valid_loss	77181.4746094
batch	1350	valid_loss	76650.4453125
batch	1380	valid_loss	76210.8413086
batch	1410	valid_loss	75733.2963867
batch	1440	valid_loss	75232.324707
batch	1470	valid_loss	74723.2045898
batch	1500	valid_loss	74164.2460938
batch	1530	valid_loss	73741.3178711
batch	1560	valid_loss	73161.9628906
batch	1590	valid_loss	72705.4648438
batch	1620	valid_loss	72097.8452148
batch	1650	valid_loss	71667.8105469
batch	1680	valid_loss	71116.0249023
batch	1710	valid_loss	70612.1083984
batch	1740	valid_loss	70322.2026367
batch	1770	valid_loss	69720.3671875
batch	1800	valid_loss	69233.8349609
batch	1830	valid_loss	68776.3754883
batch	1860	valid_loss	68347.4536133
batch	1890	valid_loss	67921.9604492
batch	1920	valid_loss	67458.5449219
batch	1950	valid_loss	67171.9916992
batch	1980	valid_loss	66761.109375
batch	2010	valid_loss	66319.6147461
batch	2040	valid_loss	65846.1958008
batch	2070	valid_loss	65577.7231445
batch	2100	valid_loss	65140.0756836
batch	2130	valid_loss	64627.0092773
batch	2160	valid_loss	64173.5737305
batch	2190	valid_loss	63741.2988281
batch	2220	valid_loss	63423.7329102
batch	2250	valid_loss	63103.7250977
batch	2280	valid_loss	62787.6591797
batch	2310	valid_loss	62273.3818359
batch	2340	valid_loss	61959.1083984
batch	2370	valid_loss	61774.9291992
batch	2400	valid_loss	61234.9609375
batch	2430	valid_loss	60971.3408203
batch	2460	valid_loss	60517.2524414
batch	2490	valid_loss	60272.1513672
batch	2520	valid_loss	60024.965332
batch	2550	valid_loss	59651.215332
batch	2580	valid_loss	59417.1630859
batch	2610	valid_loss	59099.4931641
batch	2640	valid_loss	58773.3012695
batch	2670	valid_loss	58527.8696289
batch	2700	valid_loss	58324.4926758
batch	2730	valid_loss	58038.7138672
batch	2760	valid_loss	57704.1577148
batch	2790	valid_loss	57456.7172852
batch	2820	valid_loss	57194.6918945
batch	2850	valid_loss	56883.4599609
batch	2880	valid_loss	56622.4799805
batch	2910	valid_loss	56601.9584961
batch	2940	valid_loss	56258.9667969
batch	2970	valid_loss	56126.2177734
batch	3000	valid_loss	55962.5717773
batch	3030	valid_loss	55685.9941406
batch	3060	valid_loss	55384.9355469
batch	3090	valid_loss	55220.9082031
batch	3120	valid_loss	55039.190918
batch	3150	valid_loss	54930.15625
batch	3180	valid_loss	54640.2426758
batch	3210	valid_loss	54493.7158203
batch	3240	valid_loss	54206.0498047
batch	3270	valid_loss	54107.9663086
batch	3300	valid_loss	53941.8964844
batch	3330	valid_loss	53716.6201172
batch	3360	valid_loss	53542.0195312
batch	3390	valid_loss	53365.7226562
batch	3420	valid_loss	53191.0922852
batch	3450	valid_loss	53003.1337891
batch	3480	valid_loss	52938.0996094
batch	3510	valid_loss	52710.9570312
batch	3540	valid_loss	52643.5629883
batch	3570	valid_loss	52530.1733398
batch	3600	valid_loss	52307.5834961
batch	3630	valid_loss	52244.1362305
batch	3660	valid_loss	51952.0668945
batch	3690	valid_loss	51900.1474609
batch	3720	valid_loss	51750.0605469
batch	3750	valid_loss	51547.5390625
batch	3780	valid_loss	51456.8383789
batch	3810	valid_loss	51349.3344727
batch	3840	valid_loss	51269.5786133
batch	3870	valid_loss	50959.7470703
batch	3900	valid_loss	50964.5976562
batch	3930	valid_loss	50996.8647461
batch	3960	valid_loss	50700.5551758
batch	3990	valid_loss	50583.0361328
batch	4020	valid_loss	50392.5234375
batch	4050	valid_loss	50570.4663086
batch	4080	valid_loss	50267.0541992
batch	4110	valid_loss	50068.7915039
batch	4140	valid_loss	50165.9707031
batch	4170	valid_loss	50012.2651367
batch	4200	valid_loss	49923.9887695
batch	4230	valid_loss	49785.1767578
batch	4260	valid_loss	49715.0478516
batch	4290	valid_loss	49586.2011719
batch	4320	valid_loss	49639.8007812
batch	4350	valid_loss	49358.1508789
batch	4380	valid_loss	49387.6767578
batch	4410	valid_loss	49082.4418945
batch	4440	valid_loss	48998.7006836
batch	4470	valid_loss	49064.7246094
batch	4500	valid_loss	48872.465332
batch	4530	valid_loss	48933.2797852
batch	4560	valid_loss	49038.921875
batch	4590	valid_loss	48733.6088867
batch	4620	valid_loss	48575.7011719
batch	4650	valid_loss	48515.6723633
batch	4680	valid_loss	48433.480957
batch	4710	valid_loss	48435.4282227
batch	4740	valid_loss	48251.9707031
batch	4770	valid_loss	48209.9130859
batch	4800	valid_loss	48331.1708984
batch	4830	valid_loss	48136.4052734
batch	4860	valid_loss	47985.9589844
batch	4890	valid_loss	48114.3984375
batch	4920	valid_loss	47898.9643555
batch	4950	valid_loss	47723.5043945
batch	4980	valid_loss	47800.3886719
batch	5010	valid_loss	47601.8388672
batch	5040	valid_loss	47698.862793
batch	5070	valid_loss	47564.340332
batch	5100	valid_loss	47471.1323242
batch	5130	valid_loss	47552.7368164
batch	5160	valid_loss	47426.1835938
batch	5190	valid_loss	47408.9545898
batch	5220	valid_loss	47267.7502441
batch	5250	valid_loss	47228.0253906
batch	5280	valid_loss	47057.9562988
batch	5310	valid_loss	47032.4787598
batch	5340	valid_loss	46970.2175293
batch	5370	valid_loss	47004.6650391
batch	5400	valid_loss	47030.6914062
batch	5430	valid_loss	46784.4633789
batch	5460	valid_loss	46835.559082
batch	5490	valid_loss	46902.4030762
batch	5520	valid_loss	46764.5300293
batch	5550	valid_loss	46600.838623
batch	5580	valid_loss	46529.2756348
batch	5610	valid_loss	46734.3615723
batch	5640	valid_loss	46625.7507324
batch	5670	valid_loss	46432.6801758
batch	5700	valid_loss	46609.5441895
batch	5730	valid_loss	46478.5129395
batch	5760	valid_loss	46399.9912109
batch	5790	valid_loss	46334.2578125
batch	5820	valid_loss	46278.0612793
batch	5850	valid_loss	46288.777832
batch	5880	valid_loss	46289.0161133
batch	5910	valid_loss	46047.4489746
batch	5940	valid_loss	46151.2268066
batch	5970	valid_loss	46002.6237793
batch	6000	valid_loss	45937.3964844
batch	6030	valid_loss	46594.246582
batch	6060	valid_loss	45855.833252
batch	6090	valid_loss	46034.0922852
batch	6120	valid_loss	46045.1557617
batch	6150	valid_loss	45877.6625977
batch	6180	valid_loss	45734.3200684
batch	6210	valid_loss	45797.2080078
batch	6240	valid_loss	45735.5661621
batch	6270	valid_loss	45720.807373
batch	6300	valid_loss	45789.1418457
batch	6330	valid_loss	45633.4375
batch	6360	valid_loss	45703.0510254
batch	6390	valid_loss	45696.7180176
batch	6420	valid_loss	45419.1628418
batch	6450	valid_loss	45572.6894531
batch	6480	valid_loss	45500.4907227
batch	6510	valid_loss	45344.880127
batch	6540	valid_loss	45483.3195801
batch	6570	valid_loss	45302.6330566
batch	6600	valid_loss	45276.4604492
batch	6630	valid_loss	45377.8759766
batch	6660	valid_loss	45374.6921387
batch	6690	valid_loss	45360.9155273
batch	6720	valid_loss	45280.1428223
batch	6750	valid_loss	45252.777832
batch	6780	valid_loss	45185.9133301
batch	6810	valid_loss	45055.0319824
batch	6840	valid_loss	45011.4802246
batch	6870	valid_loss	45008.2412109
batch	6900	valid_loss	44985.8632812
batch	6930	valid_loss	45142.1286621
batch	6960	valid_loss	45030.4729004
batch	6990	valid_loss	44916.9257812
batch	7020	valid_loss	45028.3598633
batch	7050	valid_loss	45111.4709473
batch	7080	valid_loss	44866.7297363
batch	7110	valid_loss	44827.7084961
batch	7140	valid_loss	44833.6306152
batch	7170	valid_loss	44810.8979492
batch	7200	valid_loss	44798.2180176
batch	7230	valid_loss	44679.447998
batch	7260	valid_loss	44798.4001465
batch	7290	valid_loss	44817.7006836
batch	7320	valid_loss	44729.0063477
batch	7350	valid_loss	44758.1254883
batch	7380	valid_loss	44630.0234375
batch	7410	valid_loss	44772.0322266
batch	7440	valid_loss	44734.0268555
batch	7470	valid_loss	44445.015625
batch	7500	valid_loss	44530.6352539
batch	7530	valid_loss	44511.4760742
batch	7560	valid_loss	44451.7226562
batch	7590	valid_loss	44800.5212402
batch	7620	valid_loss	44426.7880859
batch	7650	valid_loss	44575.7490234
batch	7680	valid_loss	44591.079834
batch	7710	valid_loss	44427.9067383
batch	7740	valid_loss	44352.3945312
batch	7770	valid_loss	44479.8210449
batch	7800	valid_loss	44356.3535156
batch	7830	valid_loss	44431.1347656
batch	7860	valid_loss	44271.2028809
batch	7890	valid_loss	44277.4516602
batch	7920	valid_loss	44297.1108398
batch	7950	valid_loss	44401.5861816
batch	7980	valid_loss	44161.432373
batch	8010	valid_loss	44209.8049316
batch	8040	valid_loss	44253.3549805
batch	8070	valid_loss	44150.1120605
batch	8100	valid_loss	44271.6308594
batch	8130	valid_loss	44134.0351562
batch	8160	valid_loss	44174.3847656
batch	8190	valid_loss	44155.9067383
batch	8220	valid_loss	44160.6796875
batch	8250	valid_loss	44143.277832
batch	8280	valid_loss	44196.5205078
batch	8310	valid_loss	44137.4187012
batch	8340	valid_loss	44080.0705566
batch	8370	valid_loss	44021.5893555
batch	8400	valid_loss	43970.5917969
batch	8430	valid_loss	43911.3710938
batch	8460	valid_loss	43880.5983887
batch	8490	valid_loss	43958.9492188
batch	8520	valid_loss	44020.1855469
batch	8550	valid_loss	43887.5698242
batch	8580	valid_loss	43974.5576172
batch	8610	valid_loss	44125.6936035
batch	8640	valid_loss	43860.137207
batch	8670	valid_loss	43842.1328125
batch	8700	valid_loss	43878.4592285
batch	8730	valid_loss	43821.9812012
batch	8760	valid_loss	43876.1044922
batch	8790	valid_loss	43752.3269043
batch	8820	valid_loss	44186.0493164
batch	8850	valid_loss	43829.9929199
batch	8880	valid_loss	43844.9445801
batch	8910	valid_loss	43797.6855469
batch	8940	valid_loss	43768.7780762
batch	8970	valid_loss	43806.0058594
batch	9000	valid_loss	43881.6140137
batch	9030	valid_loss	43661.9719238
batch	9060	valid_loss	43735.9443359
batch	9090	valid_loss	43670.8869629
batch	9120	valid_loss	43806.5705566
batch	9150	valid_loss	43697.4321289
batch	9180	valid_loss	43745.2719727
batch	9210	valid_loss	43756.7226562
batch	9240	valid_loss	43767.2348633
batch	9270	valid_loss	43697.7260742
batch	9300	valid_loss	43651.4321289
batch	9330	valid_loss	43766.7043457
batch	9360	valid_loss	43693.6420898
batch	9390	valid_loss	43657.7578125
batch	9420	valid_loss	43623.6149902
batch	9450	valid_loss	43608.411377
batch	9480	valid_loss	43528.0339355
batch	9510	valid_loss	43709.3764648
batch	9540	valid_loss	43585.8513184
batch	9570	valid_loss	43531.6337891
batch	9600	valid_loss	43532.4714355
batch	9630	valid_loss	43612.4741211
batch	9660	valid_loss	43739.427002
batch	9690	valid_loss	43514.3291016
batch	9720	valid_loss	43622.0319824
batch	9750	valid_loss	43684.2915039
batch	9780	valid_loss	43614.5646973
batch	9810	valid_loss	43588.4611816
batch	9840	valid_loss	43577.5004883
batch	9870	valid_loss	43566.5871582
batch	9900	valid_loss	43486.5930176
batch	9930	valid_loss	43518.0874023
batch	9960	valid_loss	43577.4025879
batch	9990	valid_loss	43422.5612793
batch	10020	valid_loss	43394.3918457
batch	10050	valid_loss	43490.3798828
batch	10080	valid_loss	43528.0939941
batch	10110	valid_loss	43404.8869629
batch	10140	valid_loss	43468.0666504
batch	10170	valid_loss	43602.9086914
batch	10200	valid_loss	43405.9086914
batch	10230	valid_loss	43393.8837891
batch	10260	valid_loss	43440.1899414
batch	10290	valid_loss	43381.8283691
batch	10320	valid_loss	43436.5559082
batch	10350	valid_loss	43321.9995117
batch	10380	valid_loss	43783.536377
batch	10410	valid_loss	43365.1838379
batch	10440	valid_loss	43418.4262695
batch	10470	valid_loss	43398.6696777
batch	10500	valid_loss	43372.354248
batch	10530	valid_loss	43371.3254395
batch	10560	valid_loss	43404.498291
batch	10590	valid_loss	43286.5021973
batch	10620	valid_loss	43404.4301758
batch	10650	valid_loss	43317.9836426
batch	10680	valid_loss	43439.9675293
batch	10710	valid_loss	43330.8613281
batch	10740	valid_loss	43402.7844238
batch	10770	valid_loss	43367.8505859
batch	10800	valid_loss	43373.5893555
batch	10830	valid_loss	43366.6335449
batch	10860	valid_loss	43290.2087402
batch	10890	valid_loss	43469.0632324
batch	10920	valid_loss	43309.5991211
batch	10950	valid_loss	43355.4467773
batch	10980	valid_loss	43267.5651855
batch	11010	valid_loss	43407.3937988
batch	11040	valid_loss	43167.9973145
batch	11070	valid_loss	43345.9604492
batch	11100	valid_loss	43314.4162598
batch	11130	valid_loss	43197.0209961
batch	11160	valid_loss	43175.4643555
batch	11190	valid_loss	43312.2280273
batch	11220	valid_loss	43381.9572754
batch	11250	valid_loss	43164.0197754
batch	11280	valid_loss	43319.854248
batch	11310	valid_loss	43417.8430176
batch	11340	valid_loss	43259.1394043
batch	11370	valid_loss	43217.8969727
batch	11400	valid_loss	43194.4975586
batch	11430	valid_loss	43329.0549316
batch	11460	valid_loss	43150.3212891
batch	11490	valid_loss	43282.6728516
batch	11520	valid_loss	43209.2148438
batch	11550	valid_loss	43117.592041
batch	11580	valid_loss	43178.8144531
batch	11610	valid_loss	43286.1782227
batch	11640	valid_loss	43234.1669922
batch	11670	valid_loss	43103.1186523
batch	11700	valid_loss	43178.0617676
batch	11730	valid_loss	43279.1931152
batch	11760	valid_loss	43099.895752
batch	11790	valid_loss	43121.9040527
batch	11820	valid_loss	43157.9086914
batch	11850	valid_loss	43124.6855469
batch	11880	valid_loss	43175.3374023
batch	11910	valid_loss	43064.032959
batch	11940	valid_loss	43225.0300293
batch	11970	valid_loss	43079.4697266
batch	12000	valid_loss	43148.902832
batch	12030	valid_loss	43123.479248
batch	12060	valid_loss	43111.6345215
batch	12090	valid_loss	43085.5783691
batch	12120	valid_loss	43123.9042969
batch	12150	valid_loss	43039.0576172
batch	12180	valid_loss	43060.8359375
batch	12210	valid_loss	43039.2800293
batch	12240	valid_loss	43104.2263184
batch	12270	valid_loss	43030.1948242
batch	12300	valid_loss	43130.0039062
batch	12330	valid_loss	43092.1455078
batch	12360	valid_loss	43074.0966797
batch	12390	valid_loss	43147.7858887
batch	12420	valid_loss	43049.1032715
batch	12450	valid_loss	43211.6889648
batch	12480	valid_loss	43043.3518066
batch	12510	valid_loss	43096.1945801
batch	12540	valid_loss	43007.637207
batch	12570	valid_loss	43003.751709
batch	12600	valid_loss	43003.6430664
batch	12630	valid_loss	43130.1066895
batch	12660	valid_loss	43114.8364258
batch	12690	valid_loss	42930.7644043
batch	12720	valid_loss	42941.4255371
batch	12750	valid_loss	43111.5085449
batch	12780	valid_loss	43215.3122559
batch	12810	valid_loss	42924.2739258
batch	12840	valid_loss	43007.7514648
batch	12870	valid_loss	43073.1298828
batch	12900	valid_loss	42915.5075684
batch	12930	valid_loss	42994.7941895
batch	12960	valid_loss	42946.4533691
batch	12990	valid_loss	43151.40625
batch	13020	valid_loss	42908.5754395
batch	13050	valid_loss	43067.6347656
batch	13080	valid_loss	43008.949707
batch	13110	valid_loss	42881.092041
batch	13140	valid_loss	42908.3503418
batch	13170	valid_loss	42985.5236816
batch	13200	valid_loss	43065.9243164
batch	13230	valid_loss	42884.8886719
batch	13260	valid_loss	42963.7492676
batch	13290	valid_loss	43029.0141602
batch	13320	valid_loss	42895.0002441
batch	13350	valid_loss	42904.1882324
batch	13380	valid_loss	42980.0905762
batch	13410	valid_loss	42959.9533691
batch	13440	valid_loss	42920.1345215
batch	13470	valid_loss	42865.8642578
batch	13500	valid_loss	42990.0366211
batch	13530	valid_loss	42883.9077148
batch	13560	valid_loss	42909.3334961
batch	13590	valid_loss	42895.6164551
batch	13620	valid_loss	42896.9306641
batch	13650	valid_loss	42813.5253906
batch	13680	valid_loss	42874.0810547
batch	13710	valid_loss	42802.7319336
batch	13740	valid_loss	42818.029541
batch	13770	valid_loss	42784.045166
batch	13800	valid_loss	42875.9492188
batch	13830	valid_loss	42789.7619629
batch	13860	valid_loss	42905.3449707
batch	13890	valid_loss	42865.4645996
batch	13920	valid_loss	42807.2770996
batch	13950	valid_loss	42884.8352051
batch	13980	valid_loss	42788.220459
batch	14010	valid_loss	42889.3244629
batch	14040	valid_loss	42804.1335449
batch	14070	valid_loss	42846.2966309
batch	14100	valid_loss	42772.2470703
batch	14130	valid_loss	42767.8581543
batch	14160	valid_loss	42752.0666504
batch	14190	valid_loss	42861.3601074
batch	14220	valid_loss	42893.5830078
batch	14250	valid_loss	42668.0571289
batch	14280	valid_loss	42689.1350098
batch	14310	valid_loss	42837.9416504
batch	14340	valid_loss	42965.4658203
batch	14370	valid_loss	42700.4306641
batch	14400	valid_loss	42786.8774414
batch	14430	valid_loss	42774.6760254
batch	14460	valid_loss	42597.5895996
batch	14490	valid_loss	42721.2678223
batch	14520	valid_loss	42701.9741211
batch	14550	valid_loss	42896.7011719
batch	14580	valid_loss	42632.5200195
batch	14610	valid_loss	42763.342041
batch	14640	valid_loss	42720.8244629
batch	14670	valid_loss	42637.730957
batch	14700	valid_loss	42598.482666
batch	14730	valid_loss	42716.5766602
batch	14760	valid_loss	42767.010498
batch	14790	valid_loss	42602.7072754
batch	14820	valid_loss	42613.7397461
batch	14850	valid_loss	42752.0361328
batch	14880	valid_loss	42680.5256348
batch	14910	valid_loss	42630.4726562
batch	14940	valid_loss	42735.0388184
batch	14970	valid_loss	42698.8566895
batch	15000	valid_loss	42602.4160156
batch	15030	valid_loss	42630.2783203
batch	15060	valid_loss	42695.2858887
batch	15090	valid_loss	42613.5620117
batch	15120	valid_loss	42585.5244141
batch	15150	valid_loss	42631.7705078
batch	15180	valid_loss	42625.0566406
batch	15210	valid_loss	42524.8566895
batch	15240	valid_loss	42609.732666
batch	15270	valid_loss	42527.5256348
batch	15300	valid_loss	42522.954834
batch	15330	valid_loss	42500.5842285
batch	15360	valid_loss	42602.4189453
batch	15390	valid_loss	42504.7460938
batch	15420	valid_loss	42675.3781738
batch	15450	valid_loss	42595.2019043
batch	15480	valid_loss	42495.0178223
batch	15510	valid_loss	42567.5649414
batch	15540	valid_loss	42466.9506836
batch	15570	valid_loss	42562.5893555
batch	15600	valid_loss	42527.6005859
batch	15630	valid_loss	42576.7763672
batch	15660	valid_loss	42453.9399414
batch	15690	valid_loss	42515.2631836
batch	15720	valid_loss	42432.0134277
batch	15750	valid_loss	42504.0126953
batch	15780	valid_loss	42583.3928223
batch	15810	valid_loss	42384.9580078
batch	15840	valid_loss	42378.420166
batch	15870	valid_loss	42544.9064941
batch	15900	valid_loss	42640.8911133
batch	15930	valid_loss	42391.3049316
batch	15960	valid_loss	42490.6240234
batch	15990	valid_loss	42475.7800293
batch	16020	valid_loss	42326.8830566
batch	16050	valid_loss	42389.3937988
batch	16080	valid_loss	42416.8605957
batch	16110	valid_loss	42585.2333984
batch	16140	valid_loss	42325.1452637
batch	16170	valid_loss	42414.5251465
batch	16200	valid_loss	42383.5249023
batch	16230	valid_loss	42322.3212891
batch	16260	valid_loss	42251.628418
batch	16290	valid_loss	42371.9665527
batch	16320	valid_loss	42313.2700195
batch	16350	valid_loss	42236.2558594
batch	16380	valid_loss	42285.9921875
batch	16410	valid_loss	42406.5585938
batch	16440	valid_loss	42388.8310547
batch	16470	valid_loss	42274.6657715
batch	16500	valid_loss	42397.0981445
batch	16530	valid_loss	42423.9772949
batch	16560	valid_loss	42230.0654297
batch	16590	valid_loss	42337.8679199
batch	16620	valid_loss	42227.671875
batch	16650	valid_loss	42154.8188477
batch	16680	valid_loss	42211.0307617
batch	16710	valid_loss	42279.2019043
batch	16740	valid_loss	42331.1972656
batch	16770	valid_loss	42190.6411133
batch	16800	valid_loss	42257.2148438
batch	16830	valid_loss	42271.2521973
batch	16860	valid_loss	42153.8286133
batch	16890	valid_loss	42120.6003418
batch	16920	valid_loss	42205.3623047
batch	16950	valid_loss	42100.7531738
batch	16980	valid_loss	42232.0244141
batch	17010	valid_loss	42213.7246094
batch	17040	valid_loss	42105.6384277
batch	17070	valid_loss	42195.2219238
batch	17100	valid_loss	42063.5231934
batch	17130	valid_loss	42160.7590332
batch	17160	valid_loss	42145.2729492
batch	17190	valid_loss	42079.543457
batch	17220	valid_loss	42060.1813965
batch	17250	valid_loss	42095.3662109
batch	17280	valid_loss	41985.810791
batch	17310	valid_loss	42069.1889648
batch	17340	valid_loss	42188.6994629
batch	17370	valid_loss	42038.7570801
batch	17400	valid_loss	41986.9631348
batch	17430	valid_loss	42205.9394531
batch	17460	valid_loss	42097.4291992
batch	17490	valid_loss	42036.2668457
batch	17520	valid_loss	42047.4570312
batch	17550	valid_loss	42052.6142578
batch	17580	valid_loss	41972.7390137
batch	17610	valid_loss	41955.9394531
batch	17640	valid_loss	42004.0563965
batch	17670	valid_loss	42192.715332
batch	17700	valid_loss	41930.473877
batch	17730	valid_loss	41978.9333496
batch	17760	valid_loss	41943.8088379
batch	17790	valid_loss	41895.362793
batch	17820	valid_loss	41818.6984863
batch	17850	valid_loss	41904.4384766
batch	17880	valid_loss	41896.0458984
batch	17910	valid_loss	41806.5461426
batch	17940	valid_loss	41902.8613281
batch	17970	valid_loss	41992.8071289
batch	18000	valid_loss	41951.8154297
batch	18030	valid_loss	41876.1125488
batch	18060	valid_loss	42021.7844238
batch	18090	valid_loss	41886.895752
batch	18120	valid_loss	41848.8273926
batch	18150	valid_loss	41883.1235352
batch	18180	valid_loss	41821.1225586
batch	18210	valid_loss	41705.9055176
batch	18240	valid_loss	41781.8413086
batch	18270	valid_loss	41831.3930664
batch	18300	valid_loss	41907.9558105
batch	18330	valid_loss	41758.822998
batch	18360	valid_loss	41817.8479004
batch	18390	valid_loss	41770.6179199
batch	18420	valid_loss	41708.1931152
batch	18450	valid_loss	41663.411377
batch	18480	valid_loss	41723.5949707
batch	18510	valid_loss	41671.6835938
batch	18540	valid_loss	41795.1115723
batch	18570	valid_loss	41770.0661621
batch	18600	valid_loss	41629.2346191
batch	18630	valid_loss	41730.2104492
batch	18660	valid_loss	41609.3068848
batch	18690	valid_loss	41666.4946289
batch	18720	valid_loss	41676.4987793
batch	18750	valid_loss	41623.2285156
batch	18780	valid_loss	41600.5471191
batch	18810	valid_loss	41634.9633789
batch	18840	valid_loss	41511.621582
batch	18870	valid_loss	41576.0935059
batch	18900	valid_loss	41692.7128906
batch	18930	valid_loss	41594.0229492
batch	18960	valid_loss	41542.5314941
batch	18990	valid_loss	41735.425293
batch	19020	valid_loss	41606.7004395
batch	19050	valid_loss	41512.1848145
batch	19080	valid_loss	41518.8647461
batch	19110	valid_loss	41536.7595215
batch	19140	valid_loss	41467.7504883
batch	19170	valid_loss	41454.4333496
batch	19200	valid_loss	41491.8417969
batch	19230	valid_loss	41694.3442383
batch	19260	valid_loss	41424.2988281
batch	19290	valid_loss	41442.5112305
batch	19320	valid_loss	41445.5683594
batch	19350	valid_loss	41349.5603027
batch	19380	valid_loss	41288.1945801
batch	19410	valid_loss	41380.8964844
batch	19440	valid_loss	41406.7607422
batch	19470	valid_loss	41287.1916504
batch	19500	valid_loss	41432.2463379
batch	19530	valid_loss	41479.4946289
batch	19560	valid_loss	41366.1289062
batch	19590	valid_loss	41391.7351074
batch	19620	valid_loss	41310.2434082
batch	19650	valid_loss	41343.715332
batch	19680	valid_loss	41347.3818359
batch	19710	valid_loss	41307.2211914
batch	19740	valid_loss	41232.7871094
batch	19770	valid_loss	41219.0820312
batch	19800	valid_loss	41241.9389648
batch	19830	valid_loss	41233.5063477
batch	19860	valid_loss	41239.7307129
batch	19890	valid_loss	41144.5393066
batch	19920	valid_loss	41364.9863281
batch	19950	valid_loss	41117.9526367
batch	19980	valid_loss	41098.5498047
batch	20010	valid_loss	41111.9221191
batch	20040	valid_loss	41114.6271973
batch	20070	valid_loss	41074.6816406
batch	20100	valid_loss	41050.7387695
batch	20130	valid_loss	41195.5234375
batch	20160	valid_loss	41017.3312988
batch	20190	valid_loss	41075.2756348
batch	20220	valid_loss	40982.8400879
batch	20250	valid_loss	41045.1918945
batch	20280	valid_loss	41035.6416016
batch	20310	valid_loss	41037.4775391
batch	20340	valid_loss	40962.5776367
batch	20370	valid_loss	41008.2624512
batch	20400	valid_loss	40903.6225586
batch	20430	valid_loss	40950.7368164
batch	20460	valid_loss	41016.9414062
batch	20490	valid_loss	40996.1274414
batch	20520	valid_loss	40840.6711426
batch	20550	valid_loss	41257.3217773
batch	20580	valid_loss	40951.0224609
batch	20610	valid_loss	40810.9726562
batch	20640	valid_loss	40848.9360352
batch	20670	valid_loss	40821.4592285
batch	20700	valid_loss	40834.076416
batch	20730	valid_loss	40762.1633301
batch	20760	valid_loss	40815.4240723
batch	20790	valid_loss	40787.1120605
batch	20820	valid_loss	40725.479248
batch	20850	valid_loss	40765.0537109
batch	20880	valid_loss	40694.5480957
batch	20910	valid_loss	40612.2351074
batch	20940	valid_loss	40674.8239746
batch	20970	valid_loss	40650.7412109
batch	21000	valid_loss	40650.9350586
batch	21030	valid_loss	40559.3911133
batch	21060	valid_loss	40594.7800293
batch	21090	valid_loss	40778.5109863
batch	21120	valid_loss	40671.4992676
batch	21150	valid_loss	40555.0212402
batch	21180	valid_loss	40817.2106934
batch	21210	valid_loss	40587.9182129
batch	21240	valid_loss	40537.7209473
batch	21270	valid_loss	40547.5437012
batch	21300	valid_loss	40462.7822266
batch	21330	valid_loss	40467.3547363
batch	21360	valid_loss	40503.7023926
batch	21390	valid_loss	40488.0961914
batch	21420	valid_loss	40465.2243652
batch	21450	valid_loss	40389.8049316
batch	21480	valid_loss	40609.6428223
batch	21510	valid_loss	40329.8581543
batch	21540	valid_loss	40298.1350098
batch	21570	valid_loss	40308.3364258
batch	21600	valid_loss	40280.9787598
batch	21630	valid_loss	40249.5454102
batch	21660	valid_loss	40244.234375
batch	21690	valid_loss	40429.7521973
batch	21720	valid_loss	40209.7375488
batch	21750	valid_loss	40235.0239258
batch	21780	valid_loss	40149.8725586
batch	21810	valid_loss	40259.4528809
batch	21840	valid_loss	40211.5537109
batch	21870	valid_loss	40203.1499023
batch	21900	valid_loss	40118.6101074
batch	21930	valid_loss	40195.5734863
batch	21960	valid_loss	40085.675293
batch	21990	valid_loss	40152.1853027
batch	22020	valid_loss	40210.0881348
batch	22050	valid_loss	40180.7177734
batch	22080	valid_loss	40016.2495117
batch	22110	valid_loss	40449.9550781
batch	22140	valid_loss	40103.1599121
batch	22170	valid_loss	39916.1259766
batch	22200	valid_loss	40012.1975098
batch	22230	valid_loss	39935.8598633
batch	22260	valid_loss	39980.0290527
batch	22290	valid_loss	39919.7231445
batch	22320	valid_loss	39984.7570801
batch	22350	valid_loss	39928.9018555
batch	22380	valid_loss	39881.0727539
batch	22410	valid_loss	39924.3283691
batch	22440	valid_loss	39832.1513672
batch	22470	valid_loss	39730.9050293
batch	22500	valid_loss	39773.0969238
batch	22530	valid_loss	39786.1245117
batch	22560	valid_loss	39786.9272461
batch	22590	valid_loss	39691.157959
batch	22620	valid_loss	39754.340332
batch	22650	valid_loss	39909.0236816
batch	22680	valid_loss	39785.7319336
batch	22710	valid_loss	39688.3354492
batch	22740	valid_loss	40000.0551758
batch	22770	valid_loss	39743.5463867
batch	22800	valid_loss	39637.6433105
batch	22830	valid_loss	39690.965332
batch	22860	valid_loss	39593.8996582
batch	22890	valid_loss	39604.4462891
batch	22920	valid_loss	39669.8112793
batch	22950	valid_loss	39668.2695312
batch	22980	valid_loss	39596.6955566
batch	23010	valid_loss	39553.3842773
batch	23040	valid_loss	39757.045166
batch	23070	valid_loss	39476.8581543
batch	23100	valid_loss	39414.4924316
batch	23130	valid_loss	39444.4555664
batch	23160	valid_loss	39391.1916504
batch	23190	valid_loss	39389.4472656
batch	23220	valid_loss	39376.8037109
batch	23250	valid_loss	39609.6762695
batch	23280	valid_loss	39333.4414062
batch	23310	valid_loss	39352.4807129
batch	23340	valid_loss	39290.215332
batch	23370	valid_loss	39428.550293
batch	23400	valid_loss	39340.3747559
batch	23430	valid_loss	39314.9094238
batch	23460	valid_loss	39247.3847656
batch	23490	valid_loss	39367.4780273
batch	23520	valid_loss	39248.607666
batch	23550	valid_loss	39342.8037109
batch	23580	valid_loss	39375.019043
batch	23610	valid_loss	39329.3981934
batch	23640	valid_loss	39211.2285156
batch	23670	valid_loss	39577.3752441
batch	23700	valid_loss	39268.1564941
batch	23730	valid_loss	39028.4091797
batch	23760	valid_loss	39185.2355957
batch	23790	valid_loss	39082.189209
batch	23820	valid_loss	39161.6662598
batch	23850	valid_loss	39102.4873047
batch	23880	valid_loss	39151.5317383
batch	23910	valid_loss	39081.4912109
batch	23940	valid_loss	39059.2165527
batch	23970	valid_loss	39096.4050293
batch	24000	valid_loss	39000.3515625
batch	24030	valid_loss	38895.888916
batch	24060	valid_loss	38904.2995605
batch	24090	valid_loss	38962.4543457
batch	24120	valid_loss	38960.5734863
batch	24150	valid_loss	38876.9057617
batch	24180	valid_loss	38951.7792969
batch	24210	valid_loss	39071.9230957
batch	24240	valid_loss	38958.3129883
batch	24270	valid_loss	38869.2788086
batch	24300	valid_loss	39200.6298828
batch	24330	valid_loss	38923.9074707
batch	24360	valid_loss	38786.0686035
batch	24390	valid_loss	38862.0371094
batch	24420	valid_loss	38795.3710938
batch	24450	valid_loss	38804.6279297
batch	24480	valid_loss	38890.1721191
batch	24510	valid_loss	38865.3513184
batch	24540	valid_loss	38764.6464844
batch	24570	valid_loss	38779.1032715
batch	24600	valid_loss	38947.3493652
batch	24630	valid_loss	38677.2902832
batch	24660	valid_loss	38568.8288574
batch	24690	valid_loss	38644.0454102
batch	24720	valid_loss	38589.9338379
batch	24750	valid_loss	38609.3422852
batch	24780	valid_loss	38594.5422363
batch	24810	valid_loss	38869.5366211
batch	24840	valid_loss	38523.6994629
batch	24870	valid_loss	38526.4802246
batch	24900	valid_loss	38478.0808105
batch	24930	valid_loss	38638.8359375
batch	24960	valid_loss	38507.5112305
batch	24990	valid_loss	38458.7121582
STOP
START
config	460	100	460	1140
batch	0	valid_loss	8773818.1875
batch	30	valid_loss	188243.166016
batch	60	valid_loss	100227.734375
batch	90	valid_loss	96053.1738281
batch	120	valid_loss	95800.6289062
batch	150	valid_loss	95825.4648438
batch	180	valid_loss	95816.4316406
batch	210	valid_loss	95790.6337891
batch	240	valid_loss	95744.3134766
batch	270	valid_loss	95647.1855469
batch	300	valid_loss	95536.5234375
batch	330	valid_loss	95388.5859375
batch	360	valid_loss	95089.7060547
batch	390	valid_loss	94664.8945312
batch	420	valid_loss	93737.206543
batch	450	valid_loss	92412.0463867
batch	480	valid_loss	90838.0537109
batch	510	valid_loss	89492.5800781
batch	540	valid_loss	88523.956543
batch	570	valid_loss	87898.0478516
batch	600	valid_loss	87420.1181641
batch	630	valid_loss	87126.0004883
batch	660	valid_loss	86828.8300781
batch	690	valid_loss	86633.2963867
batch	720	valid_loss	86329.293457
batch	750	valid_loss	86137.4746094
batch	780	valid_loss	85883.8046875
batch	810	valid_loss	85628.2861328
batch	840	valid_loss	85190.3818359
batch	870	valid_loss	84829.5244141
batch	900	valid_loss	84379.253418
batch	930	valid_loss	83861.9194336
batch	960	valid_loss	83364.675293
batch	990	valid_loss	82879.8413086
batch	1020	valid_loss	82237.8920898
batch	1050	valid_loss	81677.074707
batch	1080	valid_loss	81231.9077148
batch	1110	valid_loss	80616.9243164
batch	1140	valid_loss	80041.6074219
batch	1170	valid_loss	79489.512207
batch	1200	valid_loss	78932.4199219
batch	1230	valid_loss	78250.4746094
batch	1260	valid_loss	77709.199707
batch	1290	valid_loss	77090.5161133
batch	1320	valid_loss	76590.8813477
batch	1350	valid_loss	75959.7646484
batch	1380	valid_loss	75376.4477539
batch	1410	valid_loss	74897.9555664
batch	1440	valid_loss	74436.315918
batch	1470	valid_loss	73989.0473633
batch	1500	valid_loss	73326.7236328
batch	1530	valid_loss	72984.9672852
batch	1560	valid_loss	72414.1992188
batch	1590	valid_loss	72062.0668945
batch	1620	valid_loss	71541.7226562
batch	1650	valid_loss	71109.5820312
batch	1680	valid_loss	70688.965332
batch	1710	valid_loss	70251.9882812
batch	1740	valid_loss	69901.8476562
batch	1770	valid_loss	69374.2558594
batch	1800	valid_loss	68940.3154297
batch	1830	valid_loss	68567.6972656
batch	1860	valid_loss	68187.7563477
batch	1890	valid_loss	67787.1083984
batch	1920	valid_loss	67471.3657227
batch	1950	valid_loss	67061.1499023
batch	1980	valid_loss	66663.3691406
batch	2010	valid_loss	66229.6801758
batch	2040	valid_loss	65853.4438477
batch	2070	valid_loss	65632.4624023
batch	2100	valid_loss	65172.1606445
batch	2130	valid_loss	64701.5981445
batch	2160	valid_loss	64375.6933594
batch	2190	valid_loss	64009.6108398
batch	2220	valid_loss	63715.3339844
batch	2250	valid_loss	63429.5546875
batch	2280	valid_loss	62907.1123047
batch	2310	valid_loss	62629.7578125
batch	2340	valid_loss	62285.0390625
batch	2370	valid_loss	62119.2333984
batch	2400	valid_loss	61580.1850586
batch	2430	valid_loss	61242.9145508
batch	2460	valid_loss	60865.8813477
batch	2490	valid_loss	60782.5053711
batch	2520	valid_loss	60402.0146484
batch	2550	valid_loss	60094.1938477
batch	2580	valid_loss	59797.2446289
batch	2610	valid_loss	59463.3828125
batch	2640	valid_loss	59126.3730469
batch	2670	valid_loss	58951.996582
batch	2700	valid_loss	58732.2553711
batch	2730	valid_loss	58334.0463867
batch	2760	valid_loss	58174.0537109
batch	2790	valid_loss	57800.5551758
batch	2820	valid_loss	57651.9038086
batch	2850	valid_loss	57373.6923828
batch	2880	valid_loss	57099.2241211
batch	2910	valid_loss	56924.1420898
batch	2940	valid_loss	56528.559082
batch	2970	valid_loss	56465.7822266
batch	3000	valid_loss	56281.8051758
batch	3030	valid_loss	56031.9702148
batch	3060	valid_loss	55748.1723633
batch	3090	valid_loss	55607.6391602
batch	3120	valid_loss	55447.5292969
batch	3150	valid_loss	55431.315918
batch	3180	valid_loss	55058.3120117
batch	3210	valid_loss	54800.3261719
batch	3240	valid_loss	54677.8803711
batch	3270	valid_loss	54500.762207
batch	3300	valid_loss	54330.1386719
batch	3330	valid_loss	54175.9423828
batch	3360	valid_loss	53911.2827148
batch	3390	valid_loss	53724.2280273
batch	3420	valid_loss	53619.9448242
batch	3450	valid_loss	53530.2397461
batch	3480	valid_loss	53323.7006836
batch	3510	valid_loss	53160.6831055
batch	3540	valid_loss	52933.675293
batch	3570	valid_loss	52833.2470703
batch	3600	valid_loss	52766.5351562
batch	3630	valid_loss	52714.090332
batch	3660	valid_loss	52446.8100586
batch	3690	valid_loss	52289.0512695
batch	3720	valid_loss	52095.0253906
batch	3750	valid_loss	52001.3813477
batch	3780	valid_loss	51980.3833008
batch	3810	valid_loss	51805.6279297
batch	3840	valid_loss	51721.237793
batch	3870	valid_loss	51562.815918
batch	3900	valid_loss	51356.1723633
batch	3930	valid_loss	51517.9628906
batch	3960	valid_loss	51096.3183594
batch	3990	valid_loss	50977.7260742
batch	4020	valid_loss	50849.7260742
batch	4050	valid_loss	50856.7436523
batch	4080	valid_loss	50747.1821289
batch	4110	valid_loss	50503.746582
batch	4140	valid_loss	50484.3862305
batch	4170	valid_loss	50526.8388672
batch	4200	valid_loss	50304.7045898
batch	4230	valid_loss	50295.1625977
batch	4260	valid_loss	50267.4633789
batch	4290	valid_loss	50032.7050781
batch	4320	valid_loss	50275.9980469
batch	4350	valid_loss	49711.7758789
batch	4380	valid_loss	49677.4951172
batch	4410	valid_loss	49513.9692383
batch	4440	valid_loss	49765.4794922
batch	4470	valid_loss	49626.1538086
batch	4500	valid_loss	49303.480957
batch	4530	valid_loss	49307.7871094
batch	4560	valid_loss	49210.5371094
batch	4590	valid_loss	49061.0698242
batch	4620	valid_loss	48882.2617188
batch	4650	valid_loss	49044.8701172
batch	4680	valid_loss	48804.0058594
batch	4710	valid_loss	48854.5615234
batch	4740	valid_loss	48603.8432617
batch	4770	valid_loss	48579.7353516
batch	4800	valid_loss	48506.2626953
batch	4830	valid_loss	48412.0048828
batch	4860	valid_loss	48385.7646484
batch	4890	valid_loss	48384.1323242
batch	4920	valid_loss	48222.1044922
batch	4950	valid_loss	48386.1660156
batch	4980	valid_loss	48080.5693359
batch	5010	valid_loss	48025.0654297
batch	5040	valid_loss	47923.8369141
batch	5070	valid_loss	47939.0283203
batch	5100	valid_loss	47856.5209961
batch	5130	valid_loss	47721.5493164
batch	5160	valid_loss	47729.390625
batch	5190	valid_loss	47824.453125
batch	5220	valid_loss	47577.8710938
batch	5250	valid_loss	47592.5185547
batch	5280	valid_loss	47419.3837891
batch	5310	valid_loss	47879.637207
batch	5340	valid_loss	47328.8601074
batch	5370	valid_loss	47322.9475098
batch	5400	valid_loss	47298.1418457
batch	5430	valid_loss	47447.7070312
batch	5460	valid_loss	47064.1137695
batch	5490	valid_loss	47223.5166016
batch	5520	valid_loss	47082.887207
batch	5550	valid_loss	46865.2575684
batch	5580	valid_loss	46761.9204102
batch	5610	valid_loss	46922.4904785
batch	5640	valid_loss	46832.3586426
batch	5670	valid_loss	46666.0651855
batch	5700	valid_loss	46752.1582031
batch	5730	valid_loss	46687.6025391
batch	5760	valid_loss	46640.6835938
batch	5790	valid_loss	46721.1574707
batch	5820	valid_loss	46867.1972656
batch	5850	valid_loss	46518.3686523
batch	5880	valid_loss	46505.177002
batch	5910	valid_loss	46333.5712891
batch	5940	valid_loss	46343.5131836
batch	5970	valid_loss	46264.137207
batch	6000	valid_loss	46531.8125
batch	6030	valid_loss	46245.0810547
batch	6060	valid_loss	46119.9023438
batch	6090	valid_loss	46220.3833008
batch	6120	valid_loss	46186.286377
batch	6150	valid_loss	46350.5864258
batch	6180	valid_loss	45940.0861816
batch	6210	valid_loss	46223.8457031
batch	6240	valid_loss	45955.5493164
batch	6270	valid_loss	45981.8095703
batch	6300	valid_loss	45870.1235352
batch	6330	valid_loss	45830.6889648
batch	6360	valid_loss	45824.1252441
batch	6390	valid_loss	45753.3127441
batch	6420	valid_loss	45783.072998
batch	6450	valid_loss	45848.1428223
batch	6480	valid_loss	45663.3979492
batch	6510	valid_loss	45889.6081543
batch	6540	valid_loss	45695.8588867
batch	6570	valid_loss	45701.7319336
batch	6600	valid_loss	45587.6362305
batch	6630	valid_loss	45699.0046387
batch	6660	valid_loss	45542.4499512
batch	6690	valid_loss	45714.2216797
batch	6720	valid_loss	45504.4287109
batch	6750	valid_loss	45521.1965332
batch	6780	valid_loss	45475.3098145
batch	6810	valid_loss	45560.0356445
batch	6840	valid_loss	45413.2116699
batch	6870	valid_loss	45885.3039551
batch	6900	valid_loss	45328.0603027
batch	6930	valid_loss	45403.3964844
batch	6960	valid_loss	45390.6938477
batch	6990	valid_loss	45392.3088379
batch	7020	valid_loss	45291.4855957
batch	7050	valid_loss	45371.5654297
batch	7080	valid_loss	45213.6884766
batch	7110	valid_loss	45197.9799805
batch	7140	valid_loss	45177.5498047
batch	7170	valid_loss	45329.552002
batch	7200	valid_loss	45357.5895996
batch	7230	valid_loss	45066.779541
batch	7260	valid_loss	45172.545166
batch	7290	valid_loss	45103.7268066
batch	7320	valid_loss	45087.1184082
batch	7350	valid_loss	45136.2373047
batch	7380	valid_loss	45205.2563477
batch	7410	valid_loss	45043.2956543
batch	7440	valid_loss	45023.6386719
batch	7470	valid_loss	44971.4196777
batch	7500	valid_loss	44974.0437012
batch	7530	valid_loss	44992.1303711
batch	7560	valid_loss	45039.7619629
batch	7590	valid_loss	44976.2851562
batch	7620	valid_loss	45057.8505859
batch	7650	valid_loss	44975.6967773
batch	7680	valid_loss	44942.746582
batch	7710	valid_loss	44849.5253906
batch	7740	valid_loss	44739.2145996
batch	7770	valid_loss	45005.3991699
batch	7800	valid_loss	44835.7888184
batch	7830	valid_loss	44827.8862305
batch	7860	valid_loss	44752.3984375
batch	7890	valid_loss	44708.3305664
batch	7920	valid_loss	44757.1679688
batch	7950	valid_loss	44629.1320801
batch	7980	valid_loss	44699.0791016
batch	8010	valid_loss	44651.7541504
batch	8040	valid_loss	44639.1694336
batch	8070	valid_loss	44928.5966797
batch	8100	valid_loss	44713.6560059
batch	8130	valid_loss	44606.8620605
batch	8160	valid_loss	44540.5571289
batch	8190	valid_loss	44731.4133301
batch	8220	valid_loss	44547.9719238
batch	8250	valid_loss	44716.1799316
batch	8280	valid_loss	44566.1201172
batch	8310	valid_loss	44578.7609863
batch	8340	valid_loss	44637.0961914
batch	8370	valid_loss	44626.7419434
batch	8400	valid_loss	44487.6013184
batch	8430	valid_loss	44810.1567383
batch	8460	valid_loss	44461.3569336
batch	8490	valid_loss	44501.1882324
batch	8520	valid_loss	44477.6230469
batch	8550	valid_loss	44466.677002
batch	8580	valid_loss	44382.2788086
batch	8610	valid_loss	44541.776123
batch	8640	valid_loss	44332.0563965
batch	8670	valid_loss	44553.270752
batch	8700	valid_loss	44489.782959
batch	8730	valid_loss	44337.5795898
batch	8760	valid_loss	44316.2329102
batch	8790	valid_loss	44273.1044922
batch	8820	valid_loss	44328.8078613
batch	8850	valid_loss	44209.8762207
batch	8880	valid_loss	44255.5698242
batch	8910	valid_loss	44340.4187012
batch	8940	valid_loss	44420.1621094
batch	8970	valid_loss	44284.2741699
batch	9000	valid_loss	44358.3918457
batch	9030	valid_loss	44141.0766602
batch	9060	valid_loss	44195.9106445
batch	9090	valid_loss	44197.9372559
batch	9120	valid_loss	44310.527832
batch	9150	valid_loss	44162.0480957
batch	9180	valid_loss	44130.6914062
batch	9210	valid_loss	44221.5737305
batch	9240	valid_loss	44232.3415527
batch	9270	valid_loss	44200.604248
batch	9300	valid_loss	44229.2687988
batch	9330	valid_loss	44325.7370605
batch	9360	valid_loss	44095.5720215
batch	9390	valid_loss	44078.2509766
batch	9420	valid_loss	44047.1032715
batch	9450	valid_loss	44000.6088867
batch	9480	valid_loss	44027.2055664
batch	9510	valid_loss	43964.1767578
batch	9540	valid_loss	44017.7180176
batch	9570	valid_loss	43990.9453125
batch	9600	valid_loss	43902.7802734
batch	9630	valid_loss	44040.0712891
batch	9660	valid_loss	44003.3637695
batch	9690	valid_loss	44011.1083984
batch	9720	valid_loss	43889.4538574
batch	9750	valid_loss	44054.921875
batch	9780	valid_loss	43911.3737793
batch	9810	valid_loss	43872.7399902
batch	9840	valid_loss	43964.9187012
batch	9870	valid_loss	44009.7736816
batch	9900	valid_loss	44114.2145996
batch	9930	valid_loss	43927.5444336
batch	9960	valid_loss	43918.8046875
batch	9990	valid_loss	44108.4729004
batch	10020	valid_loss	43818.4384766
batch	10050	valid_loss	43926.8393555
batch	10080	valid_loss	43894.784668
batch	10110	valid_loss	43893.2199707
batch	10140	valid_loss	43834.0593262
batch	10170	valid_loss	43998.9758301
batch	10200	valid_loss	43801.3825684
batch	10230	valid_loss	43901.9299316
batch	10260	valid_loss	43919.7397461
batch	10290	valid_loss	43794.3442383
batch	10320	valid_loss	43761.7248535
batch	10350	valid_loss	43980.8161621
batch	10380	valid_loss	43794.3769531
batch	10410	valid_loss	43672.4074707
batch	10440	valid_loss	43711.9267578
batch	10470	valid_loss	43788.871582
batch	10500	valid_loss	43744.4248047
batch	10530	valid_loss	43735.2641602
batch	10560	valid_loss	43811.4609375
batch	10590	valid_loss	43653.5493164
batch	10620	valid_loss	43803.0378418
batch	10650	valid_loss	43773.2199707
batch	10680	valid_loss	43833.7216797
batch	10710	valid_loss	43815.604248
batch	10740	valid_loss	43631.9914551
batch	10770	valid_loss	43741.0100098
batch	10800	valid_loss	43719.8466797
batch	10830	valid_loss	43729.0219727
batch	10860	valid_loss	43581.0915527
batch	10890	valid_loss	43697.6025391
batch	10920	valid_loss	43736.371582
batch	10950	valid_loss	43593.4509277
batch	10980	valid_loss	43645.4455566
batch	11010	valid_loss	43578.6940918
batch	11040	valid_loss	43676.5498047
batch	11070	valid_loss	43595.4099121
batch	11100	valid_loss	43657.5632324
batch	11130	valid_loss	43752.9575195
batch	11160	valid_loss	43511.0019531
batch	11190	valid_loss	43767.1374512
batch	11220	valid_loss	43571.7663574
batch	11250	valid_loss	43588.862793
batch	11280	valid_loss	43543.0231934
batch	11310	valid_loss	43625.253418
batch	11340	valid_loss	43508.1835938
batch	11370	valid_loss	43488.6193848
batch	11400	valid_loss	43583.7148438
batch	11430	valid_loss	43647.4838867
batch	11460	valid_loss	43557.5900879
batch	11490	valid_loss	43639.0852051
batch	11520	valid_loss	43589.9467773
batch	11550	valid_loss	43398.3615723
batch	11580	valid_loss	43474.9892578
batch	11610	valid_loss	43520.0119629
batch	11640	valid_loss	43462.0969238
batch	11670	valid_loss	43479.1513672
batch	11700	valid_loss	43512.2744141
batch	11730	valid_loss	43592.1728516
batch	11760	valid_loss	43430.2766113
batch	11790	valid_loss	43453.9975586
batch	11820	valid_loss	43693.3615723
batch	11850	valid_loss	43429.5837402
batch	11880	valid_loss	43382.8498535
batch	11910	valid_loss	43614.6013184
batch	11940	valid_loss	43417.7492676
batch	11970	valid_loss	43260.458252
batch	12000	valid_loss	43497.5073242
batch	12030	valid_loss	43442.0327148
batch	12060	valid_loss	43364.1494141
batch	12090	valid_loss	43360.1630859
batch	12120	valid_loss	43449.6748047
batch	12150	valid_loss	43343.9780273
batch	12180	valid_loss	43423.6186523
batch	12210	valid_loss	43451.2321777
batch	12240	valid_loss	43445.7253418
batch	12270	valid_loss	43466.7009277
batch	12300	valid_loss	43331.5197754
batch	12330	valid_loss	43364.3410645
batch	12360	valid_loss	43377.8955078
batch	12390	valid_loss	43438.9655762
batch	12420	valid_loss	43262.9528809
batch	12450	valid_loss	43422.7763672
batch	12480	valid_loss	43355.4038086
batch	12510	valid_loss	43247.3850098
batch	12540	valid_loss	43326.1796875
batch	12570	valid_loss	43295.1496582
batch	12600	valid_loss	43317.9655762
batch	12630	valid_loss	43451.5612793
batch	12660	valid_loss	43319.128418
batch	12690	valid_loss	43304.3552246
batch	12720	valid_loss	43194.5046387
batch	12750	valid_loss	43330.6257324
batch	12780	valid_loss	43276.9267578
batch	12810	valid_loss	43205.8483887
batch	12840	valid_loss	43255.1831055
batch	12870	valid_loss	43369.2380371
batch	12900	valid_loss	43220.1337891
batch	12930	valid_loss	43169.5209961
batch	12960	valid_loss	43223.4470215
batch	12990	valid_loss	43306.2106934
batch	13020	valid_loss	43197.5183105
batch	13050	valid_loss	43401.5
batch	13080	valid_loss	43277.0244141
batch	13110	valid_loss	43086.1169434
batch	13140	valid_loss	43120.3557129
batch	13170	valid_loss	43313.763916
batch	13200	valid_loss	43146.9157715
batch	13230	valid_loss	43140.5537109
batch	13260	valid_loss	43337.859375
batch	13290	valid_loss	43260.581543
batch	13320	valid_loss	43172.607666
batch	13350	valid_loss	43152.9423828
batch	13380	valid_loss	43267.0322266
batch	13410	valid_loss	43132.3586426
batch	13440	valid_loss	43089.0620117
batch	13470	valid_loss	43133.9208984
batch	13500	valid_loss	43175.0043945
batch	13530	valid_loss	43024.1210938
batch	13560	valid_loss	43174.8093262
batch	13590	valid_loss	43178.5541992
batch	13620	valid_loss	43086.1401367
batch	13650	valid_loss	43097.6225586
batch	13680	valid_loss	43238.8625488
batch	13710	valid_loss	43048.7963867
batch	13740	valid_loss	43166.260498
batch	13770	valid_loss	43166.4365234
batch	13800	valid_loss	43101.5827637
batch	13830	valid_loss	43173.2431641
batch	13860	valid_loss	43005.9970703
batch	13890	valid_loss	43182.8181152
batch	13920	valid_loss	43107.9555664
batch	13950	valid_loss	43173.9899902
batch	13980	valid_loss	43050.5192871
batch	14010	valid_loss	43123.3188477
batch	14040	valid_loss	43001.2268066
batch	14070	valid_loss	42993.5771484
batch	14100	valid_loss	43024.8532715
batch	14130	valid_loss	43118.6259766
batch	14160	valid_loss	42934.7529297
batch	14190	valid_loss	43102.263916
batch	14220	valid_loss	43076.4221191
batch	14250	valid_loss	43049.6125488
batch	14280	valid_loss	42962.1682129
batch	14310	valid_loss	43087.6206055
batch	14340	valid_loss	43066.2382812
batch	14370	valid_loss	42973.7565918
batch	14400	valid_loss	43059.9765625
batch	14430	valid_loss	43008.3273926
batch	14460	valid_loss	42874.8508301
batch	14490	valid_loss	42928.5854492
batch	14520	valid_loss	42978.7202148
batch	14550	valid_loss	43066.8276367
batch	14580	valid_loss	42934.3088379
batch	14610	valid_loss	43153.6777344
batch	14640	valid_loss	42908.5446777
batch	14670	valid_loss	42993.6931152
batch	14700	valid_loss	42914.1884766
batch	14730	valid_loss	42951.5385742
batch	14760	valid_loss	42906.6137695
batch	14790	valid_loss	42892.6535645
batch	14820	valid_loss	43067.4807129
batch	14850	valid_loss	43000.6838379
batch	14880	valid_loss	42956.0100098
batch	14910	valid_loss	42884.5212402
batch	14940	valid_loss	42918.8708496
batch	14970	valid_loss	42947.0686035
batch	15000	valid_loss	42809.1088867
batch	15030	valid_loss	42886.8144531
batch	15060	valid_loss	42831.387207
batch	15090	valid_loss	42771.3212891
batch	15120	valid_loss	42882.9233398
batch	15150	valid_loss	42922.4099121
batch	15180	valid_loss	42845.3588867
batch	15210	valid_loss	42835.9628906
batch	15240	valid_loss	43117.0720215
batch	15270	valid_loss	42785.5917969
batch	15300	valid_loss	42993.9313965
batch	15330	valid_loss	42917.8762207
batch	15360	valid_loss	42784.4680176
batch	15390	valid_loss	42743.6860352
batch	15420	valid_loss	42708.6394043
batch	15450	valid_loss	42895.6982422
batch	15480	valid_loss	42824.0466309
batch	15510	valid_loss	42914.8303223
batch	15540	valid_loss	42779.0549316
batch	15570	valid_loss	42772.9311523
batch	15600	valid_loss	42756.7392578
batch	15630	valid_loss	42738.5898438
batch	15660	valid_loss	42783.2558594
batch	15690	valid_loss	42741.2492676
batch	15720	valid_loss	42651.9338379
batch	15750	valid_loss	42772.0893555
batch	15780	valid_loss	42792.7875977
batch	15810	valid_loss	42841.2011719
batch	15840	valid_loss	42706.5983887
batch	15870	valid_loss	42928.5771484
batch	15900	valid_loss	42657.4560547
batch	15930	valid_loss	42759.2897949
batch	15960	valid_loss	42822.3994141
batch	15990	valid_loss	42679.3737793
batch	16020	valid_loss	42575.1630859
batch	16050	valid_loss	42656.4050293
batch	16080	valid_loss	42705.4309082
batch	16110	valid_loss	42779.8706055
batch	16140	valid_loss	42631.8447266
batch	16170	valid_loss	42898.045166
batch	16200	valid_loss	42645.4372559
batch	16230	valid_loss	42654.3266602
batch	16260	valid_loss	42588.4780273
batch	16290	valid_loss	42662.3510742
batch	16320	valid_loss	42598.109375
batch	16350	valid_loss	42564.4909668
batch	16380	valid_loss	42755.5085449
batch	16410	valid_loss	42695.1933594
batch	16440	valid_loss	42711.6989746
batch	16470	valid_loss	42571.880127
batch	16500	valid_loss	42677.796875
batch	16530	valid_loss	42560.456543
batch	16560	valid_loss	42480.6279297
batch	16590	valid_loss	42597.7036133
batch	16620	valid_loss	42528.7456055
batch	16650	valid_loss	42472.0136719
batch	16680	valid_loss	42550.4794922
batch	16710	valid_loss	42614.4951172
batch	16740	valid_loss	42554.7929688
batch	16770	valid_loss	42535.3811035
batch	16800	valid_loss	42869.8237305
batch	16830	valid_loss	42475.5085449
batch	16860	valid_loss	42620.2644043
batch	16890	valid_loss	42532.7148438
batch	16920	valid_loss	42456.8168945
batch	16950	valid_loss	42423.2663574
batch	16980	valid_loss	42379.7746582
batch	17010	valid_loss	42532.5888672
batch	17040	valid_loss	42484.0917969
batch	17070	valid_loss	42565.5361328
batch	17100	valid_loss	42460.0107422
batch	17130	valid_loss	42509.135498
batch	17160	valid_loss	42403.6276855
batch	17190	valid_loss	42387.9624023
batch	17220	valid_loss	42409.7609863
batch	17250	valid_loss	42386.3571777
batch	17280	valid_loss	42323.7106934
batch	17310	valid_loss	42432.9628906
batch	17340	valid_loss	42478.9055176
batch	17370	valid_loss	42547.5461426
batch	17400	valid_loss	42381.6679688
batch	17430	valid_loss	42648.7927246
batch	17460	valid_loss	42297.6799316
batch	17490	valid_loss	42411.4521484
batch	17520	valid_loss	42451.8681641
batch	17550	valid_loss	42346.8847656
batch	17580	valid_loss	42241.4257812
batch	17610	valid_loss	42309.8862305
batch	17640	valid_loss	42397.2702637
batch	17670	valid_loss	42416.2983398
batch	17700	valid_loss	42276.4675293
batch	17730	valid_loss	42511.78125
batch	17760	valid_loss	42358.0639648
batch	17790	valid_loss	42305.296875
batch	17820	valid_loss	42196.4418945
batch	17850	valid_loss	42285.3344727
batch	17880	valid_loss	42203.8493652
batch	17910	valid_loss	42159.1225586
batch	17940	valid_loss	42366.6564941
batch	17970	valid_loss	42334.1811523
batch	18000	valid_loss	42390.7978516
batch	18030	valid_loss	42198.0256348
batch	18060	valid_loss	42302.4711914
batch	18090	valid_loss	42172.8283691
batch	18120	valid_loss	42105.3415527
batch	18150	valid_loss	42238.3249512
batch	18180	valid_loss	42119.8271484
batch	18210	valid_loss	42079.6762695
batch	18240	valid_loss	42167.3776855
batch	18270	valid_loss	42215.871582
batch	18300	valid_loss	42183.6916504
batch	18330	valid_loss	42131.984375
batch	18360	valid_loss	42439.7260742
batch	18390	valid_loss	42114.5959473
batch	18420	valid_loss	42195.0102539
batch	18450	valid_loss	42106.1252441
batch	18480	valid_loss	42040.1481934
batch	18510	valid_loss	42011.0593262
batch	18540	valid_loss	41984.3164062
batch	18570	valid_loss	42128.7160645
batch	18600	valid_loss	42091.6520996
batch	18630	valid_loss	42168.3615723
batch	18660	valid_loss	42046.4155273
batch	18690	valid_loss	42105.1240234
batch	18720	valid_loss	42033.1335449
batch	18750	valid_loss	41951.7399902
batch	18780	valid_loss	42002.5310059
batch	18810	valid_loss	41923.7565918
batch	18840	valid_loss	41902.5627441
batch	18870	valid_loss	42026.7131348
batch	18900	valid_loss	42098.8518066
batch	18930	valid_loss	42195.5043945
batch	18960	valid_loss	41974.6845703
batch	18990	valid_loss	42216.2565918
batch	19020	valid_loss	41901.6936035
batch	19050	valid_loss	41932.0644531
batch	19080	valid_loss	42010.9658203
batch	19110	valid_loss	41932.0048828
batch	19140	valid_loss	41806.1791992
batch	19170	valid_loss	41864.6616211
batch	19200	valid_loss	41960.7990723
batch	19230	valid_loss	41969.3532715
batch	19260	valid_loss	41840.5908203
batch	19290	valid_loss	41945.5690918
batch	19320	valid_loss	41899.3269043
batch	19350	valid_loss	41994.9799805
batch	19380	valid_loss	41713.7561035
batch	19410	valid_loss	41805.5388184
batch	19440	valid_loss	41726.3256836
batch	19470	valid_loss	41696.6525879
batch	19500	valid_loss	41934.2141113
batch	19530	valid_loss	41878.8300781
batch	19560	valid_loss	41980.923584
batch	19590	valid_loss	41737.0524902
batch	19620	valid_loss	41788.8850098
batch	19650	valid_loss	41740.6906738
batch	19680	valid_loss	41620.076416
batch	19710	valid_loss	41766.9155273
batch	19740	valid_loss	41630.3842773
batch	19770	valid_loss	41590.3186035
batch	19800	valid_loss	41715.6208496
batch	19830	valid_loss	41714.536377
batch	19860	valid_loss	41676.4133301
batch	19890	valid_loss	41621.7961426
batch	19920	valid_loss	41826.7819824
batch	19950	valid_loss	41609.8161621
batch	19980	valid_loss	41728.4003906
batch	20010	valid_loss	41614.2404785
batch	20040	valid_loss	41508.9743652
batch	20070	valid_loss	41519.5483398
batch	20100	valid_loss	41499.9753418
batch	20130	valid_loss	41665.3591309
batch	20160	valid_loss	41568.4692383
batch	20190	valid_loss	41692.6789551
batch	20220	valid_loss	41506.5068359
batch	20250	valid_loss	41516.2219238
batch	20280	valid_loss	41504.9785156
batch	20310	valid_loss	41408.0744629
batch	20340	valid_loss	41476.5039062
batch	20370	valid_loss	41378.4765625
batch	20400	valid_loss	41342.3242188
batch	20430	valid_loss	41479.0603027
batch	20460	valid_loss	41518.9487305
batch	20490	valid_loss	41575.7553711
batch	20520	valid_loss	41378.5783691
batch	20550	valid_loss	41572.1254883
batch	20580	valid_loss	41360.8330078
batch	20610	valid_loss	41316.5305176
batch	20640	valid_loss	41439.2749023
batch	20670	valid_loss	41314.2568359
batch	20700	valid_loss	41235.5080566
batch	20730	valid_loss	41265.5429688
batch	20760	valid_loss	41306.5595703
batch	20790	valid_loss	41335.8225098
batch	20820	valid_loss	41281.9978027
batch	20850	valid_loss	41279.9536133
batch	20880	valid_loss	41234.5917969
batch	20910	valid_loss	41448.5578613
batch	20940	valid_loss	41094.0170898
batch	20970	valid_loss	41194.8266602
batch	21000	valid_loss	41078.9152832
batch	21030	valid_loss	41067.4331055
batch	21060	valid_loss	41343.2932129
batch	21090	valid_loss	41227.3254395
batch	21120	valid_loss	41294.9816895
batch	21150	valid_loss	41052.2351074
batch	21180	valid_loss	41118.2177734
batch	21210	valid_loss	41100.2661133
batch	21240	valid_loss	40952.704834
batch	21270	valid_loss	41136.9550781
batch	21300	valid_loss	40958.7668457
batch	21330	valid_loss	40898.8771973
batch	21360	valid_loss	41031.3881836
batch	21390	valid_loss	41037.755127
batch	21420	valid_loss	40975.7028809
batch	21450	valid_loss	41035.6025391
batch	21480	valid_loss	41047.1323242
batch	21510	valid_loss	40959.927002
batch	21540	valid_loss	41172.6411133
batch	21570	valid_loss	40904.3022461
batch	21600	valid_loss	40850.2790527
batch	21630	valid_loss	40826.0302734
batch	21660	valid_loss	40801.576416
batch	21690	valid_loss	40993.8237305
batch	21720	valid_loss	40894.4760742
batch	21750	valid_loss	40811.8291016
batch	21780	valid_loss	40762.432373
batch	21810	valid_loss	40731.5649414
batch	21840	valid_loss	40725.9501953
batch	21870	valid_loss	40781.1149902
batch	21900	valid_loss	40670.4003906
batch	21930	valid_loss	40693.2282715
batch	21960	valid_loss	40597.5134277
batch	21990	valid_loss	40853.9226074
batch	22020	valid_loss	40745.3110352
batch	22050	valid_loss	40606.2456055
batch	22080	valid_loss	40632.9621582
batch	22110	valid_loss	40728.0117188
batch	22140	valid_loss	40587.6955566
batch	22170	valid_loss	40536.9274902
batch	22200	valid_loss	40600.314209
batch	22230	valid_loss	40569.9372559
batch	22260	valid_loss	40470.800293
batch	22290	valid_loss	40513.2263184
batch	22320	valid_loss	40613.6767578
batch	22350	valid_loss	40496.0639648
batch	22380	valid_loss	40501.1184082
batch	22410	valid_loss	40508.7683105
batch	22440	valid_loss	40420.9023438
batch	22470	valid_loss	40478.6501465
batch	22500	valid_loss	40435.486084
batch	22530	valid_loss	40438.9155273
batch	22560	valid_loss	40307.4599609
batch	22590	valid_loss	40286.8835449
batch	22620	valid_loss	40382.1289062
batch	22650	valid_loss	40453.0332031
batch	22680	valid_loss	40370.8369141
batch	22710	valid_loss	40256.2419434
batch	22740	valid_loss	40316.8994141
batch	22770	valid_loss	40269.3071289
batch	22800	valid_loss	40151.8769531
batch	22830	valid_loss	40305.3837891
batch	22860	valid_loss	40213.5849609
batch	22890	valid_loss	40072.484375
batch	22920	valid_loss	40367.9875488
batch	22950	valid_loss	40260.6694336
batch	22980	valid_loss	40203.2314453
batch	23010	valid_loss	40205.4626465
batch	23040	valid_loss	40196.5014648
batch	23070	valid_loss	40120.2634277
batch	23100	valid_loss	40174.8757324
batch	23130	valid_loss	40176.4089355
batch	23160	valid_loss	39998.3193359
batch	23190	valid_loss	40018.2470703
batch	23220	valid_loss	39978.8781738
batch	23250	valid_loss	40172.3762207
batch	23280	valid_loss	39999.6789551
batch	23310	valid_loss	39969.5683594
batch	23340	valid_loss	39942.4750977
batch	23370	valid_loss	39921.1171875
batch	23400	valid_loss	39871.2163086
batch	23430	valid_loss	39906.916748
batch	23460	valid_loss	39907.470459
batch	23490	valid_loss	39886.0341797
batch	23520	valid_loss	39743.0759277
batch	23550	valid_loss	39995.8134766
batch	23580	valid_loss	39920.921875
batch	23610	valid_loss	39773.9511719
batch	23640	valid_loss	39807.5856934
batch	23670	valid_loss	39918.5234375
batch	23700	valid_loss	39756.8371582
batch	23730	valid_loss	39683.8076172
batch	23760	valid_loss	39813.5859375
batch	23790	valid_loss	39677.2023926
batch	23820	valid_loss	39599.0693359
batch	23850	valid_loss	39665.434082
batch	23880	valid_loss	39777.8195801
batch	23910	valid_loss	39651.7993164
batch	23940	valid_loss	39639.5473633
batch	23970	valid_loss	39684.5048828
batch	24000	valid_loss	39613.0039062
batch	24030	valid_loss	39600.5202637
batch	24060	valid_loss	39532.0949707
batch	24090	valid_loss	39569.3945312
batch	24120	valid_loss	39438.4958496
batch	24150	valid_loss	39454.3010254
batch	24180	valid_loss	39535.2626953
batch	24210	valid_loss	39598.1628418
batch	24240	valid_loss	39513.6577148
batch	24270	valid_loss	39391.473877
batch	24300	valid_loss	39476.9760742
batch	24330	valid_loss	39396.9536133
batch	24360	valid_loss	39276.2851562
batch	24390	valid_loss	39450.8959961
batch	24420	valid_loss	39315.5114746
batch	24450	valid_loss	39174.15625
batch	24480	valid_loss	39425.1472168
batch	24510	valid_loss	39384.5917969
batch	24540	valid_loss	39325.9870605
batch	24570	valid_loss	39351.3308105
batch	24600	valid_loss	39380.1708984
batch	24630	valid_loss	39284.7641602
batch	24660	valid_loss	39270.2614746
batch	24690	valid_loss	39267.1159668
batch	24720	valid_loss	39121.1774902
batch	24750	valid_loss	39098.1799316
batch	24780	valid_loss	39110.324707
batch	24810	valid_loss	39350.3459473
batch	24840	valid_loss	39143.2185059
batch	24870	valid_loss	39092.1328125
batch	24900	valid_loss	39065.8781738
batch	24930	valid_loss	39052.9846191
batch	24960	valid_loss	38970.7275391
batch	24990	valid_loss	38988.6435547
STOP
